execve("/usr/sbin/fanctrl", ["/usr/sbin/fanctrl", "-setfanpwm", "0", "90"], 0x7fff916ae928 /* 23 vars */) = 0
brk(NULL)                               = 0x2247000
readlink("/usr/sbin/fanctrl", 0x7fff9e5cffe0, 4096) = -1 EINVAL (Invalid argument)
open(".", O_RDONLY)                     = 3
chdir("/usr/sbin/")                     = 0
getcwd("/usr/sbin", 4096)               = 10
fchdir(3)                               = 0
close(3)                                = 0
mmap(NULL, 4096, PROT_READ|PROT_WRITE, MAP_PRIVATE|MAP_ANONYMOUS, -1, 0) = 0x7f9779cf9000
access("/etc/ld.so.preload", R_OK)      = -1 ENOENT (No such file or directory)
open("/etc/ld.so.cache", O_RDONLY|O_CLOEXEC) = 3
fstat(3, {st_mode=S_IFREG|0644, st_size=33541, ...}) = 0
mmap(NULL, 33541, PROT_READ, MAP_PRIVATE, 3, 0) = 0x7f9779cf0000
close(3)                                = 0
open("/usr/lib/libnhal.so", O_RDONLY|O_CLOEXEC) = 3
read(3, "\177ELF\2\1\1\0\0\0\0\0\0\0\0\0\3\0>\0\1\0\0\0\2401\0\0\0\0\0\0"..., 832) = 832
fstat(3, {st_mode=S_IFREG|0644, st_size=41576, ...}) = 0
mmap(NULL, 2136784, PROT_READ|PROT_EXEC, MAP_PRIVATE|MAP_DENYWRITE, 3, 0) = 0x7f97798d0000
mprotect(0x7f97798da000, 2093056, PROT_NONE) = 0
mmap(0x7f9779ad9000, 4096, PROT_READ|PROT_WRITE, MAP_PRIVATE|MAP_FIXED|MAP_DENYWRITE, 3, 0x9000) = 0x7f9779ad9000
close(3)                                = 0
open("/lib64/libc.so.6", O_RDONLY|O_CLOEXEC) = 3
read(3, "\177ELF\2\1\1\0\0\0\0\0\0\0\0\0\3\0>\0\1\0\0\0\340\1\2\0\0\0\0\0"..., 832) = 832
fstat(3, {st_mode=S_IFREG|0555, st_size=1679912, ...}) = 0
mmap(NULL, 3791936, PROT_READ|PROT_EXEC, MAP_PRIVATE|MAP_DENYWRITE, 3, 0) = 0x7f9779532000
mprotect(0x7f97796c6000, 2097152, PROT_NONE) = 0
mmap(0x7f97798c6000, 24576, PROT_READ|PROT_WRITE, MAP_PRIVATE|MAP_FIXED|MAP_DENYWRITE, 3, 0x194000) = 0x7f97798c6000
mmap(0x7f97798cc000, 15424, PROT_READ|PROT_WRITE, MAP_PRIVATE|MAP_FIXED|MAP_ANONYMOUS, -1, 0) = 0x7f97798cc000
close(3)                                = 0
open("/usr/lib/libgeneral.so", O_RDONLY|O_CLOEXEC) = 3
read(3, "\177ELF\2\1\1\0\0\0\0\0\0\0\0\0\3\0>\0\1\0\0\0\300\327\1\0\0\0\0\0"..., 832) = 832
fstat(3, {st_mode=S_IFREG|0644, st_size=607600, ...}) = 0
mmap(NULL, 4096, PROT_READ|PROT_WRITE, MAP_PRIVATE|MAP_ANONYMOUS, -1, 0) = 0x7f9779cef000
mmap(NULL, 2707168, PROT_READ|PROT_EXEC, MAP_PRIVATE|MAP_DENYWRITE, 3, 0) = 0x7f977929d000
mprotect(0x7f977932f000, 2093056, PROT_NONE) = 0
mmap(0x7f977952e000, 12288, PROT_READ|PROT_WRITE, MAP_PRIVATE|MAP_FIXED|MAP_DENYWRITE, 3, 0x91000) = 0x7f977952e000
mmap(0x7f9779531000, 3808, PROT_READ|PROT_WRITE, MAP_PRIVATE|MAP_FIXED|MAP_ANONYMOUS, -1, 0) = 0x7f9779531000
close(3)                                = 0
open("/usr/lib/libnasman.so", O_RDONLY|O_CLOEXEC) = 3
read(3, "\177ELF\2\1\1\0\0\0\0\0\0\0\0\0\3\0>\0\1\0\0\0\300\336\1\0\0\0\0\0"..., 832) = 832
fstat(3, {st_mode=S_IFREG|0644, st_size=495880, ...}) = 0
mmap(NULL, 2591072, PROT_READ|PROT_EXEC, MAP_PRIVATE|MAP_DENYWRITE, 3, 0) = 0x7f9779024000
mprotect(0x7f977909a000, 2097152, PROT_NONE) = 0
mmap(0x7f977929a000, 12288, PROT_READ|PROT_WRITE, MAP_PRIVATE|MAP_FIXED|MAP_DENYWRITE, 3, 0x76000) = 0x7f977929a000
close(3)                                = 0
open("/usr/lib/libgeneraldrv.so", O_RDONLY|O_CLOEXEC) = 3
read(3, "\177ELF\2\1\1\0\0\0\0\0\0\0\0\0\3\0>\0\1\0\0\0\320\26\0\0\0\0\0\0"..., 832) = 832
fstat(3, {st_mode=S_IFREG|0644, st_size=31616, ...}) = 0
mmap(NULL, 2127904, PROT_READ|PROT_EXEC, MAP_PRIVATE|MAP_DENYWRITE, 3, 0) = 0x7f9778e1c000
mprotect(0x7f9778e23000, 2097152, PROT_NONE) = 0
mmap(0x7f9779023000, 4096, PROT_READ|PROT_WRITE, MAP_PRIVATE|MAP_FIXED|MAP_DENYWRITE, 3, 0x7000) = 0x7f9779023000
close(3)                                = 0
open("/usr/lib/libce5300drv.so", O_RDONLY|O_CLOEXEC) = 3
read(3, "\177ELF\2\1\1\0\0\0\0\0\0\0\0\0\3\0>\0\1\0\0\0\340\f\0\0\0\0\0\0"..., 832) = 832
fstat(3, {st_mode=S_IFREG|0644, st_size=10888, ...}) = 0
mmap(NULL, 4096, PROT_READ|PROT_WRITE, MAP_PRIVATE|MAP_ANONYMOUS, -1, 0) = 0x7f9779cee000
mmap(NULL, 2106088, PROT_READ|PROT_EXEC, MAP_PRIVATE|MAP_DENYWRITE, 3, 0) = 0x7f9778c19000
mprotect(0x7f9778c1b000, 2097152, PROT_NONE) = 0
mmap(0x7f9778e1b000, 4096, PROT_READ|PROT_WRITE, MAP_PRIVATE|MAP_FIXED|MAP_DENYWRITE, 3, 0x2000) = 0x7f9778e1b000
close(3)                                = 0
open("/usr/lib/libcedarview.so", O_RDONLY|O_CLOEXEC) = 3
read(3, "\177ELF\2\1\1\0\0\0\0\0\0\0\0\0\3\0>\0\1\0\0\0\360\n\0\0\0\0\0\0"..., 832) = 832
fstat(3, {st_mode=S_IFREG|0644, st_size=9936, ...}) = 0
mmap(NULL, 2105136, PROT_READ|PROT_EXEC, MAP_PRIVATE|MAP_DENYWRITE, 3, 0) = 0x7f9778a17000
mprotect(0x7f9778a19000, 2093056, PROT_NONE) = 0
mmap(0x7f9778c18000, 4096, PROT_READ|PROT_WRITE, MAP_PRIVATE|MAP_FIXED|MAP_DENYWRITE, 3, 0x1000) = 0x7f9778c18000
close(3)                                = 0
open("/usr/lib/libmarvell.so", O_RDONLY|O_CLOEXEC) = 3
read(3, "\177ELF\2\1\1\0\0\0\0\0\0\0\0\0\3\0>\0\1\0\0\0p\22\0\0\0\0\0\0"..., 832) = 832
fstat(3, {st_mode=S_IFREG|0644, st_size=16472, ...}) = 0
mmap(NULL, 2111672, PROT_READ|PROT_EXEC, MAP_PRIVATE|MAP_DENYWRITE, 3, 0) = 0x7f9778813000
mprotect(0x7f9778817000, 2093056, PROT_NONE) = 0
mmap(0x7f9778a16000, 4096, PROT_READ|PROT_WRITE, MAP_PRIVATE|MAP_FIXED|MAP_DENYWRITE, 3, 0x3000) = 0x7f9778a16000
close(3)                                = 0
open("/lib64/libpthread.so.0", O_RDONLY|O_CLOEXEC) = 3
read(3, "\177ELF\2\1\1\0\0\0\0\0\0\0\0\0\3\0>\0\1\0\0\0@r\0\0\0\0\0\0"..., 832) = 832
fstat(3, {st_mode=S_IFREG|0555, st_size=101640, ...}) = 0
mmap(NULL, 4096, PROT_READ|PROT_WRITE, MAP_PRIVATE|MAP_ANONYMOUS, -1, 0) = 0x7f9779ced000
mmap(NULL, 2213008, PROT_READ|PROT_EXEC, MAP_PRIVATE|MAP_DENYWRITE, 3, 0) = 0x7f97785f6000
mprotect(0x7f977860e000, 2093056, PROT_NONE) = 0
mmap(0x7f977880d000, 8192, PROT_READ|PROT_WRITE, MAP_PRIVATE|MAP_FIXED|MAP_DENYWRITE, 3, 0x17000) = 0x7f977880d000
mmap(0x7f977880f000, 13456, PROT_READ|PROT_WRITE, MAP_PRIVATE|MAP_FIXED|MAP_ANONYMOUS, -1, 0) = 0x7f977880f000
close(3)                                = 0
open("/lib64/librt.so.1", O_RDONLY|O_CLOEXEC) = 3
read(3, "\177ELF\2\1\1\0\0\0\0\0\0\0\0\0\3\0>\0\1\0\0\0\360 \0\0\0\0\0\0"..., 832) = 832
fstat(3, {st_mode=S_IFREG|0555, st_size=31696, ...}) = 0
mmap(NULL, 2128832, PROT_READ|PROT_EXEC, MAP_PRIVATE|MAP_DENYWRITE, 3, 0) = 0x7f97783ee000
mprotect(0x7f97783f5000, 2093056, PROT_NONE) = 0
mmap(0x7f97785f4000, 8192, PROT_READ|PROT_WRITE, MAP_PRIVATE|MAP_FIXED|MAP_DENYWRITE, 3, 0x6000) = 0x7f97785f4000
close(3)                                = 0
open("/lib64/libstdc++.so.6", O_RDONLY|O_CLOEXEC) = 3
read(3, "\177ELF\2\1\1\0\0\0\0\0\0\0\0\0\3\0>\0\1\0\0\0@\307\5\0\0\0\0\0"..., 832) = 832
fstat(3, {st_mode=S_IFREG|0555, st_size=817928, ...}) = 0
mmap(NULL, 2997168, PROT_READ|PROT_EXEC, MAP_PRIVATE|MAP_DENYWRITE, 3, 0) = 0x7f9778112000
mprotect(0x7f97781d0000, 2097152, PROT_NONE) = 0
mmap(0x7f97783d0000, 40960, PROT_READ|PROT_WRITE, MAP_PRIVATE|MAP_FIXED|MAP_DENYWRITE, 3, 0xbe000) = 0x7f97783d0000
mmap(0x7f97783da000, 80816, PROT_READ|PROT_WRITE, MAP_PRIVATE|MAP_FIXED|MAP_ANONYMOUS, -1, 0) = 0x7f97783da000
close(3)                                = 0
open("/lib64/libcrypt.so.1", O_RDONLY|O_CLOEXEC) = 3
read(3, "\177ELF\2\1\1\0\0\0\0\0\0\0\0\0\3\0>\0\1\0\0\0p\v\0\0\0\0\0\0"..., 832) = 832
fstat(3, {st_mode=S_IFREG|0555, st_size=35120, ...}) = 0
mmap(NULL, 4096, PROT_READ|PROT_WRITE, MAP_PRIVATE|MAP_ANONYMOUS, -1, 0) = 0x7f9779cec000
mmap(NULL, 2318816, PROT_READ|PROT_EXEC, MAP_PRIVATE|MAP_DENYWRITE, 3, 0) = 0x7f9777edb000
mprotect(0x7f9777ee3000, 2093056, PROT_NONE) = 0
mmap(0x7f97780e2000, 8192, PROT_READ|PROT_WRITE, MAP_PRIVATE|MAP_FIXED|MAP_DENYWRITE, 3, 0x7000) = 0x7f97780e2000
mmap(0x7f97780e4000, 184800, PROT_READ|PROT_WRITE, MAP_PRIVATE|MAP_FIXED|MAP_ANONYMOUS, -1, 0) = 0x7f97780e4000
close(3)                                = 0
open("/usr/lib/libcrypto.so.1.0.0", O_RDONLY|O_CLOEXEC) = 3
read(3, "\177ELF\2\1\1\0\0\0\0\0\0\0\0\0\3\0>\0\1\0\0\0\0\231\6\0\0\0\0\0"..., 832) = 832
fstat(3, {st_mode=S_IFREG|0755, st_size=2626967, ...}) = 0
mmap(NULL, 4456072, PROT_READ|PROT_EXEC, MAP_PRIVATE|MAP_DENYWRITE, 3, 0) = 0x7f9777a9b000
mprotect(0x7f9777cb0000, 2097152, PROT_NONE) = 0
mmap(0x7f9777eb0000, 159744, PROT_READ|PROT_WRITE, MAP_PRIVATE|MAP_FIXED|MAP_DENYWRITE, 3, 0x215000) = 0x7f9777eb0000
mmap(0x7f9777ed7000, 16008, PROT_READ|PROT_WRITE, MAP_PRIVATE|MAP_FIXED|MAP_ANONYMOUS, -1, 0) = 0x7f9777ed7000
mprotect(0x7fff9e5d1000, 4096, PROT_READ|PROT_WRITE|PROT_EXEC|PROT_GROWSDOWN) = 0
close(3)                                = 0
open("/usr/lib/libjson-c.so.2", O_RDONLY|O_CLOEXEC) = 3
read(3, "\177ELF\2\1\1\0\0\0\0\0\0\0\0\0\3\0>\0\1\0\0\0\240(\0\0\0\0\0\0"..., 832) = 832
fstat(3, {st_mode=S_IFREG|0755, st_size=50561, ...}) = 0
mmap(NULL, 2136144, PROT_READ|PROT_EXEC, MAP_PRIVATE|MAP_DENYWRITE, 3, 0) = 0x7f9777891000
mprotect(0x7f977789b000, 2093056, PROT_NONE) = 0
mmap(0x7f9777a9a000, 4096, PROT_READ|PROT_WRITE, MAP_PRIVATE|MAP_FIXED|MAP_DENYWRITE, 3, 0x9000) = 0x7f9777a9a000
close(3)                                = 0
open("/lib64/libgcc_s.so.1", O_RDONLY|O_CLOEXEC) = 3
read(3, "\177ELF\2\1\1\0\0\0\0\0\0\0\0\0\3\0>\0\1\0\0\0\300'\0\0\0\0\0\0"..., 832) = 832
fstat(3, {st_mode=S_IFREG|0444, st_size=69128, ...}) = 0
mmap(NULL, 4096, PROT_READ|PROT_WRITE, MAP_PRIVATE|MAP_ANONYMOUS, -1, 0) = 0x7f9779ceb000
mmap(NULL, 2164840, PROT_READ|PROT_EXEC, MAP_PRIVATE|MAP_DENYWRITE, 3, 0) = 0x7f9777680000
mprotect(0x7f9777691000, 2093056, PROT_NONE) = 0
mmap(0x7f9777890000, 4096, PROT_READ|PROT_WRITE, MAP_PRIVATE|MAP_FIXED|MAP_DENYWRITE, 3, 0x10000) = 0x7f9777890000
close(3)                                = 0
open("/usr/lib/libservice.so", O_RDONLY|O_CLOEXEC) = 3
read(3, "\177ELF\2\1\1\0\0\0\0\0\0\0\0\0\3\0>\0\1\0\0\0\320\354\1\0\0\0\0\0"..., 832) = 832
fstat(3, {st_mode=S_IFREG|0644, st_size=725328, ...}) = 0
mmap(NULL, 2820560, PROT_READ|PROT_EXEC, MAP_PRIVATE|MAP_DENYWRITE, 3, 0) = 0x7f97773cf000
mprotect(0x7f977747e000, 2093056, PROT_NONE) = 0
mmap(0x7f977767d000, 12288, PROT_READ|PROT_WRITE, MAP_PRIVATE|MAP_FIXED|MAP_DENYWRITE, 3, 0xae000) = 0x7f977767d000
close(3)                                = 0
open("/usr/lib/libarchive.so.13", O_RDONLY|O_CLOEXEC) = 3
read(3, "\177ELF\2\1\1\0\0\0\0\0\0\0\0\0\3\0>\0\1\0\0\0000\f\1\0\0\0\0\0"..., 832) = 832
fstat(3, {st_mode=S_IFREG|0755, st_size=722221, ...}) = 0
mmap(NULL, 2742352, PROT_READ|PROT_EXEC, MAP_PRIVATE|MAP_DENYWRITE, 3, 0) = 0x7f9777131000
mprotect(0x7f97771ca000, 2097152, PROT_NONE) = 0
mmap(0x7f97773ca000, 12288, PROT_READ|PROT_WRITE, MAP_PRIVATE|MAP_FIXED|MAP_DENYWRITE, 3, 0x99000) = 0x7f97773ca000
mmap(0x7f97773cd000, 6224, PROT_READ|PROT_WRITE, MAP_PRIVATE|MAP_FIXED|MAP_ANONYMOUS, -1, 0) = 0x7f97773cd000
close(3)                                = 0
open("/usr/lib/libuuid.so.1", O_RDONLY|O_CLOEXEC) = 3
read(3, "\177ELF\2\1\1\0\0\0\0\0\0\0\0\0\3\0>\0\1\0\0\0\300\23\0\0\0\0\0\0"..., 832) = 832
fstat(3, {st_mode=S_IFREG|0755, st_size=19030, ...}) = 0
mmap(NULL, 4096, PROT_READ|PROT_WRITE, MAP_PRIVATE|MAP_ANONYMOUS, -1, 0) = 0x7f9779cea000
mmap(NULL, 2108960, PROT_READ|PROT_EXEC, MAP_PRIVATE|MAP_DENYWRITE, 3, 0) = 0x7f9776f2e000
mprotect(0x7f9776f31000, 2093056, PROT_NONE) = 0
mmap(0x7f9777130000, 4096, PROT_READ|PROT_WRITE, MAP_PRIVATE|MAP_FIXED|MAP_DENYWRITE, 3, 0x2000) = 0x7f9777130000
close(3)                                = 0
open("/lib64/libm.so.6", O_RDONLY|O_CLOEXEC) = 3
read(3, "\177ELF\2\1\1\0\0\0\0\0\0\0\0\0\3\0>\0\1\0\0\0 W\0\0\0\0\0\0"..., 832) = 832
fstat(3, {st_mode=S_IFREG|0555, st_size=1038720, ...}) = 0
mmap(NULL, 3133768, PROT_READ|PROT_EXEC, MAP_PRIVATE|MAP_DENYWRITE, 3, 0) = 0x7f9776c30000
mprotect(0x7f9776d2d000, 2093056, PROT_NONE) = 0
mmap(0x7f9776f2c000, 8192, PROT_READ|PROT_WRITE, MAP_PRIVATE|MAP_FIXED|MAP_DENYWRITE, 3, 0xfc000) = 0x7f9776f2c000
close(3)                                = 0
open("/lib64/libdl.so.2", O_RDONLY|O_CLOEXEC) = 3
read(3, "\177ELF\2\1\1\0\0\0\0\0\0\0\0\0\3\0>\0\1\0\0\0\240\r\0\0\0\0\0\0"..., 832) = 832
fstat(3, {st_mode=S_IFREG|0555, st_size=14688, ...}) = 0
mmap(NULL, 4096, PROT_READ|PROT_WRITE, MAP_PRIVATE|MAP_ANONYMOUS, -1, 0) = 0x7f9779ce9000
mmap(NULL, 2109720, PROT_READ|PROT_EXEC, MAP_PRIVATE|MAP_DENYWRITE, 3, 0) = 0x7f9776a2c000
mprotect(0x7f9776a2e000, 2097152, PROT_NONE) = 0
mmap(0x7f9776c2e000, 8192, PROT_READ|PROT_WRITE, MAP_PRIVATE|MAP_FIXED|MAP_DENYWRITE, 3, 0x2000) = 0x7f9776c2e000
close(3)                                = 0
open("/usr/lib/libgtop-2.0.so.7", O_RDONLY|O_CLOEXEC) = 3
read(3, "\177ELF\2\1\1\0\0\0\0\0\0\0\0\0\3\0>\0\1\0\0\0\20D\0\0\0\0\0\0"..., 832) = 832
fstat(3, {st_mode=S_IFREG|0755, st_size=83798, ...}) = 0
mmap(NULL, 2164808, PROT_READ|PROT_EXEC, MAP_PRIVATE|MAP_DENYWRITE, 3, 0) = 0x7f977681b000
mprotect(0x7f977682b000, 2093056, PROT_NONE) = 0
mmap(0x7f9776a2a000, 8192, PROT_READ|PROT_WRITE, MAP_PRIVATE|MAP_FIXED|MAP_DENYWRITE, 3, 0xf000) = 0x7f9776a2a000
close(3)                                = 0
open("/usr/lib/libcgi.so", O_RDONLY|O_CLOEXEC) = 3
read(3, "\177ELF\2\1\1\0\0\0\0\0\0\0\0\0\3\0>\0\1\0\0\0\20W\0\0\0\0\0\0"..., 832) = 832
fstat(3, {st_mode=S_IFREG|0644, st_size=46304, ...}) = 0
mmap(NULL, 2141424, PROT_READ|PROT_EXEC, MAP_PRIVATE|MAP_DENYWRITE, 3, 0) = 0x7f9776610000
mprotect(0x7f977661b000, 2093056, PROT_NONE) = 0
mmap(0x7f977681a000, 4096, PROT_READ|PROT_WRITE, MAP_PRIVATE|MAP_FIXED|MAP_DENYWRITE, 3, 0xa000) = 0x7f977681a000
close(3)                                = 0
open("/usr/lib/libz.so.1", O_RDONLY|O_CLOEXEC) = 3
read(3, "\177ELF\2\1\1\0\0\0\0\0\0\0\0\0\3\0>\0\1\0\0\0\20!\0\0\0\0\0\0"..., 832) = 832
fstat(3, {st_mode=S_IFREG|0755, st_size=98128, ...}) = 0
mmap(NULL, 4096, PROT_READ|PROT_WRITE, MAP_PRIVATE|MAP_ANONYMOUS, -1, 0) = 0x7f9779ce8000
mmap(NULL, 2185008, PROT_READ|PROT_EXEC, MAP_PRIVATE|MAP_DENYWRITE, 3, 0) = 0x7f97763fa000
mprotect(0x7f9776410000, 2093056, PROT_NONE) = 0
mmap(0x7f977660f000, 4096, PROT_READ|PROT_WRITE, MAP_PRIVATE|MAP_FIXED|MAP_DENYWRITE, 3, 0x15000) = 0x7f977660f000
close(3)                                = 0
open("/asustor/branch3_0_2018_01_29/x64_g1/x64_g1/staging/usr/lib/tls/x86_64/libglib-2.0.so.0", O_RDONLY|O_CLOEXEC) = -1 ENOENT (No such file or directory)
stat("/asustor/branch3_0_2018_01_29/x64_g1/x64_g1/staging/usr/lib/tls/x86_64", 0x7fff9e5cf280) = -1 ENOENT (No such file or directory)
open("/asustor/branch3_0_2018_01_29/x64_g1/x64_g1/staging/usr/lib/tls/libglib-2.0.so.0", O_RDONLY|O_CLOEXEC) = -1 ENOENT (No such file or directory)
stat("/asustor/branch3_0_2018_01_29/x64_g1/x64_g1/staging/usr/lib/tls", 0x7fff9e5cf280) = -1 ENOENT (No such file or directory)
open("/asustor/branch3_0_2018_01_29/x64_g1/x64_g1/staging/usr/lib/x86_64/libglib-2.0.so.0", O_RDONLY|O_CLOEXEC) = -1 ENOENT (No such file or directory)
stat("/asustor/branch3_0_2018_01_29/x64_g1/x64_g1/staging/usr/lib/x86_64", 0x7fff9e5cf280) = -1 ENOENT (No such file or directory)
open("/asustor/branch3_0_2018_01_29/x64_g1/x64_g1/staging/usr/lib/libglib-2.0.so.0", O_RDONLY|O_CLOEXEC) = -1 ENOENT (No such file or directory)
stat("/asustor/branch3_0_2018_01_29/x64_g1/x64_g1/staging/usr/lib", 0x7fff9e5cf280) = -1 ENOENT (No such file or directory)
open("/usr/lib/libglib-2.0.so.0", O_RDONLY|O_CLOEXEC) = 3
read(3, "\177ELF\2\1\1\0\0\0\0\0\0\0\0\0\3\0>\0\1\0\0\0`\227\1\0\0\0\0\0"..., 832) = 832
fstat(3, {st_mode=S_IFREG|0755, st_size=1182091, ...}) = 0
mmap(NULL, 3115392, PROT_READ|PROT_EXEC, MAP_PRIVATE|MAP_DENYWRITE, 3, 0) = 0x7f9776101000
mprotect(0x7f97761f8000, 2097152, PROT_NONE) = 0
mmap(0x7f97763f8000, 8192, PROT_READ|PROT_WRITE, MAP_PRIVATE|MAP_FIXED|MAP_DENYWRITE, 3, 0xf7000) = 0x7f97763f8000
close(3)                                = 0
open("/usr/lib/libiconv.so.2", O_RDONLY|O_CLOEXEC) = 3
read(3, "\177ELF\2\1\1\0\0\0\0\0\0\0\0\0\3\0>\0\1\0\0\0p+\0\0\0\0\0\0"..., 832) = 832
fstat(3, {st_mode=S_IFREG|0644, st_size=1087341, ...}) = 0
mmap(NULL, 4096, PROT_READ|PROT_WRITE, MAP_PRIVATE|MAP_ANONYMOUS, -1, 0) = 0x7f9779ce7000
mmap(NULL, 3131864, PROT_READ|PROT_EXEC, MAP_PRIVATE|MAP_DENYWRITE, 3, 0) = 0x7f9775e04000
mprotect(0x7f9775eff000, 2097152, PROT_NONE) = 0
mmap(0x7f97760ff000, 8192, PROT_READ|PROT_WRITE, MAP_PRIVATE|MAP_FIXED|MAP_DENYWRITE, 3, 0xfb000) = 0x7f97760ff000
close(3)                                = 0
open("/usr/lib/libpcre.so.1", O_RDONLY|O_CLOEXEC) = 3
read(3, "\177ELF\2\1\1\0\0\0\0\0\0\0\0\0\3\0>\0\1\0\0\0\320\23\0\0\0\0\0\0"..., 832) = 832
fstat(3, {st_mode=S_IFREG|0755, st_size=282441, ...}) = 0
mmap(NULL, 2369584, PROT_READ|PROT_EXEC, MAP_PRIVATE|MAP_DENYWRITE, 3, 0) = 0x7f9775bc1000
mprotect(0x7f9775c04000, 2093056, PROT_NONE) = 0
mmap(0x7f9775e03000, 4096, PROT_READ|PROT_WRITE, MAP_PRIVATE|MAP_FIXED|MAP_DENYWRITE, 3, 0x42000) = 0x7f9775e03000
close(3)                                = 0
mmap(NULL, 4096, PROT_READ|PROT_WRITE, MAP_PRIVATE|MAP_ANONYMOUS, -1, 0) = 0x7f9779ce6000
mmap(NULL, 4096, PROT_READ|PROT_WRITE, MAP_PRIVATE|MAP_ANONYMOUS, -1, 0) = 0x7f9779ce5000
mmap(NULL, 8192, PROT_READ|PROT_WRITE, MAP_PRIVATE|MAP_ANONYMOUS, -1, 0) = 0x7f9779ce3000
arch_prctl(ARCH_SET_FS, 0x7f9779ce3780) = 0
mprotect(0x7f97798c6000, 16384, PROT_READ) = 0
mprotect(0x7f977880d000, 4096, PROT_READ) = 0
mprotect(0x7f97785f4000, 4096, PROT_READ) = 0
mprotect(0x7f9776f2c000, 4096, PROT_READ) = 0
mprotect(0x7f97783d0000, 28672, PROT_READ) = 0
mprotect(0x7f97780e2000, 4096, PROT_READ) = 0
mprotect(0x7f9776c2e000, 4096, PROT_READ) = 0
mprotect(0x7f9779cfa000, 4096, PROT_READ) = 0
munmap(0x7f9779cf0000, 33541)           = 0
set_tid_address(0x7f9779ce3a50)         = 6332
set_robust_list(0x7f9779ce3a60, 24)     = 0
rt_sigaction(SIGRTMIN, {sa_handler=0x7f97785fcca0, sa_mask=[], sa_flags=SA_RESTORER|SA_SIGINFO, sa_restorer=0x7f9778606bf0}, NULL, 8) = 0
rt_sigaction(SIGRT_1, {sa_handler=0x7f97785fcd30, sa_mask=[], sa_flags=SA_RESTORER|SA_RESTART|SA_SIGINFO, sa_restorer=0x7f9778606bf0}, NULL, 8) = 0
rt_sigprocmask(SIG_UNBLOCK, [RTMIN RT_1], NULL, 8) = 0
getrlimit(RLIMIT_STACK, {rlim_cur=8192*1024, rlim_max=RLIM64_INFINITY}) = 0
futex(0x7f97783da7e0, FUTEX_WAKE_PRIVATE, 2147483647) = 0
stat("/etc/nas.conf", {st_mode=S_IFREG|0644, st_size=2821, ...}) = 0
open("/etc/nas.conf", O_RDONLY)         = 3
brk(NULL)                               = 0x2247000
brk(0x2268000)                          = 0x2268000
read(3, "[Basic]\nModel = AS-604T\nVersion "..., 2821) = 2821
close(3)                                = 0
stat("/etc/nas.conf", {st_mode=S_IFREG|0644, st_size=2821, ...}) = 0
open("/etc/nas.conf", O_RDONLY)         = 3
read(3, "[Basic]\nModel = AS-604T\nVersion "..., 2821) = 2821
close(3)                                = 0
statfs("/dev/shm/", {f_type=TMPFS_MAGIC, f_bsize=4096, f_blocks=379740, f_bfree=366655, f_bavail=366655, f_files=379740, f_ffree=377017, f_fsid={val=[0, 0]}, f_namelen=255, f_frsize=4096, f_flags=ST_VALID}) = 0
futex(0x7f9778812310, FUTEX_WAKE_PRIVATE, 2147483647) = 0
lstat("/dev/shm/s6oAGi", 0x7fff9e5d0d90) = -1 ENOENT (No such file or directory)
open("/dev/shm/s6oAGi", O_RDWR|O_CREAT|O_EXCL, 01130) = 3
write(3, "\1\0\0\0\0\0\0\0\200\0\0\0\0\0\0\0\0\0\0\0\0\0\0\0\0\0\0\0\0\0\0\0", 32) = 32
mmap(NULL, 32, PROT_READ|PROT_WRITE, MAP_SHARED, 3, 0) = 0x7f9779cf8000
link("/dev/shm/s6oAGi", "/dev/shm/sem.HW_SEMAPHORE_IT87XX") = -1 EEXIST (File exists)
munmap(0x7f9779cf8000, 32)              = 0
unlink("/dev/shm/s6oAGi")               = 0
close(3)                                = 0
open("/dev/shm/sem.HW_SEMAPHORE_IT87XX", O_RDWR|O_NOFOLLOW) = 3
fstat(3, {st_mode=S_IFREG|S_ISVTX|0130, st_size=32, ...}) = 0
mmap(NULL, 32, PROT_READ|PROT_WRITE, MAP_SHARED, 3, 0) = 0x7f9779cf8000
close(3)                                = 0
ioperm(0x2e, 0x1, 1)                    = 0
ioperm(0x2e, 0x1, 0)                    = 0
ioperm(0xeb, 0x1, 1)                    = 0
ioperm(0xeb, 0x1, 0)                    = 0
ioperm(0x2e, 0x1, 1)                    = 0
ioperm(0x2e, 0x1, 0)                    = 0
ioperm(0xeb, 0x1, 1)                    = 0
ioperm(0xeb, 0x1, 0)                    = 0
ioperm(0x2e, 0x1, 1)                    = 0
ioperm(0x2e, 0x1, 0)                    = 0
ioperm(0xeb, 0x1, 1)                    = 0
ioperm(0xeb, 0x1, 0)                    = 0
ioperm(0x2e, 0x1, 1)                    = 0
ioperm(0x2e, 0x1, 0)                    = 0
ioperm(0xeb, 0x1, 1)                    = 0
ioperm(0xeb, 0x1, 0)                    = 0
ioperm(0x2e, 0x1, 1)                    = 0
ioperm(0x2e, 0x1, 0)                    = 0
ioperm(0xeb, 0x1, 1)                    = 0
ioperm(0xeb, 0x1, 0)                    = 0
ioperm(0x2f, 0x1, 1)                    = 0
ioperm(0x2f, 0x1, 0)                    = 0
ioperm(0xeb, 0x1, 1)                    = 0
ioperm(0xeb, 0x1, 0)                    = 0
ioperm(0x2e, 0x1, 1)                    = 0
ioperm(0x2e, 0x1, 0)                    = 0
ioperm(0xeb, 0x1, 1)                    = 0
ioperm(0xeb, 0x1, 0)                    = 0
ioperm(0x2f, 0x1, 1)                    = 0
ioperm(0x2f, 0x1, 0)                    = 0
ioperm(0xeb, 0x1, 1)                    = 0
ioperm(0xeb, 0x1, 0)                    = 0
ioperm(0x2e, 0x1, 1)                    = 0
ioperm(0x2e, 0x1, 0)                    = 0
ioperm(0xeb, 0x1, 1)                    = 0
ioperm(0xeb, 0x1, 0)                    = 0
ioperm(0x2f, 0x1, 1)                    = 0
ioperm(0x2f, 0x1, 0)                    = 0
ioperm(0xeb, 0x1, 1)                    = 0
ioperm(0xeb, 0x1, 0)                    = 0
ioperm(0x2e, 0x1, 1)                    = 0
ioperm(0x2e, 0x1, 0)                    = 0
ioperm(0xeb, 0x1, 1)                    = 0
ioperm(0xeb, 0x1, 0)                    = 0
ioperm(0x2f, 0x1, 1)                    = 0
ioperm(0x2f, 0x1, 0)                    = 0
ioperm(0xeb, 0x1, 1)                    = 0
ioperm(0xeb, 0x1, 0)                    = 0
ioperm(0x6c5, 0x1, 1)                   = 0
ioperm(0x6c5, 0x1, 0)                   = 0
ioperm(0xeb, 0x1, 1)                    = 0
ioperm(0xeb, 0x1, 0)                    = 0
ioperm(0x6c6, 0x1, 1)                   = 0
ioperm(0x6c6, 0x1, 0)                   = 0
ioperm(0xeb, 0x1, 1)                    = 0
ioperm(0xeb, 0x1, 0)                    = 0
ioperm(0x6c5, 0x1, 1)                   = 0
ioperm(0x6c5, 0x1, 0)                   = 0
ioperm(0xeb, 0x1, 1)                    = 0
ioperm(0xeb, 0x1, 0)                    = 0
ioperm(0x6c6, 0x1, 1)                   = 0
ioperm(0x6c6, 0x1, 0)                   = 0
ioperm(0xeb, 0x1, 1)                    = 0
ioperm(0xeb, 0x1, 0)                    = 0
ioperm(0x6c5, 0x1, 1)                   = 0
ioperm(0x6c5, 0x1, 0)                   = 0
ioperm(0xeb, 0x1, 1)                    = 0
ioperm(0xeb, 0x1, 0)                    = 0
ioperm(0x6c6, 0x1, 1)                   = 0
ioperm(0x6c6, 0x1, 0)                   = 0
ioperm(0xeb, 0x1, 1)                    = 0
ioperm(0xeb, 0x1, 0)                    = 0
ioperm(0x6c5, 0x1, 1)                   = 0
ioperm(0x6c5, 0x1, 0)                   = 0
ioperm(0xeb, 0x1, 1)                    = 0
ioperm(0xeb, 0x1, 0)                    = 0
ioperm(0x6c6, 0x1, 1)                   = 0
ioperm(0x6c6, 0x1, 0)                   = 0
ioperm(0xeb, 0x1, 1)                    = 0
ioperm(0xeb, 0x1, 0)                    = 0
ioperm(0x6c5, 0x1, 1)                   = 0
ioperm(0x6c5, 0x1, 0)                   = 0
ioperm(0xeb, 0x1, 1)                    = 0
ioperm(0xeb, 0x1, 0)                    = 0
ioperm(0x6c6, 0x1, 1)                   = 0
ioperm(0x6c6, 0x1, 0)                   = 0
ioperm(0xeb, 0x1, 1)                    = 0
ioperm(0xeb, 0x1, 0)                    = 0
ioperm(0x6c5, 0x1, 1)                   = 0
ioperm(0x6c5, 0x1, 0)                   = 0
ioperm(0xeb, 0x1, 1)                    = 0
ioperm(0xeb, 0x1, 0)                    = 0
ioperm(0x6c6, 0x1, 1)                   = 0
ioperm(0x6c6, 0x1, 0)                   = 0
ioperm(0xeb, 0x1, 1)                    = 0
ioperm(0xeb, 0x1, 0)                    = 0
ioperm(0x6c5, 0x1, 1)                   = 0
ioperm(0x6c5, 0x1, 0)                   = 0
ioperm(0xeb, 0x1, 1)                    = 0
ioperm(0xeb, 0x1, 0)                    = 0
ioperm(0x6c6, 0x1, 1)                   = 0
ioperm(0x6c6, 0x1, 0)                   = 0
ioperm(0xeb, 0x1, 1)                    = 0
ioperm(0xeb, 0x1, 0)                    = 0
ioperm(0x6c5, 0x1, 1)                   = 0
ioperm(0x6c5, 0x1, 0)                   = 0
ioperm(0xeb, 0x1, 1)                    = 0
ioperm(0xeb, 0x1, 0)                    = 0
ioperm(0x6c6, 0x1, 1)                   = 0
ioperm(0x6c6, 0x1, 0)                   = 0
ioperm(0xeb, 0x1, 1)                    = 0
ioperm(0xeb, 0x1, 0)                    = 0
ioperm(0x6c5, 0x1, 1)                   = 0
ioperm(0x6c5, 0x1, 0)                   = 0
ioperm(0xeb, 0x1, 1)                    = 0
ioperm(0xeb, 0x1, 0)                    = 0
ioperm(0x6c6, 0x1, 1)                   = 0
ioperm(0x6c6, 0x1, 0)                   = 0
ioperm(0xeb, 0x1, 1)                    = 0
ioperm(0xeb, 0x1, 0)                    = 0
ioperm(0x6c5, 0x1, 1)                   = 0
ioperm(0x6c5, 0x1, 0)                   = 0
ioperm(0xeb, 0x1, 1)                    = 0
ioperm(0xeb, 0x1, 0)                    = 0
ioperm(0x6c6, 0x1, 1)                   = 0
ioperm(0x6c6, 0x1, 0)                   = 0
ioperm(0xeb, 0x1, 1)                    = 0
ioperm(0xeb, 0x1, 0)                    = 0
ioperm(0x6c5, 0x1, 1)                   = 0
ioperm(0x6c5, 0x1, 0)                   = 0
ioperm(0xeb, 0x1, 1)                    = 0
ioperm(0xeb, 0x1, 0)                    = 0
ioperm(0x6c6, 0x1, 1)                   = 0
ioperm(0x6c6, 0x1, 0)                   = 0
ioperm(0xeb, 0x1, 1)                    = 0
ioperm(0xeb, 0x1, 0)                    = 0
munmap(0x7f9779cf8000, 32)              = 0
exit_group(0)                           = ?
+++ exited with 0 +++
