execve("/usr/sbin/lcmd", ["lcmd", "-debug"], 0x7fff65054998 /* 23 vars */) = 0
brk(NULL)                               = 0x1800000
readlink("lcmd", 0x7fff19cd9620, 4096)  = -1 ENOENT (No such file or directory)
open(".", O_RDONLY)                     = 3
chdir("lcmd")                           = -1 ENOENT (No such file or directory)
getcwd("/volume1/.@root", 4096)         = 16
fchdir(3)                               = 0
close(3)                                = 0
mmap(NULL, 4096, PROT_READ|PROT_WRITE, MAP_PRIVATE|MAP_ANONYMOUS, -1, 0) = 0x7fd4e9088000
access("/etc/ld.so.preload", R_OK)      = -1 ENOENT (No such file or directory)
open("/etc/ld.so.cache", O_RDONLY|O_CLOEXEC) = 3
fstat(3, {st_mode=S_IFREG|0644, st_size=33541, ...}) = 0
mmap(NULL, 33541, PROT_READ, MAP_PRIVATE, 3, 0) = 0x7fd4e907f000
close(3)                                = 0
open("/usr/lib/libjson-c.so.2", O_RDONLY|O_CLOEXEC) = 3
read(3, "\177ELF\2\1\1\0\0\0\0\0\0\0\0\0\3\0>\0\1\0\0\0\240(\0\0\0\0\0\0"..., 832) = 832
fstat(3, {st_mode=S_IFREG|0755, st_size=50561, ...}) = 0
mmap(NULL, 2136144, PROT_READ|PROT_EXEC, MAP_PRIVATE|MAP_DENYWRITE, 3, 0) = 0x7fd4e8c5f000
mprotect(0x7fd4e8c69000, 2093056, PROT_NONE) = 0
mmap(0x7fd4e8e68000, 4096, PROT_READ|PROT_WRITE, MAP_PRIVATE|MAP_FIXED|MAP_DENYWRITE, 3, 0x9000) = 0x7fd4e8e68000
close(3)                                = 0
open("/lib64/libpthread.so.0", O_RDONLY|O_CLOEXEC) = 3
read(3, "\177ELF\2\1\1\0\0\0\0\0\0\0\0\0\3\0>\0\1\0\0\0@r\0\0\0\0\0\0"..., 832) = 832
fstat(3, {st_mode=S_IFREG|0555, st_size=101640, ...}) = 0
mmap(NULL, 2213008, PROT_READ|PROT_EXEC, MAP_PRIVATE|MAP_DENYWRITE, 3, 0) = 0x7fd4e8a42000
mprotect(0x7fd4e8a5a000, 2093056, PROT_NONE) = 0
mmap(0x7fd4e8c59000, 8192, PROT_READ|PROT_WRITE, MAP_PRIVATE|MAP_FIXED|MAP_DENYWRITE, 3, 0x17000) = 0x7fd4e8c59000
mmap(0x7fd4e8c5b000, 13456, PROT_READ|PROT_WRITE, MAP_PRIVATE|MAP_FIXED|MAP_ANONYMOUS, -1, 0) = 0x7fd4e8c5b000
close(3)                                = 0
open("/lib64/librt.so.1", O_RDONLY|O_CLOEXEC) = 3
read(3, "\177ELF\2\1\1\0\0\0\0\0\0\0\0\0\3\0>\0\1\0\0\0\360 \0\0\0\0\0\0"..., 832) = 832
fstat(3, {st_mode=S_IFREG|0555, st_size=31696, ...}) = 0
mmap(NULL, 4096, PROT_READ|PROT_WRITE, MAP_PRIVATE|MAP_ANONYMOUS, -1, 0) = 0x7fd4e907e000
mmap(NULL, 2128832, PROT_READ|PROT_EXEC, MAP_PRIVATE|MAP_DENYWRITE, 3, 0) = 0x7fd4e883a000
mprotect(0x7fd4e8841000, 2093056, PROT_NONE) = 0
mmap(0x7fd4e8a40000, 8192, PROT_READ|PROT_WRITE, MAP_PRIVATE|MAP_FIXED|MAP_DENYWRITE, 3, 0x6000) = 0x7fd4e8a40000
close(3)                                = 0
open("/usr/lib/libgeneral.so", O_RDONLY|O_CLOEXEC) = 3
read(3, "\177ELF\2\1\1\0\0\0\0\0\0\0\0\0\3\0>\0\1\0\0\0\300\327\1\0\0\0\0\0"..., 832) = 832
fstat(3, {st_mode=S_IFREG|0644, st_size=607600, ...}) = 0
mmap(NULL, 2707168, PROT_READ|PROT_EXEC, MAP_PRIVATE|MAP_DENYWRITE, 3, 0) = 0x7fd4e85a5000
mprotect(0x7fd4e8637000, 2093056, PROT_NONE) = 0
mmap(0x7fd4e8836000, 12288, PROT_READ|PROT_WRITE, MAP_PRIVATE|MAP_FIXED|MAP_DENYWRITE, 3, 0x91000) = 0x7fd4e8836000
mmap(0x7fd4e8839000, 3808, PROT_READ|PROT_WRITE, MAP_PRIVATE|MAP_FIXED|MAP_ANONYMOUS, -1, 0) = 0x7fd4e8839000
close(3)                                = 0
open("/usr/lib/libnasman.so", O_RDONLY|O_CLOEXEC) = 3
read(3, "\177ELF\2\1\1\0\0\0\0\0\0\0\0\0\3\0>\0\1\0\0\0\300\336\1\0\0\0\0\0"..., 832) = 832
fstat(3, {st_mode=S_IFREG|0644, st_size=495880, ...}) = 0
mmap(NULL, 2591072, PROT_READ|PROT_EXEC, MAP_PRIVATE|MAP_DENYWRITE, 3, 0) = 0x7fd4e832c000
mprotect(0x7fd4e83a2000, 2097152, PROT_NONE) = 0
mmap(0x7fd4e85a2000, 12288, PROT_READ|PROT_WRITE, MAP_PRIVATE|MAP_FIXED|MAP_DENYWRITE, 3, 0x76000) = 0x7fd4e85a2000
close(3)                                = 0
open("/usr/lib/libndal.so", O_RDONLY|O_CLOEXEC) = 3
read(3, "\177ELF\2\1\1\0\0\0\0\0\0\0\0\0\3\0>\0\1\0\0\0\200x\0\0\0\0\0\0"..., 832) = 832
fstat(3, {st_mode=S_IFREG|0644, st_size=116384, ...}) = 0
mmap(NULL, 4096, PROT_READ|PROT_WRITE, MAP_PRIVATE|MAP_ANONYMOUS, -1, 0) = 0x7fd4e907d000
mmap(NULL, 2211552, PROT_READ|PROT_EXEC, MAP_PRIVATE|MAP_DENYWRITE, 3, 0) = 0x7fd4e8110000
mprotect(0x7fd4e812b000, 2097152, PROT_NONE) = 0
mmap(0x7fd4e832b000, 4096, PROT_READ|PROT_WRITE, MAP_PRIVATE|MAP_FIXED|MAP_DENYWRITE, 3, 0x1b000) = 0x7fd4e832b000
close(3)                                = 0
open("/usr/lib/libnhal.so", O_RDONLY|O_CLOEXEC) = 3
read(3, "\177ELF\2\1\1\0\0\0\0\0\0\0\0\0\3\0>\0\1\0\0\0\2401\0\0\0\0\0\0"..., 832) = 832
fstat(3, {st_mode=S_IFREG|0644, st_size=41576, ...}) = 0
mmap(NULL, 2136784, PROT_READ|PROT_EXEC, MAP_PRIVATE|MAP_DENYWRITE, 3, 0) = 0x7fd4e7f06000
mprotect(0x7fd4e7f10000, 2093056, PROT_NONE) = 0
mmap(0x7fd4e810f000, 4096, PROT_READ|PROT_WRITE, MAP_PRIVATE|MAP_FIXED|MAP_DENYWRITE, 3, 0x9000) = 0x7fd4e810f000
close(3)                                = 0
open("/usr/lib/libhalgeneral.so", O_RDONLY|O_CLOEXEC) = 3
read(3, "\177ELF\2\1\1\0\0\0\0\0\0\0\0\0\3\0>\0\1\0\0\0P\16\0\0\0\0\0\0"..., 832) = 832
fstat(3, {st_mode=S_IFREG|0644, st_size=14952, ...}) = 0
mmap(NULL, 2110152, PROT_READ|PROT_EXEC, MAP_PRIVATE|MAP_DENYWRITE, 3, 0) = 0x7fd4e7d02000
mprotect(0x7fd4e7d05000, 2097152, PROT_NONE) = 0
mmap(0x7fd4e7f05000, 4096, PROT_READ|PROT_WRITE, MAP_PRIVATE|MAP_FIXED|MAP_DENYWRITE, 3, 0x3000) = 0x7fd4e7f05000
close(3)                                = 0
open("/lib64/libc.so.6", O_RDONLY|O_CLOEXEC) = 3
read(3, "\177ELF\2\1\1\0\0\0\0\0\0\0\0\0\3\0>\0\1\0\0\0\340\1\2\0\0\0\0\0"..., 832) = 832
fstat(3, {st_mode=S_IFREG|0555, st_size=1679912, ...}) = 0
mmap(NULL, 4096, PROT_READ|PROT_WRITE, MAP_PRIVATE|MAP_ANONYMOUS, -1, 0) = 0x7fd4e907c000
mmap(NULL, 3791936, PROT_READ|PROT_EXEC, MAP_PRIVATE|MAP_DENYWRITE, 3, 0) = 0x7fd4e7964000
mprotect(0x7fd4e7af8000, 2097152, PROT_NONE) = 0
mmap(0x7fd4e7cf8000, 24576, PROT_READ|PROT_WRITE, MAP_PRIVATE|MAP_FIXED|MAP_DENYWRITE, 3, 0x194000) = 0x7fd4e7cf8000
mmap(0x7fd4e7cfe000, 15424, PROT_READ|PROT_WRITE, MAP_PRIVATE|MAP_FIXED|MAP_ANONYMOUS, -1, 0) = 0x7fd4e7cfe000
close(3)                                = 0
open("/lib64/libstdc++.so.6", O_RDONLY|O_CLOEXEC) = 3
read(3, "\177ELF\2\1\1\0\0\0\0\0\0\0\0\0\3\0>\0\1\0\0\0@\307\5\0\0\0\0\0"..., 832) = 832
fstat(3, {st_mode=S_IFREG|0555, st_size=817928, ...}) = 0
mmap(NULL, 2997168, PROT_READ|PROT_EXEC, MAP_PRIVATE|MAP_DENYWRITE, 3, 0) = 0x7fd4e7688000
mprotect(0x7fd4e7746000, 2097152, PROT_NONE) = 0
mmap(0x7fd4e7946000, 40960, PROT_READ|PROT_WRITE, MAP_PRIVATE|MAP_FIXED|MAP_DENYWRITE, 3, 0xbe000) = 0x7fd4e7946000
mmap(0x7fd4e7950000, 80816, PROT_READ|PROT_WRITE, MAP_PRIVATE|MAP_FIXED|MAP_ANONYMOUS, -1, 0) = 0x7fd4e7950000
close(3)                                = 0
open("/lib64/libcrypt.so.1", O_RDONLY|O_CLOEXEC) = 3
read(3, "\177ELF\2\1\1\0\0\0\0\0\0\0\0\0\3\0>\0\1\0\0\0p\v\0\0\0\0\0\0"..., 832) = 832
fstat(3, {st_mode=S_IFREG|0555, st_size=35120, ...}) = 0
mmap(NULL, 2318816, PROT_READ|PROT_EXEC, MAP_PRIVATE|MAP_DENYWRITE, 3, 0) = 0x7fd4e7451000
mprotect(0x7fd4e7459000, 2093056, PROT_NONE) = 0
mmap(0x7fd4e7658000, 8192, PROT_READ|PROT_WRITE, MAP_PRIVATE|MAP_FIXED|MAP_DENYWRITE, 3, 0x7000) = 0x7fd4e7658000
mmap(0x7fd4e765a000, 184800, PROT_READ|PROT_WRITE, MAP_PRIVATE|MAP_FIXED|MAP_ANONYMOUS, -1, 0) = 0x7fd4e765a000
close(3)                                = 0
open("/usr/lib/libcrypto.so.1.0.0", O_RDONLY|O_CLOEXEC) = 3
read(3, "\177ELF\2\1\1\0\0\0\0\0\0\0\0\0\3\0>\0\1\0\0\0\0\231\6\0\0\0\0\0"..., 832) = 832
fstat(3, {st_mode=S_IFREG|0755, st_size=2626967, ...}) = 0
mmap(NULL, 4096, PROT_READ|PROT_WRITE, MAP_PRIVATE|MAP_ANONYMOUS, -1, 0) = 0x7fd4e907b000
mmap(NULL, 4456072, PROT_READ|PROT_EXEC, MAP_PRIVATE|MAP_DENYWRITE, 3, 0) = 0x7fd4e7011000
mprotect(0x7fd4e7226000, 2097152, PROT_NONE) = 0
mmap(0x7fd4e7426000, 159744, PROT_READ|PROT_WRITE, MAP_PRIVATE|MAP_FIXED|MAP_DENYWRITE, 3, 0x215000) = 0x7fd4e7426000
mmap(0x7fd4e744d000, 16008, PROT_READ|PROT_WRITE, MAP_PRIVATE|MAP_FIXED|MAP_ANONYMOUS, -1, 0) = 0x7fd4e744d000
mprotect(0x7fff19cda000, 4096, PROT_READ|PROT_WRITE|PROT_EXEC|PROT_GROWSDOWN) = 0
close(3)                                = 0
open("/lib64/libgcc_s.so.1", O_RDONLY|O_CLOEXEC) = 3
read(3, "\177ELF\2\1\1\0\0\0\0\0\0\0\0\0\3\0>\0\1\0\0\0\300'\0\0\0\0\0\0"..., 832) = 832
fstat(3, {st_mode=S_IFREG|0444, st_size=69128, ...}) = 0
mmap(NULL, 2164840, PROT_READ|PROT_EXEC, MAP_PRIVATE|MAP_DENYWRITE, 3, 0) = 0x7fd4e6e00000
mprotect(0x7fd4e6e11000, 2093056, PROT_NONE) = 0
mmap(0x7fd4e7010000, 4096, PROT_READ|PROT_WRITE, MAP_PRIVATE|MAP_FIXED|MAP_DENYWRITE, 3, 0x10000) = 0x7fd4e7010000
close(3)                                = 0
open("/usr/lib/libservice.so", O_RDONLY|O_CLOEXEC) = 3
read(3, "\177ELF\2\1\1\0\0\0\0\0\0\0\0\0\3\0>\0\1\0\0\0\320\354\1\0\0\0\0\0"..., 832) = 832
fstat(3, {st_mode=S_IFREG|0644, st_size=725328, ...}) = 0
mmap(NULL, 2820560, PROT_READ|PROT_EXEC, MAP_PRIVATE|MAP_DENYWRITE, 3, 0) = 0x7fd4e6b4f000
mprotect(0x7fd4e6bfe000, 2093056, PROT_NONE) = 0
mmap(0x7fd4e6dfd000, 12288, PROT_READ|PROT_WRITE, MAP_PRIVATE|MAP_FIXED|MAP_DENYWRITE, 3, 0xae000) = 0x7fd4e6dfd000
close(3)                                = 0
open("/usr/lib/libarchive.so.13", O_RDONLY|O_CLOEXEC) = 3
read(3, "\177ELF\2\1\1\0\0\0\0\0\0\0\0\0\3\0>\0\1\0\0\0000\f\1\0\0\0\0\0"..., 832) = 832
fstat(3, {st_mode=S_IFREG|0755, st_size=722221, ...}) = 0
mmap(NULL, 4096, PROT_READ|PROT_WRITE, MAP_PRIVATE|MAP_ANONYMOUS, -1, 0) = 0x7fd4e907a000
mmap(NULL, 2742352, PROT_READ|PROT_EXEC, MAP_PRIVATE|MAP_DENYWRITE, 3, 0) = 0x7fd4e68b1000
mprotect(0x7fd4e694a000, 2097152, PROT_NONE) = 0
mmap(0x7fd4e6b4a000, 12288, PROT_READ|PROT_WRITE, MAP_PRIVATE|MAP_FIXED|MAP_DENYWRITE, 3, 0x99000) = 0x7fd4e6b4a000
mmap(0x7fd4e6b4d000, 6224, PROT_READ|PROT_WRITE, MAP_PRIVATE|MAP_FIXED|MAP_ANONYMOUS, -1, 0) = 0x7fd4e6b4d000
close(3)                                = 0
open("/usr/lib/libuuid.so.1", O_RDONLY|O_CLOEXEC) = 3
read(3, "\177ELF\2\1\1\0\0\0\0\0\0\0\0\0\3\0>\0\1\0\0\0\300\23\0\0\0\0\0\0"..., 832) = 832
fstat(3, {st_mode=S_IFREG|0755, st_size=19030, ...}) = 0
mmap(NULL, 2108960, PROT_READ|PROT_EXEC, MAP_PRIVATE|MAP_DENYWRITE, 3, 0) = 0x7fd4e66ae000
mprotect(0x7fd4e66b1000, 2093056, PROT_NONE) = 0
mmap(0x7fd4e68b0000, 4096, PROT_READ|PROT_WRITE, MAP_PRIVATE|MAP_FIXED|MAP_DENYWRITE, 3, 0x2000) = 0x7fd4e68b0000
close(3)                                = 0
open("/usr/lib/libgeneraldrv.so", O_RDONLY|O_CLOEXEC) = 3
read(3, "\177ELF\2\1\1\0\0\0\0\0\0\0\0\0\3\0>\0\1\0\0\0\320\26\0\0\0\0\0\0"..., 832) = 832
fstat(3, {st_mode=S_IFREG|0644, st_size=31616, ...}) = 0
mmap(NULL, 2127904, PROT_READ|PROT_EXEC, MAP_PRIVATE|MAP_DENYWRITE, 3, 0) = 0x7fd4e64a6000
mprotect(0x7fd4e64ad000, 2097152, PROT_NONE) = 0
mmap(0x7fd4e66ad000, 4096, PROT_READ|PROT_WRITE, MAP_PRIVATE|MAP_FIXED|MAP_DENYWRITE, 3, 0x7000) = 0x7fd4e66ad000
close(3)                                = 0
open("/usr/lib/libdenlow.so", O_RDONLY|O_CLOEXEC) = 3
read(3, "\177ELF\2\1\1\0\0\0\0\0\0\0\0\0\3\0>\0\1\0\0\0\360\n\0\0\0\0\0\0"..., 832) = 832
fstat(3, {st_mode=S_IFREG|0644, st_size=9936, ...}) = 0
mmap(NULL, 4096, PROT_READ|PROT_WRITE, MAP_PRIVATE|MAP_ANONYMOUS, -1, 0) = 0x7fd4e9079000
mmap(NULL, 2105136, PROT_READ|PROT_EXEC, MAP_PRIVATE|MAP_DENYWRITE, 3, 0) = 0x7fd4e62a4000
mprotect(0x7fd4e62a6000, 2093056, PROT_NONE) = 0
mmap(0x7fd4e64a5000, 4096, PROT_READ|PROT_WRITE, MAP_PRIVATE|MAP_FIXED|MAP_DENYWRITE, 3, 0x1000) = 0x7fd4e64a5000
close(3)                                = 0
open("/usr/lib/libce5300drv.so", O_RDONLY|O_CLOEXEC) = 3
read(3, "\177ELF\2\1\1\0\0\0\0\0\0\0\0\0\3\0>\0\1\0\0\0\340\f\0\0\0\0\0\0"..., 832) = 832
fstat(3, {st_mode=S_IFREG|0644, st_size=10888, ...}) = 0
mmap(NULL, 2106088, PROT_READ|PROT_EXEC, MAP_PRIVATE|MAP_DENYWRITE, 3, 0) = 0x7fd4e60a1000
mprotect(0x7fd4e60a3000, 2097152, PROT_NONE) = 0
mmap(0x7fd4e62a3000, 4096, PROT_READ|PROT_WRITE, MAP_PRIVATE|MAP_FIXED|MAP_DENYWRITE, 3, 0x2000) = 0x7fd4e62a3000
close(3)                                = 0
open("/usr/lib/libcedarview.so", O_RDONLY|O_CLOEXEC) = 3
read(3, "\177ELF\2\1\1\0\0\0\0\0\0\0\0\0\3\0>\0\1\0\0\0\360\n\0\0\0\0\0\0"..., 832) = 832
fstat(3, {st_mode=S_IFREG|0644, st_size=9936, ...}) = 0
mmap(NULL, 2105136, PROT_READ|PROT_EXEC, MAP_PRIVATE|MAP_DENYWRITE, 3, 0) = 0x7fd4e5e9f000
mprotect(0x7fd4e5ea1000, 2093056, PROT_NONE) = 0
mmap(0x7fd4e60a0000, 4096, PROT_READ|PROT_WRITE, MAP_PRIVATE|MAP_FIXED|MAP_DENYWRITE, 3, 0x1000) = 0x7fd4e60a0000
close(3)                                = 0
open("/usr/lib/libmarvell.so", O_RDONLY|O_CLOEXEC) = 3
read(3, "\177ELF\2\1\1\0\0\0\0\0\0\0\0\0\3\0>\0\1\0\0\0p\22\0\0\0\0\0\0"..., 832) = 832
fstat(3, {st_mode=S_IFREG|0644, st_size=16472, ...}) = 0
mmap(NULL, 4096, PROT_READ|PROT_WRITE, MAP_PRIVATE|MAP_ANONYMOUS, -1, 0) = 0x7fd4e9078000
mmap(NULL, 2111672, PROT_READ|PROT_EXEC, MAP_PRIVATE|MAP_DENYWRITE, 3, 0) = 0x7fd4e5c9b000
mprotect(0x7fd4e5c9f000, 2093056, PROT_NONE) = 0
mmap(0x7fd4e5e9e000, 4096, PROT_READ|PROT_WRITE, MAP_PRIVATE|MAP_FIXED|MAP_DENYWRITE, 3, 0x3000) = 0x7fd4e5e9e000
close(3)                                = 0
open("/lib64/libm.so.6", O_RDONLY|O_CLOEXEC) = 3
read(3, "\177ELF\2\1\1\0\0\0\0\0\0\0\0\0\3\0>\0\1\0\0\0 W\0\0\0\0\0\0"..., 832) = 832
fstat(3, {st_mode=S_IFREG|0555, st_size=1038720, ...}) = 0
mmap(NULL, 3133768, PROT_READ|PROT_EXEC, MAP_PRIVATE|MAP_DENYWRITE, 3, 0) = 0x7fd4e599d000
mprotect(0x7fd4e5a9a000, 2093056, PROT_NONE) = 0
mmap(0x7fd4e5c99000, 8192, PROT_READ|PROT_WRITE, MAP_PRIVATE|MAP_FIXED|MAP_DENYWRITE, 3, 0xfc000) = 0x7fd4e5c99000
close(3)                                = 0
open("/lib64/libdl.so.2", O_RDONLY|O_CLOEXEC) = 3
read(3, "\177ELF\2\1\1\0\0\0\0\0\0\0\0\0\3\0>\0\1\0\0\0\240\r\0\0\0\0\0\0"..., 832) = 832
fstat(3, {st_mode=S_IFREG|0555, st_size=14688, ...}) = 0
mmap(NULL, 2109720, PROT_READ|PROT_EXEC, MAP_PRIVATE|MAP_DENYWRITE, 3, 0) = 0x7fd4e5799000
mprotect(0x7fd4e579b000, 2097152, PROT_NONE) = 0
mmap(0x7fd4e599b000, 8192, PROT_READ|PROT_WRITE, MAP_PRIVATE|MAP_FIXED|MAP_DENYWRITE, 3, 0x2000) = 0x7fd4e599b000
close(3)                                = 0
mmap(NULL, 4096, PROT_READ|PROT_WRITE, MAP_PRIVATE|MAP_ANONYMOUS, -1, 0) = 0x7fd4e9077000
open("/usr/lib/libgtop-2.0.so.7", O_RDONLY|O_CLOEXEC) = 3
read(3, "\177ELF\2\1\1\0\0\0\0\0\0\0\0\0\3\0>\0\1\0\0\0\20D\0\0\0\0\0\0"..., 832) = 832
fstat(3, {st_mode=S_IFREG|0755, st_size=83798, ...}) = 0
mmap(NULL, 2164808, PROT_READ|PROT_EXEC, MAP_PRIVATE|MAP_DENYWRITE, 3, 0) = 0x7fd4e5588000
mprotect(0x7fd4e5598000, 2093056, PROT_NONE) = 0
mmap(0x7fd4e5797000, 8192, PROT_READ|PROT_WRITE, MAP_PRIVATE|MAP_FIXED|MAP_DENYWRITE, 3, 0xf000) = 0x7fd4e5797000
close(3)                                = 0
open("/usr/lib/libcgi.so", O_RDONLY|O_CLOEXEC) = 3
read(3, "\177ELF\2\1\1\0\0\0\0\0\0\0\0\0\3\0>\0\1\0\0\0\20W\0\0\0\0\0\0"..., 832) = 832
fstat(3, {st_mode=S_IFREG|0644, st_size=46304, ...}) = 0
mmap(NULL, 2141424, PROT_READ|PROT_EXEC, MAP_PRIVATE|MAP_DENYWRITE, 3, 0) = 0x7fd4e537d000
mprotect(0x7fd4e5388000, 2093056, PROT_NONE) = 0
mmap(0x7fd4e5587000, 4096, PROT_READ|PROT_WRITE, MAP_PRIVATE|MAP_FIXED|MAP_DENYWRITE, 3, 0xa000) = 0x7fd4e5587000
close(3)                                = 0
open("/usr/lib/libz.so.1", O_RDONLY|O_CLOEXEC) = 3
read(3, "\177ELF\2\1\1\0\0\0\0\0\0\0\0\0\3\0>\0\1\0\0\0\20!\0\0\0\0\0\0"..., 832) = 832
fstat(3, {st_mode=S_IFREG|0755, st_size=98128, ...}) = 0
mmap(NULL, 2185008, PROT_READ|PROT_EXEC, MAP_PRIVATE|MAP_DENYWRITE, 3, 0) = 0x7fd4e5167000
mprotect(0x7fd4e517d000, 2093056, PROT_NONE) = 0
mmap(0x7fd4e537c000, 4096, PROT_READ|PROT_WRITE, MAP_PRIVATE|MAP_FIXED|MAP_DENYWRITE, 3, 0x15000) = 0x7fd4e537c000
close(3)                                = 0
mmap(NULL, 4096, PROT_READ|PROT_WRITE, MAP_PRIVATE|MAP_ANONYMOUS, -1, 0) = 0x7fd4e9076000
open("/asustor/branch3_0_2018_01_29/x64_g1/x64_g1/staging/usr/lib/tls/x86_64/libglib-2.0.so.0", O_RDONLY|O_CLOEXEC) = -1 ENOENT (No such file or directory)
stat("/asustor/branch3_0_2018_01_29/x64_g1/x64_g1/staging/usr/lib/tls/x86_64", 0x7fff19cd8620) = -1 ENOENT (No such file or directory)
open("/asustor/branch3_0_2018_01_29/x64_g1/x64_g1/staging/usr/lib/tls/libglib-2.0.so.0", O_RDONLY|O_CLOEXEC) = -1 ENOENT (No such file or directory)
stat("/asustor/branch3_0_2018_01_29/x64_g1/x64_g1/staging/usr/lib/tls", 0x7fff19cd8620) = -1 ENOENT (No such file or directory)
open("/asustor/branch3_0_2018_01_29/x64_g1/x64_g1/staging/usr/lib/x86_64/libglib-2.0.so.0", O_RDONLY|O_CLOEXEC) = -1 ENOENT (No such file or directory)
stat("/asustor/branch3_0_2018_01_29/x64_g1/x64_g1/staging/usr/lib/x86_64", 0x7fff19cd8620) = -1 ENOENT (No such file or directory)
open("/asustor/branch3_0_2018_01_29/x64_g1/x64_g1/staging/usr/lib/libglib-2.0.so.0", O_RDONLY|O_CLOEXEC) = -1 ENOENT (No such file or directory)
stat("/asustor/branch3_0_2018_01_29/x64_g1/x64_g1/staging/usr/lib", 0x7fff19cd8620) = -1 ENOENT (No such file or directory)
open("/usr/lib/libglib-2.0.so.0", O_RDONLY|O_CLOEXEC) = 3
read(3, "\177ELF\2\1\1\0\0\0\0\0\0\0\0\0\3\0>\0\1\0\0\0`\227\1\0\0\0\0\0"..., 832) = 832
fstat(3, {st_mode=S_IFREG|0755, st_size=1182091, ...}) = 0
mmap(NULL, 3115392, PROT_READ|PROT_EXEC, MAP_PRIVATE|MAP_DENYWRITE, 3, 0) = 0x7fd4e4e6e000
mprotect(0x7fd4e4f65000, 2097152, PROT_NONE) = 0
mmap(0x7fd4e5165000, 8192, PROT_READ|PROT_WRITE, MAP_PRIVATE|MAP_FIXED|MAP_DENYWRITE, 3, 0xf7000) = 0x7fd4e5165000
close(3)                                = 0
open("/usr/lib/libiconv.so.2", O_RDONLY|O_CLOEXEC) = 3
read(3, "\177ELF\2\1\1\0\0\0\0\0\0\0\0\0\3\0>\0\1\0\0\0p+\0\0\0\0\0\0"..., 832) = 832
fstat(3, {st_mode=S_IFREG|0644, st_size=1087341, ...}) = 0
mmap(NULL, 3131864, PROT_READ|PROT_EXEC, MAP_PRIVATE|MAP_DENYWRITE, 3, 0) = 0x7fd4e4b71000
mprotect(0x7fd4e4c6c000, 2097152, PROT_NONE) = 0
mmap(0x7fd4e4e6c000, 8192, PROT_READ|PROT_WRITE, MAP_PRIVATE|MAP_FIXED|MAP_DENYWRITE, 3, 0xfb000) = 0x7fd4e4e6c000
close(3)                                = 0
open("/usr/lib/libpcre.so.1", O_RDONLY|O_CLOEXEC) = 3
read(3, "\177ELF\2\1\1\0\0\0\0\0\0\0\0\0\3\0>\0\1\0\0\0\320\23\0\0\0\0\0\0"..., 832) = 832
fstat(3, {st_mode=S_IFREG|0755, st_size=282441, ...}) = 0
mmap(NULL, 4096, PROT_READ|PROT_WRITE, MAP_PRIVATE|MAP_ANONYMOUS, -1, 0) = 0x7fd4e9075000
mmap(NULL, 2369584, PROT_READ|PROT_EXEC, MAP_PRIVATE|MAP_DENYWRITE, 3, 0) = 0x7fd4e492e000
mprotect(0x7fd4e4971000, 2093056, PROT_NONE) = 0
mmap(0x7fd4e4b70000, 4096, PROT_READ|PROT_WRITE, MAP_PRIVATE|MAP_FIXED|MAP_DENYWRITE, 3, 0x42000) = 0x7fd4e4b70000
close(3)                                = 0
mmap(NULL, 4096, PROT_READ|PROT_WRITE, MAP_PRIVATE|MAP_ANONYMOUS, -1, 0) = 0x7fd4e9074000
mmap(NULL, 4096, PROT_READ|PROT_WRITE, MAP_PRIVATE|MAP_ANONYMOUS, -1, 0) = 0x7fd4e9073000
mmap(NULL, 8192, PROT_READ|PROT_WRITE, MAP_PRIVATE|MAP_ANONYMOUS, -1, 0) = 0x7fd4e9071000
arch_prctl(ARCH_SET_FS, 0x7fd4e9071780) = 0
mprotect(0x7fd4e7cf8000, 16384, PROT_READ) = 0
mprotect(0x7fd4e8c59000, 4096, PROT_READ) = 0
mprotect(0x7fd4e8a40000, 4096, PROT_READ) = 0
mprotect(0x7fd4e5c99000, 4096, PROT_READ) = 0
mprotect(0x7fd4e7946000, 28672, PROT_READ) = 0
mprotect(0x7fd4e7658000, 4096, PROT_READ) = 0
mprotect(0x7fd4e599b000, 4096, PROT_READ) = 0
mprotect(0x7fd4e9089000, 4096, PROT_READ) = 0
munmap(0x7fd4e907f000, 33541)           = 0
set_tid_address(0x7fd4e9071a50)         = 6493
set_robust_list(0x7fd4e9071a60, 24)     = 0
rt_sigaction(SIGRTMIN, {sa_handler=0x7fd4e8a48ca0, sa_mask=[], sa_flags=SA_RESTORER|SA_SIGINFO, sa_restorer=0x7fd4e8a52bf0}, NULL, 8) = 0
rt_sigaction(SIGRT_1, {sa_handler=0x7fd4e8a48d30, sa_mask=[], sa_flags=SA_RESTORER|SA_RESTART|SA_SIGINFO, sa_restorer=0x7fd4e8a52bf0}, NULL, 8) = 0
rt_sigprocmask(SIG_UNBLOCK, [RTMIN RT_1], NULL, 8) = 0
getrlimit(RLIMIT_STACK, {rlim_cur=8192*1024, rlim_max=RLIM64_INFINITY}) = 0
futex(0x7fd4e79507e0, FUTEX_WAKE_PRIVATE, 2147483647) = 0
getuid()                                = 0
rt_sigaction(SIGHUP, {sa_handler=0x402fd0, sa_mask=[HUP], sa_flags=SA_RESTORER|SA_RESTART, sa_restorer=0x7fd4e7996d10}, {sa_handler=SIG_DFL, sa_mask=[], sa_flags=0}, 8) = 0
rt_sigaction(SIGINT, {sa_handler=0x402fd0, sa_mask=[INT], sa_flags=SA_RESTORER|SA_RESTART, sa_restorer=0x7fd4e7996d10}, {sa_handler=SIG_DFL, sa_mask=[], sa_flags=0}, 8) = 0
rt_sigaction(SIGTERM, {sa_handler=0x402fd0, sa_mask=[TERM], sa_flags=SA_RESTORER|SA_RESTART, sa_restorer=0x7fd4e7996d10}, {sa_handler=SIG_DFL, sa_mask=[], sa_flags=0}, 8) = 0
rt_sigaction(SIGPWR, {sa_handler=0x402fd0, sa_mask=[PWR], sa_flags=SA_RESTORER|SA_RESTART, sa_restorer=0x7fd4e7996d10}, {sa_handler=SIG_DFL, sa_mask=[], sa_flags=0}, 8) = 0
access("/var/run/lcmd.pid", R_OK)       = 0
brk(NULL)                               = 0x1800000
brk(0x1821000)                          = 0x1821000
open("/var/run/lcmd.pid", O_RDONLY)     = 3
fstat(3, {st_mode=S_IFREG|0644, st_size=4, ...}) = 0
mmap(NULL, 4096, PROT_READ|PROT_WRITE, MAP_PRIVATE|MAP_ANONYMOUS, -1, 0) = 0x7fd4e9087000
read(3, "5821", 4096)                   = 4
read(3, "", 4096)                       = 0
close(3)                                = 0
munmap(0x7fd4e9087000, 4096)            = 0
kill(5821, SIG_0)                       = -1 ESRCH (No such process)
open("/proc/mtrr", O_RDWR)              = 3
fstat(3, {st_mode=S_IFREG|0644, st_size=0, ...}) = 0
mmap(NULL, 4096, PROT_READ|PROT_WRITE, MAP_PRIVATE|MAP_ANONYMOUS, -1, 0) = 0x7fd4e9087000
read(3, "reg00: base=0x000000000 (    0MB"..., 1024) = 348
read(3, "", 1024)                       = 0
close(3)                                = 0
munmap(0x7fd4e9087000, 4096)            = 0
statfs("/dev/shm/", {f_type=TMPFS_MAGIC, f_bsize=4096, f_blocks=379740, f_bfree=366655, f_bavail=366655, f_files=379740, f_ffree=377017, f_fsid={val=[0, 0]}, f_namelen=255, f_frsize=4096, f_flags=ST_VALID}) = 0
futex(0x7fd4e8c5e310, FUTEX_WAKE_PRIVATE, 2147483647) = 0
open("/dev/shm/.nas.summary", O_RDONLY|O_NOFOLLOW|O_CLOEXEC) = 3
fstat(3, {st_mode=S_IFREG|0744, st_size=10120, ...}) = 0
mmap(NULL, 10120, PROT_READ, MAP_SHARED, 3, 0) = 0x7fd4e9085000
close(3)                                = 0
open("/dev/shm/.nas.diskstat", O_RDONLY|O_NOFOLLOW|O_CLOEXEC) = 3
fstat(3, {st_mode=S_IFREG|0744, st_size=3536, ...}) = 0
mmap(NULL, 3536, PROT_READ, MAP_SHARED, 3, 0) = 0x7fd4e9084000
close(3)                                = 0
open("/dev/shm/.nas.partstat", O_RDONLY|O_NOFOLLOW|O_CLOEXEC) = 3
fstat(3, {st_mode=S_IFREG|0744, st_size=4080, ...}) = 0
mmap(NULL, 4080, PROT_READ, MAP_SHARED, 3, 0) = 0x7fd4e9083000
close(3)                                = 0
clone(child_stack=NULL, flags=CLONE_CHILD_CLEARTID|CLONE_CHILD_SETTID|SIGCHLD, child_tidptr=0x7fd4e9071a50) = 6494
fstat(1, {st_mode=S_IFCHR|0622, st_rdev=makedev(136, 0), ...}) = 0
mmap(NULL, 4096, PROT_READ|PROT_WRITE, MAP_PRIVATE|MAP_ANONYMOUS, -1, 0) = 0x7fd4e9082000
write(1, "LCM Management Daemon. Ver. 1.0."..., 34) = 34
open("/proc/6494/oom_adj", O_WRONLY)    = 3
write(3, "-17", 3)                      = 3
close(3)                                = 0
stat("/dev/shm/.nas.summary", {st_mode=S_IFREG|0744, st_size=10120, ...}) = 0
munmap(0x7fd4e9085000, 10120)           = 0
stat("/dev/shm/.nas.diskstat", {st_mode=S_IFREG|0744, st_size=3536, ...}) = 0
munmap(0x7fd4e9084000, 3536)            = 0
stat("/dev/shm/.nas.partstat", {st_mode=S_IFREG|0744, st_size=4080, ...}) = 0
munmap(0x7fd4e9083000, 4080)            = 0
exit_group(0)                           = ?
+++ exited with 0 +++
