7598 [0x7fcd7eac68aa] SYS_brk(0, 0x7fcd7eac9fa0, 0, 895)                                                                           = 0x14da000
7598 [0x7fcd7eac77e7] SYS_readlink(0x7fff96253b84, 0x7fff96252260, 4096, 0x756e694c00000000)                                       = -2
7598 [0x7fcd7eac7677] SYS_open(0x7fcd7eacb1f3, 0, 0, 0x756e694c00000000)                                                           = 3
7598 [0x7fcd7eac77a7] SYS_chdir(0x7fcd7ecd2ba8, 0, 0, 0x756e694c00000000)                                                          = -2
7598 [0x7fcd7eac69d2] SYS_getcwd(0x7fff96252260, 4096, 0, 0x756e694c00000000)                                                      = 23
7598 [0x7fcd7eac77c7] SYS_fchdir(3, 4096, 0, 0x756e694c00000000)                                                                   = 0
7598 [0x7fcd7eac7787] SYS_close(3, 4096, 0, 0x756e694c00000000)                                                                    = 0
7598 [0x7fcd7eac780a] SYS_mmap(0, 4096, 3, 34)                                                                                     = 0x7fcd7eccf000
7598 [0x7fcd7eac76d7] SYS_access(0x7fcd7eacd700, 4, 0x7fcd7ecd2718, 0)                                                             = -2
7598 [0x7fcd7eac7677] SYS_open(0x7fcd7eacb072, 0x80000, 1, 0)                                                                      = 3
7598 [0x7fcd7eac7604] SYS_fstat(3, 0x7fff96251a40, 0x7fff96251a40, 0)                                                              = 0
7598 [0x7fcd7eac780a] SYS_mmap(0, 0x83b3, 1, 2)                                                                                    = 0x7fcd7ecc6000
7598 [0x7fcd7eac7787] SYS_close(3, 0x83b3, 1, 2)                                                                                   = 0
7598 [0x7fcd7eac7677] SYS_open(0x7fcd7eccf640, 0x80000, 0, 56)                                                                     = 3
7598 [0x7fcd7eac7697] SYS_read(3, 0x7fff96251bc8, 832, 56)                                                                         = 832
7598 [0x7fcd7eac7604] SYS_fstat(3, 0x7fff96251aa0, 0x7fff96251aa0, 16)                                                             = 0
7598 [0x7fcd7eac780a] SYS_mmap(0, 0x21bee0, 5, 2050)                                                                               = 0x7fcd7e894000
7598 [0x7fcd7eac7857] SYS_mprotect(0x7fcd7e8af000, 0x200000, 0, 2050)                                                              = 0
7598 [0x7fcd7eac780a] SYS_mmap(0x7fcd7eaaf000, 4096, 3, 2066)                                                                      = 0x7fcd7eaaf000
7598 [0x7fcd7eac7787] SYS_close(3, 16, 0x7fcd7eaaf208, 0x6ffffdff)                                                                 = 0
7598 [0x7fcd7eac7677] SYS_open(0x7fcd7eccfb10, 0x80000, 0, 0x6ffffdff)                                                             = 3
7598 [0x7fcd7eac7697] SYS_read(3, 0x7fff96251b98, 832, 0x6ffffdff)                                                                 = 832
7598 [0x7fcd7eac7604] SYS_fstat(3, 0x7fff96251a70, 0x7fff96251a70, 32)                                                             = 0
7598 [0x7fcd7eac780a] SYS_mmap(0, 0x39dc40, 5, 2050)                                                                               = 0x7fcd7e4f6000
7598 [0x7fcd7eac7857] SYS_mprotect(0x7fcd7e68a000, 0x200000, 0, 2050)                                                              = 0
7598 [0x7fcd7eac780a] SYS_mmap(0x7fcd7e88a000, 0x6000, 3, 2066)                                                                    = 0x7fcd7e88a000
7598 [0x7fcd7eac780a] SYS_mmap(0x7fcd7e890000, 0x3c40, 3, 50)                                                                      = 0x7fcd7e890000
7598 [0x7fcd7eac7787] SYS_close(3, 16, 0, 0x6ffffdff)                                                                              = 0
7598 [0x7fcd7eac7677] SYS_open(0x7fcd7eccffe0, 0x80000, 0, 0x6ffffdff)                                                             = 3
7598 [0x7fcd7eac7697] SYS_read(3, 0x7fff96251a38, 832, 0x6ffffdff)                                                                 = 832
7598 [0x7fcd7eac7604] SYS_fstat(3, 0x7fff96251910, 0x7fff96251910, 16)                                                             = 0
7598 [0x7fcd7eac780a] SYS_mmap(0, 4096, 3, 34)                                                                                     = 0x7fcd7ecc5000
7598 [0x7fcd7eac780a] SYS_mmap(0, 0x2dbbb0, 5, 2050)                                                                               = 0x7fcd7e21a000
7598 [0x7fcd7eac7857] SYS_mprotect(0x7fcd7e2d8000, 0x200000, 0, 2050)                                                              = 0
7598 [0x7fcd7eac780a] SYS_mmap(0x7fcd7e4d8000, 0xa000, 3, 2066)                                                                    = 0x7fcd7e4d8000
7598 [0x7fcd7eac780a] SYS_mmap(0x7fcd7e4e2000, 0x13bb0, 3, 50)                                                                     = 0x7fcd7e4e2000
7598 [0x7fcd7eac7787] SYS_close(3, 16, 0x7fcd7e4de4d8, 0x6ffffdff)                                                                 = 0
7598 [0x7fcd7eac7677] SYS_open(0x7fcd7ecc54b8, 0x80000, 0, 0x6ffffdff)                                                             = 3
7598 [0x7fcd7eac7697] SYS_read(3, 0x7fff96251a08, 832, 0x6ffffdff)                                                                 = 832
7598 [0x7fcd7eac7604] SYS_fstat(3, 0x7fff962518e0, 0x7fff962518e0, 16)                                                             = 0
7598 [0x7fcd7eac780a] SYS_mmap(0, 0x294ee0, 5, 2050)                                                                               = 0x7fcd7df85000
7598 [0x7fcd7eac7857] SYS_mprotect(0x7fcd7e017000, 0x1ff000, 0, 2050)                                                              = 0
7598 [0x7fcd7eac780a] SYS_mmap(0x7fcd7e216000, 0x3000, 3, 2066)                                                                    = 0x7fcd7e216000
7598 [0x7fcd7eac780a] SYS_mmap(0x7fcd7e219000, 3808, 3, 50)                                                                        = 0x7fcd7e219000
7598 [0x7fcd7eac7787] SYS_close(3, 16, 0x7fcd7e216e30, 0x6ffffdff)                                                                 = 0
7598 [0x7fcd7eac7677] SYS_open(0x7fcd7ecc5988, 0x80000, 0, 0x6ffffdff)                                                             = 3
7598 [0x7fcd7eac7697] SYS_read(3, 0x7fff962519d8, 832, 0x6ffffdff)                                                                 = 832
7598 [0x7fcd7eac7604] SYS_fstat(3, 0x7fff962518b0, 0x7fff962518b0, 16)                                                             = 0
7598 [0x7fcd7eac780a] SYS_mmap(0, 0x278960, 5, 2050)                                                                               = 0x7fcd7dd0c000
7598 [0x7fcd7eac7857] SYS_mprotect(0x7fcd7dd82000, 0x200000, 0, 2050)                                                              = 0
7598 [0x7fcd7eac780a] SYS_mmap(0x7fcd7df82000, 0x3000, 3, 2066)                                                                    = 0x7fcd7df82000
7598 [0x7fcd7eac7787] SYS_close(3, 16, 0x7fcd7df823e0, 0x6ffffdff)                                                                 = 0
7598 [0x7fcd7eac7677] SYS_open(0x7fcd7ecc5e58, 0x80000, 0, 0x6ffffdff)                                                             = 3
7598 [0x7fcd7eac7697] SYS_read(3, 0x7fff962519a8, 832, 0x6ffffdff)                                                                 = 832
7598 [0x7fcd7eac7604] SYS_fstat(3, 0x7fff96251880, 0x7fff96251880, 16)                                                             = 0
7598 [0x7fcd7eac780a] SYS_mmap(0, 4096, 3, 34)                                                                                     = 0x7fcd7ecc4000
7598 [0x7fcd7eac780a] SYS_mmap(0, 0x209ad0, 5, 2050)                                                                               = 0x7fcd7db02000
7598 [0x7fcd7eac7857] SYS_mprotect(0x7fcd7db0c000, 0x1ff000, 0, 2050)                                                              = 0
7598 [0x7fcd7eac780a] SYS_mmap(0x7fcd7dd0b000, 4096, 3, 2066)                                                                      = 0x7fcd7dd0b000
7598 [0x7fcd7eac7787] SYS_close(3, 16, 0x7fcd7dd0b690, 0x6ffffdff)                                                                 = 0
7598 [0x7fcd7eac7677] SYS_open(0x7fcd7ecc44b8, 0x80000, 0, 0x6ffffdff)                                                             = 3
7598 [0x7fcd7eac7697] SYS_read(3, 0x7fff96251978, 832, 0x6ffffdff)                                                                 = 832
7598 [0x7fcd7eac7604] SYS_fstat(3, 0x7fff96251850, 0x7fff96251850, 16)                                                             = 0
7598 [0x7fcd7eac780a] SYS_mmap(0, 0x2032c8, 5, 2050)                                                                               = 0x7fcd7d8fe000
7598 [0x7fcd7eac7857] SYS_mprotect(0x7fcd7d901000, 0x200000, 0, 2050)                                                              = 0
7598 [0x7fcd7eac780a] SYS_mmap(0x7fcd7db01000, 4096, 3, 2066)                                                                      = 0x7fcd7db01000
7598 [0x7fcd7eac7787] SYS_close(3, 16, 0x7fcd7db01188, 0x6ffffdff)                                                                 = 0
7598 [0x7fcd7eac7677] SYS_open(0x7fcd7ecc49a0, 0x80000, 0, 0x6ffffdff)                                                             = 3
7598 [0x7fcd7eac7697] SYS_read(3, 0x7fff96251948, 832, 0x6ffffdff)                                                                 = 832
7598 [0x7fcd7eac7604] SYS_fstat(3, 0x7fff96251820, 0x7fff96251820, 16)                                                             = 0
7598 [0x7fcd7eac780a] SYS_mmap(0, 0x207820, 5, 2050)                                                                               = 0x7fcd7d6f6000
7598 [0x7fcd7eac7857] SYS_mprotect(0x7fcd7d6fd000, 0x200000, 0, 2050)                                                              = 0
7598 [0x7fcd7eac780a] SYS_mmap(0x7fcd7d8fd000, 4096, 3, 2066)                                                                      = 0x7fcd7d8fd000
7598 [0x7fcd7eac7787] SYS_close(3, 16, 0x7fcd7d8fd188, 0x6ffffdff)                                                                 = 0
7598 [0x7fcd7eac7677] SYS_open(0x7fcd7ecc4e88, 0x80000, 0, 0x6ffffdff)                                                             = 3
7598 [0x7fcd7eac7697] SYS_read(3, 0x7fff96251918, 832, 0x6ffffdff)                                                                 = 832
7598 [0x7fcd7eac7604] SYS_fstat(3, 0x7fff962517f0, 0x7fff962517f0, 16)                                                             = 0
7598 [0x7fcd7eac780a] SYS_mmap(0, 4096, 3, 34)                                                                                     = 0x7fcd7ecc3000
7598 [0x7fcd7eac780a] SYS_mmap(0, 0x201f30, 5, 2050)                                                                               = 0x7fcd7d4f4000
7598 [0x7fcd7eac7857] SYS_mprotect(0x7fcd7d4f6000, 0x1ff000, 0, 2050)                                                              = 0
7598 [0x7fcd7eac780a] SYS_mmap(0x7fcd7d6f5000, 4096, 3, 2066)                                                                      = 0x7fcd7d6f5000
7598 [0x7fcd7eac7787] SYS_close(3, 16, 0x7fcd7d6f5e18, 0x6ffffdff)                                                                 = 0
7598 [0x7fcd7eac7677] SYS_open(0x7fcd7ecc34b8, 0x80000, 0, 0x6ffffdff)                                                             = 3
7598 [0x7fcd7eac7697] SYS_read(3, 0x7fff962518e8, 832, 0x6ffffdff)                                                                 = 832
7598 [0x7fcd7eac7604] SYS_fstat(3, 0x7fff962517c0, 0x7fff962517c0, 32)                                                             = 0
7598 [0x7fcd7eac780a] SYS_mmap(0, 0x21c490, 5, 2050)                                                                               = 0x7fcd7d2d7000
7598 [0x7fcd7eac7857] SYS_mprotect(0x7fcd7d2ef000, 0x1ff000, 0, 2050)                                                              = 0
7598 [0x7fcd7eac780a] SYS_mmap(0x7fcd7d4ee000, 8192, 3, 2066)                                                                      = 0x7fcd7d4ee000
7598 [0x7fcd7eac780a] SYS_mmap(0x7fcd7d4f0000, 0x3490, 3, 50)                                                                      = 0x7fcd7d4f0000
7598 [0x7fcd7eac7787] SYS_close(3, 16, 0, 0x6ffffdff)                                                                              = 0
7598 [0x7fcd7eac7677] SYS_open(0x7fcd7ecc3988, 0x80000, 0, 0x6ffffdff)                                                             = 3
7598 [0x7fcd7eac7697] SYS_read(3, 0x7fff962518b8, 832, 0x6ffffdff)                                                                 = 832
7598 [0x7fcd7eac7604] SYS_fstat(3, 0x7fff96251790, 0x7fff96251790, 32)                                                             = 0
7598 [0x7fcd7eac780a] SYS_mmap(0, 0x207bc0, 5, 2050)                                                                               = 0x7fcd7d0cf000
7598 [0x7fcd7eac7857] SYS_mprotect(0x7fcd7d0d6000, 0x1ff000, 0, 2050)                                                              = 0
7598 [0x7fcd7eac780a] SYS_mmap(0x7fcd7d2d5000, 8192, 3, 2066)                                                                      = 0x7fcd7d2d5000
7598 [0x7fcd7eac7787] SYS_close(3, 16, 0, 0x6ffffdff)                                                                              = 0
7598 [0x7fcd7eac7677] SYS_open(0x7fcd7ecc3e58, 0x80000, 0, 0x6ffffdff)                                                             = 3
7598 [0x7fcd7eac7697] SYS_read(3, 0x7fff96251888, 832, 0x6ffffdff)                                                                 = 832
7598 [0x7fcd7eac7604] SYS_fstat(3, 0x7fff96251760, 0x7fff96251760, 16)                                                             = 0
7598 [0x7fcd7eac780a] SYS_mmap(0, 4096, 3, 34)                                                                                     = 0x7fcd7ecc2000
7598 [0x7fcd7eac780a] SYS_mmap(0, 0x210868, 5, 2050)                                                                               = 0x7fcd7cebe000
7598 [0x7fcd7eac7857] SYS_mprotect(0x7fcd7cecf000, 0x1ff000, 0, 2050)                                                              = 0
7598 [0x7fcd7eac780a] SYS_mmap(0x7fcd7d0ce000, 4096, 3, 2066)                                                                      = 0x7fcd7d0ce000
7598 [0x7fcd7eac7787] SYS_close(3, 16, 0x7fcd7d0ce408, 0x6ffffdff)                                                                 = 0
7598 [0x7fcd7eac7677] SYS_open(0x7fcd7ecc25a8, 0x80000, 0, 0x7fcd7eccfb28)                                                         = 3
7598 [0x7fcd7eac7697] SYS_read(3, 0x7fff96251828, 832, 0x7fcd7eccfb28)                                                             = 832
7598 [0x7fcd7eac7604] SYS_fstat(3, 0x7fff96251700, 0x7fff96251700, 32)                                                             = 0
7598 [0x7fcd7eac780a] SYS_mmap(0, 0x2fd148, 5, 2050)                                                                               = 0x7fcd7cbc0000
7598 [0x7fcd7eac7857] SYS_mprotect(0x7fcd7ccbd000, 0x1ff000, 0, 2050)                                                              = 0
7598 [0x7fcd7eac780a] SYS_mmap(0x7fcd7cebc000, 8192, 3, 2066)                                                                      = 0x7fcd7cebc000
7598 [0x7fcd7eac7787] SYS_close(3, 16, 0, 0x6ffffdff)                                                                              = 0
7598 [0x7fcd7eac7677] SYS_open(0x7fcd7ecc2ad0, 0x80000, 0, 0x7fcd7ecd19d8)                                                         = 3
7598 [0x7fcd7eac7697] SYS_read(3, 0x7fff962517f8, 832, 0x7fcd7ecd19d8)                                                             = 832
7598 [0x7fcd7eac7604] SYS_fstat(3, 0x7fff962516d0, 0x7fff962516d0, 32)                                                             = 0
7598 [0x7fcd7eac780a] SYS_mmap(0, 0x2361e0, 5, 2050)                                                                               = 0x7fcd7c989000
7598 [0x7fcd7eac7857] SYS_mprotect(0x7fcd7c991000, 0x1ff000, 0, 2050)                                                              = 0
7598 [0x7fcd7eac780a] SYS_mmap(0x7fcd7cb90000, 8192, 3, 2066)                                                                      = 0x7fcd7cb90000
7598 [0x7fcd7eac780a] SYS_mmap(0x7fcd7cb92000, 0x2d1e0, 3, 50)                                                                     = 0x7fcd7cb92000
7598 [0x7fcd7eac7787] SYS_close(3, 16, 0, 0x6ffffdff)                                                                              = 0
7598 [0x7fcd7eac7677] SYS_open(0x7fcd7ecc2fa0, 0x80000, 0, 0x6ffffdff)                                                             = 3
7598 [0x7fcd7eac7697] SYS_read(3, 0x7fff962517c8, 832, 0x6ffffdff)                                                                 = 832
7598 [0x7fcd7eac7604] SYS_fstat(3, 0x7fff962516a0, 0x7fff962516a0, 16)                                                             = 0
7598 [0x7fcd7eac780a] SYS_mmap(0, 4096, 3, 34)                                                                                     = 0x7fcd7ecc1000
7598 [0x7fcd7eac780a] SYS_mmap(0, 0x43fe88, 5, 2050)                                                                               = 0x7fcd7c549000
7598 [0x7fcd7eac7857] SYS_mprotect(0x7fcd7c75e000, 0x200000, 0, 2050)                                                              = 0
7598 [0x7fcd7eac780a] SYS_mmap(0x7fcd7c95e000, 0x27000, 3, 2066)                                                                   = 0x7fcd7c95e000
7598 [0x7fcd7eac780a] SYS_mmap(0x7fcd7c985000, 0x3e88, 3, 50)                                                                      = 0x7fcd7c985000
7598 [0x7fcd7eac7857] SYS_mprotect(0x7fff96253000, 4096, 0x1000007, 4)                                                             = 0
7598 [0x7fcd7eac7787] SYS_close(3, 4096, 0x1000007, 4)                                                                             = 0
7598 [0x7fcd7eac7677] SYS_open(0x7fcd7ecc14c8, 0x80000, 0, 4)                                                                      = 3
7598 [0x7fcd7eac7697] SYS_read(3, 0x7fff96251798, 832, 4)                                                                          = 832
7598 [0x7fcd7eac7604] SYS_fstat(3, 0x7fff96251670, 0x7fff96251670, 16)                                                             = 0
7598 [0x7fcd7eac780a] SYS_mmap(0, 0x209850, 5, 2050)                                                                               = 0x7fcd7c33f000
7598 [0x7fcd7eac7857] SYS_mprotect(0x7fcd7c349000, 0x1ff000, 0, 2050)                                                              = 0
7598 [0x7fcd7eac780a] SYS_mmap(0x7fcd7c548000, 4096, 3, 2066)                                                                      = 0x7fcd7c548000
7598 [0x7fcd7eac7787] SYS_close(3, 16, 0x7fcd7c548618, 0x6ffffdff)                                                                 = 0
7598 [0x7fcd7eac7677] SYS_open(0x7fcd7ecc1a30, 0x80000, 0, 0x7fcd7ecc2000)                                                         = 3
7598 [0x7fcd7eac7697] SYS_read(3, 0x7fff96251768, 832, 0x7fcd7ecc2000)                                                             = 832
7598 [0x7fcd7eac7604] SYS_fstat(3, 0x7fff96251640, 0x7fff96251640, 16)                                                             = 0
7598 [0x7fcd7eac780a] SYS_mmap(0, 0x2b09d0, 5, 2050)                                                                               = 0x7fcd7c08e000
7598 [0x7fcd7eac7857] SYS_mprotect(0x7fcd7c13d000, 0x1ff000, 0, 2050)                                                              = 0
7598 [0x7fcd7eac780a] SYS_mmap(0x7fcd7c33c000, 0x3000, 3, 2066)                                                                    = 0x7fcd7c33c000
7598 [0x7fcd7eac7787] SYS_close(3, 16, 0x7fcd7c33c9a8, 0x6ffffdff)                                                                 = 0
7598 [0x7fcd7eac7677] SYS_open(0x7fcd7ecc1f00, 0x80000, 0, 0x6ffffdff)                                                             = 3
7598 [0x7fcd7eac7697] SYS_read(3, 0x7fff96251738, 832, 0x6ffffdff)                                                                 = 832
7598 [0x7fcd7eac7604] SYS_fstat(3, 0x7fff96251610, 0x7fff96251610, 16)                                                             = 0
7598 [0x7fcd7eac780a] SYS_mmap(0, 4096, 3, 34)                                                                                     = 0x7fcd7ecc0000
7598 [0x7fcd7eac780a] SYS_mmap(0, 0x29d850, 5, 2050)                                                                               = 0x7fcd7bdf0000
7598 [0x7fcd7eac7857] SYS_mprotect(0x7fcd7be89000, 0x200000, 0, 2050)                                                              = 0
7598 [0x7fcd7eac780a] SYS_mmap(0x7fcd7c089000, 0x3000, 3, 2066)                                                                    = 0x7fcd7c089000
7598 [0x7fcd7eac780a] SYS_mmap(0x7fcd7c08c000, 6224, 3, 50)                                                                        = 0x7fcd7c08c000
7598 [0x7fcd7eac7787] SYS_close(3, 16, 0x7fcd7c08acc8, 0x6ffffdff)                                                                 = 0
7598 [0x7fcd7eac7677] SYS_open(0x7fcd7ecc04c8, 0x80000, 0, 0x6ffffdff)                                                             = 3
7598 [0x7fcd7eac7697] SYS_read(3, 0x7fff96251708, 832, 0x6ffffdff)                                                                 = 832
7598 [0x7fcd7eac7604] SYS_fstat(3, 0x7fff962515e0, 0x7fff962515e0, 16)                                                             = 0
7598 [0x7fcd7eac780a] SYS_mmap(0, 0x202e20, 5, 2050)                                                                               = 0x7fcd7bbed000
7598 [0x7fcd7eac7857] SYS_mprotect(0x7fcd7bbf0000, 0x1ff000, 0, 2050)                                                              = 0
7598 [0x7fcd7eac780a] SYS_mmap(0x7fcd7bdef000, 4096, 3, 2066)                                                                      = 0x7fcd7bdef000
7598 [0x7fcd7eac7787] SYS_close(3, 16, 0x7fcd7bdefc28, 0x6ffffdff)                                                                 = 0
7598 [0x7fcd7eac7677] SYS_open(0x7fcd7ecc0a50, 0x80000, 0, 0x7fcd7ecc04e0)                                                         = 3
7598 [0x7fcd7eac7697] SYS_read(3, 0x7fff962516d8, 832, 0x7fcd7ecc04e0)                                                             = 832
7598 [0x7fcd7eac7604] SYS_fstat(3, 0x7fff962515b0, 0x7fff962515b0, 16)                                                             = 0
7598 [0x7fcd7eac780a] SYS_mmap(0, 0x2022e8, 5, 2050)                                                                               = 0x7fcd7b9ea000
7598 [0x7fcd7eac7857] SYS_mprotect(0x7fcd7b9ec000, 0x200000, 0, 2050)                                                              = 0
7598 [0x7fcd7eac780a] SYS_mmap(0x7fcd7bbec000, 4096, 3, 2066)                                                                      = 0x7fcd7bbec000
7598 [0x7fcd7eac7787] SYS_close(3, 16, 0x7fcd7bbec198, 0x6ffffdff)                                                                 = 0
7598 [0x7fcd7eac7677] SYS_open(0x7fcd7ecc0f30, 0x80000, 0, 0x6ffffdff)                                                             = 3
7598 [0x7fcd7eac7697] SYS_read(3, 0x7fff962516a8, 832, 0x6ffffdff)                                                                 = 832
7598 [0x7fcd7eac7604] SYS_fstat(3, 0x7fff96251580, 0x7fff96251580, 16)                                                             = 0
7598 [0x7fcd7eac780a] SYS_mmap(0, 4096, 3, 34)                                                                                     = 0x7fcd7ecbf000
7598 [0x7fcd7eac780a] SYS_mmap(0, 0x201f30, 5, 2050)                                                                               = 0x7fcd7b7e8000
7598 [0x7fcd7eac7857] SYS_mprotect(0x7fcd7b7ea000, 0x1ff000, 0, 2050)                                                              = 0
7598 [0x7fcd7eac780a] SYS_mmap(0x7fcd7b9e9000, 4096, 3, 2066)                                                                      = 0x7fcd7b9e9000
7598 [0x7fcd7eac7787] SYS_close(3, 16, 0x7fcd7b9e9e18, 0x6ffffdff)                                                                 = 0
7598 [0x7fcd7eac7677] SYS_open(0x7fcd7ecbf4c0, 0x80000, 0, 0x6ffffdff)                                                             = 3
7598 [0x7fcd7eac7697] SYS_read(3, 0x7fff96251678, 832, 0x6ffffdff)                                                                 = 832
7598 [0x7fcd7eac7604] SYS_fstat(3, 0x7fff96251550, 0x7fff96251550, 16)                                                             = 0
7598 [0x7fcd7eac780a] SYS_mmap(0, 0x2038b8, 5, 2050)                                                                               = 0x7fcd7b5e4000
7598 [0x7fcd7eac7857] SYS_mprotect(0x7fcd7b5e8000, 0x1ff000, 0, 2050)                                                              = 0
7598 [0x7fcd7eac780a] SYS_mmap(0x7fcd7b7e7000, 4096, 3, 2066)                                                                      = 0x7fcd7b7e7000
7598 [0x7fcd7eac7787] SYS_close(3, 16, 0x7fcd7b7e7748, 0x6ffffdff)                                                                 = 0
7598 [0x7fcd7eac7677] SYS_open(0x7fcd7ecbfbe8, 0x80000, 0, 0x7fcd7eccfb28)                                                         = 3
7598 [0x7fcd7eac7697] SYS_read(3, 0x7fff96251648, 832, 0x7fcd7eccfb28)                                                             = 832
7598 [0x7fcd7eac7604] SYS_fstat(3, 0x7fff96251520, 0x7fff96251520, 32)                                                             = 0
7598 [0x7fcd7eac780a] SYS_mmap(0, 4096, 3, 34)                                                                                     = 0x7fcd7ecbe000
7598 [0x7fcd7eac780a] SYS_mmap(0, 0x203118, 5, 2050)                                                                               = 0x7fcd7b3e0000
7598 [0x7fcd7eac7857] SYS_mprotect(0x7fcd7b3e2000, 0x200000, 0, 2050)                                                              = 0
7598 [0x7fcd7eac780a] SYS_mmap(0x7fcd7b5e2000, 8192, 3, 2066)                                                                      = 0x7fcd7b5e2000
7598 [0x7fcd7eac7787] SYS_close(3, 16, 0x7fcd7b5e2f40, 0x6ffffdff)                                                                 = 0
7598 [0x7fcd7eac7677] SYS_open(0x7fcd7ecbe518, 0x80000, 0, 0x6ffffdff)                                                             = 3
7598 [0x7fcd7eac7697] SYS_read(3, 0x7fff96251618, 832, 0x6ffffdff)                                                                 = 832
7598 [0x7fcd7eac7604] SYS_fstat(3, 0x7fff962514f0, 0x7fff962514f0, 16)                                                             = 0
7598 [0x7fcd7eac780a] SYS_mmap(0, 0x210848, 5, 2050)                                                                               = 0x7fcd7b1cf000
7598 [0x7fcd7eac7857] SYS_mprotect(0x7fcd7b1df000, 0x1ff000, 0, 2050)                                                              = 0
7598 [0x7fcd7eac780a] SYS_mmap(0x7fcd7b3de000, 8192, 3, 2066)                                                                      = 0x7fcd7b3de000
7598 [0x7fcd7eac7787] SYS_close(3, 16, 0x7fcd7b3ded90, 0x6ffffdff)                                                                 = 0
7598 [0x7fcd7eac7677] SYS_open(0x7fcd7ecbea00, 0x80000, 0, 0x6ffffdff)                                                             = 3
7598 [0x7fcd7eac7697] SYS_read(3, 0x7fff962515e8, 832, 0x6ffffdff)                                                                 = 832
7598 [0x7fcd7eac7604] SYS_fstat(3, 0x7fff962514c0, 0x7fff962514c0, 16)                                                             = 0
7598 [0x7fcd7eac780a] SYS_mmap(0, 0x20acf0, 5, 2050)                                                                               = 0x7fcd7afc4000
7598 [0x7fcd7eac7857] SYS_mprotect(0x7fcd7afcf000, 0x1ff000, 0, 2050)                                                              = 0
7598 [0x7fcd7eac780a] SYS_mmap(0x7fcd7b1ce000, 4096, 3, 2066)                                                                      = 0x7fcd7b1ce000
7598 [0x7fcd7eac7787] SYS_close(3, 16, 0x7fcd7b1ce750, 0x6ffffdff)                                                                 = 0
7598 [0x7fcd7eac7677] SYS_open(0x7fcd7ecbef78, 0x80000, 0, 0x7fcd7ecc34d0)                                                         = 3
7598 [0x7fcd7eac7697] SYS_read(3, 0x7fff962515b8, 832, 0x7fcd7ecc34d0)                                                             = 832
7598 [0x7fcd7eac7604] SYS_fstat(3, 0x7fff96251490, 0x7fff96251490, 16)                                                             = 0
7598 [0x7fcd7eac780a] SYS_mmap(0, 4096, 3, 34)                                                                                     = 0x7fcd7ecbd000
7598 [0x7fcd7eac780a] SYS_mmap(0, 0x215730, 5, 2050)                                                                               = 0x7fcd7adae000
7598 [0x7fcd7eac7857] SYS_mprotect(0x7fcd7adc4000, 0x1ff000, 0, 2050)                                                              = 0
7598 [0x7fcd7eac780a] SYS_mmap(0x7fcd7afc3000, 4096, 3, 2066)                                                                      = 0x7fcd7afc3000
7598 [0x7fcd7eac7787] SYS_close(3, 16, 0x7fcd7afc3490, 0x6ffffdff)                                                                 = 0
7598 [0x7fcd7eac7677] SYS_open(0x7fff96251380, 0x80000, 0, 0x36782f39325f3130)                                                     = -2
7598 [0x7fcd7eac75c5] SYS_stat(0x7fff96251380, 0x7fff96251460, 0x7fff96251460, 0x36782f39325f3130)                                 = -2
7598 [0x7fcd7eac7677] SYS_open(0x7fff96251380, 0x80000, 0, 0x36782f39325f3130)                                                     = -2
7598 [0x7fcd7eac75c5] SYS_stat(0x7fff96251380, 0x7fff96251460, 0x7fff96251460, 0x36782f39325f3130)                                 = -2
7598 [0x7fcd7eac7677] SYS_open(0x7fff96251380, 0x80000, 0, 0x36782f39325f3130)                                                     = -2
7598 [0x7fcd7eac75c5] SYS_stat(0x7fff96251380, 0x7fff96251460, 0x7fff96251460, 0x36782f39325f3130)                                 = -2
7598 [0x7fcd7eac7677] SYS_open(0x7fff96251380, 0x80000, 0, 0x36782f39325f3130)                                                     = -2
7598 [0x7fcd7eac75c5] SYS_stat(0x7fff96251380, 0x7fff96251460, 0x7fff96251460, 0x36782f39325f3130)                                 = -2
7598 [0x7fcd7eac7677] SYS_open(0x7fcd7ecbd758, 0x80000, 0, 0x36782f39325f3130)                                                     = 3
7598 [0x7fcd7eac7697] SYS_read(3, 0x7fff96251588, 832, 0x36782f39325f3130)                                                         = 832
7598 [0x7fcd7eac7604] SYS_fstat(3, 0x7fff96251460, 0x7fff96251460, 16)                                                             = 0
7598 [0x7fcd7eac780a] SYS_mmap(0, 0x2f8980, 5, 2050)                                                                               = 0x7fcd7aab5000
7598 [0x7fcd7eac7857] SYS_mprotect(0x7fcd7abac000, 0x200000, 0, 2050)                                                              = 0
7598 [0x7fcd7eac780a] SYS_mmap(0x7fcd7adac000, 8192, 3, 2066)                                                                      = 0x7fcd7adac000
7598 [0x7fcd7eac7787] SYS_close(3, 16, 0x7fcd7adac3a0, 0x6ffffdff)                                                                 = 0
7598 [0x7fcd7eac7677] SYS_open(0x7fcd7ecbdc40, 0x80000, 0, 0x6ffffdff)                                                             = 3
7598 [0x7fcd7eac7697] SYS_read(3, 0x7fff96251558, 832, 0x6ffffdff)                                                                 = 832
7598 [0x7fcd7eac7604] SYS_fstat(3, 0x7fff96251430, 0x7fff96251430, 16)                                                             = 0
7598 [0x7fcd7eac780a] SYS_mmap(0, 4096, 3, 34)                                                                                     = 0x7fcd7ecbc000
7598 [0x7fcd7eac780a] SYS_mmap(0, 0x2fc9d8, 5, 2050)                                                                               = 0x7fcd7a7b8000
7598 [0x7fcd7eac7857] SYS_mprotect(0x7fcd7a8b3000, 0x200000, 0, 2050)                                                              = 0
7598 [0x7fcd7eac780a] SYS_mmap(0x7fcd7aab3000, 8192, 3, 2066)                                                                      = 0x7fcd7aab3000
7598 [0x7fcd7eac7787] SYS_close(3, 16, 0x7fcd7aab4828, 0x6ffffdff)                                                                 = 0
7598 [0x7fcd7eac7677] SYS_open(0x7fcd7ecbc4b8, 0x80000, 0, 0x6ffffdff)                                                             = 3
7598 [0x7fcd7eac7697] SYS_read(3, 0x7fff96251528, 832, 0x6ffffdff)                                                                 = 832
7598 [0x7fcd7eac7604] SYS_fstat(3, 0x7fff96251400, 0x7fff96251400, 16)                                                             = 0
7598 [0x7fcd7eac780a] SYS_mmap(0, 0x242830, 5, 2050)                                                                               = 0x7fcd7a575000
7598 [0x7fcd7eac7857] SYS_mprotect(0x7fcd7a5b8000, 0x1ff000, 0, 2050)                                                              = 0
7598 [0x7fcd7eac780a] SYS_mmap(0x7fcd7a7b7000, 4096, 3, 2066)                                                                      = 0x7fcd7a7b7000
7598 [0x7fcd7eac7787] SYS_close(3, 16, 0x7fcd7a7b7630, 0x6ffffdff)                                                                 = 0
7598 [0x7fcd7eac780a] SYS_mmap(0, 4096, 3, 34)                                                                                     = 0x7fcd7ecbb000
7598 [0x7fcd7eac780a] SYS_mmap(0, 4096, 3, 34)                                                                                     = 0x7fcd7ecba000
7598 [0x7fcd7eac780a] SYS_mmap(0, 8192, 3, 34)                                                                                     = 0x7fcd7ecb8000
7598 [0x7fcd7eab1044] SYS_arch_prctl(4098, 0x7fcd7ecb8780, 0x7fcd7ecb9080, 34)                                                     = 0
7598 [0x7fcd7eac7857] SYS_mprotect(0x7fcd7e88a000, 0x4000, 1, 1)                                                                   = 0
7598 [0x7fcd7eac7857] SYS_mprotect(0x7fcd7d4ee000, 4096, 1, 0x7fcd7d2dc500)                                                        = 0
7598 [0x7fcd7eac7857] SYS_mprotect(0x7fcd7cebc000, 4096, 1, 1)                                                                     = 0
7598 [0x7fcd7eac7857] SYS_mprotect(0x7fcd7e4d8000, 0x7000, 1, 0x7fcd7e272810)                                                      = 0
7598 [0x7fcd7eac7857] SYS_mprotect(0x7fcd7d2d5000, 4096, 1, 0x7fcd7d0d0d58)                                                        = 0
7598 [0x7fcd7eac7857] SYS_mprotect(0x7fcd7cb90000, 4096, 1, 0x7fcd7c989a00)                                                        = 0
7598 [0x7fcd7eac7857] SYS_mprotect(0x7fcd7b5e2000, 4096, 1, 0x7fcd7b3e0c68)                                                        = 0
7598 [0x7fcd7eac7857] SYS_mprotect(0x7fcd7ecd0000, 4096, 1, 0)                                                                     = 0
7598 [0x7fcd7eac7837] SYS_munmap(0x7fcd7ecc6000, 0x83b3, 0x72000, 0)                                                               = 0
7598 [0x7fcd7d2dde92] SYS_set_tid_address(0x7fcd7ecb8a50, 0x7fff962533f8, 0x7fcd7ecb8780, 0)                                       = 7598
7598 [0x7fcd7d2ddefa] SYS_set_robust_list(0x7fcd7ecb8a60, 24, 0x7fcd7ecb8780, 0)                                                   = 0
7598 [0x7fcd7d2e7cf5] SYS_rt_sigaction(32, 0x7fff96253148, 0, 8)                                                                   = 0
7598 [0x7fcd7d2e7cf5] SYS_rt_sigaction(33, 0x7fff96253148, 0, 8)                                                                   = 0
7598 [0x7fcd7d2ddfd6] SYS_rt_sigprocmask(1, 0x7fff96253298, 0, 8)                                                                  = 0
7598 [0x7fcd7e5d6b17] SYS_getrlimit(3, 0x7fff96253330, 63, 1)                                                                      = 0
7598 [0x7fcd7d2ddb95] SYS_futex(0x7fcd7e4e27e0, 129, 0x7fffffff, 0)                                                                = 0
7598 [0x400858] buzzctrl->Ndal_Buzzer_Set_Event(16, 0x7fff96253b90, 3, 0 <unfinished ...>
7598 [0x7fcd7e89ba68]   libndal.so->Ndal_Buzzer_Get_Config(0x7fff96253230, 0x7fff96253b90, 3, 0 <unfinished ...>
7598 [0x7fcd7e89b9d5]     libndal.so->Hal_Get_Platform_Buzzer_Count(0x7fff96253230, 0x7fff96253b90, 3, 0)                          = 0
7598 [0x7fcd7e89b9f4]     libndal.so->Get_Conf_File_Integer_Value(char const*, char const*, char const*, int*)(0x7fcd7e8ab6a2, 0x7fcd7e8ab69b, 0x7fcd7e8ab690, 0x7fff9625321c <unfinished ...>
7598 [0x7fcd7dfb4c31]       libgeneral.so->Get_Conf_File_Int64_Value(char const*, char const*, char const*, long*)(0x7fcd7e8ab6a2, 0x7fcd7e8ab69b, 0x7fcd7e8ab690, 0x7fff962531f8 <unfinished ...>
7598 [0x7fcd7dfb4acd]         libgeneral.so->Get_Conf_File_String_Value(char const*, char const*, char const*, char*, int*)(0x7fcd7e8ab6a2, 0x7fcd7e8ab69b, 0x7fcd7e8ab690, 0x7fff962531a0 <unfinished ...>
7598 [0x7fcd7dfb2d52]           libgeneral.so->Cache_Conf_File(char const*, char**)(0x7fcd7e8ab6a2, 0x7fff96253158, 0x7fcd7e8ab690, 0x7fff962531cc <unfinished ...>
7598 [0x7fcd7e5d1365]             SYS_stat(0x7fcd7e8ab6a2, 0x7fff96253070, 0x7fff96253070, 1)                                      = 0
7598 [0x7fcd7e5d17e0]             SYS_open(0x7fcd7e8ab6a2, 0, 0x7fff96253070, 1)                                                   = 3
7598 [0x7fcd7e5d6f5a]             SYS_brk(0, 0x7fcd7e88e640, 0, -4096)                                                             = 0x14da000
7598 [0x7fcd7e5d6f5a]             SYS_brk(0x14fb000, 0x14da000, 0x14fb000, -4096)                                                  = 0x14fb000
7598 [0x7fcd7e5d1a20]             SYS_read(3, 0x14da010, 1735, 1)                                                                  = 1735
7598 [0x7fcd7e5d2070]             SYS_close(3, 0x14da010, 1735, 1)                                                                 = 0
7598 [0x7fcd7dfb2d52]           <... Cache_Conf_File(char const*, char**) resumed> )                                               = 1735
7598 [0x7fcd7dfb4acd]         <... Get_Conf_File_String_Value(char const*, char const*, char const*, char*, int*) resumed> )       = 0
7598 [0x7fcd7dfb4c31]       <... Get_Conf_File_Int64_Value(char const*, char const*, char const*, long*) resumed> )                = 0
7598 [0x7fcd7e89b9f4]     <... Get_Conf_File_Integer_Value(char const*, char const*, char const*, int*) resumed> )                 = 0
7598 [0x7fcd7e89ba68]   <... Ndal_Buzzer_Get_Config resumed> )                                                                     = 0
7598 [0x7fcd7e89baaa]   libndal.so->Hal_Buzzer_Set_Mode(2, 0x7fff962531a2, 16, 1 <unfinished ...>
7598 [0x7fcd7db061a9]     libnhal.so->Hal_Get_Platform_Identity(0x7fff96253218, 0x7fff962531a2, 16, 1 <unfinished ...>
7598 [0x7fcd7db06fca]       libnhal.so->Hal_Get_Nas_Model(0x7fff962531fc, 0x7fff962531a2, 16, 1 <unfinished ...>
7598 [0x7fcd7dfb2d52]         libgeneral.so->Cache_Conf_File(char const*, char**)(0x7fcd7db0a07f, 0x7fff96253168, 0x7fcd7db0a08d, 0x7fff962531cc <unfinished ...>
7598 [0x7fcd7e5d1365]           SYS_stat(0x7fcd7db0a07f, 0x7fff96253080, 0x7fff96253080, 1)                                        = 0
7598 [0x7fcd7e5d17e0]           SYS_open(0x7fcd7db0a07f, 0, 0x7fff96253080, 1)                                                     = 3
7598 [0x7fcd7e5d1a20]           SYS_read(3, 0x14da010, 2822, 3)                                                                    = 2822
7598 [0x7fcd7e5d2070]           SYS_close(3, 0x14da010, 2822, 3)                                                                   = 0
7598 [0x7fcd7dfb2d52]         <... Cache_Conf_File(char const*, char**) resumed> )                                                 = 2822
7598 [0x7fcd7db06fca]       <... Hal_Get_Nas_Model resumed> )                                                                      = 0
7598 [0x7fcd7db061a9]     <... Hal_Get_Platform_Identity resumed> )                                                                = 0
7598 [0x7fcd7db061b7]     libnhal.so->Hal_Get_Nas_Model(0x7fff9625321c, 0x7fff962531b7, 0x7fcd7db07020, 0xffffffffffffcc70 <unfinished ...>
7598 [0x7fcd7dfb2d52]       libgeneral.so->Cache_Conf_File(char const*, char**)(0x7fcd7db0a07f, 0x7fff96253188, 0x7fcd7db0a08d, 0x7fff962531ec <unfinished ...>
7598 [0x7fcd7e5d1365]         SYS_stat(0x7fcd7db0a07f, 0x7fff962530a0, 0x7fff962530a0, 0)                                          = 0
7598 [0x7fcd7e5d17e0]         SYS_open(0x7fcd7db0a07f, 0, 0x7fff962530a0, 0)                                                       = 3
7598 [0x7fcd7e5d1a20]         SYS_read(3, 0x14da010, 2822, 3)                                                                      = 2822
7598 [0x7fcd7e5d2070]         SYS_close(3, 0x14da010, 2822, 3)                                                                     = 0
7598 [0x7fcd7dfb2d52]       <... Cache_Conf_File(char const*, char**) resumed> )                                                   = 2822
7598 [0x7fcd7db061b7]     <... Hal_Get_Nas_Model resumed> )                                                                        = 0
7598 [0x7fcd7db06134]     libnhal.so->Intel_Milstead_Set_Buzzer(1, 8, 8, 1 <unfinished ...>
7598 [0x7fcd7e5d1557]       SYS_statfs(0x7fcd7d2ea1e8, 0x7fff96252f50, 0x7fcd7d4f3310, 1)                                          = 0
7598 [0x7fcd7d2ddb95]       SYS_futex(0x7fcd7d4f3310, 129, 0x7fffffff, 0)                                                          = 0
7598 [0x7fcd7e5d1405]       SYS_lstat(0x7fff96253030, 0x7fff96252f40, 0x7fff96252f40, 0)                                           = -2
7598 [0x7fcd7d2e7510]       SYS_open(0x7fff96253030, 194, 600, 0)                                                                  = 3
7598 [0x7fcd7d2e6da0]       SYS_write(3, 0x7fff962530b0, 32, 0)                                                                    = 32
7598 [0x7fcd7e5da72a]       SYS_mmap(0, 32, 3, 1)                                                                                  = 0x7fcd7ecce000
7598 [0x7fcd7e5d31a7]       SYS_link(0x7fff96253030, 0x7fff96253060, 3, 1)                                                         = -17
7598 [0x7fcd7e5da757]       SYS_munmap(0x7fcd7ecce000, 32, 3, 1)                                                                   = 0
7598 [0x7fcd7e5d32c7]       SYS_unlink(0x7fff96253030, 32, 3, 1)                                                                   = 0
7598 [0x7fcd7d2e6e60]       SYS_close(3, 32, 3, 1)                                                                                 = 0
7598 [0x7fcd7d2e7510]       SYS_open(0x7fff96253060, 0x20002, 18, 1)                                                               = 3
7598 [0x7fcd7e5d13b4]       SYS_fstat(3, 0x7fff96252f90, 0x7fff96252f90, 1)                                                        = 0
7598 [0x7fcd7e5da72a]       SYS_mmap(0, 32, 3, 1)                                                                                  = 0x7fcd7ecce000
7598 [0x7fcd7d2e6e60]       SYS_close(3, 32, 0, 3)                                                                                 = 0
7598 [0x7fcd7e5de6b7]       SYS_ioperm(67, 1, 1, 1)                                                                                = 0
7598 [0x7fcd7e5de6b7]       SYS_ioperm(67, 1, 0, 1)                                                                                = 0
7598 [0x7fcd7e5de6b7]       SYS_ioperm(66, 1, 1, 1)                                                                                = 0
7598 [0x7fcd7e5de6b7]       SYS_ioperm(66, 1, 0, 1)                                                                                = 0
7598 [0x7fcd7e5de6b7]       SYS_ioperm(66, 1, 1, 1)                                                                                = 0
7598 [0x7fcd7e5de6b7]       SYS_ioperm(66, 1, 0, 1)                                                                                = 0
7598 [0x7fcd7e5de6b7]       SYS_ioperm(97, 1, 1, 1)                                                                                = 0
7598 [0x7fcd7e5de6b7]       SYS_ioperm(97, 1, 0, 1)                                                                                = 0
7598 [0x7fcd7e5de6b7]       SYS_ioperm(97, 1, 1, 1)                                                                                = 0
7598 [0x7fcd7e5de6b7]       SYS_ioperm(97, 1, 0, 1)                                                                                = 0
7598 [0x7fcd7e5da757]       SYS_munmap(0x7fcd7ecce000, 32, 0, 1)                                                                   = 0
7598 [0x7fcd7db06134]     <... Intel_Milstead_Set_Buzzer resumed> )                                                                = 0
7598 [0x7fcd7db06145]     libnhal.so->It87_Set_Gpio(0, 5, 1, 0x7fcd7e88e658 <unfinished ...>
7598 [0x7fcd7d6f9e70]       libgeneraldrv.so->Hw_Semaphore_Init(0x7fff96253170, 0x7fcd7d6fc012, 1, 0 <unfinished ...>
7598 [0x7fcd7e5d1405]         SYS_lstat(0x7fff96252ff0, 0x7fff96252f00, 0x7fff96252f00, 0)                                         = -2
7598 [0x7fcd7d2e7510]         SYS_open(0x7fff96252ff0, 194, 600, 0)                                                                = 3
7598 [0x7fcd7d2e6da0]         SYS_write(3, 0x7fff96253070, 32, 0)                                                                  = 32
7598 [0x7fcd7e5da72a]         SYS_mmap(0, 32, 3, 1)                                                                                = 0x7fcd7ecce000
7598 [0x7fcd7e5d31a7]         SYS_link(0x7fff96252ff0, 0x7fff96253020, 3, 1)                                                       = -17
7598 [0x7fcd7e5da757]         SYS_munmap(0x7fcd7ecce000, 32, 3, 1)                                                                 = 0
7598 [0x7fcd7e5d32c7]         SYS_unlink(0x7fff96252ff0, 32, 3, 1)                                                                 = 0
7598 [0x7fcd7d2e6e60]         SYS_close(3, 32, 3, 1)                                                                               = 0
7598 [0x7fcd7d2e7510]         SYS_open(0x7fff96253020, 0x20002, 20, 1)                                                             = 3
7598 [0x7fcd7e5d13b4]         SYS_fstat(3, 0x7fff96252f50, 0x7fff96252f50, 1)                                                      = 0
7598 [0x7fcd7e5da72a]         SYS_mmap(0, 32, 3, 1)                                                                                = 0x7fcd7ecce000
7598 [0x7fcd7d2e6e60]         SYS_close(3, 32, 0, 1)                                                                               = 0
7598 [0x7fcd7d6f9e70]       <... Hw_Semaphore_Init resumed> )                                                                      = 17
7598 [0x7fcd7d6f9e80]       libgeneraldrv.so->Hw_Semaphore_Lock(0x7fff96253170, 32, 0x7fcd7ecce000, -1)                            = 0
7598 [0x7fcd7e5de6b7]       SYS_ioperm(46, 1, 1, 1)                                                                                = 0
7598 [0x7fcd7e5de6b7]       SYS_ioperm(46, 1, 0, 1)                                                                                = 0
7598 [0x7fcd7e5de6b7]       SYS_ioperm(235, 1, 1, 1)                                                                               = 0
7598 [0x7fcd7e5de6b7]       SYS_ioperm(235, 1, 0, 1)                                                                               = 0
7598 [0x7fcd7e5de6b7]       SYS_ioperm(46, 1, 1, 1)                                                                                = 0
7598 [0x7fcd7e5de6b7]       SYS_ioperm(46, 1, 0, 1)                                                                                = 0
7598 [0x7fcd7e5de6b7]       SYS_ioperm(235, 1, 1, 1)                                                                               = 0
7598 [0x7fcd7e5de6b7]       SYS_ioperm(235, 1, 0, 1)                                                                               = 0
7598 [0x7fcd7e5de6b7]       SYS_ioperm(46, 1, 1, 1)                                                                                = 0
7598 [0x7fcd7e5de6b7]       SYS_ioperm(46, 1, 0, 1)                                                                                = 0
7598 [0x7fcd7e5de6b7]       SYS_ioperm(235, 1, 1, 1)                                                                               = 0
7598 [0x7fcd7e5de6b7]       SYS_ioperm(235, 1, 0, 1)                                                                               = 0
7598 [0x7fcd7e5de6b7]       SYS_ioperm(46, 1, 1, 1)                                                                                = 0
7598 [0x7fcd7e5de6b7]       SYS_ioperm(46, 1, 0, 1)                                                                                = 0
7598 [0x7fcd7e5de6b7]       SYS_ioperm(235, 1, 1, 1)                                                                               = 0
7598 [0x7fcd7e5de6b7]       SYS_ioperm(235, 1, 0, 1)                                                                               = 0
7598 [0x7fcd7e5de6b7]       SYS_ioperm(46, 1, 1, 1)                                                                                = 0
7598 [0x7fcd7e5de6b7]       SYS_ioperm(46, 1, 0, 1)                                                                                = 0
7598 [0x7fcd7e5de6b7]       SYS_ioperm(235, 1, 1, 1)                                                                               = 0
7598 [0x7fcd7e5de6b7]       SYS_ioperm(235, 1, 0, 1)                                                                               = 0
7598 [0x7fcd7e5de6b7]       SYS_ioperm(47, 1, 1, 1)                                                                                = 0
7598 [0x7fcd7e5de6b7]       SYS_ioperm(47, 1, 0, 1)                                                                                = 0
7598 [0x7fcd7e5de6b7]       SYS_ioperm(235, 1, 1, 1)                                                                               = 0
7598 [0x7fcd7e5de6b7]       SYS_ioperm(235, 1, 0, 1)                                                                               = 0
7598 [0x7fcd7e5de6b7]       SYS_ioperm(46, 1, 1, 1)                                                                                = 0
7598 [0x7fcd7e5de6b7]       SYS_ioperm(46, 1, 0, 1)                                                                                = 0
7598 [0x7fcd7e5de6b7]       SYS_ioperm(235, 1, 1, 1)                                                                               = 0
7598 [0x7fcd7e5de6b7]       SYS_ioperm(235, 1, 0, 1)                                                                               = 0
7598 [0x7fcd7e5de6b7]       SYS_ioperm(47, 1, 1, 1)                                                                                = 0
7598 [0x7fcd7e5de6b7]       SYS_ioperm(47, 1, 0, 1)                                                                                = 0
7598 [0x7fcd7e5de6b7]       SYS_ioperm(235, 1, 1, 1)                                                                               = 0
7598 [0x7fcd7e5de6b7]       SYS_ioperm(235, 1, 0, 1)                                                                               = 0
7598 [0x7fcd7e5de6b7]       SYS_ioperm(46, 1, 1, 1)                                                                                = 0
7598 [0x7fcd7e5de6b7]       SYS_ioperm(46, 1, 0, 1)                                                                                = 0
7598 [0x7fcd7e5de6b7]       SYS_ioperm(235, 1, 1, 1)                                                                               = 0
7598 [0x7fcd7e5de6b7]       SYS_ioperm(235, 1, 0, 1)                                                                               = 0
7598 [0x7fcd7e5de6b7]       SYS_ioperm(47, 1, 1, 1)                                                                                = 0
7598 [0x7fcd7e5de6b7]       SYS_ioperm(47, 1, 0, 1)                                                                                = 0
7598 [0x7fcd7e5de6b7]       SYS_ioperm(235, 1, 1, 1)                                                                               = 0
7598 [0x7fcd7e5de6b7]       SYS_ioperm(235, 1, 0, 1)                                                                               = 0
7598 [0x7fcd7e5de6b7]       SYS_ioperm(46, 1, 1, 1)                                                                                = 0
7598 [0x7fcd7e5de6b7]       SYS_ioperm(46, 1, 0, 1)                                                                                = 0
7598 [0x7fcd7e5de6b7]       SYS_ioperm(235, 1, 1, 1)                                                                               = 0
7598 [0x7fcd7e5de6b7]       SYS_ioperm(235, 1, 0, 1)                                                                               = 0
7598 [0x7fcd7e5de6b7]       SYS_ioperm(47, 1, 1, 1)                                                                                = 0
7598 [0x7fcd7e5de6b7]       SYS_ioperm(47, 1, 0, 1)                                                                                = 0
7598 [0x7fcd7e5de6b7]       SYS_ioperm(235, 1, 1, 1)                                                                               = 0
7598 [0x7fcd7e5de6b7]       SYS_ioperm(235, 1, 0, 1)                                                                               = 0
7598 [0x7fcd7e5de6b7]       SYS_ioperm(1733, 1, 1, 1)                                                                              = 0
7598 [0x7fcd7e5de6b7]       SYS_ioperm(1733, 1, 0, 1)                                                                              = 0
7598 [0x7fcd7e5de6b7]       SYS_ioperm(235, 1, 1, 1)                                                                               = 0
7598 [0x7fcd7e5de6b7]       SYS_ioperm(235, 1, 0, 1)                                                                               = 0
7598 [0x7fcd7e5de6b7]       SYS_ioperm(1734, 1, 1, 1)                                                                              = 0
7598 [0x7fcd7e5de6b7]       SYS_ioperm(1734, 1, 0, 1)                                                                              = 0
7598 [0x7fcd7e5de6b7]       SYS_ioperm(235, 1, 1, 1)                                                                               = 0
7598 [0x7fcd7e5de6b7]       SYS_ioperm(235, 1, 0, 1)                                                                               = 0
7598 [0x7fcd7e5de6b7]       SYS_ioperm(1733, 1, 1, 1)                                                                              = 0
7598 [0x7fcd7e5de6b7]       SYS_ioperm(1733, 1, 0, 1)                                                                              = 0
7598 [0x7fcd7e5de6b7]       SYS_ioperm(235, 1, 1, 1)                                                                               = 0
7598 [0x7fcd7e5de6b7]       SYS_ioperm(235, 1, 0, 1)                                                                               = 0
7598 [0x7fcd7e5de6b7]       SYS_ioperm(1734, 1, 1, 1)                                                                              = 0
7598 [0x7fcd7e5de6b7]       SYS_ioperm(1734, 1, 0, 1)                                                                              = 0
7598 [0x7fcd7e5de6b7]       SYS_ioperm(235, 1, 1, 1)                                                                               = 0
7598 [0x7fcd7e5de6b7]       SYS_ioperm(235, 1, 0, 1)                                                                               = 0
7598 [0x7fcd7e5de6b7]       SYS_ioperm(46, 1, 1, 1)                                                                                = 0
7598 [0x7fcd7e5de6b7]       SYS_ioperm(46, 1, 0, 1)                                                                                = 0
7598 [0x7fcd7e5de6b7]       SYS_ioperm(235, 1, 1, 1)                                                                               = 0
7598 [0x7fcd7e5de6b7]       SYS_ioperm(235, 1, 0, 1)                                                                               = 0
7598 [0x7fcd7e5de6b7]       SYS_ioperm(46, 1, 1, 1)                                                                                = 0
7598 [0x7fcd7e5de6b7]       SYS_ioperm(46, 1, 0, 1)                                                                                = 0
7598 [0x7fcd7e5de6b7]       SYS_ioperm(235, 1, 1, 1)                                                                               = 0
7598 [0x7fcd7e5de6b7]       SYS_ioperm(235, 1, 0, 1)                                                                               = 0
7598 [0x7fcd7e5de6b7]       SYS_ioperm(46, 1, 1, 1)                                                                                = 0
7598 [0x7fcd7e5de6b7]       SYS_ioperm(46, 1, 0, 1)                                                                                = 0
7598 [0x7fcd7e5de6b7]       SYS_ioperm(235, 1, 1, 1)                                                                               = 0
7598 [0x7fcd7e5de6b7]       SYS_ioperm(235, 1, 0, 1)                                                                               = 0
7598 [0x7fcd7e5de6b7]       SYS_ioperm(46, 1, 1, 1)                                                                                = 0
7598 [0x7fcd7e5de6b7]       SYS_ioperm(46, 1, 0, 1)                                                                                = 0
7598 [0x7fcd7e5de6b7]       SYS_ioperm(235, 1, 1, 1)                                                                               = 0
7598 [0x7fcd7e5de6b7]       SYS_ioperm(235, 1, 0, 1)                                                                               = 0
7598 [0x7fcd7e5de6b7]       SYS_ioperm(46, 1, 1, 1)                                                                                = 0
7598 [0x7fcd7e5de6b7]       SYS_ioperm(46, 1, 0, 1)                                                                                = 0
7598 [0x7fcd7e5de6b7]       SYS_ioperm(235, 1, 1, 1)                                                                               = 0
7598 [0x7fcd7e5de6b7]       SYS_ioperm(235, 1, 0, 1)                                                                               = 0
7598 [0x7fcd7e5de6b7]       SYS_ioperm(47, 1, 1, 1)                                                                                = 0
7598 [0x7fcd7e5de6b7]       SYS_ioperm(47, 1, 0, 1)                                                                                = 0
7598 [0x7fcd7e5de6b7]       SYS_ioperm(235, 1, 1, 1)                                                                               = 0
7598 [0x7fcd7e5de6b7]       SYS_ioperm(235, 1, 0, 1)                                                                               = 0
7598 [0x7fcd7e5de6b7]       SYS_ioperm(46, 1, 1, 1)                                                                                = 0
7598 [0x7fcd7e5de6b7]       SYS_ioperm(46, 1, 0, 1)                                                                                = 0
7598 [0x7fcd7e5de6b7]       SYS_ioperm(235, 1, 1, 1)                                                                               = 0
7598 [0x7fcd7e5de6b7]       SYS_ioperm(235, 1, 0, 1)                                                                               = 0
7598 [0x7fcd7e5de6b7]       SYS_ioperm(47, 1, 1, 1)                                                                                = 0
7598 [0x7fcd7e5de6b7]       SYS_ioperm(47, 1, 0, 1)                                                                                = 0
7598 [0x7fcd7e5de6b7]       SYS_ioperm(235, 1, 1, 1)                                                                               = 0
7598 [0x7fcd7e5de6b7]       SYS_ioperm(235, 1, 0, 1)                                                                               = 0
7598 [0x7fcd7e5de6b7]       SYS_ioperm(46, 1, 1, 1)                                                                                = 0
7598 [0x7fcd7e5de6b7]       SYS_ioperm(46, 1, 0, 1)                                                                                = 0
7598 [0x7fcd7e5de6b7]       SYS_ioperm(235, 1, 1, 1)                                                                               = 0
7598 [0x7fcd7e5de6b7]       SYS_ioperm(235, 1, 0, 1)                                                                               = 0
7598 [0x7fcd7e5de6b7]       SYS_ioperm(47, 1, 1, 1)                                                                                = 0
7598 [0x7fcd7e5de6b7]       SYS_ioperm(47, 1, 0, 1)                                                                                = 0
7598 [0x7fcd7e5de6b7]       SYS_ioperm(235, 1, 1, 1)                                                                               = 0
7598 [0x7fcd7e5de6b7]       SYS_ioperm(235, 1, 0, 1)                                                                               = 0
7598 [0x7fcd7e5de6b7]       SYS_ioperm(46, 1, 1, 1)                                                                                = 0
7598 [0x7fcd7e5de6b7]       SYS_ioperm(46, 1, 0, 1)                                                                                = 0
7598 [0x7fcd7e5de6b7]       SYS_ioperm(235, 1, 1, 1)                                                                               = 0
7598 [0x7fcd7e5de6b7]       SYS_ioperm(235, 1, 0, 1)                                                                               = 0
7598 [0x7fcd7e5de6b7]       SYS_ioperm(47, 1, 1, 1)                                                                                = 0
7598 [0x7fcd7e5de6b7]       SYS_ioperm(47, 1, 0, 1)                                                                                = 0
7598 [0x7fcd7e5de6b7]       SYS_ioperm(235, 1, 1, 1)                                                                               = 0
7598 [0x7fcd7e5de6b7]       SYS_ioperm(235, 1, 0, 1)                                                                               = 0
7598 [0x7fcd7e5de6b7]       SYS_ioperm(46, 1, 1, 1)                                                                                = 0
7598 [0x7fcd7e5de6b7]       SYS_ioperm(46, 1, 0, 1)                                                                                = 0
7598 [0x7fcd7e5de6b7]       SYS_ioperm(235, 1, 1, 1)                                                                               = 0
7598 [0x7fcd7e5de6b7]       SYS_ioperm(235, 1, 0, 1)                                                                               = 0
7598 [0x7fcd7e5de6b7]       SYS_ioperm(47, 1, 1, 1)                                                                                = 0
7598 [0x7fcd7e5de6b7]       SYS_ioperm(47, 1, 0, 1)                                                                                = 0
7598 [0x7fcd7e5de6b7]       SYS_ioperm(235, 1, 1, 1)                                                                               = 0
7598 [0x7fcd7e5de6b7]       SYS_ioperm(235, 1, 0, 1)                                                                               = 0
7598 [0x7fcd7e5de6b7]       SYS_ioperm(46, 1, 1, 1)                                                                                = 0
7598 [0x7fcd7e5de6b7]       SYS_ioperm(46, 1, 0, 1)                                                                                = 0
7598 [0x7fcd7e5de6b7]       SYS_ioperm(235, 1, 1, 1)                                                                               = 0
7598 [0x7fcd7e5de6b7]       SYS_ioperm(235, 1, 0, 1)                                                                               = 0
7598 [0x7fcd7e5de6b7]       SYS_ioperm(47, 1, 1, 1)                                                                                = 0
7598 [0x7fcd7e5de6b7]       SYS_ioperm(47, 1, 0, 1)                                                                                = 0
7598 [0x7fcd7e5de6b7]       SYS_ioperm(235, 1, 1, 1)                                                                               = 0
7598 [0x7fcd7e5de6b7]       SYS_ioperm(235, 1, 0, 1)                                                                               = 0
7598 [0x7fcd7e5de6b7]       SYS_ioperm(46, 1, 1, 1)                                                                                = 0
7598 [0x7fcd7e5de6b7]       SYS_ioperm(46, 1, 0, 1)                                                                                = 0
7598 [0x7fcd7e5de6b7]       SYS_ioperm(235, 1, 1, 1)                                                                               = 0
7598 [0x7fcd7e5de6b7]       SYS_ioperm(235, 1, 0, 1)                                                                               = 0
7598 [0x7fcd7e5de6b7]       SYS_ioperm(47, 1, 1, 1)                                                                                = 0
7598 [0x7fcd7e5de6b7]       SYS_ioperm(47, 1, 0, 1)                                                                                = 0
7598 [0x7fcd7e5de6b7]       SYS_ioperm(235, 1, 1, 1)                                                                               = 0
7598 [0x7fcd7e5de6b7]       SYS_ioperm(235, 1, 0, 1)                                                                               = 0
7598 [0x7fcd7e5de6b7]       SYS_ioperm(46, 1, 1, 1)                                                                                = 0
7598 [0x7fcd7e5de6b7]       SYS_ioperm(46, 1, 0, 1)                                                                                = 0
7598 [0x7fcd7e5de6b7]       SYS_ioperm(235, 1, 1, 1)                                                                               = 0
7598 [0x7fcd7e5de6b7]       SYS_ioperm(235, 1, 0, 1)                                                                               = 0
7598 [0x7fcd7e5de6b7]       SYS_ioperm(47, 1, 1, 1)                                                                                = 0
7598 [0x7fcd7e5de6b7]       SYS_ioperm(47, 1, 0, 1)                                                                                = 0
7598 [0x7fcd7e5de6b7]       SYS_ioperm(235, 1, 1, 1)                                                                               = 0
7598 [0x7fcd7e5de6b7]       SYS_ioperm(235, 1, 0, 1)                                                                               = 0
7598 [0x7fcd7e5de6b7]       SYS_ioperm(46, 1, 1, 1)                                                                                = 0
7598 [0x7fcd7e5de6b7]       SYS_ioperm(46, 1, 0, 1)                                                                                = 0
7598 [0x7fcd7e5de6b7]       SYS_ioperm(235, 1, 1, 1)                                                                               = 0
7598 [0x7fcd7e5de6b7]       SYS_ioperm(235, 1, 0, 1)                                                                               = 0
7598 [0x7fcd7e5de6b7]       SYS_ioperm(47, 1, 1, 1)                                                                                = 0
7598 [0x7fcd7e5de6b7]       SYS_ioperm(47, 1, 0, 1)                                                                                = 0
7598 [0x7fcd7e5de6b7]       SYS_ioperm(235, 1, 1, 1)                                                                               = 0
7598 [0x7fcd7e5de6b7]       SYS_ioperm(235, 1, 0, 1)                                                                               = 0
7598 [0x7fcd7e5de6b7]       SYS_ioperm(46, 1, 1, 1)                                                                                = 0
7598 [0x7fcd7e5de6b7]       SYS_ioperm(46, 1, 0, 1)                                                                                = 0
7598 [0x7fcd7e5de6b7]       SYS_ioperm(235, 1, 1, 1)                                                                               = 0
7598 [0x7fcd7e5de6b7]       SYS_ioperm(235, 1, 0, 1)                                                                               = 0
7598 [0x7fcd7e5de6b7]       SYS_ioperm(47, 1, 1, 1)                                                                                = 0
7598 [0x7fcd7e5de6b7]       SYS_ioperm(47, 1, 0, 1)                                                                                = 0
7598 [0x7fcd7e5de6b7]       SYS_ioperm(235, 1, 1, 1)                                                                               = 0
7598 [0x7fcd7e5de6b7]       SYS_ioperm(235, 1, 0, 1)                                                                               = 0
7598 [0x7fcd7e5de6b7]       SYS_ioperm(46, 1, 1, 1)                                                                                = 0
7598 [0x7fcd7e5de6b7]       SYS_ioperm(46, 1, 0, 1)                                                                                = 0
7598 [0x7fcd7e5de6b7]       SYS_ioperm(235, 1, 1, 1)                                                                               = 0
7598 [0x7fcd7e5de6b7]       SYS_ioperm(235, 1, 0, 1)                                                                               = 0
7598 [0x7fcd7e5de6b7]       SYS_ioperm(47, 1, 1, 1)                                                                                = 0
7598 [0x7fcd7e5de6b7]       SYS_ioperm(47, 1, 0, 1)                                                                                = 0
7598 [0x7fcd7e5de6b7]       SYS_ioperm(235, 1, 1, 1)                                                                               = 0
7598 [0x7fcd7e5de6b7]       SYS_ioperm(235, 1, 0, 1)                                                                               = 0
7598 [0x7fcd7e5de6b7]       SYS_ioperm(46, 1, 1, 1)                                                                                = 0
7598 [0x7fcd7e5de6b7]       SYS_ioperm(46, 1, 0, 1)                                                                                = 0
7598 [0x7fcd7e5de6b7]       SYS_ioperm(235, 1, 1, 1)                                                                               = 0
7598 [0x7fcd7e5de6b7]       SYS_ioperm(235, 1, 0, 1)                                                                               = 0
7598 [0x7fcd7e5de6b7]       SYS_ioperm(47, 1, 1, 1)                                                                                = 0
7598 [0x7fcd7e5de6b7]       SYS_ioperm(47, 1, 0, 1)                                                                                = 0
7598 [0x7fcd7e5de6b7]       SYS_ioperm(235, 1, 1, 1)                                                                               = 0
7598 [0x7fcd7e5de6b7]       SYS_ioperm(235, 1, 0, 1)                                                                               = 0
7598 [0x7fcd7e5de6b7]       SYS_ioperm(46, 1, 1, 1)                                                                                = 0
7598 [0x7fcd7e5de6b7]       SYS_ioperm(46, 1, 0, 1)                                                                                = 0
7598 [0x7fcd7e5de6b7]       SYS_ioperm(235, 1, 1, 1)                                                                               = 0
7598 [0x7fcd7e5de6b7]       SYS_ioperm(235, 1, 0, 1)                                                                               = 0
7598 [0x7fcd7e5de6b7]       SYS_ioperm(47, 1, 1, 1)                                                                                = 0
7598 [0x7fcd7e5de6b7]       SYS_ioperm(47, 1, 0, 1)                                                                                = 0
7598 [0x7fcd7e5de6b7]       SYS_ioperm(235, 1, 1, 1)                                                                               = 0
7598 [0x7fcd7e5de6b7]       SYS_ioperm(235, 1, 0, 1)                                                                               = 0
7598 [0x7fcd7e5de6b7]       SYS_ioperm(1670, 1, 1, 1)                                                                              = 0
7598 [0x7fcd7e5de6b7]       SYS_ioperm(1670, 1, 0, 1)                                                                              = 0
7598 [0x7fcd7e5de6b7]       SYS_ioperm(1670, 1, 1, 1)                                                                              = 0
7598 [0x7fcd7e5de6b7]       SYS_ioperm(1670, 1, 0, 1)                                                                              = 0
7598 [0x7fcd7e5de6b7]       SYS_ioperm(235, 1, 1, 1)                                                                               = 0
7598 [0x7fcd7e5de6b7]       SYS_ioperm(235, 1, 0, 1)                                                                               = 0
7598 [0x7fcd7d6fa0d1]       libgeneraldrv.so->Hw_Semaphore_Unlock(0x7fff96253170, 1, 0, -1)                                        = 0
7598 [0x7fcd7d6fa0dd]       libgeneraldrv.so->Hw_Semaphore_Release(0x7fff96253170, 128, 0, 0 <unfinished ...>
7598 [0x7fcd7e5da757]         SYS_munmap(0x7fcd7ecce000, 32, 0, 1)                                                                 = 0
7598 [0x7fcd7d6fa0dd]       <... Hw_Semaphore_Release resumed> )                                                                   = 0
7598 [0x7fcd7db06145]     <... It87_Set_Gpio resumed> )                                                                            = 0
7598 [0x7fcd7e5ae060]     SYS_nanosleep(0x7fff962531c0, 0, 0, 1)                                                                   = 0
7598 [0x7fcd7db06156]     libnhal.so->Intel_Milstead_Set_Buzzer(0, 8, 0, -1 <unfinished ...>
7598 [0x7fcd7e5d1405]       SYS_lstat(0x7fff96253030, 0x7fff96252f40, 0x7fff96252f40, 0)                                           = -2
7598 [0x7fcd7d2e7510]       SYS_open(0x7fff96253030, 194, 600, 0)                                                                  = 3
7598 [0x7fcd7d2e6da0]       SYS_write(3, 0x7fff962530b0, 32, 0)                                                                    = 32
7598 [0x7fcd7e5da72a]       SYS_mmap(0, 32, 3, 1)                                                                                  = 0x7fcd7ecce000
7598 [0x7fcd7e5d31a7]       SYS_link(0x7fff96253030, 0x7fff96253060, 3, 1)                                                         = -17
7598 [0x7fcd7e5da757]       SYS_munmap(0x7fcd7ecce000, 32, 3, 1)                                                                   = 0
7598 [0x7fcd7e5d32c7]       SYS_unlink(0x7fff96253030, 32, 3, 1)                                                                   = 0
7598 [0x7fcd7d2e6e60]       SYS_close(3, 32, 3, 1)                                                                                 = 0
7598 [0x7fcd7d2e7510]       SYS_open(0x7fff96253060, 0x20002, 18, 1)                                                               = 3
7598 [0x7fcd7e5d13b4]       SYS_fstat(3, 0x7fff96252f90, 0x7fff96252f90, 1)                                                        = 0
7598 [0x7fcd7e5da72a]       SYS_mmap(0, 32, 3, 1)                                                                                  = 0x7fcd7ecce000
7598 [0x7fcd7d2e6e60]       SYS_close(3, 32, 0, 1)                                                                                 = 0
7598 [0x7fcd7e5de6b7]       SYS_ioperm(67, 1, 1, 1)                                                                                = 0
7598 [0x7fcd7e5de6b7]       SYS_ioperm(67, 1, 0, 1)                                                                                = 0
7598 [0x7fcd7e5de6b7]       SYS_ioperm(66, 1, 1, 1)                                                                                = 0
7598 [0x7fcd7e5de6b7]       SYS_ioperm(66, 1, 0, 1)                                                                                = 0
7598 [0x7fcd7e5de6b7]       SYS_ioperm(66, 1, 1, 1)                                                                                = 0
7598 [0x7fcd7e5de6b7]       SYS_ioperm(66, 1, 0, 1)                                                                                = 0
7598 [0x7fcd7e5de6b7]       SYS_ioperm(97, 1, 1, 1)                                                                                = 0
7598 [0x7fcd7e5de6b7]       SYS_ioperm(97, 1, 0, 1)                                                                                = 0
7598 [0x7fcd7e5de6b7]       SYS_ioperm(97, 1, 1, 1)                                                                                = 0
7598 [0x7fcd7e5de6b7]       SYS_ioperm(97, 1, 0, 1)                                                                                = 0
7598 [0x7fcd7e5da757]       SYS_munmap(0x7fcd7ecce000, 32, 0, 1)                                                                   = 0
7598 [0x7fcd7db06156]     <... Intel_Milstead_Set_Buzzer resumed> )                                                                = 0
7598 [0x7fcd7db06164]     libnhal.so->It87_Set_Gpio(0, 5, 0, 0x7fcd7e88e658 <unfinished ...>
7598 [0x7fcd7d6f9e70]       libgeneraldrv.so->Hw_Semaphore_Init(0x7fff96253170, 0x7fcd7d6fc012, 1, 0 <unfinished ...>
7598 [0x7fcd7e5d1405]         SYS_lstat(0x7fff96252ff0, 0x7fff96252f00, 0x7fff96252f00, 0)                                         = -2
7598 [0x7fcd7d2e7510]         SYS_open(0x7fff96252ff0, 194, 600, 0)                                                                = 3
7598 [0x7fcd7d2e6da0]         SYS_write(3, 0x7fff96253070, 32, 0)                                                                  = 32
7598 [0x7fcd7e5da72a]         SYS_mmap(0, 32, 3, 1)                                                                                = 0x7fcd7ecce000
7598 [0x7fcd7e5d31a7]         SYS_link(0x7fff96252ff0, 0x7fff96253020, 3, 1)                                                       = -17
7598 [0x7fcd7e5da757]         SYS_munmap(0x7fcd7ecce000, 32, 3, 1)                                                                 = 0
7598 [0x7fcd7e5d32c7]         SYS_unlink(0x7fff96252ff0, 32, 3, 1)                                                                 = 0
7598 [0x7fcd7d2e6e60]         SYS_close(3, 32, 3, 1)                                                                               = 0
7598 [0x7fcd7d2e7510]         SYS_open(0x7fff96253020, 0x20002, 20, 1)                                                             = 3
7598 [0x7fcd7e5d13b4]         SYS_fstat(3, 0x7fff96252f50, 0x7fff96252f50, 1)                                                      = 0
7598 [0x7fcd7e5da72a]         SYS_mmap(0, 32, 3, 1)                                                                                = 0x7fcd7ecce000
7598 [0x7fcd7d2e6e60]         SYS_close(3, 32, 0, 1)                                                                               = 0
7598 [0x7fcd7d6f9e70]       <... Hw_Semaphore_Init resumed> )                                                                      = 17
7598 [0x7fcd7d6f9e80]       libgeneraldrv.so->Hw_Semaphore_Lock(0x7fff96253170, 32, 0x7fcd7ecce000, -1)                            = 0
7598 [0x7fcd7e5de6b7]       SYS_ioperm(46, 1, 1, 1)                                                                                = 0
7598 [0x7fcd7e5de6b7]       SYS_ioperm(46, 1, 0, 1)                                                                                = 0
7598 [0x7fcd7e5de6b7]       SYS_ioperm(235, 1, 1, 1)                                                                               = 0
7598 [0x7fcd7e5de6b7]       SYS_ioperm(235, 1, 0, 1)                                                                               = 0
7598 [0x7fcd7e5de6b7]       SYS_ioperm(46, 1, 1, 1)                                                                                = 0
7598 [0x7fcd7e5de6b7]       SYS_ioperm(46, 1, 0, 1)                                                                                = 0
7598 [0x7fcd7e5de6b7]       SYS_ioperm(235, 1, 1, 1)                                                                               = 0
7598 [0x7fcd7e5de6b7]       SYS_ioperm(235, 1, 0, 1)                                                                               = 0
7598 [0x7fcd7e5de6b7]       SYS_ioperm(46, 1, 1, 1)                                                                                = 0
7598 [0x7fcd7e5de6b7]       SYS_ioperm(46, 1, 0, 1)                                                                                = 0
7598 [0x7fcd7e5de6b7]       SYS_ioperm(235, 1, 1, 1)                                                                               = 0
7598 [0x7fcd7e5de6b7]       SYS_ioperm(235, 1, 0, 1)                                                                               = 0
7598 [0x7fcd7e5de6b7]       SYS_ioperm(46, 1, 1, 1)                                                                                = 0
7598 [0x7fcd7e5de6b7]       SYS_ioperm(46, 1, 0, 1)                                                                                = 0
7598 [0x7fcd7e5de6b7]       SYS_ioperm(235, 1, 1, 1)                                                                               = 0
7598 [0x7fcd7e5de6b7]       SYS_ioperm(235, 1, 0, 1)                                                                               = 0
7598 [0x7fcd7e5de6b7]       SYS_ioperm(46, 1, 1, 1)                                                                                = 0
7598 [0x7fcd7e5de6b7]       SYS_ioperm(46, 1, 0, 1)                                                                                = 0
7598 [0x7fcd7e5de6b7]       SYS_ioperm(235, 1, 1, 1)                                                                               = 0
7598 [0x7fcd7e5de6b7]       SYS_ioperm(235, 1, 0, 1)                                                                               = 0
7598 [0x7fcd7e5de6b7]       SYS_ioperm(47, 1, 1, 1)                                                                                = 0
7598 [0x7fcd7e5de6b7]       SYS_ioperm(47, 1, 0, 1)                                                                                = 0
7598 [0x7fcd7e5de6b7]       SYS_ioperm(235, 1, 1, 1)                                                                               = 0
7598 [0x7fcd7e5de6b7]       SYS_ioperm(235, 1, 0, 1)                                                                               = 0
7598 [0x7fcd7e5de6b7]       SYS_ioperm(46, 1, 1, 1)                                                                                = 0
7598 [0x7fcd7e5de6b7]       SYS_ioperm(46, 1, 0, 1)                                                                                = 0
7598 [0x7fcd7e5de6b7]       SYS_ioperm(235, 1, 1, 1)                                                                               = 0
7598 [0x7fcd7e5de6b7]       SYS_ioperm(235, 1, 0, 1)                                                                               = 0
7598 [0x7fcd7e5de6b7]       SYS_ioperm(47, 1, 1, 1)                                                                                = 0
7598 [0x7fcd7e5de6b7]       SYS_ioperm(47, 1, 0, 1)                                                                                = 0
7598 [0x7fcd7e5de6b7]       SYS_ioperm(235, 1, 1, 1)                                                                               = 0
7598 [0x7fcd7e5de6b7]       SYS_ioperm(235, 1, 0, 1)                                                                               = 0
7598 [0x7fcd7e5de6b7]       SYS_ioperm(46, 1, 1, 1)                                                                                = 0
7598 [0x7fcd7e5de6b7]       SYS_ioperm(46, 1, 0, 1)                                                                                = 0
7598 [0x7fcd7e5de6b7]       SYS_ioperm(235, 1, 1, 1)                                                                               = 0
7598 [0x7fcd7e5de6b7]       SYS_ioperm(235, 1, 0, 1)                                                                               = 0
7598 [0x7fcd7e5de6b7]       SYS_ioperm(47, 1, 1, 1)                                                                                = 0
7598 [0x7fcd7e5de6b7]       SYS_ioperm(47, 1, 0, 1)                                                                                = 0
7598 [0x7fcd7e5de6b7]       SYS_ioperm(235, 1, 1, 1)                                                                               = 0
7598 [0x7fcd7e5de6b7]       SYS_ioperm(235, 1, 0, 1)                                                                               = 0
7598 [0x7fcd7e5de6b7]       SYS_ioperm(46, 1, 1, 1)                                                                                = 0
7598 [0x7fcd7e5de6b7]       SYS_ioperm(46, 1, 0, 1)                                                                                = 0
7598 [0x7fcd7e5de6b7]       SYS_ioperm(235, 1, 1, 1)                                                                               = 0
7598 [0x7fcd7e5de6b7]       SYS_ioperm(235, 1, 0, 1)                                                                               = 0
7598 [0x7fcd7e5de6b7]       SYS_ioperm(47, 1, 1, 1)                                                                                = 0
7598 [0x7fcd7e5de6b7]       SYS_ioperm(47, 1, 0, 1)                                                                                = 0
7598 [0x7fcd7e5de6b7]       SYS_ioperm(235, 1, 1, 1)                                                                               = 0
7598 [0x7fcd7e5de6b7]       SYS_ioperm(235, 1, 0, 1)                                                                               = 0
7598 [0x7fcd7e5de6b7]       SYS_ioperm(46, 1, 1, 1)                                                                                = 0
7598 [0x7fcd7e5de6b7]       SYS_ioperm(46, 1, 0, 1)                                                                                = 0
7598 [0x7fcd7e5de6b7]       SYS_ioperm(235, 1, 1, 1)                                                                               = 0
7598 [0x7fcd7e5de6b7]       SYS_ioperm(235, 1, 0, 1)                                                                               = 0
7598 [0x7fcd7e5de6b7]       SYS_ioperm(47, 1, 1, 1)                                                                                = 0
7598 [0x7fcd7e5de6b7]       SYS_ioperm(47, 1, 0, 1)                                                                                = 0
7598 [0x7fcd7e5de6b7]       SYS_ioperm(235, 1, 1, 1)                                                                               = 0
7598 [0x7fcd7e5de6b7]       SYS_ioperm(235, 1, 0, 1)                                                                               = 0
7598 [0x7fcd7e5de6b7]       SYS_ioperm(46, 1, 1, 1)                                                                                = 0
7598 [0x7fcd7e5de6b7]       SYS_ioperm(46, 1, 0, 1)                                                                                = 0
7598 [0x7fcd7e5de6b7]       SYS_ioperm(235, 1, 1, 1)                                                                               = 0
7598 [0x7fcd7e5de6b7]       SYS_ioperm(235, 1, 0, 1)                                                                               = 0
7598 [0x7fcd7e5de6b7]       SYS_ioperm(47, 1, 1, 1)                                                                                = 0
7598 [0x7fcd7e5de6b7]       SYS_ioperm(47, 1, 0, 1)                                                                                = 0
7598 [0x7fcd7e5de6b7]       SYS_ioperm(235, 1, 1, 1)                                                                               = 0
7598 [0x7fcd7e5de6b7]       SYS_ioperm(235, 1, 0, 1)                                                                               = 0
7598 [0x7fcd7e5de6b7]       SYS_ioperm(46, 1, 1, 1)                                                                                = 0
7598 [0x7fcd7e5de6b7]       SYS_ioperm(46, 1, 0, 1)                                                                                = 0
7598 [0x7fcd7e5de6b7]       SYS_ioperm(235, 1, 1, 1)                                                                               = 0
7598 [0x7fcd7e5de6b7]       SYS_ioperm(235, 1, 0, 1)                                                                               = 0
7598 [0x7fcd7e5de6b7]       SYS_ioperm(47, 1, 1, 1)                                                                                = 0
7598 [0x7fcd7e5de6b7]       SYS_ioperm(47, 1, 0, 1)                                                                                = 0
7598 [0x7fcd7e5de6b7]       SYS_ioperm(235, 1, 1, 1)                                                                               = 0
7598 [0x7fcd7e5de6b7]       SYS_ioperm(235, 1, 0, 1)                                                                               = 0
7598 [0x7fcd7e5de6b7]       SYS_ioperm(46, 1, 1, 1)                                                                                = 0
7598 [0x7fcd7e5de6b7]       SYS_ioperm(46, 1, 0, 1)                                                                                = 0
7598 [0x7fcd7e5de6b7]       SYS_ioperm(235, 1, 1, 1)                                                                               = 0
7598 [0x7fcd7e5de6b7]       SYS_ioperm(235, 1, 0, 1)                                                                               = 0
7598 [0x7fcd7e5de6b7]       SYS_ioperm(47, 1, 1, 1)                                                                                = 0
7598 [0x7fcd7e5de6b7]       SYS_ioperm(47, 1, 0, 1)                                                                                = 0
7598 [0x7fcd7e5de6b7]       SYS_ioperm(235, 1, 1, 1)                                                                               = 0
7598 [0x7fcd7e5de6b7]       SYS_ioperm(235, 1, 0, 1)                                                                               = 0
7598 [0x7fcd7e5de6b7]       SYS_ioperm(46, 1, 1, 1)                                                                                = 0
7598 [0x7fcd7e5de6b7]       SYS_ioperm(46, 1, 0, 1)                                                                                = 0
7598 [0x7fcd7e5de6b7]       SYS_ioperm(235, 1, 1, 1)                                                                               = 0
7598 [0x7fcd7e5de6b7]       SYS_ioperm(235, 1, 0, 1)                                                                               = 0
7598 [0x7fcd7e5de6b7]       SYS_ioperm(47, 1, 1, 1)                                                                                = 0
7598 [0x7fcd7e5de6b7]       SYS_ioperm(47, 1, 0, 1)                                                                                = 0
7598 [0x7fcd7e5de6b7]       SYS_ioperm(235, 1, 1, 1)                                                                               = 0
7598 [0x7fcd7e5de6b7]       SYS_ioperm(235, 1, 0, 1)                                                                               = 0
7598 [0x7fcd7e5de6b7]       SYS_ioperm(46, 1, 1, 1)                                                                                = 0
7598 [0x7fcd7e5de6b7]       SYS_ioperm(46, 1, 0, 1)                                                                                = 0
7598 [0x7fcd7e5de6b7]       SYS_ioperm(235, 1, 1, 1)                                                                               = 0
7598 [0x7fcd7e5de6b7]       SYS_ioperm(235, 1, 0, 1)                                                                               = 0
7598 [0x7fcd7e5de6b7]       SYS_ioperm(47, 1, 1, 1)                                                                                = 0
7598 [0x7fcd7e5de6b7]       SYS_ioperm(47, 1, 0, 1)                                                                                = 0
7598 [0x7fcd7e5de6b7]       SYS_ioperm(235, 1, 1, 1)                                                                               = 0
7598 [0x7fcd7e5de6b7]       SYS_ioperm(235, 1, 0, 1)                                                                               = 0
7598 [0x7fcd7e5de6b7]       SYS_ioperm(46, 1, 1, 1)                                                                                = 0
7598 [0x7fcd7e5de6b7]       SYS_ioperm(46, 1, 0, 1)                                                                                = 0
7598 [0x7fcd7e5de6b7]       SYS_ioperm(235, 1, 1, 1)                                                                               = 0
7598 [0x7fcd7e5de6b7]       SYS_ioperm(235, 1, 0, 1)                                                                               = 0
7598 [0x7fcd7e5de6b7]       SYS_ioperm(47, 1, 1, 1)                                                                                = 0
7598 [0x7fcd7e5de6b7]       SYS_ioperm(47, 1, 0, 1)                                                                                = 0
7598 [0x7fcd7e5de6b7]       SYS_ioperm(235, 1, 1, 1)                                                                               = 0
7598 [0x7fcd7e5de6b7]       SYS_ioperm(235, 1, 0, 1)                                                                               = 0
7598 [0x7fcd7e5de6b7]       SYS_ioperm(46, 1, 1, 1)                                                                                = 0
7598 [0x7fcd7e5de6b7]       SYS_ioperm(46, 1, 0, 1)                                                                                = 0
7598 [0x7fcd7e5de6b7]       SYS_ioperm(235, 1, 1, 1)                                                                               = 0
7598 [0x7fcd7e5de6b7]       SYS_ioperm(235, 1, 0, 1)                                                                               = 0
7598 [0x7fcd7e5de6b7]       SYS_ioperm(47, 1, 1, 1)                                                                                = 0
7598 [0x7fcd7e5de6b7]       SYS_ioperm(47, 1, 0, 1)                                                                                = 0
7598 [0x7fcd7e5de6b7]       SYS_ioperm(235, 1, 1, 1)                                                                               = 0
7598 [0x7fcd7e5de6b7]       SYS_ioperm(235, 1, 0, 1)                                                                               = 0
7598 [0x7fcd7e5de6b7]       SYS_ioperm(46, 1, 1, 1)                                                                                = 0
7598 [0x7fcd7e5de6b7]       SYS_ioperm(46, 1, 0, 1)                                                                                = 0
7598 [0x7fcd7e5de6b7]       SYS_ioperm(235, 1, 1, 1)                                                                               = 0
7598 [0x7fcd7e5de6b7]       SYS_ioperm(235, 1, 0, 1)                                                                               = 0
7598 [0x7fcd7e5de6b7]       SYS_ioperm(47, 1, 1, 1)                                                                                = 0
7598 [0x7fcd7e5de6b7]       SYS_ioperm(47, 1, 0, 1)                                                                                = 0
7598 [0x7fcd7e5de6b7]       SYS_ioperm(235, 1, 1, 1)                                                                               = 0
7598 [0x7fcd7e5de6b7]       SYS_ioperm(235, 1, 0, 1)                                                                               = 0
7598 [0x7fcd7e5de6b7]       SYS_ioperm(1670, 1, 1, 1)                                                                              = 0
7598 [0x7fcd7e5de6b7]       SYS_ioperm(1670, 1, 0, 1)                                                                              = 0
7598 [0x7fcd7e5de6b7]       SYS_ioperm(1670, 1, 1, 1)                                                                              = 0
7598 [0x7fcd7e5de6b7]       SYS_ioperm(1670, 1, 0, 1)                                                                              = 0
7598 [0x7fcd7e5de6b7]       SYS_ioperm(235, 1, 1, 1)                                                                               = 0
7598 [0x7fcd7e5de6b7]       SYS_ioperm(235, 1, 0, 1)                                                                               = 0
7598 [0x7fcd7d6fa0d1]       libgeneraldrv.so->Hw_Semaphore_Unlock(0x7fff96253170, 1, 0, -1)                                        = 0
7598 [0x7fcd7d6fa0dd]       libgeneraldrv.so->Hw_Semaphore_Release(0x7fff96253170, 128, 0, 0 <unfinished ...>
7598 [0x7fcd7e5da757]         SYS_munmap(0x7fcd7ecce000, 32, 0, 1)                                                                 = 0
7598 [0x7fcd7d6fa0dd]       <... Hw_Semaphore_Release resumed> )                                                                   = 0
7598 [0x7fcd7db06164]     <... It87_Set_Gpio resumed> )                                                                            = 0
7598 [0x7fcd7e89baaa]   <... Hal_Buzzer_Set_Mode resumed> )                                                                        = 0
7598 [0x400858] <... Ndal_Buzzer_Set_Event resumed> )                                                                              = 0
7598 [0x7fcd7e52b932] libgeneral.so->Trace_Mem_Destroy()(0x7fcd7e218d40, 0, 0x1633274ec474297c, 16)                                = 0
7598 [0x7fcd7e5ae468] SYS_exit_group(0, 60, 0, 0x7fcd7e891a48 <unfinished ...>
7598 [0xffffffffffffffff] +++ exited (status 0) +++
