7966 [0x7f9621c198aa] SYS_brk(0, 0x7f9621c1cfa0, 0, 895)                                                                           = 0x1887000
7966 [0x7f9621c1a7e7] SYS_readlink(0x7fff5ef11b77, 0x7fff5ef0f6d0, 4096, 0x756e694c00000000)                                       = -2
7966 [0x7f9621c1a677] SYS_open(0x7f9621c1e1f3, 0, 0, 0x756e694c00000000)                                                           = 3
7966 [0x7f9621c1a7a7] SYS_chdir(0x7f9621e25ba8, 0, 0, 0x756e694c00000000)                                                          = -2
7966 [0x7f9621c199d2] SYS_getcwd(0x7fff5ef0f6d0, 4096, 0, 0x756e694c00000000)                                                      = 23
7966 [0x7f9621c1a7c7] SYS_fchdir(3, 4096, 0, 0x756e694c00000000)                                                                   = 0
7966 [0x7f9621c1a787] SYS_close(3, 4096, 0, 0x756e694c00000000)                                                                    = 0
7966 [0x7f9621c1a80a] SYS_mmap(0, 4096, 3, 34)                                                                                     = 0x7f9621e22000
7966 [0x7f9621c1a6d7] SYS_access(0x7f9621c20700, 4, 0x7f9621e25718, 0)                                                             = -2
7966 [0x7f9621c1a677] SYS_open(0x7f9621c1e072, 0x80000, 1, 0)                                                                      = 3
7966 [0x7f9621c1a604] SYS_fstat(3, 0x7fff5ef0eeb0, 0x7fff5ef0eeb0, 0)                                                              = 0
7966 [0x7f9621c1a80a] SYS_mmap(0, 0x83b3, 1, 2)                                                                                    = 0x7f9621e19000
7966 [0x7f9621c1a787] SYS_close(3, 0x83b3, 1, 2)                                                                                   = 0
7966 [0x7f9621c1a677] SYS_open(0x7f9621e22640, 0x80000, 0, 56)                                                                     = 3
7966 [0x7f9621c1a697] SYS_read(3, 0x7fff5ef0f038, 832, 56)                                                                         = 832
7966 [0x7f9621c1a604] SYS_fstat(3, 0x7fff5ef0ef10, 0x7fff5ef0ef10, 16)                                                             = 0
7966 [0x7f9621c1a80a] SYS_mmap(0, 0x278960, 5, 2050)                                                                               = 0x7f962198a000
7966 [0x7f9621c1a857] SYS_mprotect(0x7f9621a00000, 0x200000, 0, 2050)                                                              = 0
7966 [0x7f9621c1a80a] SYS_mmap(0x7f9621c00000, 0x3000, 3, 2066)                                                                    = 0x7f9621c00000
7966 [0x7f9621c1a787] SYS_close(3, 16, 0x7f9621c003e0, 0x6ffffdff)                                                                 = 0
7966 [0x7f9621c1a677] SYS_open(0x7f9621e22b10, 0x80000, 0, 0x6ffffdff)                                                             = 3
7966 [0x7f9621c1a697] SYS_read(3, 0x7fff5ef0f008, 832, 0x6ffffdff)                                                                 = 832
7966 [0x7f9621c1a604] SYS_fstat(3, 0x7fff5ef0eee0, 0x7fff5ef0eee0, 16)                                                             = 0
7966 [0x7f9621c1a80a] SYS_mmap(0, 0x21bee0, 5, 2050)                                                                               = 0x7f962176e000
7966 [0x7f9621c1a857] SYS_mprotect(0x7f9621789000, 0x200000, 0, 2050)                                                              = 0
7966 [0x7f9621c1a80a] SYS_mmap(0x7f9621989000, 4096, 3, 2066)                                                                      = 0x7f9621989000
7966 [0x7f9621c1a787] SYS_close(3, 16, 0x7f9621989208, 0x6ffffdff)                                                                 = 0
7966 [0x7f9621c1a677] SYS_open(0x7f9621e22fe0, 0x80000, 0, 0x6ffffdff)                                                             = 3
7966 [0x7f9621c1a697] SYS_read(3, 0x7fff5ef0efd8, 832, 0x6ffffdff)                                                                 = 832
7966 [0x7f9621c1a604] SYS_fstat(3, 0x7fff5ef0eeb0, 0x7fff5ef0eeb0, 16)                                                             = 0
7966 [0x7f9621c1a80a] SYS_mmap(0, 4096, 3, 34)                                                                                     = 0x7f9621e18000
7966 [0x7f9621c1a80a] SYS_mmap(0, 0x209ad0, 5, 2050)                                                                               = 0x7f9621564000
7966 [0x7f9621c1a857] SYS_mprotect(0x7f962156e000, 0x1ff000, 0, 2050)                                                              = 0
7966 [0x7f9621c1a80a] SYS_mmap(0x7f962176d000, 4096, 3, 2066)                                                                      = 0x7f962176d000
7966 [0x7f9621c1a787] SYS_close(3, 16, 0x7f962176d690, 0x6ffffdff)                                                                 = 0
7966 [0x7f9621c1a677] SYS_open(0x7f9621e184b8, 0x80000, 0, 0x6ffffdff)                                                             = 3
7966 [0x7f9621c1a697] SYS_read(3, 0x7fff5ef0efa8, 832, 0x6ffffdff)                                                                 = 832
7966 [0x7f9621c1a604] SYS_fstat(3, 0x7fff5ef0ee80, 0x7fff5ef0ee80, 32)                                                             = 0
7966 [0x7f9621c1a80a] SYS_mmap(0, 0x39dc40, 5, 2050)                                                                               = 0x7f96211c6000
7966 [0x7f9621c1a857] SYS_mprotect(0x7f962135a000, 0x200000, 0, 2050)                                                              = 0
7966 [0x7f9621c1a80a] SYS_mmap(0x7f962155a000, 0x6000, 3, 2066)                                                                    = 0x7f962155a000
7966 [0x7f9621c1a80a] SYS_mmap(0x7f9621560000, 0x3c40, 3, 50)                                                                      = 0x7f9621560000
7966 [0x7f9621c1a787] SYS_close(3, 16, 0, 0x6ffffdff)                                                                              = 0
7966 [0x7f9621c1a677] SYS_open(0x7f9621e18988, 0x80000, 0, 0x6ffffdff)                                                             = 3
7966 [0x7f9621c1a697] SYS_read(3, 0x7fff5ef0ee58, 832, 0x6ffffdff)                                                                 = 832
7966 [0x7f9621c1a604] SYS_fstat(3, 0x7fff5ef0ed30, 0x7fff5ef0ed30, 16)                                                             = 0
7966 [0x7f9621c1a80a] SYS_mmap(0, 0x2b09d0, 5, 2050)                                                                               = 0x7f9620f15000
7966 [0x7f9621c1a857] SYS_mprotect(0x7f9620fc4000, 0x1ff000, 0, 2050)                                                              = 0
7966 [0x7f9621c1a80a] SYS_mmap(0x7f96211c3000, 0x3000, 3, 2066)                                                                    = 0x7f96211c3000
7966 [0x7f9621c1a787] SYS_close(3, 16, 0x7f96211c39a8, 0x6ffffdff)                                                                 = 0
7966 [0x7f9621c1a677] SYS_open(0x7f9621e18e58, 0x80000, 0, 0x6ffffdff)                                                             = 3
7966 [0x7f9621c1a697] SYS_read(3, 0x7fff5ef0ee28, 832, 0x6ffffdff)                                                                 = 832
7966 [0x7f9621c1a604] SYS_fstat(3, 0x7fff5ef0ed00, 0x7fff5ef0ed00, 16)                                                             = 0
7966 [0x7f9621c1a80a] SYS_mmap(0, 4096, 3, 34)                                                                                     = 0x7f9621e17000
7966 [0x7f9621c1a80a] SYS_mmap(0, 0x294ee0, 5, 2050)                                                                               = 0x7f9620c80000
7966 [0x7f9621c1a857] SYS_mprotect(0x7f9620d12000, 0x1ff000, 0, 2050)                                                              = 0
7966 [0x7f9621c1a80a] SYS_mmap(0x7f9620f11000, 0x3000, 3, 2066)                                                                    = 0x7f9620f11000
7966 [0x7f9621c1a80a] SYS_mmap(0x7f9620f14000, 3808, 3, 50)                                                                        = 0x7f9620f14000
7966 [0x7f9621c1a787] SYS_close(3, 16, 0x7f9620f11e30, 0x6ffffdff)                                                                 = 0
7966 [0x7f9621c1a677] SYS_open(0x7f9621e174b8, 0x80000, 0, 0x6ffffdff)                                                             = 3
7966 [0x7f9621c1a697] SYS_read(3, 0x7fff5ef0edf8, 832, 0x6ffffdff)                                                                 = 832
7966 [0x7f9621c1a604] SYS_fstat(3, 0x7fff5ef0ecd0, 0x7fff5ef0ecd0, 16)                                                             = 0
7966 [0x7f9621c1a80a] SYS_mmap(0, 0x29d850, 5, 2050)                                                                               = 0x7f96209e2000
7966 [0x7f9621c1a857] SYS_mprotect(0x7f9620a7b000, 0x200000, 0, 2050)                                                              = 0
7966 [0x7f9621c1a80a] SYS_mmap(0x7f9620c7b000, 0x3000, 3, 2066)                                                                    = 0x7f9620c7b000
7966 [0x7f9621c1a80a] SYS_mmap(0x7f9620c7e000, 6224, 3, 50)                                                                        = 0x7f9620c7e000
7966 [0x7f9621c1a787] SYS_close(3, 16, 0x7f9620c7ccc8, 0x6ffffdff)                                                                 = 0
7966 [0x7f9621c1a677] SYS_open(0x7f9621e179a0, 0x80000, 0, 0x6ffffdff)                                                             = 3
7966 [0x7f9621c1a697] SYS_read(3, 0x7fff5ef0edc8, 832, 0x6ffffdff)                                                                 = 832
7966 [0x7f9621c1a604] SYS_fstat(3, 0x7fff5ef0eca0, 0x7fff5ef0eca0, 16)                                                             = 0
7966 [0x7f9621c1a80a] SYS_mmap(0, 0x2dbbb0, 5, 2050)                                                                               = 0x7f9620706000
7966 [0x7f9621c1a857] SYS_mprotect(0x7f96207c4000, 0x200000, 0, 2050)                                                              = 0
7966 [0x7f9621c1a80a] SYS_mmap(0x7f96209c4000, 0xa000, 3, 2066)                                                                    = 0x7f96209c4000
7966 [0x7f9621c1a80a] SYS_mmap(0x7f96209ce000, 0x13bb0, 3, 50)                                                                     = 0x7f96209ce000
7966 [0x7f9621c1a787] SYS_close(3, 16, 0x7f96209ca4d8, 0x6ffffdff)                                                                 = 0
7966 [0x7f9621c1a677] SYS_open(0x7f9621e17e70, 0x80000, 0, 0x6ffffdff)                                                             = 3
7966 [0x7f9621c1a697] SYS_read(3, 0x7fff5ef0ed98, 832, 0x6ffffdff)                                                                 = 832
7966 [0x7f9621c1a604] SYS_fstat(3, 0x7fff5ef0ec70, 0x7fff5ef0ec70, 32)                                                             = 0
7966 [0x7f9621c1a80a] SYS_mmap(0, 4096, 3, 34)                                                                                     = 0x7f9621e16000
7966 [0x7f9621c1a80a] SYS_mmap(0, 0x21c490, 5, 2050)                                                                               = 0x7f96204e9000
7966 [0x7f9621c1a857] SYS_mprotect(0x7f9620501000, 0x1ff000, 0, 2050)                                                              = 0
7966 [0x7f9621c1a80a] SYS_mmap(0x7f9620700000, 8192, 3, 2066)                                                                      = 0x7f9620700000
7966 [0x7f9621c1a80a] SYS_mmap(0x7f9620702000, 0x3490, 3, 50)                                                                      = 0x7f9620702000
7966 [0x7f9621c1a787] SYS_close(3, 16, 0, 0x6ffffdff)                                                                              = 0
7966 [0x7f9621c1a677] SYS_open(0x7f9621e164b8, 0x80000, 0, 0x6ffffdff)                                                             = 3
7966 [0x7f9621c1a697] SYS_read(3, 0x7fff5ef0ed68, 832, 0x6ffffdff)                                                                 = 832
7966 [0x7f9621c1a604] SYS_fstat(3, 0x7fff5ef0ec40, 0x7fff5ef0ec40, 32)                                                             = 0
7966 [0x7f9621c1a80a] SYS_mmap(0, 0x207bc0, 5, 2050)                                                                               = 0x7f96202e1000
7966 [0x7f9621c1a857] SYS_mprotect(0x7f96202e8000, 0x1ff000, 0, 2050)                                                              = 0
7966 [0x7f9621c1a80a] SYS_mmap(0x7f96204e7000, 8192, 3, 2066)                                                                      = 0x7f96204e7000
7966 [0x7f9621c1a787] SYS_close(3, 16, 0, 0x6ffffdff)                                                                              = 0
7966 [0x7f9621c1a677] SYS_open(0x7f9621e16988, 0x80000, 0, 0x6ffffdff)                                                             = 3
7966 [0x7f9621c1a697] SYS_read(3, 0x7fff5ef0ed38, 832, 0x6ffffdff)                                                                 = 832
7966 [0x7f9621c1a604] SYS_fstat(3, 0x7fff5ef0ec10, 0x7fff5ef0ec10, 16)                                                             = 0
7966 [0x7f9621c1a80a] SYS_mmap(0, 0x202e20, 5, 2050)                                                                               = 0x7f96200de000
7966 [0x7f9621c1a857] SYS_mprotect(0x7f96200e1000, 0x1ff000, 0, 2050)                                                              = 0
7966 [0x7f9621c1a80a] SYS_mmap(0x7f96202e0000, 4096, 3, 2066)                                                                      = 0x7f96202e0000
7966 [0x7f9621c1a787] SYS_close(3, 16, 0x7f96202e0c28, 0x6ffffdff)                                                                 = 0
7966 [0x7f9621c1a677] SYS_open(0x7f9621e16e58, 0x80000, 0, 0x6ffffdff)                                                             = 3
7966 [0x7f9621c1a697] SYS_read(3, 0x7fff5ef0ed08, 832, 0x6ffffdff)                                                                 = 832
7966 [0x7f9621c1a604] SYS_fstat(3, 0x7fff5ef0ebe0, 0x7fff5ef0ebe0, 16)                                                             = 0
7966 [0x7f9621c1a80a] SYS_mmap(0, 4096, 3, 34)                                                                                     = 0x7f9621e15000
7966 [0x7f9621c1a80a] SYS_mmap(0, 0x209850, 5, 2050)                                                                               = 0x7f961fed4000
7966 [0x7f9621c1a857] SYS_mprotect(0x7f961fede000, 0x1ff000, 0, 2050)                                                              = 0
7966 [0x7f9621c1a80a] SYS_mmap(0x7f96200dd000, 4096, 3, 2066)                                                                      = 0x7f96200dd000
7966 [0x7f9621c1a787] SYS_close(3, 16, 0x7f96200dd618, 0x6ffffdff)                                                                 = 0
7966 [0x7f9621c1a677] SYS_open(0x7f9621e154b8, 0x80000, 0, 0x6ffffdff)                                                             = 3
7966 [0x7f9621c1a697] SYS_read(3, 0x7fff5ef0ecd8, 832, 0x6ffffdff)                                                                 = 832
7966 [0x7f9621c1a604] SYS_fstat(3, 0x7fff5ef0ebb0, 0x7fff5ef0ebb0, 16)                                                             = 0
7966 [0x7f9621c1a80a] SYS_mmap(0, 0x210868, 5, 2050)                                                                               = 0x7f961fcc3000
7966 [0x7f9621c1a857] SYS_mprotect(0x7f961fcd4000, 0x1ff000, 0, 2050)                                                              = 0
7966 [0x7f9621c1a80a] SYS_mmap(0x7f961fed3000, 4096, 3, 2066)                                                                      = 0x7f961fed3000
7966 [0x7f9621c1a787] SYS_close(3, 16, 0x7f961fed3408, 0x6ffffdff)                                                                 = 0
7966 [0x7f9621c1a677] SYS_open(0x7f9621e15a40, 0x80000, 0, 0x7f9621e169a0)                                                         = 3
7966 [0x7f9621c1a697] SYS_read(3, 0x7fff5ef0eb78, 832, 0x7f9621e169a0)                                                             = 832
7966 [0x7f9621c1a604] SYS_fstat(3, 0x7fff5ef0ea50, 0x7fff5ef0ea50, 16)                                                             = 0
7966 [0x7f9621c1a80a] SYS_mmap(0, 0x2032c8, 5, 2050)                                                                               = 0x7f961fabf000
7966 [0x7f9621c1a857] SYS_mprotect(0x7f961fac2000, 0x200000, 0, 2050)                                                              = 0
7966 [0x7f9621c1a80a] SYS_mmap(0x7f961fcc2000, 4096, 3, 2066)                                                                      = 0x7f961fcc2000
7966 [0x7f9621c1a787] SYS_close(3, 16, 0x7f961fcc2188, 0x6ffffdff)                                                                 = 0
7966 [0x7f9621c1a677] SYS_open(0x7f9621e15f28, 0x80000, 0, 0x6ffffdff)                                                             = 3
7966 [0x7f9621c1a697] SYS_read(3, 0x7fff5ef0eb48, 832, 0x6ffffdff)                                                                 = 832
7966 [0x7f9621c1a604] SYS_fstat(3, 0x7fff5ef0ea20, 0x7fff5ef0ea20, 16)                                                             = 0
7966 [0x7f9621c1a80a] SYS_mmap(0, 4096, 3, 34)                                                                                     = 0x7f9621e14000
7966 [0x7f9621c1a80a] SYS_mmap(0, 0x207820, 5, 2050)                                                                               = 0x7f961f8b7000
7966 [0x7f9621c1a857] SYS_mprotect(0x7f961f8be000, 0x200000, 0, 2050)                                                              = 0
7966 [0x7f9621c1a80a] SYS_mmap(0x7f961fabe000, 4096, 3, 2066)                                                                      = 0x7f961fabe000
7966 [0x7f9621c1a787] SYS_close(3, 16, 0x7f961fabe188, 0x6ffffdff)                                                                 = 0
7966 [0x7f9621c1a677] SYS_open(0x7f9621e144c8, 0x80000, 0, 0x6ffffdff)                                                             = 3
7966 [0x7f9621c1a697] SYS_read(3, 0x7fff5ef0eb18, 832, 0x6ffffdff)                                                                 = 832
7966 [0x7f9621c1a604] SYS_fstat(3, 0x7fff5ef0e9f0, 0x7fff5ef0e9f0, 16)                                                             = 0
7966 [0x7f9621c1a80a] SYS_mmap(0, 0x201f30, 5, 2050)                                                                               = 0x7f961f6b5000
7966 [0x7f9621c1a857] SYS_mprotect(0x7f961f6b7000, 0x1ff000, 0, 2050)                                                              = 0
7966 [0x7f9621c1a80a] SYS_mmap(0x7f961f8b6000, 4096, 3, 2066)                                                                      = 0x7f961f8b6000
7966 [0x7f9621c1a787] SYS_close(3, 16, 0x7f961f8b6e18, 0x6ffffdff)                                                                 = 0
7966 [0x7f9621c1a677] SYS_open(0x7f9621e14a60, 0x80000, 0, 0x7f9621e184d0)                                                         = 3
7966 [0x7f9621c1a697] SYS_read(3, 0x7fff5ef0eae8, 832, 0x7f9621e184d0)                                                             = 832
7966 [0x7f9621c1a604] SYS_fstat(3, 0x7fff5ef0e9c0, 0x7fff5ef0e9c0, 16)                                                             = 0
7966 [0x7f9621c1a80a] SYS_mmap(0, 0x2022e8, 5, 2050)                                                                               = 0x7f961f4b2000
7966 [0x7f9621c1a857] SYS_mprotect(0x7f961f4b4000, 0x200000, 0, 2050)                                                              = 0
7966 [0x7f9621c1a80a] SYS_mmap(0x7f961f6b4000, 4096, 3, 2066)                                                                      = 0x7f961f6b4000
7966 [0x7f9621c1a787] SYS_close(3, 16, 0x7f961f6b4198, 0x6ffffdff)                                                                 = 0
7966 [0x7f9621c1a677] SYS_open(0x7f9621e14f40, 0x80000, 0, 0x6ffffdff)                                                             = 3
7966 [0x7f9621c1a697] SYS_read(3, 0x7fff5ef0eab8, 832, 0x6ffffdff)                                                                 = 832
7966 [0x7f9621c1a604] SYS_fstat(3, 0x7fff5ef0e990, 0x7fff5ef0e990, 16)                                                             = 0
7966 [0x7f9621c1a80a] SYS_mmap(0, 4096, 3, 34)                                                                                     = 0x7f9621e13000
7966 [0x7f9621c1a80a] SYS_mmap(0, 0x201f30, 5, 2050)                                                                               = 0x7f961f2b0000
7966 [0x7f9621c1a857] SYS_mprotect(0x7f961f2b2000, 0x1ff000, 0, 2050)                                                              = 0
7966 [0x7f9621c1a80a] SYS_mmap(0x7f961f4b1000, 4096, 3, 2066)                                                                      = 0x7f961f4b1000
7966 [0x7f9621c1a787] SYS_close(3, 16, 0x7f961f4b1e18, 0x6ffffdff)                                                                 = 0
7966 [0x7f9621c1a677] SYS_open(0x7f9621e134c0, 0x80000, 0, 0x6ffffdff)                                                             = 3
7966 [0x7f9621c1a697] SYS_read(3, 0x7fff5ef0ea88, 832, 0x6ffffdff)                                                                 = 832
7966 [0x7f9621c1a604] SYS_fstat(3, 0x7fff5ef0e960, 0x7fff5ef0e960, 16)                                                             = 0
7966 [0x7f9621c1a80a] SYS_mmap(0, 0x2038b8, 5, 2050)                                                                               = 0x7f961f0ac000
7966 [0x7f9621c1a857] SYS_mprotect(0x7f961f0b0000, 0x1ff000, 0, 2050)                                                              = 0
7966 [0x7f9621c1a80a] SYS_mmap(0x7f961f2af000, 4096, 3, 2066)                                                                      = 0x7f961f2af000
7966 [0x7f9621c1a787] SYS_close(3, 16, 0x7f961f2af748, 0x6ffffdff)                                                                 = 0
7966 [0x7f9621c1a677] SYS_open(0x7f9621e13a60, 0x80000, 0, 0x7f9621e16000)                                                         = 3
7966 [0x7f9621c1a697] SYS_read(3, 0x7fff5ef0ea28, 832, 0x7f9621e16000)                                                             = 832
7966 [0x7f9621c1a604] SYS_fstat(3, 0x7fff5ef0e900, 0x7fff5ef0e900, 16)                                                             = 0
7966 [0x7f9621c1a80a] SYS_mmap(0, 0x210848, 5, 2050)                                                                               = 0x7f961ee9b000
7966 [0x7f9621c1a857] SYS_mprotect(0x7f961eeab000, 0x1ff000, 0, 2050)                                                              = 0
7966 [0x7f9621c1a80a] SYS_mmap(0x7f961f0aa000, 8192, 3, 2066)                                                                      = 0x7f961f0aa000
7966 [0x7f9621c1a787] SYS_close(3, 16, 0x7f961f0aad90, 0x6ffffdff)                                                                 = 0
7966 [0x7f9621c1a677] SYS_open(0x7f9621e13f48, 0x80000, 0, 0x6ffffdff)                                                             = 3
7966 [0x7f9621c1a697] SYS_read(3, 0x7fff5ef0e9f8, 832, 0x6ffffdff)                                                                 = 832
7966 [0x7f9621c1a604] SYS_fstat(3, 0x7fff5ef0e8d0, 0x7fff5ef0e8d0, 16)                                                             = 0
7966 [0x7f9621c1a80a] SYS_mmap(0, 4096, 3, 34)                                                                                     = 0x7f9621e12000
7966 [0x7f9621c1a80a] SYS_mmap(0, 0x20acf0, 5, 2050)                                                                               = 0x7f961ec90000
7966 [0x7f9621c1a857] SYS_mprotect(0x7f961ec9b000, 0x1ff000, 0, 2050)                                                              = 0
7966 [0x7f9621c1a80a] SYS_mmap(0x7f961ee9a000, 4096, 3, 2066)                                                                      = 0x7f961ee9a000
7966 [0x7f9621c1a787] SYS_close(3, 16, 0x7f961ee9a750, 0x6ffffdff)                                                                 = 0
7966 [0x7f9621c1a677] SYS_open(0x7f9621e12560, 0x80000, 0, 0x7f9621e16000)                                                         = 3
7966 [0x7f9621c1a697] SYS_read(3, 0x7fff5ef0e9c8, 832, 0x7f9621e16000)                                                             = 832
7966 [0x7f9621c1a604] SYS_fstat(3, 0x7fff5ef0e8a0, 0x7fff5ef0e8a0, 32)                                                             = 0
7966 [0x7f9621c1a80a] SYS_mmap(0, 0x2361e0, 5, 2050)                                                                               = 0x7f961ea59000
7966 [0x7f9621c1a857] SYS_mprotect(0x7f961ea61000, 0x1ff000, 0, 2050)                                                              = 0
7966 [0x7f9621c1a80a] SYS_mmap(0x7f961ec60000, 8192, 3, 2066)                                                                      = 0x7f961ec60000
7966 [0x7f9621c1a80a] SYS_mmap(0x7f961ec62000, 0x2d1e0, 3, 50)                                                                     = 0x7f961ec62000
7966 [0x7f9621c1a787] SYS_close(3, 16, 0, 0x6ffffdff)                                                                              = 0
7966 [0x7f9621c1a677] SYS_open(0x7f9621e12a30, 0x80000, 0, 0x6ffffdff)                                                             = 3
7966 [0x7f9621c1a697] SYS_read(3, 0x7fff5ef0e998, 832, 0x6ffffdff)                                                                 = 832
7966 [0x7f9621c1a604] SYS_fstat(3, 0x7fff5ef0e870, 0x7fff5ef0e870, 16)                                                             = 0
7966 [0x7f9621c1a80a] SYS_mmap(0, 0x43fe88, 5, 2050)                                                                               = 0x7f961e619000
7966 [0x7f9621c1a857] SYS_mprotect(0x7f961e82e000, 0x200000, 0, 2050)                                                              = 0
7966 [0x7f9621c1a80a] SYS_mmap(0x7f961ea2e000, 0x27000, 3, 2066)                                                                   = 0x7f961ea2e000
7966 [0x7f9621c1a80a] SYS_mmap(0x7f961ea55000, 0x3e88, 3, 50)                                                                      = 0x7f961ea55000
7966 [0x7f9621c1a857] SYS_mprotect(0x7fff5ef10000, 4096, 0x1000007, 4)                                                             = 0
7966 [0x7f9621c1a787] SYS_close(3, 4096, 0x1000007, 4)                                                                             = 0
7966 [0x7f9621c1a677] SYS_open(0x7f9621e12fb0, 0x80000, 0, 0x7f9621e154d0)                                                         = 3
7966 [0x7f9621c1a697] SYS_read(3, 0x7fff5ef0e968, 832, 0x7f9621e154d0)                                                             = 832
7966 [0x7f9621c1a604] SYS_fstat(3, 0x7fff5ef0e840, 0x7fff5ef0e840, 16)                                                             = 0
7966 [0x7f9621c1a80a] SYS_mmap(0, 4096, 3, 34)                                                                                     = 0x7f9621e11000
7966 [0x7f9621c1a80a] SYS_mmap(0, 0x215730, 5, 2050)                                                                               = 0x7f961e403000
7966 [0x7f9621c1a857] SYS_mprotect(0x7f961e419000, 0x1ff000, 0, 2050)                                                              = 0
7966 [0x7f9621c1a80a] SYS_mmap(0x7f961e618000, 4096, 3, 2066)                                                                      = 0x7f961e618000
7966 [0x7f9621c1a787] SYS_close(3, 16, 0x7f961e618490, 0x6ffffdff)                                                                 = 0
7966 [0x7f9621c1a677] SYS_open(0x7f9621e114f0, 0x80000, 0, 0x6ffffdff)                                                             = 3
7966 [0x7f9621c1a697] SYS_read(3, 0x7fff5ef0e938, 832, 0x6ffffdff)                                                                 = 832
7966 [0x7f9621c1a604] SYS_fstat(3, 0x7fff5ef0e810, 0x7fff5ef0e810, 32)                                                             = 0
7966 [0x7f9621c1a80a] SYS_mmap(0, 0x2fd148, 5, 2050)                                                                               = 0x7f961e105000
7966 [0x7f9621c1a857] SYS_mprotect(0x7f961e202000, 0x1ff000, 0, 2050)                                                              = 0
7966 [0x7f9621c1a80a] SYS_mmap(0x7f961e401000, 8192, 3, 2066)                                                                      = 0x7f961e401000
7966 [0x7f9621c1a787] SYS_close(3, 16, 0, 0x6ffffdff)                                                                              = 0
7966 [0x7f9621c1a677] SYS_open(0x7fff5ef0e700, 0x80000, 0, 0x36782f39325f3130)                                                     = -2
7966 [0x7f9621c1a5c5] SYS_stat(0x7fff5ef0e700, 0x7fff5ef0e7e0, 0x7fff5ef0e7e0, 0x36782f39325f3130)                                 = -2
7966 [0x7f9621c1a677] SYS_open(0x7fff5ef0e700, 0x80000, 0, 0x36782f39325f3130)                                                     = -2
7966 [0x7f9621c1a5c5] SYS_stat(0x7fff5ef0e700, 0x7fff5ef0e7e0, 0x7fff5ef0e7e0, 0x36782f39325f3130)                                 = -2
7966 [0x7f9621c1a677] SYS_open(0x7fff5ef0e700, 0x80000, 0, 0x36782f39325f3130)                                                     = -2
7966 [0x7f9621c1a5c5] SYS_stat(0x7fff5ef0e700, 0x7fff5ef0e7e0, 0x7fff5ef0e7e0, 0x36782f39325f3130)                                 = -2
7966 [0x7f9621c1a677] SYS_open(0x7fff5ef0e700, 0x80000, 0, 0x36782f39325f3130)                                                     = -2
7966 [0x7f9621c1a5c5] SYS_stat(0x7fff5ef0e700, 0x7fff5ef0e7e0, 0x7fff5ef0e7e0, 0x36782f39325f3130)                                 = -2
7966 [0x7f9621c1a677] SYS_open(0x7f9621e11dd0, 0x80000, 0, 0x36782f39325f3130)                                                     = 3
7966 [0x7f9621c1a697] SYS_read(3, 0x7fff5ef0e908, 832, 0x36782f39325f3130)                                                         = 832
7966 [0x7f9621c1a604] SYS_fstat(3, 0x7fff5ef0e7e0, 0x7fff5ef0e7e0, 16)                                                             = 0
7966 [0x7f9621c1a80a] SYS_mmap(0, 4096, 3, 34)                                                                                     = 0x7f9621e10000
7966 [0x7f9621c1a80a] SYS_mmap(0, 0x2f8980, 5, 2050)                                                                               = 0x7f961de0c000
7966 [0x7f9621c1a857] SYS_mprotect(0x7f961df03000, 0x200000, 0, 2050)                                                              = 0
7966 [0x7f9621c1a80a] SYS_mmap(0x7f961e103000, 8192, 3, 2066)                                                                      = 0x7f961e103000
7966 [0x7f9621c1a787] SYS_close(3, 16, 0x7f961e1033a0, 0x6ffffdff)                                                                 = 0
7966 [0x7f9621c1a677] SYS_open(0x7f9621e104c8, 0x80000, 0, 0x6ffffdff)                                                             = 3
7966 [0x7f9621c1a697] SYS_read(3, 0x7fff5ef0e8d8, 832, 0x6ffffdff)                                                                 = 832
7966 [0x7f9621c1a604] SYS_fstat(3, 0x7fff5ef0e7b0, 0x7fff5ef0e7b0, 16)                                                             = 0
7966 [0x7f9621c1a80a] SYS_mmap(0, 0x2fc9d8, 5, 2050)                                                                               = 0x7f961db0f000
7966 [0x7f9621c1a857] SYS_mprotect(0x7f961dc0a000, 0x200000, 0, 2050)                                                              = 0
7966 [0x7f9621c1a80a] SYS_mmap(0x7f961de0a000, 8192, 3, 2066)                                                                      = 0x7f961de0a000
7966 [0x7f9621c1a787] SYS_close(3, 16, 0x7f961de0b828, 0x6ffffdff)                                                                 = 0
7966 [0x7f9621c1a677] SYS_open(0x7f9621e10998, 0x80000, 0, 0x6ffffdff)                                                             = 3
7966 [0x7f9621c1a697] SYS_read(3, 0x7fff5ef0e8a8, 832, 0x6ffffdff)                                                                 = 832
7966 [0x7f9621c1a604] SYS_fstat(3, 0x7fff5ef0e780, 0x7fff5ef0e780, 16)                                                             = 0
7966 [0x7f9621c1a80a] SYS_mmap(0, 0x242830, 5, 2050)                                                                               = 0x7f961d8cc000
7966 [0x7f9621c1a857] SYS_mprotect(0x7f961d90f000, 0x1ff000, 0, 2050)                                                              = 0
7966 [0x7f9621c1a80a] SYS_mmap(0x7f961db0e000, 4096, 3, 2066)                                                                      = 0x7f961db0e000
7966 [0x7f9621c1a787] SYS_close(3, 16, 0x7f961db0e630, 0x6ffffdff)                                                                 = 0
7966 [0x7f9621c1a677] SYS_open(0x7f9621e10f70, 0x80000, 0, 0x7f9621e179b8)                                                         = 3
7966 [0x7f9621c1a697] SYS_read(3, 0x7fff5ef0e878, 832, 0x7f9621e179b8)                                                             = 832
7966 [0x7f9621c1a604] SYS_fstat(3, 0x7fff5ef0e750, 0x7fff5ef0e750, 32)                                                             = 0
7966 [0x7f9621c1a80a] SYS_mmap(0, 4096, 3, 34)                                                                                     = 0x7f9621e0f000
7966 [0x7f9621c1a80a] SYS_mmap(0, 0x203118, 5, 2050)                                                                               = 0x7f961d6c8000
7966 [0x7f9621c1a857] SYS_mprotect(0x7f961d6ca000, 0x200000, 0, 2050)                                                              = 0
7966 [0x7f9621c1a80a] SYS_mmap(0x7f961d8ca000, 8192, 3, 2066)                                                                      = 0x7f961d8ca000
7966 [0x7f9621c1a787] SYS_close(3, 16, 0x7f961d8caf40, 0x6ffffdff)                                                                 = 0
7966 [0x7f9621c1a80a] SYS_mmap(0, 4096, 3, 34)                                                                                     = 0x7f9621e0e000
7966 [0x7f9621c1a80a] SYS_mmap(0, 4096, 3, 34)                                                                                     = 0x7f9621e0d000
7966 [0x7f9621c1a80a] SYS_mmap(0, 8192, 3, 34)                                                                                     = 0x7f9621e0b000
7966 [0x7f9621c04044] SYS_arch_prctl(4098, 0x7f9621e0b780, 0x7f9621e0c080, 34)                                                     = 0
7966 [0x7f9621c1a857] SYS_mprotect(0x7f962155a000, 0x4000, 1, 1)                                                                   = 0
7966 [0x7f9621c1a857] SYS_mprotect(0x7f961d8ca000, 4096, 1, 0x7f961d6c8c68)                                                        = 0
7966 [0x7f9621c1a857] SYS_mprotect(0x7f9620700000, 4096, 1, 0x7f96204ee500)                                                        = 0
7966 [0x7f9621c1a857] SYS_mprotect(0x7f961e401000, 4096, 1, 1)                                                                     = 0
7966 [0x7f9621c1a857] SYS_mprotect(0x7f961ec60000, 4096, 1, 0x7f961ea59a00)                                                        = 0
7966 [0x7f9621c1a857] SYS_mprotect(0x7f96209c4000, 0x7000, 1, 0x7f962075e810)                                                      = 0
7966 [0x7f9621c1a857] SYS_mprotect(0x7f96204e7000, 4096, 1, 0x7f96202e2d58)                                                        = 0
7966 [0x7f9621c1a857] SYS_mprotect(0x7f9621e23000, 4096, 1, 0)                                                                     = 0
7966 [0x7f9621c1a837] SYS_munmap(0x7f9621e19000, 0x83b3, 0x72500, 0)                                                               = 0
7966 [0x7f96204efe92] SYS_set_tid_address(0x7f9621e0ba50, 0x7fff5ef10868, 0x7f9621e0b780, 0)                                       = 7966
7966 [0x7f96204efefa] SYS_set_robust_list(0x7f9621e0ba60, 24, 0x7f9621e0b780, 0)                                                   = 0
7966 [0x7f96204f9cf5] SYS_rt_sigaction(32, 0x7fff5ef105b8, 0, 8)                                                                   = 0
7966 [0x7f96204f9cf5] SYS_rt_sigaction(33, 0x7fff5ef105b8, 0, 8)                                                                   = 0
7966 [0x7f96204effd6] SYS_rt_sigprocmask(1, 0x7fff5ef10708, 0, 8)                                                                  = 0
7966 [0x7f96212a6b17] SYS_getrlimit(3, 0x7fff5ef107a0, 63, 1)                                                                      = 0
7966 [0x7f96204efb95] SYS_futex(0x7f96209ce7e0, 129, 0x7fffffff, 0)                                                                = 0
7966 [0x4008fd] ledctrl->Lookup_Nas_Info(_T_NAS_PROP_&)(0x7fff5ef106b0, 0x7fff5ef11b94, 0, 0x7fff5ef11b93 <unfinished ...>
7966 [0x7f96219add11]   libnasman.so->Open_Share_Memory(char const*, int, void*&, int&)(0x7f96219f208e, 0, 0x7fff5ef10670, 0x7fff5ef1067c <unfinished ...>
7966 [0x7f96212a1557]     SYS_statfs(0x7f96204fc1e8, 0x7fff5ef10410, 0x7f9620705310, 1)                                            = 0
7966 [0x7f96204efb95]     SYS_futex(0x7f9620705310, 129, 0x7fffffff, 0)                                                            = 0
7966 [0x7f96212a17e0]     SYS_open(0x7fff5ef10520, 0xa0000, 484, 1)                                                                = 3
7966 [0x7f96212a13b4]     SYS_fstat(3, 0x7fff5ef105b0, 0x7fff5ef105b0, 1)                                                          = 0
7966 [0x7f96212aa72a]     SYS_mmap(0, 0x2788, 1, 1)                                                                                = 0x7f9621e1f000
7966 [0x7f96212a2070]     SYS_close(3, 0x2788, 1, 1)                                                                               = 0
7966 [0x7f96219add11]   <... Open_Share_Memory(char const*, int, void*&, int&) resumed> )                                          = 0
7966 [0x7f96219add4d]   libnasman.so->Open_Share_Memory(char const*, int, void*&, int&)(0x7f96219f20a7, 0, 0x7fff5ef10670, 0x7fff5ef1067c <unfinished ...>
7966 [0x7f96212a17e0]     SYS_open(0x7fff5ef10520, 0xa0000, 484, 1)                                                                = 3
7966 [0x7f96212a13b4]     SYS_fstat(3, 0x7fff5ef105b0, 0x7fff5ef105b0, 1)                                                          = 0
7966 [0x7f96212aa72a]     SYS_mmap(0, 3536, 1, 1)                                                                                  = 0x7f9621e1e000
7966 [0x7f96212a2070]     SYS_close(3, 3536, 1, 1)                                                                                 = 0
7966 [0x7f96219add4d]   <... Open_Share_Memory(char const*, int, void*&, int&) resumed> )                                          = 0
7966 [0x7f96219add7f]   libnasman.so->Open_Share_Memory(char const*, int, void*&, int&)(0x7f96219f20b5, 0, 0x7fff5ef10670, 0x7fff5ef1067c <unfinished ...>
7966 [0x7f96212a17e0]     SYS_open(0x7fff5ef10520, 0xa0000, 484, 1)                                                                = 3
7966 [0x7f96212a13b4]     SYS_fstat(3, 0x7fff5ef105b0, 0x7fff5ef105b0, 1)                                                          = 0
7966 [0x7f96212aa72a]     SYS_mmap(0, 4080, 1, 1)                                                                                  = 0x7f9621e1d000
7966 [0x7f96212a2070]     SYS_close(3, 4080, 1, 1)                                                                                 = 0
7966 [0x7f96219add7f]   <... Open_Share_Memory(char const*, int, void*&, int&) resumed> )                                          = 0
7966 [0x4008fd] <... Lookup_Nas_Info(_T_NAS_PROP_&) resumed> )                                                                     = 0
7966 [0x400934] ledctrl->Hal_Led_Set_Hdd_Mode(2, 9, 2, 0 <unfinished ...>
7966 [0x7f962156af15]   libnhal.so->Hal_Lookup_Hardware_Info(0x7fff5ef105a0, 9, 2, 0 <unfinished ...>
7966 [0x7f96212a17e0]     SYS_open(0x7fff5ef104a0, 0xa0002, 484, 1)                                                                = 3
7966 [0x7f96212aa72a]     SYS_mmap(0, 220, 3, 1)                                                                                   = 0x7f9621e1c000
7966 [0x7f96212a2070]     SYS_close(3, 220, 3, 1)                                                                                  = 0
7966 [0x7f96215697f0]     libnhal.so->Hw_Semaphore_Init(0x7fff5ef10550, 0x7f962156c287, 1, -1 <unfinished ...>
7966 [0x7f96212a1405]       SYS_lstat(0x7fff5ef10400, 0x7fff5ef10310, 0x7fff5ef10310, 0)                                           = -2
7966 [0x7f96204f9510]       SYS_open(0x7fff5ef10400, 194, 600, 0)                                                                  = 3
7966 [0x7f96204f8da0]       SYS_write(3, 0x7fff5ef10480, 32, 0)                                                                    = 32
7966 [0x7f96212aa72a]       SYS_mmap(0, 32, 3, 1)                                                                                  = 0x7f9621e1b000
7966 [0x7f96212a31a7]       SYS_link(0x7fff5ef10400, 0x7fff5ef10430, 3, 1)                                                         = -17
7966 [0x7f96212aa757]       SYS_munmap(0x7f9621e1b000, 32, 3, 1)                                                                   = 0
7966 [0x7f96212a32c7]       SYS_unlink(0x7fff5ef10400, 32, 3, 1)                                                                   = 0
7966 [0x7f96204f8e60]       SYS_close(3, 32, 3, 1)                                                                                 = 0
7966 [0x7f96204f9510]       SYS_open(0x7fff5ef10430, 0x20002, 18, 1)                                                               = 3
7966 [0x7f96212a13b4]       SYS_fstat(3, 0x7fff5ef10360, 0x7fff5ef10360, 1)                                                        = 0
7966 [0x7f96212a6f5a]       SYS_brk(0, 0x7f962155e640, 0, -4096)                                                                   = 0x1887000
7966 [0x7f96212a6f5a]       SYS_brk(0x18a8000, 0x1887000, 0x18a8000, -4096)                                                        = 0x18a8000
7966 [0x7f96212aa72a]       SYS_mmap(0, 32, 3, 1)                                                                                  = 0x7f9621e1b000
7966 [0x7f96204f8e60]       SYS_close(3, 32, 0, 3)                                                                                 = 0
7966 [0x7f96215697f0]     <... Hw_Semaphore_Init resumed> )                                                                        = 17
7966 [0x7f9621569800]     libnhal.so->Hw_Semaphore_Lock(0x7fff5ef10550, 32, 0x7f9621e1b000, -1)                                    = 0
7966 [0x7f9621569918]     libnhal.so->Hw_Semaphore_Unlock(0x7fff5ef10550, 2, 0x7f9621e1c000, 0)                                    = 0
7966 [0x7f9621569924]     libnhal.so->Hw_Semaphore_Release(0x7fff5ef10550, 128, 0, 0 <unfinished ...>
7966 [0x7f96212aa757]       SYS_munmap(0x7f9621e1b000, 32, 0, 1)                                                                   = 0
7966 [0x7f9621569924]     <... Hw_Semaphore_Release resumed> )                                                                     = 0
7966 [0x7f962156af15]   <... Hal_Lookup_Hardware_Info resumed> )                                                                   = 0
7966 [0x400934] <... Hal_Led_Set_Hdd_Mode resumed> )                                                                               = 0xffffffea
7966 [0x7f96219adf15] libnasman.so->Close_Share_Memory(char const*, void*)(0x7f96219f208e, 0x7f9621e1f000, 0xbd65f69fd8beb5a7, 4 <unfinished ...>
7966 [0x7f96219adb6e]   libnasman.so->Get_File_Size(char const*, long*)(0x7fff5ef10410, 0x7fff5ef10538, 0x7fff5ef10425, 0 <unfinished ...>
7966 [0x7f96212a1365]     SYS_stat(0x7fff5ef10410, 0x7fff5ef10370, 0x7fff5ef10370, 1)                                              = 0
7966 [0x7f96219adb6e]   <... Get_File_Size(char const*, long*) resumed> )                                                          = 0
7966 [0x7f96212aa757]   SYS_munmap(0x7f9621e1f000, 0x2788, 0x7fff5ef10370, 1)                                                      = 0
7966 [0x7f96219adf15] <... Close_Share_Memory(char const*, void*) resumed> )                                                       = 0
7966 [0x7f96219adf37] libnasman.so->Close_Share_Memory(char const*, void*)(0x7f96219f20a7, 0x7f9621e1e000, 0, -1 <unfinished ...>
7966 [0x7f96219adb6e]   libnasman.so->Get_File_Size(char const*, long*)(0x7fff5ef10410, 0x7fff5ef10538, 0x7fff5ef10426, 0 <unfinished ...>
7966 [0x7f96212a1365]     SYS_stat(0x7fff5ef10410, 0x7fff5ef10370, 0x7fff5ef10370, 1)                                              = 0
7966 [0x7f96219adb6e]   <... Get_File_Size(char const*, long*) resumed> )                                                          = 0
7966 [0x7f96212aa757]   SYS_munmap(0x7f9621e1e000, 3536, 0x7fff5ef10370, 1)                                                        = 0
7966 [0x7f96219adf37] <... Close_Share_Memory(char const*, void*) resumed> )                                                       = 0
7966 [0x7f96219adf59] libnasman.so->Close_Share_Memory(char const*, void*)(0x7f96219f20b5, 0x7f9621e1d000, 0, -1 <unfinished ...>
7966 [0x7f96219adb6e]   libnasman.so->Get_File_Size(char const*, long*)(0x7fff5ef10410, 0x7fff5ef10538, 0x7fff5ef10426, 0 <unfinished ...>
7966 [0x7f96212a1365]     SYS_stat(0x7fff5ef10410, 0x7fff5ef10370, 0x7fff5ef10370, 1)                                              = 0
7966 [0x7f96219adb6e]   <... Get_File_Size(char const*, long*) resumed> )                                                          = 0
7966 [0x7f96212aa757]   SYS_munmap(0x7f9621e1d000, 4080, 0x7fff5ef10370, 1)                                                        = 0
7966 [0x7f96219adf59] <... Close_Share_Memory(char const*, void*) resumed> )                                                       = 0
7966 [0x7f96211fb932] libgeneral.so->Trace_Mem_Destroy()(0x7f9620f13d40, 0, 0xbd65f439a37eb5a7, 16)                                = 0
7966 [0x7f962127e468] SYS_exit_group(-22, 60, -22, 0x7f9621561a48 <no return ...>
7966 [0xffffffffffffffff] +++ exited (status 234) +++
