7900 [0x7f54873af8aa] SYS_brk(0, 0x7f54873b2fa0, 0, 895)                                                                           = 0x1d13000
7900 [0x7f54873b07e7] SYS_readlink(0x7fffb900ab7c, 0x7fffb9008010, 4096, 0x756e694c00000000)                                       = -2
7900 [0x7f54873b0677] SYS_open(0x7f54873b41f3, 0, 0, 0x756e694c00000000)                                                           = 3
7900 [0x7f54873b07a7] SYS_chdir(0x7f54875bbba8, 0, 0, 0x756e694c00000000)                                                          = -2
7900 [0x7f54873af9d2] SYS_getcwd(0x7fffb9008010, 4096, 0, 0x756e694c00000000)                                                      = 23
7900 [0x7f54873b07c7] SYS_fchdir(3, 4096, 0, 0x756e694c00000000)                                                                   = 0
7900 [0x7f54873b0787] SYS_close(3, 4096, 0, 0x756e694c00000000)                                                                    = 0
7900 [0x7f54873b080a] SYS_mmap(0, 4096, 3, 34)                                                                                     = 0x7f54875b8000
7900 [0x7f54873b06d7] SYS_access(0x7f54873b6700, 4, 0x7f54875bb718, 0)                                                             = -2
7900 [0x7f54873b0677] SYS_open(0x7f54873b4072, 0x80000, 1, 0)                                                                      = 3
7900 [0x7f54873b0604] SYS_fstat(3, 0x7fffb90077f0, 0x7fffb90077f0, 0)                                                              = 0
7900 [0x7f54873b080a] SYS_mmap(0, 0x83b3, 1, 2)                                                                                    = 0x7f54875af000
7900 [0x7f54873b0787] SYS_close(3, 0x83b3, 1, 2)                                                                                   = 0
7900 [0x7f54873b0677] SYS_open(0x7f54875b8640, 0x80000, 0, 56)                                                                     = 3
7900 [0x7f54873b0697] SYS_read(3, 0x7fffb9007978, 832, 56)                                                                         = 832
7900 [0x7f54873b0604] SYS_fstat(3, 0x7fffb9007850, 0x7fffb9007850, 16)                                                             = 0
7900 [0x7f54873b080a] SYS_mmap(0, 0x278960, 5, 2050)                                                                               = 0x7f5487120000
7900 [0x7f54873b0857] SYS_mprotect(0x7f5487196000, 0x200000, 0, 2050)                                                              = 0
7900 [0x7f54873b080a] SYS_mmap(0x7f5487396000, 0x3000, 3, 2066)                                                                    = 0x7f5487396000
7900 [0x7f54873b0787] SYS_close(3, 16, 0x7f54873963e0, 0x6ffffdff)                                                                 = 0
7900 [0x7f54873b0677] SYS_open(0x7f54875b8b10, 0x80000, 0, 0x6ffffdff)                                                             = 3
7900 [0x7f54873b0697] SYS_read(3, 0x7fffb9007948, 832, 0x6ffffdff)                                                                 = 832
7900 [0x7f54873b0604] SYS_fstat(3, 0x7fffb9007820, 0x7fffb9007820, 16)                                                             = 0
7900 [0x7f54873b080a] SYS_mmap(0, 0x21bee0, 5, 2050)                                                                               = 0x7f5486f04000
7900 [0x7f54873b0857] SYS_mprotect(0x7f5486f1f000, 0x200000, 0, 2050)                                                              = 0
7900 [0x7f54873b080a] SYS_mmap(0x7f548711f000, 4096, 3, 2066)                                                                      = 0x7f548711f000
7900 [0x7f54873b0787] SYS_close(3, 16, 0x7f548711f208, 0x6ffffdff)                                                                 = 0
7900 [0x7f54873b0677] SYS_open(0x7f54875b8fe0, 0x80000, 0, 0x6ffffdff)                                                             = 3
7900 [0x7f54873b0697] SYS_read(3, 0x7fffb9007918, 832, 0x6ffffdff)                                                                 = 832
7900 [0x7f54873b0604] SYS_fstat(3, 0x7fffb90077f0, 0x7fffb90077f0, 16)                                                             = 0
7900 [0x7f54873b080a] SYS_mmap(0, 4096, 3, 34)                                                                                     = 0x7f54875ae000
7900 [0x7f54873b080a] SYS_mmap(0, 0x209ad0, 5, 2050)                                                                               = 0x7f5486cfa000
7900 [0x7f54873b0857] SYS_mprotect(0x7f5486d04000, 0x1ff000, 0, 2050)                                                              = 0
7900 [0x7f54873b080a] SYS_mmap(0x7f5486f03000, 4096, 3, 2066)                                                                      = 0x7f5486f03000
7900 [0x7f54873b0787] SYS_close(3, 16, 0x7f5486f03690, 0x6ffffdff)                                                                 = 0
7900 [0x7f54873b0677] SYS_open(0x7f54875ae4b8, 0x80000, 0, 0x6ffffdff)                                                             = 3
7900 [0x7f54873b0697] SYS_read(3, 0x7fffb90078e8, 832, 0x6ffffdff)                                                                 = 832
7900 [0x7f54873b0604] SYS_fstat(3, 0x7fffb90077c0, 0x7fffb90077c0, 32)                                                             = 0
7900 [0x7f54873b080a] SYS_mmap(0, 0x39dc40, 5, 2050)                                                                               = 0x7f548695c000
7900 [0x7f54873b0857] SYS_mprotect(0x7f5486af0000, 0x200000, 0, 2050)                                                              = 0
7900 [0x7f54873b080a] SYS_mmap(0x7f5486cf0000, 0x6000, 3, 2066)                                                                    = 0x7f5486cf0000
7900 [0x7f54873b080a] SYS_mmap(0x7f5486cf6000, 0x3c40, 3, 50)                                                                      = 0x7f5486cf6000
7900 [0x7f54873b0787] SYS_close(3, 16, 0, 0x6ffffdff)                                                                              = 0
7900 [0x7f54873b0677] SYS_open(0x7f54875ae988, 0x80000, 0, 0x6ffffdff)                                                             = 3
7900 [0x7f54873b0697] SYS_read(3, 0x7fffb9007798, 832, 0x6ffffdff)                                                                 = 832
7900 [0x7f54873b0604] SYS_fstat(3, 0x7fffb9007670, 0x7fffb9007670, 16)                                                             = 0
7900 [0x7f54873b080a] SYS_mmap(0, 0x2b09d0, 5, 2050)                                                                               = 0x7f54866ab000
7900 [0x7f54873b0857] SYS_mprotect(0x7f548675a000, 0x1ff000, 0, 2050)                                                              = 0
7900 [0x7f54873b080a] SYS_mmap(0x7f5486959000, 0x3000, 3, 2066)                                                                    = 0x7f5486959000
7900 [0x7f54873b0787] SYS_close(3, 16, 0x7f54869599a8, 0x6ffffdff)                                                                 = 0
7900 [0x7f54873b0677] SYS_open(0x7f54875aee58, 0x80000, 0, 0x6ffffdff)                                                             = 3
7900 [0x7f54873b0697] SYS_read(3, 0x7fffb9007768, 832, 0x6ffffdff)                                                                 = 832
7900 [0x7f54873b0604] SYS_fstat(3, 0x7fffb9007640, 0x7fffb9007640, 16)                                                             = 0
7900 [0x7f54873b080a] SYS_mmap(0, 4096, 3, 34)                                                                                     = 0x7f54875ad000
7900 [0x7f54873b080a] SYS_mmap(0, 0x294ee0, 5, 2050)                                                                               = 0x7f5486416000
7900 [0x7f54873b0857] SYS_mprotect(0x7f54864a8000, 0x1ff000, 0, 2050)                                                              = 0
7900 [0x7f54873b080a] SYS_mmap(0x7f54866a7000, 0x3000, 3, 2066)                                                                    = 0x7f54866a7000
7900 [0x7f54873b080a] SYS_mmap(0x7f54866aa000, 3808, 3, 50)                                                                        = 0x7f54866aa000
7900 [0x7f54873b0787] SYS_close(3, 16, 0x7f54866a7e30, 0x6ffffdff)                                                                 = 0
7900 [0x7f54873b0677] SYS_open(0x7f54875ad4b8, 0x80000, 0, 0x6ffffdff)                                                             = 3
7900 [0x7f54873b0697] SYS_read(3, 0x7fffb9007738, 832, 0x6ffffdff)                                                                 = 832
7900 [0x7f54873b0604] SYS_fstat(3, 0x7fffb9007610, 0x7fffb9007610, 16)                                                             = 0
7900 [0x7f54873b080a] SYS_mmap(0, 0x29d850, 5, 2050)                                                                               = 0x7f5486178000
7900 [0x7f54873b0857] SYS_mprotect(0x7f5486211000, 0x200000, 0, 2050)                                                              = 0
7900 [0x7f54873b080a] SYS_mmap(0x7f5486411000, 0x3000, 3, 2066)                                                                    = 0x7f5486411000
7900 [0x7f54873b080a] SYS_mmap(0x7f5486414000, 6224, 3, 50)                                                                        = 0x7f5486414000
7900 [0x7f54873b0787] SYS_close(3, 16, 0x7f5486412cc8, 0x6ffffdff)                                                                 = 0
7900 [0x7f54873b0677] SYS_open(0x7f54875ad9a0, 0x80000, 0, 0x6ffffdff)                                                             = 3
7900 [0x7f54873b0697] SYS_read(3, 0x7fffb9007708, 832, 0x6ffffdff)                                                                 = 832
7900 [0x7f54873b0604] SYS_fstat(3, 0x7fffb90075e0, 0x7fffb90075e0, 16)                                                             = 0
7900 [0x7f54873b080a] SYS_mmap(0, 0x2dbbb0, 5, 2050)                                                                               = 0x7f5485e9c000
7900 [0x7f54873b0857] SYS_mprotect(0x7f5485f5a000, 0x200000, 0, 2050)                                                              = 0
7900 [0x7f54873b080a] SYS_mmap(0x7f548615a000, 0xa000, 3, 2066)                                                                    = 0x7f548615a000
7900 [0x7f54873b080a] SYS_mmap(0x7f5486164000, 0x13bb0, 3, 50)                                                                     = 0x7f5486164000
7900 [0x7f54873b0787] SYS_close(3, 16, 0x7f54861604d8, 0x6ffffdff)                                                                 = 0
7900 [0x7f54873b0677] SYS_open(0x7f54875ade70, 0x80000, 0, 0x6ffffdff)                                                             = 3
7900 [0x7f54873b0697] SYS_read(3, 0x7fffb90076d8, 832, 0x6ffffdff)                                                                 = 832
7900 [0x7f54873b0604] SYS_fstat(3, 0x7fffb90075b0, 0x7fffb90075b0, 32)                                                             = 0
7900 [0x7f54873b080a] SYS_mmap(0, 4096, 3, 34)                                                                                     = 0x7f54875ac000
7900 [0x7f54873b080a] SYS_mmap(0, 0x21c490, 5, 2050)                                                                               = 0x7f5485c7f000
7900 [0x7f54873b0857] SYS_mprotect(0x7f5485c97000, 0x1ff000, 0, 2050)                                                              = 0
7900 [0x7f54873b080a] SYS_mmap(0x7f5485e96000, 8192, 3, 2066)                                                                      = 0x7f5485e96000
7900 [0x7f54873b080a] SYS_mmap(0x7f5485e98000, 0x3490, 3, 50)                                                                      = 0x7f5485e98000
7900 [0x7f54873b0787] SYS_close(3, 16, 0, 0x6ffffdff)                                                                              = 0
7900 [0x7f54873b0677] SYS_open(0x7f54875ac4b8, 0x80000, 0, 0x6ffffdff)                                                             = 3
7900 [0x7f54873b0697] SYS_read(3, 0x7fffb90076a8, 832, 0x6ffffdff)                                                                 = 832
7900 [0x7f54873b0604] SYS_fstat(3, 0x7fffb9007580, 0x7fffb9007580, 32)                                                             = 0
7900 [0x7f54873b080a] SYS_mmap(0, 0x207bc0, 5, 2050)                                                                               = 0x7f5485a77000
7900 [0x7f54873b0857] SYS_mprotect(0x7f5485a7e000, 0x1ff000, 0, 2050)                                                              = 0
7900 [0x7f54873b080a] SYS_mmap(0x7f5485c7d000, 8192, 3, 2066)                                                                      = 0x7f5485c7d000
7900 [0x7f54873b0787] SYS_close(3, 16, 0, 0x6ffffdff)                                                                              = 0
7900 [0x7f54873b0677] SYS_open(0x7f54875ac988, 0x80000, 0, 0x6ffffdff)                                                             = 3
7900 [0x7f54873b0697] SYS_read(3, 0x7fffb9007678, 832, 0x6ffffdff)                                                                 = 832
7900 [0x7f54873b0604] SYS_fstat(3, 0x7fffb9007550, 0x7fffb9007550, 16)                                                             = 0
7900 [0x7f54873b080a] SYS_mmap(0, 0x202e20, 5, 2050)                                                                               = 0x7f5485874000
7900 [0x7f54873b0857] SYS_mprotect(0x7f5485877000, 0x1ff000, 0, 2050)                                                              = 0
7900 [0x7f54873b080a] SYS_mmap(0x7f5485a76000, 4096, 3, 2066)                                                                      = 0x7f5485a76000
7900 [0x7f54873b0787] SYS_close(3, 16, 0x7f5485a76c28, 0x6ffffdff)                                                                 = 0
7900 [0x7f54873b0677] SYS_open(0x7f54875ace58, 0x80000, 0, 0x6ffffdff)                                                             = 3
7900 [0x7f54873b0697] SYS_read(3, 0x7fffb9007648, 832, 0x6ffffdff)                                                                 = 832
7900 [0x7f54873b0604] SYS_fstat(3, 0x7fffb9007520, 0x7fffb9007520, 16)                                                             = 0
7900 [0x7f54873b080a] SYS_mmap(0, 4096, 3, 34)                                                                                     = 0x7f54875ab000
7900 [0x7f54873b080a] SYS_mmap(0, 0x209850, 5, 2050)                                                                               = 0x7f548566a000
7900 [0x7f54873b0857] SYS_mprotect(0x7f5485674000, 0x1ff000, 0, 2050)                                                              = 0
7900 [0x7f54873b080a] SYS_mmap(0x7f5485873000, 4096, 3, 2066)                                                                      = 0x7f5485873000
7900 [0x7f54873b0787] SYS_close(3, 16, 0x7f5485873618, 0x6ffffdff)                                                                 = 0
7900 [0x7f54873b0677] SYS_open(0x7f54875ab4b8, 0x80000, 0, 0x6ffffdff)                                                             = 3
7900 [0x7f54873b0697] SYS_read(3, 0x7fffb9007618, 832, 0x6ffffdff)                                                                 = 832
7900 [0x7f54873b0604] SYS_fstat(3, 0x7fffb90074f0, 0x7fffb90074f0, 16)                                                             = 0
7900 [0x7f54873b080a] SYS_mmap(0, 0x210868, 5, 2050)                                                                               = 0x7f5485459000
7900 [0x7f54873b0857] SYS_mprotect(0x7f548546a000, 0x1ff000, 0, 2050)                                                              = 0
7900 [0x7f54873b080a] SYS_mmap(0x7f5485669000, 4096, 3, 2066)                                                                      = 0x7f5485669000
7900 [0x7f54873b0787] SYS_close(3, 16, 0x7f5485669408, 0x6ffffdff)                                                                 = 0
7900 [0x7f54873b0677] SYS_open(0x7f54875aba40, 0x80000, 0, 0x7f54875ac9a0)                                                         = 3
7900 [0x7f54873b0697] SYS_read(3, 0x7fffb90074b8, 832, 0x7f54875ac9a0)                                                             = 832
7900 [0x7f54873b0604] SYS_fstat(3, 0x7fffb9007390, 0x7fffb9007390, 16)                                                             = 0
7900 [0x7f54873b080a] SYS_mmap(0, 0x2032c8, 5, 2050)                                                                               = 0x7f5485255000
7900 [0x7f54873b0857] SYS_mprotect(0x7f5485258000, 0x200000, 0, 2050)                                                              = 0
7900 [0x7f54873b080a] SYS_mmap(0x7f5485458000, 4096, 3, 2066)                                                                      = 0x7f5485458000
7900 [0x7f54873b0787] SYS_close(3, 16, 0x7f5485458188, 0x6ffffdff)                                                                 = 0
7900 [0x7f54873b0677] SYS_open(0x7f54875abf28, 0x80000, 0, 0x6ffffdff)                                                             = 3
7900 [0x7f54873b0697] SYS_read(3, 0x7fffb9007488, 832, 0x6ffffdff)                                                                 = 832
7900 [0x7f54873b0604] SYS_fstat(3, 0x7fffb9007360, 0x7fffb9007360, 16)                                                             = 0
7900 [0x7f54873b080a] SYS_mmap(0, 4096, 3, 34)                                                                                     = 0x7f54875aa000
7900 [0x7f54873b080a] SYS_mmap(0, 0x207820, 5, 2050)                                                                               = 0x7f548504d000
7900 [0x7f54873b0857] SYS_mprotect(0x7f5485054000, 0x200000, 0, 2050)                                                              = 0
7900 [0x7f54873b080a] SYS_mmap(0x7f5485254000, 4096, 3, 2066)                                                                      = 0x7f5485254000
7900 [0x7f54873b0787] SYS_close(3, 16, 0x7f5485254188, 0x6ffffdff)                                                                 = 0
7900 [0x7f54873b0677] SYS_open(0x7f54875aa4c8, 0x80000, 0, 0x6ffffdff)                                                             = 3
7900 [0x7f54873b0697] SYS_read(3, 0x7fffb9007458, 832, 0x6ffffdff)                                                                 = 832
7900 [0x7f54873b0604] SYS_fstat(3, 0x7fffb9007330, 0x7fffb9007330, 16)                                                             = 0
7900 [0x7f54873b080a] SYS_mmap(0, 0x201f30, 5, 2050)                                                                               = 0x7f5484e4b000
7900 [0x7f54873b0857] SYS_mprotect(0x7f5484e4d000, 0x1ff000, 0, 2050)                                                              = 0
7900 [0x7f54873b080a] SYS_mmap(0x7f548504c000, 4096, 3, 2066)                                                                      = 0x7f548504c000
7900 [0x7f54873b0787] SYS_close(3, 16, 0x7f548504ce18, 0x6ffffdff)                                                                 = 0
7900 [0x7f54873b0677] SYS_open(0x7f54875aaa60, 0x80000, 0, 0x7f54875ae4d0)                                                         = 3
7900 [0x7f54873b0697] SYS_read(3, 0x7fffb9007428, 832, 0x7f54875ae4d0)                                                             = 832
7900 [0x7f54873b0604] SYS_fstat(3, 0x7fffb9007300, 0x7fffb9007300, 16)                                                             = 0
7900 [0x7f54873b080a] SYS_mmap(0, 0x2022e8, 5, 2050)                                                                               = 0x7f5484c48000
7900 [0x7f54873b0857] SYS_mprotect(0x7f5484c4a000, 0x200000, 0, 2050)                                                              = 0
7900 [0x7f54873b080a] SYS_mmap(0x7f5484e4a000, 4096, 3, 2066)                                                                      = 0x7f5484e4a000
7900 [0x7f54873b0787] SYS_close(3, 16, 0x7f5484e4a198, 0x6ffffdff)                                                                 = 0
7900 [0x7f54873b0677] SYS_open(0x7f54875aaf40, 0x80000, 0, 0x6ffffdff)                                                             = 3
7900 [0x7f54873b0697] SYS_read(3, 0x7fffb90073f8, 832, 0x6ffffdff)                                                                 = 832
7900 [0x7f54873b0604] SYS_fstat(3, 0x7fffb90072d0, 0x7fffb90072d0, 16)                                                             = 0
7900 [0x7f54873b080a] SYS_mmap(0, 4096, 3, 34)                                                                                     = 0x7f54875a9000
7900 [0x7f54873b080a] SYS_mmap(0, 0x201f30, 5, 2050)                                                                               = 0x7f5484a46000
7900 [0x7f54873b0857] SYS_mprotect(0x7f5484a48000, 0x1ff000, 0, 2050)                                                              = 0
7900 [0x7f54873b080a] SYS_mmap(0x7f5484c47000, 4096, 3, 2066)                                                                      = 0x7f5484c47000
7900 [0x7f54873b0787] SYS_close(3, 16, 0x7f5484c47e18, 0x6ffffdff)                                                                 = 0
7900 [0x7f54873b0677] SYS_open(0x7f54875a94c0, 0x80000, 0, 0x6ffffdff)                                                             = 3
7900 [0x7f54873b0697] SYS_read(3, 0x7fffb90073c8, 832, 0x6ffffdff)                                                                 = 832
7900 [0x7f54873b0604] SYS_fstat(3, 0x7fffb90072a0, 0x7fffb90072a0, 16)                                                             = 0
7900 [0x7f54873b080a] SYS_mmap(0, 0x2038b8, 5, 2050)                                                                               = 0x7f5484842000
7900 [0x7f54873b0857] SYS_mprotect(0x7f5484846000, 0x1ff000, 0, 2050)                                                              = 0
7900 [0x7f54873b080a] SYS_mmap(0x7f5484a45000, 4096, 3, 2066)                                                                      = 0x7f5484a45000
7900 [0x7f54873b0787] SYS_close(3, 16, 0x7f5484a45748, 0x6ffffdff)                                                                 = 0
7900 [0x7f54873b0677] SYS_open(0x7f54875a9a60, 0x80000, 0, 0x7f54875ac000)                                                         = 3
7900 [0x7f54873b0697] SYS_read(3, 0x7fffb9007368, 832, 0x7f54875ac000)                                                             = 832
7900 [0x7f54873b0604] SYS_fstat(3, 0x7fffb9007240, 0x7fffb9007240, 16)                                                             = 0
7900 [0x7f54873b080a] SYS_mmap(0, 0x210848, 5, 2050)                                                                               = 0x7f5484631000
7900 [0x7f54873b0857] SYS_mprotect(0x7f5484641000, 0x1ff000, 0, 2050)                                                              = 0
7900 [0x7f54873b080a] SYS_mmap(0x7f5484840000, 8192, 3, 2066)                                                                      = 0x7f5484840000
7900 [0x7f54873b0787] SYS_close(3, 16, 0x7f5484840d90, 0x6ffffdff)                                                                 = 0
7900 [0x7f54873b0677] SYS_open(0x7f54875a9f48, 0x80000, 0, 0x6ffffdff)                                                             = 3
7900 [0x7f54873b0697] SYS_read(3, 0x7fffb9007338, 832, 0x6ffffdff)                                                                 = 832
7900 [0x7f54873b0604] SYS_fstat(3, 0x7fffb9007210, 0x7fffb9007210, 16)                                                             = 0
7900 [0x7f54873b080a] SYS_mmap(0, 4096, 3, 34)                                                                                     = 0x7f54875a8000
7900 [0x7f54873b080a] SYS_mmap(0, 0x20acf0, 5, 2050)                                                                               = 0x7f5484426000
7900 [0x7f54873b0857] SYS_mprotect(0x7f5484431000, 0x1ff000, 0, 2050)                                                              = 0
7900 [0x7f54873b080a] SYS_mmap(0x7f5484630000, 4096, 3, 2066)                                                                      = 0x7f5484630000
7900 [0x7f54873b0787] SYS_close(3, 16, 0x7f5484630750, 0x6ffffdff)                                                                 = 0
7900 [0x7f54873b0677] SYS_open(0x7f54875a8560, 0x80000, 0, 0x7f54875ac000)                                                         = 3
7900 [0x7f54873b0697] SYS_read(3, 0x7fffb9007308, 832, 0x7f54875ac000)                                                             = 832
7900 [0x7f54873b0604] SYS_fstat(3, 0x7fffb90071e0, 0x7fffb90071e0, 32)                                                             = 0
7900 [0x7f54873b080a] SYS_mmap(0, 0x2361e0, 5, 2050)                                                                               = 0x7f54841ef000
7900 [0x7f54873b0857] SYS_mprotect(0x7f54841f7000, 0x1ff000, 0, 2050)                                                              = 0
7900 [0x7f54873b080a] SYS_mmap(0x7f54843f6000, 8192, 3, 2066)                                                                      = 0x7f54843f6000
7900 [0x7f54873b080a] SYS_mmap(0x7f54843f8000, 0x2d1e0, 3, 50)                                                                     = 0x7f54843f8000
7900 [0x7f54873b0787] SYS_close(3, 16, 0, 0x6ffffdff)                                                                              = 0
7900 [0x7f54873b0677] SYS_open(0x7f54875a8a30, 0x80000, 0, 0x6ffffdff)                                                             = 3
7900 [0x7f54873b0697] SYS_read(3, 0x7fffb90072d8, 832, 0x6ffffdff)                                                                 = 832
7900 [0x7f54873b0604] SYS_fstat(3, 0x7fffb90071b0, 0x7fffb90071b0, 16)                                                             = 0
7900 [0x7f54873b080a] SYS_mmap(0, 0x43fe88, 5, 2050)                                                                               = 0x7f5483daf000
7900 [0x7f54873b0857] SYS_mprotect(0x7f5483fc4000, 0x200000, 0, 2050)                                                              = 0
7900 [0x7f54873b080a] SYS_mmap(0x7f54841c4000, 0x27000, 3, 2066)                                                                   = 0x7f54841c4000
7900 [0x7f54873b080a] SYS_mmap(0x7f54841eb000, 0x3e88, 3, 50)                                                                      = 0x7f54841eb000
7900 [0x7f54873b0857] SYS_mprotect(0x7fffb9009000, 4096, 0x1000007, 4)                                                             = 0
7900 [0x7f54873b0787] SYS_close(3, 4096, 0x1000007, 4)                                                                             = 0
7900 [0x7f54873b0677] SYS_open(0x7f54875a8fb0, 0x80000, 0, 0x7f54875ab4d0)                                                         = 3
7900 [0x7f54873b0697] SYS_read(3, 0x7fffb90072a8, 832, 0x7f54875ab4d0)                                                             = 832
7900 [0x7f54873b0604] SYS_fstat(3, 0x7fffb9007180, 0x7fffb9007180, 16)                                                             = 0
7900 [0x7f54873b080a] SYS_mmap(0, 4096, 3, 34)                                                                                     = 0x7f54875a7000
7900 [0x7f54873b080a] SYS_mmap(0, 0x215730, 5, 2050)                                                                               = 0x7f5483b99000
7900 [0x7f54873b0857] SYS_mprotect(0x7f5483baf000, 0x1ff000, 0, 2050)                                                              = 0
7900 [0x7f54873b080a] SYS_mmap(0x7f5483dae000, 4096, 3, 2066)                                                                      = 0x7f5483dae000
7900 [0x7f54873b0787] SYS_close(3, 16, 0x7f5483dae490, 0x6ffffdff)                                                                 = 0
7900 [0x7f54873b0677] SYS_open(0x7f54875a74f0, 0x80000, 0, 0x6ffffdff)                                                             = 3
7900 [0x7f54873b0697] SYS_read(3, 0x7fffb9007278, 832, 0x6ffffdff)                                                                 = 832
7900 [0x7f54873b0604] SYS_fstat(3, 0x7fffb9007150, 0x7fffb9007150, 32)                                                             = 0
7900 [0x7f54873b080a] SYS_mmap(0, 0x2fd148, 5, 2050)                                                                               = 0x7f548389b000
7900 [0x7f54873b0857] SYS_mprotect(0x7f5483998000, 0x1ff000, 0, 2050)                                                              = 0
7900 [0x7f54873b080a] SYS_mmap(0x7f5483b97000, 8192, 3, 2066)                                                                      = 0x7f5483b97000
7900 [0x7f54873b0787] SYS_close(3, 16, 0, 0x6ffffdff)                                                                              = 0
7900 [0x7f54873b0677] SYS_open(0x7fffb9007040, 0x80000, 0, 0x36782f39325f3130)                                                     = -2
7900 [0x7f54873b05c5] SYS_stat(0x7fffb9007040, 0x7fffb9007120, 0x7fffb9007120, 0x36782f39325f3130)                                 = -2
7900 [0x7f54873b0677] SYS_open(0x7fffb9007040, 0x80000, 0, 0x36782f39325f3130)                                                     = -2
7900 [0x7f54873b05c5] SYS_stat(0x7fffb9007040, 0x7fffb9007120, 0x7fffb9007120, 0x36782f39325f3130)                                 = -2
7900 [0x7f54873b0677] SYS_open(0x7fffb9007040, 0x80000, 0, 0x36782f39325f3130)                                                     = -2
7900 [0x7f54873b05c5] SYS_stat(0x7fffb9007040, 0x7fffb9007120, 0x7fffb9007120, 0x36782f39325f3130)                                 = -2
7900 [0x7f54873b0677] SYS_open(0x7fffb9007040, 0x80000, 0, 0x36782f39325f3130)                                                     = -2
7900 [0x7f54873b05c5] SYS_stat(0x7fffb9007040, 0x7fffb9007120, 0x7fffb9007120, 0x36782f39325f3130)                                 = -2
7900 [0x7f54873b0677] SYS_open(0x7f54875a7dd0, 0x80000, 0, 0x36782f39325f3130)                                                     = 3
7900 [0x7f54873b0697] SYS_read(3, 0x7fffb9007248, 832, 0x36782f39325f3130)                                                         = 832
7900 [0x7f54873b0604] SYS_fstat(3, 0x7fffb9007120, 0x7fffb9007120, 16)                                                             = 0
7900 [0x7f54873b080a] SYS_mmap(0, 4096, 3, 34)                                                                                     = 0x7f54875a6000
7900 [0x7f54873b080a] SYS_mmap(0, 0x2f8980, 5, 2050)                                                                               = 0x7f54835a2000
7900 [0x7f54873b0857] SYS_mprotect(0x7f5483699000, 0x200000, 0, 2050)                                                              = 0
7900 [0x7f54873b080a] SYS_mmap(0x7f5483899000, 8192, 3, 2066)                                                                      = 0x7f5483899000
7900 [0x7f54873b0787] SYS_close(3, 16, 0x7f54838993a0, 0x6ffffdff)                                                                 = 0
7900 [0x7f54873b0677] SYS_open(0x7f54875a64c8, 0x80000, 0, 0x6ffffdff)                                                             = 3
7900 [0x7f54873b0697] SYS_read(3, 0x7fffb9007218, 832, 0x6ffffdff)                                                                 = 832
7900 [0x7f54873b0604] SYS_fstat(3, 0x7fffb90070f0, 0x7fffb90070f0, 16)                                                             = 0
7900 [0x7f54873b080a] SYS_mmap(0, 0x2fc9d8, 5, 2050)                                                                               = 0x7f54832a5000
7900 [0x7f54873b0857] SYS_mprotect(0x7f54833a0000, 0x200000, 0, 2050)                                                              = 0
7900 [0x7f54873b080a] SYS_mmap(0x7f54835a0000, 8192, 3, 2066)                                                                      = 0x7f54835a0000
7900 [0x7f54873b0787] SYS_close(3, 16, 0x7f54835a1828, 0x6ffffdff)                                                                 = 0
7900 [0x7f54873b0677] SYS_open(0x7f54875a6998, 0x80000, 0, 0x6ffffdff)                                                             = 3
7900 [0x7f54873b0697] SYS_read(3, 0x7fffb90071e8, 832, 0x6ffffdff)                                                                 = 832
7900 [0x7f54873b0604] SYS_fstat(3, 0x7fffb90070c0, 0x7fffb90070c0, 16)                                                             = 0
7900 [0x7f54873b080a] SYS_mmap(0, 0x242830, 5, 2050)                                                                               = 0x7f5483062000
7900 [0x7f54873b0857] SYS_mprotect(0x7f54830a5000, 0x1ff000, 0, 2050)                                                              = 0
7900 [0x7f54873b080a] SYS_mmap(0x7f54832a4000, 4096, 3, 2066)                                                                      = 0x7f54832a4000
7900 [0x7f54873b0787] SYS_close(3, 16, 0x7f54832a4630, 0x6ffffdff)                                                                 = 0
7900 [0x7f54873b0677] SYS_open(0x7f54875a6f70, 0x80000, 0, 0x7f54875ad9b8)                                                         = 3
7900 [0x7f54873b0697] SYS_read(3, 0x7fffb90071b8, 832, 0x7f54875ad9b8)                                                             = 832
7900 [0x7f54873b0604] SYS_fstat(3, 0x7fffb9007090, 0x7fffb9007090, 32)                                                             = 0
7900 [0x7f54873b080a] SYS_mmap(0, 4096, 3, 34)                                                                                     = 0x7f54875a5000
7900 [0x7f54873b080a] SYS_mmap(0, 0x203118, 5, 2050)                                                                               = 0x7f5482e5e000
7900 [0x7f54873b0857] SYS_mprotect(0x7f5482e60000, 0x200000, 0, 2050)                                                              = 0
7900 [0x7f54873b080a] SYS_mmap(0x7f5483060000, 8192, 3, 2066)                                                                      = 0x7f5483060000
7900 [0x7f54873b0787] SYS_close(3, 16, 0x7f5483060f40, 0x6ffffdff)                                                                 = 0
7900 [0x7f54873b080a] SYS_mmap(0, 4096, 3, 34)                                                                                     = 0x7f54875a4000
7900 [0x7f54873b080a] SYS_mmap(0, 4096, 3, 34)                                                                                     = 0x7f54875a3000
7900 [0x7f54873b080a] SYS_mmap(0, 8192, 3, 34)                                                                                     = 0x7f54875a1000
7900 [0x7f548739a044] SYS_arch_prctl(4098, 0x7f54875a1780, 0x7f54875a2080, 34)                                                     = 0
7900 [0x7f54873b0857] SYS_mprotect(0x7f5486cf0000, 0x4000, 1, 1)                                                                   = 0
7900 [0x7f54873b0857] SYS_mprotect(0x7f5483060000, 4096, 1, 0x7f5482e5ec68)                                                        = 0
7900 [0x7f54873b0857] SYS_mprotect(0x7f5485e96000, 4096, 1, 0x7f5485c84500)                                                        = 0
7900 [0x7f54873b0857] SYS_mprotect(0x7f5483b97000, 4096, 1, 1)                                                                     = 0
7900 [0x7f54873b0857] SYS_mprotect(0x7f54843f6000, 4096, 1, 0x7f54841efa00)                                                        = 0
7900 [0x7f54873b0857] SYS_mprotect(0x7f548615a000, 0x7000, 1, 0x7f5485ef4810)                                                      = 0
7900 [0x7f54873b0857] SYS_mprotect(0x7f5485c7d000, 4096, 1, 0x7f5485a78d58)                                                        = 0
7900 [0x7f54873b0857] SYS_mprotect(0x7f54875b9000, 4096, 1, 0)                                                                     = 0
7900 [0x7f54873b0837] SYS_munmap(0x7f54875af000, 0x83b3, 0x7ef00, 0)                                                               = 0
7900 [0x7f5485c85e92] SYS_set_tid_address(0x7f54875a1a50, 0x7fffb90091a8, 0x7f54875a1780, 0)                                       = 7900
7900 [0x7f5485c85efa] SYS_set_robust_list(0x7f54875a1a60, 24, 0x7f54875a1780, 0)                                                   = 0
7900 [0x7f5485c8fcf5] SYS_rt_sigaction(32, 0x7fffb9008ef8, 0, 8)                                                                   = 0
7900 [0x7f5485c8fcf5] SYS_rt_sigaction(33, 0x7fffb9008ef8, 0, 8)                                                                   = 0
7900 [0x7f5485c85fd6] SYS_rt_sigprocmask(1, 0x7fffb9009048, 0, 8)                                                                  = 0
7900 [0x7f5486a3cb17] SYS_getrlimit(3, 0x7fffb90090e0, 63, 1)                                                                      = 0
7900 [0x7f5485c85b95] SYS_futex(0x7f54861647e0, 129, 0x7fffffff, 0)                                                                = 0
7900 [0x4008fd] ledctrl->Lookup_Nas_Info(_T_NAS_PROP_&)(0x7fffb9008ff0, 0x7fffb900ab94, 0, 0x7fffb900ab93 <unfinished ...>
7900 [0x7f5487143d11]   libnasman.so->Open_Share_Memory(char const*, int, void*&, int&)(0x7f548718808e, 0, 0x7fffb9008fb0, 0x7fffb9008fbc <unfinished ...>
7900 [0x7f5486a37557]     SYS_statfs(0x7f5485c921e8, 0x7fffb9008d50, 0x7f5485e9b310, 1)                                            = 0
7900 [0x7f5485c85b95]     SYS_futex(0x7f5485e9b310, 129, 0x7fffffff, 0)                                                            = 0
7900 [0x7f5486a377e0]     SYS_open(0x7fffb9008e60, 0xa0000, 484, 1)                                                                = 3
7900 [0x7f5486a373b4]     SYS_fstat(3, 0x7fffb9008ef0, 0x7fffb9008ef0, 1)                                                          = 0
7900 [0x7f5486a4072a]     SYS_mmap(0, 0x2788, 1, 1)                                                                                = 0x7f54875b5000
7900 [0x7f5486a38070]     SYS_close(3, 0x2788, 1, 1)                                                                               = 0
7900 [0x7f5487143d11]   <... Open_Share_Memory(char const*, int, void*&, int&) resumed> )                                          = 0
7900 [0x7f5487143d4d]   libnasman.so->Open_Share_Memory(char const*, int, void*&, int&)(0x7f54871880a7, 0, 0x7fffb9008fb0, 0x7fffb9008fbc <unfinished ...>
7900 [0x7f5486a377e0]     SYS_open(0x7fffb9008e60, 0xa0000, 484, 1)                                                                = 3
7900 [0x7f5486a373b4]     SYS_fstat(3, 0x7fffb9008ef0, 0x7fffb9008ef0, 1)                                                          = 0
7900 [0x7f5486a4072a]     SYS_mmap(0, 3536, 1, 1)                                                                                  = 0x7f54875b4000
7900 [0x7f5486a38070]     SYS_close(3, 3536, 1, 1)                                                                                 = 0
7900 [0x7f5487143d4d]   <... Open_Share_Memory(char const*, int, void*&, int&) resumed> )                                          = 0
7900 [0x7f5487143d7f]   libnasman.so->Open_Share_Memory(char const*, int, void*&, int&)(0x7f54871880b5, 0, 0x7fffb9008fb0, 0x7fffb9008fbc <unfinished ...>
7900 [0x7f5486a377e0]     SYS_open(0x7fffb9008e60, 0xa0000, 484, 1)                                                                = 3
7900 [0x7f5486a373b4]     SYS_fstat(3, 0x7fffb9008ef0, 0x7fffb9008ef0, 1)                                                          = 0
7900 [0x7f5486a4072a]     SYS_mmap(0, 4080, 1, 1)                                                                                  = 0x7f54875b3000
7900 [0x7f5486a38070]     SYS_close(3, 4080, 1, 1)                                                                                 = 0
7900 [0x7f5487143d7f]   <... Open_Share_Memory(char const*, int, void*&, int&) resumed> )                                          = 0
7900 [0x4008fd] <... Lookup_Nas_Info(_T_NAS_PROP_&) resumed> )                                                                     = 0
7900 [0x400934] ledctrl->Hal_Led_Set_Hdd_Mode(1, 7, 1, 0 <unfinished ...>
7900 [0x7f5486d00f15]   libnhal.so->Hal_Lookup_Hardware_Info(0x7fffb9008ee0, 7, 1, 0 <unfinished ...>
7900 [0x7f5486a377e0]     SYS_open(0x7fffb9008de0, 0xa0002, 484, 1)                                                                = 3
7900 [0x7f5486a4072a]     SYS_mmap(0, 220, 3, 1)                                                                                   = 0x7f54875b2000
7900 [0x7f5486a38070]     SYS_close(3, 220, 3, 1)                                                                                  = 0
7900 [0x7f5486cff7f0]     libnhal.so->Hw_Semaphore_Init(0x7fffb9008e90, 0x7f5486d02287, 1, -1 <unfinished ...>
7900 [0x7f5486a37405]       SYS_lstat(0x7fffb9008d40, 0x7fffb9008c50, 0x7fffb9008c50, 0)                                           = -2
7900 [0x7f5485c8f510]       SYS_open(0x7fffb9008d40, 194, 600, 0)                                                                  = 3
7900 [0x7f5485c8eda0]       SYS_write(3, 0x7fffb9008dc0, 32, 0)                                                                    = 32
7900 [0x7f5486a4072a]       SYS_mmap(0, 32, 3, 1)                                                                                  = 0x7f54875b1000
7900 [0x7f5486a391a7]       SYS_link(0x7fffb9008d40, 0x7fffb9008d70, 3, 1)                                                         = -17
7900 [0x7f5486a40757]       SYS_munmap(0x7f54875b1000, 32, 3, 1)                                                                   = 0
7900 [0x7f5486a392c7]       SYS_unlink(0x7fffb9008d40, 32, 3, 1)                                                                   = 0
7900 [0x7f5485c8ee60]       SYS_close(3, 32, 3, 1)                                                                                 = 0
7900 [0x7f5485c8f510]       SYS_open(0x7fffb9008d70, 0x20002, 18, 1)                                                               = 3
7900 [0x7f5486a373b4]       SYS_fstat(3, 0x7fffb9008ca0, 0x7fffb9008ca0, 1)                                                        = 0
7900 [0x7f5486a3cf5a]       SYS_brk(0, 0x7f5486cf4640, 0, -4096)                                                                   = 0x1d13000
7900 [0x7f5486a3cf5a]       SYS_brk(0x1d34000, 0x1d13000, 0x1d34000, -4096)                                                        = 0x1d34000
7900 [0x7f5486a4072a]       SYS_mmap(0, 32, 3, 1)                                                                                  = 0x7f54875b1000
7900 [0x7f5485c8ee60]       SYS_close(3, 32, 0, 3)                                                                                 = 0
7900 [0x7f5486cff7f0]     <... Hw_Semaphore_Init resumed> )                                                                        = 17
7900 [0x7f5486cff800]     libnhal.so->Hw_Semaphore_Lock(0x7fffb9008e90, 32, 0x7f54875b1000, -1)                                    = 0
7900 [0x7f5486cff918]     libnhal.so->Hw_Semaphore_Unlock(0x7fffb9008e90, 2, 0x7f54875b2000, 0)                                    = 0
7900 [0x7f5486cff924]     libnhal.so->Hw_Semaphore_Release(0x7fffb9008e90, 128, 0, 0 <unfinished ...>
7900 [0x7f5486a40757]       SYS_munmap(0x7f54875b1000, 32, 0, 1)                                                                   = 0
7900 [0x7f5486cff924]     <... Hw_Semaphore_Release resumed> )                                                                     = 0
7900 [0x7f5486d00f15]   <... Hal_Lookup_Hardware_Info resumed> )                                                                   = 0
7900 [0x7f5486d010e3]   libnhal.so->Mv9125_Set_Led_Mode(0, 1, 0, 1 <unfinished ...>
7900 [0x7f54850526ff]     libgeneraldrv.so->PCI_Conf_Read(1, 0, 0, 36 <unfinished ...>
7900 [0x7f548504f823]       libgeneraldrv.so->Hw_Semaphore_Init(0x7fffb9008dc0, 0x7f5485053000, 1, 0 <unfinished ...>
7900 [0x7f5486a37405]         SYS_lstat(0x7fffb9008c70, 0x7fffb9008b80, 0x7fffb9008b80, 0)                                         = -2
7900 [0x7f5485c8f510]         SYS_open(0x7fffb9008c70, 194, 600, 0)                                                                = 3
7900 [0x7f5485c8eda0]         SYS_write(3, 0x7fffb9008cf0, 32, 0)                                                                  = 32
7900 [0x7f5486a4072a]         SYS_mmap(0, 32, 3, 1)                                                                                = 0x7f54875b1000
7900 [0x7f5486a391a7]         SYS_link(0x7fffb9008c70, 0x7fffb9008ca0, 3, 1)                                                       = -17
7900 [0x7f5486a40757]         SYS_munmap(0x7f54875b1000, 32, 3, 1)                                                                 = 0
7900 [0x7f5486a392c7]         SYS_unlink(0x7fffb9008c70, 32, 3, 1)                                                                 = 0
7900 [0x7f5485c8ee60]         SYS_close(3, 32, 3, 1)                                                                               = 0
7900 [0x7f5485c8f510]         SYS_open(0x7fffb9008ca0, 0x20002, 17, 1)                                                             = 3
7900 [0x7f5486a373b4]         SYS_fstat(3, 0x7fffb9008bd0, 0x7fffb9008bd0, 1)                                                      = 0
7900 [0x7f5486a4072a]         SYS_mmap(0, 32, 3, 1)                                                                                = 0x7f54875b1000
7900 [0x7f5485c8ee60]         SYS_close(3, 32, 0, 1)                                                                               = 0
7900 [0x7f548504f823]       <... Hw_Semaphore_Init resumed> )                                                                      = 17
7900 [0x7f548504f833]       libgeneraldrv.so->Hw_Semaphore_Lock(0x7fffb9008dc0, 32, 0x7f54875b1000, -1)                            = 0
7900 [0x7f5486a446b7]       SYS_ioperm(3320, 4, 1, 1)                                                                              = 0
7900 [0x7f5486a446b7]       SYS_ioperm(3320, 4, 0, 1)                                                                              = 0
7900 [0x7f5486a446b7]       SYS_ioperm(235, 1, 1, 1)                                                                               = 0
7900 [0x7f5486a446b7]       SYS_ioperm(235, 1, 0, 1)                                                                               = 0
7900 [0x7f5486a446b7]       SYS_ioperm(3324, 4, 1, 1)                                                                              = 0
7900 [0x7f5486a446b7]       SYS_ioperm(3324, 4, 0, 1)                                                                              = 0
7900 [0x7f5486a446b7]       SYS_ioperm(235, 1, 1, 1)                                                                               = 0
7900 [0x7f5486a446b7]       SYS_ioperm(235, 1, 0, 1)                                                                               = 0
7900 [0x7f5486a446b7]       SYS_ioperm(3320, 4, 1, 1)                                                                              = 0
7900 [0x7f5486a446b7]       SYS_ioperm(3320, 4, 0, 1)                                                                              = 0
7900 [0x7f5486a446b7]       SYS_ioperm(235, 1, 1, 1)                                                                               = 0
7900 [0x7f5486a446b7]       SYS_ioperm(235, 1, 0, 1)                                                                               = 0
7900 [0x7f548504f97f]       libgeneraldrv.so->Hw_Semaphore_Unlock(0x7fffb9008dc0, 1, 0, -1)                                        = 0
7900 [0x7f548504f98b]       libgeneraldrv.so->Hw_Semaphore_Release(0x7fffb9008dc0, 128, 0, 0 <unfinished ...>
7900 [0x7f5486a40757]         SYS_munmap(0x7f54875b1000, 32, 0, 1)                                                                 = 0
7900 [0x7f548504f98b]       <... Hw_Semaphore_Release resumed> )                                                                   = 0
7900 [0x7f54850526ff]     <... PCI_Conf_Read resumed> )                                                                            = 0
7900 [0x7f5485052721]     libgeneraldrv.so->Hw_Semaphore_Init(0x7fffb9008e40, 0x7f548505338c, 1, 0x7f5486cf4658 <unfinished ...>
7900 [0x7f5486a37405]       SYS_lstat(0x7fffb9008ce0, 0x7fffb9008bf0, 0x7fffb9008bf0, 0)                                           = -2
7900 [0x7f5485c8f510]       SYS_open(0x7fffb9008ce0, 194, 600, 0)                                                                  = 3
7900 [0x7f5485c8eda0]       SYS_write(3, 0x7fffb9008d60, 32, 0)                                                                    = 32
7900 [0x7f5486a4072a]       SYS_mmap(0, 32, 3, 1)                                                                                  = 0x7f54875b1000
7900 [0x7f5486a391a7]       SYS_link(0x7fffb9008ce0, 0x7fffb9008d10, 3, 1)                                                         = -17
7900 [0x7f5486a40757]       SYS_munmap(0x7f54875b1000, 32, 3, 1)                                                                   = 0
7900 [0x7f5486a392c7]       SYS_unlink(0x7fffb9008ce0, 32, 3, 1)                                                                   = 0
7900 [0x7f5485c8ee60]       SYS_close(3, 32, 3, 1)                                                                                 = 0
7900 [0x7f5485c8f510]       SYS_open(0x7fffb9008d10, 0x20002, 20, 1)                                                               = 3
7900 [0x7f5486a373b4]       SYS_fstat(3, 0x7fffb9008c40, 0x7fffb9008c40, 1)                                                        = 0
7900 [0x7f5486a4072a]       SYS_mmap(0, 32, 3, 1)                                                                                  = 0x7f54875b1000
7900 [0x7f5485c8ee60]       SYS_close(3, 32, 0, 1)                                                                                 = 0
7900 [0x7f5485052721]     <... Hw_Semaphore_Init resumed> )                                                                        = 17
7900 [0x7f5485052731]     libgeneraldrv.so->Hw_Semaphore_Lock(0x7fffb9008e40, 32, 0x7f54875b1000, -1)                              = 0
7900 [0x7f5486a377e0]     SYS_open(0x7f54850533a1, 2, 1, 1)                                                                        = 3
7900 [0x7f5486a4072a]     SYS_mmap(0, 60, 3, 1)                                                                                    = 0x7f54875b0000
7900 [0x7f5486a14060]     SYS_nanosleep(0x7fffb9008e10, 0, 0, 1)                                                                   = 0
7900 [0x7f5486a14060]     SYS_nanosleep(0x7fffb9008e10, 0, 0, 1)                                                                   = 0
7900 [0x7f5486a14060]     SYS_nanosleep(0x7fffb9008e10, 0, 0, 1)                                                                   = 0
7900 [0x7f5486a14060]     SYS_nanosleep(0x7fffb9008e10, 0, 0, 1)                                                                   = 0
7900 [0x7f5486a14060]     SYS_nanosleep(0x7fffb9008e10, 0, 0, 1)                                                                   = 0
7900 [0x7f5486a14060]     SYS_nanosleep(0x7fffb9008e10, 0, 0, 1)                                                                   = 0
7900 [0x7f5486a14060]     SYS_nanosleep(0x7fffb9008e10, 0, 0, 1)                                                                   = 0
7900 [0x7f5486a14060]     SYS_nanosleep(0x7fffb9008e10, 0, 0, 1)                                                                   = 0
7900 [0x7f5486a40757]     SYS_munmap(0x7f54875b0000, 60, 0, 1)                                                                     = 0
7900 [0x7f5486a38070]     SYS_close(3, 60, 0, 1)                                                                                   = 0
7900 [0x7f5486a14060]     SYS_nanosleep(0x7fffb9008e10, 0, 0, 1)                                                                   = 0
7900 [0x7f548505287f]     libgeneraldrv.so->Hw_Semaphore_Unlock(0x7fffb9008e40, 0, 0, -1)                                          = 0
7900 [0x7f548505288b]     libgeneraldrv.so->Hw_Semaphore_Release(0x7fffb9008e40, 128, 0, 0 <unfinished ...>
7900 [0x7f5486a40757]       SYS_munmap(0x7f54875b1000, 32, 0, 1)                                                                   = 0
7900 [0x7f548505288b]     <... Hw_Semaphore_Release resumed> )                                                                     = 0
7900 [0x7f5486d010e3]   <... Mv9125_Set_Led_Mode resumed> )                                                                        = 0
7900 [0x400934] <... Hal_Led_Set_Hdd_Mode resumed> )                                                                               = 0
7900 [0x7f5487143f15] libnasman.so->Close_Share_Memory(char const*, void*)(0x7f548718808e, 0x7f54875b5000, 0x1d447e9b31e1522a, 4 <unfinished ...>
7900 [0x7f5487143b6e]   libnasman.so->Get_File_Size(char const*, long*)(0x7fffb9008d50, 0x7fffb9008e78, 0x7fffb9008d65, 0 <unfinished ...>
7900 [0x7f5486a37365]     SYS_stat(0x7fffb9008d50, 0x7fffb9008cb0, 0x7fffb9008cb0, 1)                                              = 0
7900 [0x7f5487143b6e]   <... Get_File_Size(char const*, long*) resumed> )                                                          = 0
7900 [0x7f5486a40757]   SYS_munmap(0x7f54875b5000, 0x2788, 0x7fffb9008cb0, 1)                                                      = 0
7900 [0x7f5487143f15] <... Close_Share_Memory(char const*, void*) resumed> )                                                       = 0
7900 [0x7f5487143f37] libnasman.so->Close_Share_Memory(char const*, void*)(0x7f54871880a7, 0x7f54875b4000, 0, -1 <unfinished ...>
7900 [0x7f5487143b6e]   libnasman.so->Get_File_Size(char const*, long*)(0x7fffb9008d50, 0x7fffb9008e78, 0x7fffb9008d66, 0 <unfinished ...>
7900 [0x7f5486a37365]     SYS_stat(0x7fffb9008d50, 0x7fffb9008cb0, 0x7fffb9008cb0, 1)                                              = 0
7900 [0x7f5487143b6e]   <... Get_File_Size(char const*, long*) resumed> )                                                          = 0
7900 [0x7f5486a40757]   SYS_munmap(0x7f54875b4000, 3536, 0x7fffb9008cb0, 1)                                                        = 0
7900 [0x7f5487143f37] <... Close_Share_Memory(char const*, void*) resumed> )                                                       = 0
7900 [0x7f5487143f59] libnasman.so->Close_Share_Memory(char const*, void*)(0x7f54871880b5, 0x7f54875b3000, 0, -1 <unfinished ...>
7900 [0x7f5487143b6e]   libnasman.so->Get_File_Size(char const*, long*)(0x7fffb9008d50, 0x7fffb9008e78, 0x7fffb9008d66, 0 <unfinished ...>
7900 [0x7f5486a37365]     SYS_stat(0x7fffb9008d50, 0x7fffb9008cb0, 0x7fffb9008cb0, 1)                                              = 0
7900 [0x7f5487143b6e]   <... Get_File_Size(char const*, long*) resumed> )                                                          = 0
7900 [0x7f5486a40757]   SYS_munmap(0x7f54875b3000, 4080, 0x7fffb9008cb0, 1)                                                        = 0
7900 [0x7f5487143f59] <... Close_Share_Memory(char const*, void*) resumed> )                                                       = 0
7900 [0x7f5486991932] libgeneral.so->Trace_Mem_Destroy()(0x7f54866a9d40, 0, 0x1d447c35ca21522a, 16)                                = 0
7900 [0x7f5486a14468] SYS_exit_group(0, 60, 0, 0x7f5486cf7a48 <no return ...>
7900 [0xffffffffffffffff] +++ exited (status 0) +++
