7964 [0x7fce5347f8aa] SYS_brk(0, 0x7fce53482fa0, 0, 895)                                                                           = 0x777000
7964 [0x7fce534807e7] SYS_readlink(0x7fff90cb8b77, 0x7fff90cb65f0, 4096, 0x756e694c00000000)                                       = -2
7964 [0x7fce53480677] SYS_open(0x7fce534841f3, 0, 0, 0x756e694c00000000)                                                           = 3
7964 [0x7fce534807a7] SYS_chdir(0x7fce5368bba8, 0, 0, 0x756e694c00000000)                                                          = -2
7964 [0x7fce5347f9d2] SYS_getcwd(0x7fff90cb65f0, 4096, 0, 0x756e694c00000000)                                                      = 23
7964 [0x7fce534807c7] SYS_fchdir(3, 4096, 0, 0x756e694c00000000)                                                                   = 0
7964 [0x7fce53480787] SYS_close(3, 4096, 0, 0x756e694c00000000)                                                                    = 0
7964 [0x7fce5348080a] SYS_mmap(0, 4096, 3, 34)                                                                                     = 0x7fce53688000
7964 [0x7fce534806d7] SYS_access(0x7fce53486700, 4, 0x7fce5368b718, 0)                                                             = -2
7964 [0x7fce53480677] SYS_open(0x7fce53484072, 0x80000, 1, 0)                                                                      = 3
7964 [0x7fce53480604] SYS_fstat(3, 0x7fff90cb5dd0, 0x7fff90cb5dd0, 0)                                                              = 0
7964 [0x7fce5348080a] SYS_mmap(0, 0x83b3, 1, 2)                                                                                    = 0x7fce5367f000
7964 [0x7fce53480787] SYS_close(3, 0x83b3, 1, 2)                                                                                   = 0
7964 [0x7fce53480677] SYS_open(0x7fce53688640, 0x80000, 0, 56)                                                                     = 3
7964 [0x7fce53480697] SYS_read(3, 0x7fff90cb5f58, 832, 56)                                                                         = 832
7964 [0x7fce53480604] SYS_fstat(3, 0x7fff90cb5e30, 0x7fff90cb5e30, 16)                                                             = 0
7964 [0x7fce5348080a] SYS_mmap(0, 0x278960, 5, 2050)                                                                               = 0x7fce531f0000
7964 [0x7fce53480857] SYS_mprotect(0x7fce53266000, 0x200000, 0, 2050)                                                              = 0
7964 [0x7fce5348080a] SYS_mmap(0x7fce53466000, 0x3000, 3, 2066)                                                                    = 0x7fce53466000
7964 [0x7fce53480787] SYS_close(3, 16, 0x7fce534663e0, 0x6ffffdff)                                                                 = 0
7964 [0x7fce53480677] SYS_open(0x7fce53688b10, 0x80000, 0, 0x6ffffdff)                                                             = 3
7964 [0x7fce53480697] SYS_read(3, 0x7fff90cb5f28, 832, 0x6ffffdff)                                                                 = 832
7964 [0x7fce53480604] SYS_fstat(3, 0x7fff90cb5e00, 0x7fff90cb5e00, 16)                                                             = 0
7964 [0x7fce5348080a] SYS_mmap(0, 0x21bee0, 5, 2050)                                                                               = 0x7fce52fd4000
7964 [0x7fce53480857] SYS_mprotect(0x7fce52fef000, 0x200000, 0, 2050)                                                              = 0
7964 [0x7fce5348080a] SYS_mmap(0x7fce531ef000, 4096, 3, 2066)                                                                      = 0x7fce531ef000
7964 [0x7fce53480787] SYS_close(3, 16, 0x7fce531ef208, 0x6ffffdff)                                                                 = 0
7964 [0x7fce53480677] SYS_open(0x7fce53688fe0, 0x80000, 0, 0x6ffffdff)                                                             = 3
7964 [0x7fce53480697] SYS_read(3, 0x7fff90cb5ef8, 832, 0x6ffffdff)                                                                 = 832
7964 [0x7fce53480604] SYS_fstat(3, 0x7fff90cb5dd0, 0x7fff90cb5dd0, 16)                                                             = 0
7964 [0x7fce5348080a] SYS_mmap(0, 4096, 3, 34)                                                                                     = 0x7fce5367e000
7964 [0x7fce5348080a] SYS_mmap(0, 0x209ad0, 5, 2050)                                                                               = 0x7fce52dca000
7964 [0x7fce53480857] SYS_mprotect(0x7fce52dd4000, 0x1ff000, 0, 2050)                                                              = 0
7964 [0x7fce5348080a] SYS_mmap(0x7fce52fd3000, 4096, 3, 2066)                                                                      = 0x7fce52fd3000
7964 [0x7fce53480787] SYS_close(3, 16, 0x7fce52fd3690, 0x6ffffdff)                                                                 = 0
7964 [0x7fce53480677] SYS_open(0x7fce5367e4b8, 0x80000, 0, 0x6ffffdff)                                                             = 3
7964 [0x7fce53480697] SYS_read(3, 0x7fff90cb5ec8, 832, 0x6ffffdff)                                                                 = 832
7964 [0x7fce53480604] SYS_fstat(3, 0x7fff90cb5da0, 0x7fff90cb5da0, 32)                                                             = 0
7964 [0x7fce5348080a] SYS_mmap(0, 0x39dc40, 5, 2050)                                                                               = 0x7fce52a2c000
7964 [0x7fce53480857] SYS_mprotect(0x7fce52bc0000, 0x200000, 0, 2050)                                                              = 0
7964 [0x7fce5348080a] SYS_mmap(0x7fce52dc0000, 0x6000, 3, 2066)                                                                    = 0x7fce52dc0000
7964 [0x7fce5348080a] SYS_mmap(0x7fce52dc6000, 0x3c40, 3, 50)                                                                      = 0x7fce52dc6000
7964 [0x7fce53480787] SYS_close(3, 16, 0, 0x6ffffdff)                                                                              = 0
7964 [0x7fce53480677] SYS_open(0x7fce5367e988, 0x80000, 0, 0x6ffffdff)                                                             = 3
7964 [0x7fce53480697] SYS_read(3, 0x7fff90cb5d78, 832, 0x6ffffdff)                                                                 = 832
7964 [0x7fce53480604] SYS_fstat(3, 0x7fff90cb5c50, 0x7fff90cb5c50, 16)                                                             = 0
7964 [0x7fce5348080a] SYS_mmap(0, 0x2b09d0, 5, 2050)                                                                               = 0x7fce5277b000
7964 [0x7fce53480857] SYS_mprotect(0x7fce5282a000, 0x1ff000, 0, 2050)                                                              = 0
7964 [0x7fce5348080a] SYS_mmap(0x7fce52a29000, 0x3000, 3, 2066)                                                                    = 0x7fce52a29000
7964 [0x7fce53480787] SYS_close(3, 16, 0x7fce52a299a8, 0x6ffffdff)                                                                 = 0
7964 [0x7fce53480677] SYS_open(0x7fce5367ee58, 0x80000, 0, 0x6ffffdff)                                                             = 3
7964 [0x7fce53480697] SYS_read(3, 0x7fff90cb5d48, 832, 0x6ffffdff)                                                                 = 832
7964 [0x7fce53480604] SYS_fstat(3, 0x7fff90cb5c20, 0x7fff90cb5c20, 16)                                                             = 0
7964 [0x7fce5348080a] SYS_mmap(0, 4096, 3, 34)                                                                                     = 0x7fce5367d000
7964 [0x7fce5348080a] SYS_mmap(0, 0x294ee0, 5, 2050)                                                                               = 0x7fce524e6000
7964 [0x7fce53480857] SYS_mprotect(0x7fce52578000, 0x1ff000, 0, 2050)                                                              = 0
7964 [0x7fce5348080a] SYS_mmap(0x7fce52777000, 0x3000, 3, 2066)                                                                    = 0x7fce52777000
7964 [0x7fce5348080a] SYS_mmap(0x7fce5277a000, 3808, 3, 50)                                                                        = 0x7fce5277a000
7964 [0x7fce53480787] SYS_close(3, 16, 0x7fce52777e30, 0x6ffffdff)                                                                 = 0
7964 [0x7fce53480677] SYS_open(0x7fce5367d4b8, 0x80000, 0, 0x6ffffdff)                                                             = 3
7964 [0x7fce53480697] SYS_read(3, 0x7fff90cb5d18, 832, 0x6ffffdff)                                                                 = 832
7964 [0x7fce53480604] SYS_fstat(3, 0x7fff90cb5bf0, 0x7fff90cb5bf0, 16)                                                             = 0
7964 [0x7fce5348080a] SYS_mmap(0, 0x29d850, 5, 2050)                                                                               = 0x7fce52248000
7964 [0x7fce53480857] SYS_mprotect(0x7fce522e1000, 0x200000, 0, 2050)                                                              = 0
7964 [0x7fce5348080a] SYS_mmap(0x7fce524e1000, 0x3000, 3, 2066)                                                                    = 0x7fce524e1000
7964 [0x7fce5348080a] SYS_mmap(0x7fce524e4000, 6224, 3, 50)                                                                        = 0x7fce524e4000
7964 [0x7fce53480787] SYS_close(3, 16, 0x7fce524e2cc8, 0x6ffffdff)                                                                 = 0
7964 [0x7fce53480677] SYS_open(0x7fce5367d9a0, 0x80000, 0, 0x6ffffdff)                                                             = 3
7964 [0x7fce53480697] SYS_read(3, 0x7fff90cb5ce8, 832, 0x6ffffdff)                                                                 = 832
7964 [0x7fce53480604] SYS_fstat(3, 0x7fff90cb5bc0, 0x7fff90cb5bc0, 16)                                                             = 0
7964 [0x7fce5348080a] SYS_mmap(0, 0x2dbbb0, 5, 2050)                                                                               = 0x7fce51f6c000
7964 [0x7fce53480857] SYS_mprotect(0x7fce5202a000, 0x200000, 0, 2050)                                                              = 0
7964 [0x7fce5348080a] SYS_mmap(0x7fce5222a000, 0xa000, 3, 2066)                                                                    = 0x7fce5222a000
7964 [0x7fce5348080a] SYS_mmap(0x7fce52234000, 0x13bb0, 3, 50)                                                                     = 0x7fce52234000
7964 [0x7fce53480787] SYS_close(3, 16, 0x7fce522304d8, 0x6ffffdff)                                                                 = 0
7964 [0x7fce53480677] SYS_open(0x7fce5367de70, 0x80000, 0, 0x6ffffdff)                                                             = 3
7964 [0x7fce53480697] SYS_read(3, 0x7fff90cb5cb8, 832, 0x6ffffdff)                                                                 = 832
7964 [0x7fce53480604] SYS_fstat(3, 0x7fff90cb5b90, 0x7fff90cb5b90, 32)                                                             = 0
7964 [0x7fce5348080a] SYS_mmap(0, 4096, 3, 34)                                                                                     = 0x7fce5367c000
7964 [0x7fce5348080a] SYS_mmap(0, 0x21c490, 5, 2050)                                                                               = 0x7fce51d4f000
7964 [0x7fce53480857] SYS_mprotect(0x7fce51d67000, 0x1ff000, 0, 2050)                                                              = 0
7964 [0x7fce5348080a] SYS_mmap(0x7fce51f66000, 8192, 3, 2066)                                                                      = 0x7fce51f66000
7964 [0x7fce5348080a] SYS_mmap(0x7fce51f68000, 0x3490, 3, 50)                                                                      = 0x7fce51f68000
7964 [0x7fce53480787] SYS_close(3, 16, 0, 0x6ffffdff)                                                                              = 0
7964 [0x7fce53480677] SYS_open(0x7fce5367c4b8, 0x80000, 0, 0x6ffffdff)                                                             = 3
7964 [0x7fce53480697] SYS_read(3, 0x7fff90cb5c88, 832, 0x6ffffdff)                                                                 = 832
7964 [0x7fce53480604] SYS_fstat(3, 0x7fff90cb5b60, 0x7fff90cb5b60, 32)                                                             = 0
7964 [0x7fce5348080a] SYS_mmap(0, 0x207bc0, 5, 2050)                                                                               = 0x7fce51b47000
7964 [0x7fce53480857] SYS_mprotect(0x7fce51b4e000, 0x1ff000, 0, 2050)                                                              = 0
7964 [0x7fce5348080a] SYS_mmap(0x7fce51d4d000, 8192, 3, 2066)                                                                      = 0x7fce51d4d000
7964 [0x7fce53480787] SYS_close(3, 16, 0, 0x6ffffdff)                                                                              = 0
7964 [0x7fce53480677] SYS_open(0x7fce5367c988, 0x80000, 0, 0x6ffffdff)                                                             = 3
7964 [0x7fce53480697] SYS_read(3, 0x7fff90cb5c58, 832, 0x6ffffdff)                                                                 = 832
7964 [0x7fce53480604] SYS_fstat(3, 0x7fff90cb5b30, 0x7fff90cb5b30, 16)                                                             = 0
7964 [0x7fce5348080a] SYS_mmap(0, 0x202e20, 5, 2050)                                                                               = 0x7fce51944000
7964 [0x7fce53480857] SYS_mprotect(0x7fce51947000, 0x1ff000, 0, 2050)                                                              = 0
7964 [0x7fce5348080a] SYS_mmap(0x7fce51b46000, 4096, 3, 2066)                                                                      = 0x7fce51b46000
7964 [0x7fce53480787] SYS_close(3, 16, 0x7fce51b46c28, 0x6ffffdff)                                                                 = 0
7964 [0x7fce53480677] SYS_open(0x7fce5367ce58, 0x80000, 0, 0x6ffffdff)                                                             = 3
7964 [0x7fce53480697] SYS_read(3, 0x7fff90cb5c28, 832, 0x6ffffdff)                                                                 = 832
7964 [0x7fce53480604] SYS_fstat(3, 0x7fff90cb5b00, 0x7fff90cb5b00, 16)                                                             = 0
7964 [0x7fce5348080a] SYS_mmap(0, 4096, 3, 34)                                                                                     = 0x7fce5367b000
7964 [0x7fce5348080a] SYS_mmap(0, 0x209850, 5, 2050)                                                                               = 0x7fce5173a000
7964 [0x7fce53480857] SYS_mprotect(0x7fce51744000, 0x1ff000, 0, 2050)                                                              = 0
7964 [0x7fce5348080a] SYS_mmap(0x7fce51943000, 4096, 3, 2066)                                                                      = 0x7fce51943000
7964 [0x7fce53480787] SYS_close(3, 16, 0x7fce51943618, 0x6ffffdff)                                                                 = 0
7964 [0x7fce53480677] SYS_open(0x7fce5367b4b8, 0x80000, 0, 0x6ffffdff)                                                             = 3
7964 [0x7fce53480697] SYS_read(3, 0x7fff90cb5bf8, 832, 0x6ffffdff)                                                                 = 832
7964 [0x7fce53480604] SYS_fstat(3, 0x7fff90cb5ad0, 0x7fff90cb5ad0, 16)                                                             = 0
7964 [0x7fce5348080a] SYS_mmap(0, 0x210868, 5, 2050)                                                                               = 0x7fce51529000
7964 [0x7fce53480857] SYS_mprotect(0x7fce5153a000, 0x1ff000, 0, 2050)                                                              = 0
7964 [0x7fce5348080a] SYS_mmap(0x7fce51739000, 4096, 3, 2066)                                                                      = 0x7fce51739000
7964 [0x7fce53480787] SYS_close(3, 16, 0x7fce51739408, 0x6ffffdff)                                                                 = 0
7964 [0x7fce53480677] SYS_open(0x7fce5367ba40, 0x80000, 0, 0x7fce5367c9a0)                                                         = 3
7964 [0x7fce53480697] SYS_read(3, 0x7fff90cb5a98, 832, 0x7fce5367c9a0)                                                             = 832
7964 [0x7fce53480604] SYS_fstat(3, 0x7fff90cb5970, 0x7fff90cb5970, 16)                                                             = 0
7964 [0x7fce5348080a] SYS_mmap(0, 0x2032c8, 5, 2050)                                                                               = 0x7fce51325000
7964 [0x7fce53480857] SYS_mprotect(0x7fce51328000, 0x200000, 0, 2050)                                                              = 0
7964 [0x7fce5348080a] SYS_mmap(0x7fce51528000, 4096, 3, 2066)                                                                      = 0x7fce51528000
7964 [0x7fce53480787] SYS_close(3, 16, 0x7fce51528188, 0x6ffffdff)                                                                 = 0
7964 [0x7fce53480677] SYS_open(0x7fce5367bf28, 0x80000, 0, 0x6ffffdff)                                                             = 3
7964 [0x7fce53480697] SYS_read(3, 0x7fff90cb5a68, 832, 0x6ffffdff)                                                                 = 832
7964 [0x7fce53480604] SYS_fstat(3, 0x7fff90cb5940, 0x7fff90cb5940, 16)                                                             = 0
7964 [0x7fce5348080a] SYS_mmap(0, 4096, 3, 34)                                                                                     = 0x7fce5367a000
7964 [0x7fce5348080a] SYS_mmap(0, 0x207820, 5, 2050)                                                                               = 0x7fce5111d000
7964 [0x7fce53480857] SYS_mprotect(0x7fce51124000, 0x200000, 0, 2050)                                                              = 0
7964 [0x7fce5348080a] SYS_mmap(0x7fce51324000, 4096, 3, 2066)                                                                      = 0x7fce51324000
7964 [0x7fce53480787] SYS_close(3, 16, 0x7fce51324188, 0x6ffffdff)                                                                 = 0
7964 [0x7fce53480677] SYS_open(0x7fce5367a4c8, 0x80000, 0, 0x6ffffdff)                                                             = 3
7964 [0x7fce53480697] SYS_read(3, 0x7fff90cb5a38, 832, 0x6ffffdff)                                                                 = 832
7964 [0x7fce53480604] SYS_fstat(3, 0x7fff90cb5910, 0x7fff90cb5910, 16)                                                             = 0
7964 [0x7fce5348080a] SYS_mmap(0, 0x201f30, 5, 2050)                                                                               = 0x7fce50f1b000
7964 [0x7fce53480857] SYS_mprotect(0x7fce50f1d000, 0x1ff000, 0, 2050)                                                              = 0
7964 [0x7fce5348080a] SYS_mmap(0x7fce5111c000, 4096, 3, 2066)                                                                      = 0x7fce5111c000
7964 [0x7fce53480787] SYS_close(3, 16, 0x7fce5111ce18, 0x6ffffdff)                                                                 = 0
7964 [0x7fce53480677] SYS_open(0x7fce5367aa60, 0x80000, 0, 0x7fce5367e4d0)                                                         = 3
7964 [0x7fce53480697] SYS_read(3, 0x7fff90cb5a08, 832, 0x7fce5367e4d0)                                                             = 832
7964 [0x7fce53480604] SYS_fstat(3, 0x7fff90cb58e0, 0x7fff90cb58e0, 16)                                                             = 0
7964 [0x7fce5348080a] SYS_mmap(0, 0x2022e8, 5, 2050)                                                                               = 0x7fce50d18000
7964 [0x7fce53480857] SYS_mprotect(0x7fce50d1a000, 0x200000, 0, 2050)                                                              = 0
7964 [0x7fce5348080a] SYS_mmap(0x7fce50f1a000, 4096, 3, 2066)                                                                      = 0x7fce50f1a000
7964 [0x7fce53480787] SYS_close(3, 16, 0x7fce50f1a198, 0x6ffffdff)                                                                 = 0
7964 [0x7fce53480677] SYS_open(0x7fce5367af40, 0x80000, 0, 0x6ffffdff)                                                             = 3
7964 [0x7fce53480697] SYS_read(3, 0x7fff90cb59d8, 832, 0x6ffffdff)                                                                 = 832
7964 [0x7fce53480604] SYS_fstat(3, 0x7fff90cb58b0, 0x7fff90cb58b0, 16)                                                             = 0
7964 [0x7fce5348080a] SYS_mmap(0, 4096, 3, 34)                                                                                     = 0x7fce53679000
7964 [0x7fce5348080a] SYS_mmap(0, 0x201f30, 5, 2050)                                                                               = 0x7fce50b16000
7964 [0x7fce53480857] SYS_mprotect(0x7fce50b18000, 0x1ff000, 0, 2050)                                                              = 0
7964 [0x7fce5348080a] SYS_mmap(0x7fce50d17000, 4096, 3, 2066)                                                                      = 0x7fce50d17000
7964 [0x7fce53480787] SYS_close(3, 16, 0x7fce50d17e18, 0x6ffffdff)                                                                 = 0
7964 [0x7fce53480677] SYS_open(0x7fce536794c0, 0x80000, 0, 0x6ffffdff)                                                             = 3
7964 [0x7fce53480697] SYS_read(3, 0x7fff90cb59a8, 832, 0x6ffffdff)                                                                 = 832
7964 [0x7fce53480604] SYS_fstat(3, 0x7fff90cb5880, 0x7fff90cb5880, 16)                                                             = 0
7964 [0x7fce5348080a] SYS_mmap(0, 0x2038b8, 5, 2050)                                                                               = 0x7fce50912000
7964 [0x7fce53480857] SYS_mprotect(0x7fce50916000, 0x1ff000, 0, 2050)                                                              = 0
7964 [0x7fce5348080a] SYS_mmap(0x7fce50b15000, 4096, 3, 2066)                                                                      = 0x7fce50b15000
7964 [0x7fce53480787] SYS_close(3, 16, 0x7fce50b15748, 0x6ffffdff)                                                                 = 0
7964 [0x7fce53480677] SYS_open(0x7fce53679a60, 0x80000, 0, 0x7fce5367c000)                                                         = 3
7964 [0x7fce53480697] SYS_read(3, 0x7fff90cb5948, 832, 0x7fce5367c000)                                                             = 832
7964 [0x7fce53480604] SYS_fstat(3, 0x7fff90cb5820, 0x7fff90cb5820, 16)                                                             = 0
7964 [0x7fce5348080a] SYS_mmap(0, 0x210848, 5, 2050)                                                                               = 0x7fce50701000
7964 [0x7fce53480857] SYS_mprotect(0x7fce50711000, 0x1ff000, 0, 2050)                                                              = 0
7964 [0x7fce5348080a] SYS_mmap(0x7fce50910000, 8192, 3, 2066)                                                                      = 0x7fce50910000
7964 [0x7fce53480787] SYS_close(3, 16, 0x7fce50910d90, 0x6ffffdff)                                                                 = 0
7964 [0x7fce53480677] SYS_open(0x7fce53679f48, 0x80000, 0, 0x6ffffdff)                                                             = 3
7964 [0x7fce53480697] SYS_read(3, 0x7fff90cb5918, 832, 0x6ffffdff)                                                                 = 832
7964 [0x7fce53480604] SYS_fstat(3, 0x7fff90cb57f0, 0x7fff90cb57f0, 16)                                                             = 0
7964 [0x7fce5348080a] SYS_mmap(0, 4096, 3, 34)                                                                                     = 0x7fce53678000
7964 [0x7fce5348080a] SYS_mmap(0, 0x20acf0, 5, 2050)                                                                               = 0x7fce504f6000
7964 [0x7fce53480857] SYS_mprotect(0x7fce50501000, 0x1ff000, 0, 2050)                                                              = 0
7964 [0x7fce5348080a] SYS_mmap(0x7fce50700000, 4096, 3, 2066)                                                                      = 0x7fce50700000
7964 [0x7fce53480787] SYS_close(3, 16, 0x7fce50700750, 0x6ffffdff)                                                                 = 0
7964 [0x7fce53480677] SYS_open(0x7fce53678560, 0x80000, 0, 0x7fce5367c000)                                                         = 3
7964 [0x7fce53480697] SYS_read(3, 0x7fff90cb58e8, 832, 0x7fce5367c000)                                                             = 832
7964 [0x7fce53480604] SYS_fstat(3, 0x7fff90cb57c0, 0x7fff90cb57c0, 32)                                                             = 0
7964 [0x7fce5348080a] SYS_mmap(0, 0x2361e0, 5, 2050)                                                                               = 0x7fce502bf000
7964 [0x7fce53480857] SYS_mprotect(0x7fce502c7000, 0x1ff000, 0, 2050)                                                              = 0
7964 [0x7fce5348080a] SYS_mmap(0x7fce504c6000, 8192, 3, 2066)                                                                      = 0x7fce504c6000
7964 [0x7fce5348080a] SYS_mmap(0x7fce504c8000, 0x2d1e0, 3, 50)                                                                     = 0x7fce504c8000
7964 [0x7fce53480787] SYS_close(3, 16, 0, 0x6ffffdff)                                                                              = 0
7964 [0x7fce53480677] SYS_open(0x7fce53678a30, 0x80000, 0, 0x6ffffdff)                                                             = 3
7964 [0x7fce53480697] SYS_read(3, 0x7fff90cb58b8, 832, 0x6ffffdff)                                                                 = 832
7964 [0x7fce53480604] SYS_fstat(3, 0x7fff90cb5790, 0x7fff90cb5790, 16)                                                             = 0
7964 [0x7fce5348080a] SYS_mmap(0, 0x43fe88, 5, 2050)                                                                               = 0x7fce4fe7f000
7964 [0x7fce53480857] SYS_mprotect(0x7fce50094000, 0x200000, 0, 2050)                                                              = 0
7964 [0x7fce5348080a] SYS_mmap(0x7fce50294000, 0x27000, 3, 2066)                                                                   = 0x7fce50294000
7964 [0x7fce5348080a] SYS_mmap(0x7fce502bb000, 0x3e88, 3, 50)                                                                      = 0x7fce502bb000
7964 [0x7fce53480857] SYS_mprotect(0x7fff90cb7000, 4096, 0x1000007, 4)                                                             = 0
7964 [0x7fce53480787] SYS_close(3, 4096, 0x1000007, 4)                                                                             = 0
7964 [0x7fce53480677] SYS_open(0x7fce53678fb0, 0x80000, 0, 0x7fce5367b4d0)                                                         = 3
7964 [0x7fce53480697] SYS_read(3, 0x7fff90cb5888, 832, 0x7fce5367b4d0)                                                             = 832
7964 [0x7fce53480604] SYS_fstat(3, 0x7fff90cb5760, 0x7fff90cb5760, 16)                                                             = 0
7964 [0x7fce5348080a] SYS_mmap(0, 4096, 3, 34)                                                                                     = 0x7fce53677000
7964 [0x7fce5348080a] SYS_mmap(0, 0x215730, 5, 2050)                                                                               = 0x7fce4fc69000
7964 [0x7fce53480857] SYS_mprotect(0x7fce4fc7f000, 0x1ff000, 0, 2050)                                                              = 0
7964 [0x7fce5348080a] SYS_mmap(0x7fce4fe7e000, 4096, 3, 2066)                                                                      = 0x7fce4fe7e000
7964 [0x7fce53480787] SYS_close(3, 16, 0x7fce4fe7e490, 0x6ffffdff)                                                                 = 0
7964 [0x7fce53480677] SYS_open(0x7fce536774f0, 0x80000, 0, 0x6ffffdff)                                                             = 3
7964 [0x7fce53480697] SYS_read(3, 0x7fff90cb5858, 832, 0x6ffffdff)                                                                 = 832
7964 [0x7fce53480604] SYS_fstat(3, 0x7fff90cb5730, 0x7fff90cb5730, 32)                                                             = 0
7964 [0x7fce5348080a] SYS_mmap(0, 0x2fd148, 5, 2050)                                                                               = 0x7fce4f96b000
7964 [0x7fce53480857] SYS_mprotect(0x7fce4fa68000, 0x1ff000, 0, 2050)                                                              = 0
7964 [0x7fce5348080a] SYS_mmap(0x7fce4fc67000, 8192, 3, 2066)                                                                      = 0x7fce4fc67000
7964 [0x7fce53480787] SYS_close(3, 16, 0, 0x6ffffdff)                                                                              = 0
7964 [0x7fce53480677] SYS_open(0x7fff90cb5620, 0x80000, 0, 0x36782f39325f3130)                                                     = -2
7964 [0x7fce534805c5] SYS_stat(0x7fff90cb5620, 0x7fff90cb5700, 0x7fff90cb5700, 0x36782f39325f3130)                                 = -2
7964 [0x7fce53480677] SYS_open(0x7fff90cb5620, 0x80000, 0, 0x36782f39325f3130)                                                     = -2
7964 [0x7fce534805c5] SYS_stat(0x7fff90cb5620, 0x7fff90cb5700, 0x7fff90cb5700, 0x36782f39325f3130)                                 = -2
7964 [0x7fce53480677] SYS_open(0x7fff90cb5620, 0x80000, 0, 0x36782f39325f3130)                                                     = -2
7964 [0x7fce534805c5] SYS_stat(0x7fff90cb5620, 0x7fff90cb5700, 0x7fff90cb5700, 0x36782f39325f3130)                                 = -2
7964 [0x7fce53480677] SYS_open(0x7fff90cb5620, 0x80000, 0, 0x36782f39325f3130)                                                     = -2
7964 [0x7fce534805c5] SYS_stat(0x7fff90cb5620, 0x7fff90cb5700, 0x7fff90cb5700, 0x36782f39325f3130)                                 = -2
7964 [0x7fce53480677] SYS_open(0x7fce53677dd0, 0x80000, 0, 0x36782f39325f3130)                                                     = 3
7964 [0x7fce53480697] SYS_read(3, 0x7fff90cb5828, 832, 0x36782f39325f3130)                                                         = 832
7964 [0x7fce53480604] SYS_fstat(3, 0x7fff90cb5700, 0x7fff90cb5700, 16)                                                             = 0
7964 [0x7fce5348080a] SYS_mmap(0, 4096, 3, 34)                                                                                     = 0x7fce53676000
7964 [0x7fce5348080a] SYS_mmap(0, 0x2f8980, 5, 2050)                                                                               = 0x7fce4f672000
7964 [0x7fce53480857] SYS_mprotect(0x7fce4f769000, 0x200000, 0, 2050)                                                              = 0
7964 [0x7fce5348080a] SYS_mmap(0x7fce4f969000, 8192, 3, 2066)                                                                      = 0x7fce4f969000
7964 [0x7fce53480787] SYS_close(3, 16, 0x7fce4f9693a0, 0x6ffffdff)                                                                 = 0
7964 [0x7fce53480677] SYS_open(0x7fce536764c8, 0x80000, 0, 0x6ffffdff)                                                             = 3
7964 [0x7fce53480697] SYS_read(3, 0x7fff90cb57f8, 832, 0x6ffffdff)                                                                 = 832
7964 [0x7fce53480604] SYS_fstat(3, 0x7fff90cb56d0, 0x7fff90cb56d0, 16)                                                             = 0
7964 [0x7fce5348080a] SYS_mmap(0, 0x2fc9d8, 5, 2050)                                                                               = 0x7fce4f375000
7964 [0x7fce53480857] SYS_mprotect(0x7fce4f470000, 0x200000, 0, 2050)                                                              = 0
7964 [0x7fce5348080a] SYS_mmap(0x7fce4f670000, 8192, 3, 2066)                                                                      = 0x7fce4f670000
7964 [0x7fce53480787] SYS_close(3, 16, 0x7fce4f671828, 0x6ffffdff)                                                                 = 0
7964 [0x7fce53480677] SYS_open(0x7fce53676998, 0x80000, 0, 0x6ffffdff)                                                             = 3
7964 [0x7fce53480697] SYS_read(3, 0x7fff90cb57c8, 832, 0x6ffffdff)                                                                 = 832
7964 [0x7fce53480604] SYS_fstat(3, 0x7fff90cb56a0, 0x7fff90cb56a0, 16)                                                             = 0
7964 [0x7fce5348080a] SYS_mmap(0, 0x242830, 5, 2050)                                                                               = 0x7fce4f132000
7964 [0x7fce53480857] SYS_mprotect(0x7fce4f175000, 0x1ff000, 0, 2050)                                                              = 0
7964 [0x7fce5348080a] SYS_mmap(0x7fce4f374000, 4096, 3, 2066)                                                                      = 0x7fce4f374000
7964 [0x7fce53480787] SYS_close(3, 16, 0x7fce4f374630, 0x6ffffdff)                                                                 = 0
7964 [0x7fce53480677] SYS_open(0x7fce53676f70, 0x80000, 0, 0x7fce5367d9b8)                                                         = 3
7964 [0x7fce53480697] SYS_read(3, 0x7fff90cb5798, 832, 0x7fce5367d9b8)                                                             = 832
7964 [0x7fce53480604] SYS_fstat(3, 0x7fff90cb5670, 0x7fff90cb5670, 32)                                                             = 0
7964 [0x7fce5348080a] SYS_mmap(0, 4096, 3, 34)                                                                                     = 0x7fce53675000
7964 [0x7fce5348080a] SYS_mmap(0, 0x203118, 5, 2050)                                                                               = 0x7fce4ef2e000
7964 [0x7fce53480857] SYS_mprotect(0x7fce4ef30000, 0x200000, 0, 2050)                                                              = 0
7964 [0x7fce5348080a] SYS_mmap(0x7fce4f130000, 8192, 3, 2066)                                                                      = 0x7fce4f130000
7964 [0x7fce53480787] SYS_close(3, 16, 0x7fce4f130f40, 0x6ffffdff)                                                                 = 0
7964 [0x7fce5348080a] SYS_mmap(0, 4096, 3, 34)                                                                                     = 0x7fce53674000
7964 [0x7fce5348080a] SYS_mmap(0, 4096, 3, 34)                                                                                     = 0x7fce53673000
7964 [0x7fce5348080a] SYS_mmap(0, 8192, 3, 34)                                                                                     = 0x7fce53671000
7964 [0x7fce5346a044] SYS_arch_prctl(4098, 0x7fce53671780, 0x7fce53672080, 34)                                                     = 0
7964 [0x7fce53480857] SYS_mprotect(0x7fce52dc0000, 0x4000, 1, 1)                                                                   = 0
7964 [0x7fce53480857] SYS_mprotect(0x7fce4f130000, 4096, 1, 0x7fce4ef2ec68)                                                        = 0
7964 [0x7fce53480857] SYS_mprotect(0x7fce51f66000, 4096, 1, 0x7fce51d54500)                                                        = 0
7964 [0x7fce53480857] SYS_mprotect(0x7fce4fc67000, 4096, 1, 1)                                                                     = 0
7964 [0x7fce53480857] SYS_mprotect(0x7fce504c6000, 4096, 1, 0x7fce502bfa00)                                                        = 0
7964 [0x7fce53480857] SYS_mprotect(0x7fce5222a000, 0x7000, 1, 0x7fce51fc4810)                                                      = 0
7964 [0x7fce53480857] SYS_mprotect(0x7fce51d4d000, 4096, 1, 0x7fce51b48d58)                                                        = 0
7964 [0x7fce53480857] SYS_mprotect(0x7fce53689000, 4096, 1, 0)                                                                     = 0
7964 [0x7fce53480837] SYS_munmap(0x7fce5367f000, 0x83b3, 0x74a00, 0)                                                               = 0
7964 [0x7fce51d55e92] SYS_set_tid_address(0x7fce53671a50, 0x7fff90cb7788, 0x7fce53671780, 0)                                       = 7964
7964 [0x7fce51d55efa] SYS_set_robust_list(0x7fce53671a60, 24, 0x7fce53671780, 0)                                                   = 0
7964 [0x7fce51d5fcf5] SYS_rt_sigaction(32, 0x7fff90cb74d8, 0, 8)                                                                   = 0
7964 [0x7fce51d5fcf5] SYS_rt_sigaction(33, 0x7fff90cb74d8, 0, 8)                                                                   = 0
7964 [0x7fce51d55fd6] SYS_rt_sigprocmask(1, 0x7fff90cb7628, 0, 8)                                                                  = 0
7964 [0x7fce52b0cb17] SYS_getrlimit(3, 0x7fff90cb76c0, 63, 1)                                                                      = 0
7964 [0x7fce51d55b95] SYS_futex(0x7fce522347e0, 129, 0x7fffffff, 0)                                                                = 0
7964 [0x4008fd] ledctrl->Lookup_Nas_Info(_T_NAS_PROP_&)(0x7fff90cb75d0, 0x7fff90cb8b94, 0, 0x7fff90cb8b93 <unfinished ...>
7964 [0x7fce53213d11]   libnasman.so->Open_Share_Memory(char const*, int, void*&, int&)(0x7fce5325808e, 0, 0x7fff90cb7590, 0x7fff90cb759c <unfinished ...>
7964 [0x7fce52b07557]     SYS_statfs(0x7fce51d621e8, 0x7fff90cb7330, 0x7fce51f6b310, 1)                                            = 0
7964 [0x7fce51d55b95]     SYS_futex(0x7fce51f6b310, 129, 0x7fffffff, 0)                                                            = 0
7964 [0x7fce52b077e0]     SYS_open(0x7fff90cb7440, 0xa0000, 484, 1)                                                                = 3
7964 [0x7fce52b073b4]     SYS_fstat(3, 0x7fff90cb74d0, 0x7fff90cb74d0, 1)                                                          = 0
7964 [0x7fce52b1072a]     SYS_mmap(0, 0x2788, 1, 1)                                                                                = 0x7fce53685000
7964 [0x7fce52b08070]     SYS_close(3, 0x2788, 1, 1)                                                                               = 0
7964 [0x7fce53213d11]   <... Open_Share_Memory(char const*, int, void*&, int&) resumed> )                                          = 0
7964 [0x7fce53213d4d]   libnasman.so->Open_Share_Memory(char const*, int, void*&, int&)(0x7fce532580a7, 0, 0x7fff90cb7590, 0x7fff90cb759c <unfinished ...>
7964 [0x7fce52b077e0]     SYS_open(0x7fff90cb7440, 0xa0000, 484, 1)                                                                = 3
7964 [0x7fce52b073b4]     SYS_fstat(3, 0x7fff90cb74d0, 0x7fff90cb74d0, 1)                                                          = 0
7964 [0x7fce52b1072a]     SYS_mmap(0, 3536, 1, 1)                                                                                  = 0x7fce53684000
7964 [0x7fce52b08070]     SYS_close(3, 3536, 1, 1)                                                                                 = 0
7964 [0x7fce53213d4d]   <... Open_Share_Memory(char const*, int, void*&, int&) resumed> )                                          = 0
7964 [0x7fce53213d7f]   libnasman.so->Open_Share_Memory(char const*, int, void*&, int&)(0x7fce532580b5, 0, 0x7fff90cb7590, 0x7fff90cb759c <unfinished ...>
7964 [0x7fce52b077e0]     SYS_open(0x7fff90cb7440, 0xa0000, 484, 1)                                                                = 3
7964 [0x7fce52b073b4]     SYS_fstat(3, 0x7fff90cb74d0, 0x7fff90cb74d0, 1)                                                          = 0
7964 [0x7fce52b1072a]     SYS_mmap(0, 4080, 1, 1)                                                                                  = 0x7fce53683000
7964 [0x7fce52b08070]     SYS_close(3, 4080, 1, 1)                                                                                 = 0
7964 [0x7fce53213d7f]   <... Open_Share_Memory(char const*, int, void*&, int&) resumed> )                                          = 0
7964 [0x4008fd] <... Lookup_Nas_Info(_T_NAS_PROP_&) resumed> )                                                                     = 0
7964 [0x400934] ledctrl->Hal_Led_Set_Hdd_Mode(1, 9, 2, 0 <unfinished ...>
7964 [0x7fce52dd0f15]   libnhal.so->Hal_Lookup_Hardware_Info(0x7fff90cb74c0, 9, 2, 0 <unfinished ...>
7964 [0x7fce52b077e0]     SYS_open(0x7fff90cb73c0, 0xa0002, 484, 1)                                                                = 3
7964 [0x7fce52b1072a]     SYS_mmap(0, 220, 3, 1)                                                                                   = 0x7fce53682000
7964 [0x7fce52b08070]     SYS_close(3, 220, 3, 1)                                                                                  = 0
7964 [0x7fce52dcf7f0]     libnhal.so->Hw_Semaphore_Init(0x7fff90cb7470, 0x7fce52dd2287, 1, -1 <unfinished ...>
7964 [0x7fce52b07405]       SYS_lstat(0x7fff90cb7320, 0x7fff90cb7230, 0x7fff90cb7230, 0)                                           = -2
7964 [0x7fce51d5f510]       SYS_open(0x7fff90cb7320, 194, 600, 0)                                                                  = 3
7964 [0x7fce51d5eda0]       SYS_write(3, 0x7fff90cb73a0, 32, 0)                                                                    = 32
7964 [0x7fce52b1072a]       SYS_mmap(0, 32, 3, 1)                                                                                  = 0x7fce53681000
7964 [0x7fce52b091a7]       SYS_link(0x7fff90cb7320, 0x7fff90cb7350, 3, 1)                                                         = -17
7964 [0x7fce52b10757]       SYS_munmap(0x7fce53681000, 32, 3, 1)                                                                   = 0
7964 [0x7fce52b092c7]       SYS_unlink(0x7fff90cb7320, 32, 3, 1)                                                                   = 0
7964 [0x7fce51d5ee60]       SYS_close(3, 32, 3, 1)                                                                                 = 0
7964 [0x7fce51d5f510]       SYS_open(0x7fff90cb7350, 0x20002, 18, 1)                                                               = 3
7964 [0x7fce52b073b4]       SYS_fstat(3, 0x7fff90cb7280, 0x7fff90cb7280, 1)                                                        = 0
7964 [0x7fce52b0cf5a]       SYS_brk(0, 0x7fce52dc4640, 0, -4096)                                                                   = 0x777000
7964 [0x7fce52b0cf5a]       SYS_brk(0x798000, 0x777000, 0x798000, -4096)                                                           = 0x798000
7964 [0x7fce52b1072a]       SYS_mmap(0, 32, 3, 1)                                                                                  = 0x7fce53681000
7964 [0x7fce51d5ee60]       SYS_close(3, 32, 0, 3)                                                                                 = 0
7964 [0x7fce52dcf7f0]     <... Hw_Semaphore_Init resumed> )                                                                        = 17
7964 [0x7fce52dcf800]     libnhal.so->Hw_Semaphore_Lock(0x7fff90cb7470, 32, 0x7fce53681000, -1)                                    = 0
7964 [0x7fce52dcf918]     libnhal.so->Hw_Semaphore_Unlock(0x7fff90cb7470, 2, 0x7fce53682000, 0)                                    = 0
7964 [0x7fce52dcf924]     libnhal.so->Hw_Semaphore_Release(0x7fff90cb7470, 128, 0, 0 <unfinished ...>
7964 [0x7fce52b10757]       SYS_munmap(0x7fce53681000, 32, 0, 1)                                                                   = 0
7964 [0x7fce52dcf924]     <... Hw_Semaphore_Release resumed> )                                                                     = 0
7964 [0x7fce52dd0f15]   <... Hal_Lookup_Hardware_Info resumed> )                                                                   = 0
7964 [0x400934] <... Hal_Led_Set_Hdd_Mode resumed> )                                                                               = 0xffffffea
7964 [0x7fce53213f15] libnasman.so->Close_Share_Memory(char const*, void*)(0x7fce5325808e, 0x7fce53685000, 0xd2133586af9c5a, 4 <unfinished ...>
7964 [0x7fce53213b6e]   libnasman.so->Get_File_Size(char const*, long*)(0x7fff90cb7330, 0x7fff90cb7458, 0x7fff90cb7345, 0 <unfinished ...>
7964 [0x7fce52b07365]     SYS_stat(0x7fff90cb7330, 0x7fff90cb7290, 0x7fff90cb7290, 1)                                              = 0
7964 [0x7fce53213b6e]   <... Get_File_Size(char const*, long*) resumed> )                                                          = 0
7964 [0x7fce52b10757]   SYS_munmap(0x7fce53685000, 0x2788, 0x7fff90cb7290, 1)                                                      = 0
7964 [0x7fce53213f15] <... Close_Share_Memory(char const*, void*) resumed> )                                                       = 0
7964 [0x7fce53213f37] libnasman.so->Close_Share_Memory(char const*, void*)(0x7fce532580a7, 0x7fce53684000, 0, -1 <unfinished ...>
7964 [0x7fce53213b6e]   libnasman.so->Get_File_Size(char const*, long*)(0x7fff90cb7330, 0x7fff90cb7458, 0x7fff90cb7346, 0 <unfinished ...>
7964 [0x7fce52b07365]     SYS_stat(0x7fff90cb7330, 0x7fff90cb7290, 0x7fff90cb7290, 1)                                              = 0
7964 [0x7fce53213b6e]   <... Get_File_Size(char const*, long*) resumed> )                                                          = 0
7964 [0x7fce52b10757]   SYS_munmap(0x7fce53684000, 3536, 0x7fff90cb7290, 1)                                                        = 0
7964 [0x7fce53213f37] <... Close_Share_Memory(char const*, void*) resumed> )                                                       = 0
7964 [0x7fce53213f59] libnasman.so->Close_Share_Memory(char const*, void*)(0x7fce532580b5, 0x7fce53683000, 0, -1 <unfinished ...>
7964 [0x7fce53213b6e]   libnasman.so->Get_File_Size(char const*, long*)(0x7fff90cb7330, 0x7fff90cb7458, 0x7fff90cb7346, 0 <unfinished ...>
7964 [0x7fce52b07365]     SYS_stat(0x7fff90cb7330, 0x7fff90cb7290, 0x7fff90cb7290, 1)                                              = 0
7964 [0x7fce53213b6e]   <... Get_File_Size(char const*, long*) resumed> )                                                          = 0
7964 [0x7fce52b10757]   SYS_munmap(0x7fce53683000, 4080, 0x7fff90cb7290, 1)                                                        = 0
7964 [0x7fce53213f59] <... Close_Share_Memory(char const*, void*) resumed> )                                                       = 0
7964 [0x7fce52a61932] libgeneral.so->Trace_Mem_Destroy()(0x7fce52779d40, 0, 0xd211d77d6f9c5a, 16)                                  = 0
7964 [0x7fce52ae4468] SYS_exit_group(-22, 60, -22, 0x7fce52dc7a48 <no return ...>
7964 [0xffffffffffffffff] +++ exited (status 234) +++
