8005 [0x7f67998808aa] SYS_brk(0, 0x7f6799883fa0, 0, 895)                                                                           = 0x1c3d000
8005 [0x7f67998817e7] SYS_readlink(0x7fff0f6beb78, 0x7fff0f6bd1d0, 4096, 0x756e694c00000000)                                       = -2
8005 [0x7f6799881677] SYS_open(0x7f67998851f3, 0, 0, 0x756e694c00000000)                                                           = 3
8005 [0x7f67998817a7] SYS_chdir(0x7f6799a8cba8, 0, 0, 0x756e694c00000000)                                                          = -2
8005 [0x7f67998809d2] SYS_getcwd(0x7fff0f6bd1d0, 4096, 0, 0x756e694c00000000)                                                      = 23
8005 [0x7f67998817c7] SYS_fchdir(3, 4096, 0, 0x756e694c00000000)                                                                   = 0
8005 [0x7f6799881787] SYS_close(3, 4096, 0, 0x756e694c00000000)                                                                    = 0
8005 [0x7f679988180a] SYS_mmap(0, 4096, 3, 34)                                                                                     = 0x7f6799a89000
8005 [0x7f67998816d7] SYS_access(0x7f6799887700, 4, 0x7f6799a8c718, 0)                                                             = -2
8005 [0x7f6799881677] SYS_open(0x7f6799885072, 0x80000, 1, 0)                                                                      = 3
8005 [0x7f6799881604] SYS_fstat(3, 0x7fff0f6bc9b0, 0x7fff0f6bc9b0, 0)                                                              = 0
8005 [0x7f679988180a] SYS_mmap(0, 0x83b3, 1, 2)                                                                                    = 0x7f6799a80000
8005 [0x7f6799881787] SYS_close(3, 0x83b3, 1, 2)                                                                                   = 0
8005 [0x7f6799881677] SYS_open(0x7f6799a89640, 0x80000, 0, 56)                                                                     = 3
8005 [0x7f6799881697] SYS_read(3, 0x7fff0f6bcb38, 832, 56)                                                                         = 832
8005 [0x7f6799881604] SYS_fstat(3, 0x7fff0f6bca10, 0x7fff0f6bca10, 16)                                                             = 0
8005 [0x7f679988180a] SYS_mmap(0, 0x278960, 5, 2050)                                                                               = 0x7f67995f1000
8005 [0x7f6799881857] SYS_mprotect(0x7f6799667000, 0x200000, 0, 2050)                                                              = 0
8005 [0x7f679988180a] SYS_mmap(0x7f6799867000, 0x3000, 3, 2066)                                                                    = 0x7f6799867000
8005 [0x7f6799881787] SYS_close(3, 16, 0x7f67998673e0, 0x6ffffdff)                                                                 = 0
8005 [0x7f6799881677] SYS_open(0x7f6799a89b10, 0x80000, 0, 0x6ffffdff)                                                             = 3
8005 [0x7f6799881697] SYS_read(3, 0x7fff0f6bcb08, 832, 0x6ffffdff)                                                                 = 832
8005 [0x7f6799881604] SYS_fstat(3, 0x7fff0f6bc9e0, 0x7fff0f6bc9e0, 16)                                                             = 0
8005 [0x7f679988180a] SYS_mmap(0, 0x21bee0, 5, 2050)                                                                               = 0x7f67993d5000
8005 [0x7f6799881857] SYS_mprotect(0x7f67993f0000, 0x200000, 0, 2050)                                                              = 0
8005 [0x7f679988180a] SYS_mmap(0x7f67995f0000, 4096, 3, 2066)                                                                      = 0x7f67995f0000
8005 [0x7f6799881787] SYS_close(3, 16, 0x7f67995f0208, 0x6ffffdff)                                                                 = 0
8005 [0x7f6799881677] SYS_open(0x7f6799a89fe0, 0x80000, 0, 0x6ffffdff)                                                             = 3
8005 [0x7f6799881697] SYS_read(3, 0x7fff0f6bcad8, 832, 0x6ffffdff)                                                                 = 832
8005 [0x7f6799881604] SYS_fstat(3, 0x7fff0f6bc9b0, 0x7fff0f6bc9b0, 16)                                                             = 0
8005 [0x7f679988180a] SYS_mmap(0, 4096, 3, 34)                                                                                     = 0x7f6799a7f000
8005 [0x7f679988180a] SYS_mmap(0, 0x209ad0, 5, 2050)                                                                               = 0x7f67991cb000
8005 [0x7f6799881857] SYS_mprotect(0x7f67991d5000, 0x1ff000, 0, 2050)                                                              = 0
8005 [0x7f679988180a] SYS_mmap(0x7f67993d4000, 4096, 3, 2066)                                                                      = 0x7f67993d4000
8005 [0x7f6799881787] SYS_close(3, 16, 0x7f67993d4690, 0x6ffffdff)                                                                 = 0
8005 [0x7f6799881677] SYS_open(0x7f6799a7f4b8, 0x80000, 0, 0x6ffffdff)                                                             = 3
8005 [0x7f6799881697] SYS_read(3, 0x7fff0f6bcaa8, 832, 0x6ffffdff)                                                                 = 832
8005 [0x7f6799881604] SYS_fstat(3, 0x7fff0f6bc980, 0x7fff0f6bc980, 32)                                                             = 0
8005 [0x7f679988180a] SYS_mmap(0, 0x39dc40, 5, 2050)                                                                               = 0x7f6798e2d000
8005 [0x7f6799881857] SYS_mprotect(0x7f6798fc1000, 0x200000, 0, 2050)                                                              = 0
8005 [0x7f679988180a] SYS_mmap(0x7f67991c1000, 0x6000, 3, 2066)                                                                    = 0x7f67991c1000
8005 [0x7f679988180a] SYS_mmap(0x7f67991c7000, 0x3c40, 3, 50)                                                                      = 0x7f67991c7000
8005 [0x7f6799881787] SYS_close(3, 16, 0, 0x6ffffdff)                                                                              = 0
8005 [0x7f6799881677] SYS_open(0x7f6799a7f988, 0x80000, 0, 0x6ffffdff)                                                             = 3
8005 [0x7f6799881697] SYS_read(3, 0x7fff0f6bc958, 832, 0x6ffffdff)                                                                 = 832
8005 [0x7f6799881604] SYS_fstat(3, 0x7fff0f6bc830, 0x7fff0f6bc830, 16)                                                             = 0
8005 [0x7f679988180a] SYS_mmap(0, 0x2b09d0, 5, 2050)                                                                               = 0x7f6798b7c000
8005 [0x7f6799881857] SYS_mprotect(0x7f6798c2b000, 0x1ff000, 0, 2050)                                                              = 0
8005 [0x7f679988180a] SYS_mmap(0x7f6798e2a000, 0x3000, 3, 2066)                                                                    = 0x7f6798e2a000
8005 [0x7f6799881787] SYS_close(3, 16, 0x7f6798e2a9a8, 0x6ffffdff)                                                                 = 0
8005 [0x7f6799881677] SYS_open(0x7f6799a7fe58, 0x80000, 0, 0x6ffffdff)                                                             = 3
8005 [0x7f6799881697] SYS_read(3, 0x7fff0f6bc928, 832, 0x6ffffdff)                                                                 = 832
8005 [0x7f6799881604] SYS_fstat(3, 0x7fff0f6bc800, 0x7fff0f6bc800, 16)                                                             = 0
8005 [0x7f679988180a] SYS_mmap(0, 4096, 3, 34)                                                                                     = 0x7f6799a7e000
8005 [0x7f679988180a] SYS_mmap(0, 0x294ee0, 5, 2050)                                                                               = 0x7f67988e7000
8005 [0x7f6799881857] SYS_mprotect(0x7f6798979000, 0x1ff000, 0, 2050)                                                              = 0
8005 [0x7f679988180a] SYS_mmap(0x7f6798b78000, 0x3000, 3, 2066)                                                                    = 0x7f6798b78000
8005 [0x7f679988180a] SYS_mmap(0x7f6798b7b000, 3808, 3, 50)                                                                        = 0x7f6798b7b000
8005 [0x7f6799881787] SYS_close(3, 16, 0x7f6798b78e30, 0x6ffffdff)                                                                 = 0
8005 [0x7f6799881677] SYS_open(0x7f6799a7e4b8, 0x80000, 0, 0x6ffffdff)                                                             = 3
8005 [0x7f6799881697] SYS_read(3, 0x7fff0f6bc8f8, 832, 0x6ffffdff)                                                                 = 832
8005 [0x7f6799881604] SYS_fstat(3, 0x7fff0f6bc7d0, 0x7fff0f6bc7d0, 16)                                                             = 0
8005 [0x7f679988180a] SYS_mmap(0, 0x29d850, 5, 2050)                                                                               = 0x7f6798649000
8005 [0x7f6799881857] SYS_mprotect(0x7f67986e2000, 0x200000, 0, 2050)                                                              = 0
8005 [0x7f679988180a] SYS_mmap(0x7f67988e2000, 0x3000, 3, 2066)                                                                    = 0x7f67988e2000
8005 [0x7f679988180a] SYS_mmap(0x7f67988e5000, 6224, 3, 50)                                                                        = 0x7f67988e5000
8005 [0x7f6799881787] SYS_close(3, 16, 0x7f67988e3cc8, 0x6ffffdff)                                                                 = 0
8005 [0x7f6799881677] SYS_open(0x7f6799a7e9a0, 0x80000, 0, 0x6ffffdff)                                                             = 3
8005 [0x7f6799881697] SYS_read(3, 0x7fff0f6bc8c8, 832, 0x6ffffdff)                                                                 = 832
8005 [0x7f6799881604] SYS_fstat(3, 0x7fff0f6bc7a0, 0x7fff0f6bc7a0, 16)                                                             = 0
8005 [0x7f679988180a] SYS_mmap(0, 0x2dbbb0, 5, 2050)                                                                               = 0x7f679836d000
8005 [0x7f6799881857] SYS_mprotect(0x7f679842b000, 0x200000, 0, 2050)                                                              = 0
8005 [0x7f679988180a] SYS_mmap(0x7f679862b000, 0xa000, 3, 2066)                                                                    = 0x7f679862b000
8005 [0x7f679988180a] SYS_mmap(0x7f6798635000, 0x13bb0, 3, 50)                                                                     = 0x7f6798635000
8005 [0x7f6799881787] SYS_close(3, 16, 0x7f67986314d8, 0x6ffffdff)                                                                 = 0
8005 [0x7f6799881677] SYS_open(0x7f6799a7ee70, 0x80000, 0, 0x6ffffdff)                                                             = 3
8005 [0x7f6799881697] SYS_read(3, 0x7fff0f6bc898, 832, 0x6ffffdff)                                                                 = 832
8005 [0x7f6799881604] SYS_fstat(3, 0x7fff0f6bc770, 0x7fff0f6bc770, 32)                                                             = 0
8005 [0x7f679988180a] SYS_mmap(0, 4096, 3, 34)                                                                                     = 0x7f6799a7d000
8005 [0x7f679988180a] SYS_mmap(0, 0x21c490, 5, 2050)                                                                               = 0x7f6798150000
8005 [0x7f6799881857] SYS_mprotect(0x7f6798168000, 0x1ff000, 0, 2050)                                                              = 0
8005 [0x7f679988180a] SYS_mmap(0x7f6798367000, 8192, 3, 2066)                                                                      = 0x7f6798367000
8005 [0x7f679988180a] SYS_mmap(0x7f6798369000, 0x3490, 3, 50)                                                                      = 0x7f6798369000
8005 [0x7f6799881787] SYS_close(3, 16, 0, 0x6ffffdff)                                                                              = 0
8005 [0x7f6799881677] SYS_open(0x7f6799a7d4b8, 0x80000, 0, 0x6ffffdff)                                                             = 3
8005 [0x7f6799881697] SYS_read(3, 0x7fff0f6bc868, 832, 0x6ffffdff)                                                                 = 832
8005 [0x7f6799881604] SYS_fstat(3, 0x7fff0f6bc740, 0x7fff0f6bc740, 32)                                                             = 0
8005 [0x7f679988180a] SYS_mmap(0, 0x207bc0, 5, 2050)                                                                               = 0x7f6797f48000
8005 [0x7f6799881857] SYS_mprotect(0x7f6797f4f000, 0x1ff000, 0, 2050)                                                              = 0
8005 [0x7f679988180a] SYS_mmap(0x7f679814e000, 8192, 3, 2066)                                                                      = 0x7f679814e000
8005 [0x7f6799881787] SYS_close(3, 16, 0, 0x6ffffdff)                                                                              = 0
8005 [0x7f6799881677] SYS_open(0x7f6799a7d988, 0x80000, 0, 0x6ffffdff)                                                             = 3
8005 [0x7f6799881697] SYS_read(3, 0x7fff0f6bc838, 832, 0x6ffffdff)                                                                 = 832
8005 [0x7f6799881604] SYS_fstat(3, 0x7fff0f6bc710, 0x7fff0f6bc710, 16)                                                             = 0
8005 [0x7f679988180a] SYS_mmap(0, 0x202e20, 5, 2050)                                                                               = 0x7f6797d45000
8005 [0x7f6799881857] SYS_mprotect(0x7f6797d48000, 0x1ff000, 0, 2050)                                                              = 0
8005 [0x7f679988180a] SYS_mmap(0x7f6797f47000, 4096, 3, 2066)                                                                      = 0x7f6797f47000
8005 [0x7f6799881787] SYS_close(3, 16, 0x7f6797f47c28, 0x6ffffdff)                                                                 = 0
8005 [0x7f6799881677] SYS_open(0x7f6799a7de58, 0x80000, 0, 0x6ffffdff)                                                             = 3
8005 [0x7f6799881697] SYS_read(3, 0x7fff0f6bc808, 832, 0x6ffffdff)                                                                 = 832
8005 [0x7f6799881604] SYS_fstat(3, 0x7fff0f6bc6e0, 0x7fff0f6bc6e0, 16)                                                             = 0
8005 [0x7f679988180a] SYS_mmap(0, 4096, 3, 34)                                                                                     = 0x7f6799a7c000
8005 [0x7f679988180a] SYS_mmap(0, 0x209850, 5, 2050)                                                                               = 0x7f6797b3b000
8005 [0x7f6799881857] SYS_mprotect(0x7f6797b45000, 0x1ff000, 0, 2050)                                                              = 0
8005 [0x7f679988180a] SYS_mmap(0x7f6797d44000, 4096, 3, 2066)                                                                      = 0x7f6797d44000
8005 [0x7f6799881787] SYS_close(3, 16, 0x7f6797d44618, 0x6ffffdff)                                                                 = 0
8005 [0x7f6799881677] SYS_open(0x7f6799a7c4b8, 0x80000, 0, 0x6ffffdff)                                                             = 3
8005 [0x7f6799881697] SYS_read(3, 0x7fff0f6bc7d8, 832, 0x6ffffdff)                                                                 = 832
8005 [0x7f6799881604] SYS_fstat(3, 0x7fff0f6bc6b0, 0x7fff0f6bc6b0, 16)                                                             = 0
8005 [0x7f679988180a] SYS_mmap(0, 0x210868, 5, 2050)                                                                               = 0x7f679792a000
8005 [0x7f6799881857] SYS_mprotect(0x7f679793b000, 0x1ff000, 0, 2050)                                                              = 0
8005 [0x7f679988180a] SYS_mmap(0x7f6797b3a000, 4096, 3, 2066)                                                                      = 0x7f6797b3a000
8005 [0x7f6799881787] SYS_close(3, 16, 0x7f6797b3a408, 0x6ffffdff)                                                                 = 0
8005 [0x7f6799881677] SYS_open(0x7f6799a7ca40, 0x80000, 0, 0x7f6799a7d9a0)                                                         = 3
8005 [0x7f6799881697] SYS_read(3, 0x7fff0f6bc678, 832, 0x7f6799a7d9a0)                                                             = 832
8005 [0x7f6799881604] SYS_fstat(3, 0x7fff0f6bc550, 0x7fff0f6bc550, 16)                                                             = 0
8005 [0x7f679988180a] SYS_mmap(0, 0x2032c8, 5, 2050)                                                                               = 0x7f6797726000
8005 [0x7f6799881857] SYS_mprotect(0x7f6797729000, 0x200000, 0, 2050)                                                              = 0
8005 [0x7f679988180a] SYS_mmap(0x7f6797929000, 4096, 3, 2066)                                                                      = 0x7f6797929000
8005 [0x7f6799881787] SYS_close(3, 16, 0x7f6797929188, 0x6ffffdff)                                                                 = 0
8005 [0x7f6799881677] SYS_open(0x7f6799a7cf28, 0x80000, 0, 0x6ffffdff)                                                             = 3
8005 [0x7f6799881697] SYS_read(3, 0x7fff0f6bc648, 832, 0x6ffffdff)                                                                 = 832
8005 [0x7f6799881604] SYS_fstat(3, 0x7fff0f6bc520, 0x7fff0f6bc520, 16)                                                             = 0
8005 [0x7f679988180a] SYS_mmap(0, 4096, 3, 34)                                                                                     = 0x7f6799a7b000
8005 [0x7f679988180a] SYS_mmap(0, 0x207820, 5, 2050)                                                                               = 0x7f679751e000
8005 [0x7f6799881857] SYS_mprotect(0x7f6797525000, 0x200000, 0, 2050)                                                              = 0
8005 [0x7f679988180a] SYS_mmap(0x7f6797725000, 4096, 3, 2066)                                                                      = 0x7f6797725000
8005 [0x7f6799881787] SYS_close(3, 16, 0x7f6797725188, 0x6ffffdff)                                                                 = 0
8005 [0x7f6799881677] SYS_open(0x7f6799a7b4c8, 0x80000, 0, 0x6ffffdff)                                                             = 3
8005 [0x7f6799881697] SYS_read(3, 0x7fff0f6bc618, 832, 0x6ffffdff)                                                                 = 832
8005 [0x7f6799881604] SYS_fstat(3, 0x7fff0f6bc4f0, 0x7fff0f6bc4f0, 16)                                                             = 0
8005 [0x7f679988180a] SYS_mmap(0, 0x201f30, 5, 2050)                                                                               = 0x7f679731c000
8005 [0x7f6799881857] SYS_mprotect(0x7f679731e000, 0x1ff000, 0, 2050)                                                              = 0
8005 [0x7f679988180a] SYS_mmap(0x7f679751d000, 4096, 3, 2066)                                                                      = 0x7f679751d000
8005 [0x7f6799881787] SYS_close(3, 16, 0x7f679751de18, 0x6ffffdff)                                                                 = 0
8005 [0x7f6799881677] SYS_open(0x7f6799a7ba60, 0x80000, 0, 0x7f6799a7f4d0)                                                         = 3
8005 [0x7f6799881697] SYS_read(3, 0x7fff0f6bc5e8, 832, 0x7f6799a7f4d0)                                                             = 832
8005 [0x7f6799881604] SYS_fstat(3, 0x7fff0f6bc4c0, 0x7fff0f6bc4c0, 16)                                                             = 0
8005 [0x7f679988180a] SYS_mmap(0, 0x2022e8, 5, 2050)                                                                               = 0x7f6797119000
8005 [0x7f6799881857] SYS_mprotect(0x7f679711b000, 0x200000, 0, 2050)                                                              = 0
8005 [0x7f679988180a] SYS_mmap(0x7f679731b000, 4096, 3, 2066)                                                                      = 0x7f679731b000
8005 [0x7f6799881787] SYS_close(3, 16, 0x7f679731b198, 0x6ffffdff)                                                                 = 0
8005 [0x7f6799881677] SYS_open(0x7f6799a7bf40, 0x80000, 0, 0x6ffffdff)                                                             = 3
8005 [0x7f6799881697] SYS_read(3, 0x7fff0f6bc5b8, 832, 0x6ffffdff)                                                                 = 832
8005 [0x7f6799881604] SYS_fstat(3, 0x7fff0f6bc490, 0x7fff0f6bc490, 16)                                                             = 0
8005 [0x7f679988180a] SYS_mmap(0, 4096, 3, 34)                                                                                     = 0x7f6799a7a000
8005 [0x7f679988180a] SYS_mmap(0, 0x201f30, 5, 2050)                                                                               = 0x7f6796f17000
8005 [0x7f6799881857] SYS_mprotect(0x7f6796f19000, 0x1ff000, 0, 2050)                                                              = 0
8005 [0x7f679988180a] SYS_mmap(0x7f6797118000, 4096, 3, 2066)                                                                      = 0x7f6797118000
8005 [0x7f6799881787] SYS_close(3, 16, 0x7f6797118e18, 0x6ffffdff)                                                                 = 0
8005 [0x7f6799881677] SYS_open(0x7f6799a7a4c0, 0x80000, 0, 0x6ffffdff)                                                             = 3
8005 [0x7f6799881697] SYS_read(3, 0x7fff0f6bc588, 832, 0x6ffffdff)                                                                 = 832
8005 [0x7f6799881604] SYS_fstat(3, 0x7fff0f6bc460, 0x7fff0f6bc460, 16)                                                             = 0
8005 [0x7f679988180a] SYS_mmap(0, 0x2038b8, 5, 2050)                                                                               = 0x7f6796d13000
8005 [0x7f6799881857] SYS_mprotect(0x7f6796d17000, 0x1ff000, 0, 2050)                                                              = 0
8005 [0x7f679988180a] SYS_mmap(0x7f6796f16000, 4096, 3, 2066)                                                                      = 0x7f6796f16000
8005 [0x7f6799881787] SYS_close(3, 16, 0x7f6796f16748, 0x6ffffdff)                                                                 = 0
8005 [0x7f6799881677] SYS_open(0x7f6799a7aa60, 0x80000, 0, 0x7f6799a7d000)                                                         = 3
8005 [0x7f6799881697] SYS_read(3, 0x7fff0f6bc528, 832, 0x7f6799a7d000)                                                             = 832
8005 [0x7f6799881604] SYS_fstat(3, 0x7fff0f6bc400, 0x7fff0f6bc400, 16)                                                             = 0
8005 [0x7f679988180a] SYS_mmap(0, 0x210848, 5, 2050)                                                                               = 0x7f6796b02000
8005 [0x7f6799881857] SYS_mprotect(0x7f6796b12000, 0x1ff000, 0, 2050)                                                              = 0
8005 [0x7f679988180a] SYS_mmap(0x7f6796d11000, 8192, 3, 2066)                                                                      = 0x7f6796d11000
8005 [0x7f6799881787] SYS_close(3, 16, 0x7f6796d11d90, 0x6ffffdff)                                                                 = 0
8005 [0x7f6799881677] SYS_open(0x7f6799a7af48, 0x80000, 0, 0x6ffffdff)                                                             = 3
8005 [0x7f6799881697] SYS_read(3, 0x7fff0f6bc4f8, 832, 0x6ffffdff)                                                                 = 832
8005 [0x7f6799881604] SYS_fstat(3, 0x7fff0f6bc3d0, 0x7fff0f6bc3d0, 16)                                                             = 0
8005 [0x7f679988180a] SYS_mmap(0, 4096, 3, 34)                                                                                     = 0x7f6799a79000
8005 [0x7f679988180a] SYS_mmap(0, 0x20acf0, 5, 2050)                                                                               = 0x7f67968f7000
8005 [0x7f6799881857] SYS_mprotect(0x7f6796902000, 0x1ff000, 0, 2050)                                                              = 0
8005 [0x7f679988180a] SYS_mmap(0x7f6796b01000, 4096, 3, 2066)                                                                      = 0x7f6796b01000
8005 [0x7f6799881787] SYS_close(3, 16, 0x7f6796b01750, 0x6ffffdff)                                                                 = 0
8005 [0x7f6799881677] SYS_open(0x7f6799a79560, 0x80000, 0, 0x7f6799a7d000)                                                         = 3
8005 [0x7f6799881697] SYS_read(3, 0x7fff0f6bc4c8, 832, 0x7f6799a7d000)                                                             = 832
8005 [0x7f6799881604] SYS_fstat(3, 0x7fff0f6bc3a0, 0x7fff0f6bc3a0, 32)                                                             = 0
8005 [0x7f679988180a] SYS_mmap(0, 0x2361e0, 5, 2050)                                                                               = 0x7f67966c0000
8005 [0x7f6799881857] SYS_mprotect(0x7f67966c8000, 0x1ff000, 0, 2050)                                                              = 0
8005 [0x7f679988180a] SYS_mmap(0x7f67968c7000, 8192, 3, 2066)                                                                      = 0x7f67968c7000
8005 [0x7f679988180a] SYS_mmap(0x7f67968c9000, 0x2d1e0, 3, 50)                                                                     = 0x7f67968c9000
8005 [0x7f6799881787] SYS_close(3, 16, 0, 0x6ffffdff)                                                                              = 0
8005 [0x7f6799881677] SYS_open(0x7f6799a79a30, 0x80000, 0, 0x6ffffdff)                                                             = 3
8005 [0x7f6799881697] SYS_read(3, 0x7fff0f6bc498, 832, 0x6ffffdff)                                                                 = 832
8005 [0x7f6799881604] SYS_fstat(3, 0x7fff0f6bc370, 0x7fff0f6bc370, 16)                                                             = 0
8005 [0x7f679988180a] SYS_mmap(0, 0x43fe88, 5, 2050)                                                                               = 0x7f6796280000
8005 [0x7f6799881857] SYS_mprotect(0x7f6796495000, 0x200000, 0, 2050)                                                              = 0
8005 [0x7f679988180a] SYS_mmap(0x7f6796695000, 0x27000, 3, 2066)                                                                   = 0x7f6796695000
8005 [0x7f679988180a] SYS_mmap(0x7f67966bc000, 0x3e88, 3, 50)                                                                      = 0x7f67966bc000
8005 [0x7f6799881857] SYS_mprotect(0x7fff0f6be000, 4096, 0x1000007, 4)                                                             = 0
8005 [0x7f6799881787] SYS_close(3, 4096, 0x1000007, 4)                                                                             = 0
8005 [0x7f6799881677] SYS_open(0x7f6799a79fb0, 0x80000, 0, 0x7f6799a7c4d0)                                                         = 3
8005 [0x7f6799881697] SYS_read(3, 0x7fff0f6bc468, 832, 0x7f6799a7c4d0)                                                             = 832
8005 [0x7f6799881604] SYS_fstat(3, 0x7fff0f6bc340, 0x7fff0f6bc340, 16)                                                             = 0
8005 [0x7f679988180a] SYS_mmap(0, 4096, 3, 34)                                                                                     = 0x7f6799a78000
8005 [0x7f679988180a] SYS_mmap(0, 0x215730, 5, 2050)                                                                               = 0x7f679606a000
8005 [0x7f6799881857] SYS_mprotect(0x7f6796080000, 0x1ff000, 0, 2050)                                                              = 0
8005 [0x7f679988180a] SYS_mmap(0x7f679627f000, 4096, 3, 2066)                                                                      = 0x7f679627f000
8005 [0x7f6799881787] SYS_close(3, 16, 0x7f679627f490, 0x6ffffdff)                                                                 = 0
8005 [0x7f6799881677] SYS_open(0x7f6799a784f0, 0x80000, 0, 0x6ffffdff)                                                             = 3
8005 [0x7f6799881697] SYS_read(3, 0x7fff0f6bc438, 832, 0x6ffffdff)                                                                 = 832
8005 [0x7f6799881604] SYS_fstat(3, 0x7fff0f6bc310, 0x7fff0f6bc310, 32)                                                             = 0
8005 [0x7f679988180a] SYS_mmap(0, 0x2fd148, 5, 2050)                                                                               = 0x7f6795d6c000
8005 [0x7f6799881857] SYS_mprotect(0x7f6795e69000, 0x1ff000, 0, 2050)                                                              = 0
8005 [0x7f679988180a] SYS_mmap(0x7f6796068000, 8192, 3, 2066)                                                                      = 0x7f6796068000
8005 [0x7f6799881787] SYS_close(3, 16, 0, 0x6ffffdff)                                                                              = 0
8005 [0x7f6799881677] SYS_open(0x7fff0f6bc200, 0x80000, 0, 0x36782f39325f3130)                                                     = -2
8005 [0x7f67998815c5] SYS_stat(0x7fff0f6bc200, 0x7fff0f6bc2e0, 0x7fff0f6bc2e0, 0x36782f39325f3130)                                 = -2
8005 [0x7f6799881677] SYS_open(0x7fff0f6bc200, 0x80000, 0, 0x36782f39325f3130)                                                     = -2
8005 [0x7f67998815c5] SYS_stat(0x7fff0f6bc200, 0x7fff0f6bc2e0, 0x7fff0f6bc2e0, 0x36782f39325f3130)                                 = -2
8005 [0x7f6799881677] SYS_open(0x7fff0f6bc200, 0x80000, 0, 0x36782f39325f3130)                                                     = -2
8005 [0x7f67998815c5] SYS_stat(0x7fff0f6bc200, 0x7fff0f6bc2e0, 0x7fff0f6bc2e0, 0x36782f39325f3130)                                 = -2
8005 [0x7f6799881677] SYS_open(0x7fff0f6bc200, 0x80000, 0, 0x36782f39325f3130)                                                     = -2
8005 [0x7f67998815c5] SYS_stat(0x7fff0f6bc200, 0x7fff0f6bc2e0, 0x7fff0f6bc2e0, 0x36782f39325f3130)                                 = -2
8005 [0x7f6799881677] SYS_open(0x7f6799a78dd0, 0x80000, 0, 0x36782f39325f3130)                                                     = 3
8005 [0x7f6799881697] SYS_read(3, 0x7fff0f6bc408, 832, 0x36782f39325f3130)                                                         = 832
8005 [0x7f6799881604] SYS_fstat(3, 0x7fff0f6bc2e0, 0x7fff0f6bc2e0, 16)                                                             = 0
8005 [0x7f679988180a] SYS_mmap(0, 4096, 3, 34)                                                                                     = 0x7f6799a77000
8005 [0x7f679988180a] SYS_mmap(0, 0x2f8980, 5, 2050)                                                                               = 0x7f6795a73000
8005 [0x7f6799881857] SYS_mprotect(0x7f6795b6a000, 0x200000, 0, 2050)                                                              = 0
8005 [0x7f679988180a] SYS_mmap(0x7f6795d6a000, 8192, 3, 2066)                                                                      = 0x7f6795d6a000
8005 [0x7f6799881787] SYS_close(3, 16, 0x7f6795d6a3a0, 0x6ffffdff)                                                                 = 0
8005 [0x7f6799881677] SYS_open(0x7f6799a774c8, 0x80000, 0, 0x6ffffdff)                                                             = 3
8005 [0x7f6799881697] SYS_read(3, 0x7fff0f6bc3d8, 832, 0x6ffffdff)                                                                 = 832
8005 [0x7f6799881604] SYS_fstat(3, 0x7fff0f6bc2b0, 0x7fff0f6bc2b0, 16)                                                             = 0
8005 [0x7f679988180a] SYS_mmap(0, 0x2fc9d8, 5, 2050)                                                                               = 0x7f6795776000
8005 [0x7f6799881857] SYS_mprotect(0x7f6795871000, 0x200000, 0, 2050)                                                              = 0
8005 [0x7f679988180a] SYS_mmap(0x7f6795a71000, 8192, 3, 2066)                                                                      = 0x7f6795a71000
8005 [0x7f6799881787] SYS_close(3, 16, 0x7f6795a72828, 0x6ffffdff)                                                                 = 0
8005 [0x7f6799881677] SYS_open(0x7f6799a77998, 0x80000, 0, 0x6ffffdff)                                                             = 3
8005 [0x7f6799881697] SYS_read(3, 0x7fff0f6bc3a8, 832, 0x6ffffdff)                                                                 = 832
8005 [0x7f6799881604] SYS_fstat(3, 0x7fff0f6bc280, 0x7fff0f6bc280, 16)                                                             = 0
8005 [0x7f679988180a] SYS_mmap(0, 0x242830, 5, 2050)                                                                               = 0x7f6795533000
8005 [0x7f6799881857] SYS_mprotect(0x7f6795576000, 0x1ff000, 0, 2050)                                                              = 0
8005 [0x7f679988180a] SYS_mmap(0x7f6795775000, 4096, 3, 2066)                                                                      = 0x7f6795775000
8005 [0x7f6799881787] SYS_close(3, 16, 0x7f6795775630, 0x6ffffdff)                                                                 = 0
8005 [0x7f6799881677] SYS_open(0x7f6799a77f70, 0x80000, 0, 0x7f6799a7e9b8)                                                         = 3
8005 [0x7f6799881697] SYS_read(3, 0x7fff0f6bc378, 832, 0x7f6799a7e9b8)                                                             = 832
8005 [0x7f6799881604] SYS_fstat(3, 0x7fff0f6bc250, 0x7fff0f6bc250, 32)                                                             = 0
8005 [0x7f679988180a] SYS_mmap(0, 4096, 3, 34)                                                                                     = 0x7f6799a76000
8005 [0x7f679988180a] SYS_mmap(0, 0x203118, 5, 2050)                                                                               = 0x7f679532f000
8005 [0x7f6799881857] SYS_mprotect(0x7f6795331000, 0x200000, 0, 2050)                                                              = 0
8005 [0x7f679988180a] SYS_mmap(0x7f6795531000, 8192, 3, 2066)                                                                      = 0x7f6795531000
8005 [0x7f6799881787] SYS_close(3, 16, 0x7f6795531f40, 0x6ffffdff)                                                                 = 0
8005 [0x7f679988180a] SYS_mmap(0, 4096, 3, 34)                                                                                     = 0x7f6799a75000
8005 [0x7f679988180a] SYS_mmap(0, 4096, 3, 34)                                                                                     = 0x7f6799a74000
8005 [0x7f679988180a] SYS_mmap(0, 8192, 3, 34)                                                                                     = 0x7f6799a72000
8005 [0x7f679986b044] SYS_arch_prctl(4098, 0x7f6799a72780, 0x7f6799a73080, 34)                                                     = 0
8005 [0x7f6799881857] SYS_mprotect(0x7f67991c1000, 0x4000, 1, 1)                                                                   = 0
8005 [0x7f6799881857] SYS_mprotect(0x7f6795531000, 4096, 1, 0x7f679532fc68)                                                        = 0
8005 [0x7f6799881857] SYS_mprotect(0x7f6798367000, 4096, 1, 0x7f6798155500)                                                        = 0
8005 [0x7f6799881857] SYS_mprotect(0x7f6796068000, 4096, 1, 1)                                                                     = 0
8005 [0x7f6799881857] SYS_mprotect(0x7f67968c7000, 4096, 1, 0x7f67966c0a00)                                                        = 0
8005 [0x7f6799881857] SYS_mprotect(0x7f679862b000, 0x7000, 1, 0x7f67983c5810)                                                      = 0
8005 [0x7f6799881857] SYS_mprotect(0x7f679814e000, 4096, 1, 0x7f6797f49d58)                                                        = 0
8005 [0x7f6799881857] SYS_mprotect(0x7f6799a8a000, 4096, 1, 0)                                                                     = 0
8005 [0x7f6799881837] SYS_munmap(0x7f6799a80000, 0x83b3, 0x81a00, 0)                                                               = 0
8005 [0x7f6798156e92] SYS_set_tid_address(0x7f6799a72a50, 0x7fff0f6be368, 0x7f6799a72780, 0)                                       = 8005
8005 [0x7f6798156efa] SYS_set_robust_list(0x7f6799a72a60, 24, 0x7f6799a72780, 0)                                                   = 0
8005 [0x7f6798160cf5] SYS_rt_sigaction(32, 0x7fff0f6be0b8, 0, 8)                                                                   = 0
8005 [0x7f6798160cf5] SYS_rt_sigaction(33, 0x7fff0f6be0b8, 0, 8)                                                                   = 0
8005 [0x7f6798156fd6] SYS_rt_sigprocmask(1, 0x7fff0f6be208, 0, 8)                                                                  = 0
8005 [0x7f6798f0db17] SYS_getrlimit(3, 0x7fff0f6be2a0, 63, 1)                                                                      = 0
8005 [0x7f6798156b95] SYS_futex(0x7f67986357e0, 129, 0x7fffffff, 0)                                                                = 0
8005 [0x4008fd] ledctrl->Lookup_Nas_Info(_T_NAS_PROP_&)(0x7fff0f6be1b0, 0x7fff0f6beb94, 0, 0x7fff0f6beb93 <unfinished ...>
8005 [0x7f6799614d11]   libnasman.so->Open_Share_Memory(char const*, int, void*&, int&)(0x7f679965908e, 0, 0x7fff0f6be170, 0x7fff0f6be17c <unfinished ...>
8005 [0x7f6798f08557]     SYS_statfs(0x7f67981631e8, 0x7fff0f6bdf10, 0x7f679836c310, 1)                                            = 0
8005 [0x7f6798156b95]     SYS_futex(0x7f679836c310, 129, 0x7fffffff, 0)                                                            = 0
8005 [0x7f6798f087e0]     SYS_open(0x7fff0f6be020, 0xa0000, 484, 1)                                                                = 3
8005 [0x7f6798f083b4]     SYS_fstat(3, 0x7fff0f6be0b0, 0x7fff0f6be0b0, 1)                                                          = 0
8005 [0x7f6798f1172a]     SYS_mmap(0, 0x2788, 1, 1)                                                                                = 0x7f6799a86000
8005 [0x7f6798f09070]     SYS_close(3, 0x2788, 1, 1)                                                                               = 0
8005 [0x7f6799614d11]   <... Open_Share_Memory(char const*, int, void*&, int&) resumed> )                                          = 0
8005 [0x7f6799614d4d]   libnasman.so->Open_Share_Memory(char const*, int, void*&, int&)(0x7f67996590a7, 0, 0x7fff0f6be170, 0x7fff0f6be17c <unfinished ...>
8005 [0x7f6798f087e0]     SYS_open(0x7fff0f6be020, 0xa0000, 484, 1)                                                                = 3
8005 [0x7f6798f083b4]     SYS_fstat(3, 0x7fff0f6be0b0, 0x7fff0f6be0b0, 1)                                                          = 0
8005 [0x7f6798f1172a]     SYS_mmap(0, 3536, 1, 1)                                                                                  = 0x7f6799a85000
8005 [0x7f6798f09070]     SYS_close(3, 3536, 1, 1)                                                                                 = 0
8005 [0x7f6799614d4d]   <... Open_Share_Memory(char const*, int, void*&, int&) resumed> )                                          = 0
8005 [0x7f6799614d7f]   libnasman.so->Open_Share_Memory(char const*, int, void*&, int&)(0x7f67996590b5, 0, 0x7fff0f6be170, 0x7fff0f6be17c <unfinished ...>
8005 [0x7f6798f087e0]     SYS_open(0x7fff0f6be020, 0xa0000, 484, 1)                                                                = 3
8005 [0x7f6798f083b4]     SYS_fstat(3, 0x7fff0f6be0b0, 0x7fff0f6be0b0, 1)                                                          = 0
8005 [0x7f6798f1172a]     SYS_mmap(0, 4080, 1, 1)                                                                                  = 0x7f6799a84000
8005 [0x7f6798f09070]     SYS_close(3, 4080, 1, 1)                                                                                 = 0
8005 [0x7f6799614d7f]   <... Open_Share_Memory(char const*, int, void*&, int&) resumed> )                                          = 0
8005 [0x4008fd] <... Lookup_Nas_Info(_T_NAS_PROP_&) resumed> )                                                                     = 0
8005 [0x400934] ledctrl->Hal_Led_Set_Hdd_Mode(0, 7, 3, 0 <unfinished ...>
8005 [0x7f67991d1f15]   libnhal.so->Hal_Lookup_Hardware_Info(0x7fff0f6be0a0, 7, 3, 0 <unfinished ...>
8005 [0x7f6798f087e0]     SYS_open(0x7fff0f6bdfa0, 0xa0002, 484, 1)                                                                = 3
8005 [0x7f6798f1172a]     SYS_mmap(0, 220, 3, 1)                                                                                   = 0x7f6799a83000
8005 [0x7f6798f09070]     SYS_close(3, 220, 3, 1)                                                                                  = 0
8005 [0x7f67991d07f0]     libnhal.so->Hw_Semaphore_Init(0x7fff0f6be050, 0x7f67991d3287, 1, -1 <unfinished ...>
8005 [0x7f6798f08405]       SYS_lstat(0x7fff0f6bdf00, 0x7fff0f6bde10, 0x7fff0f6bde10, 0)                                           = -2
8005 [0x7f6798160510]       SYS_open(0x7fff0f6bdf00, 194, 600, 0)                                                                  = 3
8005 [0x7f679815fda0]       SYS_write(3, 0x7fff0f6bdf80, 32, 0)                                                                    = 32
8005 [0x7f6798f1172a]       SYS_mmap(0, 32, 3, 1)                                                                                  = 0x7f6799a82000
8005 [0x7f6798f0a1a7]       SYS_link(0x7fff0f6bdf00, 0x7fff0f6bdf30, 3, 1)                                                         = -17
8005 [0x7f6798f11757]       SYS_munmap(0x7f6799a82000, 32, 3, 1)                                                                   = 0
8005 [0x7f6798f0a2c7]       SYS_unlink(0x7fff0f6bdf00, 32, 3, 1)                                                                   = 0
8005 [0x7f679815fe60]       SYS_close(3, 32, 3, 1)                                                                                 = 0
8005 [0x7f6798160510]       SYS_open(0x7fff0f6bdf30, 0x20002, 18, 1)                                                               = 3
8005 [0x7f6798f083b4]       SYS_fstat(3, 0x7fff0f6bde60, 0x7fff0f6bde60, 1)                                                        = 0
8005 [0x7f6798f0df5a]       SYS_brk(0, 0x7f67991c5640, 0, -4096)                                                                   = 0x1c3d000
8005 [0x7f6798f0df5a]       SYS_brk(0x1c5e000, 0x1c3d000, 0x1c5e000, -4096)                                                        = 0x1c5e000
8005 [0x7f6798f1172a]       SYS_mmap(0, 32, 3, 1)                                                                                  = 0x7f6799a82000
8005 [0x7f679815fe60]       SYS_close(3, 32, 0, 3)                                                                                 = 0
8005 [0x7f67991d07f0]     <... Hw_Semaphore_Init resumed> )                                                                        = 17
8005 [0x7f67991d0800]     libnhal.so->Hw_Semaphore_Lock(0x7fff0f6be050, 32, 0x7f6799a82000, -1)                                    = 0
8005 [0x7f67991d0918]     libnhal.so->Hw_Semaphore_Unlock(0x7fff0f6be050, 2, 0x7f6799a83000, 0)                                    = 0
8005 [0x7f67991d0924]     libnhal.so->Hw_Semaphore_Release(0x7fff0f6be050, 128, 0, 0 <unfinished ...>
8005 [0x7f6798f11757]       SYS_munmap(0x7f6799a82000, 32, 0, 1)                                                                   = 0
8005 [0x7f67991d0924]     <... Hw_Semaphore_Release resumed> )                                                                     = 0
8005 [0x7f67991d1f15]   <... Hal_Lookup_Hardware_Info resumed> )                                                                   = 0
8005 [0x7f67991d20e3]   libnhal.so->Mv9125_Set_Led_Mode(0, 0, 0, 3 <unfinished ...>
8005 [0x7f6797523937]     libgeneraldrv.so->PCI_Conf_Read(1, 0, 0, 36 <unfinished ...>
8005 [0x7f6797520823]       libgeneraldrv.so->Hw_Semaphore_Init(0x7fff0f6bdf90, 0x7f6797524000, 1, 0 <unfinished ...>
8005 [0x7f6798f08405]         SYS_lstat(0x7fff0f6bde40, 0x7fff0f6bdd50, 0x7fff0f6bdd50, 0)                                         = -2
8005 [0x7f6798160510]         SYS_open(0x7fff0f6bde40, 194, 600, 0)                                                                = 3
8005 [0x7f679815fda0]         SYS_write(3, 0x7fff0f6bdec0, 32, 0)                                                                  = 32
8005 [0x7f6798f1172a]         SYS_mmap(0, 32, 3, 1)                                                                                = 0x7f6799a82000
8005 [0x7f6798f0a1a7]         SYS_link(0x7fff0f6bde40, 0x7fff0f6bde70, 3, 1)                                                       = -17
8005 [0x7f6798f11757]         SYS_munmap(0x7f6799a82000, 32, 3, 1)                                                                 = 0
8005 [0x7f6798f0a2c7]         SYS_unlink(0x7fff0f6bde40, 32, 3, 1)                                                                 = 0
8005 [0x7f679815fe60]         SYS_close(3, 32, 3, 1)                                                                               = 0
8005 [0x7f6798160510]         SYS_open(0x7fff0f6bde70, 0x20002, 17, 1)                                                             = 3
8005 [0x7f6798f083b4]         SYS_fstat(3, 0x7fff0f6bdda0, 0x7fff0f6bdda0, 1)                                                      = 0
8005 [0x7f6798f1172a]         SYS_mmap(0, 32, 3, 1)                                                                                = 0x7f6799a82000
8005 [0x7f679815fe60]         SYS_close(3, 32, 0, 1)                                                                               = 0
8005 [0x7f6797520823]       <... Hw_Semaphore_Init resumed> )                                                                      = 17
8005 [0x7f6797520833]       libgeneraldrv.so->Hw_Semaphore_Lock(0x7fff0f6bdf90, 32, 0x7f6799a82000, -1)                            = 0
8005 [0x7f6798f156b7]       SYS_ioperm(3320, 4, 1, 1)                                                                              = 0
8005 [0x7f6798f156b7]       SYS_ioperm(3320, 4, 0, 1)                                                                              = 0
8005 [0x7f6798f156b7]       SYS_ioperm(235, 1, 1, 1)                                                                               = 0
8005 [0x7f6798f156b7]       SYS_ioperm(235, 1, 0, 1)                                                                               = 0
8005 [0x7f6798f156b7]       SYS_ioperm(3324, 4, 1, 1)                                                                              = 0
8005 [0x7f6798f156b7]       SYS_ioperm(3324, 4, 0, 1)                                                                              = 0
8005 [0x7f6798f156b7]       SYS_ioperm(235, 1, 1, 1)                                                                               = 0
8005 [0x7f6798f156b7]       SYS_ioperm(235, 1, 0, 1)                                                                               = 0
8005 [0x7f6798f156b7]       SYS_ioperm(3320, 4, 1, 1)                                                                              = 0
8005 [0x7f6798f156b7]       SYS_ioperm(3320, 4, 0, 1)                                                                              = 0
8005 [0x7f6798f156b7]       SYS_ioperm(235, 1, 1, 1)                                                                               = 0
8005 [0x7f6798f156b7]       SYS_ioperm(235, 1, 0, 1)                                                                               = 0
8005 [0x7f679752097f]       libgeneraldrv.so->Hw_Semaphore_Unlock(0x7fff0f6bdf90, 1, 0, -1)                                        = 0
8005 [0x7f679752098b]       libgeneraldrv.so->Hw_Semaphore_Release(0x7fff0f6bdf90, 128, 0, 0 <unfinished ...>
8005 [0x7f6798f11757]         SYS_munmap(0x7f6799a82000, 32, 0, 1)                                                                 = 0
8005 [0x7f679752098b]       <... Hw_Semaphore_Release resumed> )                                                                   = 0
8005 [0x7f6797523937]     <... PCI_Conf_Read resumed> )                                                                            = 0
8005 [0x7f6797523959]     libgeneraldrv.so->Hw_Semaphore_Init(0x7fff0f6be000, 0x7f679752438c, 1, 0x7f67991c5658 <unfinished ...>
8005 [0x7f6798f08405]       SYS_lstat(0x7fff0f6bdeb0, 0x7fff0f6bddc0, 0x7fff0f6bddc0, 0)                                           = -2
8005 [0x7f6798160510]       SYS_open(0x7fff0f6bdeb0, 194, 600, 0)                                                                  = 3
8005 [0x7f679815fda0]       SYS_write(3, 0x7fff0f6bdf30, 32, 0)                                                                    = 32
8005 [0x7f6798f1172a]       SYS_mmap(0, 32, 3, 1)                                                                                  = 0x7f6799a82000
8005 [0x7f6798f0a1a7]       SYS_link(0x7fff0f6bdeb0, 0x7fff0f6bdee0, 3, 1)                                                         = -17
8005 [0x7f6798f11757]       SYS_munmap(0x7f6799a82000, 32, 3, 1)                                                                   = 0
8005 [0x7f6798f0a2c7]       SYS_unlink(0x7fff0f6bdeb0, 32, 3, 1)                                                                   = 0
8005 [0x7f679815fe60]       SYS_close(3, 32, 3, 1)                                                                                 = 0
8005 [0x7f6798160510]       SYS_open(0x7fff0f6bdee0, 0x20002, 20, 1)                                                               = 3
8005 [0x7f6798f083b4]       SYS_fstat(3, 0x7fff0f6bde10, 0x7fff0f6bde10, 1)                                                        = 0
8005 [0x7f6798f1172a]       SYS_mmap(0, 32, 3, 1)                                                                                  = 0x7f6799a82000
8005 [0x7f679815fe60]       SYS_close(3, 32, 0, 1)                                                                                 = 0
8005 [0x7f6797523959]     <... Hw_Semaphore_Init resumed> )                                                                        = 17
8005 [0x7f6797523969]     libgeneraldrv.so->Hw_Semaphore_Lock(0x7fff0f6be000, 32, 0x7f6799a82000, -1)                              = 0
8005 [0x7f6798f087e0]     SYS_open(0x7f67975243a1, 2, 1, 1)                                                                        = 3
8005 [0x7f6798f1172a]     SYS_mmap(0, 60, 3, 1)                                                                                    = 0x7f6799a81000
8005 [0x7f6798ee5060]     SYS_nanosleep(0x7fff0f6bdfe0, 0, 0, 1)                                                                   = 0
8005 [0x7f6798ee5060]     SYS_nanosleep(0x7fff0f6bdfe0, 0, 0, 1)                                                                   = 0
8005 [0x7f6798f11757]     SYS_munmap(0x7f6799a81000, 60, 0, 1)                                                                     = 0
8005 [0x7f6798f09070]     SYS_close(3, 60, 0, 1)                                                                                   = 0
8005 [0x7f6798ee5060]     SYS_nanosleep(0x7fff0f6bdfe0, 0, 0, 1)                                                                   = 0
8005 [0x7f6797523a1c]     libgeneraldrv.so->Hw_Semaphore_Unlock(0x7fff0f6be000, 0, 0, -1)                                          = 0
8005 [0x7f6797523a28]     libgeneraldrv.so->Hw_Semaphore_Release(0x7fff0f6be000, 128, 0, 0 <unfinished ...>
8005 [0x7f6798f11757]       SYS_munmap(0x7f6799a82000, 32, 0, 1)                                                                   = 0
8005 [0x7f6797523a28]     <... Hw_Semaphore_Release resumed> )                                                                     = 0
8005 [0x7f6797523acf]     libgeneraldrv.so->PCI_Conf_Read(1, 0, 0, 36 <unfinished ...>
8005 [0x7f6797520823]       libgeneraldrv.so->Hw_Semaphore_Init(0x7fff0f6bdfa0, 0x7f6797524000, 1, 0 <unfinished ...>
8005 [0x7f6798f08405]         SYS_lstat(0x7fff0f6bde50, 0x7fff0f6bdd60, 0x7fff0f6bdd60, 0)                                         = -2
8005 [0x7f6798160510]         SYS_open(0x7fff0f6bde50, 194, 600, 0)                                                                = 3
8005 [0x7f679815fda0]         SYS_write(3, 0x7fff0f6bded0, 32, 0)                                                                  = 32
8005 [0x7f6798f1172a]         SYS_mmap(0, 32, 3, 1)                                                                                = 0x7f6799a82000
8005 [0x7f6798f0a1a7]         SYS_link(0x7fff0f6bde50, 0x7fff0f6bde80, 3, 1)                                                       = -17
8005 [0x7f6798f11757]         SYS_munmap(0x7f6799a82000, 32, 3, 1)                                                                 = 0
8005 [0x7f6798f0a2c7]         SYS_unlink(0x7fff0f6bde50, 32, 3, 1)                                                                 = 0
8005 [0x7f679815fe60]         SYS_close(3, 32, 3, 1)                                                                               = 0
8005 [0x7f6798160510]         SYS_open(0x7fff0f6bde80, 0x20002, 17, 1)                                                             = 3
8005 [0x7f6798f083b4]         SYS_fstat(3, 0x7fff0f6bddb0, 0x7fff0f6bddb0, 1)                                                      = 0
8005 [0x7f6798f1172a]         SYS_mmap(0, 32, 3, 1)                                                                                = 0x7f6799a82000
8005 [0x7f679815fe60]         SYS_close(3, 32, 0, 1)                                                                               = 0
8005 [0x7f6797520823]       <... Hw_Semaphore_Init resumed> )                                                                      = 17
8005 [0x7f6797520833]       libgeneraldrv.so->Hw_Semaphore_Lock(0x7fff0f6bdfa0, 32, 0x7f6799a82000, -1)                            = 0
8005 [0x7f6798f156b7]       SYS_ioperm(3320, 4, 1, 1)                                                                              = 0
8005 [0x7f6798f156b7]       SYS_ioperm(3320, 4, 0, 1)                                                                              = 0
8005 [0x7f6798f156b7]       SYS_ioperm(235, 1, 1, 1)                                                                               = 0
8005 [0x7f6798f156b7]       SYS_ioperm(235, 1, 0, 1)                                                                               = 0
8005 [0x7f6798f156b7]       SYS_ioperm(3324, 4, 1, 1)                                                                              = 0
8005 [0x7f6798f156b7]       SYS_ioperm(3324, 4, 0, 1)                                                                              = 0
8005 [0x7f6798f156b7]       SYS_ioperm(235, 1, 1, 1)                                                                               = 0
8005 [0x7f6798f156b7]       SYS_ioperm(235, 1, 0, 1)                                                                               = 0
8005 [0x7f6798f156b7]       SYS_ioperm(3320, 4, 1, 1)                                                                              = 0
8005 [0x7f6798f156b7]       SYS_ioperm(3320, 4, 0, 1)                                                                              = 0
8005 [0x7f6798f156b7]       SYS_ioperm(235, 1, 1, 1)                                                                               = 0
8005 [0x7f6798f156b7]       SYS_ioperm(235, 1, 0, 1)                                                                               = 0
8005 [0x7f679752097f]       libgeneraldrv.so->Hw_Semaphore_Unlock(0x7fff0f6bdfa0, 1, 0, -1)                                        = 0
8005 [0x7f679752098b]       libgeneraldrv.so->Hw_Semaphore_Release(0x7fff0f6bdfa0, 128, 0, 0 <unfinished ...>
8005 [0x7f6798f11757]         SYS_munmap(0x7f6799a82000, 32, 0, 1)                                                                 = 0
8005 [0x7f679752098b]       <... Hw_Semaphore_Release resumed> )                                                                   = 0
8005 [0x7f6797523acf]     <... PCI_Conf_Read resumed> )                                                                            = 0
8005 [0x7f6797523af1]     libgeneraldrv.so->Hw_Semaphore_Init(0x7fff0f6be010, 0x7f679752438c, 1, 0x7f67991c5658 <unfinished ...>
8005 [0x7f6798f08405]       SYS_lstat(0x7fff0f6bdec0, 0x7fff0f6bddd0, 0x7fff0f6bddd0, 0)                                           = -2
8005 [0x7f6798160510]       SYS_open(0x7fff0f6bdec0, 194, 600, 0)                                                                  = 3
8005 [0x7f679815fda0]       SYS_write(3, 0x7fff0f6bdf40, 32, 0)                                                                    = 32
8005 [0x7f6798f1172a]       SYS_mmap(0, 32, 3, 1)                                                                                  = 0x7f6799a82000
8005 [0x7f6798f0a1a7]       SYS_link(0x7fff0f6bdec0, 0x7fff0f6bdef0, 3, 1)                                                         = -17
8005 [0x7f6798f11757]       SYS_munmap(0x7f6799a82000, 32, 3, 1)                                                                   = 0
8005 [0x7f6798f0a2c7]       SYS_unlink(0x7fff0f6bdec0, 32, 3, 1)                                                                   = 0
8005 [0x7f679815fe60]       SYS_close(3, 32, 3, 1)                                                                                 = 0
8005 [0x7f6798160510]       SYS_open(0x7fff0f6bdef0, 0x20002, 20, 1)                                                               = 3
8005 [0x7f6798f083b4]       SYS_fstat(3, 0x7fff0f6bde20, 0x7fff0f6bde20, 1)                                                        = 0
8005 [0x7f6798f1172a]       SYS_mmap(0, 32, 3, 1)                                                                                  = 0x7f6799a82000
8005 [0x7f679815fe60]       SYS_close(3, 32, 0, 1)                                                                                 = 0
8005 [0x7f6797523af1]     <... Hw_Semaphore_Init resumed> )                                                                        = 17
8005 [0x7f6797523b01]     libgeneraldrv.so->Hw_Semaphore_Lock(0x7fff0f6be010, 32, 0x7f6799a82000, -1)                              = 0
8005 [0x7f6798f087e0]     SYS_open(0x7f67975243a1, 2, 1, 1)                                                                        = 3
8005 [0x7f6798f1172a]     SYS_mmap(0, 60, 3, 1)                                                                                    = 0x7f6799a81000
8005 [0x7f6798ee5060]     SYS_nanosleep(0x7fff0f6bdff0, 0, 0, 1)                                                                   = 0
8005 [0x7f6798ee5060]     SYS_nanosleep(0x7fff0f6bdff0, 0, 0, 1)                                                                   = 0
8005 [0x7f6798f11757]     SYS_munmap(0x7f6799a81000, 60, 0, 1)                                                                     = 0
8005 [0x7f6798f09070]     SYS_close(3, 60, 0, 1)                                                                                   = 0
8005 [0x7f6798ee5060]     SYS_nanosleep(0x7fff0f6bdff0, 0, 0, 1)                                                                   = 0
8005 [0x7f6797523ba6]     libgeneraldrv.so->Hw_Semaphore_Unlock(0x7fff0f6be010, 0, 0, -1)                                          = 0
8005 [0x7f6797523bb2]     libgeneraldrv.so->Hw_Semaphore_Release(0x7fff0f6be010, 128, 0, 0 <unfinished ...>
8005 [0x7f6798f11757]       SYS_munmap(0x7f6799a82000, 32, 0, 1)                                                                   = 0
8005 [0x7f6797523bb2]     <... Hw_Semaphore_Release resumed> )                                                                     = 0
8005 [0x7f67991d20e3]   <... Mv9125_Set_Led_Mode resumed> )                                                                        = 0
8005 [0x400934] <... Hal_Led_Set_Hdd_Mode resumed> )                                                                               = 0
8005 [0x7f6799614f15] libnasman.so->Close_Share_Memory(char const*, void*)(0x7f679965908e, 0x7f6799a86000, 0xa04b4c819a120b6, 4 <unfinished ...>
8005 [0x7f6799614b6e]   libnasman.so->Get_File_Size(char const*, long*)(0x7fff0f6bdf10, 0x7fff0f6be038, 0x7fff0f6bdf25, 0 <unfinished ...>
8005 [0x7f6798f08365]     SYS_stat(0x7fff0f6bdf10, 0x7fff0f6bde70, 0x7fff0f6bde70, 1)                                              = 0
8005 [0x7f6799614b6e]   <... Get_File_Size(char const*, long*) resumed> )                                                          = 0
8005 [0x7f6798f11757]   SYS_munmap(0x7f6799a86000, 0x2788, 0x7fff0f6bde70, 1)                                                      = 0
8005 [0x7f6799614f15] <... Close_Share_Memory(char const*, void*) resumed> )                                                       = 0
8005 [0x7f6799614f37] libnasman.so->Close_Share_Memory(char const*, void*)(0x7f67996590a7, 0x7f6799a85000, 0, -1 <unfinished ...>
8005 [0x7f6799614b6e]   libnasman.so->Get_File_Size(char const*, long*)(0x7fff0f6bdf10, 0x7fff0f6be038, 0x7fff0f6bdf26, 0 <unfinished ...>
8005 [0x7f6798f08365]     SYS_stat(0x7fff0f6bdf10, 0x7fff0f6bde70, 0x7fff0f6bde70, 1)                                              = 0
8005 [0x7f6799614b6e]   <... Get_File_Size(char const*, long*) resumed> )                                                          = 0
8005 [0x7f6798f11757]   SYS_munmap(0x7f6799a85000, 3536, 0x7fff0f6bde70, 1)                                                        = 0
8005 [0x7f6799614f37] <... Close_Share_Memory(char const*, void*) resumed> )                                                       = 0
8005 [0x7f6799614f59] libnasman.so->Close_Share_Memory(char const*, void*)(0x7f67996590b5, 0x7f6799a84000, 0, -1 <unfinished ...>
8005 [0x7f6799614b6e]   libnasman.so->Get_File_Size(char const*, long*)(0x7fff0f6bdf10, 0x7fff0f6be038, 0x7fff0f6bdf26, 0 <unfinished ...>
8005 [0x7f6798f08365]     SYS_stat(0x7fff0f6bdf10, 0x7fff0f6bde70, 0x7fff0f6bde70, 1)                                              = 0
8005 [0x7f6799614b6e]   <... Get_File_Size(char const*, long*) resumed> )                                                          = 0
8005 [0x7f6798f11757]   SYS_munmap(0x7f6799a84000, 4080, 0x7fff0f6bde70, 1)                                                        = 0
8005 [0x7f6799614f59] <... Close_Share_Memory(char const*, void*) resumed> )                                                       = 0
8005 [0x7f6798e62932] libgeneral.so->Trace_Mem_Destroy()(0x7f6798b7ad40, 0, 0xa04b72a226120b6, 16)                                 = 0
8005 [0x7f6798ee5468] SYS_exit_group(0, 60, 0, 0x7f67991c8a48 <no return ...>
8005 [0xffffffffffffffff] +++ exited (status 0) +++
