7910 [0x7f3c9aa698aa] SYS_brk(0, 0x7f3c9aa6cfa0, 0, 895)                                                                           = 0x1212000
7910 [0x7f3c9aa6a7e7] SYS_readlink(0x7fffabeddb7b, 0x7fffabedb800, 4096, 0x756e694c00000000)                                       = -2
7910 [0x7f3c9aa6a677] SYS_open(0x7f3c9aa6e1f3, 0, 0, 0x756e694c00000000)                                                           = 3
7910 [0x7f3c9aa6a7a7] SYS_chdir(0x7f3c9ac75ba8, 0, 0, 0x756e694c00000000)                                                          = -2
7910 [0x7f3c9aa699d2] SYS_getcwd(0x7fffabedb800, 4096, 0, 0x756e694c00000000)                                                      = 23
7910 [0x7f3c9aa6a7c7] SYS_fchdir(3, 4096, 0, 0x756e694c00000000)                                                                   = 0
7910 [0x7f3c9aa6a787] SYS_close(3, 4096, 0, 0x756e694c00000000)                                                                    = 0
7910 [0x7f3c9aa6a80a] SYS_mmap(0, 4096, 3, 34)                                                                                     = 0x7f3c9ac72000
7910 [0x7f3c9aa6a6d7] SYS_access(0x7f3c9aa70700, 4, 0x7f3c9ac75718, 0)                                                             = -2
7910 [0x7f3c9aa6a677] SYS_open(0x7f3c9aa6e072, 0x80000, 1, 0)                                                                      = 3
7910 [0x7f3c9aa6a604] SYS_fstat(3, 0x7fffabedafe0, 0x7fffabedafe0, 0)                                                              = 0
7910 [0x7f3c9aa6a80a] SYS_mmap(0, 0x83b3, 1, 2)                                                                                    = 0x7f3c9ac69000
7910 [0x7f3c9aa6a787] SYS_close(3, 0x83b3, 1, 2)                                                                                   = 0
7910 [0x7f3c9aa6a677] SYS_open(0x7f3c9ac72640, 0x80000, 0, 56)                                                                     = 3
7910 [0x7f3c9aa6a697] SYS_read(3, 0x7fffabedb168, 832, 56)                                                                         = 832
7910 [0x7f3c9aa6a604] SYS_fstat(3, 0x7fffabedb040, 0x7fffabedb040, 16)                                                             = 0
7910 [0x7f3c9aa6a80a] SYS_mmap(0, 0x278960, 5, 2050)                                                                               = 0x7f3c9a7da000
7910 [0x7f3c9aa6a857] SYS_mprotect(0x7f3c9a850000, 0x200000, 0, 2050)                                                              = 0
7910 [0x7f3c9aa6a80a] SYS_mmap(0x7f3c9aa50000, 0x3000, 3, 2066)                                                                    = 0x7f3c9aa50000
7910 [0x7f3c9aa6a787] SYS_close(3, 16, 0x7f3c9aa503e0, 0x6ffffdff)                                                                 = 0
7910 [0x7f3c9aa6a677] SYS_open(0x7f3c9ac72b10, 0x80000, 0, 0x6ffffdff)                                                             = 3
7910 [0x7f3c9aa6a697] SYS_read(3, 0x7fffabedb138, 832, 0x6ffffdff)                                                                 = 832
7910 [0x7f3c9aa6a604] SYS_fstat(3, 0x7fffabedb010, 0x7fffabedb010, 16)                                                             = 0
7910 [0x7f3c9aa6a80a] SYS_mmap(0, 0x21bee0, 5, 2050)                                                                               = 0x7f3c9a5be000
7910 [0x7f3c9aa6a857] SYS_mprotect(0x7f3c9a5d9000, 0x200000, 0, 2050)                                                              = 0
7910 [0x7f3c9aa6a80a] SYS_mmap(0x7f3c9a7d9000, 4096, 3, 2066)                                                                      = 0x7f3c9a7d9000
7910 [0x7f3c9aa6a787] SYS_close(3, 16, 0x7f3c9a7d9208, 0x6ffffdff)                                                                 = 0
7910 [0x7f3c9aa6a677] SYS_open(0x7f3c9ac72fe0, 0x80000, 0, 0x6ffffdff)                                                             = 3
7910 [0x7f3c9aa6a697] SYS_read(3, 0x7fffabedb108, 832, 0x6ffffdff)                                                                 = 832
7910 [0x7f3c9aa6a604] SYS_fstat(3, 0x7fffabedafe0, 0x7fffabedafe0, 16)                                                             = 0
7910 [0x7f3c9aa6a80a] SYS_mmap(0, 4096, 3, 34)                                                                                     = 0x7f3c9ac68000
7910 [0x7f3c9aa6a80a] SYS_mmap(0, 0x209ad0, 5, 2050)                                                                               = 0x7f3c9a3b4000
7910 [0x7f3c9aa6a857] SYS_mprotect(0x7f3c9a3be000, 0x1ff000, 0, 2050)                                                              = 0
7910 [0x7f3c9aa6a80a] SYS_mmap(0x7f3c9a5bd000, 4096, 3, 2066)                                                                      = 0x7f3c9a5bd000
7910 [0x7f3c9aa6a787] SYS_close(3, 16, 0x7f3c9a5bd690, 0x6ffffdff)                                                                 = 0
7910 [0x7f3c9aa6a677] SYS_open(0x7f3c9ac684b8, 0x80000, 0, 0x6ffffdff)                                                             = 3
7910 [0x7f3c9aa6a697] SYS_read(3, 0x7fffabedb0d8, 832, 0x6ffffdff)                                                                 = 832
7910 [0x7f3c9aa6a604] SYS_fstat(3, 0x7fffabedafb0, 0x7fffabedafb0, 32)                                                             = 0
7910 [0x7f3c9aa6a80a] SYS_mmap(0, 0x39dc40, 5, 2050)                                                                               = 0x7f3c9a016000
7910 [0x7f3c9aa6a857] SYS_mprotect(0x7f3c9a1aa000, 0x200000, 0, 2050)                                                              = 0
7910 [0x7f3c9aa6a80a] SYS_mmap(0x7f3c9a3aa000, 0x6000, 3, 2066)                                                                    = 0x7f3c9a3aa000
7910 [0x7f3c9aa6a80a] SYS_mmap(0x7f3c9a3b0000, 0x3c40, 3, 50)                                                                      = 0x7f3c9a3b0000
7910 [0x7f3c9aa6a787] SYS_close(3, 16, 0, 0x6ffffdff)                                                                              = 0
7910 [0x7f3c9aa6a677] SYS_open(0x7f3c9ac68988, 0x80000, 0, 0x6ffffdff)                                                             = 3
7910 [0x7f3c9aa6a697] SYS_read(3, 0x7fffabedaf88, 832, 0x6ffffdff)                                                                 = 832
7910 [0x7f3c9aa6a604] SYS_fstat(3, 0x7fffabedae60, 0x7fffabedae60, 16)                                                             = 0
7910 [0x7f3c9aa6a80a] SYS_mmap(0, 0x2b09d0, 5, 2050)                                                                               = 0x7f3c99d65000
7910 [0x7f3c9aa6a857] SYS_mprotect(0x7f3c99e14000, 0x1ff000, 0, 2050)                                                              = 0
7910 [0x7f3c9aa6a80a] SYS_mmap(0x7f3c9a013000, 0x3000, 3, 2066)                                                                    = 0x7f3c9a013000
7910 [0x7f3c9aa6a787] SYS_close(3, 16, 0x7f3c9a0139a8, 0x6ffffdff)                                                                 = 0
7910 [0x7f3c9aa6a677] SYS_open(0x7f3c9ac68e58, 0x80000, 0, 0x6ffffdff)                                                             = 3
7910 [0x7f3c9aa6a697] SYS_read(3, 0x7fffabedaf58, 832, 0x6ffffdff)                                                                 = 832
7910 [0x7f3c9aa6a604] SYS_fstat(3, 0x7fffabedae30, 0x7fffabedae30, 16)                                                             = 0
7910 [0x7f3c9aa6a80a] SYS_mmap(0, 4096, 3, 34)                                                                                     = 0x7f3c9ac67000
7910 [0x7f3c9aa6a80a] SYS_mmap(0, 0x294ee0, 5, 2050)                                                                               = 0x7f3c99ad0000
7910 [0x7f3c9aa6a857] SYS_mprotect(0x7f3c99b62000, 0x1ff000, 0, 2050)                                                              = 0
7910 [0x7f3c9aa6a80a] SYS_mmap(0x7f3c99d61000, 0x3000, 3, 2066)                                                                    = 0x7f3c99d61000
7910 [0x7f3c9aa6a80a] SYS_mmap(0x7f3c99d64000, 3808, 3, 50)                                                                        = 0x7f3c99d64000
7910 [0x7f3c9aa6a787] SYS_close(3, 16, 0x7f3c99d61e30, 0x6ffffdff)                                                                 = 0
7910 [0x7f3c9aa6a677] SYS_open(0x7f3c9ac674b8, 0x80000, 0, 0x6ffffdff)                                                             = 3
7910 [0x7f3c9aa6a697] SYS_read(3, 0x7fffabedaf28, 832, 0x6ffffdff)                                                                 = 832
7910 [0x7f3c9aa6a604] SYS_fstat(3, 0x7fffabedae00, 0x7fffabedae00, 16)                                                             = 0
7910 [0x7f3c9aa6a80a] SYS_mmap(0, 0x29d850, 5, 2050)                                                                               = 0x7f3c99832000
7910 [0x7f3c9aa6a857] SYS_mprotect(0x7f3c998cb000, 0x200000, 0, 2050)                                                              = 0
7910 [0x7f3c9aa6a80a] SYS_mmap(0x7f3c99acb000, 0x3000, 3, 2066)                                                                    = 0x7f3c99acb000
7910 [0x7f3c9aa6a80a] SYS_mmap(0x7f3c99ace000, 6224, 3, 50)                                                                        = 0x7f3c99ace000
7910 [0x7f3c9aa6a787] SYS_close(3, 16, 0x7f3c99acccc8, 0x6ffffdff)                                                                 = 0
7910 [0x7f3c9aa6a677] SYS_open(0x7f3c9ac679a0, 0x80000, 0, 0x6ffffdff)                                                             = 3
7910 [0x7f3c9aa6a697] SYS_read(3, 0x7fffabedaef8, 832, 0x6ffffdff)                                                                 = 832
7910 [0x7f3c9aa6a604] SYS_fstat(3, 0x7fffabedadd0, 0x7fffabedadd0, 16)                                                             = 0
7910 [0x7f3c9aa6a80a] SYS_mmap(0, 0x2dbbb0, 5, 2050)                                                                               = 0x7f3c99556000
7910 [0x7f3c9aa6a857] SYS_mprotect(0x7f3c99614000, 0x200000, 0, 2050)                                                              = 0
7910 [0x7f3c9aa6a80a] SYS_mmap(0x7f3c99814000, 0xa000, 3, 2066)                                                                    = 0x7f3c99814000
7910 [0x7f3c9aa6a80a] SYS_mmap(0x7f3c9981e000, 0x13bb0, 3, 50)                                                                     = 0x7f3c9981e000
7910 [0x7f3c9aa6a787] SYS_close(3, 16, 0x7f3c9981a4d8, 0x6ffffdff)                                                                 = 0
7910 [0x7f3c9aa6a677] SYS_open(0x7f3c9ac67e70, 0x80000, 0, 0x6ffffdff)                                                             = 3
7910 [0x7f3c9aa6a697] SYS_read(3, 0x7fffabedaec8, 832, 0x6ffffdff)                                                                 = 832
7910 [0x7f3c9aa6a604] SYS_fstat(3, 0x7fffabedada0, 0x7fffabedada0, 32)                                                             = 0
7910 [0x7f3c9aa6a80a] SYS_mmap(0, 4096, 3, 34)                                                                                     = 0x7f3c9ac66000
7910 [0x7f3c9aa6a80a] SYS_mmap(0, 0x21c490, 5, 2050)                                                                               = 0x7f3c99339000
7910 [0x7f3c9aa6a857] SYS_mprotect(0x7f3c99351000, 0x1ff000, 0, 2050)                                                              = 0
7910 [0x7f3c9aa6a80a] SYS_mmap(0x7f3c99550000, 8192, 3, 2066)                                                                      = 0x7f3c99550000
7910 [0x7f3c9aa6a80a] SYS_mmap(0x7f3c99552000, 0x3490, 3, 50)                                                                      = 0x7f3c99552000
7910 [0x7f3c9aa6a787] SYS_close(3, 16, 0, 0x6ffffdff)                                                                              = 0
7910 [0x7f3c9aa6a677] SYS_open(0x7f3c9ac664b8, 0x80000, 0, 0x6ffffdff)                                                             = 3
7910 [0x7f3c9aa6a697] SYS_read(3, 0x7fffabedae98, 832, 0x6ffffdff)                                                                 = 832
7910 [0x7f3c9aa6a604] SYS_fstat(3, 0x7fffabedad70, 0x7fffabedad70, 32)                                                             = 0
7910 [0x7f3c9aa6a80a] SYS_mmap(0, 0x207bc0, 5, 2050)                                                                               = 0x7f3c99131000
7910 [0x7f3c9aa6a857] SYS_mprotect(0x7f3c99138000, 0x1ff000, 0, 2050)                                                              = 0
7910 [0x7f3c9aa6a80a] SYS_mmap(0x7f3c99337000, 8192, 3, 2066)                                                                      = 0x7f3c99337000
7910 [0x7f3c9aa6a787] SYS_close(3, 16, 0, 0x6ffffdff)                                                                              = 0
7910 [0x7f3c9aa6a677] SYS_open(0x7f3c9ac66988, 0x80000, 0, 0x6ffffdff)                                                             = 3
7910 [0x7f3c9aa6a697] SYS_read(3, 0x7fffabedae68, 832, 0x6ffffdff)                                                                 = 832
7910 [0x7f3c9aa6a604] SYS_fstat(3, 0x7fffabedad40, 0x7fffabedad40, 16)                                                             = 0
7910 [0x7f3c9aa6a80a] SYS_mmap(0, 0x202e20, 5, 2050)                                                                               = 0x7f3c98f2e000
7910 [0x7f3c9aa6a857] SYS_mprotect(0x7f3c98f31000, 0x1ff000, 0, 2050)                                                              = 0
7910 [0x7f3c9aa6a80a] SYS_mmap(0x7f3c99130000, 4096, 3, 2066)                                                                      = 0x7f3c99130000
7910 [0x7f3c9aa6a787] SYS_close(3, 16, 0x7f3c99130c28, 0x6ffffdff)                                                                 = 0
7910 [0x7f3c9aa6a677] SYS_open(0x7f3c9ac66e58, 0x80000, 0, 0x6ffffdff)                                                             = 3
7910 [0x7f3c9aa6a697] SYS_read(3, 0x7fffabedae38, 832, 0x6ffffdff)                                                                 = 832
7910 [0x7f3c9aa6a604] SYS_fstat(3, 0x7fffabedad10, 0x7fffabedad10, 16)                                                             = 0
7910 [0x7f3c9aa6a80a] SYS_mmap(0, 4096, 3, 34)                                                                                     = 0x7f3c9ac65000
7910 [0x7f3c9aa6a80a] SYS_mmap(0, 0x209850, 5, 2050)                                                                               = 0x7f3c98d24000
7910 [0x7f3c9aa6a857] SYS_mprotect(0x7f3c98d2e000, 0x1ff000, 0, 2050)                                                              = 0
7910 [0x7f3c9aa6a80a] SYS_mmap(0x7f3c98f2d000, 4096, 3, 2066)                                                                      = 0x7f3c98f2d000
7910 [0x7f3c9aa6a787] SYS_close(3, 16, 0x7f3c98f2d618, 0x6ffffdff)                                                                 = 0
7910 [0x7f3c9aa6a677] SYS_open(0x7f3c9ac654b8, 0x80000, 0, 0x6ffffdff)                                                             = 3
7910 [0x7f3c9aa6a697] SYS_read(3, 0x7fffabedae08, 832, 0x6ffffdff)                                                                 = 832
7910 [0x7f3c9aa6a604] SYS_fstat(3, 0x7fffabedace0, 0x7fffabedace0, 16)                                                             = 0
7910 [0x7f3c9aa6a80a] SYS_mmap(0, 0x210868, 5, 2050)                                                                               = 0x7f3c98b13000
7910 [0x7f3c9aa6a857] SYS_mprotect(0x7f3c98b24000, 0x1ff000, 0, 2050)                                                              = 0
7910 [0x7f3c9aa6a80a] SYS_mmap(0x7f3c98d23000, 4096, 3, 2066)                                                                      = 0x7f3c98d23000
7910 [0x7f3c9aa6a787] SYS_close(3, 16, 0x7f3c98d23408, 0x6ffffdff)                                                                 = 0
7910 [0x7f3c9aa6a677] SYS_open(0x7f3c9ac65a40, 0x80000, 0, 0x7f3c9ac669a0)                                                         = 3
7910 [0x7f3c9aa6a697] SYS_read(3, 0x7fffabedaca8, 832, 0x7f3c9ac669a0)                                                             = 832
7910 [0x7f3c9aa6a604] SYS_fstat(3, 0x7fffabedab80, 0x7fffabedab80, 16)                                                             = 0
7910 [0x7f3c9aa6a80a] SYS_mmap(0, 0x2032c8, 5, 2050)                                                                               = 0x7f3c9890f000
7910 [0x7f3c9aa6a857] SYS_mprotect(0x7f3c98912000, 0x200000, 0, 2050)                                                              = 0
7910 [0x7f3c9aa6a80a] SYS_mmap(0x7f3c98b12000, 4096, 3, 2066)                                                                      = 0x7f3c98b12000
7910 [0x7f3c9aa6a787] SYS_close(3, 16, 0x7f3c98b12188, 0x6ffffdff)                                                                 = 0
7910 [0x7f3c9aa6a677] SYS_open(0x7f3c9ac65f28, 0x80000, 0, 0x6ffffdff)                                                             = 3
7910 [0x7f3c9aa6a697] SYS_read(3, 0x7fffabedac78, 832, 0x6ffffdff)                                                                 = 832
7910 [0x7f3c9aa6a604] SYS_fstat(3, 0x7fffabedab50, 0x7fffabedab50, 16)                                                             = 0
7910 [0x7f3c9aa6a80a] SYS_mmap(0, 4096, 3, 34)                                                                                     = 0x7f3c9ac64000
7910 [0x7f3c9aa6a80a] SYS_mmap(0, 0x207820, 5, 2050)                                                                               = 0x7f3c98707000
7910 [0x7f3c9aa6a857] SYS_mprotect(0x7f3c9870e000, 0x200000, 0, 2050)                                                              = 0
7910 [0x7f3c9aa6a80a] SYS_mmap(0x7f3c9890e000, 4096, 3, 2066)                                                                      = 0x7f3c9890e000
7910 [0x7f3c9aa6a787] SYS_close(3, 16, 0x7f3c9890e188, 0x6ffffdff)                                                                 = 0
7910 [0x7f3c9aa6a677] SYS_open(0x7f3c9ac644c8, 0x80000, 0, 0x6ffffdff)                                                             = 3
7910 [0x7f3c9aa6a697] SYS_read(3, 0x7fffabedac48, 832, 0x6ffffdff)                                                                 = 832
7910 [0x7f3c9aa6a604] SYS_fstat(3, 0x7fffabedab20, 0x7fffabedab20, 16)                                                             = 0
7910 [0x7f3c9aa6a80a] SYS_mmap(0, 0x201f30, 5, 2050)                                                                               = 0x7f3c98505000
7910 [0x7f3c9aa6a857] SYS_mprotect(0x7f3c98507000, 0x1ff000, 0, 2050)                                                              = 0
7910 [0x7f3c9aa6a80a] SYS_mmap(0x7f3c98706000, 4096, 3, 2066)                                                                      = 0x7f3c98706000
7910 [0x7f3c9aa6a787] SYS_close(3, 16, 0x7f3c98706e18, 0x6ffffdff)                                                                 = 0
7910 [0x7f3c9aa6a677] SYS_open(0x7f3c9ac64a60, 0x80000, 0, 0x7f3c9ac684d0)                                                         = 3
7910 [0x7f3c9aa6a697] SYS_read(3, 0x7fffabedac18, 832, 0x7f3c9ac684d0)                                                             = 832
7910 [0x7f3c9aa6a604] SYS_fstat(3, 0x7fffabedaaf0, 0x7fffabedaaf0, 16)                                                             = 0
7910 [0x7f3c9aa6a80a] SYS_mmap(0, 0x2022e8, 5, 2050)                                                                               = 0x7f3c98302000
7910 [0x7f3c9aa6a857] SYS_mprotect(0x7f3c98304000, 0x200000, 0, 2050)                                                              = 0
7910 [0x7f3c9aa6a80a] SYS_mmap(0x7f3c98504000, 4096, 3, 2066)                                                                      = 0x7f3c98504000
7910 [0x7f3c9aa6a787] SYS_close(3, 16, 0x7f3c98504198, 0x6ffffdff)                                                                 = 0
7910 [0x7f3c9aa6a677] SYS_open(0x7f3c9ac64f40, 0x80000, 0, 0x6ffffdff)                                                             = 3
7910 [0x7f3c9aa6a697] SYS_read(3, 0x7fffabedabe8, 832, 0x6ffffdff)                                                                 = 832
7910 [0x7f3c9aa6a604] SYS_fstat(3, 0x7fffabedaac0, 0x7fffabedaac0, 16)                                                             = 0
7910 [0x7f3c9aa6a80a] SYS_mmap(0, 4096, 3, 34)                                                                                     = 0x7f3c9ac63000
7910 [0x7f3c9aa6a80a] SYS_mmap(0, 0x201f30, 5, 2050)                                                                               = 0x7f3c98100000
7910 [0x7f3c9aa6a857] SYS_mprotect(0x7f3c98102000, 0x1ff000, 0, 2050)                                                              = 0
7910 [0x7f3c9aa6a80a] SYS_mmap(0x7f3c98301000, 4096, 3, 2066)                                                                      = 0x7f3c98301000
7910 [0x7f3c9aa6a787] SYS_close(3, 16, 0x7f3c98301e18, 0x6ffffdff)                                                                 = 0
7910 [0x7f3c9aa6a677] SYS_open(0x7f3c9ac634c0, 0x80000, 0, 0x6ffffdff)                                                             = 3
7910 [0x7f3c9aa6a697] SYS_read(3, 0x7fffabedabb8, 832, 0x6ffffdff)                                                                 = 832
7910 [0x7f3c9aa6a604] SYS_fstat(3, 0x7fffabedaa90, 0x7fffabedaa90, 16)                                                             = 0
7910 [0x7f3c9aa6a80a] SYS_mmap(0, 0x2038b8, 5, 2050)                                                                               = 0x7f3c97efc000
7910 [0x7f3c9aa6a857] SYS_mprotect(0x7f3c97f00000, 0x1ff000, 0, 2050)                                                              = 0
7910 [0x7f3c9aa6a80a] SYS_mmap(0x7f3c980ff000, 4096, 3, 2066)                                                                      = 0x7f3c980ff000
7910 [0x7f3c9aa6a787] SYS_close(3, 16, 0x7f3c980ff748, 0x6ffffdff)                                                                 = 0
7910 [0x7f3c9aa6a677] SYS_open(0x7f3c9ac63a60, 0x80000, 0, 0x7f3c9ac66000)                                                         = 3
7910 [0x7f3c9aa6a697] SYS_read(3, 0x7fffabedab58, 832, 0x7f3c9ac66000)                                                             = 832
7910 [0x7f3c9aa6a604] SYS_fstat(3, 0x7fffabedaa30, 0x7fffabedaa30, 16)                                                             = 0
7910 [0x7f3c9aa6a80a] SYS_mmap(0, 0x210848, 5, 2050)                                                                               = 0x7f3c97ceb000
7910 [0x7f3c9aa6a857] SYS_mprotect(0x7f3c97cfb000, 0x1ff000, 0, 2050)                                                              = 0
7910 [0x7f3c9aa6a80a] SYS_mmap(0x7f3c97efa000, 8192, 3, 2066)                                                                      = 0x7f3c97efa000
7910 [0x7f3c9aa6a787] SYS_close(3, 16, 0x7f3c97efad90, 0x6ffffdff)                                                                 = 0
7910 [0x7f3c9aa6a677] SYS_open(0x7f3c9ac63f48, 0x80000, 0, 0x6ffffdff)                                                             = 3
7910 [0x7f3c9aa6a697] SYS_read(3, 0x7fffabedab28, 832, 0x6ffffdff)                                                                 = 832
7910 [0x7f3c9aa6a604] SYS_fstat(3, 0x7fffabedaa00, 0x7fffabedaa00, 16)                                                             = 0
7910 [0x7f3c9aa6a80a] SYS_mmap(0, 4096, 3, 34)                                                                                     = 0x7f3c9ac62000
7910 [0x7f3c9aa6a80a] SYS_mmap(0, 0x20acf0, 5, 2050)                                                                               = 0x7f3c97ae0000
7910 [0x7f3c9aa6a857] SYS_mprotect(0x7f3c97aeb000, 0x1ff000, 0, 2050)                                                              = 0
7910 [0x7f3c9aa6a80a] SYS_mmap(0x7f3c97cea000, 4096, 3, 2066)                                                                      = 0x7f3c97cea000
7910 [0x7f3c9aa6a787] SYS_close(3, 16, 0x7f3c97cea750, 0x6ffffdff)                                                                 = 0
7910 [0x7f3c9aa6a677] SYS_open(0x7f3c9ac62560, 0x80000, 0, 0x7f3c9ac66000)                                                         = 3
7910 [0x7f3c9aa6a697] SYS_read(3, 0x7fffabedaaf8, 832, 0x7f3c9ac66000)                                                             = 832
7910 [0x7f3c9aa6a604] SYS_fstat(3, 0x7fffabeda9d0, 0x7fffabeda9d0, 32)                                                             = 0
7910 [0x7f3c9aa6a80a] SYS_mmap(0, 0x2361e0, 5, 2050)                                                                               = 0x7f3c978a9000
7910 [0x7f3c9aa6a857] SYS_mprotect(0x7f3c978b1000, 0x1ff000, 0, 2050)                                                              = 0
7910 [0x7f3c9aa6a80a] SYS_mmap(0x7f3c97ab0000, 8192, 3, 2066)                                                                      = 0x7f3c97ab0000
7910 [0x7f3c9aa6a80a] SYS_mmap(0x7f3c97ab2000, 0x2d1e0, 3, 50)                                                                     = 0x7f3c97ab2000
7910 [0x7f3c9aa6a787] SYS_close(3, 16, 0, 0x6ffffdff)                                                                              = 0
7910 [0x7f3c9aa6a677] SYS_open(0x7f3c9ac62a30, 0x80000, 0, 0x6ffffdff)                                                             = 3
7910 [0x7f3c9aa6a697] SYS_read(3, 0x7fffabedaac8, 832, 0x6ffffdff)                                                                 = 832
7910 [0x7f3c9aa6a604] SYS_fstat(3, 0x7fffabeda9a0, 0x7fffabeda9a0, 16)                                                             = 0
7910 [0x7f3c9aa6a80a] SYS_mmap(0, 0x43fe88, 5, 2050)                                                                               = 0x7f3c97469000
7910 [0x7f3c9aa6a857] SYS_mprotect(0x7f3c9767e000, 0x200000, 0, 2050)                                                              = 0
7910 [0x7f3c9aa6a80a] SYS_mmap(0x7f3c9787e000, 0x27000, 3, 2066)                                                                   = 0x7f3c9787e000
7910 [0x7f3c9aa6a80a] SYS_mmap(0x7f3c978a5000, 0x3e88, 3, 50)                                                                      = 0x7f3c978a5000
7910 [0x7f3c9aa6a857] SYS_mprotect(0x7fffabedc000, 4096, 0x1000007, 4)                                                             = 0
7910 [0x7f3c9aa6a787] SYS_close(3, 4096, 0x1000007, 4)                                                                             = 0
7910 [0x7f3c9aa6a677] SYS_open(0x7f3c9ac62fb0, 0x80000, 0, 0x7f3c9ac654d0)                                                         = 3
7910 [0x7f3c9aa6a697] SYS_read(3, 0x7fffabedaa98, 832, 0x7f3c9ac654d0)                                                             = 832
7910 [0x7f3c9aa6a604] SYS_fstat(3, 0x7fffabeda970, 0x7fffabeda970, 16)                                                             = 0
7910 [0x7f3c9aa6a80a] SYS_mmap(0, 4096, 3, 34)                                                                                     = 0x7f3c9ac61000
7910 [0x7f3c9aa6a80a] SYS_mmap(0, 0x215730, 5, 2050)                                                                               = 0x7f3c97253000
7910 [0x7f3c9aa6a857] SYS_mprotect(0x7f3c97269000, 0x1ff000, 0, 2050)                                                              = 0
7910 [0x7f3c9aa6a80a] SYS_mmap(0x7f3c97468000, 4096, 3, 2066)                                                                      = 0x7f3c97468000
7910 [0x7f3c9aa6a787] SYS_close(3, 16, 0x7f3c97468490, 0x6ffffdff)                                                                 = 0
7910 [0x7f3c9aa6a677] SYS_open(0x7f3c9ac614f0, 0x80000, 0, 0x6ffffdff)                                                             = 3
7910 [0x7f3c9aa6a697] SYS_read(3, 0x7fffabedaa68, 832, 0x6ffffdff)                                                                 = 832
7910 [0x7f3c9aa6a604] SYS_fstat(3, 0x7fffabeda940, 0x7fffabeda940, 32)                                                             = 0
7910 [0x7f3c9aa6a80a] SYS_mmap(0, 0x2fd148, 5, 2050)                                                                               = 0x7f3c96f55000
7910 [0x7f3c9aa6a857] SYS_mprotect(0x7f3c97052000, 0x1ff000, 0, 2050)                                                              = 0
7910 [0x7f3c9aa6a80a] SYS_mmap(0x7f3c97251000, 8192, 3, 2066)                                                                      = 0x7f3c97251000
7910 [0x7f3c9aa6a787] SYS_close(3, 16, 0, 0x6ffffdff)                                                                              = 0
7910 [0x7f3c9aa6a677] SYS_open(0x7fffabeda830, 0x80000, 0, 0x36782f39325f3130)                                                     = -2
7910 [0x7f3c9aa6a5c5] SYS_stat(0x7fffabeda830, 0x7fffabeda910, 0x7fffabeda910, 0x36782f39325f3130)                                 = -2
7910 [0x7f3c9aa6a677] SYS_open(0x7fffabeda830, 0x80000, 0, 0x36782f39325f3130)                                                     = -2
7910 [0x7f3c9aa6a5c5] SYS_stat(0x7fffabeda830, 0x7fffabeda910, 0x7fffabeda910, 0x36782f39325f3130)                                 = -2
7910 [0x7f3c9aa6a677] SYS_open(0x7fffabeda830, 0x80000, 0, 0x36782f39325f3130)                                                     = -2
7910 [0x7f3c9aa6a5c5] SYS_stat(0x7fffabeda830, 0x7fffabeda910, 0x7fffabeda910, 0x36782f39325f3130)                                 = -2
7910 [0x7f3c9aa6a677] SYS_open(0x7fffabeda830, 0x80000, 0, 0x36782f39325f3130)                                                     = -2
7910 [0x7f3c9aa6a5c5] SYS_stat(0x7fffabeda830, 0x7fffabeda910, 0x7fffabeda910, 0x36782f39325f3130)                                 = -2
7910 [0x7f3c9aa6a677] SYS_open(0x7f3c9ac61dd0, 0x80000, 0, 0x36782f39325f3130)                                                     = 3
7910 [0x7f3c9aa6a697] SYS_read(3, 0x7fffabedaa38, 832, 0x36782f39325f3130)                                                         = 832
7910 [0x7f3c9aa6a604] SYS_fstat(3, 0x7fffabeda910, 0x7fffabeda910, 16)                                                             = 0
7910 [0x7f3c9aa6a80a] SYS_mmap(0, 4096, 3, 34)                                                                                     = 0x7f3c9ac60000
7910 [0x7f3c9aa6a80a] SYS_mmap(0, 0x2f8980, 5, 2050)                                                                               = 0x7f3c96c5c000
7910 [0x7f3c9aa6a857] SYS_mprotect(0x7f3c96d53000, 0x200000, 0, 2050)                                                              = 0
7910 [0x7f3c9aa6a80a] SYS_mmap(0x7f3c96f53000, 8192, 3, 2066)                                                                      = 0x7f3c96f53000
7910 [0x7f3c9aa6a787] SYS_close(3, 16, 0x7f3c96f533a0, 0x6ffffdff)                                                                 = 0
7910 [0x7f3c9aa6a677] SYS_open(0x7f3c9ac604c8, 0x80000, 0, 0x6ffffdff)                                                             = 3
7910 [0x7f3c9aa6a697] SYS_read(3, 0x7fffabedaa08, 832, 0x6ffffdff)                                                                 = 832
7910 [0x7f3c9aa6a604] SYS_fstat(3, 0x7fffabeda8e0, 0x7fffabeda8e0, 16)                                                             = 0
7910 [0x7f3c9aa6a80a] SYS_mmap(0, 0x2fc9d8, 5, 2050)                                                                               = 0x7f3c9695f000
7910 [0x7f3c9aa6a857] SYS_mprotect(0x7f3c96a5a000, 0x200000, 0, 2050)                                                              = 0
7910 [0x7f3c9aa6a80a] SYS_mmap(0x7f3c96c5a000, 8192, 3, 2066)                                                                      = 0x7f3c96c5a000
7910 [0x7f3c9aa6a787] SYS_close(3, 16, 0x7f3c96c5b828, 0x6ffffdff)                                                                 = 0
7910 [0x7f3c9aa6a677] SYS_open(0x7f3c9ac60998, 0x80000, 0, 0x6ffffdff)                                                             = 3
7910 [0x7f3c9aa6a697] SYS_read(3, 0x7fffabeda9d8, 832, 0x6ffffdff)                                                                 = 832
7910 [0x7f3c9aa6a604] SYS_fstat(3, 0x7fffabeda8b0, 0x7fffabeda8b0, 16)                                                             = 0
7910 [0x7f3c9aa6a80a] SYS_mmap(0, 0x242830, 5, 2050)                                                                               = 0x7f3c9671c000
7910 [0x7f3c9aa6a857] SYS_mprotect(0x7f3c9675f000, 0x1ff000, 0, 2050)                                                              = 0
7910 [0x7f3c9aa6a80a] SYS_mmap(0x7f3c9695e000, 4096, 3, 2066)                                                                      = 0x7f3c9695e000
7910 [0x7f3c9aa6a787] SYS_close(3, 16, 0x7f3c9695e630, 0x6ffffdff)                                                                 = 0
7910 [0x7f3c9aa6a677] SYS_open(0x7f3c9ac60f70, 0x80000, 0, 0x7f3c9ac679b8)                                                         = 3
7910 [0x7f3c9aa6a697] SYS_read(3, 0x7fffabeda9a8, 832, 0x7f3c9ac679b8)                                                             = 832
7910 [0x7f3c9aa6a604] SYS_fstat(3, 0x7fffabeda880, 0x7fffabeda880, 32)                                                             = 0
7910 [0x7f3c9aa6a80a] SYS_mmap(0, 4096, 3, 34)                                                                                     = 0x7f3c9ac5f000
7910 [0x7f3c9aa6a80a] SYS_mmap(0, 0x203118, 5, 2050)                                                                               = 0x7f3c96518000
7910 [0x7f3c9aa6a857] SYS_mprotect(0x7f3c9651a000, 0x200000, 0, 2050)                                                              = 0
7910 [0x7f3c9aa6a80a] SYS_mmap(0x7f3c9671a000, 8192, 3, 2066)                                                                      = 0x7f3c9671a000
7910 [0x7f3c9aa6a787] SYS_close(3, 16, 0x7f3c9671af40, 0x6ffffdff)                                                                 = 0
7910 [0x7f3c9aa6a80a] SYS_mmap(0, 4096, 3, 34)                                                                                     = 0x7f3c9ac5e000
7910 [0x7f3c9aa6a80a] SYS_mmap(0, 4096, 3, 34)                                                                                     = 0x7f3c9ac5d000
7910 [0x7f3c9aa6a80a] SYS_mmap(0, 8192, 3, 34)                                                                                     = 0x7f3c9ac5b000
7910 [0x7f3c9aa54044] SYS_arch_prctl(4098, 0x7f3c9ac5b780, 0x7f3c9ac5c080, 34)                                                     = 0
7910 [0x7f3c9aa6a857] SYS_mprotect(0x7f3c9a3aa000, 0x4000, 1, 1)                                                                   = 0
7910 [0x7f3c9aa6a857] SYS_mprotect(0x7f3c9671a000, 4096, 1, 0x7f3c96518c68)                                                        = 0
7910 [0x7f3c9aa6a857] SYS_mprotect(0x7f3c99550000, 4096, 1, 0x7f3c9933e500)                                                        = 0
7910 [0x7f3c9aa6a857] SYS_mprotect(0x7f3c97251000, 4096, 1, 1)                                                                     = 0
7910 [0x7f3c9aa6a857] SYS_mprotect(0x7f3c97ab0000, 4096, 1, 0x7f3c978a9a00)                                                        = 0
7910 [0x7f3c9aa6a857] SYS_mprotect(0x7f3c99814000, 0x7000, 1, 0x7f3c995ae810)                                                      = 0
7910 [0x7f3c9aa6a857] SYS_mprotect(0x7f3c99337000, 4096, 1, 0x7f3c99132d58)                                                        = 0
7910 [0x7f3c9aa6a857] SYS_mprotect(0x7f3c9ac73000, 4096, 1, 0)                                                                     = 0
7910 [0x7f3c9aa6a837] SYS_munmap(0x7f3c9ac69000, 0x83b3, 0x75800, 0)                                                               = 0
7910 [0x7f3c9933fe92] SYS_set_tid_address(0x7f3c9ac5ba50, 0x7fffabedc998, 0x7f3c9ac5b780, 0)                                       = 7910
7910 [0x7f3c9933fefa] SYS_set_robust_list(0x7f3c9ac5ba60, 24, 0x7f3c9ac5b780, 0)                                                   = 0
7910 [0x7f3c99349cf5] SYS_rt_sigaction(32, 0x7fffabedc6e8, 0, 8)                                                                   = 0
7910 [0x7f3c99349cf5] SYS_rt_sigaction(33, 0x7fffabedc6e8, 0, 8)                                                                   = 0
7910 [0x7f3c9933ffd6] SYS_rt_sigprocmask(1, 0x7fffabedc838, 0, 8)                                                                  = 0
7910 [0x7f3c9a0f6b17] SYS_getrlimit(3, 0x7fffabedc8d0, 63, 1)                                                                      = 0
7910 [0x7f3c9933fb95] SYS_futex(0x7f3c9981e7e0, 129, 0x7fffffff, 0)                                                                = 0
7910 [0x4008fd] ledctrl->Lookup_Nas_Info(_T_NAS_PROP_&)(0x7fffabedc7e0, 0x7fffabeddb94, 0, 0x7fffabeddb93 <unfinished ...>
7910 [0x7f3c9a7fdd11]   libnasman.so->Open_Share_Memory(char const*, int, void*&, int&)(0x7f3c9a84208e, 0, 0x7fffabedc7a0, 0x7fffabedc7ac <unfinished ...>
7910 [0x7f3c9a0f1557]     SYS_statfs(0x7f3c9934c1e8, 0x7fffabedc540, 0x7f3c99555310, 1)                                            = 0
7910 [0x7f3c9933fb95]     SYS_futex(0x7f3c99555310, 129, 0x7fffffff, 0)                                                            = 0
7910 [0x7f3c9a0f17e0]     SYS_open(0x7fffabedc650, 0xa0000, 484, 1)                                                                = 3
7910 [0x7f3c9a0f13b4]     SYS_fstat(3, 0x7fffabedc6e0, 0x7fffabedc6e0, 1)                                                          = 0
7910 [0x7f3c9a0fa72a]     SYS_mmap(0, 0x2788, 1, 1)                                                                                = 0x7f3c9ac6f000
7910 [0x7f3c9a0f2070]     SYS_close(3, 0x2788, 1, 1)                                                                               = 0
7910 [0x7f3c9a7fdd11]   <... Open_Share_Memory(char const*, int, void*&, int&) resumed> )                                          = 0
7910 [0x7f3c9a7fdd4d]   libnasman.so->Open_Share_Memory(char const*, int, void*&, int&)(0x7f3c9a8420a7, 0, 0x7fffabedc7a0, 0x7fffabedc7ac <unfinished ...>
7910 [0x7f3c9a0f17e0]     SYS_open(0x7fffabedc650, 0xa0000, 484, 1)                                                                = 3
7910 [0x7f3c9a0f13b4]     SYS_fstat(3, 0x7fffabedc6e0, 0x7fffabedc6e0, 1)                                                          = 0
7910 [0x7f3c9a0fa72a]     SYS_mmap(0, 3536, 1, 1)                                                                                  = 0x7f3c9ac6e000
7910 [0x7f3c9a0f2070]     SYS_close(3, 3536, 1, 1)                                                                                 = 0
7910 [0x7f3c9a7fdd4d]   <... Open_Share_Memory(char const*, int, void*&, int&) resumed> )                                          = 0
7910 [0x7f3c9a7fdd7f]   libnasman.so->Open_Share_Memory(char const*, int, void*&, int&)(0x7f3c9a8420b5, 0, 0x7fffabedc7a0, 0x7fffabedc7ac <unfinished ...>
7910 [0x7f3c9a0f17e0]     SYS_open(0x7fffabedc650, 0xa0000, 484, 1)                                                                = 3
7910 [0x7f3c9a0f13b4]     SYS_fstat(3, 0x7fffabedc6e0, 0x7fffabedc6e0, 1)                                                          = 0
7910 [0x7f3c9a0fa72a]     SYS_mmap(0, 4080, 1, 1)                                                                                  = 0x7f3c9ac6d000
7910 [0x7f3c9a0f2070]     SYS_close(3, 4080, 1, 1)                                                                                 = 0
7910 [0x7f3c9a7fdd7f]   <... Open_Share_Memory(char const*, int, void*&, int&) resumed> )                                          = 0
7910 [0x4008fd] <... Lookup_Nas_Info(_T_NAS_PROP_&) resumed> )                                                                     = 0
7910 [0x400934] ledctrl->Hal_Led_Set_Hdd_Mode(2, 9, 1, 0 <unfinished ...>
7910 [0x7f3c9a3baf15]   libnhal.so->Hal_Lookup_Hardware_Info(0x7fffabedc6d0, 9, 1, 0 <unfinished ...>
7910 [0x7f3c9a0f17e0]     SYS_open(0x7fffabedc5d0, 0xa0002, 484, 1)                                                                = 3
7910 [0x7f3c9a0fa72a]     SYS_mmap(0, 220, 3, 1)                                                                                   = 0x7f3c9ac6c000
7910 [0x7f3c9a0f2070]     SYS_close(3, 220, 3, 1)                                                                                  = 0
7910 [0x7f3c9a3b97f0]     libnhal.so->Hw_Semaphore_Init(0x7fffabedc680, 0x7f3c9a3bc287, 1, -1 <unfinished ...>
7910 [0x7f3c9a0f1405]       SYS_lstat(0x7fffabedc530, 0x7fffabedc440, 0x7fffabedc440, 0)                                           = -2
7910 [0x7f3c99349510]       SYS_open(0x7fffabedc530, 194, 600, 0)                                                                  = 3
7910 [0x7f3c99348da0]       SYS_write(3, 0x7fffabedc5b0, 32, 0)                                                                    = 32
7910 [0x7f3c9a0fa72a]       SYS_mmap(0, 32, 3, 1)                                                                                  = 0x7f3c9ac6b000
7910 [0x7f3c9a0f31a7]       SYS_link(0x7fffabedc530, 0x7fffabedc560, 3, 1)                                                         = -17
7910 [0x7f3c9a0fa757]       SYS_munmap(0x7f3c9ac6b000, 32, 3, 1)                                                                   = 0
7910 [0x7f3c9a0f32c7]       SYS_unlink(0x7fffabedc530, 32, 3, 1)                                                                   = 0
7910 [0x7f3c99348e60]       SYS_close(3, 32, 3, 1)                                                                                 = 0
7910 [0x7f3c99349510]       SYS_open(0x7fffabedc560, 0x20002, 18, 1)                                                               = 3
7910 [0x7f3c9a0f13b4]       SYS_fstat(3, 0x7fffabedc490, 0x7fffabedc490, 1)                                                        = 0
7910 [0x7f3c9a0f6f5a]       SYS_brk(0, 0x7f3c9a3ae640, 0, -4096)                                                                   = 0x1212000
7910 [0x7f3c9a0f6f5a]       SYS_brk(0x1233000, 0x1212000, 0x1233000, -4096)                                                        = 0x1233000
7910 [0x7f3c9a0fa72a]       SYS_mmap(0, 32, 3, 1)                                                                                  = 0x7f3c9ac6b000
7910 [0x7f3c99348e60]       SYS_close(3, 32, 0, 3)                                                                                 = 0
7910 [0x7f3c9a3b97f0]     <... Hw_Semaphore_Init resumed> )                                                                        = 17
7910 [0x7f3c9a3b9800]     libnhal.so->Hw_Semaphore_Lock(0x7fffabedc680, 32, 0x7f3c9ac6b000, -1)                                    = 0
7910 [0x7f3c9a3b9918]     libnhal.so->Hw_Semaphore_Unlock(0x7fffabedc680, 2, 0x7f3c9ac6c000, 0)                                    = 0
7910 [0x7f3c9a3b9924]     libnhal.so->Hw_Semaphore_Release(0x7fffabedc680, 128, 0, 0 <unfinished ...>
7910 [0x7f3c9a0fa757]       SYS_munmap(0x7f3c9ac6b000, 32, 0, 1)                                                                   = 0
7910 [0x7f3c9a3b9924]     <... Hw_Semaphore_Release resumed> )                                                                     = 0
7910 [0x7f3c9a3baf15]   <... Hal_Lookup_Hardware_Info resumed> )                                                                   = 0
7910 [0x400934] <... Hal_Led_Set_Hdd_Mode resumed> )                                                                               = 0xffffffea
7910 [0x7f3c9a7fdf15] libnasman.so->Close_Share_Memory(char const*, void*)(0x7f3c9a84208e, 0x7f3c9ac6f000, 0x33c9805dc4b3878a, 4 <unfinished ...>
7910 [0x7f3c9a7fdb6e]   libnasman.so->Get_File_Size(char const*, long*)(0x7fffabedc540, 0x7fffabedc668, 0x7fffabedc555, 0 <unfinished ...>
7910 [0x7f3c9a0f1365]     SYS_stat(0x7fffabedc540, 0x7fffabedc4a0, 0x7fffabedc4a0, 1)                                              = 0
7910 [0x7f3c9a7fdb6e]   <... Get_File_Size(char const*, long*) resumed> )                                                          = 0
7910 [0x7f3c9a0fa757]   SYS_munmap(0x7f3c9ac6f000, 0x2788, 0x7fffabedc4a0, 1)                                                      = 0
7910 [0x7f3c9a7fdf15] <... Close_Share_Memory(char const*, void*) resumed> )                                                       = 0
7910 [0x7f3c9a7fdf37] libnasman.so->Close_Share_Memory(char const*, void*)(0x7f3c9a8420a7, 0x7f3c9ac6e000, 0, -1 <unfinished ...>
7910 [0x7f3c9a7fdb6e]   libnasman.so->Get_File_Size(char const*, long*)(0x7fffabedc540, 0x7fffabedc668, 0x7fffabedc556, 0 <unfinished ...>
7910 [0x7f3c9a0f1365]     SYS_stat(0x7fffabedc540, 0x7fffabedc4a0, 0x7fffabedc4a0, 1)                                              = 0
7910 [0x7f3c9a7fdb6e]   <... Get_File_Size(char const*, long*) resumed> )                                                          = 0
7910 [0x7f3c9a0fa757]   SYS_munmap(0x7f3c9ac6e000, 3536, 0x7fffabedc4a0, 1)                                                        = 0
7910 [0x7f3c9a7fdf37] <... Close_Share_Memory(char const*, void*) resumed> )                                                       = 0
7910 [0x7f3c9a7fdf59] libnasman.so->Close_Share_Memory(char const*, void*)(0x7f3c9a8420b5, 0x7f3c9ac6d000, 0, -1 <unfinished ...>
7910 [0x7f3c9a7fdb6e]   libnasman.so->Get_File_Size(char const*, long*)(0x7fffabedc540, 0x7fffabedc668, 0x7fffabedc556, 0 <unfinished ...>
7910 [0x7f3c9a0f1365]     SYS_stat(0x7fffabedc540, 0x7fffabedc4a0, 0x7fffabedc4a0, 1)                                              = 0
7910 [0x7f3c9a7fdb6e]   <... Get_File_Size(char const*, long*) resumed> )                                                          = 0
7910 [0x7f3c9a0fa757]   SYS_munmap(0x7f3c9ac6d000, 4080, 0x7fffabedc4a0, 1)                                                        = 0
7910 [0x7f3c9a7fdf59] <... Close_Share_Memory(char const*, void*) resumed> )                                                       = 0
7910 [0x7f3c9a04b932] libgeneral.so->Trace_Mem_Destroy()(0x7f3c99d63d40, 0, 0x33c987ffbf73878a, 16)                                = 0
7910 [0x7f3c9a0ce468] SYS_exit_group(-22, 60, -22, 0x7f3c9a3b1a48 <no return ...>
7910 [0xffffffffffffffff] +++ exited (status 234) +++
