7962 [0x7feca33a08aa] SYS_brk(0, 0x7feca33a3fa0, 0, 895)                                                                           = 0x1510000
7962 [0x7feca33a17e7] SYS_readlink(0x7fffbf3ceb77, 0x7fffbf3cd610, 4096, 0x756e694c00000000)                                       = -2
7962 [0x7feca33a1677] SYS_open(0x7feca33a51f3, 0, 0, 0x756e694c00000000)                                                           = 3
7962 [0x7feca33a17a7] SYS_chdir(0x7feca35acba8, 0, 0, 0x756e694c00000000)                                                          = -2
7962 [0x7feca33a09d2] SYS_getcwd(0x7fffbf3cd610, 4096, 0, 0x756e694c00000000)                                                      = 23
7962 [0x7feca33a17c7] SYS_fchdir(3, 4096, 0, 0x756e694c00000000)                                                                   = 0
7962 [0x7feca33a1787] SYS_close(3, 4096, 0, 0x756e694c00000000)                                                                    = 0
7962 [0x7feca33a180a] SYS_mmap(0, 4096, 3, 34)                                                                                     = 0x7feca35a9000
7962 [0x7feca33a16d7] SYS_access(0x7feca33a7700, 4, 0x7feca35ac718, 0)                                                             = -2
7962 [0x7feca33a1677] SYS_open(0x7feca33a5072, 0x80000, 1, 0)                                                                      = 3
7962 [0x7feca33a1604] SYS_fstat(3, 0x7fffbf3ccdf0, 0x7fffbf3ccdf0, 0)                                                              = 0
7962 [0x7feca33a180a] SYS_mmap(0, 0x83b3, 1, 2)                                                                                    = 0x7feca35a0000
7962 [0x7feca33a1787] SYS_close(3, 0x83b3, 1, 2)                                                                                   = 0
7962 [0x7feca33a1677] SYS_open(0x7feca35a9640, 0x80000, 0, 56)                                                                     = 3
7962 [0x7feca33a1697] SYS_read(3, 0x7fffbf3ccf78, 832, 56)                                                                         = 832
7962 [0x7feca33a1604] SYS_fstat(3, 0x7fffbf3cce50, 0x7fffbf3cce50, 16)                                                             = 0
7962 [0x7feca33a180a] SYS_mmap(0, 0x278960, 5, 2050)                                                                               = 0x7feca3111000
7962 [0x7feca33a1857] SYS_mprotect(0x7feca3187000, 0x200000, 0, 2050)                                                              = 0
7962 [0x7feca33a180a] SYS_mmap(0x7feca3387000, 0x3000, 3, 2066)                                                                    = 0x7feca3387000
7962 [0x7feca33a1787] SYS_close(3, 16, 0x7feca33873e0, 0x6ffffdff)                                                                 = 0
7962 [0x7feca33a1677] SYS_open(0x7feca35a9b10, 0x80000, 0, 0x6ffffdff)                                                             = 3
7962 [0x7feca33a1697] SYS_read(3, 0x7fffbf3ccf48, 832, 0x6ffffdff)                                                                 = 832
7962 [0x7feca33a1604] SYS_fstat(3, 0x7fffbf3cce20, 0x7fffbf3cce20, 16)                                                             = 0
7962 [0x7feca33a180a] SYS_mmap(0, 0x21bee0, 5, 2050)                                                                               = 0x7feca2ef5000
7962 [0x7feca33a1857] SYS_mprotect(0x7feca2f10000, 0x200000, 0, 2050)                                                              = 0
7962 [0x7feca33a180a] SYS_mmap(0x7feca3110000, 4096, 3, 2066)                                                                      = 0x7feca3110000
7962 [0x7feca33a1787] SYS_close(3, 16, 0x7feca3110208, 0x6ffffdff)                                                                 = 0
7962 [0x7feca33a1677] SYS_open(0x7feca35a9fe0, 0x80000, 0, 0x6ffffdff)                                                             = 3
7962 [0x7feca33a1697] SYS_read(3, 0x7fffbf3ccf18, 832, 0x6ffffdff)                                                                 = 832
7962 [0x7feca33a1604] SYS_fstat(3, 0x7fffbf3ccdf0, 0x7fffbf3ccdf0, 16)                                                             = 0
7962 [0x7feca33a180a] SYS_mmap(0, 4096, 3, 34)                                                                                     = 0x7feca359f000
7962 [0x7feca33a180a] SYS_mmap(0, 0x209ad0, 5, 2050)                                                                               = 0x7feca2ceb000
7962 [0x7feca33a1857] SYS_mprotect(0x7feca2cf5000, 0x1ff000, 0, 2050)                                                              = 0
7962 [0x7feca33a180a] SYS_mmap(0x7feca2ef4000, 4096, 3, 2066)                                                                      = 0x7feca2ef4000
7962 [0x7feca33a1787] SYS_close(3, 16, 0x7feca2ef4690, 0x6ffffdff)                                                                 = 0
7962 [0x7feca33a1677] SYS_open(0x7feca359f4b8, 0x80000, 0, 0x6ffffdff)                                                             = 3
7962 [0x7feca33a1697] SYS_read(3, 0x7fffbf3ccee8, 832, 0x6ffffdff)                                                                 = 832
7962 [0x7feca33a1604] SYS_fstat(3, 0x7fffbf3ccdc0, 0x7fffbf3ccdc0, 32)                                                             = 0
7962 [0x7feca33a180a] SYS_mmap(0, 0x39dc40, 5, 2050)                                                                               = 0x7feca294d000
7962 [0x7feca33a1857] SYS_mprotect(0x7feca2ae1000, 0x200000, 0, 2050)                                                              = 0
7962 [0x7feca33a180a] SYS_mmap(0x7feca2ce1000, 0x6000, 3, 2066)                                                                    = 0x7feca2ce1000
7962 [0x7feca33a180a] SYS_mmap(0x7feca2ce7000, 0x3c40, 3, 50)                                                                      = 0x7feca2ce7000
7962 [0x7feca33a1787] SYS_close(3, 16, 0, 0x6ffffdff)                                                                              = 0
7962 [0x7feca33a1677] SYS_open(0x7feca359f988, 0x80000, 0, 0x6ffffdff)                                                             = 3
7962 [0x7feca33a1697] SYS_read(3, 0x7fffbf3ccd98, 832, 0x6ffffdff)                                                                 = 832
7962 [0x7feca33a1604] SYS_fstat(3, 0x7fffbf3ccc70, 0x7fffbf3ccc70, 16)                                                             = 0
7962 [0x7feca33a180a] SYS_mmap(0, 0x2b09d0, 5, 2050)                                                                               = 0x7feca269c000
7962 [0x7feca33a1857] SYS_mprotect(0x7feca274b000, 0x1ff000, 0, 2050)                                                              = 0
7962 [0x7feca33a180a] SYS_mmap(0x7feca294a000, 0x3000, 3, 2066)                                                                    = 0x7feca294a000
7962 [0x7feca33a1787] SYS_close(3, 16, 0x7feca294a9a8, 0x6ffffdff)                                                                 = 0
7962 [0x7feca33a1677] SYS_open(0x7feca359fe58, 0x80000, 0, 0x6ffffdff)                                                             = 3
7962 [0x7feca33a1697] SYS_read(3, 0x7fffbf3ccd68, 832, 0x6ffffdff)                                                                 = 832
7962 [0x7feca33a1604] SYS_fstat(3, 0x7fffbf3ccc40, 0x7fffbf3ccc40, 16)                                                             = 0
7962 [0x7feca33a180a] SYS_mmap(0, 4096, 3, 34)                                                                                     = 0x7feca359e000
7962 [0x7feca33a180a] SYS_mmap(0, 0x294ee0, 5, 2050)                                                                               = 0x7feca2407000
7962 [0x7feca33a1857] SYS_mprotect(0x7feca2499000, 0x1ff000, 0, 2050)                                                              = 0
7962 [0x7feca33a180a] SYS_mmap(0x7feca2698000, 0x3000, 3, 2066)                                                                    = 0x7feca2698000
7962 [0x7feca33a180a] SYS_mmap(0x7feca269b000, 3808, 3, 50)                                                                        = 0x7feca269b000
7962 [0x7feca33a1787] SYS_close(3, 16, 0x7feca2698e30, 0x6ffffdff)                                                                 = 0
7962 [0x7feca33a1677] SYS_open(0x7feca359e4b8, 0x80000, 0, 0x6ffffdff)                                                             = 3
7962 [0x7feca33a1697] SYS_read(3, 0x7fffbf3ccd38, 832, 0x6ffffdff)                                                                 = 832
7962 [0x7feca33a1604] SYS_fstat(3, 0x7fffbf3ccc10, 0x7fffbf3ccc10, 16)                                                             = 0
7962 [0x7feca33a180a] SYS_mmap(0, 0x29d850, 5, 2050)                                                                               = 0x7feca2169000
7962 [0x7feca33a1857] SYS_mprotect(0x7feca2202000, 0x200000, 0, 2050)                                                              = 0
7962 [0x7feca33a180a] SYS_mmap(0x7feca2402000, 0x3000, 3, 2066)                                                                    = 0x7feca2402000
7962 [0x7feca33a180a] SYS_mmap(0x7feca2405000, 6224, 3, 50)                                                                        = 0x7feca2405000
7962 [0x7feca33a1787] SYS_close(3, 16, 0x7feca2403cc8, 0x6ffffdff)                                                                 = 0
7962 [0x7feca33a1677] SYS_open(0x7feca359e9a0, 0x80000, 0, 0x6ffffdff)                                                             = 3
7962 [0x7feca33a1697] SYS_read(3, 0x7fffbf3ccd08, 832, 0x6ffffdff)                                                                 = 832
7962 [0x7feca33a1604] SYS_fstat(3, 0x7fffbf3ccbe0, 0x7fffbf3ccbe0, 16)                                                             = 0
7962 [0x7feca33a180a] SYS_mmap(0, 0x2dbbb0, 5, 2050)                                                                               = 0x7feca1e8d000
7962 [0x7feca33a1857] SYS_mprotect(0x7feca1f4b000, 0x200000, 0, 2050)                                                              = 0
7962 [0x7feca33a180a] SYS_mmap(0x7feca214b000, 0xa000, 3, 2066)                                                                    = 0x7feca214b000
7962 [0x7feca33a180a] SYS_mmap(0x7feca2155000, 0x13bb0, 3, 50)                                                                     = 0x7feca2155000
7962 [0x7feca33a1787] SYS_close(3, 16, 0x7feca21514d8, 0x6ffffdff)                                                                 = 0
7962 [0x7feca33a1677] SYS_open(0x7feca359ee70, 0x80000, 0, 0x6ffffdff)                                                             = 3
7962 [0x7feca33a1697] SYS_read(3, 0x7fffbf3cccd8, 832, 0x6ffffdff)                                                                 = 832
7962 [0x7feca33a1604] SYS_fstat(3, 0x7fffbf3ccbb0, 0x7fffbf3ccbb0, 32)                                                             = 0
7962 [0x7feca33a180a] SYS_mmap(0, 4096, 3, 34)                                                                                     = 0x7feca359d000
7962 [0x7feca33a180a] SYS_mmap(0, 0x21c490, 5, 2050)                                                                               = 0x7feca1c70000
7962 [0x7feca33a1857] SYS_mprotect(0x7feca1c88000, 0x1ff000, 0, 2050)                                                              = 0
7962 [0x7feca33a180a] SYS_mmap(0x7feca1e87000, 8192, 3, 2066)                                                                      = 0x7feca1e87000
7962 [0x7feca33a180a] SYS_mmap(0x7feca1e89000, 0x3490, 3, 50)                                                                      = 0x7feca1e89000
7962 [0x7feca33a1787] SYS_close(3, 16, 0, 0x6ffffdff)                                                                              = 0
7962 [0x7feca33a1677] SYS_open(0x7feca359d4b8, 0x80000, 0, 0x6ffffdff)                                                             = 3
7962 [0x7feca33a1697] SYS_read(3, 0x7fffbf3ccca8, 832, 0x6ffffdff)                                                                 = 832
7962 [0x7feca33a1604] SYS_fstat(3, 0x7fffbf3ccb80, 0x7fffbf3ccb80, 32)                                                             = 0
7962 [0x7feca33a180a] SYS_mmap(0, 0x207bc0, 5, 2050)                                                                               = 0x7feca1a68000
7962 [0x7feca33a1857] SYS_mprotect(0x7feca1a6f000, 0x1ff000, 0, 2050)                                                              = 0
7962 [0x7feca33a180a] SYS_mmap(0x7feca1c6e000, 8192, 3, 2066)                                                                      = 0x7feca1c6e000
7962 [0x7feca33a1787] SYS_close(3, 16, 0, 0x6ffffdff)                                                                              = 0
7962 [0x7feca33a1677] SYS_open(0x7feca359d988, 0x80000, 0, 0x6ffffdff)                                                             = 3
7962 [0x7feca33a1697] SYS_read(3, 0x7fffbf3ccc78, 832, 0x6ffffdff)                                                                 = 832
7962 [0x7feca33a1604] SYS_fstat(3, 0x7fffbf3ccb50, 0x7fffbf3ccb50, 16)                                                             = 0
7962 [0x7feca33a180a] SYS_mmap(0, 0x202e20, 5, 2050)                                                                               = 0x7feca1865000
7962 [0x7feca33a1857] SYS_mprotect(0x7feca1868000, 0x1ff000, 0, 2050)                                                              = 0
7962 [0x7feca33a180a] SYS_mmap(0x7feca1a67000, 4096, 3, 2066)                                                                      = 0x7feca1a67000
7962 [0x7feca33a1787] SYS_close(3, 16, 0x7feca1a67c28, 0x6ffffdff)                                                                 = 0
7962 [0x7feca33a1677] SYS_open(0x7feca359de58, 0x80000, 0, 0x6ffffdff)                                                             = 3
7962 [0x7feca33a1697] SYS_read(3, 0x7fffbf3ccc48, 832, 0x6ffffdff)                                                                 = 832
7962 [0x7feca33a1604] SYS_fstat(3, 0x7fffbf3ccb20, 0x7fffbf3ccb20, 16)                                                             = 0
7962 [0x7feca33a180a] SYS_mmap(0, 4096, 3, 34)                                                                                     = 0x7feca359c000
7962 [0x7feca33a180a] SYS_mmap(0, 0x209850, 5, 2050)                                                                               = 0x7feca165b000
7962 [0x7feca33a1857] SYS_mprotect(0x7feca1665000, 0x1ff000, 0, 2050)                                                              = 0
7962 [0x7feca33a180a] SYS_mmap(0x7feca1864000, 4096, 3, 2066)                                                                      = 0x7feca1864000
7962 [0x7feca33a1787] SYS_close(3, 16, 0x7feca1864618, 0x6ffffdff)                                                                 = 0
7962 [0x7feca33a1677] SYS_open(0x7feca359c4b8, 0x80000, 0, 0x6ffffdff)                                                             = 3
7962 [0x7feca33a1697] SYS_read(3, 0x7fffbf3ccc18, 832, 0x6ffffdff)                                                                 = 832
7962 [0x7feca33a1604] SYS_fstat(3, 0x7fffbf3ccaf0, 0x7fffbf3ccaf0, 16)                                                             = 0
7962 [0x7feca33a180a] SYS_mmap(0, 0x210868, 5, 2050)                                                                               = 0x7feca144a000
7962 [0x7feca33a1857] SYS_mprotect(0x7feca145b000, 0x1ff000, 0, 2050)                                                              = 0
7962 [0x7feca33a180a] SYS_mmap(0x7feca165a000, 4096, 3, 2066)                                                                      = 0x7feca165a000
7962 [0x7feca33a1787] SYS_close(3, 16, 0x7feca165a408, 0x6ffffdff)                                                                 = 0
7962 [0x7feca33a1677] SYS_open(0x7feca359ca40, 0x80000, 0, 0x7feca359d9a0)                                                         = 3
7962 [0x7feca33a1697] SYS_read(3, 0x7fffbf3ccab8, 832, 0x7feca359d9a0)                                                             = 832
7962 [0x7feca33a1604] SYS_fstat(3, 0x7fffbf3cc990, 0x7fffbf3cc990, 16)                                                             = 0
7962 [0x7feca33a180a] SYS_mmap(0, 0x2032c8, 5, 2050)                                                                               = 0x7feca1246000
7962 [0x7feca33a1857] SYS_mprotect(0x7feca1249000, 0x200000, 0, 2050)                                                              = 0
7962 [0x7feca33a180a] SYS_mmap(0x7feca1449000, 4096, 3, 2066)                                                                      = 0x7feca1449000
7962 [0x7feca33a1787] SYS_close(3, 16, 0x7feca1449188, 0x6ffffdff)                                                                 = 0
7962 [0x7feca33a1677] SYS_open(0x7feca359cf28, 0x80000, 0, 0x6ffffdff)                                                             = 3
7962 [0x7feca33a1697] SYS_read(3, 0x7fffbf3cca88, 832, 0x6ffffdff)                                                                 = 832
7962 [0x7feca33a1604] SYS_fstat(3, 0x7fffbf3cc960, 0x7fffbf3cc960, 16)                                                             = 0
7962 [0x7feca33a180a] SYS_mmap(0, 4096, 3, 34)                                                                                     = 0x7feca359b000
7962 [0x7feca33a180a] SYS_mmap(0, 0x207820, 5, 2050)                                                                               = 0x7feca103e000
7962 [0x7feca33a1857] SYS_mprotect(0x7feca1045000, 0x200000, 0, 2050)                                                              = 0
7962 [0x7feca33a180a] SYS_mmap(0x7feca1245000, 4096, 3, 2066)                                                                      = 0x7feca1245000
7962 [0x7feca33a1787] SYS_close(3, 16, 0x7feca1245188, 0x6ffffdff)                                                                 = 0
7962 [0x7feca33a1677] SYS_open(0x7feca359b4c8, 0x80000, 0, 0x6ffffdff)                                                             = 3
7962 [0x7feca33a1697] SYS_read(3, 0x7fffbf3cca58, 832, 0x6ffffdff)                                                                 = 832
7962 [0x7feca33a1604] SYS_fstat(3, 0x7fffbf3cc930, 0x7fffbf3cc930, 16)                                                             = 0
7962 [0x7feca33a180a] SYS_mmap(0, 0x201f30, 5, 2050)                                                                               = 0x7feca0e3c000
7962 [0x7feca33a1857] SYS_mprotect(0x7feca0e3e000, 0x1ff000, 0, 2050)                                                              = 0
7962 [0x7feca33a180a] SYS_mmap(0x7feca103d000, 4096, 3, 2066)                                                                      = 0x7feca103d000
7962 [0x7feca33a1787] SYS_close(3, 16, 0x7feca103de18, 0x6ffffdff)                                                                 = 0
7962 [0x7feca33a1677] SYS_open(0x7feca359ba60, 0x80000, 0, 0x7feca359f4d0)                                                         = 3
7962 [0x7feca33a1697] SYS_read(3, 0x7fffbf3cca28, 832, 0x7feca359f4d0)                                                             = 832
7962 [0x7feca33a1604] SYS_fstat(3, 0x7fffbf3cc900, 0x7fffbf3cc900, 16)                                                             = 0
7962 [0x7feca33a180a] SYS_mmap(0, 0x2022e8, 5, 2050)                                                                               = 0x7feca0c39000
7962 [0x7feca33a1857] SYS_mprotect(0x7feca0c3b000, 0x200000, 0, 2050)                                                              = 0
7962 [0x7feca33a180a] SYS_mmap(0x7feca0e3b000, 4096, 3, 2066)                                                                      = 0x7feca0e3b000
7962 [0x7feca33a1787] SYS_close(3, 16, 0x7feca0e3b198, 0x6ffffdff)                                                                 = 0
7962 [0x7feca33a1677] SYS_open(0x7feca359bf40, 0x80000, 0, 0x6ffffdff)                                                             = 3
7962 [0x7feca33a1697] SYS_read(3, 0x7fffbf3cc9f8, 832, 0x6ffffdff)                                                                 = 832
7962 [0x7feca33a1604] SYS_fstat(3, 0x7fffbf3cc8d0, 0x7fffbf3cc8d0, 16)                                                             = 0
7962 [0x7feca33a180a] SYS_mmap(0, 4096, 3, 34)                                                                                     = 0x7feca359a000
7962 [0x7feca33a180a] SYS_mmap(0, 0x201f30, 5, 2050)                                                                               = 0x7feca0a37000
7962 [0x7feca33a1857] SYS_mprotect(0x7feca0a39000, 0x1ff000, 0, 2050)                                                              = 0
7962 [0x7feca33a180a] SYS_mmap(0x7feca0c38000, 4096, 3, 2066)                                                                      = 0x7feca0c38000
7962 [0x7feca33a1787] SYS_close(3, 16, 0x7feca0c38e18, 0x6ffffdff)                                                                 = 0
7962 [0x7feca33a1677] SYS_open(0x7feca359a4c0, 0x80000, 0, 0x6ffffdff)                                                             = 3
7962 [0x7feca33a1697] SYS_read(3, 0x7fffbf3cc9c8, 832, 0x6ffffdff)                                                                 = 832
7962 [0x7feca33a1604] SYS_fstat(3, 0x7fffbf3cc8a0, 0x7fffbf3cc8a0, 16)                                                             = 0
7962 [0x7feca33a180a] SYS_mmap(0, 0x2038b8, 5, 2050)                                                                               = 0x7feca0833000
7962 [0x7feca33a1857] SYS_mprotect(0x7feca0837000, 0x1ff000, 0, 2050)                                                              = 0
7962 [0x7feca33a180a] SYS_mmap(0x7feca0a36000, 4096, 3, 2066)                                                                      = 0x7feca0a36000
7962 [0x7feca33a1787] SYS_close(3, 16, 0x7feca0a36748, 0x6ffffdff)                                                                 = 0
7962 [0x7feca33a1677] SYS_open(0x7feca359aa60, 0x80000, 0, 0x7feca359d000)                                                         = 3
7962 [0x7feca33a1697] SYS_read(3, 0x7fffbf3cc968, 832, 0x7feca359d000)                                                             = 832
7962 [0x7feca33a1604] SYS_fstat(3, 0x7fffbf3cc840, 0x7fffbf3cc840, 16)                                                             = 0
7962 [0x7feca33a180a] SYS_mmap(0, 0x210848, 5, 2050)                                                                               = 0x7feca0622000
7962 [0x7feca33a1857] SYS_mprotect(0x7feca0632000, 0x1ff000, 0, 2050)                                                              = 0
7962 [0x7feca33a180a] SYS_mmap(0x7feca0831000, 8192, 3, 2066)                                                                      = 0x7feca0831000
7962 [0x7feca33a1787] SYS_close(3, 16, 0x7feca0831d90, 0x6ffffdff)                                                                 = 0
7962 [0x7feca33a1677] SYS_open(0x7feca359af48, 0x80000, 0, 0x6ffffdff)                                                             = 3
7962 [0x7feca33a1697] SYS_read(3, 0x7fffbf3cc938, 832, 0x6ffffdff)                                                                 = 832
7962 [0x7feca33a1604] SYS_fstat(3, 0x7fffbf3cc810, 0x7fffbf3cc810, 16)                                                             = 0
7962 [0x7feca33a180a] SYS_mmap(0, 4096, 3, 34)                                                                                     = 0x7feca3599000
7962 [0x7feca33a180a] SYS_mmap(0, 0x20acf0, 5, 2050)                                                                               = 0x7feca0417000
7962 [0x7feca33a1857] SYS_mprotect(0x7feca0422000, 0x1ff000, 0, 2050)                                                              = 0
7962 [0x7feca33a180a] SYS_mmap(0x7feca0621000, 4096, 3, 2066)                                                                      = 0x7feca0621000
7962 [0x7feca33a1787] SYS_close(3, 16, 0x7feca0621750, 0x6ffffdff)                                                                 = 0
7962 [0x7feca33a1677] SYS_open(0x7feca3599560, 0x80000, 0, 0x7feca359d000)                                                         = 3
7962 [0x7feca33a1697] SYS_read(3, 0x7fffbf3cc908, 832, 0x7feca359d000)                                                             = 832
7962 [0x7feca33a1604] SYS_fstat(3, 0x7fffbf3cc7e0, 0x7fffbf3cc7e0, 32)                                                             = 0
7962 [0x7feca33a180a] SYS_mmap(0, 0x2361e0, 5, 2050)                                                                               = 0x7feca01e0000
7962 [0x7feca33a1857] SYS_mprotect(0x7feca01e8000, 0x1ff000, 0, 2050)                                                              = 0
7962 [0x7feca33a180a] SYS_mmap(0x7feca03e7000, 8192, 3, 2066)                                                                      = 0x7feca03e7000
7962 [0x7feca33a180a] SYS_mmap(0x7feca03e9000, 0x2d1e0, 3, 50)                                                                     = 0x7feca03e9000
7962 [0x7feca33a1787] SYS_close(3, 16, 0, 0x6ffffdff)                                                                              = 0
7962 [0x7feca33a1677] SYS_open(0x7feca3599a30, 0x80000, 0, 0x6ffffdff)                                                             = 3
7962 [0x7feca33a1697] SYS_read(3, 0x7fffbf3cc8d8, 832, 0x6ffffdff)                                                                 = 832
7962 [0x7feca33a1604] SYS_fstat(3, 0x7fffbf3cc7b0, 0x7fffbf3cc7b0, 16)                                                             = 0
7962 [0x7feca33a180a] SYS_mmap(0, 0x43fe88, 5, 2050)                                                                               = 0x7fec9fda0000
7962 [0x7feca33a1857] SYS_mprotect(0x7fec9ffb5000, 0x200000, 0, 2050)                                                              = 0
7962 [0x7feca33a180a] SYS_mmap(0x7feca01b5000, 0x27000, 3, 2066)                                                                   = 0x7feca01b5000
7962 [0x7feca33a180a] SYS_mmap(0x7feca01dc000, 0x3e88, 3, 50)                                                                      = 0x7feca01dc000
7962 [0x7feca33a1857] SYS_mprotect(0x7fffbf3ce000, 4096, 0x1000007, 4)                                                             = 0
7962 [0x7feca33a1787] SYS_close(3, 4096, 0x1000007, 4)                                                                             = 0
7962 [0x7feca33a1677] SYS_open(0x7feca3599fb0, 0x80000, 0, 0x7feca359c4d0)                                                         = 3
7962 [0x7feca33a1697] SYS_read(3, 0x7fffbf3cc8a8, 832, 0x7feca359c4d0)                                                             = 832
7962 [0x7feca33a1604] SYS_fstat(3, 0x7fffbf3cc780, 0x7fffbf3cc780, 16)                                                             = 0
7962 [0x7feca33a180a] SYS_mmap(0, 4096, 3, 34)                                                                                     = 0x7feca3598000
7962 [0x7feca33a180a] SYS_mmap(0, 0x215730, 5, 2050)                                                                               = 0x7fec9fb8a000
7962 [0x7feca33a1857] SYS_mprotect(0x7fec9fba0000, 0x1ff000, 0, 2050)                                                              = 0
7962 [0x7feca33a180a] SYS_mmap(0x7fec9fd9f000, 4096, 3, 2066)                                                                      = 0x7fec9fd9f000
7962 [0x7feca33a1787] SYS_close(3, 16, 0x7fec9fd9f490, 0x6ffffdff)                                                                 = 0
7962 [0x7feca33a1677] SYS_open(0x7feca35984f0, 0x80000, 0, 0x6ffffdff)                                                             = 3
7962 [0x7feca33a1697] SYS_read(3, 0x7fffbf3cc878, 832, 0x6ffffdff)                                                                 = 832
7962 [0x7feca33a1604] SYS_fstat(3, 0x7fffbf3cc750, 0x7fffbf3cc750, 32)                                                             = 0
7962 [0x7feca33a180a] SYS_mmap(0, 0x2fd148, 5, 2050)                                                                               = 0x7fec9f88c000
7962 [0x7feca33a1857] SYS_mprotect(0x7fec9f989000, 0x1ff000, 0, 2050)                                                              = 0
7962 [0x7feca33a180a] SYS_mmap(0x7fec9fb88000, 8192, 3, 2066)                                                                      = 0x7fec9fb88000
7962 [0x7feca33a1787] SYS_close(3, 16, 0, 0x6ffffdff)                                                                              = 0
7962 [0x7feca33a1677] SYS_open(0x7fffbf3cc640, 0x80000, 0, 0x36782f39325f3130)                                                     = -2
7962 [0x7feca33a15c5] SYS_stat(0x7fffbf3cc640, 0x7fffbf3cc720, 0x7fffbf3cc720, 0x36782f39325f3130)                                 = -2
7962 [0x7feca33a1677] SYS_open(0x7fffbf3cc640, 0x80000, 0, 0x36782f39325f3130)                                                     = -2
7962 [0x7feca33a15c5] SYS_stat(0x7fffbf3cc640, 0x7fffbf3cc720, 0x7fffbf3cc720, 0x36782f39325f3130)                                 = -2
7962 [0x7feca33a1677] SYS_open(0x7fffbf3cc640, 0x80000, 0, 0x36782f39325f3130)                                                     = -2
7962 [0x7feca33a15c5] SYS_stat(0x7fffbf3cc640, 0x7fffbf3cc720, 0x7fffbf3cc720, 0x36782f39325f3130)                                 = -2
7962 [0x7feca33a1677] SYS_open(0x7fffbf3cc640, 0x80000, 0, 0x36782f39325f3130)                                                     = -2
7962 [0x7feca33a15c5] SYS_stat(0x7fffbf3cc640, 0x7fffbf3cc720, 0x7fffbf3cc720, 0x36782f39325f3130)                                 = -2
7962 [0x7feca33a1677] SYS_open(0x7feca3598dd0, 0x80000, 0, 0x36782f39325f3130)                                                     = 3
7962 [0x7feca33a1697] SYS_read(3, 0x7fffbf3cc848, 832, 0x36782f39325f3130)                                                         = 832
7962 [0x7feca33a1604] SYS_fstat(3, 0x7fffbf3cc720, 0x7fffbf3cc720, 16)                                                             = 0
7962 [0x7feca33a180a] SYS_mmap(0, 4096, 3, 34)                                                                                     = 0x7feca3597000
7962 [0x7feca33a180a] SYS_mmap(0, 0x2f8980, 5, 2050)                                                                               = 0x7fec9f593000
7962 [0x7feca33a1857] SYS_mprotect(0x7fec9f68a000, 0x200000, 0, 2050)                                                              = 0
7962 [0x7feca33a180a] SYS_mmap(0x7fec9f88a000, 8192, 3, 2066)                                                                      = 0x7fec9f88a000
7962 [0x7feca33a1787] SYS_close(3, 16, 0x7fec9f88a3a0, 0x6ffffdff)                                                                 = 0
7962 [0x7feca33a1677] SYS_open(0x7feca35974c8, 0x80000, 0, 0x6ffffdff)                                                             = 3
7962 [0x7feca33a1697] SYS_read(3, 0x7fffbf3cc818, 832, 0x6ffffdff)                                                                 = 832
7962 [0x7feca33a1604] SYS_fstat(3, 0x7fffbf3cc6f0, 0x7fffbf3cc6f0, 16)                                                             = 0
7962 [0x7feca33a180a] SYS_mmap(0, 0x2fc9d8, 5, 2050)                                                                               = 0x7fec9f296000
7962 [0x7feca33a1857] SYS_mprotect(0x7fec9f391000, 0x200000, 0, 2050)                                                              = 0
7962 [0x7feca33a180a] SYS_mmap(0x7fec9f591000, 8192, 3, 2066)                                                                      = 0x7fec9f591000
7962 [0x7feca33a1787] SYS_close(3, 16, 0x7fec9f592828, 0x6ffffdff)                                                                 = 0
7962 [0x7feca33a1677] SYS_open(0x7feca3597998, 0x80000, 0, 0x6ffffdff)                                                             = 3
7962 [0x7feca33a1697] SYS_read(3, 0x7fffbf3cc7e8, 832, 0x6ffffdff)                                                                 = 832
7962 [0x7feca33a1604] SYS_fstat(3, 0x7fffbf3cc6c0, 0x7fffbf3cc6c0, 16)                                                             = 0
7962 [0x7feca33a180a] SYS_mmap(0, 0x242830, 5, 2050)                                                                               = 0x7fec9f053000
7962 [0x7feca33a1857] SYS_mprotect(0x7fec9f096000, 0x1ff000, 0, 2050)                                                              = 0
7962 [0x7feca33a180a] SYS_mmap(0x7fec9f295000, 4096, 3, 2066)                                                                      = 0x7fec9f295000
7962 [0x7feca33a1787] SYS_close(3, 16, 0x7fec9f295630, 0x6ffffdff)                                                                 = 0
7962 [0x7feca33a1677] SYS_open(0x7feca3597f70, 0x80000, 0, 0x7feca359e9b8)                                                         = 3
7962 [0x7feca33a1697] SYS_read(3, 0x7fffbf3cc7b8, 832, 0x7feca359e9b8)                                                             = 832
7962 [0x7feca33a1604] SYS_fstat(3, 0x7fffbf3cc690, 0x7fffbf3cc690, 32)                                                             = 0
7962 [0x7feca33a180a] SYS_mmap(0, 4096, 3, 34)                                                                                     = 0x7feca3596000
7962 [0x7feca33a180a] SYS_mmap(0, 0x203118, 5, 2050)                                                                               = 0x7fec9ee4f000
7962 [0x7feca33a1857] SYS_mprotect(0x7fec9ee51000, 0x200000, 0, 2050)                                                              = 0
7962 [0x7feca33a180a] SYS_mmap(0x7fec9f051000, 8192, 3, 2066)                                                                      = 0x7fec9f051000
7962 [0x7feca33a1787] SYS_close(3, 16, 0x7fec9f051f40, 0x6ffffdff)                                                                 = 0
7962 [0x7feca33a180a] SYS_mmap(0, 4096, 3, 34)                                                                                     = 0x7feca3595000
7962 [0x7feca33a180a] SYS_mmap(0, 4096, 3, 34)                                                                                     = 0x7feca3594000
7962 [0x7feca33a180a] SYS_mmap(0, 8192, 3, 34)                                                                                     = 0x7feca3592000
7962 [0x7feca338b044] SYS_arch_prctl(4098, 0x7feca3592780, 0x7feca3593080, 34)                                                     = 0
7962 [0x7feca33a1857] SYS_mprotect(0x7feca2ce1000, 0x4000, 1, 1)                                                                   = 0
7962 [0x7feca33a1857] SYS_mprotect(0x7fec9f051000, 4096, 1, 0x7fec9ee4fc68)                                                        = 0
7962 [0x7feca33a1857] SYS_mprotect(0x7feca1e87000, 4096, 1, 0x7feca1c75500)                                                        = 0
7962 [0x7feca33a1857] SYS_mprotect(0x7fec9fb88000, 4096, 1, 1)                                                                     = 0
7962 [0x7feca33a1857] SYS_mprotect(0x7feca03e7000, 4096, 1, 0x7feca01e0a00)                                                        = 0
7962 [0x7feca33a1857] SYS_mprotect(0x7feca214b000, 0x7000, 1, 0x7feca1ee5810)                                                      = 0
7962 [0x7feca33a1857] SYS_mprotect(0x7feca1c6e000, 4096, 1, 0x7feca1a69d58)                                                        = 0
7962 [0x7feca33a1857] SYS_mprotect(0x7feca35aa000, 4096, 1, 0)                                                                     = 0
7962 [0x7feca33a1837] SYS_munmap(0x7feca35a0000, 0x83b3, 0x75300, 0)                                                               = 0
7962 [0x7feca1c76e92] SYS_set_tid_address(0x7feca3592a50, 0x7fffbf3ce7a8, 0x7feca3592780, 0)                                       = 7962
7962 [0x7feca1c76efa] SYS_set_robust_list(0x7feca3592a60, 24, 0x7feca3592780, 0)                                                   = 0
7962 [0x7feca1c80cf5] SYS_rt_sigaction(32, 0x7fffbf3ce4f8, 0, 8)                                                                   = 0
7962 [0x7feca1c80cf5] SYS_rt_sigaction(33, 0x7fffbf3ce4f8, 0, 8)                                                                   = 0
7962 [0x7feca1c76fd6] SYS_rt_sigprocmask(1, 0x7fffbf3ce648, 0, 8)                                                                  = 0
7962 [0x7feca2a2db17] SYS_getrlimit(3, 0x7fffbf3ce6e0, 63, 1)                                                                      = 0
7962 [0x7feca1c76b95] SYS_futex(0x7feca21557e0, 129, 0x7fffffff, 0)                                                                = 0
7962 [0x4008fd] ledctrl->Lookup_Nas_Info(_T_NAS_PROP_&)(0x7fffbf3ce5f0, 0x7fffbf3ceb94, 0, 0x7fffbf3ceb93 <unfinished ...>
7962 [0x7feca3134d11]   libnasman.so->Open_Share_Memory(char const*, int, void*&, int&)(0x7feca317908e, 0, 0x7fffbf3ce5b0, 0x7fffbf3ce5bc <unfinished ...>
7962 [0x7feca2a28557]     SYS_statfs(0x7feca1c831e8, 0x7fffbf3ce350, 0x7feca1e8c310, 1)                                            = 0
7962 [0x7feca1c76b95]     SYS_futex(0x7feca1e8c310, 129, 0x7fffffff, 0)                                                            = 0
7962 [0x7feca2a287e0]     SYS_open(0x7fffbf3ce460, 0xa0000, 484, 1)                                                                = 3
7962 [0x7feca2a283b4]     SYS_fstat(3, 0x7fffbf3ce4f0, 0x7fffbf3ce4f0, 1)                                                          = 0
7962 [0x7feca2a3172a]     SYS_mmap(0, 0x2788, 1, 1)                                                                                = 0x7feca35a6000
7962 [0x7feca2a29070]     SYS_close(3, 0x2788, 1, 1)                                                                               = 0
7962 [0x7feca3134d11]   <... Open_Share_Memory(char const*, int, void*&, int&) resumed> )                                          = 0
7962 [0x7feca3134d4d]   libnasman.so->Open_Share_Memory(char const*, int, void*&, int&)(0x7feca31790a7, 0, 0x7fffbf3ce5b0, 0x7fffbf3ce5bc <unfinished ...>
7962 [0x7feca2a287e0]     SYS_open(0x7fffbf3ce460, 0xa0000, 484, 1)                                                                = 3
7962 [0x7feca2a283b4]     SYS_fstat(3, 0x7fffbf3ce4f0, 0x7fffbf3ce4f0, 1)                                                          = 0
7962 [0x7feca2a3172a]     SYS_mmap(0, 3536, 1, 1)                                                                                  = 0x7feca35a5000
7962 [0x7feca2a29070]     SYS_close(3, 3536, 1, 1)                                                                                 = 0
7962 [0x7feca3134d4d]   <... Open_Share_Memory(char const*, int, void*&, int&) resumed> )                                          = 0
7962 [0x7feca3134d7f]   libnasman.so->Open_Share_Memory(char const*, int, void*&, int&)(0x7feca31790b5, 0, 0x7fffbf3ce5b0, 0x7fffbf3ce5bc <unfinished ...>
7962 [0x7feca2a287e0]     SYS_open(0x7fffbf3ce460, 0xa0000, 484, 1)                                                                = 3
7962 [0x7feca2a283b4]     SYS_fstat(3, 0x7fffbf3ce4f0, 0x7fffbf3ce4f0, 1)                                                          = 0
7962 [0x7feca2a3172a]     SYS_mmap(0, 4080, 1, 1)                                                                                  = 0x7feca35a4000
7962 [0x7feca2a29070]     SYS_close(3, 4080, 1, 1)                                                                                 = 0
7962 [0x7feca3134d7f]   <... Open_Share_Memory(char const*, int, void*&, int&) resumed> )                                          = 0
7962 [0x4008fd] <... Lookup_Nas_Info(_T_NAS_PROP_&) resumed> )                                                                     = 0
7962 [0x400934] ledctrl->Hal_Led_Set_Hdd_Mode(0, 9, 2, 0 <unfinished ...>
7962 [0x7feca2cf1f15]   libnhal.so->Hal_Lookup_Hardware_Info(0x7fffbf3ce4e0, 9, 2, 0 <unfinished ...>
7962 [0x7feca2a287e0]     SYS_open(0x7fffbf3ce3e0, 0xa0002, 484, 1)                                                                = 3
7962 [0x7feca2a3172a]     SYS_mmap(0, 220, 3, 1)                                                                                   = 0x7feca35a3000
7962 [0x7feca2a29070]     SYS_close(3, 220, 3, 1)                                                                                  = 0
7962 [0x7feca2cf07f0]     libnhal.so->Hw_Semaphore_Init(0x7fffbf3ce490, 0x7feca2cf3287, 1, -1 <unfinished ...>
7962 [0x7feca2a28405]       SYS_lstat(0x7fffbf3ce340, 0x7fffbf3ce250, 0x7fffbf3ce250, 0)                                           = -2
7962 [0x7feca1c80510]       SYS_open(0x7fffbf3ce340, 194, 600, 0)                                                                  = 3
7962 [0x7feca1c7fda0]       SYS_write(3, 0x7fffbf3ce3c0, 32, 0)                                                                    = 32
7962 [0x7feca2a3172a]       SYS_mmap(0, 32, 3, 1)                                                                                  = 0x7feca35a2000
7962 [0x7feca2a2a1a7]       SYS_link(0x7fffbf3ce340, 0x7fffbf3ce370, 3, 1)                                                         = -17
7962 [0x7feca2a31757]       SYS_munmap(0x7feca35a2000, 32, 3, 1)                                                                   = 0
7962 [0x7feca2a2a2c7]       SYS_unlink(0x7fffbf3ce340, 32, 3, 1)                                                                   = 0
7962 [0x7feca1c7fe60]       SYS_close(3, 32, 3, 1)                                                                                 = 0
7962 [0x7feca1c80510]       SYS_open(0x7fffbf3ce370, 0x20002, 18, 1)                                                               = 3
7962 [0x7feca2a283b4]       SYS_fstat(3, 0x7fffbf3ce2a0, 0x7fffbf3ce2a0, 1)                                                        = 0
7962 [0x7feca2a2df5a]       SYS_brk(0, 0x7feca2ce5640, 0, -4096)                                                                   = 0x1510000
7962 [0x7feca2a2df5a]       SYS_brk(0x1531000, 0x1510000, 0x1531000, -4096)                                                        = 0x1531000
7962 [0x7feca2a3172a]       SYS_mmap(0, 32, 3, 1)                                                                                  = 0x7feca35a2000
7962 [0x7feca1c7fe60]       SYS_close(3, 32, 0, 3)                                                                                 = 0
7962 [0x7feca2cf07f0]     <... Hw_Semaphore_Init resumed> )                                                                        = 17
7962 [0x7feca2cf0800]     libnhal.so->Hw_Semaphore_Lock(0x7fffbf3ce490, 32, 0x7feca35a2000, -1)                                    = 0
7962 [0x7feca2cf0918]     libnhal.so->Hw_Semaphore_Unlock(0x7fffbf3ce490, 2, 0x7feca35a3000, 0)                                    = 0
7962 [0x7feca2cf0924]     libnhal.so->Hw_Semaphore_Release(0x7fffbf3ce490, 128, 0, 0 <unfinished ...>
7962 [0x7feca2a31757]       SYS_munmap(0x7feca35a2000, 32, 0, 1)                                                                   = 0
7962 [0x7feca2cf0924]     <... Hw_Semaphore_Release resumed> )                                                                     = 0
7962 [0x7feca2cf1f15]   <... Hal_Lookup_Hardware_Info resumed> )                                                                   = 0
7962 [0x400934] <... Hal_Led_Set_Hdd_Mode resumed> )                                                                               = 0xffffffea
7962 [0x7feca3134f15] libnasman.so->Close_Share_Memory(char const*, void*)(0x7feca317908e, 0x7feca35a6000, 0x7848bd53999f0c67, 4 <unfinished ...>
7962 [0x7feca3134b6e]   libnasman.so->Get_File_Size(char const*, long*)(0x7fffbf3ce350, 0x7fffbf3ce478, 0x7fffbf3ce365, 0 <unfinished ...>
7962 [0x7feca2a28365]     SYS_stat(0x7fffbf3ce350, 0x7fffbf3ce2b0, 0x7fffbf3ce2b0, 1)                                              = 0
7962 [0x7feca3134b6e]   <... Get_File_Size(char const*, long*) resumed> )                                                          = 0
7962 [0x7feca2a31757]   SYS_munmap(0x7feca35a6000, 0x2788, 0x7fffbf3ce2b0, 1)                                                      = 0
7962 [0x7feca3134f15] <... Close_Share_Memory(char const*, void*) resumed> )                                                       = 0
7962 [0x7feca3134f37] libnasman.so->Close_Share_Memory(char const*, void*)(0x7feca31790a7, 0x7feca35a5000, 0, -1 <unfinished ...>
7962 [0x7feca3134b6e]   libnasman.so->Get_File_Size(char const*, long*)(0x7fffbf3ce350, 0x7fffbf3ce478, 0x7fffbf3ce366, 0 <unfinished ...>
7962 [0x7feca2a28365]     SYS_stat(0x7fffbf3ce350, 0x7fffbf3ce2b0, 0x7fffbf3ce2b0, 1)                                              = 0
7962 [0x7feca3134b6e]   <... Get_File_Size(char const*, long*) resumed> )                                                          = 0
7962 [0x7feca2a31757]   SYS_munmap(0x7feca35a5000, 3536, 0x7fffbf3ce2b0, 1)                                                        = 0
7962 [0x7feca3134f37] <... Close_Share_Memory(char const*, void*) resumed> )                                                       = 0
7962 [0x7feca3134f59] libnasman.so->Close_Share_Memory(char const*, void*)(0x7feca31790b5, 0x7feca35a4000, 0, -1 <unfinished ...>
7962 [0x7feca3134b6e]   libnasman.so->Get_File_Size(char const*, long*)(0x7fffbf3ce350, 0x7fffbf3ce478, 0x7fffbf3ce366, 0 <unfinished ...>
7962 [0x7feca2a28365]     SYS_stat(0x7fffbf3ce350, 0x7fffbf3ce2b0, 0x7fffbf3ce2b0, 1)                                              = 0
7962 [0x7feca3134b6e]   <... Get_File_Size(char const*, long*) resumed> )                                                          = 0
7962 [0x7feca2a31757]   SYS_munmap(0x7feca35a4000, 4080, 0x7fffbf3ce2b0, 1)                                                        = 0
7962 [0x7feca3134f59] <... Close_Share_Memory(char const*, void*) resumed> )                                                       = 0
7962 [0x7feca2982932] libgeneral.so->Trace_Mem_Destroy()(0x7feca269ad40, 0, 0x7848bff1a25f0c67, 16)                                = 0
7962 [0x7feca2a05468] SYS_exit_group(-22, 60, -22, 0x7feca2ce8a48 <no return ...>
7962 [0xffffffffffffffff] +++ exited (status 234) +++
