8611 [0x7fb63f18c8aa] SYS_brk(0, 0x7fb63f18ffa0, 0, 895)                                                                           = 0x1a12000
8611 [0x7fb63f18d7e7] SYS_readlink(0x7fff98a37b7e, 0x7fff98a34da0, 4096, 0x756e694c00000000)                                       = -2
8611 [0x7fb63f18d677] SYS_open(0x7fb63f1911f3, 0, 0, 0x756e694c00000000)                                                           = 3
8611 [0x7fb63f18d7a7] SYS_chdir(0x7fb63f398ba8, 0, 0, 0x756e694c00000000)                                                          = -2
8611 [0x7fb63f18c9d2] SYS_getcwd(0x7fff98a34da0, 4096, 0, 0x756e694c00000000)                                                      = 23
8611 [0x7fb63f18d7c7] SYS_fchdir(3, 4096, 0, 0x756e694c00000000)                                                                   = 0
8611 [0x7fb63f18d787] SYS_close(3, 4096, 0, 0x756e694c00000000)                                                                    = 0
8611 [0x7fb63f18d80a] SYS_mmap(0, 4096, 3, 34)                                                                                     = 0x7fb63f395000
8611 [0x7fb63f18d6d7] SYS_access(0x7fb63f193700, 4, 0x7fb63f398718, 0)                                                             = -2
8611 [0x7fb63f18d677] SYS_open(0x7fb63f191072, 0x80000, 1, 0)                                                                      = 3
8611 [0x7fb63f18d604] SYS_fstat(3, 0x7fff98a34580, 0x7fff98a34580, 0)                                                              = 0
8611 [0x7fb63f18d80a] SYS_mmap(0, 0x83b3, 1, 2)                                                                                    = 0x7fb63f38c000
8611 [0x7fb63f18d787] SYS_close(3, 0x83b3, 1, 2)                                                                                   = 0
8611 [0x7fb63f18d677] SYS_open(0x7fb63f395640, 0x80000, 0, 56)                                                                     = 3
8611 [0x7fb63f18d697] SYS_read(3, 0x7fff98a34708, 832, 56)                                                                         = 832
8611 [0x7fb63f18d604] SYS_fstat(3, 0x7fff98a345e0, 0x7fff98a345e0, 16)                                                             = 0
8611 [0x7fb63f18d80a] SYS_mmap(0, 0x278960, 5, 2050)                                                                               = 0x7fb63eefd000
8611 [0x7fb63f18d857] SYS_mprotect(0x7fb63ef73000, 0x200000, 0, 2050)                                                              = 0
8611 [0x7fb63f18d80a] SYS_mmap(0x7fb63f173000, 0x3000, 3, 2066)                                                                    = 0x7fb63f173000
8611 [0x7fb63f18d787] SYS_close(3, 16, 0x7fb63f1733e0, 0x6ffffdff)                                                                 = 0
8611 [0x7fb63f18d677] SYS_open(0x7fb63f395b10, 0x80000, 0, 0x6ffffdff)                                                             = 3
8611 [0x7fb63f18d697] SYS_read(3, 0x7fff98a346d8, 832, 0x6ffffdff)                                                                 = 832
8611 [0x7fb63f18d604] SYS_fstat(3, 0x7fff98a345b0, 0x7fff98a345b0, 16)                                                             = 0
8611 [0x7fb63f18d80a] SYS_mmap(0, 0x21bee0, 5, 2050)                                                                               = 0x7fb63ece1000
8611 [0x7fb63f18d857] SYS_mprotect(0x7fb63ecfc000, 0x200000, 0, 2050)                                                              = 0
8611 [0x7fb63f18d80a] SYS_mmap(0x7fb63eefc000, 4096, 3, 2066)                                                                      = 0x7fb63eefc000
8611 [0x7fb63f18d787] SYS_close(3, 16, 0x7fb63eefc208, 0x6ffffdff)                                                                 = 0
8611 [0x7fb63f18d677] SYS_open(0x7fb63f395fe0, 0x80000, 0, 0x6ffffdff)                                                             = 3
8611 [0x7fb63f18d697] SYS_read(3, 0x7fff98a346a8, 832, 0x6ffffdff)                                                                 = 832
8611 [0x7fb63f18d604] SYS_fstat(3, 0x7fff98a34580, 0x7fff98a34580, 16)                                                             = 0
8611 [0x7fb63f18d80a] SYS_mmap(0, 4096, 3, 34)                                                                                     = 0x7fb63f38b000
8611 [0x7fb63f18d80a] SYS_mmap(0, 0x209ad0, 5, 2050)                                                                               = 0x7fb63ead7000
8611 [0x7fb63f18d857] SYS_mprotect(0x7fb63eae1000, 0x1ff000, 0, 2050)                                                              = 0
8611 [0x7fb63f18d80a] SYS_mmap(0x7fb63ece0000, 4096, 3, 2066)                                                                      = 0x7fb63ece0000
8611 [0x7fb63f18d787] SYS_close(3, 16, 0x7fb63ece0690, 0x6ffffdff)                                                                 = 0
8611 [0x7fb63f18d677] SYS_open(0x7fb63f38b4b8, 0x80000, 0, 0x6ffffdff)                                                             = 3
8611 [0x7fb63f18d697] SYS_read(3, 0x7fff98a34678, 832, 0x6ffffdff)                                                                 = 832
8611 [0x7fb63f18d604] SYS_fstat(3, 0x7fff98a34550, 0x7fff98a34550, 32)                                                             = 0
8611 [0x7fb63f18d80a] SYS_mmap(0, 0x39dc40, 5, 2050)                                                                               = 0x7fb63e739000
8611 [0x7fb63f18d857] SYS_mprotect(0x7fb63e8cd000, 0x200000, 0, 2050)                                                              = 0
8611 [0x7fb63f18d80a] SYS_mmap(0x7fb63eacd000, 0x6000, 3, 2066)                                                                    = 0x7fb63eacd000
8611 [0x7fb63f18d80a] SYS_mmap(0x7fb63ead3000, 0x3c40, 3, 50)                                                                      = 0x7fb63ead3000
8611 [0x7fb63f18d787] SYS_close(3, 16, 0, 0x6ffffdff)                                                                              = 0
8611 [0x7fb63f18d677] SYS_open(0x7fb63f38b988, 0x80000, 0, 0x6ffffdff)                                                             = 3
8611 [0x7fb63f18d697] SYS_read(3, 0x7fff98a34528, 832, 0x6ffffdff)                                                                 = 832
8611 [0x7fb63f18d604] SYS_fstat(3, 0x7fff98a34400, 0x7fff98a34400, 16)                                                             = 0
8611 [0x7fb63f18d80a] SYS_mmap(0, 0x2b09d0, 5, 2050)                                                                               = 0x7fb63e488000
8611 [0x7fb63f18d857] SYS_mprotect(0x7fb63e537000, 0x1ff000, 0, 2050)                                                              = 0
8611 [0x7fb63f18d80a] SYS_mmap(0x7fb63e736000, 0x3000, 3, 2066)                                                                    = 0x7fb63e736000
8611 [0x7fb63f18d787] SYS_close(3, 16, 0x7fb63e7369a8, 0x6ffffdff)                                                                 = 0
8611 [0x7fb63f18d677] SYS_open(0x7fb63f38be58, 0x80000, 0, 0x6ffffdff)                                                             = 3
8611 [0x7fb63f18d697] SYS_read(3, 0x7fff98a344f8, 832, 0x6ffffdff)                                                                 = 832
8611 [0x7fb63f18d604] SYS_fstat(3, 0x7fff98a343d0, 0x7fff98a343d0, 16)                                                             = 0
8611 [0x7fb63f18d80a] SYS_mmap(0, 4096, 3, 34)                                                                                     = 0x7fb63f38a000
8611 [0x7fb63f18d80a] SYS_mmap(0, 0x294ee0, 5, 2050)                                                                               = 0x7fb63e1f3000
8611 [0x7fb63f18d857] SYS_mprotect(0x7fb63e285000, 0x1ff000, 0, 2050)                                                              = 0
8611 [0x7fb63f18d80a] SYS_mmap(0x7fb63e484000, 0x3000, 3, 2066)                                                                    = 0x7fb63e484000
8611 [0x7fb63f18d80a] SYS_mmap(0x7fb63e487000, 3808, 3, 50)                                                                        = 0x7fb63e487000
8611 [0x7fb63f18d787] SYS_close(3, 16, 0x7fb63e484e30, 0x6ffffdff)                                                                 = 0
8611 [0x7fb63f18d677] SYS_open(0x7fb63f38a4b8, 0x80000, 0, 0x6ffffdff)                                                             = 3
8611 [0x7fb63f18d697] SYS_read(3, 0x7fff98a344c8, 832, 0x6ffffdff)                                                                 = 832
8611 [0x7fb63f18d604] SYS_fstat(3, 0x7fff98a343a0, 0x7fff98a343a0, 16)                                                             = 0
8611 [0x7fb63f18d80a] SYS_mmap(0, 0x29d850, 5, 2050)                                                                               = 0x7fb63df55000
8611 [0x7fb63f18d857] SYS_mprotect(0x7fb63dfee000, 0x200000, 0, 2050)                                                              = 0
8611 [0x7fb63f18d80a] SYS_mmap(0x7fb63e1ee000, 0x3000, 3, 2066)                                                                    = 0x7fb63e1ee000
8611 [0x7fb63f18d80a] SYS_mmap(0x7fb63e1f1000, 6224, 3, 50)                                                                        = 0x7fb63e1f1000
8611 [0x7fb63f18d787] SYS_close(3, 16, 0x7fb63e1efcc8, 0x6ffffdff)                                                                 = 0
8611 [0x7fb63f18d677] SYS_open(0x7fb63f38a9a0, 0x80000, 0, 0x6ffffdff)                                                             = 3
8611 [0x7fb63f18d697] SYS_read(3, 0x7fff98a34498, 832, 0x6ffffdff)                                                                 = 832
8611 [0x7fb63f18d604] SYS_fstat(3, 0x7fff98a34370, 0x7fff98a34370, 16)                                                             = 0
8611 [0x7fb63f18d80a] SYS_mmap(0, 0x2dbbb0, 5, 2050)                                                                               = 0x7fb63dc79000
8611 [0x7fb63f18d857] SYS_mprotect(0x7fb63dd37000, 0x200000, 0, 2050)                                                              = 0
8611 [0x7fb63f18d80a] SYS_mmap(0x7fb63df37000, 0xa000, 3, 2066)                                                                    = 0x7fb63df37000
8611 [0x7fb63f18d80a] SYS_mmap(0x7fb63df41000, 0x13bb0, 3, 50)                                                                     = 0x7fb63df41000
8611 [0x7fb63f18d787] SYS_close(3, 16, 0x7fb63df3d4d8, 0x6ffffdff)                                                                 = 0
8611 [0x7fb63f18d677] SYS_open(0x7fb63f38ae70, 0x80000, 0, 0x6ffffdff)                                                             = 3
8611 [0x7fb63f18d697] SYS_read(3, 0x7fff98a34468, 832, 0x6ffffdff)                                                                 = 832
8611 [0x7fb63f18d604] SYS_fstat(3, 0x7fff98a34340, 0x7fff98a34340, 32)                                                             = 0
8611 [0x7fb63f18d80a] SYS_mmap(0, 4096, 3, 34)                                                                                     = 0x7fb63f389000
8611 [0x7fb63f18d80a] SYS_mmap(0, 0x21c490, 5, 2050)                                                                               = 0x7fb63da5c000
8611 [0x7fb63f18d857] SYS_mprotect(0x7fb63da74000, 0x1ff000, 0, 2050)                                                              = 0
8611 [0x7fb63f18d80a] SYS_mmap(0x7fb63dc73000, 8192, 3, 2066)                                                                      = 0x7fb63dc73000
8611 [0x7fb63f18d80a] SYS_mmap(0x7fb63dc75000, 0x3490, 3, 50)                                                                      = 0x7fb63dc75000
8611 [0x7fb63f18d787] SYS_close(3, 16, 0, 0x6ffffdff)                                                                              = 0
8611 [0x7fb63f18d677] SYS_open(0x7fb63f3894b8, 0x80000, 0, 0x6ffffdff)                                                             = 3
8611 [0x7fb63f18d697] SYS_read(3, 0x7fff98a34438, 832, 0x6ffffdff)                                                                 = 832
8611 [0x7fb63f18d604] SYS_fstat(3, 0x7fff98a34310, 0x7fff98a34310, 32)                                                             = 0
8611 [0x7fb63f18d80a] SYS_mmap(0, 0x207bc0, 5, 2050)                                                                               = 0x7fb63d854000
8611 [0x7fb63f18d857] SYS_mprotect(0x7fb63d85b000, 0x1ff000, 0, 2050)                                                              = 0
8611 [0x7fb63f18d80a] SYS_mmap(0x7fb63da5a000, 8192, 3, 2066)                                                                      = 0x7fb63da5a000
8611 [0x7fb63f18d787] SYS_close(3, 16, 0, 0x6ffffdff)                                                                              = 0
8611 [0x7fb63f18d677] SYS_open(0x7fb63f389988, 0x80000, 0, 0x6ffffdff)                                                             = 3
8611 [0x7fb63f18d697] SYS_read(3, 0x7fff98a34408, 832, 0x6ffffdff)                                                                 = 832
8611 [0x7fb63f18d604] SYS_fstat(3, 0x7fff98a342e0, 0x7fff98a342e0, 16)                                                             = 0
8611 [0x7fb63f18d80a] SYS_mmap(0, 0x202e20, 5, 2050)                                                                               = 0x7fb63d651000
8611 [0x7fb63f18d857] SYS_mprotect(0x7fb63d654000, 0x1ff000, 0, 2050)                                                              = 0
8611 [0x7fb63f18d80a] SYS_mmap(0x7fb63d853000, 4096, 3, 2066)                                                                      = 0x7fb63d853000
8611 [0x7fb63f18d787] SYS_close(3, 16, 0x7fb63d853c28, 0x6ffffdff)                                                                 = 0
8611 [0x7fb63f18d677] SYS_open(0x7fb63f389e58, 0x80000, 0, 0x6ffffdff)                                                             = 3
8611 [0x7fb63f18d697] SYS_read(3, 0x7fff98a343d8, 832, 0x6ffffdff)                                                                 = 832
8611 [0x7fb63f18d604] SYS_fstat(3, 0x7fff98a342b0, 0x7fff98a342b0, 16)                                                             = 0
8611 [0x7fb63f18d80a] SYS_mmap(0, 4096, 3, 34)                                                                                     = 0x7fb63f388000
8611 [0x7fb63f18d80a] SYS_mmap(0, 0x209850, 5, 2050)                                                                               = 0x7fb63d447000
8611 [0x7fb63f18d857] SYS_mprotect(0x7fb63d451000, 0x1ff000, 0, 2050)                                                              = 0
8611 [0x7fb63f18d80a] SYS_mmap(0x7fb63d650000, 4096, 3, 2066)                                                                      = 0x7fb63d650000
8611 [0x7fb63f18d787] SYS_close(3, 16, 0x7fb63d650618, 0x6ffffdff)                                                                 = 0
8611 [0x7fb63f18d677] SYS_open(0x7fb63f3884b8, 0x80000, 0, 0x6ffffdff)                                                             = 3
8611 [0x7fb63f18d697] SYS_read(3, 0x7fff98a343a8, 832, 0x6ffffdff)                                                                 = 832
8611 [0x7fb63f18d604] SYS_fstat(3, 0x7fff98a34280, 0x7fff98a34280, 16)                                                             = 0
8611 [0x7fb63f18d80a] SYS_mmap(0, 0x210868, 5, 2050)                                                                               = 0x7fb63d236000
8611 [0x7fb63f18d857] SYS_mprotect(0x7fb63d247000, 0x1ff000, 0, 2050)                                                              = 0
8611 [0x7fb63f18d80a] SYS_mmap(0x7fb63d446000, 4096, 3, 2066)                                                                      = 0x7fb63d446000
8611 [0x7fb63f18d787] SYS_close(3, 16, 0x7fb63d446408, 0x6ffffdff)                                                                 = 0
8611 [0x7fb63f18d677] SYS_open(0x7fb63f388a40, 0x80000, 0, 0x7fb63f3899a0)                                                         = 3
8611 [0x7fb63f18d697] SYS_read(3, 0x7fff98a34248, 832, 0x7fb63f3899a0)                                                             = 832
8611 [0x7fb63f18d604] SYS_fstat(3, 0x7fff98a34120, 0x7fff98a34120, 16)                                                             = 0
8611 [0x7fb63f18d80a] SYS_mmap(0, 0x2032c8, 5, 2050)                                                                               = 0x7fb63d032000
8611 [0x7fb63f18d857] SYS_mprotect(0x7fb63d035000, 0x200000, 0, 2050)                                                              = 0
8611 [0x7fb63f18d80a] SYS_mmap(0x7fb63d235000, 4096, 3, 2066)                                                                      = 0x7fb63d235000
8611 [0x7fb63f18d787] SYS_close(3, 16, 0x7fb63d235188, 0x6ffffdff)                                                                 = 0
8611 [0x7fb63f18d677] SYS_open(0x7fb63f388f28, 0x80000, 0, 0x6ffffdff)                                                             = 3
8611 [0x7fb63f18d697] SYS_read(3, 0x7fff98a34218, 832, 0x6ffffdff)                                                                 = 832
8611 [0x7fb63f18d604] SYS_fstat(3, 0x7fff98a340f0, 0x7fff98a340f0, 16)                                                             = 0
8611 [0x7fb63f18d80a] SYS_mmap(0, 4096, 3, 34)                                                                                     = 0x7fb63f387000
8611 [0x7fb63f18d80a] SYS_mmap(0, 0x207820, 5, 2050)                                                                               = 0x7fb63ce2a000
8611 [0x7fb63f18d857] SYS_mprotect(0x7fb63ce31000, 0x200000, 0, 2050)                                                              = 0
8611 [0x7fb63f18d80a] SYS_mmap(0x7fb63d031000, 4096, 3, 2066)                                                                      = 0x7fb63d031000
8611 [0x7fb63f18d787] SYS_close(3, 16, 0x7fb63d031188, 0x6ffffdff)                                                                 = 0
8611 [0x7fb63f18d677] SYS_open(0x7fb63f3874c8, 0x80000, 0, 0x6ffffdff)                                                             = 3
8611 [0x7fb63f18d697] SYS_read(3, 0x7fff98a341e8, 832, 0x6ffffdff)                                                                 = 832
8611 [0x7fb63f18d604] SYS_fstat(3, 0x7fff98a340c0, 0x7fff98a340c0, 16)                                                             = 0
8611 [0x7fb63f18d80a] SYS_mmap(0, 0x201f30, 5, 2050)                                                                               = 0x7fb63cc28000
8611 [0x7fb63f18d857] SYS_mprotect(0x7fb63cc2a000, 0x1ff000, 0, 2050)                                                              = 0
8611 [0x7fb63f18d80a] SYS_mmap(0x7fb63ce29000, 4096, 3, 2066)                                                                      = 0x7fb63ce29000
8611 [0x7fb63f18d787] SYS_close(3, 16, 0x7fb63ce29e18, 0x6ffffdff)                                                                 = 0
8611 [0x7fb63f18d677] SYS_open(0x7fb63f387a60, 0x80000, 0, 0x7fb63f38b4d0)                                                         = 3
8611 [0x7fb63f18d697] SYS_read(3, 0x7fff98a341b8, 832, 0x7fb63f38b4d0)                                                             = 832
8611 [0x7fb63f18d604] SYS_fstat(3, 0x7fff98a34090, 0x7fff98a34090, 16)                                                             = 0
8611 [0x7fb63f18d80a] SYS_mmap(0, 0x2022e8, 5, 2050)                                                                               = 0x7fb63ca25000
8611 [0x7fb63f18d857] SYS_mprotect(0x7fb63ca27000, 0x200000, 0, 2050)                                                              = 0
8611 [0x7fb63f18d80a] SYS_mmap(0x7fb63cc27000, 4096, 3, 2066)                                                                      = 0x7fb63cc27000
8611 [0x7fb63f18d787] SYS_close(3, 16, 0x7fb63cc27198, 0x6ffffdff)                                                                 = 0
8611 [0x7fb63f18d677] SYS_open(0x7fb63f387f40, 0x80000, 0, 0x6ffffdff)                                                             = 3
8611 [0x7fb63f18d697] SYS_read(3, 0x7fff98a34188, 832, 0x6ffffdff)                                                                 = 832
8611 [0x7fb63f18d604] SYS_fstat(3, 0x7fff98a34060, 0x7fff98a34060, 16)                                                             = 0
8611 [0x7fb63f18d80a] SYS_mmap(0, 4096, 3, 34)                                                                                     = 0x7fb63f386000
8611 [0x7fb63f18d80a] SYS_mmap(0, 0x201f30, 5, 2050)                                                                               = 0x7fb63c823000
8611 [0x7fb63f18d857] SYS_mprotect(0x7fb63c825000, 0x1ff000, 0, 2050)                                                              = 0
8611 [0x7fb63f18d80a] SYS_mmap(0x7fb63ca24000, 4096, 3, 2066)                                                                      = 0x7fb63ca24000
8611 [0x7fb63f18d787] SYS_close(3, 16, 0x7fb63ca24e18, 0x6ffffdff)                                                                 = 0
8611 [0x7fb63f18d677] SYS_open(0x7fb63f3864c0, 0x80000, 0, 0x6ffffdff)                                                             = 3
8611 [0x7fb63f18d697] SYS_read(3, 0x7fff98a34158, 832, 0x6ffffdff)                                                                 = 832
8611 [0x7fb63f18d604] SYS_fstat(3, 0x7fff98a34030, 0x7fff98a34030, 16)                                                             = 0
8611 [0x7fb63f18d80a] SYS_mmap(0, 0x2038b8, 5, 2050)                                                                               = 0x7fb63c61f000
8611 [0x7fb63f18d857] SYS_mprotect(0x7fb63c623000, 0x1ff000, 0, 2050)                                                              = 0
8611 [0x7fb63f18d80a] SYS_mmap(0x7fb63c822000, 4096, 3, 2066)                                                                      = 0x7fb63c822000
8611 [0x7fb63f18d787] SYS_close(3, 16, 0x7fb63c822748, 0x6ffffdff)                                                                 = 0
8611 [0x7fb63f18d677] SYS_open(0x7fb63f386a60, 0x80000, 0, 0x7fb63f389000)                                                         = 3
8611 [0x7fb63f18d697] SYS_read(3, 0x7fff98a340f8, 832, 0x7fb63f389000)                                                             = 832
8611 [0x7fb63f18d604] SYS_fstat(3, 0x7fff98a33fd0, 0x7fff98a33fd0, 16)                                                             = 0
8611 [0x7fb63f18d80a] SYS_mmap(0, 0x210848, 5, 2050)                                                                               = 0x7fb63c40e000
8611 [0x7fb63f18d857] SYS_mprotect(0x7fb63c41e000, 0x1ff000, 0, 2050)                                                              = 0
8611 [0x7fb63f18d80a] SYS_mmap(0x7fb63c61d000, 8192, 3, 2066)                                                                      = 0x7fb63c61d000
8611 [0x7fb63f18d787] SYS_close(3, 16, 0x7fb63c61dd90, 0x6ffffdff)                                                                 = 0
8611 [0x7fb63f18d677] SYS_open(0x7fb63f386f48, 0x80000, 0, 0x6ffffdff)                                                             = 3
8611 [0x7fb63f18d697] SYS_read(3, 0x7fff98a340c8, 832, 0x6ffffdff)                                                                 = 832
8611 [0x7fb63f18d604] SYS_fstat(3, 0x7fff98a33fa0, 0x7fff98a33fa0, 16)                                                             = 0
8611 [0x7fb63f18d80a] SYS_mmap(0, 4096, 3, 34)                                                                                     = 0x7fb63f385000
8611 [0x7fb63f18d80a] SYS_mmap(0, 0x20acf0, 5, 2050)                                                                               = 0x7fb63c203000
8611 [0x7fb63f18d857] SYS_mprotect(0x7fb63c20e000, 0x1ff000, 0, 2050)                                                              = 0
8611 [0x7fb63f18d80a] SYS_mmap(0x7fb63c40d000, 4096, 3, 2066)                                                                      = 0x7fb63c40d000
8611 [0x7fb63f18d787] SYS_close(3, 16, 0x7fb63c40d750, 0x6ffffdff)                                                                 = 0
8611 [0x7fb63f18d677] SYS_open(0x7fb63f385560, 0x80000, 0, 0x7fb63f389000)                                                         = 3
8611 [0x7fb63f18d697] SYS_read(3, 0x7fff98a34098, 832, 0x7fb63f389000)                                                             = 832
8611 [0x7fb63f18d604] SYS_fstat(3, 0x7fff98a33f70, 0x7fff98a33f70, 32)                                                             = 0
8611 [0x7fb63f18d80a] SYS_mmap(0, 0x2361e0, 5, 2050)                                                                               = 0x7fb63bfcc000
8611 [0x7fb63f18d857] SYS_mprotect(0x7fb63bfd4000, 0x1ff000, 0, 2050)                                                              = 0
8611 [0x7fb63f18d80a] SYS_mmap(0x7fb63c1d3000, 8192, 3, 2066)                                                                      = 0x7fb63c1d3000
8611 [0x7fb63f18d80a] SYS_mmap(0x7fb63c1d5000, 0x2d1e0, 3, 50)                                                                     = 0x7fb63c1d5000
8611 [0x7fb63f18d787] SYS_close(3, 16, 0, 0x6ffffdff)                                                                              = 0
8611 [0x7fb63f18d677] SYS_open(0x7fb63f385a30, 0x80000, 0, 0x6ffffdff)                                                             = 3
8611 [0x7fb63f18d697] SYS_read(3, 0x7fff98a34068, 832, 0x6ffffdff)                                                                 = 832
8611 [0x7fb63f18d604] SYS_fstat(3, 0x7fff98a33f40, 0x7fff98a33f40, 16)                                                             = 0
8611 [0x7fb63f18d80a] SYS_mmap(0, 0x43fe88, 5, 2050)                                                                               = 0x7fb63bb8c000
8611 [0x7fb63f18d857] SYS_mprotect(0x7fb63bda1000, 0x200000, 0, 2050)                                                              = 0
8611 [0x7fb63f18d80a] SYS_mmap(0x7fb63bfa1000, 0x27000, 3, 2066)                                                                   = 0x7fb63bfa1000
8611 [0x7fb63f18d80a] SYS_mmap(0x7fb63bfc8000, 0x3e88, 3, 50)                                                                      = 0x7fb63bfc8000
8611 [0x7fb63f18d857] SYS_mprotect(0x7fff98a35000, 4096, 0x1000007, 4)                                                             = 0
8611 [0x7fb63f18d787] SYS_close(3, 4096, 0x1000007, 4)                                                                             = 0
8611 [0x7fb63f18d677] SYS_open(0x7fb63f385fb0, 0x80000, 0, 0x7fb63f3884d0)                                                         = 3
8611 [0x7fb63f18d697] SYS_read(3, 0x7fff98a34038, 832, 0x7fb63f3884d0)                                                             = 832
8611 [0x7fb63f18d604] SYS_fstat(3, 0x7fff98a33f10, 0x7fff98a33f10, 16)                                                             = 0
8611 [0x7fb63f18d80a] SYS_mmap(0, 4096, 3, 34)                                                                                     = 0x7fb63f384000
8611 [0x7fb63f18d80a] SYS_mmap(0, 0x215730, 5, 2050)                                                                               = 0x7fb63b976000
8611 [0x7fb63f18d857] SYS_mprotect(0x7fb63b98c000, 0x1ff000, 0, 2050)                                                              = 0
8611 [0x7fb63f18d80a] SYS_mmap(0x7fb63bb8b000, 4096, 3, 2066)                                                                      = 0x7fb63bb8b000
8611 [0x7fb63f18d787] SYS_close(3, 16, 0x7fb63bb8b490, 0x6ffffdff)                                                                 = 0
8611 [0x7fb63f18d677] SYS_open(0x7fb63f3844f0, 0x80000, 0, 0x6ffffdff)                                                             = 3
8611 [0x7fb63f18d697] SYS_read(3, 0x7fff98a34008, 832, 0x6ffffdff)                                                                 = 832
8611 [0x7fb63f18d604] SYS_fstat(3, 0x7fff98a33ee0, 0x7fff98a33ee0, 32)                                                             = 0
8611 [0x7fb63f18d80a] SYS_mmap(0, 0x2fd148, 5, 2050)                                                                               = 0x7fb63b678000
8611 [0x7fb63f18d857] SYS_mprotect(0x7fb63b775000, 0x1ff000, 0, 2050)                                                              = 0
8611 [0x7fb63f18d80a] SYS_mmap(0x7fb63b974000, 8192, 3, 2066)                                                                      = 0x7fb63b974000
8611 [0x7fb63f18d787] SYS_close(3, 16, 0, 0x6ffffdff)                                                                              = 0
8611 [0x7fb63f18d677] SYS_open(0x7fff98a33dd0, 0x80000, 0, 0x36782f39325f3130)                                                     = -2
8611 [0x7fb63f18d5c5] SYS_stat(0x7fff98a33dd0, 0x7fff98a33eb0, 0x7fff98a33eb0, 0x36782f39325f3130)                                 = -2
8611 [0x7fb63f18d677] SYS_open(0x7fff98a33dd0, 0x80000, 0, 0x36782f39325f3130)                                                     = -2
8611 [0x7fb63f18d5c5] SYS_stat(0x7fff98a33dd0, 0x7fff98a33eb0, 0x7fff98a33eb0, 0x36782f39325f3130)                                 = -2
8611 [0x7fb63f18d677] SYS_open(0x7fff98a33dd0, 0x80000, 0, 0x36782f39325f3130)                                                     = -2
8611 [0x7fb63f18d5c5] SYS_stat(0x7fff98a33dd0, 0x7fff98a33eb0, 0x7fff98a33eb0, 0x36782f39325f3130)                                 = -2
8611 [0x7fb63f18d677] SYS_open(0x7fff98a33dd0, 0x80000, 0, 0x36782f39325f3130)                                                     = -2
8611 [0x7fb63f18d5c5] SYS_stat(0x7fff98a33dd0, 0x7fff98a33eb0, 0x7fff98a33eb0, 0x36782f39325f3130)                                 = -2
8611 [0x7fb63f18d677] SYS_open(0x7fb63f384dd0, 0x80000, 0, 0x36782f39325f3130)                                                     = 3
8611 [0x7fb63f18d697] SYS_read(3, 0x7fff98a33fd8, 832, 0x36782f39325f3130)                                                         = 832
8611 [0x7fb63f18d604] SYS_fstat(3, 0x7fff98a33eb0, 0x7fff98a33eb0, 16)                                                             = 0
8611 [0x7fb63f18d80a] SYS_mmap(0, 4096, 3, 34)                                                                                     = 0x7fb63f383000
8611 [0x7fb63f18d80a] SYS_mmap(0, 0x2f8980, 5, 2050)                                                                               = 0x7fb63b37f000
8611 [0x7fb63f18d857] SYS_mprotect(0x7fb63b476000, 0x200000, 0, 2050)                                                              = 0
8611 [0x7fb63f18d80a] SYS_mmap(0x7fb63b676000, 8192, 3, 2066)                                                                      = 0x7fb63b676000
8611 [0x7fb63f18d787] SYS_close(3, 16, 0x7fb63b6763a0, 0x6ffffdff)                                                                 = 0
8611 [0x7fb63f18d677] SYS_open(0x7fb63f3834c8, 0x80000, 0, 0x6ffffdff)                                                             = 3
8611 [0x7fb63f18d697] SYS_read(3, 0x7fff98a33fa8, 832, 0x6ffffdff)                                                                 = 832
8611 [0x7fb63f18d604] SYS_fstat(3, 0x7fff98a33e80, 0x7fff98a33e80, 16)                                                             = 0
8611 [0x7fb63f18d80a] SYS_mmap(0, 0x2fc9d8, 5, 2050)                                                                               = 0x7fb63b082000
8611 [0x7fb63f18d857] SYS_mprotect(0x7fb63b17d000, 0x200000, 0, 2050)                                                              = 0
8611 [0x7fb63f18d80a] SYS_mmap(0x7fb63b37d000, 8192, 3, 2066)                                                                      = 0x7fb63b37d000
8611 [0x7fb63f18d787] SYS_close(3, 16, 0x7fb63b37e828, 0x6ffffdff)                                                                 = 0
8611 [0x7fb63f18d677] SYS_open(0x7fb63f383998, 0x80000, 0, 0x6ffffdff)                                                             = 3
8611 [0x7fb63f18d697] SYS_read(3, 0x7fff98a33f78, 832, 0x6ffffdff)                                                                 = 832
8611 [0x7fb63f18d604] SYS_fstat(3, 0x7fff98a33e50, 0x7fff98a33e50, 16)                                                             = 0
8611 [0x7fb63f18d80a] SYS_mmap(0, 0x242830, 5, 2050)                                                                               = 0x7fb63ae3f000
8611 [0x7fb63f18d857] SYS_mprotect(0x7fb63ae82000, 0x1ff000, 0, 2050)                                                              = 0
8611 [0x7fb63f18d80a] SYS_mmap(0x7fb63b081000, 4096, 3, 2066)                                                                      = 0x7fb63b081000
8611 [0x7fb63f18d787] SYS_close(3, 16, 0x7fb63b081630, 0x6ffffdff)                                                                 = 0
8611 [0x7fb63f18d677] SYS_open(0x7fb63f383f70, 0x80000, 0, 0x7fb63f38a9b8)                                                         = 3
8611 [0x7fb63f18d697] SYS_read(3, 0x7fff98a33f48, 832, 0x7fb63f38a9b8)                                                             = 832
8611 [0x7fb63f18d604] SYS_fstat(3, 0x7fff98a33e20, 0x7fff98a33e20, 32)                                                             = 0
8611 [0x7fb63f18d80a] SYS_mmap(0, 4096, 3, 34)                                                                                     = 0x7fb63f382000
8611 [0x7fb63f18d80a] SYS_mmap(0, 0x203118, 5, 2050)                                                                               = 0x7fb63ac3b000
8611 [0x7fb63f18d857] SYS_mprotect(0x7fb63ac3d000, 0x200000, 0, 2050)                                                              = 0
8611 [0x7fb63f18d80a] SYS_mmap(0x7fb63ae3d000, 8192, 3, 2066)                                                                      = 0x7fb63ae3d000
8611 [0x7fb63f18d787] SYS_close(3, 16, 0x7fb63ae3df40, 0x6ffffdff)                                                                 = 0
8611 [0x7fb63f18d80a] SYS_mmap(0, 4096, 3, 34)                                                                                     = 0x7fb63f381000
8611 [0x7fb63f18d80a] SYS_mmap(0, 4096, 3, 34)                                                                                     = 0x7fb63f380000
8611 [0x7fb63f18d80a] SYS_mmap(0, 8192, 3, 34)                                                                                     = 0x7fb63f37e000
8611 [0x7fb63f177044] SYS_arch_prctl(4098, 0x7fb63f37e780, 0x7fb63f37f080, 34)                                                     = 0
8611 [0x7fb63f18d857] SYS_mprotect(0x7fb63eacd000, 0x4000, 1, 1)                                                                   = 0
8611 [0x7fb63f18d857] SYS_mprotect(0x7fb63ae3d000, 4096, 1, 0x7fb63ac3bc68)                                                        = 0
8611 [0x7fb63f18d857] SYS_mprotect(0x7fb63dc73000, 4096, 1, 0x7fb63da61500)                                                        = 0
8611 [0x7fb63f18d857] SYS_mprotect(0x7fb63b974000, 4096, 1, 1)                                                                     = 0
8611 [0x7fb63f18d857] SYS_mprotect(0x7fb63c1d3000, 4096, 1, 0x7fb63bfcca00)                                                        = 0
8611 [0x7fb63f18d857] SYS_mprotect(0x7fb63df37000, 0x7000, 1, 0x7fb63dcd1810)                                                      = 0
8611 [0x7fb63f18d857] SYS_mprotect(0x7fb63da5a000, 4096, 1, 0x7fb63d855d58)                                                        = 0
8611 [0x7fb63f18d857] SYS_mprotect(0x7fb63f396000, 4096, 1, 0)                                                                     = 0
8611 [0x7fb63f18d837] SYS_munmap(0x7fb63f38c000, 0x83b3, 0x73a00, 0)                                                               = 0
8611 [0x7fb63da62e92] SYS_set_tid_address(0x7fb63f37ea50, 0x7fff98a35f38, 0x7fb63f37e780, 0)                                       = 8611
8611 [0x7fb63da62efa] SYS_set_robust_list(0x7fb63f37ea60, 24, 0x7fb63f37e780, 0)                                                   = 0
8611 [0x7fb63da6ccf5] SYS_rt_sigaction(32, 0x7fff98a35c88, 0, 8)                                                                   = 0
8611 [0x7fb63da6ccf5] SYS_rt_sigaction(33, 0x7fff98a35c88, 0, 8)                                                                   = 0
8611 [0x7fb63da62fd6] SYS_rt_sigprocmask(1, 0x7fff98a35dd8, 0, 8)                                                                  = 0
8611 [0x7fb63e819b17] SYS_getrlimit(3, 0x7fff98a35e70, 63, 1)                                                                      = 0
8611 [0x7fb63da62b95] SYS_futex(0x7fb63df417e0, 129, 0x7fffffff, 0)                                                                = 0
8611 [0x4009e1] ledctrl->Hal_Led_Set_Mode(3, 4, 0x7fb63e887c60, 0 <unfinished ...>
8611 [0x7fb63eadd575]   libnhal.so->Hal_Lookup_Hardware_Info(0x7fff98a35c60, 4, 0x7fb63e887c60, 0 <unfinished ...>
8611 [0x7fb63e814557]     SYS_statfs(0x7fb63da6f1e8, 0x7fff98a35a50, 0x7fb63dc78310, 1)                                            = 0
8611 [0x7fb63da62b95]     SYS_futex(0x7fb63dc78310, 129, 0x7fffffff, 0)                                                            = 0
8611 [0x7fb63e8147e0]     SYS_open(0x7fff98a35b60, 0xa0002, 484, 1)                                                                = 3
8611 [0x7fb63e81d72a]     SYS_mmap(0, 220, 3, 1)                                                                                   = 0x7fb63f394000
8611 [0x7fb63e815070]     SYS_close(3, 220, 3, 1)                                                                                  = 0
8611 [0x7fb63eadc7f0]     libnhal.so->Hw_Semaphore_Init(0x7fff98a35c10, 0x7fb63eadf287, 1, -1 <unfinished ...>
8611 [0x7fb63e814405]       SYS_lstat(0x7fff98a35ac0, 0x7fff98a359d0, 0x7fff98a359d0, 0)                                           = -2
8611 [0x7fb63da6c510]       SYS_open(0x7fff98a35ac0, 194, 600, 0)                                                                  = 3
8611 [0x7fb63da6bda0]       SYS_write(3, 0x7fff98a35b40, 32, 0)                                                                    = 32
8611 [0x7fb63e81d72a]       SYS_mmap(0, 32, 3, 1)                                                                                  = 0x7fb63f393000
8611 [0x7fb63e8161a7]       SYS_link(0x7fff98a35ac0, 0x7fff98a35af0, 3, 1)                                                         = -17
8611 [0x7fb63e81d757]       SYS_munmap(0x7fb63f393000, 32, 3, 1)                                                                   = 0
8611 [0x7fb63e8162c7]       SYS_unlink(0x7fff98a35ac0, 32, 3, 1)                                                                   = 0
8611 [0x7fb63da6be60]       SYS_close(3, 32, 3, 1)                                                                                 = 0
8611 [0x7fb63da6c510]       SYS_open(0x7fff98a35af0, 0x20002, 18, 1)                                                               = 3
8611 [0x7fb63e8143b4]       SYS_fstat(3, 0x7fff98a35a20, 0x7fff98a35a20, 1)                                                        = 0
8611 [0x7fb63e819f5a]       SYS_brk(0, 0x7fb63ead1640, 0, -4096)                                                                   = 0x1a12000
8611 [0x7fb63e819f5a]       SYS_brk(0x1a33000, 0x1a12000, 0x1a33000, -4096)                                                        = 0x1a33000
8611 [0x7fb63e81d72a]       SYS_mmap(0, 32, 3, 1)                                                                                  = 0x7fb63f393000
8611 [0x7fb63da6be60]       SYS_close(3, 32, 0, 3)                                                                                 = 0
8611 [0x7fb63eadc7f0]     <... Hw_Semaphore_Init resumed> )                                                                        = 17
8611 [0x7fb63eadc800]     libnhal.so->Hw_Semaphore_Lock(0x7fff98a35c10, 32, 0x7fb63f393000, -1)                                    = 0
8611 [0x7fb63eadc918]     libnhal.so->Hw_Semaphore_Unlock(0x7fff98a35c10, 2, 0x7fb63f394000, 0)                                    = 0
8611 [0x7fb63eadc924]     libnhal.so->Hw_Semaphore_Release(0x7fff98a35c10, 128, 0, 0 <unfinished ...>
8611 [0x7fb63e81d757]       SYS_munmap(0x7fb63f393000, 32, 0, 1)                                                                   = 0
8611 [0x7fb63eadc924]     <... Hw_Semaphore_Release resumed> )                                                                     = 0
8611 [0x7fb63eadd575]   <... Hal_Lookup_Hardware_Info resumed> )                                                                   = 0
8611 [0x7fb63eaddc04]   libnhal.so->It87_Set_Led_Blinking(0, 0, 2, -7360 <unfinished ...>
8611 [0x7fb63ce2db6d]     libgeneraldrv.so->Hw_Semaphore_Init(0x7fff98a35bf0, 0x7fb63ce30012, 1, 0 <unfinished ...>
8611 [0x7fb63e814405]       SYS_lstat(0x7fff98a35a90, 0x7fff98a359a0, 0x7fff98a359a0, 0)                                           = -2
8611 [0x7fb63da6c510]       SYS_open(0x7fff98a35a90, 194, 600, 0)                                                                  = 3
8611 [0x7fb63da6bda0]       SYS_write(3, 0x7fff98a35b10, 32, 0)                                                                    = 32
8611 [0x7fb63e81d72a]       SYS_mmap(0, 32, 3, 1)                                                                                  = 0x7fb63f393000
8611 [0x7fb63e8161a7]       SYS_link(0x7fff98a35a90, 0x7fff98a35ac0, 3, 1)                                                         = -17
8611 [0x7fb63e81d757]       SYS_munmap(0x7fb63f393000, 32, 3, 1)                                                                   = 0
8611 [0x7fb63e8162c7]       SYS_unlink(0x7fff98a35a90, 32, 3, 1)                                                                   = 0
8611 [0x7fb63da6be60]       SYS_close(3, 32, 3, 1)                                                                                 = 0
8611 [0x7fb63da6c510]       SYS_open(0x7fff98a35ac0, 0x20002, 20, 1)                                                               = 3
8611 [0x7fb63e8143b4]       SYS_fstat(3, 0x7fff98a359f0, 0x7fff98a359f0, 1)                                                        = 0
8611 [0x7fb63e81d72a]       SYS_mmap(0, 32, 3, 1)                                                                                  = 0x7fb63f393000
8611 [0x7fb63da6be60]       SYS_close(3, 32, 0, 1)                                                                                 = 0
8611 [0x7fb63ce2db6d]     <... Hw_Semaphore_Init resumed> )                                                                        = 17
8611 [0x7fb63ce2db7d]     libgeneraldrv.so->Hw_Semaphore_Lock(0x7fff98a35bf0, 32, 0x7fb63f393000, -1)                              = 0
8611 [0x7fb63e8216b7]     SYS_ioperm(46, 1, 1, 1)                                                                                  = 0
8611 [0x7fb63e8216b7]     SYS_ioperm(46, 1, 0, 1)                                                                                  = 0
8611 [0x7fb63e8216b7]     SYS_ioperm(235, 1, 1, 1)                                                                                 = 0
8611 [0x7fb63e8216b7]     SYS_ioperm(235, 1, 0, 1)                                                                                 = 0
8611 [0x7fb63e8216b7]     SYS_ioperm(46, 1, 1, 1)                                                                                  = 0
8611 [0x7fb63e8216b7]     SYS_ioperm(46, 1, 0, 1)                                                                                  = 0
8611 [0x7fb63e8216b7]     SYS_ioperm(235, 1, 1, 1)                                                                                 = 0
8611 [0x7fb63e8216b7]     SYS_ioperm(235, 1, 0, 1)                                                                                 = 0
8611 [0x7fb63e8216b7]     SYS_ioperm(46, 1, 1, 1)                                                                                  = 0
8611 [0x7fb63e8216b7]     SYS_ioperm(46, 1, 0, 1)                                                                                  = 0
8611 [0x7fb63e8216b7]     SYS_ioperm(235, 1, 1, 1)                                                                                 = 0
8611 [0x7fb63e8216b7]     SYS_ioperm(235, 1, 0, 1)                                                                                 = 0
8611 [0x7fb63e8216b7]     SYS_ioperm(46, 1, 1, 1)                                                                                  = 0
8611 [0x7fb63e8216b7]     SYS_ioperm(46, 1, 0, 1)                                                                                  = 0
8611 [0x7fb63e8216b7]     SYS_ioperm(235, 1, 1, 1)                                                                                 = 0
8611 [0x7fb63e8216b7]     SYS_ioperm(235, 1, 0, 1)                                                                                 = 0
8611 [0x7fb63e8216b7]     SYS_ioperm(46, 1, 1, 1)                                                                                  = 0
8611 [0x7fb63e8216b7]     SYS_ioperm(46, 1, 0, 1)                                                                                  = 0
8611 [0x7fb63e8216b7]     SYS_ioperm(235, 1, 1, 1)                                                                                 = 0
8611 [0x7fb63e8216b7]     SYS_ioperm(235, 1, 0, 1)                                                                                 = 0
8611 [0x7fb63e8216b7]     SYS_ioperm(47, 1, 1, 1)                                                                                  = 0
8611 [0x7fb63e8216b7]     SYS_ioperm(47, 1, 0, 1)                                                                                  = 0
8611 [0x7fb63e8216b7]     SYS_ioperm(235, 1, 1, 1)                                                                                 = 0
8611 [0x7fb63e8216b7]     SYS_ioperm(235, 1, 0, 1)                                                                                 = 0
8611 [0x7fb63e8216b7]     SYS_ioperm(46, 1, 1, 1)                                                                                  = 0
8611 [0x7fb63e8216b7]     SYS_ioperm(46, 1, 0, 1)                                                                                  = 0
8611 [0x7fb63e8216b7]     SYS_ioperm(235, 1, 1, 1)                                                                                 = 0
8611 [0x7fb63e8216b7]     SYS_ioperm(235, 1, 0, 1)                                                                                 = 0
8611 [0x7fb63e8216b7]     SYS_ioperm(47, 1, 1, 1)                                                                                  = 0
8611 [0x7fb63e8216b7]     SYS_ioperm(47, 1, 0, 1)                                                                                  = 0
8611 [0x7fb63e8216b7]     SYS_ioperm(235, 1, 1, 1)                                                                                 = 0
8611 [0x7fb63e8216b7]     SYS_ioperm(235, 1, 0, 1)                                                                                 = 0
8611 [0x7fb63e8216b7]     SYS_ioperm(46, 1, 1, 1)                                                                                  = 0
8611 [0x7fb63e8216b7]     SYS_ioperm(46, 1, 0, 1)                                                                                  = 0
8611 [0x7fb63e8216b7]     SYS_ioperm(235, 1, 1, 1)                                                                                 = 0
8611 [0x7fb63e8216b7]     SYS_ioperm(235, 1, 0, 1)                                                                                 = 0
8611 [0x7fb63e8216b7]     SYS_ioperm(47, 1, 1, 1)                                                                                  = 0
8611 [0x7fb63e8216b7]     SYS_ioperm(47, 1, 0, 1)                                                                                  = 0
8611 [0x7fb63e8216b7]     SYS_ioperm(235, 1, 1, 1)                                                                                 = 0
8611 [0x7fb63e8216b7]     SYS_ioperm(235, 1, 0, 1)                                                                                 = 0
8611 [0x7fb63e8216b7]     SYS_ioperm(46, 1, 1, 1)                                                                                  = 0
8611 [0x7fb63e8216b7]     SYS_ioperm(46, 1, 0, 1)                                                                                  = 0
8611 [0x7fb63e8216b7]     SYS_ioperm(235, 1, 1, 1)                                                                                 = 0
8611 [0x7fb63e8216b7]     SYS_ioperm(235, 1, 0, 1)                                                                                 = 0
8611 [0x7fb63e8216b7]     SYS_ioperm(47, 1, 1, 1)                                                                                  = 0
8611 [0x7fb63e8216b7]     SYS_ioperm(47, 1, 0, 1)                                                                                  = 0
8611 [0x7fb63e8216b7]     SYS_ioperm(235, 1, 1, 1)                                                                                 = 0
8611 [0x7fb63e8216b7]     SYS_ioperm(235, 1, 0, 1)                                                                                 = 0
8611 [0x7fb63e8216b7]     SYS_ioperm(1733, 1, 1, 1)                                                                                = 0
8611 [0x7fb63e8216b7]     SYS_ioperm(1733, 1, 0, 1)                                                                                = 0
8611 [0x7fb63e8216b7]     SYS_ioperm(235, 1, 1, 1)                                                                                 = 0
8611 [0x7fb63e8216b7]     SYS_ioperm(235, 1, 0, 1)                                                                                 = 0
8611 [0x7fb63e8216b7]     SYS_ioperm(1734, 1, 1, 1)                                                                                = 0
8611 [0x7fb63e8216b7]     SYS_ioperm(1734, 1, 0, 1)                                                                                = 0
8611 [0x7fb63e8216b7]     SYS_ioperm(235, 1, 1, 1)                                                                                 = 0
8611 [0x7fb63e8216b7]     SYS_ioperm(235, 1, 0, 1)                                                                                 = 0
8611 [0x7fb63e8216b7]     SYS_ioperm(1733, 1, 1, 1)                                                                                = 0
8611 [0x7fb63e8216b7]     SYS_ioperm(1733, 1, 0, 1)                                                                                = 0
8611 [0x7fb63e8216b7]     SYS_ioperm(235, 1, 1, 1)                                                                                 = 0
8611 [0x7fb63e8216b7]     SYS_ioperm(235, 1, 0, 1)                                                                                 = 0
8611 [0x7fb63e8216b7]     SYS_ioperm(1734, 1, 1, 1)                                                                                = 0
8611 [0x7fb63e8216b7]     SYS_ioperm(1734, 1, 0, 1)                                                                                = 0
8611 [0x7fb63e8216b7]     SYS_ioperm(235, 1, 1, 1)                                                                                 = 0
8611 [0x7fb63e8216b7]     SYS_ioperm(235, 1, 0, 1)                                                                                 = 0
8611 [0x7fb63e8216b7]     SYS_ioperm(46, 1, 1, 1)                                                                                  = 0
8611 [0x7fb63e8216b7]     SYS_ioperm(46, 1, 0, 1)                                                                                  = 0
8611 [0x7fb63e8216b7]     SYS_ioperm(235, 1, 1, 1)                                                                                 = 0
8611 [0x7fb63e8216b7]     SYS_ioperm(235, 1, 0, 1)                                                                                 = 0
8611 [0x7fb63e8216b7]     SYS_ioperm(46, 1, 1, 1)                                                                                  = 0
8611 [0x7fb63e8216b7]     SYS_ioperm(46, 1, 0, 1)                                                                                  = 0
8611 [0x7fb63e8216b7]     SYS_ioperm(235, 1, 1, 1)                                                                                 = 0
8611 [0x7fb63e8216b7]     SYS_ioperm(235, 1, 0, 1)                                                                                 = 0
8611 [0x7fb63e8216b7]     SYS_ioperm(46, 1, 1, 1)                                                                                  = 0
8611 [0x7fb63e8216b7]     SYS_ioperm(46, 1, 0, 1)                                                                                  = 0
8611 [0x7fb63e8216b7]     SYS_ioperm(235, 1, 1, 1)                                                                                 = 0
8611 [0x7fb63e8216b7]     SYS_ioperm(235, 1, 0, 1)                                                                                 = 0
8611 [0x7fb63e8216b7]     SYS_ioperm(46, 1, 1, 1)                                                                                  = 0
8611 [0x7fb63e8216b7]     SYS_ioperm(46, 1, 0, 1)                                                                                  = 0
8611 [0x7fb63e8216b7]     SYS_ioperm(235, 1, 1, 1)                                                                                 = 0
8611 [0x7fb63e8216b7]     SYS_ioperm(235, 1, 0, 1)                                                                                 = 0
8611 [0x7fb63e8216b7]     SYS_ioperm(46, 1, 1, 1)                                                                                  = 0
8611 [0x7fb63e8216b7]     SYS_ioperm(46, 1, 0, 1)                                                                                  = 0
8611 [0x7fb63e8216b7]     SYS_ioperm(235, 1, 1, 1)                                                                                 = 0
8611 [0x7fb63e8216b7]     SYS_ioperm(235, 1, 0, 1)                                                                                 = 0
8611 [0x7fb63e8216b7]     SYS_ioperm(47, 1, 1, 1)                                                                                  = 0
8611 [0x7fb63e8216b7]     SYS_ioperm(47, 1, 0, 1)                                                                                  = 0
8611 [0x7fb63e8216b7]     SYS_ioperm(235, 1, 1, 1)                                                                                 = 0
8611 [0x7fb63e8216b7]     SYS_ioperm(235, 1, 0, 1)                                                                                 = 0
8611 [0x7fb63e8216b7]     SYS_ioperm(46, 1, 1, 1)                                                                                  = 0
8611 [0x7fb63e8216b7]     SYS_ioperm(46, 1, 0, 1)                                                                                  = 0
8611 [0x7fb63e8216b7]     SYS_ioperm(235, 1, 1, 1)                                                                                 = 0
8611 [0x7fb63e8216b7]     SYS_ioperm(235, 1, 0, 1)                                                                                 = 0
8611 [0x7fb63e8216b7]     SYS_ioperm(47, 1, 1, 1)                                                                                  = 0
8611 [0x7fb63e8216b7]     SYS_ioperm(47, 1, 0, 1)                                                                                  = 0
8611 [0x7fb63e8216b7]     SYS_ioperm(235, 1, 1, 1)                                                                                 = 0
8611 [0x7fb63e8216b7]     SYS_ioperm(235, 1, 0, 1)                                                                                 = 0
8611 [0x7fb63e8216b7]     SYS_ioperm(46, 1, 1, 1)                                                                                  = 0
8611 [0x7fb63e8216b7]     SYS_ioperm(46, 1, 0, 1)                                                                                  = 0
8611 [0x7fb63e8216b7]     SYS_ioperm(235, 1, 1, 1)                                                                                 = 0
8611 [0x7fb63e8216b7]     SYS_ioperm(235, 1, 0, 1)                                                                                 = 0
8611 [0x7fb63e8216b7]     SYS_ioperm(47, 1, 1, 1)                                                                                  = 0
8611 [0x7fb63e8216b7]     SYS_ioperm(47, 1, 0, 1)                                                                                  = 0
8611 [0x7fb63e8216b7]     SYS_ioperm(235, 1, 1, 1)                                                                                 = 0
8611 [0x7fb63e8216b7]     SYS_ioperm(235, 1, 0, 1)                                                                                 = 0
8611 [0x7fb63e8216b7]     SYS_ioperm(46, 1, 1, 1)                                                                                  = 0
8611 [0x7fb63e8216b7]     SYS_ioperm(46, 1, 0, 1)                                                                                  = 0
8611 [0x7fb63e8216b7]     SYS_ioperm(235, 1, 1, 1)                                                                                 = 0
8611 [0x7fb63e8216b7]     SYS_ioperm(235, 1, 0, 1)                                                                                 = 0
8611 [0x7fb63e8216b7]     SYS_ioperm(47, 1, 1, 1)                                                                                  = 0
8611 [0x7fb63e8216b7]     SYS_ioperm(47, 1, 0, 1)                                                                                  = 0
8611 [0x7fb63e8216b7]     SYS_ioperm(235, 1, 1, 1)                                                                                 = 0
8611 [0x7fb63e8216b7]     SYS_ioperm(235, 1, 0, 1)                                                                                 = 0
8611 [0x7fb63e8216b7]     SYS_ioperm(46, 1, 1, 1)                                                                                  = 0
8611 [0x7fb63e8216b7]     SYS_ioperm(46, 1, 0, 1)                                                                                  = 0
8611 [0x7fb63e8216b7]     SYS_ioperm(235, 1, 1, 1)                                                                                 = 0
8611 [0x7fb63e8216b7]     SYS_ioperm(235, 1, 0, 1)                                                                                 = 0
8611 [0x7fb63e8216b7]     SYS_ioperm(47, 1, 1, 1)                                                                                  = 0
8611 [0x7fb63e8216b7]     SYS_ioperm(47, 1, 0, 1)                                                                                  = 0
8611 [0x7fb63e8216b7]     SYS_ioperm(235, 1, 1, 1)                                                                                 = 0
8611 [0x7fb63e8216b7]     SYS_ioperm(235, 1, 0, 1)                                                                                 = 0
8611 [0x7fb63e8216b7]     SYS_ioperm(46, 1, 1, 1)                                                                                  = 0
8611 [0x7fb63e8216b7]     SYS_ioperm(46, 1, 0, 1)                                                                                  = 0
8611 [0x7fb63e8216b7]     SYS_ioperm(235, 1, 1, 1)                                                                                 = 0
8611 [0x7fb63e8216b7]     SYS_ioperm(235, 1, 0, 1)                                                                                 = 0
8611 [0x7fb63e8216b7]     SYS_ioperm(47, 1, 1, 1)                                                                                  = 0
8611 [0x7fb63e8216b7]     SYS_ioperm(47, 1, 0, 1)                                                                                  = 0
8611 [0x7fb63e8216b7]     SYS_ioperm(235, 1, 1, 1)                                                                                 = 0
8611 [0x7fb63e8216b7]     SYS_ioperm(235, 1, 0, 1)                                                                                 = 0
8611 [0x7fb63e8216b7]     SYS_ioperm(46, 1, 1, 1)                                                                                  = 0
8611 [0x7fb63e8216b7]     SYS_ioperm(46, 1, 0, 1)                                                                                  = 0
8611 [0x7fb63e8216b7]     SYS_ioperm(235, 1, 1, 1)                                                                                 = 0
8611 [0x7fb63e8216b7]     SYS_ioperm(235, 1, 0, 1)                                                                                 = 0
8611 [0x7fb63e8216b7]     SYS_ioperm(47, 1, 1, 1)                                                                                  = 0
8611 [0x7fb63e8216b7]     SYS_ioperm(47, 1, 0, 1)                                                                                  = 0
8611 [0x7fb63e8216b7]     SYS_ioperm(235, 1, 1, 1)                                                                                 = 0
8611 [0x7fb63e8216b7]     SYS_ioperm(235, 1, 0, 1)                                                                                 = 0
8611 [0x7fb63e8216b7]     SYS_ioperm(46, 1, 1, 1)                                                                                  = 0
8611 [0x7fb63e8216b7]     SYS_ioperm(46, 1, 0, 1)                                                                                  = 0
8611 [0x7fb63e8216b7]     SYS_ioperm(235, 1, 1, 1)                                                                                 = 0
8611 [0x7fb63e8216b7]     SYS_ioperm(235, 1, 0, 1)                                                                                 = 0
8611 [0x7fb63e8216b7]     SYS_ioperm(47, 1, 1, 1)                                                                                  = 0
8611 [0x7fb63e8216b7]     SYS_ioperm(47, 1, 0, 1)                                                                                  = 0
8611 [0x7fb63e8216b7]     SYS_ioperm(235, 1, 1, 1)                                                                                 = 0
8611 [0x7fb63e8216b7]     SYS_ioperm(235, 1, 0, 1)                                                                                 = 0
8611 [0x7fb63e8216b7]     SYS_ioperm(46, 1, 1, 1)                                                                                  = 0
8611 [0x7fb63e8216b7]     SYS_ioperm(46, 1, 0, 1)                                                                                  = 0
8611 [0x7fb63e8216b7]     SYS_ioperm(235, 1, 1, 1)                                                                                 = 0
8611 [0x7fb63e8216b7]     SYS_ioperm(235, 1, 0, 1)                                                                                 = 0
8611 [0x7fb63e8216b7]     SYS_ioperm(47, 1, 1, 1)                                                                                  = 0
8611 [0x7fb63e8216b7]     SYS_ioperm(47, 1, 0, 1)                                                                                  = 0
8611 [0x7fb63e8216b7]     SYS_ioperm(235, 1, 1, 1)                                                                                 = 0
8611 [0x7fb63e8216b7]     SYS_ioperm(235, 1, 0, 1)                                                                                 = 0
8611 [0x7fb63e8216b7]     SYS_ioperm(46, 1, 1, 1)                                                                                  = 0
8611 [0x7fb63e8216b7]     SYS_ioperm(46, 1, 0, 1)                                                                                  = 0
8611 [0x7fb63e8216b7]     SYS_ioperm(235, 1, 1, 1)                                                                                 = 0
8611 [0x7fb63e8216b7]     SYS_ioperm(235, 1, 0, 1)                                                                                 = 0
8611 [0x7fb63e8216b7]     SYS_ioperm(47, 1, 1, 1)                                                                                  = 0
8611 [0x7fb63e8216b7]     SYS_ioperm(47, 1, 0, 1)                                                                                  = 0
8611 [0x7fb63e8216b7]     SYS_ioperm(235, 1, 1, 1)                                                                                 = 0
8611 [0x7fb63e8216b7]     SYS_ioperm(235, 1, 0, 1)                                                                                 = 0
8611 [0x7fb63e8216b7]     SYS_ioperm(46, 1, 1, 1)                                                                                  = 0
8611 [0x7fb63e8216b7]     SYS_ioperm(46, 1, 0, 1)                                                                                  = 0
8611 [0x7fb63e8216b7]     SYS_ioperm(235, 1, 1, 1)                                                                                 = 0
8611 [0x7fb63e8216b7]     SYS_ioperm(235, 1, 0, 1)                                                                                 = 0
8611 [0x7fb63e8216b7]     SYS_ioperm(47, 1, 1, 1)                                                                                  = 0
8611 [0x7fb63e8216b7]     SYS_ioperm(47, 1, 0, 1)                                                                                  = 0
8611 [0x7fb63e8216b7]     SYS_ioperm(235, 1, 1, 1)                                                                                 = 0
8611 [0x7fb63e8216b7]     SYS_ioperm(235, 1, 0, 1)                                                                                 = 0
8611 [0x7fb63ce2dc6b]     libgeneraldrv.so->Hw_Semaphore_Unlock(0x7fff98a35bf0, 1, 0, -1 <unfinished ...>
8611 [0x7fb63da6b53e]       SYS_futex(0x7fb63f393000, 1, 1, 0)                                                                     = 1
8611 [0x7fb63ce2dc6b]     <... Hw_Semaphore_Unlock resumed> )                                                                      = 0
8611 [0x7fb63ce2dc77]     libgeneraldrv.so->Hw_Semaphore_Release(0x7fff98a35bf0, 1, 1, -1 <unfinished ...>
8611 [0x7fb63e81d757]       SYS_munmap(0x7fb63f393000, 32, 0, 1)                                                                   = 0
8611 [0x7fb63ce2dc77]     <... Hw_Semaphore_Release resumed> )                                                                     = 0
8611 [0x7fb63eaddc04]   <... It87_Set_Led_Blinking resumed> )                                                                      = 0
8611 [0x4009e1] <... Hal_Led_Set_Mode resumed> )                                                                                   = 0
8611 [0x7fb63e76e932] libgeneral.so->Trace_Mem_Destroy()(0x7fb63e486d40, 0, 0x9c6dccdab0d1588e, 16)                                = 0
8611 [0x7fb63e7f1468] SYS_exit_group(0, 60, 0, 0x7fb63ead4a48 <unfinished ...>
8611 [0xffffffffffffffff] +++ exited (status 0) +++
