8635 [0x7f8e2503a8aa] SYS_brk(0, 0x7f8e2503dfa0, 0, 895)                                                                           = 0x1652000
8635 [0x7f8e2503b7e7] SYS_readlink(0x7fff6886ab83, 0x7fff68869100, 4096, 0x756e694c00000000)                                       = -2
8635 [0x7f8e2503b677] SYS_open(0x7f8e2503f1f3, 0, 0, 0x756e694c00000000)                                                           = 3
8635 [0x7f8e2503b7a7] SYS_chdir(0x7f8e25246ba8, 0, 0, 0x756e694c00000000)                                                          = -2
8635 [0x7f8e2503a9d2] SYS_getcwd(0x7fff68869100, 4096, 0, 0x756e694c00000000)                                                      = 23
8635 [0x7f8e2503b7c7] SYS_fchdir(3, 4096, 0, 0x756e694c00000000)                                                                   = 0
8635 [0x7f8e2503b787] SYS_close(3, 4096, 0, 0x756e694c00000000)                                                                    = 0
8635 [0x7f8e2503b80a] SYS_mmap(0, 4096, 3, 34)                                                                                     = 0x7f8e25243000
8635 [0x7f8e2503b6d7] SYS_access(0x7f8e25041700, 4, 0x7f8e25246718, 0)                                                             = -2
8635 [0x7f8e2503b677] SYS_open(0x7f8e2503f072, 0x80000, 1, 0)                                                                      = 3
8635 [0x7f8e2503b604] SYS_fstat(3, 0x7fff688688e0, 0x7fff688688e0, 0)                                                              = 0
8635 [0x7f8e2503b80a] SYS_mmap(0, 0x83b3, 1, 2)                                                                                    = 0x7f8e2523a000
8635 [0x7f8e2503b787] SYS_close(3, 0x83b3, 1, 2)                                                                                   = 0
8635 [0x7f8e2503b677] SYS_open(0x7f8e25243640, 0x80000, 0, 56)                                                                     = 3
8635 [0x7f8e2503b697] SYS_read(3, 0x7fff68868a68, 832, 56)                                                                         = 832
8635 [0x7f8e2503b604] SYS_fstat(3, 0x7fff68868940, 0x7fff68868940, 16)                                                             = 0
8635 [0x7f8e2503b80a] SYS_mmap(0, 0x278960, 5, 2050)                                                                               = 0x7f8e24dab000
8635 [0x7f8e2503b857] SYS_mprotect(0x7f8e24e21000, 0x200000, 0, 2050)                                                              = 0
8635 [0x7f8e2503b80a] SYS_mmap(0x7f8e25021000, 0x3000, 3, 2066)                                                                    = 0x7f8e25021000
8635 [0x7f8e2503b787] SYS_close(3, 16, 0x7f8e250213e0, 0x6ffffdff)                                                                 = 0
8635 [0x7f8e2503b677] SYS_open(0x7f8e25243b10, 0x80000, 0, 0x6ffffdff)                                                             = 3
8635 [0x7f8e2503b697] SYS_read(3, 0x7fff68868a38, 832, 0x6ffffdff)                                                                 = 832
8635 [0x7f8e2503b604] SYS_fstat(3, 0x7fff68868910, 0x7fff68868910, 16)                                                             = 0
8635 [0x7f8e2503b80a] SYS_mmap(0, 0x21bee0, 5, 2050)                                                                               = 0x7f8e24b8f000
8635 [0x7f8e2503b857] SYS_mprotect(0x7f8e24baa000, 0x200000, 0, 2050)                                                              = 0
8635 [0x7f8e2503b80a] SYS_mmap(0x7f8e24daa000, 4096, 3, 2066)                                                                      = 0x7f8e24daa000
8635 [0x7f8e2503b787] SYS_close(3, 16, 0x7f8e24daa208, 0x6ffffdff)                                                                 = 0
8635 [0x7f8e2503b677] SYS_open(0x7f8e25243fe0, 0x80000, 0, 0x6ffffdff)                                                             = 3
8635 [0x7f8e2503b697] SYS_read(3, 0x7fff68868a08, 832, 0x6ffffdff)                                                                 = 832
8635 [0x7f8e2503b604] SYS_fstat(3, 0x7fff688688e0, 0x7fff688688e0, 16)                                                             = 0
8635 [0x7f8e2503b80a] SYS_mmap(0, 4096, 3, 34)                                                                                     = 0x7f8e25239000
8635 [0x7f8e2503b80a] SYS_mmap(0, 0x209ad0, 5, 2050)                                                                               = 0x7f8e24985000
8635 [0x7f8e2503b857] SYS_mprotect(0x7f8e2498f000, 0x1ff000, 0, 2050)                                                              = 0
8635 [0x7f8e2503b80a] SYS_mmap(0x7f8e24b8e000, 4096, 3, 2066)                                                                      = 0x7f8e24b8e000
8635 [0x7f8e2503b787] SYS_close(3, 16, 0x7f8e24b8e690, 0x6ffffdff)                                                                 = 0
8635 [0x7f8e2503b677] SYS_open(0x7f8e252394b8, 0x80000, 0, 0x6ffffdff)                                                             = 3
8635 [0x7f8e2503b697] SYS_read(3, 0x7fff688689d8, 832, 0x6ffffdff)                                                                 = 832
8635 [0x7f8e2503b604] SYS_fstat(3, 0x7fff688688b0, 0x7fff688688b0, 32)                                                             = 0
8635 [0x7f8e2503b80a] SYS_mmap(0, 0x39dc40, 5, 2050)                                                                               = 0x7f8e245e7000
8635 [0x7f8e2503b857] SYS_mprotect(0x7f8e2477b000, 0x200000, 0, 2050)                                                              = 0
8635 [0x7f8e2503b80a] SYS_mmap(0x7f8e2497b000, 0x6000, 3, 2066)                                                                    = 0x7f8e2497b000
8635 [0x7f8e2503b80a] SYS_mmap(0x7f8e24981000, 0x3c40, 3, 50)                                                                      = 0x7f8e24981000
8635 [0x7f8e2503b787] SYS_close(3, 16, 0, 0x6ffffdff)                                                                              = 0
8635 [0x7f8e2503b677] SYS_open(0x7f8e25239988, 0x80000, 0, 0x6ffffdff)                                                             = 3
8635 [0x7f8e2503b697] SYS_read(3, 0x7fff68868888, 832, 0x6ffffdff)                                                                 = 832
8635 [0x7f8e2503b604] SYS_fstat(3, 0x7fff68868760, 0x7fff68868760, 16)                                                             = 0
8635 [0x7f8e2503b80a] SYS_mmap(0, 0x2b09d0, 5, 2050)                                                                               = 0x7f8e24336000
8635 [0x7f8e2503b857] SYS_mprotect(0x7f8e243e5000, 0x1ff000, 0, 2050)                                                              = 0
8635 [0x7f8e2503b80a] SYS_mmap(0x7f8e245e4000, 0x3000, 3, 2066)                                                                    = 0x7f8e245e4000
8635 [0x7f8e2503b787] SYS_close(3, 16, 0x7f8e245e49a8, 0x6ffffdff)                                                                 = 0
8635 [0x7f8e2503b677] SYS_open(0x7f8e25239e58, 0x80000, 0, 0x6ffffdff)                                                             = 3
8635 [0x7f8e2503b697] SYS_read(3, 0x7fff68868858, 832, 0x6ffffdff)                                                                 = 832
8635 [0x7f8e2503b604] SYS_fstat(3, 0x7fff68868730, 0x7fff68868730, 16)                                                             = 0
8635 [0x7f8e2503b80a] SYS_mmap(0, 4096, 3, 34)                                                                                     = 0x7f8e25238000
8635 [0x7f8e2503b80a] SYS_mmap(0, 0x294ee0, 5, 2050)                                                                               = 0x7f8e240a1000
8635 [0x7f8e2503b857] SYS_mprotect(0x7f8e24133000, 0x1ff000, 0, 2050)                                                              = 0
8635 [0x7f8e2503b80a] SYS_mmap(0x7f8e24332000, 0x3000, 3, 2066)                                                                    = 0x7f8e24332000
8635 [0x7f8e2503b80a] SYS_mmap(0x7f8e24335000, 3808, 3, 50)                                                                        = 0x7f8e24335000
8635 [0x7f8e2503b787] SYS_close(3, 16, 0x7f8e24332e30, 0x6ffffdff)                                                                 = 0
8635 [0x7f8e2503b677] SYS_open(0x7f8e252384b8, 0x80000, 0, 0x6ffffdff)                                                             = 3
8635 [0x7f8e2503b697] SYS_read(3, 0x7fff68868828, 832, 0x6ffffdff)                                                                 = 832
8635 [0x7f8e2503b604] SYS_fstat(3, 0x7fff68868700, 0x7fff68868700, 16)                                                             = 0
8635 [0x7f8e2503b80a] SYS_mmap(0, 0x29d850, 5, 2050)                                                                               = 0x7f8e23e03000
8635 [0x7f8e2503b857] SYS_mprotect(0x7f8e23e9c000, 0x200000, 0, 2050)                                                              = 0
8635 [0x7f8e2503b80a] SYS_mmap(0x7f8e2409c000, 0x3000, 3, 2066)                                                                    = 0x7f8e2409c000
8635 [0x7f8e2503b80a] SYS_mmap(0x7f8e2409f000, 6224, 3, 50)                                                                        = 0x7f8e2409f000
8635 [0x7f8e2503b787] SYS_close(3, 16, 0x7f8e2409dcc8, 0x6ffffdff)                                                                 = 0
8635 [0x7f8e2503b677] SYS_open(0x7f8e252389a0, 0x80000, 0, 0x6ffffdff)                                                             = 3
8635 [0x7f8e2503b697] SYS_read(3, 0x7fff688687f8, 832, 0x6ffffdff)                                                                 = 832
8635 [0x7f8e2503b604] SYS_fstat(3, 0x7fff688686d0, 0x7fff688686d0, 16)                                                             = 0
8635 [0x7f8e2503b80a] SYS_mmap(0, 0x2dbbb0, 5, 2050)                                                                               = 0x7f8e23b27000
8635 [0x7f8e2503b857] SYS_mprotect(0x7f8e23be5000, 0x200000, 0, 2050)                                                              = 0
8635 [0x7f8e2503b80a] SYS_mmap(0x7f8e23de5000, 0xa000, 3, 2066)                                                                    = 0x7f8e23de5000
8635 [0x7f8e2503b80a] SYS_mmap(0x7f8e23def000, 0x13bb0, 3, 50)                                                                     = 0x7f8e23def000
8635 [0x7f8e2503b787] SYS_close(3, 16, 0x7f8e23deb4d8, 0x6ffffdff)                                                                 = 0
8635 [0x7f8e2503b677] SYS_open(0x7f8e25238e70, 0x80000, 0, 0x6ffffdff)                                                             = 3
8635 [0x7f8e2503b697] SYS_read(3, 0x7fff688687c8, 832, 0x6ffffdff)                                                                 = 832
8635 [0x7f8e2503b604] SYS_fstat(3, 0x7fff688686a0, 0x7fff688686a0, 32)                                                             = 0
8635 [0x7f8e2503b80a] SYS_mmap(0, 4096, 3, 34)                                                                                     = 0x7f8e25237000
8635 [0x7f8e2503b80a] SYS_mmap(0, 0x21c490, 5, 2050)                                                                               = 0x7f8e2390a000
8635 [0x7f8e2503b857] SYS_mprotect(0x7f8e23922000, 0x1ff000, 0, 2050)                                                              = 0
8635 [0x7f8e2503b80a] SYS_mmap(0x7f8e23b21000, 8192, 3, 2066)                                                                      = 0x7f8e23b21000
8635 [0x7f8e2503b80a] SYS_mmap(0x7f8e23b23000, 0x3490, 3, 50)                                                                      = 0x7f8e23b23000
8635 [0x7f8e2503b787] SYS_close(3, 16, 0, 0x6ffffdff)                                                                              = 0
8635 [0x7f8e2503b677] SYS_open(0x7f8e252374b8, 0x80000, 0, 0x6ffffdff)                                                             = 3
8635 [0x7f8e2503b697] SYS_read(3, 0x7fff68868798, 832, 0x6ffffdff)                                                                 = 832
8635 [0x7f8e2503b604] SYS_fstat(3, 0x7fff68868670, 0x7fff68868670, 32)                                                             = 0
8635 [0x7f8e2503b80a] SYS_mmap(0, 0x207bc0, 5, 2050)                                                                               = 0x7f8e23702000
8635 [0x7f8e2503b857] SYS_mprotect(0x7f8e23709000, 0x1ff000, 0, 2050)                                                              = 0
8635 [0x7f8e2503b80a] SYS_mmap(0x7f8e23908000, 8192, 3, 2066)                                                                      = 0x7f8e23908000
8635 [0x7f8e2503b787] SYS_close(3, 16, 0, 0x6ffffdff)                                                                              = 0
8635 [0x7f8e2503b677] SYS_open(0x7f8e25237988, 0x80000, 0, 0x6ffffdff)                                                             = 3
8635 [0x7f8e2503b697] SYS_read(3, 0x7fff68868768, 832, 0x6ffffdff)                                                                 = 832
8635 [0x7f8e2503b604] SYS_fstat(3, 0x7fff68868640, 0x7fff68868640, 16)                                                             = 0
8635 [0x7f8e2503b80a] SYS_mmap(0, 0x202e20, 5, 2050)                                                                               = 0x7f8e234ff000
8635 [0x7f8e2503b857] SYS_mprotect(0x7f8e23502000, 0x1ff000, 0, 2050)                                                              = 0
8635 [0x7f8e2503b80a] SYS_mmap(0x7f8e23701000, 4096, 3, 2066)                                                                      = 0x7f8e23701000
8635 [0x7f8e2503b787] SYS_close(3, 16, 0x7f8e23701c28, 0x6ffffdff)                                                                 = 0
8635 [0x7f8e2503b677] SYS_open(0x7f8e25237e58, 0x80000, 0, 0x6ffffdff)                                                             = 3
8635 [0x7f8e2503b697] SYS_read(3, 0x7fff68868738, 832, 0x6ffffdff)                                                                 = 832
8635 [0x7f8e2503b604] SYS_fstat(3, 0x7fff68868610, 0x7fff68868610, 16)                                                             = 0
8635 [0x7f8e2503b80a] SYS_mmap(0, 4096, 3, 34)                                                                                     = 0x7f8e25236000
8635 [0x7f8e2503b80a] SYS_mmap(0, 0x209850, 5, 2050)                                                                               = 0x7f8e232f5000
8635 [0x7f8e2503b857] SYS_mprotect(0x7f8e232ff000, 0x1ff000, 0, 2050)                                                              = 0
8635 [0x7f8e2503b80a] SYS_mmap(0x7f8e234fe000, 4096, 3, 2066)                                                                      = 0x7f8e234fe000
8635 [0x7f8e2503b787] SYS_close(3, 16, 0x7f8e234fe618, 0x6ffffdff)                                                                 = 0
8635 [0x7f8e2503b677] SYS_open(0x7f8e252364b8, 0x80000, 0, 0x6ffffdff)                                                             = 3
8635 [0x7f8e2503b697] SYS_read(3, 0x7fff68868708, 832, 0x6ffffdff)                                                                 = 832
8635 [0x7f8e2503b604] SYS_fstat(3, 0x7fff688685e0, 0x7fff688685e0, 16)                                                             = 0
8635 [0x7f8e2503b80a] SYS_mmap(0, 0x210868, 5, 2050)                                                                               = 0x7f8e230e4000
8635 [0x7f8e2503b857] SYS_mprotect(0x7f8e230f5000, 0x1ff000, 0, 2050)                                                              = 0
8635 [0x7f8e2503b80a] SYS_mmap(0x7f8e232f4000, 4096, 3, 2066)                                                                      = 0x7f8e232f4000
8635 [0x7f8e2503b787] SYS_close(3, 16, 0x7f8e232f4408, 0x6ffffdff)                                                                 = 0
8635 [0x7f8e2503b677] SYS_open(0x7f8e25236a40, 0x80000, 0, 0x7f8e252379a0)                                                         = 3
8635 [0x7f8e2503b697] SYS_read(3, 0x7fff688685a8, 832, 0x7f8e252379a0)                                                             = 832
8635 [0x7f8e2503b604] SYS_fstat(3, 0x7fff68868480, 0x7fff68868480, 16)                                                             = 0
8635 [0x7f8e2503b80a] SYS_mmap(0, 0x2032c8, 5, 2050)                                                                               = 0x7f8e22ee0000
8635 [0x7f8e2503b857] SYS_mprotect(0x7f8e22ee3000, 0x200000, 0, 2050)                                                              = 0
8635 [0x7f8e2503b80a] SYS_mmap(0x7f8e230e3000, 4096, 3, 2066)                                                                      = 0x7f8e230e3000
8635 [0x7f8e2503b787] SYS_close(3, 16, 0x7f8e230e3188, 0x6ffffdff)                                                                 = 0
8635 [0x7f8e2503b677] SYS_open(0x7f8e25236f28, 0x80000, 0, 0x6ffffdff)                                                             = 3
8635 [0x7f8e2503b697] SYS_read(3, 0x7fff68868578, 832, 0x6ffffdff)                                                                 = 832
8635 [0x7f8e2503b604] SYS_fstat(3, 0x7fff68868450, 0x7fff68868450, 16)                                                             = 0
8635 [0x7f8e2503b80a] SYS_mmap(0, 4096, 3, 34)                                                                                     = 0x7f8e25235000
8635 [0x7f8e2503b80a] SYS_mmap(0, 0x207820, 5, 2050)                                                                               = 0x7f8e22cd8000
8635 [0x7f8e2503b857] SYS_mprotect(0x7f8e22cdf000, 0x200000, 0, 2050)                                                              = 0
8635 [0x7f8e2503b80a] SYS_mmap(0x7f8e22edf000, 4096, 3, 2066)                                                                      = 0x7f8e22edf000
8635 [0x7f8e2503b787] SYS_close(3, 16, 0x7f8e22edf188, 0x6ffffdff)                                                                 = 0
8635 [0x7f8e2503b677] SYS_open(0x7f8e252354c8, 0x80000, 0, 0x6ffffdff)                                                             = 3
8635 [0x7f8e2503b697] SYS_read(3, 0x7fff68868548, 832, 0x6ffffdff)                                                                 = 832
8635 [0x7f8e2503b604] SYS_fstat(3, 0x7fff68868420, 0x7fff68868420, 16)                                                             = 0
8635 [0x7f8e2503b80a] SYS_mmap(0, 0x201f30, 5, 2050)                                                                               = 0x7f8e22ad6000
8635 [0x7f8e2503b857] SYS_mprotect(0x7f8e22ad8000, 0x1ff000, 0, 2050)                                                              = 0
8635 [0x7f8e2503b80a] SYS_mmap(0x7f8e22cd7000, 4096, 3, 2066)                                                                      = 0x7f8e22cd7000
8635 [0x7f8e2503b787] SYS_close(3, 16, 0x7f8e22cd7e18, 0x6ffffdff)                                                                 = 0
8635 [0x7f8e2503b677] SYS_open(0x7f8e25235a60, 0x80000, 0, 0x7f8e252394d0)                                                         = 3
8635 [0x7f8e2503b697] SYS_read(3, 0x7fff68868518, 832, 0x7f8e252394d0)                                                             = 832
8635 [0x7f8e2503b604] SYS_fstat(3, 0x7fff688683f0, 0x7fff688683f0, 16)                                                             = 0
8635 [0x7f8e2503b80a] SYS_mmap(0, 0x2022e8, 5, 2050)                                                                               = 0x7f8e228d3000
8635 [0x7f8e2503b857] SYS_mprotect(0x7f8e228d5000, 0x200000, 0, 2050)                                                              = 0
8635 [0x7f8e2503b80a] SYS_mmap(0x7f8e22ad5000, 4096, 3, 2066)                                                                      = 0x7f8e22ad5000
8635 [0x7f8e2503b787] SYS_close(3, 16, 0x7f8e22ad5198, 0x6ffffdff)                                                                 = 0
8635 [0x7f8e2503b677] SYS_open(0x7f8e25235f40, 0x80000, 0, 0x6ffffdff)                                                             = 3
8635 [0x7f8e2503b697] SYS_read(3, 0x7fff688684e8, 832, 0x6ffffdff)                                                                 = 832
8635 [0x7f8e2503b604] SYS_fstat(3, 0x7fff688683c0, 0x7fff688683c0, 16)                                                             = 0
8635 [0x7f8e2503b80a] SYS_mmap(0, 4096, 3, 34)                                                                                     = 0x7f8e25234000
8635 [0x7f8e2503b80a] SYS_mmap(0, 0x201f30, 5, 2050)                                                                               = 0x7f8e226d1000
8635 [0x7f8e2503b857] SYS_mprotect(0x7f8e226d3000, 0x1ff000, 0, 2050)                                                              = 0
8635 [0x7f8e2503b80a] SYS_mmap(0x7f8e228d2000, 4096, 3, 2066)                                                                      = 0x7f8e228d2000
8635 [0x7f8e2503b787] SYS_close(3, 16, 0x7f8e228d2e18, 0x6ffffdff)                                                                 = 0
8635 [0x7f8e2503b677] SYS_open(0x7f8e252344c0, 0x80000, 0, 0x6ffffdff)                                                             = 3
8635 [0x7f8e2503b697] SYS_read(3, 0x7fff688684b8, 832, 0x6ffffdff)                                                                 = 832
8635 [0x7f8e2503b604] SYS_fstat(3, 0x7fff68868390, 0x7fff68868390, 16)                                                             = 0
8635 [0x7f8e2503b80a] SYS_mmap(0, 0x2038b8, 5, 2050)                                                                               = 0x7f8e224cd000
8635 [0x7f8e2503b857] SYS_mprotect(0x7f8e224d1000, 0x1ff000, 0, 2050)                                                              = 0
8635 [0x7f8e2503b80a] SYS_mmap(0x7f8e226d0000, 4096, 3, 2066)                                                                      = 0x7f8e226d0000
8635 [0x7f8e2503b787] SYS_close(3, 16, 0x7f8e226d0748, 0x6ffffdff)                                                                 = 0
8635 [0x7f8e2503b677] SYS_open(0x7f8e25234a60, 0x80000, 0, 0x7f8e25237000)                                                         = 3
8635 [0x7f8e2503b697] SYS_read(3, 0x7fff68868458, 832, 0x7f8e25237000)                                                             = 832
8635 [0x7f8e2503b604] SYS_fstat(3, 0x7fff68868330, 0x7fff68868330, 16)                                                             = 0
8635 [0x7f8e2503b80a] SYS_mmap(0, 0x210848, 5, 2050)                                                                               = 0x7f8e222bc000
8635 [0x7f8e2503b857] SYS_mprotect(0x7f8e222cc000, 0x1ff000, 0, 2050)                                                              = 0
8635 [0x7f8e2503b80a] SYS_mmap(0x7f8e224cb000, 8192, 3, 2066)                                                                      = 0x7f8e224cb000
8635 [0x7f8e2503b787] SYS_close(3, 16, 0x7f8e224cbd90, 0x6ffffdff)                                                                 = 0
8635 [0x7f8e2503b677] SYS_open(0x7f8e25234f48, 0x80000, 0, 0x6ffffdff)                                                             = 3
8635 [0x7f8e2503b697] SYS_read(3, 0x7fff68868428, 832, 0x6ffffdff)                                                                 = 832
8635 [0x7f8e2503b604] SYS_fstat(3, 0x7fff68868300, 0x7fff68868300, 16)                                                             = 0
8635 [0x7f8e2503b80a] SYS_mmap(0, 4096, 3, 34)                                                                                     = 0x7f8e25233000
8635 [0x7f8e2503b80a] SYS_mmap(0, 0x20acf0, 5, 2050)                                                                               = 0x7f8e220b1000
8635 [0x7f8e2503b857] SYS_mprotect(0x7f8e220bc000, 0x1ff000, 0, 2050)                                                              = 0
8635 [0x7f8e2503b80a] SYS_mmap(0x7f8e222bb000, 4096, 3, 2066)                                                                      = 0x7f8e222bb000
8635 [0x7f8e2503b787] SYS_close(3, 16, 0x7f8e222bb750, 0x6ffffdff)                                                                 = 0
8635 [0x7f8e2503b677] SYS_open(0x7f8e25233560, 0x80000, 0, 0x7f8e25237000)                                                         = 3
8635 [0x7f8e2503b697] SYS_read(3, 0x7fff688683f8, 832, 0x7f8e25237000)                                                             = 832
8635 [0x7f8e2503b604] SYS_fstat(3, 0x7fff688682d0, 0x7fff688682d0, 32)                                                             = 0
8635 [0x7f8e2503b80a] SYS_mmap(0, 0x2361e0, 5, 2050)                                                                               = 0x7f8e21e7a000
8635 [0x7f8e2503b857] SYS_mprotect(0x7f8e21e82000, 0x1ff000, 0, 2050)                                                              = 0
8635 [0x7f8e2503b80a] SYS_mmap(0x7f8e22081000, 8192, 3, 2066)                                                                      = 0x7f8e22081000
8635 [0x7f8e2503b80a] SYS_mmap(0x7f8e22083000, 0x2d1e0, 3, 50)                                                                     = 0x7f8e22083000
8635 [0x7f8e2503b787] SYS_close(3, 16, 0, 0x6ffffdff)                                                                              = 0
8635 [0x7f8e2503b677] SYS_open(0x7f8e25233a30, 0x80000, 0, 0x6ffffdff)                                                             = 3
8635 [0x7f8e2503b697] SYS_read(3, 0x7fff688683c8, 832, 0x6ffffdff)                                                                 = 832
8635 [0x7f8e2503b604] SYS_fstat(3, 0x7fff688682a0, 0x7fff688682a0, 16)                                                             = 0
8635 [0x7f8e2503b80a] SYS_mmap(0, 0x43fe88, 5, 2050)                                                                               = 0x7f8e21a3a000
8635 [0x7f8e2503b857] SYS_mprotect(0x7f8e21c4f000, 0x200000, 0, 2050)                                                              = 0
8635 [0x7f8e2503b80a] SYS_mmap(0x7f8e21e4f000, 0x27000, 3, 2066)                                                                   = 0x7f8e21e4f000
8635 [0x7f8e2503b80a] SYS_mmap(0x7f8e21e76000, 0x3e88, 3, 50)                                                                      = 0x7f8e21e76000
8635 [0x7f8e2503b857] SYS_mprotect(0x7fff6886a000, 4096, 0x1000007, 4)                                                             = 0
8635 [0x7f8e2503b787] SYS_close(3, 4096, 0x1000007, 4)                                                                             = 0
8635 [0x7f8e2503b677] SYS_open(0x7f8e25233fb0, 0x80000, 0, 0x7f8e252364d0)                                                         = 3
8635 [0x7f8e2503b697] SYS_read(3, 0x7fff68868398, 832, 0x7f8e252364d0)                                                             = 832
8635 [0x7f8e2503b604] SYS_fstat(3, 0x7fff68868270, 0x7fff68868270, 16)                                                             = 0
8635 [0x7f8e2503b80a] SYS_mmap(0, 4096, 3, 34)                                                                                     = 0x7f8e25232000
8635 [0x7f8e2503b80a] SYS_mmap(0, 0x215730, 5, 2050)                                                                               = 0x7f8e21824000
8635 [0x7f8e2503b857] SYS_mprotect(0x7f8e2183a000, 0x1ff000, 0, 2050)                                                              = 0
8635 [0x7f8e2503b80a] SYS_mmap(0x7f8e21a39000, 4096, 3, 2066)                                                                      = 0x7f8e21a39000
8635 [0x7f8e2503b787] SYS_close(3, 16, 0x7f8e21a39490, 0x6ffffdff)                                                                 = 0
8635 [0x7f8e2503b677] SYS_open(0x7f8e252324f0, 0x80000, 0, 0x6ffffdff)                                                             = 3
8635 [0x7f8e2503b697] SYS_read(3, 0x7fff68868368, 832, 0x6ffffdff)                                                                 = 832
8635 [0x7f8e2503b604] SYS_fstat(3, 0x7fff68868240, 0x7fff68868240, 32)                                                             = 0
8635 [0x7f8e2503b80a] SYS_mmap(0, 0x2fd148, 5, 2050)                                                                               = 0x7f8e21526000
8635 [0x7f8e2503b857] SYS_mprotect(0x7f8e21623000, 0x1ff000, 0, 2050)                                                              = 0
8635 [0x7f8e2503b80a] SYS_mmap(0x7f8e21822000, 8192, 3, 2066)                                                                      = 0x7f8e21822000
8635 [0x7f8e2503b787] SYS_close(3, 16, 0, 0x6ffffdff)                                                                              = 0
8635 [0x7f8e2503b677] SYS_open(0x7fff68868130, 0x80000, 0, 0x36782f39325f3130)                                                     = -2
8635 [0x7f8e2503b5c5] SYS_stat(0x7fff68868130, 0x7fff68868210, 0x7fff68868210, 0x36782f39325f3130)                                 = -2
8635 [0x7f8e2503b677] SYS_open(0x7fff68868130, 0x80000, 0, 0x36782f39325f3130)                                                     = -2
8635 [0x7f8e2503b5c5] SYS_stat(0x7fff68868130, 0x7fff68868210, 0x7fff68868210, 0x36782f39325f3130)                                 = -2
8635 [0x7f8e2503b677] SYS_open(0x7fff68868130, 0x80000, 0, 0x36782f39325f3130)                                                     = -2
8635 [0x7f8e2503b5c5] SYS_stat(0x7fff68868130, 0x7fff68868210, 0x7fff68868210, 0x36782f39325f3130)                                 = -2
8635 [0x7f8e2503b677] SYS_open(0x7fff68868130, 0x80000, 0, 0x36782f39325f3130)                                                     = -2
8635 [0x7f8e2503b5c5] SYS_stat(0x7fff68868130, 0x7fff68868210, 0x7fff68868210, 0x36782f39325f3130)                                 = -2
8635 [0x7f8e2503b677] SYS_open(0x7f8e25232dd0, 0x80000, 0, 0x36782f39325f3130)                                                     = 3
8635 [0x7f8e2503b697] SYS_read(3, 0x7fff68868338, 832, 0x36782f39325f3130)                                                         = 832
8635 [0x7f8e2503b604] SYS_fstat(3, 0x7fff68868210, 0x7fff68868210, 16)                                                             = 0
8635 [0x7f8e2503b80a] SYS_mmap(0, 4096, 3, 34)                                                                                     = 0x7f8e25231000
8635 [0x7f8e2503b80a] SYS_mmap(0, 0x2f8980, 5, 2050)                                                                               = 0x7f8e2122d000
8635 [0x7f8e2503b857] SYS_mprotect(0x7f8e21324000, 0x200000, 0, 2050)                                                              = 0
8635 [0x7f8e2503b80a] SYS_mmap(0x7f8e21524000, 8192, 3, 2066)                                                                      = 0x7f8e21524000
8635 [0x7f8e2503b787] SYS_close(3, 16, 0x7f8e215243a0, 0x6ffffdff)                                                                 = 0
8635 [0x7f8e2503b677] SYS_open(0x7f8e252314c8, 0x80000, 0, 0x6ffffdff)                                                             = 3
8635 [0x7f8e2503b697] SYS_read(3, 0x7fff68868308, 832, 0x6ffffdff)                                                                 = 832
8635 [0x7f8e2503b604] SYS_fstat(3, 0x7fff688681e0, 0x7fff688681e0, 16)                                                             = 0
8635 [0x7f8e2503b80a] SYS_mmap(0, 0x2fc9d8, 5, 2050)                                                                               = 0x7f8e20f30000
8635 [0x7f8e2503b857] SYS_mprotect(0x7f8e2102b000, 0x200000, 0, 2050)                                                              = 0
8635 [0x7f8e2503b80a] SYS_mmap(0x7f8e2122b000, 8192, 3, 2066)                                                                      = 0x7f8e2122b000
8635 [0x7f8e2503b787] SYS_close(3, 16, 0x7f8e2122c828, 0x6ffffdff)                                                                 = 0
8635 [0x7f8e2503b677] SYS_open(0x7f8e25231998, 0x80000, 0, 0x6ffffdff)                                                             = 3
8635 [0x7f8e2503b697] SYS_read(3, 0x7fff688682d8, 832, 0x6ffffdff)                                                                 = 832
8635 [0x7f8e2503b604] SYS_fstat(3, 0x7fff688681b0, 0x7fff688681b0, 16)                                                             = 0
8635 [0x7f8e2503b80a] SYS_mmap(0, 0x242830, 5, 2050)                                                                               = 0x7f8e20ced000
8635 [0x7f8e2503b857] SYS_mprotect(0x7f8e20d30000, 0x1ff000, 0, 2050)                                                              = 0
8635 [0x7f8e2503b80a] SYS_mmap(0x7f8e20f2f000, 4096, 3, 2066)                                                                      = 0x7f8e20f2f000
8635 [0x7f8e2503b787] SYS_close(3, 16, 0x7f8e20f2f630, 0x6ffffdff)                                                                 = 0
8635 [0x7f8e2503b677] SYS_open(0x7f8e25231f70, 0x80000, 0, 0x7f8e252389b8)                                                         = 3
8635 [0x7f8e2503b697] SYS_read(3, 0x7fff688682a8, 832, 0x7f8e252389b8)                                                             = 832
8635 [0x7f8e2503b604] SYS_fstat(3, 0x7fff68868180, 0x7fff68868180, 32)                                                             = 0
8635 [0x7f8e2503b80a] SYS_mmap(0, 4096, 3, 34)                                                                                     = 0x7f8e25230000
8635 [0x7f8e2503b80a] SYS_mmap(0, 0x203118, 5, 2050)                                                                               = 0x7f8e20ae9000
8635 [0x7f8e2503b857] SYS_mprotect(0x7f8e20aeb000, 0x200000, 0, 2050)                                                              = 0
8635 [0x7f8e2503b80a] SYS_mmap(0x7f8e20ceb000, 8192, 3, 2066)                                                                      = 0x7f8e20ceb000
8635 [0x7f8e2503b787] SYS_close(3, 16, 0x7f8e20cebf40, 0x6ffffdff)                                                                 = 0
8635 [0x7f8e2503b80a] SYS_mmap(0, 4096, 3, 34)                                                                                     = 0x7f8e2522f000
8635 [0x7f8e2503b80a] SYS_mmap(0, 4096, 3, 34)                                                                                     = 0x7f8e2522e000
8635 [0x7f8e2503b80a] SYS_mmap(0, 8192, 3, 34)                                                                                     = 0x7f8e2522c000
8635 [0x7f8e25025044] SYS_arch_prctl(4098, 0x7f8e2522c780, 0x7f8e2522d080, 34)                                                     = 0
8635 [0x7f8e2503b857] SYS_mprotect(0x7f8e2497b000, 0x4000, 1, 1)                                                                   = 0
8635 [0x7f8e2503b857] SYS_mprotect(0x7f8e20ceb000, 4096, 1, 0x7f8e20ae9c68)                                                        = 0
8635 [0x7f8e2503b857] SYS_mprotect(0x7f8e23b21000, 4096, 1, 0x7f8e2390f500)                                                        = 0
8635 [0x7f8e2503b857] SYS_mprotect(0x7f8e21822000, 4096, 1, 1)                                                                     = 0
8635 [0x7f8e2503b857] SYS_mprotect(0x7f8e22081000, 4096, 1, 0x7f8e21e7aa00)                                                        = 0
8635 [0x7f8e2503b857] SYS_mprotect(0x7f8e23de5000, 0x7000, 1, 0x7f8e23b7f810)                                                      = 0
8635 [0x7f8e2503b857] SYS_mprotect(0x7f8e23908000, 4096, 1, 0x7f8e23703d58)                                                        = 0
8635 [0x7f8e2503b857] SYS_mprotect(0x7f8e25244000, 4096, 1, 0)                                                                     = 0
8635 [0x7f8e2503b837] SYS_munmap(0x7f8e2523a000, 0x83b3, 0x73800, 0)                                                               = 0
8635 [0x7f8e23910e92] SYS_set_tid_address(0x7f8e2522ca50, 0x7fff6886a298, 0x7f8e2522c780, 0)                                       = 8635
8635 [0x7f8e23910efa] SYS_set_robust_list(0x7f8e2522ca60, 24, 0x7f8e2522c780, 0)                                                   = 0
8635 [0x7f8e2391acf5] SYS_rt_sigaction(32, 0x7fff68869fe8, 0, 8)                                                                   = 0
8635 [0x7f8e2391acf5] SYS_rt_sigaction(33, 0x7fff68869fe8, 0, 8)                                                                   = 0
8635 [0x7f8e23910fd6] SYS_rt_sigprocmask(1, 0x7fff6886a138, 0, 8)                                                                  = 0
8635 [0x7f8e246c7b17] SYS_getrlimit(3, 0x7fff6886a1d0, 63, 1)                                                                      = 0
8635 [0x7f8e23910b95] SYS_futex(0x7f8e23def7e0, 129, 0x7fffffff, 0)                                                                = 0
8635 [0x4009e1] ledctrl->Hal_Led_Set_Mode(2, 1, 0x7f8e24735c60, 0 <unfinished ...>
8635 [0x7f8e2498b575]   libnhal.so->Hal_Lookup_Hardware_Info(0x7fff68869fc0, 1, 0x7f8e24735c60, 0 <unfinished ...>
8635 [0x7f8e246c2557]     SYS_statfs(0x7f8e2391d1e8, 0x7fff68869db0, 0x7f8e23b26310, 1)                                            = 0
8635 [0x7f8e23910b95]     SYS_futex(0x7f8e23b26310, 129, 0x7fffffff, 0)                                                            = 0
8635 [0x7f8e246c27e0]     SYS_open(0x7fff68869ec0, 0xa0002, 484, 1)                                                                = 3
8635 [0x7f8e246cb72a]     SYS_mmap(0, 220, 3, 1)                                                                                   = 0x7f8e25242000
8635 [0x7f8e246c3070]     SYS_close(3, 220, 3, 1)                                                                                  = 0
8635 [0x7f8e2498a7f0]     libnhal.so->Hw_Semaphore_Init(0x7fff68869f70, 0x7f8e2498d287, 1, -1 <unfinished ...>
8635 [0x7f8e246c2405]       SYS_lstat(0x7fff68869e20, 0x7fff68869d30, 0x7fff68869d30, 0)                                           = -2
8635 [0x7f8e2391a510]       SYS_open(0x7fff68869e20, 194, 600, 0)                                                                  = 3
8635 [0x7f8e23919da0]       SYS_write(3, 0x7fff68869ea0, 32, 0)                                                                    = 32
8635 [0x7f8e246cb72a]       SYS_mmap(0, 32, 3, 1)                                                                                  = 0x7f8e25241000
8635 [0x7f8e246c41a7]       SYS_link(0x7fff68869e20, 0x7fff68869e50, 3, 1)                                                         = -17
8635 [0x7f8e246cb757]       SYS_munmap(0x7f8e25241000, 32, 3, 1)                                                                   = 0
8635 [0x7f8e246c42c7]       SYS_unlink(0x7fff68869e20, 32, 3, 1)                                                                   = 0
8635 [0x7f8e23919e60]       SYS_close(3, 32, 3, 1)                                                                                 = 0
8635 [0x7f8e2391a510]       SYS_open(0x7fff68869e50, 0x20002, 18, 1)                                                               = 3
8635 [0x7f8e246c23b4]       SYS_fstat(3, 0x7fff68869d80, 0x7fff68869d80, 1)                                                        = 0
8635 [0x7f8e246c7f5a]       SYS_brk(0, 0x7f8e2497f640, 0, -4096)                                                                   = 0x1652000
8635 [0x7f8e246c7f5a]       SYS_brk(0x1673000, 0x1652000, 0x1673000, -4096)                                                        = 0x1673000
8635 [0x7f8e246cb72a]       SYS_mmap(0, 32, 3, 1)                                                                                  = 0x7f8e25241000
8635 [0x7f8e23919e60]       SYS_close(3, 32, 0, 3)                                                                                 = 0
8635 [0x7f8e2498a7f0]     <... Hw_Semaphore_Init resumed> )                                                                        = 17
8635 [0x7f8e2498a800]     libnhal.so->Hw_Semaphore_Lock(0x7fff68869f70, 32, 0x7f8e25241000, -1)                                    = 0
8635 [0x7f8e2498a918]     libnhal.so->Hw_Semaphore_Unlock(0x7fff68869f70, 2, 0x7f8e25242000, 0)                                    = 0
8635 [0x7f8e2498a924]     libnhal.so->Hw_Semaphore_Release(0x7fff68869f70, 128, 0, 0 <unfinished ...>
8635 [0x7f8e246cb757]       SYS_munmap(0x7f8e25241000, 32, 0, 1)                                                                   = 0
8635 [0x7f8e2498a924]     <... Hw_Semaphore_Release resumed> )                                                                     = 0
8635 [0x7f8e2498b575]   <... Hal_Lookup_Hardware_Info resumed> )                                                                   = 0
8635 [0x7f8e2498babc]   libnhal.so->It87_Set_Gpio(0, 2, 0, -7688 <unfinished ...>
8635 [0x7f8e22cdbe70]     libgeneraldrv.so->Hw_Semaphore_Init(0x7fff68869f50, 0x7f8e22cde012, 1, 0 <unfinished ...>
8635 [0x7f8e246c2405]       SYS_lstat(0x7fff68869dd0, 0x7fff68869ce0, 0x7fff68869ce0, 0)                                           = -2
8635 [0x7f8e2391a510]       SYS_open(0x7fff68869dd0, 194, 600, 0)                                                                  = 3
8635 [0x7f8e23919da0]       SYS_write(3, 0x7fff68869e50, 32, 0)                                                                    = 32
8635 [0x7f8e246cb72a]       SYS_mmap(0, 32, 3, 1)                                                                                  = 0x7f8e25241000
8635 [0x7f8e246c41a7]       SYS_link(0x7fff68869dd0, 0x7fff68869e00, 3, 1)                                                         = -17
8635 [0x7f8e246cb757]       SYS_munmap(0x7f8e25241000, 32, 3, 1)                                                                   = 0
8635 [0x7f8e246c42c7]       SYS_unlink(0x7fff68869dd0, 32, 3, 1)                                                                   = 0
8635 [0x7f8e23919e60]       SYS_close(3, 32, 3, 1)                                                                                 = 0
8635 [0x7f8e2391a510]       SYS_open(0x7fff68869e00, 0x20002, 20, 1)                                                               = 3
8635 [0x7f8e246c23b4]       SYS_fstat(3, 0x7fff68869d30, 0x7fff68869d30, 1)                                                        = 0
8635 [0x7f8e246cb72a]       SYS_mmap(0, 32, 3, 1)                                                                                  = 0x7f8e25241000
8635 [0x7f8e23919e60]       SYS_close(3, 32, 0, 1)                                                                                 = 0
8635 [0x7f8e22cdbe70]     <... Hw_Semaphore_Init resumed> )                                                                        = 17
8635 [0x7f8e22cdbe80]     libgeneraldrv.so->Hw_Semaphore_Lock(0x7fff68869f50, 32, 0x7f8e25241000, -1)                              = 0
8635 [0x7f8e246cf6b7]     SYS_ioperm(46, 1, 1, 1)                                                                                  = 0
8635 [0x7f8e246cf6b7]     SYS_ioperm(46, 1, 0, 1)                                                                                  = 0
8635 [0x7f8e246cf6b7]     SYS_ioperm(235, 1, 1, 1)                                                                                 = 0
8635 [0x7f8e246cf6b7]     SYS_ioperm(235, 1, 0, 1)                                                                                 = 0
8635 [0x7f8e246cf6b7]     SYS_ioperm(46, 1, 1, 1)                                                                                  = 0
8635 [0x7f8e246cf6b7]     SYS_ioperm(46, 1, 0, 1)                                                                                  = 0
8635 [0x7f8e246cf6b7]     SYS_ioperm(235, 1, 1, 1)                                                                                 = 0
8635 [0x7f8e246cf6b7]     SYS_ioperm(235, 1, 0, 1)                                                                                 = 0
8635 [0x7f8e246cf6b7]     SYS_ioperm(46, 1, 1, 1)                                                                                  = 0
8635 [0x7f8e246cf6b7]     SYS_ioperm(46, 1, 0, 1)                                                                                  = 0
8635 [0x7f8e246cf6b7]     SYS_ioperm(235, 1, 1, 1)                                                                                 = 0
8635 [0x7f8e246cf6b7]     SYS_ioperm(235, 1, 0, 1)                                                                                 = 0
8635 [0x7f8e246cf6b7]     SYS_ioperm(46, 1, 1, 1)                                                                                  = 0
8635 [0x7f8e246cf6b7]     SYS_ioperm(46, 1, 0, 1)                                                                                  = 0
8635 [0x7f8e246cf6b7]     SYS_ioperm(235, 1, 1, 1)                                                                                 = 0
8635 [0x7f8e246cf6b7]     SYS_ioperm(235, 1, 0, 1)                                                                                 = 0
8635 [0x7f8e246cf6b7]     SYS_ioperm(46, 1, 1, 1)                                                                                  = 0
8635 [0x7f8e246cf6b7]     SYS_ioperm(46, 1, 0, 1)                                                                                  = 0
8635 [0x7f8e246cf6b7]     SYS_ioperm(235, 1, 1, 1)                                                                                 = 0
8635 [0x7f8e246cf6b7]     SYS_ioperm(235, 1, 0, 1)                                                                                 = 0
8635 [0x7f8e246cf6b7]     SYS_ioperm(47, 1, 1, 1)                                                                                  = 0
8635 [0x7f8e246cf6b7]     SYS_ioperm(47, 1, 0, 1)                                                                                  = 0
8635 [0x7f8e246cf6b7]     SYS_ioperm(235, 1, 1, 1)                                                                                 = 0
8635 [0x7f8e246cf6b7]     SYS_ioperm(235, 1, 0, 1)                                                                                 = 0
8635 [0x7f8e246cf6b7]     SYS_ioperm(46, 1, 1, 1)                                                                                  = 0
8635 [0x7f8e246cf6b7]     SYS_ioperm(46, 1, 0, 1)                                                                                  = 0
8635 [0x7f8e246cf6b7]     SYS_ioperm(235, 1, 1, 1)                                                                                 = 0
8635 [0x7f8e246cf6b7]     SYS_ioperm(235, 1, 0, 1)                                                                                 = 0
8635 [0x7f8e246cf6b7]     SYS_ioperm(47, 1, 1, 1)                                                                                  = 0
8635 [0x7f8e246cf6b7]     SYS_ioperm(47, 1, 0, 1)                                                                                  = 0
8635 [0x7f8e246cf6b7]     SYS_ioperm(235, 1, 1, 1)                                                                                 = 0
8635 [0x7f8e246cf6b7]     SYS_ioperm(235, 1, 0, 1)                                                                                 = 0
8635 [0x7f8e246cf6b7]     SYS_ioperm(46, 1, 1, 1)                                                                                  = 0
8635 [0x7f8e246cf6b7]     SYS_ioperm(46, 1, 0, 1)                                                                                  = 0
8635 [0x7f8e246cf6b7]     SYS_ioperm(235, 1, 1, 1)                                                                                 = 0
8635 [0x7f8e246cf6b7]     SYS_ioperm(235, 1, 0, 1)                                                                                 = 0
8635 [0x7f8e246cf6b7]     SYS_ioperm(47, 1, 1, 1)                                                                                  = 0
8635 [0x7f8e246cf6b7]     SYS_ioperm(47, 1, 0, 1)                                                                                  = 0
8635 [0x7f8e246cf6b7]     SYS_ioperm(235, 1, 1, 1)                                                                                 = 0
8635 [0x7f8e246cf6b7]     SYS_ioperm(235, 1, 0, 1)                                                                                 = 0
8635 [0x7f8e246cf6b7]     SYS_ioperm(46, 1, 1, 1)                                                                                  = 0
8635 [0x7f8e246cf6b7]     SYS_ioperm(46, 1, 0, 1)                                                                                  = 0
8635 [0x7f8e246cf6b7]     SYS_ioperm(235, 1, 1, 1)                                                                                 = 0
8635 [0x7f8e246cf6b7]     SYS_ioperm(235, 1, 0, 1)                                                                                 = 0
8635 [0x7f8e246cf6b7]     SYS_ioperm(47, 1, 1, 1)                                                                                  = 0
8635 [0x7f8e246cf6b7]     SYS_ioperm(47, 1, 0, 1)                                                                                  = 0
8635 [0x7f8e246cf6b7]     SYS_ioperm(235, 1, 1, 1)                                                                                 = 0
8635 [0x7f8e246cf6b7]     SYS_ioperm(235, 1, 0, 1)                                                                                 = 0
8635 [0x7f8e246cf6b7]     SYS_ioperm(1733, 1, 1, 1)                                                                                = 0
8635 [0x7f8e246cf6b7]     SYS_ioperm(1733, 1, 0, 1)                                                                                = 0
8635 [0x7f8e246cf6b7]     SYS_ioperm(235, 1, 1, 1)                                                                                 = 0
8635 [0x7f8e246cf6b7]     SYS_ioperm(235, 1, 0, 1)                                                                                 = 0
8635 [0x7f8e246cf6b7]     SYS_ioperm(1734, 1, 1, 1)                                                                                = 0
8635 [0x7f8e246cf6b7]     SYS_ioperm(1734, 1, 0, 1)                                                                                = 0
8635 [0x7f8e246cf6b7]     SYS_ioperm(235, 1, 1, 1)                                                                                 = 0
8635 [0x7f8e246cf6b7]     SYS_ioperm(235, 1, 0, 1)                                                                                 = 0
8635 [0x7f8e246cf6b7]     SYS_ioperm(1733, 1, 1, 1)                                                                                = 0
8635 [0x7f8e246cf6b7]     SYS_ioperm(1733, 1, 0, 1)                                                                                = 0
8635 [0x7f8e246cf6b7]     SYS_ioperm(235, 1, 1, 1)                                                                                 = 0
8635 [0x7f8e246cf6b7]     SYS_ioperm(235, 1, 0, 1)                                                                                 = 0
8635 [0x7f8e246cf6b7]     SYS_ioperm(1734, 1, 1, 1)                                                                                = 0
8635 [0x7f8e246cf6b7]     SYS_ioperm(1734, 1, 0, 1)                                                                                = 0
8635 [0x7f8e246cf6b7]     SYS_ioperm(235, 1, 1, 1)                                                                                 = 0
8635 [0x7f8e246cf6b7]     SYS_ioperm(235, 1, 0, 1)                                                                                 = 0
8635 [0x7f8e246cf6b7]     SYS_ioperm(46, 1, 1, 1)                                                                                  = 0
8635 [0x7f8e246cf6b7]     SYS_ioperm(46, 1, 0, 1)                                                                                  = 0
8635 [0x7f8e246cf6b7]     SYS_ioperm(235, 1, 1, 1)                                                                                 = 0
8635 [0x7f8e246cf6b7]     SYS_ioperm(235, 1, 0, 1)                                                                                 = 0
8635 [0x7f8e246cf6b7]     SYS_ioperm(46, 1, 1, 1)                                                                                  = 0
8635 [0x7f8e246cf6b7]     SYS_ioperm(46, 1, 0, 1)                                                                                  = 0
8635 [0x7f8e246cf6b7]     SYS_ioperm(235, 1, 1, 1)                                                                                 = 0
8635 [0x7f8e246cf6b7]     SYS_ioperm(235, 1, 0, 1)                                                                                 = 0
8635 [0x7f8e246cf6b7]     SYS_ioperm(46, 1, 1, 1)                                                                                  = 0
8635 [0x7f8e246cf6b7]     SYS_ioperm(46, 1, 0, 1)                                                                                  = 0
8635 [0x7f8e246cf6b7]     SYS_ioperm(235, 1, 1, 1)                                                                                 = 0
8635 [0x7f8e246cf6b7]     SYS_ioperm(235, 1, 0, 1)                                                                                 = 0
8635 [0x7f8e246cf6b7]     SYS_ioperm(46, 1, 1, 1)                                                                                  = 0
8635 [0x7f8e246cf6b7]     SYS_ioperm(46, 1, 0, 1)                                                                                  = 0
8635 [0x7f8e246cf6b7]     SYS_ioperm(235, 1, 1, 1)                                                                                 = 0
8635 [0x7f8e246cf6b7]     SYS_ioperm(235, 1, 0, 1)                                                                                 = 0
8635 [0x7f8e246cf6b7]     SYS_ioperm(46, 1, 1, 1)                                                                                  = 0
8635 [0x7f8e246cf6b7]     SYS_ioperm(46, 1, 0, 1)                                                                                  = 0
8635 [0x7f8e246cf6b7]     SYS_ioperm(235, 1, 1, 1)                                                                                 = 0
8635 [0x7f8e246cf6b7]     SYS_ioperm(235, 1, 0, 1)                                                                                 = 0
8635 [0x7f8e246cf6b7]     SYS_ioperm(47, 1, 1, 1)                                                                                  = 0
8635 [0x7f8e246cf6b7]     SYS_ioperm(47, 1, 0, 1)                                                                                  = 0
8635 [0x7f8e246cf6b7]     SYS_ioperm(235, 1, 1, 1)                                                                                 = 0
8635 [0x7f8e246cf6b7]     SYS_ioperm(235, 1, 0, 1)                                                                                 = 0
8635 [0x7f8e246cf6b7]     SYS_ioperm(46, 1, 1, 1)                                                                                  = 0
8635 [0x7f8e246cf6b7]     SYS_ioperm(46, 1, 0, 1)                                                                                  = 0
8635 [0x7f8e246cf6b7]     SYS_ioperm(235, 1, 1, 1)                                                                                 = 0
8635 [0x7f8e246cf6b7]     SYS_ioperm(235, 1, 0, 1)                                                                                 = 0
8635 [0x7f8e246cf6b7]     SYS_ioperm(47, 1, 1, 1)                                                                                  = 0
8635 [0x7f8e246cf6b7]     SYS_ioperm(47, 1, 0, 1)                                                                                  = 0
8635 [0x7f8e246cf6b7]     SYS_ioperm(235, 1, 1, 1)                                                                                 = 0
8635 [0x7f8e246cf6b7]     SYS_ioperm(235, 1, 0, 1)                                                                                 = 0
8635 [0x7f8e246cf6b7]     SYS_ioperm(46, 1, 1, 1)                                                                                  = 0
8635 [0x7f8e246cf6b7]     SYS_ioperm(46, 1, 0, 1)                                                                                  = 0
8635 [0x7f8e246cf6b7]     SYS_ioperm(235, 1, 1, 1)                                                                                 = 0
8635 [0x7f8e246cf6b7]     SYS_ioperm(235, 1, 0, 1)                                                                                 = 0
8635 [0x7f8e246cf6b7]     SYS_ioperm(47, 1, 1, 1)                                                                                  = 0
8635 [0x7f8e246cf6b7]     SYS_ioperm(47, 1, 0, 1)                                                                                  = 0
8635 [0x7f8e246cf6b7]     SYS_ioperm(235, 1, 1, 1)                                                                                 = 0
8635 [0x7f8e246cf6b7]     SYS_ioperm(235, 1, 0, 1)                                                                                 = 0
8635 [0x7f8e246cf6b7]     SYS_ioperm(46, 1, 1, 1)                                                                                  = 0
8635 [0x7f8e246cf6b7]     SYS_ioperm(46, 1, 0, 1)                                                                                  = 0
8635 [0x7f8e246cf6b7]     SYS_ioperm(235, 1, 1, 1)                                                                                 = 0
8635 [0x7f8e246cf6b7]     SYS_ioperm(235, 1, 0, 1)                                                                                 = 0
8635 [0x7f8e246cf6b7]     SYS_ioperm(47, 1, 1, 1)                                                                                  = 0
8635 [0x7f8e246cf6b7]     SYS_ioperm(47, 1, 0, 1)                                                                                  = 0
8635 [0x7f8e246cf6b7]     SYS_ioperm(235, 1, 1, 1)                                                                                 = 0
8635 [0x7f8e246cf6b7]     SYS_ioperm(235, 1, 0, 1)                                                                                 = 0
8635 [0x7f8e246cf6b7]     SYS_ioperm(46, 1, 1, 1)                                                                                  = 0
8635 [0x7f8e246cf6b7]     SYS_ioperm(46, 1, 0, 1)                                                                                  = 0
8635 [0x7f8e246cf6b7]     SYS_ioperm(235, 1, 1, 1)                                                                                 = 0
8635 [0x7f8e246cf6b7]     SYS_ioperm(235, 1, 0, 1)                                                                                 = 0
8635 [0x7f8e246cf6b7]     SYS_ioperm(47, 1, 1, 1)                                                                                  = 0
8635 [0x7f8e246cf6b7]     SYS_ioperm(47, 1, 0, 1)                                                                                  = 0
8635 [0x7f8e246cf6b7]     SYS_ioperm(235, 1, 1, 1)                                                                                 = 0
8635 [0x7f8e246cf6b7]     SYS_ioperm(235, 1, 0, 1)                                                                                 = 0
8635 [0x7f8e246cf6b7]     SYS_ioperm(46, 1, 1, 1)                                                                                  = 0
8635 [0x7f8e246cf6b7]     SYS_ioperm(46, 1, 0, 1)                                                                                  = 0
8635 [0x7f8e246cf6b7]     SYS_ioperm(235, 1, 1, 1)                                                                                 = 0
8635 [0x7f8e246cf6b7]     SYS_ioperm(235, 1, 0, 1)                                                                                 = 0
8635 [0x7f8e246cf6b7]     SYS_ioperm(47, 1, 1, 1)                                                                                  = 0
8635 [0x7f8e246cf6b7]     SYS_ioperm(47, 1, 0, 1)                                                                                  = 0
8635 [0x7f8e246cf6b7]     SYS_ioperm(235, 1, 1, 1)                                                                                 = 0
8635 [0x7f8e246cf6b7]     SYS_ioperm(235, 1, 0, 1)                                                                                 = 0
8635 [0x7f8e246cf6b7]     SYS_ioperm(46, 1, 1, 1)                                                                                  = 0
8635 [0x7f8e246cf6b7]     SYS_ioperm(46, 1, 0, 1)                                                                                  = 0
8635 [0x7f8e246cf6b7]     SYS_ioperm(235, 1, 1, 1)                                                                                 = 0
8635 [0x7f8e246cf6b7]     SYS_ioperm(235, 1, 0, 1)                                                                                 = 0
8635 [0x7f8e246cf6b7]     SYS_ioperm(47, 1, 1, 1)                                                                                  = 0
8635 [0x7f8e246cf6b7]     SYS_ioperm(47, 1, 0, 1)                                                                                  = 0
8635 [0x7f8e246cf6b7]     SYS_ioperm(235, 1, 1, 1)                                                                                 = 0
8635 [0x7f8e246cf6b7]     SYS_ioperm(235, 1, 0, 1)                                                                                 = 0
8635 [0x7f8e246cf6b7]     SYS_ioperm(46, 1, 1, 1)                                                                                  = 0
8635 [0x7f8e246cf6b7]     SYS_ioperm(46, 1, 0, 1)                                                                                  = 0
8635 [0x7f8e246cf6b7]     SYS_ioperm(235, 1, 1, 1)                                                                                 = 0
8635 [0x7f8e246cf6b7]     SYS_ioperm(235, 1, 0, 1)                                                                                 = 0
8635 [0x7f8e246cf6b7]     SYS_ioperm(47, 1, 1, 1)                                                                                  = 0
8635 [0x7f8e246cf6b7]     SYS_ioperm(47, 1, 0, 1)                                                                                  = 0
8635 [0x7f8e246cf6b7]     SYS_ioperm(235, 1, 1, 1)                                                                                 = 0
8635 [0x7f8e246cf6b7]     SYS_ioperm(235, 1, 0, 1)                                                                                 = 0
8635 [0x7f8e246cf6b7]     SYS_ioperm(46, 1, 1, 1)                                                                                  = 0
8635 [0x7f8e246cf6b7]     SYS_ioperm(46, 1, 0, 1)                                                                                  = 0
8635 [0x7f8e246cf6b7]     SYS_ioperm(235, 1, 1, 1)                                                                                 = 0
8635 [0x7f8e246cf6b7]     SYS_ioperm(235, 1, 0, 1)                                                                                 = 0
8635 [0x7f8e246cf6b7]     SYS_ioperm(47, 1, 1, 1)                                                                                  = 0
8635 [0x7f8e246cf6b7]     SYS_ioperm(47, 1, 0, 1)                                                                                  = 0
8635 [0x7f8e246cf6b7]     SYS_ioperm(235, 1, 1, 1)                                                                                 = 0
8635 [0x7f8e246cf6b7]     SYS_ioperm(235, 1, 0, 1)                                                                                 = 0
8635 [0x7f8e246cf6b7]     SYS_ioperm(46, 1, 1, 1)                                                                                  = 0
8635 [0x7f8e246cf6b7]     SYS_ioperm(46, 1, 0, 1)                                                                                  = 0
8635 [0x7f8e246cf6b7]     SYS_ioperm(235, 1, 1, 1)                                                                                 = 0
8635 [0x7f8e246cf6b7]     SYS_ioperm(235, 1, 0, 1)                                                                                 = 0
8635 [0x7f8e246cf6b7]     SYS_ioperm(47, 1, 1, 1)                                                                                  = 0
8635 [0x7f8e246cf6b7]     SYS_ioperm(47, 1, 0, 1)                                                                                  = 0
8635 [0x7f8e246cf6b7]     SYS_ioperm(235, 1, 1, 1)                                                                                 = 0
8635 [0x7f8e246cf6b7]     SYS_ioperm(235, 1, 0, 1)                                                                                 = 0
8635 [0x7f8e246cf6b7]     SYS_ioperm(46, 1, 1, 1)                                                                                  = 0
8635 [0x7f8e246cf6b7]     SYS_ioperm(46, 1, 0, 1)                                                                                  = 0
8635 [0x7f8e246cf6b7]     SYS_ioperm(235, 1, 1, 1)                                                                                 = 0
8635 [0x7f8e246cf6b7]     SYS_ioperm(235, 1, 0, 1)                                                                                 = 0
8635 [0x7f8e246cf6b7]     SYS_ioperm(47, 1, 1, 1)                                                                                  = 0
8635 [0x7f8e246cf6b7]     SYS_ioperm(47, 1, 0, 1)                                                                                  = 0
8635 [0x7f8e246cf6b7]     SYS_ioperm(235, 1, 1, 1)                                                                                 = 0
8635 [0x7f8e246cf6b7]     SYS_ioperm(235, 1, 0, 1)                                                                                 = 0
8635 [0x7f8e246cf6b7]     SYS_ioperm(46, 1, 1, 1)                                                                                  = 0
8635 [0x7f8e246cf6b7]     SYS_ioperm(46, 1, 0, 1)                                                                                  = 0
8635 [0x7f8e246cf6b7]     SYS_ioperm(235, 1, 1, 1)                                                                                 = 0
8635 [0x7f8e246cf6b7]     SYS_ioperm(235, 1, 0, 1)                                                                                 = 0
8635 [0x7f8e246cf6b7]     SYS_ioperm(47, 1, 1, 1)                                                                                  = 0
8635 [0x7f8e246cf6b7]     SYS_ioperm(47, 1, 0, 1)                                                                                  = 0
8635 [0x7f8e246cf6b7]     SYS_ioperm(235, 1, 1, 1)                                                                                 = 0
8635 [0x7f8e246cf6b7]     SYS_ioperm(235, 1, 0, 1)                                                                                 = 0
8635 [0x7f8e246cf6b7]     SYS_ioperm(46, 1, 1, 1)                                                                                  = 0
8635 [0x7f8e246cf6b7]     SYS_ioperm(46, 1, 0, 1)                                                                                  = 0
8635 [0x7f8e246cf6b7]     SYS_ioperm(235, 1, 1, 1)                                                                                 = 0
8635 [0x7f8e246cf6b7]     SYS_ioperm(235, 1, 0, 1)                                                                                 = 0
8635 [0x7f8e246cf6b7]     SYS_ioperm(47, 1, 1, 1)                                                                                  = 0
8635 [0x7f8e246cf6b7]     SYS_ioperm(47, 1, 0, 1)                                                                                  = 0
8635 [0x7f8e246cf6b7]     SYS_ioperm(235, 1, 1, 1)                                                                                 = 0
8635 [0x7f8e246cf6b7]     SYS_ioperm(235, 1, 0, 1)                                                                                 = 0
8635 [0x7f8e246cf6b7]     SYS_ioperm(46, 1, 1, 1)                                                                                  = 0
8635 [0x7f8e246cf6b7]     SYS_ioperm(46, 1, 0, 1)                                                                                  = 0
8635 [0x7f8e246cf6b7]     SYS_ioperm(235, 1, 1, 1)                                                                                 = 0
8635 [0x7f8e246cf6b7]     SYS_ioperm(235, 1, 0, 1)                                                                                 = 0
8635 [0x7f8e246cf6b7]     SYS_ioperm(47, 1, 1, 1)                                                                                  = 0
8635 [0x7f8e246cf6b7]     SYS_ioperm(47, 1, 0, 1)                                                                                  = 0
8635 [0x7f8e246cf6b7]     SYS_ioperm(235, 1, 1, 1)                                                                                 = 0
8635 [0x7f8e246cf6b7]     SYS_ioperm(235, 1, 0, 1)                                                                                 = 0
8635 [0x7f8e246cf6b7]     SYS_ioperm(46, 1, 1, 1)                                                                                  = 0
8635 [0x7f8e246cf6b7]     SYS_ioperm(46, 1, 0, 1)                                                                                  = 0
8635 [0x7f8e246cf6b7]     SYS_ioperm(235, 1, 1, 1)                                                                                 = 0
8635 [0x7f8e246cf6b7]     SYS_ioperm(235, 1, 0, 1)                                                                                 = 0
8635 [0x7f8e246cf6b7]     SYS_ioperm(47, 1, 1, 1)                                                                                  = 0
8635 [0x7f8e246cf6b7]     SYS_ioperm(47, 1, 0, 1)                                                                                  = 0
8635 [0x7f8e246cf6b7]     SYS_ioperm(235, 1, 1, 1)                                                                                 = 0
8635 [0x7f8e246cf6b7]     SYS_ioperm(235, 1, 0, 1)                                                                                 = 0
8635 [0x7f8e246cf6b7]     SYS_ioperm(1665, 1, 1, 1)                                                                                = 0
8635 [0x7f8e246cf6b7]     SYS_ioperm(1665, 1, 0, 1)                                                                                = 0
8635 [0x7f8e246cf6b7]     SYS_ioperm(1665, 1, 1, 1)                                                                                = 0
8635 [0x7f8e246cf6b7]     SYS_ioperm(1665, 1, 0, 1)                                                                                = 0
8635 [0x7f8e246cf6b7]     SYS_ioperm(235, 1, 1, 1)                                                                                 = 0
8635 [0x7f8e246cf6b7]     SYS_ioperm(235, 1, 0, 1)                                                                                 = 0
8635 [0x7f8e22cdc0d1]     libgeneraldrv.so->Hw_Semaphore_Unlock(0x7fff68869f50, 1, 0, -1)                                          = 0
8635 [0x7f8e22cdc0dd]     libgeneraldrv.so->Hw_Semaphore_Release(0x7fff68869f50, 128, 0, 0 <unfinished ...>
8635 [0x7f8e246cb757]       SYS_munmap(0x7f8e25241000, 32, 0, 1)                                                                   = 0
8635 [0x7f8e22cdc0dd]     <... Hw_Semaphore_Release resumed> )                                                                     = 0
8635 [0x7f8e2498babc]   <... It87_Set_Gpio resumed> )                                                                              = 0
8635 [0x4009e1] <... Hal_Led_Set_Mode resumed> )                                                                                   = 0
8635 [0x7f8e2461c932] libgeneral.so->Trace_Mem_Destroy()(0x7f8e24334d40, 0, 0x1ebc2e7b40b278c1, 16)                                = 0
8635 [0x7f8e2469f468] SYS_exit_group(0, 60, 0, 0x7f8e24982a48 <unfinished ...>
8635 [0xffffffffffffffff] +++ exited (status 0) +++
