7952 [0x7fdaa441e8aa] SYS_brk(0, 0x7fdaa4421fa0, 0, 895)                                                                           = 0x641000
7952 [0x7fdaa441f7e7] SYS_readlink(0x7fff76248b76, 0x7fff76247670, 4096, 0x756e694c00000000)                                       = -2
7952 [0x7fdaa441f677] SYS_open(0x7fdaa44231f3, 0, 0, 0x756e694c00000000)                                                           = 3
7952 [0x7fdaa441f7a7] SYS_chdir(0x7fdaa462aba8, 0, 0, 0x756e694c00000000)                                                          = -2
7952 [0x7fdaa441e9d2] SYS_getcwd(0x7fff76247670, 4096, 0, 0x756e694c00000000)                                                      = 23
7952 [0x7fdaa441f7c7] SYS_fchdir(3, 4096, 0, 0x756e694c00000000)                                                                   = 0
7952 [0x7fdaa441f787] SYS_close(3, 4096, 0, 0x756e694c00000000)                                                                    = 0
7952 [0x7fdaa441f80a] SYS_mmap(0, 4096, 3, 34)                                                                                     = 0x7fdaa4627000
7952 [0x7fdaa441f6d7] SYS_access(0x7fdaa4425700, 4, 0x7fdaa462a718, 0)                                                             = -2
7952 [0x7fdaa441f677] SYS_open(0x7fdaa4423072, 0x80000, 1, 0)                                                                      = 3
7952 [0x7fdaa441f604] SYS_fstat(3, 0x7fff76246e50, 0x7fff76246e50, 0)                                                              = 0
7952 [0x7fdaa441f80a] SYS_mmap(0, 0x83b3, 1, 2)                                                                                    = 0x7fdaa461e000
7952 [0x7fdaa441f787] SYS_close(3, 0x83b3, 1, 2)                                                                                   = 0
7952 [0x7fdaa441f677] SYS_open(0x7fdaa4627640, 0x80000, 0, 56)                                                                     = 3
7952 [0x7fdaa441f697] SYS_read(3, 0x7fff76246fd8, 832, 56)                                                                         = 832
7952 [0x7fdaa441f604] SYS_fstat(3, 0x7fff76246eb0, 0x7fff76246eb0, 16)                                                             = 0
7952 [0x7fdaa441f80a] SYS_mmap(0, 0x278960, 5, 2050)                                                                               = 0x7fdaa418f000
7952 [0x7fdaa441f857] SYS_mprotect(0x7fdaa4205000, 0x200000, 0, 2050)                                                              = 0
7952 [0x7fdaa441f80a] SYS_mmap(0x7fdaa4405000, 0x3000, 3, 2066)                                                                    = 0x7fdaa4405000
7952 [0x7fdaa441f787] SYS_close(3, 16, 0x7fdaa44053e0, 0x6ffffdff)                                                                 = 0
7952 [0x7fdaa441f677] SYS_open(0x7fdaa4627b10, 0x80000, 0, 0x6ffffdff)                                                             = 3
7952 [0x7fdaa441f697] SYS_read(3, 0x7fff76246fa8, 832, 0x6ffffdff)                                                                 = 832
7952 [0x7fdaa441f604] SYS_fstat(3, 0x7fff76246e80, 0x7fff76246e80, 16)                                                             = 0
7952 [0x7fdaa441f80a] SYS_mmap(0, 0x21bee0, 5, 2050)                                                                               = 0x7fdaa3f73000
7952 [0x7fdaa441f857] SYS_mprotect(0x7fdaa3f8e000, 0x200000, 0, 2050)                                                              = 0
7952 [0x7fdaa441f80a] SYS_mmap(0x7fdaa418e000, 4096, 3, 2066)                                                                      = 0x7fdaa418e000
7952 [0x7fdaa441f787] SYS_close(3, 16, 0x7fdaa418e208, 0x6ffffdff)                                                                 = 0
7952 [0x7fdaa441f677] SYS_open(0x7fdaa4627fe0, 0x80000, 0, 0x6ffffdff)                                                             = 3
7952 [0x7fdaa441f697] SYS_read(3, 0x7fff76246f78, 832, 0x6ffffdff)                                                                 = 832
7952 [0x7fdaa441f604] SYS_fstat(3, 0x7fff76246e50, 0x7fff76246e50, 16)                                                             = 0
7952 [0x7fdaa441f80a] SYS_mmap(0, 4096, 3, 34)                                                                                     = 0x7fdaa461d000
7952 [0x7fdaa441f80a] SYS_mmap(0, 0x209ad0, 5, 2050)                                                                               = 0x7fdaa3d69000
7952 [0x7fdaa441f857] SYS_mprotect(0x7fdaa3d73000, 0x1ff000, 0, 2050)                                                              = 0
7952 [0x7fdaa441f80a] SYS_mmap(0x7fdaa3f72000, 4096, 3, 2066)                                                                      = 0x7fdaa3f72000
7952 [0x7fdaa441f787] SYS_close(3, 16, 0x7fdaa3f72690, 0x6ffffdff)                                                                 = 0
7952 [0x7fdaa441f677] SYS_open(0x7fdaa461d4b8, 0x80000, 0, 0x6ffffdff)                                                             = 3
7952 [0x7fdaa441f697] SYS_read(3, 0x7fff76246f48, 832, 0x6ffffdff)                                                                 = 832
7952 [0x7fdaa441f604] SYS_fstat(3, 0x7fff76246e20, 0x7fff76246e20, 32)                                                             = 0
7952 [0x7fdaa441f80a] SYS_mmap(0, 0x39dc40, 5, 2050)                                                                               = 0x7fdaa39cb000
7952 [0x7fdaa441f857] SYS_mprotect(0x7fdaa3b5f000, 0x200000, 0, 2050)                                                              = 0
7952 [0x7fdaa441f80a] SYS_mmap(0x7fdaa3d5f000, 0x6000, 3, 2066)                                                                    = 0x7fdaa3d5f000
7952 [0x7fdaa441f80a] SYS_mmap(0x7fdaa3d65000, 0x3c40, 3, 50)                                                                      = 0x7fdaa3d65000
7952 [0x7fdaa441f787] SYS_close(3, 16, 0, 0x6ffffdff)                                                                              = 0
7952 [0x7fdaa441f677] SYS_open(0x7fdaa461d988, 0x80000, 0, 0x6ffffdff)                                                             = 3
7952 [0x7fdaa441f697] SYS_read(3, 0x7fff76246df8, 832, 0x6ffffdff)                                                                 = 832
7952 [0x7fdaa441f604] SYS_fstat(3, 0x7fff76246cd0, 0x7fff76246cd0, 16)                                                             = 0
7952 [0x7fdaa441f80a] SYS_mmap(0, 0x2b09d0, 5, 2050)                                                                               = 0x7fdaa371a000
7952 [0x7fdaa441f857] SYS_mprotect(0x7fdaa37c9000, 0x1ff000, 0, 2050)                                                              = 0
7952 [0x7fdaa441f80a] SYS_mmap(0x7fdaa39c8000, 0x3000, 3, 2066)                                                                    = 0x7fdaa39c8000
7952 [0x7fdaa441f787] SYS_close(3, 16, 0x7fdaa39c89a8, 0x6ffffdff)                                                                 = 0
7952 [0x7fdaa441f677] SYS_open(0x7fdaa461de58, 0x80000, 0, 0x6ffffdff)                                                             = 3
7952 [0x7fdaa441f697] SYS_read(3, 0x7fff76246dc8, 832, 0x6ffffdff)                                                                 = 832
7952 [0x7fdaa441f604] SYS_fstat(3, 0x7fff76246ca0, 0x7fff76246ca0, 16)                                                             = 0
7952 [0x7fdaa441f80a] SYS_mmap(0, 4096, 3, 34)                                                                                     = 0x7fdaa461c000
7952 [0x7fdaa441f80a] SYS_mmap(0, 0x294ee0, 5, 2050)                                                                               = 0x7fdaa3485000
7952 [0x7fdaa441f857] SYS_mprotect(0x7fdaa3517000, 0x1ff000, 0, 2050)                                                              = 0
7952 [0x7fdaa441f80a] SYS_mmap(0x7fdaa3716000, 0x3000, 3, 2066)                                                                    = 0x7fdaa3716000
7952 [0x7fdaa441f80a] SYS_mmap(0x7fdaa3719000, 3808, 3, 50)                                                                        = 0x7fdaa3719000
7952 [0x7fdaa441f787] SYS_close(3, 16, 0x7fdaa3716e30, 0x6ffffdff)                                                                 = 0
7952 [0x7fdaa441f677] SYS_open(0x7fdaa461c4b8, 0x80000, 0, 0x6ffffdff)                                                             = 3
7952 [0x7fdaa441f697] SYS_read(3, 0x7fff76246d98, 832, 0x6ffffdff)                                                                 = 832
7952 [0x7fdaa441f604] SYS_fstat(3, 0x7fff76246c70, 0x7fff76246c70, 16)                                                             = 0
7952 [0x7fdaa441f80a] SYS_mmap(0, 0x29d850, 5, 2050)                                                                               = 0x7fdaa31e7000
7952 [0x7fdaa441f857] SYS_mprotect(0x7fdaa3280000, 0x200000, 0, 2050)                                                              = 0
7952 [0x7fdaa441f80a] SYS_mmap(0x7fdaa3480000, 0x3000, 3, 2066)                                                                    = 0x7fdaa3480000
7952 [0x7fdaa441f80a] SYS_mmap(0x7fdaa3483000, 6224, 3, 50)                                                                        = 0x7fdaa3483000
7952 [0x7fdaa441f787] SYS_close(3, 16, 0x7fdaa3481cc8, 0x6ffffdff)                                                                 = 0
7952 [0x7fdaa441f677] SYS_open(0x7fdaa461c9a0, 0x80000, 0, 0x6ffffdff)                                                             = 3
7952 [0x7fdaa441f697] SYS_read(3, 0x7fff76246d68, 832, 0x6ffffdff)                                                                 = 832
7952 [0x7fdaa441f604] SYS_fstat(3, 0x7fff76246c40, 0x7fff76246c40, 16)                                                             = 0
7952 [0x7fdaa441f80a] SYS_mmap(0, 0x2dbbb0, 5, 2050)                                                                               = 0x7fdaa2f0b000
7952 [0x7fdaa441f857] SYS_mprotect(0x7fdaa2fc9000, 0x200000, 0, 2050)                                                              = 0
7952 [0x7fdaa441f80a] SYS_mmap(0x7fdaa31c9000, 0xa000, 3, 2066)                                                                    = 0x7fdaa31c9000
7952 [0x7fdaa441f80a] SYS_mmap(0x7fdaa31d3000, 0x13bb0, 3, 50)                                                                     = 0x7fdaa31d3000
7952 [0x7fdaa441f787] SYS_close(3, 16, 0x7fdaa31cf4d8, 0x6ffffdff)                                                                 = 0
7952 [0x7fdaa441f677] SYS_open(0x7fdaa461ce70, 0x80000, 0, 0x6ffffdff)                                                             = 3
7952 [0x7fdaa441f697] SYS_read(3, 0x7fff76246d38, 832, 0x6ffffdff)                                                                 = 832
7952 [0x7fdaa441f604] SYS_fstat(3, 0x7fff76246c10, 0x7fff76246c10, 32)                                                             = 0
7952 [0x7fdaa441f80a] SYS_mmap(0, 4096, 3, 34)                                                                                     = 0x7fdaa461b000
7952 [0x7fdaa441f80a] SYS_mmap(0, 0x21c490, 5, 2050)                                                                               = 0x7fdaa2cee000
7952 [0x7fdaa441f857] SYS_mprotect(0x7fdaa2d06000, 0x1ff000, 0, 2050)                                                              = 0
7952 [0x7fdaa441f80a] SYS_mmap(0x7fdaa2f05000, 8192, 3, 2066)                                                                      = 0x7fdaa2f05000
7952 [0x7fdaa441f80a] SYS_mmap(0x7fdaa2f07000, 0x3490, 3, 50)                                                                      = 0x7fdaa2f07000
7952 [0x7fdaa441f787] SYS_close(3, 16, 0, 0x6ffffdff)                                                                              = 0
7952 [0x7fdaa441f677] SYS_open(0x7fdaa461b4b8, 0x80000, 0, 0x6ffffdff)                                                             = 3
7952 [0x7fdaa441f697] SYS_read(3, 0x7fff76246d08, 832, 0x6ffffdff)                                                                 = 832
7952 [0x7fdaa441f604] SYS_fstat(3, 0x7fff76246be0, 0x7fff76246be0, 32)                                                             = 0
7952 [0x7fdaa441f80a] SYS_mmap(0, 0x207bc0, 5, 2050)                                                                               = 0x7fdaa2ae6000
7952 [0x7fdaa441f857] SYS_mprotect(0x7fdaa2aed000, 0x1ff000, 0, 2050)                                                              = 0
7952 [0x7fdaa441f80a] SYS_mmap(0x7fdaa2cec000, 8192, 3, 2066)                                                                      = 0x7fdaa2cec000
7952 [0x7fdaa441f787] SYS_close(3, 16, 0, 0x6ffffdff)                                                                              = 0
7952 [0x7fdaa441f677] SYS_open(0x7fdaa461b988, 0x80000, 0, 0x6ffffdff)                                                             = 3
7952 [0x7fdaa441f697] SYS_read(3, 0x7fff76246cd8, 832, 0x6ffffdff)                                                                 = 832
7952 [0x7fdaa441f604] SYS_fstat(3, 0x7fff76246bb0, 0x7fff76246bb0, 16)                                                             = 0
7952 [0x7fdaa441f80a] SYS_mmap(0, 0x202e20, 5, 2050)                                                                               = 0x7fdaa28e3000
7952 [0x7fdaa441f857] SYS_mprotect(0x7fdaa28e6000, 0x1ff000, 0, 2050)                                                              = 0
7952 [0x7fdaa441f80a] SYS_mmap(0x7fdaa2ae5000, 4096, 3, 2066)                                                                      = 0x7fdaa2ae5000
7952 [0x7fdaa441f787] SYS_close(3, 16, 0x7fdaa2ae5c28, 0x6ffffdff)                                                                 = 0
7952 [0x7fdaa441f677] SYS_open(0x7fdaa461be58, 0x80000, 0, 0x6ffffdff)                                                             = 3
7952 [0x7fdaa441f697] SYS_read(3, 0x7fff76246ca8, 832, 0x6ffffdff)                                                                 = 832
7952 [0x7fdaa441f604] SYS_fstat(3, 0x7fff76246b80, 0x7fff76246b80, 16)                                                             = 0
7952 [0x7fdaa441f80a] SYS_mmap(0, 4096, 3, 34)                                                                                     = 0x7fdaa461a000
7952 [0x7fdaa441f80a] SYS_mmap(0, 0x209850, 5, 2050)                                                                               = 0x7fdaa26d9000
7952 [0x7fdaa441f857] SYS_mprotect(0x7fdaa26e3000, 0x1ff000, 0, 2050)                                                              = 0
7952 [0x7fdaa441f80a] SYS_mmap(0x7fdaa28e2000, 4096, 3, 2066)                                                                      = 0x7fdaa28e2000
7952 [0x7fdaa441f787] SYS_close(3, 16, 0x7fdaa28e2618, 0x6ffffdff)                                                                 = 0
7952 [0x7fdaa441f677] SYS_open(0x7fdaa461a4b8, 0x80000, 0, 0x6ffffdff)                                                             = 3
7952 [0x7fdaa441f697] SYS_read(3, 0x7fff76246c78, 832, 0x6ffffdff)                                                                 = 832
7952 [0x7fdaa441f604] SYS_fstat(3, 0x7fff76246b50, 0x7fff76246b50, 16)                                                             = 0
7952 [0x7fdaa441f80a] SYS_mmap(0, 0x210868, 5, 2050)                                                                               = 0x7fdaa24c8000
7952 [0x7fdaa441f857] SYS_mprotect(0x7fdaa24d9000, 0x1ff000, 0, 2050)                                                              = 0
7952 [0x7fdaa441f80a] SYS_mmap(0x7fdaa26d8000, 4096, 3, 2066)                                                                      = 0x7fdaa26d8000
7952 [0x7fdaa441f787] SYS_close(3, 16, 0x7fdaa26d8408, 0x6ffffdff)                                                                 = 0
7952 [0x7fdaa441f677] SYS_open(0x7fdaa461aa40, 0x80000, 0, 0x7fdaa461b9a0)                                                         = 3
7952 [0x7fdaa441f697] SYS_read(3, 0x7fff76246b18, 832, 0x7fdaa461b9a0)                                                             = 832
7952 [0x7fdaa441f604] SYS_fstat(3, 0x7fff762469f0, 0x7fff762469f0, 16)                                                             = 0
7952 [0x7fdaa441f80a] SYS_mmap(0, 0x2032c8, 5, 2050)                                                                               = 0x7fdaa22c4000
7952 [0x7fdaa441f857] SYS_mprotect(0x7fdaa22c7000, 0x200000, 0, 2050)                                                              = 0
7952 [0x7fdaa441f80a] SYS_mmap(0x7fdaa24c7000, 4096, 3, 2066)                                                                      = 0x7fdaa24c7000
7952 [0x7fdaa441f787] SYS_close(3, 16, 0x7fdaa24c7188, 0x6ffffdff)                                                                 = 0
7952 [0x7fdaa441f677] SYS_open(0x7fdaa461af28, 0x80000, 0, 0x6ffffdff)                                                             = 3
7952 [0x7fdaa441f697] SYS_read(3, 0x7fff76246ae8, 832, 0x6ffffdff)                                                                 = 832
7952 [0x7fdaa441f604] SYS_fstat(3, 0x7fff762469c0, 0x7fff762469c0, 16)                                                             = 0
7952 [0x7fdaa441f80a] SYS_mmap(0, 4096, 3, 34)                                                                                     = 0x7fdaa4619000
7952 [0x7fdaa441f80a] SYS_mmap(0, 0x207820, 5, 2050)                                                                               = 0x7fdaa20bc000
7952 [0x7fdaa441f857] SYS_mprotect(0x7fdaa20c3000, 0x200000, 0, 2050)                                                              = 0
7952 [0x7fdaa441f80a] SYS_mmap(0x7fdaa22c3000, 4096, 3, 2066)                                                                      = 0x7fdaa22c3000
7952 [0x7fdaa441f787] SYS_close(3, 16, 0x7fdaa22c3188, 0x6ffffdff)                                                                 = 0
7952 [0x7fdaa441f677] SYS_open(0x7fdaa46194c8, 0x80000, 0, 0x6ffffdff)                                                             = 3
7952 [0x7fdaa441f697] SYS_read(3, 0x7fff76246ab8, 832, 0x6ffffdff)                                                                 = 832
7952 [0x7fdaa441f604] SYS_fstat(3, 0x7fff76246990, 0x7fff76246990, 16)                                                             = 0
7952 [0x7fdaa441f80a] SYS_mmap(0, 0x201f30, 5, 2050)                                                                               = 0x7fdaa1eba000
7952 [0x7fdaa441f857] SYS_mprotect(0x7fdaa1ebc000, 0x1ff000, 0, 2050)                                                              = 0
7952 [0x7fdaa441f80a] SYS_mmap(0x7fdaa20bb000, 4096, 3, 2066)                                                                      = 0x7fdaa20bb000
7952 [0x7fdaa441f787] SYS_close(3, 16, 0x7fdaa20bbe18, 0x6ffffdff)                                                                 = 0
7952 [0x7fdaa441f677] SYS_open(0x7fdaa4619a60, 0x80000, 0, 0x7fdaa461d4d0)                                                         = 3
7952 [0x7fdaa441f697] SYS_read(3, 0x7fff76246a88, 832, 0x7fdaa461d4d0)                                                             = 832
7952 [0x7fdaa441f604] SYS_fstat(3, 0x7fff76246960, 0x7fff76246960, 16)                                                             = 0
7952 [0x7fdaa441f80a] SYS_mmap(0, 0x2022e8, 5, 2050)                                                                               = 0x7fdaa1cb7000
7952 [0x7fdaa441f857] SYS_mprotect(0x7fdaa1cb9000, 0x200000, 0, 2050)                                                              = 0
7952 [0x7fdaa441f80a] SYS_mmap(0x7fdaa1eb9000, 4096, 3, 2066)                                                                      = 0x7fdaa1eb9000
7952 [0x7fdaa441f787] SYS_close(3, 16, 0x7fdaa1eb9198, 0x6ffffdff)                                                                 = 0
7952 [0x7fdaa441f677] SYS_open(0x7fdaa4619f40, 0x80000, 0, 0x6ffffdff)                                                             = 3
7952 [0x7fdaa441f697] SYS_read(3, 0x7fff76246a58, 832, 0x6ffffdff)                                                                 = 832
7952 [0x7fdaa441f604] SYS_fstat(3, 0x7fff76246930, 0x7fff76246930, 16)                                                             = 0
7952 [0x7fdaa441f80a] SYS_mmap(0, 4096, 3, 34)                                                                                     = 0x7fdaa4618000
7952 [0x7fdaa441f80a] SYS_mmap(0, 0x201f30, 5, 2050)                                                                               = 0x7fdaa1ab5000
7952 [0x7fdaa441f857] SYS_mprotect(0x7fdaa1ab7000, 0x1ff000, 0, 2050)                                                              = 0
7952 [0x7fdaa441f80a] SYS_mmap(0x7fdaa1cb6000, 4096, 3, 2066)                                                                      = 0x7fdaa1cb6000
7952 [0x7fdaa441f787] SYS_close(3, 16, 0x7fdaa1cb6e18, 0x6ffffdff)                                                                 = 0
7952 [0x7fdaa441f677] SYS_open(0x7fdaa46184c0, 0x80000, 0, 0x6ffffdff)                                                             = 3
7952 [0x7fdaa441f697] SYS_read(3, 0x7fff76246a28, 832, 0x6ffffdff)                                                                 = 832
7952 [0x7fdaa441f604] SYS_fstat(3, 0x7fff76246900, 0x7fff76246900, 16)                                                             = 0
7952 [0x7fdaa441f80a] SYS_mmap(0, 0x2038b8, 5, 2050)                                                                               = 0x7fdaa18b1000
7952 [0x7fdaa441f857] SYS_mprotect(0x7fdaa18b5000, 0x1ff000, 0, 2050)                                                              = 0
7952 [0x7fdaa441f80a] SYS_mmap(0x7fdaa1ab4000, 4096, 3, 2066)                                                                      = 0x7fdaa1ab4000
7952 [0x7fdaa441f787] SYS_close(3, 16, 0x7fdaa1ab4748, 0x6ffffdff)                                                                 = 0
7952 [0x7fdaa441f677] SYS_open(0x7fdaa4618a60, 0x80000, 0, 0x7fdaa461b000)                                                         = 3
7952 [0x7fdaa441f697] SYS_read(3, 0x7fff762469c8, 832, 0x7fdaa461b000)                                                             = 832
7952 [0x7fdaa441f604] SYS_fstat(3, 0x7fff762468a0, 0x7fff762468a0, 16)                                                             = 0
7952 [0x7fdaa441f80a] SYS_mmap(0, 0x210848, 5, 2050)                                                                               = 0x7fdaa16a0000
7952 [0x7fdaa441f857] SYS_mprotect(0x7fdaa16b0000, 0x1ff000, 0, 2050)                                                              = 0
7952 [0x7fdaa441f80a] SYS_mmap(0x7fdaa18af000, 8192, 3, 2066)                                                                      = 0x7fdaa18af000
7952 [0x7fdaa441f787] SYS_close(3, 16, 0x7fdaa18afd90, 0x6ffffdff)                                                                 = 0
7952 [0x7fdaa441f677] SYS_open(0x7fdaa4618f48, 0x80000, 0, 0x6ffffdff)                                                             = 3
7952 [0x7fdaa441f697] SYS_read(3, 0x7fff76246998, 832, 0x6ffffdff)                                                                 = 832
7952 [0x7fdaa441f604] SYS_fstat(3, 0x7fff76246870, 0x7fff76246870, 16)                                                             = 0
7952 [0x7fdaa441f80a] SYS_mmap(0, 4096, 3, 34)                                                                                     = 0x7fdaa4617000
7952 [0x7fdaa441f80a] SYS_mmap(0, 0x20acf0, 5, 2050)                                                                               = 0x7fdaa1495000
7952 [0x7fdaa441f857] SYS_mprotect(0x7fdaa14a0000, 0x1ff000, 0, 2050)                                                              = 0
7952 [0x7fdaa441f80a] SYS_mmap(0x7fdaa169f000, 4096, 3, 2066)                                                                      = 0x7fdaa169f000
7952 [0x7fdaa441f787] SYS_close(3, 16, 0x7fdaa169f750, 0x6ffffdff)                                                                 = 0
7952 [0x7fdaa441f677] SYS_open(0x7fdaa4617560, 0x80000, 0, 0x7fdaa461b000)                                                         = 3
7952 [0x7fdaa441f697] SYS_read(3, 0x7fff76246968, 832, 0x7fdaa461b000)                                                             = 832
7952 [0x7fdaa441f604] SYS_fstat(3, 0x7fff76246840, 0x7fff76246840, 32)                                                             = 0
7952 [0x7fdaa441f80a] SYS_mmap(0, 0x2361e0, 5, 2050)                                                                               = 0x7fdaa125e000
7952 [0x7fdaa441f857] SYS_mprotect(0x7fdaa1266000, 0x1ff000, 0, 2050)                                                              = 0
7952 [0x7fdaa441f80a] SYS_mmap(0x7fdaa1465000, 8192, 3, 2066)                                                                      = 0x7fdaa1465000
7952 [0x7fdaa441f80a] SYS_mmap(0x7fdaa1467000, 0x2d1e0, 3, 50)                                                                     = 0x7fdaa1467000
7952 [0x7fdaa441f787] SYS_close(3, 16, 0, 0x6ffffdff)                                                                              = 0
7952 [0x7fdaa441f677] SYS_open(0x7fdaa4617a30, 0x80000, 0, 0x6ffffdff)                                                             = 3
7952 [0x7fdaa441f697] SYS_read(3, 0x7fff76246938, 832, 0x6ffffdff)                                                                 = 832
7952 [0x7fdaa441f604] SYS_fstat(3, 0x7fff76246810, 0x7fff76246810, 16)                                                             = 0
7952 [0x7fdaa441f80a] SYS_mmap(0, 0x43fe88, 5, 2050)                                                                               = 0x7fdaa0e1e000
7952 [0x7fdaa441f857] SYS_mprotect(0x7fdaa1033000, 0x200000, 0, 2050)                                                              = 0
7952 [0x7fdaa441f80a] SYS_mmap(0x7fdaa1233000, 0x27000, 3, 2066)                                                                   = 0x7fdaa1233000
7952 [0x7fdaa441f80a] SYS_mmap(0x7fdaa125a000, 0x3e88, 3, 50)                                                                      = 0x7fdaa125a000
7952 [0x7fdaa441f857] SYS_mprotect(0x7fff76248000, 4096, 0x1000007, 4)                                                             = 0
7952 [0x7fdaa441f787] SYS_close(3, 4096, 0x1000007, 4)                                                                             = 0
7952 [0x7fdaa441f677] SYS_open(0x7fdaa4617fb0, 0x80000, 0, 0x7fdaa461a4d0)                                                         = 3
7952 [0x7fdaa441f697] SYS_read(3, 0x7fff76246908, 832, 0x7fdaa461a4d0)                                                             = 832
7952 [0x7fdaa441f604] SYS_fstat(3, 0x7fff762467e0, 0x7fff762467e0, 16)                                                             = 0
7952 [0x7fdaa441f80a] SYS_mmap(0, 4096, 3, 34)                                                                                     = 0x7fdaa4616000
7952 [0x7fdaa441f80a] SYS_mmap(0, 0x215730, 5, 2050)                                                                               = 0x7fdaa0c08000
7952 [0x7fdaa441f857] SYS_mprotect(0x7fdaa0c1e000, 0x1ff000, 0, 2050)                                                              = 0
7952 [0x7fdaa441f80a] SYS_mmap(0x7fdaa0e1d000, 4096, 3, 2066)                                                                      = 0x7fdaa0e1d000
7952 [0x7fdaa441f787] SYS_close(3, 16, 0x7fdaa0e1d490, 0x6ffffdff)                                                                 = 0
7952 [0x7fdaa441f677] SYS_open(0x7fdaa46164f0, 0x80000, 0, 0x6ffffdff)                                                             = 3
7952 [0x7fdaa441f697] SYS_read(3, 0x7fff762468d8, 832, 0x6ffffdff)                                                                 = 832
7952 [0x7fdaa441f604] SYS_fstat(3, 0x7fff762467b0, 0x7fff762467b0, 32)                                                             = 0
7952 [0x7fdaa441f80a] SYS_mmap(0, 0x2fd148, 5, 2050)                                                                               = 0x7fdaa090a000
7952 [0x7fdaa441f857] SYS_mprotect(0x7fdaa0a07000, 0x1ff000, 0, 2050)                                                              = 0
7952 [0x7fdaa441f80a] SYS_mmap(0x7fdaa0c06000, 8192, 3, 2066)                                                                      = 0x7fdaa0c06000
7952 [0x7fdaa441f787] SYS_close(3, 16, 0, 0x6ffffdff)                                                                              = 0
7952 [0x7fdaa441f677] SYS_open(0x7fff762466a0, 0x80000, 0, 0x36782f39325f3130)                                                     = -2
7952 [0x7fdaa441f5c5] SYS_stat(0x7fff762466a0, 0x7fff76246780, 0x7fff76246780, 0x36782f39325f3130)                                 = -2
7952 [0x7fdaa441f677] SYS_open(0x7fff762466a0, 0x80000, 0, 0x36782f39325f3130)                                                     = -2
7952 [0x7fdaa441f5c5] SYS_stat(0x7fff762466a0, 0x7fff76246780, 0x7fff76246780, 0x36782f39325f3130)                                 = -2
7952 [0x7fdaa441f677] SYS_open(0x7fff762466a0, 0x80000, 0, 0x36782f39325f3130)                                                     = -2
7952 [0x7fdaa441f5c5] SYS_stat(0x7fff762466a0, 0x7fff76246780, 0x7fff76246780, 0x36782f39325f3130)                                 = -2
7952 [0x7fdaa441f677] SYS_open(0x7fff762466a0, 0x80000, 0, 0x36782f39325f3130)                                                     = -2
7952 [0x7fdaa441f5c5] SYS_stat(0x7fff762466a0, 0x7fff76246780, 0x7fff76246780, 0x36782f39325f3130)                                 = -2
7952 [0x7fdaa441f677] SYS_open(0x7fdaa4616dd0, 0x80000, 0, 0x36782f39325f3130)                                                     = 3
7952 [0x7fdaa441f697] SYS_read(3, 0x7fff762468a8, 832, 0x36782f39325f3130)                                                         = 832
7952 [0x7fdaa441f604] SYS_fstat(3, 0x7fff76246780, 0x7fff76246780, 16)                                                             = 0
7952 [0x7fdaa441f80a] SYS_mmap(0, 4096, 3, 34)                                                                                     = 0x7fdaa4615000
7952 [0x7fdaa441f80a] SYS_mmap(0, 0x2f8980, 5, 2050)                                                                               = 0x7fdaa0611000
7952 [0x7fdaa441f857] SYS_mprotect(0x7fdaa0708000, 0x200000, 0, 2050)                                                              = 0
7952 [0x7fdaa441f80a] SYS_mmap(0x7fdaa0908000, 8192, 3, 2066)                                                                      = 0x7fdaa0908000
7952 [0x7fdaa441f787] SYS_close(3, 16, 0x7fdaa09083a0, 0x6ffffdff)                                                                 = 0
7952 [0x7fdaa441f677] SYS_open(0x7fdaa46154c8, 0x80000, 0, 0x6ffffdff)                                                             = 3
7952 [0x7fdaa441f697] SYS_read(3, 0x7fff76246878, 832, 0x6ffffdff)                                                                 = 832
7952 [0x7fdaa441f604] SYS_fstat(3, 0x7fff76246750, 0x7fff76246750, 16)                                                             = 0
7952 [0x7fdaa441f80a] SYS_mmap(0, 0x2fc9d8, 5, 2050)                                                                               = 0x7fdaa0314000
7952 [0x7fdaa441f857] SYS_mprotect(0x7fdaa040f000, 0x200000, 0, 2050)                                                              = 0
7952 [0x7fdaa441f80a] SYS_mmap(0x7fdaa060f000, 8192, 3, 2066)                                                                      = 0x7fdaa060f000
7952 [0x7fdaa441f787] SYS_close(3, 16, 0x7fdaa0610828, 0x6ffffdff)                                                                 = 0
7952 [0x7fdaa441f677] SYS_open(0x7fdaa4615998, 0x80000, 0, 0x6ffffdff)                                                             = 3
7952 [0x7fdaa441f697] SYS_read(3, 0x7fff76246848, 832, 0x6ffffdff)                                                                 = 832
7952 [0x7fdaa441f604] SYS_fstat(3, 0x7fff76246720, 0x7fff76246720, 16)                                                             = 0
7952 [0x7fdaa441f80a] SYS_mmap(0, 0x242830, 5, 2050)                                                                               = 0x7fdaa00d1000
7952 [0x7fdaa441f857] SYS_mprotect(0x7fdaa0114000, 0x1ff000, 0, 2050)                                                              = 0
7952 [0x7fdaa441f80a] SYS_mmap(0x7fdaa0313000, 4096, 3, 2066)                                                                      = 0x7fdaa0313000
7952 [0x7fdaa441f787] SYS_close(3, 16, 0x7fdaa0313630, 0x6ffffdff)                                                                 = 0
7952 [0x7fdaa441f677] SYS_open(0x7fdaa4615f70, 0x80000, 0, 0x7fdaa461c9b8)                                                         = 3
7952 [0x7fdaa441f697] SYS_read(3, 0x7fff76246818, 832, 0x7fdaa461c9b8)                                                             = 832
7952 [0x7fdaa441f604] SYS_fstat(3, 0x7fff762466f0, 0x7fff762466f0, 32)                                                             = 0
7952 [0x7fdaa441f80a] SYS_mmap(0, 4096, 3, 34)                                                                                     = 0x7fdaa4614000
7952 [0x7fdaa441f80a] SYS_mmap(0, 0x203118, 5, 2050)                                                                               = 0x7fda9fecd000
7952 [0x7fdaa441f857] SYS_mprotect(0x7fda9fecf000, 0x200000, 0, 2050)                                                              = 0
7952 [0x7fdaa441f80a] SYS_mmap(0x7fdaa00cf000, 8192, 3, 2066)                                                                      = 0x7fdaa00cf000
7952 [0x7fdaa441f787] SYS_close(3, 16, 0x7fdaa00cff40, 0x6ffffdff)                                                                 = 0
7952 [0x7fdaa441f80a] SYS_mmap(0, 4096, 3, 34)                                                                                     = 0x7fdaa4613000
7952 [0x7fdaa441f80a] SYS_mmap(0, 4096, 3, 34)                                                                                     = 0x7fdaa4612000
7952 [0x7fdaa441f80a] SYS_mmap(0, 8192, 3, 34)                                                                                     = 0x7fdaa4610000
7952 [0x7fdaa4409044] SYS_arch_prctl(4098, 0x7fdaa4610780, 0x7fdaa4611080, 34)                                                     = 0
7952 [0x7fdaa441f857] SYS_mprotect(0x7fdaa3d5f000, 0x4000, 1, 1)                                                                   = 0
7952 [0x7fdaa441f857] SYS_mprotect(0x7fdaa00cf000, 4096, 1, 0x7fda9fecdc68)                                                        = 0
7952 [0x7fdaa441f857] SYS_mprotect(0x7fdaa2f05000, 4096, 1, 0x7fdaa2cf3500)                                                        = 0
7952 [0x7fdaa441f857] SYS_mprotect(0x7fdaa0c06000, 4096, 1, 1)                                                                     = 0
7952 [0x7fdaa441f857] SYS_mprotect(0x7fdaa1465000, 4096, 1, 0x7fdaa125ea00)                                                        = 0
7952 [0x7fdaa441f857] SYS_mprotect(0x7fdaa31c9000, 0x7000, 1, 0x7fdaa2f63810)                                                      = 0
7952 [0x7fdaa441f857] SYS_mprotect(0x7fdaa2cec000, 4096, 1, 0x7fdaa2ae7d58)                                                        = 0
7952 [0x7fdaa441f857] SYS_mprotect(0x7fdaa4628000, 4096, 1, 0)                                                                     = 0
7952 [0x7fdaa441f837] SYS_munmap(0x7fdaa461e000, 0x83b3, 0x7c300, 0)                                                               = 0
7952 [0x7fdaa2cf4e92] SYS_set_tid_address(0x7fdaa4610a50, 0x7fff76248808, 0x7fdaa4610780, 0)                                       = 7952
7952 [0x7fdaa2cf4efa] SYS_set_robust_list(0x7fdaa4610a60, 24, 0x7fdaa4610780, 0)                                                   = 0
7952 [0x7fdaa2cfecf5] SYS_rt_sigaction(32, 0x7fff76248558, 0, 8)                                                                   = 0
7952 [0x7fdaa2cfecf5] SYS_rt_sigaction(33, 0x7fff76248558, 0, 8)                                                                   = 0
7952 [0x7fdaa2cf4fd6] SYS_rt_sigprocmask(1, 0x7fff762486a8, 0, 8)                                                                  = 0
7952 [0x7fdaa3aabb17] SYS_getrlimit(3, 0x7fff76248740, 63, 1)                                                                      = 0
7952 [0x7fdaa2cf4b95] SYS_futex(0x7fdaa31d37e0, 129, 0x7fffffff, 0)                                                                = 0
7952 [0x4008fd] ledctrl->Lookup_Nas_Info(_T_NAS_PROP_&)(0x7fff76248650, 0x7fff76248b94, 0, 0x7fff76248b93 <unfinished ...>
7952 [0x7fdaa41b2d11]   libnasman.so->Open_Share_Memory(char const*, int, void*&, int&)(0x7fdaa41f708e, 0, 0x7fff76248610, 0x7fff7624861c <unfinished ...>
7952 [0x7fdaa3aa6557]     SYS_statfs(0x7fdaa2d011e8, 0x7fff762483b0, 0x7fdaa2f0a310, 1)                                            = 0
7952 [0x7fdaa2cf4b95]     SYS_futex(0x7fdaa2f0a310, 129, 0x7fffffff, 0)                                                            = 0
7952 [0x7fdaa3aa67e0]     SYS_open(0x7fff762484c0, 0xa0000, 484, 1)                                                                = 3
7952 [0x7fdaa3aa63b4]     SYS_fstat(3, 0x7fff76248550, 0x7fff76248550, 1)                                                          = 0
7952 [0x7fdaa3aaf72a]     SYS_mmap(0, 0x2788, 1, 1)                                                                                = 0x7fdaa4624000
7952 [0x7fdaa3aa7070]     SYS_close(3, 0x2788, 1, 1)                                                                               = 0
7952 [0x7fdaa41b2d11]   <... Open_Share_Memory(char const*, int, void*&, int&) resumed> )                                          = 0
7952 [0x7fdaa41b2d4d]   libnasman.so->Open_Share_Memory(char const*, int, void*&, int&)(0x7fdaa41f70a7, 0, 0x7fff76248610, 0x7fff7624861c <unfinished ...>
7952 [0x7fdaa3aa67e0]     SYS_open(0x7fff762484c0, 0xa0000, 484, 1)                                                                = 3
7952 [0x7fdaa3aa63b4]     SYS_fstat(3, 0x7fff76248550, 0x7fff76248550, 1)                                                          = 0
7952 [0x7fdaa3aaf72a]     SYS_mmap(0, 3536, 1, 1)                                                                                  = 0x7fdaa4623000
7952 [0x7fdaa3aa7070]     SYS_close(3, 3536, 1, 1)                                                                                 = 0
7952 [0x7fdaa41b2d4d]   <... Open_Share_Memory(char const*, int, void*&, int&) resumed> )                                          = 0
7952 [0x7fdaa41b2d7f]   libnasman.so->Open_Share_Memory(char const*, int, void*&, int&)(0x7fdaa41f70b5, 0, 0x7fff76248610, 0x7fff7624861c <unfinished ...>
7952 [0x7fdaa3aa67e0]     SYS_open(0x7fff762484c0, 0xa0000, 484, 1)                                                                = 3
7952 [0x7fdaa3aa63b4]     SYS_fstat(3, 0x7fff76248550, 0x7fff76248550, 1)                                                          = 0
7952 [0x7fdaa3aaf72a]     SYS_mmap(0, 4080, 1, 1)                                                                                  = 0x7fdaa4622000
7952 [0x7fdaa3aa7070]     SYS_close(3, 4080, 1, 1)                                                                                 = 0
7952 [0x7fdaa41b2d7f]   <... Open_Share_Memory(char const*, int, void*&, int&) resumed> )                                          = 0
7952 [0x4008fd] <... Lookup_Nas_Info(_T_NAS_PROP_&) resumed> )                                                                     = 0
7952 [0x400934] ledctrl->Hal_Led_Set_Hdd_Mode(3, 9, 3, 0 <unfinished ...>
7952 [0x7fdaa3d6ff15]   libnhal.so->Hal_Lookup_Hardware_Info(0x7fff76248540, 9, 3, 0 <unfinished ...>
7952 [0x7fdaa3aa67e0]     SYS_open(0x7fff76248440, 0xa0002, 484, 1)                                                                = 3
7952 [0x7fdaa3aaf72a]     SYS_mmap(0, 220, 3, 1)                                                                                   = 0x7fdaa4621000
7952 [0x7fdaa3aa7070]     SYS_close(3, 220, 3, 1)                                                                                  = 0
7952 [0x7fdaa3d6e7f0]     libnhal.so->Hw_Semaphore_Init(0x7fff762484f0, 0x7fdaa3d71287, 1, -1 <unfinished ...>
7952 [0x7fdaa3aa6405]       SYS_lstat(0x7fff762483a0, 0x7fff762482b0, 0x7fff762482b0, 0)                                           = -2
7952 [0x7fdaa2cfe510]       SYS_open(0x7fff762483a0, 194, 600, 0)                                                                  = 3
7952 [0x7fdaa2cfdda0]       SYS_write(3, 0x7fff76248420, 32, 0)                                                                    = 32
7952 [0x7fdaa3aaf72a]       SYS_mmap(0, 32, 3, 1)                                                                                  = 0x7fdaa4620000
7952 [0x7fdaa3aa81a7]       SYS_link(0x7fff762483a0, 0x7fff762483d0, 3, 1)                                                         = -17
7952 [0x7fdaa3aaf757]       SYS_munmap(0x7fdaa4620000, 32, 3, 1)                                                                   = 0
7952 [0x7fdaa3aa82c7]       SYS_unlink(0x7fff762483a0, 32, 3, 1)                                                                   = 0
7952 [0x7fdaa2cfde60]       SYS_close(3, 32, 3, 1)                                                                                 = 0
7952 [0x7fdaa2cfe510]       SYS_open(0x7fff762483d0, 0x20002, 18, 1)                                                               = 3
7952 [0x7fdaa3aa63b4]       SYS_fstat(3, 0x7fff76248300, 0x7fff76248300, 1)                                                        = 0
7952 [0x7fdaa3aabf5a]       SYS_brk(0, 0x7fdaa3d63640, 0, -4096)                                                                   = 0x641000
7952 [0x7fdaa3aabf5a]       SYS_brk(0x662000, 0x641000, 0x662000, -4096)                                                           = 0x662000
7952 [0x7fdaa3aaf72a]       SYS_mmap(0, 32, 3, 1)                                                                                  = 0x7fdaa4620000
7952 [0x7fdaa2cfde60]       SYS_close(3, 32, 0, 3)                                                                                 = 0
7952 [0x7fdaa3d6e7f0]     <... Hw_Semaphore_Init resumed> )                                                                        = 17
7952 [0x7fdaa3d6e800]     libnhal.so->Hw_Semaphore_Lock(0x7fff762484f0, 32, 0x7fdaa4620000, -1)                                    = 0
7952 [0x7fdaa3d6e918]     libnhal.so->Hw_Semaphore_Unlock(0x7fff762484f0, 2, 0x7fdaa4621000, 0)                                    = 0
7952 [0x7fdaa3d6e924]     libnhal.so->Hw_Semaphore_Release(0x7fff762484f0, 128, 0, 0 <unfinished ...>
7952 [0x7fdaa3aaf757]       SYS_munmap(0x7fdaa4620000, 32, 0, 1)                                                                   = 0
7952 [0x7fdaa3d6e924]     <... Hw_Semaphore_Release resumed> )                                                                     = 0
7952 [0x7fdaa3d6ff15]   <... Hal_Lookup_Hardware_Info resumed> )                                                                   = 0
7952 [0x400934] <... Hal_Led_Set_Hdd_Mode resumed> )                                                                               = 0xffffffea
7952 [0x7fdaa41b2f15] libnasman.so->Close_Share_Memory(char const*, void*)(0x7fdaa41f708e, 0x7fdaa4624000, 0xa8ad8afc17c3e852, 4 <unfinished ...>
7952 [0x7fdaa41b2b6e]   libnasman.so->Get_File_Size(char const*, long*)(0x7fff762483b0, 0x7fff762484d8, 0x7fff762483c5, 0 <unfinished ...>
7952 [0x7fdaa3aa6365]     SYS_stat(0x7fff762483b0, 0x7fff76248310, 0x7fff76248310, 1)                                              = 0
7952 [0x7fdaa41b2b6e]   <... Get_File_Size(char const*, long*) resumed> )                                                          = 0
7952 [0x7fdaa3aaf757]   SYS_munmap(0x7fdaa4624000, 0x2788, 0x7fff76248310, 1)                                                      = 0
7952 [0x7fdaa41b2f15] <... Close_Share_Memory(char const*, void*) resumed> )                                                       = 0
7952 [0x7fdaa41b2f37] libnasman.so->Close_Share_Memory(char const*, void*)(0x7fdaa41f70a7, 0x7fdaa4623000, 0, -1 <unfinished ...>
7952 [0x7fdaa41b2b6e]   libnasman.so->Get_File_Size(char const*, long*)(0x7fff762483b0, 0x7fff762484d8, 0x7fff762483c6, 0 <unfinished ...>
7952 [0x7fdaa3aa6365]     SYS_stat(0x7fff762483b0, 0x7fff76248310, 0x7fff76248310, 1)                                              = 0
7952 [0x7fdaa41b2b6e]   <... Get_File_Size(char const*, long*) resumed> )                                                          = 0
7952 [0x7fdaa3aaf757]   SYS_munmap(0x7fdaa4623000, 3536, 0x7fff76248310, 1)                                                        = 0
7952 [0x7fdaa41b2f37] <... Close_Share_Memory(char const*, void*) resumed> )                                                       = 0
7952 [0x7fdaa41b2f59] libnasman.so->Close_Share_Memory(char const*, void*)(0x7fdaa41f70b5, 0x7fdaa4622000, 0, -1 <unfinished ...>
7952 [0x7fdaa41b2b6e]   libnasman.so->Get_File_Size(char const*, long*)(0x7fff762483b0, 0x7fff762484d8, 0x7fff762483c6, 0 <unfinished ...>
7952 [0x7fdaa3aa6365]     SYS_stat(0x7fff762483b0, 0x7fff76248310, 0x7fff76248310, 1)                                              = 0
7952 [0x7fdaa41b2b6e]   <... Get_File_Size(char const*, long*) resumed> )                                                          = 0
7952 [0x7fdaa3aaf757]   SYS_munmap(0x7fdaa4622000, 4080, 0x7fff76248310, 1)                                                        = 0
7952 [0x7fdaa41b2f59] <... Close_Share_Memory(char const*, void*) resumed> )                                                       = 0
7952 [0x7fdaa3a00932] libgeneral.so->Trace_Mem_Destroy()(0x7fdaa3718d40, 0, 0xa8ad845e2c03e852, 16)                                = 0
7952 [0x7fdaa3a83468] SYS_exit_group(-22, 60, -22, 0x7fdaa3d66a48 <no return ...>
7952 [0xffffffffffffffff] +++ exited (status 234) +++
