7968 [0x7fca650088aa] SYS_brk(0, 0x7fca6500bfa0, 0, 895)                                                                           = 0x9c0000
7968 [0x7fca650097e7] SYS_readlink(0x7fff40c43b77, 0x7fff40c40810, 4096, 0x756e694c00000000)                                       = -2
7968 [0x7fca65009677] SYS_open(0x7fca6500d1f3, 0, 0, 0x756e694c00000000)                                                           = 3
7968 [0x7fca650097a7] SYS_chdir(0x7fca65214ba8, 0, 0, 0x756e694c00000000)                                                          = -2
7968 [0x7fca650089d2] SYS_getcwd(0x7fff40c40810, 4096, 0, 0x756e694c00000000)                                                      = 23
7968 [0x7fca650097c7] SYS_fchdir(3, 4096, 0, 0x756e694c00000000)                                                                   = 0
7968 [0x7fca65009787] SYS_close(3, 4096, 0, 0x756e694c00000000)                                                                    = 0
7968 [0x7fca6500980a] SYS_mmap(0, 4096, 3, 34)                                                                                     = 0x7fca65211000
7968 [0x7fca650096d7] SYS_access(0x7fca6500f700, 4, 0x7fca65214718, 0)                                                             = -2
7968 [0x7fca65009677] SYS_open(0x7fca6500d072, 0x80000, 1, 0)                                                                      = 3
7968 [0x7fca65009604] SYS_fstat(3, 0x7fff40c3fff0, 0x7fff40c3fff0, 0)                                                              = 0
7968 [0x7fca6500980a] SYS_mmap(0, 0x83b3, 1, 2)                                                                                    = 0x7fca65208000
7968 [0x7fca65009787] SYS_close(3, 0x83b3, 1, 2)                                                                                   = 0
7968 [0x7fca65009677] SYS_open(0x7fca65211640, 0x80000, 0, 56)                                                                     = 3
7968 [0x7fca65009697] SYS_read(3, 0x7fff40c40178, 832, 56)                                                                         = 832
7968 [0x7fca65009604] SYS_fstat(3, 0x7fff40c40050, 0x7fff40c40050, 16)                                                             = 0
7968 [0x7fca6500980a] SYS_mmap(0, 0x278960, 5, 2050)                                                                               = 0x7fca64d79000
7968 [0x7fca65009857] SYS_mprotect(0x7fca64def000, 0x200000, 0, 2050)                                                              = 0
7968 [0x7fca6500980a] SYS_mmap(0x7fca64fef000, 0x3000, 3, 2066)                                                                    = 0x7fca64fef000
7968 [0x7fca65009787] SYS_close(3, 16, 0x7fca64fef3e0, 0x6ffffdff)                                                                 = 0
7968 [0x7fca65009677] SYS_open(0x7fca65211b10, 0x80000, 0, 0x6ffffdff)                                                             = 3
7968 [0x7fca65009697] SYS_read(3, 0x7fff40c40148, 832, 0x6ffffdff)                                                                 = 832
7968 [0x7fca65009604] SYS_fstat(3, 0x7fff40c40020, 0x7fff40c40020, 16)                                                             = 0
7968 [0x7fca6500980a] SYS_mmap(0, 0x21bee0, 5, 2050)                                                                               = 0x7fca64b5d000
7968 [0x7fca65009857] SYS_mprotect(0x7fca64b78000, 0x200000, 0, 2050)                                                              = 0
7968 [0x7fca6500980a] SYS_mmap(0x7fca64d78000, 4096, 3, 2066)                                                                      = 0x7fca64d78000
7968 [0x7fca65009787] SYS_close(3, 16, 0x7fca64d78208, 0x6ffffdff)                                                                 = 0
7968 [0x7fca65009677] SYS_open(0x7fca65211fe0, 0x80000, 0, 0x6ffffdff)                                                             = 3
7968 [0x7fca65009697] SYS_read(3, 0x7fff40c40118, 832, 0x6ffffdff)                                                                 = 832
7968 [0x7fca65009604] SYS_fstat(3, 0x7fff40c3fff0, 0x7fff40c3fff0, 16)                                                             = 0
7968 [0x7fca6500980a] SYS_mmap(0, 4096, 3, 34)                                                                                     = 0x7fca65207000
7968 [0x7fca6500980a] SYS_mmap(0, 0x209ad0, 5, 2050)                                                                               = 0x7fca64953000
7968 [0x7fca65009857] SYS_mprotect(0x7fca6495d000, 0x1ff000, 0, 2050)                                                              = 0
7968 [0x7fca6500980a] SYS_mmap(0x7fca64b5c000, 4096, 3, 2066)                                                                      = 0x7fca64b5c000
7968 [0x7fca65009787] SYS_close(3, 16, 0x7fca64b5c690, 0x6ffffdff)                                                                 = 0
7968 [0x7fca65009677] SYS_open(0x7fca652074b8, 0x80000, 0, 0x6ffffdff)                                                             = 3
7968 [0x7fca65009697] SYS_read(3, 0x7fff40c400e8, 832, 0x6ffffdff)                                                                 = 832
7968 [0x7fca65009604] SYS_fstat(3, 0x7fff40c3ffc0, 0x7fff40c3ffc0, 32)                                                             = 0
7968 [0x7fca6500980a] SYS_mmap(0, 0x39dc40, 5, 2050)                                                                               = 0x7fca645b5000
7968 [0x7fca65009857] SYS_mprotect(0x7fca64749000, 0x200000, 0, 2050)                                                              = 0
7968 [0x7fca6500980a] SYS_mmap(0x7fca64949000, 0x6000, 3, 2066)                                                                    = 0x7fca64949000
7968 [0x7fca6500980a] SYS_mmap(0x7fca6494f000, 0x3c40, 3, 50)                                                                      = 0x7fca6494f000
7968 [0x7fca65009787] SYS_close(3, 16, 0, 0x6ffffdff)                                                                              = 0
7968 [0x7fca65009677] SYS_open(0x7fca65207988, 0x80000, 0, 0x6ffffdff)                                                             = 3
7968 [0x7fca65009697] SYS_read(3, 0x7fff40c3ff98, 832, 0x6ffffdff)                                                                 = 832
7968 [0x7fca65009604] SYS_fstat(3, 0x7fff40c3fe70, 0x7fff40c3fe70, 16)                                                             = 0
7968 [0x7fca6500980a] SYS_mmap(0, 0x2b09d0, 5, 2050)                                                                               = 0x7fca64304000
7968 [0x7fca65009857] SYS_mprotect(0x7fca643b3000, 0x1ff000, 0, 2050)                                                              = 0
7968 [0x7fca6500980a] SYS_mmap(0x7fca645b2000, 0x3000, 3, 2066)                                                                    = 0x7fca645b2000
7968 [0x7fca65009787] SYS_close(3, 16, 0x7fca645b29a8, 0x6ffffdff)                                                                 = 0
7968 [0x7fca65009677] SYS_open(0x7fca65207e58, 0x80000, 0, 0x6ffffdff)                                                             = 3
7968 [0x7fca65009697] SYS_read(3, 0x7fff40c3ff68, 832, 0x6ffffdff)                                                                 = 832
7968 [0x7fca65009604] SYS_fstat(3, 0x7fff40c3fe40, 0x7fff40c3fe40, 16)                                                             = 0
7968 [0x7fca6500980a] SYS_mmap(0, 4096, 3, 34)                                                                                     = 0x7fca65206000
7968 [0x7fca6500980a] SYS_mmap(0, 0x294ee0, 5, 2050)                                                                               = 0x7fca6406f000
7968 [0x7fca65009857] SYS_mprotect(0x7fca64101000, 0x1ff000, 0, 2050)                                                              = 0
7968 [0x7fca6500980a] SYS_mmap(0x7fca64300000, 0x3000, 3, 2066)                                                                    = 0x7fca64300000
7968 [0x7fca6500980a] SYS_mmap(0x7fca64303000, 3808, 3, 50)                                                                        = 0x7fca64303000
7968 [0x7fca65009787] SYS_close(3, 16, 0x7fca64300e30, 0x6ffffdff)                                                                 = 0
7968 [0x7fca65009677] SYS_open(0x7fca652064b8, 0x80000, 0, 0x6ffffdff)                                                             = 3
7968 [0x7fca65009697] SYS_read(3, 0x7fff40c3ff38, 832, 0x6ffffdff)                                                                 = 832
7968 [0x7fca65009604] SYS_fstat(3, 0x7fff40c3fe10, 0x7fff40c3fe10, 16)                                                             = 0
7968 [0x7fca6500980a] SYS_mmap(0, 0x29d850, 5, 2050)                                                                               = 0x7fca63dd1000
7968 [0x7fca65009857] SYS_mprotect(0x7fca63e6a000, 0x200000, 0, 2050)                                                              = 0
7968 [0x7fca6500980a] SYS_mmap(0x7fca6406a000, 0x3000, 3, 2066)                                                                    = 0x7fca6406a000
7968 [0x7fca6500980a] SYS_mmap(0x7fca6406d000, 6224, 3, 50)                                                                        = 0x7fca6406d000
7968 [0x7fca65009787] SYS_close(3, 16, 0x7fca6406bcc8, 0x6ffffdff)                                                                 = 0
7968 [0x7fca65009677] SYS_open(0x7fca652069a0, 0x80000, 0, 0x6ffffdff)                                                             = 3
7968 [0x7fca65009697] SYS_read(3, 0x7fff40c3ff08, 832, 0x6ffffdff)                                                                 = 832
7968 [0x7fca65009604] SYS_fstat(3, 0x7fff40c3fde0, 0x7fff40c3fde0, 16)                                                             = 0
7968 [0x7fca6500980a] SYS_mmap(0, 0x2dbbb0, 5, 2050)                                                                               = 0x7fca63af5000
7968 [0x7fca65009857] SYS_mprotect(0x7fca63bb3000, 0x200000, 0, 2050)                                                              = 0
7968 [0x7fca6500980a] SYS_mmap(0x7fca63db3000, 0xa000, 3, 2066)                                                                    = 0x7fca63db3000
7968 [0x7fca6500980a] SYS_mmap(0x7fca63dbd000, 0x13bb0, 3, 50)                                                                     = 0x7fca63dbd000
7968 [0x7fca65009787] SYS_close(3, 16, 0x7fca63db94d8, 0x6ffffdff)                                                                 = 0
7968 [0x7fca65009677] SYS_open(0x7fca65206e70, 0x80000, 0, 0x6ffffdff)                                                             = 3
7968 [0x7fca65009697] SYS_read(3, 0x7fff40c3fed8, 832, 0x6ffffdff)                                                                 = 832
7968 [0x7fca65009604] SYS_fstat(3, 0x7fff40c3fdb0, 0x7fff40c3fdb0, 32)                                                             = 0
7968 [0x7fca6500980a] SYS_mmap(0, 4096, 3, 34)                                                                                     = 0x7fca65205000
7968 [0x7fca6500980a] SYS_mmap(0, 0x21c490, 5, 2050)                                                                               = 0x7fca638d8000
7968 [0x7fca65009857] SYS_mprotect(0x7fca638f0000, 0x1ff000, 0, 2050)                                                              = 0
7968 [0x7fca6500980a] SYS_mmap(0x7fca63aef000, 8192, 3, 2066)                                                                      = 0x7fca63aef000
7968 [0x7fca6500980a] SYS_mmap(0x7fca63af1000, 0x3490, 3, 50)                                                                      = 0x7fca63af1000
7968 [0x7fca65009787] SYS_close(3, 16, 0, 0x6ffffdff)                                                                              = 0
7968 [0x7fca65009677] SYS_open(0x7fca652054b8, 0x80000, 0, 0x6ffffdff)                                                             = 3
7968 [0x7fca65009697] SYS_read(3, 0x7fff40c3fea8, 832, 0x6ffffdff)                                                                 = 832
7968 [0x7fca65009604] SYS_fstat(3, 0x7fff40c3fd80, 0x7fff40c3fd80, 32)                                                             = 0
7968 [0x7fca6500980a] SYS_mmap(0, 0x207bc0, 5, 2050)                                                                               = 0x7fca636d0000
7968 [0x7fca65009857] SYS_mprotect(0x7fca636d7000, 0x1ff000, 0, 2050)                                                              = 0
7968 [0x7fca6500980a] SYS_mmap(0x7fca638d6000, 8192, 3, 2066)                                                                      = 0x7fca638d6000
7968 [0x7fca65009787] SYS_close(3, 16, 0, 0x6ffffdff)                                                                              = 0
7968 [0x7fca65009677] SYS_open(0x7fca65205988, 0x80000, 0, 0x6ffffdff)                                                             = 3
7968 [0x7fca65009697] SYS_read(3, 0x7fff40c3fe78, 832, 0x6ffffdff)                                                                 = 832
7968 [0x7fca65009604] SYS_fstat(3, 0x7fff40c3fd50, 0x7fff40c3fd50, 16)                                                             = 0
7968 [0x7fca6500980a] SYS_mmap(0, 0x202e20, 5, 2050)                                                                               = 0x7fca634cd000
7968 [0x7fca65009857] SYS_mprotect(0x7fca634d0000, 0x1ff000, 0, 2050)                                                              = 0
7968 [0x7fca6500980a] SYS_mmap(0x7fca636cf000, 4096, 3, 2066)                                                                      = 0x7fca636cf000
7968 [0x7fca65009787] SYS_close(3, 16, 0x7fca636cfc28, 0x6ffffdff)                                                                 = 0
7968 [0x7fca65009677] SYS_open(0x7fca65205e58, 0x80000, 0, 0x6ffffdff)                                                             = 3
7968 [0x7fca65009697] SYS_read(3, 0x7fff40c3fe48, 832, 0x6ffffdff)                                                                 = 832
7968 [0x7fca65009604] SYS_fstat(3, 0x7fff40c3fd20, 0x7fff40c3fd20, 16)                                                             = 0
7968 [0x7fca6500980a] SYS_mmap(0, 4096, 3, 34)                                                                                     = 0x7fca65204000
7968 [0x7fca6500980a] SYS_mmap(0, 0x209850, 5, 2050)                                                                               = 0x7fca632c3000
7968 [0x7fca65009857] SYS_mprotect(0x7fca632cd000, 0x1ff000, 0, 2050)                                                              = 0
7968 [0x7fca6500980a] SYS_mmap(0x7fca634cc000, 4096, 3, 2066)                                                                      = 0x7fca634cc000
7968 [0x7fca65009787] SYS_close(3, 16, 0x7fca634cc618, 0x6ffffdff)                                                                 = 0
7968 [0x7fca65009677] SYS_open(0x7fca652044b8, 0x80000, 0, 0x6ffffdff)                                                             = 3
7968 [0x7fca65009697] SYS_read(3, 0x7fff40c3fe18, 832, 0x6ffffdff)                                                                 = 832
7968 [0x7fca65009604] SYS_fstat(3, 0x7fff40c3fcf0, 0x7fff40c3fcf0, 16)                                                             = 0
7968 [0x7fca6500980a] SYS_mmap(0, 0x210868, 5, 2050)                                                                               = 0x7fca630b2000
7968 [0x7fca65009857] SYS_mprotect(0x7fca630c3000, 0x1ff000, 0, 2050)                                                              = 0
7968 [0x7fca6500980a] SYS_mmap(0x7fca632c2000, 4096, 3, 2066)                                                                      = 0x7fca632c2000
7968 [0x7fca65009787] SYS_close(3, 16, 0x7fca632c2408, 0x6ffffdff)                                                                 = 0
7968 [0x7fca65009677] SYS_open(0x7fca65204a40, 0x80000, 0, 0x7fca652059a0)                                                         = 3
7968 [0x7fca65009697] SYS_read(3, 0x7fff40c3fcb8, 832, 0x7fca652059a0)                                                             = 832
7968 [0x7fca65009604] SYS_fstat(3, 0x7fff40c3fb90, 0x7fff40c3fb90, 16)                                                             = 0
7968 [0x7fca6500980a] SYS_mmap(0, 0x2032c8, 5, 2050)                                                                               = 0x7fca62eae000
7968 [0x7fca65009857] SYS_mprotect(0x7fca62eb1000, 0x200000, 0, 2050)                                                              = 0
7968 [0x7fca6500980a] SYS_mmap(0x7fca630b1000, 4096, 3, 2066)                                                                      = 0x7fca630b1000
7968 [0x7fca65009787] SYS_close(3, 16, 0x7fca630b1188, 0x6ffffdff)                                                                 = 0
7968 [0x7fca65009677] SYS_open(0x7fca65204f28, 0x80000, 0, 0x6ffffdff)                                                             = 3
7968 [0x7fca65009697] SYS_read(3, 0x7fff40c3fc88, 832, 0x6ffffdff)                                                                 = 832
7968 [0x7fca65009604] SYS_fstat(3, 0x7fff40c3fb60, 0x7fff40c3fb60, 16)                                                             = 0
7968 [0x7fca6500980a] SYS_mmap(0, 4096, 3, 34)                                                                                     = 0x7fca65203000
7968 [0x7fca6500980a] SYS_mmap(0, 0x207820, 5, 2050)                                                                               = 0x7fca62ca6000
7968 [0x7fca65009857] SYS_mprotect(0x7fca62cad000, 0x200000, 0, 2050)                                                              = 0
7968 [0x7fca6500980a] SYS_mmap(0x7fca62ead000, 4096, 3, 2066)                                                                      = 0x7fca62ead000
7968 [0x7fca65009787] SYS_close(3, 16, 0x7fca62ead188, 0x6ffffdff)                                                                 = 0
7968 [0x7fca65009677] SYS_open(0x7fca652034c8, 0x80000, 0, 0x6ffffdff)                                                             = 3
7968 [0x7fca65009697] SYS_read(3, 0x7fff40c3fc58, 832, 0x6ffffdff)                                                                 = 832
7968 [0x7fca65009604] SYS_fstat(3, 0x7fff40c3fb30, 0x7fff40c3fb30, 16)                                                             = 0
7968 [0x7fca6500980a] SYS_mmap(0, 0x201f30, 5, 2050)                                                                               = 0x7fca62aa4000
7968 [0x7fca65009857] SYS_mprotect(0x7fca62aa6000, 0x1ff000, 0, 2050)                                                              = 0
7968 [0x7fca6500980a] SYS_mmap(0x7fca62ca5000, 4096, 3, 2066)                                                                      = 0x7fca62ca5000
7968 [0x7fca65009787] SYS_close(3, 16, 0x7fca62ca5e18, 0x6ffffdff)                                                                 = 0
7968 [0x7fca65009677] SYS_open(0x7fca65203a60, 0x80000, 0, 0x7fca652074d0)                                                         = 3
7968 [0x7fca65009697] SYS_read(3, 0x7fff40c3fc28, 832, 0x7fca652074d0)                                                             = 832
7968 [0x7fca65009604] SYS_fstat(3, 0x7fff40c3fb00, 0x7fff40c3fb00, 16)                                                             = 0
7968 [0x7fca6500980a] SYS_mmap(0, 0x2022e8, 5, 2050)                                                                               = 0x7fca628a1000
7968 [0x7fca65009857] SYS_mprotect(0x7fca628a3000, 0x200000, 0, 2050)                                                              = 0
7968 [0x7fca6500980a] SYS_mmap(0x7fca62aa3000, 4096, 3, 2066)                                                                      = 0x7fca62aa3000
7968 [0x7fca65009787] SYS_close(3, 16, 0x7fca62aa3198, 0x6ffffdff)                                                                 = 0
7968 [0x7fca65009677] SYS_open(0x7fca65203f40, 0x80000, 0, 0x6ffffdff)                                                             = 3
7968 [0x7fca65009697] SYS_read(3, 0x7fff40c3fbf8, 832, 0x6ffffdff)                                                                 = 832
7968 [0x7fca65009604] SYS_fstat(3, 0x7fff40c3fad0, 0x7fff40c3fad0, 16)                                                             = 0
7968 [0x7fca6500980a] SYS_mmap(0, 4096, 3, 34)                                                                                     = 0x7fca65202000
7968 [0x7fca6500980a] SYS_mmap(0, 0x201f30, 5, 2050)                                                                               = 0x7fca6269f000
7968 [0x7fca65009857] SYS_mprotect(0x7fca626a1000, 0x1ff000, 0, 2050)                                                              = 0
7968 [0x7fca6500980a] SYS_mmap(0x7fca628a0000, 4096, 3, 2066)                                                                      = 0x7fca628a0000
7968 [0x7fca65009787] SYS_close(3, 16, 0x7fca628a0e18, 0x6ffffdff)                                                                 = 0
7968 [0x7fca65009677] SYS_open(0x7fca652024c0, 0x80000, 0, 0x6ffffdff)                                                             = 3
7968 [0x7fca65009697] SYS_read(3, 0x7fff40c3fbc8, 832, 0x6ffffdff)                                                                 = 832
7968 [0x7fca65009604] SYS_fstat(3, 0x7fff40c3faa0, 0x7fff40c3faa0, 16)                                                             = 0
7968 [0x7fca6500980a] SYS_mmap(0, 0x2038b8, 5, 2050)                                                                               = 0x7fca6249b000
7968 [0x7fca65009857] SYS_mprotect(0x7fca6249f000, 0x1ff000, 0, 2050)                                                              = 0
7968 [0x7fca6500980a] SYS_mmap(0x7fca6269e000, 4096, 3, 2066)                                                                      = 0x7fca6269e000
7968 [0x7fca65009787] SYS_close(3, 16, 0x7fca6269e748, 0x6ffffdff)                                                                 = 0
7968 [0x7fca65009677] SYS_open(0x7fca65202a60, 0x80000, 0, 0x7fca65205000)                                                         = 3
7968 [0x7fca65009697] SYS_read(3, 0x7fff40c3fb68, 832, 0x7fca65205000)                                                             = 832
7968 [0x7fca65009604] SYS_fstat(3, 0x7fff40c3fa40, 0x7fff40c3fa40, 16)                                                             = 0
7968 [0x7fca6500980a] SYS_mmap(0, 0x210848, 5, 2050)                                                                               = 0x7fca6228a000
7968 [0x7fca65009857] SYS_mprotect(0x7fca6229a000, 0x1ff000, 0, 2050)                                                              = 0
7968 [0x7fca6500980a] SYS_mmap(0x7fca62499000, 8192, 3, 2066)                                                                      = 0x7fca62499000
7968 [0x7fca65009787] SYS_close(3, 16, 0x7fca62499d90, 0x6ffffdff)                                                                 = 0
7968 [0x7fca65009677] SYS_open(0x7fca65202f48, 0x80000, 0, 0x6ffffdff)                                                             = 3
7968 [0x7fca65009697] SYS_read(3, 0x7fff40c3fb38, 832, 0x6ffffdff)                                                                 = 832
7968 [0x7fca65009604] SYS_fstat(3, 0x7fff40c3fa10, 0x7fff40c3fa10, 16)                                                             = 0
7968 [0x7fca6500980a] SYS_mmap(0, 4096, 3, 34)                                                                                     = 0x7fca65201000
7968 [0x7fca6500980a] SYS_mmap(0, 0x20acf0, 5, 2050)                                                                               = 0x7fca6207f000
7968 [0x7fca65009857] SYS_mprotect(0x7fca6208a000, 0x1ff000, 0, 2050)                                                              = 0
7968 [0x7fca6500980a] SYS_mmap(0x7fca62289000, 4096, 3, 2066)                                                                      = 0x7fca62289000
7968 [0x7fca65009787] SYS_close(3, 16, 0x7fca62289750, 0x6ffffdff)                                                                 = 0
7968 [0x7fca65009677] SYS_open(0x7fca65201560, 0x80000, 0, 0x7fca65205000)                                                         = 3
7968 [0x7fca65009697] SYS_read(3, 0x7fff40c3fb08, 832, 0x7fca65205000)                                                             = 832
7968 [0x7fca65009604] SYS_fstat(3, 0x7fff40c3f9e0, 0x7fff40c3f9e0, 32)                                                             = 0
7968 [0x7fca6500980a] SYS_mmap(0, 0x2361e0, 5, 2050)                                                                               = 0x7fca61e48000
7968 [0x7fca65009857] SYS_mprotect(0x7fca61e50000, 0x1ff000, 0, 2050)                                                              = 0
7968 [0x7fca6500980a] SYS_mmap(0x7fca6204f000, 8192, 3, 2066)                                                                      = 0x7fca6204f000
7968 [0x7fca6500980a] SYS_mmap(0x7fca62051000, 0x2d1e0, 3, 50)                                                                     = 0x7fca62051000
7968 [0x7fca65009787] SYS_close(3, 16, 0, 0x6ffffdff)                                                                              = 0
7968 [0x7fca65009677] SYS_open(0x7fca65201a30, 0x80000, 0, 0x6ffffdff)                                                             = 3
7968 [0x7fca65009697] SYS_read(3, 0x7fff40c3fad8, 832, 0x6ffffdff)                                                                 = 832
7968 [0x7fca65009604] SYS_fstat(3, 0x7fff40c3f9b0, 0x7fff40c3f9b0, 16)                                                             = 0
7968 [0x7fca6500980a] SYS_mmap(0, 0x43fe88, 5, 2050)                                                                               = 0x7fca61a08000
7968 [0x7fca65009857] SYS_mprotect(0x7fca61c1d000, 0x200000, 0, 2050)                                                              = 0
7968 [0x7fca6500980a] SYS_mmap(0x7fca61e1d000, 0x27000, 3, 2066)                                                                   = 0x7fca61e1d000
7968 [0x7fca6500980a] SYS_mmap(0x7fca61e44000, 0x3e88, 3, 50)                                                                      = 0x7fca61e44000
7968 [0x7fca65009857] SYS_mprotect(0x7fff40c41000, 4096, 0x1000007, 4)                                                             = 0
7968 [0x7fca65009787] SYS_close(3, 4096, 0x1000007, 4)                                                                             = 0
7968 [0x7fca65009677] SYS_open(0x7fca65201fb0, 0x80000, 0, 0x7fca652044d0)                                                         = 3
7968 [0x7fca65009697] SYS_read(3, 0x7fff40c3faa8, 832, 0x7fca652044d0)                                                             = 832
7968 [0x7fca65009604] SYS_fstat(3, 0x7fff40c3f980, 0x7fff40c3f980, 16)                                                             = 0
7968 [0x7fca6500980a] SYS_mmap(0, 4096, 3, 34)                                                                                     = 0x7fca65200000
7968 [0x7fca6500980a] SYS_mmap(0, 0x215730, 5, 2050)                                                                               = 0x7fca617f2000
7968 [0x7fca65009857] SYS_mprotect(0x7fca61808000, 0x1ff000, 0, 2050)                                                              = 0
7968 [0x7fca6500980a] SYS_mmap(0x7fca61a07000, 4096, 3, 2066)                                                                      = 0x7fca61a07000
7968 [0x7fca65009787] SYS_close(3, 16, 0x7fca61a07490, 0x6ffffdff)                                                                 = 0
7968 [0x7fca65009677] SYS_open(0x7fca652004f0, 0x80000, 0, 0x6ffffdff)                                                             = 3
7968 [0x7fca65009697] SYS_read(3, 0x7fff40c3fa78, 832, 0x6ffffdff)                                                                 = 832
7968 [0x7fca65009604] SYS_fstat(3, 0x7fff40c3f950, 0x7fff40c3f950, 32)                                                             = 0
7968 [0x7fca6500980a] SYS_mmap(0, 0x2fd148, 5, 2050)                                                                               = 0x7fca614f4000
7968 [0x7fca65009857] SYS_mprotect(0x7fca615f1000, 0x1ff000, 0, 2050)                                                              = 0
7968 [0x7fca6500980a] SYS_mmap(0x7fca617f0000, 8192, 3, 2066)                                                                      = 0x7fca617f0000
7968 [0x7fca65009787] SYS_close(3, 16, 0, 0x6ffffdff)                                                                              = 0
7968 [0x7fca65009677] SYS_open(0x7fff40c3f840, 0x80000, 0, 0x36782f39325f3130)                                                     = -2
7968 [0x7fca650095c5] SYS_stat(0x7fff40c3f840, 0x7fff40c3f920, 0x7fff40c3f920, 0x36782f39325f3130)                                 = -2
7968 [0x7fca65009677] SYS_open(0x7fff40c3f840, 0x80000, 0, 0x36782f39325f3130)                                                     = -2
7968 [0x7fca650095c5] SYS_stat(0x7fff40c3f840, 0x7fff40c3f920, 0x7fff40c3f920, 0x36782f39325f3130)                                 = -2
7968 [0x7fca65009677] SYS_open(0x7fff40c3f840, 0x80000, 0, 0x36782f39325f3130)                                                     = -2
7968 [0x7fca650095c5] SYS_stat(0x7fff40c3f840, 0x7fff40c3f920, 0x7fff40c3f920, 0x36782f39325f3130)                                 = -2
7968 [0x7fca65009677] SYS_open(0x7fff40c3f840, 0x80000, 0, 0x36782f39325f3130)                                                     = -2
7968 [0x7fca650095c5] SYS_stat(0x7fff40c3f840, 0x7fff40c3f920, 0x7fff40c3f920, 0x36782f39325f3130)                                 = -2
7968 [0x7fca65009677] SYS_open(0x7fca65200dd0, 0x80000, 0, 0x36782f39325f3130)                                                     = 3
7968 [0x7fca65009697] SYS_read(3, 0x7fff40c3fa48, 832, 0x36782f39325f3130)                                                         = 832
7968 [0x7fca65009604] SYS_fstat(3, 0x7fff40c3f920, 0x7fff40c3f920, 16)                                                             = 0
7968 [0x7fca6500980a] SYS_mmap(0, 4096, 3, 34)                                                                                     = 0x7fca651ff000
7968 [0x7fca6500980a] SYS_mmap(0, 0x2f8980, 5, 2050)                                                                               = 0x7fca611fb000
7968 [0x7fca65009857] SYS_mprotect(0x7fca612f2000, 0x200000, 0, 2050)                                                              = 0
7968 [0x7fca6500980a] SYS_mmap(0x7fca614f2000, 8192, 3, 2066)                                                                      = 0x7fca614f2000
7968 [0x7fca65009787] SYS_close(3, 16, 0x7fca614f23a0, 0x6ffffdff)                                                                 = 0
7968 [0x7fca65009677] SYS_open(0x7fca651ff4c8, 0x80000, 0, 0x6ffffdff)                                                             = 3
7968 [0x7fca65009697] SYS_read(3, 0x7fff40c3fa18, 832, 0x6ffffdff)                                                                 = 832
7968 [0x7fca65009604] SYS_fstat(3, 0x7fff40c3f8f0, 0x7fff40c3f8f0, 16)                                                             = 0
7968 [0x7fca6500980a] SYS_mmap(0, 0x2fc9d8, 5, 2050)                                                                               = 0x7fca60efe000
7968 [0x7fca65009857] SYS_mprotect(0x7fca60ff9000, 0x200000, 0, 2050)                                                              = 0
7968 [0x7fca6500980a] SYS_mmap(0x7fca611f9000, 8192, 3, 2066)                                                                      = 0x7fca611f9000
7968 [0x7fca65009787] SYS_close(3, 16, 0x7fca611fa828, 0x6ffffdff)                                                                 = 0
7968 [0x7fca65009677] SYS_open(0x7fca651ff998, 0x80000, 0, 0x6ffffdff)                                                             = 3
7968 [0x7fca65009697] SYS_read(3, 0x7fff40c3f9e8, 832, 0x6ffffdff)                                                                 = 832
7968 [0x7fca65009604] SYS_fstat(3, 0x7fff40c3f8c0, 0x7fff40c3f8c0, 16)                                                             = 0
7968 [0x7fca6500980a] SYS_mmap(0, 0x242830, 5, 2050)                                                                               = 0x7fca60cbb000
7968 [0x7fca65009857] SYS_mprotect(0x7fca60cfe000, 0x1ff000, 0, 2050)                                                              = 0
7968 [0x7fca6500980a] SYS_mmap(0x7fca60efd000, 4096, 3, 2066)                                                                      = 0x7fca60efd000
7968 [0x7fca65009787] SYS_close(3, 16, 0x7fca60efd630, 0x6ffffdff)                                                                 = 0
7968 [0x7fca65009677] SYS_open(0x7fca651fff70, 0x80000, 0, 0x7fca652069b8)                                                         = 3
7968 [0x7fca65009697] SYS_read(3, 0x7fff40c3f9b8, 832, 0x7fca652069b8)                                                             = 832
7968 [0x7fca65009604] SYS_fstat(3, 0x7fff40c3f890, 0x7fff40c3f890, 32)                                                             = 0
7968 [0x7fca6500980a] SYS_mmap(0, 4096, 3, 34)                                                                                     = 0x7fca651fe000
7968 [0x7fca6500980a] SYS_mmap(0, 0x203118, 5, 2050)                                                                               = 0x7fca60ab7000
7968 [0x7fca65009857] SYS_mprotect(0x7fca60ab9000, 0x200000, 0, 2050)                                                              = 0
7968 [0x7fca6500980a] SYS_mmap(0x7fca60cb9000, 8192, 3, 2066)                                                                      = 0x7fca60cb9000
7968 [0x7fca65009787] SYS_close(3, 16, 0x7fca60cb9f40, 0x6ffffdff)                                                                 = 0
7968 [0x7fca6500980a] SYS_mmap(0, 4096, 3, 34)                                                                                     = 0x7fca651fd000
7968 [0x7fca6500980a] SYS_mmap(0, 4096, 3, 34)                                                                                     = 0x7fca651fc000
7968 [0x7fca6500980a] SYS_mmap(0, 8192, 3, 34)                                                                                     = 0x7fca651fa000
7968 [0x7fca64ff3044] SYS_arch_prctl(4098, 0x7fca651fa780, 0x7fca651fb080, 34)                                                     = 0
7968 [0x7fca65009857] SYS_mprotect(0x7fca64949000, 0x4000, 1, 1)                                                                   = 0
7968 [0x7fca65009857] SYS_mprotect(0x7fca60cb9000, 4096, 1, 0x7fca60ab7c68)                                                        = 0
7968 [0x7fca65009857] SYS_mprotect(0x7fca63aef000, 4096, 1, 0x7fca638dd500)                                                        = 0
7968 [0x7fca65009857] SYS_mprotect(0x7fca617f0000, 4096, 1, 1)                                                                     = 0
7968 [0x7fca65009857] SYS_mprotect(0x7fca6204f000, 4096, 1, 0x7fca61e48a00)                                                        = 0
7968 [0x7fca65009857] SYS_mprotect(0x7fca63db3000, 0x7000, 1, 0x7fca63b4d810)                                                      = 0
7968 [0x7fca65009857] SYS_mprotect(0x7fca638d6000, 4096, 1, 0x7fca636d1d58)                                                        = 0
7968 [0x7fca65009857] SYS_mprotect(0x7fca65212000, 4096, 1, 0)                                                                     = 0
7968 [0x7fca65009837] SYS_munmap(0x7fca65208000, 0x83b3, 0x77400, 0)                                                               = 0
7968 [0x7fca638dee92] SYS_set_tid_address(0x7fca651faa50, 0x7fff40c419a8, 0x7fca651fa780, 0)                                       = 7968
7968 [0x7fca638deefa] SYS_set_robust_list(0x7fca651faa60, 24, 0x7fca651fa780, 0)                                                   = 0
7968 [0x7fca638e8cf5] SYS_rt_sigaction(32, 0x7fff40c416f8, 0, 8)                                                                   = 0
7968 [0x7fca638e8cf5] SYS_rt_sigaction(33, 0x7fff40c416f8, 0, 8)                                                                   = 0
7968 [0x7fca638defd6] SYS_rt_sigprocmask(1, 0x7fff40c41848, 0, 8)                                                                  = 0
7968 [0x7fca64695b17] SYS_getrlimit(3, 0x7fff40c418e0, 63, 1)                                                                      = 0
7968 [0x7fca638deb95] SYS_futex(0x7fca63dbd7e0, 129, 0x7fffffff, 0)                                                                = 0
7968 [0x4008fd] ledctrl->Lookup_Nas_Info(_T_NAS_PROP_&)(0x7fff40c417f0, 0x7fff40c43b94, 0, 0x7fff40c43b93 <unfinished ...>
7968 [0x7fca64d9cd11]   libnasman.so->Open_Share_Memory(char const*, int, void*&, int&)(0x7fca64de108e, 0, 0x7fff40c417b0, 0x7fff40c417bc <unfinished ...>
7968 [0x7fca64690557]     SYS_statfs(0x7fca638eb1e8, 0x7fff40c41550, 0x7fca63af4310, 1)                                            = 0
7968 [0x7fca638deb95]     SYS_futex(0x7fca63af4310, 129, 0x7fffffff, 0)                                                            = 0
7968 [0x7fca646907e0]     SYS_open(0x7fff40c41660, 0xa0000, 484, 1)                                                                = 3
7968 [0x7fca646903b4]     SYS_fstat(3, 0x7fff40c416f0, 0x7fff40c416f0, 1)                                                          = 0
7968 [0x7fca6469972a]     SYS_mmap(0, 0x2788, 1, 1)                                                                                = 0x7fca6520e000
7968 [0x7fca64691070]     SYS_close(3, 0x2788, 1, 1)                                                                               = 0
7968 [0x7fca64d9cd11]   <... Open_Share_Memory(char const*, int, void*&, int&) resumed> )                                          = 0
7968 [0x7fca64d9cd4d]   libnasman.so->Open_Share_Memory(char const*, int, void*&, int&)(0x7fca64de10a7, 0, 0x7fff40c417b0, 0x7fff40c417bc <unfinished ...>
7968 [0x7fca646907e0]     SYS_open(0x7fff40c41660, 0xa0000, 484, 1)                                                                = 3
7968 [0x7fca646903b4]     SYS_fstat(3, 0x7fff40c416f0, 0x7fff40c416f0, 1)                                                          = 0
7968 [0x7fca6469972a]     SYS_mmap(0, 3536, 1, 1)                                                                                  = 0x7fca6520d000
7968 [0x7fca64691070]     SYS_close(3, 3536, 1, 1)                                                                                 = 0
7968 [0x7fca64d9cd4d]   <... Open_Share_Memory(char const*, int, void*&, int&) resumed> )                                          = 0
7968 [0x7fca64d9cd7f]   libnasman.so->Open_Share_Memory(char const*, int, void*&, int&)(0x7fca64de10b5, 0, 0x7fff40c417b0, 0x7fff40c417bc <unfinished ...>
7968 [0x7fca646907e0]     SYS_open(0x7fff40c41660, 0xa0000, 484, 1)                                                                = 3
7968 [0x7fca646903b4]     SYS_fstat(3, 0x7fff40c416f0, 0x7fff40c416f0, 1)                                                          = 0
7968 [0x7fca6469972a]     SYS_mmap(0, 4080, 1, 1)                                                                                  = 0x7fca6520c000
7968 [0x7fca64691070]     SYS_close(3, 4080, 1, 1)                                                                                 = 0
7968 [0x7fca64d9cd7f]   <... Open_Share_Memory(char const*, int, void*&, int&) resumed> )                                          = 0
7968 [0x4008fd] <... Lookup_Nas_Info(_T_NAS_PROP_&) resumed> )                                                                     = 0
7968 [0x400934] ledctrl->Hal_Led_Set_Hdd_Mode(3, 9, 2, 0 <unfinished ...>
7968 [0x7fca64959f15]   libnhal.so->Hal_Lookup_Hardware_Info(0x7fff40c416e0, 9, 2, 0 <unfinished ...>
7968 [0x7fca646907e0]     SYS_open(0x7fff40c415e0, 0xa0002, 484, 1)                                                                = 3
7968 [0x7fca6469972a]     SYS_mmap(0, 220, 3, 1)                                                                                   = 0x7fca6520b000
7968 [0x7fca64691070]     SYS_close(3, 220, 3, 1)                                                                                  = 0
7968 [0x7fca649587f0]     libnhal.so->Hw_Semaphore_Init(0x7fff40c41690, 0x7fca6495b287, 1, -1 <unfinished ...>
7968 [0x7fca64690405]       SYS_lstat(0x7fff40c41540, 0x7fff40c41450, 0x7fff40c41450, 0)                                           = -2
7968 [0x7fca638e8510]       SYS_open(0x7fff40c41540, 194, 600, 0)                                                                  = 3
7968 [0x7fca638e7da0]       SYS_write(3, 0x7fff40c415c0, 32, 0)                                                                    = 32
7968 [0x7fca6469972a]       SYS_mmap(0, 32, 3, 1)                                                                                  = 0x7fca6520a000
7968 [0x7fca646921a7]       SYS_link(0x7fff40c41540, 0x7fff40c41570, 3, 1)                                                         = -17
7968 [0x7fca64699757]       SYS_munmap(0x7fca6520a000, 32, 3, 1)                                                                   = 0
7968 [0x7fca646922c7]       SYS_unlink(0x7fff40c41540, 32, 3, 1)                                                                   = 0
7968 [0x7fca638e7e60]       SYS_close(3, 32, 3, 1)                                                                                 = 0
7968 [0x7fca638e8510]       SYS_open(0x7fff40c41570, 0x20002, 18, 1)                                                               = 3
7968 [0x7fca646903b4]       SYS_fstat(3, 0x7fff40c414a0, 0x7fff40c414a0, 1)                                                        = 0
7968 [0x7fca64695f5a]       SYS_brk(0, 0x7fca6494d640, 0, -4096)                                                                   = 0x9c0000
7968 [0x7fca64695f5a]       SYS_brk(0x9e1000, 0x9c0000, 0x9e1000, -4096)                                                           = 0x9e1000
7968 [0x7fca6469972a]       SYS_mmap(0, 32, 3, 1)                                                                                  = 0x7fca6520a000
7968 [0x7fca638e7e60]       SYS_close(3, 32, 0, 3)                                                                                 = 0
7968 [0x7fca649587f0]     <... Hw_Semaphore_Init resumed> )                                                                        = 17
7968 [0x7fca64958800]     libnhal.so->Hw_Semaphore_Lock(0x7fff40c41690, 32, 0x7fca6520a000, -1)                                    = 0
7968 [0x7fca64958918]     libnhal.so->Hw_Semaphore_Unlock(0x7fff40c41690, 2, 0x7fca6520b000, 0)                                    = 0
7968 [0x7fca64958924]     libnhal.so->Hw_Semaphore_Release(0x7fff40c41690, 128, 0, 0 <unfinished ...>
7968 [0x7fca64699757]       SYS_munmap(0x7fca6520a000, 32, 0, 1)                                                                   = 0
7968 [0x7fca64958924]     <... Hw_Semaphore_Release resumed> )                                                                     = 0
7968 [0x7fca64959f15]   <... Hal_Lookup_Hardware_Info resumed> )                                                                   = 0
7968 [0x400934] <... Hal_Led_Set_Hdd_Mode resumed> )                                                                               = 0xffffffea
7968 [0x7fca64d9cf15] libnasman.so->Close_Share_Memory(char const*, void*)(0x7fca64de108e, 0x7fca6520e000, 0x42ef5de5cc9b8e22, 4 <unfinished ...>
7968 [0x7fca64d9cb6e]   libnasman.so->Get_File_Size(char const*, long*)(0x7fff40c41550, 0x7fff40c41678, 0x7fff40c41565, 0 <unfinished ...>
7968 [0x7fca64690365]     SYS_stat(0x7fff40c41550, 0x7fff40c414b0, 0x7fff40c414b0, 1)                                              = 0
7968 [0x7fca64d9cb6e]   <... Get_File_Size(char const*, long*) resumed> )                                                          = 0
7968 [0x7fca64699757]   SYS_munmap(0x7fca6520e000, 0x2788, 0x7fff40c414b0, 1)                                                      = 0
7968 [0x7fca64d9cf15] <... Close_Share_Memory(char const*, void*) resumed> )                                                       = 0
7968 [0x7fca64d9cf37] libnasman.so->Close_Share_Memory(char const*, void*)(0x7fca64de10a7, 0x7fca6520d000, 0, -1 <unfinished ...>
7968 [0x7fca64d9cb6e]   libnasman.so->Get_File_Size(char const*, long*)(0x7fff40c41550, 0x7fff40c41678, 0x7fff40c41566, 0 <unfinished ...>
7968 [0x7fca64690365]     SYS_stat(0x7fff40c41550, 0x7fff40c414b0, 0x7fff40c414b0, 1)                                              = 0
7968 [0x7fca64d9cb6e]   <... Get_File_Size(char const*, long*) resumed> )                                                          = 0
7968 [0x7fca64699757]   SYS_munmap(0x7fca6520d000, 3536, 0x7fff40c414b0, 1)                                                        = 0
7968 [0x7fca64d9cf37] <... Close_Share_Memory(char const*, void*) resumed> )                                                       = 0
7968 [0x7fca64d9cf59] libnasman.so->Close_Share_Memory(char const*, void*)(0x7fca64de10b5, 0x7fca6520c000, 0, -1 <unfinished ...>
7968 [0x7fca64d9cb6e]   libnasman.so->Get_File_Size(char const*, long*)(0x7fff40c41550, 0x7fff40c41678, 0x7fff40c41566, 0 <unfinished ...>
7968 [0x7fca64690365]     SYS_stat(0x7fff40c41550, 0x7fff40c414b0, 0x7fff40c414b0, 1)                                              = 0
7968 [0x7fca64d9cb6e]   <... Get_File_Size(char const*, long*) resumed> )                                                          = 0
7968 [0x7fca64699757]   SYS_munmap(0x7fca6520c000, 4080, 0x7fff40c414b0, 1)                                                        = 0
7968 [0x7fca64d9cf59] <... Close_Share_Memory(char const*, void*) resumed> )                                                       = 0
7968 [0x7fca645ea932] libgeneral.so->Trace_Mem_Destroy()(0x7fca64302d40, 0, 0x42ef5c47f75b8e22, 16)                                = 0
7968 [0x7fca6466d468] SYS_exit_group(-22, 60, -22, 0x7fca64950a48 <no return ...>
7968 [0xffffffffffffffff] +++ exited (status 234) +++
