8679 [0x7f5bb9b558aa] SYS_brk(0, 0x7f5bb9b58fa0, 0, 895)                                                                           = 0x227d000
8679 [0x7f5bb9b567e7] SYS_readlink(0x7fff816ceb7f, 0x7fff816cc2c0, 4096, 0x756e694c00000000)                                       = -2
8679 [0x7f5bb9b56677] SYS_open(0x7f5bb9b5a1f3, 0, 0, 0x756e694c00000000)                                                           = 3
8679 [0x7f5bb9b567a7] SYS_chdir(0x7f5bb9d61ba8, 0, 0, 0x756e694c00000000)                                                          = -2
8679 [0x7f5bb9b559d2] SYS_getcwd(0x7fff816cc2c0, 4096, 0, 0x756e694c00000000)                                                      = 23
8679 [0x7f5bb9b567c7] SYS_fchdir(3, 4096, 0, 0x756e694c00000000)                                                                   = 0
8679 [0x7f5bb9b56787] SYS_close(3, 4096, 0, 0x756e694c00000000)                                                                    = 0
8679 [0x7f5bb9b5680a] SYS_mmap(0, 4096, 3, 34)                                                                                     = 0x7f5bb9d5e000
8679 [0x7f5bb9b566d7] SYS_access(0x7f5bb9b5c700, 4, 0x7f5bb9d61718, 0)                                                             = -2
8679 [0x7f5bb9b56677] SYS_open(0x7f5bb9b5a072, 0x80000, 1, 0)                                                                      = 3
8679 [0x7f5bb9b56604] SYS_fstat(3, 0x7fff816cbaa0, 0x7fff816cbaa0, 0)                                                              = 0
8679 [0x7f5bb9b5680a] SYS_mmap(0, 0x83b3, 1, 2)                                                                                    = 0x7f5bb9d55000
8679 [0x7f5bb9b56787] SYS_close(3, 0x83b3, 1, 2)                                                                                   = 0
8679 [0x7f5bb9b56677] SYS_open(0x7f5bb9d5e640, 0x80000, 0, 56)                                                                     = 3
8679 [0x7f5bb9b56697] SYS_read(3, 0x7fff816cbc28, 832, 56)                                                                         = 832
8679 [0x7f5bb9b56604] SYS_fstat(3, 0x7fff816cbb00, 0x7fff816cbb00, 16)                                                             = 0
8679 [0x7f5bb9b5680a] SYS_mmap(0, 0x278960, 5, 2050)                                                                               = 0x7f5bb98c6000
8679 [0x7f5bb9b56857] SYS_mprotect(0x7f5bb993c000, 0x200000, 0, 2050)                                                              = 0
8679 [0x7f5bb9b5680a] SYS_mmap(0x7f5bb9b3c000, 0x3000, 3, 2066)                                                                    = 0x7f5bb9b3c000
8679 [0x7f5bb9b56787] SYS_close(3, 16, 0x7f5bb9b3c3e0, 0x6ffffdff)                                                                 = 0
8679 [0x7f5bb9b56677] SYS_open(0x7f5bb9d5eb10, 0x80000, 0, 0x6ffffdff)                                                             = 3
8679 [0x7f5bb9b56697] SYS_read(3, 0x7fff816cbbf8, 832, 0x6ffffdff)                                                                 = 832
8679 [0x7f5bb9b56604] SYS_fstat(3, 0x7fff816cbad0, 0x7fff816cbad0, 16)                                                             = 0
8679 [0x7f5bb9b5680a] SYS_mmap(0, 0x21bee0, 5, 2050)                                                                               = 0x7f5bb96aa000
8679 [0x7f5bb9b56857] SYS_mprotect(0x7f5bb96c5000, 0x200000, 0, 2050)                                                              = 0
8679 [0x7f5bb9b5680a] SYS_mmap(0x7f5bb98c5000, 4096, 3, 2066)                                                                      = 0x7f5bb98c5000
8679 [0x7f5bb9b56787] SYS_close(3, 16, 0x7f5bb98c5208, 0x6ffffdff)                                                                 = 0
8679 [0x7f5bb9b56677] SYS_open(0x7f5bb9d5efe0, 0x80000, 0, 0x6ffffdff)                                                             = 3
8679 [0x7f5bb9b56697] SYS_read(3, 0x7fff816cbbc8, 832, 0x6ffffdff)                                                                 = 832
8679 [0x7f5bb9b56604] SYS_fstat(3, 0x7fff816cbaa0, 0x7fff816cbaa0, 16)                                                             = 0
8679 [0x7f5bb9b5680a] SYS_mmap(0, 4096, 3, 34)                                                                                     = 0x7f5bb9d54000
8679 [0x7f5bb9b5680a] SYS_mmap(0, 0x209ad0, 5, 2050)                                                                               = 0x7f5bb94a0000
8679 [0x7f5bb9b56857] SYS_mprotect(0x7f5bb94aa000, 0x1ff000, 0, 2050)                                                              = 0
8679 [0x7f5bb9b5680a] SYS_mmap(0x7f5bb96a9000, 4096, 3, 2066)                                                                      = 0x7f5bb96a9000
8679 [0x7f5bb9b56787] SYS_close(3, 16, 0x7f5bb96a9690, 0x6ffffdff)                                                                 = 0
8679 [0x7f5bb9b56677] SYS_open(0x7f5bb9d544b8, 0x80000, 0, 0x6ffffdff)                                                             = 3
8679 [0x7f5bb9b56697] SYS_read(3, 0x7fff816cbb98, 832, 0x6ffffdff)                                                                 = 832
8679 [0x7f5bb9b56604] SYS_fstat(3, 0x7fff816cba70, 0x7fff816cba70, 32)                                                             = 0
8679 [0x7f5bb9b5680a] SYS_mmap(0, 0x39dc40, 5, 2050)                                                                               = 0x7f5bb9102000
8679 [0x7f5bb9b56857] SYS_mprotect(0x7f5bb9296000, 0x200000, 0, 2050)                                                              = 0
8679 [0x7f5bb9b5680a] SYS_mmap(0x7f5bb9496000, 0x6000, 3, 2066)                                                                    = 0x7f5bb9496000
8679 [0x7f5bb9b5680a] SYS_mmap(0x7f5bb949c000, 0x3c40, 3, 50)                                                                      = 0x7f5bb949c000
8679 [0x7f5bb9b56787] SYS_close(3, 16, 0, 0x6ffffdff)                                                                              = 0
8679 [0x7f5bb9b56677] SYS_open(0x7f5bb9d54988, 0x80000, 0, 0x6ffffdff)                                                             = 3
8679 [0x7f5bb9b56697] SYS_read(3, 0x7fff816cba48, 832, 0x6ffffdff)                                                                 = 832
8679 [0x7f5bb9b56604] SYS_fstat(3, 0x7fff816cb920, 0x7fff816cb920, 16)                                                             = 0
8679 [0x7f5bb9b5680a] SYS_mmap(0, 0x2b09d0, 5, 2050)                                                                               = 0x7f5bb8e51000
8679 [0x7f5bb9b56857] SYS_mprotect(0x7f5bb8f00000, 0x1ff000, 0, 2050)                                                              = 0
8679 [0x7f5bb9b5680a] SYS_mmap(0x7f5bb90ff000, 0x3000, 3, 2066)                                                                    = 0x7f5bb90ff000
8679 [0x7f5bb9b56787] SYS_close(3, 16, 0x7f5bb90ff9a8, 0x6ffffdff)                                                                 = 0
8679 [0x7f5bb9b56677] SYS_open(0x7f5bb9d54e58, 0x80000, 0, 0x6ffffdff)                                                             = 3
8679 [0x7f5bb9b56697] SYS_read(3, 0x7fff816cba18, 832, 0x6ffffdff)                                                                 = 832
8679 [0x7f5bb9b56604] SYS_fstat(3, 0x7fff816cb8f0, 0x7fff816cb8f0, 16)                                                             = 0
8679 [0x7f5bb9b5680a] SYS_mmap(0, 4096, 3, 34)                                                                                     = 0x7f5bb9d53000
8679 [0x7f5bb9b5680a] SYS_mmap(0, 0x294ee0, 5, 2050)                                                                               = 0x7f5bb8bbc000
8679 [0x7f5bb9b56857] SYS_mprotect(0x7f5bb8c4e000, 0x1ff000, 0, 2050)                                                              = 0
8679 [0x7f5bb9b5680a] SYS_mmap(0x7f5bb8e4d000, 0x3000, 3, 2066)                                                                    = 0x7f5bb8e4d000
8679 [0x7f5bb9b5680a] SYS_mmap(0x7f5bb8e50000, 3808, 3, 50)                                                                        = 0x7f5bb8e50000
8679 [0x7f5bb9b56787] SYS_close(3, 16, 0x7f5bb8e4de30, 0x6ffffdff)                                                                 = 0
8679 [0x7f5bb9b56677] SYS_open(0x7f5bb9d534b8, 0x80000, 0, 0x6ffffdff)                                                             = 3
8679 [0x7f5bb9b56697] SYS_read(3, 0x7fff816cb9e8, 832, 0x6ffffdff)                                                                 = 832
8679 [0x7f5bb9b56604] SYS_fstat(3, 0x7fff816cb8c0, 0x7fff816cb8c0, 16)                                                             = 0
8679 [0x7f5bb9b5680a] SYS_mmap(0, 0x29d850, 5, 2050)                                                                               = 0x7f5bb891e000
8679 [0x7f5bb9b56857] SYS_mprotect(0x7f5bb89b7000, 0x200000, 0, 2050)                                                              = 0
8679 [0x7f5bb9b5680a] SYS_mmap(0x7f5bb8bb7000, 0x3000, 3, 2066)                                                                    = 0x7f5bb8bb7000
8679 [0x7f5bb9b5680a] SYS_mmap(0x7f5bb8bba000, 6224, 3, 50)                                                                        = 0x7f5bb8bba000
8679 [0x7f5bb9b56787] SYS_close(3, 16, 0x7f5bb8bb8cc8, 0x6ffffdff)                                                                 = 0
8679 [0x7f5bb9b56677] SYS_open(0x7f5bb9d539a0, 0x80000, 0, 0x6ffffdff)                                                             = 3
8679 [0x7f5bb9b56697] SYS_read(3, 0x7fff816cb9b8, 832, 0x6ffffdff)                                                                 = 832
8679 [0x7f5bb9b56604] SYS_fstat(3, 0x7fff816cb890, 0x7fff816cb890, 16)                                                             = 0
8679 [0x7f5bb9b5680a] SYS_mmap(0, 0x2dbbb0, 5, 2050)                                                                               = 0x7f5bb8642000
8679 [0x7f5bb9b56857] SYS_mprotect(0x7f5bb8700000, 0x200000, 0, 2050)                                                              = 0
8679 [0x7f5bb9b5680a] SYS_mmap(0x7f5bb8900000, 0xa000, 3, 2066)                                                                    = 0x7f5bb8900000
8679 [0x7f5bb9b5680a] SYS_mmap(0x7f5bb890a000, 0x13bb0, 3, 50)                                                                     = 0x7f5bb890a000
8679 [0x7f5bb9b56787] SYS_close(3, 16, 0x7f5bb89064d8, 0x6ffffdff)                                                                 = 0
8679 [0x7f5bb9b56677] SYS_open(0x7f5bb9d53e70, 0x80000, 0, 0x6ffffdff)                                                             = 3
8679 [0x7f5bb9b56697] SYS_read(3, 0x7fff816cb988, 832, 0x6ffffdff)                                                                 = 832
8679 [0x7f5bb9b56604] SYS_fstat(3, 0x7fff816cb860, 0x7fff816cb860, 32)                                                             = 0
8679 [0x7f5bb9b5680a] SYS_mmap(0, 4096, 3, 34)                                                                                     = 0x7f5bb9d52000
8679 [0x7f5bb9b5680a] SYS_mmap(0, 0x21c490, 5, 2050)                                                                               = 0x7f5bb8425000
8679 [0x7f5bb9b56857] SYS_mprotect(0x7f5bb843d000, 0x1ff000, 0, 2050)                                                              = 0
8679 [0x7f5bb9b5680a] SYS_mmap(0x7f5bb863c000, 8192, 3, 2066)                                                                      = 0x7f5bb863c000
8679 [0x7f5bb9b5680a] SYS_mmap(0x7f5bb863e000, 0x3490, 3, 50)                                                                      = 0x7f5bb863e000
8679 [0x7f5bb9b56787] SYS_close(3, 16, 0, 0x6ffffdff)                                                                              = 0
8679 [0x7f5bb9b56677] SYS_open(0x7f5bb9d524b8, 0x80000, 0, 0x6ffffdff)                                                             = 3
8679 [0x7f5bb9b56697] SYS_read(3, 0x7fff816cb958, 832, 0x6ffffdff)                                                                 = 832
8679 [0x7f5bb9b56604] SYS_fstat(3, 0x7fff816cb830, 0x7fff816cb830, 32)                                                             = 0
8679 [0x7f5bb9b5680a] SYS_mmap(0, 0x207bc0, 5, 2050)                                                                               = 0x7f5bb821d000
8679 [0x7f5bb9b56857] SYS_mprotect(0x7f5bb8224000, 0x1ff000, 0, 2050)                                                              = 0
8679 [0x7f5bb9b5680a] SYS_mmap(0x7f5bb8423000, 8192, 3, 2066)                                                                      = 0x7f5bb8423000
8679 [0x7f5bb9b56787] SYS_close(3, 16, 0, 0x6ffffdff)                                                                              = 0
8679 [0x7f5bb9b56677] SYS_open(0x7f5bb9d52988, 0x80000, 0, 0x6ffffdff)                                                             = 3
8679 [0x7f5bb9b56697] SYS_read(3, 0x7fff816cb928, 832, 0x6ffffdff)                                                                 = 832
8679 [0x7f5bb9b56604] SYS_fstat(3, 0x7fff816cb800, 0x7fff816cb800, 16)                                                             = 0
8679 [0x7f5bb9b5680a] SYS_mmap(0, 0x202e20, 5, 2050)                                                                               = 0x7f5bb801a000
8679 [0x7f5bb9b56857] SYS_mprotect(0x7f5bb801d000, 0x1ff000, 0, 2050)                                                              = 0
8679 [0x7f5bb9b5680a] SYS_mmap(0x7f5bb821c000, 4096, 3, 2066)                                                                      = 0x7f5bb821c000
8679 [0x7f5bb9b56787] SYS_close(3, 16, 0x7f5bb821cc28, 0x6ffffdff)                                                                 = 0
8679 [0x7f5bb9b56677] SYS_open(0x7f5bb9d52e58, 0x80000, 0, 0x6ffffdff)                                                             = 3
8679 [0x7f5bb9b56697] SYS_read(3, 0x7fff816cb8f8, 832, 0x6ffffdff)                                                                 = 832
8679 [0x7f5bb9b56604] SYS_fstat(3, 0x7fff816cb7d0, 0x7fff816cb7d0, 16)                                                             = 0
8679 [0x7f5bb9b5680a] SYS_mmap(0, 4096, 3, 34)                                                                                     = 0x7f5bb9d51000
8679 [0x7f5bb9b5680a] SYS_mmap(0, 0x209850, 5, 2050)                                                                               = 0x7f5bb7e10000
8679 [0x7f5bb9b56857] SYS_mprotect(0x7f5bb7e1a000, 0x1ff000, 0, 2050)                                                              = 0
8679 [0x7f5bb9b5680a] SYS_mmap(0x7f5bb8019000, 4096, 3, 2066)                                                                      = 0x7f5bb8019000
8679 [0x7f5bb9b56787] SYS_close(3, 16, 0x7f5bb8019618, 0x6ffffdff)                                                                 = 0
8679 [0x7f5bb9b56677] SYS_open(0x7f5bb9d514b8, 0x80000, 0, 0x6ffffdff)                                                             = 3
8679 [0x7f5bb9b56697] SYS_read(3, 0x7fff816cb8c8, 832, 0x6ffffdff)                                                                 = 832
8679 [0x7f5bb9b56604] SYS_fstat(3, 0x7fff816cb7a0, 0x7fff816cb7a0, 16)                                                             = 0
8679 [0x7f5bb9b5680a] SYS_mmap(0, 0x210868, 5, 2050)                                                                               = 0x7f5bb7bff000
8679 [0x7f5bb9b56857] SYS_mprotect(0x7f5bb7c10000, 0x1ff000, 0, 2050)                                                              = 0
8679 [0x7f5bb9b5680a] SYS_mmap(0x7f5bb7e0f000, 4096, 3, 2066)                                                                      = 0x7f5bb7e0f000
8679 [0x7f5bb9b56787] SYS_close(3, 16, 0x7f5bb7e0f408, 0x6ffffdff)                                                                 = 0
8679 [0x7f5bb9b56677] SYS_open(0x7f5bb9d51a40, 0x80000, 0, 0x7f5bb9d529a0)                                                         = 3
8679 [0x7f5bb9b56697] SYS_read(3, 0x7fff816cb768, 832, 0x7f5bb9d529a0)                                                             = 832
8679 [0x7f5bb9b56604] SYS_fstat(3, 0x7fff816cb640, 0x7fff816cb640, 16)                                                             = 0
8679 [0x7f5bb9b5680a] SYS_mmap(0, 0x2032c8, 5, 2050)                                                                               = 0x7f5bb79fb000
8679 [0x7f5bb9b56857] SYS_mprotect(0x7f5bb79fe000, 0x200000, 0, 2050)                                                              = 0
8679 [0x7f5bb9b5680a] SYS_mmap(0x7f5bb7bfe000, 4096, 3, 2066)                                                                      = 0x7f5bb7bfe000
8679 [0x7f5bb9b56787] SYS_close(3, 16, 0x7f5bb7bfe188, 0x6ffffdff)                                                                 = 0
8679 [0x7f5bb9b56677] SYS_open(0x7f5bb9d51f28, 0x80000, 0, 0x6ffffdff)                                                             = 3
8679 [0x7f5bb9b56697] SYS_read(3, 0x7fff816cb738, 832, 0x6ffffdff)                                                                 = 832
8679 [0x7f5bb9b56604] SYS_fstat(3, 0x7fff816cb610, 0x7fff816cb610, 16)                                                             = 0
8679 [0x7f5bb9b5680a] SYS_mmap(0, 4096, 3, 34)                                                                                     = 0x7f5bb9d50000
8679 [0x7f5bb9b5680a] SYS_mmap(0, 0x207820, 5, 2050)                                                                               = 0x7f5bb77f3000
8679 [0x7f5bb9b56857] SYS_mprotect(0x7f5bb77fa000, 0x200000, 0, 2050)                                                              = 0
8679 [0x7f5bb9b5680a] SYS_mmap(0x7f5bb79fa000, 4096, 3, 2066)                                                                      = 0x7f5bb79fa000
8679 [0x7f5bb9b56787] SYS_close(3, 16, 0x7f5bb79fa188, 0x6ffffdff)                                                                 = 0
8679 [0x7f5bb9b56677] SYS_open(0x7f5bb9d504c8, 0x80000, 0, 0x6ffffdff)                                                             = 3
8679 [0x7f5bb9b56697] SYS_read(3, 0x7fff816cb708, 832, 0x6ffffdff)                                                                 = 832
8679 [0x7f5bb9b56604] SYS_fstat(3, 0x7fff816cb5e0, 0x7fff816cb5e0, 16)                                                             = 0
8679 [0x7f5bb9b5680a] SYS_mmap(0, 0x201f30, 5, 2050)                                                                               = 0x7f5bb75f1000
8679 [0x7f5bb9b56857] SYS_mprotect(0x7f5bb75f3000, 0x1ff000, 0, 2050)                                                              = 0
8679 [0x7f5bb9b5680a] SYS_mmap(0x7f5bb77f2000, 4096, 3, 2066)                                                                      = 0x7f5bb77f2000
8679 [0x7f5bb9b56787] SYS_close(3, 16, 0x7f5bb77f2e18, 0x6ffffdff)                                                                 = 0
8679 [0x7f5bb9b56677] SYS_open(0x7f5bb9d50a60, 0x80000, 0, 0x7f5bb9d544d0)                                                         = 3
8679 [0x7f5bb9b56697] SYS_read(3, 0x7fff816cb6d8, 832, 0x7f5bb9d544d0)                                                             = 832
8679 [0x7f5bb9b56604] SYS_fstat(3, 0x7fff816cb5b0, 0x7fff816cb5b0, 16)                                                             = 0
8679 [0x7f5bb9b5680a] SYS_mmap(0, 0x2022e8, 5, 2050)                                                                               = 0x7f5bb73ee000
8679 [0x7f5bb9b56857] SYS_mprotect(0x7f5bb73f0000, 0x200000, 0, 2050)                                                              = 0
8679 [0x7f5bb9b5680a] SYS_mmap(0x7f5bb75f0000, 4096, 3, 2066)                                                                      = 0x7f5bb75f0000
8679 [0x7f5bb9b56787] SYS_close(3, 16, 0x7f5bb75f0198, 0x6ffffdff)                                                                 = 0
8679 [0x7f5bb9b56677] SYS_open(0x7f5bb9d50f40, 0x80000, 0, 0x6ffffdff)                                                             = 3
8679 [0x7f5bb9b56697] SYS_read(3, 0x7fff816cb6a8, 832, 0x6ffffdff)                                                                 = 832
8679 [0x7f5bb9b56604] SYS_fstat(3, 0x7fff816cb580, 0x7fff816cb580, 16)                                                             = 0
8679 [0x7f5bb9b5680a] SYS_mmap(0, 4096, 3, 34)                                                                                     = 0x7f5bb9d4f000
8679 [0x7f5bb9b5680a] SYS_mmap(0, 0x201f30, 5, 2050)                                                                               = 0x7f5bb71ec000
8679 [0x7f5bb9b56857] SYS_mprotect(0x7f5bb71ee000, 0x1ff000, 0, 2050)                                                              = 0
8679 [0x7f5bb9b5680a] SYS_mmap(0x7f5bb73ed000, 4096, 3, 2066)                                                                      = 0x7f5bb73ed000
8679 [0x7f5bb9b56787] SYS_close(3, 16, 0x7f5bb73ede18, 0x6ffffdff)                                                                 = 0
8679 [0x7f5bb9b56677] SYS_open(0x7f5bb9d4f4c0, 0x80000, 0, 0x6ffffdff)                                                             = 3
8679 [0x7f5bb9b56697] SYS_read(3, 0x7fff816cb678, 832, 0x6ffffdff)                                                                 = 832
8679 [0x7f5bb9b56604] SYS_fstat(3, 0x7fff816cb550, 0x7fff816cb550, 16)                                                             = 0
8679 [0x7f5bb9b5680a] SYS_mmap(0, 0x2038b8, 5, 2050)                                                                               = 0x7f5bb6fe8000
8679 [0x7f5bb9b56857] SYS_mprotect(0x7f5bb6fec000, 0x1ff000, 0, 2050)                                                              = 0
8679 [0x7f5bb9b5680a] SYS_mmap(0x7f5bb71eb000, 4096, 3, 2066)                                                                      = 0x7f5bb71eb000
8679 [0x7f5bb9b56787] SYS_close(3, 16, 0x7f5bb71eb748, 0x6ffffdff)                                                                 = 0
8679 [0x7f5bb9b56677] SYS_open(0x7f5bb9d4fa60, 0x80000, 0, 0x7f5bb9d52000)                                                         = 3
8679 [0x7f5bb9b56697] SYS_read(3, 0x7fff816cb618, 832, 0x7f5bb9d52000)                                                             = 832
8679 [0x7f5bb9b56604] SYS_fstat(3, 0x7fff816cb4f0, 0x7fff816cb4f0, 16)                                                             = 0
8679 [0x7f5bb9b5680a] SYS_mmap(0, 0x210848, 5, 2050)                                                                               = 0x7f5bb6dd7000
8679 [0x7f5bb9b56857] SYS_mprotect(0x7f5bb6de7000, 0x1ff000, 0, 2050)                                                              = 0
8679 [0x7f5bb9b5680a] SYS_mmap(0x7f5bb6fe6000, 8192, 3, 2066)                                                                      = 0x7f5bb6fe6000
8679 [0x7f5bb9b56787] SYS_close(3, 16, 0x7f5bb6fe6d90, 0x6ffffdff)                                                                 = 0
8679 [0x7f5bb9b56677] SYS_open(0x7f5bb9d4ff48, 0x80000, 0, 0x6ffffdff)                                                             = 3
8679 [0x7f5bb9b56697] SYS_read(3, 0x7fff816cb5e8, 832, 0x6ffffdff)                                                                 = 832
8679 [0x7f5bb9b56604] SYS_fstat(3, 0x7fff816cb4c0, 0x7fff816cb4c0, 16)                                                             = 0
8679 [0x7f5bb9b5680a] SYS_mmap(0, 4096, 3, 34)                                                                                     = 0x7f5bb9d4e000
8679 [0x7f5bb9b5680a] SYS_mmap(0, 0x20acf0, 5, 2050)                                                                               = 0x7f5bb6bcc000
8679 [0x7f5bb9b56857] SYS_mprotect(0x7f5bb6bd7000, 0x1ff000, 0, 2050)                                                              = 0
8679 [0x7f5bb9b5680a] SYS_mmap(0x7f5bb6dd6000, 4096, 3, 2066)                                                                      = 0x7f5bb6dd6000
8679 [0x7f5bb9b56787] SYS_close(3, 16, 0x7f5bb6dd6750, 0x6ffffdff)                                                                 = 0
8679 [0x7f5bb9b56677] SYS_open(0x7f5bb9d4e560, 0x80000, 0, 0x7f5bb9d52000)                                                         = 3
8679 [0x7f5bb9b56697] SYS_read(3, 0x7fff816cb5b8, 832, 0x7f5bb9d52000)                                                             = 832
8679 [0x7f5bb9b56604] SYS_fstat(3, 0x7fff816cb490, 0x7fff816cb490, 32)                                                             = 0
8679 [0x7f5bb9b5680a] SYS_mmap(0, 0x2361e0, 5, 2050)                                                                               = 0x7f5bb6995000
8679 [0x7f5bb9b56857] SYS_mprotect(0x7f5bb699d000, 0x1ff000, 0, 2050)                                                              = 0
8679 [0x7f5bb9b5680a] SYS_mmap(0x7f5bb6b9c000, 8192, 3, 2066)                                                                      = 0x7f5bb6b9c000
8679 [0x7f5bb9b5680a] SYS_mmap(0x7f5bb6b9e000, 0x2d1e0, 3, 50)                                                                     = 0x7f5bb6b9e000
8679 [0x7f5bb9b56787] SYS_close(3, 16, 0, 0x6ffffdff)                                                                              = 0
8679 [0x7f5bb9b56677] SYS_open(0x7f5bb9d4ea30, 0x80000, 0, 0x6ffffdff)                                                             = 3
8679 [0x7f5bb9b56697] SYS_read(3, 0x7fff816cb588, 832, 0x6ffffdff)                                                                 = 832
8679 [0x7f5bb9b56604] SYS_fstat(3, 0x7fff816cb460, 0x7fff816cb460, 16)                                                             = 0
8679 [0x7f5bb9b5680a] SYS_mmap(0, 0x43fe88, 5, 2050)                                                                               = 0x7f5bb6555000
8679 [0x7f5bb9b56857] SYS_mprotect(0x7f5bb676a000, 0x200000, 0, 2050)                                                              = 0
8679 [0x7f5bb9b5680a] SYS_mmap(0x7f5bb696a000, 0x27000, 3, 2066)                                                                   = 0x7f5bb696a000
8679 [0x7f5bb9b5680a] SYS_mmap(0x7f5bb6991000, 0x3e88, 3, 50)                                                                      = 0x7f5bb6991000
8679 [0x7f5bb9b56857] SYS_mprotect(0x7fff816cd000, 4096, 0x1000007, 4)                                                             = 0
8679 [0x7f5bb9b56787] SYS_close(3, 4096, 0x1000007, 4)                                                                             = 0
8679 [0x7f5bb9b56677] SYS_open(0x7f5bb9d4efb0, 0x80000, 0, 0x7f5bb9d514d0)                                                         = 3
8679 [0x7f5bb9b56697] SYS_read(3, 0x7fff816cb558, 832, 0x7f5bb9d514d0)                                                             = 832
8679 [0x7f5bb9b56604] SYS_fstat(3, 0x7fff816cb430, 0x7fff816cb430, 16)                                                             = 0
8679 [0x7f5bb9b5680a] SYS_mmap(0, 4096, 3, 34)                                                                                     = 0x7f5bb9d4d000
8679 [0x7f5bb9b5680a] SYS_mmap(0, 0x215730, 5, 2050)                                                                               = 0x7f5bb633f000
8679 [0x7f5bb9b56857] SYS_mprotect(0x7f5bb6355000, 0x1ff000, 0, 2050)                                                              = 0
8679 [0x7f5bb9b5680a] SYS_mmap(0x7f5bb6554000, 4096, 3, 2066)                                                                      = 0x7f5bb6554000
8679 [0x7f5bb9b56787] SYS_close(3, 16, 0x7f5bb6554490, 0x6ffffdff)                                                                 = 0
8679 [0x7f5bb9b56677] SYS_open(0x7f5bb9d4d4f0, 0x80000, 0, 0x6ffffdff)                                                             = 3
8679 [0x7f5bb9b56697] SYS_read(3, 0x7fff816cb528, 832, 0x6ffffdff)                                                                 = 832
8679 [0x7f5bb9b56604] SYS_fstat(3, 0x7fff816cb400, 0x7fff816cb400, 32)                                                             = 0
8679 [0x7f5bb9b5680a] SYS_mmap(0, 0x2fd148, 5, 2050)                                                                               = 0x7f5bb6041000
8679 [0x7f5bb9b56857] SYS_mprotect(0x7f5bb613e000, 0x1ff000, 0, 2050)                                                              = 0
8679 [0x7f5bb9b5680a] SYS_mmap(0x7f5bb633d000, 8192, 3, 2066)                                                                      = 0x7f5bb633d000
8679 [0x7f5bb9b56787] SYS_close(3, 16, 0, 0x6ffffdff)                                                                              = 0
8679 [0x7f5bb9b56677] SYS_open(0x7fff816cb2f0, 0x80000, 0, 0x36782f39325f3130)                                                     = -2
8679 [0x7f5bb9b565c5] SYS_stat(0x7fff816cb2f0, 0x7fff816cb3d0, 0x7fff816cb3d0, 0x36782f39325f3130)                                 = -2
8679 [0x7f5bb9b56677] SYS_open(0x7fff816cb2f0, 0x80000, 0, 0x36782f39325f3130)                                                     = -2
8679 [0x7f5bb9b565c5] SYS_stat(0x7fff816cb2f0, 0x7fff816cb3d0, 0x7fff816cb3d0, 0x36782f39325f3130)                                 = -2
8679 [0x7f5bb9b56677] SYS_open(0x7fff816cb2f0, 0x80000, 0, 0x36782f39325f3130)                                                     = -2
8679 [0x7f5bb9b565c5] SYS_stat(0x7fff816cb2f0, 0x7fff816cb3d0, 0x7fff816cb3d0, 0x36782f39325f3130)                                 = -2
8679 [0x7f5bb9b56677] SYS_open(0x7fff816cb2f0, 0x80000, 0, 0x36782f39325f3130)                                                     = -2
8679 [0x7f5bb9b565c5] SYS_stat(0x7fff816cb2f0, 0x7fff816cb3d0, 0x7fff816cb3d0, 0x36782f39325f3130)                                 = -2
8679 [0x7f5bb9b56677] SYS_open(0x7f5bb9d4ddd0, 0x80000, 0, 0x36782f39325f3130)                                                     = 3
8679 [0x7f5bb9b56697] SYS_read(3, 0x7fff816cb4f8, 832, 0x36782f39325f3130)                                                         = 832
8679 [0x7f5bb9b56604] SYS_fstat(3, 0x7fff816cb3d0, 0x7fff816cb3d0, 16)                                                             = 0
8679 [0x7f5bb9b5680a] SYS_mmap(0, 4096, 3, 34)                                                                                     = 0x7f5bb9d4c000
8679 [0x7f5bb9b5680a] SYS_mmap(0, 0x2f8980, 5, 2050)                                                                               = 0x7f5bb5d48000
8679 [0x7f5bb9b56857] SYS_mprotect(0x7f5bb5e3f000, 0x200000, 0, 2050)                                                              = 0
8679 [0x7f5bb9b5680a] SYS_mmap(0x7f5bb603f000, 8192, 3, 2066)                                                                      = 0x7f5bb603f000
8679 [0x7f5bb9b56787] SYS_close(3, 16, 0x7f5bb603f3a0, 0x6ffffdff)                                                                 = 0
8679 [0x7f5bb9b56677] SYS_open(0x7f5bb9d4c4c8, 0x80000, 0, 0x6ffffdff)                                                             = 3
8679 [0x7f5bb9b56697] SYS_read(3, 0x7fff816cb4c8, 832, 0x6ffffdff)                                                                 = 832
8679 [0x7f5bb9b56604] SYS_fstat(3, 0x7fff816cb3a0, 0x7fff816cb3a0, 16)                                                             = 0
8679 [0x7f5bb9b5680a] SYS_mmap(0, 0x2fc9d8, 5, 2050)                                                                               = 0x7f5bb5a4b000
8679 [0x7f5bb9b56857] SYS_mprotect(0x7f5bb5b46000, 0x200000, 0, 2050)                                                              = 0
8679 [0x7f5bb9b5680a] SYS_mmap(0x7f5bb5d46000, 8192, 3, 2066)                                                                      = 0x7f5bb5d46000
8679 [0x7f5bb9b56787] SYS_close(3, 16, 0x7f5bb5d47828, 0x6ffffdff)                                                                 = 0
8679 [0x7f5bb9b56677] SYS_open(0x7f5bb9d4c998, 0x80000, 0, 0x6ffffdff)                                                             = 3
8679 [0x7f5bb9b56697] SYS_read(3, 0x7fff816cb498, 832, 0x6ffffdff)                                                                 = 832
8679 [0x7f5bb9b56604] SYS_fstat(3, 0x7fff816cb370, 0x7fff816cb370, 16)                                                             = 0
8679 [0x7f5bb9b5680a] SYS_mmap(0, 0x242830, 5, 2050)                                                                               = 0x7f5bb5808000
8679 [0x7f5bb9b56857] SYS_mprotect(0x7f5bb584b000, 0x1ff000, 0, 2050)                                                              = 0
8679 [0x7f5bb9b5680a] SYS_mmap(0x7f5bb5a4a000, 4096, 3, 2066)                                                                      = 0x7f5bb5a4a000
8679 [0x7f5bb9b56787] SYS_close(3, 16, 0x7f5bb5a4a630, 0x6ffffdff)                                                                 = 0
8679 [0x7f5bb9b56677] SYS_open(0x7f5bb9d4cf70, 0x80000, 0, 0x7f5bb9d539b8)                                                         = 3
8679 [0x7f5bb9b56697] SYS_read(3, 0x7fff816cb468, 832, 0x7f5bb9d539b8)                                                             = 832
8679 [0x7f5bb9b56604] SYS_fstat(3, 0x7fff816cb340, 0x7fff816cb340, 32)                                                             = 0
8679 [0x7f5bb9b5680a] SYS_mmap(0, 4096, 3, 34)                                                                                     = 0x7f5bb9d4b000
8679 [0x7f5bb9b5680a] SYS_mmap(0, 0x203118, 5, 2050)                                                                               = 0x7f5bb5604000
8679 [0x7f5bb9b56857] SYS_mprotect(0x7f5bb5606000, 0x200000, 0, 2050)                                                              = 0
8679 [0x7f5bb9b5680a] SYS_mmap(0x7f5bb5806000, 8192, 3, 2066)                                                                      = 0x7f5bb5806000
8679 [0x7f5bb9b56787] SYS_close(3, 16, 0x7f5bb5806f40, 0x6ffffdff)                                                                 = 0
8679 [0x7f5bb9b5680a] SYS_mmap(0, 4096, 3, 34)                                                                                     = 0x7f5bb9d4a000
8679 [0x7f5bb9b5680a] SYS_mmap(0, 4096, 3, 34)                                                                                     = 0x7f5bb9d49000
8679 [0x7f5bb9b5680a] SYS_mmap(0, 8192, 3, 34)                                                                                     = 0x7f5bb9d47000
8679 [0x7f5bb9b40044] SYS_arch_prctl(4098, 0x7f5bb9d47780, 0x7f5bb9d48080, 34)                                                     = 0
8679 [0x7f5bb9b56857] SYS_mprotect(0x7f5bb9496000, 0x4000, 1, 1)                                                                   = 0
8679 [0x7f5bb9b56857] SYS_mprotect(0x7f5bb5806000, 4096, 1, 0x7f5bb5604c68)                                                        = 0
8679 [0x7f5bb9b56857] SYS_mprotect(0x7f5bb863c000, 4096, 1, 0x7f5bb842a500)                                                        = 0
8679 [0x7f5bb9b56857] SYS_mprotect(0x7f5bb633d000, 4096, 1, 1)                                                                     = 0
8679 [0x7f5bb9b56857] SYS_mprotect(0x7f5bb6b9c000, 4096, 1, 0x7f5bb6995a00)                                                        = 0
8679 [0x7f5bb9b56857] SYS_mprotect(0x7f5bb8900000, 0x7000, 1, 0x7f5bb869a810)                                                      = 0
8679 [0x7f5bb9b56857] SYS_mprotect(0x7f5bb8423000, 4096, 1, 0x7f5bb821ed58)                                                        = 0
8679 [0x7f5bb9b56857] SYS_mprotect(0x7f5bb9d5f000, 4096, 1, 0)                                                                     = 0
8679 [0x7f5bb9b56837] SYS_munmap(0x7f5bb9d55000, 0x83b3, 0x72b00, 0)                                                               = 0
8679 [0x7f5bb842be92] SYS_set_tid_address(0x7f5bb9d47a50, 0x7fff816cd458, 0x7f5bb9d47780, 0)                                       = 8679
8679 [0x7f5bb842befa] SYS_set_robust_list(0x7f5bb9d47a60, 24, 0x7f5bb9d47780, 0)                                                   = 0
8679 [0x7f5bb8435cf5] SYS_rt_sigaction(32, 0x7fff816cd1a8, 0, 8)                                                                   = 0
8679 [0x7f5bb8435cf5] SYS_rt_sigaction(33, 0x7fff816cd1a8, 0, 8)                                                                   = 0
8679 [0x7f5bb842bfd6] SYS_rt_sigprocmask(1, 0x7fff816cd2f8, 0, 8)                                                                  = 0
8679 [0x7f5bb91e2b17] SYS_getrlimit(3, 0x7fff816cd390, 63, 1)                                                                      = 0
8679 [0x7f5bb842bb95] SYS_futex(0x7f5bb890a7e0, 129, 0x7fffffff, 0)                                                                = 0
8679 [0x4009e1] ledctrl->Hal_Led_Set_Mode(10, 3, 0x7f5bb9250c60, 0 <unfinished ...>
8679 [0x7f5bb94a6575]   libnhal.so->Hal_Lookup_Hardware_Info(0x7fff816cd180, 3, 0x7f5bb9250c60, 0 <unfinished ...>
8679 [0x7f5bb91dd557]     SYS_statfs(0x7f5bb84381e8, 0x7fff816ccf70, 0x7f5bb8641310, 1)                                            = 0
8679 [0x7f5bb842bb95]     SYS_futex(0x7f5bb8641310, 129, 0x7fffffff, 0)                                                            = 0
8679 [0x7f5bb91dd7e0]     SYS_open(0x7fff816cd080, 0xa0002, 484, 1)                                                                = 3
8679 [0x7f5bb91e672a]     SYS_mmap(0, 220, 3, 1)                                                                                   = 0x7f5bb9d5d000
8679 [0x7f5bb91de070]     SYS_close(3, 220, 3, 1)                                                                                  = 0
8679 [0x7f5bb94a57f0]     libnhal.so->Hw_Semaphore_Init(0x7fff816cd130, 0x7f5bb94a8287, 1, -1 <unfinished ...>
8679 [0x7f5bb91dd405]       SYS_lstat(0x7fff816ccfe0, 0x7fff816ccef0, 0x7fff816ccef0, 0)                                           = -2
8679 [0x7f5bb8435510]       SYS_open(0x7fff816ccfe0, 194, 600, 0)                                                                  = 3
8679 [0x7f5bb8434da0]       SYS_write(3, 0x7fff816cd060, 32, 0)                                                                    = 32
8679 [0x7f5bb91e672a]       SYS_mmap(0, 32, 3, 1)                                                                                  = 0x7f5bb9d5c000
8679 [0x7f5bb91df1a7]       SYS_link(0x7fff816ccfe0, 0x7fff816cd010, 3, 1)                                                         = -17
8679 [0x7f5bb91e6757]       SYS_munmap(0x7f5bb9d5c000, 32, 3, 1)                                                                   = 0
8679 [0x7f5bb91df2c7]       SYS_unlink(0x7fff816ccfe0, 32, 3, 1)                                                                   = 0
8679 [0x7f5bb8434e60]       SYS_close(3, 32, 3, 1)                                                                                 = 0
8679 [0x7f5bb8435510]       SYS_open(0x7fff816cd010, 0x20002, 18, 1)                                                               = 3
8679 [0x7f5bb91dd3b4]       SYS_fstat(3, 0x7fff816ccf40, 0x7fff816ccf40, 1)                                                        = 0
8679 [0x7f5bb91e2f5a]       SYS_brk(0, 0x7f5bb949a640, 0, -4096)                                                                   = 0x227d000
8679 [0x7f5bb91e2f5a]       SYS_brk(0x229e000, 0x227d000, 0x229e000, -4096)                                                        = 0x229e000
8679 [0x7f5bb91e672a]       SYS_mmap(0, 32, 3, 1)                                                                                  = 0x7f5bb9d5c000
8679 [0x7f5bb8434e60]       SYS_close(3, 32, 0, 3)                                                                                 = 0
8679 [0x7f5bb94a57f0]     <... Hw_Semaphore_Init resumed> )                                                                        = 17
8679 [0x7f5bb94a5800]     libnhal.so->Hw_Semaphore_Lock(0x7fff816cd130, 32, 0x7f5bb9d5c000, -1)                                    = 0
8679 [0x7f5bb94a5918]     libnhal.so->Hw_Semaphore_Unlock(0x7fff816cd130, 2, 0x7f5bb9d5d000, 0)                                    = 0
8679 [0x7f5bb94a5924]     libnhal.so->Hw_Semaphore_Release(0x7fff816cd130, 128, 0, 0 <unfinished ...>
8679 [0x7f5bb91e6757]       SYS_munmap(0x7f5bb9d5c000, 32, 0, 1)                                                                   = 0
8679 [0x7f5bb94a5924]     <... Hw_Semaphore_Release resumed> )                                                                     = 0
8679 [0x7f5bb94a6575]   <... Hal_Lookup_Hardware_Info resumed> )                                                                   = 0
8679 [0x4009e1] <... Hal_Led_Set_Mode resumed> )                                                                                   = 0xffffffea
8679 [0x7f5bb9137932] libgeneral.so->Trace_Mem_Destroy()(0x7f5bb8e4fd40, 0, 0x63ebfc1efd502127, 16)                                = 0
8679 [0x7f5bb91ba468] SYS_exit_group(-22, 60, -22, 0x7f5bb949da48 <unfinished ...>
8679 [0xffffffffffffffff] +++ exited (status 234) +++
