8714 [0x7f39baa138aa] SYS_brk(0, 0x7f39baa16fa0, 0, 895)                                                                           = 0x1a0e000
8714 [0x7f39baa147e7] SYS_readlink(0x7fff85e84b7e, 0x7fff85e82030, 4096, 0x756e694c00000000)                                       = -2
8714 [0x7f39baa14677] SYS_open(0x7f39baa181f3, 0, 0, 0x756e694c00000000)                                                           = 3
8714 [0x7f39baa147a7] SYS_chdir(0x7f39bac1fba8, 0, 0, 0x756e694c00000000)                                                          = -2
8714 [0x7f39baa139d2] SYS_getcwd(0x7fff85e82030, 4096, 0, 0x756e694c00000000)                                                      = 23
8714 [0x7f39baa147c7] SYS_fchdir(3, 4096, 0, 0x756e694c00000000)                                                                   = 0
8714 [0x7f39baa14787] SYS_close(3, 4096, 0, 0x756e694c00000000)                                                                    = 0
8714 [0x7f39baa1480a] SYS_mmap(0, 4096, 3, 34)                                                                                     = 0x7f39bac1c000
8714 [0x7f39baa146d7] SYS_access(0x7f39baa1a700, 4, 0x7f39bac1f718, 0)                                                             = -2
8714 [0x7f39baa14677] SYS_open(0x7f39baa18072, 0x80000, 1, 0)                                                                      = 3
8714 [0x7f39baa14604] SYS_fstat(3, 0x7fff85e81810, 0x7fff85e81810, 0)                                                              = 0
8714 [0x7f39baa1480a] SYS_mmap(0, 0x83b3, 1, 2)                                                                                    = 0x7f39bac13000
8714 [0x7f39baa14787] SYS_close(3, 0x83b3, 1, 2)                                                                                   = 0
8714 [0x7f39baa14677] SYS_open(0x7f39bac1c640, 0x80000, 0, 56)                                                                     = 3
8714 [0x7f39baa14697] SYS_read(3, 0x7fff85e81998, 832, 56)                                                                         = 832
8714 [0x7f39baa14604] SYS_fstat(3, 0x7fff85e81870, 0x7fff85e81870, 16)                                                             = 0
8714 [0x7f39baa1480a] SYS_mmap(0, 0x278960, 5, 2050)                                                                               = 0x7f39ba784000
8714 [0x7f39baa14857] SYS_mprotect(0x7f39ba7fa000, 0x200000, 0, 2050)                                                              = 0
8714 [0x7f39baa1480a] SYS_mmap(0x7f39ba9fa000, 0x3000, 3, 2066)                                                                    = 0x7f39ba9fa000
8714 [0x7f39baa14787] SYS_close(3, 16, 0x7f39ba9fa3e0, 0x6ffffdff)                                                                 = 0
8714 [0x7f39baa14677] SYS_open(0x7f39bac1cb10, 0x80000, 0, 0x6ffffdff)                                                             = 3
8714 [0x7f39baa14697] SYS_read(3, 0x7fff85e81968, 832, 0x6ffffdff)                                                                 = 832
8714 [0x7f39baa14604] SYS_fstat(3, 0x7fff85e81840, 0x7fff85e81840, 16)                                                             = 0
8714 [0x7f39baa1480a] SYS_mmap(0, 0x21bee0, 5, 2050)                                                                               = 0x7f39ba568000
8714 [0x7f39baa14857] SYS_mprotect(0x7f39ba583000, 0x200000, 0, 2050)                                                              = 0
8714 [0x7f39baa1480a] SYS_mmap(0x7f39ba783000, 4096, 3, 2066)                                                                      = 0x7f39ba783000
8714 [0x7f39baa14787] SYS_close(3, 16, 0x7f39ba783208, 0x6ffffdff)                                                                 = 0
8714 [0x7f39baa14677] SYS_open(0x7f39bac1cfe0, 0x80000, 0, 0x6ffffdff)                                                             = 3
8714 [0x7f39baa14697] SYS_read(3, 0x7fff85e81938, 832, 0x6ffffdff)                                                                 = 832
8714 [0x7f39baa14604] SYS_fstat(3, 0x7fff85e81810, 0x7fff85e81810, 16)                                                             = 0
8714 [0x7f39baa1480a] SYS_mmap(0, 4096, 3, 34)                                                                                     = 0x7f39bac12000
8714 [0x7f39baa1480a] SYS_mmap(0, 0x209ad0, 5, 2050)                                                                               = 0x7f39ba35e000
8714 [0x7f39baa14857] SYS_mprotect(0x7f39ba368000, 0x1ff000, 0, 2050)                                                              = 0
8714 [0x7f39baa1480a] SYS_mmap(0x7f39ba567000, 4096, 3, 2066)                                                                      = 0x7f39ba567000
8714 [0x7f39baa14787] SYS_close(3, 16, 0x7f39ba567690, 0x6ffffdff)                                                                 = 0
8714 [0x7f39baa14677] SYS_open(0x7f39bac124b8, 0x80000, 0, 0x6ffffdff)                                                             = 3
8714 [0x7f39baa14697] SYS_read(3, 0x7fff85e81908, 832, 0x6ffffdff)                                                                 = 832
8714 [0x7f39baa14604] SYS_fstat(3, 0x7fff85e817e0, 0x7fff85e817e0, 32)                                                             = 0
8714 [0x7f39baa1480a] SYS_mmap(0, 0x39dc40, 5, 2050)                                                                               = 0x7f39b9fc0000
8714 [0x7f39baa14857] SYS_mprotect(0x7f39ba154000, 0x200000, 0, 2050)                                                              = 0
8714 [0x7f39baa1480a] SYS_mmap(0x7f39ba354000, 0x6000, 3, 2066)                                                                    = 0x7f39ba354000
8714 [0x7f39baa1480a] SYS_mmap(0x7f39ba35a000, 0x3c40, 3, 50)                                                                      = 0x7f39ba35a000
8714 [0x7f39baa14787] SYS_close(3, 16, 0, 0x6ffffdff)                                                                              = 0
8714 [0x7f39baa14677] SYS_open(0x7f39bac12988, 0x80000, 0, 0x6ffffdff)                                                             = 3
8714 [0x7f39baa14697] SYS_read(3, 0x7fff85e817b8, 832, 0x6ffffdff)                                                                 = 832
8714 [0x7f39baa14604] SYS_fstat(3, 0x7fff85e81690, 0x7fff85e81690, 16)                                                             = 0
8714 [0x7f39baa1480a] SYS_mmap(0, 0x2b09d0, 5, 2050)                                                                               = 0x7f39b9d0f000
8714 [0x7f39baa14857] SYS_mprotect(0x7f39b9dbe000, 0x1ff000, 0, 2050)                                                              = 0
8714 [0x7f39baa1480a] SYS_mmap(0x7f39b9fbd000, 0x3000, 3, 2066)                                                                    = 0x7f39b9fbd000
8714 [0x7f39baa14787] SYS_close(3, 16, 0x7f39b9fbd9a8, 0x6ffffdff)                                                                 = 0
8714 [0x7f39baa14677] SYS_open(0x7f39bac12e58, 0x80000, 0, 0x6ffffdff)                                                             = 3
8714 [0x7f39baa14697] SYS_read(3, 0x7fff85e81788, 832, 0x6ffffdff)                                                                 = 832
8714 [0x7f39baa14604] SYS_fstat(3, 0x7fff85e81660, 0x7fff85e81660, 16)                                                             = 0
8714 [0x7f39baa1480a] SYS_mmap(0, 4096, 3, 34)                                                                                     = 0x7f39bac11000
8714 [0x7f39baa1480a] SYS_mmap(0, 0x294ee0, 5, 2050)                                                                               = 0x7f39b9a7a000
8714 [0x7f39baa14857] SYS_mprotect(0x7f39b9b0c000, 0x1ff000, 0, 2050)                                                              = 0
8714 [0x7f39baa1480a] SYS_mmap(0x7f39b9d0b000, 0x3000, 3, 2066)                                                                    = 0x7f39b9d0b000
8714 [0x7f39baa1480a] SYS_mmap(0x7f39b9d0e000, 3808, 3, 50)                                                                        = 0x7f39b9d0e000
8714 [0x7f39baa14787] SYS_close(3, 16, 0x7f39b9d0be30, 0x6ffffdff)                                                                 = 0
8714 [0x7f39baa14677] SYS_open(0x7f39bac114b8, 0x80000, 0, 0x6ffffdff)                                                             = 3
8714 [0x7f39baa14697] SYS_read(3, 0x7fff85e81758, 832, 0x6ffffdff)                                                                 = 832
8714 [0x7f39baa14604] SYS_fstat(3, 0x7fff85e81630, 0x7fff85e81630, 16)                                                             = 0
8714 [0x7f39baa1480a] SYS_mmap(0, 0x29d850, 5, 2050)                                                                               = 0x7f39b97dc000
8714 [0x7f39baa14857] SYS_mprotect(0x7f39b9875000, 0x200000, 0, 2050)                                                              = 0
8714 [0x7f39baa1480a] SYS_mmap(0x7f39b9a75000, 0x3000, 3, 2066)                                                                    = 0x7f39b9a75000
8714 [0x7f39baa1480a] SYS_mmap(0x7f39b9a78000, 6224, 3, 50)                                                                        = 0x7f39b9a78000
8714 [0x7f39baa14787] SYS_close(3, 16, 0x7f39b9a76cc8, 0x6ffffdff)                                                                 = 0
8714 [0x7f39baa14677] SYS_open(0x7f39bac119a0, 0x80000, 0, 0x6ffffdff)                                                             = 3
8714 [0x7f39baa14697] SYS_read(3, 0x7fff85e81728, 832, 0x6ffffdff)                                                                 = 832
8714 [0x7f39baa14604] SYS_fstat(3, 0x7fff85e81600, 0x7fff85e81600, 16)                                                             = 0
8714 [0x7f39baa1480a] SYS_mmap(0, 0x2dbbb0, 5, 2050)                                                                               = 0x7f39b9500000
8714 [0x7f39baa14857] SYS_mprotect(0x7f39b95be000, 0x200000, 0, 2050)                                                              = 0
8714 [0x7f39baa1480a] SYS_mmap(0x7f39b97be000, 0xa000, 3, 2066)                                                                    = 0x7f39b97be000
8714 [0x7f39baa1480a] SYS_mmap(0x7f39b97c8000, 0x13bb0, 3, 50)                                                                     = 0x7f39b97c8000
8714 [0x7f39baa14787] SYS_close(3, 16, 0x7f39b97c44d8, 0x6ffffdff)                                                                 = 0
8714 [0x7f39baa14677] SYS_open(0x7f39bac11e70, 0x80000, 0, 0x6ffffdff)                                                             = 3
8714 [0x7f39baa14697] SYS_read(3, 0x7fff85e816f8, 832, 0x6ffffdff)                                                                 = 832
8714 [0x7f39baa14604] SYS_fstat(3, 0x7fff85e815d0, 0x7fff85e815d0, 32)                                                             = 0
8714 [0x7f39baa1480a] SYS_mmap(0, 4096, 3, 34)                                                                                     = 0x7f39bac10000
8714 [0x7f39baa1480a] SYS_mmap(0, 0x21c490, 5, 2050)                                                                               = 0x7f39b92e3000
8714 [0x7f39baa14857] SYS_mprotect(0x7f39b92fb000, 0x1ff000, 0, 2050)                                                              = 0
8714 [0x7f39baa1480a] SYS_mmap(0x7f39b94fa000, 8192, 3, 2066)                                                                      = 0x7f39b94fa000
8714 [0x7f39baa1480a] SYS_mmap(0x7f39b94fc000, 0x3490, 3, 50)                                                                      = 0x7f39b94fc000
8714 [0x7f39baa14787] SYS_close(3, 16, 0, 0x6ffffdff)                                                                              = 0
8714 [0x7f39baa14677] SYS_open(0x7f39bac104b8, 0x80000, 0, 0x6ffffdff)                                                             = 3
8714 [0x7f39baa14697] SYS_read(3, 0x7fff85e816c8, 832, 0x6ffffdff)                                                                 = 832
8714 [0x7f39baa14604] SYS_fstat(3, 0x7fff85e815a0, 0x7fff85e815a0, 32)                                                             = 0
8714 [0x7f39baa1480a] SYS_mmap(0, 0x207bc0, 5, 2050)                                                                               = 0x7f39b90db000
8714 [0x7f39baa14857] SYS_mprotect(0x7f39b90e2000, 0x1ff000, 0, 2050)                                                              = 0
8714 [0x7f39baa1480a] SYS_mmap(0x7f39b92e1000, 8192, 3, 2066)                                                                      = 0x7f39b92e1000
8714 [0x7f39baa14787] SYS_close(3, 16, 0, 0x6ffffdff)                                                                              = 0
8714 [0x7f39baa14677] SYS_open(0x7f39bac10988, 0x80000, 0, 0x6ffffdff)                                                             = 3
8714 [0x7f39baa14697] SYS_read(3, 0x7fff85e81698, 832, 0x6ffffdff)                                                                 = 832
8714 [0x7f39baa14604] SYS_fstat(3, 0x7fff85e81570, 0x7fff85e81570, 16)                                                             = 0
8714 [0x7f39baa1480a] SYS_mmap(0, 0x202e20, 5, 2050)                                                                               = 0x7f39b8ed8000
8714 [0x7f39baa14857] SYS_mprotect(0x7f39b8edb000, 0x1ff000, 0, 2050)                                                              = 0
8714 [0x7f39baa1480a] SYS_mmap(0x7f39b90da000, 4096, 3, 2066)                                                                      = 0x7f39b90da000
8714 [0x7f39baa14787] SYS_close(3, 16, 0x7f39b90dac28, 0x6ffffdff)                                                                 = 0
8714 [0x7f39baa14677] SYS_open(0x7f39bac10e58, 0x80000, 0, 0x6ffffdff)                                                             = 3
8714 [0x7f39baa14697] SYS_read(3, 0x7fff85e81668, 832, 0x6ffffdff)                                                                 = 832
8714 [0x7f39baa14604] SYS_fstat(3, 0x7fff85e81540, 0x7fff85e81540, 16)                                                             = 0
8714 [0x7f39baa1480a] SYS_mmap(0, 4096, 3, 34)                                                                                     = 0x7f39bac0f000
8714 [0x7f39baa1480a] SYS_mmap(0, 0x209850, 5, 2050)                                                                               = 0x7f39b8cce000
8714 [0x7f39baa14857] SYS_mprotect(0x7f39b8cd8000, 0x1ff000, 0, 2050)                                                              = 0
8714 [0x7f39baa1480a] SYS_mmap(0x7f39b8ed7000, 4096, 3, 2066)                                                                      = 0x7f39b8ed7000
8714 [0x7f39baa14787] SYS_close(3, 16, 0x7f39b8ed7618, 0x6ffffdff)                                                                 = 0
8714 [0x7f39baa14677] SYS_open(0x7f39bac0f4b8, 0x80000, 0, 0x6ffffdff)                                                             = 3
8714 [0x7f39baa14697] SYS_read(3, 0x7fff85e81638, 832, 0x6ffffdff)                                                                 = 832
8714 [0x7f39baa14604] SYS_fstat(3, 0x7fff85e81510, 0x7fff85e81510, 16)                                                             = 0
8714 [0x7f39baa1480a] SYS_mmap(0, 0x210868, 5, 2050)                                                                               = 0x7f39b8abd000
8714 [0x7f39baa14857] SYS_mprotect(0x7f39b8ace000, 0x1ff000, 0, 2050)                                                              = 0
8714 [0x7f39baa1480a] SYS_mmap(0x7f39b8ccd000, 4096, 3, 2066)                                                                      = 0x7f39b8ccd000
8714 [0x7f39baa14787] SYS_close(3, 16, 0x7f39b8ccd408, 0x6ffffdff)                                                                 = 0
8714 [0x7f39baa14677] SYS_open(0x7f39bac0fa40, 0x80000, 0, 0x7f39bac109a0)                                                         = 3
8714 [0x7f39baa14697] SYS_read(3, 0x7fff85e814d8, 832, 0x7f39bac109a0)                                                             = 832
8714 [0x7f39baa14604] SYS_fstat(3, 0x7fff85e813b0, 0x7fff85e813b0, 16)                                                             = 0
8714 [0x7f39baa1480a] SYS_mmap(0, 0x2032c8, 5, 2050)                                                                               = 0x7f39b88b9000
8714 [0x7f39baa14857] SYS_mprotect(0x7f39b88bc000, 0x200000, 0, 2050)                                                              = 0
8714 [0x7f39baa1480a] SYS_mmap(0x7f39b8abc000, 4096, 3, 2066)                                                                      = 0x7f39b8abc000
8714 [0x7f39baa14787] SYS_close(3, 16, 0x7f39b8abc188, 0x6ffffdff)                                                                 = 0
8714 [0x7f39baa14677] SYS_open(0x7f39bac0ff28, 0x80000, 0, 0x6ffffdff)                                                             = 3
8714 [0x7f39baa14697] SYS_read(3, 0x7fff85e814a8, 832, 0x6ffffdff)                                                                 = 832
8714 [0x7f39baa14604] SYS_fstat(3, 0x7fff85e81380, 0x7fff85e81380, 16)                                                             = 0
8714 [0x7f39baa1480a] SYS_mmap(0, 4096, 3, 34)                                                                                     = 0x7f39bac0e000
8714 [0x7f39baa1480a] SYS_mmap(0, 0x207820, 5, 2050)                                                                               = 0x7f39b86b1000
8714 [0x7f39baa14857] SYS_mprotect(0x7f39b86b8000, 0x200000, 0, 2050)                                                              = 0
8714 [0x7f39baa1480a] SYS_mmap(0x7f39b88b8000, 4096, 3, 2066)                                                                      = 0x7f39b88b8000
8714 [0x7f39baa14787] SYS_close(3, 16, 0x7f39b88b8188, 0x6ffffdff)                                                                 = 0
8714 [0x7f39baa14677] SYS_open(0x7f39bac0e4c8, 0x80000, 0, 0x6ffffdff)                                                             = 3
8714 [0x7f39baa14697] SYS_read(3, 0x7fff85e81478, 832, 0x6ffffdff)                                                                 = 832
8714 [0x7f39baa14604] SYS_fstat(3, 0x7fff85e81350, 0x7fff85e81350, 16)                                                             = 0
8714 [0x7f39baa1480a] SYS_mmap(0, 0x201f30, 5, 2050)                                                                               = 0x7f39b84af000
8714 [0x7f39baa14857] SYS_mprotect(0x7f39b84b1000, 0x1ff000, 0, 2050)                                                              = 0
8714 [0x7f39baa1480a] SYS_mmap(0x7f39b86b0000, 4096, 3, 2066)                                                                      = 0x7f39b86b0000
8714 [0x7f39baa14787] SYS_close(3, 16, 0x7f39b86b0e18, 0x6ffffdff)                                                                 = 0
8714 [0x7f39baa14677] SYS_open(0x7f39bac0ea60, 0x80000, 0, 0x7f39bac124d0)                                                         = 3
8714 [0x7f39baa14697] SYS_read(3, 0x7fff85e81448, 832, 0x7f39bac124d0)                                                             = 832
8714 [0x7f39baa14604] SYS_fstat(3, 0x7fff85e81320, 0x7fff85e81320, 16)                                                             = 0
8714 [0x7f39baa1480a] SYS_mmap(0, 0x2022e8, 5, 2050)                                                                               = 0x7f39b82ac000
8714 [0x7f39baa14857] SYS_mprotect(0x7f39b82ae000, 0x200000, 0, 2050)                                                              = 0
8714 [0x7f39baa1480a] SYS_mmap(0x7f39b84ae000, 4096, 3, 2066)                                                                      = 0x7f39b84ae000
8714 [0x7f39baa14787] SYS_close(3, 16, 0x7f39b84ae198, 0x6ffffdff)                                                                 = 0
8714 [0x7f39baa14677] SYS_open(0x7f39bac0ef40, 0x80000, 0, 0x6ffffdff)                                                             = 3
8714 [0x7f39baa14697] SYS_read(3, 0x7fff85e81418, 832, 0x6ffffdff)                                                                 = 832
8714 [0x7f39baa14604] SYS_fstat(3, 0x7fff85e812f0, 0x7fff85e812f0, 16)                                                             = 0
8714 [0x7f39baa1480a] SYS_mmap(0, 4096, 3, 34)                                                                                     = 0x7f39bac0d000
8714 [0x7f39baa1480a] SYS_mmap(0, 0x201f30, 5, 2050)                                                                               = 0x7f39b80aa000
8714 [0x7f39baa14857] SYS_mprotect(0x7f39b80ac000, 0x1ff000, 0, 2050)                                                              = 0
8714 [0x7f39baa1480a] SYS_mmap(0x7f39b82ab000, 4096, 3, 2066)                                                                      = 0x7f39b82ab000
8714 [0x7f39baa14787] SYS_close(3, 16, 0x7f39b82abe18, 0x6ffffdff)                                                                 = 0
8714 [0x7f39baa14677] SYS_open(0x7f39bac0d4c0, 0x80000, 0, 0x6ffffdff)                                                             = 3
8714 [0x7f39baa14697] SYS_read(3, 0x7fff85e813e8, 832, 0x6ffffdff)                                                                 = 832
8714 [0x7f39baa14604] SYS_fstat(3, 0x7fff85e812c0, 0x7fff85e812c0, 16)                                                             = 0
8714 [0x7f39baa1480a] SYS_mmap(0, 0x2038b8, 5, 2050)                                                                               = 0x7f39b7ea6000
8714 [0x7f39baa14857] SYS_mprotect(0x7f39b7eaa000, 0x1ff000, 0, 2050)                                                              = 0
8714 [0x7f39baa1480a] SYS_mmap(0x7f39b80a9000, 4096, 3, 2066)                                                                      = 0x7f39b80a9000
8714 [0x7f39baa14787] SYS_close(3, 16, 0x7f39b80a9748, 0x6ffffdff)                                                                 = 0
8714 [0x7f39baa14677] SYS_open(0x7f39bac0da60, 0x80000, 0, 0x7f39bac10000)                                                         = 3
8714 [0x7f39baa14697] SYS_read(3, 0x7fff85e81388, 832, 0x7f39bac10000)                                                             = 832
8714 [0x7f39baa14604] SYS_fstat(3, 0x7fff85e81260, 0x7fff85e81260, 16)                                                             = 0
8714 [0x7f39baa1480a] SYS_mmap(0, 0x210848, 5, 2050)                                                                               = 0x7f39b7c95000
8714 [0x7f39baa14857] SYS_mprotect(0x7f39b7ca5000, 0x1ff000, 0, 2050)                                                              = 0
8714 [0x7f39baa1480a] SYS_mmap(0x7f39b7ea4000, 8192, 3, 2066)                                                                      = 0x7f39b7ea4000
8714 [0x7f39baa14787] SYS_close(3, 16, 0x7f39b7ea4d90, 0x6ffffdff)                                                                 = 0
8714 [0x7f39baa14677] SYS_open(0x7f39bac0df48, 0x80000, 0, 0x6ffffdff)                                                             = 3
8714 [0x7f39baa14697] SYS_read(3, 0x7fff85e81358, 832, 0x6ffffdff)                                                                 = 832
8714 [0x7f39baa14604] SYS_fstat(3, 0x7fff85e81230, 0x7fff85e81230, 16)                                                             = 0
8714 [0x7f39baa1480a] SYS_mmap(0, 4096, 3, 34)                                                                                     = 0x7f39bac0c000
8714 [0x7f39baa1480a] SYS_mmap(0, 0x20acf0, 5, 2050)                                                                               = 0x7f39b7a8a000
8714 [0x7f39baa14857] SYS_mprotect(0x7f39b7a95000, 0x1ff000, 0, 2050)                                                              = 0
8714 [0x7f39baa1480a] SYS_mmap(0x7f39b7c94000, 4096, 3, 2066)                                                                      = 0x7f39b7c94000
8714 [0x7f39baa14787] SYS_close(3, 16, 0x7f39b7c94750, 0x6ffffdff)                                                                 = 0
8714 [0x7f39baa14677] SYS_open(0x7f39bac0c560, 0x80000, 0, 0x7f39bac10000)                                                         = 3
8714 [0x7f39baa14697] SYS_read(3, 0x7fff85e81328, 832, 0x7f39bac10000)                                                             = 832
8714 [0x7f39baa14604] SYS_fstat(3, 0x7fff85e81200, 0x7fff85e81200, 32)                                                             = 0
8714 [0x7f39baa1480a] SYS_mmap(0, 0x2361e0, 5, 2050)                                                                               = 0x7f39b7853000
8714 [0x7f39baa14857] SYS_mprotect(0x7f39b785b000, 0x1ff000, 0, 2050)                                                              = 0
8714 [0x7f39baa1480a] SYS_mmap(0x7f39b7a5a000, 8192, 3, 2066)                                                                      = 0x7f39b7a5a000
8714 [0x7f39baa1480a] SYS_mmap(0x7f39b7a5c000, 0x2d1e0, 3, 50)                                                                     = 0x7f39b7a5c000
8714 [0x7f39baa14787] SYS_close(3, 16, 0, 0x6ffffdff)                                                                              = 0
8714 [0x7f39baa14677] SYS_open(0x7f39bac0ca30, 0x80000, 0, 0x6ffffdff)                                                             = 3
8714 [0x7f39baa14697] SYS_read(3, 0x7fff85e812f8, 832, 0x6ffffdff)                                                                 = 832
8714 [0x7f39baa14604] SYS_fstat(3, 0x7fff85e811d0, 0x7fff85e811d0, 16)                                                             = 0
8714 [0x7f39baa1480a] SYS_mmap(0, 0x43fe88, 5, 2050)                                                                               = 0x7f39b7413000
8714 [0x7f39baa14857] SYS_mprotect(0x7f39b7628000, 0x200000, 0, 2050)                                                              = 0
8714 [0x7f39baa1480a] SYS_mmap(0x7f39b7828000, 0x27000, 3, 2066)                                                                   = 0x7f39b7828000
8714 [0x7f39baa1480a] SYS_mmap(0x7f39b784f000, 0x3e88, 3, 50)                                                                      = 0x7f39b784f000
8714 [0x7f39baa14857] SYS_mprotect(0x7fff85e83000, 4096, 0x1000007, 4)                                                             = 0
8714 [0x7f39baa14787] SYS_close(3, 4096, 0x1000007, 4)                                                                             = 0
8714 [0x7f39baa14677] SYS_open(0x7f39bac0cfb0, 0x80000, 0, 0x7f39bac0f4d0)                                                         = 3
8714 [0x7f39baa14697] SYS_read(3, 0x7fff85e812c8, 832, 0x7f39bac0f4d0)                                                             = 832
8714 [0x7f39baa14604] SYS_fstat(3, 0x7fff85e811a0, 0x7fff85e811a0, 16)                                                             = 0
8714 [0x7f39baa1480a] SYS_mmap(0, 4096, 3, 34)                                                                                     = 0x7f39bac0b000
8714 [0x7f39baa1480a] SYS_mmap(0, 0x215730, 5, 2050)                                                                               = 0x7f39b71fd000
8714 [0x7f39baa14857] SYS_mprotect(0x7f39b7213000, 0x1ff000, 0, 2050)                                                              = 0
8714 [0x7f39baa1480a] SYS_mmap(0x7f39b7412000, 4096, 3, 2066)                                                                      = 0x7f39b7412000
8714 [0x7f39baa14787] SYS_close(3, 16, 0x7f39b7412490, 0x6ffffdff)                                                                 = 0
8714 [0x7f39baa14677] SYS_open(0x7f39bac0b4f0, 0x80000, 0, 0x6ffffdff)                                                             = 3
8714 [0x7f39baa14697] SYS_read(3, 0x7fff85e81298, 832, 0x6ffffdff)                                                                 = 832
8714 [0x7f39baa14604] SYS_fstat(3, 0x7fff85e81170, 0x7fff85e81170, 32)                                                             = 0
8714 [0x7f39baa1480a] SYS_mmap(0, 0x2fd148, 5, 2050)                                                                               = 0x7f39b6eff000
8714 [0x7f39baa14857] SYS_mprotect(0x7f39b6ffc000, 0x1ff000, 0, 2050)                                                              = 0
8714 [0x7f39baa1480a] SYS_mmap(0x7f39b71fb000, 8192, 3, 2066)                                                                      = 0x7f39b71fb000
8714 [0x7f39baa14787] SYS_close(3, 16, 0, 0x6ffffdff)                                                                              = 0
8714 [0x7f39baa14677] SYS_open(0x7fff85e81060, 0x80000, 0, 0x36782f39325f3130)                                                     = -2
8714 [0x7f39baa145c5] SYS_stat(0x7fff85e81060, 0x7fff85e81140, 0x7fff85e81140, 0x36782f39325f3130)                                 = -2
8714 [0x7f39baa14677] SYS_open(0x7fff85e81060, 0x80000, 0, 0x36782f39325f3130)                                                     = -2
8714 [0x7f39baa145c5] SYS_stat(0x7fff85e81060, 0x7fff85e81140, 0x7fff85e81140, 0x36782f39325f3130)                                 = -2
8714 [0x7f39baa14677] SYS_open(0x7fff85e81060, 0x80000, 0, 0x36782f39325f3130)                                                     = -2
8714 [0x7f39baa145c5] SYS_stat(0x7fff85e81060, 0x7fff85e81140, 0x7fff85e81140, 0x36782f39325f3130)                                 = -2
8714 [0x7f39baa14677] SYS_open(0x7fff85e81060, 0x80000, 0, 0x36782f39325f3130)                                                     = -2
8714 [0x7f39baa145c5] SYS_stat(0x7fff85e81060, 0x7fff85e81140, 0x7fff85e81140, 0x36782f39325f3130)                                 = -2
8714 [0x7f39baa14677] SYS_open(0x7f39bac0bdd0, 0x80000, 0, 0x36782f39325f3130)                                                     = 3
8714 [0x7f39baa14697] SYS_read(3, 0x7fff85e81268, 832, 0x36782f39325f3130)                                                         = 832
8714 [0x7f39baa14604] SYS_fstat(3, 0x7fff85e81140, 0x7fff85e81140, 16)                                                             = 0
8714 [0x7f39baa1480a] SYS_mmap(0, 4096, 3, 34)                                                                                     = 0x7f39bac0a000
8714 [0x7f39baa1480a] SYS_mmap(0, 0x2f8980, 5, 2050)                                                                               = 0x7f39b6c06000
8714 [0x7f39baa14857] SYS_mprotect(0x7f39b6cfd000, 0x200000, 0, 2050)                                                              = 0
8714 [0x7f39baa1480a] SYS_mmap(0x7f39b6efd000, 8192, 3, 2066)                                                                      = 0x7f39b6efd000
8714 [0x7f39baa14787] SYS_close(3, 16, 0x7f39b6efd3a0, 0x6ffffdff)                                                                 = 0
8714 [0x7f39baa14677] SYS_open(0x7f39bac0a4c8, 0x80000, 0, 0x6ffffdff)                                                             = 3
8714 [0x7f39baa14697] SYS_read(3, 0x7fff85e81238, 832, 0x6ffffdff)                                                                 = 832
8714 [0x7f39baa14604] SYS_fstat(3, 0x7fff85e81110, 0x7fff85e81110, 16)                                                             = 0
8714 [0x7f39baa1480a] SYS_mmap(0, 0x2fc9d8, 5, 2050)                                                                               = 0x7f39b6909000
8714 [0x7f39baa14857] SYS_mprotect(0x7f39b6a04000, 0x200000, 0, 2050)                                                              = 0
8714 [0x7f39baa1480a] SYS_mmap(0x7f39b6c04000, 8192, 3, 2066)                                                                      = 0x7f39b6c04000
8714 [0x7f39baa14787] SYS_close(3, 16, 0x7f39b6c05828, 0x6ffffdff)                                                                 = 0
8714 [0x7f39baa14677] SYS_open(0x7f39bac0a998, 0x80000, 0, 0x6ffffdff)                                                             = 3
8714 [0x7f39baa14697] SYS_read(3, 0x7fff85e81208, 832, 0x6ffffdff)                                                                 = 832
8714 [0x7f39baa14604] SYS_fstat(3, 0x7fff85e810e0, 0x7fff85e810e0, 16)                                                             = 0
8714 [0x7f39baa1480a] SYS_mmap(0, 0x242830, 5, 2050)                                                                               = 0x7f39b66c6000
8714 [0x7f39baa14857] SYS_mprotect(0x7f39b6709000, 0x1ff000, 0, 2050)                                                              = 0
8714 [0x7f39baa1480a] SYS_mmap(0x7f39b6908000, 4096, 3, 2066)                                                                      = 0x7f39b6908000
8714 [0x7f39baa14787] SYS_close(3, 16, 0x7f39b6908630, 0x6ffffdff)                                                                 = 0
8714 [0x7f39baa14677] SYS_open(0x7f39bac0af70, 0x80000, 0, 0x7f39bac119b8)                                                         = 3
8714 [0x7f39baa14697] SYS_read(3, 0x7fff85e811d8, 832, 0x7f39bac119b8)                                                             = 832
8714 [0x7f39baa14604] SYS_fstat(3, 0x7fff85e810b0, 0x7fff85e810b0, 32)                                                             = 0
8714 [0x7f39baa1480a] SYS_mmap(0, 4096, 3, 34)                                                                                     = 0x7f39bac09000
8714 [0x7f39baa1480a] SYS_mmap(0, 0x203118, 5, 2050)                                                                               = 0x7f39b64c2000
8714 [0x7f39baa14857] SYS_mprotect(0x7f39b64c4000, 0x200000, 0, 2050)                                                              = 0
8714 [0x7f39baa1480a] SYS_mmap(0x7f39b66c4000, 8192, 3, 2066)                                                                      = 0x7f39b66c4000
8714 [0x7f39baa14787] SYS_close(3, 16, 0x7f39b66c4f40, 0x6ffffdff)                                                                 = 0
8714 [0x7f39baa1480a] SYS_mmap(0, 4096, 3, 34)                                                                                     = 0x7f39bac08000
8714 [0x7f39baa1480a] SYS_mmap(0, 4096, 3, 34)                                                                                     = 0x7f39bac07000
8714 [0x7f39baa1480a] SYS_mmap(0, 8192, 3, 34)                                                                                     = 0x7f39bac05000
8714 [0x7f39ba9fe044] SYS_arch_prctl(4098, 0x7f39bac05780, 0x7f39bac06080, 34)                                                     = 0
8714 [0x7f39baa14857] SYS_mprotect(0x7f39ba354000, 0x4000, 1, 1)                                                                   = 0
8714 [0x7f39baa14857] SYS_mprotect(0x7f39b66c4000, 4096, 1, 0x7f39b64c2c68)                                                        = 0
8714 [0x7f39baa14857] SYS_mprotect(0x7f39b94fa000, 4096, 1, 0x7f39b92e8500)                                                        = 0
8714 [0x7f39baa14857] SYS_mprotect(0x7f39b71fb000, 4096, 1, 1)                                                                     = 0
8714 [0x7f39baa14857] SYS_mprotect(0x7f39b7a5a000, 4096, 1, 0x7f39b7853a00)                                                        = 0
8714 [0x7f39baa14857] SYS_mprotect(0x7f39b97be000, 0x7000, 1, 0x7f39b9558810)                                                      = 0
8714 [0x7f39baa14857] SYS_mprotect(0x7f39b92e1000, 4096, 1, 0x7f39b90dcd58)                                                        = 0
8714 [0x7f39baa14857] SYS_mprotect(0x7f39bac1d000, 4096, 1, 0)                                                                     = 0
8714 [0x7f39baa14837] SYS_munmap(0x7f39bac13000, 0x83b3, 0x73500, 0)                                                               = 0
8714 [0x7f39b92e9e92] SYS_set_tid_address(0x7f39bac05a50, 0x7fff85e831c8, 0x7f39bac05780, 0)                                       = 8714
8714 [0x7f39b92e9efa] SYS_set_robust_list(0x7f39bac05a60, 24, 0x7f39bac05780, 0)                                                   = 0
8714 [0x7f39b92f3cf5] SYS_rt_sigaction(32, 0x7fff85e82f18, 0, 8)                                                                   = 0
8714 [0x7f39b92f3cf5] SYS_rt_sigaction(33, 0x7fff85e82f18, 0, 8)                                                                   = 0
8714 [0x7f39b92e9fd6] SYS_rt_sigprocmask(1, 0x7fff85e83068, 0, 8)                                                                  = 0
8714 [0x7f39ba0a0b17] SYS_getrlimit(3, 0x7fff85e83100, 63, 1)                                                                      = 0
8714 [0x7f39b92e9b95] SYS_futex(0x7f39b97c87e0, 129, 0x7fffffff, 0)                                                                = 0
8714 [0x4009e1] ledctrl->Hal_Led_Set_Mode(12, 3, 0x7f39ba10ec60, 0 <unfinished ...>
8714 [0x7f39ba364575]   libnhal.so->Hal_Lookup_Hardware_Info(0x7fff85e82ef0, 3, 0x7f39ba10ec60, 0 <unfinished ...>
8714 [0x7f39ba09b557]     SYS_statfs(0x7f39b92f61e8, 0x7fff85e82ce0, 0x7f39b94ff310, 1)                                            = 0
8714 [0x7f39b92e9b95]     SYS_futex(0x7f39b94ff310, 129, 0x7fffffff, 0)                                                            = 0
8714 [0x7f39ba09b7e0]     SYS_open(0x7fff85e82df0, 0xa0002, 484, 1)                                                                = 3
8714 [0x7f39ba0a472a]     SYS_mmap(0, 220, 3, 1)                                                                                   = 0x7f39bac1b000
8714 [0x7f39ba09c070]     SYS_close(3, 220, 3, 1)                                                                                  = 0
8714 [0x7f39ba3637f0]     libnhal.so->Hw_Semaphore_Init(0x7fff85e82ea0, 0x7f39ba366287, 1, -1 <unfinished ...>
8714 [0x7f39ba09b405]       SYS_lstat(0x7fff85e82d50, 0x7fff85e82c60, 0x7fff85e82c60, 0)                                           = -2
8714 [0x7f39b92f3510]       SYS_open(0x7fff85e82d50, 194, 600, 0)                                                                  = 3
8714 [0x7f39b92f2da0]       SYS_write(3, 0x7fff85e82dd0, 32, 0)                                                                    = 32
8714 [0x7f39ba0a472a]       SYS_mmap(0, 32, 3, 1)                                                                                  = 0x7f39bac1a000
8714 [0x7f39ba09d1a7]       SYS_link(0x7fff85e82d50, 0x7fff85e82d80, 3, 1)                                                         = -17
8714 [0x7f39ba0a4757]       SYS_munmap(0x7f39bac1a000, 32, 3, 1)                                                                   = 0
8714 [0x7f39ba09d2c7]       SYS_unlink(0x7fff85e82d50, 32, 3, 1)                                                                   = 0
8714 [0x7f39b92f2e60]       SYS_close(3, 32, 3, 1)                                                                                 = 0
8714 [0x7f39b92f3510]       SYS_open(0x7fff85e82d80, 0x20002, 18, 1)                                                               = 3
8714 [0x7f39ba09b3b4]       SYS_fstat(3, 0x7fff85e82cb0, 0x7fff85e82cb0, 1)                                                        = 0
8714 [0x7f39ba0a0f5a]       SYS_brk(0, 0x7f39ba358640, 0, -4096)                                                                   = 0x1a0e000
8714 [0x7f39ba0a0f5a]       SYS_brk(0x1a2f000, 0x1a0e000, 0x1a2f000, -4096)                                                        = 0x1a2f000
8714 [0x7f39ba0a472a]       SYS_mmap(0, 32, 3, 1)                                                                                  = 0x7f39bac1a000
8714 [0x7f39b92f2e60]       SYS_close(3, 32, 0, 3)                                                                                 = 0
8714 [0x7f39ba3637f0]     <... Hw_Semaphore_Init resumed> )                                                                        = 17
8714 [0x7f39ba363800]     libnhal.so->Hw_Semaphore_Lock(0x7fff85e82ea0, 32, 0x7f39bac1a000, -1)                                    = 0
8714 [0x7f39ba363918]     libnhal.so->Hw_Semaphore_Unlock(0x7fff85e82ea0, 2, 0x7f39bac1b000, 0)                                    = 0
8714 [0x7f39ba363924]     libnhal.so->Hw_Semaphore_Release(0x7fff85e82ea0, 128, 0, 0 <unfinished ...>
8714 [0x7f39ba0a4757]       SYS_munmap(0x7f39bac1a000, 32, 0, 1)                                                                   = 0
8714 [0x7f39ba363924]     <... Hw_Semaphore_Release resumed> )                                                                     = 0
8714 [0x7f39ba364575]   <... Hal_Lookup_Hardware_Info resumed> )                                                                   = 0
8714 [0x4009e1] <... Hal_Led_Set_Mode resumed> )                                                                                   = 0xffffffea
8714 [0x7f39b9ff5932] libgeneral.so->Trace_Mem_Destroy()(0x7f39b9d0dd40, 0, 0x6ba89f95e35520b, 16)                                 = 0
8714 [0x7f39ba078468] SYS_exit_group(-22, 60, -22, 0x7f39ba35ba48 <unfinished ...>
8714 [0xffffffffffffffff] +++ exited (status 234) +++
