8617 [0x7f624e9a08aa] SYS_brk(0, 0x7f624e9a3fa0, 0, 895)                                                                           = 0x1394000
8617 [0x7f624e9a17e7] SYS_readlink(0x7fffcd615b81, 0x7fffcd612f10, 4096, 0x756e694c00000000)                                       = -2
8617 [0x7f624e9a1677] SYS_open(0x7f624e9a51f3, 0, 0, 0x756e694c00000000)                                                           = 3
8617 [0x7f624e9a17a7] SYS_chdir(0x7f624ebacba8, 0, 0, 0x756e694c00000000)                                                          = -2
8617 [0x7f624e9a09d2] SYS_getcwd(0x7fffcd612f10, 4096, 0, 0x756e694c00000000)                                                      = 23
8617 [0x7f624e9a17c7] SYS_fchdir(3, 4096, 0, 0x756e694c00000000)                                                                   = 0
8617 [0x7f624e9a1787] SYS_close(3, 4096, 0, 0x756e694c00000000)                                                                    = 0
8617 [0x7f624e9a180a] SYS_mmap(0, 4096, 3, 34)                                                                                     = 0x7f624eba9000
8617 [0x7f624e9a16d7] SYS_access(0x7f624e9a7700, 4, 0x7f624ebac718, 0)                                                             = -2
8617 [0x7f624e9a1677] SYS_open(0x7f624e9a5072, 0x80000, 1, 0)                                                                      = 3
8617 [0x7f624e9a1604] SYS_fstat(3, 0x7fffcd6126f0, 0x7fffcd6126f0, 0)                                                              = 0
8617 [0x7f624e9a180a] SYS_mmap(0, 0x83b3, 1, 2)                                                                                    = 0x7f624eba0000
8617 [0x7f624e9a1787] SYS_close(3, 0x83b3, 1, 2)                                                                                   = 0
8617 [0x7f624e9a1677] SYS_open(0x7f624eba9640, 0x80000, 0, 56)                                                                     = 3
8617 [0x7f624e9a1697] SYS_read(3, 0x7fffcd612878, 832, 56)                                                                         = 832
8617 [0x7f624e9a1604] SYS_fstat(3, 0x7fffcd612750, 0x7fffcd612750, 16)                                                             = 0
8617 [0x7f624e9a180a] SYS_mmap(0, 0x278960, 5, 2050)                                                                               = 0x7f624e711000
8617 [0x7f624e9a1857] SYS_mprotect(0x7f624e787000, 0x200000, 0, 2050)                                                              = 0
8617 [0x7f624e9a180a] SYS_mmap(0x7f624e987000, 0x3000, 3, 2066)                                                                    = 0x7f624e987000
8617 [0x7f624e9a1787] SYS_close(3, 16, 0x7f624e9873e0, 0x6ffffdff)                                                                 = 0
8617 [0x7f624e9a1677] SYS_open(0x7f624eba9b10, 0x80000, 0, 0x6ffffdff)                                                             = 3
8617 [0x7f624e9a1697] SYS_read(3, 0x7fffcd612848, 832, 0x6ffffdff)                                                                 = 832
8617 [0x7f624e9a1604] SYS_fstat(3, 0x7fffcd612720, 0x7fffcd612720, 16)                                                             = 0
8617 [0x7f624e9a180a] SYS_mmap(0, 0x21bee0, 5, 2050)                                                                               = 0x7f624e4f5000
8617 [0x7f624e9a1857] SYS_mprotect(0x7f624e510000, 0x200000, 0, 2050)                                                              = 0
8617 [0x7f624e9a180a] SYS_mmap(0x7f624e710000, 4096, 3, 2066)                                                                      = 0x7f624e710000
8617 [0x7f624e9a1787] SYS_close(3, 16, 0x7f624e710208, 0x6ffffdff)                                                                 = 0
8617 [0x7f624e9a1677] SYS_open(0x7f624eba9fe0, 0x80000, 0, 0x6ffffdff)                                                             = 3
8617 [0x7f624e9a1697] SYS_read(3, 0x7fffcd612818, 832, 0x6ffffdff)                                                                 = 832
8617 [0x7f624e9a1604] SYS_fstat(3, 0x7fffcd6126f0, 0x7fffcd6126f0, 16)                                                             = 0
8617 [0x7f624e9a180a] SYS_mmap(0, 4096, 3, 34)                                                                                     = 0x7f624eb9f000
8617 [0x7f624e9a180a] SYS_mmap(0, 0x209ad0, 5, 2050)                                                                               = 0x7f624e2eb000
8617 [0x7f624e9a1857] SYS_mprotect(0x7f624e2f5000, 0x1ff000, 0, 2050)                                                              = 0
8617 [0x7f624e9a180a] SYS_mmap(0x7f624e4f4000, 4096, 3, 2066)                                                                      = 0x7f624e4f4000
8617 [0x7f624e9a1787] SYS_close(3, 16, 0x7f624e4f4690, 0x6ffffdff)                                                                 = 0
8617 [0x7f624e9a1677] SYS_open(0x7f624eb9f4b8, 0x80000, 0, 0x6ffffdff)                                                             = 3
8617 [0x7f624e9a1697] SYS_read(3, 0x7fffcd6127e8, 832, 0x6ffffdff)                                                                 = 832
8617 [0x7f624e9a1604] SYS_fstat(3, 0x7fffcd6126c0, 0x7fffcd6126c0, 32)                                                             = 0
8617 [0x7f624e9a180a] SYS_mmap(0, 0x39dc40, 5, 2050)                                                                               = 0x7f624df4d000
8617 [0x7f624e9a1857] SYS_mprotect(0x7f624e0e1000, 0x200000, 0, 2050)                                                              = 0
8617 [0x7f624e9a180a] SYS_mmap(0x7f624e2e1000, 0x6000, 3, 2066)                                                                    = 0x7f624e2e1000
8617 [0x7f624e9a180a] SYS_mmap(0x7f624e2e7000, 0x3c40, 3, 50)                                                                      = 0x7f624e2e7000
8617 [0x7f624e9a1787] SYS_close(3, 16, 0, 0x6ffffdff)                                                                              = 0
8617 [0x7f624e9a1677] SYS_open(0x7f624eb9f988, 0x80000, 0, 0x6ffffdff)                                                             = 3
8617 [0x7f624e9a1697] SYS_read(3, 0x7fffcd612698, 832, 0x6ffffdff)                                                                 = 832
8617 [0x7f624e9a1604] SYS_fstat(3, 0x7fffcd612570, 0x7fffcd612570, 16)                                                             = 0
8617 [0x7f624e9a180a] SYS_mmap(0, 0x2b09d0, 5, 2050)                                                                               = 0x7f624dc9c000
8617 [0x7f624e9a1857] SYS_mprotect(0x7f624dd4b000, 0x1ff000, 0, 2050)                                                              = 0
8617 [0x7f624e9a180a] SYS_mmap(0x7f624df4a000, 0x3000, 3, 2066)                                                                    = 0x7f624df4a000
8617 [0x7f624e9a1787] SYS_close(3, 16, 0x7f624df4a9a8, 0x6ffffdff)                                                                 = 0
8617 [0x7f624e9a1677] SYS_open(0x7f624eb9fe58, 0x80000, 0, 0x6ffffdff)                                                             = 3
8617 [0x7f624e9a1697] SYS_read(3, 0x7fffcd612668, 832, 0x6ffffdff)                                                                 = 832
8617 [0x7f624e9a1604] SYS_fstat(3, 0x7fffcd612540, 0x7fffcd612540, 16)                                                             = 0
8617 [0x7f624e9a180a] SYS_mmap(0, 4096, 3, 34)                                                                                     = 0x7f624eb9e000
8617 [0x7f624e9a180a] SYS_mmap(0, 0x294ee0, 5, 2050)                                                                               = 0x7f624da07000
8617 [0x7f624e9a1857] SYS_mprotect(0x7f624da99000, 0x1ff000, 0, 2050)                                                              = 0
8617 [0x7f624e9a180a] SYS_mmap(0x7f624dc98000, 0x3000, 3, 2066)                                                                    = 0x7f624dc98000
8617 [0x7f624e9a180a] SYS_mmap(0x7f624dc9b000, 3808, 3, 50)                                                                        = 0x7f624dc9b000
8617 [0x7f624e9a1787] SYS_close(3, 16, 0x7f624dc98e30, 0x6ffffdff)                                                                 = 0
8617 [0x7f624e9a1677] SYS_open(0x7f624eb9e4b8, 0x80000, 0, 0x6ffffdff)                                                             = 3
8617 [0x7f624e9a1697] SYS_read(3, 0x7fffcd612638, 832, 0x6ffffdff)                                                                 = 832
8617 [0x7f624e9a1604] SYS_fstat(3, 0x7fffcd612510, 0x7fffcd612510, 16)                                                             = 0
8617 [0x7f624e9a180a] SYS_mmap(0, 0x29d850, 5, 2050)                                                                               = 0x7f624d769000
8617 [0x7f624e9a1857] SYS_mprotect(0x7f624d802000, 0x200000, 0, 2050)                                                              = 0
8617 [0x7f624e9a180a] SYS_mmap(0x7f624da02000, 0x3000, 3, 2066)                                                                    = 0x7f624da02000
8617 [0x7f624e9a180a] SYS_mmap(0x7f624da05000, 6224, 3, 50)                                                                        = 0x7f624da05000
8617 [0x7f624e9a1787] SYS_close(3, 16, 0x7f624da03cc8, 0x6ffffdff)                                                                 = 0
8617 [0x7f624e9a1677] SYS_open(0x7f624eb9e9a0, 0x80000, 0, 0x6ffffdff)                                                             = 3
8617 [0x7f624e9a1697] SYS_read(3, 0x7fffcd612608, 832, 0x6ffffdff)                                                                 = 832
8617 [0x7f624e9a1604] SYS_fstat(3, 0x7fffcd6124e0, 0x7fffcd6124e0, 16)                                                             = 0
8617 [0x7f624e9a180a] SYS_mmap(0, 0x2dbbb0, 5, 2050)                                                                               = 0x7f624d48d000
8617 [0x7f624e9a1857] SYS_mprotect(0x7f624d54b000, 0x200000, 0, 2050)                                                              = 0
8617 [0x7f624e9a180a] SYS_mmap(0x7f624d74b000, 0xa000, 3, 2066)                                                                    = 0x7f624d74b000
8617 [0x7f624e9a180a] SYS_mmap(0x7f624d755000, 0x13bb0, 3, 50)                                                                     = 0x7f624d755000
8617 [0x7f624e9a1787] SYS_close(3, 16, 0x7f624d7514d8, 0x6ffffdff)                                                                 = 0
8617 [0x7f624e9a1677] SYS_open(0x7f624eb9ee70, 0x80000, 0, 0x6ffffdff)                                                             = 3
8617 [0x7f624e9a1697] SYS_read(3, 0x7fffcd6125d8, 832, 0x6ffffdff)                                                                 = 832
8617 [0x7f624e9a1604] SYS_fstat(3, 0x7fffcd6124b0, 0x7fffcd6124b0, 32)                                                             = 0
8617 [0x7f624e9a180a] SYS_mmap(0, 4096, 3, 34)                                                                                     = 0x7f624eb9d000
8617 [0x7f624e9a180a] SYS_mmap(0, 0x21c490, 5, 2050)                                                                               = 0x7f624d270000
8617 [0x7f624e9a1857] SYS_mprotect(0x7f624d288000, 0x1ff000, 0, 2050)                                                              = 0
8617 [0x7f624e9a180a] SYS_mmap(0x7f624d487000, 8192, 3, 2066)                                                                      = 0x7f624d487000
8617 [0x7f624e9a180a] SYS_mmap(0x7f624d489000, 0x3490, 3, 50)                                                                      = 0x7f624d489000
8617 [0x7f624e9a1787] SYS_close(3, 16, 0, 0x6ffffdff)                                                                              = 0
8617 [0x7f624e9a1677] SYS_open(0x7f624eb9d4b8, 0x80000, 0, 0x6ffffdff)                                                             = 3
8617 [0x7f624e9a1697] SYS_read(3, 0x7fffcd6125a8, 832, 0x6ffffdff)                                                                 = 832
8617 [0x7f624e9a1604] SYS_fstat(3, 0x7fffcd612480, 0x7fffcd612480, 32)                                                             = 0
8617 [0x7f624e9a180a] SYS_mmap(0, 0x207bc0, 5, 2050)                                                                               = 0x7f624d068000
8617 [0x7f624e9a1857] SYS_mprotect(0x7f624d06f000, 0x1ff000, 0, 2050)                                                              = 0
8617 [0x7f624e9a180a] SYS_mmap(0x7f624d26e000, 8192, 3, 2066)                                                                      = 0x7f624d26e000
8617 [0x7f624e9a1787] SYS_close(3, 16, 0, 0x6ffffdff)                                                                              = 0
8617 [0x7f624e9a1677] SYS_open(0x7f624eb9d988, 0x80000, 0, 0x6ffffdff)                                                             = 3
8617 [0x7f624e9a1697] SYS_read(3, 0x7fffcd612578, 832, 0x6ffffdff)                                                                 = 832
8617 [0x7f624e9a1604] SYS_fstat(3, 0x7fffcd612450, 0x7fffcd612450, 16)                                                             = 0
8617 [0x7f624e9a180a] SYS_mmap(0, 0x202e20, 5, 2050)                                                                               = 0x7f624ce65000
8617 [0x7f624e9a1857] SYS_mprotect(0x7f624ce68000, 0x1ff000, 0, 2050)                                                              = 0
8617 [0x7f624e9a180a] SYS_mmap(0x7f624d067000, 4096, 3, 2066)                                                                      = 0x7f624d067000
8617 [0x7f624e9a1787] SYS_close(3, 16, 0x7f624d067c28, 0x6ffffdff)                                                                 = 0
8617 [0x7f624e9a1677] SYS_open(0x7f624eb9de58, 0x80000, 0, 0x6ffffdff)                                                             = 3
8617 [0x7f624e9a1697] SYS_read(3, 0x7fffcd612548, 832, 0x6ffffdff)                                                                 = 832
8617 [0x7f624e9a1604] SYS_fstat(3, 0x7fffcd612420, 0x7fffcd612420, 16)                                                             = 0
8617 [0x7f624e9a180a] SYS_mmap(0, 4096, 3, 34)                                                                                     = 0x7f624eb9c000
8617 [0x7f624e9a180a] SYS_mmap(0, 0x209850, 5, 2050)                                                                               = 0x7f624cc5b000
8617 [0x7f624e9a1857] SYS_mprotect(0x7f624cc65000, 0x1ff000, 0, 2050)                                                              = 0
8617 [0x7f624e9a180a] SYS_mmap(0x7f624ce64000, 4096, 3, 2066)                                                                      = 0x7f624ce64000
8617 [0x7f624e9a1787] SYS_close(3, 16, 0x7f624ce64618, 0x6ffffdff)                                                                 = 0
8617 [0x7f624e9a1677] SYS_open(0x7f624eb9c4b8, 0x80000, 0, 0x6ffffdff)                                                             = 3
8617 [0x7f624e9a1697] SYS_read(3, 0x7fffcd612518, 832, 0x6ffffdff)                                                                 = 832
8617 [0x7f624e9a1604] SYS_fstat(3, 0x7fffcd6123f0, 0x7fffcd6123f0, 16)                                                             = 0
8617 [0x7f624e9a180a] SYS_mmap(0, 0x210868, 5, 2050)                                                                               = 0x7f624ca4a000
8617 [0x7f624e9a1857] SYS_mprotect(0x7f624ca5b000, 0x1ff000, 0, 2050)                                                              = 0
8617 [0x7f624e9a180a] SYS_mmap(0x7f624cc5a000, 4096, 3, 2066)                                                                      = 0x7f624cc5a000
8617 [0x7f624e9a1787] SYS_close(3, 16, 0x7f624cc5a408, 0x6ffffdff)                                                                 = 0
8617 [0x7f624e9a1677] SYS_open(0x7f624eb9ca40, 0x80000, 0, 0x7f624eb9d9a0)                                                         = 3
8617 [0x7f624e9a1697] SYS_read(3, 0x7fffcd6123b8, 832, 0x7f624eb9d9a0)                                                             = 832
8617 [0x7f624e9a1604] SYS_fstat(3, 0x7fffcd612290, 0x7fffcd612290, 16)                                                             = 0
8617 [0x7f624e9a180a] SYS_mmap(0, 0x2032c8, 5, 2050)                                                                               = 0x7f624c846000
8617 [0x7f624e9a1857] SYS_mprotect(0x7f624c849000, 0x200000, 0, 2050)                                                              = 0
8617 [0x7f624e9a180a] SYS_mmap(0x7f624ca49000, 4096, 3, 2066)                                                                      = 0x7f624ca49000
8617 [0x7f624e9a1787] SYS_close(3, 16, 0x7f624ca49188, 0x6ffffdff)                                                                 = 0
8617 [0x7f624e9a1677] SYS_open(0x7f624eb9cf28, 0x80000, 0, 0x6ffffdff)                                                             = 3
8617 [0x7f624e9a1697] SYS_read(3, 0x7fffcd612388, 832, 0x6ffffdff)                                                                 = 832
8617 [0x7f624e9a1604] SYS_fstat(3, 0x7fffcd612260, 0x7fffcd612260, 16)                                                             = 0
8617 [0x7f624e9a180a] SYS_mmap(0, 4096, 3, 34)                                                                                     = 0x7f624eb9b000
8617 [0x7f624e9a180a] SYS_mmap(0, 0x207820, 5, 2050)                                                                               = 0x7f624c63e000
8617 [0x7f624e9a1857] SYS_mprotect(0x7f624c645000, 0x200000, 0, 2050)                                                              = 0
8617 [0x7f624e9a180a] SYS_mmap(0x7f624c845000, 4096, 3, 2066)                                                                      = 0x7f624c845000
8617 [0x7f624e9a1787] SYS_close(3, 16, 0x7f624c845188, 0x6ffffdff)                                                                 = 0
8617 [0x7f624e9a1677] SYS_open(0x7f624eb9b4c8, 0x80000, 0, 0x6ffffdff)                                                             = 3
8617 [0x7f624e9a1697] SYS_read(3, 0x7fffcd612358, 832, 0x6ffffdff)                                                                 = 832
8617 [0x7f624e9a1604] SYS_fstat(3, 0x7fffcd612230, 0x7fffcd612230, 16)                                                             = 0
8617 [0x7f624e9a180a] SYS_mmap(0, 0x201f30, 5, 2050)                                                                               = 0x7f624c43c000
8617 [0x7f624e9a1857] SYS_mprotect(0x7f624c43e000, 0x1ff000, 0, 2050)                                                              = 0
8617 [0x7f624e9a180a] SYS_mmap(0x7f624c63d000, 4096, 3, 2066)                                                                      = 0x7f624c63d000
8617 [0x7f624e9a1787] SYS_close(3, 16, 0x7f624c63de18, 0x6ffffdff)                                                                 = 0
8617 [0x7f624e9a1677] SYS_open(0x7f624eb9ba60, 0x80000, 0, 0x7f624eb9f4d0)                                                         = 3
8617 [0x7f624e9a1697] SYS_read(3, 0x7fffcd612328, 832, 0x7f624eb9f4d0)                                                             = 832
8617 [0x7f624e9a1604] SYS_fstat(3, 0x7fffcd612200, 0x7fffcd612200, 16)                                                             = 0
8617 [0x7f624e9a180a] SYS_mmap(0, 0x2022e8, 5, 2050)                                                                               = 0x7f624c239000
8617 [0x7f624e9a1857] SYS_mprotect(0x7f624c23b000, 0x200000, 0, 2050)                                                              = 0
8617 [0x7f624e9a180a] SYS_mmap(0x7f624c43b000, 4096, 3, 2066)                                                                      = 0x7f624c43b000
8617 [0x7f624e9a1787] SYS_close(3, 16, 0x7f624c43b198, 0x6ffffdff)                                                                 = 0
8617 [0x7f624e9a1677] SYS_open(0x7f624eb9bf40, 0x80000, 0, 0x6ffffdff)                                                             = 3
8617 [0x7f624e9a1697] SYS_read(3, 0x7fffcd6122f8, 832, 0x6ffffdff)                                                                 = 832
8617 [0x7f624e9a1604] SYS_fstat(3, 0x7fffcd6121d0, 0x7fffcd6121d0, 16)                                                             = 0
8617 [0x7f624e9a180a] SYS_mmap(0, 4096, 3, 34)                                                                                     = 0x7f624eb9a000
8617 [0x7f624e9a180a] SYS_mmap(0, 0x201f30, 5, 2050)                                                                               = 0x7f624c037000
8617 [0x7f624e9a1857] SYS_mprotect(0x7f624c039000, 0x1ff000, 0, 2050)                                                              = 0
8617 [0x7f624e9a180a] SYS_mmap(0x7f624c238000, 4096, 3, 2066)                                                                      = 0x7f624c238000
8617 [0x7f624e9a1787] SYS_close(3, 16, 0x7f624c238e18, 0x6ffffdff)                                                                 = 0
8617 [0x7f624e9a1677] SYS_open(0x7f624eb9a4c0, 0x80000, 0, 0x6ffffdff)                                                             = 3
8617 [0x7f624e9a1697] SYS_read(3, 0x7fffcd6122c8, 832, 0x6ffffdff)                                                                 = 832
8617 [0x7f624e9a1604] SYS_fstat(3, 0x7fffcd6121a0, 0x7fffcd6121a0, 16)                                                             = 0
8617 [0x7f624e9a180a] SYS_mmap(0, 0x2038b8, 5, 2050)                                                                               = 0x7f624be33000
8617 [0x7f624e9a1857] SYS_mprotect(0x7f624be37000, 0x1ff000, 0, 2050)                                                              = 0
8617 [0x7f624e9a180a] SYS_mmap(0x7f624c036000, 4096, 3, 2066)                                                                      = 0x7f624c036000
8617 [0x7f624e9a1787] SYS_close(3, 16, 0x7f624c036748, 0x6ffffdff)                                                                 = 0
8617 [0x7f624e9a1677] SYS_open(0x7f624eb9aa60, 0x80000, 0, 0x7f624eb9d000)                                                         = 3
8617 [0x7f624e9a1697] SYS_read(3, 0x7fffcd612268, 832, 0x7f624eb9d000)                                                             = 832
8617 [0x7f624e9a1604] SYS_fstat(3, 0x7fffcd612140, 0x7fffcd612140, 16)                                                             = 0
8617 [0x7f624e9a180a] SYS_mmap(0, 0x210848, 5, 2050)                                                                               = 0x7f624bc22000
8617 [0x7f624e9a1857] SYS_mprotect(0x7f624bc32000, 0x1ff000, 0, 2050)                                                              = 0
8617 [0x7f624e9a180a] SYS_mmap(0x7f624be31000, 8192, 3, 2066)                                                                      = 0x7f624be31000
8617 [0x7f624e9a1787] SYS_close(3, 16, 0x7f624be31d90, 0x6ffffdff)                                                                 = 0
8617 [0x7f624e9a1677] SYS_open(0x7f624eb9af48, 0x80000, 0, 0x6ffffdff)                                                             = 3
8617 [0x7f624e9a1697] SYS_read(3, 0x7fffcd612238, 832, 0x6ffffdff)                                                                 = 832
8617 [0x7f624e9a1604] SYS_fstat(3, 0x7fffcd612110, 0x7fffcd612110, 16)                                                             = 0
8617 [0x7f624e9a180a] SYS_mmap(0, 4096, 3, 34)                                                                                     = 0x7f624eb99000
8617 [0x7f624e9a180a] SYS_mmap(0, 0x20acf0, 5, 2050)                                                                               = 0x7f624ba17000
8617 [0x7f624e9a1857] SYS_mprotect(0x7f624ba22000, 0x1ff000, 0, 2050)                                                              = 0
8617 [0x7f624e9a180a] SYS_mmap(0x7f624bc21000, 4096, 3, 2066)                                                                      = 0x7f624bc21000
8617 [0x7f624e9a1787] SYS_close(3, 16, 0x7f624bc21750, 0x6ffffdff)                                                                 = 0
8617 [0x7f624e9a1677] SYS_open(0x7f624eb99560, 0x80000, 0, 0x7f624eb9d000)                                                         = 3
8617 [0x7f624e9a1697] SYS_read(3, 0x7fffcd612208, 832, 0x7f624eb9d000)                                                             = 832
8617 [0x7f624e9a1604] SYS_fstat(3, 0x7fffcd6120e0, 0x7fffcd6120e0, 32)                                                             = 0
8617 [0x7f624e9a180a] SYS_mmap(0, 0x2361e0, 5, 2050)                                                                               = 0x7f624b7e0000
8617 [0x7f624e9a1857] SYS_mprotect(0x7f624b7e8000, 0x1ff000, 0, 2050)                                                              = 0
8617 [0x7f624e9a180a] SYS_mmap(0x7f624b9e7000, 8192, 3, 2066)                                                                      = 0x7f624b9e7000
8617 [0x7f624e9a180a] SYS_mmap(0x7f624b9e9000, 0x2d1e0, 3, 50)                                                                     = 0x7f624b9e9000
8617 [0x7f624e9a1787] SYS_close(3, 16, 0, 0x6ffffdff)                                                                              = 0
8617 [0x7f624e9a1677] SYS_open(0x7f624eb99a30, 0x80000, 0, 0x6ffffdff)                                                             = 3
8617 [0x7f624e9a1697] SYS_read(3, 0x7fffcd6121d8, 832, 0x6ffffdff)                                                                 = 832
8617 [0x7f624e9a1604] SYS_fstat(3, 0x7fffcd6120b0, 0x7fffcd6120b0, 16)                                                             = 0
8617 [0x7f624e9a180a] SYS_mmap(0, 0x43fe88, 5, 2050)                                                                               = 0x7f624b3a0000
8617 [0x7f624e9a1857] SYS_mprotect(0x7f624b5b5000, 0x200000, 0, 2050)                                                              = 0
8617 [0x7f624e9a180a] SYS_mmap(0x7f624b7b5000, 0x27000, 3, 2066)                                                                   = 0x7f624b7b5000
8617 [0x7f624e9a180a] SYS_mmap(0x7f624b7dc000, 0x3e88, 3, 50)                                                                      = 0x7f624b7dc000
8617 [0x7f624e9a1857] SYS_mprotect(0x7fffcd614000, 4096, 0x1000007, 4)                                                             = 0
8617 [0x7f624e9a1787] SYS_close(3, 4096, 0x1000007, 4)                                                                             = 0
8617 [0x7f624e9a1677] SYS_open(0x7f624eb99fb0, 0x80000, 0, 0x7f624eb9c4d0)                                                         = 3
8617 [0x7f624e9a1697] SYS_read(3, 0x7fffcd6121a8, 832, 0x7f624eb9c4d0)                                                             = 832
8617 [0x7f624e9a1604] SYS_fstat(3, 0x7fffcd612080, 0x7fffcd612080, 16)                                                             = 0
8617 [0x7f624e9a180a] SYS_mmap(0, 4096, 3, 34)                                                                                     = 0x7f624eb98000
8617 [0x7f624e9a180a] SYS_mmap(0, 0x215730, 5, 2050)                                                                               = 0x7f624b18a000
8617 [0x7f624e9a1857] SYS_mprotect(0x7f624b1a0000, 0x1ff000, 0, 2050)                                                              = 0
8617 [0x7f624e9a180a] SYS_mmap(0x7f624b39f000, 4096, 3, 2066)                                                                      = 0x7f624b39f000
8617 [0x7f624e9a1787] SYS_close(3, 16, 0x7f624b39f490, 0x6ffffdff)                                                                 = 0
8617 [0x7f624e9a1677] SYS_open(0x7f624eb984f0, 0x80000, 0, 0x6ffffdff)                                                             = 3
8617 [0x7f624e9a1697] SYS_read(3, 0x7fffcd612178, 832, 0x6ffffdff)                                                                 = 832
8617 [0x7f624e9a1604] SYS_fstat(3, 0x7fffcd612050, 0x7fffcd612050, 32)                                                             = 0
8617 [0x7f624e9a180a] SYS_mmap(0, 0x2fd148, 5, 2050)                                                                               = 0x7f624ae8c000
8617 [0x7f624e9a1857] SYS_mprotect(0x7f624af89000, 0x1ff000, 0, 2050)                                                              = 0
8617 [0x7f624e9a180a] SYS_mmap(0x7f624b188000, 8192, 3, 2066)                                                                      = 0x7f624b188000
8617 [0x7f624e9a1787] SYS_close(3, 16, 0, 0x6ffffdff)                                                                              = 0
8617 [0x7f624e9a1677] SYS_open(0x7fffcd611f40, 0x80000, 0, 0x36782f39325f3130)                                                     = -2
8617 [0x7f624e9a15c5] SYS_stat(0x7fffcd611f40, 0x7fffcd612020, 0x7fffcd612020, 0x36782f39325f3130)                                 = -2
8617 [0x7f624e9a1677] SYS_open(0x7fffcd611f40, 0x80000, 0, 0x36782f39325f3130)                                                     = -2
8617 [0x7f624e9a15c5] SYS_stat(0x7fffcd611f40, 0x7fffcd612020, 0x7fffcd612020, 0x36782f39325f3130)                                 = -2
8617 [0x7f624e9a1677] SYS_open(0x7fffcd611f40, 0x80000, 0, 0x36782f39325f3130)                                                     = -2
8617 [0x7f624e9a15c5] SYS_stat(0x7fffcd611f40, 0x7fffcd612020, 0x7fffcd612020, 0x36782f39325f3130)                                 = -2
8617 [0x7f624e9a1677] SYS_open(0x7fffcd611f40, 0x80000, 0, 0x36782f39325f3130)                                                     = -2
8617 [0x7f624e9a15c5] SYS_stat(0x7fffcd611f40, 0x7fffcd612020, 0x7fffcd612020, 0x36782f39325f3130)                                 = -2
8617 [0x7f624e9a1677] SYS_open(0x7f624eb98dd0, 0x80000, 0, 0x36782f39325f3130)                                                     = 3
8617 [0x7f624e9a1697] SYS_read(3, 0x7fffcd612148, 832, 0x36782f39325f3130)                                                         = 832
8617 [0x7f624e9a1604] SYS_fstat(3, 0x7fffcd612020, 0x7fffcd612020, 16)                                                             = 0
8617 [0x7f624e9a180a] SYS_mmap(0, 4096, 3, 34)                                                                                     = 0x7f624eb97000
8617 [0x7f624e9a180a] SYS_mmap(0, 0x2f8980, 5, 2050)                                                                               = 0x7f624ab93000
8617 [0x7f624e9a1857] SYS_mprotect(0x7f624ac8a000, 0x200000, 0, 2050)                                                              = 0
8617 [0x7f624e9a180a] SYS_mmap(0x7f624ae8a000, 8192, 3, 2066)                                                                      = 0x7f624ae8a000
8617 [0x7f624e9a1787] SYS_close(3, 16, 0x7f624ae8a3a0, 0x6ffffdff)                                                                 = 0
8617 [0x7f624e9a1677] SYS_open(0x7f624eb974c8, 0x80000, 0, 0x6ffffdff)                                                             = 3
8617 [0x7f624e9a1697] SYS_read(3, 0x7fffcd612118, 832, 0x6ffffdff)                                                                 = 832
8617 [0x7f624e9a1604] SYS_fstat(3, 0x7fffcd611ff0, 0x7fffcd611ff0, 16)                                                             = 0
8617 [0x7f624e9a180a] SYS_mmap(0, 0x2fc9d8, 5, 2050)                                                                               = 0x7f624a896000
8617 [0x7f624e9a1857] SYS_mprotect(0x7f624a991000, 0x200000, 0, 2050)                                                              = 0
8617 [0x7f624e9a180a] SYS_mmap(0x7f624ab91000, 8192, 3, 2066)                                                                      = 0x7f624ab91000
8617 [0x7f624e9a1787] SYS_close(3, 16, 0x7f624ab92828, 0x6ffffdff)                                                                 = 0
8617 [0x7f624e9a1677] SYS_open(0x7f624eb97998, 0x80000, 0, 0x6ffffdff)                                                             = 3
8617 [0x7f624e9a1697] SYS_read(3, 0x7fffcd6120e8, 832, 0x6ffffdff)                                                                 = 832
8617 [0x7f624e9a1604] SYS_fstat(3, 0x7fffcd611fc0, 0x7fffcd611fc0, 16)                                                             = 0
8617 [0x7f624e9a180a] SYS_mmap(0, 0x242830, 5, 2050)                                                                               = 0x7f624a653000
8617 [0x7f624e9a1857] SYS_mprotect(0x7f624a696000, 0x1ff000, 0, 2050)                                                              = 0
8617 [0x7f624e9a180a] SYS_mmap(0x7f624a895000, 4096, 3, 2066)                                                                      = 0x7f624a895000
8617 [0x7f624e9a1787] SYS_close(3, 16, 0x7f624a895630, 0x6ffffdff)                                                                 = 0
8617 [0x7f624e9a1677] SYS_open(0x7f624eb97f70, 0x80000, 0, 0x7f624eb9e9b8)                                                         = 3
8617 [0x7f624e9a1697] SYS_read(3, 0x7fffcd6120b8, 832, 0x7f624eb9e9b8)                                                             = 832
8617 [0x7f624e9a1604] SYS_fstat(3, 0x7fffcd611f90, 0x7fffcd611f90, 32)                                                             = 0
8617 [0x7f624e9a180a] SYS_mmap(0, 4096, 3, 34)                                                                                     = 0x7f624eb96000
8617 [0x7f624e9a180a] SYS_mmap(0, 0x203118, 5, 2050)                                                                               = 0x7f624a44f000
8617 [0x7f624e9a1857] SYS_mprotect(0x7f624a451000, 0x200000, 0, 2050)                                                              = 0
8617 [0x7f624e9a180a] SYS_mmap(0x7f624a651000, 8192, 3, 2066)                                                                      = 0x7f624a651000
8617 [0x7f624e9a1787] SYS_close(3, 16, 0x7f624a651f40, 0x6ffffdff)                                                                 = 0
8617 [0x7f624e9a180a] SYS_mmap(0, 4096, 3, 34)                                                                                     = 0x7f624eb95000
8617 [0x7f624e9a180a] SYS_mmap(0, 4096, 3, 34)                                                                                     = 0x7f624eb94000
8617 [0x7f624e9a180a] SYS_mmap(0, 8192, 3, 34)                                                                                     = 0x7f624eb92000
8617 [0x7f624e98b044] SYS_arch_prctl(4098, 0x7f624eb92780, 0x7f624eb93080, 34)                                                     = 0
8617 [0x7f624e9a1857] SYS_mprotect(0x7f624e2e1000, 0x4000, 1, 1)                                                                   = 0
8617 [0x7f624e9a1857] SYS_mprotect(0x7f624a651000, 4096, 1, 0x7f624a44fc68)                                                        = 0
8617 [0x7f624e9a1857] SYS_mprotect(0x7f624d487000, 4096, 1, 0x7f624d275500)                                                        = 0
8617 [0x7f624e9a1857] SYS_mprotect(0x7f624b188000, 4096, 1, 1)                                                                     = 0
8617 [0x7f624e9a1857] SYS_mprotect(0x7f624b9e7000, 4096, 1, 0x7f624b7e0a00)                                                        = 0
8617 [0x7f624e9a1857] SYS_mprotect(0x7f624d74b000, 0x7000, 1, 0x7f624d4e5810)                                                      = 0
8617 [0x7f624e9a1857] SYS_mprotect(0x7f624d26e000, 4096, 1, 0x7f624d069d58)                                                        = 0
8617 [0x7f624e9a1857] SYS_mprotect(0x7f624ebaa000, 4096, 1, 0)                                                                     = 0
8617 [0x7f624e9a1837] SYS_munmap(0x7f624eba0000, 0x83b3, 0x74c00, 0)                                                               = 0
8617 [0x7f624d276e92] SYS_set_tid_address(0x7f624eb92a50, 0x7fffcd6140a8, 0x7f624eb92780, 0)                                       = 8617
8617 [0x7f624d276efa] SYS_set_robust_list(0x7f624eb92a60, 24, 0x7f624eb92780, 0)                                                   = 0
8617 [0x7f624d280cf5] SYS_rt_sigaction(32, 0x7fffcd613df8, 0, 8)                                                                   = 0
8617 [0x7f624d280cf5] SYS_rt_sigaction(33, 0x7fffcd613df8, 0, 8)                                                                   = 0
8617 [0x7f624d276fd6] SYS_rt_sigprocmask(1, 0x7fffcd613f48, 0, 8)                                                                  = 0
8617 [0x7f624e02db17] SYS_getrlimit(3, 0x7fffcd613fe0, 63, 1)                                                                      = 0
8617 [0x7f624d276b95] SYS_futex(0x7f624d7557e0, 129, 0x7fffffff, 0)                                                                = 0
8617 [0x4009e1] ledctrl->Hal_Led_Set_Mode(3, 0, 0x7f624e09bc60, 0 <unfinished ...>
8617 [0x7f624e2f1575]   libnhal.so->Hal_Lookup_Hardware_Info(0x7fffcd613dd0, 0, 0x7f624e09bc60, 0 <unfinished ...>
8617 [0x7f624e028557]     SYS_statfs(0x7f624d2831e8, 0x7fffcd613bc0, 0x7f624d48c310, 1)                                            = 0
8617 [0x7f624d276b95]     SYS_futex(0x7f624d48c310, 129, 0x7fffffff, 0)                                                            = 0
8617 [0x7f624e0287e0]     SYS_open(0x7fffcd613cd0, 0xa0002, 484, 1)                                                                = 3
8617 [0x7f624e03172a]     SYS_mmap(0, 220, 3, 1)                                                                                   = 0x7f624eba8000
8617 [0x7f624e029070]     SYS_close(3, 220, 3, 1)                                                                                  = 0
8617 [0x7f624e2f07f0]     libnhal.so->Hw_Semaphore_Init(0x7fffcd613d80, 0x7f624e2f3287, 1, -1 <unfinished ...>
8617 [0x7f624e028405]       SYS_lstat(0x7fffcd613c30, 0x7fffcd613b40, 0x7fffcd613b40, 0)                                           = -2
8617 [0x7f624d280510]       SYS_open(0x7fffcd613c30, 194, 600, 0)                                                                  = 3
8617 [0x7f624d27fda0]       SYS_write(3, 0x7fffcd613cb0, 32, 0)                                                                    = 32
8617 [0x7f624e03172a]       SYS_mmap(0, 32, 3, 1)                                                                                  = 0x7f624eba7000
8617 [0x7f624e02a1a7]       SYS_link(0x7fffcd613c30, 0x7fffcd613c60, 3, 1)                                                         = -17
8617 [0x7f624e031757]       SYS_munmap(0x7f624eba7000, 32, 3, 1)                                                                   = 0
8617 [0x7f624e02a2c7]       SYS_unlink(0x7fffcd613c30, 32, 3, 1)                                                                   = 0
8617 [0x7f624d27fe60]       SYS_close(3, 32, 3, 1)                                                                                 = 0
8617 [0x7f624d280510]       SYS_open(0x7fffcd613c60, 0x20002, 18, 1)                                                               = 3
8617 [0x7f624e0283b4]       SYS_fstat(3, 0x7fffcd613b90, 0x7fffcd613b90, 1)                                                        = 0
8617 [0x7f624e02df5a]       SYS_brk(0, 0x7f624e2e5640, 0, -4096)                                                                   = 0x1394000
8617 [0x7f624e02df5a]       SYS_brk(0x13b5000, 0x1394000, 0x13b5000, -4096)                                                        = 0x13b5000
8617 [0x7f624e03172a]       SYS_mmap(0, 32, 3, 1)                                                                                  = 0x7f624eba7000
8617 [0x7f624d27fe60]       SYS_close(3, 32, 0, 3)                                                                                 = 0
8617 [0x7f624e2f07f0]     <... Hw_Semaphore_Init resumed> )                                                                        = 17
8617 [0x7f624e2f0800]     libnhal.so->Hw_Semaphore_Lock(0x7fffcd613d80, 32, 0x7f624eba7000, -1)                                    = 0
8617 [0x7f624e2f0918]     libnhal.so->Hw_Semaphore_Unlock(0x7fffcd613d80, 2, 0x7f624eba8000, 0)                                    = 0
8617 [0x7f624e2f0924]     libnhal.so->Hw_Semaphore_Release(0x7fffcd613d80, 128, 0, 0 <unfinished ...>
8617 [0x7f624e031757]       SYS_munmap(0x7f624eba7000, 32, 0, 1)                                                                   = 0
8617 [0x7f624e2f0924]     <... Hw_Semaphore_Release resumed> )                                                                     = 0
8617 [0x7f624e2f1575]   <... Hal_Lookup_Hardware_Info resumed> )                                                                   = 0
8617 [0x7f624e2f1b89]   libnhal.so->It87_Set_Gpio(0, 0, 1, -7360 <unfinished ...>
8617 [0x7f624c641e70]     libgeneraldrv.so->Hw_Semaphore_Init(0x7fffcd613d60, 0x7f624c644012, 1, 0 <unfinished ...>
8617 [0x7f624e028405]       SYS_lstat(0x7fffcd613be0, 0x7fffcd613af0, 0x7fffcd613af0, 0)                                           = -2
8617 [0x7f624d280510]       SYS_open(0x7fffcd613be0, 194, 600, 0)                                                                  = 3
8617 [0x7f624d27fda0]       SYS_write(3, 0x7fffcd613c60, 32, 0)                                                                    = 32
8617 [0x7f624e03172a]       SYS_mmap(0, 32, 3, 1)                                                                                  = 0x7f624eba7000
8617 [0x7f624e02a1a7]       SYS_link(0x7fffcd613be0, 0x7fffcd613c10, 3, 1)                                                         = -17
8617 [0x7f624e031757]       SYS_munmap(0x7f624eba7000, 32, 3, 1)                                                                   = 0
8617 [0x7f624e02a2c7]       SYS_unlink(0x7fffcd613be0, 32, 3, 1)                                                                   = 0
8617 [0x7f624d27fe60]       SYS_close(3, 32, 3, 1)                                                                                 = 0
8617 [0x7f624d280510]       SYS_open(0x7fffcd613c10, 0x20002, 20, 1)                                                               = 3
8617 [0x7f624e0283b4]       SYS_fstat(3, 0x7fffcd613b40, 0x7fffcd613b40, 1)                                                        = 0
8617 [0x7f624e03172a]       SYS_mmap(0, 32, 3, 1)                                                                                  = 0x7f624eba7000
8617 [0x7f624d27fe60]       SYS_close(3, 32, 0, 1)                                                                                 = 0
8617 [0x7f624c641e70]     <... Hw_Semaphore_Init resumed> )                                                                        = 17
8617 [0x7f624c641e80]     libgeneraldrv.so->Hw_Semaphore_Lock(0x7fffcd613d60, 32, 0x7f624eba7000, -1)                              = 0
8617 [0x7f624e0356b7]     SYS_ioperm(46, 1, 1, 1)                                                                                  = 0
8617 [0x7f624e0356b7]     SYS_ioperm(46, 1, 0, 1)                                                                                  = 0
8617 [0x7f624e0356b7]     SYS_ioperm(235, 1, 1, 1)                                                                                 = 0
8617 [0x7f624e0356b7]     SYS_ioperm(235, 1, 0, 1)                                                                                 = 0
8617 [0x7f624e0356b7]     SYS_ioperm(46, 1, 1, 1)                                                                                  = 0
8617 [0x7f624e0356b7]     SYS_ioperm(46, 1, 0, 1)                                                                                  = 0
8617 [0x7f624e0356b7]     SYS_ioperm(235, 1, 1, 1)                                                                                 = 0
8617 [0x7f624e0356b7]     SYS_ioperm(235, 1, 0, 1)                                                                                 = 0
8617 [0x7f624e0356b7]     SYS_ioperm(46, 1, 1, 1)                                                                                  = 0
8617 [0x7f624e0356b7]     SYS_ioperm(46, 1, 0, 1)                                                                                  = 0
8617 [0x7f624e0356b7]     SYS_ioperm(235, 1, 1, 1)                                                                                 = 0
8617 [0x7f624e0356b7]     SYS_ioperm(235, 1, 0, 1)                                                                                 = 0
8617 [0x7f624e0356b7]     SYS_ioperm(46, 1, 1, 1)                                                                                  = 0
8617 [0x7f624e0356b7]     SYS_ioperm(46, 1, 0, 1)                                                                                  = 0
8617 [0x7f624e0356b7]     SYS_ioperm(235, 1, 1, 1)                                                                                 = 0
8617 [0x7f624e0356b7]     SYS_ioperm(235, 1, 0, 1)                                                                                 = 0
8617 [0x7f624e0356b7]     SYS_ioperm(46, 1, 1, 1)                                                                                  = 0
8617 [0x7f624e0356b7]     SYS_ioperm(46, 1, 0, 1)                                                                                  = 0
8617 [0x7f624e0356b7]     SYS_ioperm(235, 1, 1, 1)                                                                                 = 0
8617 [0x7f624e0356b7]     SYS_ioperm(235, 1, 0, 1)                                                                                 = 0
8617 [0x7f624e0356b7]     SYS_ioperm(47, 1, 1, 1)                                                                                  = 0
8617 [0x7f624e0356b7]     SYS_ioperm(47, 1, 0, 1)                                                                                  = 0
8617 [0x7f624e0356b7]     SYS_ioperm(235, 1, 1, 1)                                                                                 = 0
8617 [0x7f624e0356b7]     SYS_ioperm(235, 1, 0, 1)                                                                                 = 0
8617 [0x7f624e0356b7]     SYS_ioperm(46, 1, 1, 1)                                                                                  = 0
8617 [0x7f624e0356b7]     SYS_ioperm(46, 1, 0, 1)                                                                                  = 0
8617 [0x7f624e0356b7]     SYS_ioperm(235, 1, 1, 1)                                                                                 = 0
8617 [0x7f624e0356b7]     SYS_ioperm(235, 1, 0, 1)                                                                                 = 0
8617 [0x7f624e0356b7]     SYS_ioperm(47, 1, 1, 1)                                                                                  = 0
8617 [0x7f624e0356b7]     SYS_ioperm(47, 1, 0, 1)                                                                                  = 0
8617 [0x7f624e0356b7]     SYS_ioperm(235, 1, 1, 1)                                                                                 = 0
8617 [0x7f624e0356b7]     SYS_ioperm(235, 1, 0, 1)                                                                                 = 0
8617 [0x7f624e0356b7]     SYS_ioperm(46, 1, 1, 1)                                                                                  = 0
8617 [0x7f624e0356b7]     SYS_ioperm(46, 1, 0, 1)                                                                                  = 0
8617 [0x7f624e0356b7]     SYS_ioperm(235, 1, 1, 1)                                                                                 = 0
8617 [0x7f624e0356b7]     SYS_ioperm(235, 1, 0, 1)                                                                                 = 0
8617 [0x7f624e0356b7]     SYS_ioperm(47, 1, 1, 1)                                                                                  = 0
8617 [0x7f624e0356b7]     SYS_ioperm(47, 1, 0, 1)                                                                                  = 0
8617 [0x7f624e0356b7]     SYS_ioperm(235, 1, 1, 1)                                                                                 = 0
8617 [0x7f624e0356b7]     SYS_ioperm(235, 1, 0, 1)                                                                                 = 0
8617 [0x7f624e0356b7]     SYS_ioperm(46, 1, 1, 1)                                                                                  = 0
8617 [0x7f624e0356b7]     SYS_ioperm(46, 1, 0, 1)                                                                                  = 0
8617 [0x7f624e0356b7]     SYS_ioperm(235, 1, 1, 1)                                                                                 = 0
8617 [0x7f624e0356b7]     SYS_ioperm(235, 1, 0, 1)                                                                                 = 0
8617 [0x7f624e0356b7]     SYS_ioperm(47, 1, 1, 1)                                                                                  = 0
8617 [0x7f624e0356b7]     SYS_ioperm(47, 1, 0, 1)                                                                                  = 0
8617 [0x7f624e0356b7]     SYS_ioperm(235, 1, 1, 1)                                                                                 = 0
8617 [0x7f624e0356b7]     SYS_ioperm(235, 1, 0, 1)                                                                                 = 0
8617 [0x7f624e0356b7]     SYS_ioperm(1733, 1, 1, 1)                                                                                = 0
8617 [0x7f624e0356b7]     SYS_ioperm(1733, 1, 0, 1)                                                                                = 0
8617 [0x7f624e0356b7]     SYS_ioperm(235, 1, 1, 1)                                                                                 = 0
8617 [0x7f624e0356b7]     SYS_ioperm(235, 1, 0, 1)                                                                                 = 0
8617 [0x7f624e0356b7]     SYS_ioperm(1734, 1, 1, 1)                                                                                = 0
8617 [0x7f624e0356b7]     SYS_ioperm(1734, 1, 0, 1)                                                                                = 0
8617 [0x7f624e0356b7]     SYS_ioperm(235, 1, 1, 1)                                                                                 = 0
8617 [0x7f624e0356b7]     SYS_ioperm(235, 1, 0, 1)                                                                                 = 0
8617 [0x7f624e0356b7]     SYS_ioperm(1733, 1, 1, 1)                                                                                = 0
8617 [0x7f624e0356b7]     SYS_ioperm(1733, 1, 0, 1)                                                                                = 0
8617 [0x7f624e0356b7]     SYS_ioperm(235, 1, 1, 1)                                                                                 = 0
8617 [0x7f624e0356b7]     SYS_ioperm(235, 1, 0, 1)                                                                                 = 0
8617 [0x7f624e0356b7]     SYS_ioperm(1734, 1, 1, 1)                                                                                = 0
8617 [0x7f624e0356b7]     SYS_ioperm(1734, 1, 0, 1)                                                                                = 0
8617 [0x7f624e0356b7]     SYS_ioperm(235, 1, 1, 1)                                                                                 = 0
8617 [0x7f624e0356b7]     SYS_ioperm(235, 1, 0, 1)                                                                                 = 0
8617 [0x7f624e0356b7]     SYS_ioperm(46, 1, 1, 1)                                                                                  = 0
8617 [0x7f624e0356b7]     SYS_ioperm(46, 1, 0, 1)                                                                                  = 0
8617 [0x7f624e0356b7]     SYS_ioperm(235, 1, 1, 1)                                                                                 = 0
8617 [0x7f624e0356b7]     SYS_ioperm(235, 1, 0, 1)                                                                                 = 0
8617 [0x7f624e0356b7]     SYS_ioperm(46, 1, 1, 1)                                                                                  = 0
8617 [0x7f624e0356b7]     SYS_ioperm(46, 1, 0, 1)                                                                                  = 0
8617 [0x7f624e0356b7]     SYS_ioperm(235, 1, 1, 1)                                                                                 = 0
8617 [0x7f624e0356b7]     SYS_ioperm(235, 1, 0, 1)                                                                                 = 0
8617 [0x7f624e0356b7]     SYS_ioperm(46, 1, 1, 1)                                                                                  = 0
8617 [0x7f624e0356b7]     SYS_ioperm(46, 1, 0, 1)                                                                                  = 0
8617 [0x7f624e0356b7]     SYS_ioperm(235, 1, 1, 1)                                                                                 = 0
8617 [0x7f624e0356b7]     SYS_ioperm(235, 1, 0, 1)                                                                                 = 0
8617 [0x7f624e0356b7]     SYS_ioperm(46, 1, 1, 1)                                                                                  = 0
8617 [0x7f624e0356b7]     SYS_ioperm(46, 1, 0, 1)                                                                                  = 0
8617 [0x7f624e0356b7]     SYS_ioperm(235, 1, 1, 1)                                                                                 = 0
8617 [0x7f624e0356b7]     SYS_ioperm(235, 1, 0, 1)                                                                                 = 0
8617 [0x7f624e0356b7]     SYS_ioperm(46, 1, 1, 1)                                                                                  = 0
8617 [0x7f624e0356b7]     SYS_ioperm(46, 1, 0, 1)                                                                                  = 0
8617 [0x7f624e0356b7]     SYS_ioperm(235, 1, 1, 1)                                                                                 = 0
8617 [0x7f624e0356b7]     SYS_ioperm(235, 1, 0, 1)                                                                                 = 0
8617 [0x7f624e0356b7]     SYS_ioperm(47, 1, 1, 1)                                                                                  = 0
8617 [0x7f624e0356b7]     SYS_ioperm(47, 1, 0, 1)                                                                                  = 0
8617 [0x7f624e0356b7]     SYS_ioperm(235, 1, 1, 1)                                                                                 = 0
8617 [0x7f624e0356b7]     SYS_ioperm(235, 1, 0, 1)                                                                                 = 0
8617 [0x7f624e0356b7]     SYS_ioperm(46, 1, 1, 1)                                                                                  = 0
8617 [0x7f624e0356b7]     SYS_ioperm(46, 1, 0, 1)                                                                                  = 0
8617 [0x7f624e0356b7]     SYS_ioperm(235, 1, 1, 1)                                                                                 = 0
8617 [0x7f624e0356b7]     SYS_ioperm(235, 1, 0, 1)                                                                                 = 0
8617 [0x7f624e0356b7]     SYS_ioperm(47, 1, 1, 1)                                                                                  = 0
8617 [0x7f624e0356b7]     SYS_ioperm(47, 1, 0, 1)                                                                                  = 0
8617 [0x7f624e0356b7]     SYS_ioperm(235, 1, 1, 1)                                                                                 = 0
8617 [0x7f624e0356b7]     SYS_ioperm(235, 1, 0, 1)                                                                                 = 0
8617 [0x7f624e0356b7]     SYS_ioperm(46, 1, 1, 1)                                                                                  = 0
8617 [0x7f624e0356b7]     SYS_ioperm(46, 1, 0, 1)                                                                                  = 0
8617 [0x7f624e0356b7]     SYS_ioperm(235, 1, 1, 1)                                                                                 = 0
8617 [0x7f624e0356b7]     SYS_ioperm(235, 1, 0, 1)                                                                                 = 0
8617 [0x7f624e0356b7]     SYS_ioperm(47, 1, 1, 1)                                                                                  = 0
8617 [0x7f624e0356b7]     SYS_ioperm(47, 1, 0, 1)                                                                                  = 0
8617 [0x7f624e0356b7]     SYS_ioperm(235, 1, 1, 1)                                                                                 = 0
8617 [0x7f624e0356b7]     SYS_ioperm(235, 1, 0, 1)                                                                                 = 0
8617 [0x7f624e0356b7]     SYS_ioperm(46, 1, 1, 1)                                                                                  = 0
8617 [0x7f624e0356b7]     SYS_ioperm(46, 1, 0, 1)                                                                                  = 0
8617 [0x7f624e0356b7]     SYS_ioperm(235, 1, 1, 1)                                                                                 = 0
8617 [0x7f624e0356b7]     SYS_ioperm(235, 1, 0, 1)                                                                                 = 0
8617 [0x7f624e0356b7]     SYS_ioperm(47, 1, 1, 1)                                                                                  = 0
8617 [0x7f624e0356b7]     SYS_ioperm(47, 1, 0, 1)                                                                                  = 0
8617 [0x7f624e0356b7]     SYS_ioperm(235, 1, 1, 1)                                                                                 = 0
8617 [0x7f624e0356b7]     SYS_ioperm(235, 1, 0, 1)                                                                                 = 0
8617 [0x7f624e0356b7]     SYS_ioperm(46, 1, 1, 1)                                                                                  = 0
8617 [0x7f624e0356b7]     SYS_ioperm(46, 1, 0, 1)                                                                                  = 0
8617 [0x7f624e0356b7]     SYS_ioperm(235, 1, 1, 1)                                                                                 = 0
8617 [0x7f624e0356b7]     SYS_ioperm(235, 1, 0, 1)                                                                                 = 0
8617 [0x7f624e0356b7]     SYS_ioperm(47, 1, 1, 1)                                                                                  = 0
8617 [0x7f624e0356b7]     SYS_ioperm(47, 1, 0, 1)                                                                                  = 0
8617 [0x7f624e0356b7]     SYS_ioperm(235, 1, 1, 1)                                                                                 = 0
8617 [0x7f624e0356b7]     SYS_ioperm(235, 1, 0, 1)                                                                                 = 0
8617 [0x7f624e0356b7]     SYS_ioperm(46, 1, 1, 1)                                                                                  = 0
8617 [0x7f624e0356b7]     SYS_ioperm(46, 1, 0, 1)                                                                                  = 0
8617 [0x7f624e0356b7]     SYS_ioperm(235, 1, 1, 1)                                                                                 = 0
8617 [0x7f624e0356b7]     SYS_ioperm(235, 1, 0, 1)                                                                                 = 0
8617 [0x7f624e0356b7]     SYS_ioperm(47, 1, 1, 1)                                                                                  = 0
8617 [0x7f624e0356b7]     SYS_ioperm(47, 1, 0, 1)                                                                                  = 0
8617 [0x7f624e0356b7]     SYS_ioperm(235, 1, 1, 1)                                                                                 = 0
8617 [0x7f624e0356b7]     SYS_ioperm(235, 1, 0, 1)                                                                                 = 0
8617 [0x7f624e0356b7]     SYS_ioperm(46, 1, 1, 1)                                                                                  = 0
8617 [0x7f624e0356b7]     SYS_ioperm(46, 1, 0, 1)                                                                                  = 0
8617 [0x7f624e0356b7]     SYS_ioperm(235, 1, 1, 1)                                                                                 = 0
8617 [0x7f624e0356b7]     SYS_ioperm(235, 1, 0, 1)                                                                                 = 0
8617 [0x7f624e0356b7]     SYS_ioperm(47, 1, 1, 1)                                                                                  = 0
8617 [0x7f624e0356b7]     SYS_ioperm(47, 1, 0, 1)                                                                                  = 0
8617 [0x7f624e0356b7]     SYS_ioperm(235, 1, 1, 1)                                                                                 = 0
8617 [0x7f624e0356b7]     SYS_ioperm(235, 1, 0, 1)                                                                                 = 0
8617 [0x7f624e0356b7]     SYS_ioperm(46, 1, 1, 1)                                                                                  = 0
8617 [0x7f624e0356b7]     SYS_ioperm(46, 1, 0, 1)                                                                                  = 0
8617 [0x7f624e0356b7]     SYS_ioperm(235, 1, 1, 1)                                                                                 = 0
8617 [0x7f624e0356b7]     SYS_ioperm(235, 1, 0, 1)                                                                                 = 0
8617 [0x7f624e0356b7]     SYS_ioperm(47, 1, 1, 1)                                                                                  = 0
8617 [0x7f624e0356b7]     SYS_ioperm(47, 1, 0, 1)                                                                                  = 0
8617 [0x7f624e0356b7]     SYS_ioperm(235, 1, 1, 1)                                                                                 = 0
8617 [0x7f624e0356b7]     SYS_ioperm(235, 1, 0, 1)                                                                                 = 0
8617 [0x7f624e0356b7]     SYS_ioperm(46, 1, 1, 1)                                                                                  = 0
8617 [0x7f624e0356b7]     SYS_ioperm(46, 1, 0, 1)                                                                                  = 0
8617 [0x7f624e0356b7]     SYS_ioperm(235, 1, 1, 1)                                                                                 = 0
8617 [0x7f624e0356b7]     SYS_ioperm(235, 1, 0, 1)                                                                                 = 0
8617 [0x7f624e0356b7]     SYS_ioperm(47, 1, 1, 1)                                                                                  = 0
8617 [0x7f624e0356b7]     SYS_ioperm(47, 1, 0, 1)                                                                                  = 0
8617 [0x7f624e0356b7]     SYS_ioperm(235, 1, 1, 1)                                                                                 = 0
8617 [0x7f624e0356b7]     SYS_ioperm(235, 1, 0, 1)                                                                                 = 0
8617 [0x7f624e0356b7]     SYS_ioperm(46, 1, 1, 1)                                                                                  = 0
8617 [0x7f624e0356b7]     SYS_ioperm(46, 1, 0, 1)                                                                                  = 0
8617 [0x7f624e0356b7]     SYS_ioperm(235, 1, 1, 1)                                                                                 = 0
8617 [0x7f624e0356b7]     SYS_ioperm(235, 1, 0, 1)                                                                                 = 0
8617 [0x7f624e0356b7]     SYS_ioperm(47, 1, 1, 1)                                                                                  = 0
8617 [0x7f624e0356b7]     SYS_ioperm(47, 1, 0, 1)                                                                                  = 0
8617 [0x7f624e0356b7]     SYS_ioperm(235, 1, 1, 1)                                                                                 = 0
8617 [0x7f624e0356b7]     SYS_ioperm(235, 1, 0, 1)                                                                                 = 0
8617 [0x7f624e0356b7]     SYS_ioperm(46, 1, 1, 1)                                                                                  = 0
8617 [0x7f624e0356b7]     SYS_ioperm(46, 1, 0, 1)                                                                                  = 0
8617 [0x7f624e0356b7]     SYS_ioperm(235, 1, 1, 1)                                                                                 = 0
8617 [0x7f624e0356b7]     SYS_ioperm(235, 1, 0, 1)                                                                                 = 0
8617 [0x7f624e0356b7]     SYS_ioperm(47, 1, 1, 1)                                                                                  = 0
8617 [0x7f624e0356b7]     SYS_ioperm(47, 1, 0, 1)                                                                                  = 0
8617 [0x7f624e0356b7]     SYS_ioperm(235, 1, 1, 1)                                                                                 = 0
8617 [0x7f624e0356b7]     SYS_ioperm(235, 1, 0, 1)                                                                                 = 0
8617 [0x7f624e0356b7]     SYS_ioperm(46, 1, 1, 1)                                                                                  = 0
8617 [0x7f624e0356b7]     SYS_ioperm(46, 1, 0, 1)                                                                                  = 0
8617 [0x7f624e0356b7]     SYS_ioperm(235, 1, 1, 1)                                                                                 = 0
8617 [0x7f624e0356b7]     SYS_ioperm(235, 1, 0, 1)                                                                                 = 0
8617 [0x7f624e0356b7]     SYS_ioperm(47, 1, 1, 1)                                                                                  = 0
8617 [0x7f624e0356b7]     SYS_ioperm(47, 1, 0, 1)                                                                                  = 0
8617 [0x7f624e0356b7]     SYS_ioperm(235, 1, 1, 1)                                                                                 = 0
8617 [0x7f624e0356b7]     SYS_ioperm(235, 1, 0, 1)                                                                                 = 0
8617 [0x7f624e0356b7]     SYS_ioperm(46, 1, 1, 1)                                                                                  = 0
8617 [0x7f624e0356b7]     SYS_ioperm(46, 1, 0, 1)                                                                                  = 0
8617 [0x7f624e0356b7]     SYS_ioperm(235, 1, 1, 1)                                                                                 = 0
8617 [0x7f624e0356b7]     SYS_ioperm(235, 1, 0, 1)                                                                                 = 0
8617 [0x7f624e0356b7]     SYS_ioperm(47, 1, 1, 1)                                                                                  = 0
8617 [0x7f624e0356b7]     SYS_ioperm(47, 1, 0, 1)                                                                                  = 0
8617 [0x7f624e0356b7]     SYS_ioperm(235, 1, 1, 1)                                                                                 = 0
8617 [0x7f624e0356b7]     SYS_ioperm(235, 1, 0, 1)                                                                                 = 0
8617 [0x7f624e0356b7]     SYS_ioperm(46, 1, 1, 1)                                                                                  = 0
8617 [0x7f624e0356b7]     SYS_ioperm(46, 1, 0, 1)                                                                                  = 0
8617 [0x7f624e0356b7]     SYS_ioperm(235, 1, 1, 1)                                                                                 = 0
8617 [0x7f624e0356b7]     SYS_ioperm(235, 1, 0, 1)                                                                                 = 0
8617 [0x7f624e0356b7]     SYS_ioperm(47, 1, 1, 1)                                                                                  = 0
8617 [0x7f624e0356b7]     SYS_ioperm(47, 1, 0, 1)                                                                                  = 0
8617 [0x7f624e0356b7]     SYS_ioperm(235, 1, 1, 1)                                                                                 = 0
8617 [0x7f624e0356b7]     SYS_ioperm(235, 1, 0, 1)                                                                                 = 0
8617 [0x7f624e0356b7]     SYS_ioperm(46, 1, 1, 1)                                                                                  = 0
8617 [0x7f624e0356b7]     SYS_ioperm(46, 1, 0, 1)                                                                                  = 0
8617 [0x7f624e0356b7]     SYS_ioperm(235, 1, 1, 1)                                                                                 = 0
8617 [0x7f624e0356b7]     SYS_ioperm(235, 1, 0, 1)                                                                                 = 0
8617 [0x7f624e0356b7]     SYS_ioperm(47, 1, 1, 1)                                                                                  = 0
8617 [0x7f624e0356b7]     SYS_ioperm(47, 1, 0, 1)                                                                                  = 0
8617 [0x7f624e0356b7]     SYS_ioperm(235, 1, 1, 1)                                                                                 = 0
8617 [0x7f624e0356b7]     SYS_ioperm(235, 1, 0, 1)                                                                                 = 0
8617 [0x7f624e0356b7]     SYS_ioperm(1667, 1, 1, 1)                                                                                = 0
8617 [0x7f624e0356b7]     SYS_ioperm(1667, 1, 0, 1)                                                                                = 0
8617 [0x7f624e0356b7]     SYS_ioperm(1667, 1, 1, 1)                                                                                = 0
8617 [0x7f624e0356b7]     SYS_ioperm(1667, 1, 0, 1)                                                                                = 0
8617 [0x7f624e0356b7]     SYS_ioperm(235, 1, 1, 1)                                                                                 = 0
8617 [0x7f624e0356b7]     SYS_ioperm(235, 1, 0, 1)                                                                                 = 0
8617 [0x7f624c6420d1]     libgeneraldrv.so->Hw_Semaphore_Unlock(0x7fffcd613d60, 1, 0, -1)                                          = 0
8617 [0x7f624c6420dd]     libgeneraldrv.so->Hw_Semaphore_Release(0x7fffcd613d60, 128, 0, 0 <unfinished ...>
8617 [0x7f624e031757]       SYS_munmap(0x7f624eba7000, 32, 0, 1)                                                                   = 0
8617 [0x7f624c6420dd]     <... Hw_Semaphore_Release resumed> )                                                                     = 0
8617 [0x7f624e2f1b89]   <... It87_Set_Gpio resumed> )                                                                              = 0
8617 [0x4009e1] <... Hal_Led_Set_Mode resumed> )                                                                                   = 0
8617 [0x7f624df82932] libgeneral.so->Trace_Mem_Destroy()(0x7f624dc9ad40, 0, 0xe439dbfa96c2a202, 16)                                = 0
8617 [0x7f624e005468] SYS_exit_group(0, 60, 0, 0x7f624e2e8a48 <unfinished ...>
8617 [0xffffffffffffffff] +++ exited (status 0) +++
