8669 [0x7fef1ca588aa] SYS_brk(0, 0x7fef1ca5bfa0, 0, 895)                                                                           = 0x2179000
8669 [0x7fef1ca597e7] SYS_readlink(0x7ffff9433b7a, 0x7ffff94313f0, 4096, 0x756e694c00000000)                                       = -2
8669 [0x7fef1ca59677] SYS_open(0x7fef1ca5d1f3, 0, 0, 0x756e694c00000000)                                                           = 3
8669 [0x7fef1ca597a7] SYS_chdir(0x7fef1cc64ba8, 0, 0, 0x756e694c00000000)                                                          = -2
8669 [0x7fef1ca589d2] SYS_getcwd(0x7ffff94313f0, 4096, 0, 0x756e694c00000000)                                                      = 23
8669 [0x7fef1ca597c7] SYS_fchdir(3, 4096, 0, 0x756e694c00000000)                                                                   = 0
8669 [0x7fef1ca59787] SYS_close(3, 4096, 0, 0x756e694c00000000)                                                                    = 0
8669 [0x7fef1ca5980a] SYS_mmap(0, 4096, 3, 34)                                                                                     = 0x7fef1cc61000
8669 [0x7fef1ca596d7] SYS_access(0x7fef1ca5f700, 4, 0x7fef1cc64718, 0)                                                             = -2
8669 [0x7fef1ca59677] SYS_open(0x7fef1ca5d072, 0x80000, 1, 0)                                                                      = 3
8669 [0x7fef1ca59604] SYS_fstat(3, 0x7ffff9430bd0, 0x7ffff9430bd0, 0)                                                              = 0
8669 [0x7fef1ca5980a] SYS_mmap(0, 0x83b3, 1, 2)                                                                                    = 0x7fef1cc58000
8669 [0x7fef1ca59787] SYS_close(3, 0x83b3, 1, 2)                                                                                   = 0
8669 [0x7fef1ca59677] SYS_open(0x7fef1cc61640, 0x80000, 0, 56)                                                                     = 3
8669 [0x7fef1ca59697] SYS_read(3, 0x7ffff9430d58, 832, 56)                                                                         = 832
8669 [0x7fef1ca59604] SYS_fstat(3, 0x7ffff9430c30, 0x7ffff9430c30, 16)                                                             = 0
8669 [0x7fef1ca5980a] SYS_mmap(0, 0x278960, 5, 2050)                                                                               = 0x7fef1c7c9000
8669 [0x7fef1ca59857] SYS_mprotect(0x7fef1c83f000, 0x200000, 0, 2050)                                                              = 0
8669 [0x7fef1ca5980a] SYS_mmap(0x7fef1ca3f000, 0x3000, 3, 2066)                                                                    = 0x7fef1ca3f000
8669 [0x7fef1ca59787] SYS_close(3, 16, 0x7fef1ca3f3e0, 0x6ffffdff)                                                                 = 0
8669 [0x7fef1ca59677] SYS_open(0x7fef1cc61b10, 0x80000, 0, 0x6ffffdff)                                                             = 3
8669 [0x7fef1ca59697] SYS_read(3, 0x7ffff9430d28, 832, 0x6ffffdff)                                                                 = 832
8669 [0x7fef1ca59604] SYS_fstat(3, 0x7ffff9430c00, 0x7ffff9430c00, 16)                                                             = 0
8669 [0x7fef1ca5980a] SYS_mmap(0, 0x21bee0, 5, 2050)                                                                               = 0x7fef1c5ad000
8669 [0x7fef1ca59857] SYS_mprotect(0x7fef1c5c8000, 0x200000, 0, 2050)                                                              = 0
8669 [0x7fef1ca5980a] SYS_mmap(0x7fef1c7c8000, 4096, 3, 2066)                                                                      = 0x7fef1c7c8000
8669 [0x7fef1ca59787] SYS_close(3, 16, 0x7fef1c7c8208, 0x6ffffdff)                                                                 = 0
8669 [0x7fef1ca59677] SYS_open(0x7fef1cc61fe0, 0x80000, 0, 0x6ffffdff)                                                             = 3
8669 [0x7fef1ca59697] SYS_read(3, 0x7ffff9430cf8, 832, 0x6ffffdff)                                                                 = 832
8669 [0x7fef1ca59604] SYS_fstat(3, 0x7ffff9430bd0, 0x7ffff9430bd0, 16)                                                             = 0
8669 [0x7fef1ca5980a] SYS_mmap(0, 4096, 3, 34)                                                                                     = 0x7fef1cc57000
8669 [0x7fef1ca5980a] SYS_mmap(0, 0x209ad0, 5, 2050)                                                                               = 0x7fef1c3a3000
8669 [0x7fef1ca59857] SYS_mprotect(0x7fef1c3ad000, 0x1ff000, 0, 2050)                                                              = 0
8669 [0x7fef1ca5980a] SYS_mmap(0x7fef1c5ac000, 4096, 3, 2066)                                                                      = 0x7fef1c5ac000
8669 [0x7fef1ca59787] SYS_close(3, 16, 0x7fef1c5ac690, 0x6ffffdff)                                                                 = 0
8669 [0x7fef1ca59677] SYS_open(0x7fef1cc574b8, 0x80000, 0, 0x6ffffdff)                                                             = 3
8669 [0x7fef1ca59697] SYS_read(3, 0x7ffff9430cc8, 832, 0x6ffffdff)                                                                 = 832
8669 [0x7fef1ca59604] SYS_fstat(3, 0x7ffff9430ba0, 0x7ffff9430ba0, 32)                                                             = 0
8669 [0x7fef1ca5980a] SYS_mmap(0, 0x39dc40, 5, 2050)                                                                               = 0x7fef1c005000
8669 [0x7fef1ca59857] SYS_mprotect(0x7fef1c199000, 0x200000, 0, 2050)                                                              = 0
8669 [0x7fef1ca5980a] SYS_mmap(0x7fef1c399000, 0x6000, 3, 2066)                                                                    = 0x7fef1c399000
8669 [0x7fef1ca5980a] SYS_mmap(0x7fef1c39f000, 0x3c40, 3, 50)                                                                      = 0x7fef1c39f000
8669 [0x7fef1ca59787] SYS_close(3, 16, 0, 0x6ffffdff)                                                                              = 0
8669 [0x7fef1ca59677] SYS_open(0x7fef1cc57988, 0x80000, 0, 0x6ffffdff)                                                             = 3
8669 [0x7fef1ca59697] SYS_read(3, 0x7ffff9430b78, 832, 0x6ffffdff)                                                                 = 832
8669 [0x7fef1ca59604] SYS_fstat(3, 0x7ffff9430a50, 0x7ffff9430a50, 16)                                                             = 0
8669 [0x7fef1ca5980a] SYS_mmap(0, 0x2b09d0, 5, 2050)                                                                               = 0x7fef1bd54000
8669 [0x7fef1ca59857] SYS_mprotect(0x7fef1be03000, 0x1ff000, 0, 2050)                                                              = 0
8669 [0x7fef1ca5980a] SYS_mmap(0x7fef1c002000, 0x3000, 3, 2066)                                                                    = 0x7fef1c002000
8669 [0x7fef1ca59787] SYS_close(3, 16, 0x7fef1c0029a8, 0x6ffffdff)                                                                 = 0
8669 [0x7fef1ca59677] SYS_open(0x7fef1cc57e58, 0x80000, 0, 0x6ffffdff)                                                             = 3
8669 [0x7fef1ca59697] SYS_read(3, 0x7ffff9430b48, 832, 0x6ffffdff)                                                                 = 832
8669 [0x7fef1ca59604] SYS_fstat(3, 0x7ffff9430a20, 0x7ffff9430a20, 16)                                                             = 0
8669 [0x7fef1ca5980a] SYS_mmap(0, 4096, 3, 34)                                                                                     = 0x7fef1cc56000
8669 [0x7fef1ca5980a] SYS_mmap(0, 0x294ee0, 5, 2050)                                                                               = 0x7fef1babf000
8669 [0x7fef1ca59857] SYS_mprotect(0x7fef1bb51000, 0x1ff000, 0, 2050)                                                              = 0
8669 [0x7fef1ca5980a] SYS_mmap(0x7fef1bd50000, 0x3000, 3, 2066)                                                                    = 0x7fef1bd50000
8669 [0x7fef1ca5980a] SYS_mmap(0x7fef1bd53000, 3808, 3, 50)                                                                        = 0x7fef1bd53000
8669 [0x7fef1ca59787] SYS_close(3, 16, 0x7fef1bd50e30, 0x6ffffdff)                                                                 = 0
8669 [0x7fef1ca59677] SYS_open(0x7fef1cc564b8, 0x80000, 0, 0x6ffffdff)                                                             = 3
8669 [0x7fef1ca59697] SYS_read(3, 0x7ffff9430b18, 832, 0x6ffffdff)                                                                 = 832
8669 [0x7fef1ca59604] SYS_fstat(3, 0x7ffff94309f0, 0x7ffff94309f0, 16)                                                             = 0
8669 [0x7fef1ca5980a] SYS_mmap(0, 0x29d850, 5, 2050)                                                                               = 0x7fef1b821000
8669 [0x7fef1ca59857] SYS_mprotect(0x7fef1b8ba000, 0x200000, 0, 2050)                                                              = 0
8669 [0x7fef1ca5980a] SYS_mmap(0x7fef1baba000, 0x3000, 3, 2066)                                                                    = 0x7fef1baba000
8669 [0x7fef1ca5980a] SYS_mmap(0x7fef1babd000, 6224, 3, 50)                                                                        = 0x7fef1babd000
8669 [0x7fef1ca59787] SYS_close(3, 16, 0x7fef1babbcc8, 0x6ffffdff)                                                                 = 0
8669 [0x7fef1ca59677] SYS_open(0x7fef1cc569a0, 0x80000, 0, 0x6ffffdff)                                                             = 3
8669 [0x7fef1ca59697] SYS_read(3, 0x7ffff9430ae8, 832, 0x6ffffdff)                                                                 = 832
8669 [0x7fef1ca59604] SYS_fstat(3, 0x7ffff94309c0, 0x7ffff94309c0, 16)                                                             = 0
8669 [0x7fef1ca5980a] SYS_mmap(0, 0x2dbbb0, 5, 2050)                                                                               = 0x7fef1b545000
8669 [0x7fef1ca59857] SYS_mprotect(0x7fef1b603000, 0x200000, 0, 2050)                                                              = 0
8669 [0x7fef1ca5980a] SYS_mmap(0x7fef1b803000, 0xa000, 3, 2066)                                                                    = 0x7fef1b803000
8669 [0x7fef1ca5980a] SYS_mmap(0x7fef1b80d000, 0x13bb0, 3, 50)                                                                     = 0x7fef1b80d000
8669 [0x7fef1ca59787] SYS_close(3, 16, 0x7fef1b8094d8, 0x6ffffdff)                                                                 = 0
8669 [0x7fef1ca59677] SYS_open(0x7fef1cc56e70, 0x80000, 0, 0x6ffffdff)                                                             = 3
8669 [0x7fef1ca59697] SYS_read(3, 0x7ffff9430ab8, 832, 0x6ffffdff)                                                                 = 832
8669 [0x7fef1ca59604] SYS_fstat(3, 0x7ffff9430990, 0x7ffff9430990, 32)                                                             = 0
8669 [0x7fef1ca5980a] SYS_mmap(0, 4096, 3, 34)                                                                                     = 0x7fef1cc55000
8669 [0x7fef1ca5980a] SYS_mmap(0, 0x21c490, 5, 2050)                                                                               = 0x7fef1b328000
8669 [0x7fef1ca59857] SYS_mprotect(0x7fef1b340000, 0x1ff000, 0, 2050)                                                              = 0
8669 [0x7fef1ca5980a] SYS_mmap(0x7fef1b53f000, 8192, 3, 2066)                                                                      = 0x7fef1b53f000
8669 [0x7fef1ca5980a] SYS_mmap(0x7fef1b541000, 0x3490, 3, 50)                                                                      = 0x7fef1b541000
8669 [0x7fef1ca59787] SYS_close(3, 16, 0, 0x6ffffdff)                                                                              = 0
8669 [0x7fef1ca59677] SYS_open(0x7fef1cc554b8, 0x80000, 0, 0x6ffffdff)                                                             = 3
8669 [0x7fef1ca59697] SYS_read(3, 0x7ffff9430a88, 832, 0x6ffffdff)                                                                 = 832
8669 [0x7fef1ca59604] SYS_fstat(3, 0x7ffff9430960, 0x7ffff9430960, 32)                                                             = 0
8669 [0x7fef1ca5980a] SYS_mmap(0, 0x207bc0, 5, 2050)                                                                               = 0x7fef1b120000
8669 [0x7fef1ca59857] SYS_mprotect(0x7fef1b127000, 0x1ff000, 0, 2050)                                                              = 0
8669 [0x7fef1ca5980a] SYS_mmap(0x7fef1b326000, 8192, 3, 2066)                                                                      = 0x7fef1b326000
8669 [0x7fef1ca59787] SYS_close(3, 16, 0, 0x6ffffdff)                                                                              = 0
8669 [0x7fef1ca59677] SYS_open(0x7fef1cc55988, 0x80000, 0, 0x6ffffdff)                                                             = 3
8669 [0x7fef1ca59697] SYS_read(3, 0x7ffff9430a58, 832, 0x6ffffdff)                                                                 = 832
8669 [0x7fef1ca59604] SYS_fstat(3, 0x7ffff9430930, 0x7ffff9430930, 16)                                                             = 0
8669 [0x7fef1ca5980a] SYS_mmap(0, 0x202e20, 5, 2050)                                                                               = 0x7fef1af1d000
8669 [0x7fef1ca59857] SYS_mprotect(0x7fef1af20000, 0x1ff000, 0, 2050)                                                              = 0
8669 [0x7fef1ca5980a] SYS_mmap(0x7fef1b11f000, 4096, 3, 2066)                                                                      = 0x7fef1b11f000
8669 [0x7fef1ca59787] SYS_close(3, 16, 0x7fef1b11fc28, 0x6ffffdff)                                                                 = 0
8669 [0x7fef1ca59677] SYS_open(0x7fef1cc55e58, 0x80000, 0, 0x6ffffdff)                                                             = 3
8669 [0x7fef1ca59697] SYS_read(3, 0x7ffff9430a28, 832, 0x6ffffdff)                                                                 = 832
8669 [0x7fef1ca59604] SYS_fstat(3, 0x7ffff9430900, 0x7ffff9430900, 16)                                                             = 0
8669 [0x7fef1ca5980a] SYS_mmap(0, 4096, 3, 34)                                                                                     = 0x7fef1cc54000
8669 [0x7fef1ca5980a] SYS_mmap(0, 0x209850, 5, 2050)                                                                               = 0x7fef1ad13000
8669 [0x7fef1ca59857] SYS_mprotect(0x7fef1ad1d000, 0x1ff000, 0, 2050)                                                              = 0
8669 [0x7fef1ca5980a] SYS_mmap(0x7fef1af1c000, 4096, 3, 2066)                                                                      = 0x7fef1af1c000
8669 [0x7fef1ca59787] SYS_close(3, 16, 0x7fef1af1c618, 0x6ffffdff)                                                                 = 0
8669 [0x7fef1ca59677] SYS_open(0x7fef1cc544b8, 0x80000, 0, 0x6ffffdff)                                                             = 3
8669 [0x7fef1ca59697] SYS_read(3, 0x7ffff94309f8, 832, 0x6ffffdff)                                                                 = 832
8669 [0x7fef1ca59604] SYS_fstat(3, 0x7ffff94308d0, 0x7ffff94308d0, 16)                                                             = 0
8669 [0x7fef1ca5980a] SYS_mmap(0, 0x210868, 5, 2050)                                                                               = 0x7fef1ab02000
8669 [0x7fef1ca59857] SYS_mprotect(0x7fef1ab13000, 0x1ff000, 0, 2050)                                                              = 0
8669 [0x7fef1ca5980a] SYS_mmap(0x7fef1ad12000, 4096, 3, 2066)                                                                      = 0x7fef1ad12000
8669 [0x7fef1ca59787] SYS_close(3, 16, 0x7fef1ad12408, 0x6ffffdff)                                                                 = 0
8669 [0x7fef1ca59677] SYS_open(0x7fef1cc54a40, 0x80000, 0, 0x7fef1cc559a0)                                                         = 3
8669 [0x7fef1ca59697] SYS_read(3, 0x7ffff9430898, 832, 0x7fef1cc559a0)                                                             = 832
8669 [0x7fef1ca59604] SYS_fstat(3, 0x7ffff9430770, 0x7ffff9430770, 16)                                                             = 0
8669 [0x7fef1ca5980a] SYS_mmap(0, 0x2032c8, 5, 2050)                                                                               = 0x7fef1a8fe000
8669 [0x7fef1ca59857] SYS_mprotect(0x7fef1a901000, 0x200000, 0, 2050)                                                              = 0
8669 [0x7fef1ca5980a] SYS_mmap(0x7fef1ab01000, 4096, 3, 2066)                                                                      = 0x7fef1ab01000
8669 [0x7fef1ca59787] SYS_close(3, 16, 0x7fef1ab01188, 0x6ffffdff)                                                                 = 0
8669 [0x7fef1ca59677] SYS_open(0x7fef1cc54f28, 0x80000, 0, 0x6ffffdff)                                                             = 3
8669 [0x7fef1ca59697] SYS_read(3, 0x7ffff9430868, 832, 0x6ffffdff)                                                                 = 832
8669 [0x7fef1ca59604] SYS_fstat(3, 0x7ffff9430740, 0x7ffff9430740, 16)                                                             = 0
8669 [0x7fef1ca5980a] SYS_mmap(0, 4096, 3, 34)                                                                                     = 0x7fef1cc53000
8669 [0x7fef1ca5980a] SYS_mmap(0, 0x207820, 5, 2050)                                                                               = 0x7fef1a6f6000
8669 [0x7fef1ca59857] SYS_mprotect(0x7fef1a6fd000, 0x200000, 0, 2050)                                                              = 0
8669 [0x7fef1ca5980a] SYS_mmap(0x7fef1a8fd000, 4096, 3, 2066)                                                                      = 0x7fef1a8fd000
8669 [0x7fef1ca59787] SYS_close(3, 16, 0x7fef1a8fd188, 0x6ffffdff)                                                                 = 0
8669 [0x7fef1ca59677] SYS_open(0x7fef1cc534c8, 0x80000, 0, 0x6ffffdff)                                                             = 3
8669 [0x7fef1ca59697] SYS_read(3, 0x7ffff9430838, 832, 0x6ffffdff)                                                                 = 832
8669 [0x7fef1ca59604] SYS_fstat(3, 0x7ffff9430710, 0x7ffff9430710, 16)                                                             = 0
8669 [0x7fef1ca5980a] SYS_mmap(0, 0x201f30, 5, 2050)                                                                               = 0x7fef1a4f4000
8669 [0x7fef1ca59857] SYS_mprotect(0x7fef1a4f6000, 0x1ff000, 0, 2050)                                                              = 0
8669 [0x7fef1ca5980a] SYS_mmap(0x7fef1a6f5000, 4096, 3, 2066)                                                                      = 0x7fef1a6f5000
8669 [0x7fef1ca59787] SYS_close(3, 16, 0x7fef1a6f5e18, 0x6ffffdff)                                                                 = 0
8669 [0x7fef1ca59677] SYS_open(0x7fef1cc53a60, 0x80000, 0, 0x7fef1cc574d0)                                                         = 3
8669 [0x7fef1ca59697] SYS_read(3, 0x7ffff9430808, 832, 0x7fef1cc574d0)                                                             = 832
8669 [0x7fef1ca59604] SYS_fstat(3, 0x7ffff94306e0, 0x7ffff94306e0, 16)                                                             = 0
8669 [0x7fef1ca5980a] SYS_mmap(0, 0x2022e8, 5, 2050)                                                                               = 0x7fef1a2f1000
8669 [0x7fef1ca59857] SYS_mprotect(0x7fef1a2f3000, 0x200000, 0, 2050)                                                              = 0
8669 [0x7fef1ca5980a] SYS_mmap(0x7fef1a4f3000, 4096, 3, 2066)                                                                      = 0x7fef1a4f3000
8669 [0x7fef1ca59787] SYS_close(3, 16, 0x7fef1a4f3198, 0x6ffffdff)                                                                 = 0
8669 [0x7fef1ca59677] SYS_open(0x7fef1cc53f40, 0x80000, 0, 0x6ffffdff)                                                             = 3
8669 [0x7fef1ca59697] SYS_read(3, 0x7ffff94307d8, 832, 0x6ffffdff)                                                                 = 832
8669 [0x7fef1ca59604] SYS_fstat(3, 0x7ffff94306b0, 0x7ffff94306b0, 16)                                                             = 0
8669 [0x7fef1ca5980a] SYS_mmap(0, 4096, 3, 34)                                                                                     = 0x7fef1cc52000
8669 [0x7fef1ca5980a] SYS_mmap(0, 0x201f30, 5, 2050)                                                                               = 0x7fef1a0ef000
8669 [0x7fef1ca59857] SYS_mprotect(0x7fef1a0f1000, 0x1ff000, 0, 2050)                                                              = 0
8669 [0x7fef1ca5980a] SYS_mmap(0x7fef1a2f0000, 4096, 3, 2066)                                                                      = 0x7fef1a2f0000
8669 [0x7fef1ca59787] SYS_close(3, 16, 0x7fef1a2f0e18, 0x6ffffdff)                                                                 = 0
8669 [0x7fef1ca59677] SYS_open(0x7fef1cc524c0, 0x80000, 0, 0x6ffffdff)                                                             = 3
8669 [0x7fef1ca59697] SYS_read(3, 0x7ffff94307a8, 832, 0x6ffffdff)                                                                 = 832
8669 [0x7fef1ca59604] SYS_fstat(3, 0x7ffff9430680, 0x7ffff9430680, 16)                                                             = 0
8669 [0x7fef1ca5980a] SYS_mmap(0, 0x2038b8, 5, 2050)                                                                               = 0x7fef19eeb000
8669 [0x7fef1ca59857] SYS_mprotect(0x7fef19eef000, 0x1ff000, 0, 2050)                                                              = 0
8669 [0x7fef1ca5980a] SYS_mmap(0x7fef1a0ee000, 4096, 3, 2066)                                                                      = 0x7fef1a0ee000
8669 [0x7fef1ca59787] SYS_close(3, 16, 0x7fef1a0ee748, 0x6ffffdff)                                                                 = 0
8669 [0x7fef1ca59677] SYS_open(0x7fef1cc52a60, 0x80000, 0, 0x7fef1cc55000)                                                         = 3
8669 [0x7fef1ca59697] SYS_read(3, 0x7ffff9430748, 832, 0x7fef1cc55000)                                                             = 832
8669 [0x7fef1ca59604] SYS_fstat(3, 0x7ffff9430620, 0x7ffff9430620, 16)                                                             = 0
8669 [0x7fef1ca5980a] SYS_mmap(0, 0x210848, 5, 2050)                                                                               = 0x7fef19cda000
8669 [0x7fef1ca59857] SYS_mprotect(0x7fef19cea000, 0x1ff000, 0, 2050)                                                              = 0
8669 [0x7fef1ca5980a] SYS_mmap(0x7fef19ee9000, 8192, 3, 2066)                                                                      = 0x7fef19ee9000
8669 [0x7fef1ca59787] SYS_close(3, 16, 0x7fef19ee9d90, 0x6ffffdff)                                                                 = 0
8669 [0x7fef1ca59677] SYS_open(0x7fef1cc52f48, 0x80000, 0, 0x6ffffdff)                                                             = 3
8669 [0x7fef1ca59697] SYS_read(3, 0x7ffff9430718, 832, 0x6ffffdff)                                                                 = 832
8669 [0x7fef1ca59604] SYS_fstat(3, 0x7ffff94305f0, 0x7ffff94305f0, 16)                                                             = 0
8669 [0x7fef1ca5980a] SYS_mmap(0, 4096, 3, 34)                                                                                     = 0x7fef1cc51000
8669 [0x7fef1ca5980a] SYS_mmap(0, 0x20acf0, 5, 2050)                                                                               = 0x7fef19acf000
8669 [0x7fef1ca59857] SYS_mprotect(0x7fef19ada000, 0x1ff000, 0, 2050)                                                              = 0
8669 [0x7fef1ca5980a] SYS_mmap(0x7fef19cd9000, 4096, 3, 2066)                                                                      = 0x7fef19cd9000
8669 [0x7fef1ca59787] SYS_close(3, 16, 0x7fef19cd9750, 0x6ffffdff)                                                                 = 0
8669 [0x7fef1ca59677] SYS_open(0x7fef1cc51560, 0x80000, 0, 0x7fef1cc55000)                                                         = 3
8669 [0x7fef1ca59697] SYS_read(3, 0x7ffff94306e8, 832, 0x7fef1cc55000)                                                             = 832
8669 [0x7fef1ca59604] SYS_fstat(3, 0x7ffff94305c0, 0x7ffff94305c0, 32)                                                             = 0
8669 [0x7fef1ca5980a] SYS_mmap(0, 0x2361e0, 5, 2050)                                                                               = 0x7fef19898000
8669 [0x7fef1ca59857] SYS_mprotect(0x7fef198a0000, 0x1ff000, 0, 2050)                                                              = 0
8669 [0x7fef1ca5980a] SYS_mmap(0x7fef19a9f000, 8192, 3, 2066)                                                                      = 0x7fef19a9f000
8669 [0x7fef1ca5980a] SYS_mmap(0x7fef19aa1000, 0x2d1e0, 3, 50)                                                                     = 0x7fef19aa1000
8669 [0x7fef1ca59787] SYS_close(3, 16, 0, 0x6ffffdff)                                                                              = 0
8669 [0x7fef1ca59677] SYS_open(0x7fef1cc51a30, 0x80000, 0, 0x6ffffdff)                                                             = 3
8669 [0x7fef1ca59697] SYS_read(3, 0x7ffff94306b8, 832, 0x6ffffdff)                                                                 = 832
8669 [0x7fef1ca59604] SYS_fstat(3, 0x7ffff9430590, 0x7ffff9430590, 16)                                                             = 0
8669 [0x7fef1ca5980a] SYS_mmap(0, 0x43fe88, 5, 2050)                                                                               = 0x7fef19458000
8669 [0x7fef1ca59857] SYS_mprotect(0x7fef1966d000, 0x200000, 0, 2050)                                                              = 0
8669 [0x7fef1ca5980a] SYS_mmap(0x7fef1986d000, 0x27000, 3, 2066)                                                                   = 0x7fef1986d000
8669 [0x7fef1ca5980a] SYS_mmap(0x7fef19894000, 0x3e88, 3, 50)                                                                      = 0x7fef19894000
8669 [0x7fef1ca59857] SYS_mprotect(0x7ffff9432000, 4096, 0x1000007, 4)                                                             = 0
8669 [0x7fef1ca59787] SYS_close(3, 4096, 0x1000007, 4)                                                                             = 0
8669 [0x7fef1ca59677] SYS_open(0x7fef1cc51fb0, 0x80000, 0, 0x7fef1cc544d0)                                                         = 3
8669 [0x7fef1ca59697] SYS_read(3, 0x7ffff9430688, 832, 0x7fef1cc544d0)                                                             = 832
8669 [0x7fef1ca59604] SYS_fstat(3, 0x7ffff9430560, 0x7ffff9430560, 16)                                                             = 0
8669 [0x7fef1ca5980a] SYS_mmap(0, 4096, 3, 34)                                                                                     = 0x7fef1cc50000
8669 [0x7fef1ca5980a] SYS_mmap(0, 0x215730, 5, 2050)                                                                               = 0x7fef19242000
8669 [0x7fef1ca59857] SYS_mprotect(0x7fef19258000, 0x1ff000, 0, 2050)                                                              = 0
8669 [0x7fef1ca5980a] SYS_mmap(0x7fef19457000, 4096, 3, 2066)                                                                      = 0x7fef19457000
8669 [0x7fef1ca59787] SYS_close(3, 16, 0x7fef19457490, 0x6ffffdff)                                                                 = 0
8669 [0x7fef1ca59677] SYS_open(0x7fef1cc504f0, 0x80000, 0, 0x6ffffdff)                                                             = 3
8669 [0x7fef1ca59697] SYS_read(3, 0x7ffff9430658, 832, 0x6ffffdff)                                                                 = 832
8669 [0x7fef1ca59604] SYS_fstat(3, 0x7ffff9430530, 0x7ffff9430530, 32)                                                             = 0
8669 [0x7fef1ca5980a] SYS_mmap(0, 0x2fd148, 5, 2050)                                                                               = 0x7fef18f44000
8669 [0x7fef1ca59857] SYS_mprotect(0x7fef19041000, 0x1ff000, 0, 2050)                                                              = 0
8669 [0x7fef1ca5980a] SYS_mmap(0x7fef19240000, 8192, 3, 2066)                                                                      = 0x7fef19240000
8669 [0x7fef1ca59787] SYS_close(3, 16, 0, 0x6ffffdff)                                                                              = 0
8669 [0x7fef1ca59677] SYS_open(0x7ffff9430420, 0x80000, 0, 0x36782f39325f3130)                                                     = -2
8669 [0x7fef1ca595c5] SYS_stat(0x7ffff9430420, 0x7ffff9430500, 0x7ffff9430500, 0x36782f39325f3130)                                 = -2
8669 [0x7fef1ca59677] SYS_open(0x7ffff9430420, 0x80000, 0, 0x36782f39325f3130)                                                     = -2
8669 [0x7fef1ca595c5] SYS_stat(0x7ffff9430420, 0x7ffff9430500, 0x7ffff9430500, 0x36782f39325f3130)                                 = -2
8669 [0x7fef1ca59677] SYS_open(0x7ffff9430420, 0x80000, 0, 0x36782f39325f3130)                                                     = -2
8669 [0x7fef1ca595c5] SYS_stat(0x7ffff9430420, 0x7ffff9430500, 0x7ffff9430500, 0x36782f39325f3130)                                 = -2
8669 [0x7fef1ca59677] SYS_open(0x7ffff9430420, 0x80000, 0, 0x36782f39325f3130)                                                     = -2
8669 [0x7fef1ca595c5] SYS_stat(0x7ffff9430420, 0x7ffff9430500, 0x7ffff9430500, 0x36782f39325f3130)                                 = -2
8669 [0x7fef1ca59677] SYS_open(0x7fef1cc50dd0, 0x80000, 0, 0x36782f39325f3130)                                                     = 3
8669 [0x7fef1ca59697] SYS_read(3, 0x7ffff9430628, 832, 0x36782f39325f3130)                                                         = 832
8669 [0x7fef1ca59604] SYS_fstat(3, 0x7ffff9430500, 0x7ffff9430500, 16)                                                             = 0
8669 [0x7fef1ca5980a] SYS_mmap(0, 4096, 3, 34)                                                                                     = 0x7fef1cc4f000
8669 [0x7fef1ca5980a] SYS_mmap(0, 0x2f8980, 5, 2050)                                                                               = 0x7fef18c4b000
8669 [0x7fef1ca59857] SYS_mprotect(0x7fef18d42000, 0x200000, 0, 2050)                                                              = 0
8669 [0x7fef1ca5980a] SYS_mmap(0x7fef18f42000, 8192, 3, 2066)                                                                      = 0x7fef18f42000
8669 [0x7fef1ca59787] SYS_close(3, 16, 0x7fef18f423a0, 0x6ffffdff)                                                                 = 0
8669 [0x7fef1ca59677] SYS_open(0x7fef1cc4f4c8, 0x80000, 0, 0x6ffffdff)                                                             = 3
8669 [0x7fef1ca59697] SYS_read(3, 0x7ffff94305f8, 832, 0x6ffffdff)                                                                 = 832
8669 [0x7fef1ca59604] SYS_fstat(3, 0x7ffff94304d0, 0x7ffff94304d0, 16)                                                             = 0
8669 [0x7fef1ca5980a] SYS_mmap(0, 0x2fc9d8, 5, 2050)                                                                               = 0x7fef1894e000
8669 [0x7fef1ca59857] SYS_mprotect(0x7fef18a49000, 0x200000, 0, 2050)                                                              = 0
8669 [0x7fef1ca5980a] SYS_mmap(0x7fef18c49000, 8192, 3, 2066)                                                                      = 0x7fef18c49000
8669 [0x7fef1ca59787] SYS_close(3, 16, 0x7fef18c4a828, 0x6ffffdff)                                                                 = 0
8669 [0x7fef1ca59677] SYS_open(0x7fef1cc4f998, 0x80000, 0, 0x6ffffdff)                                                             = 3
8669 [0x7fef1ca59697] SYS_read(3, 0x7ffff94305c8, 832, 0x6ffffdff)                                                                 = 832
8669 [0x7fef1ca59604] SYS_fstat(3, 0x7ffff94304a0, 0x7ffff94304a0, 16)                                                             = 0
8669 [0x7fef1ca5980a] SYS_mmap(0, 0x242830, 5, 2050)                                                                               = 0x7fef1870b000
8669 [0x7fef1ca59857] SYS_mprotect(0x7fef1874e000, 0x1ff000, 0, 2050)                                                              = 0
8669 [0x7fef1ca5980a] SYS_mmap(0x7fef1894d000, 4096, 3, 2066)                                                                      = 0x7fef1894d000
8669 [0x7fef1ca59787] SYS_close(3, 16, 0x7fef1894d630, 0x6ffffdff)                                                                 = 0
8669 [0x7fef1ca59677] SYS_open(0x7fef1cc4ff70, 0x80000, 0, 0x7fef1cc569b8)                                                         = 3
8669 [0x7fef1ca59697] SYS_read(3, 0x7ffff9430598, 832, 0x7fef1cc569b8)                                                             = 832
8669 [0x7fef1ca59604] SYS_fstat(3, 0x7ffff9430470, 0x7ffff9430470, 32)                                                             = 0
8669 [0x7fef1ca5980a] SYS_mmap(0, 4096, 3, 34)                                                                                     = 0x7fef1cc4e000
8669 [0x7fef1ca5980a] SYS_mmap(0, 0x203118, 5, 2050)                                                                               = 0x7fef18507000
8669 [0x7fef1ca59857] SYS_mprotect(0x7fef18509000, 0x200000, 0, 2050)                                                              = 0
8669 [0x7fef1ca5980a] SYS_mmap(0x7fef18709000, 8192, 3, 2066)                                                                      = 0x7fef18709000
8669 [0x7fef1ca59787] SYS_close(3, 16, 0x7fef18709f40, 0x6ffffdff)                                                                 = 0
8669 [0x7fef1ca5980a] SYS_mmap(0, 4096, 3, 34)                                                                                     = 0x7fef1cc4d000
8669 [0x7fef1ca5980a] SYS_mmap(0, 4096, 3, 34)                                                                                     = 0x7fef1cc4c000
8669 [0x7fef1ca5980a] SYS_mmap(0, 8192, 3, 34)                                                                                     = 0x7fef1cc4a000
8669 [0x7fef1ca43044] SYS_arch_prctl(4098, 0x7fef1cc4a780, 0x7fef1cc4b080, 34)                                                     = 0
8669 [0x7fef1ca59857] SYS_mprotect(0x7fef1c399000, 0x4000, 1, 1)                                                                   = 0
8669 [0x7fef1ca59857] SYS_mprotect(0x7fef18709000, 4096, 1, 0x7fef18507c68)                                                        = 0
8669 [0x7fef1ca59857] SYS_mprotect(0x7fef1b53f000, 4096, 1, 0x7fef1b32d500)                                                        = 0
8669 [0x7fef1ca59857] SYS_mprotect(0x7fef19240000, 4096, 1, 1)                                                                     = 0
8669 [0x7fef1ca59857] SYS_mprotect(0x7fef19a9f000, 4096, 1, 0x7fef19898a00)                                                        = 0
8669 [0x7fef1ca59857] SYS_mprotect(0x7fef1b803000, 0x7000, 1, 0x7fef1b59d810)                                                      = 0
8669 [0x7fef1ca59857] SYS_mprotect(0x7fef1b326000, 4096, 1, 0x7fef1b121d58)                                                        = 0
8669 [0x7fef1ca59857] SYS_mprotect(0x7fef1cc62000, 4096, 1, 0)                                                                     = 0
8669 [0x7fef1ca59837] SYS_munmap(0x7fef1cc58000, 0x83b3, 0x7a700, 0)                                                               = 0
8669 [0x7fef1b32ee92] SYS_set_tid_address(0x7fef1cc4aa50, 0x7ffff9432588, 0x7fef1cc4a780, 0)                                       = 8669
8669 [0x7fef1b32eefa] SYS_set_robust_list(0x7fef1cc4aa60, 24, 0x7fef1cc4a780, 0)                                                   = 0
8669 [0x7fef1b338cf5] SYS_rt_sigaction(32, 0x7ffff94322d8, 0, 8)                                                                   = 0
8669 [0x7fef1b338cf5] SYS_rt_sigaction(33, 0x7ffff94322d8, 0, 8)                                                                   = 0
8669 [0x7fef1b32efd6] SYS_rt_sigprocmask(1, 0x7ffff9432428, 0, 8)                                                                  = 0
8669 [0x7fef1c0e5b17] SYS_getrlimit(3, 0x7ffff94324c0, 63, 1)                                                                      = 0
8669 [0x7fef1b32eb95] SYS_futex(0x7fef1b80d7e0, 129, 0x7fffffff, 0)                                                                = 0
8669 [0x4009e1] ledctrl->Hal_Led_Set_Mode(6, 5, 0x7fef1c153c60, 0 <unfinished ...>
8669 [0x7fef1c3a9575]   libnhal.so->Hal_Lookup_Hardware_Info(0x7ffff94322b0, 5, 0x7fef1c153c60, 0 <unfinished ...>
8669 [0x7fef1c0e0557]     SYS_statfs(0x7fef1b33b1e8, 0x7ffff94320a0, 0x7fef1b544310, 1)                                            = 0
8669 [0x7fef1b32eb95]     SYS_futex(0x7fef1b544310, 129, 0x7fffffff, 0)                                                            = 0
8669 [0x7fef1c0e07e0]     SYS_open(0x7ffff94321b0, 0xa0002, 484, 1)                                                                = 3
8669 [0x7fef1c0e972a]     SYS_mmap(0, 220, 3, 1)                                                                                   = 0x7fef1cc60000
8669 [0x7fef1c0e1070]     SYS_close(3, 220, 3, 1)                                                                                  = 0
8669 [0x7fef1c3a87f0]     libnhal.so->Hw_Semaphore_Init(0x7ffff9432260, 0x7fef1c3ab287, 1, -1 <unfinished ...>
8669 [0x7fef1c0e0405]       SYS_lstat(0x7ffff9432110, 0x7ffff9432020, 0x7ffff9432020, 0)                                           = -2
8669 [0x7fef1b338510]       SYS_open(0x7ffff9432110, 194, 600, 0)                                                                  = 3
8669 [0x7fef1b337da0]       SYS_write(3, 0x7ffff9432190, 32, 0)                                                                    = 32
8669 [0x7fef1c0e972a]       SYS_mmap(0, 32, 3, 1)                                                                                  = 0x7fef1cc5f000
8669 [0x7fef1c0e21a7]       SYS_link(0x7ffff9432110, 0x7ffff9432140, 3, 1)                                                         = -17
8669 [0x7fef1c0e9757]       SYS_munmap(0x7fef1cc5f000, 32, 3, 1)                                                                   = 0
8669 [0x7fef1c0e22c7]       SYS_unlink(0x7ffff9432110, 32, 3, 1)                                                                   = 0
8669 [0x7fef1b337e60]       SYS_close(3, 32, 3, 1)                                                                                 = 0
8669 [0x7fef1b338510]       SYS_open(0x7ffff9432140, 0x20002, 18, 1)                                                               = 3
8669 [0x7fef1c0e03b4]       SYS_fstat(3, 0x7ffff9432070, 0x7ffff9432070, 1)                                                        = 0
8669 [0x7fef1c0e5f5a]       SYS_brk(0, 0x7fef1c39d640, 0, -4096)                                                                   = 0x2179000
8669 [0x7fef1c0e5f5a]       SYS_brk(0x219a000, 0x2179000, 0x219a000, -4096)                                                        = 0x219a000
8669 [0x7fef1c0e972a]       SYS_mmap(0, 32, 3, 1)                                                                                  = 0x7fef1cc5f000
8669 [0x7fef1b337e60]       SYS_close(3, 32, 0, 3)                                                                                 = 0
8669 [0x7fef1c3a87f0]     <... Hw_Semaphore_Init resumed> )                                                                        = 17
8669 [0x7fef1c3a8800]     libnhal.so->Hw_Semaphore_Lock(0x7ffff9432260, 32, 0x7fef1cc5f000, -1)                                    = 0
8669 [0x7fef1c3a8918]     libnhal.so->Hw_Semaphore_Unlock(0x7ffff9432260, 2, 0x7fef1cc60000, 0)                                    = 0
8669 [0x7fef1c3a8924]     libnhal.so->Hw_Semaphore_Release(0x7ffff9432260, 128, 0, 0 <unfinished ...>
8669 [0x7fef1c0e9757]       SYS_munmap(0x7fef1cc5f000, 32, 0, 1)                                                                   = 0
8669 [0x7fef1c3a8924]     <... Hw_Semaphore_Release resumed> )                                                                     = 0
8669 [0x7fef1c3a9575]   <... Hal_Lookup_Hardware_Info resumed> )                                                                   = 0
8669 [0x4009e1] <... Hal_Led_Set_Mode resumed> )                                                                                   = 0xffffffea
8669 [0x7fef1c03a932] libgeneral.so->Trace_Mem_Destroy()(0x7fef1bd52d40, 0, 0x6485f76f9926ce3b, 16)                                = 0
8669 [0x7fef1c0bd468] SYS_exit_group(-22, 60, -22, 0x7fef1c3a0a48 <unfinished ...>
8669 [0xffffffffffffffff] +++ exited (status 234) +++
