8667 [0x7ff7abc888aa] SYS_brk(0, 0x7ff7abc8bfa0, 0, 895)                                                                           = 0x219d000
8667 [0x7ff7abc897e7] SYS_readlink(0x7fffa8d9bb7a, 0x7fffa8d98ab0, 4096, 0x756e694c00000000)                                       = -2
8667 [0x7ff7abc89677] SYS_open(0x7ff7abc8d1f3, 0, 0, 0x756e694c00000000)                                                           = 3
8667 [0x7ff7abc897a7] SYS_chdir(0x7ff7abe94ba8, 0, 0, 0x756e694c00000000)                                                          = -2
8667 [0x7ff7abc889d2] SYS_getcwd(0x7fffa8d98ab0, 4096, 0, 0x756e694c00000000)                                                      = 23
8667 [0x7ff7abc897c7] SYS_fchdir(3, 4096, 0, 0x756e694c00000000)                                                                   = 0
8667 [0x7ff7abc89787] SYS_close(3, 4096, 0, 0x756e694c00000000)                                                                    = 0
8667 [0x7ff7abc8980a] SYS_mmap(0, 4096, 3, 34)                                                                                     = 0x7ff7abe91000
8667 [0x7ff7abc896d7] SYS_access(0x7ff7abc8f700, 4, 0x7ff7abe94718, 0)                                                             = -2
8667 [0x7ff7abc89677] SYS_open(0x7ff7abc8d072, 0x80000, 1, 0)                                                                      = 3
8667 [0x7ff7abc89604] SYS_fstat(3, 0x7fffa8d98290, 0x7fffa8d98290, 0)                                                              = 0
8667 [0x7ff7abc8980a] SYS_mmap(0, 0x83b3, 1, 2)                                                                                    = 0x7ff7abe88000
8667 [0x7ff7abc89787] SYS_close(3, 0x83b3, 1, 2)                                                                                   = 0
8667 [0x7ff7abc89677] SYS_open(0x7ff7abe91640, 0x80000, 0, 56)                                                                     = 3
8667 [0x7ff7abc89697] SYS_read(3, 0x7fffa8d98418, 832, 56)                                                                         = 832
8667 [0x7ff7abc89604] SYS_fstat(3, 0x7fffa8d982f0, 0x7fffa8d982f0, 16)                                                             = 0
8667 [0x7ff7abc8980a] SYS_mmap(0, 0x278960, 5, 2050)                                                                               = 0x7ff7ab9f9000
8667 [0x7ff7abc89857] SYS_mprotect(0x7ff7aba6f000, 0x200000, 0, 2050)                                                              = 0
8667 [0x7ff7abc8980a] SYS_mmap(0x7ff7abc6f000, 0x3000, 3, 2066)                                                                    = 0x7ff7abc6f000
8667 [0x7ff7abc89787] SYS_close(3, 16, 0x7ff7abc6f3e0, 0x6ffffdff)                                                                 = 0
8667 [0x7ff7abc89677] SYS_open(0x7ff7abe91b10, 0x80000, 0, 0x6ffffdff)                                                             = 3
8667 [0x7ff7abc89697] SYS_read(3, 0x7fffa8d983e8, 832, 0x6ffffdff)                                                                 = 832
8667 [0x7ff7abc89604] SYS_fstat(3, 0x7fffa8d982c0, 0x7fffa8d982c0, 16)                                                             = 0
8667 [0x7ff7abc8980a] SYS_mmap(0, 0x21bee0, 5, 2050)                                                                               = 0x7ff7ab7dd000
8667 [0x7ff7abc89857] SYS_mprotect(0x7ff7ab7f8000, 0x200000, 0, 2050)                                                              = 0
8667 [0x7ff7abc8980a] SYS_mmap(0x7ff7ab9f8000, 4096, 3, 2066)                                                                      = 0x7ff7ab9f8000
8667 [0x7ff7abc89787] SYS_close(3, 16, 0x7ff7ab9f8208, 0x6ffffdff)                                                                 = 0
8667 [0x7ff7abc89677] SYS_open(0x7ff7abe91fe0, 0x80000, 0, 0x6ffffdff)                                                             = 3
8667 [0x7ff7abc89697] SYS_read(3, 0x7fffa8d983b8, 832, 0x6ffffdff)                                                                 = 832
8667 [0x7ff7abc89604] SYS_fstat(3, 0x7fffa8d98290, 0x7fffa8d98290, 16)                                                             = 0
8667 [0x7ff7abc8980a] SYS_mmap(0, 4096, 3, 34)                                                                                     = 0x7ff7abe87000
8667 [0x7ff7abc8980a] SYS_mmap(0, 0x209ad0, 5, 2050)                                                                               = 0x7ff7ab5d3000
8667 [0x7ff7abc89857] SYS_mprotect(0x7ff7ab5dd000, 0x1ff000, 0, 2050)                                                              = 0
8667 [0x7ff7abc8980a] SYS_mmap(0x7ff7ab7dc000, 4096, 3, 2066)                                                                      = 0x7ff7ab7dc000
8667 [0x7ff7abc89787] SYS_close(3, 16, 0x7ff7ab7dc690, 0x6ffffdff)                                                                 = 0
8667 [0x7ff7abc89677] SYS_open(0x7ff7abe874b8, 0x80000, 0, 0x6ffffdff)                                                             = 3
8667 [0x7ff7abc89697] SYS_read(3, 0x7fffa8d98388, 832, 0x6ffffdff)                                                                 = 832
8667 [0x7ff7abc89604] SYS_fstat(3, 0x7fffa8d98260, 0x7fffa8d98260, 32)                                                             = 0
8667 [0x7ff7abc8980a] SYS_mmap(0, 0x39dc40, 5, 2050)                                                                               = 0x7ff7ab235000
8667 [0x7ff7abc89857] SYS_mprotect(0x7ff7ab3c9000, 0x200000, 0, 2050)                                                              = 0
8667 [0x7ff7abc8980a] SYS_mmap(0x7ff7ab5c9000, 0x6000, 3, 2066)                                                                    = 0x7ff7ab5c9000
8667 [0x7ff7abc8980a] SYS_mmap(0x7ff7ab5cf000, 0x3c40, 3, 50)                                                                      = 0x7ff7ab5cf000
8667 [0x7ff7abc89787] SYS_close(3, 16, 0, 0x6ffffdff)                                                                              = 0
8667 [0x7ff7abc89677] SYS_open(0x7ff7abe87988, 0x80000, 0, 0x6ffffdff)                                                             = 3
8667 [0x7ff7abc89697] SYS_read(3, 0x7fffa8d98238, 832, 0x6ffffdff)                                                                 = 832
8667 [0x7ff7abc89604] SYS_fstat(3, 0x7fffa8d98110, 0x7fffa8d98110, 16)                                                             = 0
8667 [0x7ff7abc8980a] SYS_mmap(0, 0x2b09d0, 5, 2050)                                                                               = 0x7ff7aaf84000
8667 [0x7ff7abc89857] SYS_mprotect(0x7ff7ab033000, 0x1ff000, 0, 2050)                                                              = 0
8667 [0x7ff7abc8980a] SYS_mmap(0x7ff7ab232000, 0x3000, 3, 2066)                                                                    = 0x7ff7ab232000
8667 [0x7ff7abc89787] SYS_close(3, 16, 0x7ff7ab2329a8, 0x6ffffdff)                                                                 = 0
8667 [0x7ff7abc89677] SYS_open(0x7ff7abe87e58, 0x80000, 0, 0x6ffffdff)                                                             = 3
8667 [0x7ff7abc89697] SYS_read(3, 0x7fffa8d98208, 832, 0x6ffffdff)                                                                 = 832
8667 [0x7ff7abc89604] SYS_fstat(3, 0x7fffa8d980e0, 0x7fffa8d980e0, 16)                                                             = 0
8667 [0x7ff7abc8980a] SYS_mmap(0, 4096, 3, 34)                                                                                     = 0x7ff7abe86000
8667 [0x7ff7abc8980a] SYS_mmap(0, 0x294ee0, 5, 2050)                                                                               = 0x7ff7aacef000
8667 [0x7ff7abc89857] SYS_mprotect(0x7ff7aad81000, 0x1ff000, 0, 2050)                                                              = 0
8667 [0x7ff7abc8980a] SYS_mmap(0x7ff7aaf80000, 0x3000, 3, 2066)                                                                    = 0x7ff7aaf80000
8667 [0x7ff7abc8980a] SYS_mmap(0x7ff7aaf83000, 3808, 3, 50)                                                                        = 0x7ff7aaf83000
8667 [0x7ff7abc89787] SYS_close(3, 16, 0x7ff7aaf80e30, 0x6ffffdff)                                                                 = 0
8667 [0x7ff7abc89677] SYS_open(0x7ff7abe864b8, 0x80000, 0, 0x6ffffdff)                                                             = 3
8667 [0x7ff7abc89697] SYS_read(3, 0x7fffa8d981d8, 832, 0x6ffffdff)                                                                 = 832
8667 [0x7ff7abc89604] SYS_fstat(3, 0x7fffa8d980b0, 0x7fffa8d980b0, 16)                                                             = 0
8667 [0x7ff7abc8980a] SYS_mmap(0, 0x29d850, 5, 2050)                                                                               = 0x7ff7aaa51000
8667 [0x7ff7abc89857] SYS_mprotect(0x7ff7aaaea000, 0x200000, 0, 2050)                                                              = 0
8667 [0x7ff7abc8980a] SYS_mmap(0x7ff7aacea000, 0x3000, 3, 2066)                                                                    = 0x7ff7aacea000
8667 [0x7ff7abc8980a] SYS_mmap(0x7ff7aaced000, 6224, 3, 50)                                                                        = 0x7ff7aaced000
8667 [0x7ff7abc89787] SYS_close(3, 16, 0x7ff7aacebcc8, 0x6ffffdff)                                                                 = 0
8667 [0x7ff7abc89677] SYS_open(0x7ff7abe869a0, 0x80000, 0, 0x6ffffdff)                                                             = 3
8667 [0x7ff7abc89697] SYS_read(3, 0x7fffa8d981a8, 832, 0x6ffffdff)                                                                 = 832
8667 [0x7ff7abc89604] SYS_fstat(3, 0x7fffa8d98080, 0x7fffa8d98080, 16)                                                             = 0
8667 [0x7ff7abc8980a] SYS_mmap(0, 0x2dbbb0, 5, 2050)                                                                               = 0x7ff7aa775000
8667 [0x7ff7abc89857] SYS_mprotect(0x7ff7aa833000, 0x200000, 0, 2050)                                                              = 0
8667 [0x7ff7abc8980a] SYS_mmap(0x7ff7aaa33000, 0xa000, 3, 2066)                                                                    = 0x7ff7aaa33000
8667 [0x7ff7abc8980a] SYS_mmap(0x7ff7aaa3d000, 0x13bb0, 3, 50)                                                                     = 0x7ff7aaa3d000
8667 [0x7ff7abc89787] SYS_close(3, 16, 0x7ff7aaa394d8, 0x6ffffdff)                                                                 = 0
8667 [0x7ff7abc89677] SYS_open(0x7ff7abe86e70, 0x80000, 0, 0x6ffffdff)                                                             = 3
8667 [0x7ff7abc89697] SYS_read(3, 0x7fffa8d98178, 832, 0x6ffffdff)                                                                 = 832
8667 [0x7ff7abc89604] SYS_fstat(3, 0x7fffa8d98050, 0x7fffa8d98050, 32)                                                             = 0
8667 [0x7ff7abc8980a] SYS_mmap(0, 4096, 3, 34)                                                                                     = 0x7ff7abe85000
8667 [0x7ff7abc8980a] SYS_mmap(0, 0x21c490, 5, 2050)                                                                               = 0x7ff7aa558000
8667 [0x7ff7abc89857] SYS_mprotect(0x7ff7aa570000, 0x1ff000, 0, 2050)                                                              = 0
8667 [0x7ff7abc8980a] SYS_mmap(0x7ff7aa76f000, 8192, 3, 2066)                                                                      = 0x7ff7aa76f000
8667 [0x7ff7abc8980a] SYS_mmap(0x7ff7aa771000, 0x3490, 3, 50)                                                                      = 0x7ff7aa771000
8667 [0x7ff7abc89787] SYS_close(3, 16, 0, 0x6ffffdff)                                                                              = 0
8667 [0x7ff7abc89677] SYS_open(0x7ff7abe854b8, 0x80000, 0, 0x6ffffdff)                                                             = 3
8667 [0x7ff7abc89697] SYS_read(3, 0x7fffa8d98148, 832, 0x6ffffdff)                                                                 = 832
8667 [0x7ff7abc89604] SYS_fstat(3, 0x7fffa8d98020, 0x7fffa8d98020, 32)                                                             = 0
8667 [0x7ff7abc8980a] SYS_mmap(0, 0x207bc0, 5, 2050)                                                                               = 0x7ff7aa350000
8667 [0x7ff7abc89857] SYS_mprotect(0x7ff7aa357000, 0x1ff000, 0, 2050)                                                              = 0
8667 [0x7ff7abc8980a] SYS_mmap(0x7ff7aa556000, 8192, 3, 2066)                                                                      = 0x7ff7aa556000
8667 [0x7ff7abc89787] SYS_close(3, 16, 0, 0x6ffffdff)                                                                              = 0
8667 [0x7ff7abc89677] SYS_open(0x7ff7abe85988, 0x80000, 0, 0x6ffffdff)                                                             = 3
8667 [0x7ff7abc89697] SYS_read(3, 0x7fffa8d98118, 832, 0x6ffffdff)                                                                 = 832
8667 [0x7ff7abc89604] SYS_fstat(3, 0x7fffa8d97ff0, 0x7fffa8d97ff0, 16)                                                             = 0
8667 [0x7ff7abc8980a] SYS_mmap(0, 0x202e20, 5, 2050)                                                                               = 0x7ff7aa14d000
8667 [0x7ff7abc89857] SYS_mprotect(0x7ff7aa150000, 0x1ff000, 0, 2050)                                                              = 0
8667 [0x7ff7abc8980a] SYS_mmap(0x7ff7aa34f000, 4096, 3, 2066)                                                                      = 0x7ff7aa34f000
8667 [0x7ff7abc89787] SYS_close(3, 16, 0x7ff7aa34fc28, 0x6ffffdff)                                                                 = 0
8667 [0x7ff7abc89677] SYS_open(0x7ff7abe85e58, 0x80000, 0, 0x6ffffdff)                                                             = 3
8667 [0x7ff7abc89697] SYS_read(3, 0x7fffa8d980e8, 832, 0x6ffffdff)                                                                 = 832
8667 [0x7ff7abc89604] SYS_fstat(3, 0x7fffa8d97fc0, 0x7fffa8d97fc0, 16)                                                             = 0
8667 [0x7ff7abc8980a] SYS_mmap(0, 4096, 3, 34)                                                                                     = 0x7ff7abe84000
8667 [0x7ff7abc8980a] SYS_mmap(0, 0x209850, 5, 2050)                                                                               = 0x7ff7a9f43000
8667 [0x7ff7abc89857] SYS_mprotect(0x7ff7a9f4d000, 0x1ff000, 0, 2050)                                                              = 0
8667 [0x7ff7abc8980a] SYS_mmap(0x7ff7aa14c000, 4096, 3, 2066)                                                                      = 0x7ff7aa14c000
8667 [0x7ff7abc89787] SYS_close(3, 16, 0x7ff7aa14c618, 0x6ffffdff)                                                                 = 0
8667 [0x7ff7abc89677] SYS_open(0x7ff7abe844b8, 0x80000, 0, 0x6ffffdff)                                                             = 3
8667 [0x7ff7abc89697] SYS_read(3, 0x7fffa8d980b8, 832, 0x6ffffdff)                                                                 = 832
8667 [0x7ff7abc89604] SYS_fstat(3, 0x7fffa8d97f90, 0x7fffa8d97f90, 16)                                                             = 0
8667 [0x7ff7abc8980a] SYS_mmap(0, 0x210868, 5, 2050)                                                                               = 0x7ff7a9d32000
8667 [0x7ff7abc89857] SYS_mprotect(0x7ff7a9d43000, 0x1ff000, 0, 2050)                                                              = 0
8667 [0x7ff7abc8980a] SYS_mmap(0x7ff7a9f42000, 4096, 3, 2066)                                                                      = 0x7ff7a9f42000
8667 [0x7ff7abc89787] SYS_close(3, 16, 0x7ff7a9f42408, 0x6ffffdff)                                                                 = 0
8667 [0x7ff7abc89677] SYS_open(0x7ff7abe84a40, 0x80000, 0, 0x7ff7abe859a0)                                                         = 3
8667 [0x7ff7abc89697] SYS_read(3, 0x7fffa8d97f58, 832, 0x7ff7abe859a0)                                                             = 832
8667 [0x7ff7abc89604] SYS_fstat(3, 0x7fffa8d97e30, 0x7fffa8d97e30, 16)                                                             = 0
8667 [0x7ff7abc8980a] SYS_mmap(0, 0x2032c8, 5, 2050)                                                                               = 0x7ff7a9b2e000
8667 [0x7ff7abc89857] SYS_mprotect(0x7ff7a9b31000, 0x200000, 0, 2050)                                                              = 0
8667 [0x7ff7abc8980a] SYS_mmap(0x7ff7a9d31000, 4096, 3, 2066)                                                                      = 0x7ff7a9d31000
8667 [0x7ff7abc89787] SYS_close(3, 16, 0x7ff7a9d31188, 0x6ffffdff)                                                                 = 0
8667 [0x7ff7abc89677] SYS_open(0x7ff7abe84f28, 0x80000, 0, 0x6ffffdff)                                                             = 3
8667 [0x7ff7abc89697] SYS_read(3, 0x7fffa8d97f28, 832, 0x6ffffdff)                                                                 = 832
8667 [0x7ff7abc89604] SYS_fstat(3, 0x7fffa8d97e00, 0x7fffa8d97e00, 16)                                                             = 0
8667 [0x7ff7abc8980a] SYS_mmap(0, 4096, 3, 34)                                                                                     = 0x7ff7abe83000
8667 [0x7ff7abc8980a] SYS_mmap(0, 0x207820, 5, 2050)                                                                               = 0x7ff7a9926000
8667 [0x7ff7abc89857] SYS_mprotect(0x7ff7a992d000, 0x200000, 0, 2050)                                                              = 0
8667 [0x7ff7abc8980a] SYS_mmap(0x7ff7a9b2d000, 4096, 3, 2066)                                                                      = 0x7ff7a9b2d000
8667 [0x7ff7abc89787] SYS_close(3, 16, 0x7ff7a9b2d188, 0x6ffffdff)                                                                 = 0
8667 [0x7ff7abc89677] SYS_open(0x7ff7abe834c8, 0x80000, 0, 0x6ffffdff)                                                             = 3
8667 [0x7ff7abc89697] SYS_read(3, 0x7fffa8d97ef8, 832, 0x6ffffdff)                                                                 = 832
8667 [0x7ff7abc89604] SYS_fstat(3, 0x7fffa8d97dd0, 0x7fffa8d97dd0, 16)                                                             = 0
8667 [0x7ff7abc8980a] SYS_mmap(0, 0x201f30, 5, 2050)                                                                               = 0x7ff7a9724000
8667 [0x7ff7abc89857] SYS_mprotect(0x7ff7a9726000, 0x1ff000, 0, 2050)                                                              = 0
8667 [0x7ff7abc8980a] SYS_mmap(0x7ff7a9925000, 4096, 3, 2066)                                                                      = 0x7ff7a9925000
8667 [0x7ff7abc89787] SYS_close(3, 16, 0x7ff7a9925e18, 0x6ffffdff)                                                                 = 0
8667 [0x7ff7abc89677] SYS_open(0x7ff7abe83a60, 0x80000, 0, 0x7ff7abe874d0)                                                         = 3
8667 [0x7ff7abc89697] SYS_read(3, 0x7fffa8d97ec8, 832, 0x7ff7abe874d0)                                                             = 832
8667 [0x7ff7abc89604] SYS_fstat(3, 0x7fffa8d97da0, 0x7fffa8d97da0, 16)                                                             = 0
8667 [0x7ff7abc8980a] SYS_mmap(0, 0x2022e8, 5, 2050)                                                                               = 0x7ff7a9521000
8667 [0x7ff7abc89857] SYS_mprotect(0x7ff7a9523000, 0x200000, 0, 2050)                                                              = 0
8667 [0x7ff7abc8980a] SYS_mmap(0x7ff7a9723000, 4096, 3, 2066)                                                                      = 0x7ff7a9723000
8667 [0x7ff7abc89787] SYS_close(3, 16, 0x7ff7a9723198, 0x6ffffdff)                                                                 = 0
8667 [0x7ff7abc89677] SYS_open(0x7ff7abe83f40, 0x80000, 0, 0x6ffffdff)                                                             = 3
8667 [0x7ff7abc89697] SYS_read(3, 0x7fffa8d97e98, 832, 0x6ffffdff)                                                                 = 832
8667 [0x7ff7abc89604] SYS_fstat(3, 0x7fffa8d97d70, 0x7fffa8d97d70, 16)                                                             = 0
8667 [0x7ff7abc8980a] SYS_mmap(0, 4096, 3, 34)                                                                                     = 0x7ff7abe82000
8667 [0x7ff7abc8980a] SYS_mmap(0, 0x201f30, 5, 2050)                                                                               = 0x7ff7a931f000
8667 [0x7ff7abc89857] SYS_mprotect(0x7ff7a9321000, 0x1ff000, 0, 2050)                                                              = 0
8667 [0x7ff7abc8980a] SYS_mmap(0x7ff7a9520000, 4096, 3, 2066)                                                                      = 0x7ff7a9520000
8667 [0x7ff7abc89787] SYS_close(3, 16, 0x7ff7a9520e18, 0x6ffffdff)                                                                 = 0
8667 [0x7ff7abc89677] SYS_open(0x7ff7abe824c0, 0x80000, 0, 0x6ffffdff)                                                             = 3
8667 [0x7ff7abc89697] SYS_read(3, 0x7fffa8d97e68, 832, 0x6ffffdff)                                                                 = 832
8667 [0x7ff7abc89604] SYS_fstat(3, 0x7fffa8d97d40, 0x7fffa8d97d40, 16)                                                             = 0
8667 [0x7ff7abc8980a] SYS_mmap(0, 0x2038b8, 5, 2050)                                                                               = 0x7ff7a911b000
8667 [0x7ff7abc89857] SYS_mprotect(0x7ff7a911f000, 0x1ff000, 0, 2050)                                                              = 0
8667 [0x7ff7abc8980a] SYS_mmap(0x7ff7a931e000, 4096, 3, 2066)                                                                      = 0x7ff7a931e000
8667 [0x7ff7abc89787] SYS_close(3, 16, 0x7ff7a931e748, 0x6ffffdff)                                                                 = 0
8667 [0x7ff7abc89677] SYS_open(0x7ff7abe82a60, 0x80000, 0, 0x7ff7abe85000)                                                         = 3
8667 [0x7ff7abc89697] SYS_read(3, 0x7fffa8d97e08, 832, 0x7ff7abe85000)                                                             = 832
8667 [0x7ff7abc89604] SYS_fstat(3, 0x7fffa8d97ce0, 0x7fffa8d97ce0, 16)                                                             = 0
8667 [0x7ff7abc8980a] SYS_mmap(0, 0x210848, 5, 2050)                                                                               = 0x7ff7a8f0a000
8667 [0x7ff7abc89857] SYS_mprotect(0x7ff7a8f1a000, 0x1ff000, 0, 2050)                                                              = 0
8667 [0x7ff7abc8980a] SYS_mmap(0x7ff7a9119000, 8192, 3, 2066)                                                                      = 0x7ff7a9119000
8667 [0x7ff7abc89787] SYS_close(3, 16, 0x7ff7a9119d90, 0x6ffffdff)                                                                 = 0
8667 [0x7ff7abc89677] SYS_open(0x7ff7abe82f48, 0x80000, 0, 0x6ffffdff)                                                             = 3
8667 [0x7ff7abc89697] SYS_read(3, 0x7fffa8d97dd8, 832, 0x6ffffdff)                                                                 = 832
8667 [0x7ff7abc89604] SYS_fstat(3, 0x7fffa8d97cb0, 0x7fffa8d97cb0, 16)                                                             = 0
8667 [0x7ff7abc8980a] SYS_mmap(0, 4096, 3, 34)                                                                                     = 0x7ff7abe81000
8667 [0x7ff7abc8980a] SYS_mmap(0, 0x20acf0, 5, 2050)                                                                               = 0x7ff7a8cff000
8667 [0x7ff7abc89857] SYS_mprotect(0x7ff7a8d0a000, 0x1ff000, 0, 2050)                                                              = 0
8667 [0x7ff7abc8980a] SYS_mmap(0x7ff7a8f09000, 4096, 3, 2066)                                                                      = 0x7ff7a8f09000
8667 [0x7ff7abc89787] SYS_close(3, 16, 0x7ff7a8f09750, 0x6ffffdff)                                                                 = 0
8667 [0x7ff7abc89677] SYS_open(0x7ff7abe81560, 0x80000, 0, 0x7ff7abe85000)                                                         = 3
8667 [0x7ff7abc89697] SYS_read(3, 0x7fffa8d97da8, 832, 0x7ff7abe85000)                                                             = 832
8667 [0x7ff7abc89604] SYS_fstat(3, 0x7fffa8d97c80, 0x7fffa8d97c80, 32)                                                             = 0
8667 [0x7ff7abc8980a] SYS_mmap(0, 0x2361e0, 5, 2050)                                                                               = 0x7ff7a8ac8000
8667 [0x7ff7abc89857] SYS_mprotect(0x7ff7a8ad0000, 0x1ff000, 0, 2050)                                                              = 0
8667 [0x7ff7abc8980a] SYS_mmap(0x7ff7a8ccf000, 8192, 3, 2066)                                                                      = 0x7ff7a8ccf000
8667 [0x7ff7abc8980a] SYS_mmap(0x7ff7a8cd1000, 0x2d1e0, 3, 50)                                                                     = 0x7ff7a8cd1000
8667 [0x7ff7abc89787] SYS_close(3, 16, 0, 0x6ffffdff)                                                                              = 0
8667 [0x7ff7abc89677] SYS_open(0x7ff7abe81a30, 0x80000, 0, 0x6ffffdff)                                                             = 3
8667 [0x7ff7abc89697] SYS_read(3, 0x7fffa8d97d78, 832, 0x6ffffdff)                                                                 = 832
8667 [0x7ff7abc89604] SYS_fstat(3, 0x7fffa8d97c50, 0x7fffa8d97c50, 16)                                                             = 0
8667 [0x7ff7abc8980a] SYS_mmap(0, 0x43fe88, 5, 2050)                                                                               = 0x7ff7a8688000
8667 [0x7ff7abc89857] SYS_mprotect(0x7ff7a889d000, 0x200000, 0, 2050)                                                              = 0
8667 [0x7ff7abc8980a] SYS_mmap(0x7ff7a8a9d000, 0x27000, 3, 2066)                                                                   = 0x7ff7a8a9d000
8667 [0x7ff7abc8980a] SYS_mmap(0x7ff7a8ac4000, 0x3e88, 3, 50)                                                                      = 0x7ff7a8ac4000
8667 [0x7ff7abc89857] SYS_mprotect(0x7fffa8d99000, 4096, 0x1000007, 4)                                                             = 0
8667 [0x7ff7abc89787] SYS_close(3, 4096, 0x1000007, 4)                                                                             = 0
8667 [0x7ff7abc89677] SYS_open(0x7ff7abe81fb0, 0x80000, 0, 0x7ff7abe844d0)                                                         = 3
8667 [0x7ff7abc89697] SYS_read(3, 0x7fffa8d97d48, 832, 0x7ff7abe844d0)                                                             = 832
8667 [0x7ff7abc89604] SYS_fstat(3, 0x7fffa8d97c20, 0x7fffa8d97c20, 16)                                                             = 0
8667 [0x7ff7abc8980a] SYS_mmap(0, 4096, 3, 34)                                                                                     = 0x7ff7abe80000
8667 [0x7ff7abc8980a] SYS_mmap(0, 0x215730, 5, 2050)                                                                               = 0x7ff7a8472000
8667 [0x7ff7abc89857] SYS_mprotect(0x7ff7a8488000, 0x1ff000, 0, 2050)                                                              = 0
8667 [0x7ff7abc8980a] SYS_mmap(0x7ff7a8687000, 4096, 3, 2066)                                                                      = 0x7ff7a8687000
8667 [0x7ff7abc89787] SYS_close(3, 16, 0x7ff7a8687490, 0x6ffffdff)                                                                 = 0
8667 [0x7ff7abc89677] SYS_open(0x7ff7abe804f0, 0x80000, 0, 0x6ffffdff)                                                             = 3
8667 [0x7ff7abc89697] SYS_read(3, 0x7fffa8d97d18, 832, 0x6ffffdff)                                                                 = 832
8667 [0x7ff7abc89604] SYS_fstat(3, 0x7fffa8d97bf0, 0x7fffa8d97bf0, 32)                                                             = 0
8667 [0x7ff7abc8980a] SYS_mmap(0, 0x2fd148, 5, 2050)                                                                               = 0x7ff7a8174000
8667 [0x7ff7abc89857] SYS_mprotect(0x7ff7a8271000, 0x1ff000, 0, 2050)                                                              = 0
8667 [0x7ff7abc8980a] SYS_mmap(0x7ff7a8470000, 8192, 3, 2066)                                                                      = 0x7ff7a8470000
8667 [0x7ff7abc89787] SYS_close(3, 16, 0, 0x6ffffdff)                                                                              = 0
8667 [0x7ff7abc89677] SYS_open(0x7fffa8d97ae0, 0x80000, 0, 0x36782f39325f3130)                                                     = -2
8667 [0x7ff7abc895c5] SYS_stat(0x7fffa8d97ae0, 0x7fffa8d97bc0, 0x7fffa8d97bc0, 0x36782f39325f3130)                                 = -2
8667 [0x7ff7abc89677] SYS_open(0x7fffa8d97ae0, 0x80000, 0, 0x36782f39325f3130)                                                     = -2
8667 [0x7ff7abc895c5] SYS_stat(0x7fffa8d97ae0, 0x7fffa8d97bc0, 0x7fffa8d97bc0, 0x36782f39325f3130)                                 = -2
8667 [0x7ff7abc89677] SYS_open(0x7fffa8d97ae0, 0x80000, 0, 0x36782f39325f3130)                                                     = -2
8667 [0x7ff7abc895c5] SYS_stat(0x7fffa8d97ae0, 0x7fffa8d97bc0, 0x7fffa8d97bc0, 0x36782f39325f3130)                                 = -2
8667 [0x7ff7abc89677] SYS_open(0x7fffa8d97ae0, 0x80000, 0, 0x36782f39325f3130)                                                     = -2
8667 [0x7ff7abc895c5] SYS_stat(0x7fffa8d97ae0, 0x7fffa8d97bc0, 0x7fffa8d97bc0, 0x36782f39325f3130)                                 = -2
8667 [0x7ff7abc89677] SYS_open(0x7ff7abe80dd0, 0x80000, 0, 0x36782f39325f3130)                                                     = 3
8667 [0x7ff7abc89697] SYS_read(3, 0x7fffa8d97ce8, 832, 0x36782f39325f3130)                                                         = 832
8667 [0x7ff7abc89604] SYS_fstat(3, 0x7fffa8d97bc0, 0x7fffa8d97bc0, 16)                                                             = 0
8667 [0x7ff7abc8980a] SYS_mmap(0, 4096, 3, 34)                                                                                     = 0x7ff7abe7f000
8667 [0x7ff7abc8980a] SYS_mmap(0, 0x2f8980, 5, 2050)                                                                               = 0x7ff7a7e7b000
8667 [0x7ff7abc89857] SYS_mprotect(0x7ff7a7f72000, 0x200000, 0, 2050)                                                              = 0
8667 [0x7ff7abc8980a] SYS_mmap(0x7ff7a8172000, 8192, 3, 2066)                                                                      = 0x7ff7a8172000
8667 [0x7ff7abc89787] SYS_close(3, 16, 0x7ff7a81723a0, 0x6ffffdff)                                                                 = 0
8667 [0x7ff7abc89677] SYS_open(0x7ff7abe7f4c8, 0x80000, 0, 0x6ffffdff)                                                             = 3
8667 [0x7ff7abc89697] SYS_read(3, 0x7fffa8d97cb8, 832, 0x6ffffdff)                                                                 = 832
8667 [0x7ff7abc89604] SYS_fstat(3, 0x7fffa8d97b90, 0x7fffa8d97b90, 16)                                                             = 0
8667 [0x7ff7abc8980a] SYS_mmap(0, 0x2fc9d8, 5, 2050)                                                                               = 0x7ff7a7b7e000
8667 [0x7ff7abc89857] SYS_mprotect(0x7ff7a7c79000, 0x200000, 0, 2050)                                                              = 0
8667 [0x7ff7abc8980a] SYS_mmap(0x7ff7a7e79000, 8192, 3, 2066)                                                                      = 0x7ff7a7e79000
8667 [0x7ff7abc89787] SYS_close(3, 16, 0x7ff7a7e7a828, 0x6ffffdff)                                                                 = 0
8667 [0x7ff7abc89677] SYS_open(0x7ff7abe7f998, 0x80000, 0, 0x6ffffdff)                                                             = 3
8667 [0x7ff7abc89697] SYS_read(3, 0x7fffa8d97c88, 832, 0x6ffffdff)                                                                 = 832
8667 [0x7ff7abc89604] SYS_fstat(3, 0x7fffa8d97b60, 0x7fffa8d97b60, 16)                                                             = 0
8667 [0x7ff7abc8980a] SYS_mmap(0, 0x242830, 5, 2050)                                                                               = 0x7ff7a793b000
8667 [0x7ff7abc89857] SYS_mprotect(0x7ff7a797e000, 0x1ff000, 0, 2050)                                                              = 0
8667 [0x7ff7abc8980a] SYS_mmap(0x7ff7a7b7d000, 4096, 3, 2066)                                                                      = 0x7ff7a7b7d000
8667 [0x7ff7abc89787] SYS_close(3, 16, 0x7ff7a7b7d630, 0x6ffffdff)                                                                 = 0
8667 [0x7ff7abc89677] SYS_open(0x7ff7abe7ff70, 0x80000, 0, 0x7ff7abe869b8)                                                         = 3
8667 [0x7ff7abc89697] SYS_read(3, 0x7fffa8d97c58, 832, 0x7ff7abe869b8)                                                             = 832
8667 [0x7ff7abc89604] SYS_fstat(3, 0x7fffa8d97b30, 0x7fffa8d97b30, 32)                                                             = 0
8667 [0x7ff7abc8980a] SYS_mmap(0, 4096, 3, 34)                                                                                     = 0x7ff7abe7e000
8667 [0x7ff7abc8980a] SYS_mmap(0, 0x203118, 5, 2050)                                                                               = 0x7ff7a7737000
8667 [0x7ff7abc89857] SYS_mprotect(0x7ff7a7739000, 0x200000, 0, 2050)                                                              = 0
8667 [0x7ff7abc8980a] SYS_mmap(0x7ff7a7939000, 8192, 3, 2066)                                                                      = 0x7ff7a7939000
8667 [0x7ff7abc89787] SYS_close(3, 16, 0x7ff7a7939f40, 0x6ffffdff)                                                                 = 0
8667 [0x7ff7abc8980a] SYS_mmap(0, 4096, 3, 34)                                                                                     = 0x7ff7abe7d000
8667 [0x7ff7abc8980a] SYS_mmap(0, 4096, 3, 34)                                                                                     = 0x7ff7abe7c000
8667 [0x7ff7abc8980a] SYS_mmap(0, 8192, 3, 34)                                                                                     = 0x7ff7abe7a000
8667 [0x7ff7abc73044] SYS_arch_prctl(4098, 0x7ff7abe7a780, 0x7ff7abe7b080, 34)                                                     = 0
8667 [0x7ff7abc89857] SYS_mprotect(0x7ff7ab5c9000, 0x4000, 1, 1)                                                                   = 0
8667 [0x7ff7abc89857] SYS_mprotect(0x7ff7a7939000, 4096, 1, 0x7ff7a7737c68)                                                        = 0
8667 [0x7ff7abc89857] SYS_mprotect(0x7ff7aa76f000, 4096, 1, 0x7ff7aa55d500)                                                        = 0
8667 [0x7ff7abc89857] SYS_mprotect(0x7ff7a8470000, 4096, 1, 1)                                                                     = 0
8667 [0x7ff7abc89857] SYS_mprotect(0x7ff7a8ccf000, 4096, 1, 0x7ff7a8ac8a00)                                                        = 0
8667 [0x7ff7abc89857] SYS_mprotect(0x7ff7aaa33000, 0x7000, 1, 0x7ff7aa7cd810)                                                      = 0
8667 [0x7ff7abc89857] SYS_mprotect(0x7ff7aa556000, 4096, 1, 0x7ff7aa351d58)                                                        = 0
8667 [0x7ff7abc89857] SYS_mprotect(0x7ff7abe92000, 4096, 1, 0)                                                                     = 0
8667 [0x7ff7abc89837] SYS_munmap(0x7ff7abe88000, 0x83b3, 0x6fe00, 0)                                                               = 0
8667 [0x7ff7aa55ee92] SYS_set_tid_address(0x7ff7abe7aa50, 0x7fffa8d99c48, 0x7ff7abe7a780, 0)                                       = 8667
8667 [0x7ff7aa55eefa] SYS_set_robust_list(0x7ff7abe7aa60, 24, 0x7ff7abe7a780, 0)                                                   = 0
8667 [0x7ff7aa568cf5] SYS_rt_sigaction(32, 0x7fffa8d99998, 0, 8)                                                                   = 0
8667 [0x7ff7aa568cf5] SYS_rt_sigaction(33, 0x7fffa8d99998, 0, 8)                                                                   = 0
8667 [0x7ff7aa55efd6] SYS_rt_sigprocmask(1, 0x7fffa8d99ae8, 0, 8)                                                                  = 0
8667 [0x7ff7ab315b17] SYS_getrlimit(3, 0x7fffa8d99b80, 63, 1)                                                                      = 0
8667 [0x7ff7aa55eb95] SYS_futex(0x7ff7aaa3d7e0, 129, 0x7fffffff, 0)                                                                = 0
8667 [0x4009e1] ledctrl->Hal_Led_Set_Mode(6, 4, 0x7ff7ab383c60, 0 <unfinished ...>
8667 [0x7ff7ab5d9575]   libnhal.so->Hal_Lookup_Hardware_Info(0x7fffa8d99970, 4, 0x7ff7ab383c60, 0 <unfinished ...>
8667 [0x7ff7ab310557]     SYS_statfs(0x7ff7aa56b1e8, 0x7fffa8d99760, 0x7ff7aa774310, 1)                                            = 0
8667 [0x7ff7aa55eb95]     SYS_futex(0x7ff7aa774310, 129, 0x7fffffff, 0)                                                            = 0
8667 [0x7ff7ab3107e0]     SYS_open(0x7fffa8d99870, 0xa0002, 484, 1)                                                                = 3
8667 [0x7ff7ab31972a]     SYS_mmap(0, 220, 3, 1)                                                                                   = 0x7ff7abe90000
8667 [0x7ff7ab311070]     SYS_close(3, 220, 3, 1)                                                                                  = 0
8667 [0x7ff7ab5d87f0]     libnhal.so->Hw_Semaphore_Init(0x7fffa8d99920, 0x7ff7ab5db287, 1, -1 <unfinished ...>
8667 [0x7ff7ab310405]       SYS_lstat(0x7fffa8d997d0, 0x7fffa8d996e0, 0x7fffa8d996e0, 0)                                           = -2
8667 [0x7ff7aa568510]       SYS_open(0x7fffa8d997d0, 194, 600, 0)                                                                  = 3
8667 [0x7ff7aa567da0]       SYS_write(3, 0x7fffa8d99850, 32, 0)                                                                    = 32
8667 [0x7ff7ab31972a]       SYS_mmap(0, 32, 3, 1)                                                                                  = 0x7ff7abe8f000
8667 [0x7ff7ab3121a7]       SYS_link(0x7fffa8d997d0, 0x7fffa8d99800, 3, 1)                                                         = -17
8667 [0x7ff7ab319757]       SYS_munmap(0x7ff7abe8f000, 32, 3, 1)                                                                   = 0
8667 [0x7ff7ab3122c7]       SYS_unlink(0x7fffa8d997d0, 32, 3, 1)                                                                   = 0
8667 [0x7ff7aa567e60]       SYS_close(3, 32, 3, 1)                                                                                 = 0
8667 [0x7ff7aa568510]       SYS_open(0x7fffa8d99800, 0x20002, 18, 1)                                                               = 3
8667 [0x7ff7ab3103b4]       SYS_fstat(3, 0x7fffa8d99730, 0x7fffa8d99730, 1)                                                        = 0
8667 [0x7ff7ab315f5a]       SYS_brk(0, 0x7ff7ab5cd640, 0, -4096)                                                                   = 0x219d000
8667 [0x7ff7ab315f5a]       SYS_brk(0x21be000, 0x219d000, 0x21be000, -4096)                                                        = 0x21be000
8667 [0x7ff7ab31972a]       SYS_mmap(0, 32, 3, 1)                                                                                  = 0x7ff7abe8f000
8667 [0x7ff7aa567e60]       SYS_close(3, 32, 0, 3)                                                                                 = 0
8667 [0x7ff7ab5d87f0]     <... Hw_Semaphore_Init resumed> )                                                                        = 17
8667 [0x7ff7ab5d8800]     libnhal.so->Hw_Semaphore_Lock(0x7fffa8d99920, 32, 0x7ff7abe8f000, -1)                                    = 0
8667 [0x7ff7ab5d8918]     libnhal.so->Hw_Semaphore_Unlock(0x7fffa8d99920, 2, 0x7ff7abe90000, 0)                                    = 0
8667 [0x7ff7ab5d8924]     libnhal.so->Hw_Semaphore_Release(0x7fffa8d99920, 128, 0, 0 <unfinished ...>
8667 [0x7ff7ab319757]       SYS_munmap(0x7ff7abe8f000, 32, 0, 1)                                                                   = 0
8667 [0x7ff7ab5d8924]     <... Hw_Semaphore_Release resumed> )                                                                     = 0
8667 [0x7ff7ab5d9575]   <... Hal_Lookup_Hardware_Info resumed> )                                                                   = 0
8667 [0x4009e1] <... Hal_Led_Set_Mode resumed> )                                                                                   = 0xffffffea
8667 [0x7ff7ab26a932] libgeneral.so->Trace_Mem_Destroy()(0x7ff7aaf82d40, 0, 0x4ef00bd7899b6b1e, 16)                                = 0
8667 [0x7ff7ab2ed468] SYS_exit_group(-22, 60, -22, 0x7ff7ab5d0a48 <unfinished ...>
8667 [0xffffffffffffffff] +++ exited (status 234) +++
