7936 [0x7ffe5ffce8aa] SYS_brk(0, 0x7ffe5ffd1fa0, 0, 895)                                                                           = 0xa5c000
7936 [0x7ffe5ffcf7e7] SYS_readlink(0x7fff32678b77, 0x7fff32677150, 4096, 0x756e694c00000000)                                       = -2
7936 [0x7ffe5ffcf677] SYS_open(0x7ffe5ffd31f3, 0, 0, 0x756e694c00000000)                                                           = 3
7936 [0x7ffe5ffcf7a7] SYS_chdir(0x7ffe601daba8, 0, 0, 0x756e694c00000000)                                                          = -2
7936 [0x7ffe5ffce9d2] SYS_getcwd(0x7fff32677150, 4096, 0, 0x756e694c00000000)                                                      = 23
7936 [0x7ffe5ffcf7c7] SYS_fchdir(3, 4096, 0, 0x756e694c00000000)                                                                   = 0
7936 [0x7ffe5ffcf787] SYS_close(3, 4096, 0, 0x756e694c00000000)                                                                    = 0
7936 [0x7ffe5ffcf80a] SYS_mmap(0, 4096, 3, 34)                                                                                     = 0x7ffe601d7000
7936 [0x7ffe5ffcf6d7] SYS_access(0x7ffe5ffd5700, 4, 0x7ffe601da718, 0)                                                             = -2
7936 [0x7ffe5ffcf677] SYS_open(0x7ffe5ffd3072, 0x80000, 1, 0)                                                                      = 3
7936 [0x7ffe5ffcf604] SYS_fstat(3, 0x7fff32676930, 0x7fff32676930, 0)                                                              = 0
7936 [0x7ffe5ffcf80a] SYS_mmap(0, 0x83b3, 1, 2)                                                                                    = 0x7ffe601ce000
7936 [0x7ffe5ffcf787] SYS_close(3, 0x83b3, 1, 2)                                                                                   = 0
7936 [0x7ffe5ffcf677] SYS_open(0x7ffe601d7640, 0x80000, 0, 56)                                                                     = 3
7936 [0x7ffe5ffcf697] SYS_read(3, 0x7fff32676ab8, 832, 56)                                                                         = 832
7936 [0x7ffe5ffcf604] SYS_fstat(3, 0x7fff32676990, 0x7fff32676990, 16)                                                             = 0
7936 [0x7ffe5ffcf80a] SYS_mmap(0, 0x278960, 5, 2050)                                                                               = 0x7ffe5fd3f000
7936 [0x7ffe5ffcf857] SYS_mprotect(0x7ffe5fdb5000, 0x200000, 0, 2050)                                                              = 0
7936 [0x7ffe5ffcf80a] SYS_mmap(0x7ffe5ffb5000, 0x3000, 3, 2066)                                                                    = 0x7ffe5ffb5000
7936 [0x7ffe5ffcf787] SYS_close(3, 16, 0x7ffe5ffb53e0, 0x6ffffdff)                                                                 = 0
7936 [0x7ffe5ffcf677] SYS_open(0x7ffe601d7b10, 0x80000, 0, 0x6ffffdff)                                                             = 3
7936 [0x7ffe5ffcf697] SYS_read(3, 0x7fff32676a88, 832, 0x6ffffdff)                                                                 = 832
7936 [0x7ffe5ffcf604] SYS_fstat(3, 0x7fff32676960, 0x7fff32676960, 16)                                                             = 0
7936 [0x7ffe5ffcf80a] SYS_mmap(0, 0x21bee0, 5, 2050)                                                                               = 0x7ffe5fb23000
7936 [0x7ffe5ffcf857] SYS_mprotect(0x7ffe5fb3e000, 0x200000, 0, 2050)                                                              = 0
7936 [0x7ffe5ffcf80a] SYS_mmap(0x7ffe5fd3e000, 4096, 3, 2066)                                                                      = 0x7ffe5fd3e000
7936 [0x7ffe5ffcf787] SYS_close(3, 16, 0x7ffe5fd3e208, 0x6ffffdff)                                                                 = 0
7936 [0x7ffe5ffcf677] SYS_open(0x7ffe601d7fe0, 0x80000, 0, 0x6ffffdff)                                                             = 3
7936 [0x7ffe5ffcf697] SYS_read(3, 0x7fff32676a58, 832, 0x6ffffdff)                                                                 = 832
7936 [0x7ffe5ffcf604] SYS_fstat(3, 0x7fff32676930, 0x7fff32676930, 16)                                                             = 0
7936 [0x7ffe5ffcf80a] SYS_mmap(0, 4096, 3, 34)                                                                                     = 0x7ffe601cd000
7936 [0x7ffe5ffcf80a] SYS_mmap(0, 0x209ad0, 5, 2050)                                                                               = 0x7ffe5f919000
7936 [0x7ffe5ffcf857] SYS_mprotect(0x7ffe5f923000, 0x1ff000, 0, 2050)                                                              = 0
7936 [0x7ffe5ffcf80a] SYS_mmap(0x7ffe5fb22000, 4096, 3, 2066)                                                                      = 0x7ffe5fb22000
7936 [0x7ffe5ffcf787] SYS_close(3, 16, 0x7ffe5fb22690, 0x6ffffdff)                                                                 = 0
7936 [0x7ffe5ffcf677] SYS_open(0x7ffe601cd4b8, 0x80000, 0, 0x6ffffdff)                                                             = 3
7936 [0x7ffe5ffcf697] SYS_read(3, 0x7fff32676a28, 832, 0x6ffffdff)                                                                 = 832
7936 [0x7ffe5ffcf604] SYS_fstat(3, 0x7fff32676900, 0x7fff32676900, 32)                                                             = 0
7936 [0x7ffe5ffcf80a] SYS_mmap(0, 0x39dc40, 5, 2050)                                                                               = 0x7ffe5f57b000
7936 [0x7ffe5ffcf857] SYS_mprotect(0x7ffe5f70f000, 0x200000, 0, 2050)                                                              = 0
7936 [0x7ffe5ffcf80a] SYS_mmap(0x7ffe5f90f000, 0x6000, 3, 2066)                                                                    = 0x7ffe5f90f000
7936 [0x7ffe5ffcf80a] SYS_mmap(0x7ffe5f915000, 0x3c40, 3, 50)                                                                      = 0x7ffe5f915000
7936 [0x7ffe5ffcf787] SYS_close(3, 16, 0, 0x6ffffdff)                                                                              = 0
7936 [0x7ffe5ffcf677] SYS_open(0x7ffe601cd988, 0x80000, 0, 0x6ffffdff)                                                             = 3
7936 [0x7ffe5ffcf697] SYS_read(3, 0x7fff326768d8, 832, 0x6ffffdff)                                                                 = 832
7936 [0x7ffe5ffcf604] SYS_fstat(3, 0x7fff326767b0, 0x7fff326767b0, 16)                                                             = 0
7936 [0x7ffe5ffcf80a] SYS_mmap(0, 0x2b09d0, 5, 2050)                                                                               = 0x7ffe5f2ca000
7936 [0x7ffe5ffcf857] SYS_mprotect(0x7ffe5f379000, 0x1ff000, 0, 2050)                                                              = 0
7936 [0x7ffe5ffcf80a] SYS_mmap(0x7ffe5f578000, 0x3000, 3, 2066)                                                                    = 0x7ffe5f578000
7936 [0x7ffe5ffcf787] SYS_close(3, 16, 0x7ffe5f5789a8, 0x6ffffdff)                                                                 = 0
7936 [0x7ffe5ffcf677] SYS_open(0x7ffe601cde58, 0x80000, 0, 0x6ffffdff)                                                             = 3
7936 [0x7ffe5ffcf697] SYS_read(3, 0x7fff326768a8, 832, 0x6ffffdff)                                                                 = 832
7936 [0x7ffe5ffcf604] SYS_fstat(3, 0x7fff32676780, 0x7fff32676780, 16)                                                             = 0
7936 [0x7ffe5ffcf80a] SYS_mmap(0, 4096, 3, 34)                                                                                     = 0x7ffe601cc000
7936 [0x7ffe5ffcf80a] SYS_mmap(0, 0x294ee0, 5, 2050)                                                                               = 0x7ffe5f035000
7936 [0x7ffe5ffcf857] SYS_mprotect(0x7ffe5f0c7000, 0x1ff000, 0, 2050)                                                              = 0
7936 [0x7ffe5ffcf80a] SYS_mmap(0x7ffe5f2c6000, 0x3000, 3, 2066)                                                                    = 0x7ffe5f2c6000
7936 [0x7ffe5ffcf80a] SYS_mmap(0x7ffe5f2c9000, 3808, 3, 50)                                                                        = 0x7ffe5f2c9000
7936 [0x7ffe5ffcf787] SYS_close(3, 16, 0x7ffe5f2c6e30, 0x6ffffdff)                                                                 = 0
7936 [0x7ffe5ffcf677] SYS_open(0x7ffe601cc4b8, 0x80000, 0, 0x6ffffdff)                                                             = 3
7936 [0x7ffe5ffcf697] SYS_read(3, 0x7fff32676878, 832, 0x6ffffdff)                                                                 = 832
7936 [0x7ffe5ffcf604] SYS_fstat(3, 0x7fff32676750, 0x7fff32676750, 16)                                                             = 0
7936 [0x7ffe5ffcf80a] SYS_mmap(0, 0x29d850, 5, 2050)                                                                               = 0x7ffe5ed97000
7936 [0x7ffe5ffcf857] SYS_mprotect(0x7ffe5ee30000, 0x200000, 0, 2050)                                                              = 0
7936 [0x7ffe5ffcf80a] SYS_mmap(0x7ffe5f030000, 0x3000, 3, 2066)                                                                    = 0x7ffe5f030000
7936 [0x7ffe5ffcf80a] SYS_mmap(0x7ffe5f033000, 6224, 3, 50)                                                                        = 0x7ffe5f033000
7936 [0x7ffe5ffcf787] SYS_close(3, 16, 0x7ffe5f031cc8, 0x6ffffdff)                                                                 = 0
7936 [0x7ffe5ffcf677] SYS_open(0x7ffe601cc9a0, 0x80000, 0, 0x6ffffdff)                                                             = 3
7936 [0x7ffe5ffcf697] SYS_read(3, 0x7fff32676848, 832, 0x6ffffdff)                                                                 = 832
7936 [0x7ffe5ffcf604] SYS_fstat(3, 0x7fff32676720, 0x7fff32676720, 16)                                                             = 0
7936 [0x7ffe5ffcf80a] SYS_mmap(0, 0x2dbbb0, 5, 2050)                                                                               = 0x7ffe5eabb000
7936 [0x7ffe5ffcf857] SYS_mprotect(0x7ffe5eb79000, 0x200000, 0, 2050)                                                              = 0
7936 [0x7ffe5ffcf80a] SYS_mmap(0x7ffe5ed79000, 0xa000, 3, 2066)                                                                    = 0x7ffe5ed79000
7936 [0x7ffe5ffcf80a] SYS_mmap(0x7ffe5ed83000, 0x13bb0, 3, 50)                                                                     = 0x7ffe5ed83000
7936 [0x7ffe5ffcf787] SYS_close(3, 16, 0x7ffe5ed7f4d8, 0x6ffffdff)                                                                 = 0
7936 [0x7ffe5ffcf677] SYS_open(0x7ffe601cce70, 0x80000, 0, 0x6ffffdff)                                                             = 3
7936 [0x7ffe5ffcf697] SYS_read(3, 0x7fff32676818, 832, 0x6ffffdff)                                                                 = 832
7936 [0x7ffe5ffcf604] SYS_fstat(3, 0x7fff326766f0, 0x7fff326766f0, 32)                                                             = 0
7936 [0x7ffe5ffcf80a] SYS_mmap(0, 4096, 3, 34)                                                                                     = 0x7ffe601cb000
7936 [0x7ffe5ffcf80a] SYS_mmap(0, 0x21c490, 5, 2050)                                                                               = 0x7ffe5e89e000
7936 [0x7ffe5ffcf857] SYS_mprotect(0x7ffe5e8b6000, 0x1ff000, 0, 2050)                                                              = 0
7936 [0x7ffe5ffcf80a] SYS_mmap(0x7ffe5eab5000, 8192, 3, 2066)                                                                      = 0x7ffe5eab5000
7936 [0x7ffe5ffcf80a] SYS_mmap(0x7ffe5eab7000, 0x3490, 3, 50)                                                                      = 0x7ffe5eab7000
7936 [0x7ffe5ffcf787] SYS_close(3, 16, 0, 0x6ffffdff)                                                                              = 0
7936 [0x7ffe5ffcf677] SYS_open(0x7ffe601cb4b8, 0x80000, 0, 0x6ffffdff)                                                             = 3
7936 [0x7ffe5ffcf697] SYS_read(3, 0x7fff326767e8, 832, 0x6ffffdff)                                                                 = 832
7936 [0x7ffe5ffcf604] SYS_fstat(3, 0x7fff326766c0, 0x7fff326766c0, 32)                                                             = 0
7936 [0x7ffe5ffcf80a] SYS_mmap(0, 0x207bc0, 5, 2050)                                                                               = 0x7ffe5e696000
7936 [0x7ffe5ffcf857] SYS_mprotect(0x7ffe5e69d000, 0x1ff000, 0, 2050)                                                              = 0
7936 [0x7ffe5ffcf80a] SYS_mmap(0x7ffe5e89c000, 8192, 3, 2066)                                                                      = 0x7ffe5e89c000
7936 [0x7ffe5ffcf787] SYS_close(3, 16, 0, 0x6ffffdff)                                                                              = 0
7936 [0x7ffe5ffcf677] SYS_open(0x7ffe601cb988, 0x80000, 0, 0x6ffffdff)                                                             = 3
7936 [0x7ffe5ffcf697] SYS_read(3, 0x7fff326767b8, 832, 0x6ffffdff)                                                                 = 832
7936 [0x7ffe5ffcf604] SYS_fstat(3, 0x7fff32676690, 0x7fff32676690, 16)                                                             = 0
7936 [0x7ffe5ffcf80a] SYS_mmap(0, 0x202e20, 5, 2050)                                                                               = 0x7ffe5e493000
7936 [0x7ffe5ffcf857] SYS_mprotect(0x7ffe5e496000, 0x1ff000, 0, 2050)                                                              = 0
7936 [0x7ffe5ffcf80a] SYS_mmap(0x7ffe5e695000, 4096, 3, 2066)                                                                      = 0x7ffe5e695000
7936 [0x7ffe5ffcf787] SYS_close(3, 16, 0x7ffe5e695c28, 0x6ffffdff)                                                                 = 0
7936 [0x7ffe5ffcf677] SYS_open(0x7ffe601cbe58, 0x80000, 0, 0x6ffffdff)                                                             = 3
7936 [0x7ffe5ffcf697] SYS_read(3, 0x7fff32676788, 832, 0x6ffffdff)                                                                 = 832
7936 [0x7ffe5ffcf604] SYS_fstat(3, 0x7fff32676660, 0x7fff32676660, 16)                                                             = 0
7936 [0x7ffe5ffcf80a] SYS_mmap(0, 4096, 3, 34)                                                                                     = 0x7ffe601ca000
7936 [0x7ffe5ffcf80a] SYS_mmap(0, 0x209850, 5, 2050)                                                                               = 0x7ffe5e289000
7936 [0x7ffe5ffcf857] SYS_mprotect(0x7ffe5e293000, 0x1ff000, 0, 2050)                                                              = 0
7936 [0x7ffe5ffcf80a] SYS_mmap(0x7ffe5e492000, 4096, 3, 2066)                                                                      = 0x7ffe5e492000
7936 [0x7ffe5ffcf787] SYS_close(3, 16, 0x7ffe5e492618, 0x6ffffdff)                                                                 = 0
7936 [0x7ffe5ffcf677] SYS_open(0x7ffe601ca4b8, 0x80000, 0, 0x6ffffdff)                                                             = 3
7936 [0x7ffe5ffcf697] SYS_read(3, 0x7fff32676758, 832, 0x6ffffdff)                                                                 = 832
7936 [0x7ffe5ffcf604] SYS_fstat(3, 0x7fff32676630, 0x7fff32676630, 16)                                                             = 0
7936 [0x7ffe5ffcf80a] SYS_mmap(0, 0x210868, 5, 2050)                                                                               = 0x7ffe5e078000
7936 [0x7ffe5ffcf857] SYS_mprotect(0x7ffe5e089000, 0x1ff000, 0, 2050)                                                              = 0
7936 [0x7ffe5ffcf80a] SYS_mmap(0x7ffe5e288000, 4096, 3, 2066)                                                                      = 0x7ffe5e288000
7936 [0x7ffe5ffcf787] SYS_close(3, 16, 0x7ffe5e288408, 0x6ffffdff)                                                                 = 0
7936 [0x7ffe5ffcf677] SYS_open(0x7ffe601caa40, 0x80000, 0, 0x7ffe601cb9a0)                                                         = 3
7936 [0x7ffe5ffcf697] SYS_read(3, 0x7fff326765f8, 832, 0x7ffe601cb9a0)                                                             = 832
7936 [0x7ffe5ffcf604] SYS_fstat(3, 0x7fff326764d0, 0x7fff326764d0, 16)                                                             = 0
7936 [0x7ffe5ffcf80a] SYS_mmap(0, 0x2032c8, 5, 2050)                                                                               = 0x7ffe5de74000
7936 [0x7ffe5ffcf857] SYS_mprotect(0x7ffe5de77000, 0x200000, 0, 2050)                                                              = 0
7936 [0x7ffe5ffcf80a] SYS_mmap(0x7ffe5e077000, 4096, 3, 2066)                                                                      = 0x7ffe5e077000
7936 [0x7ffe5ffcf787] SYS_close(3, 16, 0x7ffe5e077188, 0x6ffffdff)                                                                 = 0
7936 [0x7ffe5ffcf677] SYS_open(0x7ffe601caf28, 0x80000, 0, 0x6ffffdff)                                                             = 3
7936 [0x7ffe5ffcf697] SYS_read(3, 0x7fff326765c8, 832, 0x6ffffdff)                                                                 = 832
7936 [0x7ffe5ffcf604] SYS_fstat(3, 0x7fff326764a0, 0x7fff326764a0, 16)                                                             = 0
7936 [0x7ffe5ffcf80a] SYS_mmap(0, 4096, 3, 34)                                                                                     = 0x7ffe601c9000
7936 [0x7ffe5ffcf80a] SYS_mmap(0, 0x207820, 5, 2050)                                                                               = 0x7ffe5dc6c000
7936 [0x7ffe5ffcf857] SYS_mprotect(0x7ffe5dc73000, 0x200000, 0, 2050)                                                              = 0
7936 [0x7ffe5ffcf80a] SYS_mmap(0x7ffe5de73000, 4096, 3, 2066)                                                                      = 0x7ffe5de73000
7936 [0x7ffe5ffcf787] SYS_close(3, 16, 0x7ffe5de73188, 0x6ffffdff)                                                                 = 0
7936 [0x7ffe5ffcf677] SYS_open(0x7ffe601c94c8, 0x80000, 0, 0x6ffffdff)                                                             = 3
7936 [0x7ffe5ffcf697] SYS_read(3, 0x7fff32676598, 832, 0x6ffffdff)                                                                 = 832
7936 [0x7ffe5ffcf604] SYS_fstat(3, 0x7fff32676470, 0x7fff32676470, 16)                                                             = 0
7936 [0x7ffe5ffcf80a] SYS_mmap(0, 0x201f30, 5, 2050)                                                                               = 0x7ffe5da6a000
7936 [0x7ffe5ffcf857] SYS_mprotect(0x7ffe5da6c000, 0x1ff000, 0, 2050)                                                              = 0
7936 [0x7ffe5ffcf80a] SYS_mmap(0x7ffe5dc6b000, 4096, 3, 2066)                                                                      = 0x7ffe5dc6b000
7936 [0x7ffe5ffcf787] SYS_close(3, 16, 0x7ffe5dc6be18, 0x6ffffdff)                                                                 = 0
7936 [0x7ffe5ffcf677] SYS_open(0x7ffe601c9a60, 0x80000, 0, 0x7ffe601cd4d0)                                                         = 3
7936 [0x7ffe5ffcf697] SYS_read(3, 0x7fff32676568, 832, 0x7ffe601cd4d0)                                                             = 832
7936 [0x7ffe5ffcf604] SYS_fstat(3, 0x7fff32676440, 0x7fff32676440, 16)                                                             = 0
7936 [0x7ffe5ffcf80a] SYS_mmap(0, 0x2022e8, 5, 2050)                                                                               = 0x7ffe5d867000
7936 [0x7ffe5ffcf857] SYS_mprotect(0x7ffe5d869000, 0x200000, 0, 2050)                                                              = 0
7936 [0x7ffe5ffcf80a] SYS_mmap(0x7ffe5da69000, 4096, 3, 2066)                                                                      = 0x7ffe5da69000
7936 [0x7ffe5ffcf787] SYS_close(3, 16, 0x7ffe5da69198, 0x6ffffdff)                                                                 = 0
7936 [0x7ffe5ffcf677] SYS_open(0x7ffe601c9f40, 0x80000, 0, 0x6ffffdff)                                                             = 3
7936 [0x7ffe5ffcf697] SYS_read(3, 0x7fff32676538, 832, 0x6ffffdff)                                                                 = 832
7936 [0x7ffe5ffcf604] SYS_fstat(3, 0x7fff32676410, 0x7fff32676410, 16)                                                             = 0
7936 [0x7ffe5ffcf80a] SYS_mmap(0, 4096, 3, 34)                                                                                     = 0x7ffe601c8000
7936 [0x7ffe5ffcf80a] SYS_mmap(0, 0x201f30, 5, 2050)                                                                               = 0x7ffe5d665000
7936 [0x7ffe5ffcf857] SYS_mprotect(0x7ffe5d667000, 0x1ff000, 0, 2050)                                                              = 0
7936 [0x7ffe5ffcf80a] SYS_mmap(0x7ffe5d866000, 4096, 3, 2066)                                                                      = 0x7ffe5d866000
7936 [0x7ffe5ffcf787] SYS_close(3, 16, 0x7ffe5d866e18, 0x6ffffdff)                                                                 = 0
7936 [0x7ffe5ffcf677] SYS_open(0x7ffe601c84c0, 0x80000, 0, 0x6ffffdff)                                                             = 3
7936 [0x7ffe5ffcf697] SYS_read(3, 0x7fff32676508, 832, 0x6ffffdff)                                                                 = 832
7936 [0x7ffe5ffcf604] SYS_fstat(3, 0x7fff326763e0, 0x7fff326763e0, 16)                                                             = 0
7936 [0x7ffe5ffcf80a] SYS_mmap(0, 0x2038b8, 5, 2050)                                                                               = 0x7ffe5d461000
7936 [0x7ffe5ffcf857] SYS_mprotect(0x7ffe5d465000, 0x1ff000, 0, 2050)                                                              = 0
7936 [0x7ffe5ffcf80a] SYS_mmap(0x7ffe5d664000, 4096, 3, 2066)                                                                      = 0x7ffe5d664000
7936 [0x7ffe5ffcf787] SYS_close(3, 16, 0x7ffe5d664748, 0x6ffffdff)                                                                 = 0
7936 [0x7ffe5ffcf677] SYS_open(0x7ffe601c8a60, 0x80000, 0, 0x7ffe601cb000)                                                         = 3
7936 [0x7ffe5ffcf697] SYS_read(3, 0x7fff326764a8, 832, 0x7ffe601cb000)                                                             = 832
7936 [0x7ffe5ffcf604] SYS_fstat(3, 0x7fff32676380, 0x7fff32676380, 16)                                                             = 0
7936 [0x7ffe5ffcf80a] SYS_mmap(0, 0x210848, 5, 2050)                                                                               = 0x7ffe5d250000
7936 [0x7ffe5ffcf857] SYS_mprotect(0x7ffe5d260000, 0x1ff000, 0, 2050)                                                              = 0
7936 [0x7ffe5ffcf80a] SYS_mmap(0x7ffe5d45f000, 8192, 3, 2066)                                                                      = 0x7ffe5d45f000
7936 [0x7ffe5ffcf787] SYS_close(3, 16, 0x7ffe5d45fd90, 0x6ffffdff)                                                                 = 0
7936 [0x7ffe5ffcf677] SYS_open(0x7ffe601c8f48, 0x80000, 0, 0x6ffffdff)                                                             = 3
7936 [0x7ffe5ffcf697] SYS_read(3, 0x7fff32676478, 832, 0x6ffffdff)                                                                 = 832
7936 [0x7ffe5ffcf604] SYS_fstat(3, 0x7fff32676350, 0x7fff32676350, 16)                                                             = 0
7936 [0x7ffe5ffcf80a] SYS_mmap(0, 4096, 3, 34)                                                                                     = 0x7ffe601c7000
7936 [0x7ffe5ffcf80a] SYS_mmap(0, 0x20acf0, 5, 2050)                                                                               = 0x7ffe5d045000
7936 [0x7ffe5ffcf857] SYS_mprotect(0x7ffe5d050000, 0x1ff000, 0, 2050)                                                              = 0
7936 [0x7ffe5ffcf80a] SYS_mmap(0x7ffe5d24f000, 4096, 3, 2066)                                                                      = 0x7ffe5d24f000
7936 [0x7ffe5ffcf787] SYS_close(3, 16, 0x7ffe5d24f750, 0x6ffffdff)                                                                 = 0
7936 [0x7ffe5ffcf677] SYS_open(0x7ffe601c7560, 0x80000, 0, 0x7ffe601cb000)                                                         = 3
7936 [0x7ffe5ffcf697] SYS_read(3, 0x7fff32676448, 832, 0x7ffe601cb000)                                                             = 832
7936 [0x7ffe5ffcf604] SYS_fstat(3, 0x7fff32676320, 0x7fff32676320, 32)                                                             = 0
7936 [0x7ffe5ffcf80a] SYS_mmap(0, 0x2361e0, 5, 2050)                                                                               = 0x7ffe5ce0e000
7936 [0x7ffe5ffcf857] SYS_mprotect(0x7ffe5ce16000, 0x1ff000, 0, 2050)                                                              = 0
7936 [0x7ffe5ffcf80a] SYS_mmap(0x7ffe5d015000, 8192, 3, 2066)                                                                      = 0x7ffe5d015000
7936 [0x7ffe5ffcf80a] SYS_mmap(0x7ffe5d017000, 0x2d1e0, 3, 50)                                                                     = 0x7ffe5d017000
7936 [0x7ffe5ffcf787] SYS_close(3, 16, 0, 0x6ffffdff)                                                                              = 0
7936 [0x7ffe5ffcf677] SYS_open(0x7ffe601c7a30, 0x80000, 0, 0x6ffffdff)                                                             = 3
7936 [0x7ffe5ffcf697] SYS_read(3, 0x7fff32676418, 832, 0x6ffffdff)                                                                 = 832
7936 [0x7ffe5ffcf604] SYS_fstat(3, 0x7fff326762f0, 0x7fff326762f0, 16)                                                             = 0
7936 [0x7ffe5ffcf80a] SYS_mmap(0, 0x43fe88, 5, 2050)                                                                               = 0x7ffe5c9ce000
7936 [0x7ffe5ffcf857] SYS_mprotect(0x7ffe5cbe3000, 0x200000, 0, 2050)                                                              = 0
7936 [0x7ffe5ffcf80a] SYS_mmap(0x7ffe5cde3000, 0x27000, 3, 2066)                                                                   = 0x7ffe5cde3000
7936 [0x7ffe5ffcf80a] SYS_mmap(0x7ffe5ce0a000, 0x3e88, 3, 50)                                                                      = 0x7ffe5ce0a000
7936 [0x7ffe5ffcf857] SYS_mprotect(0x7fff32678000, 4096, 0x1000007, 4)                                                             = 0
7936 [0x7ffe5ffcf787] SYS_close(3, 4096, 0x1000007, 4)                                                                             = 0
7936 [0x7ffe5ffcf677] SYS_open(0x7ffe601c7fb0, 0x80000, 0, 0x7ffe601ca4d0)                                                         = 3
7936 [0x7ffe5ffcf697] SYS_read(3, 0x7fff326763e8, 832, 0x7ffe601ca4d0)                                                             = 832
7936 [0x7ffe5ffcf604] SYS_fstat(3, 0x7fff326762c0, 0x7fff326762c0, 16)                                                             = 0
7936 [0x7ffe5ffcf80a] SYS_mmap(0, 4096, 3, 34)                                                                                     = 0x7ffe601c6000
7936 [0x7ffe5ffcf80a] SYS_mmap(0, 0x215730, 5, 2050)                                                                               = 0x7ffe5c7b8000
7936 [0x7ffe5ffcf857] SYS_mprotect(0x7ffe5c7ce000, 0x1ff000, 0, 2050)                                                              = 0
7936 [0x7ffe5ffcf80a] SYS_mmap(0x7ffe5c9cd000, 4096, 3, 2066)                                                                      = 0x7ffe5c9cd000
7936 [0x7ffe5ffcf787] SYS_close(3, 16, 0x7ffe5c9cd490, 0x6ffffdff)                                                                 = 0
7936 [0x7ffe5ffcf677] SYS_open(0x7ffe601c64f0, 0x80000, 0, 0x6ffffdff)                                                             = 3
7936 [0x7ffe5ffcf697] SYS_read(3, 0x7fff326763b8, 832, 0x6ffffdff)                                                                 = 832
7936 [0x7ffe5ffcf604] SYS_fstat(3, 0x7fff32676290, 0x7fff32676290, 32)                                                             = 0
7936 [0x7ffe5ffcf80a] SYS_mmap(0, 0x2fd148, 5, 2050)                                                                               = 0x7ffe5c4ba000
7936 [0x7ffe5ffcf857] SYS_mprotect(0x7ffe5c5b7000, 0x1ff000, 0, 2050)                                                              = 0
7936 [0x7ffe5ffcf80a] SYS_mmap(0x7ffe5c7b6000, 8192, 3, 2066)                                                                      = 0x7ffe5c7b6000
7936 [0x7ffe5ffcf787] SYS_close(3, 16, 0, 0x6ffffdff)                                                                              = 0
7936 [0x7ffe5ffcf677] SYS_open(0x7fff32676180, 0x80000, 0, 0x36782f39325f3130)                                                     = -2
7936 [0x7ffe5ffcf5c5] SYS_stat(0x7fff32676180, 0x7fff32676260, 0x7fff32676260, 0x36782f39325f3130)                                 = -2
7936 [0x7ffe5ffcf677] SYS_open(0x7fff32676180, 0x80000, 0, 0x36782f39325f3130)                                                     = -2
7936 [0x7ffe5ffcf5c5] SYS_stat(0x7fff32676180, 0x7fff32676260, 0x7fff32676260, 0x36782f39325f3130)                                 = -2
7936 [0x7ffe5ffcf677] SYS_open(0x7fff32676180, 0x80000, 0, 0x36782f39325f3130)                                                     = -2
7936 [0x7ffe5ffcf5c5] SYS_stat(0x7fff32676180, 0x7fff32676260, 0x7fff32676260, 0x36782f39325f3130)                                 = -2
7936 [0x7ffe5ffcf677] SYS_open(0x7fff32676180, 0x80000, 0, 0x36782f39325f3130)                                                     = -2
7936 [0x7ffe5ffcf5c5] SYS_stat(0x7fff32676180, 0x7fff32676260, 0x7fff32676260, 0x36782f39325f3130)                                 = -2
7936 [0x7ffe5ffcf677] SYS_open(0x7ffe601c6dd0, 0x80000, 0, 0x36782f39325f3130)                                                     = 3
7936 [0x7ffe5ffcf697] SYS_read(3, 0x7fff32676388, 832, 0x36782f39325f3130)                                                         = 832
7936 [0x7ffe5ffcf604] SYS_fstat(3, 0x7fff32676260, 0x7fff32676260, 16)                                                             = 0
7936 [0x7ffe5ffcf80a] SYS_mmap(0, 4096, 3, 34)                                                                                     = 0x7ffe601c5000
7936 [0x7ffe5ffcf80a] SYS_mmap(0, 0x2f8980, 5, 2050)                                                                               = 0x7ffe5c1c1000
7936 [0x7ffe5ffcf857] SYS_mprotect(0x7ffe5c2b8000, 0x200000, 0, 2050)                                                              = 0
7936 [0x7ffe5ffcf80a] SYS_mmap(0x7ffe5c4b8000, 8192, 3, 2066)                                                                      = 0x7ffe5c4b8000
7936 [0x7ffe5ffcf787] SYS_close(3, 16, 0x7ffe5c4b83a0, 0x6ffffdff)                                                                 = 0
7936 [0x7ffe5ffcf677] SYS_open(0x7ffe601c54c8, 0x80000, 0, 0x6ffffdff)                                                             = 3
7936 [0x7ffe5ffcf697] SYS_read(3, 0x7fff32676358, 832, 0x6ffffdff)                                                                 = 832
7936 [0x7ffe5ffcf604] SYS_fstat(3, 0x7fff32676230, 0x7fff32676230, 16)                                                             = 0
7936 [0x7ffe5ffcf80a] SYS_mmap(0, 0x2fc9d8, 5, 2050)                                                                               = 0x7ffe5bec4000
7936 [0x7ffe5ffcf857] SYS_mprotect(0x7ffe5bfbf000, 0x200000, 0, 2050)                                                              = 0
7936 [0x7ffe5ffcf80a] SYS_mmap(0x7ffe5c1bf000, 8192, 3, 2066)                                                                      = 0x7ffe5c1bf000
7936 [0x7ffe5ffcf787] SYS_close(3, 16, 0x7ffe5c1c0828, 0x6ffffdff)                                                                 = 0
7936 [0x7ffe5ffcf677] SYS_open(0x7ffe601c5998, 0x80000, 0, 0x6ffffdff)                                                             = 3
7936 [0x7ffe5ffcf697] SYS_read(3, 0x7fff32676328, 832, 0x6ffffdff)                                                                 = 832
7936 [0x7ffe5ffcf604] SYS_fstat(3, 0x7fff32676200, 0x7fff32676200, 16)                                                             = 0
7936 [0x7ffe5ffcf80a] SYS_mmap(0, 0x242830, 5, 2050)                                                                               = 0x7ffe5bc81000
7936 [0x7ffe5ffcf857] SYS_mprotect(0x7ffe5bcc4000, 0x1ff000, 0, 2050)                                                              = 0
7936 [0x7ffe5ffcf80a] SYS_mmap(0x7ffe5bec3000, 4096, 3, 2066)                                                                      = 0x7ffe5bec3000
7936 [0x7ffe5ffcf787] SYS_close(3, 16, 0x7ffe5bec3630, 0x6ffffdff)                                                                 = 0
7936 [0x7ffe5ffcf677] SYS_open(0x7ffe601c5f70, 0x80000, 0, 0x7ffe601cc9b8)                                                         = 3
7936 [0x7ffe5ffcf697] SYS_read(3, 0x7fff326762f8, 832, 0x7ffe601cc9b8)                                                             = 832
7936 [0x7ffe5ffcf604] SYS_fstat(3, 0x7fff326761d0, 0x7fff326761d0, 32)                                                             = 0
7936 [0x7ffe5ffcf80a] SYS_mmap(0, 4096, 3, 34)                                                                                     = 0x7ffe601c4000
7936 [0x7ffe5ffcf80a] SYS_mmap(0, 0x203118, 5, 2050)                                                                               = 0x7ffe5ba7d000
7936 [0x7ffe5ffcf857] SYS_mprotect(0x7ffe5ba7f000, 0x200000, 0, 2050)                                                              = 0
7936 [0x7ffe5ffcf80a] SYS_mmap(0x7ffe5bc7f000, 8192, 3, 2066)                                                                      = 0x7ffe5bc7f000
7936 [0x7ffe5ffcf787] SYS_close(3, 16, 0x7ffe5bc7ff40, 0x6ffffdff)                                                                 = 0
7936 [0x7ffe5ffcf80a] SYS_mmap(0, 4096, 3, 34)                                                                                     = 0x7ffe601c3000
7936 [0x7ffe5ffcf80a] SYS_mmap(0, 4096, 3, 34)                                                                                     = 0x7ffe601c2000
7936 [0x7ffe5ffcf80a] SYS_mmap(0, 8192, 3, 34)                                                                                     = 0x7ffe601c0000
7936 [0x7ffe5ffb9044] SYS_arch_prctl(4098, 0x7ffe601c0780, 0x7ffe601c1080, 34)                                                     = 0
7936 [0x7ffe5ffcf857] SYS_mprotect(0x7ffe5f90f000, 0x4000, 1, 1)                                                                   = 0
7936 [0x7ffe5ffcf857] SYS_mprotect(0x7ffe5bc7f000, 4096, 1, 0x7ffe5ba7dc68)                                                        = 0
7936 [0x7ffe5ffcf857] SYS_mprotect(0x7ffe5eab5000, 4096, 1, 0x7ffe5e8a3500)                                                        = 0
7936 [0x7ffe5ffcf857] SYS_mprotect(0x7ffe5c7b6000, 4096, 1, 1)                                                                     = 0
7936 [0x7ffe5ffcf857] SYS_mprotect(0x7ffe5d015000, 4096, 1, 0x7ffe5ce0ea00)                                                        = 0
7936 [0x7ffe5ffcf857] SYS_mprotect(0x7ffe5ed79000, 0x7000, 1, 0x7ffe5eb13810)                                                      = 0
7936 [0x7ffe5ffcf857] SYS_mprotect(0x7ffe5e89c000, 4096, 1, 0x7ffe5e697d58)                                                        = 0
7936 [0x7ffe5ffcf857] SYS_mprotect(0x7ffe601d8000, 4096, 1, 0)                                                                     = 0
7936 [0x7ffe5ffcf837] SYS_munmap(0x7ffe601ce000, 0x83b3, 0x78900, 0)                                                               = 0
7936 [0x7ffe5e8a4e92] SYS_set_tid_address(0x7ffe601c0a50, 0x7fff326782e8, 0x7ffe601c0780, 0)                                       = 7936
7936 [0x7ffe5e8a4efa] SYS_set_robust_list(0x7ffe601c0a60, 24, 0x7ffe601c0780, 0)                                                   = 0
7936 [0x7ffe5e8aecf5] SYS_rt_sigaction(32, 0x7fff32678038, 0, 8)                                                                   = 0
7936 [0x7ffe5e8aecf5] SYS_rt_sigaction(33, 0x7fff32678038, 0, 8)                                                                   = 0
7936 [0x7ffe5e8a4fd6] SYS_rt_sigprocmask(1, 0x7fff32678188, 0, 8)                                                                  = 0
7936 [0x7ffe5f65bb17] SYS_getrlimit(3, 0x7fff32678220, 63, 1)                                                                      = 0
7936 [0x7ffe5e8a4b95] SYS_futex(0x7ffe5ed837e0, 129, 0x7fffffff, 0)                                                                = 0
7936 [0x4008fd] ledctrl->Lookup_Nas_Info(_T_NAS_PROP_&)(0x7fff32678130, 0x7fff32678b94, 0, 0x7fff32678b93 <unfinished ...>
7936 [0x7ffe5fd62d11]   libnasman.so->Open_Share_Memory(char const*, int, void*&, int&)(0x7ffe5fda708e, 0, 0x7fff326780f0, 0x7fff326780fc <unfinished ...>
7936 [0x7ffe5f656557]     SYS_statfs(0x7ffe5e8b11e8, 0x7fff32677e90, 0x7ffe5eaba310, 1)                                            = 0
7936 [0x7ffe5e8a4b95]     SYS_futex(0x7ffe5eaba310, 129, 0x7fffffff, 0)                                                            = 0
7936 [0x7ffe5f6567e0]     SYS_open(0x7fff32677fa0, 0xa0000, 484, 1)                                                                = 3
7936 [0x7ffe5f6563b4]     SYS_fstat(3, 0x7fff32678030, 0x7fff32678030, 1)                                                          = 0
7936 [0x7ffe5f65f72a]     SYS_mmap(0, 0x2788, 1, 1)                                                                                = 0x7ffe601d4000
7936 [0x7ffe5f657070]     SYS_close(3, 0x2788, 1, 1)                                                                               = 0
7936 [0x7ffe5fd62d11]   <... Open_Share_Memory(char const*, int, void*&, int&) resumed> )                                          = 0
7936 [0x7ffe5fd62d4d]   libnasman.so->Open_Share_Memory(char const*, int, void*&, int&)(0x7ffe5fda70a7, 0, 0x7fff326780f0, 0x7fff326780fc <unfinished ...>
7936 [0x7ffe5f6567e0]     SYS_open(0x7fff32677fa0, 0xa0000, 484, 1)                                                                = 3
7936 [0x7ffe5f6563b4]     SYS_fstat(3, 0x7fff32678030, 0x7fff32678030, 1)                                                          = 0
7936 [0x7ffe5f65f72a]     SYS_mmap(0, 3536, 1, 1)                                                                                  = 0x7ffe601d3000
7936 [0x7ffe5f657070]     SYS_close(3, 3536, 1, 1)                                                                                 = 0
7936 [0x7ffe5fd62d4d]   <... Open_Share_Memory(char const*, int, void*&, int&) resumed> )                                          = 0
7936 [0x7ffe5fd62d7f]   libnasman.so->Open_Share_Memory(char const*, int, void*&, int&)(0x7ffe5fda70b5, 0, 0x7fff326780f0, 0x7fff326780fc <unfinished ...>
7936 [0x7ffe5f6567e0]     SYS_open(0x7fff32677fa0, 0xa0000, 484, 1)                                                                = 3
7936 [0x7ffe5f6563b4]     SYS_fstat(3, 0x7fff32678030, 0x7fff32678030, 1)                                                          = 0
7936 [0x7ffe5f65f72a]     SYS_mmap(0, 4080, 1, 1)                                                                                  = 0x7ffe601d2000
7936 [0x7ffe5f657070]     SYS_close(3, 4080, 1, 1)                                                                                 = 0
7936 [0x7ffe5fd62d7f]   <... Open_Share_Memory(char const*, int, void*&, int&) resumed> )                                          = 0
7936 [0x4008fd] <... Lookup_Nas_Info(_T_NAS_PROP_&) resumed> )                                                                     = 0
7936 [0x400934] ledctrl->Hal_Led_Set_Hdd_Mode(0, 7, 3, 0 <unfinished ...>
7936 [0x7ffe5f91ff15]   libnhal.so->Hal_Lookup_Hardware_Info(0x7fff32678020, 7, 3, 0 <unfinished ...>
7936 [0x7ffe5f6567e0]     SYS_open(0x7fff32677f20, 0xa0002, 484, 1)                                                                = 3
7936 [0x7ffe5f65f72a]     SYS_mmap(0, 220, 3, 1)                                                                                   = 0x7ffe601d1000
7936 [0x7ffe5f657070]     SYS_close(3, 220, 3, 1)                                                                                  = 0
7936 [0x7ffe5f91e7f0]     libnhal.so->Hw_Semaphore_Init(0x7fff32677fd0, 0x7ffe5f921287, 1, -1 <unfinished ...>
7936 [0x7ffe5f656405]       SYS_lstat(0x7fff32677e80, 0x7fff32677d90, 0x7fff32677d90, 0)                                           = -2
7936 [0x7ffe5e8ae510]       SYS_open(0x7fff32677e80, 194, 600, 0)                                                                  = 3
7936 [0x7ffe5e8adda0]       SYS_write(3, 0x7fff32677f00, 32, 0)                                                                    = 32
7936 [0x7ffe5f65f72a]       SYS_mmap(0, 32, 3, 1)                                                                                  = 0x7ffe601d0000
7936 [0x7ffe5f6581a7]       SYS_link(0x7fff32677e80, 0x7fff32677eb0, 3, 1)                                                         = -17
7936 [0x7ffe5f65f757]       SYS_munmap(0x7ffe601d0000, 32, 3, 1)                                                                   = 0
7936 [0x7ffe5f6582c7]       SYS_unlink(0x7fff32677e80, 32, 3, 1)                                                                   = 0
7936 [0x7ffe5e8ade60]       SYS_close(3, 32, 3, 1)                                                                                 = 0
7936 [0x7ffe5e8ae510]       SYS_open(0x7fff32677eb0, 0x20002, 18, 1)                                                               = 3
7936 [0x7ffe5f6563b4]       SYS_fstat(3, 0x7fff32677de0, 0x7fff32677de0, 1)                                                        = 0
7936 [0x7ffe5f65bf5a]       SYS_brk(0, 0x7ffe5f913640, 0, -4096)                                                                   = 0xa5c000
7936 [0x7ffe5f65bf5a]       SYS_brk(0xa7d000, 0xa5c000, 0xa7d000, -4096)                                                           = 0xa7d000
7936 [0x7ffe5f65f72a]       SYS_mmap(0, 32, 3, 1)                                                                                  = 0x7ffe601d0000
7936 [0x7ffe5e8ade60]       SYS_close(3, 32, 0, 3)                                                                                 = 0
7936 [0x7ffe5f91e7f0]     <... Hw_Semaphore_Init resumed> )                                                                        = 17
7936 [0x7ffe5f91e800]     libnhal.so->Hw_Semaphore_Lock(0x7fff32677fd0, 32, 0x7ffe601d0000, -1)                                    = 0
7936 [0x7ffe5f91e918]     libnhal.so->Hw_Semaphore_Unlock(0x7fff32677fd0, 2, 0x7ffe601d1000, 0)                                    = 0
7936 [0x7ffe5f91e924]     libnhal.so->Hw_Semaphore_Release(0x7fff32677fd0, 128, 0, 0 <unfinished ...>
7936 [0x7ffe5f65f757]       SYS_munmap(0x7ffe601d0000, 32, 0, 1)                                                                   = 0
7936 [0x7ffe5f91e924]     <... Hw_Semaphore_Release resumed> )                                                                     = 0
7936 [0x7ffe5f91ff15]   <... Hal_Lookup_Hardware_Info resumed> )                                                                   = 0
7936 [0x7ffe5f9200e3]   libnhal.so->Mv9125_Set_Led_Mode(0, 0, 0, 3 <unfinished ...>
7936 [0x7ffe5dc71937]     libgeneraldrv.so->PCI_Conf_Read(1, 0, 0, 36 <unfinished ...>
7936 [0x7ffe5dc6e823]       libgeneraldrv.so->Hw_Semaphore_Init(0x7fff32677f10, 0x7ffe5dc72000, 1, 0 <unfinished ...>
7936 [0x7ffe5f656405]         SYS_lstat(0x7fff32677dc0, 0x7fff32677cd0, 0x7fff32677cd0, 0)                                         = -2
7936 [0x7ffe5e8ae510]         SYS_open(0x7fff32677dc0, 194, 600, 0)                                                                = 3
7936 [0x7ffe5e8adda0]         SYS_write(3, 0x7fff32677e40, 32, 0)                                                                  = 32
7936 [0x7ffe5f65f72a]         SYS_mmap(0, 32, 3, 1)                                                                                = 0x7ffe601d0000
7936 [0x7ffe5f6581a7]         SYS_link(0x7fff32677dc0, 0x7fff32677df0, 3, 1)                                                       = -17
7936 [0x7ffe5f65f757]         SYS_munmap(0x7ffe601d0000, 32, 3, 1)                                                                 = 0
7936 [0x7ffe5f6582c7]         SYS_unlink(0x7fff32677dc0, 32, 3, 1)                                                                 = 0
7936 [0x7ffe5e8ade60]         SYS_close(3, 32, 3, 1)                                                                               = 0
7936 [0x7ffe5e8ae510]         SYS_open(0x7fff32677df0, 0x20002, 17, 1)                                                             = 3
7936 [0x7ffe5f6563b4]         SYS_fstat(3, 0x7fff32677d20, 0x7fff32677d20, 1)                                                      = 0
7936 [0x7ffe5f65f72a]         SYS_mmap(0, 32, 3, 1)                                                                                = 0x7ffe601d0000
7936 [0x7ffe5e8ade60]         SYS_close(3, 32, 0, 1)                                                                               = 0
7936 [0x7ffe5dc6e823]       <... Hw_Semaphore_Init resumed> )                                                                      = 17
7936 [0x7ffe5dc6e833]       libgeneraldrv.so->Hw_Semaphore_Lock(0x7fff32677f10, 32, 0x7ffe601d0000, -1)                            = 0
7936 [0x7ffe5f6636b7]       SYS_ioperm(3320, 4, 1, 1)                                                                              = 0
7936 [0x7ffe5f6636b7]       SYS_ioperm(3320, 4, 0, 1)                                                                              = 0
7936 [0x7ffe5f6636b7]       SYS_ioperm(235, 1, 1, 1)                                                                               = 0
7936 [0x7ffe5f6636b7]       SYS_ioperm(235, 1, 0, 1)                                                                               = 0
7936 [0x7ffe5f6636b7]       SYS_ioperm(3324, 4, 1, 1)                                                                              = 0
7936 [0x7ffe5f6636b7]       SYS_ioperm(3324, 4, 0, 1)                                                                              = 0
7936 [0x7ffe5f6636b7]       SYS_ioperm(235, 1, 1, 1)                                                                               = 0
7936 [0x7ffe5f6636b7]       SYS_ioperm(235, 1, 0, 1)                                                                               = 0
7936 [0x7ffe5f6636b7]       SYS_ioperm(3320, 4, 1, 1)                                                                              = 0
7936 [0x7ffe5f6636b7]       SYS_ioperm(3320, 4, 0, 1)                                                                              = 0
7936 [0x7ffe5f6636b7]       SYS_ioperm(235, 1, 1, 1)                                                                               = 0
7936 [0x7ffe5f6636b7]       SYS_ioperm(235, 1, 0, 1)                                                                               = 0
7936 [0x7ffe5dc6e97f]       libgeneraldrv.so->Hw_Semaphore_Unlock(0x7fff32677f10, 1, 0, -1)                                        = 0
7936 [0x7ffe5dc6e98b]       libgeneraldrv.so->Hw_Semaphore_Release(0x7fff32677f10, 128, 0, 0 <unfinished ...>
7936 [0x7ffe5f65f757]         SYS_munmap(0x7ffe601d0000, 32, 0, 1)                                                                 = 0
7936 [0x7ffe5dc6e98b]       <... Hw_Semaphore_Release resumed> )                                                                   = 0
7936 [0x7ffe5dc71937]     <... PCI_Conf_Read resumed> )                                                                            = 0
7936 [0x7ffe5dc71959]     libgeneraldrv.so->Hw_Semaphore_Init(0x7fff32677f80, 0x7ffe5dc7238c, 1, 0x7ffe5f913658 <unfinished ...>
7936 [0x7ffe5f656405]       SYS_lstat(0x7fff32677e30, 0x7fff32677d40, 0x7fff32677d40, 0)                                           = -2
7936 [0x7ffe5e8ae510]       SYS_open(0x7fff32677e30, 194, 600, 0)                                                                  = 3
7936 [0x7ffe5e8adda0]       SYS_write(3, 0x7fff32677eb0, 32, 0)                                                                    = 32
7936 [0x7ffe5f65f72a]       SYS_mmap(0, 32, 3, 1)                                                                                  = 0x7ffe601d0000
7936 [0x7ffe5f6581a7]       SYS_link(0x7fff32677e30, 0x7fff32677e60, 3, 1)                                                         = -17
7936 [0x7ffe5f65f757]       SYS_munmap(0x7ffe601d0000, 32, 3, 1)                                                                   = 0
7936 [0x7ffe5f6582c7]       SYS_unlink(0x7fff32677e30, 32, 3, 1)                                                                   = 0
7936 [0x7ffe5e8ade60]       SYS_close(3, 32, 3, 1)                                                                                 = 0
7936 [0x7ffe5e8ae510]       SYS_open(0x7fff32677e60, 0x20002, 20, 1)                                                               = 3
7936 [0x7ffe5f6563b4]       SYS_fstat(3, 0x7fff32677d90, 0x7fff32677d90, 1)                                                        = 0
7936 [0x7ffe5f65f72a]       SYS_mmap(0, 32, 3, 1)                                                                                  = 0x7ffe601d0000
7936 [0x7ffe5e8ade60]       SYS_close(3, 32, 0, 1)                                                                                 = 0
7936 [0x7ffe5dc71959]     <... Hw_Semaphore_Init resumed> )                                                                        = 17
7936 [0x7ffe5dc71969]     libgeneraldrv.so->Hw_Semaphore_Lock(0x7fff32677f80, 32, 0x7ffe601d0000, -1)                              = 0
7936 [0x7ffe5f6567e0]     SYS_open(0x7ffe5dc723a1, 2, 1, 1)                                                                        = 3
7936 [0x7ffe5f65f72a]     SYS_mmap(0, 60, 3, 1)                                                                                    = 0x7ffe601cf000
7936 [0x7ffe5f633060]     SYS_nanosleep(0x7fff32677f60, 0, 0, 1)                                                                   = 0
7936 [0x7ffe5f633060]     SYS_nanosleep(0x7fff32677f60, 0, 0, 1)                                                                   = 0
7936 [0x7ffe5f65f757]     SYS_munmap(0x7ffe601cf000, 60, 0, 1)                                                                     = 0
7936 [0x7ffe5f657070]     SYS_close(3, 60, 0, 1)                                                                                   = 0
7936 [0x7ffe5f633060]     SYS_nanosleep(0x7fff32677f60, 0, 0, 1)                                                                   = 0
7936 [0x7ffe5dc71a1c]     libgeneraldrv.so->Hw_Semaphore_Unlock(0x7fff32677f80, 0, 0, -1)                                          = 0
7936 [0x7ffe5dc71a28]     libgeneraldrv.so->Hw_Semaphore_Release(0x7fff32677f80, 128, 0, 0 <unfinished ...>
7936 [0x7ffe5f65f757]       SYS_munmap(0x7ffe601d0000, 32, 0, 1)                                                                   = 0
7936 [0x7ffe5dc71a28]     <... Hw_Semaphore_Release resumed> )                                                                     = 0
7936 [0x7ffe5dc71acf]     libgeneraldrv.so->PCI_Conf_Read(1, 0, 0, 36 <unfinished ...>
7936 [0x7ffe5dc6e823]       libgeneraldrv.so->Hw_Semaphore_Init(0x7fff32677f20, 0x7ffe5dc72000, 1, 0 <unfinished ...>
7936 [0x7ffe5f656405]         SYS_lstat(0x7fff32677dd0, 0x7fff32677ce0, 0x7fff32677ce0, 0)                                         = -2
7936 [0x7ffe5e8ae510]         SYS_open(0x7fff32677dd0, 194, 600, 0)                                                                = 3
7936 [0x7ffe5e8adda0]         SYS_write(3, 0x7fff32677e50, 32, 0)                                                                  = 32
7936 [0x7ffe5f65f72a]         SYS_mmap(0, 32, 3, 1)                                                                                = 0x7ffe601d0000
7936 [0x7ffe5f6581a7]         SYS_link(0x7fff32677dd0, 0x7fff32677e00, 3, 1)                                                       = -17
7936 [0x7ffe5f65f757]         SYS_munmap(0x7ffe601d0000, 32, 3, 1)                                                                 = 0
7936 [0x7ffe5f6582c7]         SYS_unlink(0x7fff32677dd0, 32, 3, 1)                                                                 = 0
7936 [0x7ffe5e8ade60]         SYS_close(3, 32, 3, 1)                                                                               = 0
7936 [0x7ffe5e8ae510]         SYS_open(0x7fff32677e00, 0x20002, 17, 1)                                                             = 3
7936 [0x7ffe5f6563b4]         SYS_fstat(3, 0x7fff32677d30, 0x7fff32677d30, 1)                                                      = 0
7936 [0x7ffe5f65f72a]         SYS_mmap(0, 32, 3, 1)                                                                                = 0x7ffe601d0000
7936 [0x7ffe5e8ade60]         SYS_close(3, 32, 0, 1)                                                                               = 0
7936 [0x7ffe5dc6e823]       <... Hw_Semaphore_Init resumed> )                                                                      = 17
7936 [0x7ffe5dc6e833]       libgeneraldrv.so->Hw_Semaphore_Lock(0x7fff32677f20, 32, 0x7ffe601d0000, -1)                            = 0
7936 [0x7ffe5f6636b7]       SYS_ioperm(3320, 4, 1, 1)                                                                              = 0
7936 [0x7ffe5f6636b7]       SYS_ioperm(3320, 4, 0, 1)                                                                              = 0
7936 [0x7ffe5f6636b7]       SYS_ioperm(235, 1, 1, 1)                                                                               = 0
7936 [0x7ffe5f6636b7]       SYS_ioperm(235, 1, 0, 1)                                                                               = 0
7936 [0x7ffe5f6636b7]       SYS_ioperm(3324, 4, 1, 1)                                                                              = 0
7936 [0x7ffe5f6636b7]       SYS_ioperm(3324, 4, 0, 1)                                                                              = 0
7936 [0x7ffe5f6636b7]       SYS_ioperm(235, 1, 1, 1)                                                                               = 0
7936 [0x7ffe5f6636b7]       SYS_ioperm(235, 1, 0, 1)                                                                               = 0
7936 [0x7ffe5f6636b7]       SYS_ioperm(3320, 4, 1, 1)                                                                              = 0
7936 [0x7ffe5f6636b7]       SYS_ioperm(3320, 4, 0, 1)                                                                              = 0
7936 [0x7ffe5f6636b7]       SYS_ioperm(235, 1, 1, 1)                                                                               = 0
7936 [0x7ffe5f6636b7]       SYS_ioperm(235, 1, 0, 1)                                                                               = 0
7936 [0x7ffe5dc6e97f]       libgeneraldrv.so->Hw_Semaphore_Unlock(0x7fff32677f20, 1, 0, -1)                                        = 0
7936 [0x7ffe5dc6e98b]       libgeneraldrv.so->Hw_Semaphore_Release(0x7fff32677f20, 128, 0, 0 <unfinished ...>
7936 [0x7ffe5f65f757]         SYS_munmap(0x7ffe601d0000, 32, 0, 1)                                                                 = 0
7936 [0x7ffe5dc6e98b]       <... Hw_Semaphore_Release resumed> )                                                                   = 0
7936 [0x7ffe5dc71acf]     <... PCI_Conf_Read resumed> )                                                                            = 0
7936 [0x7ffe5dc71af1]     libgeneraldrv.so->Hw_Semaphore_Init(0x7fff32677f90, 0x7ffe5dc7238c, 1, 0x7ffe5f913658 <unfinished ...>
7936 [0x7ffe5f656405]       SYS_lstat(0x7fff32677e40, 0x7fff32677d50, 0x7fff32677d50, 0)                                           = -2
7936 [0x7ffe5e8ae510]       SYS_open(0x7fff32677e40, 194, 600, 0)                                                                  = 3
7936 [0x7ffe5e8adda0]       SYS_write(3, 0x7fff32677ec0, 32, 0)                                                                    = 32
7936 [0x7ffe5f65f72a]       SYS_mmap(0, 32, 3, 1)                                                                                  = 0x7ffe601d0000
7936 [0x7ffe5f6581a7]       SYS_link(0x7fff32677e40, 0x7fff32677e70, 3, 1)                                                         = -17
7936 [0x7ffe5f65f757]       SYS_munmap(0x7ffe601d0000, 32, 3, 1)                                                                   = 0
7936 [0x7ffe5f6582c7]       SYS_unlink(0x7fff32677e40, 32, 3, 1)                                                                   = 0
7936 [0x7ffe5e8ade60]       SYS_close(3, 32, 3, 1)                                                                                 = 0
7936 [0x7ffe5e8ae510]       SYS_open(0x7fff32677e70, 0x20002, 20, 1)                                                               = 3
7936 [0x7ffe5f6563b4]       SYS_fstat(3, 0x7fff32677da0, 0x7fff32677da0, 1)                                                        = 0
7936 [0x7ffe5f65f72a]       SYS_mmap(0, 32, 3, 1)                                                                                  = 0x7ffe601d0000
7936 [0x7ffe5e8ade60]       SYS_close(3, 32, 0, 1)                                                                                 = 0
7936 [0x7ffe5dc71af1]     <... Hw_Semaphore_Init resumed> )                                                                        = 17
7936 [0x7ffe5dc71b01]     libgeneraldrv.so->Hw_Semaphore_Lock(0x7fff32677f90, 32, 0x7ffe601d0000, -1)                              = 0
7936 [0x7ffe5f6567e0]     SYS_open(0x7ffe5dc723a1, 2, 1, 1)                                                                        = 3
7936 [0x7ffe5f65f72a]     SYS_mmap(0, 60, 3, 1)                                                                                    = 0x7ffe601cf000
7936 [0x7ffe5f633060]     SYS_nanosleep(0x7fff32677f70, 0, 0, 1)                                                                   = 0
7936 [0x7ffe5f633060]     SYS_nanosleep(0x7fff32677f70, 0, 0, 1)                                                                   = 0
7936 [0x7ffe5f65f757]     SYS_munmap(0x7ffe601cf000, 60, 0, 1)                                                                     = 0
7936 [0x7ffe5f657070]     SYS_close(3, 60, 0, 1)                                                                                   = 0
7936 [0x7ffe5f633060]     SYS_nanosleep(0x7fff32677f70, 0, 0, 1)                                                                   = 0
7936 [0x7ffe5dc71ba6]     libgeneraldrv.so->Hw_Semaphore_Unlock(0x7fff32677f90, 0, 0, -1)                                          = 0
7936 [0x7ffe5dc71bb2]     libgeneraldrv.so->Hw_Semaphore_Release(0x7fff32677f90, 128, 0, 0 <unfinished ...>
7936 [0x7ffe5f65f757]       SYS_munmap(0x7ffe601d0000, 32, 0, 1)                                                                   = 0
7936 [0x7ffe5dc71bb2]     <... Hw_Semaphore_Release resumed> )                                                                     = 0
7936 [0x7ffe5f9200e3]   <... Mv9125_Set_Led_Mode resumed> )                                                                        = 0
7936 [0x400934] <... Hal_Led_Set_Hdd_Mode resumed> )                                                                               = 0
7936 [0x7ffe5fd62f15] libnasman.so->Close_Share_Memory(char const*, void*)(0x7ffe5fda708e, 0x7ffe601d4000, 0xb54bcce3c9709c9f, 4 <unfinished ...>
7936 [0x7ffe5fd62b6e]   libnasman.so->Get_File_Size(char const*, long*)(0x7fff32677e90, 0x7fff32677fb8, 0x7fff32677ea5, 0 <unfinished ...>
7936 [0x7ffe5f656365]     SYS_stat(0x7fff32677e90, 0x7fff32677df0, 0x7fff32677df0, 1)                                              = 0
7936 [0x7ffe5fd62b6e]   <... Get_File_Size(char const*, long*) resumed> )                                                          = 0
7936 [0x7ffe5f65f757]   SYS_munmap(0x7ffe601d4000, 0x2788, 0x7fff32677df0, 1)                                                      = 0
7936 [0x7ffe5fd62f15] <... Close_Share_Memory(char const*, void*) resumed> )                                                       = 0
7936 [0x7ffe5fd62f37] libnasman.so->Close_Share_Memory(char const*, void*)(0x7ffe5fda70a7, 0x7ffe601d3000, 0, -1 <unfinished ...>
7936 [0x7ffe5fd62b6e]   libnasman.so->Get_File_Size(char const*, long*)(0x7fff32677e90, 0x7fff32677fb8, 0x7fff32677ea6, 0 <unfinished ...>
7936 [0x7ffe5f656365]     SYS_stat(0x7fff32677e90, 0x7fff32677df0, 0x7fff32677df0, 1)                                              = 0
7936 [0x7ffe5fd62b6e]   <... Get_File_Size(char const*, long*) resumed> )                                                          = 0
7936 [0x7ffe5f65f757]   SYS_munmap(0x7ffe601d3000, 3536, 0x7fff32677df0, 1)                                                        = 0
7936 [0x7ffe5fd62f37] <... Close_Share_Memory(char const*, void*) resumed> )                                                       = 0
7936 [0x7ffe5fd62f59] libnasman.so->Close_Share_Memory(char const*, void*)(0x7ffe5fda70b5, 0x7ffe601d2000, 0, -1 <unfinished ...>
7936 [0x7ffe5fd62b6e]   libnasman.so->Get_File_Size(char const*, long*)(0x7fff32677e90, 0x7fff32677fb8, 0x7fff32677ea6, 0 <unfinished ...>
7936 [0x7ffe5f656365]     SYS_stat(0x7fff32677e90, 0x7fff32677df0, 0x7fff32677df0, 1)                                              = 0
7936 [0x7ffe5fd62b6e]   <... Get_File_Size(char const*, long*) resumed> )                                                          = 0
7936 [0x7ffe5f65f757]   SYS_munmap(0x7ffe601d2000, 4080, 0x7fff32677df0, 1)                                                        = 0
7936 [0x7ffe5fd62f59] <... Close_Share_Memory(char const*, void*) resumed> )                                                       = 0
7936 [0x7ffe5f5b0932] libgeneral.so->Trace_Mem_Destroy()(0x7ffe5f2c8d40, 0, 0xb54bcd45f2b09c9f, 16)                                = 0
7936 [0x7ffe5f633468] SYS_exit_group(0, 60, 0, 0x7ffe5f916a48 <no return ...>
7936 [0xffffffffffffffff] +++ exited (status 0) +++
