8685 [0x7fa258ca68aa] SYS_brk(0, 0x7fa258ca9fa0, 0, 895)                                                                           = 0x20ef000
8685 [0x7fa258ca77e7] SYS_readlink(0x7fff5b653b82, 0x7fff5b652040, 4096, 0x756e694c00000000)                                       = -2
8685 [0x7fa258ca7677] SYS_open(0x7fa258cab1f3, 0, 0, 0x756e694c00000000)                                                           = 3
8685 [0x7fa258ca77a7] SYS_chdir(0x7fa258eb2ba8, 0, 0, 0x756e694c00000000)                                                          = -2
8685 [0x7fa258ca69d2] SYS_getcwd(0x7fff5b652040, 4096, 0, 0x756e694c00000000)                                                      = 23
8685 [0x7fa258ca77c7] SYS_fchdir(3, 4096, 0, 0x756e694c00000000)                                                                   = 0
8685 [0x7fa258ca7787] SYS_close(3, 4096, 0, 0x756e694c00000000)                                                                    = 0
8685 [0x7fa258ca780a] SYS_mmap(0, 4096, 3, 34)                                                                                     = 0x7fa258eaf000
8685 [0x7fa258ca76d7] SYS_access(0x7fa258cad700, 4, 0x7fa258eb2718, 0)                                                             = -2
8685 [0x7fa258ca7677] SYS_open(0x7fa258cab072, 0x80000, 1, 0)                                                                      = 3
8685 [0x7fa258ca7604] SYS_fstat(3, 0x7fff5b651820, 0x7fff5b651820, 0)                                                              = 0
8685 [0x7fa258ca780a] SYS_mmap(0, 0x83b3, 1, 2)                                                                                    = 0x7fa258ea6000
8685 [0x7fa258ca7787] SYS_close(3, 0x83b3, 1, 2)                                                                                   = 0
8685 [0x7fa258ca7677] SYS_open(0x7fa258eaf640, 0x80000, 0, 56)                                                                     = 3
8685 [0x7fa258ca7697] SYS_read(3, 0x7fff5b6519a8, 832, 56)                                                                         = 832
8685 [0x7fa258ca7604] SYS_fstat(3, 0x7fff5b651880, 0x7fff5b651880, 16)                                                             = 0
8685 [0x7fa258ca780a] SYS_mmap(0, 0x278960, 5, 2050)                                                                               = 0x7fa258a17000
8685 [0x7fa258ca7857] SYS_mprotect(0x7fa258a8d000, 0x200000, 0, 2050)                                                              = 0
8685 [0x7fa258ca780a] SYS_mmap(0x7fa258c8d000, 0x3000, 3, 2066)                                                                    = 0x7fa258c8d000
8685 [0x7fa258ca7787] SYS_close(3, 16, 0x7fa258c8d3e0, 0x6ffffdff)                                                                 = 0
8685 [0x7fa258ca7677] SYS_open(0x7fa258eafb10, 0x80000, 0, 0x6ffffdff)                                                             = 3
8685 [0x7fa258ca7697] SYS_read(3, 0x7fff5b651978, 832, 0x6ffffdff)                                                                 = 832
8685 [0x7fa258ca7604] SYS_fstat(3, 0x7fff5b651850, 0x7fff5b651850, 16)                                                             = 0
8685 [0x7fa258ca780a] SYS_mmap(0, 0x21bee0, 5, 2050)                                                                               = 0x7fa2587fb000
8685 [0x7fa258ca7857] SYS_mprotect(0x7fa258816000, 0x200000, 0, 2050)                                                              = 0
8685 [0x7fa258ca780a] SYS_mmap(0x7fa258a16000, 4096, 3, 2066)                                                                      = 0x7fa258a16000
8685 [0x7fa258ca7787] SYS_close(3, 16, 0x7fa258a16208, 0x6ffffdff)                                                                 = 0
8685 [0x7fa258ca7677] SYS_open(0x7fa258eaffe0, 0x80000, 0, 0x6ffffdff)                                                             = 3
8685 [0x7fa258ca7697] SYS_read(3, 0x7fff5b651948, 832, 0x6ffffdff)                                                                 = 832
8685 [0x7fa258ca7604] SYS_fstat(3, 0x7fff5b651820, 0x7fff5b651820, 16)                                                             = 0
8685 [0x7fa258ca780a] SYS_mmap(0, 4096, 3, 34)                                                                                     = 0x7fa258ea5000
8685 [0x7fa258ca780a] SYS_mmap(0, 0x209ad0, 5, 2050)                                                                               = 0x7fa2585f1000
8685 [0x7fa258ca7857] SYS_mprotect(0x7fa2585fb000, 0x1ff000, 0, 2050)                                                              = 0
8685 [0x7fa258ca780a] SYS_mmap(0x7fa2587fa000, 4096, 3, 2066)                                                                      = 0x7fa2587fa000
8685 [0x7fa258ca7787] SYS_close(3, 16, 0x7fa2587fa690, 0x6ffffdff)                                                                 = 0
8685 [0x7fa258ca7677] SYS_open(0x7fa258ea54b8, 0x80000, 0, 0x6ffffdff)                                                             = 3
8685 [0x7fa258ca7697] SYS_read(3, 0x7fff5b651918, 832, 0x6ffffdff)                                                                 = 832
8685 [0x7fa258ca7604] SYS_fstat(3, 0x7fff5b6517f0, 0x7fff5b6517f0, 32)                                                             = 0
8685 [0x7fa258ca780a] SYS_mmap(0, 0x39dc40, 5, 2050)                                                                               = 0x7fa258253000
8685 [0x7fa258ca7857] SYS_mprotect(0x7fa2583e7000, 0x200000, 0, 2050)                                                              = 0
8685 [0x7fa258ca780a] SYS_mmap(0x7fa2585e7000, 0x6000, 3, 2066)                                                                    = 0x7fa2585e7000
8685 [0x7fa258ca780a] SYS_mmap(0x7fa2585ed000, 0x3c40, 3, 50)                                                                      = 0x7fa2585ed000
8685 [0x7fa258ca7787] SYS_close(3, 16, 0, 0x6ffffdff)                                                                              = 0
8685 [0x7fa258ca7677] SYS_open(0x7fa258ea5988, 0x80000, 0, 0x6ffffdff)                                                             = 3
8685 [0x7fa258ca7697] SYS_read(3, 0x7fff5b6517c8, 832, 0x6ffffdff)                                                                 = 832
8685 [0x7fa258ca7604] SYS_fstat(3, 0x7fff5b6516a0, 0x7fff5b6516a0, 16)                                                             = 0
8685 [0x7fa258ca780a] SYS_mmap(0, 0x2b09d0, 5, 2050)                                                                               = 0x7fa257fa2000
8685 [0x7fa258ca7857] SYS_mprotect(0x7fa258051000, 0x1ff000, 0, 2050)                                                              = 0
8685 [0x7fa258ca780a] SYS_mmap(0x7fa258250000, 0x3000, 3, 2066)                                                                    = 0x7fa258250000
8685 [0x7fa258ca7787] SYS_close(3, 16, 0x7fa2582509a8, 0x6ffffdff)                                                                 = 0
8685 [0x7fa258ca7677] SYS_open(0x7fa258ea5e58, 0x80000, 0, 0x6ffffdff)                                                             = 3
8685 [0x7fa258ca7697] SYS_read(3, 0x7fff5b651798, 832, 0x6ffffdff)                                                                 = 832
8685 [0x7fa258ca7604] SYS_fstat(3, 0x7fff5b651670, 0x7fff5b651670, 16)                                                             = 0
8685 [0x7fa258ca780a] SYS_mmap(0, 4096, 3, 34)                                                                                     = 0x7fa258ea4000
8685 [0x7fa258ca780a] SYS_mmap(0, 0x294ee0, 5, 2050)                                                                               = 0x7fa257d0d000
8685 [0x7fa258ca7857] SYS_mprotect(0x7fa257d9f000, 0x1ff000, 0, 2050)                                                              = 0
8685 [0x7fa258ca780a] SYS_mmap(0x7fa257f9e000, 0x3000, 3, 2066)                                                                    = 0x7fa257f9e000
8685 [0x7fa258ca780a] SYS_mmap(0x7fa257fa1000, 3808, 3, 50)                                                                        = 0x7fa257fa1000
8685 [0x7fa258ca7787] SYS_close(3, 16, 0x7fa257f9ee30, 0x6ffffdff)                                                                 = 0
8685 [0x7fa258ca7677] SYS_open(0x7fa258ea44b8, 0x80000, 0, 0x6ffffdff)                                                             = 3
8685 [0x7fa258ca7697] SYS_read(3, 0x7fff5b651768, 832, 0x6ffffdff)                                                                 = 832
8685 [0x7fa258ca7604] SYS_fstat(3, 0x7fff5b651640, 0x7fff5b651640, 16)                                                             = 0
8685 [0x7fa258ca780a] SYS_mmap(0, 0x29d850, 5, 2050)                                                                               = 0x7fa257a6f000
8685 [0x7fa258ca7857] SYS_mprotect(0x7fa257b08000, 0x200000, 0, 2050)                                                              = 0
8685 [0x7fa258ca780a] SYS_mmap(0x7fa257d08000, 0x3000, 3, 2066)                                                                    = 0x7fa257d08000
8685 [0x7fa258ca780a] SYS_mmap(0x7fa257d0b000, 6224, 3, 50)                                                                        = 0x7fa257d0b000
8685 [0x7fa258ca7787] SYS_close(3, 16, 0x7fa257d09cc8, 0x6ffffdff)                                                                 = 0
8685 [0x7fa258ca7677] SYS_open(0x7fa258ea49a0, 0x80000, 0, 0x6ffffdff)                                                             = 3
8685 [0x7fa258ca7697] SYS_read(3, 0x7fff5b651738, 832, 0x6ffffdff)                                                                 = 832
8685 [0x7fa258ca7604] SYS_fstat(3, 0x7fff5b651610, 0x7fff5b651610, 16)                                                             = 0
8685 [0x7fa258ca780a] SYS_mmap(0, 0x2dbbb0, 5, 2050)                                                                               = 0x7fa257793000
8685 [0x7fa258ca7857] SYS_mprotect(0x7fa257851000, 0x200000, 0, 2050)                                                              = 0
8685 [0x7fa258ca780a] SYS_mmap(0x7fa257a51000, 0xa000, 3, 2066)                                                                    = 0x7fa257a51000
8685 [0x7fa258ca780a] SYS_mmap(0x7fa257a5b000, 0x13bb0, 3, 50)                                                                     = 0x7fa257a5b000
8685 [0x7fa258ca7787] SYS_close(3, 16, 0x7fa257a574d8, 0x6ffffdff)                                                                 = 0
8685 [0x7fa258ca7677] SYS_open(0x7fa258ea4e70, 0x80000, 0, 0x6ffffdff)                                                             = 3
8685 [0x7fa258ca7697] SYS_read(3, 0x7fff5b651708, 832, 0x6ffffdff)                                                                 = 832
8685 [0x7fa258ca7604] SYS_fstat(3, 0x7fff5b6515e0, 0x7fff5b6515e0, 32)                                                             = 0
8685 [0x7fa258ca780a] SYS_mmap(0, 4096, 3, 34)                                                                                     = 0x7fa258ea3000
8685 [0x7fa258ca780a] SYS_mmap(0, 0x21c490, 5, 2050)                                                                               = 0x7fa257576000
8685 [0x7fa258ca7857] SYS_mprotect(0x7fa25758e000, 0x1ff000, 0, 2050)                                                              = 0
8685 [0x7fa258ca780a] SYS_mmap(0x7fa25778d000, 8192, 3, 2066)                                                                      = 0x7fa25778d000
8685 [0x7fa258ca780a] SYS_mmap(0x7fa25778f000, 0x3490, 3, 50)                                                                      = 0x7fa25778f000
8685 [0x7fa258ca7787] SYS_close(3, 16, 0, 0x6ffffdff)                                                                              = 0
8685 [0x7fa258ca7677] SYS_open(0x7fa258ea34b8, 0x80000, 0, 0x6ffffdff)                                                             = 3
8685 [0x7fa258ca7697] SYS_read(3, 0x7fff5b6516d8, 832, 0x6ffffdff)                                                                 = 832
8685 [0x7fa258ca7604] SYS_fstat(3, 0x7fff5b6515b0, 0x7fff5b6515b0, 32)                                                             = 0
8685 [0x7fa258ca780a] SYS_mmap(0, 0x207bc0, 5, 2050)                                                                               = 0x7fa25736e000
8685 [0x7fa258ca7857] SYS_mprotect(0x7fa257375000, 0x1ff000, 0, 2050)                                                              = 0
8685 [0x7fa258ca780a] SYS_mmap(0x7fa257574000, 8192, 3, 2066)                                                                      = 0x7fa257574000
8685 [0x7fa258ca7787] SYS_close(3, 16, 0, 0x6ffffdff)                                                                              = 0
8685 [0x7fa258ca7677] SYS_open(0x7fa258ea3988, 0x80000, 0, 0x6ffffdff)                                                             = 3
8685 [0x7fa258ca7697] SYS_read(3, 0x7fff5b6516a8, 832, 0x6ffffdff)                                                                 = 832
8685 [0x7fa258ca7604] SYS_fstat(3, 0x7fff5b651580, 0x7fff5b651580, 16)                                                             = 0
8685 [0x7fa258ca780a] SYS_mmap(0, 0x202e20, 5, 2050)                                                                               = 0x7fa25716b000
8685 [0x7fa258ca7857] SYS_mprotect(0x7fa25716e000, 0x1ff000, 0, 2050)                                                              = 0
8685 [0x7fa258ca780a] SYS_mmap(0x7fa25736d000, 4096, 3, 2066)                                                                      = 0x7fa25736d000
8685 [0x7fa258ca7787] SYS_close(3, 16, 0x7fa25736dc28, 0x6ffffdff)                                                                 = 0
8685 [0x7fa258ca7677] SYS_open(0x7fa258ea3e58, 0x80000, 0, 0x6ffffdff)                                                             = 3
8685 [0x7fa258ca7697] SYS_read(3, 0x7fff5b651678, 832, 0x6ffffdff)                                                                 = 832
8685 [0x7fa258ca7604] SYS_fstat(3, 0x7fff5b651550, 0x7fff5b651550, 16)                                                             = 0
8685 [0x7fa258ca780a] SYS_mmap(0, 4096, 3, 34)                                                                                     = 0x7fa258ea2000
8685 [0x7fa258ca780a] SYS_mmap(0, 0x209850, 5, 2050)                                                                               = 0x7fa256f61000
8685 [0x7fa258ca7857] SYS_mprotect(0x7fa256f6b000, 0x1ff000, 0, 2050)                                                              = 0
8685 [0x7fa258ca780a] SYS_mmap(0x7fa25716a000, 4096, 3, 2066)                                                                      = 0x7fa25716a000
8685 [0x7fa258ca7787] SYS_close(3, 16, 0x7fa25716a618, 0x6ffffdff)                                                                 = 0
8685 [0x7fa258ca7677] SYS_open(0x7fa258ea24b8, 0x80000, 0, 0x6ffffdff)                                                             = 3
8685 [0x7fa258ca7697] SYS_read(3, 0x7fff5b651648, 832, 0x6ffffdff)                                                                 = 832
8685 [0x7fa258ca7604] SYS_fstat(3, 0x7fff5b651520, 0x7fff5b651520, 16)                                                             = 0
8685 [0x7fa258ca780a] SYS_mmap(0, 0x210868, 5, 2050)                                                                               = 0x7fa256d50000
8685 [0x7fa258ca7857] SYS_mprotect(0x7fa256d61000, 0x1ff000, 0, 2050)                                                              = 0
8685 [0x7fa258ca780a] SYS_mmap(0x7fa256f60000, 4096, 3, 2066)                                                                      = 0x7fa256f60000
8685 [0x7fa258ca7787] SYS_close(3, 16, 0x7fa256f60408, 0x6ffffdff)                                                                 = 0
8685 [0x7fa258ca7677] SYS_open(0x7fa258ea2a40, 0x80000, 0, 0x7fa258ea39a0)                                                         = 3
8685 [0x7fa258ca7697] SYS_read(3, 0x7fff5b6514e8, 832, 0x7fa258ea39a0)                                                             = 832
8685 [0x7fa258ca7604] SYS_fstat(3, 0x7fff5b6513c0, 0x7fff5b6513c0, 16)                                                             = 0
8685 [0x7fa258ca780a] SYS_mmap(0, 0x2032c8, 5, 2050)                                                                               = 0x7fa256b4c000
8685 [0x7fa258ca7857] SYS_mprotect(0x7fa256b4f000, 0x200000, 0, 2050)                                                              = 0
8685 [0x7fa258ca780a] SYS_mmap(0x7fa256d4f000, 4096, 3, 2066)                                                                      = 0x7fa256d4f000
8685 [0x7fa258ca7787] SYS_close(3, 16, 0x7fa256d4f188, 0x6ffffdff)                                                                 = 0
8685 [0x7fa258ca7677] SYS_open(0x7fa258ea2f28, 0x80000, 0, 0x6ffffdff)                                                             = 3
8685 [0x7fa258ca7697] SYS_read(3, 0x7fff5b6514b8, 832, 0x6ffffdff)                                                                 = 832
8685 [0x7fa258ca7604] SYS_fstat(3, 0x7fff5b651390, 0x7fff5b651390, 16)                                                             = 0
8685 [0x7fa258ca780a] SYS_mmap(0, 4096, 3, 34)                                                                                     = 0x7fa258ea1000
8685 [0x7fa258ca780a] SYS_mmap(0, 0x207820, 5, 2050)                                                                               = 0x7fa256944000
8685 [0x7fa258ca7857] SYS_mprotect(0x7fa25694b000, 0x200000, 0, 2050)                                                              = 0
8685 [0x7fa258ca780a] SYS_mmap(0x7fa256b4b000, 4096, 3, 2066)                                                                      = 0x7fa256b4b000
8685 [0x7fa258ca7787] SYS_close(3, 16, 0x7fa256b4b188, 0x6ffffdff)                                                                 = 0
8685 [0x7fa258ca7677] SYS_open(0x7fa258ea14c8, 0x80000, 0, 0x6ffffdff)                                                             = 3
8685 [0x7fa258ca7697] SYS_read(3, 0x7fff5b651488, 832, 0x6ffffdff)                                                                 = 832
8685 [0x7fa258ca7604] SYS_fstat(3, 0x7fff5b651360, 0x7fff5b651360, 16)                                                             = 0
8685 [0x7fa258ca780a] SYS_mmap(0, 0x201f30, 5, 2050)                                                                               = 0x7fa256742000
8685 [0x7fa258ca7857] SYS_mprotect(0x7fa256744000, 0x1ff000, 0, 2050)                                                              = 0
8685 [0x7fa258ca780a] SYS_mmap(0x7fa256943000, 4096, 3, 2066)                                                                      = 0x7fa256943000
8685 [0x7fa258ca7787] SYS_close(3, 16, 0x7fa256943e18, 0x6ffffdff)                                                                 = 0
8685 [0x7fa258ca7677] SYS_open(0x7fa258ea1a60, 0x80000, 0, 0x7fa258ea54d0)                                                         = 3
8685 [0x7fa258ca7697] SYS_read(3, 0x7fff5b651458, 832, 0x7fa258ea54d0)                                                             = 832
8685 [0x7fa258ca7604] SYS_fstat(3, 0x7fff5b651330, 0x7fff5b651330, 16)                                                             = 0
8685 [0x7fa258ca780a] SYS_mmap(0, 0x2022e8, 5, 2050)                                                                               = 0x7fa25653f000
8685 [0x7fa258ca7857] SYS_mprotect(0x7fa256541000, 0x200000, 0, 2050)                                                              = 0
8685 [0x7fa258ca780a] SYS_mmap(0x7fa256741000, 4096, 3, 2066)                                                                      = 0x7fa256741000
8685 [0x7fa258ca7787] SYS_close(3, 16, 0x7fa256741198, 0x6ffffdff)                                                                 = 0
8685 [0x7fa258ca7677] SYS_open(0x7fa258ea1f40, 0x80000, 0, 0x6ffffdff)                                                             = 3
8685 [0x7fa258ca7697] SYS_read(3, 0x7fff5b651428, 832, 0x6ffffdff)                                                                 = 832
8685 [0x7fa258ca7604] SYS_fstat(3, 0x7fff5b651300, 0x7fff5b651300, 16)                                                             = 0
8685 [0x7fa258ca780a] SYS_mmap(0, 4096, 3, 34)                                                                                     = 0x7fa258ea0000
8685 [0x7fa258ca780a] SYS_mmap(0, 0x201f30, 5, 2050)                                                                               = 0x7fa25633d000
8685 [0x7fa258ca7857] SYS_mprotect(0x7fa25633f000, 0x1ff000, 0, 2050)                                                              = 0
8685 [0x7fa258ca780a] SYS_mmap(0x7fa25653e000, 4096, 3, 2066)                                                                      = 0x7fa25653e000
8685 [0x7fa258ca7787] SYS_close(3, 16, 0x7fa25653ee18, 0x6ffffdff)                                                                 = 0
8685 [0x7fa258ca7677] SYS_open(0x7fa258ea04c0, 0x80000, 0, 0x6ffffdff)                                                             = 3
8685 [0x7fa258ca7697] SYS_read(3, 0x7fff5b6513f8, 832, 0x6ffffdff)                                                                 = 832
8685 [0x7fa258ca7604] SYS_fstat(3, 0x7fff5b6512d0, 0x7fff5b6512d0, 16)                                                             = 0
8685 [0x7fa258ca780a] SYS_mmap(0, 0x2038b8, 5, 2050)                                                                               = 0x7fa256139000
8685 [0x7fa258ca7857] SYS_mprotect(0x7fa25613d000, 0x1ff000, 0, 2050)                                                              = 0
8685 [0x7fa258ca780a] SYS_mmap(0x7fa25633c000, 4096, 3, 2066)                                                                      = 0x7fa25633c000
8685 [0x7fa258ca7787] SYS_close(3, 16, 0x7fa25633c748, 0x6ffffdff)                                                                 = 0
8685 [0x7fa258ca7677] SYS_open(0x7fa258ea0a60, 0x80000, 0, 0x7fa258ea3000)                                                         = 3
8685 [0x7fa258ca7697] SYS_read(3, 0x7fff5b651398, 832, 0x7fa258ea3000)                                                             = 832
8685 [0x7fa258ca7604] SYS_fstat(3, 0x7fff5b651270, 0x7fff5b651270, 16)                                                             = 0
8685 [0x7fa258ca780a] SYS_mmap(0, 0x210848, 5, 2050)                                                                               = 0x7fa255f28000
8685 [0x7fa258ca7857] SYS_mprotect(0x7fa255f38000, 0x1ff000, 0, 2050)                                                              = 0
8685 [0x7fa258ca780a] SYS_mmap(0x7fa256137000, 8192, 3, 2066)                                                                      = 0x7fa256137000
8685 [0x7fa258ca7787] SYS_close(3, 16, 0x7fa256137d90, 0x6ffffdff)                                                                 = 0
8685 [0x7fa258ca7677] SYS_open(0x7fa258ea0f48, 0x80000, 0, 0x6ffffdff)                                                             = 3
8685 [0x7fa258ca7697] SYS_read(3, 0x7fff5b651368, 832, 0x6ffffdff)                                                                 = 832
8685 [0x7fa258ca7604] SYS_fstat(3, 0x7fff5b651240, 0x7fff5b651240, 16)                                                             = 0
8685 [0x7fa258ca780a] SYS_mmap(0, 4096, 3, 34)                                                                                     = 0x7fa258e9f000
8685 [0x7fa258ca780a] SYS_mmap(0, 0x20acf0, 5, 2050)                                                                               = 0x7fa255d1d000
8685 [0x7fa258ca7857] SYS_mprotect(0x7fa255d28000, 0x1ff000, 0, 2050)                                                              = 0
8685 [0x7fa258ca780a] SYS_mmap(0x7fa255f27000, 4096, 3, 2066)                                                                      = 0x7fa255f27000
8685 [0x7fa258ca7787] SYS_close(3, 16, 0x7fa255f27750, 0x6ffffdff)                                                                 = 0
8685 [0x7fa258ca7677] SYS_open(0x7fa258e9f560, 0x80000, 0, 0x7fa258ea3000)                                                         = 3
8685 [0x7fa258ca7697] SYS_read(3, 0x7fff5b651338, 832, 0x7fa258ea3000)                                                             = 832
8685 [0x7fa258ca7604] SYS_fstat(3, 0x7fff5b651210, 0x7fff5b651210, 32)                                                             = 0
8685 [0x7fa258ca780a] SYS_mmap(0, 0x2361e0, 5, 2050)                                                                               = 0x7fa255ae6000
8685 [0x7fa258ca7857] SYS_mprotect(0x7fa255aee000, 0x1ff000, 0, 2050)                                                              = 0
8685 [0x7fa258ca780a] SYS_mmap(0x7fa255ced000, 8192, 3, 2066)                                                                      = 0x7fa255ced000
8685 [0x7fa258ca780a] SYS_mmap(0x7fa255cef000, 0x2d1e0, 3, 50)                                                                     = 0x7fa255cef000
8685 [0x7fa258ca7787] SYS_close(3, 16, 0, 0x6ffffdff)                                                                              = 0
8685 [0x7fa258ca7677] SYS_open(0x7fa258e9fa30, 0x80000, 0, 0x6ffffdff)                                                             = 3
8685 [0x7fa258ca7697] SYS_read(3, 0x7fff5b651308, 832, 0x6ffffdff)                                                                 = 832
8685 [0x7fa258ca7604] SYS_fstat(3, 0x7fff5b6511e0, 0x7fff5b6511e0, 16)                                                             = 0
8685 [0x7fa258ca780a] SYS_mmap(0, 0x43fe88, 5, 2050)                                                                               = 0x7fa2556a6000
8685 [0x7fa258ca7857] SYS_mprotect(0x7fa2558bb000, 0x200000, 0, 2050)                                                              = 0
8685 [0x7fa258ca780a] SYS_mmap(0x7fa255abb000, 0x27000, 3, 2066)                                                                   = 0x7fa255abb000
8685 [0x7fa258ca780a] SYS_mmap(0x7fa255ae2000, 0x3e88, 3, 50)                                                                      = 0x7fa255ae2000
8685 [0x7fa258ca7857] SYS_mprotect(0x7fff5b653000, 4096, 0x1000007, 4)                                                             = 0
8685 [0x7fa258ca7787] SYS_close(3, 4096, 0x1000007, 4)                                                                             = 0
8685 [0x7fa258ca7677] SYS_open(0x7fa258e9ffb0, 0x80000, 0, 0x7fa258ea24d0)                                                         = 3
8685 [0x7fa258ca7697] SYS_read(3, 0x7fff5b6512d8, 832, 0x7fa258ea24d0)                                                             = 832
8685 [0x7fa258ca7604] SYS_fstat(3, 0x7fff5b6511b0, 0x7fff5b6511b0, 16)                                                             = 0
8685 [0x7fa258ca780a] SYS_mmap(0, 4096, 3, 34)                                                                                     = 0x7fa258e9e000
8685 [0x7fa258ca780a] SYS_mmap(0, 0x215730, 5, 2050)                                                                               = 0x7fa255490000
8685 [0x7fa258ca7857] SYS_mprotect(0x7fa2554a6000, 0x1ff000, 0, 2050)                                                              = 0
8685 [0x7fa258ca780a] SYS_mmap(0x7fa2556a5000, 4096, 3, 2066)                                                                      = 0x7fa2556a5000
8685 [0x7fa258ca7787] SYS_close(3, 16, 0x7fa2556a5490, 0x6ffffdff)                                                                 = 0
8685 [0x7fa258ca7677] SYS_open(0x7fa258e9e4f0, 0x80000, 0, 0x6ffffdff)                                                             = 3
8685 [0x7fa258ca7697] SYS_read(3, 0x7fff5b6512a8, 832, 0x6ffffdff)                                                                 = 832
8685 [0x7fa258ca7604] SYS_fstat(3, 0x7fff5b651180, 0x7fff5b651180, 32)                                                             = 0
8685 [0x7fa258ca780a] SYS_mmap(0, 0x2fd148, 5, 2050)                                                                               = 0x7fa255192000
8685 [0x7fa258ca7857] SYS_mprotect(0x7fa25528f000, 0x1ff000, 0, 2050)                                                              = 0
8685 [0x7fa258ca780a] SYS_mmap(0x7fa25548e000, 8192, 3, 2066)                                                                      = 0x7fa25548e000
8685 [0x7fa258ca7787] SYS_close(3, 16, 0, 0x6ffffdff)                                                                              = 0
8685 [0x7fa258ca7677] SYS_open(0x7fff5b651070, 0x80000, 0, 0x36782f39325f3130)                                                     = -2
8685 [0x7fa258ca75c5] SYS_stat(0x7fff5b651070, 0x7fff5b651150, 0x7fff5b651150, 0x36782f39325f3130)                                 = -2
8685 [0x7fa258ca7677] SYS_open(0x7fff5b651070, 0x80000, 0, 0x36782f39325f3130)                                                     = -2
8685 [0x7fa258ca75c5] SYS_stat(0x7fff5b651070, 0x7fff5b651150, 0x7fff5b651150, 0x36782f39325f3130)                                 = -2
8685 [0x7fa258ca7677] SYS_open(0x7fff5b651070, 0x80000, 0, 0x36782f39325f3130)                                                     = -2
8685 [0x7fa258ca75c5] SYS_stat(0x7fff5b651070, 0x7fff5b651150, 0x7fff5b651150, 0x36782f39325f3130)                                 = -2
8685 [0x7fa258ca7677] SYS_open(0x7fff5b651070, 0x80000, 0, 0x36782f39325f3130)                                                     = -2
8685 [0x7fa258ca75c5] SYS_stat(0x7fff5b651070, 0x7fff5b651150, 0x7fff5b651150, 0x36782f39325f3130)                                 = -2
8685 [0x7fa258ca7677] SYS_open(0x7fa258e9edd0, 0x80000, 0, 0x36782f39325f3130)                                                     = 3
8685 [0x7fa258ca7697] SYS_read(3, 0x7fff5b651278, 832, 0x36782f39325f3130)                                                         = 832
8685 [0x7fa258ca7604] SYS_fstat(3, 0x7fff5b651150, 0x7fff5b651150, 16)                                                             = 0
8685 [0x7fa258ca780a] SYS_mmap(0, 4096, 3, 34)                                                                                     = 0x7fa258e9d000
8685 [0x7fa258ca780a] SYS_mmap(0, 0x2f8980, 5, 2050)                                                                               = 0x7fa254e99000
8685 [0x7fa258ca7857] SYS_mprotect(0x7fa254f90000, 0x200000, 0, 2050)                                                              = 0
8685 [0x7fa258ca780a] SYS_mmap(0x7fa255190000, 8192, 3, 2066)                                                                      = 0x7fa255190000
8685 [0x7fa258ca7787] SYS_close(3, 16, 0x7fa2551903a0, 0x6ffffdff)                                                                 = 0
8685 [0x7fa258ca7677] SYS_open(0x7fa258e9d4c8, 0x80000, 0, 0x6ffffdff)                                                             = 3
8685 [0x7fa258ca7697] SYS_read(3, 0x7fff5b651248, 832, 0x6ffffdff)                                                                 = 832
8685 [0x7fa258ca7604] SYS_fstat(3, 0x7fff5b651120, 0x7fff5b651120, 16)                                                             = 0
8685 [0x7fa258ca780a] SYS_mmap(0, 0x2fc9d8, 5, 2050)                                                                               = 0x7fa254b9c000
8685 [0x7fa258ca7857] SYS_mprotect(0x7fa254c97000, 0x200000, 0, 2050)                                                              = 0
8685 [0x7fa258ca780a] SYS_mmap(0x7fa254e97000, 8192, 3, 2066)                                                                      = 0x7fa254e97000
8685 [0x7fa258ca7787] SYS_close(3, 16, 0x7fa254e98828, 0x6ffffdff)                                                                 = 0
8685 [0x7fa258ca7677] SYS_open(0x7fa258e9d998, 0x80000, 0, 0x6ffffdff)                                                             = 3
8685 [0x7fa258ca7697] SYS_read(3, 0x7fff5b651218, 832, 0x6ffffdff)                                                                 = 832
8685 [0x7fa258ca7604] SYS_fstat(3, 0x7fff5b6510f0, 0x7fff5b6510f0, 16)                                                             = 0
8685 [0x7fa258ca780a] SYS_mmap(0, 0x242830, 5, 2050)                                                                               = 0x7fa254959000
8685 [0x7fa258ca7857] SYS_mprotect(0x7fa25499c000, 0x1ff000, 0, 2050)                                                              = 0
8685 [0x7fa258ca780a] SYS_mmap(0x7fa254b9b000, 4096, 3, 2066)                                                                      = 0x7fa254b9b000
8685 [0x7fa258ca7787] SYS_close(3, 16, 0x7fa254b9b630, 0x6ffffdff)                                                                 = 0
8685 [0x7fa258ca7677] SYS_open(0x7fa258e9df70, 0x80000, 0, 0x7fa258ea49b8)                                                         = 3
8685 [0x7fa258ca7697] SYS_read(3, 0x7fff5b6511e8, 832, 0x7fa258ea49b8)                                                             = 832
8685 [0x7fa258ca7604] SYS_fstat(3, 0x7fff5b6510c0, 0x7fff5b6510c0, 32)                                                             = 0
8685 [0x7fa258ca780a] SYS_mmap(0, 4096, 3, 34)                                                                                     = 0x7fa258e9c000
8685 [0x7fa258ca780a] SYS_mmap(0, 0x203118, 5, 2050)                                                                               = 0x7fa254755000
8685 [0x7fa258ca7857] SYS_mprotect(0x7fa254757000, 0x200000, 0, 2050)                                                              = 0
8685 [0x7fa258ca780a] SYS_mmap(0x7fa254957000, 8192, 3, 2066)                                                                      = 0x7fa254957000
8685 [0x7fa258ca7787] SYS_close(3, 16, 0x7fa254957f40, 0x6ffffdff)                                                                 = 0
8685 [0x7fa258ca780a] SYS_mmap(0, 4096, 3, 34)                                                                                     = 0x7fa258e9b000
8685 [0x7fa258ca780a] SYS_mmap(0, 4096, 3, 34)                                                                                     = 0x7fa258e9a000
8685 [0x7fa258ca780a] SYS_mmap(0, 8192, 3, 34)                                                                                     = 0x7fa258e98000
8685 [0x7fa258c91044] SYS_arch_prctl(4098, 0x7fa258e98780, 0x7fa258e99080, 34)                                                     = 0
8685 [0x7fa258ca7857] SYS_mprotect(0x7fa2585e7000, 0x4000, 1, 1)                                                                   = 0
8685 [0x7fa258ca7857] SYS_mprotect(0x7fa254957000, 4096, 1, 0x7fa254755c68)                                                        = 0
8685 [0x7fa258ca7857] SYS_mprotect(0x7fa25778d000, 4096, 1, 0x7fa25757b500)                                                        = 0
8685 [0x7fa258ca7857] SYS_mprotect(0x7fa25548e000, 4096, 1, 1)                                                                     = 0
8685 [0x7fa258ca7857] SYS_mprotect(0x7fa255ced000, 4096, 1, 0x7fa255ae6a00)                                                        = 0
8685 [0x7fa258ca7857] SYS_mprotect(0x7fa257a51000, 0x7000, 1, 0x7fa2577eb810)                                                      = 0
8685 [0x7fa258ca7857] SYS_mprotect(0x7fa257574000, 4096, 1, 0x7fa25736fd58)                                                        = 0
8685 [0x7fa258ca7857] SYS_mprotect(0x7fa258eb0000, 4096, 1, 0)                                                                     = 0
8685 [0x7fa258ca7837] SYS_munmap(0x7fa258ea6000, 0x83b3, 0x73500, 0)                                                               = 0
8685 [0x7fa25757ce92] SYS_set_tid_address(0x7fa258e98a50, 0x7fff5b6531d8, 0x7fa258e98780, 0)                                       = 8685
8685 [0x7fa25757cefa] SYS_set_robust_list(0x7fa258e98a60, 24, 0x7fa258e98780, 0)                                                   = 0
8685 [0x7fa257586cf5] SYS_rt_sigaction(32, 0x7fff5b652f28, 0, 8)                                                                   = 0
8685 [0x7fa257586cf5] SYS_rt_sigaction(33, 0x7fff5b652f28, 0, 8)                                                                   = 0
8685 [0x7fa25757cfd6] SYS_rt_sigprocmask(1, 0x7fff5b653078, 0, 8)                                                                  = 0
8685 [0x7fa258333b17] SYS_getrlimit(3, 0x7fff5b653110, 63, 1)                                                                      = 0
8685 [0x7fa25757cb95] SYS_futex(0x7fa257a5b7e0, 129, 0x7fffffff, 0)                                                                = 0
8685 [0x4009e1] ledctrl->Hal_Led_Set_Mode(10, 0, 0x7fa2583a1c60, 0 <unfinished ...>
8685 [0x7fa2585f7575]   libnhal.so->Hal_Lookup_Hardware_Info(0x7fff5b652f00, 0, 0x7fa2583a1c60, 0 <unfinished ...>
8685 [0x7fa25832e557]     SYS_statfs(0x7fa2575891e8, 0x7fff5b652cf0, 0x7fa257792310, 1)                                            = 0
8685 [0x7fa25757cb95]     SYS_futex(0x7fa257792310, 129, 0x7fffffff, 0)                                                            = 0
8685 [0x7fa25832e7e0]     SYS_open(0x7fff5b652e00, 0xa0002, 484, 1)                                                                = 3
8685 [0x7fa25833772a]     SYS_mmap(0, 220, 3, 1)                                                                                   = 0x7fa258eae000
8685 [0x7fa25832f070]     SYS_close(3, 220, 3, 1)                                                                                  = 0
8685 [0x7fa2585f67f0]     libnhal.so->Hw_Semaphore_Init(0x7fff5b652eb0, 0x7fa2585f9287, 1, -1 <unfinished ...>
8685 [0x7fa25832e405]       SYS_lstat(0x7fff5b652d60, 0x7fff5b652c70, 0x7fff5b652c70, 0)                                           = -2
8685 [0x7fa257586510]       SYS_open(0x7fff5b652d60, 194, 600, 0)                                                                  = 3
8685 [0x7fa257585da0]       SYS_write(3, 0x7fff5b652de0, 32, 0)                                                                    = 32
8685 [0x7fa25833772a]       SYS_mmap(0, 32, 3, 1)                                                                                  = 0x7fa258ead000
8685 [0x7fa2583301a7]       SYS_link(0x7fff5b652d60, 0x7fff5b652d90, 3, 1)                                                         = -17
8685 [0x7fa258337757]       SYS_munmap(0x7fa258ead000, 32, 3, 1)                                                                   = 0
8685 [0x7fa2583302c7]       SYS_unlink(0x7fff5b652d60, 32, 3, 1)                                                                   = 0
8685 [0x7fa257585e60]       SYS_close(3, 32, 3, 1)                                                                                 = 0
8685 [0x7fa257586510]       SYS_open(0x7fff5b652d90, 0x20002, 18, 1)                                                               = 3
8685 [0x7fa25832e3b4]       SYS_fstat(3, 0x7fff5b652cc0, 0x7fff5b652cc0, 1)                                                        = 0
8685 [0x7fa258333f5a]       SYS_brk(0, 0x7fa2585eb640, 0, -4096)                                                                   = 0x20ef000
8685 [0x7fa258333f5a]       SYS_brk(0x2110000, 0x20ef000, 0x2110000, -4096)                                                        = 0x2110000
8685 [0x7fa25833772a]       SYS_mmap(0, 32, 3, 1)                                                                                  = 0x7fa258ead000
8685 [0x7fa257585e60]       SYS_close(3, 32, 0, 3)                                                                                 = 0
8685 [0x7fa2585f67f0]     <... Hw_Semaphore_Init resumed> )                                                                        = 17
8685 [0x7fa2585f6800]     libnhal.so->Hw_Semaphore_Lock(0x7fff5b652eb0, 32, 0x7fa258ead000, -1)                                    = 0
8685 [0x7fa2585f6918]     libnhal.so->Hw_Semaphore_Unlock(0x7fff5b652eb0, 2, 0x7fa258eae000, 0)                                    = 0
8685 [0x7fa2585f6924]     libnhal.so->Hw_Semaphore_Release(0x7fff5b652eb0, 128, 0, 0 <unfinished ...>
8685 [0x7fa258337757]       SYS_munmap(0x7fa258ead000, 32, 0, 1)                                                                   = 0
8685 [0x7fa2585f6924]     <... Hw_Semaphore_Release resumed> )                                                                     = 0
8685 [0x7fa2585f7575]   <... Hal_Lookup_Hardware_Info resumed> )                                                                   = 0
8685 [0x4009e1] <... Hal_Led_Set_Mode resumed> )                                                                                   = 0xffffff67
8685 [0x7fa258288932] libgeneral.so->Trace_Mem_Destroy()(0x7fa257fa0d40, 0, 0xe3df03353a966482, 16)                                = 0
8685 [0x7fa25830b468] SYS_exit_group(-153, 60, -153, 0x7fa2585eea48 <unfinished ...>
8685 [0xffffffffffffffff] +++ exited (status 103) +++
