8615 [0x7fb0c64d78aa] SYS_brk(0, 0x7fb0c64dafa0, 0, 895)                                                                           = 0x110b000
8615 [0x7fb0c64d87e7] SYS_readlink(0x7fff7cceab7e, 0x7fff7cce8100, 4096, 0x756e694c00000000)                                       = -2
8615 [0x7fb0c64d8677] SYS_open(0x7fb0c64dc1f3, 0, 0, 0x756e694c00000000)                                                           = 3
8615 [0x7fb0c64d87a7] SYS_chdir(0x7fb0c66e3ba8, 0, 0, 0x756e694c00000000)                                                          = -2
8615 [0x7fb0c64d79d2] SYS_getcwd(0x7fff7cce8100, 4096, 0, 0x756e694c00000000)                                                      = 23
8615 [0x7fb0c64d87c7] SYS_fchdir(3, 4096, 0, 0x756e694c00000000)                                                                   = 0
8615 [0x7fb0c64d8787] SYS_close(3, 4096, 0, 0x756e694c00000000)                                                                    = 0
8615 [0x7fb0c64d880a] SYS_mmap(0, 4096, 3, 34)                                                                                     = 0x7fb0c66e0000
8615 [0x7fb0c64d86d7] SYS_access(0x7fb0c64de700, 4, 0x7fb0c66e3718, 0)                                                             = -2
8615 [0x7fb0c64d8677] SYS_open(0x7fb0c64dc072, 0x80000, 1, 0)                                                                      = 3
8615 [0x7fb0c64d8604] SYS_fstat(3, 0x7fff7cce78e0, 0x7fff7cce78e0, 0)                                                              = 0
8615 [0x7fb0c64d880a] SYS_mmap(0, 0x83b3, 1, 2)                                                                                    = 0x7fb0c66d7000
8615 [0x7fb0c64d8787] SYS_close(3, 0x83b3, 1, 2)                                                                                   = 0
8615 [0x7fb0c64d8677] SYS_open(0x7fb0c66e0640, 0x80000, 0, 56)                                                                     = 3
8615 [0x7fb0c64d8697] SYS_read(3, 0x7fff7cce7a68, 832, 56)                                                                         = 832
8615 [0x7fb0c64d8604] SYS_fstat(3, 0x7fff7cce7940, 0x7fff7cce7940, 16)                                                             = 0
8615 [0x7fb0c64d880a] SYS_mmap(0, 0x278960, 5, 2050)                                                                               = 0x7fb0c6248000
8615 [0x7fb0c64d8857] SYS_mprotect(0x7fb0c62be000, 0x200000, 0, 2050)                                                              = 0
8615 [0x7fb0c64d880a] SYS_mmap(0x7fb0c64be000, 0x3000, 3, 2066)                                                                    = 0x7fb0c64be000
8615 [0x7fb0c64d8787] SYS_close(3, 16, 0x7fb0c64be3e0, 0x6ffffdff)                                                                 = 0
8615 [0x7fb0c64d8677] SYS_open(0x7fb0c66e0b10, 0x80000, 0, 0x6ffffdff)                                                             = 3
8615 [0x7fb0c64d8697] SYS_read(3, 0x7fff7cce7a38, 832, 0x6ffffdff)                                                                 = 832
8615 [0x7fb0c64d8604] SYS_fstat(3, 0x7fff7cce7910, 0x7fff7cce7910, 16)                                                             = 0
8615 [0x7fb0c64d880a] SYS_mmap(0, 0x21bee0, 5, 2050)                                                                               = 0x7fb0c602c000
8615 [0x7fb0c64d8857] SYS_mprotect(0x7fb0c6047000, 0x200000, 0, 2050)                                                              = 0
8615 [0x7fb0c64d880a] SYS_mmap(0x7fb0c6247000, 4096, 3, 2066)                                                                      = 0x7fb0c6247000
8615 [0x7fb0c64d8787] SYS_close(3, 16, 0x7fb0c6247208, 0x6ffffdff)                                                                 = 0
8615 [0x7fb0c64d8677] SYS_open(0x7fb0c66e0fe0, 0x80000, 0, 0x6ffffdff)                                                             = 3
8615 [0x7fb0c64d8697] SYS_read(3, 0x7fff7cce7a08, 832, 0x6ffffdff)                                                                 = 832
8615 [0x7fb0c64d8604] SYS_fstat(3, 0x7fff7cce78e0, 0x7fff7cce78e0, 16)                                                             = 0
8615 [0x7fb0c64d880a] SYS_mmap(0, 4096, 3, 34)                                                                                     = 0x7fb0c66d6000
8615 [0x7fb0c64d880a] SYS_mmap(0, 0x209ad0, 5, 2050)                                                                               = 0x7fb0c5e22000
8615 [0x7fb0c64d8857] SYS_mprotect(0x7fb0c5e2c000, 0x1ff000, 0, 2050)                                                              = 0
8615 [0x7fb0c64d880a] SYS_mmap(0x7fb0c602b000, 4096, 3, 2066)                                                                      = 0x7fb0c602b000
8615 [0x7fb0c64d8787] SYS_close(3, 16, 0x7fb0c602b690, 0x6ffffdff)                                                                 = 0
8615 [0x7fb0c64d8677] SYS_open(0x7fb0c66d64b8, 0x80000, 0, 0x6ffffdff)                                                             = 3
8615 [0x7fb0c64d8697] SYS_read(3, 0x7fff7cce79d8, 832, 0x6ffffdff)                                                                 = 832
8615 [0x7fb0c64d8604] SYS_fstat(3, 0x7fff7cce78b0, 0x7fff7cce78b0, 32)                                                             = 0
8615 [0x7fb0c64d880a] SYS_mmap(0, 0x39dc40, 5, 2050)                                                                               = 0x7fb0c5a84000
8615 [0x7fb0c64d8857] SYS_mprotect(0x7fb0c5c18000, 0x200000, 0, 2050)                                                              = 0
8615 [0x7fb0c64d880a] SYS_mmap(0x7fb0c5e18000, 0x6000, 3, 2066)                                                                    = 0x7fb0c5e18000
8615 [0x7fb0c64d880a] SYS_mmap(0x7fb0c5e1e000, 0x3c40, 3, 50)                                                                      = 0x7fb0c5e1e000
8615 [0x7fb0c64d8787] SYS_close(3, 16, 0, 0x6ffffdff)                                                                              = 0
8615 [0x7fb0c64d8677] SYS_open(0x7fb0c66d6988, 0x80000, 0, 0x6ffffdff)                                                             = 3
8615 [0x7fb0c64d8697] SYS_read(3, 0x7fff7cce7888, 832, 0x6ffffdff)                                                                 = 832
8615 [0x7fb0c64d8604] SYS_fstat(3, 0x7fff7cce7760, 0x7fff7cce7760, 16)                                                             = 0
8615 [0x7fb0c64d880a] SYS_mmap(0, 0x2b09d0, 5, 2050)                                                                               = 0x7fb0c57d3000
8615 [0x7fb0c64d8857] SYS_mprotect(0x7fb0c5882000, 0x1ff000, 0, 2050)                                                              = 0
8615 [0x7fb0c64d880a] SYS_mmap(0x7fb0c5a81000, 0x3000, 3, 2066)                                                                    = 0x7fb0c5a81000
8615 [0x7fb0c64d8787] SYS_close(3, 16, 0x7fb0c5a819a8, 0x6ffffdff)                                                                 = 0
8615 [0x7fb0c64d8677] SYS_open(0x7fb0c66d6e58, 0x80000, 0, 0x6ffffdff)                                                             = 3
8615 [0x7fb0c64d8697] SYS_read(3, 0x7fff7cce7858, 832, 0x6ffffdff)                                                                 = 832
8615 [0x7fb0c64d8604] SYS_fstat(3, 0x7fff7cce7730, 0x7fff7cce7730, 16)                                                             = 0
8615 [0x7fb0c64d880a] SYS_mmap(0, 4096, 3, 34)                                                                                     = 0x7fb0c66d5000
8615 [0x7fb0c64d880a] SYS_mmap(0, 0x294ee0, 5, 2050)                                                                               = 0x7fb0c553e000
8615 [0x7fb0c64d8857] SYS_mprotect(0x7fb0c55d0000, 0x1ff000, 0, 2050)                                                              = 0
8615 [0x7fb0c64d880a] SYS_mmap(0x7fb0c57cf000, 0x3000, 3, 2066)                                                                    = 0x7fb0c57cf000
8615 [0x7fb0c64d880a] SYS_mmap(0x7fb0c57d2000, 3808, 3, 50)                                                                        = 0x7fb0c57d2000
8615 [0x7fb0c64d8787] SYS_close(3, 16, 0x7fb0c57cfe30, 0x6ffffdff)                                                                 = 0
8615 [0x7fb0c64d8677] SYS_open(0x7fb0c66d54b8, 0x80000, 0, 0x6ffffdff)                                                             = 3
8615 [0x7fb0c64d8697] SYS_read(3, 0x7fff7cce7828, 832, 0x6ffffdff)                                                                 = 832
8615 [0x7fb0c64d8604] SYS_fstat(3, 0x7fff7cce7700, 0x7fff7cce7700, 16)                                                             = 0
8615 [0x7fb0c64d880a] SYS_mmap(0, 0x29d850, 5, 2050)                                                                               = 0x7fb0c52a0000
8615 [0x7fb0c64d8857] SYS_mprotect(0x7fb0c5339000, 0x200000, 0, 2050)                                                              = 0
8615 [0x7fb0c64d880a] SYS_mmap(0x7fb0c5539000, 0x3000, 3, 2066)                                                                    = 0x7fb0c5539000
8615 [0x7fb0c64d880a] SYS_mmap(0x7fb0c553c000, 6224, 3, 50)                                                                        = 0x7fb0c553c000
8615 [0x7fb0c64d8787] SYS_close(3, 16, 0x7fb0c553acc8, 0x6ffffdff)                                                                 = 0
8615 [0x7fb0c64d8677] SYS_open(0x7fb0c66d59a0, 0x80000, 0, 0x6ffffdff)                                                             = 3
8615 [0x7fb0c64d8697] SYS_read(3, 0x7fff7cce77f8, 832, 0x6ffffdff)                                                                 = 832
8615 [0x7fb0c64d8604] SYS_fstat(3, 0x7fff7cce76d0, 0x7fff7cce76d0, 16)                                                             = 0
8615 [0x7fb0c64d880a] SYS_mmap(0, 0x2dbbb0, 5, 2050)                                                                               = 0x7fb0c4fc4000
8615 [0x7fb0c64d8857] SYS_mprotect(0x7fb0c5082000, 0x200000, 0, 2050)                                                              = 0
8615 [0x7fb0c64d880a] SYS_mmap(0x7fb0c5282000, 0xa000, 3, 2066)                                                                    = 0x7fb0c5282000
8615 [0x7fb0c64d880a] SYS_mmap(0x7fb0c528c000, 0x13bb0, 3, 50)                                                                     = 0x7fb0c528c000
8615 [0x7fb0c64d8787] SYS_close(3, 16, 0x7fb0c52884d8, 0x6ffffdff)                                                                 = 0
8615 [0x7fb0c64d8677] SYS_open(0x7fb0c66d5e70, 0x80000, 0, 0x6ffffdff)                                                             = 3
8615 [0x7fb0c64d8697] SYS_read(3, 0x7fff7cce77c8, 832, 0x6ffffdff)                                                                 = 832
8615 [0x7fb0c64d8604] SYS_fstat(3, 0x7fff7cce76a0, 0x7fff7cce76a0, 32)                                                             = 0
8615 [0x7fb0c64d880a] SYS_mmap(0, 4096, 3, 34)                                                                                     = 0x7fb0c66d4000
8615 [0x7fb0c64d880a] SYS_mmap(0, 0x21c490, 5, 2050)                                                                               = 0x7fb0c4da7000
8615 [0x7fb0c64d8857] SYS_mprotect(0x7fb0c4dbf000, 0x1ff000, 0, 2050)                                                              = 0
8615 [0x7fb0c64d880a] SYS_mmap(0x7fb0c4fbe000, 8192, 3, 2066)                                                                      = 0x7fb0c4fbe000
8615 [0x7fb0c64d880a] SYS_mmap(0x7fb0c4fc0000, 0x3490, 3, 50)                                                                      = 0x7fb0c4fc0000
8615 [0x7fb0c64d8787] SYS_close(3, 16, 0, 0x6ffffdff)                                                                              = 0
8615 [0x7fb0c64d8677] SYS_open(0x7fb0c66d44b8, 0x80000, 0, 0x6ffffdff)                                                             = 3
8615 [0x7fb0c64d8697] SYS_read(3, 0x7fff7cce7798, 832, 0x6ffffdff)                                                                 = 832
8615 [0x7fb0c64d8604] SYS_fstat(3, 0x7fff7cce7670, 0x7fff7cce7670, 32)                                                             = 0
8615 [0x7fb0c64d880a] SYS_mmap(0, 0x207bc0, 5, 2050)                                                                               = 0x7fb0c4b9f000
8615 [0x7fb0c64d8857] SYS_mprotect(0x7fb0c4ba6000, 0x1ff000, 0, 2050)                                                              = 0
8615 [0x7fb0c64d880a] SYS_mmap(0x7fb0c4da5000, 8192, 3, 2066)                                                                      = 0x7fb0c4da5000
8615 [0x7fb0c64d8787] SYS_close(3, 16, 0, 0x6ffffdff)                                                                              = 0
8615 [0x7fb0c64d8677] SYS_open(0x7fb0c66d4988, 0x80000, 0, 0x6ffffdff)                                                             = 3
8615 [0x7fb0c64d8697] SYS_read(3, 0x7fff7cce7768, 832, 0x6ffffdff)                                                                 = 832
8615 [0x7fb0c64d8604] SYS_fstat(3, 0x7fff7cce7640, 0x7fff7cce7640, 16)                                                             = 0
8615 [0x7fb0c64d880a] SYS_mmap(0, 0x202e20, 5, 2050)                                                                               = 0x7fb0c499c000
8615 [0x7fb0c64d8857] SYS_mprotect(0x7fb0c499f000, 0x1ff000, 0, 2050)                                                              = 0
8615 [0x7fb0c64d880a] SYS_mmap(0x7fb0c4b9e000, 4096, 3, 2066)                                                                      = 0x7fb0c4b9e000
8615 [0x7fb0c64d8787] SYS_close(3, 16, 0x7fb0c4b9ec28, 0x6ffffdff)                                                                 = 0
8615 [0x7fb0c64d8677] SYS_open(0x7fb0c66d4e58, 0x80000, 0, 0x6ffffdff)                                                             = 3
8615 [0x7fb0c64d8697] SYS_read(3, 0x7fff7cce7738, 832, 0x6ffffdff)                                                                 = 832
8615 [0x7fb0c64d8604] SYS_fstat(3, 0x7fff7cce7610, 0x7fff7cce7610, 16)                                                             = 0
8615 [0x7fb0c64d880a] SYS_mmap(0, 4096, 3, 34)                                                                                     = 0x7fb0c66d3000
8615 [0x7fb0c64d880a] SYS_mmap(0, 0x209850, 5, 2050)                                                                               = 0x7fb0c4792000
8615 [0x7fb0c64d8857] SYS_mprotect(0x7fb0c479c000, 0x1ff000, 0, 2050)                                                              = 0
8615 [0x7fb0c64d880a] SYS_mmap(0x7fb0c499b000, 4096, 3, 2066)                                                                      = 0x7fb0c499b000
8615 [0x7fb0c64d8787] SYS_close(3, 16, 0x7fb0c499b618, 0x6ffffdff)                                                                 = 0
8615 [0x7fb0c64d8677] SYS_open(0x7fb0c66d34b8, 0x80000, 0, 0x6ffffdff)                                                             = 3
8615 [0x7fb0c64d8697] SYS_read(3, 0x7fff7cce7708, 832, 0x6ffffdff)                                                                 = 832
8615 [0x7fb0c64d8604] SYS_fstat(3, 0x7fff7cce75e0, 0x7fff7cce75e0, 16)                                                             = 0
8615 [0x7fb0c64d880a] SYS_mmap(0, 0x210868, 5, 2050)                                                                               = 0x7fb0c4581000
8615 [0x7fb0c64d8857] SYS_mprotect(0x7fb0c4592000, 0x1ff000, 0, 2050)                                                              = 0
8615 [0x7fb0c64d880a] SYS_mmap(0x7fb0c4791000, 4096, 3, 2066)                                                                      = 0x7fb0c4791000
8615 [0x7fb0c64d8787] SYS_close(3, 16, 0x7fb0c4791408, 0x6ffffdff)                                                                 = 0
8615 [0x7fb0c64d8677] SYS_open(0x7fb0c66d3a40, 0x80000, 0, 0x7fb0c66d49a0)                                                         = 3
8615 [0x7fb0c64d8697] SYS_read(3, 0x7fff7cce75a8, 832, 0x7fb0c66d49a0)                                                             = 832
8615 [0x7fb0c64d8604] SYS_fstat(3, 0x7fff7cce7480, 0x7fff7cce7480, 16)                                                             = 0
8615 [0x7fb0c64d880a] SYS_mmap(0, 0x2032c8, 5, 2050)                                                                               = 0x7fb0c437d000
8615 [0x7fb0c64d8857] SYS_mprotect(0x7fb0c4380000, 0x200000, 0, 2050)                                                              = 0
8615 [0x7fb0c64d880a] SYS_mmap(0x7fb0c4580000, 4096, 3, 2066)                                                                      = 0x7fb0c4580000
8615 [0x7fb0c64d8787] SYS_close(3, 16, 0x7fb0c4580188, 0x6ffffdff)                                                                 = 0
8615 [0x7fb0c64d8677] SYS_open(0x7fb0c66d3f28, 0x80000, 0, 0x6ffffdff)                                                             = 3
8615 [0x7fb0c64d8697] SYS_read(3, 0x7fff7cce7578, 832, 0x6ffffdff)                                                                 = 832
8615 [0x7fb0c64d8604] SYS_fstat(3, 0x7fff7cce7450, 0x7fff7cce7450, 16)                                                             = 0
8615 [0x7fb0c64d880a] SYS_mmap(0, 4096, 3, 34)                                                                                     = 0x7fb0c66d2000
8615 [0x7fb0c64d880a] SYS_mmap(0, 0x207820, 5, 2050)                                                                               = 0x7fb0c4175000
8615 [0x7fb0c64d8857] SYS_mprotect(0x7fb0c417c000, 0x200000, 0, 2050)                                                              = 0
8615 [0x7fb0c64d880a] SYS_mmap(0x7fb0c437c000, 4096, 3, 2066)                                                                      = 0x7fb0c437c000
8615 [0x7fb0c64d8787] SYS_close(3, 16, 0x7fb0c437c188, 0x6ffffdff)                                                                 = 0
8615 [0x7fb0c64d8677] SYS_open(0x7fb0c66d24c8, 0x80000, 0, 0x6ffffdff)                                                             = 3
8615 [0x7fb0c64d8697] SYS_read(3, 0x7fff7cce7548, 832, 0x6ffffdff)                                                                 = 832
8615 [0x7fb0c64d8604] SYS_fstat(3, 0x7fff7cce7420, 0x7fff7cce7420, 16)                                                             = 0
8615 [0x7fb0c64d880a] SYS_mmap(0, 0x201f30, 5, 2050)                                                                               = 0x7fb0c3f73000
8615 [0x7fb0c64d8857] SYS_mprotect(0x7fb0c3f75000, 0x1ff000, 0, 2050)                                                              = 0
8615 [0x7fb0c64d880a] SYS_mmap(0x7fb0c4174000, 4096, 3, 2066)                                                                      = 0x7fb0c4174000
8615 [0x7fb0c64d8787] SYS_close(3, 16, 0x7fb0c4174e18, 0x6ffffdff)                                                                 = 0
8615 [0x7fb0c64d8677] SYS_open(0x7fb0c66d2a60, 0x80000, 0, 0x7fb0c66d64d0)                                                         = 3
8615 [0x7fb0c64d8697] SYS_read(3, 0x7fff7cce7518, 832, 0x7fb0c66d64d0)                                                             = 832
8615 [0x7fb0c64d8604] SYS_fstat(3, 0x7fff7cce73f0, 0x7fff7cce73f0, 16)                                                             = 0
8615 [0x7fb0c64d880a] SYS_mmap(0, 0x2022e8, 5, 2050)                                                                               = 0x7fb0c3d70000
8615 [0x7fb0c64d8857] SYS_mprotect(0x7fb0c3d72000, 0x200000, 0, 2050)                                                              = 0
8615 [0x7fb0c64d880a] SYS_mmap(0x7fb0c3f72000, 4096, 3, 2066)                                                                      = 0x7fb0c3f72000
8615 [0x7fb0c64d8787] SYS_close(3, 16, 0x7fb0c3f72198, 0x6ffffdff)                                                                 = 0
8615 [0x7fb0c64d8677] SYS_open(0x7fb0c66d2f40, 0x80000, 0, 0x6ffffdff)                                                             = 3
8615 [0x7fb0c64d8697] SYS_read(3, 0x7fff7cce74e8, 832, 0x6ffffdff)                                                                 = 832
8615 [0x7fb0c64d8604] SYS_fstat(3, 0x7fff7cce73c0, 0x7fff7cce73c0, 16)                                                             = 0
8615 [0x7fb0c64d880a] SYS_mmap(0, 4096, 3, 34)                                                                                     = 0x7fb0c66d1000
8615 [0x7fb0c64d880a] SYS_mmap(0, 0x201f30, 5, 2050)                                                                               = 0x7fb0c3b6e000
8615 [0x7fb0c64d8857] SYS_mprotect(0x7fb0c3b70000, 0x1ff000, 0, 2050)                                                              = 0
8615 [0x7fb0c64d880a] SYS_mmap(0x7fb0c3d6f000, 4096, 3, 2066)                                                                      = 0x7fb0c3d6f000
8615 [0x7fb0c64d8787] SYS_close(3, 16, 0x7fb0c3d6fe18, 0x6ffffdff)                                                                 = 0
8615 [0x7fb0c64d8677] SYS_open(0x7fb0c66d14c0, 0x80000, 0, 0x6ffffdff)                                                             = 3
8615 [0x7fb0c64d8697] SYS_read(3, 0x7fff7cce74b8, 832, 0x6ffffdff)                                                                 = 832
8615 [0x7fb0c64d8604] SYS_fstat(3, 0x7fff7cce7390, 0x7fff7cce7390, 16)                                                             = 0
8615 [0x7fb0c64d880a] SYS_mmap(0, 0x2038b8, 5, 2050)                                                                               = 0x7fb0c396a000
8615 [0x7fb0c64d8857] SYS_mprotect(0x7fb0c396e000, 0x1ff000, 0, 2050)                                                              = 0
8615 [0x7fb0c64d880a] SYS_mmap(0x7fb0c3b6d000, 4096, 3, 2066)                                                                      = 0x7fb0c3b6d000
8615 [0x7fb0c64d8787] SYS_close(3, 16, 0x7fb0c3b6d748, 0x6ffffdff)                                                                 = 0
8615 [0x7fb0c64d8677] SYS_open(0x7fb0c66d1a60, 0x80000, 0, 0x7fb0c66d4000)                                                         = 3
8615 [0x7fb0c64d8697] SYS_read(3, 0x7fff7cce7458, 832, 0x7fb0c66d4000)                                                             = 832
8615 [0x7fb0c64d8604] SYS_fstat(3, 0x7fff7cce7330, 0x7fff7cce7330, 16)                                                             = 0
8615 [0x7fb0c64d880a] SYS_mmap(0, 0x210848, 5, 2050)                                                                               = 0x7fb0c3759000
8615 [0x7fb0c64d8857] SYS_mprotect(0x7fb0c3769000, 0x1ff000, 0, 2050)                                                              = 0
8615 [0x7fb0c64d880a] SYS_mmap(0x7fb0c3968000, 8192, 3, 2066)                                                                      = 0x7fb0c3968000
8615 [0x7fb0c64d8787] SYS_close(3, 16, 0x7fb0c3968d90, 0x6ffffdff)                                                                 = 0
8615 [0x7fb0c64d8677] SYS_open(0x7fb0c66d1f48, 0x80000, 0, 0x6ffffdff)                                                             = 3
8615 [0x7fb0c64d8697] SYS_read(3, 0x7fff7cce7428, 832, 0x6ffffdff)                                                                 = 832
8615 [0x7fb0c64d8604] SYS_fstat(3, 0x7fff7cce7300, 0x7fff7cce7300, 16)                                                             = 0
8615 [0x7fb0c64d880a] SYS_mmap(0, 4096, 3, 34)                                                                                     = 0x7fb0c66d0000
8615 [0x7fb0c64d880a] SYS_mmap(0, 0x20acf0, 5, 2050)                                                                               = 0x7fb0c354e000
8615 [0x7fb0c64d8857] SYS_mprotect(0x7fb0c3559000, 0x1ff000, 0, 2050)                                                              = 0
8615 [0x7fb0c64d880a] SYS_mmap(0x7fb0c3758000, 4096, 3, 2066)                                                                      = 0x7fb0c3758000
8615 [0x7fb0c64d8787] SYS_close(3, 16, 0x7fb0c3758750, 0x6ffffdff)                                                                 = 0
8615 [0x7fb0c64d8677] SYS_open(0x7fb0c66d0560, 0x80000, 0, 0x7fb0c66d4000)                                                         = 3
8615 [0x7fb0c64d8697] SYS_read(3, 0x7fff7cce73f8, 832, 0x7fb0c66d4000)                                                             = 832
8615 [0x7fb0c64d8604] SYS_fstat(3, 0x7fff7cce72d0, 0x7fff7cce72d0, 32)                                                             = 0
8615 [0x7fb0c64d880a] SYS_mmap(0, 0x2361e0, 5, 2050)                                                                               = 0x7fb0c3317000
8615 [0x7fb0c64d8857] SYS_mprotect(0x7fb0c331f000, 0x1ff000, 0, 2050)                                                              = 0
8615 [0x7fb0c64d880a] SYS_mmap(0x7fb0c351e000, 8192, 3, 2066)                                                                      = 0x7fb0c351e000
8615 [0x7fb0c64d880a] SYS_mmap(0x7fb0c3520000, 0x2d1e0, 3, 50)                                                                     = 0x7fb0c3520000
8615 [0x7fb0c64d8787] SYS_close(3, 16, 0, 0x6ffffdff)                                                                              = 0
8615 [0x7fb0c64d8677] SYS_open(0x7fb0c66d0a30, 0x80000, 0, 0x6ffffdff)                                                             = 3
8615 [0x7fb0c64d8697] SYS_read(3, 0x7fff7cce73c8, 832, 0x6ffffdff)                                                                 = 832
8615 [0x7fb0c64d8604] SYS_fstat(3, 0x7fff7cce72a0, 0x7fff7cce72a0, 16)                                                             = 0
8615 [0x7fb0c64d880a] SYS_mmap(0, 0x43fe88, 5, 2050)                                                                               = 0x7fb0c2ed7000
8615 [0x7fb0c64d8857] SYS_mprotect(0x7fb0c30ec000, 0x200000, 0, 2050)                                                              = 0
8615 [0x7fb0c64d880a] SYS_mmap(0x7fb0c32ec000, 0x27000, 3, 2066)                                                                   = 0x7fb0c32ec000
8615 [0x7fb0c64d880a] SYS_mmap(0x7fb0c3313000, 0x3e88, 3, 50)                                                                      = 0x7fb0c3313000
8615 [0x7fb0c64d8857] SYS_mprotect(0x7fff7cce9000, 4096, 0x1000007, 4)                                                             = 0
8615 [0x7fb0c64d8787] SYS_close(3, 4096, 0x1000007, 4)                                                                             = 0
8615 [0x7fb0c64d8677] SYS_open(0x7fb0c66d0fb0, 0x80000, 0, 0x7fb0c66d34d0)                                                         = 3
8615 [0x7fb0c64d8697] SYS_read(3, 0x7fff7cce7398, 832, 0x7fb0c66d34d0)                                                             = 832
8615 [0x7fb0c64d8604] SYS_fstat(3, 0x7fff7cce7270, 0x7fff7cce7270, 16)                                                             = 0
8615 [0x7fb0c64d880a] SYS_mmap(0, 4096, 3, 34)                                                                                     = 0x7fb0c66cf000
8615 [0x7fb0c64d880a] SYS_mmap(0, 0x215730, 5, 2050)                                                                               = 0x7fb0c2cc1000
8615 [0x7fb0c64d8857] SYS_mprotect(0x7fb0c2cd7000, 0x1ff000, 0, 2050)                                                              = 0
8615 [0x7fb0c64d880a] SYS_mmap(0x7fb0c2ed6000, 4096, 3, 2066)                                                                      = 0x7fb0c2ed6000
8615 [0x7fb0c64d8787] SYS_close(3, 16, 0x7fb0c2ed6490, 0x6ffffdff)                                                                 = 0
8615 [0x7fb0c64d8677] SYS_open(0x7fb0c66cf4f0, 0x80000, 0, 0x6ffffdff)                                                             = 3
8615 [0x7fb0c64d8697] SYS_read(3, 0x7fff7cce7368, 832, 0x6ffffdff)                                                                 = 832
8615 [0x7fb0c64d8604] SYS_fstat(3, 0x7fff7cce7240, 0x7fff7cce7240, 32)                                                             = 0
8615 [0x7fb0c64d880a] SYS_mmap(0, 0x2fd148, 5, 2050)                                                                               = 0x7fb0c29c3000
8615 [0x7fb0c64d8857] SYS_mprotect(0x7fb0c2ac0000, 0x1ff000, 0, 2050)                                                              = 0
8615 [0x7fb0c64d880a] SYS_mmap(0x7fb0c2cbf000, 8192, 3, 2066)                                                                      = 0x7fb0c2cbf000
8615 [0x7fb0c64d8787] SYS_close(3, 16, 0, 0x6ffffdff)                                                                              = 0
8615 [0x7fb0c64d8677] SYS_open(0x7fff7cce7130, 0x80000, 0, 0x36782f39325f3130)                                                     = -2
8615 [0x7fb0c64d85c5] SYS_stat(0x7fff7cce7130, 0x7fff7cce7210, 0x7fff7cce7210, 0x36782f39325f3130)                                 = -2
8615 [0x7fb0c64d8677] SYS_open(0x7fff7cce7130, 0x80000, 0, 0x36782f39325f3130)                                                     = -2
8615 [0x7fb0c64d85c5] SYS_stat(0x7fff7cce7130, 0x7fff7cce7210, 0x7fff7cce7210, 0x36782f39325f3130)                                 = -2
8615 [0x7fb0c64d8677] SYS_open(0x7fff7cce7130, 0x80000, 0, 0x36782f39325f3130)                                                     = -2
8615 [0x7fb0c64d85c5] SYS_stat(0x7fff7cce7130, 0x7fff7cce7210, 0x7fff7cce7210, 0x36782f39325f3130)                                 = -2
8615 [0x7fb0c64d8677] SYS_open(0x7fff7cce7130, 0x80000, 0, 0x36782f39325f3130)                                                     = -2
8615 [0x7fb0c64d85c5] SYS_stat(0x7fff7cce7130, 0x7fff7cce7210, 0x7fff7cce7210, 0x36782f39325f3130)                                 = -2
8615 [0x7fb0c64d8677] SYS_open(0x7fb0c66cfdd0, 0x80000, 0, 0x36782f39325f3130)                                                     = 3
8615 [0x7fb0c64d8697] SYS_read(3, 0x7fff7cce7338, 832, 0x36782f39325f3130)                                                         = 832
8615 [0x7fb0c64d8604] SYS_fstat(3, 0x7fff7cce7210, 0x7fff7cce7210, 16)                                                             = 0
8615 [0x7fb0c64d880a] SYS_mmap(0, 4096, 3, 34)                                                                                     = 0x7fb0c66ce000
8615 [0x7fb0c64d880a] SYS_mmap(0, 0x2f8980, 5, 2050)                                                                               = 0x7fb0c26ca000
8615 [0x7fb0c64d8857] SYS_mprotect(0x7fb0c27c1000, 0x200000, 0, 2050)                                                              = 0
8615 [0x7fb0c64d880a] SYS_mmap(0x7fb0c29c1000, 8192, 3, 2066)                                                                      = 0x7fb0c29c1000
8615 [0x7fb0c64d8787] SYS_close(3, 16, 0x7fb0c29c13a0, 0x6ffffdff)                                                                 = 0
8615 [0x7fb0c64d8677] SYS_open(0x7fb0c66ce4c8, 0x80000, 0, 0x6ffffdff)                                                             = 3
8615 [0x7fb0c64d8697] SYS_read(3, 0x7fff7cce7308, 832, 0x6ffffdff)                                                                 = 832
8615 [0x7fb0c64d8604] SYS_fstat(3, 0x7fff7cce71e0, 0x7fff7cce71e0, 16)                                                             = 0
8615 [0x7fb0c64d880a] SYS_mmap(0, 0x2fc9d8, 5, 2050)                                                                               = 0x7fb0c23cd000
8615 [0x7fb0c64d8857] SYS_mprotect(0x7fb0c24c8000, 0x200000, 0, 2050)                                                              = 0
8615 [0x7fb0c64d880a] SYS_mmap(0x7fb0c26c8000, 8192, 3, 2066)                                                                      = 0x7fb0c26c8000
8615 [0x7fb0c64d8787] SYS_close(3, 16, 0x7fb0c26c9828, 0x6ffffdff)                                                                 = 0
8615 [0x7fb0c64d8677] SYS_open(0x7fb0c66ce998, 0x80000, 0, 0x6ffffdff)                                                             = 3
8615 [0x7fb0c64d8697] SYS_read(3, 0x7fff7cce72d8, 832, 0x6ffffdff)                                                                 = 832
8615 [0x7fb0c64d8604] SYS_fstat(3, 0x7fff7cce71b0, 0x7fff7cce71b0, 16)                                                             = 0
8615 [0x7fb0c64d880a] SYS_mmap(0, 0x242830, 5, 2050)                                                                               = 0x7fb0c218a000
8615 [0x7fb0c64d8857] SYS_mprotect(0x7fb0c21cd000, 0x1ff000, 0, 2050)                                                              = 0
8615 [0x7fb0c64d880a] SYS_mmap(0x7fb0c23cc000, 4096, 3, 2066)                                                                      = 0x7fb0c23cc000
8615 [0x7fb0c64d8787] SYS_close(3, 16, 0x7fb0c23cc630, 0x6ffffdff)                                                                 = 0
8615 [0x7fb0c64d8677] SYS_open(0x7fb0c66cef70, 0x80000, 0, 0x7fb0c66d59b8)                                                         = 3
8615 [0x7fb0c64d8697] SYS_read(3, 0x7fff7cce72a8, 832, 0x7fb0c66d59b8)                                                             = 832
8615 [0x7fb0c64d8604] SYS_fstat(3, 0x7fff7cce7180, 0x7fff7cce7180, 32)                                                             = 0
8615 [0x7fb0c64d880a] SYS_mmap(0, 4096, 3, 34)                                                                                     = 0x7fb0c66cd000
8615 [0x7fb0c64d880a] SYS_mmap(0, 0x203118, 5, 2050)                                                                               = 0x7fb0c1f86000
8615 [0x7fb0c64d8857] SYS_mprotect(0x7fb0c1f88000, 0x200000, 0, 2050)                                                              = 0
8615 [0x7fb0c64d880a] SYS_mmap(0x7fb0c2188000, 8192, 3, 2066)                                                                      = 0x7fb0c2188000
8615 [0x7fb0c64d8787] SYS_close(3, 16, 0x7fb0c2188f40, 0x6ffffdff)                                                                 = 0
8615 [0x7fb0c64d880a] SYS_mmap(0, 4096, 3, 34)                                                                                     = 0x7fb0c66cc000
8615 [0x7fb0c64d880a] SYS_mmap(0, 4096, 3, 34)                                                                                     = 0x7fb0c66cb000
8615 [0x7fb0c64d880a] SYS_mmap(0, 8192, 3, 34)                                                                                     = 0x7fb0c66c9000
8615 [0x7fb0c64c2044] SYS_arch_prctl(4098, 0x7fb0c66c9780, 0x7fb0c66ca080, 34)                                                     = 0
8615 [0x7fb0c64d8857] SYS_mprotect(0x7fb0c5e18000, 0x4000, 1, 1)                                                                   = 0
8615 [0x7fb0c64d8857] SYS_mprotect(0x7fb0c2188000, 4096, 1, 0x7fb0c1f86c68)                                                        = 0
8615 [0x7fb0c64d8857] SYS_mprotect(0x7fb0c4fbe000, 4096, 1, 0x7fb0c4dac500)                                                        = 0
8615 [0x7fb0c64d8857] SYS_mprotect(0x7fb0c2cbf000, 4096, 1, 1)                                                                     = 0
8615 [0x7fb0c64d8857] SYS_mprotect(0x7fb0c351e000, 4096, 1, 0x7fb0c3317a00)                                                        = 0
8615 [0x7fb0c64d8857] SYS_mprotect(0x7fb0c5282000, 0x7000, 1, 0x7fb0c501c810)                                                      = 0
8615 [0x7fb0c64d8857] SYS_mprotect(0x7fb0c4da5000, 4096, 1, 0x7fb0c4ba0d58)                                                        = 0
8615 [0x7fb0c64d8857] SYS_mprotect(0x7fb0c66e1000, 4096, 1, 0)                                                                     = 0
8615 [0x7fb0c64d8837] SYS_munmap(0x7fb0c66d7000, 0x83b3, 0x75900, 0)                                                               = 0
8615 [0x7fb0c4dade92] SYS_set_tid_address(0x7fb0c66c9a50, 0x7fff7cce9298, 0x7fb0c66c9780, 0)                                       = 8615
8615 [0x7fb0c4dadefa] SYS_set_robust_list(0x7fb0c66c9a60, 24, 0x7fb0c66c9780, 0)                                                   = 0
8615 [0x7fb0c4db7cf5] SYS_rt_sigaction(32, 0x7fff7cce8fe8, 0, 8)                                                                   = 0
8615 [0x7fb0c4db7cf5] SYS_rt_sigaction(33, 0x7fff7cce8fe8, 0, 8)                                                                   = 0
8615 [0x7fb0c4dadfd6] SYS_rt_sigprocmask(1, 0x7fff7cce9138, 0, 8)                                                                  = 0
8615 [0x7fb0c5b64b17] SYS_getrlimit(3, 0x7fff7cce91d0, 63, 1)                                                                      = 0
8615 [0x7fb0c4dadb95] SYS_futex(0x7fb0c528c7e0, 129, 0x7fffffff, 0)                                                                = 0
8615 [0x4009e1] ledctrl->Hal_Led_Set_Mode(3, 5, 0x7fb0c5bd2c60, 0 <unfinished ...>
8615 [0x7fb0c5e28575]   libnhal.so->Hal_Lookup_Hardware_Info(0x7fff7cce8fc0, 5, 0x7fb0c5bd2c60, 0 <unfinished ...>
8615 [0x7fb0c5b5f557]     SYS_statfs(0x7fb0c4dba1e8, 0x7fff7cce8db0, 0x7fb0c4fc3310, 1)                                            = 0
8615 [0x7fb0c4dadb95]     SYS_futex(0x7fb0c4fc3310, 129, 0x7fffffff, 0)                                                            = 0
8615 [0x7fb0c5b5f7e0]     SYS_open(0x7fff7cce8ec0, 0xa0002, 484, 1)                                                                = 3
8615 [0x7fb0c5b6872a]     SYS_mmap(0, 220, 3, 1)                                                                                   = 0x7fb0c66df000
8615 [0x7fb0c5b60070]     SYS_close(3, 220, 3, 1)                                                                                  = 0
8615 [0x7fb0c5e277f0]     libnhal.so->Hw_Semaphore_Init(0x7fff7cce8f70, 0x7fb0c5e2a287, 1, -1 <unfinished ...>
8615 [0x7fb0c5b5f405]       SYS_lstat(0x7fff7cce8e20, 0x7fff7cce8d30, 0x7fff7cce8d30, 0)                                           = -2
8615 [0x7fb0c4db7510]       SYS_open(0x7fff7cce8e20, 194, 600, 0)                                                                  = 3
8615 [0x7fb0c4db6da0]       SYS_write(3, 0x7fff7cce8ea0, 32, 0)                                                                    = 32
8615 [0x7fb0c5b6872a]       SYS_mmap(0, 32, 3, 1)                                                                                  = 0x7fb0c66de000
8615 [0x7fb0c5b611a7]       SYS_link(0x7fff7cce8e20, 0x7fff7cce8e50, 3, 1)                                                         = -17
8615 [0x7fb0c5b68757]       SYS_munmap(0x7fb0c66de000, 32, 3, 1)                                                                   = 0
8615 [0x7fb0c5b612c7]       SYS_unlink(0x7fff7cce8e20, 32, 3, 1)                                                                   = 0
8615 [0x7fb0c4db6e60]       SYS_close(3, 32, 3, 1)                                                                                 = 0
8615 [0x7fb0c4db7510]       SYS_open(0x7fff7cce8e50, 0x20002, 18, 1)                                                               = 3
8615 [0x7fb0c5b5f3b4]       SYS_fstat(3, 0x7fff7cce8d80, 0x7fff7cce8d80, 1)                                                        = 0
8615 [0x7fb0c5b64f5a]       SYS_brk(0, 0x7fb0c5e1c640, 0, -4096)                                                                   = 0x110b000
8615 [0x7fb0c5b64f5a]       SYS_brk(0x112c000, 0x110b000, 0x112c000, -4096)                                                        = 0x112c000
8615 [0x7fb0c5b6872a]       SYS_mmap(0, 32, 3, 1)                                                                                  = 0x7fb0c66de000
8615 [0x7fb0c4db6e60]       SYS_close(3, 32, 0, 3)                                                                                 = 0
8615 [0x7fb0c5e277f0]     <... Hw_Semaphore_Init resumed> )                                                                        = 17
8615 [0x7fb0c5e27800]     libnhal.so->Hw_Semaphore_Lock(0x7fff7cce8f70, 32, 0x7fb0c66de000, -1)                                    = 0
8615 [0x7fb0c5e27918]     libnhal.so->Hw_Semaphore_Unlock(0x7fff7cce8f70, 2, 0x7fb0c66df000, 0)                                    = 0
8615 [0x7fb0c5e27924]     libnhal.so->Hw_Semaphore_Release(0x7fff7cce8f70, 128, 0, 0 <unfinished ...>
8615 [0x7fb0c5b68757]       SYS_munmap(0x7fb0c66de000, 32, 0, 1)                                                                   = 0
8615 [0x7fb0c5e27924]     <... Hw_Semaphore_Release resumed> )                                                                     = 0
8615 [0x7fb0c5e28575]   <... Hal_Lookup_Hardware_Info resumed> )                                                                   = 0
8615 [0x7fb0c5e28a61]   libnhal.so->It87_Set_Led_Blinking(0, 0, 0, -7360 <unfinished ...>
8615 [0x7fb0c4178b6d]     libgeneraldrv.so->Hw_Semaphore_Init(0x7fff7cce8f50, 0x7fb0c417b012, 1, 0 <unfinished ...>
8615 [0x7fb0c5b5f405]       SYS_lstat(0x7fff7cce8df0, 0x7fff7cce8d00, 0x7fff7cce8d00, 0)                                           = -2
8615 [0x7fb0c4db7510]       SYS_open(0x7fff7cce8df0, 194, 600, 0)                                                                  = 3
8615 [0x7fb0c4db6da0]       SYS_write(3, 0x7fff7cce8e70, 32, 0)                                                                    = 32
8615 [0x7fb0c5b6872a]       SYS_mmap(0, 32, 3, 1)                                                                                  = 0x7fb0c66de000
8615 [0x7fb0c5b611a7]       SYS_link(0x7fff7cce8df0, 0x7fff7cce8e20, 3, 1)                                                         = -17
8615 [0x7fb0c5b68757]       SYS_munmap(0x7fb0c66de000, 32, 3, 1)                                                                   = 0
8615 [0x7fb0c5b612c7]       SYS_unlink(0x7fff7cce8df0, 32, 3, 1)                                                                   = 0
8615 [0x7fb0c4db6e60]       SYS_close(3, 32, 3, 1)                                                                                 = 0
8615 [0x7fb0c4db7510]       SYS_open(0x7fff7cce8e20, 0x20002, 20, 1)                                                               = 3
8615 [0x7fb0c5b5f3b4]       SYS_fstat(3, 0x7fff7cce8d50, 0x7fff7cce8d50, 1)                                                        = 0
8615 [0x7fb0c5b6872a]       SYS_mmap(0, 32, 3, 1)                                                                                  = 0x7fb0c66de000
8615 [0x7fb0c4db6e60]       SYS_close(3, 32, 0, 1)                                                                                 = 0
8615 [0x7fb0c4178b6d]     <... Hw_Semaphore_Init resumed> )                                                                        = 17
8615 [0x7fb0c4178b7d]     libgeneraldrv.so->Hw_Semaphore_Lock(0x7fff7cce8f50, 32, 0x7fb0c66de000, -1)                              = 0
8615 [0x7fb0c5b6c6b7]     SYS_ioperm(46, 1, 1, 1)                                                                                  = 0
8615 [0x7fb0c5b6c6b7]     SYS_ioperm(46, 1, 0, 1)                                                                                  = 0
8615 [0x7fb0c5b6c6b7]     SYS_ioperm(235, 1, 1, 1)                                                                                 = 0
8615 [0x7fb0c5b6c6b7]     SYS_ioperm(235, 1, 0, 1)                                                                                 = 0
8615 [0x7fb0c5b6c6b7]     SYS_ioperm(46, 1, 1, 1)                                                                                  = 0
8615 [0x7fb0c5b6c6b7]     SYS_ioperm(46, 1, 0, 1)                                                                                  = 0
8615 [0x7fb0c5b6c6b7]     SYS_ioperm(235, 1, 1, 1)                                                                                 = 0
8615 [0x7fb0c5b6c6b7]     SYS_ioperm(235, 1, 0, 1)                                                                                 = 0
8615 [0x7fb0c5b6c6b7]     SYS_ioperm(46, 1, 1, 1)                                                                                  = 0
8615 [0x7fb0c5b6c6b7]     SYS_ioperm(46, 1, 0, 1)                                                                                  = 0
8615 [0x7fb0c5b6c6b7]     SYS_ioperm(235, 1, 1, 1)                                                                                 = 0
8615 [0x7fb0c5b6c6b7]     SYS_ioperm(235, 1, 0, 1)                                                                                 = 0
8615 [0x7fb0c5b6c6b7]     SYS_ioperm(46, 1, 1, 1)                                                                                  = 0
8615 [0x7fb0c5b6c6b7]     SYS_ioperm(46, 1, 0, 1)                                                                                  = 0
8615 [0x7fb0c5b6c6b7]     SYS_ioperm(235, 1, 1, 1)                                                                                 = 0
8615 [0x7fb0c5b6c6b7]     SYS_ioperm(235, 1, 0, 1)                                                                                 = 0
8615 [0x7fb0c5b6c6b7]     SYS_ioperm(46, 1, 1, 1)                                                                                  = 0
8615 [0x7fb0c5b6c6b7]     SYS_ioperm(46, 1, 0, 1)                                                                                  = 0
8615 [0x7fb0c5b6c6b7]     SYS_ioperm(235, 1, 1, 1)                                                                                 = 0
8615 [0x7fb0c5b6c6b7]     SYS_ioperm(235, 1, 0, 1)                                                                                 = 0
8615 [0x7fb0c5b6c6b7]     SYS_ioperm(47, 1, 1, 1)                                                                                  = 0
8615 [0x7fb0c5b6c6b7]     SYS_ioperm(47, 1, 0, 1)                                                                                  = 0
8615 [0x7fb0c5b6c6b7]     SYS_ioperm(235, 1, 1, 1)                                                                                 = 0
8615 [0x7fb0c5b6c6b7]     SYS_ioperm(235, 1, 0, 1)                                                                                 = 0
8615 [0x7fb0c5b6c6b7]     SYS_ioperm(46, 1, 1, 1)                                                                                  = 0
8615 [0x7fb0c5b6c6b7]     SYS_ioperm(46, 1, 0, 1)                                                                                  = 0
8615 [0x7fb0c5b6c6b7]     SYS_ioperm(235, 1, 1, 1)                                                                                 = 0
8615 [0x7fb0c5b6c6b7]     SYS_ioperm(235, 1, 0, 1)                                                                                 = 0
8615 [0x7fb0c5b6c6b7]     SYS_ioperm(47, 1, 1, 1)                                                                                  = 0
8615 [0x7fb0c5b6c6b7]     SYS_ioperm(47, 1, 0, 1)                                                                                  = 0
8615 [0x7fb0c5b6c6b7]     SYS_ioperm(235, 1, 1, 1)                                                                                 = 0
8615 [0x7fb0c5b6c6b7]     SYS_ioperm(235, 1, 0, 1)                                                                                 = 0
8615 [0x7fb0c5b6c6b7]     SYS_ioperm(46, 1, 1, 1)                                                                                  = 0
8615 [0x7fb0c5b6c6b7]     SYS_ioperm(46, 1, 0, 1)                                                                                  = 0
8615 [0x7fb0c5b6c6b7]     SYS_ioperm(235, 1, 1, 1)                                                                                 = 0
8615 [0x7fb0c5b6c6b7]     SYS_ioperm(235, 1, 0, 1)                                                                                 = 0
8615 [0x7fb0c5b6c6b7]     SYS_ioperm(47, 1, 1, 1)                                                                                  = 0
8615 [0x7fb0c5b6c6b7]     SYS_ioperm(47, 1, 0, 1)                                                                                  = 0
8615 [0x7fb0c5b6c6b7]     SYS_ioperm(235, 1, 1, 1)                                                                                 = 0
8615 [0x7fb0c5b6c6b7]     SYS_ioperm(235, 1, 0, 1)                                                                                 = 0
8615 [0x7fb0c5b6c6b7]     SYS_ioperm(46, 1, 1, 1)                                                                                  = 0
8615 [0x7fb0c5b6c6b7]     SYS_ioperm(46, 1, 0, 1)                                                                                  = 0
8615 [0x7fb0c5b6c6b7]     SYS_ioperm(235, 1, 1, 1)                                                                                 = 0
8615 [0x7fb0c5b6c6b7]     SYS_ioperm(235, 1, 0, 1)                                                                                 = 0
8615 [0x7fb0c5b6c6b7]     SYS_ioperm(47, 1, 1, 1)                                                                                  = 0
8615 [0x7fb0c5b6c6b7]     SYS_ioperm(47, 1, 0, 1)                                                                                  = 0
8615 [0x7fb0c5b6c6b7]     SYS_ioperm(235, 1, 1, 1)                                                                                 = 0
8615 [0x7fb0c5b6c6b7]     SYS_ioperm(235, 1, 0, 1)                                                                                 = 0
8615 [0x7fb0c5b6c6b7]     SYS_ioperm(1733, 1, 1, 1)                                                                                = 0
8615 [0x7fb0c5b6c6b7]     SYS_ioperm(1733, 1, 0, 1)                                                                                = 0
8615 [0x7fb0c5b6c6b7]     SYS_ioperm(235, 1, 1, 1)                                                                                 = 0
8615 [0x7fb0c5b6c6b7]     SYS_ioperm(235, 1, 0, 1)                                                                                 = 0
8615 [0x7fb0c5b6c6b7]     SYS_ioperm(1734, 1, 1, 1)                                                                                = 0
8615 [0x7fb0c5b6c6b7]     SYS_ioperm(1734, 1, 0, 1)                                                                                = 0
8615 [0x7fb0c5b6c6b7]     SYS_ioperm(235, 1, 1, 1)                                                                                 = 0
8615 [0x7fb0c5b6c6b7]     SYS_ioperm(235, 1, 0, 1)                                                                                 = 0
8615 [0x7fb0c5b6c6b7]     SYS_ioperm(1733, 1, 1, 1)                                                                                = 0
8615 [0x7fb0c5b6c6b7]     SYS_ioperm(1733, 1, 0, 1)                                                                                = 0
8615 [0x7fb0c5b6c6b7]     SYS_ioperm(235, 1, 1, 1)                                                                                 = 0
8615 [0x7fb0c5b6c6b7]     SYS_ioperm(235, 1, 0, 1)                                                                                 = 0
8615 [0x7fb0c5b6c6b7]     SYS_ioperm(1734, 1, 1, 1)                                                                                = 0
8615 [0x7fb0c5b6c6b7]     SYS_ioperm(1734, 1, 0, 1)                                                                                = 0
8615 [0x7fb0c5b6c6b7]     SYS_ioperm(235, 1, 1, 1)                                                                                 = 0
8615 [0x7fb0c5b6c6b7]     SYS_ioperm(235, 1, 0, 1)                                                                                 = 0
8615 [0x7fb0c5b6c6b7]     SYS_ioperm(46, 1, 1, 1)                                                                                  = 0
8615 [0x7fb0c5b6c6b7]     SYS_ioperm(46, 1, 0, 1)                                                                                  = 0
8615 [0x7fb0c5b6c6b7]     SYS_ioperm(235, 1, 1, 1)                                                                                 = 0
8615 [0x7fb0c5b6c6b7]     SYS_ioperm(235, 1, 0, 1)                                                                                 = 0
8615 [0x7fb0c5b6c6b7]     SYS_ioperm(46, 1, 1, 1)                                                                                  = 0
8615 [0x7fb0c5b6c6b7]     SYS_ioperm(46, 1, 0, 1)                                                                                  = 0
8615 [0x7fb0c5b6c6b7]     SYS_ioperm(235, 1, 1, 1)                                                                                 = 0
8615 [0x7fb0c5b6c6b7]     SYS_ioperm(235, 1, 0, 1)                                                                                 = 0
8615 [0x7fb0c5b6c6b7]     SYS_ioperm(46, 1, 1, 1)                                                                                  = 0
8615 [0x7fb0c5b6c6b7]     SYS_ioperm(46, 1, 0, 1)                                                                                  = 0
8615 [0x7fb0c5b6c6b7]     SYS_ioperm(235, 1, 1, 1)                                                                                 = 0
8615 [0x7fb0c5b6c6b7]     SYS_ioperm(235, 1, 0, 1)                                                                                 = 0
8615 [0x7fb0c5b6c6b7]     SYS_ioperm(46, 1, 1, 1)                                                                                  = 0
8615 [0x7fb0c5b6c6b7]     SYS_ioperm(46, 1, 0, 1)                                                                                  = 0
8615 [0x7fb0c5b6c6b7]     SYS_ioperm(235, 1, 1, 1)                                                                                 = 0
8615 [0x7fb0c5b6c6b7]     SYS_ioperm(235, 1, 0, 1)                                                                                 = 0
8615 [0x7fb0c5b6c6b7]     SYS_ioperm(46, 1, 1, 1)                                                                                  = 0
8615 [0x7fb0c5b6c6b7]     SYS_ioperm(46, 1, 0, 1)                                                                                  = 0
8615 [0x7fb0c5b6c6b7]     SYS_ioperm(235, 1, 1, 1)                                                                                 = 0
8615 [0x7fb0c5b6c6b7]     SYS_ioperm(235, 1, 0, 1)                                                                                 = 0
8615 [0x7fb0c5b6c6b7]     SYS_ioperm(47, 1, 1, 1)                                                                                  = 0
8615 [0x7fb0c5b6c6b7]     SYS_ioperm(47, 1, 0, 1)                                                                                  = 0
8615 [0x7fb0c5b6c6b7]     SYS_ioperm(235, 1, 1, 1)                                                                                 = 0
8615 [0x7fb0c5b6c6b7]     SYS_ioperm(235, 1, 0, 1)                                                                                 = 0
8615 [0x7fb0c5b6c6b7]     SYS_ioperm(46, 1, 1, 1)                                                                                  = 0
8615 [0x7fb0c5b6c6b7]     SYS_ioperm(46, 1, 0, 1)                                                                                  = 0
8615 [0x7fb0c5b6c6b7]     SYS_ioperm(235, 1, 1, 1)                                                                                 = 0
8615 [0x7fb0c5b6c6b7]     SYS_ioperm(235, 1, 0, 1)                                                                                 = 0
8615 [0x7fb0c5b6c6b7]     SYS_ioperm(47, 1, 1, 1)                                                                                  = 0
8615 [0x7fb0c5b6c6b7]     SYS_ioperm(47, 1, 0, 1)                                                                                  = 0
8615 [0x7fb0c5b6c6b7]     SYS_ioperm(235, 1, 1, 1)                                                                                 = 0
8615 [0x7fb0c5b6c6b7]     SYS_ioperm(235, 1, 0, 1)                                                                                 = 0
8615 [0x7fb0c5b6c6b7]     SYS_ioperm(46, 1, 1, 1)                                                                                  = 0
8615 [0x7fb0c5b6c6b7]     SYS_ioperm(46, 1, 0, 1)                                                                                  = 0
8615 [0x7fb0c5b6c6b7]     SYS_ioperm(235, 1, 1, 1)                                                                                 = 0
8615 [0x7fb0c5b6c6b7]     SYS_ioperm(235, 1, 0, 1)                                                                                 = 0
8615 [0x7fb0c5b6c6b7]     SYS_ioperm(47, 1, 1, 1)                                                                                  = 0
8615 [0x7fb0c5b6c6b7]     SYS_ioperm(47, 1, 0, 1)                                                                                  = 0
8615 [0x7fb0c5b6c6b7]     SYS_ioperm(235, 1, 1, 1)                                                                                 = 0
8615 [0x7fb0c5b6c6b7]     SYS_ioperm(235, 1, 0, 1)                                                                                 = 0
8615 [0x7fb0c5b6c6b7]     SYS_ioperm(46, 1, 1, 1)                                                                                  = 0
8615 [0x7fb0c5b6c6b7]     SYS_ioperm(46, 1, 0, 1)                                                                                  = 0
8615 [0x7fb0c5b6c6b7]     SYS_ioperm(235, 1, 1, 1)                                                                                 = 0
8615 [0x7fb0c5b6c6b7]     SYS_ioperm(235, 1, 0, 1)                                                                                 = 0
8615 [0x7fb0c5b6c6b7]     SYS_ioperm(47, 1, 1, 1)                                                                                  = 0
8615 [0x7fb0c5b6c6b7]     SYS_ioperm(47, 1, 0, 1)                                                                                  = 0
8615 [0x7fb0c5b6c6b7]     SYS_ioperm(235, 1, 1, 1)                                                                                 = 0
8615 [0x7fb0c5b6c6b7]     SYS_ioperm(235, 1, 0, 1)                                                                                 = 0
8615 [0x7fb0c5b6c6b7]     SYS_ioperm(46, 1, 1, 1)                                                                                  = 0
8615 [0x7fb0c5b6c6b7]     SYS_ioperm(46, 1, 0, 1)                                                                                  = 0
8615 [0x7fb0c5b6c6b7]     SYS_ioperm(235, 1, 1, 1)                                                                                 = 0
8615 [0x7fb0c5b6c6b7]     SYS_ioperm(235, 1, 0, 1)                                                                                 = 0
8615 [0x7fb0c5b6c6b7]     SYS_ioperm(47, 1, 1, 1)                                                                                  = 0
8615 [0x7fb0c5b6c6b7]     SYS_ioperm(47, 1, 0, 1)                                                                                  = 0
8615 [0x7fb0c5b6c6b7]     SYS_ioperm(235, 1, 1, 1)                                                                                 = 0
8615 [0x7fb0c5b6c6b7]     SYS_ioperm(235, 1, 0, 1)                                                                                 = 0
8615 [0x7fb0c5b6c6b7]     SYS_ioperm(46, 1, 1, 1)                                                                                  = 0
8615 [0x7fb0c5b6c6b7]     SYS_ioperm(46, 1, 0, 1)                                                                                  = 0
8615 [0x7fb0c5b6c6b7]     SYS_ioperm(235, 1, 1, 1)                                                                                 = 0
8615 [0x7fb0c5b6c6b7]     SYS_ioperm(235, 1, 0, 1)                                                                                 = 0
8615 [0x7fb0c5b6c6b7]     SYS_ioperm(47, 1, 1, 1)                                                                                  = 0
8615 [0x7fb0c5b6c6b7]     SYS_ioperm(47, 1, 0, 1)                                                                                  = 0
8615 [0x7fb0c5b6c6b7]     SYS_ioperm(235, 1, 1, 1)                                                                                 = 0
8615 [0x7fb0c5b6c6b7]     SYS_ioperm(235, 1, 0, 1)                                                                                 = 0
8615 [0x7fb0c5b6c6b7]     SYS_ioperm(46, 1, 1, 1)                                                                                  = 0
8615 [0x7fb0c5b6c6b7]     SYS_ioperm(46, 1, 0, 1)                                                                                  = 0
8615 [0x7fb0c5b6c6b7]     SYS_ioperm(235, 1, 1, 1)                                                                                 = 0
8615 [0x7fb0c5b6c6b7]     SYS_ioperm(235, 1, 0, 1)                                                                                 = 0
8615 [0x7fb0c5b6c6b7]     SYS_ioperm(47, 1, 1, 1)                                                                                  = 0
8615 [0x7fb0c5b6c6b7]     SYS_ioperm(47, 1, 0, 1)                                                                                  = 0
8615 [0x7fb0c5b6c6b7]     SYS_ioperm(235, 1, 1, 1)                                                                                 = 0
8615 [0x7fb0c5b6c6b7]     SYS_ioperm(235, 1, 0, 1)                                                                                 = 0
8615 [0x7fb0c5b6c6b7]     SYS_ioperm(46, 1, 1, 1)                                                                                  = 0
8615 [0x7fb0c5b6c6b7]     SYS_ioperm(46, 1, 0, 1)                                                                                  = 0
8615 [0x7fb0c5b6c6b7]     SYS_ioperm(235, 1, 1, 1)                                                                                 = 0
8615 [0x7fb0c5b6c6b7]     SYS_ioperm(235, 1, 0, 1)                                                                                 = 0
8615 [0x7fb0c5b6c6b7]     SYS_ioperm(47, 1, 1, 1)                                                                                  = 0
8615 [0x7fb0c5b6c6b7]     SYS_ioperm(47, 1, 0, 1)                                                                                  = 0
8615 [0x7fb0c5b6c6b7]     SYS_ioperm(235, 1, 1, 1)                                                                                 = 0
8615 [0x7fb0c5b6c6b7]     SYS_ioperm(235, 1, 0, 1)                                                                                 = 0
8615 [0x7fb0c5b6c6b7]     SYS_ioperm(46, 1, 1, 1)                                                                                  = 0
8615 [0x7fb0c5b6c6b7]     SYS_ioperm(46, 1, 0, 1)                                                                                  = 0
8615 [0x7fb0c5b6c6b7]     SYS_ioperm(235, 1, 1, 1)                                                                                 = 0
8615 [0x7fb0c5b6c6b7]     SYS_ioperm(235, 1, 0, 1)                                                                                 = 0
8615 [0x7fb0c5b6c6b7]     SYS_ioperm(47, 1, 1, 1)                                                                                  = 0
8615 [0x7fb0c5b6c6b7]     SYS_ioperm(47, 1, 0, 1)                                                                                  = 0
8615 [0x7fb0c5b6c6b7]     SYS_ioperm(235, 1, 1, 1)                                                                                 = 0
8615 [0x7fb0c5b6c6b7]     SYS_ioperm(235, 1, 0, 1)                                                                                 = 0
8615 [0x7fb0c5b6c6b7]     SYS_ioperm(46, 1, 1, 1)                                                                                  = 0
8615 [0x7fb0c5b6c6b7]     SYS_ioperm(46, 1, 0, 1)                                                                                  = 0
8615 [0x7fb0c5b6c6b7]     SYS_ioperm(235, 1, 1, 1)                                                                                 = 0
8615 [0x7fb0c5b6c6b7]     SYS_ioperm(235, 1, 0, 1)                                                                                 = 0
8615 [0x7fb0c5b6c6b7]     SYS_ioperm(47, 1, 1, 1)                                                                                  = 0
8615 [0x7fb0c5b6c6b7]     SYS_ioperm(47, 1, 0, 1)                                                                                  = 0
8615 [0x7fb0c5b6c6b7]     SYS_ioperm(235, 1, 1, 1)                                                                                 = 0
8615 [0x7fb0c5b6c6b7]     SYS_ioperm(235, 1, 0, 1)                                                                                 = 0
8615 [0x7fb0c5b6c6b7]     SYS_ioperm(46, 1, 1, 1)                                                                                  = 0
8615 [0x7fb0c5b6c6b7]     SYS_ioperm(46, 1, 0, 1)                                                                                  = 0
8615 [0x7fb0c5b6c6b7]     SYS_ioperm(235, 1, 1, 1)                                                                                 = 0
8615 [0x7fb0c5b6c6b7]     SYS_ioperm(235, 1, 0, 1)                                                                                 = 0
8615 [0x7fb0c5b6c6b7]     SYS_ioperm(47, 1, 1, 1)                                                                                  = 0
8615 [0x7fb0c5b6c6b7]     SYS_ioperm(47, 1, 0, 1)                                                                                  = 0
8615 [0x7fb0c5b6c6b7]     SYS_ioperm(235, 1, 1, 1)                                                                                 = 0
8615 [0x7fb0c5b6c6b7]     SYS_ioperm(235, 1, 0, 1)                                                                                 = 0
8615 [0x7fb0c4178c6b]     libgeneraldrv.so->Hw_Semaphore_Unlock(0x7fff7cce8f50, 1, 0, -1)                                          = 0
8615 [0x7fb0c4178c77]     libgeneraldrv.so->Hw_Semaphore_Release(0x7fff7cce8f50, 128, 0, 0 <unfinished ...>
8615 [0x7fb0c5b68757]       SYS_munmap(0x7fb0c66de000, 32, 0, 1)                                                                   = 0
8615 [0x7fb0c4178c77]     <... Hw_Semaphore_Release resumed> )                                                                     = 0
8615 [0x7fb0c5e28a61]   <... It87_Set_Led_Blinking resumed> )                                                                      = 0
8615 [0x4009e1] <... Hal_Led_Set_Mode resumed> )                                                                                   = 0
8615 [0x7fb0c5ab9932] libgeneral.so->Trace_Mem_Destroy()(0x7fb0c57d1d40, 0, 0xef15bc6ddc812c64, 16)                                = 0
8615 [0x7fb0c5b3c468] SYS_exit_group(0, 60, 0, 0x7fb0c5e1fa48 <unfinished ...>
8615 [0xffffffffffffffff] +++ exited (status 0) +++
