7934 [0x7fc48f4258aa] SYS_brk(0, 0x7fc48f428fa0, 0, 895)                                                                           = 0x14ec000
7934 [0x7fc48f4267e7] SYS_readlink(0x7fffec548b7a, 0x7fffec546f30, 4096, 0x756e694c00000000)                                       = -2
7934 [0x7fc48f426677] SYS_open(0x7fc48f42a1f3, 0, 0, 0x756e694c00000000)                                                           = 3
7934 [0x7fc48f4267a7] SYS_chdir(0x7fc48f631ba8, 0, 0, 0x756e694c00000000)                                                          = -2
7934 [0x7fc48f4259d2] SYS_getcwd(0x7fffec546f30, 4096, 0, 0x756e694c00000000)                                                      = 23
7934 [0x7fc48f4267c7] SYS_fchdir(3, 4096, 0, 0x756e694c00000000)                                                                   = 0
7934 [0x7fc48f426787] SYS_close(3, 4096, 0, 0x756e694c00000000)                                                                    = 0
7934 [0x7fc48f42680a] SYS_mmap(0, 4096, 3, 34)                                                                                     = 0x7fc48f62e000
7934 [0x7fc48f4266d7] SYS_access(0x7fc48f42c700, 4, 0x7fc48f631718, 0)                                                             = -2
7934 [0x7fc48f426677] SYS_open(0x7fc48f42a072, 0x80000, 1, 0)                                                                      = 3
7934 [0x7fc48f426604] SYS_fstat(3, 0x7fffec546710, 0x7fffec546710, 0)                                                              = 0
7934 [0x7fc48f42680a] SYS_mmap(0, 0x83b3, 1, 2)                                                                                    = 0x7fc48f625000
7934 [0x7fc48f426787] SYS_close(3, 0x83b3, 1, 2)                                                                                   = 0
7934 [0x7fc48f426677] SYS_open(0x7fc48f62e640, 0x80000, 0, 56)                                                                     = 3
7934 [0x7fc48f426697] SYS_read(3, 0x7fffec546898, 832, 56)                                                                         = 832
7934 [0x7fc48f426604] SYS_fstat(3, 0x7fffec546770, 0x7fffec546770, 16)                                                             = 0
7934 [0x7fc48f42680a] SYS_mmap(0, 0x278960, 5, 2050)                                                                               = 0x7fc48f196000
7934 [0x7fc48f426857] SYS_mprotect(0x7fc48f20c000, 0x200000, 0, 2050)                                                              = 0
7934 [0x7fc48f42680a] SYS_mmap(0x7fc48f40c000, 0x3000, 3, 2066)                                                                    = 0x7fc48f40c000
7934 [0x7fc48f426787] SYS_close(3, 16, 0x7fc48f40c3e0, 0x6ffffdff)                                                                 = 0
7934 [0x7fc48f426677] SYS_open(0x7fc48f62eb10, 0x80000, 0, 0x6ffffdff)                                                             = 3
7934 [0x7fc48f426697] SYS_read(3, 0x7fffec546868, 832, 0x6ffffdff)                                                                 = 832
7934 [0x7fc48f426604] SYS_fstat(3, 0x7fffec546740, 0x7fffec546740, 16)                                                             = 0
7934 [0x7fc48f42680a] SYS_mmap(0, 0x21bee0, 5, 2050)                                                                               = 0x7fc48ef7a000
7934 [0x7fc48f426857] SYS_mprotect(0x7fc48ef95000, 0x200000, 0, 2050)                                                              = 0
7934 [0x7fc48f42680a] SYS_mmap(0x7fc48f195000, 4096, 3, 2066)                                                                      = 0x7fc48f195000
7934 [0x7fc48f426787] SYS_close(3, 16, 0x7fc48f195208, 0x6ffffdff)                                                                 = 0
7934 [0x7fc48f426677] SYS_open(0x7fc48f62efe0, 0x80000, 0, 0x6ffffdff)                                                             = 3
7934 [0x7fc48f426697] SYS_read(3, 0x7fffec546838, 832, 0x6ffffdff)                                                                 = 832
7934 [0x7fc48f426604] SYS_fstat(3, 0x7fffec546710, 0x7fffec546710, 16)                                                             = 0
7934 [0x7fc48f42680a] SYS_mmap(0, 4096, 3, 34)                                                                                     = 0x7fc48f624000
7934 [0x7fc48f42680a] SYS_mmap(0, 0x209ad0, 5, 2050)                                                                               = 0x7fc48ed70000
7934 [0x7fc48f426857] SYS_mprotect(0x7fc48ed7a000, 0x1ff000, 0, 2050)                                                              = 0
7934 [0x7fc48f42680a] SYS_mmap(0x7fc48ef79000, 4096, 3, 2066)                                                                      = 0x7fc48ef79000
7934 [0x7fc48f426787] SYS_close(3, 16, 0x7fc48ef79690, 0x6ffffdff)                                                                 = 0
7934 [0x7fc48f426677] SYS_open(0x7fc48f6244b8, 0x80000, 0, 0x6ffffdff)                                                             = 3
7934 [0x7fc48f426697] SYS_read(3, 0x7fffec546808, 832, 0x6ffffdff)                                                                 = 832
7934 [0x7fc48f426604] SYS_fstat(3, 0x7fffec5466e0, 0x7fffec5466e0, 32)                                                             = 0
7934 [0x7fc48f42680a] SYS_mmap(0, 0x39dc40, 5, 2050)                                                                               = 0x7fc48e9d2000
7934 [0x7fc48f426857] SYS_mprotect(0x7fc48eb66000, 0x200000, 0, 2050)                                                              = 0
7934 [0x7fc48f42680a] SYS_mmap(0x7fc48ed66000, 0x6000, 3, 2066)                                                                    = 0x7fc48ed66000
7934 [0x7fc48f42680a] SYS_mmap(0x7fc48ed6c000, 0x3c40, 3, 50)                                                                      = 0x7fc48ed6c000
7934 [0x7fc48f426787] SYS_close(3, 16, 0, 0x6ffffdff)                                                                              = 0
7934 [0x7fc48f426677] SYS_open(0x7fc48f624988, 0x80000, 0, 0x6ffffdff)                                                             = 3
7934 [0x7fc48f426697] SYS_read(3, 0x7fffec5466b8, 832, 0x6ffffdff)                                                                 = 832
7934 [0x7fc48f426604] SYS_fstat(3, 0x7fffec546590, 0x7fffec546590, 16)                                                             = 0
7934 [0x7fc48f42680a] SYS_mmap(0, 0x2b09d0, 5, 2050)                                                                               = 0x7fc48e721000
7934 [0x7fc48f426857] SYS_mprotect(0x7fc48e7d0000, 0x1ff000, 0, 2050)                                                              = 0
7934 [0x7fc48f42680a] SYS_mmap(0x7fc48e9cf000, 0x3000, 3, 2066)                                                                    = 0x7fc48e9cf000
7934 [0x7fc48f426787] SYS_close(3, 16, 0x7fc48e9cf9a8, 0x6ffffdff)                                                                 = 0
7934 [0x7fc48f426677] SYS_open(0x7fc48f624e58, 0x80000, 0, 0x6ffffdff)                                                             = 3
7934 [0x7fc48f426697] SYS_read(3, 0x7fffec546688, 832, 0x6ffffdff)                                                                 = 832
7934 [0x7fc48f426604] SYS_fstat(3, 0x7fffec546560, 0x7fffec546560, 16)                                                             = 0
7934 [0x7fc48f42680a] SYS_mmap(0, 4096, 3, 34)                                                                                     = 0x7fc48f623000
7934 [0x7fc48f42680a] SYS_mmap(0, 0x294ee0, 5, 2050)                                                                               = 0x7fc48e48c000
7934 [0x7fc48f426857] SYS_mprotect(0x7fc48e51e000, 0x1ff000, 0, 2050)                                                              = 0
7934 [0x7fc48f42680a] SYS_mmap(0x7fc48e71d000, 0x3000, 3, 2066)                                                                    = 0x7fc48e71d000
7934 [0x7fc48f42680a] SYS_mmap(0x7fc48e720000, 3808, 3, 50)                                                                        = 0x7fc48e720000
7934 [0x7fc48f426787] SYS_close(3, 16, 0x7fc48e71de30, 0x6ffffdff)                                                                 = 0
7934 [0x7fc48f426677] SYS_open(0x7fc48f6234b8, 0x80000, 0, 0x6ffffdff)                                                             = 3
7934 [0x7fc48f426697] SYS_read(3, 0x7fffec546658, 832, 0x6ffffdff)                                                                 = 832
7934 [0x7fc48f426604] SYS_fstat(3, 0x7fffec546530, 0x7fffec546530, 16)                                                             = 0
7934 [0x7fc48f42680a] SYS_mmap(0, 0x29d850, 5, 2050)                                                                               = 0x7fc48e1ee000
7934 [0x7fc48f426857] SYS_mprotect(0x7fc48e287000, 0x200000, 0, 2050)                                                              = 0
7934 [0x7fc48f42680a] SYS_mmap(0x7fc48e487000, 0x3000, 3, 2066)                                                                    = 0x7fc48e487000
7934 [0x7fc48f42680a] SYS_mmap(0x7fc48e48a000, 6224, 3, 50)                                                                        = 0x7fc48e48a000
7934 [0x7fc48f426787] SYS_close(3, 16, 0x7fc48e488cc8, 0x6ffffdff)                                                                 = 0
7934 [0x7fc48f426677] SYS_open(0x7fc48f6239a0, 0x80000, 0, 0x6ffffdff)                                                             = 3
7934 [0x7fc48f426697] SYS_read(3, 0x7fffec546628, 832, 0x6ffffdff)                                                                 = 832
7934 [0x7fc48f426604] SYS_fstat(3, 0x7fffec546500, 0x7fffec546500, 16)                                                             = 0
7934 [0x7fc48f42680a] SYS_mmap(0, 0x2dbbb0, 5, 2050)                                                                               = 0x7fc48df12000
7934 [0x7fc48f426857] SYS_mprotect(0x7fc48dfd0000, 0x200000, 0, 2050)                                                              = 0
7934 [0x7fc48f42680a] SYS_mmap(0x7fc48e1d0000, 0xa000, 3, 2066)                                                                    = 0x7fc48e1d0000
7934 [0x7fc48f42680a] SYS_mmap(0x7fc48e1da000, 0x13bb0, 3, 50)                                                                     = 0x7fc48e1da000
7934 [0x7fc48f426787] SYS_close(3, 16, 0x7fc48e1d64d8, 0x6ffffdff)                                                                 = 0
7934 [0x7fc48f426677] SYS_open(0x7fc48f623e70, 0x80000, 0, 0x6ffffdff)                                                             = 3
7934 [0x7fc48f426697] SYS_read(3, 0x7fffec5465f8, 832, 0x6ffffdff)                                                                 = 832
7934 [0x7fc48f426604] SYS_fstat(3, 0x7fffec5464d0, 0x7fffec5464d0, 32)                                                             = 0
7934 [0x7fc48f42680a] SYS_mmap(0, 4096, 3, 34)                                                                                     = 0x7fc48f622000
7934 [0x7fc48f42680a] SYS_mmap(0, 0x21c490, 5, 2050)                                                                               = 0x7fc48dcf5000
7934 [0x7fc48f426857] SYS_mprotect(0x7fc48dd0d000, 0x1ff000, 0, 2050)                                                              = 0
7934 [0x7fc48f42680a] SYS_mmap(0x7fc48df0c000, 8192, 3, 2066)                                                                      = 0x7fc48df0c000
7934 [0x7fc48f42680a] SYS_mmap(0x7fc48df0e000, 0x3490, 3, 50)                                                                      = 0x7fc48df0e000
7934 [0x7fc48f426787] SYS_close(3, 16, 0, 0x6ffffdff)                                                                              = 0
7934 [0x7fc48f426677] SYS_open(0x7fc48f6224b8, 0x80000, 0, 0x6ffffdff)                                                             = 3
7934 [0x7fc48f426697] SYS_read(3, 0x7fffec5465c8, 832, 0x6ffffdff)                                                                 = 832
7934 [0x7fc48f426604] SYS_fstat(3, 0x7fffec5464a0, 0x7fffec5464a0, 32)                                                             = 0
7934 [0x7fc48f42680a] SYS_mmap(0, 0x207bc0, 5, 2050)                                                                               = 0x7fc48daed000
7934 [0x7fc48f426857] SYS_mprotect(0x7fc48daf4000, 0x1ff000, 0, 2050)                                                              = 0
7934 [0x7fc48f42680a] SYS_mmap(0x7fc48dcf3000, 8192, 3, 2066)                                                                      = 0x7fc48dcf3000
7934 [0x7fc48f426787] SYS_close(3, 16, 0, 0x6ffffdff)                                                                              = 0
7934 [0x7fc48f426677] SYS_open(0x7fc48f622988, 0x80000, 0, 0x6ffffdff)                                                             = 3
7934 [0x7fc48f426697] SYS_read(3, 0x7fffec546598, 832, 0x6ffffdff)                                                                 = 832
7934 [0x7fc48f426604] SYS_fstat(3, 0x7fffec546470, 0x7fffec546470, 16)                                                             = 0
7934 [0x7fc48f42680a] SYS_mmap(0, 0x202e20, 5, 2050)                                                                               = 0x7fc48d8ea000
7934 [0x7fc48f426857] SYS_mprotect(0x7fc48d8ed000, 0x1ff000, 0, 2050)                                                              = 0
7934 [0x7fc48f42680a] SYS_mmap(0x7fc48daec000, 4096, 3, 2066)                                                                      = 0x7fc48daec000
7934 [0x7fc48f426787] SYS_close(3, 16, 0x7fc48daecc28, 0x6ffffdff)                                                                 = 0
7934 [0x7fc48f426677] SYS_open(0x7fc48f622e58, 0x80000, 0, 0x6ffffdff)                                                             = 3
7934 [0x7fc48f426697] SYS_read(3, 0x7fffec546568, 832, 0x6ffffdff)                                                                 = 832
7934 [0x7fc48f426604] SYS_fstat(3, 0x7fffec546440, 0x7fffec546440, 16)                                                             = 0
7934 [0x7fc48f42680a] SYS_mmap(0, 4096, 3, 34)                                                                                     = 0x7fc48f621000
7934 [0x7fc48f42680a] SYS_mmap(0, 0x209850, 5, 2050)                                                                               = 0x7fc48d6e0000
7934 [0x7fc48f426857] SYS_mprotect(0x7fc48d6ea000, 0x1ff000, 0, 2050)                                                              = 0
7934 [0x7fc48f42680a] SYS_mmap(0x7fc48d8e9000, 4096, 3, 2066)                                                                      = 0x7fc48d8e9000
7934 [0x7fc48f426787] SYS_close(3, 16, 0x7fc48d8e9618, 0x6ffffdff)                                                                 = 0
7934 [0x7fc48f426677] SYS_open(0x7fc48f6214b8, 0x80000, 0, 0x6ffffdff)                                                             = 3
7934 [0x7fc48f426697] SYS_read(3, 0x7fffec546538, 832, 0x6ffffdff)                                                                 = 832
7934 [0x7fc48f426604] SYS_fstat(3, 0x7fffec546410, 0x7fffec546410, 16)                                                             = 0
7934 [0x7fc48f42680a] SYS_mmap(0, 0x210868, 5, 2050)                                                                               = 0x7fc48d4cf000
7934 [0x7fc48f426857] SYS_mprotect(0x7fc48d4e0000, 0x1ff000, 0, 2050)                                                              = 0
7934 [0x7fc48f42680a] SYS_mmap(0x7fc48d6df000, 4096, 3, 2066)                                                                      = 0x7fc48d6df000
7934 [0x7fc48f426787] SYS_close(3, 16, 0x7fc48d6df408, 0x6ffffdff)                                                                 = 0
7934 [0x7fc48f426677] SYS_open(0x7fc48f621a40, 0x80000, 0, 0x7fc48f6229a0)                                                         = 3
7934 [0x7fc48f426697] SYS_read(3, 0x7fffec5463d8, 832, 0x7fc48f6229a0)                                                             = 832
7934 [0x7fc48f426604] SYS_fstat(3, 0x7fffec5462b0, 0x7fffec5462b0, 16)                                                             = 0
7934 [0x7fc48f42680a] SYS_mmap(0, 0x2032c8, 5, 2050)                                                                               = 0x7fc48d2cb000
7934 [0x7fc48f426857] SYS_mprotect(0x7fc48d2ce000, 0x200000, 0, 2050)                                                              = 0
7934 [0x7fc48f42680a] SYS_mmap(0x7fc48d4ce000, 4096, 3, 2066)                                                                      = 0x7fc48d4ce000
7934 [0x7fc48f426787] SYS_close(3, 16, 0x7fc48d4ce188, 0x6ffffdff)                                                                 = 0
7934 [0x7fc48f426677] SYS_open(0x7fc48f621f28, 0x80000, 0, 0x6ffffdff)                                                             = 3
7934 [0x7fc48f426697] SYS_read(3, 0x7fffec5463a8, 832, 0x6ffffdff)                                                                 = 832
7934 [0x7fc48f426604] SYS_fstat(3, 0x7fffec546280, 0x7fffec546280, 16)                                                             = 0
7934 [0x7fc48f42680a] SYS_mmap(0, 4096, 3, 34)                                                                                     = 0x7fc48f620000
7934 [0x7fc48f42680a] SYS_mmap(0, 0x207820, 5, 2050)                                                                               = 0x7fc48d0c3000
7934 [0x7fc48f426857] SYS_mprotect(0x7fc48d0ca000, 0x200000, 0, 2050)                                                              = 0
7934 [0x7fc48f42680a] SYS_mmap(0x7fc48d2ca000, 4096, 3, 2066)                                                                      = 0x7fc48d2ca000
7934 [0x7fc48f426787] SYS_close(3, 16, 0x7fc48d2ca188, 0x6ffffdff)                                                                 = 0
7934 [0x7fc48f426677] SYS_open(0x7fc48f6204c8, 0x80000, 0, 0x6ffffdff)                                                             = 3
7934 [0x7fc48f426697] SYS_read(3, 0x7fffec546378, 832, 0x6ffffdff)                                                                 = 832
7934 [0x7fc48f426604] SYS_fstat(3, 0x7fffec546250, 0x7fffec546250, 16)                                                             = 0
7934 [0x7fc48f42680a] SYS_mmap(0, 0x201f30, 5, 2050)                                                                               = 0x7fc48cec1000
7934 [0x7fc48f426857] SYS_mprotect(0x7fc48cec3000, 0x1ff000, 0, 2050)                                                              = 0
7934 [0x7fc48f42680a] SYS_mmap(0x7fc48d0c2000, 4096, 3, 2066)                                                                      = 0x7fc48d0c2000
7934 [0x7fc48f426787] SYS_close(3, 16, 0x7fc48d0c2e18, 0x6ffffdff)                                                                 = 0
7934 [0x7fc48f426677] SYS_open(0x7fc48f620a60, 0x80000, 0, 0x7fc48f6244d0)                                                         = 3
7934 [0x7fc48f426697] SYS_read(3, 0x7fffec546348, 832, 0x7fc48f6244d0)                                                             = 832
7934 [0x7fc48f426604] SYS_fstat(3, 0x7fffec546220, 0x7fffec546220, 16)                                                             = 0
7934 [0x7fc48f42680a] SYS_mmap(0, 0x2022e8, 5, 2050)                                                                               = 0x7fc48ccbe000
7934 [0x7fc48f426857] SYS_mprotect(0x7fc48ccc0000, 0x200000, 0, 2050)                                                              = 0
7934 [0x7fc48f42680a] SYS_mmap(0x7fc48cec0000, 4096, 3, 2066)                                                                      = 0x7fc48cec0000
7934 [0x7fc48f426787] SYS_close(3, 16, 0x7fc48cec0198, 0x6ffffdff)                                                                 = 0
7934 [0x7fc48f426677] SYS_open(0x7fc48f620f40, 0x80000, 0, 0x6ffffdff)                                                             = 3
7934 [0x7fc48f426697] SYS_read(3, 0x7fffec546318, 832, 0x6ffffdff)                                                                 = 832
7934 [0x7fc48f426604] SYS_fstat(3, 0x7fffec5461f0, 0x7fffec5461f0, 16)                                                             = 0
7934 [0x7fc48f42680a] SYS_mmap(0, 4096, 3, 34)                                                                                     = 0x7fc48f61f000
7934 [0x7fc48f42680a] SYS_mmap(0, 0x201f30, 5, 2050)                                                                               = 0x7fc48cabc000
7934 [0x7fc48f426857] SYS_mprotect(0x7fc48cabe000, 0x1ff000, 0, 2050)                                                              = 0
7934 [0x7fc48f42680a] SYS_mmap(0x7fc48ccbd000, 4096, 3, 2066)                                                                      = 0x7fc48ccbd000
7934 [0x7fc48f426787] SYS_close(3, 16, 0x7fc48ccbde18, 0x6ffffdff)                                                                 = 0
7934 [0x7fc48f426677] SYS_open(0x7fc48f61f4c0, 0x80000, 0, 0x6ffffdff)                                                             = 3
7934 [0x7fc48f426697] SYS_read(3, 0x7fffec5462e8, 832, 0x6ffffdff)                                                                 = 832
7934 [0x7fc48f426604] SYS_fstat(3, 0x7fffec5461c0, 0x7fffec5461c0, 16)                                                             = 0
7934 [0x7fc48f42680a] SYS_mmap(0, 0x2038b8, 5, 2050)                                                                               = 0x7fc48c8b8000
7934 [0x7fc48f426857] SYS_mprotect(0x7fc48c8bc000, 0x1ff000, 0, 2050)                                                              = 0
7934 [0x7fc48f42680a] SYS_mmap(0x7fc48cabb000, 4096, 3, 2066)                                                                      = 0x7fc48cabb000
7934 [0x7fc48f426787] SYS_close(3, 16, 0x7fc48cabb748, 0x6ffffdff)                                                                 = 0
7934 [0x7fc48f426677] SYS_open(0x7fc48f61fa60, 0x80000, 0, 0x7fc48f622000)                                                         = 3
7934 [0x7fc48f426697] SYS_read(3, 0x7fffec546288, 832, 0x7fc48f622000)                                                             = 832
7934 [0x7fc48f426604] SYS_fstat(3, 0x7fffec546160, 0x7fffec546160, 16)                                                             = 0
7934 [0x7fc48f42680a] SYS_mmap(0, 0x210848, 5, 2050)                                                                               = 0x7fc48c6a7000
7934 [0x7fc48f426857] SYS_mprotect(0x7fc48c6b7000, 0x1ff000, 0, 2050)                                                              = 0
7934 [0x7fc48f42680a] SYS_mmap(0x7fc48c8b6000, 8192, 3, 2066)                                                                      = 0x7fc48c8b6000
7934 [0x7fc48f426787] SYS_close(3, 16, 0x7fc48c8b6d90, 0x6ffffdff)                                                                 = 0
7934 [0x7fc48f426677] SYS_open(0x7fc48f61ff48, 0x80000, 0, 0x6ffffdff)                                                             = 3
7934 [0x7fc48f426697] SYS_read(3, 0x7fffec546258, 832, 0x6ffffdff)                                                                 = 832
7934 [0x7fc48f426604] SYS_fstat(3, 0x7fffec546130, 0x7fffec546130, 16)                                                             = 0
7934 [0x7fc48f42680a] SYS_mmap(0, 4096, 3, 34)                                                                                     = 0x7fc48f61e000
7934 [0x7fc48f42680a] SYS_mmap(0, 0x20acf0, 5, 2050)                                                                               = 0x7fc48c49c000
7934 [0x7fc48f426857] SYS_mprotect(0x7fc48c4a7000, 0x1ff000, 0, 2050)                                                              = 0
7934 [0x7fc48f42680a] SYS_mmap(0x7fc48c6a6000, 4096, 3, 2066)                                                                      = 0x7fc48c6a6000
7934 [0x7fc48f426787] SYS_close(3, 16, 0x7fc48c6a6750, 0x6ffffdff)                                                                 = 0
7934 [0x7fc48f426677] SYS_open(0x7fc48f61e560, 0x80000, 0, 0x7fc48f622000)                                                         = 3
7934 [0x7fc48f426697] SYS_read(3, 0x7fffec546228, 832, 0x7fc48f622000)                                                             = 832
7934 [0x7fc48f426604] SYS_fstat(3, 0x7fffec546100, 0x7fffec546100, 32)                                                             = 0
7934 [0x7fc48f42680a] SYS_mmap(0, 0x2361e0, 5, 2050)                                                                               = 0x7fc48c265000
7934 [0x7fc48f426857] SYS_mprotect(0x7fc48c26d000, 0x1ff000, 0, 2050)                                                              = 0
7934 [0x7fc48f42680a] SYS_mmap(0x7fc48c46c000, 8192, 3, 2066)                                                                      = 0x7fc48c46c000
7934 [0x7fc48f42680a] SYS_mmap(0x7fc48c46e000, 0x2d1e0, 3, 50)                                                                     = 0x7fc48c46e000
7934 [0x7fc48f426787] SYS_close(3, 16, 0, 0x6ffffdff)                                                                              = 0
7934 [0x7fc48f426677] SYS_open(0x7fc48f61ea30, 0x80000, 0, 0x6ffffdff)                                                             = 3
7934 [0x7fc48f426697] SYS_read(3, 0x7fffec5461f8, 832, 0x6ffffdff)                                                                 = 832
7934 [0x7fc48f426604] SYS_fstat(3, 0x7fffec5460d0, 0x7fffec5460d0, 16)                                                             = 0
7934 [0x7fc48f42680a] SYS_mmap(0, 0x43fe88, 5, 2050)                                                                               = 0x7fc48be25000
7934 [0x7fc48f426857] SYS_mprotect(0x7fc48c03a000, 0x200000, 0, 2050)                                                              = 0
7934 [0x7fc48f42680a] SYS_mmap(0x7fc48c23a000, 0x27000, 3, 2066)                                                                   = 0x7fc48c23a000
7934 [0x7fc48f42680a] SYS_mmap(0x7fc48c261000, 0x3e88, 3, 50)                                                                      = 0x7fc48c261000
7934 [0x7fc48f426857] SYS_mprotect(0x7fffec548000, 4096, 0x1000007, 4)                                                             = 0
7934 [0x7fc48f426787] SYS_close(3, 4096, 0x1000007, 4)                                                                             = 0
7934 [0x7fc48f426677] SYS_open(0x7fc48f61efb0, 0x80000, 0, 0x7fc48f6214d0)                                                         = 3
7934 [0x7fc48f426697] SYS_read(3, 0x7fffec5461c8, 832, 0x7fc48f6214d0)                                                             = 832
7934 [0x7fc48f426604] SYS_fstat(3, 0x7fffec5460a0, 0x7fffec5460a0, 16)                                                             = 0
7934 [0x7fc48f42680a] SYS_mmap(0, 4096, 3, 34)                                                                                     = 0x7fc48f61d000
7934 [0x7fc48f42680a] SYS_mmap(0, 0x215730, 5, 2050)                                                                               = 0x7fc48bc0f000
7934 [0x7fc48f426857] SYS_mprotect(0x7fc48bc25000, 0x1ff000, 0, 2050)                                                              = 0
7934 [0x7fc48f42680a] SYS_mmap(0x7fc48be24000, 4096, 3, 2066)                                                                      = 0x7fc48be24000
7934 [0x7fc48f426787] SYS_close(3, 16, 0x7fc48be24490, 0x6ffffdff)                                                                 = 0
7934 [0x7fc48f426677] SYS_open(0x7fc48f61d4f0, 0x80000, 0, 0x6ffffdff)                                                             = 3
7934 [0x7fc48f426697] SYS_read(3, 0x7fffec546198, 832, 0x6ffffdff)                                                                 = 832
7934 [0x7fc48f426604] SYS_fstat(3, 0x7fffec546070, 0x7fffec546070, 32)                                                             = 0
7934 [0x7fc48f42680a] SYS_mmap(0, 0x2fd148, 5, 2050)                                                                               = 0x7fc48b911000
7934 [0x7fc48f426857] SYS_mprotect(0x7fc48ba0e000, 0x1ff000, 0, 2050)                                                              = 0
7934 [0x7fc48f42680a] SYS_mmap(0x7fc48bc0d000, 8192, 3, 2066)                                                                      = 0x7fc48bc0d000
7934 [0x7fc48f426787] SYS_close(3, 16, 0, 0x6ffffdff)                                                                              = 0
7934 [0x7fc48f426677] SYS_open(0x7fffec545f60, 0x80000, 0, 0x36782f39325f3130)                                                     = -2
7934 [0x7fc48f4265c5] SYS_stat(0x7fffec545f60, 0x7fffec546040, 0x7fffec546040, 0x36782f39325f3130)                                 = -2
7934 [0x7fc48f426677] SYS_open(0x7fffec545f60, 0x80000, 0, 0x36782f39325f3130)                                                     = -2
7934 [0x7fc48f4265c5] SYS_stat(0x7fffec545f60, 0x7fffec546040, 0x7fffec546040, 0x36782f39325f3130)                                 = -2
7934 [0x7fc48f426677] SYS_open(0x7fffec545f60, 0x80000, 0, 0x36782f39325f3130)                                                     = -2
7934 [0x7fc48f4265c5] SYS_stat(0x7fffec545f60, 0x7fffec546040, 0x7fffec546040, 0x36782f39325f3130)                                 = -2
7934 [0x7fc48f426677] SYS_open(0x7fffec545f60, 0x80000, 0, 0x36782f39325f3130)                                                     = -2
7934 [0x7fc48f4265c5] SYS_stat(0x7fffec545f60, 0x7fffec546040, 0x7fffec546040, 0x36782f39325f3130)                                 = -2
7934 [0x7fc48f426677] SYS_open(0x7fc48f61ddd0, 0x80000, 0, 0x36782f39325f3130)                                                     = 3
7934 [0x7fc48f426697] SYS_read(3, 0x7fffec546168, 832, 0x36782f39325f3130)                                                         = 832
7934 [0x7fc48f426604] SYS_fstat(3, 0x7fffec546040, 0x7fffec546040, 16)                                                             = 0
7934 [0x7fc48f42680a] SYS_mmap(0, 4096, 3, 34)                                                                                     = 0x7fc48f61c000
7934 [0x7fc48f42680a] SYS_mmap(0, 0x2f8980, 5, 2050)                                                                               = 0x7fc48b618000
7934 [0x7fc48f426857] SYS_mprotect(0x7fc48b70f000, 0x200000, 0, 2050)                                                              = 0
7934 [0x7fc48f42680a] SYS_mmap(0x7fc48b90f000, 8192, 3, 2066)                                                                      = 0x7fc48b90f000
7934 [0x7fc48f426787] SYS_close(3, 16, 0x7fc48b90f3a0, 0x6ffffdff)                                                                 = 0
7934 [0x7fc48f426677] SYS_open(0x7fc48f61c4c8, 0x80000, 0, 0x6ffffdff)                                                             = 3
7934 [0x7fc48f426697] SYS_read(3, 0x7fffec546138, 832, 0x6ffffdff)                                                                 = 832
7934 [0x7fc48f426604] SYS_fstat(3, 0x7fffec546010, 0x7fffec546010, 16)                                                             = 0
7934 [0x7fc48f42680a] SYS_mmap(0, 0x2fc9d8, 5, 2050)                                                                               = 0x7fc48b31b000
7934 [0x7fc48f426857] SYS_mprotect(0x7fc48b416000, 0x200000, 0, 2050)                                                              = 0
7934 [0x7fc48f42680a] SYS_mmap(0x7fc48b616000, 8192, 3, 2066)                                                                      = 0x7fc48b616000
7934 [0x7fc48f426787] SYS_close(3, 16, 0x7fc48b617828, 0x6ffffdff)                                                                 = 0
7934 [0x7fc48f426677] SYS_open(0x7fc48f61c998, 0x80000, 0, 0x6ffffdff)                                                             = 3
7934 [0x7fc48f426697] SYS_read(3, 0x7fffec546108, 832, 0x6ffffdff)                                                                 = 832
7934 [0x7fc48f426604] SYS_fstat(3, 0x7fffec545fe0, 0x7fffec545fe0, 16)                                                             = 0
7934 [0x7fc48f42680a] SYS_mmap(0, 0x242830, 5, 2050)                                                                               = 0x7fc48b0d8000
7934 [0x7fc48f426857] SYS_mprotect(0x7fc48b11b000, 0x1ff000, 0, 2050)                                                              = 0
7934 [0x7fc48f42680a] SYS_mmap(0x7fc48b31a000, 4096, 3, 2066)                                                                      = 0x7fc48b31a000
7934 [0x7fc48f426787] SYS_close(3, 16, 0x7fc48b31a630, 0x6ffffdff)                                                                 = 0
7934 [0x7fc48f426677] SYS_open(0x7fc48f61cf70, 0x80000, 0, 0x7fc48f6239b8)                                                         = 3
7934 [0x7fc48f426697] SYS_read(3, 0x7fffec5460d8, 832, 0x7fc48f6239b8)                                                             = 832
7934 [0x7fc48f426604] SYS_fstat(3, 0x7fffec545fb0, 0x7fffec545fb0, 32)                                                             = 0
7934 [0x7fc48f42680a] SYS_mmap(0, 4096, 3, 34)                                                                                     = 0x7fc48f61b000
7934 [0x7fc48f42680a] SYS_mmap(0, 0x203118, 5, 2050)                                                                               = 0x7fc48aed4000
7934 [0x7fc48f426857] SYS_mprotect(0x7fc48aed6000, 0x200000, 0, 2050)                                                              = 0
7934 [0x7fc48f42680a] SYS_mmap(0x7fc48b0d6000, 8192, 3, 2066)                                                                      = 0x7fc48b0d6000
7934 [0x7fc48f426787] SYS_close(3, 16, 0x7fc48b0d6f40, 0x6ffffdff)                                                                 = 0
7934 [0x7fc48f42680a] SYS_mmap(0, 4096, 3, 34)                                                                                     = 0x7fc48f61a000
7934 [0x7fc48f42680a] SYS_mmap(0, 4096, 3, 34)                                                                                     = 0x7fc48f619000
7934 [0x7fc48f42680a] SYS_mmap(0, 8192, 3, 34)                                                                                     = 0x7fc48f617000
7934 [0x7fc48f410044] SYS_arch_prctl(4098, 0x7fc48f617780, 0x7fc48f618080, 34)                                                     = 0
7934 [0x7fc48f426857] SYS_mprotect(0x7fc48ed66000, 0x4000, 1, 1)                                                                   = 0
7934 [0x7fc48f426857] SYS_mprotect(0x7fc48b0d6000, 4096, 1, 0x7fc48aed4c68)                                                        = 0
7934 [0x7fc48f426857] SYS_mprotect(0x7fc48df0c000, 4096, 1, 0x7fc48dcfa500)                                                        = 0
7934 [0x7fc48f426857] SYS_mprotect(0x7fc48bc0d000, 4096, 1, 1)                                                                     = 0
7934 [0x7fc48f426857] SYS_mprotect(0x7fc48c46c000, 4096, 1, 0x7fc48c265a00)                                                        = 0
7934 [0x7fc48f426857] SYS_mprotect(0x7fc48e1d0000, 0x7000, 1, 0x7fc48df6a810)                                                      = 0
7934 [0x7fc48f426857] SYS_mprotect(0x7fc48dcf3000, 4096, 1, 0x7fc48daeed58)                                                        = 0
7934 [0x7fc48f426857] SYS_mprotect(0x7fc48f62f000, 4096, 1, 0)                                                                     = 0
7934 [0x7fc48f426837] SYS_munmap(0x7fc48f625000, 0x83b3, 0x77300, 0)                                                               = 0
7934 [0x7fc48dcfbe92] SYS_set_tid_address(0x7fc48f617a50, 0x7fffec5480c8, 0x7fc48f617780, 0)                                       = 7934
7934 [0x7fc48dcfbefa] SYS_set_robust_list(0x7fc48f617a60, 24, 0x7fc48f617780, 0)                                                   = 0
7934 [0x7fc48dd05cf5] SYS_rt_sigaction(32, 0x7fffec547e18, 0, 8)                                                                   = 0
7934 [0x7fc48dd05cf5] SYS_rt_sigaction(33, 0x7fffec547e18, 0, 8)                                                                   = 0
7934 [0x7fc48dcfbfd6] SYS_rt_sigprocmask(1, 0x7fffec547f68, 0, 8)                                                                  = 0
7934 [0x7fc48eab2b17] SYS_getrlimit(3, 0x7fffec548000, 63, 1)                                                                      = 0
7934 [0x7fc48dcfbb95] SYS_futex(0x7fc48e1da7e0, 129, 0x7fffffff, 0)                                                                = 0
7934 [0x4008fd] ledctrl->Lookup_Nas_Info(_T_NAS_PROP_&)(0x7fffec547f10, 0x7fffec548b94, 0, 0x7fffec548b93 <unfinished ...>
7934 [0x7fc48f1b9d11]   libnasman.so->Open_Share_Memory(char const*, int, void*&, int&)(0x7fc48f1fe08e, 0, 0x7fffec547ed0, 0x7fffec547edc <unfinished ...>
7934 [0x7fc48eaad557]     SYS_statfs(0x7fc48dd081e8, 0x7fffec547c70, 0x7fc48df11310, 1)                                            = 0
7934 [0x7fc48dcfbb95]     SYS_futex(0x7fc48df11310, 129, 0x7fffffff, 0)                                                            = 0
7934 [0x7fc48eaad7e0]     SYS_open(0x7fffec547d80, 0xa0000, 484, 1)                                                                = 3
7934 [0x7fc48eaad3b4]     SYS_fstat(3, 0x7fffec547e10, 0x7fffec547e10, 1)                                                          = 0
7934 [0x7fc48eab672a]     SYS_mmap(0, 0x2788, 1, 1)                                                                                = 0x7fc48f62b000
7934 [0x7fc48eaae070]     SYS_close(3, 0x2788, 1, 1)                                                                               = 0
7934 [0x7fc48f1b9d11]   <... Open_Share_Memory(char const*, int, void*&, int&) resumed> )                                          = 0
7934 [0x7fc48f1b9d4d]   libnasman.so->Open_Share_Memory(char const*, int, void*&, int&)(0x7fc48f1fe0a7, 0, 0x7fffec547ed0, 0x7fffec547edc <unfinished ...>
7934 [0x7fc48eaad7e0]     SYS_open(0x7fffec547d80, 0xa0000, 484, 1)                                                                = 3
7934 [0x7fc48eaad3b4]     SYS_fstat(3, 0x7fffec547e10, 0x7fffec547e10, 1)                                                          = 0
7934 [0x7fc48eab672a]     SYS_mmap(0, 3536, 1, 1)                                                                                  = 0x7fc48f62a000
7934 [0x7fc48eaae070]     SYS_close(3, 3536, 1, 1)                                                                                 = 0
7934 [0x7fc48f1b9d4d]   <... Open_Share_Memory(char const*, int, void*&, int&) resumed> )                                          = 0
7934 [0x7fc48f1b9d7f]   libnasman.so->Open_Share_Memory(char const*, int, void*&, int&)(0x7fc48f1fe0b5, 0, 0x7fffec547ed0, 0x7fffec547edc <unfinished ...>
7934 [0x7fc48eaad7e0]     SYS_open(0x7fffec547d80, 0xa0000, 484, 1)                                                                = 3
7934 [0x7fc48eaad3b4]     SYS_fstat(3, 0x7fffec547e10, 0x7fffec547e10, 1)                                                          = 0
7934 [0x7fc48eab672a]     SYS_mmap(0, 4080, 1, 1)                                                                                  = 0x7fc48f629000
7934 [0x7fc48eaae070]     SYS_close(3, 4080, 1, 1)                                                                                 = 0
7934 [0x7fc48f1b9d7f]   <... Open_Share_Memory(char const*, int, void*&, int&) resumed> )                                          = 0
7934 [0x4008fd] <... Lookup_Nas_Info(_T_NAS_PROP_&) resumed> )                                                                     = 0
7934 [0x400934] ledctrl->Hal_Led_Set_Hdd_Mode(3, 9, 0, 0 <unfinished ...>
7934 [0x7fc48ed76f15]   libnhal.so->Hal_Lookup_Hardware_Info(0x7fffec547e00, 9, 0, 0 <unfinished ...>
7934 [0x7fc48eaad7e0]     SYS_open(0x7fffec547d00, 0xa0002, 484, 1)                                                                = 3
7934 [0x7fc48eab672a]     SYS_mmap(0, 220, 3, 1)                                                                                   = 0x7fc48f628000
7934 [0x7fc48eaae070]     SYS_close(3, 220, 3, 1)                                                                                  = 0
7934 [0x7fc48ed757f0]     libnhal.so->Hw_Semaphore_Init(0x7fffec547db0, 0x7fc48ed78287, 1, -1 <unfinished ...>
7934 [0x7fc48eaad405]       SYS_lstat(0x7fffec547c60, 0x7fffec547b70, 0x7fffec547b70, 0)                                           = -2
7934 [0x7fc48dd05510]       SYS_open(0x7fffec547c60, 194, 600, 0)                                                                  = 3
7934 [0x7fc48dd04da0]       SYS_write(3, 0x7fffec547ce0, 32, 0)                                                                    = 32
7934 [0x7fc48eab672a]       SYS_mmap(0, 32, 3, 1)                                                                                  = 0x7fc48f627000
7934 [0x7fc48eaaf1a7]       SYS_link(0x7fffec547c60, 0x7fffec547c90, 3, 1)                                                         = -17
7934 [0x7fc48eab6757]       SYS_munmap(0x7fc48f627000, 32, 3, 1)                                                                   = 0
7934 [0x7fc48eaaf2c7]       SYS_unlink(0x7fffec547c60, 32, 3, 1)                                                                   = 0
7934 [0x7fc48dd04e60]       SYS_close(3, 32, 3, 1)                                                                                 = 0
7934 [0x7fc48dd05510]       SYS_open(0x7fffec547c90, 0x20002, 18, 1)                                                               = 3
7934 [0x7fc48eaad3b4]       SYS_fstat(3, 0x7fffec547bc0, 0x7fffec547bc0, 1)                                                        = 0
7934 [0x7fc48eab2f5a]       SYS_brk(0, 0x7fc48ed6a640, 0, -4096)                                                                   = 0x14ec000
7934 [0x7fc48eab2f5a]       SYS_brk(0x150d000, 0x14ec000, 0x150d000, -4096)                                                        = 0x150d000
7934 [0x7fc48eab672a]       SYS_mmap(0, 32, 3, 1)                                                                                  = 0x7fc48f627000
7934 [0x7fc48dd04e60]       SYS_close(3, 32, 0, 3)                                                                                 = 0
7934 [0x7fc48ed757f0]     <... Hw_Semaphore_Init resumed> )                                                                        = 17
7934 [0x7fc48ed75800]     libnhal.so->Hw_Semaphore_Lock(0x7fffec547db0, 32, 0x7fc48f627000, -1)                                    = 0
7934 [0x7fc48ed75918]     libnhal.so->Hw_Semaphore_Unlock(0x7fffec547db0, 2, 0x7fc48f628000, 0)                                    = 0
7934 [0x7fc48ed75924]     libnhal.so->Hw_Semaphore_Release(0x7fffec547db0, 128, 0, 0 <unfinished ...>
7934 [0x7fc48eab6757]       SYS_munmap(0x7fc48f627000, 32, 0, 1)                                                                   = 0
7934 [0x7fc48ed75924]     <... Hw_Semaphore_Release resumed> )                                                                     = 0
7934 [0x7fc48ed76f15]   <... Hal_Lookup_Hardware_Info resumed> )                                                                   = 0
7934 [0x400934] <... Hal_Led_Set_Hdd_Mode resumed> )                                                                               = 0xffffffea
7934 [0x7fc48f1b9f15] libnasman.so->Close_Share_Memory(char const*, void*)(0x7fc48f1fe08e, 0x7fc48f62b000, 0x947118490bbe9afb, 4 <unfinished ...>
7934 [0x7fc48f1b9b6e]   libnasman.so->Get_File_Size(char const*, long*)(0x7fffec547c70, 0x7fffec547d98, 0x7fffec547c85, 0 <unfinished ...>
7934 [0x7fc48eaad365]     SYS_stat(0x7fffec547c70, 0x7fffec547bd0, 0x7fffec547bd0, 1)                                              = 0
7934 [0x7fc48f1b9b6e]   <... Get_File_Size(char const*, long*) resumed> )                                                          = 0
7934 [0x7fc48eab6757]   SYS_munmap(0x7fc48f62b000, 0x2788, 0x7fffec547bd0, 1)                                                      = 0
7934 [0x7fc48f1b9f15] <... Close_Share_Memory(char const*, void*) resumed> )                                                       = 0
7934 [0x7fc48f1b9f37] libnasman.so->Close_Share_Memory(char const*, void*)(0x7fc48f1fe0a7, 0x7fc48f62a000, 0, -1 <unfinished ...>
7934 [0x7fc48f1b9b6e]   libnasman.so->Get_File_Size(char const*, long*)(0x7fffec547c70, 0x7fffec547d98, 0x7fffec547c86, 0 <unfinished ...>
7934 [0x7fc48eaad365]     SYS_stat(0x7fffec547c70, 0x7fffec547bd0, 0x7fffec547bd0, 1)                                              = 0
7934 [0x7fc48f1b9b6e]   <... Get_File_Size(char const*, long*) resumed> )                                                          = 0
7934 [0x7fc48eab6757]   SYS_munmap(0x7fc48f62a000, 3536, 0x7fffec547bd0, 1)                                                        = 0
7934 [0x7fc48f1b9f37] <... Close_Share_Memory(char const*, void*) resumed> )                                                       = 0
7934 [0x7fc48f1b9f59] libnasman.so->Close_Share_Memory(char const*, void*)(0x7fc48f1fe0b5, 0x7fc48f629000, 0, -1 <unfinished ...>
7934 [0x7fc48f1b9b6e]   libnasman.so->Get_File_Size(char const*, long*)(0x7fffec547c70, 0x7fffec547d98, 0x7fffec547c86, 0 <unfinished ...>
7934 [0x7fc48eaad365]     SYS_stat(0x7fffec547c70, 0x7fffec547bd0, 0x7fffec547bd0, 1)                                              = 0
7934 [0x7fc48f1b9b6e]   <... Get_File_Size(char const*, long*) resumed> )                                                          = 0
7934 [0x7fc48eab6757]   SYS_munmap(0x7fc48f629000, 4080, 0x7fffec547bd0, 1)                                                        = 0
7934 [0x7fc48f1b9f59] <... Close_Share_Memory(char const*, void*) resumed> )                                                       = 0
7934 [0x7fc48ea07932] libgeneral.so->Trace_Mem_Destroy()(0x7fc48e71fd40, 0, 0x94711aeb707e9afb, 16)                                = 0
7934 [0x7fc48ea8a468] SYS_exit_group(-22, 60, -22, 0x7fc48ed6da48 <no return ...>
7934 [0xffffffffffffffff] +++ exited (status 234) +++
