7956 [0x7f51d87e98aa] SYS_brk(0, 0x7f51d87ecfa0, 0, 895)                                                                           = 0x1562000
7956 [0x7f51d87ea7e7] SYS_readlink(0x7fffca4dbb78, 0x7fffca4d9a80, 4096, 0x756e694c00000000)                                       = -2
7956 [0x7f51d87ea677] SYS_open(0x7f51d87ee1f3, 0, 0, 0x756e694c00000000)                                                           = 3
7956 [0x7f51d87ea7a7] SYS_chdir(0x7f51d89f5ba8, 0, 0, 0x756e694c00000000)                                                          = -2
7956 [0x7f51d87e99d2] SYS_getcwd(0x7fffca4d9a80, 4096, 0, 0x756e694c00000000)                                                      = 23
7956 [0x7f51d87ea7c7] SYS_fchdir(3, 4096, 0, 0x756e694c00000000)                                                                   = 0
7956 [0x7f51d87ea787] SYS_close(3, 4096, 0, 0x756e694c00000000)                                                                    = 0
7956 [0x7f51d87ea80a] SYS_mmap(0, 4096, 3, 34)                                                                                     = 0x7f51d89f2000
7956 [0x7f51d87ea6d7] SYS_access(0x7f51d87f0700, 4, 0x7f51d89f5718, 0)                                                             = -2
7956 [0x7f51d87ea677] SYS_open(0x7f51d87ee072, 0x80000, 1, 0)                                                                      = 3
7956 [0x7f51d87ea604] SYS_fstat(3, 0x7fffca4d9260, 0x7fffca4d9260, 0)                                                              = 0
7956 [0x7f51d87ea80a] SYS_mmap(0, 0x83b3, 1, 2)                                                                                    = 0x7f51d89e9000
7956 [0x7f51d87ea787] SYS_close(3, 0x83b3, 1, 2)                                                                                   = 0
7956 [0x7f51d87ea677] SYS_open(0x7f51d89f2640, 0x80000, 0, 56)                                                                     = 3
7956 [0x7f51d87ea697] SYS_read(3, 0x7fffca4d93e8, 832, 56)                                                                         = 832
7956 [0x7f51d87ea604] SYS_fstat(3, 0x7fffca4d92c0, 0x7fffca4d92c0, 16)                                                             = 0
7956 [0x7f51d87ea80a] SYS_mmap(0, 0x278960, 5, 2050)                                                                               = 0x7f51d855a000
7956 [0x7f51d87ea857] SYS_mprotect(0x7f51d85d0000, 0x200000, 0, 2050)                                                              = 0
7956 [0x7f51d87ea80a] SYS_mmap(0x7f51d87d0000, 0x3000, 3, 2066)                                                                    = 0x7f51d87d0000
7956 [0x7f51d87ea787] SYS_close(3, 16, 0x7f51d87d03e0, 0x6ffffdff)                                                                 = 0
7956 [0x7f51d87ea677] SYS_open(0x7f51d89f2b10, 0x80000, 0, 0x6ffffdff)                                                             = 3
7956 [0x7f51d87ea697] SYS_read(3, 0x7fffca4d93b8, 832, 0x6ffffdff)                                                                 = 832
7956 [0x7f51d87ea604] SYS_fstat(3, 0x7fffca4d9290, 0x7fffca4d9290, 16)                                                             = 0
7956 [0x7f51d87ea80a] SYS_mmap(0, 0x21bee0, 5, 2050)                                                                               = 0x7f51d833e000
7956 [0x7f51d87ea857] SYS_mprotect(0x7f51d8359000, 0x200000, 0, 2050)                                                              = 0
7956 [0x7f51d87ea80a] SYS_mmap(0x7f51d8559000, 4096, 3, 2066)                                                                      = 0x7f51d8559000
7956 [0x7f51d87ea787] SYS_close(3, 16, 0x7f51d8559208, 0x6ffffdff)                                                                 = 0
7956 [0x7f51d87ea677] SYS_open(0x7f51d89f2fe0, 0x80000, 0, 0x6ffffdff)                                                             = 3
7956 [0x7f51d87ea697] SYS_read(3, 0x7fffca4d9388, 832, 0x6ffffdff)                                                                 = 832
7956 [0x7f51d87ea604] SYS_fstat(3, 0x7fffca4d9260, 0x7fffca4d9260, 16)                                                             = 0
7956 [0x7f51d87ea80a] SYS_mmap(0, 4096, 3, 34)                                                                                     = 0x7f51d89e8000
7956 [0x7f51d87ea80a] SYS_mmap(0, 0x209ad0, 5, 2050)                                                                               = 0x7f51d8134000
7956 [0x7f51d87ea857] SYS_mprotect(0x7f51d813e000, 0x1ff000, 0, 2050)                                                              = 0
7956 [0x7f51d87ea80a] SYS_mmap(0x7f51d833d000, 4096, 3, 2066)                                                                      = 0x7f51d833d000
7956 [0x7f51d87ea787] SYS_close(3, 16, 0x7f51d833d690, 0x6ffffdff)                                                                 = 0
7956 [0x7f51d87ea677] SYS_open(0x7f51d89e84b8, 0x80000, 0, 0x6ffffdff)                                                             = 3
7956 [0x7f51d87ea697] SYS_read(3, 0x7fffca4d9358, 832, 0x6ffffdff)                                                                 = 832
7956 [0x7f51d87ea604] SYS_fstat(3, 0x7fffca4d9230, 0x7fffca4d9230, 32)                                                             = 0
7956 [0x7f51d87ea80a] SYS_mmap(0, 0x39dc40, 5, 2050)                                                                               = 0x7f51d7d96000
7956 [0x7f51d87ea857] SYS_mprotect(0x7f51d7f2a000, 0x200000, 0, 2050)                                                              = 0
7956 [0x7f51d87ea80a] SYS_mmap(0x7f51d812a000, 0x6000, 3, 2066)                                                                    = 0x7f51d812a000
7956 [0x7f51d87ea80a] SYS_mmap(0x7f51d8130000, 0x3c40, 3, 50)                                                                      = 0x7f51d8130000
7956 [0x7f51d87ea787] SYS_close(3, 16, 0, 0x6ffffdff)                                                                              = 0
7956 [0x7f51d87ea677] SYS_open(0x7f51d89e8988, 0x80000, 0, 0x6ffffdff)                                                             = 3
7956 [0x7f51d87ea697] SYS_read(3, 0x7fffca4d9208, 832, 0x6ffffdff)                                                                 = 832
7956 [0x7f51d87ea604] SYS_fstat(3, 0x7fffca4d90e0, 0x7fffca4d90e0, 16)                                                             = 0
7956 [0x7f51d87ea80a] SYS_mmap(0, 0x2b09d0, 5, 2050)                                                                               = 0x7f51d7ae5000
7956 [0x7f51d87ea857] SYS_mprotect(0x7f51d7b94000, 0x1ff000, 0, 2050)                                                              = 0
7956 [0x7f51d87ea80a] SYS_mmap(0x7f51d7d93000, 0x3000, 3, 2066)                                                                    = 0x7f51d7d93000
7956 [0x7f51d87ea787] SYS_close(3, 16, 0x7f51d7d939a8, 0x6ffffdff)                                                                 = 0
7956 [0x7f51d87ea677] SYS_open(0x7f51d89e8e58, 0x80000, 0, 0x6ffffdff)                                                             = 3
7956 [0x7f51d87ea697] SYS_read(3, 0x7fffca4d91d8, 832, 0x6ffffdff)                                                                 = 832
7956 [0x7f51d87ea604] SYS_fstat(3, 0x7fffca4d90b0, 0x7fffca4d90b0, 16)                                                             = 0
7956 [0x7f51d87ea80a] SYS_mmap(0, 4096, 3, 34)                                                                                     = 0x7f51d89e7000
7956 [0x7f51d87ea80a] SYS_mmap(0, 0x294ee0, 5, 2050)                                                                               = 0x7f51d7850000
7956 [0x7f51d87ea857] SYS_mprotect(0x7f51d78e2000, 0x1ff000, 0, 2050)                                                              = 0
7956 [0x7f51d87ea80a] SYS_mmap(0x7f51d7ae1000, 0x3000, 3, 2066)                                                                    = 0x7f51d7ae1000
7956 [0x7f51d87ea80a] SYS_mmap(0x7f51d7ae4000, 3808, 3, 50)                                                                        = 0x7f51d7ae4000
7956 [0x7f51d87ea787] SYS_close(3, 16, 0x7f51d7ae1e30, 0x6ffffdff)                                                                 = 0
7956 [0x7f51d87ea677] SYS_open(0x7f51d89e74b8, 0x80000, 0, 0x6ffffdff)                                                             = 3
7956 [0x7f51d87ea697] SYS_read(3, 0x7fffca4d91a8, 832, 0x6ffffdff)                                                                 = 832
7956 [0x7f51d87ea604] SYS_fstat(3, 0x7fffca4d9080, 0x7fffca4d9080, 16)                                                             = 0
7956 [0x7f51d87ea80a] SYS_mmap(0, 0x29d850, 5, 2050)                                                                               = 0x7f51d75b2000
7956 [0x7f51d87ea857] SYS_mprotect(0x7f51d764b000, 0x200000, 0, 2050)                                                              = 0
7956 [0x7f51d87ea80a] SYS_mmap(0x7f51d784b000, 0x3000, 3, 2066)                                                                    = 0x7f51d784b000
7956 [0x7f51d87ea80a] SYS_mmap(0x7f51d784e000, 6224, 3, 50)                                                                        = 0x7f51d784e000
7956 [0x7f51d87ea787] SYS_close(3, 16, 0x7f51d784ccc8, 0x6ffffdff)                                                                 = 0
7956 [0x7f51d87ea677] SYS_open(0x7f51d89e79a0, 0x80000, 0, 0x6ffffdff)                                                             = 3
7956 [0x7f51d87ea697] SYS_read(3, 0x7fffca4d9178, 832, 0x6ffffdff)                                                                 = 832
7956 [0x7f51d87ea604] SYS_fstat(3, 0x7fffca4d9050, 0x7fffca4d9050, 16)                                                             = 0
7956 [0x7f51d87ea80a] SYS_mmap(0, 0x2dbbb0, 5, 2050)                                                                               = 0x7f51d72d6000
7956 [0x7f51d87ea857] SYS_mprotect(0x7f51d7394000, 0x200000, 0, 2050)                                                              = 0
7956 [0x7f51d87ea80a] SYS_mmap(0x7f51d7594000, 0xa000, 3, 2066)                                                                    = 0x7f51d7594000
7956 [0x7f51d87ea80a] SYS_mmap(0x7f51d759e000, 0x13bb0, 3, 50)                                                                     = 0x7f51d759e000
7956 [0x7f51d87ea787] SYS_close(3, 16, 0x7f51d759a4d8, 0x6ffffdff)                                                                 = 0
7956 [0x7f51d87ea677] SYS_open(0x7f51d89e7e70, 0x80000, 0, 0x6ffffdff)                                                             = 3
7956 [0x7f51d87ea697] SYS_read(3, 0x7fffca4d9148, 832, 0x6ffffdff)                                                                 = 832
7956 [0x7f51d87ea604] SYS_fstat(3, 0x7fffca4d9020, 0x7fffca4d9020, 32)                                                             = 0
7956 [0x7f51d87ea80a] SYS_mmap(0, 4096, 3, 34)                                                                                     = 0x7f51d89e6000
7956 [0x7f51d87ea80a] SYS_mmap(0, 0x21c490, 5, 2050)                                                                               = 0x7f51d70b9000
7956 [0x7f51d87ea857] SYS_mprotect(0x7f51d70d1000, 0x1ff000, 0, 2050)                                                              = 0
7956 [0x7f51d87ea80a] SYS_mmap(0x7f51d72d0000, 8192, 3, 2066)                                                                      = 0x7f51d72d0000
7956 [0x7f51d87ea80a] SYS_mmap(0x7f51d72d2000, 0x3490, 3, 50)                                                                      = 0x7f51d72d2000
7956 [0x7f51d87ea787] SYS_close(3, 16, 0, 0x6ffffdff)                                                                              = 0
7956 [0x7f51d87ea677] SYS_open(0x7f51d89e64b8, 0x80000, 0, 0x6ffffdff)                                                             = 3
7956 [0x7f51d87ea697] SYS_read(3, 0x7fffca4d9118, 832, 0x6ffffdff)                                                                 = 832
7956 [0x7f51d87ea604] SYS_fstat(3, 0x7fffca4d8ff0, 0x7fffca4d8ff0, 32)                                                             = 0
7956 [0x7f51d87ea80a] SYS_mmap(0, 0x207bc0, 5, 2050)                                                                               = 0x7f51d6eb1000
7956 [0x7f51d87ea857] SYS_mprotect(0x7f51d6eb8000, 0x1ff000, 0, 2050)                                                              = 0
7956 [0x7f51d87ea80a] SYS_mmap(0x7f51d70b7000, 8192, 3, 2066)                                                                      = 0x7f51d70b7000
7956 [0x7f51d87ea787] SYS_close(3, 16, 0, 0x6ffffdff)                                                                              = 0
7956 [0x7f51d87ea677] SYS_open(0x7f51d89e6988, 0x80000, 0, 0x6ffffdff)                                                             = 3
7956 [0x7f51d87ea697] SYS_read(3, 0x7fffca4d90e8, 832, 0x6ffffdff)                                                                 = 832
7956 [0x7f51d87ea604] SYS_fstat(3, 0x7fffca4d8fc0, 0x7fffca4d8fc0, 16)                                                             = 0
7956 [0x7f51d87ea80a] SYS_mmap(0, 0x202e20, 5, 2050)                                                                               = 0x7f51d6cae000
7956 [0x7f51d87ea857] SYS_mprotect(0x7f51d6cb1000, 0x1ff000, 0, 2050)                                                              = 0
7956 [0x7f51d87ea80a] SYS_mmap(0x7f51d6eb0000, 4096, 3, 2066)                                                                      = 0x7f51d6eb0000
7956 [0x7f51d87ea787] SYS_close(3, 16, 0x7f51d6eb0c28, 0x6ffffdff)                                                                 = 0
7956 [0x7f51d87ea677] SYS_open(0x7f51d89e6e58, 0x80000, 0, 0x6ffffdff)                                                             = 3
7956 [0x7f51d87ea697] SYS_read(3, 0x7fffca4d90b8, 832, 0x6ffffdff)                                                                 = 832
7956 [0x7f51d87ea604] SYS_fstat(3, 0x7fffca4d8f90, 0x7fffca4d8f90, 16)                                                             = 0
7956 [0x7f51d87ea80a] SYS_mmap(0, 4096, 3, 34)                                                                                     = 0x7f51d89e5000
7956 [0x7f51d87ea80a] SYS_mmap(0, 0x209850, 5, 2050)                                                                               = 0x7f51d6aa4000
7956 [0x7f51d87ea857] SYS_mprotect(0x7f51d6aae000, 0x1ff000, 0, 2050)                                                              = 0
7956 [0x7f51d87ea80a] SYS_mmap(0x7f51d6cad000, 4096, 3, 2066)                                                                      = 0x7f51d6cad000
7956 [0x7f51d87ea787] SYS_close(3, 16, 0x7f51d6cad618, 0x6ffffdff)                                                                 = 0
7956 [0x7f51d87ea677] SYS_open(0x7f51d89e54b8, 0x80000, 0, 0x6ffffdff)                                                             = 3
7956 [0x7f51d87ea697] SYS_read(3, 0x7fffca4d9088, 832, 0x6ffffdff)                                                                 = 832
7956 [0x7f51d87ea604] SYS_fstat(3, 0x7fffca4d8f60, 0x7fffca4d8f60, 16)                                                             = 0
7956 [0x7f51d87ea80a] SYS_mmap(0, 0x210868, 5, 2050)                                                                               = 0x7f51d6893000
7956 [0x7f51d87ea857] SYS_mprotect(0x7f51d68a4000, 0x1ff000, 0, 2050)                                                              = 0
7956 [0x7f51d87ea80a] SYS_mmap(0x7f51d6aa3000, 4096, 3, 2066)                                                                      = 0x7f51d6aa3000
7956 [0x7f51d87ea787] SYS_close(3, 16, 0x7f51d6aa3408, 0x6ffffdff)                                                                 = 0
7956 [0x7f51d87ea677] SYS_open(0x7f51d89e5a40, 0x80000, 0, 0x7f51d89e69a0)                                                         = 3
7956 [0x7f51d87ea697] SYS_read(3, 0x7fffca4d8f28, 832, 0x7f51d89e69a0)                                                             = 832
7956 [0x7f51d87ea604] SYS_fstat(3, 0x7fffca4d8e00, 0x7fffca4d8e00, 16)                                                             = 0
7956 [0x7f51d87ea80a] SYS_mmap(0, 0x2032c8, 5, 2050)                                                                               = 0x7f51d668f000
7956 [0x7f51d87ea857] SYS_mprotect(0x7f51d6692000, 0x200000, 0, 2050)                                                              = 0
7956 [0x7f51d87ea80a] SYS_mmap(0x7f51d6892000, 4096, 3, 2066)                                                                      = 0x7f51d6892000
7956 [0x7f51d87ea787] SYS_close(3, 16, 0x7f51d6892188, 0x6ffffdff)                                                                 = 0
7956 [0x7f51d87ea677] SYS_open(0x7f51d89e5f28, 0x80000, 0, 0x6ffffdff)                                                             = 3
7956 [0x7f51d87ea697] SYS_read(3, 0x7fffca4d8ef8, 832, 0x6ffffdff)                                                                 = 832
7956 [0x7f51d87ea604] SYS_fstat(3, 0x7fffca4d8dd0, 0x7fffca4d8dd0, 16)                                                             = 0
7956 [0x7f51d87ea80a] SYS_mmap(0, 4096, 3, 34)                                                                                     = 0x7f51d89e4000
7956 [0x7f51d87ea80a] SYS_mmap(0, 0x207820, 5, 2050)                                                                               = 0x7f51d6487000
7956 [0x7f51d87ea857] SYS_mprotect(0x7f51d648e000, 0x200000, 0, 2050)                                                              = 0
7956 [0x7f51d87ea80a] SYS_mmap(0x7f51d668e000, 4096, 3, 2066)                                                                      = 0x7f51d668e000
7956 [0x7f51d87ea787] SYS_close(3, 16, 0x7f51d668e188, 0x6ffffdff)                                                                 = 0
7956 [0x7f51d87ea677] SYS_open(0x7f51d89e44c8, 0x80000, 0, 0x6ffffdff)                                                             = 3
7956 [0x7f51d87ea697] SYS_read(3, 0x7fffca4d8ec8, 832, 0x6ffffdff)                                                                 = 832
7956 [0x7f51d87ea604] SYS_fstat(3, 0x7fffca4d8da0, 0x7fffca4d8da0, 16)                                                             = 0
7956 [0x7f51d87ea80a] SYS_mmap(0, 0x201f30, 5, 2050)                                                                               = 0x7f51d6285000
7956 [0x7f51d87ea857] SYS_mprotect(0x7f51d6287000, 0x1ff000, 0, 2050)                                                              = 0
7956 [0x7f51d87ea80a] SYS_mmap(0x7f51d6486000, 4096, 3, 2066)                                                                      = 0x7f51d6486000
7956 [0x7f51d87ea787] SYS_close(3, 16, 0x7f51d6486e18, 0x6ffffdff)                                                                 = 0
7956 [0x7f51d87ea677] SYS_open(0x7f51d89e4a60, 0x80000, 0, 0x7f51d89e84d0)                                                         = 3
7956 [0x7f51d87ea697] SYS_read(3, 0x7fffca4d8e98, 832, 0x7f51d89e84d0)                                                             = 832
7956 [0x7f51d87ea604] SYS_fstat(3, 0x7fffca4d8d70, 0x7fffca4d8d70, 16)                                                             = 0
7956 [0x7f51d87ea80a] SYS_mmap(0, 0x2022e8, 5, 2050)                                                                               = 0x7f51d6082000
7956 [0x7f51d87ea857] SYS_mprotect(0x7f51d6084000, 0x200000, 0, 2050)                                                              = 0
7956 [0x7f51d87ea80a] SYS_mmap(0x7f51d6284000, 4096, 3, 2066)                                                                      = 0x7f51d6284000
7956 [0x7f51d87ea787] SYS_close(3, 16, 0x7f51d6284198, 0x6ffffdff)                                                                 = 0
7956 [0x7f51d87ea677] SYS_open(0x7f51d89e4f40, 0x80000, 0, 0x6ffffdff)                                                             = 3
7956 [0x7f51d87ea697] SYS_read(3, 0x7fffca4d8e68, 832, 0x6ffffdff)                                                                 = 832
7956 [0x7f51d87ea604] SYS_fstat(3, 0x7fffca4d8d40, 0x7fffca4d8d40, 16)                                                             = 0
7956 [0x7f51d87ea80a] SYS_mmap(0, 4096, 3, 34)                                                                                     = 0x7f51d89e3000
7956 [0x7f51d87ea80a] SYS_mmap(0, 0x201f30, 5, 2050)                                                                               = 0x7f51d5e80000
7956 [0x7f51d87ea857] SYS_mprotect(0x7f51d5e82000, 0x1ff000, 0, 2050)                                                              = 0
7956 [0x7f51d87ea80a] SYS_mmap(0x7f51d6081000, 4096, 3, 2066)                                                                      = 0x7f51d6081000
7956 [0x7f51d87ea787] SYS_close(3, 16, 0x7f51d6081e18, 0x6ffffdff)                                                                 = 0
7956 [0x7f51d87ea677] SYS_open(0x7f51d89e34c0, 0x80000, 0, 0x6ffffdff)                                                             = 3
7956 [0x7f51d87ea697] SYS_read(3, 0x7fffca4d8e38, 832, 0x6ffffdff)                                                                 = 832
7956 [0x7f51d87ea604] SYS_fstat(3, 0x7fffca4d8d10, 0x7fffca4d8d10, 16)                                                             = 0
7956 [0x7f51d87ea80a] SYS_mmap(0, 0x2038b8, 5, 2050)                                                                               = 0x7f51d5c7c000
7956 [0x7f51d87ea857] SYS_mprotect(0x7f51d5c80000, 0x1ff000, 0, 2050)                                                              = 0
7956 [0x7f51d87ea80a] SYS_mmap(0x7f51d5e7f000, 4096, 3, 2066)                                                                      = 0x7f51d5e7f000
7956 [0x7f51d87ea787] SYS_close(3, 16, 0x7f51d5e7f748, 0x6ffffdff)                                                                 = 0
7956 [0x7f51d87ea677] SYS_open(0x7f51d89e3a60, 0x80000, 0, 0x7f51d89e6000)                                                         = 3
7956 [0x7f51d87ea697] SYS_read(3, 0x7fffca4d8dd8, 832, 0x7f51d89e6000)                                                             = 832
7956 [0x7f51d87ea604] SYS_fstat(3, 0x7fffca4d8cb0, 0x7fffca4d8cb0, 16)                                                             = 0
7956 [0x7f51d87ea80a] SYS_mmap(0, 0x210848, 5, 2050)                                                                               = 0x7f51d5a6b000
7956 [0x7f51d87ea857] SYS_mprotect(0x7f51d5a7b000, 0x1ff000, 0, 2050)                                                              = 0
7956 [0x7f51d87ea80a] SYS_mmap(0x7f51d5c7a000, 8192, 3, 2066)                                                                      = 0x7f51d5c7a000
7956 [0x7f51d87ea787] SYS_close(3, 16, 0x7f51d5c7ad90, 0x6ffffdff)                                                                 = 0
7956 [0x7f51d87ea677] SYS_open(0x7f51d89e3f48, 0x80000, 0, 0x6ffffdff)                                                             = 3
7956 [0x7f51d87ea697] SYS_read(3, 0x7fffca4d8da8, 832, 0x6ffffdff)                                                                 = 832
7956 [0x7f51d87ea604] SYS_fstat(3, 0x7fffca4d8c80, 0x7fffca4d8c80, 16)                                                             = 0
7956 [0x7f51d87ea80a] SYS_mmap(0, 4096, 3, 34)                                                                                     = 0x7f51d89e2000
7956 [0x7f51d87ea80a] SYS_mmap(0, 0x20acf0, 5, 2050)                                                                               = 0x7f51d5860000
7956 [0x7f51d87ea857] SYS_mprotect(0x7f51d586b000, 0x1ff000, 0, 2050)                                                              = 0
7956 [0x7f51d87ea80a] SYS_mmap(0x7f51d5a6a000, 4096, 3, 2066)                                                                      = 0x7f51d5a6a000
7956 [0x7f51d87ea787] SYS_close(3, 16, 0x7f51d5a6a750, 0x6ffffdff)                                                                 = 0
7956 [0x7f51d87ea677] SYS_open(0x7f51d89e2560, 0x80000, 0, 0x7f51d89e6000)                                                         = 3
7956 [0x7f51d87ea697] SYS_read(3, 0x7fffca4d8d78, 832, 0x7f51d89e6000)                                                             = 832
7956 [0x7f51d87ea604] SYS_fstat(3, 0x7fffca4d8c50, 0x7fffca4d8c50, 32)                                                             = 0
7956 [0x7f51d87ea80a] SYS_mmap(0, 0x2361e0, 5, 2050)                                                                               = 0x7f51d5629000
7956 [0x7f51d87ea857] SYS_mprotect(0x7f51d5631000, 0x1ff000, 0, 2050)                                                              = 0
7956 [0x7f51d87ea80a] SYS_mmap(0x7f51d5830000, 8192, 3, 2066)                                                                      = 0x7f51d5830000
7956 [0x7f51d87ea80a] SYS_mmap(0x7f51d5832000, 0x2d1e0, 3, 50)                                                                     = 0x7f51d5832000
7956 [0x7f51d87ea787] SYS_close(3, 16, 0, 0x6ffffdff)                                                                              = 0
7956 [0x7f51d87ea677] SYS_open(0x7f51d89e2a30, 0x80000, 0, 0x6ffffdff)                                                             = 3
7956 [0x7f51d87ea697] SYS_read(3, 0x7fffca4d8d48, 832, 0x6ffffdff)                                                                 = 832
7956 [0x7f51d87ea604] SYS_fstat(3, 0x7fffca4d8c20, 0x7fffca4d8c20, 16)                                                             = 0
7956 [0x7f51d87ea80a] SYS_mmap(0, 0x43fe88, 5, 2050)                                                                               = 0x7f51d51e9000
7956 [0x7f51d87ea857] SYS_mprotect(0x7f51d53fe000, 0x200000, 0, 2050)                                                              = 0
7956 [0x7f51d87ea80a] SYS_mmap(0x7f51d55fe000, 0x27000, 3, 2066)                                                                   = 0x7f51d55fe000
7956 [0x7f51d87ea80a] SYS_mmap(0x7f51d5625000, 0x3e88, 3, 50)                                                                      = 0x7f51d5625000
7956 [0x7f51d87ea857] SYS_mprotect(0x7fffca4da000, 4096, 0x1000007, 4)                                                             = 0
7956 [0x7f51d87ea787] SYS_close(3, 4096, 0x1000007, 4)                                                                             = 0
7956 [0x7f51d87ea677] SYS_open(0x7f51d89e2fb0, 0x80000, 0, 0x7f51d89e54d0)                                                         = 3
7956 [0x7f51d87ea697] SYS_read(3, 0x7fffca4d8d18, 832, 0x7f51d89e54d0)                                                             = 832
7956 [0x7f51d87ea604] SYS_fstat(3, 0x7fffca4d8bf0, 0x7fffca4d8bf0, 16)                                                             = 0
7956 [0x7f51d87ea80a] SYS_mmap(0, 4096, 3, 34)                                                                                     = 0x7f51d89e1000
7956 [0x7f51d87ea80a] SYS_mmap(0, 0x215730, 5, 2050)                                                                               = 0x7f51d4fd3000
7956 [0x7f51d87ea857] SYS_mprotect(0x7f51d4fe9000, 0x1ff000, 0, 2050)                                                              = 0
7956 [0x7f51d87ea80a] SYS_mmap(0x7f51d51e8000, 4096, 3, 2066)                                                                      = 0x7f51d51e8000
7956 [0x7f51d87ea787] SYS_close(3, 16, 0x7f51d51e8490, 0x6ffffdff)                                                                 = 0
7956 [0x7f51d87ea677] SYS_open(0x7f51d89e14f0, 0x80000, 0, 0x6ffffdff)                                                             = 3
7956 [0x7f51d87ea697] SYS_read(3, 0x7fffca4d8ce8, 832, 0x6ffffdff)                                                                 = 832
7956 [0x7f51d87ea604] SYS_fstat(3, 0x7fffca4d8bc0, 0x7fffca4d8bc0, 32)                                                             = 0
7956 [0x7f51d87ea80a] SYS_mmap(0, 0x2fd148, 5, 2050)                                                                               = 0x7f51d4cd5000
7956 [0x7f51d87ea857] SYS_mprotect(0x7f51d4dd2000, 0x1ff000, 0, 2050)                                                              = 0
7956 [0x7f51d87ea80a] SYS_mmap(0x7f51d4fd1000, 8192, 3, 2066)                                                                      = 0x7f51d4fd1000
7956 [0x7f51d87ea787] SYS_close(3, 16, 0, 0x6ffffdff)                                                                              = 0
7956 [0x7f51d87ea677] SYS_open(0x7fffca4d8ab0, 0x80000, 0, 0x36782f39325f3130)                                                     = -2
7956 [0x7f51d87ea5c5] SYS_stat(0x7fffca4d8ab0, 0x7fffca4d8b90, 0x7fffca4d8b90, 0x36782f39325f3130)                                 = -2
7956 [0x7f51d87ea677] SYS_open(0x7fffca4d8ab0, 0x80000, 0, 0x36782f39325f3130)                                                     = -2
7956 [0x7f51d87ea5c5] SYS_stat(0x7fffca4d8ab0, 0x7fffca4d8b90, 0x7fffca4d8b90, 0x36782f39325f3130)                                 = -2
7956 [0x7f51d87ea677] SYS_open(0x7fffca4d8ab0, 0x80000, 0, 0x36782f39325f3130)                                                     = -2
7956 [0x7f51d87ea5c5] SYS_stat(0x7fffca4d8ab0, 0x7fffca4d8b90, 0x7fffca4d8b90, 0x36782f39325f3130)                                 = -2
7956 [0x7f51d87ea677] SYS_open(0x7fffca4d8ab0, 0x80000, 0, 0x36782f39325f3130)                                                     = -2
7956 [0x7f51d87ea5c5] SYS_stat(0x7fffca4d8ab0, 0x7fffca4d8b90, 0x7fffca4d8b90, 0x36782f39325f3130)                                 = -2
7956 [0x7f51d87ea677] SYS_open(0x7f51d89e1dd0, 0x80000, 0, 0x36782f39325f3130)                                                     = 3
7956 [0x7f51d87ea697] SYS_read(3, 0x7fffca4d8cb8, 832, 0x36782f39325f3130)                                                         = 832
7956 [0x7f51d87ea604] SYS_fstat(3, 0x7fffca4d8b90, 0x7fffca4d8b90, 16)                                                             = 0
7956 [0x7f51d87ea80a] SYS_mmap(0, 4096, 3, 34)                                                                                     = 0x7f51d89e0000
7956 [0x7f51d87ea80a] SYS_mmap(0, 0x2f8980, 5, 2050)                                                                               = 0x7f51d49dc000
7956 [0x7f51d87ea857] SYS_mprotect(0x7f51d4ad3000, 0x200000, 0, 2050)                                                              = 0
7956 [0x7f51d87ea80a] SYS_mmap(0x7f51d4cd3000, 8192, 3, 2066)                                                                      = 0x7f51d4cd3000
7956 [0x7f51d87ea787] SYS_close(3, 16, 0x7f51d4cd33a0, 0x6ffffdff)                                                                 = 0
7956 [0x7f51d87ea677] SYS_open(0x7f51d89e04c8, 0x80000, 0, 0x6ffffdff)                                                             = 3
7956 [0x7f51d87ea697] SYS_read(3, 0x7fffca4d8c88, 832, 0x6ffffdff)                                                                 = 832
7956 [0x7f51d87ea604] SYS_fstat(3, 0x7fffca4d8b60, 0x7fffca4d8b60, 16)                                                             = 0
7956 [0x7f51d87ea80a] SYS_mmap(0, 0x2fc9d8, 5, 2050)                                                                               = 0x7f51d46df000
7956 [0x7f51d87ea857] SYS_mprotect(0x7f51d47da000, 0x200000, 0, 2050)                                                              = 0
7956 [0x7f51d87ea80a] SYS_mmap(0x7f51d49da000, 8192, 3, 2066)                                                                      = 0x7f51d49da000
7956 [0x7f51d87ea787] SYS_close(3, 16, 0x7f51d49db828, 0x6ffffdff)                                                                 = 0
7956 [0x7f51d87ea677] SYS_open(0x7f51d89e0998, 0x80000, 0, 0x6ffffdff)                                                             = 3
7956 [0x7f51d87ea697] SYS_read(3, 0x7fffca4d8c58, 832, 0x6ffffdff)                                                                 = 832
7956 [0x7f51d87ea604] SYS_fstat(3, 0x7fffca4d8b30, 0x7fffca4d8b30, 16)                                                             = 0
7956 [0x7f51d87ea80a] SYS_mmap(0, 0x242830, 5, 2050)                                                                               = 0x7f51d449c000
7956 [0x7f51d87ea857] SYS_mprotect(0x7f51d44df000, 0x1ff000, 0, 2050)                                                              = 0
7956 [0x7f51d87ea80a] SYS_mmap(0x7f51d46de000, 4096, 3, 2066)                                                                      = 0x7f51d46de000
7956 [0x7f51d87ea787] SYS_close(3, 16, 0x7f51d46de630, 0x6ffffdff)                                                                 = 0
7956 [0x7f51d87ea677] SYS_open(0x7f51d89e0f70, 0x80000, 0, 0x7f51d89e79b8)                                                         = 3
7956 [0x7f51d87ea697] SYS_read(3, 0x7fffca4d8c28, 832, 0x7f51d89e79b8)                                                             = 832
7956 [0x7f51d87ea604] SYS_fstat(3, 0x7fffca4d8b00, 0x7fffca4d8b00, 32)                                                             = 0
7956 [0x7f51d87ea80a] SYS_mmap(0, 4096, 3, 34)                                                                                     = 0x7f51d89df000
7956 [0x7f51d87ea80a] SYS_mmap(0, 0x203118, 5, 2050)                                                                               = 0x7f51d4298000
7956 [0x7f51d87ea857] SYS_mprotect(0x7f51d429a000, 0x200000, 0, 2050)                                                              = 0
7956 [0x7f51d87ea80a] SYS_mmap(0x7f51d449a000, 8192, 3, 2066)                                                                      = 0x7f51d449a000
7956 [0x7f51d87ea787] SYS_close(3, 16, 0x7f51d449af40, 0x6ffffdff)                                                                 = 0
7956 [0x7f51d87ea80a] SYS_mmap(0, 4096, 3, 34)                                                                                     = 0x7f51d89de000
7956 [0x7f51d87ea80a] SYS_mmap(0, 4096, 3, 34)                                                                                     = 0x7f51d89dd000
7956 [0x7f51d87ea80a] SYS_mmap(0, 8192, 3, 34)                                                                                     = 0x7f51d89db000
7956 [0x7f51d87d4044] SYS_arch_prctl(4098, 0x7f51d89db780, 0x7f51d89dc080, 34)                                                     = 0
7956 [0x7f51d87ea857] SYS_mprotect(0x7f51d812a000, 0x4000, 1, 1)                                                                   = 0
7956 [0x7f51d87ea857] SYS_mprotect(0x7f51d449a000, 4096, 1, 0x7f51d4298c68)                                                        = 0
7956 [0x7f51d87ea857] SYS_mprotect(0x7f51d72d0000, 4096, 1, 0x7f51d70be500)                                                        = 0
7956 [0x7f51d87ea857] SYS_mprotect(0x7f51d4fd1000, 4096, 1, 1)                                                                     = 0
7956 [0x7f51d87ea857] SYS_mprotect(0x7f51d5830000, 4096, 1, 0x7f51d5629a00)                                                        = 0
7956 [0x7f51d87ea857] SYS_mprotect(0x7f51d7594000, 0x7000, 1, 0x7f51d732e810)                                                      = 0
7956 [0x7f51d87ea857] SYS_mprotect(0x7f51d70b7000, 4096, 1, 0x7f51d6eb2d58)                                                        = 0
7956 [0x7f51d87ea857] SYS_mprotect(0x7f51d89f3000, 4096, 1, 0)                                                                     = 0
7956 [0x7f51d87ea837] SYS_munmap(0x7f51d89e9000, 0x83b3, 0x7db00, 0)                                                               = 0
7956 [0x7f51d70bfe92] SYS_set_tid_address(0x7f51d89dba50, 0x7fffca4dac18, 0x7f51d89db780, 0)                                       = 7956
7956 [0x7f51d70bfefa] SYS_set_robust_list(0x7f51d89dba60, 24, 0x7f51d89db780, 0)                                                   = 0
7956 [0x7f51d70c9cf5] SYS_rt_sigaction(32, 0x7fffca4da968, 0, 8)                                                                   = 0
7956 [0x7f51d70c9cf5] SYS_rt_sigaction(33, 0x7fffca4da968, 0, 8)                                                                   = 0
7956 [0x7f51d70bffd6] SYS_rt_sigprocmask(1, 0x7fffca4daab8, 0, 8)                                                                  = 0
7956 [0x7f51d7e76b17] SYS_getrlimit(3, 0x7fffca4dab50, 63, 1)                                                                      = 0
7956 [0x7f51d70bfb95] SYS_futex(0x7f51d759e7e0, 129, 0x7fffffff, 0)                                                                = 0
7956 [0x4008fd] ledctrl->Lookup_Nas_Info(_T_NAS_PROP_&)(0x7fffca4daa60, 0x7fffca4dbb94, 0, 0x7fffca4dbb93 <unfinished ...>
7956 [0x7f51d857dd11]   libnasman.so->Open_Share_Memory(char const*, int, void*&, int&)(0x7f51d85c208e, 0, 0x7fffca4daa20, 0x7fffca4daa2c <unfinished ...>
7956 [0x7f51d7e71557]     SYS_statfs(0x7f51d70cc1e8, 0x7fffca4da7c0, 0x7f51d72d5310, 1)                                            = 0
7956 [0x7f51d70bfb95]     SYS_futex(0x7f51d72d5310, 129, 0x7fffffff, 0)                                                            = 0
7956 [0x7f51d7e717e0]     SYS_open(0x7fffca4da8d0, 0xa0000, 484, 1)                                                                = 3
7956 [0x7f51d7e713b4]     SYS_fstat(3, 0x7fffca4da960, 0x7fffca4da960, 1)                                                          = 0
7956 [0x7f51d7e7a72a]     SYS_mmap(0, 0x2788, 1, 1)                                                                                = 0x7f51d89ef000
7956 [0x7f51d7e72070]     SYS_close(3, 0x2788, 1, 1)                                                                               = 0
7956 [0x7f51d857dd11]   <... Open_Share_Memory(char const*, int, void*&, int&) resumed> )                                          = 0
7956 [0x7f51d857dd4d]   libnasman.so->Open_Share_Memory(char const*, int, void*&, int&)(0x7f51d85c20a7, 0, 0x7fffca4daa20, 0x7fffca4daa2c <unfinished ...>
7956 [0x7f51d7e717e0]     SYS_open(0x7fffca4da8d0, 0xa0000, 484, 1)                                                                = 3
7956 [0x7f51d7e713b4]     SYS_fstat(3, 0x7fffca4da960, 0x7fffca4da960, 1)                                                          = 0
7956 [0x7f51d7e7a72a]     SYS_mmap(0, 3536, 1, 1)                                                                                  = 0x7f51d89ee000
7956 [0x7f51d7e72070]     SYS_close(3, 3536, 1, 1)                                                                                 = 0
7956 [0x7f51d857dd4d]   <... Open_Share_Memory(char const*, int, void*&, int&) resumed> )                                          = 0
7956 [0x7f51d857dd7f]   libnasman.so->Open_Share_Memory(char const*, int, void*&, int&)(0x7f51d85c20b5, 0, 0x7fffca4daa20, 0x7fffca4daa2c <unfinished ...>
7956 [0x7f51d7e717e0]     SYS_open(0x7fffca4da8d0, 0xa0000, 484, 1)                                                                = 3
7956 [0x7f51d7e713b4]     SYS_fstat(3, 0x7fffca4da960, 0x7fffca4da960, 1)                                                          = 0
7956 [0x7f51d7e7a72a]     SYS_mmap(0, 4080, 1, 1)                                                                                  = 0x7f51d89ed000
7956 [0x7f51d7e72070]     SYS_close(3, 4080, 1, 1)                                                                                 = 0
7956 [0x7f51d857dd7f]   <... Open_Share_Memory(char const*, int, void*&, int&) resumed> )                                          = 0
7956 [0x4008fd] <... Lookup_Nas_Info(_T_NAS_PROP_&) resumed> )                                                                     = 0
7956 [0x400934] ledctrl->Hal_Led_Set_Hdd_Mode(1, 7, 2, 0 <unfinished ...>
7956 [0x7f51d813af15]   libnhal.so->Hal_Lookup_Hardware_Info(0x7fffca4da950, 7, 2, 0 <unfinished ...>
7956 [0x7f51d7e717e0]     SYS_open(0x7fffca4da850, 0xa0002, 484, 1)                                                                = 3
7956 [0x7f51d7e7a72a]     SYS_mmap(0, 220, 3, 1)                                                                                   = 0x7f51d89ec000
7956 [0x7f51d7e72070]     SYS_close(3, 220, 3, 1)                                                                                  = 0
7956 [0x7f51d81397f0]     libnhal.so->Hw_Semaphore_Init(0x7fffca4da900, 0x7f51d813c287, 1, -1 <unfinished ...>
7956 [0x7f51d7e71405]       SYS_lstat(0x7fffca4da7b0, 0x7fffca4da6c0, 0x7fffca4da6c0, 0)                                           = -2
7956 [0x7f51d70c9510]       SYS_open(0x7fffca4da7b0, 194, 600, 0)                                                                  = 3
7956 [0x7f51d70c8da0]       SYS_write(3, 0x7fffca4da830, 32, 0)                                                                    = 32
7956 [0x7f51d7e7a72a]       SYS_mmap(0, 32, 3, 1)                                                                                  = 0x7f51d89eb000
7956 [0x7f51d7e731a7]       SYS_link(0x7fffca4da7b0, 0x7fffca4da7e0, 3, 1)                                                         = -17
7956 [0x7f51d7e7a757]       SYS_munmap(0x7f51d89eb000, 32, 3, 1)                                                                   = 0
7956 [0x7f51d7e732c7]       SYS_unlink(0x7fffca4da7b0, 32, 3, 1)                                                                   = 0
7956 [0x7f51d70c8e60]       SYS_close(3, 32, 3, 1)                                                                                 = 0
7956 [0x7f51d70c9510]       SYS_open(0x7fffca4da7e0, 0x20002, 18, 1)                                                               = 3
7956 [0x7f51d7e713b4]       SYS_fstat(3, 0x7fffca4da710, 0x7fffca4da710, 1)                                                        = 0
7956 [0x7f51d7e76f5a]       SYS_brk(0, 0x7f51d812e640, 0, -4096)                                                                   = 0x1562000
7956 [0x7f51d7e76f5a]       SYS_brk(0x1583000, 0x1562000, 0x1583000, -4096)                                                        = 0x1583000
7956 [0x7f51d7e7a72a]       SYS_mmap(0, 32, 3, 1)                                                                                  = 0x7f51d89eb000
7956 [0x7f51d70c8e60]       SYS_close(3, 32, 0, 3)                                                                                 = 0
7956 [0x7f51d81397f0]     <... Hw_Semaphore_Init resumed> )                                                                        = 17
7956 [0x7f51d8139800]     libnhal.so->Hw_Semaphore_Lock(0x7fffca4da900, 32, 0x7f51d89eb000, -1)                                    = 0
7956 [0x7f51d8139918]     libnhal.so->Hw_Semaphore_Unlock(0x7fffca4da900, 2, 0x7f51d89ec000, 0)                                    = 0
7956 [0x7f51d8139924]     libnhal.so->Hw_Semaphore_Release(0x7fffca4da900, 128, 0, 0 <unfinished ...>
7956 [0x7f51d7e7a757]       SYS_munmap(0x7f51d89eb000, 32, 0, 1)                                                                   = 0
7956 [0x7f51d8139924]     <... Hw_Semaphore_Release resumed> )                                                                     = 0
7956 [0x7f51d813af15]   <... Hal_Lookup_Hardware_Info resumed> )                                                                   = 0
7956 [0x7f51d813b0e3]   libnhal.so->Mv9125_Set_Led_Mode(0, 1, 0, 2 <unfinished ...>
7956 [0x7f51d648c6ff]     libgeneraldrv.so->PCI_Conf_Read(1, 0, 0, 36 <unfinished ...>
7956 [0x7f51d6489823]       libgeneraldrv.so->Hw_Semaphore_Init(0x7fffca4da830, 0x7f51d648d000, 1, 0 <unfinished ...>
7956 [0x7f51d7e71405]         SYS_lstat(0x7fffca4da6e0, 0x7fffca4da5f0, 0x7fffca4da5f0, 0)                                         = -2
7956 [0x7f51d70c9510]         SYS_open(0x7fffca4da6e0, 194, 600, 0)                                                                = 3
7956 [0x7f51d70c8da0]         SYS_write(3, 0x7fffca4da760, 32, 0)                                                                  = 32
7956 [0x7f51d7e7a72a]         SYS_mmap(0, 32, 3, 1)                                                                                = 0x7f51d89eb000
7956 [0x7f51d7e731a7]         SYS_link(0x7fffca4da6e0, 0x7fffca4da710, 3, 1)                                                       = -17
7956 [0x7f51d7e7a757]         SYS_munmap(0x7f51d89eb000, 32, 3, 1)                                                                 = 0
7956 [0x7f51d7e732c7]         SYS_unlink(0x7fffca4da6e0, 32, 3, 1)                                                                 = 0
7956 [0x7f51d70c8e60]         SYS_close(3, 32, 3, 1)                                                                               = 0
7956 [0x7f51d70c9510]         SYS_open(0x7fffca4da710, 0x20002, 17, 1)                                                             = 3
7956 [0x7f51d7e713b4]         SYS_fstat(3, 0x7fffca4da640, 0x7fffca4da640, 1)                                                      = 0
7956 [0x7f51d7e7a72a]         SYS_mmap(0, 32, 3, 1)                                                                                = 0x7f51d89eb000
7956 [0x7f51d70c8e60]         SYS_close(3, 32, 0, 1)                                                                               = 0
7956 [0x7f51d6489823]       <... Hw_Semaphore_Init resumed> )                                                                      = 17
7956 [0x7f51d6489833]       libgeneraldrv.so->Hw_Semaphore_Lock(0x7fffca4da830, 32, 0x7f51d89eb000, -1)                            = 0
7956 [0x7f51d7e7e6b7]       SYS_ioperm(3320, 4, 1, 1)                                                                              = 0
7956 [0x7f51d7e7e6b7]       SYS_ioperm(3320, 4, 0, 1)                                                                              = 0
7956 [0x7f51d7e7e6b7]       SYS_ioperm(235, 1, 1, 1)                                                                               = 0
7956 [0x7f51d7e7e6b7]       SYS_ioperm(235, 1, 0, 1)                                                                               = 0
7956 [0x7f51d7e7e6b7]       SYS_ioperm(3324, 4, 1, 1)                                                                              = 0
7956 [0x7f51d7e7e6b7]       SYS_ioperm(3324, 4, 0, 1)                                                                              = 0
7956 [0x7f51d7e7e6b7]       SYS_ioperm(235, 1, 1, 1)                                                                               = 0
7956 [0x7f51d7e7e6b7]       SYS_ioperm(235, 1, 0, 1)                                                                               = 0
7956 [0x7f51d7e7e6b7]       SYS_ioperm(3320, 4, 1, 1)                                                                              = 0
7956 [0x7f51d7e7e6b7]       SYS_ioperm(3320, 4, 0, 1)                                                                              = 0
7956 [0x7f51d7e7e6b7]       SYS_ioperm(235, 1, 1, 1)                                                                               = 0
7956 [0x7f51d7e7e6b7]       SYS_ioperm(235, 1, 0, 1)                                                                               = 0
7956 [0x7f51d648997f]       libgeneraldrv.so->Hw_Semaphore_Unlock(0x7fffca4da830, 1, 0, -1)                                        = 0
7956 [0x7f51d648998b]       libgeneraldrv.so->Hw_Semaphore_Release(0x7fffca4da830, 128, 0, 0 <unfinished ...>
7956 [0x7f51d7e7a757]         SYS_munmap(0x7f51d89eb000, 32, 0, 1)                                                                 = 0
7956 [0x7f51d648998b]       <... Hw_Semaphore_Release resumed> )                                                                   = 0
7956 [0x7f51d648c6ff]     <... PCI_Conf_Read resumed> )                                                                            = 0
7956 [0x7f51d648c721]     libgeneraldrv.so->Hw_Semaphore_Init(0x7fffca4da8b0, 0x7f51d648d38c, 1, 0x7f51d812e658 <unfinished ...>
7956 [0x7f51d7e71405]       SYS_lstat(0x7fffca4da750, 0x7fffca4da660, 0x7fffca4da660, 0)                                           = -2
7956 [0x7f51d70c9510]       SYS_open(0x7fffca4da750, 194, 600, 0)                                                                  = 3
7956 [0x7f51d70c8da0]       SYS_write(3, 0x7fffca4da7d0, 32, 0)                                                                    = 32
7956 [0x7f51d7e7a72a]       SYS_mmap(0, 32, 3, 1)                                                                                  = 0x7f51d89eb000
7956 [0x7f51d7e731a7]       SYS_link(0x7fffca4da750, 0x7fffca4da780, 3, 1)                                                         = -17
7956 [0x7f51d7e7a757]       SYS_munmap(0x7f51d89eb000, 32, 3, 1)                                                                   = 0
7956 [0x7f51d7e732c7]       SYS_unlink(0x7fffca4da750, 32, 3, 1)                                                                   = 0
7956 [0x7f51d70c8e60]       SYS_close(3, 32, 3, 1)                                                                                 = 0
7956 [0x7f51d70c9510]       SYS_open(0x7fffca4da780, 0x20002, 20, 1)                                                               = 3
7956 [0x7f51d7e713b4]       SYS_fstat(3, 0x7fffca4da6b0, 0x7fffca4da6b0, 1)                                                        = 0
7956 [0x7f51d7e7a72a]       SYS_mmap(0, 32, 3, 1)                                                                                  = 0x7f51d89eb000
7956 [0x7f51d70c8e60]       SYS_close(3, 32, 0, 1)                                                                                 = 0
7956 [0x7f51d648c721]     <... Hw_Semaphore_Init resumed> )                                                                        = 17
7956 [0x7f51d648c731]     libgeneraldrv.so->Hw_Semaphore_Lock(0x7fffca4da8b0, 32, 0x7f51d89eb000, -1)                              = 0
7956 [0x7f51d7e717e0]     SYS_open(0x7f51d648d3a1, 2, 1, 1)                                                                        = 3
7956 [0x7f51d7e7a72a]     SYS_mmap(0, 60, 3, 1)                                                                                    = 0x7f51d89ea000
7956 [0x7f51d7e4e060]     SYS_nanosleep(0x7fffca4da880, 0, 0, 1)                                                                   = 0
7956 [0x7f51d7e4e060]     SYS_nanosleep(0x7fffca4da880, 0, 0, 1)                                                                   = 0
7956 [0x7f51d7e4e060]     SYS_nanosleep(0x7fffca4da880, 0, 0, 1)                                                                   = 0
7956 [0x7f51d7e4e060]     SYS_nanosleep(0x7fffca4da880, 0, 0, 1)                                                                   = 0
7956 [0x7f51d7e4e060]     SYS_nanosleep(0x7fffca4da880, 0, 0, 1)                                                                   = 0
7956 [0x7f51d7e4e060]     SYS_nanosleep(0x7fffca4da880, 0, 0, 1)                                                                   = 0
7956 [0x7f51d7e4e060]     SYS_nanosleep(0x7fffca4da880, 0, 0, 1)                                                                   = 0
7956 [0x7f51d7e4e060]     SYS_nanosleep(0x7fffca4da880, 0, 0, 1)                                                                   = 0
7956 [0x7f51d7e7a757]     SYS_munmap(0x7f51d89ea000, 60, 0, 1)                                                                     = 0
7956 [0x7f51d7e72070]     SYS_close(3, 60, 0, 1)                                                                                   = 0
7956 [0x7f51d7e4e060]     SYS_nanosleep(0x7fffca4da880, 0, 0, 1)                                                                   = 0
7956 [0x7f51d648c87f]     libgeneraldrv.so->Hw_Semaphore_Unlock(0x7fffca4da8b0, 0, 0, -1)                                          = 0
7956 [0x7f51d648c88b]     libgeneraldrv.so->Hw_Semaphore_Release(0x7fffca4da8b0, 128, 0, 0 <unfinished ...>
7956 [0x7f51d7e7a757]       SYS_munmap(0x7f51d89eb000, 32, 0, 1)                                                                   = 0
7956 [0x7f51d648c88b]     <... Hw_Semaphore_Release resumed> )                                                                     = 0
7956 [0x7f51d648cacf]     libgeneraldrv.so->PCI_Conf_Read(1, 0, 0, 36 <unfinished ...>
7956 [0x7f51d6489823]       libgeneraldrv.so->Hw_Semaphore_Init(0x7fffca4da850, 0x7f51d648d000, 1, 0 <unfinished ...>
7956 [0x7f51d7e71405]         SYS_lstat(0x7fffca4da700, 0x7fffca4da610, 0x7fffca4da610, 0)                                         = -2
7956 [0x7f51d70c9510]         SYS_open(0x7fffca4da700, 194, 600, 0)                                                                = 3
7956 [0x7f51d70c8da0]         SYS_write(3, 0x7fffca4da780, 32, 0)                                                                  = 32
7956 [0x7f51d7e7a72a]         SYS_mmap(0, 32, 3, 1)                                                                                = 0x7f51d89eb000
7956 [0x7f51d7e731a7]         SYS_link(0x7fffca4da700, 0x7fffca4da730, 3, 1)                                                       = -17
7956 [0x7f51d7e7a757]         SYS_munmap(0x7f51d89eb000, 32, 3, 1)                                                                 = 0
7956 [0x7f51d7e732c7]         SYS_unlink(0x7fffca4da700, 32, 3, 1)                                                                 = 0
7956 [0x7f51d70c8e60]         SYS_close(3, 32, 3, 1)                                                                               = 0
7956 [0x7f51d70c9510]         SYS_open(0x7fffca4da730, 0x20002, 17, 1)                                                             = 3
7956 [0x7f51d7e713b4]         SYS_fstat(3, 0x7fffca4da660, 0x7fffca4da660, 1)                                                      = 0
7956 [0x7f51d7e7a72a]         SYS_mmap(0, 32, 3, 1)                                                                                = 0x7f51d89eb000
7956 [0x7f51d70c8e60]         SYS_close(3, 32, 0, 1)                                                                               = 0
7956 [0x7f51d6489823]       <... Hw_Semaphore_Init resumed> )                                                                      = 17
7956 [0x7f51d6489833]       libgeneraldrv.so->Hw_Semaphore_Lock(0x7fffca4da850, 32, 0x7f51d89eb000, -1)                            = 0
7956 [0x7f51d7e7e6b7]       SYS_ioperm(3320, 4, 1, 1)                                                                              = 0
7956 [0x7f51d7e7e6b7]       SYS_ioperm(3320, 4, 0, 1)                                                                              = 0
7956 [0x7f51d7e7e6b7]       SYS_ioperm(235, 1, 1, 1)                                                                               = 0
7956 [0x7f51d7e7e6b7]       SYS_ioperm(235, 1, 0, 1)                                                                               = 0
7956 [0x7f51d7e7e6b7]       SYS_ioperm(3324, 4, 1, 1)                                                                              = 0
7956 [0x7f51d7e7e6b7]       SYS_ioperm(3324, 4, 0, 1)                                                                              = 0
7956 [0x7f51d7e7e6b7]       SYS_ioperm(235, 1, 1, 1)                                                                               = 0
7956 [0x7f51d7e7e6b7]       SYS_ioperm(235, 1, 0, 1)                                                                               = 0
7956 [0x7f51d7e7e6b7]       SYS_ioperm(3320, 4, 1, 1)                                                                              = 0
7956 [0x7f51d7e7e6b7]       SYS_ioperm(3320, 4, 0, 1)                                                                              = 0
7956 [0x7f51d7e7e6b7]       SYS_ioperm(235, 1, 1, 1)                                                                               = 0
7956 [0x7f51d7e7e6b7]       SYS_ioperm(235, 1, 0, 1)                                                                               = 0
7956 [0x7f51d648997f]       libgeneraldrv.so->Hw_Semaphore_Unlock(0x7fffca4da850, 1, 0, -1)                                        = 0
7956 [0x7f51d648998b]       libgeneraldrv.so->Hw_Semaphore_Release(0x7fffca4da850, 128, 0, 0 <unfinished ...>
7956 [0x7f51d7e7a757]         SYS_munmap(0x7f51d89eb000, 32, 0, 1)                                                                 = 0
7956 [0x7f51d648998b]       <... Hw_Semaphore_Release resumed> )                                                                   = 0
7956 [0x7f51d648cacf]     <... PCI_Conf_Read resumed> )                                                                            = 0
7956 [0x7f51d648caf1]     libgeneraldrv.so->Hw_Semaphore_Init(0x7fffca4da8c0, 0x7f51d648d38c, 1, 0x7f51d812e658 <unfinished ...>
7956 [0x7f51d7e71405]       SYS_lstat(0x7fffca4da770, 0x7fffca4da680, 0x7fffca4da680, 0)                                           = -2
7956 [0x7f51d70c9510]       SYS_open(0x7fffca4da770, 194, 600, 0)                                                                  = 3
7956 [0x7f51d70c8da0]       SYS_write(3, 0x7fffca4da7f0, 32, 0)                                                                    = 32
7956 [0x7f51d7e7a72a]       SYS_mmap(0, 32, 3, 1)                                                                                  = 0x7f51d89eb000
7956 [0x7f51d7e731a7]       SYS_link(0x7fffca4da770, 0x7fffca4da7a0, 3, 1)                                                         = -17
7956 [0x7f51d7e7a757]       SYS_munmap(0x7f51d89eb000, 32, 3, 1)                                                                   = 0
7956 [0x7f51d7e732c7]       SYS_unlink(0x7fffca4da770, 32, 3, 1)                                                                   = 0
7956 [0x7f51d70c8e60]       SYS_close(3, 32, 3, 1)                                                                                 = 0
7956 [0x7f51d70c9510]       SYS_open(0x7fffca4da7a0, 0x20002, 20, 1)                                                               = 3
7956 [0x7f51d7e713b4]       SYS_fstat(3, 0x7fffca4da6d0, 0x7fffca4da6d0, 1)                                                        = 0
7956 [0x7f51d7e7a72a]       SYS_mmap(0, 32, 3, 1)                                                                                  = 0x7f51d89eb000
7956 [0x7f51d70c8e60]       SYS_close(3, 32, 0, 1)                                                                                 = 0
7956 [0x7f51d648caf1]     <... Hw_Semaphore_Init resumed> )                                                                        = 17
7956 [0x7f51d648cb01]     libgeneraldrv.so->Hw_Semaphore_Lock(0x7fffca4da8c0, 32, 0x7f51d89eb000, -1)                              = 0
7956 [0x7f51d7e717e0]     SYS_open(0x7f51d648d3a1, 2, 1, 1)                                                                        = 3
7956 [0x7f51d7e7a72a]     SYS_mmap(0, 60, 3, 1)                                                                                    = 0x7f51d89ea000
7956 [0x7f51d7e4e060]     SYS_nanosleep(0x7fffca4da8a0, 0, 0, 1)                                                                   = 0
7956 [0x7f51d7e4e060]     SYS_nanosleep(0x7fffca4da8a0, 0, 0, 1)                                                                   = 0
7956 [0x7f51d7e7a757]     SYS_munmap(0x7f51d89ea000, 60, 0, 1)                                                                     = 0
7956 [0x7f51d7e72070]     SYS_close(3, 60, 0, 1)                                                                                   = 0
7956 [0x7f51d7e4e060]     SYS_nanosleep(0x7fffca4da8a0, 0, 0, 1)                                                                   = 0
7956 [0x7f51d648cba6]     libgeneraldrv.so->Hw_Semaphore_Unlock(0x7fffca4da8c0, 0, 0, -1)                                          = 0
7956 [0x7f51d648cbb2]     libgeneraldrv.so->Hw_Semaphore_Release(0x7fffca4da8c0, 128, 0, 0 <unfinished ...>
7956 [0x7f51d7e7a757]       SYS_munmap(0x7f51d89eb000, 32, 0, 1)                                                                   = 0
7956 [0x7f51d648cbb2]     <... Hw_Semaphore_Release resumed> )                                                                     = 0
7956 [0x7f51d813b0e3]   <... Mv9125_Set_Led_Mode resumed> )                                                                        = 0
7956 [0x400934] <... Hal_Led_Set_Hdd_Mode resumed> )                                                                               = 0
7956 [0x7f51d857df15] libnasman.so->Close_Share_Memory(char const*, void*)(0x7f51d85c208e, 0x7f51d89ef000, 0xe721eb5c07c4fc72, 4 <unfinished ...>
7956 [0x7f51d857db6e]   libnasman.so->Get_File_Size(char const*, long*)(0x7fffca4da7c0, 0x7fffca4da8e8, 0x7fffca4da7d5, 0 <unfinished ...>
7956 [0x7f51d7e71365]     SYS_stat(0x7fffca4da7c0, 0x7fffca4da720, 0x7fffca4da720, 1)                                              = 0
7956 [0x7f51d857db6e]   <... Get_File_Size(char const*, long*) resumed> )                                                          = 0
7956 [0x7f51d7e7a757]   SYS_munmap(0x7f51d89ef000, 0x2788, 0x7fffca4da720, 1)                                                      = 0
7956 [0x7f51d857df15] <... Close_Share_Memory(char const*, void*) resumed> )                                                       = 0
7956 [0x7f51d857df37] libnasman.so->Close_Share_Memory(char const*, void*)(0x7f51d85c20a7, 0x7f51d89ee000, 0, -1 <unfinished ...>
7956 [0x7f51d857db6e]   libnasman.so->Get_File_Size(char const*, long*)(0x7fffca4da7c0, 0x7fffca4da8e8, 0x7fffca4da7d6, 0 <unfinished ...>
7956 [0x7f51d7e71365]     SYS_stat(0x7fffca4da7c0, 0x7fffca4da720, 0x7fffca4da720, 1)                                              = 0
7956 [0x7f51d857db6e]   <... Get_File_Size(char const*, long*) resumed> )                                                          = 0
7956 [0x7f51d7e7a757]   SYS_munmap(0x7f51d89ee000, 3536, 0x7fffca4da720, 1)                                                        = 0
7956 [0x7f51d857df37] <... Close_Share_Memory(char const*, void*) resumed> )                                                       = 0
7956 [0x7f51d857df59] libnasman.so->Close_Share_Memory(char const*, void*)(0x7f51d85c20b5, 0x7f51d89ed000, 0, -1 <unfinished ...>
7956 [0x7f51d857db6e]   libnasman.so->Get_File_Size(char const*, long*)(0x7fffca4da7c0, 0x7fffca4da8e8, 0x7fffca4da7d6, 0 <unfinished ...>
7956 [0x7f51d7e71365]     SYS_stat(0x7fffca4da7c0, 0x7fffca4da720, 0x7fffca4da720, 1)                                              = 0
7956 [0x7f51d857db6e]   <... Get_File_Size(char const*, long*) resumed> )                                                          = 0
7956 [0x7f51d7e7a757]   SYS_munmap(0x7f51d89ed000, 4080, 0x7fffca4da720, 1)                                                        = 0
7956 [0x7f51d857df59] <... Close_Share_Memory(char const*, void*) resumed> )                                                       = 0
7956 [0x7f51d7dcb932] libgeneral.so->Trace_Mem_Destroy()(0x7f51d7ae3d40, 0, 0xe721f4fe7c04fc72, 16)                                = 0
7956 [0x7f51d7e4e468] SYS_exit_group(0, 60, 0, 0x7f51d8131a48 <no return ...>
7956 [0xffffffffffffffff] +++ exited (status 0) +++
