8609 [0x7f39237078aa] SYS_brk(0, 0x7f392370afa0, 0, 895)                                                                           = 0xb81000
8609 [0x7f39237087e7] SYS_readlink(0x7fff8a049b7e, 0x7fff8a048220, 4096, 0x756e694c00000000)                                       = -2
8609 [0x7f3923708677] SYS_open(0x7f392370c1f3, 0, 0, 0x756e694c00000000)                                                           = 3
8609 [0x7f39237087a7] SYS_chdir(0x7f3923913ba8, 0, 0, 0x756e694c00000000)                                                          = -2
8609 [0x7f39237079d2] SYS_getcwd(0x7fff8a048220, 4096, 0, 0x756e694c00000000)                                                      = 23
8609 [0x7f39237087c7] SYS_fchdir(3, 4096, 0, 0x756e694c00000000)                                                                   = 0
8609 [0x7f3923708787] SYS_close(3, 4096, 0, 0x756e694c00000000)                                                                    = 0
8609 [0x7f392370880a] SYS_mmap(0, 4096, 3, 34)                                                                                     = 0x7f3923910000
8609 [0x7f39237086d7] SYS_access(0x7f392370e700, 4, 0x7f3923913718, 0)                                                             = -2
8609 [0x7f3923708677] SYS_open(0x7f392370c072, 0x80000, 1, 0)                                                                      = 3
8609 [0x7f3923708604] SYS_fstat(3, 0x7fff8a047a00, 0x7fff8a047a00, 0)                                                              = 0
8609 [0x7f392370880a] SYS_mmap(0, 0x83b3, 1, 2)                                                                                    = 0x7f3923907000
8609 [0x7f3923708787] SYS_close(3, 0x83b3, 1, 2)                                                                                   = 0
8609 [0x7f3923708677] SYS_open(0x7f3923910640, 0x80000, 0, 56)                                                                     = 3
8609 [0x7f3923708697] SYS_read(3, 0x7fff8a047b88, 832, 56)                                                                         = 832
8609 [0x7f3923708604] SYS_fstat(3, 0x7fff8a047a60, 0x7fff8a047a60, 16)                                                             = 0
8609 [0x7f392370880a] SYS_mmap(0, 0x278960, 5, 2050)                                                                               = 0x7f3923478000
8609 [0x7f3923708857] SYS_mprotect(0x7f39234ee000, 0x200000, 0, 2050)                                                              = 0
8609 [0x7f392370880a] SYS_mmap(0x7f39236ee000, 0x3000, 3, 2066)                                                                    = 0x7f39236ee000
8609 [0x7f3923708787] SYS_close(3, 16, 0x7f39236ee3e0, 0x6ffffdff)                                                                 = 0
8609 [0x7f3923708677] SYS_open(0x7f3923910b10, 0x80000, 0, 0x6ffffdff)                                                             = 3
8609 [0x7f3923708697] SYS_read(3, 0x7fff8a047b58, 832, 0x6ffffdff)                                                                 = 832
8609 [0x7f3923708604] SYS_fstat(3, 0x7fff8a047a30, 0x7fff8a047a30, 16)                                                             = 0
8609 [0x7f392370880a] SYS_mmap(0, 0x21bee0, 5, 2050)                                                                               = 0x7f392325c000
8609 [0x7f3923708857] SYS_mprotect(0x7f3923277000, 0x200000, 0, 2050)                                                              = 0
8609 [0x7f392370880a] SYS_mmap(0x7f3923477000, 4096, 3, 2066)                                                                      = 0x7f3923477000
8609 [0x7f3923708787] SYS_close(3, 16, 0x7f3923477208, 0x6ffffdff)                                                                 = 0
8609 [0x7f3923708677] SYS_open(0x7f3923910fe0, 0x80000, 0, 0x6ffffdff)                                                             = 3
8609 [0x7f3923708697] SYS_read(3, 0x7fff8a047b28, 832, 0x6ffffdff)                                                                 = 832
8609 [0x7f3923708604] SYS_fstat(3, 0x7fff8a047a00, 0x7fff8a047a00, 16)                                                             = 0
8609 [0x7f392370880a] SYS_mmap(0, 4096, 3, 34)                                                                                     = 0x7f3923906000
8609 [0x7f392370880a] SYS_mmap(0, 0x209ad0, 5, 2050)                                                                               = 0x7f3923052000
8609 [0x7f3923708857] SYS_mprotect(0x7f392305c000, 0x1ff000, 0, 2050)                                                              = 0
8609 [0x7f392370880a] SYS_mmap(0x7f392325b000, 4096, 3, 2066)                                                                      = 0x7f392325b000
8609 [0x7f3923708787] SYS_close(3, 16, 0x7f392325b690, 0x6ffffdff)                                                                 = 0
8609 [0x7f3923708677] SYS_open(0x7f39239064b8, 0x80000, 0, 0x6ffffdff)                                                             = 3
8609 [0x7f3923708697] SYS_read(3, 0x7fff8a047af8, 832, 0x6ffffdff)                                                                 = 832
8609 [0x7f3923708604] SYS_fstat(3, 0x7fff8a0479d0, 0x7fff8a0479d0, 32)                                                             = 0
8609 [0x7f392370880a] SYS_mmap(0, 0x39dc40, 5, 2050)                                                                               = 0x7f3922cb4000
8609 [0x7f3923708857] SYS_mprotect(0x7f3922e48000, 0x200000, 0, 2050)                                                              = 0
8609 [0x7f392370880a] SYS_mmap(0x7f3923048000, 0x6000, 3, 2066)                                                                    = 0x7f3923048000
8609 [0x7f392370880a] SYS_mmap(0x7f392304e000, 0x3c40, 3, 50)                                                                      = 0x7f392304e000
8609 [0x7f3923708787] SYS_close(3, 16, 0, 0x6ffffdff)                                                                              = 0
8609 [0x7f3923708677] SYS_open(0x7f3923906988, 0x80000, 0, 0x6ffffdff)                                                             = 3
8609 [0x7f3923708697] SYS_read(3, 0x7fff8a0479a8, 832, 0x6ffffdff)                                                                 = 832
8609 [0x7f3923708604] SYS_fstat(3, 0x7fff8a047880, 0x7fff8a047880, 16)                                                             = 0
8609 [0x7f392370880a] SYS_mmap(0, 0x2b09d0, 5, 2050)                                                                               = 0x7f3922a03000
8609 [0x7f3923708857] SYS_mprotect(0x7f3922ab2000, 0x1ff000, 0, 2050)                                                              = 0
8609 [0x7f392370880a] SYS_mmap(0x7f3922cb1000, 0x3000, 3, 2066)                                                                    = 0x7f3922cb1000
8609 [0x7f3923708787] SYS_close(3, 16, 0x7f3922cb19a8, 0x6ffffdff)                                                                 = 0
8609 [0x7f3923708677] SYS_open(0x7f3923906e58, 0x80000, 0, 0x6ffffdff)                                                             = 3
8609 [0x7f3923708697] SYS_read(3, 0x7fff8a047978, 832, 0x6ffffdff)                                                                 = 832
8609 [0x7f3923708604] SYS_fstat(3, 0x7fff8a047850, 0x7fff8a047850, 16)                                                             = 0
8609 [0x7f392370880a] SYS_mmap(0, 4096, 3, 34)                                                                                     = 0x7f3923905000
8609 [0x7f392370880a] SYS_mmap(0, 0x294ee0, 5, 2050)                                                                               = 0x7f392276e000
8609 [0x7f3923708857] SYS_mprotect(0x7f3922800000, 0x1ff000, 0, 2050)                                                              = 0
8609 [0x7f392370880a] SYS_mmap(0x7f39229ff000, 0x3000, 3, 2066)                                                                    = 0x7f39229ff000
8609 [0x7f392370880a] SYS_mmap(0x7f3922a02000, 3808, 3, 50)                                                                        = 0x7f3922a02000
8609 [0x7f3923708787] SYS_close(3, 16, 0x7f39229ffe30, 0x6ffffdff)                                                                 = 0
8609 [0x7f3923708677] SYS_open(0x7f39239054b8, 0x80000, 0, 0x6ffffdff)                                                             = 3
8609 [0x7f3923708697] SYS_read(3, 0x7fff8a047948, 832, 0x6ffffdff)                                                                 = 832
8609 [0x7f3923708604] SYS_fstat(3, 0x7fff8a047820, 0x7fff8a047820, 16)                                                             = 0
8609 [0x7f392370880a] SYS_mmap(0, 0x29d850, 5, 2050)                                                                               = 0x7f39224d0000
8609 [0x7f3923708857] SYS_mprotect(0x7f3922569000, 0x200000, 0, 2050)                                                              = 0
8609 [0x7f392370880a] SYS_mmap(0x7f3922769000, 0x3000, 3, 2066)                                                                    = 0x7f3922769000
8609 [0x7f392370880a] SYS_mmap(0x7f392276c000, 6224, 3, 50)                                                                        = 0x7f392276c000
8609 [0x7f3923708787] SYS_close(3, 16, 0x7f392276acc8, 0x6ffffdff)                                                                 = 0
8609 [0x7f3923708677] SYS_open(0x7f39239059a0, 0x80000, 0, 0x6ffffdff)                                                             = 3
8609 [0x7f3923708697] SYS_read(3, 0x7fff8a047918, 832, 0x6ffffdff)                                                                 = 832
8609 [0x7f3923708604] SYS_fstat(3, 0x7fff8a0477f0, 0x7fff8a0477f0, 16)                                                             = 0
8609 [0x7f392370880a] SYS_mmap(0, 0x2dbbb0, 5, 2050)                                                                               = 0x7f39221f4000
8609 [0x7f3923708857] SYS_mprotect(0x7f39222b2000, 0x200000, 0, 2050)                                                              = 0
8609 [0x7f392370880a] SYS_mmap(0x7f39224b2000, 0xa000, 3, 2066)                                                                    = 0x7f39224b2000
8609 [0x7f392370880a] SYS_mmap(0x7f39224bc000, 0x13bb0, 3, 50)                                                                     = 0x7f39224bc000
8609 [0x7f3923708787] SYS_close(3, 16, 0x7f39224b84d8, 0x6ffffdff)                                                                 = 0
8609 [0x7f3923708677] SYS_open(0x7f3923905e70, 0x80000, 0, 0x6ffffdff)                                                             = 3
8609 [0x7f3923708697] SYS_read(3, 0x7fff8a0478e8, 832, 0x6ffffdff)                                                                 = 832
8609 [0x7f3923708604] SYS_fstat(3, 0x7fff8a0477c0, 0x7fff8a0477c0, 32)                                                             = 0
8609 [0x7f392370880a] SYS_mmap(0, 4096, 3, 34)                                                                                     = 0x7f3923904000
8609 [0x7f392370880a] SYS_mmap(0, 0x21c490, 5, 2050)                                                                               = 0x7f3921fd7000
8609 [0x7f3923708857] SYS_mprotect(0x7f3921fef000, 0x1ff000, 0, 2050)                                                              = 0
8609 [0x7f392370880a] SYS_mmap(0x7f39221ee000, 8192, 3, 2066)                                                                      = 0x7f39221ee000
8609 [0x7f392370880a] SYS_mmap(0x7f39221f0000, 0x3490, 3, 50)                                                                      = 0x7f39221f0000
8609 [0x7f3923708787] SYS_close(3, 16, 0, 0x6ffffdff)                                                                              = 0
8609 [0x7f3923708677] SYS_open(0x7f39239044b8, 0x80000, 0, 0x6ffffdff)                                                             = 3
8609 [0x7f3923708697] SYS_read(3, 0x7fff8a0478b8, 832, 0x6ffffdff)                                                                 = 832
8609 [0x7f3923708604] SYS_fstat(3, 0x7fff8a047790, 0x7fff8a047790, 32)                                                             = 0
8609 [0x7f392370880a] SYS_mmap(0, 0x207bc0, 5, 2050)                                                                               = 0x7f3921dcf000
8609 [0x7f3923708857] SYS_mprotect(0x7f3921dd6000, 0x1ff000, 0, 2050)                                                              = 0
8609 [0x7f392370880a] SYS_mmap(0x7f3921fd5000, 8192, 3, 2066)                                                                      = 0x7f3921fd5000
8609 [0x7f3923708787] SYS_close(3, 16, 0, 0x6ffffdff)                                                                              = 0
8609 [0x7f3923708677] SYS_open(0x7f3923904988, 0x80000, 0, 0x6ffffdff)                                                             = 3
8609 [0x7f3923708697] SYS_read(3, 0x7fff8a047888, 832, 0x6ffffdff)                                                                 = 832
8609 [0x7f3923708604] SYS_fstat(3, 0x7fff8a047760, 0x7fff8a047760, 16)                                                             = 0
8609 [0x7f392370880a] SYS_mmap(0, 0x202e20, 5, 2050)                                                                               = 0x7f3921bcc000
8609 [0x7f3923708857] SYS_mprotect(0x7f3921bcf000, 0x1ff000, 0, 2050)                                                              = 0
8609 [0x7f392370880a] SYS_mmap(0x7f3921dce000, 4096, 3, 2066)                                                                      = 0x7f3921dce000
8609 [0x7f3923708787] SYS_close(3, 16, 0x7f3921dcec28, 0x6ffffdff)                                                                 = 0
8609 [0x7f3923708677] SYS_open(0x7f3923904e58, 0x80000, 0, 0x6ffffdff)                                                             = 3
8609 [0x7f3923708697] SYS_read(3, 0x7fff8a047858, 832, 0x6ffffdff)                                                                 = 832
8609 [0x7f3923708604] SYS_fstat(3, 0x7fff8a047730, 0x7fff8a047730, 16)                                                             = 0
8609 [0x7f392370880a] SYS_mmap(0, 4096, 3, 34)                                                                                     = 0x7f3923903000
8609 [0x7f392370880a] SYS_mmap(0, 0x209850, 5, 2050)                                                                               = 0x7f39219c2000
8609 [0x7f3923708857] SYS_mprotect(0x7f39219cc000, 0x1ff000, 0, 2050)                                                              = 0
8609 [0x7f392370880a] SYS_mmap(0x7f3921bcb000, 4096, 3, 2066)                                                                      = 0x7f3921bcb000
8609 [0x7f3923708787] SYS_close(3, 16, 0x7f3921bcb618, 0x6ffffdff)                                                                 = 0
8609 [0x7f3923708677] SYS_open(0x7f39239034b8, 0x80000, 0, 0x6ffffdff)                                                             = 3
8609 [0x7f3923708697] SYS_read(3, 0x7fff8a047828, 832, 0x6ffffdff)                                                                 = 832
8609 [0x7f3923708604] SYS_fstat(3, 0x7fff8a047700, 0x7fff8a047700, 16)                                                             = 0
8609 [0x7f392370880a] SYS_mmap(0, 0x210868, 5, 2050)                                                                               = 0x7f39217b1000
8609 [0x7f3923708857] SYS_mprotect(0x7f39217c2000, 0x1ff000, 0, 2050)                                                              = 0
8609 [0x7f392370880a] SYS_mmap(0x7f39219c1000, 4096, 3, 2066)                                                                      = 0x7f39219c1000
8609 [0x7f3923708787] SYS_close(3, 16, 0x7f39219c1408, 0x6ffffdff)                                                                 = 0
8609 [0x7f3923708677] SYS_open(0x7f3923903a40, 0x80000, 0, 0x7f39239049a0)                                                         = 3
8609 [0x7f3923708697] SYS_read(3, 0x7fff8a0476c8, 832, 0x7f39239049a0)                                                             = 832
8609 [0x7f3923708604] SYS_fstat(3, 0x7fff8a0475a0, 0x7fff8a0475a0, 16)                                                             = 0
8609 [0x7f392370880a] SYS_mmap(0, 0x2032c8, 5, 2050)                                                                               = 0x7f39215ad000
8609 [0x7f3923708857] SYS_mprotect(0x7f39215b0000, 0x200000, 0, 2050)                                                              = 0
8609 [0x7f392370880a] SYS_mmap(0x7f39217b0000, 4096, 3, 2066)                                                                      = 0x7f39217b0000
8609 [0x7f3923708787] SYS_close(3, 16, 0x7f39217b0188, 0x6ffffdff)                                                                 = 0
8609 [0x7f3923708677] SYS_open(0x7f3923903f28, 0x80000, 0, 0x6ffffdff)                                                             = 3
8609 [0x7f3923708697] SYS_read(3, 0x7fff8a047698, 832, 0x6ffffdff)                                                                 = 832
8609 [0x7f3923708604] SYS_fstat(3, 0x7fff8a047570, 0x7fff8a047570, 16)                                                             = 0
8609 [0x7f392370880a] SYS_mmap(0, 4096, 3, 34)                                                                                     = 0x7f3923902000
8609 [0x7f392370880a] SYS_mmap(0, 0x207820, 5, 2050)                                                                               = 0x7f39213a5000
8609 [0x7f3923708857] SYS_mprotect(0x7f39213ac000, 0x200000, 0, 2050)                                                              = 0
8609 [0x7f392370880a] SYS_mmap(0x7f39215ac000, 4096, 3, 2066)                                                                      = 0x7f39215ac000
8609 [0x7f3923708787] SYS_close(3, 16, 0x7f39215ac188, 0x6ffffdff)                                                                 = 0
8609 [0x7f3923708677] SYS_open(0x7f39239024c8, 0x80000, 0, 0x6ffffdff)                                                             = 3
8609 [0x7f3923708697] SYS_read(3, 0x7fff8a047668, 832, 0x6ffffdff)                                                                 = 832
8609 [0x7f3923708604] SYS_fstat(3, 0x7fff8a047540, 0x7fff8a047540, 16)                                                             = 0
8609 [0x7f392370880a] SYS_mmap(0, 0x201f30, 5, 2050)                                                                               = 0x7f39211a3000
8609 [0x7f3923708857] SYS_mprotect(0x7f39211a5000, 0x1ff000, 0, 2050)                                                              = 0
8609 [0x7f392370880a] SYS_mmap(0x7f39213a4000, 4096, 3, 2066)                                                                      = 0x7f39213a4000
8609 [0x7f3923708787] SYS_close(3, 16, 0x7f39213a4e18, 0x6ffffdff)                                                                 = 0
8609 [0x7f3923708677] SYS_open(0x7f3923902a60, 0x80000, 0, 0x7f39239064d0)                                                         = 3
8609 [0x7f3923708697] SYS_read(3, 0x7fff8a047638, 832, 0x7f39239064d0)                                                             = 832
8609 [0x7f3923708604] SYS_fstat(3, 0x7fff8a047510, 0x7fff8a047510, 16)                                                             = 0
8609 [0x7f392370880a] SYS_mmap(0, 0x2022e8, 5, 2050)                                                                               = 0x7f3920fa0000
8609 [0x7f3923708857] SYS_mprotect(0x7f3920fa2000, 0x200000, 0, 2050)                                                              = 0
8609 [0x7f392370880a] SYS_mmap(0x7f39211a2000, 4096, 3, 2066)                                                                      = 0x7f39211a2000
8609 [0x7f3923708787] SYS_close(3, 16, 0x7f39211a2198, 0x6ffffdff)                                                                 = 0
8609 [0x7f3923708677] SYS_open(0x7f3923902f40, 0x80000, 0, 0x6ffffdff)                                                             = 3
8609 [0x7f3923708697] SYS_read(3, 0x7fff8a047608, 832, 0x6ffffdff)                                                                 = 832
8609 [0x7f3923708604] SYS_fstat(3, 0x7fff8a0474e0, 0x7fff8a0474e0, 16)                                                             = 0
8609 [0x7f392370880a] SYS_mmap(0, 4096, 3, 34)                                                                                     = 0x7f3923901000
8609 [0x7f392370880a] SYS_mmap(0, 0x201f30, 5, 2050)                                                                               = 0x7f3920d9e000
8609 [0x7f3923708857] SYS_mprotect(0x7f3920da0000, 0x1ff000, 0, 2050)                                                              = 0
8609 [0x7f392370880a] SYS_mmap(0x7f3920f9f000, 4096, 3, 2066)                                                                      = 0x7f3920f9f000
8609 [0x7f3923708787] SYS_close(3, 16, 0x7f3920f9fe18, 0x6ffffdff)                                                                 = 0
8609 [0x7f3923708677] SYS_open(0x7f39239014c0, 0x80000, 0, 0x6ffffdff)                                                             = 3
8609 [0x7f3923708697] SYS_read(3, 0x7fff8a0475d8, 832, 0x6ffffdff)                                                                 = 832
8609 [0x7f3923708604] SYS_fstat(3, 0x7fff8a0474b0, 0x7fff8a0474b0, 16)                                                             = 0
8609 [0x7f392370880a] SYS_mmap(0, 0x2038b8, 5, 2050)                                                                               = 0x7f3920b9a000
8609 [0x7f3923708857] SYS_mprotect(0x7f3920b9e000, 0x1ff000, 0, 2050)                                                              = 0
8609 [0x7f392370880a] SYS_mmap(0x7f3920d9d000, 4096, 3, 2066)                                                                      = 0x7f3920d9d000
8609 [0x7f3923708787] SYS_close(3, 16, 0x7f3920d9d748, 0x6ffffdff)                                                                 = 0
8609 [0x7f3923708677] SYS_open(0x7f3923901a60, 0x80000, 0, 0x7f3923904000)                                                         = 3
8609 [0x7f3923708697] SYS_read(3, 0x7fff8a047578, 832, 0x7f3923904000)                                                             = 832
8609 [0x7f3923708604] SYS_fstat(3, 0x7fff8a047450, 0x7fff8a047450, 16)                                                             = 0
8609 [0x7f392370880a] SYS_mmap(0, 0x210848, 5, 2050)                                                                               = 0x7f3920989000
8609 [0x7f3923708857] SYS_mprotect(0x7f3920999000, 0x1ff000, 0, 2050)                                                              = 0
8609 [0x7f392370880a] SYS_mmap(0x7f3920b98000, 8192, 3, 2066)                                                                      = 0x7f3920b98000
8609 [0x7f3923708787] SYS_close(3, 16, 0x7f3920b98d90, 0x6ffffdff)                                                                 = 0
8609 [0x7f3923708677] SYS_open(0x7f3923901f48, 0x80000, 0, 0x6ffffdff)                                                             = 3
8609 [0x7f3923708697] SYS_read(3, 0x7fff8a047548, 832, 0x6ffffdff)                                                                 = 832
8609 [0x7f3923708604] SYS_fstat(3, 0x7fff8a047420, 0x7fff8a047420, 16)                                                             = 0
8609 [0x7f392370880a] SYS_mmap(0, 4096, 3, 34)                                                                                     = 0x7f3923900000
8609 [0x7f392370880a] SYS_mmap(0, 0x20acf0, 5, 2050)                                                                               = 0x7f392077e000
8609 [0x7f3923708857] SYS_mprotect(0x7f3920789000, 0x1ff000, 0, 2050)                                                              = 0
8609 [0x7f392370880a] SYS_mmap(0x7f3920988000, 4096, 3, 2066)                                                                      = 0x7f3920988000
8609 [0x7f3923708787] SYS_close(3, 16, 0x7f3920988750, 0x6ffffdff)                                                                 = 0
8609 [0x7f3923708677] SYS_open(0x7f3923900560, 0x80000, 0, 0x7f3923904000)                                                         = 3
8609 [0x7f3923708697] SYS_read(3, 0x7fff8a047518, 832, 0x7f3923904000)                                                             = 832
8609 [0x7f3923708604] SYS_fstat(3, 0x7fff8a0473f0, 0x7fff8a0473f0, 32)                                                             = 0
8609 [0x7f392370880a] SYS_mmap(0, 0x2361e0, 5, 2050)                                                                               = 0x7f3920547000
8609 [0x7f3923708857] SYS_mprotect(0x7f392054f000, 0x1ff000, 0, 2050)                                                              = 0
8609 [0x7f392370880a] SYS_mmap(0x7f392074e000, 8192, 3, 2066)                                                                      = 0x7f392074e000
8609 [0x7f392370880a] SYS_mmap(0x7f3920750000, 0x2d1e0, 3, 50)                                                                     = 0x7f3920750000
8609 [0x7f3923708787] SYS_close(3, 16, 0, 0x6ffffdff)                                                                              = 0
8609 [0x7f3923708677] SYS_open(0x7f3923900a30, 0x80000, 0, 0x6ffffdff)                                                             = 3
8609 [0x7f3923708697] SYS_read(3, 0x7fff8a0474e8, 832, 0x6ffffdff)                                                                 = 832
8609 [0x7f3923708604] SYS_fstat(3, 0x7fff8a0473c0, 0x7fff8a0473c0, 16)                                                             = 0
8609 [0x7f392370880a] SYS_mmap(0, 0x43fe88, 5, 2050)                                                                               = 0x7f3920107000
8609 [0x7f3923708857] SYS_mprotect(0x7f392031c000, 0x200000, 0, 2050)                                                              = 0
8609 [0x7f392370880a] SYS_mmap(0x7f392051c000, 0x27000, 3, 2066)                                                                   = 0x7f392051c000
8609 [0x7f392370880a] SYS_mmap(0x7f3920543000, 0x3e88, 3, 50)                                                                      = 0x7f3920543000
8609 [0x7f3923708857] SYS_mprotect(0x7fff8a049000, 4096, 0x1000007, 4)                                                             = 0
8609 [0x7f3923708787] SYS_close(3, 4096, 0x1000007, 4)                                                                             = 0
8609 [0x7f3923708677] SYS_open(0x7f3923900fb0, 0x80000, 0, 0x7f39239034d0)                                                         = 3
8609 [0x7f3923708697] SYS_read(3, 0x7fff8a0474b8, 832, 0x7f39239034d0)                                                             = 832
8609 [0x7f3923708604] SYS_fstat(3, 0x7fff8a047390, 0x7fff8a047390, 16)                                                             = 0
8609 [0x7f392370880a] SYS_mmap(0, 4096, 3, 34)                                                                                     = 0x7f39238ff000
8609 [0x7f392370880a] SYS_mmap(0, 0x215730, 5, 2050)                                                                               = 0x7f391fef1000
8609 [0x7f3923708857] SYS_mprotect(0x7f391ff07000, 0x1ff000, 0, 2050)                                                              = 0
8609 [0x7f392370880a] SYS_mmap(0x7f3920106000, 4096, 3, 2066)                                                                      = 0x7f3920106000
8609 [0x7f3923708787] SYS_close(3, 16, 0x7f3920106490, 0x6ffffdff)                                                                 = 0
8609 [0x7f3923708677] SYS_open(0x7f39238ff4f0, 0x80000, 0, 0x6ffffdff)                                                             = 3
8609 [0x7f3923708697] SYS_read(3, 0x7fff8a047488, 832, 0x6ffffdff)                                                                 = 832
8609 [0x7f3923708604] SYS_fstat(3, 0x7fff8a047360, 0x7fff8a047360, 32)                                                             = 0
8609 [0x7f392370880a] SYS_mmap(0, 0x2fd148, 5, 2050)                                                                               = 0x7f391fbf3000
8609 [0x7f3923708857] SYS_mprotect(0x7f391fcf0000, 0x1ff000, 0, 2050)                                                              = 0
8609 [0x7f392370880a] SYS_mmap(0x7f391feef000, 8192, 3, 2066)                                                                      = 0x7f391feef000
8609 [0x7f3923708787] SYS_close(3, 16, 0, 0x6ffffdff)                                                                              = 0
8609 [0x7f3923708677] SYS_open(0x7fff8a047250, 0x80000, 0, 0x36782f39325f3130)                                                     = -2
8609 [0x7f39237085c5] SYS_stat(0x7fff8a047250, 0x7fff8a047330, 0x7fff8a047330, 0x36782f39325f3130)                                 = -2
8609 [0x7f3923708677] SYS_open(0x7fff8a047250, 0x80000, 0, 0x36782f39325f3130)                                                     = -2
8609 [0x7f39237085c5] SYS_stat(0x7fff8a047250, 0x7fff8a047330, 0x7fff8a047330, 0x36782f39325f3130)                                 = -2
8609 [0x7f3923708677] SYS_open(0x7fff8a047250, 0x80000, 0, 0x36782f39325f3130)                                                     = -2
8609 [0x7f39237085c5] SYS_stat(0x7fff8a047250, 0x7fff8a047330, 0x7fff8a047330, 0x36782f39325f3130)                                 = -2
8609 [0x7f3923708677] SYS_open(0x7fff8a047250, 0x80000, 0, 0x36782f39325f3130)                                                     = -2
8609 [0x7f39237085c5] SYS_stat(0x7fff8a047250, 0x7fff8a047330, 0x7fff8a047330, 0x36782f39325f3130)                                 = -2
8609 [0x7f3923708677] SYS_open(0x7f39238ffdd0, 0x80000, 0, 0x36782f39325f3130)                                                     = 3
8609 [0x7f3923708697] SYS_read(3, 0x7fff8a047458, 832, 0x36782f39325f3130)                                                         = 832
8609 [0x7f3923708604] SYS_fstat(3, 0x7fff8a047330, 0x7fff8a047330, 16)                                                             = 0
8609 [0x7f392370880a] SYS_mmap(0, 4096, 3, 34)                                                                                     = 0x7f39238fe000
8609 [0x7f392370880a] SYS_mmap(0, 0x2f8980, 5, 2050)                                                                               = 0x7f391f8fa000
8609 [0x7f3923708857] SYS_mprotect(0x7f391f9f1000, 0x200000, 0, 2050)                                                              = 0
8609 [0x7f392370880a] SYS_mmap(0x7f391fbf1000, 8192, 3, 2066)                                                                      = 0x7f391fbf1000
8609 [0x7f3923708787] SYS_close(3, 16, 0x7f391fbf13a0, 0x6ffffdff)                                                                 = 0
8609 [0x7f3923708677] SYS_open(0x7f39238fe4c8, 0x80000, 0, 0x6ffffdff)                                                             = 3
8609 [0x7f3923708697] SYS_read(3, 0x7fff8a047428, 832, 0x6ffffdff)                                                                 = 832
8609 [0x7f3923708604] SYS_fstat(3, 0x7fff8a047300, 0x7fff8a047300, 16)                                                             = 0
8609 [0x7f392370880a] SYS_mmap(0, 0x2fc9d8, 5, 2050)                                                                               = 0x7f391f5fd000
8609 [0x7f3923708857] SYS_mprotect(0x7f391f6f8000, 0x200000, 0, 2050)                                                              = 0
8609 [0x7f392370880a] SYS_mmap(0x7f391f8f8000, 8192, 3, 2066)                                                                      = 0x7f391f8f8000
8609 [0x7f3923708787] SYS_close(3, 16, 0x7f391f8f9828, 0x6ffffdff)                                                                 = 0
8609 [0x7f3923708677] SYS_open(0x7f39238fe998, 0x80000, 0, 0x6ffffdff)                                                             = 3
8609 [0x7f3923708697] SYS_read(3, 0x7fff8a0473f8, 832, 0x6ffffdff)                                                                 = 832
8609 [0x7f3923708604] SYS_fstat(3, 0x7fff8a0472d0, 0x7fff8a0472d0, 16)                                                             = 0
8609 [0x7f392370880a] SYS_mmap(0, 0x242830, 5, 2050)                                                                               = 0x7f391f3ba000
8609 [0x7f3923708857] SYS_mprotect(0x7f391f3fd000, 0x1ff000, 0, 2050)                                                              = 0
8609 [0x7f392370880a] SYS_mmap(0x7f391f5fc000, 4096, 3, 2066)                                                                      = 0x7f391f5fc000
8609 [0x7f3923708787] SYS_close(3, 16, 0x7f391f5fc630, 0x6ffffdff)                                                                 = 0
8609 [0x7f3923708677] SYS_open(0x7f39238fef70, 0x80000, 0, 0x7f39239059b8)                                                         = 3
8609 [0x7f3923708697] SYS_read(3, 0x7fff8a0473c8, 832, 0x7f39239059b8)                                                             = 832
8609 [0x7f3923708604] SYS_fstat(3, 0x7fff8a0472a0, 0x7fff8a0472a0, 32)                                                             = 0
8609 [0x7f392370880a] SYS_mmap(0, 4096, 3, 34)                                                                                     = 0x7f39238fd000
8609 [0x7f392370880a] SYS_mmap(0, 0x203118, 5, 2050)                                                                               = 0x7f391f1b6000
8609 [0x7f3923708857] SYS_mprotect(0x7f391f1b8000, 0x200000, 0, 2050)                                                              = 0
8609 [0x7f392370880a] SYS_mmap(0x7f391f3b8000, 8192, 3, 2066)                                                                      = 0x7f391f3b8000
8609 [0x7f3923708787] SYS_close(3, 16, 0x7f391f3b8f40, 0x6ffffdff)                                                                 = 0
8609 [0x7f392370880a] SYS_mmap(0, 4096, 3, 34)                                                                                     = 0x7f39238fc000
8609 [0x7f392370880a] SYS_mmap(0, 4096, 3, 34)                                                                                     = 0x7f39238fb000
8609 [0x7f392370880a] SYS_mmap(0, 8192, 3, 34)                                                                                     = 0x7f39238f9000
8609 [0x7f39236f2044] SYS_arch_prctl(4098, 0x7f39238f9780, 0x7f39238fa080, 34)                                                     = 0
8609 [0x7f3923708857] SYS_mprotect(0x7f3923048000, 0x4000, 1, 1)                                                                   = 0
8609 [0x7f3923708857] SYS_mprotect(0x7f391f3b8000, 4096, 1, 0x7f391f1b6c68)                                                        = 0
8609 [0x7f3923708857] SYS_mprotect(0x7f39221ee000, 4096, 1, 0x7f3921fdc500)                                                        = 0
8609 [0x7f3923708857] SYS_mprotect(0x7f391feef000, 4096, 1, 1)                                                                     = 0
8609 [0x7f3923708857] SYS_mprotect(0x7f392074e000, 4096, 1, 0x7f3920547a00)                                                        = 0
8609 [0x7f3923708857] SYS_mprotect(0x7f39224b2000, 0x7000, 1, 0x7f392224c810)                                                      = 0
8609 [0x7f3923708857] SYS_mprotect(0x7f3921fd5000, 4096, 1, 0x7f3921dd0d58)                                                        = 0
8609 [0x7f3923708857] SYS_mprotect(0x7f3923911000, 4096, 1, 0)                                                                     = 0
8609 [0x7f3923708837] SYS_munmap(0x7f3923907000, 0x83b3, 0x7d400, 0)                                                               = 0
8609 [0x7f3921fdde92] SYS_set_tid_address(0x7f39238f9a50, 0x7fff8a0493b8, 0x7f39238f9780, 0)                                       = 8609
8609 [0x7f3921fddefa] SYS_set_robust_list(0x7f39238f9a60, 24, 0x7f39238f9780, 0)                                                   = 0
8609 [0x7f3921fe7cf5] SYS_rt_sigaction(32, 0x7fff8a049108, 0, 8)                                                                   = 0
8609 [0x7f3921fe7cf5] SYS_rt_sigaction(33, 0x7fff8a049108, 0, 8)                                                                   = 0
8609 [0x7f3921fddfd6] SYS_rt_sigprocmask(1, 0x7fff8a049258, 0, 8)                                                                  = 0
8609 [0x7f3922d94b17] SYS_getrlimit(3, 0x7fff8a0492f0, 63, 1)                                                                      = 0
8609 [0x7f3921fddb95] SYS_futex(0x7f39224bc7e0, 129, 0x7fffffff, 0)                                                                = 0
8609 [0x4009e1] ledctrl->Hal_Led_Set_Mode(3, 3, 0x7f3922e02c60, 0 <unfinished ...>
8609 [0x7f3923058575]   libnhal.so->Hal_Lookup_Hardware_Info(0x7fff8a0490e0, 3, 0x7f3922e02c60, 0 <unfinished ...>
8609 [0x7f3922d8f557]     SYS_statfs(0x7f3921fea1e8, 0x7fff8a048ed0, 0x7f39221f3310, 1)                                            = 0
8609 [0x7f3921fddb95]     SYS_futex(0x7f39221f3310, 129, 0x7fffffff, 0)                                                            = 0
8609 [0x7f3922d8f7e0]     SYS_open(0x7fff8a048fe0, 0xa0002, 484, 1)                                                                = 3
8609 [0x7f3922d9872a]     SYS_mmap(0, 220, 3, 1)                                                                                   = 0x7f392390f000
8609 [0x7f3922d90070]     SYS_close(3, 220, 3, 1)                                                                                  = 0
8609 [0x7f39230577f0]     libnhal.so->Hw_Semaphore_Init(0x7fff8a049090, 0x7f392305a287, 1, -1 <unfinished ...>
8609 [0x7f3922d8f405]       SYS_lstat(0x7fff8a048f40, 0x7fff8a048e50, 0x7fff8a048e50, 0)                                           = -2
8609 [0x7f3921fe7510]       SYS_open(0x7fff8a048f40, 194, 600, 0)                                                                  = 3
8609 [0x7f3921fe6da0]       SYS_write(3, 0x7fff8a048fc0, 32, 0)                                                                    = 32
8609 [0x7f3922d9872a]       SYS_mmap(0, 32, 3, 1)                                                                                  = 0x7f392390e000
8609 [0x7f3922d911a7]       SYS_link(0x7fff8a048f40, 0x7fff8a048f70, 3, 1)                                                         = -17
8609 [0x7f3922d98757]       SYS_munmap(0x7f392390e000, 32, 3, 1)                                                                   = 0
8609 [0x7f3922d912c7]       SYS_unlink(0x7fff8a048f40, 32, 3, 1)                                                                   = 0
8609 [0x7f3921fe6e60]       SYS_close(3, 32, 3, 1)                                                                                 = 0
8609 [0x7f3921fe7510]       SYS_open(0x7fff8a048f70, 0x20002, 18, 1)                                                               = 3
8609 [0x7f3922d8f3b4]       SYS_fstat(3, 0x7fff8a048ea0, 0x7fff8a048ea0, 1)                                                        = 0
8609 [0x7f3922d94f5a]       SYS_brk(0, 0x7f392304c640, 0, -4096)                                                                   = 0xb81000
8609 [0x7f3922d94f5a]       SYS_brk(0xba2000, 0xb81000, 0xba2000, -4096)                                                           = 0xba2000
8609 [0x7f3922d9872a]       SYS_mmap(0, 32, 3, 1)                                                                                  = 0x7f392390e000
8609 [0x7f3921fe6e60]       SYS_close(3, 32, 0, 3)                                                                                 = 0
8609 [0x7f39230577f0]     <... Hw_Semaphore_Init resumed> )                                                                        = 17
8609 [0x7f3923057800]     libnhal.so->Hw_Semaphore_Lock(0x7fff8a049090, 32, 0x7f392390e000, -1)                                    = 0
8609 [0x7f3923057918]     libnhal.so->Hw_Semaphore_Unlock(0x7fff8a049090, 2, 0x7f392390f000, 0)                                    = 0
8609 [0x7f3923057924]     libnhal.so->Hw_Semaphore_Release(0x7fff8a049090, 128, 0, 0 <unfinished ...>
8609 [0x7f3922d98757]       SYS_munmap(0x7f392390e000, 32, 0, 1)                                                                   = 0
8609 [0x7f3923057924]     <... Hw_Semaphore_Release resumed> )                                                                     = 0
8609 [0x7f3923058575]   <... Hal_Lookup_Hardware_Info resumed> )                                                                   = 0
8609 [0x7f3923058ae9]   libnhal.so->It87_Set_Led_Blinking(0, 0, 6, -7360 <unfinished ...>
8609 [0x7f39213a8b6d]     libgeneraldrv.so->Hw_Semaphore_Init(0x7fff8a049070, 0x7f39213ab012, 1, 0 <unfinished ...>
8609 [0x7f3922d8f405]       SYS_lstat(0x7fff8a048f10, 0x7fff8a048e20, 0x7fff8a048e20, 0)                                           = -2
8609 [0x7f3921fe7510]       SYS_open(0x7fff8a048f10, 194, 600, 0)                                                                  = 3
8609 [0x7f3921fe6da0]       SYS_write(3, 0x7fff8a048f90, 32, 0)                                                                    = 32
8609 [0x7f3922d9872a]       SYS_mmap(0, 32, 3, 1)                                                                                  = 0x7f392390e000
8609 [0x7f3922d911a7]       SYS_link(0x7fff8a048f10, 0x7fff8a048f40, 3, 1)                                                         = -17
8609 [0x7f3922d98757]       SYS_munmap(0x7f392390e000, 32, 3, 1)                                                                   = 0
8609 [0x7f3922d912c7]       SYS_unlink(0x7fff8a048f10, 32, 3, 1)                                                                   = 0
8609 [0x7f3921fe6e60]       SYS_close(3, 32, 3, 1)                                                                                 = 0
8609 [0x7f3921fe7510]       SYS_open(0x7fff8a048f40, 0x20002, 20, 1)                                                               = 3
8609 [0x7f3922d8f3b4]       SYS_fstat(3, 0x7fff8a048e70, 0x7fff8a048e70, 1)                                                        = 0
8609 [0x7f3922d9872a]       SYS_mmap(0, 32, 3, 1)                                                                                  = 0x7f392390e000
8609 [0x7f3921fe6e60]       SYS_close(3, 32, 0, 1)                                                                                 = 0
8609 [0x7f39213a8b6d]     <... Hw_Semaphore_Init resumed> )                                                                        = 17
8609 [0x7f39213a8b7d]     libgeneraldrv.so->Hw_Semaphore_Lock(0x7fff8a049070, 32, 0x7f392390e000, -1)                              = 0
8609 [0x7f3922d9c6b7]     SYS_ioperm(46, 1, 1, 1)                                                                                  = 0
8609 [0x7f3922d9c6b7]     SYS_ioperm(46, 1, 0, 1)                                                                                  = 0
8609 [0x7f3922d9c6b7]     SYS_ioperm(235, 1, 1, 1)                                                                                 = 0
8609 [0x7f3922d9c6b7]     SYS_ioperm(235, 1, 0, 1)                                                                                 = 0
8609 [0x7f3922d9c6b7]     SYS_ioperm(46, 1, 1, 1)                                                                                  = 0
8609 [0x7f3922d9c6b7]     SYS_ioperm(46, 1, 0, 1)                                                                                  = 0
8609 [0x7f3922d9c6b7]     SYS_ioperm(235, 1, 1, 1)                                                                                 = 0
8609 [0x7f3922d9c6b7]     SYS_ioperm(235, 1, 0, 1)                                                                                 = 0
8609 [0x7f3922d9c6b7]     SYS_ioperm(46, 1, 1, 1)                                                                                  = 0
8609 [0x7f3922d9c6b7]     SYS_ioperm(46, 1, 0, 1)                                                                                  = 0
8609 [0x7f3922d9c6b7]     SYS_ioperm(235, 1, 1, 1)                                                                                 = 0
8609 [0x7f3922d9c6b7]     SYS_ioperm(235, 1, 0, 1)                                                                                 = 0
8609 [0x7f3922d9c6b7]     SYS_ioperm(46, 1, 1, 1)                                                                                  = 0
8609 [0x7f3922d9c6b7]     SYS_ioperm(46, 1, 0, 1)                                                                                  = 0
8609 [0x7f3922d9c6b7]     SYS_ioperm(235, 1, 1, 1)                                                                                 = 0
8609 [0x7f3922d9c6b7]     SYS_ioperm(235, 1, 0, 1)                                                                                 = 0
8609 [0x7f3922d9c6b7]     SYS_ioperm(46, 1, 1, 1)                                                                                  = 0
8609 [0x7f3922d9c6b7]     SYS_ioperm(46, 1, 0, 1)                                                                                  = 0
8609 [0x7f3922d9c6b7]     SYS_ioperm(235, 1, 1, 1)                                                                                 = 0
8609 [0x7f3922d9c6b7]     SYS_ioperm(235, 1, 0, 1)                                                                                 = 0
8609 [0x7f3922d9c6b7]     SYS_ioperm(47, 1, 1, 1)                                                                                  = 0
8609 [0x7f3922d9c6b7]     SYS_ioperm(47, 1, 0, 1)                                                                                  = 0
8609 [0x7f3922d9c6b7]     SYS_ioperm(235, 1, 1, 1)                                                                                 = 0
8609 [0x7f3922d9c6b7]     SYS_ioperm(235, 1, 0, 1)                                                                                 = 0
8609 [0x7f3922d9c6b7]     SYS_ioperm(46, 1, 1, 1)                                                                                  = 0
8609 [0x7f3922d9c6b7]     SYS_ioperm(46, 1, 0, 1)                                                                                  = 0
8609 [0x7f3922d9c6b7]     SYS_ioperm(235, 1, 1, 1)                                                                                 = 0
8609 [0x7f3922d9c6b7]     SYS_ioperm(235, 1, 0, 1)                                                                                 = 0
8609 [0x7f3922d9c6b7]     SYS_ioperm(47, 1, 1, 1)                                                                                  = 0
8609 [0x7f3922d9c6b7]     SYS_ioperm(47, 1, 0, 1)                                                                                  = 0
8609 [0x7f3922d9c6b7]     SYS_ioperm(235, 1, 1, 1)                                                                                 = 0
8609 [0x7f3922d9c6b7]     SYS_ioperm(235, 1, 0, 1)                                                                                 = 0
8609 [0x7f3922d9c6b7]     SYS_ioperm(46, 1, 1, 1)                                                                                  = 0
8609 [0x7f3922d9c6b7]     SYS_ioperm(46, 1, 0, 1)                                                                                  = 0
8609 [0x7f3922d9c6b7]     SYS_ioperm(235, 1, 1, 1)                                                                                 = 0
8609 [0x7f3922d9c6b7]     SYS_ioperm(235, 1, 0, 1)                                                                                 = 0
8609 [0x7f3922d9c6b7]     SYS_ioperm(47, 1, 1, 1)                                                                                  = 0
8609 [0x7f3922d9c6b7]     SYS_ioperm(47, 1, 0, 1)                                                                                  = 0
8609 [0x7f3922d9c6b7]     SYS_ioperm(235, 1, 1, 1)                                                                                 = 0
8609 [0x7f3922d9c6b7]     SYS_ioperm(235, 1, 0, 1)                                                                                 = 0
8609 [0x7f3922d9c6b7]     SYS_ioperm(46, 1, 1, 1)                                                                                  = 0
8609 [0x7f3922d9c6b7]     SYS_ioperm(46, 1, 0, 1)                                                                                  = 0
8609 [0x7f3922d9c6b7]     SYS_ioperm(235, 1, 1, 1)                                                                                 = 0
8609 [0x7f3922d9c6b7]     SYS_ioperm(235, 1, 0, 1)                                                                                 = 0
8609 [0x7f3922d9c6b7]     SYS_ioperm(47, 1, 1, 1)                                                                                  = 0
8609 [0x7f3922d9c6b7]     SYS_ioperm(47, 1, 0, 1)                                                                                  = 0
8609 [0x7f3922d9c6b7]     SYS_ioperm(235, 1, 1, 1)                                                                                 = 0
8609 [0x7f3922d9c6b7]     SYS_ioperm(235, 1, 0, 1)                                                                                 = 0
8609 [0x7f3922d9c6b7]     SYS_ioperm(1733, 1, 1, 1)                                                                                = 0
8609 [0x7f3922d9c6b7]     SYS_ioperm(1733, 1, 0, 1)                                                                                = 0
8609 [0x7f3922d9c6b7]     SYS_ioperm(235, 1, 1, 1)                                                                                 = 0
8609 [0x7f3922d9c6b7]     SYS_ioperm(235, 1, 0, 1)                                                                                 = 0
8609 [0x7f3922d9c6b7]     SYS_ioperm(1734, 1, 1, 1)                                                                                = 0
8609 [0x7f3922d9c6b7]     SYS_ioperm(1734, 1, 0, 1)                                                                                = 0
8609 [0x7f3922d9c6b7]     SYS_ioperm(235, 1, 1, 1)                                                                                 = 0
8609 [0x7f3922d9c6b7]     SYS_ioperm(235, 1, 0, 1)                                                                                 = 0
8609 [0x7f3922d9c6b7]     SYS_ioperm(1733, 1, 1, 1)                                                                                = 0
8609 [0x7f3922d9c6b7]     SYS_ioperm(1733, 1, 0, 1)                                                                                = 0
8609 [0x7f3922d9c6b7]     SYS_ioperm(235, 1, 1, 1)                                                                                 = 0
8609 [0x7f3922d9c6b7]     SYS_ioperm(235, 1, 0, 1)                                                                                 = 0
8609 [0x7f3922d9c6b7]     SYS_ioperm(1734, 1, 1, 1)                                                                                = 0
8609 [0x7f3922d9c6b7]     SYS_ioperm(1734, 1, 0, 1)                                                                                = 0
8609 [0x7f3922d9c6b7]     SYS_ioperm(235, 1, 1, 1)                                                                                 = 0
8609 [0x7f3922d9c6b7]     SYS_ioperm(235, 1, 0, 1)                                                                                 = 0
8609 [0x7f3922d9c6b7]     SYS_ioperm(46, 1, 1, 1)                                                                                  = 0
8609 [0x7f3922d9c6b7]     SYS_ioperm(46, 1, 0, 1)                                                                                  = 0
8609 [0x7f3922d9c6b7]     SYS_ioperm(235, 1, 1, 1)                                                                                 = 0
8609 [0x7f3922d9c6b7]     SYS_ioperm(235, 1, 0, 1)                                                                                 = 0
8609 [0x7f3922d9c6b7]     SYS_ioperm(46, 1, 1, 1)                                                                                  = 0
8609 [0x7f3922d9c6b7]     SYS_ioperm(46, 1, 0, 1)                                                                                  = 0
8609 [0x7f3922d9c6b7]     SYS_ioperm(235, 1, 1, 1)                                                                                 = 0
8609 [0x7f3922d9c6b7]     SYS_ioperm(235, 1, 0, 1)                                                                                 = 0
8609 [0x7f3922d9c6b7]     SYS_ioperm(46, 1, 1, 1)                                                                                  = 0
8609 [0x7f3922d9c6b7]     SYS_ioperm(46, 1, 0, 1)                                                                                  = 0
8609 [0x7f3922d9c6b7]     SYS_ioperm(235, 1, 1, 1)                                                                                 = 0
8609 [0x7f3922d9c6b7]     SYS_ioperm(235, 1, 0, 1)                                                                                 = 0
8609 [0x7f3922d9c6b7]     SYS_ioperm(46, 1, 1, 1)                                                                                  = 0
8609 [0x7f3922d9c6b7]     SYS_ioperm(46, 1, 0, 1)                                                                                  = 0
8609 [0x7f3922d9c6b7]     SYS_ioperm(235, 1, 1, 1)                                                                                 = 0
8609 [0x7f3922d9c6b7]     SYS_ioperm(235, 1, 0, 1)                                                                                 = 0
8609 [0x7f3922d9c6b7]     SYS_ioperm(46, 1, 1, 1)                                                                                  = 0
8609 [0x7f3922d9c6b7]     SYS_ioperm(46, 1, 0, 1)                                                                                  = 0
8609 [0x7f3922d9c6b7]     SYS_ioperm(235, 1, 1, 1)                                                                                 = 0
8609 [0x7f3922d9c6b7]     SYS_ioperm(235, 1, 0, 1)                                                                                 = 0
8609 [0x7f3922d9c6b7]     SYS_ioperm(47, 1, 1, 1)                                                                                  = 0
8609 [0x7f3922d9c6b7]     SYS_ioperm(47, 1, 0, 1)                                                                                  = 0
8609 [0x7f3922d9c6b7]     SYS_ioperm(235, 1, 1, 1)                                                                                 = 0
8609 [0x7f3922d9c6b7]     SYS_ioperm(235, 1, 0, 1)                                                                                 = 0
8609 [0x7f3922d9c6b7]     SYS_ioperm(46, 1, 1, 1)                                                                                  = 0
8609 [0x7f3922d9c6b7]     SYS_ioperm(46, 1, 0, 1)                                                                                  = 0
8609 [0x7f3922d9c6b7]     SYS_ioperm(235, 1, 1, 1)                                                                                 = 0
8609 [0x7f3922d9c6b7]     SYS_ioperm(235, 1, 0, 1)                                                                                 = 0
8609 [0x7f3922d9c6b7]     SYS_ioperm(47, 1, 1, 1)                                                                                  = 0
8609 [0x7f3922d9c6b7]     SYS_ioperm(47, 1, 0, 1)                                                                                  = 0
8609 [0x7f3922d9c6b7]     SYS_ioperm(235, 1, 1, 1)                                                                                 = 0
8609 [0x7f3922d9c6b7]     SYS_ioperm(235, 1, 0, 1)                                                                                 = 0
8609 [0x7f3922d9c6b7]     SYS_ioperm(46, 1, 1, 1)                                                                                  = 0
8609 [0x7f3922d9c6b7]     SYS_ioperm(46, 1, 0, 1)                                                                                  = 0
8609 [0x7f3922d9c6b7]     SYS_ioperm(235, 1, 1, 1)                                                                                 = 0
8609 [0x7f3922d9c6b7]     SYS_ioperm(235, 1, 0, 1)                                                                                 = 0
8609 [0x7f3922d9c6b7]     SYS_ioperm(47, 1, 1, 1)                                                                                  = 0
8609 [0x7f3922d9c6b7]     SYS_ioperm(47, 1, 0, 1)                                                                                  = 0
8609 [0x7f3922d9c6b7]     SYS_ioperm(235, 1, 1, 1)                                                                                 = 0
8609 [0x7f3922d9c6b7]     SYS_ioperm(235, 1, 0, 1)                                                                                 = 0
8609 [0x7f3922d9c6b7]     SYS_ioperm(46, 1, 1, 1)                                                                                  = 0
8609 [0x7f3922d9c6b7]     SYS_ioperm(46, 1, 0, 1)                                                                                  = 0
8609 [0x7f3922d9c6b7]     SYS_ioperm(235, 1, 1, 1)                                                                                 = 0
8609 [0x7f3922d9c6b7]     SYS_ioperm(235, 1, 0, 1)                                                                                 = 0
8609 [0x7f3922d9c6b7]     SYS_ioperm(47, 1, 1, 1)                                                                                  = 0
8609 [0x7f3922d9c6b7]     SYS_ioperm(47, 1, 0, 1)                                                                                  = 0
8609 [0x7f3922d9c6b7]     SYS_ioperm(235, 1, 1, 1)                                                                                 = 0
8609 [0x7f3922d9c6b7]     SYS_ioperm(235, 1, 0, 1)                                                                                 = 0
8609 [0x7f3922d9c6b7]     SYS_ioperm(46, 1, 1, 1)                                                                                  = 0
8609 [0x7f3922d9c6b7]     SYS_ioperm(46, 1, 0, 1)                                                                                  = 0
8609 [0x7f3922d9c6b7]     SYS_ioperm(235, 1, 1, 1)                                                                                 = 0
8609 [0x7f3922d9c6b7]     SYS_ioperm(235, 1, 0, 1)                                                                                 = 0
8609 [0x7f3922d9c6b7]     SYS_ioperm(47, 1, 1, 1)                                                                                  = 0
8609 [0x7f3922d9c6b7]     SYS_ioperm(47, 1, 0, 1)                                                                                  = 0
8609 [0x7f3922d9c6b7]     SYS_ioperm(235, 1, 1, 1)                                                                                 = 0
8609 [0x7f3922d9c6b7]     SYS_ioperm(235, 1, 0, 1)                                                                                 = 0
8609 [0x7f3922d9c6b7]     SYS_ioperm(46, 1, 1, 1)                                                                                  = 0
8609 [0x7f3922d9c6b7]     SYS_ioperm(46, 1, 0, 1)                                                                                  = 0
8609 [0x7f3922d9c6b7]     SYS_ioperm(235, 1, 1, 1)                                                                                 = 0
8609 [0x7f3922d9c6b7]     SYS_ioperm(235, 1, 0, 1)                                                                                 = 0
8609 [0x7f3922d9c6b7]     SYS_ioperm(47, 1, 1, 1)                                                                                  = 0
8609 [0x7f3922d9c6b7]     SYS_ioperm(47, 1, 0, 1)                                                                                  = 0
8609 [0x7f3922d9c6b7]     SYS_ioperm(235, 1, 1, 1)                                                                                 = 0
8609 [0x7f3922d9c6b7]     SYS_ioperm(235, 1, 0, 1)                                                                                 = 0
8609 [0x7f3922d9c6b7]     SYS_ioperm(46, 1, 1, 1)                                                                                  = 0
8609 [0x7f3922d9c6b7]     SYS_ioperm(46, 1, 0, 1)                                                                                  = 0
8609 [0x7f3922d9c6b7]     SYS_ioperm(235, 1, 1, 1)                                                                                 = 0
8609 [0x7f3922d9c6b7]     SYS_ioperm(235, 1, 0, 1)                                                                                 = 0
8609 [0x7f3922d9c6b7]     SYS_ioperm(47, 1, 1, 1)                                                                                  = 0
8609 [0x7f3922d9c6b7]     SYS_ioperm(47, 1, 0, 1)                                                                                  = 0
8609 [0x7f3922d9c6b7]     SYS_ioperm(235, 1, 1, 1)                                                                                 = 0
8609 [0x7f3922d9c6b7]     SYS_ioperm(235, 1, 0, 1)                                                                                 = 0
8609 [0x7f3922d9c6b7]     SYS_ioperm(46, 1, 1, 1)                                                                                  = 0
8609 [0x7f3922d9c6b7]     SYS_ioperm(46, 1, 0, 1)                                                                                  = 0
8609 [0x7f3922d9c6b7]     SYS_ioperm(235, 1, 1, 1)                                                                                 = 0
8609 [0x7f3922d9c6b7]     SYS_ioperm(235, 1, 0, 1)                                                                                 = 0
8609 [0x7f3922d9c6b7]     SYS_ioperm(47, 1, 1, 1)                                                                                  = 0
8609 [0x7f3922d9c6b7]     SYS_ioperm(47, 1, 0, 1)                                                                                  = 0
8609 [0x7f3922d9c6b7]     SYS_ioperm(235, 1, 1, 1)                                                                                 = 0
8609 [0x7f3922d9c6b7]     SYS_ioperm(235, 1, 0, 1)                                                                                 = 0
8609 [0x7f3922d9c6b7]     SYS_ioperm(46, 1, 1, 1)                                                                                  = 0
8609 [0x7f3922d9c6b7]     SYS_ioperm(46, 1, 0, 1)                                                                                  = 0
8609 [0x7f3922d9c6b7]     SYS_ioperm(235, 1, 1, 1)                                                                                 = 0
8609 [0x7f3922d9c6b7]     SYS_ioperm(235, 1, 0, 1)                                                                                 = 0
8609 [0x7f3922d9c6b7]     SYS_ioperm(47, 1, 1, 1)                                                                                  = 0
8609 [0x7f3922d9c6b7]     SYS_ioperm(47, 1, 0, 1)                                                                                  = 0
8609 [0x7f3922d9c6b7]     SYS_ioperm(235, 1, 1, 1)                                                                                 = 0
8609 [0x7f3922d9c6b7]     SYS_ioperm(235, 1, 0, 1)                                                                                 = 0
8609 [0x7f3922d9c6b7]     SYS_ioperm(46, 1, 1, 1)                                                                                  = 0
8609 [0x7f3922d9c6b7]     SYS_ioperm(46, 1, 0, 1)                                                                                  = 0
8609 [0x7f3922d9c6b7]     SYS_ioperm(235, 1, 1, 1)                                                                                 = 0
8609 [0x7f3922d9c6b7]     SYS_ioperm(235, 1, 0, 1)                                                                                 = 0
8609 [0x7f3922d9c6b7]     SYS_ioperm(47, 1, 1, 1)                                                                                  = 0
8609 [0x7f3922d9c6b7]     SYS_ioperm(47, 1, 0, 1)                                                                                  = 0
8609 [0x7f3922d9c6b7]     SYS_ioperm(235, 1, 1, 1)                                                                                 = 0
8609 [0x7f3922d9c6b7]     SYS_ioperm(235, 1, 0, 1)                                                                                 = 0
8609 [0x7f3922d9c6b7]     SYS_ioperm(46, 1, 1, 1)                                                                                  = 0
8609 [0x7f3922d9c6b7]     SYS_ioperm(46, 1, 0, 1)                                                                                  = 0
8609 [0x7f3922d9c6b7]     SYS_ioperm(235, 1, 1, 1)                                                                                 = 0
8609 [0x7f3922d9c6b7]     SYS_ioperm(235, 1, 0, 1)                                                                                 = 0
8609 [0x7f3922d9c6b7]     SYS_ioperm(47, 1, 1, 1)                                                                                  = 0
8609 [0x7f3922d9c6b7]     SYS_ioperm(47, 1, 0, 1)                                                                                  = 0
8609 [0x7f3922d9c6b7]     SYS_ioperm(235, 1, 1, 1)                                                                                 = 0
8609 [0x7f3922d9c6b7]     SYS_ioperm(235, 1, 0, 1)                                                                                 = 0
8609 [0x7f39213a8c6b]     libgeneraldrv.so->Hw_Semaphore_Unlock(0x7fff8a049070, 1, 0, -1)                                          = 0
8609 [0x7f39213a8c77]     libgeneraldrv.so->Hw_Semaphore_Release(0x7fff8a049070, 128, 0, 0 <unfinished ...>
8609 [0x7f3922d98757]       SYS_munmap(0x7f392390e000, 32, 0, 1)                                                                   = 0
8609 [0x7f39213a8c77]     <... Hw_Semaphore_Release resumed> )                                                                     = 0
8609 [0x7f3923058ae9]   <... It87_Set_Led_Blinking resumed> )                                                                      = 0
8609 [0x4009e1] <... Hal_Led_Set_Mode resumed> )                                                                                   = 0
8609 [0x7f3922ce9932] libgeneral.so->Trace_Mem_Destroy()(0x7f3922a01d40, 0, 0xa5a3a792b690abd7, 16)                                = 0
8609 [0x7f3922d6c468] SYS_exit_group(0, 60, 0, 0x7f392304fa48 <unfinished ...>
8609 [0xffffffffffffffff] +++ exited (status 0) +++
