8025 [0x7f0bb5c5a8aa] SYS_brk(0, 0x7f0bb5c5dfa0, 0, 895)                                                                           = 0x19f9000
8025 [0x7f0bb5c5b7e7] SYS_readlink(0x7fff8d115b78, 0x7fff8d113200, 4096, 0x756e694c00000000)                                       = -2
8025 [0x7f0bb5c5b677] SYS_open(0x7f0bb5c5f1f3, 0, 0, 0x756e694c00000000)                                                           = 3
8025 [0x7f0bb5c5b7a7] SYS_chdir(0x7f0bb5e66ba8, 0, 0, 0x756e694c00000000)                                                          = -2
8025 [0x7f0bb5c5a9d2] SYS_getcwd(0x7fff8d113200, 4096, 0, 0x756e694c00000000)                                                      = 23
8025 [0x7f0bb5c5b7c7] SYS_fchdir(3, 4096, 0, 0x756e694c00000000)                                                                   = 0
8025 [0x7f0bb5c5b787] SYS_close(3, 4096, 0, 0x756e694c00000000)                                                                    = 0
8025 [0x7f0bb5c5b80a] SYS_mmap(0, 4096, 3, 34)                                                                                     = 0x7f0bb5e63000
8025 [0x7f0bb5c5b6d7] SYS_access(0x7f0bb5c61700, 4, 0x7f0bb5e66718, 0)                                                             = -2
8025 [0x7f0bb5c5b677] SYS_open(0x7f0bb5c5f072, 0x80000, 1, 0)                                                                      = 3
8025 [0x7f0bb5c5b604] SYS_fstat(3, 0x7fff8d1129e0, 0x7fff8d1129e0, 0)                                                              = 0
8025 [0x7f0bb5c5b80a] SYS_mmap(0, 0x83b3, 1, 2)                                                                                    = 0x7f0bb5e5a000
8025 [0x7f0bb5c5b787] SYS_close(3, 0x83b3, 1, 2)                                                                                   = 0
8025 [0x7f0bb5c5b677] SYS_open(0x7f0bb5e63640, 0x80000, 0, 56)                                                                     = 3
8025 [0x7f0bb5c5b697] SYS_read(3, 0x7fff8d112b68, 832, 56)                                                                         = 832
8025 [0x7f0bb5c5b604] SYS_fstat(3, 0x7fff8d112a40, 0x7fff8d112a40, 16)                                                             = 0
8025 [0x7f0bb5c5b80a] SYS_mmap(0, 0x278960, 5, 2050)                                                                               = 0x7f0bb59cb000
8025 [0x7f0bb5c5b857] SYS_mprotect(0x7f0bb5a41000, 0x200000, 0, 2050)                                                              = 0
8025 [0x7f0bb5c5b80a] SYS_mmap(0x7f0bb5c41000, 0x3000, 3, 2066)                                                                    = 0x7f0bb5c41000
8025 [0x7f0bb5c5b787] SYS_close(3, 16, 0x7f0bb5c413e0, 0x6ffffdff)                                                                 = 0
8025 [0x7f0bb5c5b677] SYS_open(0x7f0bb5e63b10, 0x80000, 0, 0x6ffffdff)                                                             = 3
8025 [0x7f0bb5c5b697] SYS_read(3, 0x7fff8d112b38, 832, 0x6ffffdff)                                                                 = 832
8025 [0x7f0bb5c5b604] SYS_fstat(3, 0x7fff8d112a10, 0x7fff8d112a10, 16)                                                             = 0
8025 [0x7f0bb5c5b80a] SYS_mmap(0, 0x21bee0, 5, 2050)                                                                               = 0x7f0bb57af000
8025 [0x7f0bb5c5b857] SYS_mprotect(0x7f0bb57ca000, 0x200000, 0, 2050)                                                              = 0
8025 [0x7f0bb5c5b80a] SYS_mmap(0x7f0bb59ca000, 4096, 3, 2066)                                                                      = 0x7f0bb59ca000
8025 [0x7f0bb5c5b787] SYS_close(3, 16, 0x7f0bb59ca208, 0x6ffffdff)                                                                 = 0
8025 [0x7f0bb5c5b677] SYS_open(0x7f0bb5e63fe0, 0x80000, 0, 0x6ffffdff)                                                             = 3
8025 [0x7f0bb5c5b697] SYS_read(3, 0x7fff8d112b08, 832, 0x6ffffdff)                                                                 = 832
8025 [0x7f0bb5c5b604] SYS_fstat(3, 0x7fff8d1129e0, 0x7fff8d1129e0, 16)                                                             = 0
8025 [0x7f0bb5c5b80a] SYS_mmap(0, 4096, 3, 34)                                                                                     = 0x7f0bb5e59000
8025 [0x7f0bb5c5b80a] SYS_mmap(0, 0x209ad0, 5, 2050)                                                                               = 0x7f0bb55a5000
8025 [0x7f0bb5c5b857] SYS_mprotect(0x7f0bb55af000, 0x1ff000, 0, 2050)                                                              = 0
8025 [0x7f0bb5c5b80a] SYS_mmap(0x7f0bb57ae000, 4096, 3, 2066)                                                                      = 0x7f0bb57ae000
8025 [0x7f0bb5c5b787] SYS_close(3, 16, 0x7f0bb57ae690, 0x6ffffdff)                                                                 = 0
8025 [0x7f0bb5c5b677] SYS_open(0x7f0bb5e594b8, 0x80000, 0, 0x6ffffdff)                                                             = 3
8025 [0x7f0bb5c5b697] SYS_read(3, 0x7fff8d112ad8, 832, 0x6ffffdff)                                                                 = 832
8025 [0x7f0bb5c5b604] SYS_fstat(3, 0x7fff8d1129b0, 0x7fff8d1129b0, 32)                                                             = 0
8025 [0x7f0bb5c5b80a] SYS_mmap(0, 0x39dc40, 5, 2050)                                                                               = 0x7f0bb5207000
8025 [0x7f0bb5c5b857] SYS_mprotect(0x7f0bb539b000, 0x200000, 0, 2050)                                                              = 0
8025 [0x7f0bb5c5b80a] SYS_mmap(0x7f0bb559b000, 0x6000, 3, 2066)                                                                    = 0x7f0bb559b000
8025 [0x7f0bb5c5b80a] SYS_mmap(0x7f0bb55a1000, 0x3c40, 3, 50)                                                                      = 0x7f0bb55a1000
8025 [0x7f0bb5c5b787] SYS_close(3, 16, 0, 0x6ffffdff)                                                                              = 0
8025 [0x7f0bb5c5b677] SYS_open(0x7f0bb5e59988, 0x80000, 0, 0x6ffffdff)                                                             = 3
8025 [0x7f0bb5c5b697] SYS_read(3, 0x7fff8d112988, 832, 0x6ffffdff)                                                                 = 832
8025 [0x7f0bb5c5b604] SYS_fstat(3, 0x7fff8d112860, 0x7fff8d112860, 16)                                                             = 0
8025 [0x7f0bb5c5b80a] SYS_mmap(0, 0x2b09d0, 5, 2050)                                                                               = 0x7f0bb4f56000
8025 [0x7f0bb5c5b857] SYS_mprotect(0x7f0bb5005000, 0x1ff000, 0, 2050)                                                              = 0
8025 [0x7f0bb5c5b80a] SYS_mmap(0x7f0bb5204000, 0x3000, 3, 2066)                                                                    = 0x7f0bb5204000
8025 [0x7f0bb5c5b787] SYS_close(3, 16, 0x7f0bb52049a8, 0x6ffffdff)                                                                 = 0
8025 [0x7f0bb5c5b677] SYS_open(0x7f0bb5e59e58, 0x80000, 0, 0x6ffffdff)                                                             = 3
8025 [0x7f0bb5c5b697] SYS_read(3, 0x7fff8d112958, 832, 0x6ffffdff)                                                                 = 832
8025 [0x7f0bb5c5b604] SYS_fstat(3, 0x7fff8d112830, 0x7fff8d112830, 16)                                                             = 0
8025 [0x7f0bb5c5b80a] SYS_mmap(0, 4096, 3, 34)                                                                                     = 0x7f0bb5e58000
8025 [0x7f0bb5c5b80a] SYS_mmap(0, 0x294ee0, 5, 2050)                                                                               = 0x7f0bb4cc1000
8025 [0x7f0bb5c5b857] SYS_mprotect(0x7f0bb4d53000, 0x1ff000, 0, 2050)                                                              = 0
8025 [0x7f0bb5c5b80a] SYS_mmap(0x7f0bb4f52000, 0x3000, 3, 2066)                                                                    = 0x7f0bb4f52000
8025 [0x7f0bb5c5b80a] SYS_mmap(0x7f0bb4f55000, 3808, 3, 50)                                                                        = 0x7f0bb4f55000
8025 [0x7f0bb5c5b787] SYS_close(3, 16, 0x7f0bb4f52e30, 0x6ffffdff)                                                                 = 0
8025 [0x7f0bb5c5b677] SYS_open(0x7f0bb5e584b8, 0x80000, 0, 0x6ffffdff)                                                             = 3
8025 [0x7f0bb5c5b697] SYS_read(3, 0x7fff8d112928, 832, 0x6ffffdff)                                                                 = 832
8025 [0x7f0bb5c5b604] SYS_fstat(3, 0x7fff8d112800, 0x7fff8d112800, 16)                                                             = 0
8025 [0x7f0bb5c5b80a] SYS_mmap(0, 0x29d850, 5, 2050)                                                                               = 0x7f0bb4a23000
8025 [0x7f0bb5c5b857] SYS_mprotect(0x7f0bb4abc000, 0x200000, 0, 2050)                                                              = 0
8025 [0x7f0bb5c5b80a] SYS_mmap(0x7f0bb4cbc000, 0x3000, 3, 2066)                                                                    = 0x7f0bb4cbc000
8025 [0x7f0bb5c5b80a] SYS_mmap(0x7f0bb4cbf000, 6224, 3, 50)                                                                        = 0x7f0bb4cbf000
8025 [0x7f0bb5c5b787] SYS_close(3, 16, 0x7f0bb4cbdcc8, 0x6ffffdff)                                                                 = 0
8025 [0x7f0bb5c5b677] SYS_open(0x7f0bb5e589a0, 0x80000, 0, 0x6ffffdff)                                                             = 3
8025 [0x7f0bb5c5b697] SYS_read(3, 0x7fff8d1128f8, 832, 0x6ffffdff)                                                                 = 832
8025 [0x7f0bb5c5b604] SYS_fstat(3, 0x7fff8d1127d0, 0x7fff8d1127d0, 16)                                                             = 0
8025 [0x7f0bb5c5b80a] SYS_mmap(0, 0x2dbbb0, 5, 2050)                                                                               = 0x7f0bb4747000
8025 [0x7f0bb5c5b857] SYS_mprotect(0x7f0bb4805000, 0x200000, 0, 2050)                                                              = 0
8025 [0x7f0bb5c5b80a] SYS_mmap(0x7f0bb4a05000, 0xa000, 3, 2066)                                                                    = 0x7f0bb4a05000
8025 [0x7f0bb5c5b80a] SYS_mmap(0x7f0bb4a0f000, 0x13bb0, 3, 50)                                                                     = 0x7f0bb4a0f000
8025 [0x7f0bb5c5b787] SYS_close(3, 16, 0x7f0bb4a0b4d8, 0x6ffffdff)                                                                 = 0
8025 [0x7f0bb5c5b677] SYS_open(0x7f0bb5e58e70, 0x80000, 0, 0x6ffffdff)                                                             = 3
8025 [0x7f0bb5c5b697] SYS_read(3, 0x7fff8d1128c8, 832, 0x6ffffdff)                                                                 = 832
8025 [0x7f0bb5c5b604] SYS_fstat(3, 0x7fff8d1127a0, 0x7fff8d1127a0, 32)                                                             = 0
8025 [0x7f0bb5c5b80a] SYS_mmap(0, 4096, 3, 34)                                                                                     = 0x7f0bb5e57000
8025 [0x7f0bb5c5b80a] SYS_mmap(0, 0x21c490, 5, 2050)                                                                               = 0x7f0bb452a000
8025 [0x7f0bb5c5b857] SYS_mprotect(0x7f0bb4542000, 0x1ff000, 0, 2050)                                                              = 0
8025 [0x7f0bb5c5b80a] SYS_mmap(0x7f0bb4741000, 8192, 3, 2066)                                                                      = 0x7f0bb4741000
8025 [0x7f0bb5c5b80a] SYS_mmap(0x7f0bb4743000, 0x3490, 3, 50)                                                                      = 0x7f0bb4743000
8025 [0x7f0bb5c5b787] SYS_close(3, 16, 0, 0x6ffffdff)                                                                              = 0
8025 [0x7f0bb5c5b677] SYS_open(0x7f0bb5e574b8, 0x80000, 0, 0x6ffffdff)                                                             = 3
8025 [0x7f0bb5c5b697] SYS_read(3, 0x7fff8d112898, 832, 0x6ffffdff)                                                                 = 832
8025 [0x7f0bb5c5b604] SYS_fstat(3, 0x7fff8d112770, 0x7fff8d112770, 32)                                                             = 0
8025 [0x7f0bb5c5b80a] SYS_mmap(0, 0x207bc0, 5, 2050)                                                                               = 0x7f0bb4322000
8025 [0x7f0bb5c5b857] SYS_mprotect(0x7f0bb4329000, 0x1ff000, 0, 2050)                                                              = 0
8025 [0x7f0bb5c5b80a] SYS_mmap(0x7f0bb4528000, 8192, 3, 2066)                                                                      = 0x7f0bb4528000
8025 [0x7f0bb5c5b787] SYS_close(3, 16, 0, 0x6ffffdff)                                                                              = 0
8025 [0x7f0bb5c5b677] SYS_open(0x7f0bb5e57988, 0x80000, 0, 0x6ffffdff)                                                             = 3
8025 [0x7f0bb5c5b697] SYS_read(3, 0x7fff8d112868, 832, 0x6ffffdff)                                                                 = 832
8025 [0x7f0bb5c5b604] SYS_fstat(3, 0x7fff8d112740, 0x7fff8d112740, 16)                                                             = 0
8025 [0x7f0bb5c5b80a] SYS_mmap(0, 0x202e20, 5, 2050)                                                                               = 0x7f0bb411f000
8025 [0x7f0bb5c5b857] SYS_mprotect(0x7f0bb4122000, 0x1ff000, 0, 2050)                                                              = 0
8025 [0x7f0bb5c5b80a] SYS_mmap(0x7f0bb4321000, 4096, 3, 2066)                                                                      = 0x7f0bb4321000
8025 [0x7f0bb5c5b787] SYS_close(3, 16, 0x7f0bb4321c28, 0x6ffffdff)                                                                 = 0
8025 [0x7f0bb5c5b677] SYS_open(0x7f0bb5e57e58, 0x80000, 0, 0x6ffffdff)                                                             = 3
8025 [0x7f0bb5c5b697] SYS_read(3, 0x7fff8d112838, 832, 0x6ffffdff)                                                                 = 832
8025 [0x7f0bb5c5b604] SYS_fstat(3, 0x7fff8d112710, 0x7fff8d112710, 16)                                                             = 0
8025 [0x7f0bb5c5b80a] SYS_mmap(0, 4096, 3, 34)                                                                                     = 0x7f0bb5e56000
8025 [0x7f0bb5c5b80a] SYS_mmap(0, 0x209850, 5, 2050)                                                                               = 0x7f0bb3f15000
8025 [0x7f0bb5c5b857] SYS_mprotect(0x7f0bb3f1f000, 0x1ff000, 0, 2050)                                                              = 0
8025 [0x7f0bb5c5b80a] SYS_mmap(0x7f0bb411e000, 4096, 3, 2066)                                                                      = 0x7f0bb411e000
8025 [0x7f0bb5c5b787] SYS_close(3, 16, 0x7f0bb411e618, 0x6ffffdff)                                                                 = 0
8025 [0x7f0bb5c5b677] SYS_open(0x7f0bb5e564b8, 0x80000, 0, 0x6ffffdff)                                                             = 3
8025 [0x7f0bb5c5b697] SYS_read(3, 0x7fff8d112808, 832, 0x6ffffdff)                                                                 = 832
8025 [0x7f0bb5c5b604] SYS_fstat(3, 0x7fff8d1126e0, 0x7fff8d1126e0, 16)                                                             = 0
8025 [0x7f0bb5c5b80a] SYS_mmap(0, 0x210868, 5, 2050)                                                                               = 0x7f0bb3d04000
8025 [0x7f0bb5c5b857] SYS_mprotect(0x7f0bb3d15000, 0x1ff000, 0, 2050)                                                              = 0
8025 [0x7f0bb5c5b80a] SYS_mmap(0x7f0bb3f14000, 4096, 3, 2066)                                                                      = 0x7f0bb3f14000
8025 [0x7f0bb5c5b787] SYS_close(3, 16, 0x7f0bb3f14408, 0x6ffffdff)                                                                 = 0
8025 [0x7f0bb5c5b677] SYS_open(0x7f0bb5e56a40, 0x80000, 0, 0x7f0bb5e579a0)                                                         = 3
8025 [0x7f0bb5c5b697] SYS_read(3, 0x7fff8d1126a8, 832, 0x7f0bb5e579a0)                                                             = 832
8025 [0x7f0bb5c5b604] SYS_fstat(3, 0x7fff8d112580, 0x7fff8d112580, 16)                                                             = 0
8025 [0x7f0bb5c5b80a] SYS_mmap(0, 0x2032c8, 5, 2050)                                                                               = 0x7f0bb3b00000
8025 [0x7f0bb5c5b857] SYS_mprotect(0x7f0bb3b03000, 0x200000, 0, 2050)                                                              = 0
8025 [0x7f0bb5c5b80a] SYS_mmap(0x7f0bb3d03000, 4096, 3, 2066)                                                                      = 0x7f0bb3d03000
8025 [0x7f0bb5c5b787] SYS_close(3, 16, 0x7f0bb3d03188, 0x6ffffdff)                                                                 = 0
8025 [0x7f0bb5c5b677] SYS_open(0x7f0bb5e56f28, 0x80000, 0, 0x6ffffdff)                                                             = 3
8025 [0x7f0bb5c5b697] SYS_read(3, 0x7fff8d112678, 832, 0x6ffffdff)                                                                 = 832
8025 [0x7f0bb5c5b604] SYS_fstat(3, 0x7fff8d112550, 0x7fff8d112550, 16)                                                             = 0
8025 [0x7f0bb5c5b80a] SYS_mmap(0, 4096, 3, 34)                                                                                     = 0x7f0bb5e55000
8025 [0x7f0bb5c5b80a] SYS_mmap(0, 0x207820, 5, 2050)                                                                               = 0x7f0bb38f8000
8025 [0x7f0bb5c5b857] SYS_mprotect(0x7f0bb38ff000, 0x200000, 0, 2050)                                                              = 0
8025 [0x7f0bb5c5b80a] SYS_mmap(0x7f0bb3aff000, 4096, 3, 2066)                                                                      = 0x7f0bb3aff000
8025 [0x7f0bb5c5b787] SYS_close(3, 16, 0x7f0bb3aff188, 0x6ffffdff)                                                                 = 0
8025 [0x7f0bb5c5b677] SYS_open(0x7f0bb5e554c8, 0x80000, 0, 0x6ffffdff)                                                             = 3
8025 [0x7f0bb5c5b697] SYS_read(3, 0x7fff8d112648, 832, 0x6ffffdff)                                                                 = 832
8025 [0x7f0bb5c5b604] SYS_fstat(3, 0x7fff8d112520, 0x7fff8d112520, 16)                                                             = 0
8025 [0x7f0bb5c5b80a] SYS_mmap(0, 0x201f30, 5, 2050)                                                                               = 0x7f0bb36f6000
8025 [0x7f0bb5c5b857] SYS_mprotect(0x7f0bb36f8000, 0x1ff000, 0, 2050)                                                              = 0
8025 [0x7f0bb5c5b80a] SYS_mmap(0x7f0bb38f7000, 4096, 3, 2066)                                                                      = 0x7f0bb38f7000
8025 [0x7f0bb5c5b787] SYS_close(3, 16, 0x7f0bb38f7e18, 0x6ffffdff)                                                                 = 0
8025 [0x7f0bb5c5b677] SYS_open(0x7f0bb5e55a60, 0x80000, 0, 0x7f0bb5e594d0)                                                         = 3
8025 [0x7f0bb5c5b697] SYS_read(3, 0x7fff8d112618, 832, 0x7f0bb5e594d0)                                                             = 832
8025 [0x7f0bb5c5b604] SYS_fstat(3, 0x7fff8d1124f0, 0x7fff8d1124f0, 16)                                                             = 0
8025 [0x7f0bb5c5b80a] SYS_mmap(0, 0x2022e8, 5, 2050)                                                                               = 0x7f0bb34f3000
8025 [0x7f0bb5c5b857] SYS_mprotect(0x7f0bb34f5000, 0x200000, 0, 2050)                                                              = 0
8025 [0x7f0bb5c5b80a] SYS_mmap(0x7f0bb36f5000, 4096, 3, 2066)                                                                      = 0x7f0bb36f5000
8025 [0x7f0bb5c5b787] SYS_close(3, 16, 0x7f0bb36f5198, 0x6ffffdff)                                                                 = 0
8025 [0x7f0bb5c5b677] SYS_open(0x7f0bb5e55f40, 0x80000, 0, 0x6ffffdff)                                                             = 3
8025 [0x7f0bb5c5b697] SYS_read(3, 0x7fff8d1125e8, 832, 0x6ffffdff)                                                                 = 832
8025 [0x7f0bb5c5b604] SYS_fstat(3, 0x7fff8d1124c0, 0x7fff8d1124c0, 16)                                                             = 0
8025 [0x7f0bb5c5b80a] SYS_mmap(0, 4096, 3, 34)                                                                                     = 0x7f0bb5e54000
8025 [0x7f0bb5c5b80a] SYS_mmap(0, 0x201f30, 5, 2050)                                                                               = 0x7f0bb32f1000
8025 [0x7f0bb5c5b857] SYS_mprotect(0x7f0bb32f3000, 0x1ff000, 0, 2050)                                                              = 0
8025 [0x7f0bb5c5b80a] SYS_mmap(0x7f0bb34f2000, 4096, 3, 2066)                                                                      = 0x7f0bb34f2000
8025 [0x7f0bb5c5b787] SYS_close(3, 16, 0x7f0bb34f2e18, 0x6ffffdff)                                                                 = 0
8025 [0x7f0bb5c5b677] SYS_open(0x7f0bb5e544c0, 0x80000, 0, 0x6ffffdff)                                                             = 3
8025 [0x7f0bb5c5b697] SYS_read(3, 0x7fff8d1125b8, 832, 0x6ffffdff)                                                                 = 832
8025 [0x7f0bb5c5b604] SYS_fstat(3, 0x7fff8d112490, 0x7fff8d112490, 16)                                                             = 0
8025 [0x7f0bb5c5b80a] SYS_mmap(0, 0x2038b8, 5, 2050)                                                                               = 0x7f0bb30ed000
8025 [0x7f0bb5c5b857] SYS_mprotect(0x7f0bb30f1000, 0x1ff000, 0, 2050)                                                              = 0
8025 [0x7f0bb5c5b80a] SYS_mmap(0x7f0bb32f0000, 4096, 3, 2066)                                                                      = 0x7f0bb32f0000
8025 [0x7f0bb5c5b787] SYS_close(3, 16, 0x7f0bb32f0748, 0x6ffffdff)                                                                 = 0
8025 [0x7f0bb5c5b677] SYS_open(0x7f0bb5e54a60, 0x80000, 0, 0x7f0bb5e57000)                                                         = 3
8025 [0x7f0bb5c5b697] SYS_read(3, 0x7fff8d112558, 832, 0x7f0bb5e57000)                                                             = 832
8025 [0x7f0bb5c5b604] SYS_fstat(3, 0x7fff8d112430, 0x7fff8d112430, 16)                                                             = 0
8025 [0x7f0bb5c5b80a] SYS_mmap(0, 0x210848, 5, 2050)                                                                               = 0x7f0bb2edc000
8025 [0x7f0bb5c5b857] SYS_mprotect(0x7f0bb2eec000, 0x1ff000, 0, 2050)                                                              = 0
8025 [0x7f0bb5c5b80a] SYS_mmap(0x7f0bb30eb000, 8192, 3, 2066)                                                                      = 0x7f0bb30eb000
8025 [0x7f0bb5c5b787] SYS_close(3, 16, 0x7f0bb30ebd90, 0x6ffffdff)                                                                 = 0
8025 [0x7f0bb5c5b677] SYS_open(0x7f0bb5e54f48, 0x80000, 0, 0x6ffffdff)                                                             = 3
8025 [0x7f0bb5c5b697] SYS_read(3, 0x7fff8d112528, 832, 0x6ffffdff)                                                                 = 832
8025 [0x7f0bb5c5b604] SYS_fstat(3, 0x7fff8d112400, 0x7fff8d112400, 16)                                                             = 0
8025 [0x7f0bb5c5b80a] SYS_mmap(0, 4096, 3, 34)                                                                                     = 0x7f0bb5e53000
8025 [0x7f0bb5c5b80a] SYS_mmap(0, 0x20acf0, 5, 2050)                                                                               = 0x7f0bb2cd1000
8025 [0x7f0bb5c5b857] SYS_mprotect(0x7f0bb2cdc000, 0x1ff000, 0, 2050)                                                              = 0
8025 [0x7f0bb5c5b80a] SYS_mmap(0x7f0bb2edb000, 4096, 3, 2066)                                                                      = 0x7f0bb2edb000
8025 [0x7f0bb5c5b787] SYS_close(3, 16, 0x7f0bb2edb750, 0x6ffffdff)                                                                 = 0
8025 [0x7f0bb5c5b677] SYS_open(0x7f0bb5e53560, 0x80000, 0, 0x7f0bb5e57000)                                                         = 3
8025 [0x7f0bb5c5b697] SYS_read(3, 0x7fff8d1124f8, 832, 0x7f0bb5e57000)                                                             = 832
8025 [0x7f0bb5c5b604] SYS_fstat(3, 0x7fff8d1123d0, 0x7fff8d1123d0, 32)                                                             = 0
8025 [0x7f0bb5c5b80a] SYS_mmap(0, 0x2361e0, 5, 2050)                                                                               = 0x7f0bb2a9a000
8025 [0x7f0bb5c5b857] SYS_mprotect(0x7f0bb2aa2000, 0x1ff000, 0, 2050)                                                              = 0
8025 [0x7f0bb5c5b80a] SYS_mmap(0x7f0bb2ca1000, 8192, 3, 2066)                                                                      = 0x7f0bb2ca1000
8025 [0x7f0bb5c5b80a] SYS_mmap(0x7f0bb2ca3000, 0x2d1e0, 3, 50)                                                                     = 0x7f0bb2ca3000
8025 [0x7f0bb5c5b787] SYS_close(3, 16, 0, 0x6ffffdff)                                                                              = 0
8025 [0x7f0bb5c5b677] SYS_open(0x7f0bb5e53a30, 0x80000, 0, 0x6ffffdff)                                                             = 3
8025 [0x7f0bb5c5b697] SYS_read(3, 0x7fff8d1124c8, 832, 0x6ffffdff)                                                                 = 832
8025 [0x7f0bb5c5b604] SYS_fstat(3, 0x7fff8d1123a0, 0x7fff8d1123a0, 16)                                                             = 0
8025 [0x7f0bb5c5b80a] SYS_mmap(0, 0x43fe88, 5, 2050)                                                                               = 0x7f0bb265a000
8025 [0x7f0bb5c5b857] SYS_mprotect(0x7f0bb286f000, 0x200000, 0, 2050)                                                              = 0
8025 [0x7f0bb5c5b80a] SYS_mmap(0x7f0bb2a6f000, 0x27000, 3, 2066)                                                                   = 0x7f0bb2a6f000
8025 [0x7f0bb5c5b80a] SYS_mmap(0x7f0bb2a96000, 0x3e88, 3, 50)                                                                      = 0x7f0bb2a96000
8025 [0x7f0bb5c5b857] SYS_mprotect(0x7fff8d114000, 4096, 0x1000007, 4)                                                             = 0
8025 [0x7f0bb5c5b787] SYS_close(3, 4096, 0x1000007, 4)                                                                             = 0
8025 [0x7f0bb5c5b677] SYS_open(0x7f0bb5e53fb0, 0x80000, 0, 0x7f0bb5e564d0)                                                         = 3
8025 [0x7f0bb5c5b697] SYS_read(3, 0x7fff8d112498, 832, 0x7f0bb5e564d0)                                                             = 832
8025 [0x7f0bb5c5b604] SYS_fstat(3, 0x7fff8d112370, 0x7fff8d112370, 16)                                                             = 0
8025 [0x7f0bb5c5b80a] SYS_mmap(0, 4096, 3, 34)                                                                                     = 0x7f0bb5e52000
8025 [0x7f0bb5c5b80a] SYS_mmap(0, 0x215730, 5, 2050)                                                                               = 0x7f0bb2444000
8025 [0x7f0bb5c5b857] SYS_mprotect(0x7f0bb245a000, 0x1ff000, 0, 2050)                                                              = 0
8025 [0x7f0bb5c5b80a] SYS_mmap(0x7f0bb2659000, 4096, 3, 2066)                                                                      = 0x7f0bb2659000
8025 [0x7f0bb5c5b787] SYS_close(3, 16, 0x7f0bb2659490, 0x6ffffdff)                                                                 = 0
8025 [0x7f0bb5c5b677] SYS_open(0x7f0bb5e524f0, 0x80000, 0, 0x6ffffdff)                                                             = 3
8025 [0x7f0bb5c5b697] SYS_read(3, 0x7fff8d112468, 832, 0x6ffffdff)                                                                 = 832
8025 [0x7f0bb5c5b604] SYS_fstat(3, 0x7fff8d112340, 0x7fff8d112340, 32)                                                             = 0
8025 [0x7f0bb5c5b80a] SYS_mmap(0, 0x2fd148, 5, 2050)                                                                               = 0x7f0bb2146000
8025 [0x7f0bb5c5b857] SYS_mprotect(0x7f0bb2243000, 0x1ff000, 0, 2050)                                                              = 0
8025 [0x7f0bb5c5b80a] SYS_mmap(0x7f0bb2442000, 8192, 3, 2066)                                                                      = 0x7f0bb2442000
8025 [0x7f0bb5c5b787] SYS_close(3, 16, 0, 0x6ffffdff)                                                                              = 0
8025 [0x7f0bb5c5b677] SYS_open(0x7fff8d112230, 0x80000, 0, 0x36782f39325f3130)                                                     = -2
8025 [0x7f0bb5c5b5c5] SYS_stat(0x7fff8d112230, 0x7fff8d112310, 0x7fff8d112310, 0x36782f39325f3130)                                 = -2
8025 [0x7f0bb5c5b677] SYS_open(0x7fff8d112230, 0x80000, 0, 0x36782f39325f3130)                                                     = -2
8025 [0x7f0bb5c5b5c5] SYS_stat(0x7fff8d112230, 0x7fff8d112310, 0x7fff8d112310, 0x36782f39325f3130)                                 = -2
8025 [0x7f0bb5c5b677] SYS_open(0x7fff8d112230, 0x80000, 0, 0x36782f39325f3130)                                                     = -2
8025 [0x7f0bb5c5b5c5] SYS_stat(0x7fff8d112230, 0x7fff8d112310, 0x7fff8d112310, 0x36782f39325f3130)                                 = -2
8025 [0x7f0bb5c5b677] SYS_open(0x7fff8d112230, 0x80000, 0, 0x36782f39325f3130)                                                     = -2
8025 [0x7f0bb5c5b5c5] SYS_stat(0x7fff8d112230, 0x7fff8d112310, 0x7fff8d112310, 0x36782f39325f3130)                                 = -2
8025 [0x7f0bb5c5b677] SYS_open(0x7f0bb5e52dd0, 0x80000, 0, 0x36782f39325f3130)                                                     = 3
8025 [0x7f0bb5c5b697] SYS_read(3, 0x7fff8d112438, 832, 0x36782f39325f3130)                                                         = 832
8025 [0x7f0bb5c5b604] SYS_fstat(3, 0x7fff8d112310, 0x7fff8d112310, 16)                                                             = 0
8025 [0x7f0bb5c5b80a] SYS_mmap(0, 4096, 3, 34)                                                                                     = 0x7f0bb5e51000
8025 [0x7f0bb5c5b80a] SYS_mmap(0, 0x2f8980, 5, 2050)                                                                               = 0x7f0bb1e4d000
8025 [0x7f0bb5c5b857] SYS_mprotect(0x7f0bb1f44000, 0x200000, 0, 2050)                                                              = 0
8025 [0x7f0bb5c5b80a] SYS_mmap(0x7f0bb2144000, 8192, 3, 2066)                                                                      = 0x7f0bb2144000
8025 [0x7f0bb5c5b787] SYS_close(3, 16, 0x7f0bb21443a0, 0x6ffffdff)                                                                 = 0
8025 [0x7f0bb5c5b677] SYS_open(0x7f0bb5e514c8, 0x80000, 0, 0x6ffffdff)                                                             = 3
8025 [0x7f0bb5c5b697] SYS_read(3, 0x7fff8d112408, 832, 0x6ffffdff)                                                                 = 832
8025 [0x7f0bb5c5b604] SYS_fstat(3, 0x7fff8d1122e0, 0x7fff8d1122e0, 16)                                                             = 0
8025 [0x7f0bb5c5b80a] SYS_mmap(0, 0x2fc9d8, 5, 2050)                                                                               = 0x7f0bb1b50000
8025 [0x7f0bb5c5b857] SYS_mprotect(0x7f0bb1c4b000, 0x200000, 0, 2050)                                                              = 0
8025 [0x7f0bb5c5b80a] SYS_mmap(0x7f0bb1e4b000, 8192, 3, 2066)                                                                      = 0x7f0bb1e4b000
8025 [0x7f0bb5c5b787] SYS_close(3, 16, 0x7f0bb1e4c828, 0x6ffffdff)                                                                 = 0
8025 [0x7f0bb5c5b677] SYS_open(0x7f0bb5e51998, 0x80000, 0, 0x6ffffdff)                                                             = 3
8025 [0x7f0bb5c5b697] SYS_read(3, 0x7fff8d1123d8, 832, 0x6ffffdff)                                                                 = 832
8025 [0x7f0bb5c5b604] SYS_fstat(3, 0x7fff8d1122b0, 0x7fff8d1122b0, 16)                                                             = 0
8025 [0x7f0bb5c5b80a] SYS_mmap(0, 0x242830, 5, 2050)                                                                               = 0x7f0bb190d000
8025 [0x7f0bb5c5b857] SYS_mprotect(0x7f0bb1950000, 0x1ff000, 0, 2050)                                                              = 0
8025 [0x7f0bb5c5b80a] SYS_mmap(0x7f0bb1b4f000, 4096, 3, 2066)                                                                      = 0x7f0bb1b4f000
8025 [0x7f0bb5c5b787] SYS_close(3, 16, 0x7f0bb1b4f630, 0x6ffffdff)                                                                 = 0
8025 [0x7f0bb5c5b677] SYS_open(0x7f0bb5e51f70, 0x80000, 0, 0x7f0bb5e589b8)                                                         = 3
8025 [0x7f0bb5c5b697] SYS_read(3, 0x7fff8d1123a8, 832, 0x7f0bb5e589b8)                                                             = 832
8025 [0x7f0bb5c5b604] SYS_fstat(3, 0x7fff8d112280, 0x7fff8d112280, 32)                                                             = 0
8025 [0x7f0bb5c5b80a] SYS_mmap(0, 4096, 3, 34)                                                                                     = 0x7f0bb5e50000
8025 [0x7f0bb5c5b80a] SYS_mmap(0, 0x203118, 5, 2050)                                                                               = 0x7f0bb1709000
8025 [0x7f0bb5c5b857] SYS_mprotect(0x7f0bb170b000, 0x200000, 0, 2050)                                                              = 0
8025 [0x7f0bb5c5b80a] SYS_mmap(0x7f0bb190b000, 8192, 3, 2066)                                                                      = 0x7f0bb190b000
8025 [0x7f0bb5c5b787] SYS_close(3, 16, 0x7f0bb190bf40, 0x6ffffdff)                                                                 = 0
8025 [0x7f0bb5c5b80a] SYS_mmap(0, 4096, 3, 34)                                                                                     = 0x7f0bb5e4f000
8025 [0x7f0bb5c5b80a] SYS_mmap(0, 4096, 3, 34)                                                                                     = 0x7f0bb5e4e000
8025 [0x7f0bb5c5b80a] SYS_mmap(0, 8192, 3, 34)                                                                                     = 0x7f0bb5e4c000
8025 [0x7f0bb5c45044] SYS_arch_prctl(4098, 0x7f0bb5e4c780, 0x7f0bb5e4d080, 34)                                                     = 0
8025 [0x7f0bb5c5b857] SYS_mprotect(0x7f0bb559b000, 0x4000, 1, 1)                                                                   = 0
8025 [0x7f0bb5c5b857] SYS_mprotect(0x7f0bb190b000, 4096, 1, 0x7f0bb1709c68)                                                        = 0
8025 [0x7f0bb5c5b857] SYS_mprotect(0x7f0bb4741000, 4096, 1, 0x7f0bb452f500)                                                        = 0
8025 [0x7f0bb5c5b857] SYS_mprotect(0x7f0bb2442000, 4096, 1, 1)                                                                     = 0
8025 [0x7f0bb5c5b857] SYS_mprotect(0x7f0bb2ca1000, 4096, 1, 0x7f0bb2a9aa00)                                                        = 0
8025 [0x7f0bb5c5b857] SYS_mprotect(0x7f0bb4a05000, 0x7000, 1, 0x7f0bb479f810)                                                      = 0
8025 [0x7f0bb5c5b857] SYS_mprotect(0x7f0bb4528000, 4096, 1, 0x7f0bb4323d58)                                                        = 0
8025 [0x7f0bb5c5b857] SYS_mprotect(0x7f0bb5e64000, 4096, 1, 0)                                                                     = 0
8025 [0x7f0bb5c5b837] SYS_munmap(0x7f0bb5e5a000, 0x83b3, 0x73e00, 0)                                                               = 0
8025 [0x7f0bb4530e92] SYS_set_tid_address(0x7f0bb5e4ca50, 0x7fff8d114398, 0x7f0bb5e4c780, 0)                                       = 8025
8025 [0x7f0bb4530efa] SYS_set_robust_list(0x7f0bb5e4ca60, 24, 0x7f0bb5e4c780, 0)                                                   = 0
8025 [0x7f0bb453acf5] SYS_rt_sigaction(32, 0x7fff8d1140e8, 0, 8)                                                                   = 0
8025 [0x7f0bb453acf5] SYS_rt_sigaction(33, 0x7fff8d1140e8, 0, 8)                                                                   = 0
8025 [0x7f0bb4530fd6] SYS_rt_sigprocmask(1, 0x7fff8d114238, 0, 8)                                                                  = 0
8025 [0x7f0bb52e7b17] SYS_getrlimit(3, 0x7fff8d1142d0, 63, 1)                                                                      = 0
8025 [0x7f0bb4530b95] SYS_futex(0x7f0bb4a0f7e0, 129, 0x7fffffff, 0)                                                                = 0
8025 [0x4008fd] ledctrl->Lookup_Nas_Info(_T_NAS_PROP_&)(0x7fff8d1141e0, 0x7fff8d115b94, 0, 0x7fff8d115b93 <unfinished ...>
8025 [0x7f0bb59eed11]   libnasman.so->Open_Share_Memory(char const*, int, void*&, int&)(0x7f0bb5a3308e, 0, 0x7fff8d1141a0, 0x7fff8d1141ac <unfinished ...>
8025 [0x7f0bb52e2557]     SYS_statfs(0x7f0bb453d1e8, 0x7fff8d113f40, 0x7f0bb4746310, 1)                                            = 0
8025 [0x7f0bb4530b95]     SYS_futex(0x7f0bb4746310, 129, 0x7fffffff, 0)                                                            = 0
8025 [0x7f0bb52e27e0]     SYS_open(0x7fff8d114050, 0xa0000, 484, 1)                                                                = 3
8025 [0x7f0bb52e23b4]     SYS_fstat(3, 0x7fff8d1140e0, 0x7fff8d1140e0, 1)                                                          = 0
8025 [0x7f0bb52eb72a]     SYS_mmap(0, 0x2788, 1, 1)                                                                                = 0x7f0bb5e60000
8025 [0x7f0bb52e3070]     SYS_close(3, 0x2788, 1, 1)                                                                               = 0
8025 [0x7f0bb59eed11]   <... Open_Share_Memory(char const*, int, void*&, int&) resumed> )                                          = 0
8025 [0x7f0bb59eed4d]   libnasman.so->Open_Share_Memory(char const*, int, void*&, int&)(0x7f0bb5a330a7, 0, 0x7fff8d1141a0, 0x7fff8d1141ac <unfinished ...>
8025 [0x7f0bb52e27e0]     SYS_open(0x7fff8d114050, 0xa0000, 484, 1)                                                                = 3
8025 [0x7f0bb52e23b4]     SYS_fstat(3, 0x7fff8d1140e0, 0x7fff8d1140e0, 1)                                                          = 0
8025 [0x7f0bb52eb72a]     SYS_mmap(0, 3536, 1, 1)                                                                                  = 0x7f0bb5e5f000
8025 [0x7f0bb52e3070]     SYS_close(3, 3536, 1, 1)                                                                                 = 0
8025 [0x7f0bb59eed4d]   <... Open_Share_Memory(char const*, int, void*&, int&) resumed> )                                          = 0
8025 [0x7f0bb59eed7f]   libnasman.so->Open_Share_Memory(char const*, int, void*&, int&)(0x7f0bb5a330b5, 0, 0x7fff8d1141a0, 0x7fff8d1141ac <unfinished ...>
8025 [0x7f0bb52e27e0]     SYS_open(0x7fff8d114050, 0xa0000, 484, 1)                                                                = 3
8025 [0x7f0bb52e23b4]     SYS_fstat(3, 0x7fff8d1140e0, 0x7fff8d1140e0, 1)                                                          = 0
8025 [0x7f0bb52eb72a]     SYS_mmap(0, 4080, 1, 1)                                                                                  = 0x7f0bb5e5e000
8025 [0x7f0bb52e3070]     SYS_close(3, 4080, 1, 1)                                                                                 = 0
8025 [0x7f0bb59eed7f]   <... Open_Share_Memory(char const*, int, void*&, int&) resumed> )                                          = 0
8025 [0x4008fd] <... Lookup_Nas_Info(_T_NAS_PROP_&) resumed> )                                                                     = 0
8025 [0x400934] ledctrl->Hal_Led_Set_Hdd_Mode(1, 7, 3, 0 <unfinished ...>
8025 [0x7f0bb55abf15]   libnhal.so->Hal_Lookup_Hardware_Info(0x7fff8d1140d0, 7, 3, 0 <unfinished ...>
8025 [0x7f0bb52e27e0]     SYS_open(0x7fff8d113fd0, 0xa0002, 484, 1)                                                                = 3
8025 [0x7f0bb52eb72a]     SYS_mmap(0, 220, 3, 1)                                                                                   = 0x7f0bb5e5d000
8025 [0x7f0bb52e3070]     SYS_close(3, 220, 3, 1)                                                                                  = 0
8025 [0x7f0bb55aa7f0]     libnhal.so->Hw_Semaphore_Init(0x7fff8d114080, 0x7f0bb55ad287, 1, -1 <unfinished ...>
8025 [0x7f0bb52e2405]       SYS_lstat(0x7fff8d113f30, 0x7fff8d113e40, 0x7fff8d113e40, 0)                                           = -2
8025 [0x7f0bb453a510]       SYS_open(0x7fff8d113f30, 194, 600, 0)                                                                  = 3
8025 [0x7f0bb4539da0]       SYS_write(3, 0x7fff8d113fb0, 32, 0)                                                                    = 32
8025 [0x7f0bb52eb72a]       SYS_mmap(0, 32, 3, 1)                                                                                  = 0x7f0bb5e5c000
8025 [0x7f0bb52e41a7]       SYS_link(0x7fff8d113f30, 0x7fff8d113f60, 3, 1)                                                         = -17
8025 [0x7f0bb52eb757]       SYS_munmap(0x7f0bb5e5c000, 32, 3, 1)                                                                   = 0
8025 [0x7f0bb52e42c7]       SYS_unlink(0x7fff8d113f30, 32, 3, 1)                                                                   = 0
8025 [0x7f0bb4539e60]       SYS_close(3, 32, 3, 1)                                                                                 = 0
8025 [0x7f0bb453a510]       SYS_open(0x7fff8d113f60, 0x20002, 18, 1)                                                               = 3
8025 [0x7f0bb52e23b4]       SYS_fstat(3, 0x7fff8d113e90, 0x7fff8d113e90, 1)                                                        = 0
8025 [0x7f0bb52e7f5a]       SYS_brk(0, 0x7f0bb559f640, 0, -4096)                                                                   = 0x19f9000
8025 [0x7f0bb52e7f5a]       SYS_brk(0x1a1a000, 0x19f9000, 0x1a1a000, -4096)                                                        = 0x1a1a000
8025 [0x7f0bb52eb72a]       SYS_mmap(0, 32, 3, 1)                                                                                  = 0x7f0bb5e5c000
8025 [0x7f0bb4539e60]       SYS_close(3, 32, 0, 3)                                                                                 = 0
8025 [0x7f0bb55aa7f0]     <... Hw_Semaphore_Init resumed> )                                                                        = 17
8025 [0x7f0bb55aa800]     libnhal.so->Hw_Semaphore_Lock(0x7fff8d114080, 32, 0x7f0bb5e5c000, -1)                                    = 0
8025 [0x7f0bb55aa918]     libnhal.so->Hw_Semaphore_Unlock(0x7fff8d114080, 2, 0x7f0bb5e5d000, 0)                                    = 0
8025 [0x7f0bb55aa924]     libnhal.so->Hw_Semaphore_Release(0x7fff8d114080, 128, 0, 0 <unfinished ...>
8025 [0x7f0bb52eb757]       SYS_munmap(0x7f0bb5e5c000, 32, 0, 1)                                                                   = 0
8025 [0x7f0bb55aa924]     <... Hw_Semaphore_Release resumed> )                                                                     = 0
8025 [0x7f0bb55abf15]   <... Hal_Lookup_Hardware_Info resumed> )                                                                   = 0
8025 [0x7f0bb55ac0e3]   libnhal.so->Mv9125_Set_Led_Mode(0, 1, 0, 3 <unfinished ...>
8025 [0x7f0bb38fd937]     libgeneraldrv.so->PCI_Conf_Read(1, 0, 0, 36 <unfinished ...>
8025 [0x7f0bb38fa823]       libgeneraldrv.so->Hw_Semaphore_Init(0x7fff8d113fc0, 0x7f0bb38fe000, 1, 0 <unfinished ...>
8025 [0x7f0bb52e2405]         SYS_lstat(0x7fff8d113e70, 0x7fff8d113d80, 0x7fff8d113d80, 0)                                         = -2
8025 [0x7f0bb453a510]         SYS_open(0x7fff8d113e70, 194, 600, 0)                                                                = 3
8025 [0x7f0bb4539da0]         SYS_write(3, 0x7fff8d113ef0, 32, 0)                                                                  = 32
8025 [0x7f0bb52eb72a]         SYS_mmap(0, 32, 3, 1)                                                                                = 0x7f0bb5e5c000
8025 [0x7f0bb52e41a7]         SYS_link(0x7fff8d113e70, 0x7fff8d113ea0, 3, 1)                                                       = -17
8025 [0x7f0bb52eb757]         SYS_munmap(0x7f0bb5e5c000, 32, 3, 1)                                                                 = 0
8025 [0x7f0bb52e42c7]         SYS_unlink(0x7fff8d113e70, 32, 3, 1)                                                                 = 0
8025 [0x7f0bb4539e60]         SYS_close(3, 32, 3, 1)                                                                               = 0
8025 [0x7f0bb453a510]         SYS_open(0x7fff8d113ea0, 0x20002, 17, 1)                                                             = 3
8025 [0x7f0bb52e23b4]         SYS_fstat(3, 0x7fff8d113dd0, 0x7fff8d113dd0, 1)                                                      = 0
8025 [0x7f0bb52eb72a]         SYS_mmap(0, 32, 3, 1)                                                                                = 0x7f0bb5e5c000
8025 [0x7f0bb4539e60]         SYS_close(3, 32, 0, 1)                                                                               = 0
8025 [0x7f0bb38fa823]       <... Hw_Semaphore_Init resumed> )                                                                      = 17
8025 [0x7f0bb38fa833]       libgeneraldrv.so->Hw_Semaphore_Lock(0x7fff8d113fc0, 32, 0x7f0bb5e5c000, -1)                            = 0
8025 [0x7f0bb52ef6b7]       SYS_ioperm(3320, 4, 1, 1)                                                                              = 0
8025 [0x7f0bb52ef6b7]       SYS_ioperm(3320, 4, 0, 1)                                                                              = 0
8025 [0x7f0bb52ef6b7]       SYS_ioperm(235, 1, 1, 1)                                                                               = 0
8025 [0x7f0bb52ef6b7]       SYS_ioperm(235, 1, 0, 1)                                                                               = 0
8025 [0x7f0bb52ef6b7]       SYS_ioperm(3324, 4, 1, 1)                                                                              = 0
8025 [0x7f0bb52ef6b7]       SYS_ioperm(3324, 4, 0, 1)                                                                              = 0
8025 [0x7f0bb52ef6b7]       SYS_ioperm(235, 1, 1, 1)                                                                               = 0
8025 [0x7f0bb52ef6b7]       SYS_ioperm(235, 1, 0, 1)                                                                               = 0
8025 [0x7f0bb52ef6b7]       SYS_ioperm(3320, 4, 1, 1)                                                                              = 0
8025 [0x7f0bb52ef6b7]       SYS_ioperm(3320, 4, 0, 1)                                                                              = 0
8025 [0x7f0bb52ef6b7]       SYS_ioperm(235, 1, 1, 1)                                                                               = 0
8025 [0x7f0bb52ef6b7]       SYS_ioperm(235, 1, 0, 1)                                                                               = 0
8025 [0x7f0bb38fa97f]       libgeneraldrv.so->Hw_Semaphore_Unlock(0x7fff8d113fc0, 1, 0, -1)                                        = 0
8025 [0x7f0bb38fa98b]       libgeneraldrv.so->Hw_Semaphore_Release(0x7fff8d113fc0, 128, 0, 0 <unfinished ...>
8025 [0x7f0bb52eb757]         SYS_munmap(0x7f0bb5e5c000, 32, 0, 1)                                                                 = 0
8025 [0x7f0bb38fa98b]       <... Hw_Semaphore_Release resumed> )                                                                   = 0
8025 [0x7f0bb38fd937]     <... PCI_Conf_Read resumed> )                                                                            = 0
8025 [0x7f0bb38fd959]     libgeneraldrv.so->Hw_Semaphore_Init(0x7fff8d114030, 0x7f0bb38fe38c, 1, 0x7f0bb559f658 <unfinished ...>
8025 [0x7f0bb52e2405]       SYS_lstat(0x7fff8d113ee0, 0x7fff8d113df0, 0x7fff8d113df0, 0)                                           = -2
8025 [0x7f0bb453a510]       SYS_open(0x7fff8d113ee0, 194, 600, 0)                                                                  = 3
8025 [0x7f0bb4539da0]       SYS_write(3, 0x7fff8d113f60, 32, 0)                                                                    = 32
8025 [0x7f0bb52eb72a]       SYS_mmap(0, 32, 3, 1)                                                                                  = 0x7f0bb5e5c000
8025 [0x7f0bb52e41a7]       SYS_link(0x7fff8d113ee0, 0x7fff8d113f10, 3, 1)                                                         = -17
8025 [0x7f0bb52eb757]       SYS_munmap(0x7f0bb5e5c000, 32, 3, 1)                                                                   = 0
8025 [0x7f0bb52e42c7]       SYS_unlink(0x7fff8d113ee0, 32, 3, 1)                                                                   = 0
8025 [0x7f0bb4539e60]       SYS_close(3, 32, 3, 1)                                                                                 = 0
8025 [0x7f0bb453a510]       SYS_open(0x7fff8d113f10, 0x20002, 20, 1)                                                               = 3
8025 [0x7f0bb52e23b4]       SYS_fstat(3, 0x7fff8d113e40, 0x7fff8d113e40, 1)                                                        = 0
8025 [0x7f0bb52eb72a]       SYS_mmap(0, 32, 3, 1)                                                                                  = 0x7f0bb5e5c000
8025 [0x7f0bb4539e60]       SYS_close(3, 32, 0, 1)                                                                                 = 0
8025 [0x7f0bb38fd959]     <... Hw_Semaphore_Init resumed> )                                                                        = 17
8025 [0x7f0bb38fd969]     libgeneraldrv.so->Hw_Semaphore_Lock(0x7fff8d114030, 32, 0x7f0bb5e5c000, -1)                              = 0
8025 [0x7f0bb52e27e0]     SYS_open(0x7f0bb38fe3a1, 2, 1, 1)                                                                        = 3
8025 [0x7f0bb52eb72a]     SYS_mmap(0, 60, 3, 1)                                                                                    = 0x7f0bb5e5b000
8025 [0x7f0bb52bf060]     SYS_nanosleep(0x7fff8d114010, 0, 0, 1)                                                                   = 0
8025 [0x7f0bb52bf060]     SYS_nanosleep(0x7fff8d114010, 0, 0, 1)                                                                   = 0
8025 [0x7f0bb52eb757]     SYS_munmap(0x7f0bb5e5b000, 60, 0, 1)                                                                     = 0
8025 [0x7f0bb52e3070]     SYS_close(3, 60, 0, 1)                                                                                   = 0
8025 [0x7f0bb52bf060]     SYS_nanosleep(0x7fff8d114010, 0, 0, 1)                                                                   = 0
8025 [0x7f0bb38fda1c]     libgeneraldrv.so->Hw_Semaphore_Unlock(0x7fff8d114030, 0, 0, -1)                                          = 0
8025 [0x7f0bb38fda28]     libgeneraldrv.so->Hw_Semaphore_Release(0x7fff8d114030, 128, 0, 0 <unfinished ...>
8025 [0x7f0bb52eb757]       SYS_munmap(0x7f0bb5e5c000, 32, 0, 1)                                                                   = 0
8025 [0x7f0bb38fda28]     <... Hw_Semaphore_Release resumed> )                                                                     = 0
8025 [0x7f0bb38fdacf]     libgeneraldrv.so->PCI_Conf_Read(1, 0, 0, 36 <unfinished ...>
8025 [0x7f0bb38fa823]       libgeneraldrv.so->Hw_Semaphore_Init(0x7fff8d113fd0, 0x7f0bb38fe000, 1, 0 <unfinished ...>
8025 [0x7f0bb52e2405]         SYS_lstat(0x7fff8d113e80, 0x7fff8d113d90, 0x7fff8d113d90, 0)                                         = -2
8025 [0x7f0bb453a510]         SYS_open(0x7fff8d113e80, 194, 600, 0)                                                                = 3
8025 [0x7f0bb4539da0]         SYS_write(3, 0x7fff8d113f00, 32, 0)                                                                  = 32
8025 [0x7f0bb52eb72a]         SYS_mmap(0, 32, 3, 1)                                                                                = 0x7f0bb5e5c000
8025 [0x7f0bb52e41a7]         SYS_link(0x7fff8d113e80, 0x7fff8d113eb0, 3, 1)                                                       = -17
8025 [0x7f0bb52eb757]         SYS_munmap(0x7f0bb5e5c000, 32, 3, 1)                                                                 = 0
8025 [0x7f0bb52e42c7]         SYS_unlink(0x7fff8d113e80, 32, 3, 1)                                                                 = 0
8025 [0x7f0bb4539e60]         SYS_close(3, 32, 3, 1)                                                                               = 0
8025 [0x7f0bb453a510]         SYS_open(0x7fff8d113eb0, 0x20002, 17, 1)                                                             = 3
8025 [0x7f0bb52e23b4]         SYS_fstat(3, 0x7fff8d113de0, 0x7fff8d113de0, 1)                                                      = 0
8025 [0x7f0bb52eb72a]         SYS_mmap(0, 32, 3, 1)                                                                                = 0x7f0bb5e5c000
8025 [0x7f0bb4539e60]         SYS_close(3, 32, 0, 1)                                                                               = 0
8025 [0x7f0bb38fa823]       <... Hw_Semaphore_Init resumed> )                                                                      = 17
8025 [0x7f0bb38fa833]       libgeneraldrv.so->Hw_Semaphore_Lock(0x7fff8d113fd0, 32, 0x7f0bb5e5c000, -1)                            = 0
8025 [0x7f0bb52ef6b7]       SYS_ioperm(3320, 4, 1, 1)                                                                              = 0
8025 [0x7f0bb52ef6b7]       SYS_ioperm(3320, 4, 0, 1)                                                                              = 0
8025 [0x7f0bb52ef6b7]       SYS_ioperm(235, 1, 1, 1)                                                                               = 0
8025 [0x7f0bb52ef6b7]       SYS_ioperm(235, 1, 0, 1)                                                                               = 0
8025 [0x7f0bb52ef6b7]       SYS_ioperm(3324, 4, 1, 1)                                                                              = 0
8025 [0x7f0bb52ef6b7]       SYS_ioperm(3324, 4, 0, 1)                                                                              = 0
8025 [0x7f0bb52ef6b7]       SYS_ioperm(235, 1, 1, 1)                                                                               = 0
8025 [0x7f0bb52ef6b7]       SYS_ioperm(235, 1, 0, 1)                                                                               = 0
8025 [0x7f0bb52ef6b7]       SYS_ioperm(3320, 4, 1, 1)                                                                              = 0
8025 [0x7f0bb52ef6b7]       SYS_ioperm(3320, 4, 0, 1)                                                                              = 0
8025 [0x7f0bb52ef6b7]       SYS_ioperm(235, 1, 1, 1)                                                                               = 0
8025 [0x7f0bb52ef6b7]       SYS_ioperm(235, 1, 0, 1)                                                                               = 0
8025 [0x7f0bb38fa97f]       libgeneraldrv.so->Hw_Semaphore_Unlock(0x7fff8d113fd0, 1, 0, -1)                                        = 0
8025 [0x7f0bb38fa98b]       libgeneraldrv.so->Hw_Semaphore_Release(0x7fff8d113fd0, 128, 0, 0 <unfinished ...>
8025 [0x7f0bb52eb757]         SYS_munmap(0x7f0bb5e5c000, 32, 0, 1)                                                                 = 0
8025 [0x7f0bb38fa98b]       <... Hw_Semaphore_Release resumed> )                                                                   = 0
8025 [0x7f0bb38fdacf]     <... PCI_Conf_Read resumed> )                                                                            = 0
8025 [0x7f0bb38fdaf1]     libgeneraldrv.so->Hw_Semaphore_Init(0x7fff8d114040, 0x7f0bb38fe38c, 1, 0x7f0bb559f658 <unfinished ...>
8025 [0x7f0bb52e2405]       SYS_lstat(0x7fff8d113ef0, 0x7fff8d113e00, 0x7fff8d113e00, 0)                                           = -2
8025 [0x7f0bb453a510]       SYS_open(0x7fff8d113ef0, 194, 600, 0)                                                                  = 3
8025 [0x7f0bb4539da0]       SYS_write(3, 0x7fff8d113f70, 32, 0)                                                                    = 32
8025 [0x7f0bb52eb72a]       SYS_mmap(0, 32, 3, 1)                                                                                  = 0x7f0bb5e5c000
8025 [0x7f0bb52e41a7]       SYS_link(0x7fff8d113ef0, 0x7fff8d113f20, 3, 1)                                                         = -17
8025 [0x7f0bb52eb757]       SYS_munmap(0x7f0bb5e5c000, 32, 3, 1)                                                                   = 0
8025 [0x7f0bb52e42c7]       SYS_unlink(0x7fff8d113ef0, 32, 3, 1)                                                                   = 0
8025 [0x7f0bb4539e60]       SYS_close(3, 32, 3, 1)                                                                                 = 0
8025 [0x7f0bb453a510]       SYS_open(0x7fff8d113f20, 0x20002, 20, 1)                                                               = 3
8025 [0x7f0bb52e23b4]       SYS_fstat(3, 0x7fff8d113e50, 0x7fff8d113e50, 1)                                                        = 0
8025 [0x7f0bb52eb72a]       SYS_mmap(0, 32, 3, 1)                                                                                  = 0x7f0bb5e5c000
8025 [0x7f0bb4539e60]       SYS_close(3, 32, 0, 1)                                                                                 = 0
8025 [0x7f0bb38fdaf1]     <... Hw_Semaphore_Init resumed> )                                                                        = 17
8025 [0x7f0bb38fdb01]     libgeneraldrv.so->Hw_Semaphore_Lock(0x7fff8d114040, 32, 0x7f0bb5e5c000, -1)                              = 0
8025 [0x7f0bb52e27e0]     SYS_open(0x7f0bb38fe3a1, 2, 1, 1)                                                                        = 3
8025 [0x7f0bb52eb72a]     SYS_mmap(0, 60, 3, 1)                                                                                    = 0x7f0bb5e5b000
8025 [0x7f0bb52bf060]     SYS_nanosleep(0x7fff8d114020, 0, 0, 1)                                                                   = 0
8025 [0x7f0bb52bf060]     SYS_nanosleep(0x7fff8d114020, 0, 0, 1)                                                                   = 0
8025 [0x7f0bb52eb757]     SYS_munmap(0x7f0bb5e5b000, 60, 0, 1)                                                                     = 0
8025 [0x7f0bb52e3070]     SYS_close(3, 60, 0, 1)                                                                                   = 0
8025 [0x7f0bb52bf060]     SYS_nanosleep(0x7fff8d114020, 0, 0, 1)                                                                   = 0
8025 [0x7f0bb38fdba6]     libgeneraldrv.so->Hw_Semaphore_Unlock(0x7fff8d114040, 0, 0, -1)                                          = 0
8025 [0x7f0bb38fdbb2]     libgeneraldrv.so->Hw_Semaphore_Release(0x7fff8d114040, 128, 0, 0 <unfinished ...>
8025 [0x7f0bb52eb757]       SYS_munmap(0x7f0bb5e5c000, 32, 0, 1)                                                                   = 0
8025 [0x7f0bb38fdbb2]     <... Hw_Semaphore_Release resumed> )                                                                     = 0
8025 [0x7f0bb55ac0e3]   <... Mv9125_Set_Led_Mode resumed> )                                                                        = 0
8025 [0x400934] <... Hal_Led_Set_Hdd_Mode resumed> )                                                                               = 0
8025 [0x7f0bb59eef15] libnasman.so->Close_Share_Memory(char const*, void*)(0x7f0bb5a3308e, 0x7f0bb5e60000, 0xd400dec679e25a7a, 4 <unfinished ...>
8025 [0x7f0bb59eeb6e]   libnasman.so->Get_File_Size(char const*, long*)(0x7fff8d113f40, 0x7fff8d114068, 0x7fff8d113f55, 0 <unfinished ...>
8025 [0x7f0bb52e2365]     SYS_stat(0x7fff8d113f40, 0x7fff8d113ea0, 0x7fff8d113ea0, 1)                                              = 0
8025 [0x7f0bb59eeb6e]   <... Get_File_Size(char const*, long*) resumed> )                                                          = 0
8025 [0x7f0bb52eb757]   SYS_munmap(0x7f0bb5e60000, 0x2788, 0x7fff8d113ea0, 1)                                                      = 0
8025 [0x7f0bb59eef15] <... Close_Share_Memory(char const*, void*) resumed> )                                                       = 0
8025 [0x7f0bb59eef37] libnasman.so->Close_Share_Memory(char const*, void*)(0x7f0bb5a330a7, 0x7f0bb5e5f000, 0, -1 <unfinished ...>
8025 [0x7f0bb59eeb6e]   libnasman.so->Get_File_Size(char const*, long*)(0x7fff8d113f40, 0x7fff8d114068, 0x7fff8d113f56, 0 <unfinished ...>
8025 [0x7f0bb52e2365]     SYS_stat(0x7fff8d113f40, 0x7fff8d113ea0, 0x7fff8d113ea0, 1)                                              = 0
8025 [0x7f0bb59eeb6e]   <... Get_File_Size(char const*, long*) resumed> )                                                          = 0
8025 [0x7f0bb52eb757]   SYS_munmap(0x7f0bb5e5f000, 3536, 0x7fff8d113ea0, 1)                                                        = 0
8025 [0x7f0bb59eef37] <... Close_Share_Memory(char const*, void*) resumed> )                                                       = 0
8025 [0x7f0bb59eef59] libnasman.so->Close_Share_Memory(char const*, void*)(0x7f0bb5a330b5, 0x7f0bb5e5e000, 0, -1 <unfinished ...>
8025 [0x7f0bb59eeb6e]   libnasman.so->Get_File_Size(char const*, long*)(0x7fff8d113f40, 0x7fff8d114068, 0x7fff8d113f56, 0 <unfinished ...>
8025 [0x7f0bb52e2365]     SYS_stat(0x7fff8d113f40, 0x7fff8d113ea0, 0x7fff8d113ea0, 1)                                              = 0
8025 [0x7f0bb59eeb6e]   <... Get_File_Size(char const*, long*) resumed> )                                                          = 0
8025 [0x7f0bb52eb757]   SYS_munmap(0x7f0bb5e5e000, 4080, 0x7fff8d113ea0, 1)                                                        = 0
8025 [0x7f0bb59eef59] <... Close_Share_Memory(char const*, void*) resumed> )                                                       = 0
8025 [0x7f0bb523c932] libgeneral.so->Trace_Mem_Destroy()(0x7f0bb4f54d40, 0, 0xd400dc6042225a7a, 16)                                = 0
8025 [0x7f0bb52bf468] SYS_exit_group(0, 60, 0, 0x7f0bb55a2a48 <no return ...>
8025 [0xffffffffffffffff] +++ exited (status 0) +++
