7984 [0x7f68610768aa] SYS_brk(0, 0x7f6861079fa0, 0, 895)                                                                           = 0x2567000
7984 [0x7f68610777e7] SYS_readlink(0x7ffff2a6cb77, 0x7ffff2a6ae70, 4096, 0x756e694c00000000)                                       = -2
7984 [0x7f6861077677] SYS_open(0x7f686107b1f3, 0, 0, 0x756e694c00000000)                                                           = 3
7984 [0x7f68610777a7] SYS_chdir(0x7f6861282ba8, 0, 0, 0x756e694c00000000)                                                          = -2
7984 [0x7f68610769d2] SYS_getcwd(0x7ffff2a6ae70, 4096, 0, 0x756e694c00000000)                                                      = 23
7984 [0x7f68610777c7] SYS_fchdir(3, 4096, 0, 0x756e694c00000000)                                                                   = 0
7984 [0x7f6861077787] SYS_close(3, 4096, 0, 0x756e694c00000000)                                                                    = 0
7984 [0x7f686107780a] SYS_mmap(0, 4096, 3, 34)                                                                                     = 0x7f686127f000
7984 [0x7f68610776d7] SYS_access(0x7f686107d700, 4, 0x7f6861282718, 0)                                                             = -2
7984 [0x7f6861077677] SYS_open(0x7f686107b072, 0x80000, 1, 0)                                                                      = 3
7984 [0x7f6861077604] SYS_fstat(3, 0x7ffff2a6a650, 0x7ffff2a6a650, 0)                                                              = 0
7984 [0x7f686107780a] SYS_mmap(0, 0x83b3, 1, 2)                                                                                    = 0x7f6861276000
7984 [0x7f6861077787] SYS_close(3, 0x83b3, 1, 2)                                                                                   = 0
7984 [0x7f6861077677] SYS_open(0x7f686127f640, 0x80000, 0, 56)                                                                     = 3
7984 [0x7f6861077697] SYS_read(3, 0x7ffff2a6a7d8, 832, 56)                                                                         = 832
7984 [0x7f6861077604] SYS_fstat(3, 0x7ffff2a6a6b0, 0x7ffff2a6a6b0, 16)                                                             = 0
7984 [0x7f686107780a] SYS_mmap(0, 0x278960, 5, 2050)                                                                               = 0x7f6860de7000
7984 [0x7f6861077857] SYS_mprotect(0x7f6860e5d000, 0x200000, 0, 2050)                                                              = 0
7984 [0x7f686107780a] SYS_mmap(0x7f686105d000, 0x3000, 3, 2066)                                                                    = 0x7f686105d000
7984 [0x7f6861077787] SYS_close(3, 16, 0x7f686105d3e0, 0x6ffffdff)                                                                 = 0
7984 [0x7f6861077677] SYS_open(0x7f686127fb10, 0x80000, 0, 0x6ffffdff)                                                             = 3
7984 [0x7f6861077697] SYS_read(3, 0x7ffff2a6a7a8, 832, 0x6ffffdff)                                                                 = 832
7984 [0x7f6861077604] SYS_fstat(3, 0x7ffff2a6a680, 0x7ffff2a6a680, 16)                                                             = 0
7984 [0x7f686107780a] SYS_mmap(0, 0x21bee0, 5, 2050)                                                                               = 0x7f6860bcb000
7984 [0x7f6861077857] SYS_mprotect(0x7f6860be6000, 0x200000, 0, 2050)                                                              = 0
7984 [0x7f686107780a] SYS_mmap(0x7f6860de6000, 4096, 3, 2066)                                                                      = 0x7f6860de6000
7984 [0x7f6861077787] SYS_close(3, 16, 0x7f6860de6208, 0x6ffffdff)                                                                 = 0
7984 [0x7f6861077677] SYS_open(0x7f686127ffe0, 0x80000, 0, 0x6ffffdff)                                                             = 3
7984 [0x7f6861077697] SYS_read(3, 0x7ffff2a6a778, 832, 0x6ffffdff)                                                                 = 832
7984 [0x7f6861077604] SYS_fstat(3, 0x7ffff2a6a650, 0x7ffff2a6a650, 16)                                                             = 0
7984 [0x7f686107780a] SYS_mmap(0, 4096, 3, 34)                                                                                     = 0x7f6861275000
7984 [0x7f686107780a] SYS_mmap(0, 0x209ad0, 5, 2050)                                                                               = 0x7f68609c1000
7984 [0x7f6861077857] SYS_mprotect(0x7f68609cb000, 0x1ff000, 0, 2050)                                                              = 0
7984 [0x7f686107780a] SYS_mmap(0x7f6860bca000, 4096, 3, 2066)                                                                      = 0x7f6860bca000
7984 [0x7f6861077787] SYS_close(3, 16, 0x7f6860bca690, 0x6ffffdff)                                                                 = 0
7984 [0x7f6861077677] SYS_open(0x7f68612754b8, 0x80000, 0, 0x6ffffdff)                                                             = 3
7984 [0x7f6861077697] SYS_read(3, 0x7ffff2a6a748, 832, 0x6ffffdff)                                                                 = 832
7984 [0x7f6861077604] SYS_fstat(3, 0x7ffff2a6a620, 0x7ffff2a6a620, 32)                                                             = 0
7984 [0x7f686107780a] SYS_mmap(0, 0x39dc40, 5, 2050)                                                                               = 0x7f6860623000
7984 [0x7f6861077857] SYS_mprotect(0x7f68607b7000, 0x200000, 0, 2050)                                                              = 0
7984 [0x7f686107780a] SYS_mmap(0x7f68609b7000, 0x6000, 3, 2066)                                                                    = 0x7f68609b7000
7984 [0x7f686107780a] SYS_mmap(0x7f68609bd000, 0x3c40, 3, 50)                                                                      = 0x7f68609bd000
7984 [0x7f6861077787] SYS_close(3, 16, 0, 0x6ffffdff)                                                                              = 0
7984 [0x7f6861077677] SYS_open(0x7f6861275988, 0x80000, 0, 0x6ffffdff)                                                             = 3
7984 [0x7f6861077697] SYS_read(3, 0x7ffff2a6a5f8, 832, 0x6ffffdff)                                                                 = 832
7984 [0x7f6861077604] SYS_fstat(3, 0x7ffff2a6a4d0, 0x7ffff2a6a4d0, 16)                                                             = 0
7984 [0x7f686107780a] SYS_mmap(0, 0x2b09d0, 5, 2050)                                                                               = 0x7f6860372000
7984 [0x7f6861077857] SYS_mprotect(0x7f6860421000, 0x1ff000, 0, 2050)                                                              = 0
7984 [0x7f686107780a] SYS_mmap(0x7f6860620000, 0x3000, 3, 2066)                                                                    = 0x7f6860620000
7984 [0x7f6861077787] SYS_close(3, 16, 0x7f68606209a8, 0x6ffffdff)                                                                 = 0
7984 [0x7f6861077677] SYS_open(0x7f6861275e58, 0x80000, 0, 0x6ffffdff)                                                             = 3
7984 [0x7f6861077697] SYS_read(3, 0x7ffff2a6a5c8, 832, 0x6ffffdff)                                                                 = 832
7984 [0x7f6861077604] SYS_fstat(3, 0x7ffff2a6a4a0, 0x7ffff2a6a4a0, 16)                                                             = 0
7984 [0x7f686107780a] SYS_mmap(0, 4096, 3, 34)                                                                                     = 0x7f6861274000
7984 [0x7f686107780a] SYS_mmap(0, 0x294ee0, 5, 2050)                                                                               = 0x7f68600dd000
7984 [0x7f6861077857] SYS_mprotect(0x7f686016f000, 0x1ff000, 0, 2050)                                                              = 0
7984 [0x7f686107780a] SYS_mmap(0x7f686036e000, 0x3000, 3, 2066)                                                                    = 0x7f686036e000
7984 [0x7f686107780a] SYS_mmap(0x7f6860371000, 3808, 3, 50)                                                                        = 0x7f6860371000
7984 [0x7f6861077787] SYS_close(3, 16, 0x7f686036ee30, 0x6ffffdff)                                                                 = 0
7984 [0x7f6861077677] SYS_open(0x7f68612744b8, 0x80000, 0, 0x6ffffdff)                                                             = 3
7984 [0x7f6861077697] SYS_read(3, 0x7ffff2a6a598, 832, 0x6ffffdff)                                                                 = 832
7984 [0x7f6861077604] SYS_fstat(3, 0x7ffff2a6a470, 0x7ffff2a6a470, 16)                                                             = 0
7984 [0x7f686107780a] SYS_mmap(0, 0x29d850, 5, 2050)                                                                               = 0x7f685fe3f000
7984 [0x7f6861077857] SYS_mprotect(0x7f685fed8000, 0x200000, 0, 2050)                                                              = 0
7984 [0x7f686107780a] SYS_mmap(0x7f68600d8000, 0x3000, 3, 2066)                                                                    = 0x7f68600d8000
7984 [0x7f686107780a] SYS_mmap(0x7f68600db000, 6224, 3, 50)                                                                        = 0x7f68600db000
7984 [0x7f6861077787] SYS_close(3, 16, 0x7f68600d9cc8, 0x6ffffdff)                                                                 = 0
7984 [0x7f6861077677] SYS_open(0x7f68612749a0, 0x80000, 0, 0x6ffffdff)                                                             = 3
7984 [0x7f6861077697] SYS_read(3, 0x7ffff2a6a568, 832, 0x6ffffdff)                                                                 = 832
7984 [0x7f6861077604] SYS_fstat(3, 0x7ffff2a6a440, 0x7ffff2a6a440, 16)                                                             = 0
7984 [0x7f686107780a] SYS_mmap(0, 0x2dbbb0, 5, 2050)                                                                               = 0x7f685fb63000
7984 [0x7f6861077857] SYS_mprotect(0x7f685fc21000, 0x200000, 0, 2050)                                                              = 0
7984 [0x7f686107780a] SYS_mmap(0x7f685fe21000, 0xa000, 3, 2066)                                                                    = 0x7f685fe21000
7984 [0x7f686107780a] SYS_mmap(0x7f685fe2b000, 0x13bb0, 3, 50)                                                                     = 0x7f685fe2b000
7984 [0x7f6861077787] SYS_close(3, 16, 0x7f685fe274d8, 0x6ffffdff)                                                                 = 0
7984 [0x7f6861077677] SYS_open(0x7f6861274e70, 0x80000, 0, 0x6ffffdff)                                                             = 3
7984 [0x7f6861077697] SYS_read(3, 0x7ffff2a6a538, 832, 0x6ffffdff)                                                                 = 832
7984 [0x7f6861077604] SYS_fstat(3, 0x7ffff2a6a410, 0x7ffff2a6a410, 32)                                                             = 0
7984 [0x7f686107780a] SYS_mmap(0, 4096, 3, 34)                                                                                     = 0x7f6861273000
7984 [0x7f686107780a] SYS_mmap(0, 0x21c490, 5, 2050)                                                                               = 0x7f685f946000
7984 [0x7f6861077857] SYS_mprotect(0x7f685f95e000, 0x1ff000, 0, 2050)                                                              = 0
7984 [0x7f686107780a] SYS_mmap(0x7f685fb5d000, 8192, 3, 2066)                                                                      = 0x7f685fb5d000
7984 [0x7f686107780a] SYS_mmap(0x7f685fb5f000, 0x3490, 3, 50)                                                                      = 0x7f685fb5f000
7984 [0x7f6861077787] SYS_close(3, 16, 0, 0x6ffffdff)                                                                              = 0
7984 [0x7f6861077677] SYS_open(0x7f68612734b8, 0x80000, 0, 0x6ffffdff)                                                             = 3
7984 [0x7f6861077697] SYS_read(3, 0x7ffff2a6a508, 832, 0x6ffffdff)                                                                 = 832
7984 [0x7f6861077604] SYS_fstat(3, 0x7ffff2a6a3e0, 0x7ffff2a6a3e0, 32)                                                             = 0
7984 [0x7f686107780a] SYS_mmap(0, 0x207bc0, 5, 2050)                                                                               = 0x7f685f73e000
7984 [0x7f6861077857] SYS_mprotect(0x7f685f745000, 0x1ff000, 0, 2050)                                                              = 0
7984 [0x7f686107780a] SYS_mmap(0x7f685f944000, 8192, 3, 2066)                                                                      = 0x7f685f944000
7984 [0x7f6861077787] SYS_close(3, 16, 0, 0x6ffffdff)                                                                              = 0
7984 [0x7f6861077677] SYS_open(0x7f6861273988, 0x80000, 0, 0x6ffffdff)                                                             = 3
7984 [0x7f6861077697] SYS_read(3, 0x7ffff2a6a4d8, 832, 0x6ffffdff)                                                                 = 832
7984 [0x7f6861077604] SYS_fstat(3, 0x7ffff2a6a3b0, 0x7ffff2a6a3b0, 16)                                                             = 0
7984 [0x7f686107780a] SYS_mmap(0, 0x202e20, 5, 2050)                                                                               = 0x7f685f53b000
7984 [0x7f6861077857] SYS_mprotect(0x7f685f53e000, 0x1ff000, 0, 2050)                                                              = 0
7984 [0x7f686107780a] SYS_mmap(0x7f685f73d000, 4096, 3, 2066)                                                                      = 0x7f685f73d000
7984 [0x7f6861077787] SYS_close(3, 16, 0x7f685f73dc28, 0x6ffffdff)                                                                 = 0
7984 [0x7f6861077677] SYS_open(0x7f6861273e58, 0x80000, 0, 0x6ffffdff)                                                             = 3
7984 [0x7f6861077697] SYS_read(3, 0x7ffff2a6a4a8, 832, 0x6ffffdff)                                                                 = 832
7984 [0x7f6861077604] SYS_fstat(3, 0x7ffff2a6a380, 0x7ffff2a6a380, 16)                                                             = 0
7984 [0x7f686107780a] SYS_mmap(0, 4096, 3, 34)                                                                                     = 0x7f6861272000
7984 [0x7f686107780a] SYS_mmap(0, 0x209850, 5, 2050)                                                                               = 0x7f685f331000
7984 [0x7f6861077857] SYS_mprotect(0x7f685f33b000, 0x1ff000, 0, 2050)                                                              = 0
7984 [0x7f686107780a] SYS_mmap(0x7f685f53a000, 4096, 3, 2066)                                                                      = 0x7f685f53a000
7984 [0x7f6861077787] SYS_close(3, 16, 0x7f685f53a618, 0x6ffffdff)                                                                 = 0
7984 [0x7f6861077677] SYS_open(0x7f68612724b8, 0x80000, 0, 0x6ffffdff)                                                             = 3
7984 [0x7f6861077697] SYS_read(3, 0x7ffff2a6a478, 832, 0x6ffffdff)                                                                 = 832
7984 [0x7f6861077604] SYS_fstat(3, 0x7ffff2a6a350, 0x7ffff2a6a350, 16)                                                             = 0
7984 [0x7f686107780a] SYS_mmap(0, 0x210868, 5, 2050)                                                                               = 0x7f685f120000
7984 [0x7f6861077857] SYS_mprotect(0x7f685f131000, 0x1ff000, 0, 2050)                                                              = 0
7984 [0x7f686107780a] SYS_mmap(0x7f685f330000, 4096, 3, 2066)                                                                      = 0x7f685f330000
7984 [0x7f6861077787] SYS_close(3, 16, 0x7f685f330408, 0x6ffffdff)                                                                 = 0
7984 [0x7f6861077677] SYS_open(0x7f6861272a40, 0x80000, 0, 0x7f68612739a0)                                                         = 3
7984 [0x7f6861077697] SYS_read(3, 0x7ffff2a6a318, 832, 0x7f68612739a0)                                                             = 832
7984 [0x7f6861077604] SYS_fstat(3, 0x7ffff2a6a1f0, 0x7ffff2a6a1f0, 16)                                                             = 0
7984 [0x7f686107780a] SYS_mmap(0, 0x2032c8, 5, 2050)                                                                               = 0x7f685ef1c000
7984 [0x7f6861077857] SYS_mprotect(0x7f685ef1f000, 0x200000, 0, 2050)                                                              = 0
7984 [0x7f686107780a] SYS_mmap(0x7f685f11f000, 4096, 3, 2066)                                                                      = 0x7f685f11f000
7984 [0x7f6861077787] SYS_close(3, 16, 0x7f685f11f188, 0x6ffffdff)                                                                 = 0
7984 [0x7f6861077677] SYS_open(0x7f6861272f28, 0x80000, 0, 0x6ffffdff)                                                             = 3
7984 [0x7f6861077697] SYS_read(3, 0x7ffff2a6a2e8, 832, 0x6ffffdff)                                                                 = 832
7984 [0x7f6861077604] SYS_fstat(3, 0x7ffff2a6a1c0, 0x7ffff2a6a1c0, 16)                                                             = 0
7984 [0x7f686107780a] SYS_mmap(0, 4096, 3, 34)                                                                                     = 0x7f6861271000
7984 [0x7f686107780a] SYS_mmap(0, 0x207820, 5, 2050)                                                                               = 0x7f685ed14000
7984 [0x7f6861077857] SYS_mprotect(0x7f685ed1b000, 0x200000, 0, 2050)                                                              = 0
7984 [0x7f686107780a] SYS_mmap(0x7f685ef1b000, 4096, 3, 2066)                                                                      = 0x7f685ef1b000
7984 [0x7f6861077787] SYS_close(3, 16, 0x7f685ef1b188, 0x6ffffdff)                                                                 = 0
7984 [0x7f6861077677] SYS_open(0x7f68612714c8, 0x80000, 0, 0x6ffffdff)                                                             = 3
7984 [0x7f6861077697] SYS_read(3, 0x7ffff2a6a2b8, 832, 0x6ffffdff)                                                                 = 832
7984 [0x7f6861077604] SYS_fstat(3, 0x7ffff2a6a190, 0x7ffff2a6a190, 16)                                                             = 0
7984 [0x7f686107780a] SYS_mmap(0, 0x201f30, 5, 2050)                                                                               = 0x7f685eb12000
7984 [0x7f6861077857] SYS_mprotect(0x7f685eb14000, 0x1ff000, 0, 2050)                                                              = 0
7984 [0x7f686107780a] SYS_mmap(0x7f685ed13000, 4096, 3, 2066)                                                                      = 0x7f685ed13000
7984 [0x7f6861077787] SYS_close(3, 16, 0x7f685ed13e18, 0x6ffffdff)                                                                 = 0
7984 [0x7f6861077677] SYS_open(0x7f6861271a60, 0x80000, 0, 0x7f68612754d0)                                                         = 3
7984 [0x7f6861077697] SYS_read(3, 0x7ffff2a6a288, 832, 0x7f68612754d0)                                                             = 832
7984 [0x7f6861077604] SYS_fstat(3, 0x7ffff2a6a160, 0x7ffff2a6a160, 16)                                                             = 0
7984 [0x7f686107780a] SYS_mmap(0, 0x2022e8, 5, 2050)                                                                               = 0x7f685e90f000
7984 [0x7f6861077857] SYS_mprotect(0x7f685e911000, 0x200000, 0, 2050)                                                              = 0
7984 [0x7f686107780a] SYS_mmap(0x7f685eb11000, 4096, 3, 2066)                                                                      = 0x7f685eb11000
7984 [0x7f6861077787] SYS_close(3, 16, 0x7f685eb11198, 0x6ffffdff)                                                                 = 0
7984 [0x7f6861077677] SYS_open(0x7f6861271f40, 0x80000, 0, 0x6ffffdff)                                                             = 3
7984 [0x7f6861077697] SYS_read(3, 0x7ffff2a6a258, 832, 0x6ffffdff)                                                                 = 832
7984 [0x7f6861077604] SYS_fstat(3, 0x7ffff2a6a130, 0x7ffff2a6a130, 16)                                                             = 0
7984 [0x7f686107780a] SYS_mmap(0, 4096, 3, 34)                                                                                     = 0x7f6861270000
7984 [0x7f686107780a] SYS_mmap(0, 0x201f30, 5, 2050)                                                                               = 0x7f685e70d000
7984 [0x7f6861077857] SYS_mprotect(0x7f685e70f000, 0x1ff000, 0, 2050)                                                              = 0
7984 [0x7f686107780a] SYS_mmap(0x7f685e90e000, 4096, 3, 2066)                                                                      = 0x7f685e90e000
7984 [0x7f6861077787] SYS_close(3, 16, 0x7f685e90ee18, 0x6ffffdff)                                                                 = 0
7984 [0x7f6861077677] SYS_open(0x7f68612704c0, 0x80000, 0, 0x6ffffdff)                                                             = 3
7984 [0x7f6861077697] SYS_read(3, 0x7ffff2a6a228, 832, 0x6ffffdff)                                                                 = 832
7984 [0x7f6861077604] SYS_fstat(3, 0x7ffff2a6a100, 0x7ffff2a6a100, 16)                                                             = 0
7984 [0x7f686107780a] SYS_mmap(0, 0x2038b8, 5, 2050)                                                                               = 0x7f685e509000
7984 [0x7f6861077857] SYS_mprotect(0x7f685e50d000, 0x1ff000, 0, 2050)                                                              = 0
7984 [0x7f686107780a] SYS_mmap(0x7f685e70c000, 4096, 3, 2066)                                                                      = 0x7f685e70c000
7984 [0x7f6861077787] SYS_close(3, 16, 0x7f685e70c748, 0x6ffffdff)                                                                 = 0
7984 [0x7f6861077677] SYS_open(0x7f6861270a60, 0x80000, 0, 0x7f6861273000)                                                         = 3
7984 [0x7f6861077697] SYS_read(3, 0x7ffff2a6a1c8, 832, 0x7f6861273000)                                                             = 832
7984 [0x7f6861077604] SYS_fstat(3, 0x7ffff2a6a0a0, 0x7ffff2a6a0a0, 16)                                                             = 0
7984 [0x7f686107780a] SYS_mmap(0, 0x210848, 5, 2050)                                                                               = 0x7f685e2f8000
7984 [0x7f6861077857] SYS_mprotect(0x7f685e308000, 0x1ff000, 0, 2050)                                                              = 0
7984 [0x7f686107780a] SYS_mmap(0x7f685e507000, 8192, 3, 2066)                                                                      = 0x7f685e507000
7984 [0x7f6861077787] SYS_close(3, 16, 0x7f685e507d90, 0x6ffffdff)                                                                 = 0
7984 [0x7f6861077677] SYS_open(0x7f6861270f48, 0x80000, 0, 0x6ffffdff)                                                             = 3
7984 [0x7f6861077697] SYS_read(3, 0x7ffff2a6a198, 832, 0x6ffffdff)                                                                 = 832
7984 [0x7f6861077604] SYS_fstat(3, 0x7ffff2a6a070, 0x7ffff2a6a070, 16)                                                             = 0
7984 [0x7f686107780a] SYS_mmap(0, 4096, 3, 34)                                                                                     = 0x7f686126f000
7984 [0x7f686107780a] SYS_mmap(0, 0x20acf0, 5, 2050)                                                                               = 0x7f685e0ed000
7984 [0x7f6861077857] SYS_mprotect(0x7f685e0f8000, 0x1ff000, 0, 2050)                                                              = 0
7984 [0x7f686107780a] SYS_mmap(0x7f685e2f7000, 4096, 3, 2066)                                                                      = 0x7f685e2f7000
7984 [0x7f6861077787] SYS_close(3, 16, 0x7f685e2f7750, 0x6ffffdff)                                                                 = 0
7984 [0x7f6861077677] SYS_open(0x7f686126f560, 0x80000, 0, 0x7f6861273000)                                                         = 3
7984 [0x7f6861077697] SYS_read(3, 0x7ffff2a6a168, 832, 0x7f6861273000)                                                             = 832
7984 [0x7f6861077604] SYS_fstat(3, 0x7ffff2a6a040, 0x7ffff2a6a040, 32)                                                             = 0
7984 [0x7f686107780a] SYS_mmap(0, 0x2361e0, 5, 2050)                                                                               = 0x7f685deb6000
7984 [0x7f6861077857] SYS_mprotect(0x7f685debe000, 0x1ff000, 0, 2050)                                                              = 0
7984 [0x7f686107780a] SYS_mmap(0x7f685e0bd000, 8192, 3, 2066)                                                                      = 0x7f685e0bd000
7984 [0x7f686107780a] SYS_mmap(0x7f685e0bf000, 0x2d1e0, 3, 50)                                                                     = 0x7f685e0bf000
7984 [0x7f6861077787] SYS_close(3, 16, 0, 0x6ffffdff)                                                                              = 0
7984 [0x7f6861077677] SYS_open(0x7f686126fa30, 0x80000, 0, 0x6ffffdff)                                                             = 3
7984 [0x7f6861077697] SYS_read(3, 0x7ffff2a6a138, 832, 0x6ffffdff)                                                                 = 832
7984 [0x7f6861077604] SYS_fstat(3, 0x7ffff2a6a010, 0x7ffff2a6a010, 16)                                                             = 0
7984 [0x7f686107780a] SYS_mmap(0, 0x43fe88, 5, 2050)                                                                               = 0x7f685da76000
7984 [0x7f6861077857] SYS_mprotect(0x7f685dc8b000, 0x200000, 0, 2050)                                                              = 0
7984 [0x7f686107780a] SYS_mmap(0x7f685de8b000, 0x27000, 3, 2066)                                                                   = 0x7f685de8b000
7984 [0x7f686107780a] SYS_mmap(0x7f685deb2000, 0x3e88, 3, 50)                                                                      = 0x7f685deb2000
7984 [0x7f6861077857] SYS_mprotect(0x7ffff2a6c000, 4096, 0x1000007, 4)                                                             = 0
7984 [0x7f6861077787] SYS_close(3, 4096, 0x1000007, 4)                                                                             = 0
7984 [0x7f6861077677] SYS_open(0x7f686126ffb0, 0x80000, 0, 0x7f68612724d0)                                                         = 3
7984 [0x7f6861077697] SYS_read(3, 0x7ffff2a6a108, 832, 0x7f68612724d0)                                                             = 832
7984 [0x7f6861077604] SYS_fstat(3, 0x7ffff2a69fe0, 0x7ffff2a69fe0, 16)                                                             = 0
7984 [0x7f686107780a] SYS_mmap(0, 4096, 3, 34)                                                                                     = 0x7f686126e000
7984 [0x7f686107780a] SYS_mmap(0, 0x215730, 5, 2050)                                                                               = 0x7f685d860000
7984 [0x7f6861077857] SYS_mprotect(0x7f685d876000, 0x1ff000, 0, 2050)                                                              = 0
7984 [0x7f686107780a] SYS_mmap(0x7f685da75000, 4096, 3, 2066)                                                                      = 0x7f685da75000
7984 [0x7f6861077787] SYS_close(3, 16, 0x7f685da75490, 0x6ffffdff)                                                                 = 0
7984 [0x7f6861077677] SYS_open(0x7f686126e4f0, 0x80000, 0, 0x6ffffdff)                                                             = 3
7984 [0x7f6861077697] SYS_read(3, 0x7ffff2a6a0d8, 832, 0x6ffffdff)                                                                 = 832
7984 [0x7f6861077604] SYS_fstat(3, 0x7ffff2a69fb0, 0x7ffff2a69fb0, 32)                                                             = 0
7984 [0x7f686107780a] SYS_mmap(0, 0x2fd148, 5, 2050)                                                                               = 0x7f685d562000
7984 [0x7f6861077857] SYS_mprotect(0x7f685d65f000, 0x1ff000, 0, 2050)                                                              = 0
7984 [0x7f686107780a] SYS_mmap(0x7f685d85e000, 8192, 3, 2066)                                                                      = 0x7f685d85e000
7984 [0x7f6861077787] SYS_close(3, 16, 0, 0x6ffffdff)                                                                              = 0
7984 [0x7f6861077677] SYS_open(0x7ffff2a69ea0, 0x80000, 0, 0x36782f39325f3130)                                                     = -2
7984 [0x7f68610775c5] SYS_stat(0x7ffff2a69ea0, 0x7ffff2a69f80, 0x7ffff2a69f80, 0x36782f39325f3130)                                 = -2
7984 [0x7f6861077677] SYS_open(0x7ffff2a69ea0, 0x80000, 0, 0x36782f39325f3130)                                                     = -2
7984 [0x7f68610775c5] SYS_stat(0x7ffff2a69ea0, 0x7ffff2a69f80, 0x7ffff2a69f80, 0x36782f39325f3130)                                 = -2
7984 [0x7f6861077677] SYS_open(0x7ffff2a69ea0, 0x80000, 0, 0x36782f39325f3130)                                                     = -2
7984 [0x7f68610775c5] SYS_stat(0x7ffff2a69ea0, 0x7ffff2a69f80, 0x7ffff2a69f80, 0x36782f39325f3130)                                 = -2
7984 [0x7f6861077677] SYS_open(0x7ffff2a69ea0, 0x80000, 0, 0x36782f39325f3130)                                                     = -2
7984 [0x7f68610775c5] SYS_stat(0x7ffff2a69ea0, 0x7ffff2a69f80, 0x7ffff2a69f80, 0x36782f39325f3130)                                 = -2
7984 [0x7f6861077677] SYS_open(0x7f686126edd0, 0x80000, 0, 0x36782f39325f3130)                                                     = 3
7984 [0x7f6861077697] SYS_read(3, 0x7ffff2a6a0a8, 832, 0x36782f39325f3130)                                                         = 832
7984 [0x7f6861077604] SYS_fstat(3, 0x7ffff2a69f80, 0x7ffff2a69f80, 16)                                                             = 0
7984 [0x7f686107780a] SYS_mmap(0, 4096, 3, 34)                                                                                     = 0x7f686126d000
7984 [0x7f686107780a] SYS_mmap(0, 0x2f8980, 5, 2050)                                                                               = 0x7f685d269000
7984 [0x7f6861077857] SYS_mprotect(0x7f685d360000, 0x200000, 0, 2050)                                                              = 0
7984 [0x7f686107780a] SYS_mmap(0x7f685d560000, 8192, 3, 2066)                                                                      = 0x7f685d560000
7984 [0x7f6861077787] SYS_close(3, 16, 0x7f685d5603a0, 0x6ffffdff)                                                                 = 0
7984 [0x7f6861077677] SYS_open(0x7f686126d4c8, 0x80000, 0, 0x6ffffdff)                                                             = 3
7984 [0x7f6861077697] SYS_read(3, 0x7ffff2a6a078, 832, 0x6ffffdff)                                                                 = 832
7984 [0x7f6861077604] SYS_fstat(3, 0x7ffff2a69f50, 0x7ffff2a69f50, 16)                                                             = 0
7984 [0x7f686107780a] SYS_mmap(0, 0x2fc9d8, 5, 2050)                                                                               = 0x7f685cf6c000
7984 [0x7f6861077857] SYS_mprotect(0x7f685d067000, 0x200000, 0, 2050)                                                              = 0
7984 [0x7f686107780a] SYS_mmap(0x7f685d267000, 8192, 3, 2066)                                                                      = 0x7f685d267000
7984 [0x7f6861077787] SYS_close(3, 16, 0x7f685d268828, 0x6ffffdff)                                                                 = 0
7984 [0x7f6861077677] SYS_open(0x7f686126d998, 0x80000, 0, 0x6ffffdff)                                                             = 3
7984 [0x7f6861077697] SYS_read(3, 0x7ffff2a6a048, 832, 0x6ffffdff)                                                                 = 832
7984 [0x7f6861077604] SYS_fstat(3, 0x7ffff2a69f20, 0x7ffff2a69f20, 16)                                                             = 0
7984 [0x7f686107780a] SYS_mmap(0, 0x242830, 5, 2050)                                                                               = 0x7f685cd29000
7984 [0x7f6861077857] SYS_mprotect(0x7f685cd6c000, 0x1ff000, 0, 2050)                                                              = 0
7984 [0x7f686107780a] SYS_mmap(0x7f685cf6b000, 4096, 3, 2066)                                                                      = 0x7f685cf6b000
7984 [0x7f6861077787] SYS_close(3, 16, 0x7f685cf6b630, 0x6ffffdff)                                                                 = 0
7984 [0x7f6861077677] SYS_open(0x7f686126df70, 0x80000, 0, 0x7f68612749b8)                                                         = 3
7984 [0x7f6861077697] SYS_read(3, 0x7ffff2a6a018, 832, 0x7f68612749b8)                                                             = 832
7984 [0x7f6861077604] SYS_fstat(3, 0x7ffff2a69ef0, 0x7ffff2a69ef0, 32)                                                             = 0
7984 [0x7f686107780a] SYS_mmap(0, 4096, 3, 34)                                                                                     = 0x7f686126c000
7984 [0x7f686107780a] SYS_mmap(0, 0x203118, 5, 2050)                                                                               = 0x7f685cb25000
7984 [0x7f6861077857] SYS_mprotect(0x7f685cb27000, 0x200000, 0, 2050)                                                              = 0
7984 [0x7f686107780a] SYS_mmap(0x7f685cd27000, 8192, 3, 2066)                                                                      = 0x7f685cd27000
7984 [0x7f6861077787] SYS_close(3, 16, 0x7f685cd27f40, 0x6ffffdff)                                                                 = 0
7984 [0x7f686107780a] SYS_mmap(0, 4096, 3, 34)                                                                                     = 0x7f686126b000
7984 [0x7f686107780a] SYS_mmap(0, 4096, 3, 34)                                                                                     = 0x7f686126a000
7984 [0x7f686107780a] SYS_mmap(0, 8192, 3, 34)                                                                                     = 0x7f6861268000
7984 [0x7f6861061044] SYS_arch_prctl(4098, 0x7f6861268780, 0x7f6861269080, 34)                                                     = 0
7984 [0x7f6861077857] SYS_mprotect(0x7f68609b7000, 0x4000, 1, 1)                                                                   = 0
7984 [0x7f6861077857] SYS_mprotect(0x7f685cd27000, 4096, 1, 0x7f685cb25c68)                                                        = 0
7984 [0x7f6861077857] SYS_mprotect(0x7f685fb5d000, 4096, 1, 0x7f685f94b500)                                                        = 0
7984 [0x7f6861077857] SYS_mprotect(0x7f685d85e000, 4096, 1, 1)                                                                     = 0
7984 [0x7f6861077857] SYS_mprotect(0x7f685e0bd000, 4096, 1, 0x7f685deb6a00)                                                        = 0
7984 [0x7f6861077857] SYS_mprotect(0x7f685fe21000, 0x7000, 1, 0x7f685fbbb810)                                                      = 0
7984 [0x7f6861077857] SYS_mprotect(0x7f685f944000, 4096, 1, 0x7f685f73fd58)                                                        = 0
7984 [0x7f6861077857] SYS_mprotect(0x7f6861280000, 4096, 1, 0)                                                                     = 0
7984 [0x7f6861077837] SYS_munmap(0x7f6861276000, 0x83b3, 0x71900, 0)                                                               = 0
7984 [0x7f685f94ce92] SYS_set_tid_address(0x7f6861268a50, 0x7ffff2a6c008, 0x7f6861268780, 0)                                       = 7984
7984 [0x7f685f94cefa] SYS_set_robust_list(0x7f6861268a60, 24, 0x7f6861268780, 0)                                                   = 0
7984 [0x7f685f956cf5] SYS_rt_sigaction(32, 0x7ffff2a6bd58, 0, 8)                                                                   = 0
7984 [0x7f685f956cf5] SYS_rt_sigaction(33, 0x7ffff2a6bd58, 0, 8)                                                                   = 0
7984 [0x7f685f94cfd6] SYS_rt_sigprocmask(1, 0x7ffff2a6bea8, 0, 8)                                                                  = 0
7984 [0x7f6860703b17] SYS_getrlimit(3, 0x7ffff2a6bf40, 63, 1)                                                                      = 0
7984 [0x7f685f94cb95] SYS_futex(0x7f685fe2b7e0, 129, 0x7fffffff, 0)                                                                = 0
7984 [0x4008fd] ledctrl->Lookup_Nas_Info(_T_NAS_PROP_&)(0x7ffff2a6be50, 0x7ffff2a6cb94, 0, 0x7ffff2a6cb93 <unfinished ...>
7984 [0x7f6860e0ad11]   libnasman.so->Open_Share_Memory(char const*, int, void*&, int&)(0x7f6860e4f08e, 0, 0x7ffff2a6be10, 0x7ffff2a6be1c <unfinished ...>
7984 [0x7f68606fe557]     SYS_statfs(0x7f685f9591e8, 0x7ffff2a6bbb0, 0x7f685fb62310, 1)                                            = 0
7984 [0x7f685f94cb95]     SYS_futex(0x7f685fb62310, 129, 0x7fffffff, 0)                                                            = 0
7984 [0x7f68606fe7e0]     SYS_open(0x7ffff2a6bcc0, 0xa0000, 484, 1)                                                                = 3
7984 [0x7f68606fe3b4]     SYS_fstat(3, 0x7ffff2a6bd50, 0x7ffff2a6bd50, 1)                                                          = 0
7984 [0x7f686070772a]     SYS_mmap(0, 0x2788, 1, 1)                                                                                = 0x7f686127c000
7984 [0x7f68606ff070]     SYS_close(3, 0x2788, 1, 1)                                                                               = 0
7984 [0x7f6860e0ad11]   <... Open_Share_Memory(char const*, int, void*&, int&) resumed> )                                          = 0
7984 [0x7f6860e0ad4d]   libnasman.so->Open_Share_Memory(char const*, int, void*&, int&)(0x7f6860e4f0a7, 0, 0x7ffff2a6be10, 0x7ffff2a6be1c <unfinished ...>
7984 [0x7f68606fe7e0]     SYS_open(0x7ffff2a6bcc0, 0xa0000, 484, 1)                                                                = 3
7984 [0x7f68606fe3b4]     SYS_fstat(3, 0x7ffff2a6bd50, 0x7ffff2a6bd50, 1)                                                          = 0
7984 [0x7f686070772a]     SYS_mmap(0, 3536, 1, 1)                                                                                  = 0x7f686127b000
7984 [0x7f68606ff070]     SYS_close(3, 3536, 1, 1)                                                                                 = 0
7984 [0x7f6860e0ad4d]   <... Open_Share_Memory(char const*, int, void*&, int&) resumed> )                                          = 0
7984 [0x7f6860e0ad7f]   libnasman.so->Open_Share_Memory(char const*, int, void*&, int&)(0x7f6860e4f0b5, 0, 0x7ffff2a6be10, 0x7ffff2a6be1c <unfinished ...>
7984 [0x7f68606fe7e0]     SYS_open(0x7ffff2a6bcc0, 0xa0000, 484, 1)                                                                = 3
7984 [0x7f68606fe3b4]     SYS_fstat(3, 0x7ffff2a6bd50, 0x7ffff2a6bd50, 1)                                                          = 0
7984 [0x7f686070772a]     SYS_mmap(0, 4080, 1, 1)                                                                                  = 0x7f686127a000
7984 [0x7f68606ff070]     SYS_close(3, 4080, 1, 1)                                                                                 = 0
7984 [0x7f6860e0ad7f]   <... Open_Share_Memory(char const*, int, void*&, int&) resumed> )                                          = 0
7984 [0x4008fd] <... Lookup_Nas_Info(_T_NAS_PROP_&) resumed> )                                                                     = 0
7984 [0x400934] ledctrl->Hal_Led_Set_Hdd_Mode(0, 9, 3, 0 <unfinished ...>
7984 [0x7f68609c7f15]   libnhal.so->Hal_Lookup_Hardware_Info(0x7ffff2a6bd40, 9, 3, 0 <unfinished ...>
7984 [0x7f68606fe7e0]     SYS_open(0x7ffff2a6bc40, 0xa0002, 484, 1)                                                                = 3
7984 [0x7f686070772a]     SYS_mmap(0, 220, 3, 1)                                                                                   = 0x7f6861279000
7984 [0x7f68606ff070]     SYS_close(3, 220, 3, 1)                                                                                  = 0
7984 [0x7f68609c67f0]     libnhal.so->Hw_Semaphore_Init(0x7ffff2a6bcf0, 0x7f68609c9287, 1, -1 <unfinished ...>
7984 [0x7f68606fe405]       SYS_lstat(0x7ffff2a6bba0, 0x7ffff2a6bab0, 0x7ffff2a6bab0, 0)                                           = -2
7984 [0x7f685f956510]       SYS_open(0x7ffff2a6bba0, 194, 600, 0)                                                                  = 3
7984 [0x7f685f955da0]       SYS_write(3, 0x7ffff2a6bc20, 32, 0)                                                                    = 32
7984 [0x7f686070772a]       SYS_mmap(0, 32, 3, 1)                                                                                  = 0x7f6861278000
7984 [0x7f68607001a7]       SYS_link(0x7ffff2a6bba0, 0x7ffff2a6bbd0, 3, 1)                                                         = -17
7984 [0x7f6860707757]       SYS_munmap(0x7f6861278000, 32, 3, 1)                                                                   = 0
7984 [0x7f68607002c7]       SYS_unlink(0x7ffff2a6bba0, 32, 3, 1)                                                                   = 0
7984 [0x7f685f955e60]       SYS_close(3, 32, 3, 1)                                                                                 = 0
7984 [0x7f685f956510]       SYS_open(0x7ffff2a6bbd0, 0x20002, 18, 1)                                                               = 3
7984 [0x7f68606fe3b4]       SYS_fstat(3, 0x7ffff2a6bb00, 0x7ffff2a6bb00, 1)                                                        = 0
7984 [0x7f6860703f5a]       SYS_brk(0, 0x7f68609bb640, 0, -4096)                                                                   = 0x2567000
7984 [0x7f6860703f5a]       SYS_brk(0x2588000, 0x2567000, 0x2588000, -4096)                                                        = 0x2588000
7984 [0x7f686070772a]       SYS_mmap(0, 32, 3, 1)                                                                                  = 0x7f6861278000
7984 [0x7f685f955e60]       SYS_close(3, 32, 0, 3)                                                                                 = 0
7984 [0x7f68609c67f0]     <... Hw_Semaphore_Init resumed> )                                                                        = 17
7984 [0x7f68609c6800]     libnhal.so->Hw_Semaphore_Lock(0x7ffff2a6bcf0, 32, 0x7f6861278000, -1)                                    = 0
7984 [0x7f68609c6918]     libnhal.so->Hw_Semaphore_Unlock(0x7ffff2a6bcf0, 2, 0x7f6861279000, 0)                                    = 0
7984 [0x7f68609c6924]     libnhal.so->Hw_Semaphore_Release(0x7ffff2a6bcf0, 128, 0, 0 <unfinished ...>
7984 [0x7f6860707757]       SYS_munmap(0x7f6861278000, 32, 0, 1)                                                                   = 0
7984 [0x7f68609c6924]     <... Hw_Semaphore_Release resumed> )                                                                     = 0
7984 [0x7f68609c7f15]   <... Hal_Lookup_Hardware_Info resumed> )                                                                   = 0
7984 [0x400934] <... Hal_Led_Set_Hdd_Mode resumed> )                                                                               = 0xffffffea
7984 [0x7f6860e0af15] libnasman.so->Close_Share_Memory(char const*, void*)(0x7f6860e4f08e, 0x7f686127c000, 0xe00948e39e035631, 4 <unfinished ...>
7984 [0x7f6860e0ab6e]   libnasman.so->Get_File_Size(char const*, long*)(0x7ffff2a6bbb0, 0x7ffff2a6bcd8, 0x7ffff2a6bbc5, 0 <unfinished ...>
7984 [0x7f68606fe365]     SYS_stat(0x7ffff2a6bbb0, 0x7ffff2a6bb10, 0x7ffff2a6bb10, 1)                                              = 0
7984 [0x7f6860e0ab6e]   <... Get_File_Size(char const*, long*) resumed> )                                                          = 0
7984 [0x7f6860707757]   SYS_munmap(0x7f686127c000, 0x2788, 0x7ffff2a6bb10, 1)                                                      = 0
7984 [0x7f6860e0af15] <... Close_Share_Memory(char const*, void*) resumed> )                                                       = 0
7984 [0x7f6860e0af37] libnasman.so->Close_Share_Memory(char const*, void*)(0x7f6860e4f0a7, 0x7f686127b000, 0, -1 <unfinished ...>
7984 [0x7f6860e0ab6e]   libnasman.so->Get_File_Size(char const*, long*)(0x7ffff2a6bbb0, 0x7ffff2a6bcd8, 0x7ffff2a6bbc6, 0 <unfinished ...>
7984 [0x7f68606fe365]     SYS_stat(0x7ffff2a6bbb0, 0x7ffff2a6bb10, 0x7ffff2a6bb10, 1)                                              = 0
7984 [0x7f6860e0ab6e]   <... Get_File_Size(char const*, long*) resumed> )                                                          = 0
7984 [0x7f6860707757]   SYS_munmap(0x7f686127b000, 3536, 0x7ffff2a6bb10, 1)                                                        = 0
7984 [0x7f6860e0af37] <... Close_Share_Memory(char const*, void*) resumed> )                                                       = 0
7984 [0x7f6860e0af59] libnasman.so->Close_Share_Memory(char const*, void*)(0x7f6860e4f0b5, 0x7f686127a000, 0, -1 <unfinished ...>
7984 [0x7f6860e0ab6e]   libnasman.so->Get_File_Size(char const*, long*)(0x7ffff2a6bbb0, 0x7ffff2a6bcd8, 0x7ffff2a6bbc6, 0 <unfinished ...>
7984 [0x7f68606fe365]     SYS_stat(0x7ffff2a6bbb0, 0x7ffff2a6bb10, 0x7ffff2a6bb10, 1)                                              = 0
7984 [0x7f6860e0ab6e]   <... Get_File_Size(char const*, long*) resumed> )                                                          = 0
7984 [0x7f6860707757]   SYS_munmap(0x7f686127a000, 4080, 0x7ffff2a6bb10, 1)                                                        = 0
7984 [0x7f6860e0af59] <... Close_Share_Memory(char const*, void*) resumed> )                                                       = 0
7984 [0x7f6860658932] libgeneral.so->Trace_Mem_Destroy()(0x7f6860370d40, 0, 0xe009493da5c35631, 16)                                = 0
7984 [0x7f68606db468] SYS_exit_group(-22, 60, -22, 0x7f68609bea48 <no return ...>
7984 [0xffffffffffffffff] +++ exited (status 234) +++
