8699 [0x7fc4bfbd38aa] SYS_brk(0, 0x7fc4bfbd6fa0, 0, 895)                                                                           = 0xdb1000
8699 [0x7fc4bfbd47e7] SYS_readlink(0x7fff801a3b81, 0x7fff801a08c0, 4096, 0x756e694c00000000)                                       = -2
8699 [0x7fc4bfbd4677] SYS_open(0x7fc4bfbd81f3, 0, 0, 0x756e694c00000000)                                                           = 3
8699 [0x7fc4bfbd47a7] SYS_chdir(0x7fc4bfddfba8, 0, 0, 0x756e694c00000000)                                                          = -2
8699 [0x7fc4bfbd39d2] SYS_getcwd(0x7fff801a08c0, 4096, 0, 0x756e694c00000000)                                                      = 23
8699 [0x7fc4bfbd47c7] SYS_fchdir(3, 4096, 0, 0x756e694c00000000)                                                                   = 0
8699 [0x7fc4bfbd4787] SYS_close(3, 4096, 0, 0x756e694c00000000)                                                                    = 0
8699 [0x7fc4bfbd480a] SYS_mmap(0, 4096, 3, 34)                                                                                     = 0x7fc4bfddc000
8699 [0x7fc4bfbd46d7] SYS_access(0x7fc4bfbda700, 4, 0x7fc4bfddf718, 0)                                                             = -2
8699 [0x7fc4bfbd4677] SYS_open(0x7fc4bfbd8072, 0x80000, 1, 0)                                                                      = 3
8699 [0x7fc4bfbd4604] SYS_fstat(3, 0x7fff801a00a0, 0x7fff801a00a0, 0)                                                              = 0
8699 [0x7fc4bfbd480a] SYS_mmap(0, 0x83b3, 1, 2)                                                                                    = 0x7fc4bfdd3000
8699 [0x7fc4bfbd4787] SYS_close(3, 0x83b3, 1, 2)                                                                                   = 0
8699 [0x7fc4bfbd4677] SYS_open(0x7fc4bfddc640, 0x80000, 0, 56)                                                                     = 3
8699 [0x7fc4bfbd4697] SYS_read(3, 0x7fff801a0228, 832, 56)                                                                         = 832
8699 [0x7fc4bfbd4604] SYS_fstat(3, 0x7fff801a0100, 0x7fff801a0100, 16)                                                             = 0
8699 [0x7fc4bfbd480a] SYS_mmap(0, 0x278960, 5, 2050)                                                                               = 0x7fc4bf944000
8699 [0x7fc4bfbd4857] SYS_mprotect(0x7fc4bf9ba000, 0x200000, 0, 2050)                                                              = 0
8699 [0x7fc4bfbd480a] SYS_mmap(0x7fc4bfbba000, 0x3000, 3, 2066)                                                                    = 0x7fc4bfbba000
8699 [0x7fc4bfbd4787] SYS_close(3, 16, 0x7fc4bfbba3e0, 0x6ffffdff)                                                                 = 0
8699 [0x7fc4bfbd4677] SYS_open(0x7fc4bfddcb10, 0x80000, 0, 0x6ffffdff)                                                             = 3
8699 [0x7fc4bfbd4697] SYS_read(3, 0x7fff801a01f8, 832, 0x6ffffdff)                                                                 = 832
8699 [0x7fc4bfbd4604] SYS_fstat(3, 0x7fff801a00d0, 0x7fff801a00d0, 16)                                                             = 0
8699 [0x7fc4bfbd480a] SYS_mmap(0, 0x21bee0, 5, 2050)                                                                               = 0x7fc4bf728000
8699 [0x7fc4bfbd4857] SYS_mprotect(0x7fc4bf743000, 0x200000, 0, 2050)                                                              = 0
8699 [0x7fc4bfbd480a] SYS_mmap(0x7fc4bf943000, 4096, 3, 2066)                                                                      = 0x7fc4bf943000
8699 [0x7fc4bfbd4787] SYS_close(3, 16, 0x7fc4bf943208, 0x6ffffdff)                                                                 = 0
8699 [0x7fc4bfbd4677] SYS_open(0x7fc4bfddcfe0, 0x80000, 0, 0x6ffffdff)                                                             = 3
8699 [0x7fc4bfbd4697] SYS_read(3, 0x7fff801a01c8, 832, 0x6ffffdff)                                                                 = 832
8699 [0x7fc4bfbd4604] SYS_fstat(3, 0x7fff801a00a0, 0x7fff801a00a0, 16)                                                             = 0
8699 [0x7fc4bfbd480a] SYS_mmap(0, 4096, 3, 34)                                                                                     = 0x7fc4bfdd2000
8699 [0x7fc4bfbd480a] SYS_mmap(0, 0x209ad0, 5, 2050)                                                                               = 0x7fc4bf51e000
8699 [0x7fc4bfbd4857] SYS_mprotect(0x7fc4bf528000, 0x1ff000, 0, 2050)                                                              = 0
8699 [0x7fc4bfbd480a] SYS_mmap(0x7fc4bf727000, 4096, 3, 2066)                                                                      = 0x7fc4bf727000
8699 [0x7fc4bfbd4787] SYS_close(3, 16, 0x7fc4bf727690, 0x6ffffdff)                                                                 = 0
8699 [0x7fc4bfbd4677] SYS_open(0x7fc4bfdd24b8, 0x80000, 0, 0x6ffffdff)                                                             = 3
8699 [0x7fc4bfbd4697] SYS_read(3, 0x7fff801a0198, 832, 0x6ffffdff)                                                                 = 832
8699 [0x7fc4bfbd4604] SYS_fstat(3, 0x7fff801a0070, 0x7fff801a0070, 32)                                                             = 0
8699 [0x7fc4bfbd480a] SYS_mmap(0, 0x39dc40, 5, 2050)                                                                               = 0x7fc4bf180000
8699 [0x7fc4bfbd4857] SYS_mprotect(0x7fc4bf314000, 0x200000, 0, 2050)                                                              = 0
8699 [0x7fc4bfbd480a] SYS_mmap(0x7fc4bf514000, 0x6000, 3, 2066)                                                                    = 0x7fc4bf514000
8699 [0x7fc4bfbd480a] SYS_mmap(0x7fc4bf51a000, 0x3c40, 3, 50)                                                                      = 0x7fc4bf51a000
8699 [0x7fc4bfbd4787] SYS_close(3, 16, 0, 0x6ffffdff)                                                                              = 0
8699 [0x7fc4bfbd4677] SYS_open(0x7fc4bfdd2988, 0x80000, 0, 0x6ffffdff)                                                             = 3
8699 [0x7fc4bfbd4697] SYS_read(3, 0x7fff801a0048, 832, 0x6ffffdff)                                                                 = 832
8699 [0x7fc4bfbd4604] SYS_fstat(3, 0x7fff8019ff20, 0x7fff8019ff20, 16)                                                             = 0
8699 [0x7fc4bfbd480a] SYS_mmap(0, 0x2b09d0, 5, 2050)                                                                               = 0x7fc4beecf000
8699 [0x7fc4bfbd4857] SYS_mprotect(0x7fc4bef7e000, 0x1ff000, 0, 2050)                                                              = 0
8699 [0x7fc4bfbd480a] SYS_mmap(0x7fc4bf17d000, 0x3000, 3, 2066)                                                                    = 0x7fc4bf17d000
8699 [0x7fc4bfbd4787] SYS_close(3, 16, 0x7fc4bf17d9a8, 0x6ffffdff)                                                                 = 0
8699 [0x7fc4bfbd4677] SYS_open(0x7fc4bfdd2e58, 0x80000, 0, 0x6ffffdff)                                                             = 3
8699 [0x7fc4bfbd4697] SYS_read(3, 0x7fff801a0018, 832, 0x6ffffdff)                                                                 = 832
8699 [0x7fc4bfbd4604] SYS_fstat(3, 0x7fff8019fef0, 0x7fff8019fef0, 16)                                                             = 0
8699 [0x7fc4bfbd480a] SYS_mmap(0, 4096, 3, 34)                                                                                     = 0x7fc4bfdd1000
8699 [0x7fc4bfbd480a] SYS_mmap(0, 0x294ee0, 5, 2050)                                                                               = 0x7fc4bec3a000
8699 [0x7fc4bfbd4857] SYS_mprotect(0x7fc4beccc000, 0x1ff000, 0, 2050)                                                              = 0
8699 [0x7fc4bfbd480a] SYS_mmap(0x7fc4beecb000, 0x3000, 3, 2066)                                                                    = 0x7fc4beecb000
8699 [0x7fc4bfbd480a] SYS_mmap(0x7fc4beece000, 3808, 3, 50)                                                                        = 0x7fc4beece000
8699 [0x7fc4bfbd4787] SYS_close(3, 16, 0x7fc4beecbe30, 0x6ffffdff)                                                                 = 0
8699 [0x7fc4bfbd4677] SYS_open(0x7fc4bfdd14b8, 0x80000, 0, 0x6ffffdff)                                                             = 3
8699 [0x7fc4bfbd4697] SYS_read(3, 0x7fff8019ffe8, 832, 0x6ffffdff)                                                                 = 832
8699 [0x7fc4bfbd4604] SYS_fstat(3, 0x7fff8019fec0, 0x7fff8019fec0, 16)                                                             = 0
8699 [0x7fc4bfbd480a] SYS_mmap(0, 0x29d850, 5, 2050)                                                                               = 0x7fc4be99c000
8699 [0x7fc4bfbd4857] SYS_mprotect(0x7fc4bea35000, 0x200000, 0, 2050)                                                              = 0
8699 [0x7fc4bfbd480a] SYS_mmap(0x7fc4bec35000, 0x3000, 3, 2066)                                                                    = 0x7fc4bec35000
8699 [0x7fc4bfbd480a] SYS_mmap(0x7fc4bec38000, 6224, 3, 50)                                                                        = 0x7fc4bec38000
8699 [0x7fc4bfbd4787] SYS_close(3, 16, 0x7fc4bec36cc8, 0x6ffffdff)                                                                 = 0
8699 [0x7fc4bfbd4677] SYS_open(0x7fc4bfdd19a0, 0x80000, 0, 0x6ffffdff)                                                             = 3
8699 [0x7fc4bfbd4697] SYS_read(3, 0x7fff8019ffb8, 832, 0x6ffffdff)                                                                 = 832
8699 [0x7fc4bfbd4604] SYS_fstat(3, 0x7fff8019fe90, 0x7fff8019fe90, 16)                                                             = 0
8699 [0x7fc4bfbd480a] SYS_mmap(0, 0x2dbbb0, 5, 2050)                                                                               = 0x7fc4be6c0000
8699 [0x7fc4bfbd4857] SYS_mprotect(0x7fc4be77e000, 0x200000, 0, 2050)                                                              = 0
8699 [0x7fc4bfbd480a] SYS_mmap(0x7fc4be97e000, 0xa000, 3, 2066)                                                                    = 0x7fc4be97e000
8699 [0x7fc4bfbd480a] SYS_mmap(0x7fc4be988000, 0x13bb0, 3, 50)                                                                     = 0x7fc4be988000
8699 [0x7fc4bfbd4787] SYS_close(3, 16, 0x7fc4be9844d8, 0x6ffffdff)                                                                 = 0
8699 [0x7fc4bfbd4677] SYS_open(0x7fc4bfdd1e70, 0x80000, 0, 0x6ffffdff)                                                             = 3
8699 [0x7fc4bfbd4697] SYS_read(3, 0x7fff8019ff88, 832, 0x6ffffdff)                                                                 = 832
8699 [0x7fc4bfbd4604] SYS_fstat(3, 0x7fff8019fe60, 0x7fff8019fe60, 32)                                                             = 0
8699 [0x7fc4bfbd480a] SYS_mmap(0, 4096, 3, 34)                                                                                     = 0x7fc4bfdd0000
8699 [0x7fc4bfbd480a] SYS_mmap(0, 0x21c490, 5, 2050)                                                                               = 0x7fc4be4a3000
8699 [0x7fc4bfbd4857] SYS_mprotect(0x7fc4be4bb000, 0x1ff000, 0, 2050)                                                              = 0
8699 [0x7fc4bfbd480a] SYS_mmap(0x7fc4be6ba000, 8192, 3, 2066)                                                                      = 0x7fc4be6ba000
8699 [0x7fc4bfbd480a] SYS_mmap(0x7fc4be6bc000, 0x3490, 3, 50)                                                                      = 0x7fc4be6bc000
8699 [0x7fc4bfbd4787] SYS_close(3, 16, 0, 0x6ffffdff)                                                                              = 0
8699 [0x7fc4bfbd4677] SYS_open(0x7fc4bfdd04b8, 0x80000, 0, 0x6ffffdff)                                                             = 3
8699 [0x7fc4bfbd4697] SYS_read(3, 0x7fff8019ff58, 832, 0x6ffffdff)                                                                 = 832
8699 [0x7fc4bfbd4604] SYS_fstat(3, 0x7fff8019fe30, 0x7fff8019fe30, 32)                                                             = 0
8699 [0x7fc4bfbd480a] SYS_mmap(0, 0x207bc0, 5, 2050)                                                                               = 0x7fc4be29b000
8699 [0x7fc4bfbd4857] SYS_mprotect(0x7fc4be2a2000, 0x1ff000, 0, 2050)                                                              = 0
8699 [0x7fc4bfbd480a] SYS_mmap(0x7fc4be4a1000, 8192, 3, 2066)                                                                      = 0x7fc4be4a1000
8699 [0x7fc4bfbd4787] SYS_close(3, 16, 0, 0x6ffffdff)                                                                              = 0
8699 [0x7fc4bfbd4677] SYS_open(0x7fc4bfdd0988, 0x80000, 0, 0x6ffffdff)                                                             = 3
8699 [0x7fc4bfbd4697] SYS_read(3, 0x7fff8019ff28, 832, 0x6ffffdff)                                                                 = 832
8699 [0x7fc4bfbd4604] SYS_fstat(3, 0x7fff8019fe00, 0x7fff8019fe00, 16)                                                             = 0
8699 [0x7fc4bfbd480a] SYS_mmap(0, 0x202e20, 5, 2050)                                                                               = 0x7fc4be098000
8699 [0x7fc4bfbd4857] SYS_mprotect(0x7fc4be09b000, 0x1ff000, 0, 2050)                                                              = 0
8699 [0x7fc4bfbd480a] SYS_mmap(0x7fc4be29a000, 4096, 3, 2066)                                                                      = 0x7fc4be29a000
8699 [0x7fc4bfbd4787] SYS_close(3, 16, 0x7fc4be29ac28, 0x6ffffdff)                                                                 = 0
8699 [0x7fc4bfbd4677] SYS_open(0x7fc4bfdd0e58, 0x80000, 0, 0x6ffffdff)                                                             = 3
8699 [0x7fc4bfbd4697] SYS_read(3, 0x7fff8019fef8, 832, 0x6ffffdff)                                                                 = 832
8699 [0x7fc4bfbd4604] SYS_fstat(3, 0x7fff8019fdd0, 0x7fff8019fdd0, 16)                                                             = 0
8699 [0x7fc4bfbd480a] SYS_mmap(0, 4096, 3, 34)                                                                                     = 0x7fc4bfdcf000
8699 [0x7fc4bfbd480a] SYS_mmap(0, 0x209850, 5, 2050)                                                                               = 0x7fc4bde8e000
8699 [0x7fc4bfbd4857] SYS_mprotect(0x7fc4bde98000, 0x1ff000, 0, 2050)                                                              = 0
8699 [0x7fc4bfbd480a] SYS_mmap(0x7fc4be097000, 4096, 3, 2066)                                                                      = 0x7fc4be097000
8699 [0x7fc4bfbd4787] SYS_close(3, 16, 0x7fc4be097618, 0x6ffffdff)                                                                 = 0
8699 [0x7fc4bfbd4677] SYS_open(0x7fc4bfdcf4b8, 0x80000, 0, 0x6ffffdff)                                                             = 3
8699 [0x7fc4bfbd4697] SYS_read(3, 0x7fff8019fec8, 832, 0x6ffffdff)                                                                 = 832
8699 [0x7fc4bfbd4604] SYS_fstat(3, 0x7fff8019fda0, 0x7fff8019fda0, 16)                                                             = 0
8699 [0x7fc4bfbd480a] SYS_mmap(0, 0x210868, 5, 2050)                                                                               = 0x7fc4bdc7d000
8699 [0x7fc4bfbd4857] SYS_mprotect(0x7fc4bdc8e000, 0x1ff000, 0, 2050)                                                              = 0
8699 [0x7fc4bfbd480a] SYS_mmap(0x7fc4bde8d000, 4096, 3, 2066)                                                                      = 0x7fc4bde8d000
8699 [0x7fc4bfbd4787] SYS_close(3, 16, 0x7fc4bde8d408, 0x6ffffdff)                                                                 = 0
8699 [0x7fc4bfbd4677] SYS_open(0x7fc4bfdcfa40, 0x80000, 0, 0x7fc4bfdd09a0)                                                         = 3
8699 [0x7fc4bfbd4697] SYS_read(3, 0x7fff8019fd68, 832, 0x7fc4bfdd09a0)                                                             = 832
8699 [0x7fc4bfbd4604] SYS_fstat(3, 0x7fff8019fc40, 0x7fff8019fc40, 16)                                                             = 0
8699 [0x7fc4bfbd480a] SYS_mmap(0, 0x2032c8, 5, 2050)                                                                               = 0x7fc4bda79000
8699 [0x7fc4bfbd4857] SYS_mprotect(0x7fc4bda7c000, 0x200000, 0, 2050)                                                              = 0
8699 [0x7fc4bfbd480a] SYS_mmap(0x7fc4bdc7c000, 4096, 3, 2066)                                                                      = 0x7fc4bdc7c000
8699 [0x7fc4bfbd4787] SYS_close(3, 16, 0x7fc4bdc7c188, 0x6ffffdff)                                                                 = 0
8699 [0x7fc4bfbd4677] SYS_open(0x7fc4bfdcff28, 0x80000, 0, 0x6ffffdff)                                                             = 3
8699 [0x7fc4bfbd4697] SYS_read(3, 0x7fff8019fd38, 832, 0x6ffffdff)                                                                 = 832
8699 [0x7fc4bfbd4604] SYS_fstat(3, 0x7fff8019fc10, 0x7fff8019fc10, 16)                                                             = 0
8699 [0x7fc4bfbd480a] SYS_mmap(0, 4096, 3, 34)                                                                                     = 0x7fc4bfdce000
8699 [0x7fc4bfbd480a] SYS_mmap(0, 0x207820, 5, 2050)                                                                               = 0x7fc4bd871000
8699 [0x7fc4bfbd4857] SYS_mprotect(0x7fc4bd878000, 0x200000, 0, 2050)                                                              = 0
8699 [0x7fc4bfbd480a] SYS_mmap(0x7fc4bda78000, 4096, 3, 2066)                                                                      = 0x7fc4bda78000
8699 [0x7fc4bfbd4787] SYS_close(3, 16, 0x7fc4bda78188, 0x6ffffdff)                                                                 = 0
8699 [0x7fc4bfbd4677] SYS_open(0x7fc4bfdce4c8, 0x80000, 0, 0x6ffffdff)                                                             = 3
8699 [0x7fc4bfbd4697] SYS_read(3, 0x7fff8019fd08, 832, 0x6ffffdff)                                                                 = 832
8699 [0x7fc4bfbd4604] SYS_fstat(3, 0x7fff8019fbe0, 0x7fff8019fbe0, 16)                                                             = 0
8699 [0x7fc4bfbd480a] SYS_mmap(0, 0x201f30, 5, 2050)                                                                               = 0x7fc4bd66f000
8699 [0x7fc4bfbd4857] SYS_mprotect(0x7fc4bd671000, 0x1ff000, 0, 2050)                                                              = 0
8699 [0x7fc4bfbd480a] SYS_mmap(0x7fc4bd870000, 4096, 3, 2066)                                                                      = 0x7fc4bd870000
8699 [0x7fc4bfbd4787] SYS_close(3, 16, 0x7fc4bd870e18, 0x6ffffdff)                                                                 = 0
8699 [0x7fc4bfbd4677] SYS_open(0x7fc4bfdcea60, 0x80000, 0, 0x7fc4bfdd24d0)                                                         = 3
8699 [0x7fc4bfbd4697] SYS_read(3, 0x7fff8019fcd8, 832, 0x7fc4bfdd24d0)                                                             = 832
8699 [0x7fc4bfbd4604] SYS_fstat(3, 0x7fff8019fbb0, 0x7fff8019fbb0, 16)                                                             = 0
8699 [0x7fc4bfbd480a] SYS_mmap(0, 0x2022e8, 5, 2050)                                                                               = 0x7fc4bd46c000
8699 [0x7fc4bfbd4857] SYS_mprotect(0x7fc4bd46e000, 0x200000, 0, 2050)                                                              = 0
8699 [0x7fc4bfbd480a] SYS_mmap(0x7fc4bd66e000, 4096, 3, 2066)                                                                      = 0x7fc4bd66e000
8699 [0x7fc4bfbd4787] SYS_close(3, 16, 0x7fc4bd66e198, 0x6ffffdff)                                                                 = 0
8699 [0x7fc4bfbd4677] SYS_open(0x7fc4bfdcef40, 0x80000, 0, 0x6ffffdff)                                                             = 3
8699 [0x7fc4bfbd4697] SYS_read(3, 0x7fff8019fca8, 832, 0x6ffffdff)                                                                 = 832
8699 [0x7fc4bfbd4604] SYS_fstat(3, 0x7fff8019fb80, 0x7fff8019fb80, 16)                                                             = 0
8699 [0x7fc4bfbd480a] SYS_mmap(0, 4096, 3, 34)                                                                                     = 0x7fc4bfdcd000
8699 [0x7fc4bfbd480a] SYS_mmap(0, 0x201f30, 5, 2050)                                                                               = 0x7fc4bd26a000
8699 [0x7fc4bfbd4857] SYS_mprotect(0x7fc4bd26c000, 0x1ff000, 0, 2050)                                                              = 0
8699 [0x7fc4bfbd480a] SYS_mmap(0x7fc4bd46b000, 4096, 3, 2066)                                                                      = 0x7fc4bd46b000
8699 [0x7fc4bfbd4787] SYS_close(3, 16, 0x7fc4bd46be18, 0x6ffffdff)                                                                 = 0
8699 [0x7fc4bfbd4677] SYS_open(0x7fc4bfdcd4c0, 0x80000, 0, 0x6ffffdff)                                                             = 3
8699 [0x7fc4bfbd4697] SYS_read(3, 0x7fff8019fc78, 832, 0x6ffffdff)                                                                 = 832
8699 [0x7fc4bfbd4604] SYS_fstat(3, 0x7fff8019fb50, 0x7fff8019fb50, 16)                                                             = 0
8699 [0x7fc4bfbd480a] SYS_mmap(0, 0x2038b8, 5, 2050)                                                                               = 0x7fc4bd066000
8699 [0x7fc4bfbd4857] SYS_mprotect(0x7fc4bd06a000, 0x1ff000, 0, 2050)                                                              = 0
8699 [0x7fc4bfbd480a] SYS_mmap(0x7fc4bd269000, 4096, 3, 2066)                                                                      = 0x7fc4bd269000
8699 [0x7fc4bfbd4787] SYS_close(3, 16, 0x7fc4bd269748, 0x6ffffdff)                                                                 = 0
8699 [0x7fc4bfbd4677] SYS_open(0x7fc4bfdcda60, 0x80000, 0, 0x7fc4bfdd0000)                                                         = 3
8699 [0x7fc4bfbd4697] SYS_read(3, 0x7fff8019fc18, 832, 0x7fc4bfdd0000)                                                             = 832
8699 [0x7fc4bfbd4604] SYS_fstat(3, 0x7fff8019faf0, 0x7fff8019faf0, 16)                                                             = 0
8699 [0x7fc4bfbd480a] SYS_mmap(0, 0x210848, 5, 2050)                                                                               = 0x7fc4bce55000
8699 [0x7fc4bfbd4857] SYS_mprotect(0x7fc4bce65000, 0x1ff000, 0, 2050)                                                              = 0
8699 [0x7fc4bfbd480a] SYS_mmap(0x7fc4bd064000, 8192, 3, 2066)                                                                      = 0x7fc4bd064000
8699 [0x7fc4bfbd4787] SYS_close(3, 16, 0x7fc4bd064d90, 0x6ffffdff)                                                                 = 0
8699 [0x7fc4bfbd4677] SYS_open(0x7fc4bfdcdf48, 0x80000, 0, 0x6ffffdff)                                                             = 3
8699 [0x7fc4bfbd4697] SYS_read(3, 0x7fff8019fbe8, 832, 0x6ffffdff)                                                                 = 832
8699 [0x7fc4bfbd4604] SYS_fstat(3, 0x7fff8019fac0, 0x7fff8019fac0, 16)                                                             = 0
8699 [0x7fc4bfbd480a] SYS_mmap(0, 4096, 3, 34)                                                                                     = 0x7fc4bfdcc000
8699 [0x7fc4bfbd480a] SYS_mmap(0, 0x20acf0, 5, 2050)                                                                               = 0x7fc4bcc4a000
8699 [0x7fc4bfbd4857] SYS_mprotect(0x7fc4bcc55000, 0x1ff000, 0, 2050)                                                              = 0
8699 [0x7fc4bfbd480a] SYS_mmap(0x7fc4bce54000, 4096, 3, 2066)                                                                      = 0x7fc4bce54000
8699 [0x7fc4bfbd4787] SYS_close(3, 16, 0x7fc4bce54750, 0x6ffffdff)                                                                 = 0
8699 [0x7fc4bfbd4677] SYS_open(0x7fc4bfdcc560, 0x80000, 0, 0x7fc4bfdd0000)                                                         = 3
8699 [0x7fc4bfbd4697] SYS_read(3, 0x7fff8019fbb8, 832, 0x7fc4bfdd0000)                                                             = 832
8699 [0x7fc4bfbd4604] SYS_fstat(3, 0x7fff8019fa90, 0x7fff8019fa90, 32)                                                             = 0
8699 [0x7fc4bfbd480a] SYS_mmap(0, 0x2361e0, 5, 2050)                                                                               = 0x7fc4bca13000
8699 [0x7fc4bfbd4857] SYS_mprotect(0x7fc4bca1b000, 0x1ff000, 0, 2050)                                                              = 0
8699 [0x7fc4bfbd480a] SYS_mmap(0x7fc4bcc1a000, 8192, 3, 2066)                                                                      = 0x7fc4bcc1a000
8699 [0x7fc4bfbd480a] SYS_mmap(0x7fc4bcc1c000, 0x2d1e0, 3, 50)                                                                     = 0x7fc4bcc1c000
8699 [0x7fc4bfbd4787] SYS_close(3, 16, 0, 0x6ffffdff)                                                                              = 0
8699 [0x7fc4bfbd4677] SYS_open(0x7fc4bfdcca30, 0x80000, 0, 0x6ffffdff)                                                             = 3
8699 [0x7fc4bfbd4697] SYS_read(3, 0x7fff8019fb88, 832, 0x6ffffdff)                                                                 = 832
8699 [0x7fc4bfbd4604] SYS_fstat(3, 0x7fff8019fa60, 0x7fff8019fa60, 16)                                                             = 0
8699 [0x7fc4bfbd480a] SYS_mmap(0, 0x43fe88, 5, 2050)                                                                               = 0x7fc4bc5d3000
8699 [0x7fc4bfbd4857] SYS_mprotect(0x7fc4bc7e8000, 0x200000, 0, 2050)                                                              = 0
8699 [0x7fc4bfbd480a] SYS_mmap(0x7fc4bc9e8000, 0x27000, 3, 2066)                                                                   = 0x7fc4bc9e8000
8699 [0x7fc4bfbd480a] SYS_mmap(0x7fc4bca0f000, 0x3e88, 3, 50)                                                                      = 0x7fc4bca0f000
8699 [0x7fc4bfbd4857] SYS_mprotect(0x7fff801a1000, 4096, 0x1000007, 4)                                                             = 0
8699 [0x7fc4bfbd4787] SYS_close(3, 4096, 0x1000007, 4)                                                                             = 0
8699 [0x7fc4bfbd4677] SYS_open(0x7fc4bfdccfb0, 0x80000, 0, 0x7fc4bfdcf4d0)                                                         = 3
8699 [0x7fc4bfbd4697] SYS_read(3, 0x7fff8019fb58, 832, 0x7fc4bfdcf4d0)                                                             = 832
8699 [0x7fc4bfbd4604] SYS_fstat(3, 0x7fff8019fa30, 0x7fff8019fa30, 16)                                                             = 0
8699 [0x7fc4bfbd480a] SYS_mmap(0, 4096, 3, 34)                                                                                     = 0x7fc4bfdcb000
8699 [0x7fc4bfbd480a] SYS_mmap(0, 0x215730, 5, 2050)                                                                               = 0x7fc4bc3bd000
8699 [0x7fc4bfbd4857] SYS_mprotect(0x7fc4bc3d3000, 0x1ff000, 0, 2050)                                                              = 0
8699 [0x7fc4bfbd480a] SYS_mmap(0x7fc4bc5d2000, 4096, 3, 2066)                                                                      = 0x7fc4bc5d2000
8699 [0x7fc4bfbd4787] SYS_close(3, 16, 0x7fc4bc5d2490, 0x6ffffdff)                                                                 = 0
8699 [0x7fc4bfbd4677] SYS_open(0x7fc4bfdcb4f0, 0x80000, 0, 0x6ffffdff)                                                             = 3
8699 [0x7fc4bfbd4697] SYS_read(3, 0x7fff8019fb28, 832, 0x6ffffdff)                                                                 = 832
8699 [0x7fc4bfbd4604] SYS_fstat(3, 0x7fff8019fa00, 0x7fff8019fa00, 32)                                                             = 0
8699 [0x7fc4bfbd480a] SYS_mmap(0, 0x2fd148, 5, 2050)                                                                               = 0x7fc4bc0bf000
8699 [0x7fc4bfbd4857] SYS_mprotect(0x7fc4bc1bc000, 0x1ff000, 0, 2050)                                                              = 0
8699 [0x7fc4bfbd480a] SYS_mmap(0x7fc4bc3bb000, 8192, 3, 2066)                                                                      = 0x7fc4bc3bb000
8699 [0x7fc4bfbd4787] SYS_close(3, 16, 0, 0x6ffffdff)                                                                              = 0
8699 [0x7fc4bfbd4677] SYS_open(0x7fff8019f8f0, 0x80000, 0, 0x36782f39325f3130)                                                     = -2
8699 [0x7fc4bfbd45c5] SYS_stat(0x7fff8019f8f0, 0x7fff8019f9d0, 0x7fff8019f9d0, 0x36782f39325f3130)                                 = -2
8699 [0x7fc4bfbd4677] SYS_open(0x7fff8019f8f0, 0x80000, 0, 0x36782f39325f3130)                                                     = -2
8699 [0x7fc4bfbd45c5] SYS_stat(0x7fff8019f8f0, 0x7fff8019f9d0, 0x7fff8019f9d0, 0x36782f39325f3130)                                 = -2
8699 [0x7fc4bfbd4677] SYS_open(0x7fff8019f8f0, 0x80000, 0, 0x36782f39325f3130)                                                     = -2
8699 [0x7fc4bfbd45c5] SYS_stat(0x7fff8019f8f0, 0x7fff8019f9d0, 0x7fff8019f9d0, 0x36782f39325f3130)                                 = -2
8699 [0x7fc4bfbd4677] SYS_open(0x7fff8019f8f0, 0x80000, 0, 0x36782f39325f3130)                                                     = -2
8699 [0x7fc4bfbd45c5] SYS_stat(0x7fff8019f8f0, 0x7fff8019f9d0, 0x7fff8019f9d0, 0x36782f39325f3130)                                 = -2
8699 [0x7fc4bfbd4677] SYS_open(0x7fc4bfdcbdd0, 0x80000, 0, 0x36782f39325f3130)                                                     = 3
8699 [0x7fc4bfbd4697] SYS_read(3, 0x7fff8019faf8, 832, 0x36782f39325f3130)                                                         = 832
8699 [0x7fc4bfbd4604] SYS_fstat(3, 0x7fff8019f9d0, 0x7fff8019f9d0, 16)                                                             = 0
8699 [0x7fc4bfbd480a] SYS_mmap(0, 4096, 3, 34)                                                                                     = 0x7fc4bfdca000
8699 [0x7fc4bfbd480a] SYS_mmap(0, 0x2f8980, 5, 2050)                                                                               = 0x7fc4bbdc6000
8699 [0x7fc4bfbd4857] SYS_mprotect(0x7fc4bbebd000, 0x200000, 0, 2050)                                                              = 0
8699 [0x7fc4bfbd480a] SYS_mmap(0x7fc4bc0bd000, 8192, 3, 2066)                                                                      = 0x7fc4bc0bd000
8699 [0x7fc4bfbd4787] SYS_close(3, 16, 0x7fc4bc0bd3a0, 0x6ffffdff)                                                                 = 0
8699 [0x7fc4bfbd4677] SYS_open(0x7fc4bfdca4c8, 0x80000, 0, 0x6ffffdff)                                                             = 3
8699 [0x7fc4bfbd4697] SYS_read(3, 0x7fff8019fac8, 832, 0x6ffffdff)                                                                 = 832
8699 [0x7fc4bfbd4604] SYS_fstat(3, 0x7fff8019f9a0, 0x7fff8019f9a0, 16)                                                             = 0
8699 [0x7fc4bfbd480a] SYS_mmap(0, 0x2fc9d8, 5, 2050)                                                                               = 0x7fc4bbac9000
8699 [0x7fc4bfbd4857] SYS_mprotect(0x7fc4bbbc4000, 0x200000, 0, 2050)                                                              = 0
8699 [0x7fc4bfbd480a] SYS_mmap(0x7fc4bbdc4000, 8192, 3, 2066)                                                                      = 0x7fc4bbdc4000
8699 [0x7fc4bfbd4787] SYS_close(3, 16, 0x7fc4bbdc5828, 0x6ffffdff)                                                                 = 0
8699 [0x7fc4bfbd4677] SYS_open(0x7fc4bfdca998, 0x80000, 0, 0x6ffffdff)                                                             = 3
8699 [0x7fc4bfbd4697] SYS_read(3, 0x7fff8019fa98, 832, 0x6ffffdff)                                                                 = 832
8699 [0x7fc4bfbd4604] SYS_fstat(3, 0x7fff8019f970, 0x7fff8019f970, 16)                                                             = 0
8699 [0x7fc4bfbd480a] SYS_mmap(0, 0x242830, 5, 2050)                                                                               = 0x7fc4bb886000
8699 [0x7fc4bfbd4857] SYS_mprotect(0x7fc4bb8c9000, 0x1ff000, 0, 2050)                                                              = 0
8699 [0x7fc4bfbd480a] SYS_mmap(0x7fc4bbac8000, 4096, 3, 2066)                                                                      = 0x7fc4bbac8000
8699 [0x7fc4bfbd4787] SYS_close(3, 16, 0x7fc4bbac8630, 0x6ffffdff)                                                                 = 0
8699 [0x7fc4bfbd4677] SYS_open(0x7fc4bfdcaf70, 0x80000, 0, 0x7fc4bfdd19b8)                                                         = 3
8699 [0x7fc4bfbd4697] SYS_read(3, 0x7fff8019fa68, 832, 0x7fc4bfdd19b8)                                                             = 832
8699 [0x7fc4bfbd4604] SYS_fstat(3, 0x7fff8019f940, 0x7fff8019f940, 32)                                                             = 0
8699 [0x7fc4bfbd480a] SYS_mmap(0, 4096, 3, 34)                                                                                     = 0x7fc4bfdc9000
8699 [0x7fc4bfbd480a] SYS_mmap(0, 0x203118, 5, 2050)                                                                               = 0x7fc4bb682000
8699 [0x7fc4bfbd4857] SYS_mprotect(0x7fc4bb684000, 0x200000, 0, 2050)                                                              = 0
8699 [0x7fc4bfbd480a] SYS_mmap(0x7fc4bb884000, 8192, 3, 2066)                                                                      = 0x7fc4bb884000
8699 [0x7fc4bfbd4787] SYS_close(3, 16, 0x7fc4bb884f40, 0x6ffffdff)                                                                 = 0
8699 [0x7fc4bfbd480a] SYS_mmap(0, 4096, 3, 34)                                                                                     = 0x7fc4bfdc8000
8699 [0x7fc4bfbd480a] SYS_mmap(0, 4096, 3, 34)                                                                                     = 0x7fc4bfdc7000
8699 [0x7fc4bfbd480a] SYS_mmap(0, 8192, 3, 34)                                                                                     = 0x7fc4bfdc5000
8699 [0x7fc4bfbbe044] SYS_arch_prctl(4098, 0x7fc4bfdc5780, 0x7fc4bfdc6080, 34)                                                     = 0
8699 [0x7fc4bfbd4857] SYS_mprotect(0x7fc4bf514000, 0x4000, 1, 1)                                                                   = 0
8699 [0x7fc4bfbd4857] SYS_mprotect(0x7fc4bb884000, 4096, 1, 0x7fc4bb682c68)                                                        = 0
8699 [0x7fc4bfbd4857] SYS_mprotect(0x7fc4be6ba000, 4096, 1, 0x7fc4be4a8500)                                                        = 0
8699 [0x7fc4bfbd4857] SYS_mprotect(0x7fc4bc3bb000, 4096, 1, 1)                                                                     = 0
8699 [0x7fc4bfbd4857] SYS_mprotect(0x7fc4bcc1a000, 4096, 1, 0x7fc4bca13a00)                                                        = 0
8699 [0x7fc4bfbd4857] SYS_mprotect(0x7fc4be97e000, 0x7000, 1, 0x7fc4be718810)                                                      = 0
8699 [0x7fc4bfbd4857] SYS_mprotect(0x7fc4be4a1000, 4096, 1, 0x7fc4be29cd58)                                                        = 0
8699 [0x7fc4bfbd4857] SYS_mprotect(0x7fc4bfddd000, 4096, 1, 0)                                                                     = 0
8699 [0x7fc4bfbd4837] SYS_munmap(0x7fc4bfdd3000, 0x83b3, 0x6ff00, 0)                                                               = 0
8699 [0x7fc4be4a9e92] SYS_set_tid_address(0x7fc4bfdc5a50, 0x7fff801a1a58, 0x7fc4bfdc5780, 0)                                       = 8699
8699 [0x7fc4be4a9efa] SYS_set_robust_list(0x7fc4bfdc5a60, 24, 0x7fc4bfdc5780, 0)                                                   = 0
8699 [0x7fc4be4b3cf5] SYS_rt_sigaction(32, 0x7fff801a17a8, 0, 8)                                                                   = 0
8699 [0x7fc4be4b3cf5] SYS_rt_sigaction(33, 0x7fff801a17a8, 0, 8)                                                                   = 0
8699 [0x7fc4be4a9fd6] SYS_rt_sigprocmask(1, 0x7fff801a18f8, 0, 8)                                                                  = 0
8699 [0x7fc4bf260b17] SYS_getrlimit(3, 0x7fff801a1990, 63, 1)                                                                      = 0
8699 [0x7fc4be4a9b95] SYS_futex(0x7fc4be9887e0, 129, 0x7fffffff, 0)                                                                = 0
8699 [0x4009e1] ledctrl->Hal_Led_Set_Mode(11, 4, 0x7fc4bf2cec60, 0 <unfinished ...>
8699 [0x7fc4bf524575]   libnhal.so->Hal_Lookup_Hardware_Info(0x7fff801a1780, 4, 0x7fc4bf2cec60, 0 <unfinished ...>
8699 [0x7fc4bf25b557]     SYS_statfs(0x7fc4be4b61e8, 0x7fff801a1570, 0x7fc4be6bf310, 1)                                            = 0
8699 [0x7fc4be4a9b95]     SYS_futex(0x7fc4be6bf310, 129, 0x7fffffff, 0)                                                            = 0
8699 [0x7fc4bf25b7e0]     SYS_open(0x7fff801a1680, 0xa0002, 484, 1)                                                                = 3
8699 [0x7fc4bf26472a]     SYS_mmap(0, 220, 3, 1)                                                                                   = 0x7fc4bfddb000
8699 [0x7fc4bf25c070]     SYS_close(3, 220, 3, 1)                                                                                  = 0
8699 [0x7fc4bf5237f0]     libnhal.so->Hw_Semaphore_Init(0x7fff801a1730, 0x7fc4bf526287, 1, -1 <unfinished ...>
8699 [0x7fc4bf25b405]       SYS_lstat(0x7fff801a15e0, 0x7fff801a14f0, 0x7fff801a14f0, 0)                                           = -2
8699 [0x7fc4be4b3510]       SYS_open(0x7fff801a15e0, 194, 600, 0)                                                                  = 3
8699 [0x7fc4be4b2da0]       SYS_write(3, 0x7fff801a1660, 32, 0)                                                                    = 32
8699 [0x7fc4bf26472a]       SYS_mmap(0, 32, 3, 1)                                                                                  = 0x7fc4bfdda000
8699 [0x7fc4bf25d1a7]       SYS_link(0x7fff801a15e0, 0x7fff801a1610, 3, 1)                                                         = -17
8699 [0x7fc4bf264757]       SYS_munmap(0x7fc4bfdda000, 32, 3, 1)                                                                   = 0
8699 [0x7fc4bf25d2c7]       SYS_unlink(0x7fff801a15e0, 32, 3, 1)                                                                   = 0
8699 [0x7fc4be4b2e60]       SYS_close(3, 32, 3, 1)                                                                                 = 0
8699 [0x7fc4be4b3510]       SYS_open(0x7fff801a1610, 0x20002, 18, 1)                                                               = 3
8699 [0x7fc4bf25b3b4]       SYS_fstat(3, 0x7fff801a1540, 0x7fff801a1540, 1)                                                        = 0
8699 [0x7fc4bf260f5a]       SYS_brk(0, 0x7fc4bf518640, 0, -4096)                                                                   = 0xdb1000
8699 [0x7fc4bf260f5a]       SYS_brk(0xdd2000, 0xdb1000, 0xdd2000, -4096)                                                           = 0xdd2000
8699 [0x7fc4bf26472a]       SYS_mmap(0, 32, 3, 1)                                                                                  = 0x7fc4bfdda000
8699 [0x7fc4be4b2e60]       SYS_close(3, 32, 0, 3)                                                                                 = 0
8699 [0x7fc4bf5237f0]     <... Hw_Semaphore_Init resumed> )                                                                        = 17
8699 [0x7fc4bf523800]     libnhal.so->Hw_Semaphore_Lock(0x7fff801a1730, 32, 0x7fc4bfdda000, -1)                                    = 0
8699 [0x7fc4bf523918]     libnhal.so->Hw_Semaphore_Unlock(0x7fff801a1730, 2, 0x7fc4bfddb000, 0)                                    = 0
8699 [0x7fc4bf523924]     libnhal.so->Hw_Semaphore_Release(0x7fff801a1730, 128, 0, 0 <unfinished ...>
8699 [0x7fc4bf264757]       SYS_munmap(0x7fc4bfdda000, 32, 0, 1)                                                                   = 0
8699 [0x7fc4bf523924]     <... Hw_Semaphore_Release resumed> )                                                                     = 0
8699 [0x7fc4bf524575]   <... Hal_Lookup_Hardware_Info resumed> )                                                                   = 0
8699 [0x4009e1] <... Hal_Led_Set_Mode resumed> )                                                                                   = 0xffffffea
8699 [0x7fc4bf1b5932] libgeneral.so->Trace_Mem_Destroy()(0x7fc4beecdd40, 0, 0xbe5b713552030f5c, 16)                                = 0
8699 [0x7fc4bf238468] SYS_exit_group(-22, 60, -22, 0x7fc4bf51ba48 <unfinished ...>
8699 [0xffffffffffffffff] +++ exited (status 234) +++
