8621 [0x7f4086cd98aa] SYS_brk(0, 0x7f4086cdcfa0, 0, 895)                                                                           = 0x758000
8621 [0x7f4086cda7e7] SYS_readlink(0x7fff3cedeb82, 0x7fff3cedc750, 4096, 0x756e694c00000000)                                       = -2
8621 [0x7f4086cda677] SYS_open(0x7f4086cde1f3, 0, 0, 0x756e694c00000000)                                                           = 3
8621 [0x7f4086cda7a7] SYS_chdir(0x7f4086ee5ba8, 0, 0, 0x756e694c00000000)                                                          = -2
8621 [0x7f4086cd99d2] SYS_getcwd(0x7fff3cedc750, 4096, 0, 0x756e694c00000000)                                                      = 23
8621 [0x7f4086cda7c7] SYS_fchdir(3, 4096, 0, 0x756e694c00000000)                                                                   = 0
8621 [0x7f4086cda787] SYS_close(3, 4096, 0, 0x756e694c00000000)                                                                    = 0
8621 [0x7f4086cda80a] SYS_mmap(0, 4096, 3, 34)                                                                                     = 0x7f4086ee2000
8621 [0x7f4086cda6d7] SYS_access(0x7f4086ce0700, 4, 0x7f4086ee5718, 0)                                                             = -2
8621 [0x7f4086cda677] SYS_open(0x7f4086cde072, 0x80000, 1, 0)                                                                      = 3
8621 [0x7f4086cda604] SYS_fstat(3, 0x7fff3cedbf30, 0x7fff3cedbf30, 0)                                                              = 0
8621 [0x7f4086cda80a] SYS_mmap(0, 0x83b3, 1, 2)                                                                                    = 0x7f4086ed9000
8621 [0x7f4086cda787] SYS_close(3, 0x83b3, 1, 2)                                                                                   = 0
8621 [0x7f4086cda677] SYS_open(0x7f4086ee2640, 0x80000, 0, 56)                                                                     = 3
8621 [0x7f4086cda697] SYS_read(3, 0x7fff3cedc0b8, 832, 56)                                                                         = 832
8621 [0x7f4086cda604] SYS_fstat(3, 0x7fff3cedbf90, 0x7fff3cedbf90, 16)                                                             = 0
8621 [0x7f4086cda80a] SYS_mmap(0, 0x278960, 5, 2050)                                                                               = 0x7f4086a4a000
8621 [0x7f4086cda857] SYS_mprotect(0x7f4086ac0000, 0x200000, 0, 2050)                                                              = 0
8621 [0x7f4086cda80a] SYS_mmap(0x7f4086cc0000, 0x3000, 3, 2066)                                                                    = 0x7f4086cc0000
8621 [0x7f4086cda787] SYS_close(3, 16, 0x7f4086cc03e0, 0x6ffffdff)                                                                 = 0
8621 [0x7f4086cda677] SYS_open(0x7f4086ee2b10, 0x80000, 0, 0x6ffffdff)                                                             = 3
8621 [0x7f4086cda697] SYS_read(3, 0x7fff3cedc088, 832, 0x6ffffdff)                                                                 = 832
8621 [0x7f4086cda604] SYS_fstat(3, 0x7fff3cedbf60, 0x7fff3cedbf60, 16)                                                             = 0
8621 [0x7f4086cda80a] SYS_mmap(0, 0x21bee0, 5, 2050)                                                                               = 0x7f408682e000
8621 [0x7f4086cda857] SYS_mprotect(0x7f4086849000, 0x200000, 0, 2050)                                                              = 0
8621 [0x7f4086cda80a] SYS_mmap(0x7f4086a49000, 4096, 3, 2066)                                                                      = 0x7f4086a49000
8621 [0x7f4086cda787] SYS_close(3, 16, 0x7f4086a49208, 0x6ffffdff)                                                                 = 0
8621 [0x7f4086cda677] SYS_open(0x7f4086ee2fe0, 0x80000, 0, 0x6ffffdff)                                                             = 3
8621 [0x7f4086cda697] SYS_read(3, 0x7fff3cedc058, 832, 0x6ffffdff)                                                                 = 832
8621 [0x7f4086cda604] SYS_fstat(3, 0x7fff3cedbf30, 0x7fff3cedbf30, 16)                                                             = 0
8621 [0x7f4086cda80a] SYS_mmap(0, 4096, 3, 34)                                                                                     = 0x7f4086ed8000
8621 [0x7f4086cda80a] SYS_mmap(0, 0x209ad0, 5, 2050)                                                                               = 0x7f4086624000
8621 [0x7f4086cda857] SYS_mprotect(0x7f408662e000, 0x1ff000, 0, 2050)                                                              = 0
8621 [0x7f4086cda80a] SYS_mmap(0x7f408682d000, 4096, 3, 2066)                                                                      = 0x7f408682d000
8621 [0x7f4086cda787] SYS_close(3, 16, 0x7f408682d690, 0x6ffffdff)                                                                 = 0
8621 [0x7f4086cda677] SYS_open(0x7f4086ed84b8, 0x80000, 0, 0x6ffffdff)                                                             = 3
8621 [0x7f4086cda697] SYS_read(3, 0x7fff3cedc028, 832, 0x6ffffdff)                                                                 = 832
8621 [0x7f4086cda604] SYS_fstat(3, 0x7fff3cedbf00, 0x7fff3cedbf00, 32)                                                             = 0
8621 [0x7f4086cda80a] SYS_mmap(0, 0x39dc40, 5, 2050)                                                                               = 0x7f4086286000
8621 [0x7f4086cda857] SYS_mprotect(0x7f408641a000, 0x200000, 0, 2050)                                                              = 0
8621 [0x7f4086cda80a] SYS_mmap(0x7f408661a000, 0x6000, 3, 2066)                                                                    = 0x7f408661a000
8621 [0x7f4086cda80a] SYS_mmap(0x7f4086620000, 0x3c40, 3, 50)                                                                      = 0x7f4086620000
8621 [0x7f4086cda787] SYS_close(3, 16, 0, 0x6ffffdff)                                                                              = 0
8621 [0x7f4086cda677] SYS_open(0x7f4086ed8988, 0x80000, 0, 0x6ffffdff)                                                             = 3
8621 [0x7f4086cda697] SYS_read(3, 0x7fff3cedbed8, 832, 0x6ffffdff)                                                                 = 832
8621 [0x7f4086cda604] SYS_fstat(3, 0x7fff3cedbdb0, 0x7fff3cedbdb0, 16)                                                             = 0
8621 [0x7f4086cda80a] SYS_mmap(0, 0x2b09d0, 5, 2050)                                                                               = 0x7f4085fd5000
8621 [0x7f4086cda857] SYS_mprotect(0x7f4086084000, 0x1ff000, 0, 2050)                                                              = 0
8621 [0x7f4086cda80a] SYS_mmap(0x7f4086283000, 0x3000, 3, 2066)                                                                    = 0x7f4086283000
8621 [0x7f4086cda787] SYS_close(3, 16, 0x7f40862839a8, 0x6ffffdff)                                                                 = 0
8621 [0x7f4086cda677] SYS_open(0x7f4086ed8e58, 0x80000, 0, 0x6ffffdff)                                                             = 3
8621 [0x7f4086cda697] SYS_read(3, 0x7fff3cedbea8, 832, 0x6ffffdff)                                                                 = 832
8621 [0x7f4086cda604] SYS_fstat(3, 0x7fff3cedbd80, 0x7fff3cedbd80, 16)                                                             = 0
8621 [0x7f4086cda80a] SYS_mmap(0, 4096, 3, 34)                                                                                     = 0x7f4086ed7000
8621 [0x7f4086cda80a] SYS_mmap(0, 0x294ee0, 5, 2050)                                                                               = 0x7f4085d40000
8621 [0x7f4086cda857] SYS_mprotect(0x7f4085dd2000, 0x1ff000, 0, 2050)                                                              = 0
8621 [0x7f4086cda80a] SYS_mmap(0x7f4085fd1000, 0x3000, 3, 2066)                                                                    = 0x7f4085fd1000
8621 [0x7f4086cda80a] SYS_mmap(0x7f4085fd4000, 3808, 3, 50)                                                                        = 0x7f4085fd4000
8621 [0x7f4086cda787] SYS_close(3, 16, 0x7f4085fd1e30, 0x6ffffdff)                                                                 = 0
8621 [0x7f4086cda677] SYS_open(0x7f4086ed74b8, 0x80000, 0, 0x6ffffdff)                                                             = 3
8621 [0x7f4086cda697] SYS_read(3, 0x7fff3cedbe78, 832, 0x6ffffdff)                                                                 = 832
8621 [0x7f4086cda604] SYS_fstat(3, 0x7fff3cedbd50, 0x7fff3cedbd50, 16)                                                             = 0
8621 [0x7f4086cda80a] SYS_mmap(0, 0x29d850, 5, 2050)                                                                               = 0x7f4085aa2000
8621 [0x7f4086cda857] SYS_mprotect(0x7f4085b3b000, 0x200000, 0, 2050)                                                              = 0
8621 [0x7f4086cda80a] SYS_mmap(0x7f4085d3b000, 0x3000, 3, 2066)                                                                    = 0x7f4085d3b000
8621 [0x7f4086cda80a] SYS_mmap(0x7f4085d3e000, 6224, 3, 50)                                                                        = 0x7f4085d3e000
8621 [0x7f4086cda787] SYS_close(3, 16, 0x7f4085d3ccc8, 0x6ffffdff)                                                                 = 0
8621 [0x7f4086cda677] SYS_open(0x7f4086ed79a0, 0x80000, 0, 0x6ffffdff)                                                             = 3
8621 [0x7f4086cda697] SYS_read(3, 0x7fff3cedbe48, 832, 0x6ffffdff)                                                                 = 832
8621 [0x7f4086cda604] SYS_fstat(3, 0x7fff3cedbd20, 0x7fff3cedbd20, 16)                                                             = 0
8621 [0x7f4086cda80a] SYS_mmap(0, 0x2dbbb0, 5, 2050)                                                                               = 0x7f40857c6000
8621 [0x7f4086cda857] SYS_mprotect(0x7f4085884000, 0x200000, 0, 2050)                                                              = 0
8621 [0x7f4086cda80a] SYS_mmap(0x7f4085a84000, 0xa000, 3, 2066)                                                                    = 0x7f4085a84000
8621 [0x7f4086cda80a] SYS_mmap(0x7f4085a8e000, 0x13bb0, 3, 50)                                                                     = 0x7f4085a8e000
8621 [0x7f4086cda787] SYS_close(3, 16, 0x7f4085a8a4d8, 0x6ffffdff)                                                                 = 0
8621 [0x7f4086cda677] SYS_open(0x7f4086ed7e70, 0x80000, 0, 0x6ffffdff)                                                             = 3
8621 [0x7f4086cda697] SYS_read(3, 0x7fff3cedbe18, 832, 0x6ffffdff)                                                                 = 832
8621 [0x7f4086cda604] SYS_fstat(3, 0x7fff3cedbcf0, 0x7fff3cedbcf0, 32)                                                             = 0
8621 [0x7f4086cda80a] SYS_mmap(0, 4096, 3, 34)                                                                                     = 0x7f4086ed6000
8621 [0x7f4086cda80a] SYS_mmap(0, 0x21c490, 5, 2050)                                                                               = 0x7f40855a9000
8621 [0x7f4086cda857] SYS_mprotect(0x7f40855c1000, 0x1ff000, 0, 2050)                                                              = 0
8621 [0x7f4086cda80a] SYS_mmap(0x7f40857c0000, 8192, 3, 2066)                                                                      = 0x7f40857c0000
8621 [0x7f4086cda80a] SYS_mmap(0x7f40857c2000, 0x3490, 3, 50)                                                                      = 0x7f40857c2000
8621 [0x7f4086cda787] SYS_close(3, 16, 0, 0x6ffffdff)                                                                              = 0
8621 [0x7f4086cda677] SYS_open(0x7f4086ed64b8, 0x80000, 0, 0x6ffffdff)                                                             = 3
8621 [0x7f4086cda697] SYS_read(3, 0x7fff3cedbde8, 832, 0x6ffffdff)                                                                 = 832
8621 [0x7f4086cda604] SYS_fstat(3, 0x7fff3cedbcc0, 0x7fff3cedbcc0, 32)                                                             = 0
8621 [0x7f4086cda80a] SYS_mmap(0, 0x207bc0, 5, 2050)                                                                               = 0x7f40853a1000
8621 [0x7f4086cda857] SYS_mprotect(0x7f40853a8000, 0x1ff000, 0, 2050)                                                              = 0
8621 [0x7f4086cda80a] SYS_mmap(0x7f40855a7000, 8192, 3, 2066)                                                                      = 0x7f40855a7000
8621 [0x7f4086cda787] SYS_close(3, 16, 0, 0x6ffffdff)                                                                              = 0
8621 [0x7f4086cda677] SYS_open(0x7f4086ed6988, 0x80000, 0, 0x6ffffdff)                                                             = 3
8621 [0x7f4086cda697] SYS_read(3, 0x7fff3cedbdb8, 832, 0x6ffffdff)                                                                 = 832
8621 [0x7f4086cda604] SYS_fstat(3, 0x7fff3cedbc90, 0x7fff3cedbc90, 16)                                                             = 0
8621 [0x7f4086cda80a] SYS_mmap(0, 0x202e20, 5, 2050)                                                                               = 0x7f408519e000
8621 [0x7f4086cda857] SYS_mprotect(0x7f40851a1000, 0x1ff000, 0, 2050)                                                              = 0
8621 [0x7f4086cda80a] SYS_mmap(0x7f40853a0000, 4096, 3, 2066)                                                                      = 0x7f40853a0000
8621 [0x7f4086cda787] SYS_close(3, 16, 0x7f40853a0c28, 0x6ffffdff)                                                                 = 0
8621 [0x7f4086cda677] SYS_open(0x7f4086ed6e58, 0x80000, 0, 0x6ffffdff)                                                             = 3
8621 [0x7f4086cda697] SYS_read(3, 0x7fff3cedbd88, 832, 0x6ffffdff)                                                                 = 832
8621 [0x7f4086cda604] SYS_fstat(3, 0x7fff3cedbc60, 0x7fff3cedbc60, 16)                                                             = 0
8621 [0x7f4086cda80a] SYS_mmap(0, 4096, 3, 34)                                                                                     = 0x7f4086ed5000
8621 [0x7f4086cda80a] SYS_mmap(0, 0x209850, 5, 2050)                                                                               = 0x7f4084f94000
8621 [0x7f4086cda857] SYS_mprotect(0x7f4084f9e000, 0x1ff000, 0, 2050)                                                              = 0
8621 [0x7f4086cda80a] SYS_mmap(0x7f408519d000, 4096, 3, 2066)                                                                      = 0x7f408519d000
8621 [0x7f4086cda787] SYS_close(3, 16, 0x7f408519d618, 0x6ffffdff)                                                                 = 0
8621 [0x7f4086cda677] SYS_open(0x7f4086ed54b8, 0x80000, 0, 0x6ffffdff)                                                             = 3
8621 [0x7f4086cda697] SYS_read(3, 0x7fff3cedbd58, 832, 0x6ffffdff)                                                                 = 832
8621 [0x7f4086cda604] SYS_fstat(3, 0x7fff3cedbc30, 0x7fff3cedbc30, 16)                                                             = 0
8621 [0x7f4086cda80a] SYS_mmap(0, 0x210868, 5, 2050)                                                                               = 0x7f4084d83000
8621 [0x7f4086cda857] SYS_mprotect(0x7f4084d94000, 0x1ff000, 0, 2050)                                                              = 0
8621 [0x7f4086cda80a] SYS_mmap(0x7f4084f93000, 4096, 3, 2066)                                                                      = 0x7f4084f93000
8621 [0x7f4086cda787] SYS_close(3, 16, 0x7f4084f93408, 0x6ffffdff)                                                                 = 0
8621 [0x7f4086cda677] SYS_open(0x7f4086ed5a40, 0x80000, 0, 0x7f4086ed69a0)                                                         = 3
8621 [0x7f4086cda697] SYS_read(3, 0x7fff3cedbbf8, 832, 0x7f4086ed69a0)                                                             = 832
8621 [0x7f4086cda604] SYS_fstat(3, 0x7fff3cedbad0, 0x7fff3cedbad0, 16)                                                             = 0
8621 [0x7f4086cda80a] SYS_mmap(0, 0x2032c8, 5, 2050)                                                                               = 0x7f4084b7f000
8621 [0x7f4086cda857] SYS_mprotect(0x7f4084b82000, 0x200000, 0, 2050)                                                              = 0
8621 [0x7f4086cda80a] SYS_mmap(0x7f4084d82000, 4096, 3, 2066)                                                                      = 0x7f4084d82000
8621 [0x7f4086cda787] SYS_close(3, 16, 0x7f4084d82188, 0x6ffffdff)                                                                 = 0
8621 [0x7f4086cda677] SYS_open(0x7f4086ed5f28, 0x80000, 0, 0x6ffffdff)                                                             = 3
8621 [0x7f4086cda697] SYS_read(3, 0x7fff3cedbbc8, 832, 0x6ffffdff)                                                                 = 832
8621 [0x7f4086cda604] SYS_fstat(3, 0x7fff3cedbaa0, 0x7fff3cedbaa0, 16)                                                             = 0
8621 [0x7f4086cda80a] SYS_mmap(0, 4096, 3, 34)                                                                                     = 0x7f4086ed4000
8621 [0x7f4086cda80a] SYS_mmap(0, 0x207820, 5, 2050)                                                                               = 0x7f4084977000
8621 [0x7f4086cda857] SYS_mprotect(0x7f408497e000, 0x200000, 0, 2050)                                                              = 0
8621 [0x7f4086cda80a] SYS_mmap(0x7f4084b7e000, 4096, 3, 2066)                                                                      = 0x7f4084b7e000
8621 [0x7f4086cda787] SYS_close(3, 16, 0x7f4084b7e188, 0x6ffffdff)                                                                 = 0
8621 [0x7f4086cda677] SYS_open(0x7f4086ed44c8, 0x80000, 0, 0x6ffffdff)                                                             = 3
8621 [0x7f4086cda697] SYS_read(3, 0x7fff3cedbb98, 832, 0x6ffffdff)                                                                 = 832
8621 [0x7f4086cda604] SYS_fstat(3, 0x7fff3cedba70, 0x7fff3cedba70, 16)                                                             = 0
8621 [0x7f4086cda80a] SYS_mmap(0, 0x201f30, 5, 2050)                                                                               = 0x7f4084775000
8621 [0x7f4086cda857] SYS_mprotect(0x7f4084777000, 0x1ff000, 0, 2050)                                                              = 0
8621 [0x7f4086cda80a] SYS_mmap(0x7f4084976000, 4096, 3, 2066)                                                                      = 0x7f4084976000
8621 [0x7f4086cda787] SYS_close(3, 16, 0x7f4084976e18, 0x6ffffdff)                                                                 = 0
8621 [0x7f4086cda677] SYS_open(0x7f4086ed4a60, 0x80000, 0, 0x7f4086ed84d0)                                                         = 3
8621 [0x7f4086cda697] SYS_read(3, 0x7fff3cedbb68, 832, 0x7f4086ed84d0)                                                             = 832
8621 [0x7f4086cda604] SYS_fstat(3, 0x7fff3cedba40, 0x7fff3cedba40, 16)                                                             = 0
8621 [0x7f4086cda80a] SYS_mmap(0, 0x2022e8, 5, 2050)                                                                               = 0x7f4084572000
8621 [0x7f4086cda857] SYS_mprotect(0x7f4084574000, 0x200000, 0, 2050)                                                              = 0
8621 [0x7f4086cda80a] SYS_mmap(0x7f4084774000, 4096, 3, 2066)                                                                      = 0x7f4084774000
8621 [0x7f4086cda787] SYS_close(3, 16, 0x7f4084774198, 0x6ffffdff)                                                                 = 0
8621 [0x7f4086cda677] SYS_open(0x7f4086ed4f40, 0x80000, 0, 0x6ffffdff)                                                             = 3
8621 [0x7f4086cda697] SYS_read(3, 0x7fff3cedbb38, 832, 0x6ffffdff)                                                                 = 832
8621 [0x7f4086cda604] SYS_fstat(3, 0x7fff3cedba10, 0x7fff3cedba10, 16)                                                             = 0
8621 [0x7f4086cda80a] SYS_mmap(0, 4096, 3, 34)                                                                                     = 0x7f4086ed3000
8621 [0x7f4086cda80a] SYS_mmap(0, 0x201f30, 5, 2050)                                                                               = 0x7f4084370000
8621 [0x7f4086cda857] SYS_mprotect(0x7f4084372000, 0x1ff000, 0, 2050)                                                              = 0
8621 [0x7f4086cda80a] SYS_mmap(0x7f4084571000, 4096, 3, 2066)                                                                      = 0x7f4084571000
8621 [0x7f4086cda787] SYS_close(3, 16, 0x7f4084571e18, 0x6ffffdff)                                                                 = 0
8621 [0x7f4086cda677] SYS_open(0x7f4086ed34c0, 0x80000, 0, 0x6ffffdff)                                                             = 3
8621 [0x7f4086cda697] SYS_read(3, 0x7fff3cedbb08, 832, 0x6ffffdff)                                                                 = 832
8621 [0x7f4086cda604] SYS_fstat(3, 0x7fff3cedb9e0, 0x7fff3cedb9e0, 16)                                                             = 0
8621 [0x7f4086cda80a] SYS_mmap(0, 0x2038b8, 5, 2050)                                                                               = 0x7f408416c000
8621 [0x7f4086cda857] SYS_mprotect(0x7f4084170000, 0x1ff000, 0, 2050)                                                              = 0
8621 [0x7f4086cda80a] SYS_mmap(0x7f408436f000, 4096, 3, 2066)                                                                      = 0x7f408436f000
8621 [0x7f4086cda787] SYS_close(3, 16, 0x7f408436f748, 0x6ffffdff)                                                                 = 0
8621 [0x7f4086cda677] SYS_open(0x7f4086ed3a60, 0x80000, 0, 0x7f4086ed6000)                                                         = 3
8621 [0x7f4086cda697] SYS_read(3, 0x7fff3cedbaa8, 832, 0x7f4086ed6000)                                                             = 832
8621 [0x7f4086cda604] SYS_fstat(3, 0x7fff3cedb980, 0x7fff3cedb980, 16)                                                             = 0
8621 [0x7f4086cda80a] SYS_mmap(0, 0x210848, 5, 2050)                                                                               = 0x7f4083f5b000
8621 [0x7f4086cda857] SYS_mprotect(0x7f4083f6b000, 0x1ff000, 0, 2050)                                                              = 0
8621 [0x7f4086cda80a] SYS_mmap(0x7f408416a000, 8192, 3, 2066)                                                                      = 0x7f408416a000
8621 [0x7f4086cda787] SYS_close(3, 16, 0x7f408416ad90, 0x6ffffdff)                                                                 = 0
8621 [0x7f4086cda677] SYS_open(0x7f4086ed3f48, 0x80000, 0, 0x6ffffdff)                                                             = 3
8621 [0x7f4086cda697] SYS_read(3, 0x7fff3cedba78, 832, 0x6ffffdff)                                                                 = 832
8621 [0x7f4086cda604] SYS_fstat(3, 0x7fff3cedb950, 0x7fff3cedb950, 16)                                                             = 0
8621 [0x7f4086cda80a] SYS_mmap(0, 4096, 3, 34)                                                                                     = 0x7f4086ed2000
8621 [0x7f4086cda80a] SYS_mmap(0, 0x20acf0, 5, 2050)                                                                               = 0x7f4083d50000
8621 [0x7f4086cda857] SYS_mprotect(0x7f4083d5b000, 0x1ff000, 0, 2050)                                                              = 0
8621 [0x7f4086cda80a] SYS_mmap(0x7f4083f5a000, 4096, 3, 2066)                                                                      = 0x7f4083f5a000
8621 [0x7f4086cda787] SYS_close(3, 16, 0x7f4083f5a750, 0x6ffffdff)                                                                 = 0
8621 [0x7f4086cda677] SYS_open(0x7f4086ed2560, 0x80000, 0, 0x7f4086ed6000)                                                         = 3
8621 [0x7f4086cda697] SYS_read(3, 0x7fff3cedba48, 832, 0x7f4086ed6000)                                                             = 832
8621 [0x7f4086cda604] SYS_fstat(3, 0x7fff3cedb920, 0x7fff3cedb920, 32)                                                             = 0
8621 [0x7f4086cda80a] SYS_mmap(0, 0x2361e0, 5, 2050)                                                                               = 0x7f4083b19000
8621 [0x7f4086cda857] SYS_mprotect(0x7f4083b21000, 0x1ff000, 0, 2050)                                                              = 0
8621 [0x7f4086cda80a] SYS_mmap(0x7f4083d20000, 8192, 3, 2066)                                                                      = 0x7f4083d20000
8621 [0x7f4086cda80a] SYS_mmap(0x7f4083d22000, 0x2d1e0, 3, 50)                                                                     = 0x7f4083d22000
8621 [0x7f4086cda787] SYS_close(3, 16, 0, 0x6ffffdff)                                                                              = 0
8621 [0x7f4086cda677] SYS_open(0x7f4086ed2a30, 0x80000, 0, 0x6ffffdff)                                                             = 3
8621 [0x7f4086cda697] SYS_read(3, 0x7fff3cedba18, 832, 0x6ffffdff)                                                                 = 832
8621 [0x7f4086cda604] SYS_fstat(3, 0x7fff3cedb8f0, 0x7fff3cedb8f0, 16)                                                             = 0
8621 [0x7f4086cda80a] SYS_mmap(0, 0x43fe88, 5, 2050)                                                                               = 0x7f40836d9000
8621 [0x7f4086cda857] SYS_mprotect(0x7f40838ee000, 0x200000, 0, 2050)                                                              = 0
8621 [0x7f4086cda80a] SYS_mmap(0x7f4083aee000, 0x27000, 3, 2066)                                                                   = 0x7f4083aee000
8621 [0x7f4086cda80a] SYS_mmap(0x7f4083b15000, 0x3e88, 3, 50)                                                                      = 0x7f4083b15000
8621 [0x7f4086cda857] SYS_mprotect(0x7fff3cedd000, 4096, 0x1000007, 4)                                                             = 0
8621 [0x7f4086cda787] SYS_close(3, 4096, 0x1000007, 4)                                                                             = 0
8621 [0x7f4086cda677] SYS_open(0x7f4086ed2fb0, 0x80000, 0, 0x7f4086ed54d0)                                                         = 3
8621 [0x7f4086cda697] SYS_read(3, 0x7fff3cedb9e8, 832, 0x7f4086ed54d0)                                                             = 832
8621 [0x7f4086cda604] SYS_fstat(3, 0x7fff3cedb8c0, 0x7fff3cedb8c0, 16)                                                             = 0
8621 [0x7f4086cda80a] SYS_mmap(0, 4096, 3, 34)                                                                                     = 0x7f4086ed1000
8621 [0x7f4086cda80a] SYS_mmap(0, 0x215730, 5, 2050)                                                                               = 0x7f40834c3000
8621 [0x7f4086cda857] SYS_mprotect(0x7f40834d9000, 0x1ff000, 0, 2050)                                                              = 0
8621 [0x7f4086cda80a] SYS_mmap(0x7f40836d8000, 4096, 3, 2066)                                                                      = 0x7f40836d8000
8621 [0x7f4086cda787] SYS_close(3, 16, 0x7f40836d8490, 0x6ffffdff)                                                                 = 0
8621 [0x7f4086cda677] SYS_open(0x7f4086ed14f0, 0x80000, 0, 0x6ffffdff)                                                             = 3
8621 [0x7f4086cda697] SYS_read(3, 0x7fff3cedb9b8, 832, 0x6ffffdff)                                                                 = 832
8621 [0x7f4086cda604] SYS_fstat(3, 0x7fff3cedb890, 0x7fff3cedb890, 32)                                                             = 0
8621 [0x7f4086cda80a] SYS_mmap(0, 0x2fd148, 5, 2050)                                                                               = 0x7f40831c5000
8621 [0x7f4086cda857] SYS_mprotect(0x7f40832c2000, 0x1ff000, 0, 2050)                                                              = 0
8621 [0x7f4086cda80a] SYS_mmap(0x7f40834c1000, 8192, 3, 2066)                                                                      = 0x7f40834c1000
8621 [0x7f4086cda787] SYS_close(3, 16, 0, 0x6ffffdff)                                                                              = 0
8621 [0x7f4086cda677] SYS_open(0x7fff3cedb780, 0x80000, 0, 0x36782f39325f3130)                                                     = -2
8621 [0x7f4086cda5c5] SYS_stat(0x7fff3cedb780, 0x7fff3cedb860, 0x7fff3cedb860, 0x36782f39325f3130)                                 = -2
8621 [0x7f4086cda677] SYS_open(0x7fff3cedb780, 0x80000, 0, 0x36782f39325f3130)                                                     = -2
8621 [0x7f4086cda5c5] SYS_stat(0x7fff3cedb780, 0x7fff3cedb860, 0x7fff3cedb860, 0x36782f39325f3130)                                 = -2
8621 [0x7f4086cda677] SYS_open(0x7fff3cedb780, 0x80000, 0, 0x36782f39325f3130)                                                     = -2
8621 [0x7f4086cda5c5] SYS_stat(0x7fff3cedb780, 0x7fff3cedb860, 0x7fff3cedb860, 0x36782f39325f3130)                                 = -2
8621 [0x7f4086cda677] SYS_open(0x7fff3cedb780, 0x80000, 0, 0x36782f39325f3130)                                                     = -2
8621 [0x7f4086cda5c5] SYS_stat(0x7fff3cedb780, 0x7fff3cedb860, 0x7fff3cedb860, 0x36782f39325f3130)                                 = -2
8621 [0x7f4086cda677] SYS_open(0x7f4086ed1dd0, 0x80000, 0, 0x36782f39325f3130)                                                     = 3
8621 [0x7f4086cda697] SYS_read(3, 0x7fff3cedb988, 832, 0x36782f39325f3130)                                                         = 832
8621 [0x7f4086cda604] SYS_fstat(3, 0x7fff3cedb860, 0x7fff3cedb860, 16)                                                             = 0
8621 [0x7f4086cda80a] SYS_mmap(0, 4096, 3, 34)                                                                                     = 0x7f4086ed0000
8621 [0x7f4086cda80a] SYS_mmap(0, 0x2f8980, 5, 2050)                                                                               = 0x7f4082ecc000
8621 [0x7f4086cda857] SYS_mprotect(0x7f4082fc3000, 0x200000, 0, 2050)                                                              = 0
8621 [0x7f4086cda80a] SYS_mmap(0x7f40831c3000, 8192, 3, 2066)                                                                      = 0x7f40831c3000
8621 [0x7f4086cda787] SYS_close(3, 16, 0x7f40831c33a0, 0x6ffffdff)                                                                 = 0
8621 [0x7f4086cda677] SYS_open(0x7f4086ed04c8, 0x80000, 0, 0x6ffffdff)                                                             = 3
8621 [0x7f4086cda697] SYS_read(3, 0x7fff3cedb958, 832, 0x6ffffdff)                                                                 = 832
8621 [0x7f4086cda604] SYS_fstat(3, 0x7fff3cedb830, 0x7fff3cedb830, 16)                                                             = 0
8621 [0x7f4086cda80a] SYS_mmap(0, 0x2fc9d8, 5, 2050)                                                                               = 0x7f4082bcf000
8621 [0x7f4086cda857] SYS_mprotect(0x7f4082cca000, 0x200000, 0, 2050)                                                              = 0
8621 [0x7f4086cda80a] SYS_mmap(0x7f4082eca000, 8192, 3, 2066)                                                                      = 0x7f4082eca000
8621 [0x7f4086cda787] SYS_close(3, 16, 0x7f4082ecb828, 0x6ffffdff)                                                                 = 0
8621 [0x7f4086cda677] SYS_open(0x7f4086ed0998, 0x80000, 0, 0x6ffffdff)                                                             = 3
8621 [0x7f4086cda697] SYS_read(3, 0x7fff3cedb928, 832, 0x6ffffdff)                                                                 = 832
8621 [0x7f4086cda604] SYS_fstat(3, 0x7fff3cedb800, 0x7fff3cedb800, 16)                                                             = 0
8621 [0x7f4086cda80a] SYS_mmap(0, 0x242830, 5, 2050)                                                                               = 0x7f408298c000
8621 [0x7f4086cda857] SYS_mprotect(0x7f40829cf000, 0x1ff000, 0, 2050)                                                              = 0
8621 [0x7f4086cda80a] SYS_mmap(0x7f4082bce000, 4096, 3, 2066)                                                                      = 0x7f4082bce000
8621 [0x7f4086cda787] SYS_close(3, 16, 0x7f4082bce630, 0x6ffffdff)                                                                 = 0
8621 [0x7f4086cda677] SYS_open(0x7f4086ed0f70, 0x80000, 0, 0x7f4086ed79b8)                                                         = 3
8621 [0x7f4086cda697] SYS_read(3, 0x7fff3cedb8f8, 832, 0x7f4086ed79b8)                                                             = 832
8621 [0x7f4086cda604] SYS_fstat(3, 0x7fff3cedb7d0, 0x7fff3cedb7d0, 32)                                                             = 0
8621 [0x7f4086cda80a] SYS_mmap(0, 4096, 3, 34)                                                                                     = 0x7f4086ecf000
8621 [0x7f4086cda80a] SYS_mmap(0, 0x203118, 5, 2050)                                                                               = 0x7f4082788000
8621 [0x7f4086cda857] SYS_mprotect(0x7f408278a000, 0x200000, 0, 2050)                                                              = 0
8621 [0x7f4086cda80a] SYS_mmap(0x7f408298a000, 8192, 3, 2066)                                                                      = 0x7f408298a000
8621 [0x7f4086cda787] SYS_close(3, 16, 0x7f408298af40, 0x6ffffdff)                                                                 = 0
8621 [0x7f4086cda80a] SYS_mmap(0, 4096, 3, 34)                                                                                     = 0x7f4086ece000
8621 [0x7f4086cda80a] SYS_mmap(0, 4096, 3, 34)                                                                                     = 0x7f4086ecd000
8621 [0x7f4086cda80a] SYS_mmap(0, 8192, 3, 34)                                                                                     = 0x7f4086ecb000
8621 [0x7f4086cc4044] SYS_arch_prctl(4098, 0x7f4086ecb780, 0x7f4086ecc080, 34)                                                     = 0
8621 [0x7f4086cda857] SYS_mprotect(0x7f408661a000, 0x4000, 1, 1)                                                                   = 0
8621 [0x7f4086cda857] SYS_mprotect(0x7f408298a000, 4096, 1, 0x7f4082788c68)                                                        = 0
8621 [0x7f4086cda857] SYS_mprotect(0x7f40857c0000, 4096, 1, 0x7f40855ae500)                                                        = 0
8621 [0x7f4086cda857] SYS_mprotect(0x7f40834c1000, 4096, 1, 1)                                                                     = 0
8621 [0x7f4086cda857] SYS_mprotect(0x7f4083d20000, 4096, 1, 0x7f4083b19a00)                                                        = 0
8621 [0x7f4086cda857] SYS_mprotect(0x7f4085a84000, 0x7000, 1, 0x7f408581e810)                                                      = 0
8621 [0x7f4086cda857] SYS_mprotect(0x7f40855a7000, 4096, 1, 0x7f40853a2d58)                                                        = 0
8621 [0x7f4086cda857] SYS_mprotect(0x7f4086ee3000, 4096, 1, 0)                                                                     = 0
8621 [0x7f4086cda837] SYS_munmap(0x7f4086ed9000, 0x83b3, 0x71e00, 0)                                                               = 0
8621 [0x7f40855afe92] SYS_set_tid_address(0x7f4086ecba50, 0x7fff3cedd8e8, 0x7f4086ecb780, 0)                                       = 8621
8621 [0x7f40855afefa] SYS_set_robust_list(0x7f4086ecba60, 24, 0x7f4086ecb780, 0)                                                   = 0
8621 [0x7f40855b9cf5] SYS_rt_sigaction(32, 0x7fff3cedd638, 0, 8)                                                                   = 0
8621 [0x7f40855b9cf5] SYS_rt_sigaction(33, 0x7fff3cedd638, 0, 8)                                                                   = 0
8621 [0x7f40855affd6] SYS_rt_sigprocmask(1, 0x7fff3cedd788, 0, 8)                                                                  = 0
8621 [0x7f4086366b17] SYS_getrlimit(3, 0x7fff3cedd820, 63, 1)                                                                      = 0
8621 [0x7f40855afb95] SYS_futex(0x7f4085a8e7e0, 129, 0x7fffffff, 0)                                                                = 0
8621 [0x4009e1] ledctrl->Hal_Led_Set_Mode(0, 0, 0x7f40863d4c60, 0 <unfinished ...>
8621 [0x7f408662a575]   libnhal.so->Hal_Lookup_Hardware_Info(0x7fff3cedd610, 0, 0x7f40863d4c60, 0 <unfinished ...>
8621 [0x7f4086361557]     SYS_statfs(0x7f40855bc1e8, 0x7fff3cedd400, 0x7f40857c5310, 1)                                            = 0
8621 [0x7f40855afb95]     SYS_futex(0x7f40857c5310, 129, 0x7fffffff, 0)                                                            = 0
8621 [0x7f40863617e0]     SYS_open(0x7fff3cedd510, 0xa0002, 484, 1)                                                                = 3
8621 [0x7f408636a72a]     SYS_mmap(0, 220, 3, 1)                                                                                   = 0x7f4086ee1000
8621 [0x7f4086362070]     SYS_close(3, 220, 3, 1)                                                                                  = 0
8621 [0x7f40866297f0]     libnhal.so->Hw_Semaphore_Init(0x7fff3cedd5c0, 0x7f408662c287, 1, -1 <unfinished ...>
8621 [0x7f4086361405]       SYS_lstat(0x7fff3cedd470, 0x7fff3cedd380, 0x7fff3cedd380, 0)                                           = -2
8621 [0x7f40855b9510]       SYS_open(0x7fff3cedd470, 194, 600, 0)                                                                  = 3
8621 [0x7f40855b8da0]       SYS_write(3, 0x7fff3cedd4f0, 32, 0)                                                                    = 32
8621 [0x7f408636a72a]       SYS_mmap(0, 32, 3, 1)                                                                                  = 0x7f4086ee0000
8621 [0x7f40863631a7]       SYS_link(0x7fff3cedd470, 0x7fff3cedd4a0, 3, 1)                                                         = -17
8621 [0x7f408636a757]       SYS_munmap(0x7f4086ee0000, 32, 3, 1)                                                                   = 0
8621 [0x7f40863632c7]       SYS_unlink(0x7fff3cedd470, 32, 3, 1)                                                                   = 0
8621 [0x7f40855b8e60]       SYS_close(3, 32, 3, 1)                                                                                 = 0
8621 [0x7f40855b9510]       SYS_open(0x7fff3cedd4a0, 0x20002, 18, 1)                                                               = 3
8621 [0x7f40863613b4]       SYS_fstat(3, 0x7fff3cedd3d0, 0x7fff3cedd3d0, 1)                                                        = 0
8621 [0x7f4086366f5a]       SYS_brk(0, 0x7f408661e640, 0, -4096)                                                                   = 0x758000
8621 [0x7f4086366f5a]       SYS_brk(0x779000, 0x758000, 0x779000, -4096)                                                           = 0x779000
8621 [0x7f408636a72a]       SYS_mmap(0, 32, 3, 1)                                                                                  = 0x7f4086ee0000
8621 [0x7f40855b8e60]       SYS_close(3, 32, 0, 3)                                                                                 = 0
8621 [0x7f40866297f0]     <... Hw_Semaphore_Init resumed> )                                                                        = 17
8621 [0x7f4086629800]     libnhal.so->Hw_Semaphore_Lock(0x7fff3cedd5c0, 32, 0x7f4086ee0000, -1)                                    = 0
8621 [0x7f4086629918]     libnhal.so->Hw_Semaphore_Unlock(0x7fff3cedd5c0, 2, 0x7f4086ee1000, 0)                                    = 0
8621 [0x7f4086629924]     libnhal.so->Hw_Semaphore_Release(0x7fff3cedd5c0, 128, 0, 0 <unfinished ...>
8621 [0x7f408636a757]       SYS_munmap(0x7f4086ee0000, 32, 0, 1)                                                                   = 0
8621 [0x7f4086629924]     <... Hw_Semaphore_Release resumed> )                                                                     = 0
8621 [0x7f408662a575]   <... Hal_Lookup_Hardware_Info resumed> )                                                                   = 0
8621 [0x7f408662aa9c]   libnhal.so->It87_Set_Gpio(0, 3, 1, -7896 <unfinished ...>
8621 [0x7f408497ae70]     libgeneraldrv.so->Hw_Semaphore_Init(0x7fff3cedd5a0, 0x7f408497d012, 1, 0 <unfinished ...>
8621 [0x7f4086361405]       SYS_lstat(0x7fff3cedd420, 0x7fff3cedd330, 0x7fff3cedd330, 0)                                           = -2
8621 [0x7f40855b9510]       SYS_open(0x7fff3cedd420, 194, 600, 0)                                                                  = 3
8621 [0x7f40855b8da0]       SYS_write(3, 0x7fff3cedd4a0, 32, 0)                                                                    = 32
8621 [0x7f408636a72a]       SYS_mmap(0, 32, 3, 1)                                                                                  = 0x7f4086ee0000
8621 [0x7f40863631a7]       SYS_link(0x7fff3cedd420, 0x7fff3cedd450, 3, 1)                                                         = -17
8621 [0x7f408636a757]       SYS_munmap(0x7f4086ee0000, 32, 3, 1)                                                                   = 0
8621 [0x7f40863632c7]       SYS_unlink(0x7fff3cedd420, 32, 3, 1)                                                                   = 0
8621 [0x7f40855b8e60]       SYS_close(3, 32, 3, 1)                                                                                 = 0
8621 [0x7f40855b9510]       SYS_open(0x7fff3cedd450, 0x20002, 20, 1)                                                               = 3
8621 [0x7f40863613b4]       SYS_fstat(3, 0x7fff3cedd380, 0x7fff3cedd380, 1)                                                        = 0
8621 [0x7f408636a72a]       SYS_mmap(0, 32, 3, 1)                                                                                  = 0x7f4086ee0000
8621 [0x7f40855b8e60]       SYS_close(3, 32, 0, 1)                                                                                 = 0
8621 [0x7f408497ae70]     <... Hw_Semaphore_Init resumed> )                                                                        = 17
8621 [0x7f408497ae80]     libgeneraldrv.so->Hw_Semaphore_Lock(0x7fff3cedd5a0, 32, 0x7f4086ee0000, -1)                              = 0
8621 [0x7f408636e6b7]     SYS_ioperm(46, 1, 1, 1)                                                                                  = 0
8621 [0x7f408636e6b7]     SYS_ioperm(46, 1, 0, 1)                                                                                  = 0
8621 [0x7f408636e6b7]     SYS_ioperm(235, 1, 1, 1)                                                                                 = 0
8621 [0x7f408636e6b7]     SYS_ioperm(235, 1, 0, 1)                                                                                 = 0
8621 [0x7f408636e6b7]     SYS_ioperm(46, 1, 1, 1)                                                                                  = 0
8621 [0x7f408636e6b7]     SYS_ioperm(46, 1, 0, 1)                                                                                  = 0
8621 [0x7f408636e6b7]     SYS_ioperm(235, 1, 1, 1)                                                                                 = 0
8621 [0x7f408636e6b7]     SYS_ioperm(235, 1, 0, 1)                                                                                 = 0
8621 [0x7f408636e6b7]     SYS_ioperm(46, 1, 1, 1)                                                                                  = 0
8621 [0x7f408636e6b7]     SYS_ioperm(46, 1, 0, 1)                                                                                  = 0
8621 [0x7f408636e6b7]     SYS_ioperm(235, 1, 1, 1)                                                                                 = 0
8621 [0x7f408636e6b7]     SYS_ioperm(235, 1, 0, 1)                                                                                 = 0
8621 [0x7f408636e6b7]     SYS_ioperm(46, 1, 1, 1)                                                                                  = 0
8621 [0x7f408636e6b7]     SYS_ioperm(46, 1, 0, 1)                                                                                  = 0
8621 [0x7f408636e6b7]     SYS_ioperm(235, 1, 1, 1)                                                                                 = 0
8621 [0x7f408636e6b7]     SYS_ioperm(235, 1, 0, 1)                                                                                 = 0
8621 [0x7f408636e6b7]     SYS_ioperm(46, 1, 1, 1)                                                                                  = 0
8621 [0x7f408636e6b7]     SYS_ioperm(46, 1, 0, 1)                                                                                  = 0
8621 [0x7f408636e6b7]     SYS_ioperm(235, 1, 1, 1)                                                                                 = 0
8621 [0x7f408636e6b7]     SYS_ioperm(235, 1, 0, 1)                                                                                 = 0
8621 [0x7f408636e6b7]     SYS_ioperm(47, 1, 1, 1)                                                                                  = 0
8621 [0x7f408636e6b7]     SYS_ioperm(47, 1, 0, 1)                                                                                  = 0
8621 [0x7f408636e6b7]     SYS_ioperm(235, 1, 1, 1)                                                                                 = 0
8621 [0x7f408636e6b7]     SYS_ioperm(235, 1, 0, 1)                                                                                 = 0
8621 [0x7f408636e6b7]     SYS_ioperm(46, 1, 1, 1)                                                                                  = 0
8621 [0x7f408636e6b7]     SYS_ioperm(46, 1, 0, 1)                                                                                  = 0
8621 [0x7f408636e6b7]     SYS_ioperm(235, 1, 1, 1)                                                                                 = 0
8621 [0x7f408636e6b7]     SYS_ioperm(235, 1, 0, 1)                                                                                 = 0
8621 [0x7f408636e6b7]     SYS_ioperm(47, 1, 1, 1)                                                                                  = 0
8621 [0x7f408636e6b7]     SYS_ioperm(47, 1, 0, 1)                                                                                  = 0
8621 [0x7f408636e6b7]     SYS_ioperm(235, 1, 1, 1)                                                                                 = 0
8621 [0x7f408636e6b7]     SYS_ioperm(235, 1, 0, 1)                                                                                 = 0
8621 [0x7f408636e6b7]     SYS_ioperm(46, 1, 1, 1)                                                                                  = 0
8621 [0x7f408636e6b7]     SYS_ioperm(46, 1, 0, 1)                                                                                  = 0
8621 [0x7f408636e6b7]     SYS_ioperm(235, 1, 1, 1)                                                                                 = 0
8621 [0x7f408636e6b7]     SYS_ioperm(235, 1, 0, 1)                                                                                 = 0
8621 [0x7f408636e6b7]     SYS_ioperm(47, 1, 1, 1)                                                                                  = 0
8621 [0x7f408636e6b7]     SYS_ioperm(47, 1, 0, 1)                                                                                  = 0
8621 [0x7f408636e6b7]     SYS_ioperm(235, 1, 1, 1)                                                                                 = 0
8621 [0x7f408636e6b7]     SYS_ioperm(235, 1, 0, 1)                                                                                 = 0
8621 [0x7f408636e6b7]     SYS_ioperm(46, 1, 1, 1)                                                                                  = 0
8621 [0x7f408636e6b7]     SYS_ioperm(46, 1, 0, 1)                                                                                  = 0
8621 [0x7f408636e6b7]     SYS_ioperm(235, 1, 1, 1)                                                                                 = 0
8621 [0x7f408636e6b7]     SYS_ioperm(235, 1, 0, 1)                                                                                 = 0
8621 [0x7f408636e6b7]     SYS_ioperm(47, 1, 1, 1)                                                                                  = 0
8621 [0x7f408636e6b7]     SYS_ioperm(47, 1, 0, 1)                                                                                  = 0
8621 [0x7f408636e6b7]     SYS_ioperm(235, 1, 1, 1)                                                                                 = 0
8621 [0x7f408636e6b7]     SYS_ioperm(235, 1, 0, 1)                                                                                 = 0
8621 [0x7f408636e6b7]     SYS_ioperm(1733, 1, 1, 1)                                                                                = 0
8621 [0x7f408636e6b7]     SYS_ioperm(1733, 1, 0, 1)                                                                                = 0
8621 [0x7f408636e6b7]     SYS_ioperm(235, 1, 1, 1)                                                                                 = 0
8621 [0x7f408636e6b7]     SYS_ioperm(235, 1, 0, 1)                                                                                 = 0
8621 [0x7f408636e6b7]     SYS_ioperm(1734, 1, 1, 1)                                                                                = 0
8621 [0x7f408636e6b7]     SYS_ioperm(1734, 1, 0, 1)                                                                                = 0
8621 [0x7f408636e6b7]     SYS_ioperm(235, 1, 1, 1)                                                                                 = 0
8621 [0x7f408636e6b7]     SYS_ioperm(235, 1, 0, 1)                                                                                 = 0
8621 [0x7f408636e6b7]     SYS_ioperm(1733, 1, 1, 1)                                                                                = 0
8621 [0x7f408636e6b7]     SYS_ioperm(1733, 1, 0, 1)                                                                                = 0
8621 [0x7f408636e6b7]     SYS_ioperm(235, 1, 1, 1)                                                                                 = 0
8621 [0x7f408636e6b7]     SYS_ioperm(235, 1, 0, 1)                                                                                 = 0
8621 [0x7f408636e6b7]     SYS_ioperm(1734, 1, 1, 1)                                                                                = 0
8621 [0x7f408636e6b7]     SYS_ioperm(1734, 1, 0, 1)                                                                                = 0
8621 [0x7f408636e6b7]     SYS_ioperm(235, 1, 1, 1)                                                                                 = 0
8621 [0x7f408636e6b7]     SYS_ioperm(235, 1, 0, 1)                                                                                 = 0
8621 [0x7f408636e6b7]     SYS_ioperm(46, 1, 1, 1)                                                                                  = 0
8621 [0x7f408636e6b7]     SYS_ioperm(46, 1, 0, 1)                                                                                  = 0
8621 [0x7f408636e6b7]     SYS_ioperm(235, 1, 1, 1)                                                                                 = 0
8621 [0x7f408636e6b7]     SYS_ioperm(235, 1, 0, 1)                                                                                 = 0
8621 [0x7f408636e6b7]     SYS_ioperm(46, 1, 1, 1)                                                                                  = 0
8621 [0x7f408636e6b7]     SYS_ioperm(46, 1, 0, 1)                                                                                  = 0
8621 [0x7f408636e6b7]     SYS_ioperm(235, 1, 1, 1)                                                                                 = 0
8621 [0x7f408636e6b7]     SYS_ioperm(235, 1, 0, 1)                                                                                 = 0
8621 [0x7f408636e6b7]     SYS_ioperm(46, 1, 1, 1)                                                                                  = 0
8621 [0x7f408636e6b7]     SYS_ioperm(46, 1, 0, 1)                                                                                  = 0
8621 [0x7f408636e6b7]     SYS_ioperm(235, 1, 1, 1)                                                                                 = 0
8621 [0x7f408636e6b7]     SYS_ioperm(235, 1, 0, 1)                                                                                 = 0
8621 [0x7f408636e6b7]     SYS_ioperm(46, 1, 1, 1)                                                                                  = 0
8621 [0x7f408636e6b7]     SYS_ioperm(46, 1, 0, 1)                                                                                  = 0
8621 [0x7f408636e6b7]     SYS_ioperm(235, 1, 1, 1)                                                                                 = 0
8621 [0x7f408636e6b7]     SYS_ioperm(235, 1, 0, 1)                                                                                 = 0
8621 [0x7f408636e6b7]     SYS_ioperm(46, 1, 1, 1)                                                                                  = 0
8621 [0x7f408636e6b7]     SYS_ioperm(46, 1, 0, 1)                                                                                  = 0
8621 [0x7f408636e6b7]     SYS_ioperm(235, 1, 1, 1)                                                                                 = 0
8621 [0x7f408636e6b7]     SYS_ioperm(235, 1, 0, 1)                                                                                 = 0
8621 [0x7f408636e6b7]     SYS_ioperm(47, 1, 1, 1)                                                                                  = 0
8621 [0x7f408636e6b7]     SYS_ioperm(47, 1, 0, 1)                                                                                  = 0
8621 [0x7f408636e6b7]     SYS_ioperm(235, 1, 1, 1)                                                                                 = 0
8621 [0x7f408636e6b7]     SYS_ioperm(235, 1, 0, 1)                                                                                 = 0
8621 [0x7f408636e6b7]     SYS_ioperm(46, 1, 1, 1)                                                                                  = 0
8621 [0x7f408636e6b7]     SYS_ioperm(46, 1, 0, 1)                                                                                  = 0
8621 [0x7f408636e6b7]     SYS_ioperm(235, 1, 1, 1)                                                                                 = 0
8621 [0x7f408636e6b7]     SYS_ioperm(235, 1, 0, 1)                                                                                 = 0
8621 [0x7f408636e6b7]     SYS_ioperm(47, 1, 1, 1)                                                                                  = 0
8621 [0x7f408636e6b7]     SYS_ioperm(47, 1, 0, 1)                                                                                  = 0
8621 [0x7f408636e6b7]     SYS_ioperm(235, 1, 1, 1)                                                                                 = 0
8621 [0x7f408636e6b7]     SYS_ioperm(235, 1, 0, 1)                                                                                 = 0
8621 [0x7f408636e6b7]     SYS_ioperm(46, 1, 1, 1)                                                                                  = 0
8621 [0x7f408636e6b7]     SYS_ioperm(46, 1, 0, 1)                                                                                  = 0
8621 [0x7f408636e6b7]     SYS_ioperm(235, 1, 1, 1)                                                                                 = 0
8621 [0x7f408636e6b7]     SYS_ioperm(235, 1, 0, 1)                                                                                 = 0
8621 [0x7f408636e6b7]     SYS_ioperm(47, 1, 1, 1)                                                                                  = 0
8621 [0x7f408636e6b7]     SYS_ioperm(47, 1, 0, 1)                                                                                  = 0
8621 [0x7f408636e6b7]     SYS_ioperm(235, 1, 1, 1)                                                                                 = 0
8621 [0x7f408636e6b7]     SYS_ioperm(235, 1, 0, 1)                                                                                 = 0
8621 [0x7f408636e6b7]     SYS_ioperm(46, 1, 1, 1)                                                                                  = 0
8621 [0x7f408636e6b7]     SYS_ioperm(46, 1, 0, 1)                                                                                  = 0
8621 [0x7f408636e6b7]     SYS_ioperm(235, 1, 1, 1)                                                                                 = 0
8621 [0x7f408636e6b7]     SYS_ioperm(235, 1, 0, 1)                                                                                 = 0
8621 [0x7f408636e6b7]     SYS_ioperm(47, 1, 1, 1)                                                                                  = 0
8621 [0x7f408636e6b7]     SYS_ioperm(47, 1, 0, 1)                                                                                  = 0
8621 [0x7f408636e6b7]     SYS_ioperm(235, 1, 1, 1)                                                                                 = 0
8621 [0x7f408636e6b7]     SYS_ioperm(235, 1, 0, 1)                                                                                 = 0
8621 [0x7f408636e6b7]     SYS_ioperm(46, 1, 1, 1)                                                                                  = 0
8621 [0x7f408636e6b7]     SYS_ioperm(46, 1, 0, 1)                                                                                  = 0
8621 [0x7f408636e6b7]     SYS_ioperm(235, 1, 1, 1)                                                                                 = 0
8621 [0x7f408636e6b7]     SYS_ioperm(235, 1, 0, 1)                                                                                 = 0
8621 [0x7f408636e6b7]     SYS_ioperm(47, 1, 1, 1)                                                                                  = 0
8621 [0x7f408636e6b7]     SYS_ioperm(47, 1, 0, 1)                                                                                  = 0
8621 [0x7f408636e6b7]     SYS_ioperm(235, 1, 1, 1)                                                                                 = 0
8621 [0x7f408636e6b7]     SYS_ioperm(235, 1, 0, 1)                                                                                 = 0
8621 [0x7f408636e6b7]     SYS_ioperm(46, 1, 1, 1)                                                                                  = 0
8621 [0x7f408636e6b7]     SYS_ioperm(46, 1, 0, 1)                                                                                  = 0
8621 [0x7f408636e6b7]     SYS_ioperm(235, 1, 1, 1)                                                                                 = 0
8621 [0x7f408636e6b7]     SYS_ioperm(235, 1, 0, 1)                                                                                 = 0
8621 [0x7f408636e6b7]     SYS_ioperm(47, 1, 1, 1)                                                                                  = 0
8621 [0x7f408636e6b7]     SYS_ioperm(47, 1, 0, 1)                                                                                  = 0
8621 [0x7f408636e6b7]     SYS_ioperm(235, 1, 1, 1)                                                                                 = 0
8621 [0x7f408636e6b7]     SYS_ioperm(235, 1, 0, 1)                                                                                 = 0
8621 [0x7f408636e6b7]     SYS_ioperm(46, 1, 1, 1)                                                                                  = 0
8621 [0x7f408636e6b7]     SYS_ioperm(46, 1, 0, 1)                                                                                  = 0
8621 [0x7f408636e6b7]     SYS_ioperm(235, 1, 1, 1)                                                                                 = 0
8621 [0x7f408636e6b7]     SYS_ioperm(235, 1, 0, 1)                                                                                 = 0
8621 [0x7f408636e6b7]     SYS_ioperm(47, 1, 1, 1)                                                                                  = 0
8621 [0x7f408636e6b7]     SYS_ioperm(47, 1, 0, 1)                                                                                  = 0
8621 [0x7f408636e6b7]     SYS_ioperm(235, 1, 1, 1)                                                                                 = 0
8621 [0x7f408636e6b7]     SYS_ioperm(235, 1, 0, 1)                                                                                 = 0
8621 [0x7f408636e6b7]     SYS_ioperm(46, 1, 1, 1)                                                                                  = 0
8621 [0x7f408636e6b7]     SYS_ioperm(46, 1, 0, 1)                                                                                  = 0
8621 [0x7f408636e6b7]     SYS_ioperm(235, 1, 1, 1)                                                                                 = 0
8621 [0x7f408636e6b7]     SYS_ioperm(235, 1, 0, 1)                                                                                 = 0
8621 [0x7f408636e6b7]     SYS_ioperm(47, 1, 1, 1)                                                                                  = 0
8621 [0x7f408636e6b7]     SYS_ioperm(47, 1, 0, 1)                                                                                  = 0
8621 [0x7f408636e6b7]     SYS_ioperm(235, 1, 1, 1)                                                                                 = 0
8621 [0x7f408636e6b7]     SYS_ioperm(235, 1, 0, 1)                                                                                 = 0
8621 [0x7f408636e6b7]     SYS_ioperm(46, 1, 1, 1)                                                                                  = 0
8621 [0x7f408636e6b7]     SYS_ioperm(46, 1, 0, 1)                                                                                  = 0
8621 [0x7f408636e6b7]     SYS_ioperm(235, 1, 1, 1)                                                                                 = 0
8621 [0x7f408636e6b7]     SYS_ioperm(235, 1, 0, 1)                                                                                 = 0
8621 [0x7f408636e6b7]     SYS_ioperm(47, 1, 1, 1)                                                                                  = 0
8621 [0x7f408636e6b7]     SYS_ioperm(47, 1, 0, 1)                                                                                  = 0
8621 [0x7f408636e6b7]     SYS_ioperm(235, 1, 1, 1)                                                                                 = 0
8621 [0x7f408636e6b7]     SYS_ioperm(235, 1, 0, 1)                                                                                 = 0
8621 [0x7f408636e6b7]     SYS_ioperm(46, 1, 1, 1)                                                                                  = 0
8621 [0x7f408636e6b7]     SYS_ioperm(46, 1, 0, 1)                                                                                  = 0
8621 [0x7f408636e6b7]     SYS_ioperm(235, 1, 1, 1)                                                                                 = 0
8621 [0x7f408636e6b7]     SYS_ioperm(235, 1, 0, 1)                                                                                 = 0
8621 [0x7f408636e6b7]     SYS_ioperm(47, 1, 1, 1)                                                                                  = 0
8621 [0x7f408636e6b7]     SYS_ioperm(47, 1, 0, 1)                                                                                  = 0
8621 [0x7f408636e6b7]     SYS_ioperm(235, 1, 1, 1)                                                                                 = 0
8621 [0x7f408636e6b7]     SYS_ioperm(235, 1, 0, 1)                                                                                 = 0
8621 [0x7f408636e6b7]     SYS_ioperm(46, 1, 1, 1)                                                                                  = 0
8621 [0x7f408636e6b7]     SYS_ioperm(46, 1, 0, 1)                                                                                  = 0
8621 [0x7f408636e6b7]     SYS_ioperm(235, 1, 1, 1)                                                                                 = 0
8621 [0x7f408636e6b7]     SYS_ioperm(235, 1, 0, 1)                                                                                 = 0
8621 [0x7f408636e6b7]     SYS_ioperm(47, 1, 1, 1)                                                                                  = 0
8621 [0x7f408636e6b7]     SYS_ioperm(47, 1, 0, 1)                                                                                  = 0
8621 [0x7f408636e6b7]     SYS_ioperm(235, 1, 1, 1)                                                                                 = 0
8621 [0x7f408636e6b7]     SYS_ioperm(235, 1, 0, 1)                                                                                 = 0
8621 [0x7f408636e6b7]     SYS_ioperm(46, 1, 1, 1)                                                                                  = 0
8621 [0x7f408636e6b7]     SYS_ioperm(46, 1, 0, 1)                                                                                  = 0
8621 [0x7f408636e6b7]     SYS_ioperm(235, 1, 1, 1)                                                                                 = 0
8621 [0x7f408636e6b7]     SYS_ioperm(235, 1, 0, 1)                                                                                 = 0
8621 [0x7f408636e6b7]     SYS_ioperm(47, 1, 1, 1)                                                                                  = 0
8621 [0x7f408636e6b7]     SYS_ioperm(47, 1, 0, 1)                                                                                  = 0
8621 [0x7f408636e6b7]     SYS_ioperm(235, 1, 1, 1)                                                                                 = 0
8621 [0x7f408636e6b7]     SYS_ioperm(235, 1, 0, 1)                                                                                 = 0
8621 [0x7f408636e6b7]     SYS_ioperm(46, 1, 1, 1)                                                                                  = 0
8621 [0x7f408636e6b7]     SYS_ioperm(46, 1, 0, 1)                                                                                  = 0
8621 [0x7f408636e6b7]     SYS_ioperm(235, 1, 1, 1)                                                                                 = 0
8621 [0x7f408636e6b7]     SYS_ioperm(235, 1, 0, 1)                                                                                 = 0
8621 [0x7f408636e6b7]     SYS_ioperm(47, 1, 1, 1)                                                                                  = 0
8621 [0x7f408636e6b7]     SYS_ioperm(47, 1, 0, 1)                                                                                  = 0
8621 [0x7f408636e6b7]     SYS_ioperm(235, 1, 1, 1)                                                                                 = 0
8621 [0x7f408636e6b7]     SYS_ioperm(235, 1, 0, 1)                                                                                 = 0
8621 [0x7f408636e6b7]     SYS_ioperm(1671, 1, 1, 1)                                                                                = 0
8621 [0x7f408636e6b7]     SYS_ioperm(1671, 1, 0, 1)                                                                                = 0
8621 [0x7f408636e6b7]     SYS_ioperm(1671, 1, 1, 1)                                                                                = 0
8621 [0x7f408636e6b7]     SYS_ioperm(1671, 1, 0, 1)                                                                                = 0
8621 [0x7f408636e6b7]     SYS_ioperm(235, 1, 1, 1)                                                                                 = 0
8621 [0x7f408636e6b7]     SYS_ioperm(235, 1, 0, 1)                                                                                 = 0
8621 [0x7f408497b0d1]     libgeneraldrv.so->Hw_Semaphore_Unlock(0x7fff3cedd5a0, 1, 0, -1)                                          = 0
8621 [0x7f408497b0dd]     libgeneraldrv.so->Hw_Semaphore_Release(0x7fff3cedd5a0, 128, 0, 0 <unfinished ...>
8621 [0x7f408636a757]       SYS_munmap(0x7f4086ee0000, 32, 0, 1)                                                                   = 0
8621 [0x7f408497b0dd]     <... Hw_Semaphore_Release resumed> )                                                                     = 0
8621 [0x7f408662aa9c]   <... It87_Set_Gpio resumed> )                                                                              = 0
8621 [0x4009e1] <... Hal_Led_Set_Mode resumed> )                                                                                   = 0
8621 [0x7f40862bb932] libgeneral.so->Trace_Mem_Destroy()(0x7f4085fd3d40, 0, 0x2622d1898a13645d, 16)                                = 0
8621 [0x7f408633e468] SYS_exit_group(0, 60, 0, 0x7f4086621a48 <unfinished ...>
8621 [0xffffffffffffffff] +++ exited (status 0) +++
