8675 [0x7fb74e98d8aa] SYS_brk(0, 0x7fb74e990fa0, 0, 895)                                                                           = 0x220c000
8675 [0x7fb74e98e7e7] SYS_readlink(0x7fffe5cd0b83, 0x7fffe5ccf280, 4096, 0x756e694c00000000)                                       = -2
8675 [0x7fb74e98e677] SYS_open(0x7fb74e9921f3, 0, 0, 0x756e694c00000000)                                                           = 3
8675 [0x7fb74e98e7a7] SYS_chdir(0x7fb74eb99ba8, 0, 0, 0x756e694c00000000)                                                          = -2
8675 [0x7fb74e98d9d2] SYS_getcwd(0x7fffe5ccf280, 4096, 0, 0x756e694c00000000)                                                      = 23
8675 [0x7fb74e98e7c7] SYS_fchdir(3, 4096, 0, 0x756e694c00000000)                                                                   = 0
8675 [0x7fb74e98e787] SYS_close(3, 4096, 0, 0x756e694c00000000)                                                                    = 0
8675 [0x7fb74e98e80a] SYS_mmap(0, 4096, 3, 34)                                                                                     = 0x7fb74eb96000
8675 [0x7fb74e98e6d7] SYS_access(0x7fb74e994700, 4, 0x7fb74eb99718, 0)                                                             = -2
8675 [0x7fb74e98e677] SYS_open(0x7fb74e992072, 0x80000, 1, 0)                                                                      = 3
8675 [0x7fb74e98e604] SYS_fstat(3, 0x7fffe5ccea60, 0x7fffe5ccea60, 0)                                                              = 0
8675 [0x7fb74e98e80a] SYS_mmap(0, 0x83b3, 1, 2)                                                                                    = 0x7fb74eb8d000
8675 [0x7fb74e98e787] SYS_close(3, 0x83b3, 1, 2)                                                                                   = 0
8675 [0x7fb74e98e677] SYS_open(0x7fb74eb96640, 0x80000, 0, 56)                                                                     = 3
8675 [0x7fb74e98e697] SYS_read(3, 0x7fffe5ccebe8, 832, 56)                                                                         = 832
8675 [0x7fb74e98e604] SYS_fstat(3, 0x7fffe5cceac0, 0x7fffe5cceac0, 16)                                                             = 0
8675 [0x7fb74e98e80a] SYS_mmap(0, 0x278960, 5, 2050)                                                                               = 0x7fb74e6fe000
8675 [0x7fb74e98e857] SYS_mprotect(0x7fb74e774000, 0x200000, 0, 2050)                                                              = 0
8675 [0x7fb74e98e80a] SYS_mmap(0x7fb74e974000, 0x3000, 3, 2066)                                                                    = 0x7fb74e974000
8675 [0x7fb74e98e787] SYS_close(3, 16, 0x7fb74e9743e0, 0x6ffffdff)                                                                 = 0
8675 [0x7fb74e98e677] SYS_open(0x7fb74eb96b10, 0x80000, 0, 0x6ffffdff)                                                             = 3
8675 [0x7fb74e98e697] SYS_read(3, 0x7fffe5ccebb8, 832, 0x6ffffdff)                                                                 = 832
8675 [0x7fb74e98e604] SYS_fstat(3, 0x7fffe5ccea90, 0x7fffe5ccea90, 16)                                                             = 0
8675 [0x7fb74e98e80a] SYS_mmap(0, 0x21bee0, 5, 2050)                                                                               = 0x7fb74e4e2000
8675 [0x7fb74e98e857] SYS_mprotect(0x7fb74e4fd000, 0x200000, 0, 2050)                                                              = 0
8675 [0x7fb74e98e80a] SYS_mmap(0x7fb74e6fd000, 4096, 3, 2066)                                                                      = 0x7fb74e6fd000
8675 [0x7fb74e98e787] SYS_close(3, 16, 0x7fb74e6fd208, 0x6ffffdff)                                                                 = 0
8675 [0x7fb74e98e677] SYS_open(0x7fb74eb96fe0, 0x80000, 0, 0x6ffffdff)                                                             = 3
8675 [0x7fb74e98e697] SYS_read(3, 0x7fffe5cceb88, 832, 0x6ffffdff)                                                                 = 832
8675 [0x7fb74e98e604] SYS_fstat(3, 0x7fffe5ccea60, 0x7fffe5ccea60, 16)                                                             = 0
8675 [0x7fb74e98e80a] SYS_mmap(0, 4096, 3, 34)                                                                                     = 0x7fb74eb8c000
8675 [0x7fb74e98e80a] SYS_mmap(0, 0x209ad0, 5, 2050)                                                                               = 0x7fb74e2d8000
8675 [0x7fb74e98e857] SYS_mprotect(0x7fb74e2e2000, 0x1ff000, 0, 2050)                                                              = 0
8675 [0x7fb74e98e80a] SYS_mmap(0x7fb74e4e1000, 4096, 3, 2066)                                                                      = 0x7fb74e4e1000
8675 [0x7fb74e98e787] SYS_close(3, 16, 0x7fb74e4e1690, 0x6ffffdff)                                                                 = 0
8675 [0x7fb74e98e677] SYS_open(0x7fb74eb8c4b8, 0x80000, 0, 0x6ffffdff)                                                             = 3
8675 [0x7fb74e98e697] SYS_read(3, 0x7fffe5cceb58, 832, 0x6ffffdff)                                                                 = 832
8675 [0x7fb74e98e604] SYS_fstat(3, 0x7fffe5ccea30, 0x7fffe5ccea30, 32)                                                             = 0
8675 [0x7fb74e98e80a] SYS_mmap(0, 0x39dc40, 5, 2050)                                                                               = 0x7fb74df3a000
8675 [0x7fb74e98e857] SYS_mprotect(0x7fb74e0ce000, 0x200000, 0, 2050)                                                              = 0
8675 [0x7fb74e98e80a] SYS_mmap(0x7fb74e2ce000, 0x6000, 3, 2066)                                                                    = 0x7fb74e2ce000
8675 [0x7fb74e98e80a] SYS_mmap(0x7fb74e2d4000, 0x3c40, 3, 50)                                                                      = 0x7fb74e2d4000
8675 [0x7fb74e98e787] SYS_close(3, 16, 0, 0x6ffffdff)                                                                              = 0
8675 [0x7fb74e98e677] SYS_open(0x7fb74eb8c988, 0x80000, 0, 0x6ffffdff)                                                             = 3
8675 [0x7fb74e98e697] SYS_read(3, 0x7fffe5ccea08, 832, 0x6ffffdff)                                                                 = 832
8675 [0x7fb74e98e604] SYS_fstat(3, 0x7fffe5cce8e0, 0x7fffe5cce8e0, 16)                                                             = 0
8675 [0x7fb74e98e80a] SYS_mmap(0, 0x2b09d0, 5, 2050)                                                                               = 0x7fb74dc89000
8675 [0x7fb74e98e857] SYS_mprotect(0x7fb74dd38000, 0x1ff000, 0, 2050)                                                              = 0
8675 [0x7fb74e98e80a] SYS_mmap(0x7fb74df37000, 0x3000, 3, 2066)                                                                    = 0x7fb74df37000
8675 [0x7fb74e98e787] SYS_close(3, 16, 0x7fb74df379a8, 0x6ffffdff)                                                                 = 0
8675 [0x7fb74e98e677] SYS_open(0x7fb74eb8ce58, 0x80000, 0, 0x6ffffdff)                                                             = 3
8675 [0x7fb74e98e697] SYS_read(3, 0x7fffe5cce9d8, 832, 0x6ffffdff)                                                                 = 832
8675 [0x7fb74e98e604] SYS_fstat(3, 0x7fffe5cce8b0, 0x7fffe5cce8b0, 16)                                                             = 0
8675 [0x7fb74e98e80a] SYS_mmap(0, 4096, 3, 34)                                                                                     = 0x7fb74eb8b000
8675 [0x7fb74e98e80a] SYS_mmap(0, 0x294ee0, 5, 2050)                                                                               = 0x7fb74d9f4000
8675 [0x7fb74e98e857] SYS_mprotect(0x7fb74da86000, 0x1ff000, 0, 2050)                                                              = 0
8675 [0x7fb74e98e80a] SYS_mmap(0x7fb74dc85000, 0x3000, 3, 2066)                                                                    = 0x7fb74dc85000
8675 [0x7fb74e98e80a] SYS_mmap(0x7fb74dc88000, 3808, 3, 50)                                                                        = 0x7fb74dc88000
8675 [0x7fb74e98e787] SYS_close(3, 16, 0x7fb74dc85e30, 0x6ffffdff)                                                                 = 0
8675 [0x7fb74e98e677] SYS_open(0x7fb74eb8b4b8, 0x80000, 0, 0x6ffffdff)                                                             = 3
8675 [0x7fb74e98e697] SYS_read(3, 0x7fffe5cce9a8, 832, 0x6ffffdff)                                                                 = 832
8675 [0x7fb74e98e604] SYS_fstat(3, 0x7fffe5cce880, 0x7fffe5cce880, 16)                                                             = 0
8675 [0x7fb74e98e80a] SYS_mmap(0, 0x29d850, 5, 2050)                                                                               = 0x7fb74d756000
8675 [0x7fb74e98e857] SYS_mprotect(0x7fb74d7ef000, 0x200000, 0, 2050)                                                              = 0
8675 [0x7fb74e98e80a] SYS_mmap(0x7fb74d9ef000, 0x3000, 3, 2066)                                                                    = 0x7fb74d9ef000
8675 [0x7fb74e98e80a] SYS_mmap(0x7fb74d9f2000, 6224, 3, 50)                                                                        = 0x7fb74d9f2000
8675 [0x7fb74e98e787] SYS_close(3, 16, 0x7fb74d9f0cc8, 0x6ffffdff)                                                                 = 0
8675 [0x7fb74e98e677] SYS_open(0x7fb74eb8b9a0, 0x80000, 0, 0x6ffffdff)                                                             = 3
8675 [0x7fb74e98e697] SYS_read(3, 0x7fffe5cce978, 832, 0x6ffffdff)                                                                 = 832
8675 [0x7fb74e98e604] SYS_fstat(3, 0x7fffe5cce850, 0x7fffe5cce850, 16)                                                             = 0
8675 [0x7fb74e98e80a] SYS_mmap(0, 0x2dbbb0, 5, 2050)                                                                               = 0x7fb74d47a000
8675 [0x7fb74e98e857] SYS_mprotect(0x7fb74d538000, 0x200000, 0, 2050)                                                              = 0
8675 [0x7fb74e98e80a] SYS_mmap(0x7fb74d738000, 0xa000, 3, 2066)                                                                    = 0x7fb74d738000
8675 [0x7fb74e98e80a] SYS_mmap(0x7fb74d742000, 0x13bb0, 3, 50)                                                                     = 0x7fb74d742000
8675 [0x7fb74e98e787] SYS_close(3, 16, 0x7fb74d73e4d8, 0x6ffffdff)                                                                 = 0
8675 [0x7fb74e98e677] SYS_open(0x7fb74eb8be70, 0x80000, 0, 0x6ffffdff)                                                             = 3
8675 [0x7fb74e98e697] SYS_read(3, 0x7fffe5cce948, 832, 0x6ffffdff)                                                                 = 832
8675 [0x7fb74e98e604] SYS_fstat(3, 0x7fffe5cce820, 0x7fffe5cce820, 32)                                                             = 0
8675 [0x7fb74e98e80a] SYS_mmap(0, 4096, 3, 34)                                                                                     = 0x7fb74eb8a000
8675 [0x7fb74e98e80a] SYS_mmap(0, 0x21c490, 5, 2050)                                                                               = 0x7fb74d25d000
8675 [0x7fb74e98e857] SYS_mprotect(0x7fb74d275000, 0x1ff000, 0, 2050)                                                              = 0
8675 [0x7fb74e98e80a] SYS_mmap(0x7fb74d474000, 8192, 3, 2066)                                                                      = 0x7fb74d474000
8675 [0x7fb74e98e80a] SYS_mmap(0x7fb74d476000, 0x3490, 3, 50)                                                                      = 0x7fb74d476000
8675 [0x7fb74e98e787] SYS_close(3, 16, 0, 0x6ffffdff)                                                                              = 0
8675 [0x7fb74e98e677] SYS_open(0x7fb74eb8a4b8, 0x80000, 0, 0x6ffffdff)                                                             = 3
8675 [0x7fb74e98e697] SYS_read(3, 0x7fffe5cce918, 832, 0x6ffffdff)                                                                 = 832
8675 [0x7fb74e98e604] SYS_fstat(3, 0x7fffe5cce7f0, 0x7fffe5cce7f0, 32)                                                             = 0
8675 [0x7fb74e98e80a] SYS_mmap(0, 0x207bc0, 5, 2050)                                                                               = 0x7fb74d055000
8675 [0x7fb74e98e857] SYS_mprotect(0x7fb74d05c000, 0x1ff000, 0, 2050)                                                              = 0
8675 [0x7fb74e98e80a] SYS_mmap(0x7fb74d25b000, 8192, 3, 2066)                                                                      = 0x7fb74d25b000
8675 [0x7fb74e98e787] SYS_close(3, 16, 0, 0x6ffffdff)                                                                              = 0
8675 [0x7fb74e98e677] SYS_open(0x7fb74eb8a988, 0x80000, 0, 0x6ffffdff)                                                             = 3
8675 [0x7fb74e98e697] SYS_read(3, 0x7fffe5cce8e8, 832, 0x6ffffdff)                                                                 = 832
8675 [0x7fb74e98e604] SYS_fstat(3, 0x7fffe5cce7c0, 0x7fffe5cce7c0, 16)                                                             = 0
8675 [0x7fb74e98e80a] SYS_mmap(0, 0x202e20, 5, 2050)                                                                               = 0x7fb74ce52000
8675 [0x7fb74e98e857] SYS_mprotect(0x7fb74ce55000, 0x1ff000, 0, 2050)                                                              = 0
8675 [0x7fb74e98e80a] SYS_mmap(0x7fb74d054000, 4096, 3, 2066)                                                                      = 0x7fb74d054000
8675 [0x7fb74e98e787] SYS_close(3, 16, 0x7fb74d054c28, 0x6ffffdff)                                                                 = 0
8675 [0x7fb74e98e677] SYS_open(0x7fb74eb8ae58, 0x80000, 0, 0x6ffffdff)                                                             = 3
8675 [0x7fb74e98e697] SYS_read(3, 0x7fffe5cce8b8, 832, 0x6ffffdff)                                                                 = 832
8675 [0x7fb74e98e604] SYS_fstat(3, 0x7fffe5cce790, 0x7fffe5cce790, 16)                                                             = 0
8675 [0x7fb74e98e80a] SYS_mmap(0, 4096, 3, 34)                                                                                     = 0x7fb74eb89000
8675 [0x7fb74e98e80a] SYS_mmap(0, 0x209850, 5, 2050)                                                                               = 0x7fb74cc48000
8675 [0x7fb74e98e857] SYS_mprotect(0x7fb74cc52000, 0x1ff000, 0, 2050)                                                              = 0
8675 [0x7fb74e98e80a] SYS_mmap(0x7fb74ce51000, 4096, 3, 2066)                                                                      = 0x7fb74ce51000
8675 [0x7fb74e98e787] SYS_close(3, 16, 0x7fb74ce51618, 0x6ffffdff)                                                                 = 0
8675 [0x7fb74e98e677] SYS_open(0x7fb74eb894b8, 0x80000, 0, 0x6ffffdff)                                                             = 3
8675 [0x7fb74e98e697] SYS_read(3, 0x7fffe5cce888, 832, 0x6ffffdff)                                                                 = 832
8675 [0x7fb74e98e604] SYS_fstat(3, 0x7fffe5cce760, 0x7fffe5cce760, 16)                                                             = 0
8675 [0x7fb74e98e80a] SYS_mmap(0, 0x210868, 5, 2050)                                                                               = 0x7fb74ca37000
8675 [0x7fb74e98e857] SYS_mprotect(0x7fb74ca48000, 0x1ff000, 0, 2050)                                                              = 0
8675 [0x7fb74e98e80a] SYS_mmap(0x7fb74cc47000, 4096, 3, 2066)                                                                      = 0x7fb74cc47000
8675 [0x7fb74e98e787] SYS_close(3, 16, 0x7fb74cc47408, 0x6ffffdff)                                                                 = 0
8675 [0x7fb74e98e677] SYS_open(0x7fb74eb89a40, 0x80000, 0, 0x7fb74eb8a9a0)                                                         = 3
8675 [0x7fb74e98e697] SYS_read(3, 0x7fffe5cce728, 832, 0x7fb74eb8a9a0)                                                             = 832
8675 [0x7fb74e98e604] SYS_fstat(3, 0x7fffe5cce600, 0x7fffe5cce600, 16)                                                             = 0
8675 [0x7fb74e98e80a] SYS_mmap(0, 0x2032c8, 5, 2050)                                                                               = 0x7fb74c833000
8675 [0x7fb74e98e857] SYS_mprotect(0x7fb74c836000, 0x200000, 0, 2050)                                                              = 0
8675 [0x7fb74e98e80a] SYS_mmap(0x7fb74ca36000, 4096, 3, 2066)                                                                      = 0x7fb74ca36000
8675 [0x7fb74e98e787] SYS_close(3, 16, 0x7fb74ca36188, 0x6ffffdff)                                                                 = 0
8675 [0x7fb74e98e677] SYS_open(0x7fb74eb89f28, 0x80000, 0, 0x6ffffdff)                                                             = 3
8675 [0x7fb74e98e697] SYS_read(3, 0x7fffe5cce6f8, 832, 0x6ffffdff)                                                                 = 832
8675 [0x7fb74e98e604] SYS_fstat(3, 0x7fffe5cce5d0, 0x7fffe5cce5d0, 16)                                                             = 0
8675 [0x7fb74e98e80a] SYS_mmap(0, 4096, 3, 34)                                                                                     = 0x7fb74eb88000
8675 [0x7fb74e98e80a] SYS_mmap(0, 0x207820, 5, 2050)                                                                               = 0x7fb74c62b000
8675 [0x7fb74e98e857] SYS_mprotect(0x7fb74c632000, 0x200000, 0, 2050)                                                              = 0
8675 [0x7fb74e98e80a] SYS_mmap(0x7fb74c832000, 4096, 3, 2066)                                                                      = 0x7fb74c832000
8675 [0x7fb74e98e787] SYS_close(3, 16, 0x7fb74c832188, 0x6ffffdff)                                                                 = 0
8675 [0x7fb74e98e677] SYS_open(0x7fb74eb884c8, 0x80000, 0, 0x6ffffdff)                                                             = 3
8675 [0x7fb74e98e697] SYS_read(3, 0x7fffe5cce6c8, 832, 0x6ffffdff)                                                                 = 832
8675 [0x7fb74e98e604] SYS_fstat(3, 0x7fffe5cce5a0, 0x7fffe5cce5a0, 16)                                                             = 0
8675 [0x7fb74e98e80a] SYS_mmap(0, 0x201f30, 5, 2050)                                                                               = 0x7fb74c429000
8675 [0x7fb74e98e857] SYS_mprotect(0x7fb74c42b000, 0x1ff000, 0, 2050)                                                              = 0
8675 [0x7fb74e98e80a] SYS_mmap(0x7fb74c62a000, 4096, 3, 2066)                                                                      = 0x7fb74c62a000
8675 [0x7fb74e98e787] SYS_close(3, 16, 0x7fb74c62ae18, 0x6ffffdff)                                                                 = 0
8675 [0x7fb74e98e677] SYS_open(0x7fb74eb88a60, 0x80000, 0, 0x7fb74eb8c4d0)                                                         = 3
8675 [0x7fb74e98e697] SYS_read(3, 0x7fffe5cce698, 832, 0x7fb74eb8c4d0)                                                             = 832
8675 [0x7fb74e98e604] SYS_fstat(3, 0x7fffe5cce570, 0x7fffe5cce570, 16)                                                             = 0
8675 [0x7fb74e98e80a] SYS_mmap(0, 0x2022e8, 5, 2050)                                                                               = 0x7fb74c226000
8675 [0x7fb74e98e857] SYS_mprotect(0x7fb74c228000, 0x200000, 0, 2050)                                                              = 0
8675 [0x7fb74e98e80a] SYS_mmap(0x7fb74c428000, 4096, 3, 2066)                                                                      = 0x7fb74c428000
8675 [0x7fb74e98e787] SYS_close(3, 16, 0x7fb74c428198, 0x6ffffdff)                                                                 = 0
8675 [0x7fb74e98e677] SYS_open(0x7fb74eb88f40, 0x80000, 0, 0x6ffffdff)                                                             = 3
8675 [0x7fb74e98e697] SYS_read(3, 0x7fffe5cce668, 832, 0x6ffffdff)                                                                 = 832
8675 [0x7fb74e98e604] SYS_fstat(3, 0x7fffe5cce540, 0x7fffe5cce540, 16)                                                             = 0
8675 [0x7fb74e98e80a] SYS_mmap(0, 4096, 3, 34)                                                                                     = 0x7fb74eb87000
8675 [0x7fb74e98e80a] SYS_mmap(0, 0x201f30, 5, 2050)                                                                               = 0x7fb74c024000
8675 [0x7fb74e98e857] SYS_mprotect(0x7fb74c026000, 0x1ff000, 0, 2050)                                                              = 0
8675 [0x7fb74e98e80a] SYS_mmap(0x7fb74c225000, 4096, 3, 2066)                                                                      = 0x7fb74c225000
8675 [0x7fb74e98e787] SYS_close(3, 16, 0x7fb74c225e18, 0x6ffffdff)                                                                 = 0
8675 [0x7fb74e98e677] SYS_open(0x7fb74eb874c0, 0x80000, 0, 0x6ffffdff)                                                             = 3
8675 [0x7fb74e98e697] SYS_read(3, 0x7fffe5cce638, 832, 0x6ffffdff)                                                                 = 832
8675 [0x7fb74e98e604] SYS_fstat(3, 0x7fffe5cce510, 0x7fffe5cce510, 16)                                                             = 0
8675 [0x7fb74e98e80a] SYS_mmap(0, 0x2038b8, 5, 2050)                                                                               = 0x7fb74be20000
8675 [0x7fb74e98e857] SYS_mprotect(0x7fb74be24000, 0x1ff000, 0, 2050)                                                              = 0
8675 [0x7fb74e98e80a] SYS_mmap(0x7fb74c023000, 4096, 3, 2066)                                                                      = 0x7fb74c023000
8675 [0x7fb74e98e787] SYS_close(3, 16, 0x7fb74c023748, 0x6ffffdff)                                                                 = 0
8675 [0x7fb74e98e677] SYS_open(0x7fb74eb87a60, 0x80000, 0, 0x7fb74eb8a000)                                                         = 3
8675 [0x7fb74e98e697] SYS_read(3, 0x7fffe5cce5d8, 832, 0x7fb74eb8a000)                                                             = 832
8675 [0x7fb74e98e604] SYS_fstat(3, 0x7fffe5cce4b0, 0x7fffe5cce4b0, 16)                                                             = 0
8675 [0x7fb74e98e80a] SYS_mmap(0, 0x210848, 5, 2050)                                                                               = 0x7fb74bc0f000
8675 [0x7fb74e98e857] SYS_mprotect(0x7fb74bc1f000, 0x1ff000, 0, 2050)                                                              = 0
8675 [0x7fb74e98e80a] SYS_mmap(0x7fb74be1e000, 8192, 3, 2066)                                                                      = 0x7fb74be1e000
8675 [0x7fb74e98e787] SYS_close(3, 16, 0x7fb74be1ed90, 0x6ffffdff)                                                                 = 0
8675 [0x7fb74e98e677] SYS_open(0x7fb74eb87f48, 0x80000, 0, 0x6ffffdff)                                                             = 3
8675 [0x7fb74e98e697] SYS_read(3, 0x7fffe5cce5a8, 832, 0x6ffffdff)                                                                 = 832
8675 [0x7fb74e98e604] SYS_fstat(3, 0x7fffe5cce480, 0x7fffe5cce480, 16)                                                             = 0
8675 [0x7fb74e98e80a] SYS_mmap(0, 4096, 3, 34)                                                                                     = 0x7fb74eb86000
8675 [0x7fb74e98e80a] SYS_mmap(0, 0x20acf0, 5, 2050)                                                                               = 0x7fb74ba04000
8675 [0x7fb74e98e857] SYS_mprotect(0x7fb74ba0f000, 0x1ff000, 0, 2050)                                                              = 0
8675 [0x7fb74e98e80a] SYS_mmap(0x7fb74bc0e000, 4096, 3, 2066)                                                                      = 0x7fb74bc0e000
8675 [0x7fb74e98e787] SYS_close(3, 16, 0x7fb74bc0e750, 0x6ffffdff)                                                                 = 0
8675 [0x7fb74e98e677] SYS_open(0x7fb74eb86560, 0x80000, 0, 0x7fb74eb8a000)                                                         = 3
8675 [0x7fb74e98e697] SYS_read(3, 0x7fffe5cce578, 832, 0x7fb74eb8a000)                                                             = 832
8675 [0x7fb74e98e604] SYS_fstat(3, 0x7fffe5cce450, 0x7fffe5cce450, 32)                                                             = 0
8675 [0x7fb74e98e80a] SYS_mmap(0, 0x2361e0, 5, 2050)                                                                               = 0x7fb74b7cd000
8675 [0x7fb74e98e857] SYS_mprotect(0x7fb74b7d5000, 0x1ff000, 0, 2050)                                                              = 0
8675 [0x7fb74e98e80a] SYS_mmap(0x7fb74b9d4000, 8192, 3, 2066)                                                                      = 0x7fb74b9d4000
8675 [0x7fb74e98e80a] SYS_mmap(0x7fb74b9d6000, 0x2d1e0, 3, 50)                                                                     = 0x7fb74b9d6000
8675 [0x7fb74e98e787] SYS_close(3, 16, 0, 0x6ffffdff)                                                                              = 0
8675 [0x7fb74e98e677] SYS_open(0x7fb74eb86a30, 0x80000, 0, 0x6ffffdff)                                                             = 3
8675 [0x7fb74e98e697] SYS_read(3, 0x7fffe5cce548, 832, 0x6ffffdff)                                                                 = 832
8675 [0x7fb74e98e604] SYS_fstat(3, 0x7fffe5cce420, 0x7fffe5cce420, 16)                                                             = 0
8675 [0x7fb74e98e80a] SYS_mmap(0, 0x43fe88, 5, 2050)                                                                               = 0x7fb74b38d000
8675 [0x7fb74e98e857] SYS_mprotect(0x7fb74b5a2000, 0x200000, 0, 2050)                                                              = 0
8675 [0x7fb74e98e80a] SYS_mmap(0x7fb74b7a2000, 0x27000, 3, 2066)                                                                   = 0x7fb74b7a2000
8675 [0x7fb74e98e80a] SYS_mmap(0x7fb74b7c9000, 0x3e88, 3, 50)                                                                      = 0x7fb74b7c9000
8675 [0x7fb74e98e857] SYS_mprotect(0x7fffe5cd0000, 4096, 0x1000007, 4)                                                             = 0
8675 [0x7fb74e98e787] SYS_close(3, 4096, 0x1000007, 4)                                                                             = 0
8675 [0x7fb74e98e677] SYS_open(0x7fb74eb86fb0, 0x80000, 0, 0x7fb74eb894d0)                                                         = 3
8675 [0x7fb74e98e697] SYS_read(3, 0x7fffe5cce518, 832, 0x7fb74eb894d0)                                                             = 832
8675 [0x7fb74e98e604] SYS_fstat(3, 0x7fffe5cce3f0, 0x7fffe5cce3f0, 16)                                                             = 0
8675 [0x7fb74e98e80a] SYS_mmap(0, 4096, 3, 34)                                                                                     = 0x7fb74eb85000
8675 [0x7fb74e98e80a] SYS_mmap(0, 0x215730, 5, 2050)                                                                               = 0x7fb74b177000
8675 [0x7fb74e98e857] SYS_mprotect(0x7fb74b18d000, 0x1ff000, 0, 2050)                                                              = 0
8675 [0x7fb74e98e80a] SYS_mmap(0x7fb74b38c000, 4096, 3, 2066)                                                                      = 0x7fb74b38c000
8675 [0x7fb74e98e787] SYS_close(3, 16, 0x7fb74b38c490, 0x6ffffdff)                                                                 = 0
8675 [0x7fb74e98e677] SYS_open(0x7fb74eb854f0, 0x80000, 0, 0x6ffffdff)                                                             = 3
8675 [0x7fb74e98e697] SYS_read(3, 0x7fffe5cce4e8, 832, 0x6ffffdff)                                                                 = 832
8675 [0x7fb74e98e604] SYS_fstat(3, 0x7fffe5cce3c0, 0x7fffe5cce3c0, 32)                                                             = 0
8675 [0x7fb74e98e80a] SYS_mmap(0, 0x2fd148, 5, 2050)                                                                               = 0x7fb74ae79000
8675 [0x7fb74e98e857] SYS_mprotect(0x7fb74af76000, 0x1ff000, 0, 2050)                                                              = 0
8675 [0x7fb74e98e80a] SYS_mmap(0x7fb74b175000, 8192, 3, 2066)                                                                      = 0x7fb74b175000
8675 [0x7fb74e98e787] SYS_close(3, 16, 0, 0x6ffffdff)                                                                              = 0
8675 [0x7fb74e98e677] SYS_open(0x7fffe5cce2b0, 0x80000, 0, 0x36782f39325f3130)                                                     = -2
8675 [0x7fb74e98e5c5] SYS_stat(0x7fffe5cce2b0, 0x7fffe5cce390, 0x7fffe5cce390, 0x36782f39325f3130)                                 = -2
8675 [0x7fb74e98e677] SYS_open(0x7fffe5cce2b0, 0x80000, 0, 0x36782f39325f3130)                                                     = -2
8675 [0x7fb74e98e5c5] SYS_stat(0x7fffe5cce2b0, 0x7fffe5cce390, 0x7fffe5cce390, 0x36782f39325f3130)                                 = -2
8675 [0x7fb74e98e677] SYS_open(0x7fffe5cce2b0, 0x80000, 0, 0x36782f39325f3130)                                                     = -2
8675 [0x7fb74e98e5c5] SYS_stat(0x7fffe5cce2b0, 0x7fffe5cce390, 0x7fffe5cce390, 0x36782f39325f3130)                                 = -2
8675 [0x7fb74e98e677] SYS_open(0x7fffe5cce2b0, 0x80000, 0, 0x36782f39325f3130)                                                     = -2
8675 [0x7fb74e98e5c5] SYS_stat(0x7fffe5cce2b0, 0x7fffe5cce390, 0x7fffe5cce390, 0x36782f39325f3130)                                 = -2
8675 [0x7fb74e98e677] SYS_open(0x7fb74eb85dd0, 0x80000, 0, 0x36782f39325f3130)                                                     = 3
8675 [0x7fb74e98e697] SYS_read(3, 0x7fffe5cce4b8, 832, 0x36782f39325f3130)                                                         = 832
8675 [0x7fb74e98e604] SYS_fstat(3, 0x7fffe5cce390, 0x7fffe5cce390, 16)                                                             = 0
8675 [0x7fb74e98e80a] SYS_mmap(0, 4096, 3, 34)                                                                                     = 0x7fb74eb84000
8675 [0x7fb74e98e80a] SYS_mmap(0, 0x2f8980, 5, 2050)                                                                               = 0x7fb74ab80000
8675 [0x7fb74e98e857] SYS_mprotect(0x7fb74ac77000, 0x200000, 0, 2050)                                                              = 0
8675 [0x7fb74e98e80a] SYS_mmap(0x7fb74ae77000, 8192, 3, 2066)                                                                      = 0x7fb74ae77000
8675 [0x7fb74e98e787] SYS_close(3, 16, 0x7fb74ae773a0, 0x6ffffdff)                                                                 = 0
8675 [0x7fb74e98e677] SYS_open(0x7fb74eb844c8, 0x80000, 0, 0x6ffffdff)                                                             = 3
8675 [0x7fb74e98e697] SYS_read(3, 0x7fffe5cce488, 832, 0x6ffffdff)                                                                 = 832
8675 [0x7fb74e98e604] SYS_fstat(3, 0x7fffe5cce360, 0x7fffe5cce360, 16)                                                             = 0
8675 [0x7fb74e98e80a] SYS_mmap(0, 0x2fc9d8, 5, 2050)                                                                               = 0x7fb74a883000
8675 [0x7fb74e98e857] SYS_mprotect(0x7fb74a97e000, 0x200000, 0, 2050)                                                              = 0
8675 [0x7fb74e98e80a] SYS_mmap(0x7fb74ab7e000, 8192, 3, 2066)                                                                      = 0x7fb74ab7e000
8675 [0x7fb74e98e787] SYS_close(3, 16, 0x7fb74ab7f828, 0x6ffffdff)                                                                 = 0
8675 [0x7fb74e98e677] SYS_open(0x7fb74eb84998, 0x80000, 0, 0x6ffffdff)                                                             = 3
8675 [0x7fb74e98e697] SYS_read(3, 0x7fffe5cce458, 832, 0x6ffffdff)                                                                 = 832
8675 [0x7fb74e98e604] SYS_fstat(3, 0x7fffe5cce330, 0x7fffe5cce330, 16)                                                             = 0
8675 [0x7fb74e98e80a] SYS_mmap(0, 0x242830, 5, 2050)                                                                               = 0x7fb74a640000
8675 [0x7fb74e98e857] SYS_mprotect(0x7fb74a683000, 0x1ff000, 0, 2050)                                                              = 0
8675 [0x7fb74e98e80a] SYS_mmap(0x7fb74a882000, 4096, 3, 2066)                                                                      = 0x7fb74a882000
8675 [0x7fb74e98e787] SYS_close(3, 16, 0x7fb74a882630, 0x6ffffdff)                                                                 = 0
8675 [0x7fb74e98e677] SYS_open(0x7fb74eb84f70, 0x80000, 0, 0x7fb74eb8b9b8)                                                         = 3
8675 [0x7fb74e98e697] SYS_read(3, 0x7fffe5cce428, 832, 0x7fb74eb8b9b8)                                                             = 832
8675 [0x7fb74e98e604] SYS_fstat(3, 0x7fffe5cce300, 0x7fffe5cce300, 32)                                                             = 0
8675 [0x7fb74e98e80a] SYS_mmap(0, 4096, 3, 34)                                                                                     = 0x7fb74eb83000
8675 [0x7fb74e98e80a] SYS_mmap(0, 0x203118, 5, 2050)                                                                               = 0x7fb74a43c000
8675 [0x7fb74e98e857] SYS_mprotect(0x7fb74a43e000, 0x200000, 0, 2050)                                                              = 0
8675 [0x7fb74e98e80a] SYS_mmap(0x7fb74a63e000, 8192, 3, 2066)                                                                      = 0x7fb74a63e000
8675 [0x7fb74e98e787] SYS_close(3, 16, 0x7fb74a63ef40, 0x6ffffdff)                                                                 = 0
8675 [0x7fb74e98e80a] SYS_mmap(0, 4096, 3, 34)                                                                                     = 0x7fb74eb82000
8675 [0x7fb74e98e80a] SYS_mmap(0, 4096, 3, 34)                                                                                     = 0x7fb74eb81000
8675 [0x7fb74e98e80a] SYS_mmap(0, 8192, 3, 34)                                                                                     = 0x7fb74eb7f000
8675 [0x7fb74e978044] SYS_arch_prctl(4098, 0x7fb74eb7f780, 0x7fb74eb80080, 34)                                                     = 0
8675 [0x7fb74e98e857] SYS_mprotect(0x7fb74e2ce000, 0x4000, 1, 1)                                                                   = 0
8675 [0x7fb74e98e857] SYS_mprotect(0x7fb74a63e000, 4096, 1, 0x7fb74a43cc68)                                                        = 0
8675 [0x7fb74e98e857] SYS_mprotect(0x7fb74d474000, 4096, 1, 0x7fb74d262500)                                                        = 0
8675 [0x7fb74e98e857] SYS_mprotect(0x7fb74b175000, 4096, 1, 1)                                                                     = 0
8675 [0x7fb74e98e857] SYS_mprotect(0x7fb74b9d4000, 4096, 1, 0x7fb74b7cda00)                                                        = 0
8675 [0x7fb74e98e857] SYS_mprotect(0x7fb74d738000, 0x7000, 1, 0x7fb74d4d2810)                                                      = 0
8675 [0x7fb74e98e857] SYS_mprotect(0x7fb74d25b000, 4096, 1, 0x7fb74d056d58)                                                        = 0
8675 [0x7fb74e98e857] SYS_mprotect(0x7fb74eb97000, 4096, 1, 0)                                                                     = 0
8675 [0x7fb74e98e837] SYS_munmap(0x7fb74eb8d000, 0x83b3, 0x78f00, 0)                                                               = 0
8675 [0x7fb74d263e92] SYS_set_tid_address(0x7fb74eb7fa50, 0x7fffe5cd0418, 0x7fb74eb7f780, 0)                                       = 8675
8675 [0x7fb74d263efa] SYS_set_robust_list(0x7fb74eb7fa60, 24, 0x7fb74eb7f780, 0)                                                   = 0
8675 [0x7fb74d26dcf5] SYS_rt_sigaction(32, 0x7fffe5cd0168, 0, 8)                                                                   = 0
8675 [0x7fb74d26dcf5] SYS_rt_sigaction(33, 0x7fffe5cd0168, 0, 8)                                                                   = 0
8675 [0x7fb74d263fd6] SYS_rt_sigprocmask(1, 0x7fffe5cd02b8, 0, 8)                                                                  = 0
8675 [0x7fb74e01ab17] SYS_getrlimit(3, 0x7fffe5cd0350, 63, 1)                                                                      = 0
8675 [0x7fb74d263b95] SYS_futex(0x7fb74d7427e0, 129, 0x7fffffff, 0)                                                                = 0
8675 [0x4009e1] ledctrl->Hal_Led_Set_Mode(10, 1, 0x7fb74e088c60, 0 <unfinished ...>
8675 [0x7fb74e2de575]   libnhal.so->Hal_Lookup_Hardware_Info(0x7fffe5cd0140, 1, 0x7fb74e088c60, 0 <unfinished ...>
8675 [0x7fb74e015557]     SYS_statfs(0x7fb74d2701e8, 0x7fffe5ccff30, 0x7fb74d479310, 1)                                            = 0
8675 [0x7fb74d263b95]     SYS_futex(0x7fb74d479310, 129, 0x7fffffff, 0)                                                            = 0
8675 [0x7fb74e0157e0]     SYS_open(0x7fffe5cd0040, 0xa0002, 484, 1)                                                                = 3
8675 [0x7fb74e01e72a]     SYS_mmap(0, 220, 3, 1)                                                                                   = 0x7fb74eb95000
8675 [0x7fb74e016070]     SYS_close(3, 220, 3, 1)                                                                                  = 0
8675 [0x7fb74e2dd7f0]     libnhal.so->Hw_Semaphore_Init(0x7fffe5cd00f0, 0x7fb74e2e0287, 1, -1 <unfinished ...>
8675 [0x7fb74e015405]       SYS_lstat(0x7fffe5ccffa0, 0x7fffe5ccfeb0, 0x7fffe5ccfeb0, 0)                                           = -2
8675 [0x7fb74d26d510]       SYS_open(0x7fffe5ccffa0, 194, 600, 0)                                                                  = 3
8675 [0x7fb74d26cda0]       SYS_write(3, 0x7fffe5cd0020, 32, 0)                                                                    = 32
8675 [0x7fb74e01e72a]       SYS_mmap(0, 32, 3, 1)                                                                                  = 0x7fb74eb94000
8675 [0x7fb74e0171a7]       SYS_link(0x7fffe5ccffa0, 0x7fffe5ccffd0, 3, 1)                                                         = -17
8675 [0x7fb74e01e757]       SYS_munmap(0x7fb74eb94000, 32, 3, 1)                                                                   = 0
8675 [0x7fb74e0172c7]       SYS_unlink(0x7fffe5ccffa0, 32, 3, 1)                                                                   = 0
8675 [0x7fb74d26ce60]       SYS_close(3, 32, 3, 1)                                                                                 = 0
8675 [0x7fb74d26d510]       SYS_open(0x7fffe5ccffd0, 0x20002, 18, 1)                                                               = 3
8675 [0x7fb74e0153b4]       SYS_fstat(3, 0x7fffe5ccff00, 0x7fffe5ccff00, 1)                                                        = 0
8675 [0x7fb74e01af5a]       SYS_brk(0, 0x7fb74e2d2640, 0, -4096)                                                                   = 0x220c000
8675 [0x7fb74e01af5a]       SYS_brk(0x222d000, 0x220c000, 0x222d000, -4096)                                                        = 0x222d000
8675 [0x7fb74e01e72a]       SYS_mmap(0, 32, 3, 1)                                                                                  = 0x7fb74eb94000
8675 [0x7fb74d26ce60]       SYS_close(3, 32, 0, 3)                                                                                 = 0
8675 [0x7fb74e2dd7f0]     <... Hw_Semaphore_Init resumed> )                                                                        = 17
8675 [0x7fb74e2dd800]     libnhal.so->Hw_Semaphore_Lock(0x7fffe5cd00f0, 32, 0x7fb74eb94000, -1)                                    = 0
8675 [0x7fb74e2dd918]     libnhal.so->Hw_Semaphore_Unlock(0x7fffe5cd00f0, 2, 0x7fb74eb95000, 0)                                    = 0
8675 [0x7fb74e2dd924]     libnhal.so->Hw_Semaphore_Release(0x7fffe5cd00f0, 128, 0, 0 <unfinished ...>
8675 [0x7fb74e01e757]       SYS_munmap(0x7fb74eb94000, 32, 0, 1)                                                                   = 0
8675 [0x7fb74e2dd924]     <... Hw_Semaphore_Release resumed> )                                                                     = 0
8675 [0x7fb74e2de575]   <... Hal_Lookup_Hardware_Info resumed> )                                                                   = 0
8675 [0x4009e1] <... Hal_Led_Set_Mode resumed> )                                                                                   = 0xffffff67
8675 [0x7fb74df6f932] libgeneral.so->Trace_Mem_Destroy()(0x7fb74dc87d40, 0, 0x6f009fecba08a1df, 16)                                = 0
8675 [0x7fb74dff2468] SYS_exit_group(-153, 60, -153, 0x7fb74e2d5a48 <unfinished ...>
8675 [0xffffffffffffffff] +++ exited (status 103) +++
