8681 [0x7f6ea07d58aa] SYS_brk(0, 0x7f6ea07d8fa0, 0, 895)                                                                           = 0x2303000
8681 [0x7f6ea07d67e7] SYS_readlink(0x7fffd87d3b7f, 0x7fffd87d0980, 4096, 0x756e694c00000000)                                       = -2
8681 [0x7f6ea07d6677] SYS_open(0x7f6ea07da1f3, 0, 0, 0x756e694c00000000)                                                           = 3
8681 [0x7f6ea07d67a7] SYS_chdir(0x7f6ea09e1ba8, 0, 0, 0x756e694c00000000)                                                          = -2
8681 [0x7f6ea07d59d2] SYS_getcwd(0x7fffd87d0980, 4096, 0, 0x756e694c00000000)                                                      = 23
8681 [0x7f6ea07d67c7] SYS_fchdir(3, 4096, 0, 0x756e694c00000000)                                                                   = 0
8681 [0x7f6ea07d6787] SYS_close(3, 4096, 0, 0x756e694c00000000)                                                                    = 0
8681 [0x7f6ea07d680a] SYS_mmap(0, 4096, 3, 34)                                                                                     = 0x7f6ea09de000
8681 [0x7f6ea07d66d7] SYS_access(0x7f6ea07dc700, 4, 0x7f6ea09e1718, 0)                                                             = -2
8681 [0x7f6ea07d6677] SYS_open(0x7f6ea07da072, 0x80000, 1, 0)                                                                      = 3
8681 [0x7f6ea07d6604] SYS_fstat(3, 0x7fffd87d0160, 0x7fffd87d0160, 0)                                                              = 0
8681 [0x7f6ea07d680a] SYS_mmap(0, 0x83b3, 1, 2)                                                                                    = 0x7f6ea09d5000
8681 [0x7f6ea07d6787] SYS_close(3, 0x83b3, 1, 2)                                                                                   = 0
8681 [0x7f6ea07d6677] SYS_open(0x7f6ea09de640, 0x80000, 0, 56)                                                                     = 3
8681 [0x7f6ea07d6697] SYS_read(3, 0x7fffd87d02e8, 832, 56)                                                                         = 832
8681 [0x7f6ea07d6604] SYS_fstat(3, 0x7fffd87d01c0, 0x7fffd87d01c0, 16)                                                             = 0
8681 [0x7f6ea07d680a] SYS_mmap(0, 0x278960, 5, 2050)                                                                               = 0x7f6ea0546000
8681 [0x7f6ea07d6857] SYS_mprotect(0x7f6ea05bc000, 0x200000, 0, 2050)                                                              = 0
8681 [0x7f6ea07d680a] SYS_mmap(0x7f6ea07bc000, 0x3000, 3, 2066)                                                                    = 0x7f6ea07bc000
8681 [0x7f6ea07d6787] SYS_close(3, 16, 0x7f6ea07bc3e0, 0x6ffffdff)                                                                 = 0
8681 [0x7f6ea07d6677] SYS_open(0x7f6ea09deb10, 0x80000, 0, 0x6ffffdff)                                                             = 3
8681 [0x7f6ea07d6697] SYS_read(3, 0x7fffd87d02b8, 832, 0x6ffffdff)                                                                 = 832
8681 [0x7f6ea07d6604] SYS_fstat(3, 0x7fffd87d0190, 0x7fffd87d0190, 16)                                                             = 0
8681 [0x7f6ea07d680a] SYS_mmap(0, 0x21bee0, 5, 2050)                                                                               = 0x7f6ea032a000
8681 [0x7f6ea07d6857] SYS_mprotect(0x7f6ea0345000, 0x200000, 0, 2050)                                                              = 0
8681 [0x7f6ea07d680a] SYS_mmap(0x7f6ea0545000, 4096, 3, 2066)                                                                      = 0x7f6ea0545000
8681 [0x7f6ea07d6787] SYS_close(3, 16, 0x7f6ea0545208, 0x6ffffdff)                                                                 = 0
8681 [0x7f6ea07d6677] SYS_open(0x7f6ea09defe0, 0x80000, 0, 0x6ffffdff)                                                             = 3
8681 [0x7f6ea07d6697] SYS_read(3, 0x7fffd87d0288, 832, 0x6ffffdff)                                                                 = 832
8681 [0x7f6ea07d6604] SYS_fstat(3, 0x7fffd87d0160, 0x7fffd87d0160, 16)                                                             = 0
8681 [0x7f6ea07d680a] SYS_mmap(0, 4096, 3, 34)                                                                                     = 0x7f6ea09d4000
8681 [0x7f6ea07d680a] SYS_mmap(0, 0x209ad0, 5, 2050)                                                                               = 0x7f6ea0120000
8681 [0x7f6ea07d6857] SYS_mprotect(0x7f6ea012a000, 0x1ff000, 0, 2050)                                                              = 0
8681 [0x7f6ea07d680a] SYS_mmap(0x7f6ea0329000, 4096, 3, 2066)                                                                      = 0x7f6ea0329000
8681 [0x7f6ea07d6787] SYS_close(3, 16, 0x7f6ea0329690, 0x6ffffdff)                                                                 = 0
8681 [0x7f6ea07d6677] SYS_open(0x7f6ea09d44b8, 0x80000, 0, 0x6ffffdff)                                                             = 3
8681 [0x7f6ea07d6697] SYS_read(3, 0x7fffd87d0258, 832, 0x6ffffdff)                                                                 = 832
8681 [0x7f6ea07d6604] SYS_fstat(3, 0x7fffd87d0130, 0x7fffd87d0130, 32)                                                             = 0
8681 [0x7f6ea07d680a] SYS_mmap(0, 0x39dc40, 5, 2050)                                                                               = 0x7f6e9fd82000
8681 [0x7f6ea07d6857] SYS_mprotect(0x7f6e9ff16000, 0x200000, 0, 2050)                                                              = 0
8681 [0x7f6ea07d680a] SYS_mmap(0x7f6ea0116000, 0x6000, 3, 2066)                                                                    = 0x7f6ea0116000
8681 [0x7f6ea07d680a] SYS_mmap(0x7f6ea011c000, 0x3c40, 3, 50)                                                                      = 0x7f6ea011c000
8681 [0x7f6ea07d6787] SYS_close(3, 16, 0, 0x6ffffdff)                                                                              = 0
8681 [0x7f6ea07d6677] SYS_open(0x7f6ea09d4988, 0x80000, 0, 0x6ffffdff)                                                             = 3
8681 [0x7f6ea07d6697] SYS_read(3, 0x7fffd87d0108, 832, 0x6ffffdff)                                                                 = 832
8681 [0x7f6ea07d6604] SYS_fstat(3, 0x7fffd87cffe0, 0x7fffd87cffe0, 16)                                                             = 0
8681 [0x7f6ea07d680a] SYS_mmap(0, 0x2b09d0, 5, 2050)                                                                               = 0x7f6e9fad1000
8681 [0x7f6ea07d6857] SYS_mprotect(0x7f6e9fb80000, 0x1ff000, 0, 2050)                                                              = 0
8681 [0x7f6ea07d680a] SYS_mmap(0x7f6e9fd7f000, 0x3000, 3, 2066)                                                                    = 0x7f6e9fd7f000
8681 [0x7f6ea07d6787] SYS_close(3, 16, 0x7f6e9fd7f9a8, 0x6ffffdff)                                                                 = 0
8681 [0x7f6ea07d6677] SYS_open(0x7f6ea09d4e58, 0x80000, 0, 0x6ffffdff)                                                             = 3
8681 [0x7f6ea07d6697] SYS_read(3, 0x7fffd87d00d8, 832, 0x6ffffdff)                                                                 = 832
8681 [0x7f6ea07d6604] SYS_fstat(3, 0x7fffd87cffb0, 0x7fffd87cffb0, 16)                                                             = 0
8681 [0x7f6ea07d680a] SYS_mmap(0, 4096, 3, 34)                                                                                     = 0x7f6ea09d3000
8681 [0x7f6ea07d680a] SYS_mmap(0, 0x294ee0, 5, 2050)                                                                               = 0x7f6e9f83c000
8681 [0x7f6ea07d6857] SYS_mprotect(0x7f6e9f8ce000, 0x1ff000, 0, 2050)                                                              = 0
8681 [0x7f6ea07d680a] SYS_mmap(0x7f6e9facd000, 0x3000, 3, 2066)                                                                    = 0x7f6e9facd000
8681 [0x7f6ea07d680a] SYS_mmap(0x7f6e9fad0000, 3808, 3, 50)                                                                        = 0x7f6e9fad0000
8681 [0x7f6ea07d6787] SYS_close(3, 16, 0x7f6e9facde30, 0x6ffffdff)                                                                 = 0
8681 [0x7f6ea07d6677] SYS_open(0x7f6ea09d34b8, 0x80000, 0, 0x6ffffdff)                                                             = 3
8681 [0x7f6ea07d6697] SYS_read(3, 0x7fffd87d00a8, 832, 0x6ffffdff)                                                                 = 832
8681 [0x7f6ea07d6604] SYS_fstat(3, 0x7fffd87cff80, 0x7fffd87cff80, 16)                                                             = 0
8681 [0x7f6ea07d680a] SYS_mmap(0, 0x29d850, 5, 2050)                                                                               = 0x7f6e9f59e000
8681 [0x7f6ea07d6857] SYS_mprotect(0x7f6e9f637000, 0x200000, 0, 2050)                                                              = 0
8681 [0x7f6ea07d680a] SYS_mmap(0x7f6e9f837000, 0x3000, 3, 2066)                                                                    = 0x7f6e9f837000
8681 [0x7f6ea07d680a] SYS_mmap(0x7f6e9f83a000, 6224, 3, 50)                                                                        = 0x7f6e9f83a000
8681 [0x7f6ea07d6787] SYS_close(3, 16, 0x7f6e9f838cc8, 0x6ffffdff)                                                                 = 0
8681 [0x7f6ea07d6677] SYS_open(0x7f6ea09d39a0, 0x80000, 0, 0x6ffffdff)                                                             = 3
8681 [0x7f6ea07d6697] SYS_read(3, 0x7fffd87d0078, 832, 0x6ffffdff)                                                                 = 832
8681 [0x7f6ea07d6604] SYS_fstat(3, 0x7fffd87cff50, 0x7fffd87cff50, 16)                                                             = 0
8681 [0x7f6ea07d680a] SYS_mmap(0, 0x2dbbb0, 5, 2050)                                                                               = 0x7f6e9f2c2000
8681 [0x7f6ea07d6857] SYS_mprotect(0x7f6e9f380000, 0x200000, 0, 2050)                                                              = 0
8681 [0x7f6ea07d680a] SYS_mmap(0x7f6e9f580000, 0xa000, 3, 2066)                                                                    = 0x7f6e9f580000
8681 [0x7f6ea07d680a] SYS_mmap(0x7f6e9f58a000, 0x13bb0, 3, 50)                                                                     = 0x7f6e9f58a000
8681 [0x7f6ea07d6787] SYS_close(3, 16, 0x7f6e9f5864d8, 0x6ffffdff)                                                                 = 0
8681 [0x7f6ea07d6677] SYS_open(0x7f6ea09d3e70, 0x80000, 0, 0x6ffffdff)                                                             = 3
8681 [0x7f6ea07d6697] SYS_read(3, 0x7fffd87d0048, 832, 0x6ffffdff)                                                                 = 832
8681 [0x7f6ea07d6604] SYS_fstat(3, 0x7fffd87cff20, 0x7fffd87cff20, 32)                                                             = 0
8681 [0x7f6ea07d680a] SYS_mmap(0, 4096, 3, 34)                                                                                     = 0x7f6ea09d2000
8681 [0x7f6ea07d680a] SYS_mmap(0, 0x21c490, 5, 2050)                                                                               = 0x7f6e9f0a5000
8681 [0x7f6ea07d6857] SYS_mprotect(0x7f6e9f0bd000, 0x1ff000, 0, 2050)                                                              = 0
8681 [0x7f6ea07d680a] SYS_mmap(0x7f6e9f2bc000, 8192, 3, 2066)                                                                      = 0x7f6e9f2bc000
8681 [0x7f6ea07d680a] SYS_mmap(0x7f6e9f2be000, 0x3490, 3, 50)                                                                      = 0x7f6e9f2be000
8681 [0x7f6ea07d6787] SYS_close(3, 16, 0, 0x6ffffdff)                                                                              = 0
8681 [0x7f6ea07d6677] SYS_open(0x7f6ea09d24b8, 0x80000, 0, 0x6ffffdff)                                                             = 3
8681 [0x7f6ea07d6697] SYS_read(3, 0x7fffd87d0018, 832, 0x6ffffdff)                                                                 = 832
8681 [0x7f6ea07d6604] SYS_fstat(3, 0x7fffd87cfef0, 0x7fffd87cfef0, 32)                                                             = 0
8681 [0x7f6ea07d680a] SYS_mmap(0, 0x207bc0, 5, 2050)                                                                               = 0x7f6e9ee9d000
8681 [0x7f6ea07d6857] SYS_mprotect(0x7f6e9eea4000, 0x1ff000, 0, 2050)                                                              = 0
8681 [0x7f6ea07d680a] SYS_mmap(0x7f6e9f0a3000, 8192, 3, 2066)                                                                      = 0x7f6e9f0a3000
8681 [0x7f6ea07d6787] SYS_close(3, 16, 0, 0x6ffffdff)                                                                              = 0
8681 [0x7f6ea07d6677] SYS_open(0x7f6ea09d2988, 0x80000, 0, 0x6ffffdff)                                                             = 3
8681 [0x7f6ea07d6697] SYS_read(3, 0x7fffd87cffe8, 832, 0x6ffffdff)                                                                 = 832
8681 [0x7f6ea07d6604] SYS_fstat(3, 0x7fffd87cfec0, 0x7fffd87cfec0, 16)                                                             = 0
8681 [0x7f6ea07d680a] SYS_mmap(0, 0x202e20, 5, 2050)                                                                               = 0x7f6e9ec9a000
8681 [0x7f6ea07d6857] SYS_mprotect(0x7f6e9ec9d000, 0x1ff000, 0, 2050)                                                              = 0
8681 [0x7f6ea07d680a] SYS_mmap(0x7f6e9ee9c000, 4096, 3, 2066)                                                                      = 0x7f6e9ee9c000
8681 [0x7f6ea07d6787] SYS_close(3, 16, 0x7f6e9ee9cc28, 0x6ffffdff)                                                                 = 0
8681 [0x7f6ea07d6677] SYS_open(0x7f6ea09d2e58, 0x80000, 0, 0x6ffffdff)                                                             = 3
8681 [0x7f6ea07d6697] SYS_read(3, 0x7fffd87cffb8, 832, 0x6ffffdff)                                                                 = 832
8681 [0x7f6ea07d6604] SYS_fstat(3, 0x7fffd87cfe90, 0x7fffd87cfe90, 16)                                                             = 0
8681 [0x7f6ea07d680a] SYS_mmap(0, 4096, 3, 34)                                                                                     = 0x7f6ea09d1000
8681 [0x7f6ea07d680a] SYS_mmap(0, 0x209850, 5, 2050)                                                                               = 0x7f6e9ea90000
8681 [0x7f6ea07d6857] SYS_mprotect(0x7f6e9ea9a000, 0x1ff000, 0, 2050)                                                              = 0
8681 [0x7f6ea07d680a] SYS_mmap(0x7f6e9ec99000, 4096, 3, 2066)                                                                      = 0x7f6e9ec99000
8681 [0x7f6ea07d6787] SYS_close(3, 16, 0x7f6e9ec99618, 0x6ffffdff)                                                                 = 0
8681 [0x7f6ea07d6677] SYS_open(0x7f6ea09d14b8, 0x80000, 0, 0x6ffffdff)                                                             = 3
8681 [0x7f6ea07d6697] SYS_read(3, 0x7fffd87cff88, 832, 0x6ffffdff)                                                                 = 832
8681 [0x7f6ea07d6604] SYS_fstat(3, 0x7fffd87cfe60, 0x7fffd87cfe60, 16)                                                             = 0
8681 [0x7f6ea07d680a] SYS_mmap(0, 0x210868, 5, 2050)                                                                               = 0x7f6e9e87f000
8681 [0x7f6ea07d6857] SYS_mprotect(0x7f6e9e890000, 0x1ff000, 0, 2050)                                                              = 0
8681 [0x7f6ea07d680a] SYS_mmap(0x7f6e9ea8f000, 4096, 3, 2066)                                                                      = 0x7f6e9ea8f000
8681 [0x7f6ea07d6787] SYS_close(3, 16, 0x7f6e9ea8f408, 0x6ffffdff)                                                                 = 0
8681 [0x7f6ea07d6677] SYS_open(0x7f6ea09d1a40, 0x80000, 0, 0x7f6ea09d29a0)                                                         = 3
8681 [0x7f6ea07d6697] SYS_read(3, 0x7fffd87cfe28, 832, 0x7f6ea09d29a0)                                                             = 832
8681 [0x7f6ea07d6604] SYS_fstat(3, 0x7fffd87cfd00, 0x7fffd87cfd00, 16)                                                             = 0
8681 [0x7f6ea07d680a] SYS_mmap(0, 0x2032c8, 5, 2050)                                                                               = 0x7f6e9e67b000
8681 [0x7f6ea07d6857] SYS_mprotect(0x7f6e9e67e000, 0x200000, 0, 2050)                                                              = 0
8681 [0x7f6ea07d680a] SYS_mmap(0x7f6e9e87e000, 4096, 3, 2066)                                                                      = 0x7f6e9e87e000
8681 [0x7f6ea07d6787] SYS_close(3, 16, 0x7f6e9e87e188, 0x6ffffdff)                                                                 = 0
8681 [0x7f6ea07d6677] SYS_open(0x7f6ea09d1f28, 0x80000, 0, 0x6ffffdff)                                                             = 3
8681 [0x7f6ea07d6697] SYS_read(3, 0x7fffd87cfdf8, 832, 0x6ffffdff)                                                                 = 832
8681 [0x7f6ea07d6604] SYS_fstat(3, 0x7fffd87cfcd0, 0x7fffd87cfcd0, 16)                                                             = 0
8681 [0x7f6ea07d680a] SYS_mmap(0, 4096, 3, 34)                                                                                     = 0x7f6ea09d0000
8681 [0x7f6ea07d680a] SYS_mmap(0, 0x207820, 5, 2050)                                                                               = 0x7f6e9e473000
8681 [0x7f6ea07d6857] SYS_mprotect(0x7f6e9e47a000, 0x200000, 0, 2050)                                                              = 0
8681 [0x7f6ea07d680a] SYS_mmap(0x7f6e9e67a000, 4096, 3, 2066)                                                                      = 0x7f6e9e67a000
8681 [0x7f6ea07d6787] SYS_close(3, 16, 0x7f6e9e67a188, 0x6ffffdff)                                                                 = 0
8681 [0x7f6ea07d6677] SYS_open(0x7f6ea09d04c8, 0x80000, 0, 0x6ffffdff)                                                             = 3
8681 [0x7f6ea07d6697] SYS_read(3, 0x7fffd87cfdc8, 832, 0x6ffffdff)                                                                 = 832
8681 [0x7f6ea07d6604] SYS_fstat(3, 0x7fffd87cfca0, 0x7fffd87cfca0, 16)                                                             = 0
8681 [0x7f6ea07d680a] SYS_mmap(0, 0x201f30, 5, 2050)                                                                               = 0x7f6e9e271000
8681 [0x7f6ea07d6857] SYS_mprotect(0x7f6e9e273000, 0x1ff000, 0, 2050)                                                              = 0
8681 [0x7f6ea07d680a] SYS_mmap(0x7f6e9e472000, 4096, 3, 2066)                                                                      = 0x7f6e9e472000
8681 [0x7f6ea07d6787] SYS_close(3, 16, 0x7f6e9e472e18, 0x6ffffdff)                                                                 = 0
8681 [0x7f6ea07d6677] SYS_open(0x7f6ea09d0a60, 0x80000, 0, 0x7f6ea09d44d0)                                                         = 3
8681 [0x7f6ea07d6697] SYS_read(3, 0x7fffd87cfd98, 832, 0x7f6ea09d44d0)                                                             = 832
8681 [0x7f6ea07d6604] SYS_fstat(3, 0x7fffd87cfc70, 0x7fffd87cfc70, 16)                                                             = 0
8681 [0x7f6ea07d680a] SYS_mmap(0, 0x2022e8, 5, 2050)                                                                               = 0x7f6e9e06e000
8681 [0x7f6ea07d6857] SYS_mprotect(0x7f6e9e070000, 0x200000, 0, 2050)                                                              = 0
8681 [0x7f6ea07d680a] SYS_mmap(0x7f6e9e270000, 4096, 3, 2066)                                                                      = 0x7f6e9e270000
8681 [0x7f6ea07d6787] SYS_close(3, 16, 0x7f6e9e270198, 0x6ffffdff)                                                                 = 0
8681 [0x7f6ea07d6677] SYS_open(0x7f6ea09d0f40, 0x80000, 0, 0x6ffffdff)                                                             = 3
8681 [0x7f6ea07d6697] SYS_read(3, 0x7fffd87cfd68, 832, 0x6ffffdff)                                                                 = 832
8681 [0x7f6ea07d6604] SYS_fstat(3, 0x7fffd87cfc40, 0x7fffd87cfc40, 16)                                                             = 0
8681 [0x7f6ea07d680a] SYS_mmap(0, 4096, 3, 34)                                                                                     = 0x7f6ea09cf000
8681 [0x7f6ea07d680a] SYS_mmap(0, 0x201f30, 5, 2050)                                                                               = 0x7f6e9de6c000
8681 [0x7f6ea07d6857] SYS_mprotect(0x7f6e9de6e000, 0x1ff000, 0, 2050)                                                              = 0
8681 [0x7f6ea07d680a] SYS_mmap(0x7f6e9e06d000, 4096, 3, 2066)                                                                      = 0x7f6e9e06d000
8681 [0x7f6ea07d6787] SYS_close(3, 16, 0x7f6e9e06de18, 0x6ffffdff)                                                                 = 0
8681 [0x7f6ea07d6677] SYS_open(0x7f6ea09cf4c0, 0x80000, 0, 0x6ffffdff)                                                             = 3
8681 [0x7f6ea07d6697] SYS_read(3, 0x7fffd87cfd38, 832, 0x6ffffdff)                                                                 = 832
8681 [0x7f6ea07d6604] SYS_fstat(3, 0x7fffd87cfc10, 0x7fffd87cfc10, 16)                                                             = 0
8681 [0x7f6ea07d680a] SYS_mmap(0, 0x2038b8, 5, 2050)                                                                               = 0x7f6e9dc68000
8681 [0x7f6ea07d6857] SYS_mprotect(0x7f6e9dc6c000, 0x1ff000, 0, 2050)                                                              = 0
8681 [0x7f6ea07d680a] SYS_mmap(0x7f6e9de6b000, 4096, 3, 2066)                                                                      = 0x7f6e9de6b000
8681 [0x7f6ea07d6787] SYS_close(3, 16, 0x7f6e9de6b748, 0x6ffffdff)                                                                 = 0
8681 [0x7f6ea07d6677] SYS_open(0x7f6ea09cfa60, 0x80000, 0, 0x7f6ea09d2000)                                                         = 3
8681 [0x7f6ea07d6697] SYS_read(3, 0x7fffd87cfcd8, 832, 0x7f6ea09d2000)                                                             = 832
8681 [0x7f6ea07d6604] SYS_fstat(3, 0x7fffd87cfbb0, 0x7fffd87cfbb0, 16)                                                             = 0
8681 [0x7f6ea07d680a] SYS_mmap(0, 0x210848, 5, 2050)                                                                               = 0x7f6e9da57000
8681 [0x7f6ea07d6857] SYS_mprotect(0x7f6e9da67000, 0x1ff000, 0, 2050)                                                              = 0
8681 [0x7f6ea07d680a] SYS_mmap(0x7f6e9dc66000, 8192, 3, 2066)                                                                      = 0x7f6e9dc66000
8681 [0x7f6ea07d6787] SYS_close(3, 16, 0x7f6e9dc66d90, 0x6ffffdff)                                                                 = 0
8681 [0x7f6ea07d6677] SYS_open(0x7f6ea09cff48, 0x80000, 0, 0x6ffffdff)                                                             = 3
8681 [0x7f6ea07d6697] SYS_read(3, 0x7fffd87cfca8, 832, 0x6ffffdff)                                                                 = 832
8681 [0x7f6ea07d6604] SYS_fstat(3, 0x7fffd87cfb80, 0x7fffd87cfb80, 16)                                                             = 0
8681 [0x7f6ea07d680a] SYS_mmap(0, 4096, 3, 34)                                                                                     = 0x7f6ea09ce000
8681 [0x7f6ea07d680a] SYS_mmap(0, 0x20acf0, 5, 2050)                                                                               = 0x7f6e9d84c000
8681 [0x7f6ea07d6857] SYS_mprotect(0x7f6e9d857000, 0x1ff000, 0, 2050)                                                              = 0
8681 [0x7f6ea07d680a] SYS_mmap(0x7f6e9da56000, 4096, 3, 2066)                                                                      = 0x7f6e9da56000
8681 [0x7f6ea07d6787] SYS_close(3, 16, 0x7f6e9da56750, 0x6ffffdff)                                                                 = 0
8681 [0x7f6ea07d6677] SYS_open(0x7f6ea09ce560, 0x80000, 0, 0x7f6ea09d2000)                                                         = 3
8681 [0x7f6ea07d6697] SYS_read(3, 0x7fffd87cfc78, 832, 0x7f6ea09d2000)                                                             = 832
8681 [0x7f6ea07d6604] SYS_fstat(3, 0x7fffd87cfb50, 0x7fffd87cfb50, 32)                                                             = 0
8681 [0x7f6ea07d680a] SYS_mmap(0, 0x2361e0, 5, 2050)                                                                               = 0x7f6e9d615000
8681 [0x7f6ea07d6857] SYS_mprotect(0x7f6e9d61d000, 0x1ff000, 0, 2050)                                                              = 0
8681 [0x7f6ea07d680a] SYS_mmap(0x7f6e9d81c000, 8192, 3, 2066)                                                                      = 0x7f6e9d81c000
8681 [0x7f6ea07d680a] SYS_mmap(0x7f6e9d81e000, 0x2d1e0, 3, 50)                                                                     = 0x7f6e9d81e000
8681 [0x7f6ea07d6787] SYS_close(3, 16, 0, 0x6ffffdff)                                                                              = 0
8681 [0x7f6ea07d6677] SYS_open(0x7f6ea09cea30, 0x80000, 0, 0x6ffffdff)                                                             = 3
8681 [0x7f6ea07d6697] SYS_read(3, 0x7fffd87cfc48, 832, 0x6ffffdff)                                                                 = 832
8681 [0x7f6ea07d6604] SYS_fstat(3, 0x7fffd87cfb20, 0x7fffd87cfb20, 16)                                                             = 0
8681 [0x7f6ea07d680a] SYS_mmap(0, 0x43fe88, 5, 2050)                                                                               = 0x7f6e9d1d5000
8681 [0x7f6ea07d6857] SYS_mprotect(0x7f6e9d3ea000, 0x200000, 0, 2050)                                                              = 0
8681 [0x7f6ea07d680a] SYS_mmap(0x7f6e9d5ea000, 0x27000, 3, 2066)                                                                   = 0x7f6e9d5ea000
8681 [0x7f6ea07d680a] SYS_mmap(0x7f6e9d611000, 0x3e88, 3, 50)                                                                      = 0x7f6e9d611000
8681 [0x7f6ea07d6857] SYS_mprotect(0x7fffd87d1000, 4096, 0x1000007, 4)                                                             = 0
8681 [0x7f6ea07d6787] SYS_close(3, 4096, 0x1000007, 4)                                                                             = 0
8681 [0x7f6ea07d6677] SYS_open(0x7f6ea09cefb0, 0x80000, 0, 0x7f6ea09d14d0)                                                         = 3
8681 [0x7f6ea07d6697] SYS_read(3, 0x7fffd87cfc18, 832, 0x7f6ea09d14d0)                                                             = 832
8681 [0x7f6ea07d6604] SYS_fstat(3, 0x7fffd87cfaf0, 0x7fffd87cfaf0, 16)                                                             = 0
8681 [0x7f6ea07d680a] SYS_mmap(0, 4096, 3, 34)                                                                                     = 0x7f6ea09cd000
8681 [0x7f6ea07d680a] SYS_mmap(0, 0x215730, 5, 2050)                                                                               = 0x7f6e9cfbf000
8681 [0x7f6ea07d6857] SYS_mprotect(0x7f6e9cfd5000, 0x1ff000, 0, 2050)                                                              = 0
8681 [0x7f6ea07d680a] SYS_mmap(0x7f6e9d1d4000, 4096, 3, 2066)                                                                      = 0x7f6e9d1d4000
8681 [0x7f6ea07d6787] SYS_close(3, 16, 0x7f6e9d1d4490, 0x6ffffdff)                                                                 = 0
8681 [0x7f6ea07d6677] SYS_open(0x7f6ea09cd4f0, 0x80000, 0, 0x6ffffdff)                                                             = 3
8681 [0x7f6ea07d6697] SYS_read(3, 0x7fffd87cfbe8, 832, 0x6ffffdff)                                                                 = 832
8681 [0x7f6ea07d6604] SYS_fstat(3, 0x7fffd87cfac0, 0x7fffd87cfac0, 32)                                                             = 0
8681 [0x7f6ea07d680a] SYS_mmap(0, 0x2fd148, 5, 2050)                                                                               = 0x7f6e9ccc1000
8681 [0x7f6ea07d6857] SYS_mprotect(0x7f6e9cdbe000, 0x1ff000, 0, 2050)                                                              = 0
8681 [0x7f6ea07d680a] SYS_mmap(0x7f6e9cfbd000, 8192, 3, 2066)                                                                      = 0x7f6e9cfbd000
8681 [0x7f6ea07d6787] SYS_close(3, 16, 0, 0x6ffffdff)                                                                              = 0
8681 [0x7f6ea07d6677] SYS_open(0x7fffd87cf9b0, 0x80000, 0, 0x36782f39325f3130)                                                     = -2
8681 [0x7f6ea07d65c5] SYS_stat(0x7fffd87cf9b0, 0x7fffd87cfa90, 0x7fffd87cfa90, 0x36782f39325f3130)                                 = -2
8681 [0x7f6ea07d6677] SYS_open(0x7fffd87cf9b0, 0x80000, 0, 0x36782f39325f3130)                                                     = -2
8681 [0x7f6ea07d65c5] SYS_stat(0x7fffd87cf9b0, 0x7fffd87cfa90, 0x7fffd87cfa90, 0x36782f39325f3130)                                 = -2
8681 [0x7f6ea07d6677] SYS_open(0x7fffd87cf9b0, 0x80000, 0, 0x36782f39325f3130)                                                     = -2
8681 [0x7f6ea07d65c5] SYS_stat(0x7fffd87cf9b0, 0x7fffd87cfa90, 0x7fffd87cfa90, 0x36782f39325f3130)                                 = -2
8681 [0x7f6ea07d6677] SYS_open(0x7fffd87cf9b0, 0x80000, 0, 0x36782f39325f3130)                                                     = -2
8681 [0x7f6ea07d65c5] SYS_stat(0x7fffd87cf9b0, 0x7fffd87cfa90, 0x7fffd87cfa90, 0x36782f39325f3130)                                 = -2
8681 [0x7f6ea07d6677] SYS_open(0x7f6ea09cddd0, 0x80000, 0, 0x36782f39325f3130)                                                     = 3
8681 [0x7f6ea07d6697] SYS_read(3, 0x7fffd87cfbb8, 832, 0x36782f39325f3130)                                                         = 832
8681 [0x7f6ea07d6604] SYS_fstat(3, 0x7fffd87cfa90, 0x7fffd87cfa90, 16)                                                             = 0
8681 [0x7f6ea07d680a] SYS_mmap(0, 4096, 3, 34)                                                                                     = 0x7f6ea09cc000
8681 [0x7f6ea07d680a] SYS_mmap(0, 0x2f8980, 5, 2050)                                                                               = 0x7f6e9c9c8000
8681 [0x7f6ea07d6857] SYS_mprotect(0x7f6e9cabf000, 0x200000, 0, 2050)                                                              = 0
8681 [0x7f6ea07d680a] SYS_mmap(0x7f6e9ccbf000, 8192, 3, 2066)                                                                      = 0x7f6e9ccbf000
8681 [0x7f6ea07d6787] SYS_close(3, 16, 0x7f6e9ccbf3a0, 0x6ffffdff)                                                                 = 0
8681 [0x7f6ea07d6677] SYS_open(0x7f6ea09cc4c8, 0x80000, 0, 0x6ffffdff)                                                             = 3
8681 [0x7f6ea07d6697] SYS_read(3, 0x7fffd87cfb88, 832, 0x6ffffdff)                                                                 = 832
8681 [0x7f6ea07d6604] SYS_fstat(3, 0x7fffd87cfa60, 0x7fffd87cfa60, 16)                                                             = 0
8681 [0x7f6ea07d680a] SYS_mmap(0, 0x2fc9d8, 5, 2050)                                                                               = 0x7f6e9c6cb000
8681 [0x7f6ea07d6857] SYS_mprotect(0x7f6e9c7c6000, 0x200000, 0, 2050)                                                              = 0
8681 [0x7f6ea07d680a] SYS_mmap(0x7f6e9c9c6000, 8192, 3, 2066)                                                                      = 0x7f6e9c9c6000
8681 [0x7f6ea07d6787] SYS_close(3, 16, 0x7f6e9c9c7828, 0x6ffffdff)                                                                 = 0
8681 [0x7f6ea07d6677] SYS_open(0x7f6ea09cc998, 0x80000, 0, 0x6ffffdff)                                                             = 3
8681 [0x7f6ea07d6697] SYS_read(3, 0x7fffd87cfb58, 832, 0x6ffffdff)                                                                 = 832
8681 [0x7f6ea07d6604] SYS_fstat(3, 0x7fffd87cfa30, 0x7fffd87cfa30, 16)                                                             = 0
8681 [0x7f6ea07d680a] SYS_mmap(0, 0x242830, 5, 2050)                                                                               = 0x7f6e9c488000
8681 [0x7f6ea07d6857] SYS_mprotect(0x7f6e9c4cb000, 0x1ff000, 0, 2050)                                                              = 0
8681 [0x7f6ea07d680a] SYS_mmap(0x7f6e9c6ca000, 4096, 3, 2066)                                                                      = 0x7f6e9c6ca000
8681 [0x7f6ea07d6787] SYS_close(3, 16, 0x7f6e9c6ca630, 0x6ffffdff)                                                                 = 0
8681 [0x7f6ea07d6677] SYS_open(0x7f6ea09ccf70, 0x80000, 0, 0x7f6ea09d39b8)                                                         = 3
8681 [0x7f6ea07d6697] SYS_read(3, 0x7fffd87cfb28, 832, 0x7f6ea09d39b8)                                                             = 832
8681 [0x7f6ea07d6604] SYS_fstat(3, 0x7fffd87cfa00, 0x7fffd87cfa00, 32)                                                             = 0
8681 [0x7f6ea07d680a] SYS_mmap(0, 4096, 3, 34)                                                                                     = 0x7f6ea09cb000
8681 [0x7f6ea07d680a] SYS_mmap(0, 0x203118, 5, 2050)                                                                               = 0x7f6e9c284000
8681 [0x7f6ea07d6857] SYS_mprotect(0x7f6e9c286000, 0x200000, 0, 2050)                                                              = 0
8681 [0x7f6ea07d680a] SYS_mmap(0x7f6e9c486000, 8192, 3, 2066)                                                                      = 0x7f6e9c486000
8681 [0x7f6ea07d6787] SYS_close(3, 16, 0x7f6e9c486f40, 0x6ffffdff)                                                                 = 0
8681 [0x7f6ea07d680a] SYS_mmap(0, 4096, 3, 34)                                                                                     = 0x7f6ea09ca000
8681 [0x7f6ea07d680a] SYS_mmap(0, 4096, 3, 34)                                                                                     = 0x7f6ea09c9000
8681 [0x7f6ea07d680a] SYS_mmap(0, 8192, 3, 34)                                                                                     = 0x7f6ea09c7000
8681 [0x7f6ea07c0044] SYS_arch_prctl(4098, 0x7f6ea09c7780, 0x7f6ea09c8080, 34)                                                     = 0
8681 [0x7f6ea07d6857] SYS_mprotect(0x7f6ea0116000, 0x4000, 1, 1)                                                                   = 0
8681 [0x7f6ea07d6857] SYS_mprotect(0x7f6e9c486000, 4096, 1, 0x7f6e9c284c68)                                                        = 0
8681 [0x7f6ea07d6857] SYS_mprotect(0x7f6e9f2bc000, 4096, 1, 0x7f6e9f0aa500)                                                        = 0
8681 [0x7f6ea07d6857] SYS_mprotect(0x7f6e9cfbd000, 4096, 1, 1)                                                                     = 0
8681 [0x7f6ea07d6857] SYS_mprotect(0x7f6e9d81c000, 4096, 1, 0x7f6e9d615a00)                                                        = 0
8681 [0x7f6ea07d6857] SYS_mprotect(0x7f6e9f580000, 0x7000, 1, 0x7f6e9f31a810)                                                      = 0
8681 [0x7f6ea07d6857] SYS_mprotect(0x7f6e9f0a3000, 4096, 1, 0x7f6e9ee9ed58)                                                        = 0
8681 [0x7f6ea07d6857] SYS_mprotect(0x7f6ea09df000, 4096, 1, 0)                                                                     = 0
8681 [0x7f6ea07d6837] SYS_munmap(0x7f6ea09d5000, 0x83b3, 0x74900, 0)                                                               = 0
8681 [0x7f6e9f0abe92] SYS_set_tid_address(0x7f6ea09c7a50, 0x7fffd87d1b18, 0x7f6ea09c7780, 0)                                       = 8681
8681 [0x7f6e9f0abefa] SYS_set_robust_list(0x7f6ea09c7a60, 24, 0x7f6ea09c7780, 0)                                                   = 0
8681 [0x7f6e9f0b5cf5] SYS_rt_sigaction(32, 0x7fffd87d1868, 0, 8)                                                                   = 0
8681 [0x7f6e9f0b5cf5] SYS_rt_sigaction(33, 0x7fffd87d1868, 0, 8)                                                                   = 0
8681 [0x7f6e9f0abfd6] SYS_rt_sigprocmask(1, 0x7fffd87d19b8, 0, 8)                                                                  = 0
8681 [0x7f6e9fe62b17] SYS_getrlimit(3, 0x7fffd87d1a50, 63, 1)                                                                      = 0
8681 [0x7f6e9f0abb95] SYS_futex(0x7f6e9f58a7e0, 129, 0x7fffffff, 0)                                                                = 0
8681 [0x4009e1] ledctrl->Hal_Led_Set_Mode(10, 4, 0x7f6e9fed0c60, 0 <unfinished ...>
8681 [0x7f6ea0126575]   libnhal.so->Hal_Lookup_Hardware_Info(0x7fffd87d1840, 4, 0x7f6e9fed0c60, 0 <unfinished ...>
8681 [0x7f6e9fe5d557]     SYS_statfs(0x7f6e9f0b81e8, 0x7fffd87d1630, 0x7f6e9f2c1310, 1)                                            = 0
8681 [0x7f6e9f0abb95]     SYS_futex(0x7f6e9f2c1310, 129, 0x7fffffff, 0)                                                            = 0
8681 [0x7f6e9fe5d7e0]     SYS_open(0x7fffd87d1740, 0xa0002, 484, 1)                                                                = 3
8681 [0x7f6e9fe6672a]     SYS_mmap(0, 220, 3, 1)                                                                                   = 0x7f6ea09dd000
8681 [0x7f6e9fe5e070]     SYS_close(3, 220, 3, 1)                                                                                  = 0
8681 [0x7f6ea01257f0]     libnhal.so->Hw_Semaphore_Init(0x7fffd87d17f0, 0x7f6ea0128287, 1, -1 <unfinished ...>
8681 [0x7f6e9fe5d405]       SYS_lstat(0x7fffd87d16a0, 0x7fffd87d15b0, 0x7fffd87d15b0, 0)                                           = -2
8681 [0x7f6e9f0b5510]       SYS_open(0x7fffd87d16a0, 194, 600, 0)                                                                  = 3
8681 [0x7f6e9f0b4da0]       SYS_write(3, 0x7fffd87d1720, 32, 0)                                                                    = 32
8681 [0x7f6e9fe6672a]       SYS_mmap(0, 32, 3, 1)                                                                                  = 0x7f6ea09dc000
8681 [0x7f6e9fe5f1a7]       SYS_link(0x7fffd87d16a0, 0x7fffd87d16d0, 3, 1)                                                         = -17
8681 [0x7f6e9fe66757]       SYS_munmap(0x7f6ea09dc000, 32, 3, 1)                                                                   = 0
8681 [0x7f6e9fe5f2c7]       SYS_unlink(0x7fffd87d16a0, 32, 3, 1)                                                                   = 0
8681 [0x7f6e9f0b4e60]       SYS_close(3, 32, 3, 1)                                                                                 = 0
8681 [0x7f6e9f0b5510]       SYS_open(0x7fffd87d16d0, 0x20002, 18, 1)                                                               = 3
8681 [0x7f6e9fe5d3b4]       SYS_fstat(3, 0x7fffd87d1600, 0x7fffd87d1600, 1)                                                        = 0
8681 [0x7f6e9fe62f5a]       SYS_brk(0, 0x7f6ea011a640, 0, -4096)                                                                   = 0x2303000
8681 [0x7f6e9fe62f5a]       SYS_brk(0x2324000, 0x2303000, 0x2324000, -4096)                                                        = 0x2324000
8681 [0x7f6e9fe6672a]       SYS_mmap(0, 32, 3, 1)                                                                                  = 0x7f6ea09dc000
8681 [0x7f6e9f0b4e60]       SYS_close(3, 32, 0, 3)                                                                                 = 0
8681 [0x7f6ea01257f0]     <... Hw_Semaphore_Init resumed> )                                                                        = 17
8681 [0x7f6ea0125800]     libnhal.so->Hw_Semaphore_Lock(0x7fffd87d17f0, 32, 0x7f6ea09dc000, -1)                                    = 0
8681 [0x7f6ea0125918]     libnhal.so->Hw_Semaphore_Unlock(0x7fffd87d17f0, 2, 0x7f6ea09dd000, 0)                                    = 0
8681 [0x7f6ea0125924]     libnhal.so->Hw_Semaphore_Release(0x7fffd87d17f0, 128, 0, 0 <unfinished ...>
8681 [0x7f6e9fe66757]       SYS_munmap(0x7f6ea09dc000, 32, 0, 1)                                                                   = 0
8681 [0x7f6ea0125924]     <... Hw_Semaphore_Release resumed> )                                                                     = 0
8681 [0x7f6ea0126575]   <... Hal_Lookup_Hardware_Info resumed> )                                                                   = 0
8681 [0x4009e1] <... Hal_Led_Set_Mode resumed> )                                                                                   = 0xffffffea
8681 [0x7f6e9fdb7932] libgeneral.so->Trace_Mem_Destroy()(0x7f6e9facfd40, 0, 0xb9023a1cd4c3438, 16)                                 = 0
8681 [0x7f6e9fe3a468] SYS_exit_group(-22, 60, -22, 0x7f6ea011da48 <unfinished ...>
8681 [0xffffffffffffffff] +++ exited (status 234) +++
