8701 [0x7fd5ccb5c8aa] SYS_brk(0, 0x7fd5ccb5ffa0, 0, 895)                                                                           = 0x143e000
8701 [0x7fd5ccb5d7e7] SYS_readlink(0x7fffa82b4b81, 0x7fffa82b1970, 4096, 0x756e694c00000000)                                       = -2
8701 [0x7fd5ccb5d677] SYS_open(0x7fd5ccb611f3, 0, 0, 0x756e694c00000000)                                                           = 3
8701 [0x7fd5ccb5d7a7] SYS_chdir(0x7fd5ccd68ba8, 0, 0, 0x756e694c00000000)                                                          = -2
8701 [0x7fd5ccb5c9d2] SYS_getcwd(0x7fffa82b1970, 4096, 0, 0x756e694c00000000)                                                      = 23
8701 [0x7fd5ccb5d7c7] SYS_fchdir(3, 4096, 0, 0x756e694c00000000)                                                                   = 0
8701 [0x7fd5ccb5d787] SYS_close(3, 4096, 0, 0x756e694c00000000)                                                                    = 0
8701 [0x7fd5ccb5d80a] SYS_mmap(0, 4096, 3, 34)                                                                                     = 0x7fd5ccd65000
8701 [0x7fd5ccb5d6d7] SYS_access(0x7fd5ccb63700, 4, 0x7fd5ccd68718, 0)                                                             = -2
8701 [0x7fd5ccb5d677] SYS_open(0x7fd5ccb61072, 0x80000, 1, 0)                                                                      = 3
8701 [0x7fd5ccb5d604] SYS_fstat(3, 0x7fffa82b1150, 0x7fffa82b1150, 0)                                                              = 0
8701 [0x7fd5ccb5d80a] SYS_mmap(0, 0x83b3, 1, 2)                                                                                    = 0x7fd5ccd5c000
8701 [0x7fd5ccb5d787] SYS_close(3, 0x83b3, 1, 2)                                                                                   = 0
8701 [0x7fd5ccb5d677] SYS_open(0x7fd5ccd65640, 0x80000, 0, 56)                                                                     = 3
8701 [0x7fd5ccb5d697] SYS_read(3, 0x7fffa82b12d8, 832, 56)                                                                         = 832
8701 [0x7fd5ccb5d604] SYS_fstat(3, 0x7fffa82b11b0, 0x7fffa82b11b0, 16)                                                             = 0
8701 [0x7fd5ccb5d80a] SYS_mmap(0, 0x278960, 5, 2050)                                                                               = 0x7fd5cc8cd000
8701 [0x7fd5ccb5d857] SYS_mprotect(0x7fd5cc943000, 0x200000, 0, 2050)                                                              = 0
8701 [0x7fd5ccb5d80a] SYS_mmap(0x7fd5ccb43000, 0x3000, 3, 2066)                                                                    = 0x7fd5ccb43000
8701 [0x7fd5ccb5d787] SYS_close(3, 16, 0x7fd5ccb433e0, 0x6ffffdff)                                                                 = 0
8701 [0x7fd5ccb5d677] SYS_open(0x7fd5ccd65b10, 0x80000, 0, 0x6ffffdff)                                                             = 3
8701 [0x7fd5ccb5d697] SYS_read(3, 0x7fffa82b12a8, 832, 0x6ffffdff)                                                                 = 832
8701 [0x7fd5ccb5d604] SYS_fstat(3, 0x7fffa82b1180, 0x7fffa82b1180, 16)                                                             = 0
8701 [0x7fd5ccb5d80a] SYS_mmap(0, 0x21bee0, 5, 2050)                                                                               = 0x7fd5cc6b1000
8701 [0x7fd5ccb5d857] SYS_mprotect(0x7fd5cc6cc000, 0x200000, 0, 2050)                                                              = 0
8701 [0x7fd5ccb5d80a] SYS_mmap(0x7fd5cc8cc000, 4096, 3, 2066)                                                                      = 0x7fd5cc8cc000
8701 [0x7fd5ccb5d787] SYS_close(3, 16, 0x7fd5cc8cc208, 0x6ffffdff)                                                                 = 0
8701 [0x7fd5ccb5d677] SYS_open(0x7fd5ccd65fe0, 0x80000, 0, 0x6ffffdff)                                                             = 3
8701 [0x7fd5ccb5d697] SYS_read(3, 0x7fffa82b1278, 832, 0x6ffffdff)                                                                 = 832
8701 [0x7fd5ccb5d604] SYS_fstat(3, 0x7fffa82b1150, 0x7fffa82b1150, 16)                                                             = 0
8701 [0x7fd5ccb5d80a] SYS_mmap(0, 4096, 3, 34)                                                                                     = 0x7fd5ccd5b000
8701 [0x7fd5ccb5d80a] SYS_mmap(0, 0x209ad0, 5, 2050)                                                                               = 0x7fd5cc4a7000
8701 [0x7fd5ccb5d857] SYS_mprotect(0x7fd5cc4b1000, 0x1ff000, 0, 2050)                                                              = 0
8701 [0x7fd5ccb5d80a] SYS_mmap(0x7fd5cc6b0000, 4096, 3, 2066)                                                                      = 0x7fd5cc6b0000
8701 [0x7fd5ccb5d787] SYS_close(3, 16, 0x7fd5cc6b0690, 0x6ffffdff)                                                                 = 0
8701 [0x7fd5ccb5d677] SYS_open(0x7fd5ccd5b4b8, 0x80000, 0, 0x6ffffdff)                                                             = 3
8701 [0x7fd5ccb5d697] SYS_read(3, 0x7fffa82b1248, 832, 0x6ffffdff)                                                                 = 832
8701 [0x7fd5ccb5d604] SYS_fstat(3, 0x7fffa82b1120, 0x7fffa82b1120, 32)                                                             = 0
8701 [0x7fd5ccb5d80a] SYS_mmap(0, 0x39dc40, 5, 2050)                                                                               = 0x7fd5cc109000
8701 [0x7fd5ccb5d857] SYS_mprotect(0x7fd5cc29d000, 0x200000, 0, 2050)                                                              = 0
8701 [0x7fd5ccb5d80a] SYS_mmap(0x7fd5cc49d000, 0x6000, 3, 2066)                                                                    = 0x7fd5cc49d000
8701 [0x7fd5ccb5d80a] SYS_mmap(0x7fd5cc4a3000, 0x3c40, 3, 50)                                                                      = 0x7fd5cc4a3000
8701 [0x7fd5ccb5d787] SYS_close(3, 16, 0, 0x6ffffdff)                                                                              = 0
8701 [0x7fd5ccb5d677] SYS_open(0x7fd5ccd5b988, 0x80000, 0, 0x6ffffdff)                                                             = 3
8701 [0x7fd5ccb5d697] SYS_read(3, 0x7fffa82b10f8, 832, 0x6ffffdff)                                                                 = 832
8701 [0x7fd5ccb5d604] SYS_fstat(3, 0x7fffa82b0fd0, 0x7fffa82b0fd0, 16)                                                             = 0
8701 [0x7fd5ccb5d80a] SYS_mmap(0, 0x2b09d0, 5, 2050)                                                                               = 0x7fd5cbe58000
8701 [0x7fd5ccb5d857] SYS_mprotect(0x7fd5cbf07000, 0x1ff000, 0, 2050)                                                              = 0
8701 [0x7fd5ccb5d80a] SYS_mmap(0x7fd5cc106000, 0x3000, 3, 2066)                                                                    = 0x7fd5cc106000
8701 [0x7fd5ccb5d787] SYS_close(3, 16, 0x7fd5cc1069a8, 0x6ffffdff)                                                                 = 0
8701 [0x7fd5ccb5d677] SYS_open(0x7fd5ccd5be58, 0x80000, 0, 0x6ffffdff)                                                             = 3
8701 [0x7fd5ccb5d697] SYS_read(3, 0x7fffa82b10c8, 832, 0x6ffffdff)                                                                 = 832
8701 [0x7fd5ccb5d604] SYS_fstat(3, 0x7fffa82b0fa0, 0x7fffa82b0fa0, 16)                                                             = 0
8701 [0x7fd5ccb5d80a] SYS_mmap(0, 4096, 3, 34)                                                                                     = 0x7fd5ccd5a000
8701 [0x7fd5ccb5d80a] SYS_mmap(0, 0x294ee0, 5, 2050)                                                                               = 0x7fd5cbbc3000
8701 [0x7fd5ccb5d857] SYS_mprotect(0x7fd5cbc55000, 0x1ff000, 0, 2050)                                                              = 0
8701 [0x7fd5ccb5d80a] SYS_mmap(0x7fd5cbe54000, 0x3000, 3, 2066)                                                                    = 0x7fd5cbe54000
8701 [0x7fd5ccb5d80a] SYS_mmap(0x7fd5cbe57000, 3808, 3, 50)                                                                        = 0x7fd5cbe57000
8701 [0x7fd5ccb5d787] SYS_close(3, 16, 0x7fd5cbe54e30, 0x6ffffdff)                                                                 = 0
8701 [0x7fd5ccb5d677] SYS_open(0x7fd5ccd5a4b8, 0x80000, 0, 0x6ffffdff)                                                             = 3
8701 [0x7fd5ccb5d697] SYS_read(3, 0x7fffa82b1098, 832, 0x6ffffdff)                                                                 = 832
8701 [0x7fd5ccb5d604] SYS_fstat(3, 0x7fffa82b0f70, 0x7fffa82b0f70, 16)                                                             = 0
8701 [0x7fd5ccb5d80a] SYS_mmap(0, 0x29d850, 5, 2050)                                                                               = 0x7fd5cb925000
8701 [0x7fd5ccb5d857] SYS_mprotect(0x7fd5cb9be000, 0x200000, 0, 2050)                                                              = 0
8701 [0x7fd5ccb5d80a] SYS_mmap(0x7fd5cbbbe000, 0x3000, 3, 2066)                                                                    = 0x7fd5cbbbe000
8701 [0x7fd5ccb5d80a] SYS_mmap(0x7fd5cbbc1000, 6224, 3, 50)                                                                        = 0x7fd5cbbc1000
8701 [0x7fd5ccb5d787] SYS_close(3, 16, 0x7fd5cbbbfcc8, 0x6ffffdff)                                                                 = 0
8701 [0x7fd5ccb5d677] SYS_open(0x7fd5ccd5a9a0, 0x80000, 0, 0x6ffffdff)                                                             = 3
8701 [0x7fd5ccb5d697] SYS_read(3, 0x7fffa82b1068, 832, 0x6ffffdff)                                                                 = 832
8701 [0x7fd5ccb5d604] SYS_fstat(3, 0x7fffa82b0f40, 0x7fffa82b0f40, 16)                                                             = 0
8701 [0x7fd5ccb5d80a] SYS_mmap(0, 0x2dbbb0, 5, 2050)                                                                               = 0x7fd5cb649000
8701 [0x7fd5ccb5d857] SYS_mprotect(0x7fd5cb707000, 0x200000, 0, 2050)                                                              = 0
8701 [0x7fd5ccb5d80a] SYS_mmap(0x7fd5cb907000, 0xa000, 3, 2066)                                                                    = 0x7fd5cb907000
8701 [0x7fd5ccb5d80a] SYS_mmap(0x7fd5cb911000, 0x13bb0, 3, 50)                                                                     = 0x7fd5cb911000
8701 [0x7fd5ccb5d787] SYS_close(3, 16, 0x7fd5cb90d4d8, 0x6ffffdff)                                                                 = 0
8701 [0x7fd5ccb5d677] SYS_open(0x7fd5ccd5ae70, 0x80000, 0, 0x6ffffdff)                                                             = 3
8701 [0x7fd5ccb5d697] SYS_read(3, 0x7fffa82b1038, 832, 0x6ffffdff)                                                                 = 832
8701 [0x7fd5ccb5d604] SYS_fstat(3, 0x7fffa82b0f10, 0x7fffa82b0f10, 32)                                                             = 0
8701 [0x7fd5ccb5d80a] SYS_mmap(0, 4096, 3, 34)                                                                                     = 0x7fd5ccd59000
8701 [0x7fd5ccb5d80a] SYS_mmap(0, 0x21c490, 5, 2050)                                                                               = 0x7fd5cb42c000
8701 [0x7fd5ccb5d857] SYS_mprotect(0x7fd5cb444000, 0x1ff000, 0, 2050)                                                              = 0
8701 [0x7fd5ccb5d80a] SYS_mmap(0x7fd5cb643000, 8192, 3, 2066)                                                                      = 0x7fd5cb643000
8701 [0x7fd5ccb5d80a] SYS_mmap(0x7fd5cb645000, 0x3490, 3, 50)                                                                      = 0x7fd5cb645000
8701 [0x7fd5ccb5d787] SYS_close(3, 16, 0, 0x6ffffdff)                                                                              = 0
8701 [0x7fd5ccb5d677] SYS_open(0x7fd5ccd594b8, 0x80000, 0, 0x6ffffdff)                                                             = 3
8701 [0x7fd5ccb5d697] SYS_read(3, 0x7fffa82b1008, 832, 0x6ffffdff)                                                                 = 832
8701 [0x7fd5ccb5d604] SYS_fstat(3, 0x7fffa82b0ee0, 0x7fffa82b0ee0, 32)                                                             = 0
8701 [0x7fd5ccb5d80a] SYS_mmap(0, 0x207bc0, 5, 2050)                                                                               = 0x7fd5cb224000
8701 [0x7fd5ccb5d857] SYS_mprotect(0x7fd5cb22b000, 0x1ff000, 0, 2050)                                                              = 0
8701 [0x7fd5ccb5d80a] SYS_mmap(0x7fd5cb42a000, 8192, 3, 2066)                                                                      = 0x7fd5cb42a000
8701 [0x7fd5ccb5d787] SYS_close(3, 16, 0, 0x6ffffdff)                                                                              = 0
8701 [0x7fd5ccb5d677] SYS_open(0x7fd5ccd59988, 0x80000, 0, 0x6ffffdff)                                                             = 3
8701 [0x7fd5ccb5d697] SYS_read(3, 0x7fffa82b0fd8, 832, 0x6ffffdff)                                                                 = 832
8701 [0x7fd5ccb5d604] SYS_fstat(3, 0x7fffa82b0eb0, 0x7fffa82b0eb0, 16)                                                             = 0
8701 [0x7fd5ccb5d80a] SYS_mmap(0, 0x202e20, 5, 2050)                                                                               = 0x7fd5cb021000
8701 [0x7fd5ccb5d857] SYS_mprotect(0x7fd5cb024000, 0x1ff000, 0, 2050)                                                              = 0
8701 [0x7fd5ccb5d80a] SYS_mmap(0x7fd5cb223000, 4096, 3, 2066)                                                                      = 0x7fd5cb223000
8701 [0x7fd5ccb5d787] SYS_close(3, 16, 0x7fd5cb223c28, 0x6ffffdff)                                                                 = 0
8701 [0x7fd5ccb5d677] SYS_open(0x7fd5ccd59e58, 0x80000, 0, 0x6ffffdff)                                                             = 3
8701 [0x7fd5ccb5d697] SYS_read(3, 0x7fffa82b0fa8, 832, 0x6ffffdff)                                                                 = 832
8701 [0x7fd5ccb5d604] SYS_fstat(3, 0x7fffa82b0e80, 0x7fffa82b0e80, 16)                                                             = 0
8701 [0x7fd5ccb5d80a] SYS_mmap(0, 4096, 3, 34)                                                                                     = 0x7fd5ccd58000
8701 [0x7fd5ccb5d80a] SYS_mmap(0, 0x209850, 5, 2050)                                                                               = 0x7fd5cae17000
8701 [0x7fd5ccb5d857] SYS_mprotect(0x7fd5cae21000, 0x1ff000, 0, 2050)                                                              = 0
8701 [0x7fd5ccb5d80a] SYS_mmap(0x7fd5cb020000, 4096, 3, 2066)                                                                      = 0x7fd5cb020000
8701 [0x7fd5ccb5d787] SYS_close(3, 16, 0x7fd5cb020618, 0x6ffffdff)                                                                 = 0
8701 [0x7fd5ccb5d677] SYS_open(0x7fd5ccd584b8, 0x80000, 0, 0x6ffffdff)                                                             = 3
8701 [0x7fd5ccb5d697] SYS_read(3, 0x7fffa82b0f78, 832, 0x6ffffdff)                                                                 = 832
8701 [0x7fd5ccb5d604] SYS_fstat(3, 0x7fffa82b0e50, 0x7fffa82b0e50, 16)                                                             = 0
8701 [0x7fd5ccb5d80a] SYS_mmap(0, 0x210868, 5, 2050)                                                                               = 0x7fd5cac06000
8701 [0x7fd5ccb5d857] SYS_mprotect(0x7fd5cac17000, 0x1ff000, 0, 2050)                                                              = 0
8701 [0x7fd5ccb5d80a] SYS_mmap(0x7fd5cae16000, 4096, 3, 2066)                                                                      = 0x7fd5cae16000
8701 [0x7fd5ccb5d787] SYS_close(3, 16, 0x7fd5cae16408, 0x6ffffdff)                                                                 = 0
8701 [0x7fd5ccb5d677] SYS_open(0x7fd5ccd58a40, 0x80000, 0, 0x7fd5ccd599a0)                                                         = 3
8701 [0x7fd5ccb5d697] SYS_read(3, 0x7fffa82b0e18, 832, 0x7fd5ccd599a0)                                                             = 832
8701 [0x7fd5ccb5d604] SYS_fstat(3, 0x7fffa82b0cf0, 0x7fffa82b0cf0, 16)                                                             = 0
8701 [0x7fd5ccb5d80a] SYS_mmap(0, 0x2032c8, 5, 2050)                                                                               = 0x7fd5caa02000
8701 [0x7fd5ccb5d857] SYS_mprotect(0x7fd5caa05000, 0x200000, 0, 2050)                                                              = 0
8701 [0x7fd5ccb5d80a] SYS_mmap(0x7fd5cac05000, 4096, 3, 2066)                                                                      = 0x7fd5cac05000
8701 [0x7fd5ccb5d787] SYS_close(3, 16, 0x7fd5cac05188, 0x6ffffdff)                                                                 = 0
8701 [0x7fd5ccb5d677] SYS_open(0x7fd5ccd58f28, 0x80000, 0, 0x6ffffdff)                                                             = 3
8701 [0x7fd5ccb5d697] SYS_read(3, 0x7fffa82b0de8, 832, 0x6ffffdff)                                                                 = 832
8701 [0x7fd5ccb5d604] SYS_fstat(3, 0x7fffa82b0cc0, 0x7fffa82b0cc0, 16)                                                             = 0
8701 [0x7fd5ccb5d80a] SYS_mmap(0, 4096, 3, 34)                                                                                     = 0x7fd5ccd57000
8701 [0x7fd5ccb5d80a] SYS_mmap(0, 0x207820, 5, 2050)                                                                               = 0x7fd5ca7fa000
8701 [0x7fd5ccb5d857] SYS_mprotect(0x7fd5ca801000, 0x200000, 0, 2050)                                                              = 0
8701 [0x7fd5ccb5d80a] SYS_mmap(0x7fd5caa01000, 4096, 3, 2066)                                                                      = 0x7fd5caa01000
8701 [0x7fd5ccb5d787] SYS_close(3, 16, 0x7fd5caa01188, 0x6ffffdff)                                                                 = 0
8701 [0x7fd5ccb5d677] SYS_open(0x7fd5ccd574c8, 0x80000, 0, 0x6ffffdff)                                                             = 3
8701 [0x7fd5ccb5d697] SYS_read(3, 0x7fffa82b0db8, 832, 0x6ffffdff)                                                                 = 832
8701 [0x7fd5ccb5d604] SYS_fstat(3, 0x7fffa82b0c90, 0x7fffa82b0c90, 16)                                                             = 0
8701 [0x7fd5ccb5d80a] SYS_mmap(0, 0x201f30, 5, 2050)                                                                               = 0x7fd5ca5f8000
8701 [0x7fd5ccb5d857] SYS_mprotect(0x7fd5ca5fa000, 0x1ff000, 0, 2050)                                                              = 0
8701 [0x7fd5ccb5d80a] SYS_mmap(0x7fd5ca7f9000, 4096, 3, 2066)                                                                      = 0x7fd5ca7f9000
8701 [0x7fd5ccb5d787] SYS_close(3, 16, 0x7fd5ca7f9e18, 0x6ffffdff)                                                                 = 0
8701 [0x7fd5ccb5d677] SYS_open(0x7fd5ccd57a60, 0x80000, 0, 0x7fd5ccd5b4d0)                                                         = 3
8701 [0x7fd5ccb5d697] SYS_read(3, 0x7fffa82b0d88, 832, 0x7fd5ccd5b4d0)                                                             = 832
8701 [0x7fd5ccb5d604] SYS_fstat(3, 0x7fffa82b0c60, 0x7fffa82b0c60, 16)                                                             = 0
8701 [0x7fd5ccb5d80a] SYS_mmap(0, 0x2022e8, 5, 2050)                                                                               = 0x7fd5ca3f5000
8701 [0x7fd5ccb5d857] SYS_mprotect(0x7fd5ca3f7000, 0x200000, 0, 2050)                                                              = 0
8701 [0x7fd5ccb5d80a] SYS_mmap(0x7fd5ca5f7000, 4096, 3, 2066)                                                                      = 0x7fd5ca5f7000
8701 [0x7fd5ccb5d787] SYS_close(3, 16, 0x7fd5ca5f7198, 0x6ffffdff)                                                                 = 0
8701 [0x7fd5ccb5d677] SYS_open(0x7fd5ccd57f40, 0x80000, 0, 0x6ffffdff)                                                             = 3
8701 [0x7fd5ccb5d697] SYS_read(3, 0x7fffa82b0d58, 832, 0x6ffffdff)                                                                 = 832
8701 [0x7fd5ccb5d604] SYS_fstat(3, 0x7fffa82b0c30, 0x7fffa82b0c30, 16)                                                             = 0
8701 [0x7fd5ccb5d80a] SYS_mmap(0, 4096, 3, 34)                                                                                     = 0x7fd5ccd56000
8701 [0x7fd5ccb5d80a] SYS_mmap(0, 0x201f30, 5, 2050)                                                                               = 0x7fd5ca1f3000
8701 [0x7fd5ccb5d857] SYS_mprotect(0x7fd5ca1f5000, 0x1ff000, 0, 2050)                                                              = 0
8701 [0x7fd5ccb5d80a] SYS_mmap(0x7fd5ca3f4000, 4096, 3, 2066)                                                                      = 0x7fd5ca3f4000
8701 [0x7fd5ccb5d787] SYS_close(3, 16, 0x7fd5ca3f4e18, 0x6ffffdff)                                                                 = 0
8701 [0x7fd5ccb5d677] SYS_open(0x7fd5ccd564c0, 0x80000, 0, 0x6ffffdff)                                                             = 3
8701 [0x7fd5ccb5d697] SYS_read(3, 0x7fffa82b0d28, 832, 0x6ffffdff)                                                                 = 832
8701 [0x7fd5ccb5d604] SYS_fstat(3, 0x7fffa82b0c00, 0x7fffa82b0c00, 16)                                                             = 0
8701 [0x7fd5ccb5d80a] SYS_mmap(0, 0x2038b8, 5, 2050)                                                                               = 0x7fd5c9fef000
8701 [0x7fd5ccb5d857] SYS_mprotect(0x7fd5c9ff3000, 0x1ff000, 0, 2050)                                                              = 0
8701 [0x7fd5ccb5d80a] SYS_mmap(0x7fd5ca1f2000, 4096, 3, 2066)                                                                      = 0x7fd5ca1f2000
8701 [0x7fd5ccb5d787] SYS_close(3, 16, 0x7fd5ca1f2748, 0x6ffffdff)                                                                 = 0
8701 [0x7fd5ccb5d677] SYS_open(0x7fd5ccd56a60, 0x80000, 0, 0x7fd5ccd59000)                                                         = 3
8701 [0x7fd5ccb5d697] SYS_read(3, 0x7fffa82b0cc8, 832, 0x7fd5ccd59000)                                                             = 832
8701 [0x7fd5ccb5d604] SYS_fstat(3, 0x7fffa82b0ba0, 0x7fffa82b0ba0, 16)                                                             = 0
8701 [0x7fd5ccb5d80a] SYS_mmap(0, 0x210848, 5, 2050)                                                                               = 0x7fd5c9dde000
8701 [0x7fd5ccb5d857] SYS_mprotect(0x7fd5c9dee000, 0x1ff000, 0, 2050)                                                              = 0
8701 [0x7fd5ccb5d80a] SYS_mmap(0x7fd5c9fed000, 8192, 3, 2066)                                                                      = 0x7fd5c9fed000
8701 [0x7fd5ccb5d787] SYS_close(3, 16, 0x7fd5c9fedd90, 0x6ffffdff)                                                                 = 0
8701 [0x7fd5ccb5d677] SYS_open(0x7fd5ccd56f48, 0x80000, 0, 0x6ffffdff)                                                             = 3
8701 [0x7fd5ccb5d697] SYS_read(3, 0x7fffa82b0c98, 832, 0x6ffffdff)                                                                 = 832
8701 [0x7fd5ccb5d604] SYS_fstat(3, 0x7fffa82b0b70, 0x7fffa82b0b70, 16)                                                             = 0
8701 [0x7fd5ccb5d80a] SYS_mmap(0, 4096, 3, 34)                                                                                     = 0x7fd5ccd55000
8701 [0x7fd5ccb5d80a] SYS_mmap(0, 0x20acf0, 5, 2050)                                                                               = 0x7fd5c9bd3000
8701 [0x7fd5ccb5d857] SYS_mprotect(0x7fd5c9bde000, 0x1ff000, 0, 2050)                                                              = 0
8701 [0x7fd5ccb5d80a] SYS_mmap(0x7fd5c9ddd000, 4096, 3, 2066)                                                                      = 0x7fd5c9ddd000
8701 [0x7fd5ccb5d787] SYS_close(3, 16, 0x7fd5c9ddd750, 0x6ffffdff)                                                                 = 0
8701 [0x7fd5ccb5d677] SYS_open(0x7fd5ccd55560, 0x80000, 0, 0x7fd5ccd59000)                                                         = 3
8701 [0x7fd5ccb5d697] SYS_read(3, 0x7fffa82b0c68, 832, 0x7fd5ccd59000)                                                             = 832
8701 [0x7fd5ccb5d604] SYS_fstat(3, 0x7fffa82b0b40, 0x7fffa82b0b40, 32)                                                             = 0
8701 [0x7fd5ccb5d80a] SYS_mmap(0, 0x2361e0, 5, 2050)                                                                               = 0x7fd5c999c000
8701 [0x7fd5ccb5d857] SYS_mprotect(0x7fd5c99a4000, 0x1ff000, 0, 2050)                                                              = 0
8701 [0x7fd5ccb5d80a] SYS_mmap(0x7fd5c9ba3000, 8192, 3, 2066)                                                                      = 0x7fd5c9ba3000
8701 [0x7fd5ccb5d80a] SYS_mmap(0x7fd5c9ba5000, 0x2d1e0, 3, 50)                                                                     = 0x7fd5c9ba5000
8701 [0x7fd5ccb5d787] SYS_close(3, 16, 0, 0x6ffffdff)                                                                              = 0
8701 [0x7fd5ccb5d677] SYS_open(0x7fd5ccd55a30, 0x80000, 0, 0x6ffffdff)                                                             = 3
8701 [0x7fd5ccb5d697] SYS_read(3, 0x7fffa82b0c38, 832, 0x6ffffdff)                                                                 = 832
8701 [0x7fd5ccb5d604] SYS_fstat(3, 0x7fffa82b0b10, 0x7fffa82b0b10, 16)                                                             = 0
8701 [0x7fd5ccb5d80a] SYS_mmap(0, 0x43fe88, 5, 2050)                                                                               = 0x7fd5c955c000
8701 [0x7fd5ccb5d857] SYS_mprotect(0x7fd5c9771000, 0x200000, 0, 2050)                                                              = 0
8701 [0x7fd5ccb5d80a] SYS_mmap(0x7fd5c9971000, 0x27000, 3, 2066)                                                                   = 0x7fd5c9971000
8701 [0x7fd5ccb5d80a] SYS_mmap(0x7fd5c9998000, 0x3e88, 3, 50)                                                                      = 0x7fd5c9998000
8701 [0x7fd5ccb5d857] SYS_mprotect(0x7fffa82b2000, 4096, 0x1000007, 4)                                                             = 0
8701 [0x7fd5ccb5d787] SYS_close(3, 4096, 0x1000007, 4)                                                                             = 0
8701 [0x7fd5ccb5d677] SYS_open(0x7fd5ccd55fb0, 0x80000, 0, 0x7fd5ccd584d0)                                                         = 3
8701 [0x7fd5ccb5d697] SYS_read(3, 0x7fffa82b0c08, 832, 0x7fd5ccd584d0)                                                             = 832
8701 [0x7fd5ccb5d604] SYS_fstat(3, 0x7fffa82b0ae0, 0x7fffa82b0ae0, 16)                                                             = 0
8701 [0x7fd5ccb5d80a] SYS_mmap(0, 4096, 3, 34)                                                                                     = 0x7fd5ccd54000
8701 [0x7fd5ccb5d80a] SYS_mmap(0, 0x215730, 5, 2050)                                                                               = 0x7fd5c9346000
8701 [0x7fd5ccb5d857] SYS_mprotect(0x7fd5c935c000, 0x1ff000, 0, 2050)                                                              = 0
8701 [0x7fd5ccb5d80a] SYS_mmap(0x7fd5c955b000, 4096, 3, 2066)                                                                      = 0x7fd5c955b000
8701 [0x7fd5ccb5d787] SYS_close(3, 16, 0x7fd5c955b490, 0x6ffffdff)                                                                 = 0
8701 [0x7fd5ccb5d677] SYS_open(0x7fd5ccd544f0, 0x80000, 0, 0x6ffffdff)                                                             = 3
8701 [0x7fd5ccb5d697] SYS_read(3, 0x7fffa82b0bd8, 832, 0x6ffffdff)                                                                 = 832
8701 [0x7fd5ccb5d604] SYS_fstat(3, 0x7fffa82b0ab0, 0x7fffa82b0ab0, 32)                                                             = 0
8701 [0x7fd5ccb5d80a] SYS_mmap(0, 0x2fd148, 5, 2050)                                                                               = 0x7fd5c9048000
8701 [0x7fd5ccb5d857] SYS_mprotect(0x7fd5c9145000, 0x1ff000, 0, 2050)                                                              = 0
8701 [0x7fd5ccb5d80a] SYS_mmap(0x7fd5c9344000, 8192, 3, 2066)                                                                      = 0x7fd5c9344000
8701 [0x7fd5ccb5d787] SYS_close(3, 16, 0, 0x6ffffdff)                                                                              = 0
8701 [0x7fd5ccb5d677] SYS_open(0x7fffa82b09a0, 0x80000, 0, 0x36782f39325f3130)                                                     = -2
8701 [0x7fd5ccb5d5c5] SYS_stat(0x7fffa82b09a0, 0x7fffa82b0a80, 0x7fffa82b0a80, 0x36782f39325f3130)                                 = -2
8701 [0x7fd5ccb5d677] SYS_open(0x7fffa82b09a0, 0x80000, 0, 0x36782f39325f3130)                                                     = -2
8701 [0x7fd5ccb5d5c5] SYS_stat(0x7fffa82b09a0, 0x7fffa82b0a80, 0x7fffa82b0a80, 0x36782f39325f3130)                                 = -2
8701 [0x7fd5ccb5d677] SYS_open(0x7fffa82b09a0, 0x80000, 0, 0x36782f39325f3130)                                                     = -2
8701 [0x7fd5ccb5d5c5] SYS_stat(0x7fffa82b09a0, 0x7fffa82b0a80, 0x7fffa82b0a80, 0x36782f39325f3130)                                 = -2
8701 [0x7fd5ccb5d677] SYS_open(0x7fffa82b09a0, 0x80000, 0, 0x36782f39325f3130)                                                     = -2
8701 [0x7fd5ccb5d5c5] SYS_stat(0x7fffa82b09a0, 0x7fffa82b0a80, 0x7fffa82b0a80, 0x36782f39325f3130)                                 = -2
8701 [0x7fd5ccb5d677] SYS_open(0x7fd5ccd54dd0, 0x80000, 0, 0x36782f39325f3130)                                                     = 3
8701 [0x7fd5ccb5d697] SYS_read(3, 0x7fffa82b0ba8, 832, 0x36782f39325f3130)                                                         = 832
8701 [0x7fd5ccb5d604] SYS_fstat(3, 0x7fffa82b0a80, 0x7fffa82b0a80, 16)                                                             = 0
8701 [0x7fd5ccb5d80a] SYS_mmap(0, 4096, 3, 34)                                                                                     = 0x7fd5ccd53000
8701 [0x7fd5ccb5d80a] SYS_mmap(0, 0x2f8980, 5, 2050)                                                                               = 0x7fd5c8d4f000
8701 [0x7fd5ccb5d857] SYS_mprotect(0x7fd5c8e46000, 0x200000, 0, 2050)                                                              = 0
8701 [0x7fd5ccb5d80a] SYS_mmap(0x7fd5c9046000, 8192, 3, 2066)                                                                      = 0x7fd5c9046000
8701 [0x7fd5ccb5d787] SYS_close(3, 16, 0x7fd5c90463a0, 0x6ffffdff)                                                                 = 0
8701 [0x7fd5ccb5d677] SYS_open(0x7fd5ccd534c8, 0x80000, 0, 0x6ffffdff)                                                             = 3
8701 [0x7fd5ccb5d697] SYS_read(3, 0x7fffa82b0b78, 832, 0x6ffffdff)                                                                 = 832
8701 [0x7fd5ccb5d604] SYS_fstat(3, 0x7fffa82b0a50, 0x7fffa82b0a50, 16)                                                             = 0
8701 [0x7fd5ccb5d80a] SYS_mmap(0, 0x2fc9d8, 5, 2050)                                                                               = 0x7fd5c8a52000
8701 [0x7fd5ccb5d857] SYS_mprotect(0x7fd5c8b4d000, 0x200000, 0, 2050)                                                              = 0
8701 [0x7fd5ccb5d80a] SYS_mmap(0x7fd5c8d4d000, 8192, 3, 2066)                                                                      = 0x7fd5c8d4d000
8701 [0x7fd5ccb5d787] SYS_close(3, 16, 0x7fd5c8d4e828, 0x6ffffdff)                                                                 = 0
8701 [0x7fd5ccb5d677] SYS_open(0x7fd5ccd53998, 0x80000, 0, 0x6ffffdff)                                                             = 3
8701 [0x7fd5ccb5d697] SYS_read(3, 0x7fffa82b0b48, 832, 0x6ffffdff)                                                                 = 832
8701 [0x7fd5ccb5d604] SYS_fstat(3, 0x7fffa82b0a20, 0x7fffa82b0a20, 16)                                                             = 0
8701 [0x7fd5ccb5d80a] SYS_mmap(0, 0x242830, 5, 2050)                                                                               = 0x7fd5c880f000
8701 [0x7fd5ccb5d857] SYS_mprotect(0x7fd5c8852000, 0x1ff000, 0, 2050)                                                              = 0
8701 [0x7fd5ccb5d80a] SYS_mmap(0x7fd5c8a51000, 4096, 3, 2066)                                                                      = 0x7fd5c8a51000
8701 [0x7fd5ccb5d787] SYS_close(3, 16, 0x7fd5c8a51630, 0x6ffffdff)                                                                 = 0
8701 [0x7fd5ccb5d677] SYS_open(0x7fd5ccd53f70, 0x80000, 0, 0x7fd5ccd5a9b8)                                                         = 3
8701 [0x7fd5ccb5d697] SYS_read(3, 0x7fffa82b0b18, 832, 0x7fd5ccd5a9b8)                                                             = 832
8701 [0x7fd5ccb5d604] SYS_fstat(3, 0x7fffa82b09f0, 0x7fffa82b09f0, 32)                                                             = 0
8701 [0x7fd5ccb5d80a] SYS_mmap(0, 4096, 3, 34)                                                                                     = 0x7fd5ccd52000
8701 [0x7fd5ccb5d80a] SYS_mmap(0, 0x203118, 5, 2050)                                                                               = 0x7fd5c860b000
8701 [0x7fd5ccb5d857] SYS_mprotect(0x7fd5c860d000, 0x200000, 0, 2050)                                                              = 0
8701 [0x7fd5ccb5d80a] SYS_mmap(0x7fd5c880d000, 8192, 3, 2066)                                                                      = 0x7fd5c880d000
8701 [0x7fd5ccb5d787] SYS_close(3, 16, 0x7fd5c880df40, 0x6ffffdff)                                                                 = 0
8701 [0x7fd5ccb5d80a] SYS_mmap(0, 4096, 3, 34)                                                                                     = 0x7fd5ccd51000
8701 [0x7fd5ccb5d80a] SYS_mmap(0, 4096, 3, 34)                                                                                     = 0x7fd5ccd50000
8701 [0x7fd5ccb5d80a] SYS_mmap(0, 8192, 3, 34)                                                                                     = 0x7fd5ccd4e000
8701 [0x7fd5ccb47044] SYS_arch_prctl(4098, 0x7fd5ccd4e780, 0x7fd5ccd4f080, 34)                                                     = 0
8701 [0x7fd5ccb5d857] SYS_mprotect(0x7fd5cc49d000, 0x4000, 1, 1)                                                                   = 0
8701 [0x7fd5ccb5d857] SYS_mprotect(0x7fd5c880d000, 4096, 1, 0x7fd5c860bc68)                                                        = 0
8701 [0x7fd5ccb5d857] SYS_mprotect(0x7fd5cb643000, 4096, 1, 0x7fd5cb431500)                                                        = 0
8701 [0x7fd5ccb5d857] SYS_mprotect(0x7fd5c9344000, 4096, 1, 1)                                                                     = 0
8701 [0x7fd5ccb5d857] SYS_mprotect(0x7fd5c9ba3000, 4096, 1, 0x7fd5c999ca00)                                                        = 0
8701 [0x7fd5ccb5d857] SYS_mprotect(0x7fd5cb907000, 0x7000, 1, 0x7fd5cb6a1810)                                                      = 0
8701 [0x7fd5ccb5d857] SYS_mprotect(0x7fd5cb42a000, 4096, 1, 0x7fd5cb225d58)                                                        = 0
8701 [0x7fd5ccb5d857] SYS_mprotect(0x7fd5ccd66000, 4096, 1, 0)                                                                     = 0
8701 [0x7fd5ccb5d837] SYS_munmap(0x7fd5ccd5c000, 0x83b3, 0x72d00, 0)                                                               = 0
8701 [0x7fd5cb432e92] SYS_set_tid_address(0x7fd5ccd4ea50, 0x7fffa82b2b08, 0x7fd5ccd4e780, 0)                                       = 8701
8701 [0x7fd5cb432efa] SYS_set_robust_list(0x7fd5ccd4ea60, 24, 0x7fd5ccd4e780, 0)                                                   = 0
8701 [0x7fd5cb43ccf5] SYS_rt_sigaction(32, 0x7fffa82b2858, 0, 8)                                                                   = 0
8701 [0x7fd5cb43ccf5] SYS_rt_sigaction(33, 0x7fffa82b2858, 0, 8)                                                                   = 0
8701 [0x7fd5cb432fd6] SYS_rt_sigprocmask(1, 0x7fffa82b29a8, 0, 8)                                                                  = 0
8701 [0x7fd5cc1e9b17] SYS_getrlimit(3, 0x7fffa82b2a40, 63, 1)                                                                      = 0
8701 [0x7fd5cb432b95] SYS_futex(0x7fd5cb9117e0, 129, 0x7fffffff, 0)                                                                = 0
8701 [0x4009e1] ledctrl->Hal_Led_Set_Mode(11, 5, 0x7fd5cc257c60, 0 <unfinished ...>
8701 [0x7fd5cc4ad575]   libnhal.so->Hal_Lookup_Hardware_Info(0x7fffa82b2830, 5, 0x7fd5cc257c60, 0 <unfinished ...>
8701 [0x7fd5cc1e4557]     SYS_statfs(0x7fd5cb43f1e8, 0x7fffa82b2620, 0x7fd5cb648310, 1)                                            = 0
8701 [0x7fd5cb432b95]     SYS_futex(0x7fd5cb648310, 129, 0x7fffffff, 0)                                                            = 0
8701 [0x7fd5cc1e47e0]     SYS_open(0x7fffa82b2730, 0xa0002, 484, 1)                                                                = 3
8701 [0x7fd5cc1ed72a]     SYS_mmap(0, 220, 3, 1)                                                                                   = 0x7fd5ccd64000
8701 [0x7fd5cc1e5070]     SYS_close(3, 220, 3, 1)                                                                                  = 0
8701 [0x7fd5cc4ac7f0]     libnhal.so->Hw_Semaphore_Init(0x7fffa82b27e0, 0x7fd5cc4af287, 1, -1 <unfinished ...>
8701 [0x7fd5cc1e4405]       SYS_lstat(0x7fffa82b2690, 0x7fffa82b25a0, 0x7fffa82b25a0, 0)                                           = -2
8701 [0x7fd5cb43c510]       SYS_open(0x7fffa82b2690, 194, 600, 0)                                                                  = 3
8701 [0x7fd5cb43bda0]       SYS_write(3, 0x7fffa82b2710, 32, 0)                                                                    = 32
8701 [0x7fd5cc1ed72a]       SYS_mmap(0, 32, 3, 1)                                                                                  = 0x7fd5ccd63000
8701 [0x7fd5cc1e61a7]       SYS_link(0x7fffa82b2690, 0x7fffa82b26c0, 3, 1)                                                         = -17
8701 [0x7fd5cc1ed757]       SYS_munmap(0x7fd5ccd63000, 32, 3, 1)                                                                   = 0
8701 [0x7fd5cc1e62c7]       SYS_unlink(0x7fffa82b2690, 32, 3, 1)                                                                   = 0
8701 [0x7fd5cb43be60]       SYS_close(3, 32, 3, 1)                                                                                 = 0
8701 [0x7fd5cb43c510]       SYS_open(0x7fffa82b26c0, 0x20002, 18, 1)                                                               = 3
8701 [0x7fd5cc1e43b4]       SYS_fstat(3, 0x7fffa82b25f0, 0x7fffa82b25f0, 1)                                                        = 0
8701 [0x7fd5cc1e9f5a]       SYS_brk(0, 0x7fd5cc4a1640, 0, -4096)                                                                   = 0x143e000
8701 [0x7fd5cc1e9f5a]       SYS_brk(0x145f000, 0x143e000, 0x145f000, -4096)                                                        = 0x145f000
8701 [0x7fd5cc1ed72a]       SYS_mmap(0, 32, 3, 1)                                                                                  = 0x7fd5ccd63000
8701 [0x7fd5cb43be60]       SYS_close(3, 32, 0, 3)                                                                                 = 0
8701 [0x7fd5cc4ac7f0]     <... Hw_Semaphore_Init resumed> )                                                                        = 17
8701 [0x7fd5cc4ac800]     libnhal.so->Hw_Semaphore_Lock(0x7fffa82b27e0, 32, 0x7fd5ccd63000, -1)                                    = 0
8701 [0x7fd5cc4ac918]     libnhal.so->Hw_Semaphore_Unlock(0x7fffa82b27e0, 2, 0x7fd5ccd64000, 0)                                    = 0
8701 [0x7fd5cc4ac924]     libnhal.so->Hw_Semaphore_Release(0x7fffa82b27e0, 128, 0, 0 <unfinished ...>
8701 [0x7fd5cc1ed757]       SYS_munmap(0x7fd5ccd63000, 32, 0, 1)                                                                   = 0
8701 [0x7fd5cc4ac924]     <... Hw_Semaphore_Release resumed> )                                                                     = 0
8701 [0x7fd5cc4ad575]   <... Hal_Lookup_Hardware_Info resumed> )                                                                   = 0
8701 [0x4009e1] <... Hal_Led_Set_Mode resumed> )                                                                                   = 0xffffffea
8701 [0x7fd5cc13e932] libgeneral.so->Trace_Mem_Destroy()(0x7fd5cbe56d40, 0, 0xee7b2074f2a392e, 16)                                 = 0
8701 [0x7fd5cc1c1468] SYS_exit_group(-22, 60, -22, 0x7fd5cc4a4a48 <unfinished ...>
8701 [0xffffffffffffffff] +++ exited (status 234) +++
