7960 [0x7f71859488aa] SYS_brk(0, 0x7f718594bfa0, 0, 895)                                                                           = 0x1f08000
7960 [0x7f71859497e7] SYS_readlink(0x7ffff05e4b78, 0x7ffff05e3480, 4096, 0x756e694c00000000)                                       = -2
7960 [0x7f7185949677] SYS_open(0x7f718594d1f3, 0, 0, 0x756e694c00000000)                                                           = 3
7960 [0x7f71859497a7] SYS_chdir(0x7f7185b54ba8, 0, 0, 0x756e694c00000000)                                                          = -2
7960 [0x7f71859489d2] SYS_getcwd(0x7ffff05e3480, 4096, 0, 0x756e694c00000000)                                                      = 23
7960 [0x7f71859497c7] SYS_fchdir(3, 4096, 0, 0x756e694c00000000)                                                                   = 0
7960 [0x7f7185949787] SYS_close(3, 4096, 0, 0x756e694c00000000)                                                                    = 0
7960 [0x7f718594980a] SYS_mmap(0, 4096, 3, 34)                                                                                     = 0x7f7185b51000
7960 [0x7f71859496d7] SYS_access(0x7f718594f700, 4, 0x7f7185b54718, 0)                                                             = -2
7960 [0x7f7185949677] SYS_open(0x7f718594d072, 0x80000, 1, 0)                                                                      = 3
7960 [0x7f7185949604] SYS_fstat(3, 0x7ffff05e2c60, 0x7ffff05e2c60, 0)                                                              = 0
7960 [0x7f718594980a] SYS_mmap(0, 0x83b3, 1, 2)                                                                                    = 0x7f7185b48000
7960 [0x7f7185949787] SYS_close(3, 0x83b3, 1, 2)                                                                                   = 0
7960 [0x7f7185949677] SYS_open(0x7f7185b51640, 0x80000, 0, 56)                                                                     = 3
7960 [0x7f7185949697] SYS_read(3, 0x7ffff05e2de8, 832, 56)                                                                         = 832
7960 [0x7f7185949604] SYS_fstat(3, 0x7ffff05e2cc0, 0x7ffff05e2cc0, 16)                                                             = 0
7960 [0x7f718594980a] SYS_mmap(0, 0x278960, 5, 2050)                                                                               = 0x7f71856b9000
7960 [0x7f7185949857] SYS_mprotect(0x7f718572f000, 0x200000, 0, 2050)                                                              = 0
7960 [0x7f718594980a] SYS_mmap(0x7f718592f000, 0x3000, 3, 2066)                                                                    = 0x7f718592f000
7960 [0x7f7185949787] SYS_close(3, 16, 0x7f718592f3e0, 0x6ffffdff)                                                                 = 0
7960 [0x7f7185949677] SYS_open(0x7f7185b51b10, 0x80000, 0, 0x6ffffdff)                                                             = 3
7960 [0x7f7185949697] SYS_read(3, 0x7ffff05e2db8, 832, 0x6ffffdff)                                                                 = 832
7960 [0x7f7185949604] SYS_fstat(3, 0x7ffff05e2c90, 0x7ffff05e2c90, 16)                                                             = 0
7960 [0x7f718594980a] SYS_mmap(0, 0x21bee0, 5, 2050)                                                                               = 0x7f718549d000
7960 [0x7f7185949857] SYS_mprotect(0x7f71854b8000, 0x200000, 0, 2050)                                                              = 0
7960 [0x7f718594980a] SYS_mmap(0x7f71856b8000, 4096, 3, 2066)                                                                      = 0x7f71856b8000
7960 [0x7f7185949787] SYS_close(3, 16, 0x7f71856b8208, 0x6ffffdff)                                                                 = 0
7960 [0x7f7185949677] SYS_open(0x7f7185b51fe0, 0x80000, 0, 0x6ffffdff)                                                             = 3
7960 [0x7f7185949697] SYS_read(3, 0x7ffff05e2d88, 832, 0x6ffffdff)                                                                 = 832
7960 [0x7f7185949604] SYS_fstat(3, 0x7ffff05e2c60, 0x7ffff05e2c60, 16)                                                             = 0
7960 [0x7f718594980a] SYS_mmap(0, 4096, 3, 34)                                                                                     = 0x7f7185b47000
7960 [0x7f718594980a] SYS_mmap(0, 0x209ad0, 5, 2050)                                                                               = 0x7f7185293000
7960 [0x7f7185949857] SYS_mprotect(0x7f718529d000, 0x1ff000, 0, 2050)                                                              = 0
7960 [0x7f718594980a] SYS_mmap(0x7f718549c000, 4096, 3, 2066)                                                                      = 0x7f718549c000
7960 [0x7f7185949787] SYS_close(3, 16, 0x7f718549c690, 0x6ffffdff)                                                                 = 0
7960 [0x7f7185949677] SYS_open(0x7f7185b474b8, 0x80000, 0, 0x6ffffdff)                                                             = 3
7960 [0x7f7185949697] SYS_read(3, 0x7ffff05e2d58, 832, 0x6ffffdff)                                                                 = 832
7960 [0x7f7185949604] SYS_fstat(3, 0x7ffff05e2c30, 0x7ffff05e2c30, 32)                                                             = 0
7960 [0x7f718594980a] SYS_mmap(0, 0x39dc40, 5, 2050)                                                                               = 0x7f7184ef5000
7960 [0x7f7185949857] SYS_mprotect(0x7f7185089000, 0x200000, 0, 2050)                                                              = 0
7960 [0x7f718594980a] SYS_mmap(0x7f7185289000, 0x6000, 3, 2066)                                                                    = 0x7f7185289000
7960 [0x7f718594980a] SYS_mmap(0x7f718528f000, 0x3c40, 3, 50)                                                                      = 0x7f718528f000
7960 [0x7f7185949787] SYS_close(3, 16, 0, 0x6ffffdff)                                                                              = 0
7960 [0x7f7185949677] SYS_open(0x7f7185b47988, 0x80000, 0, 0x6ffffdff)                                                             = 3
7960 [0x7f7185949697] SYS_read(3, 0x7ffff05e2c08, 832, 0x6ffffdff)                                                                 = 832
7960 [0x7f7185949604] SYS_fstat(3, 0x7ffff05e2ae0, 0x7ffff05e2ae0, 16)                                                             = 0
7960 [0x7f718594980a] SYS_mmap(0, 0x2b09d0, 5, 2050)                                                                               = 0x7f7184c44000
7960 [0x7f7185949857] SYS_mprotect(0x7f7184cf3000, 0x1ff000, 0, 2050)                                                              = 0
7960 [0x7f718594980a] SYS_mmap(0x7f7184ef2000, 0x3000, 3, 2066)                                                                    = 0x7f7184ef2000
7960 [0x7f7185949787] SYS_close(3, 16, 0x7f7184ef29a8, 0x6ffffdff)                                                                 = 0
7960 [0x7f7185949677] SYS_open(0x7f7185b47e58, 0x80000, 0, 0x6ffffdff)                                                             = 3
7960 [0x7f7185949697] SYS_read(3, 0x7ffff05e2bd8, 832, 0x6ffffdff)                                                                 = 832
7960 [0x7f7185949604] SYS_fstat(3, 0x7ffff05e2ab0, 0x7ffff05e2ab0, 16)                                                             = 0
7960 [0x7f718594980a] SYS_mmap(0, 4096, 3, 34)                                                                                     = 0x7f7185b46000
7960 [0x7f718594980a] SYS_mmap(0, 0x294ee0, 5, 2050)                                                                               = 0x7f71849af000
7960 [0x7f7185949857] SYS_mprotect(0x7f7184a41000, 0x1ff000, 0, 2050)                                                              = 0
7960 [0x7f718594980a] SYS_mmap(0x7f7184c40000, 0x3000, 3, 2066)                                                                    = 0x7f7184c40000
7960 [0x7f718594980a] SYS_mmap(0x7f7184c43000, 3808, 3, 50)                                                                        = 0x7f7184c43000
7960 [0x7f7185949787] SYS_close(3, 16, 0x7f7184c40e30, 0x6ffffdff)                                                                 = 0
7960 [0x7f7185949677] SYS_open(0x7f7185b464b8, 0x80000, 0, 0x6ffffdff)                                                             = 3
7960 [0x7f7185949697] SYS_read(3, 0x7ffff05e2ba8, 832, 0x6ffffdff)                                                                 = 832
7960 [0x7f7185949604] SYS_fstat(3, 0x7ffff05e2a80, 0x7ffff05e2a80, 16)                                                             = 0
7960 [0x7f718594980a] SYS_mmap(0, 0x29d850, 5, 2050)                                                                               = 0x7f7184711000
7960 [0x7f7185949857] SYS_mprotect(0x7f71847aa000, 0x200000, 0, 2050)                                                              = 0
7960 [0x7f718594980a] SYS_mmap(0x7f71849aa000, 0x3000, 3, 2066)                                                                    = 0x7f71849aa000
7960 [0x7f718594980a] SYS_mmap(0x7f71849ad000, 6224, 3, 50)                                                                        = 0x7f71849ad000
7960 [0x7f7185949787] SYS_close(3, 16, 0x7f71849abcc8, 0x6ffffdff)                                                                 = 0
7960 [0x7f7185949677] SYS_open(0x7f7185b469a0, 0x80000, 0, 0x6ffffdff)                                                             = 3
7960 [0x7f7185949697] SYS_read(3, 0x7ffff05e2b78, 832, 0x6ffffdff)                                                                 = 832
7960 [0x7f7185949604] SYS_fstat(3, 0x7ffff05e2a50, 0x7ffff05e2a50, 16)                                                             = 0
7960 [0x7f718594980a] SYS_mmap(0, 0x2dbbb0, 5, 2050)                                                                               = 0x7f7184435000
7960 [0x7f7185949857] SYS_mprotect(0x7f71844f3000, 0x200000, 0, 2050)                                                              = 0
7960 [0x7f718594980a] SYS_mmap(0x7f71846f3000, 0xa000, 3, 2066)                                                                    = 0x7f71846f3000
7960 [0x7f718594980a] SYS_mmap(0x7f71846fd000, 0x13bb0, 3, 50)                                                                     = 0x7f71846fd000
7960 [0x7f7185949787] SYS_close(3, 16, 0x7f71846f94d8, 0x6ffffdff)                                                                 = 0
7960 [0x7f7185949677] SYS_open(0x7f7185b46e70, 0x80000, 0, 0x6ffffdff)                                                             = 3
7960 [0x7f7185949697] SYS_read(3, 0x7ffff05e2b48, 832, 0x6ffffdff)                                                                 = 832
7960 [0x7f7185949604] SYS_fstat(3, 0x7ffff05e2a20, 0x7ffff05e2a20, 32)                                                             = 0
7960 [0x7f718594980a] SYS_mmap(0, 4096, 3, 34)                                                                                     = 0x7f7185b45000
7960 [0x7f718594980a] SYS_mmap(0, 0x21c490, 5, 2050)                                                                               = 0x7f7184218000
7960 [0x7f7185949857] SYS_mprotect(0x7f7184230000, 0x1ff000, 0, 2050)                                                              = 0
7960 [0x7f718594980a] SYS_mmap(0x7f718442f000, 8192, 3, 2066)                                                                      = 0x7f718442f000
7960 [0x7f718594980a] SYS_mmap(0x7f7184431000, 0x3490, 3, 50)                                                                      = 0x7f7184431000
7960 [0x7f7185949787] SYS_close(3, 16, 0, 0x6ffffdff)                                                                              = 0
7960 [0x7f7185949677] SYS_open(0x7f7185b454b8, 0x80000, 0, 0x6ffffdff)                                                             = 3
7960 [0x7f7185949697] SYS_read(3, 0x7ffff05e2b18, 832, 0x6ffffdff)                                                                 = 832
7960 [0x7f7185949604] SYS_fstat(3, 0x7ffff05e29f0, 0x7ffff05e29f0, 32)                                                             = 0
7960 [0x7f718594980a] SYS_mmap(0, 0x207bc0, 5, 2050)                                                                               = 0x7f7184010000
7960 [0x7f7185949857] SYS_mprotect(0x7f7184017000, 0x1ff000, 0, 2050)                                                              = 0
7960 [0x7f718594980a] SYS_mmap(0x7f7184216000, 8192, 3, 2066)                                                                      = 0x7f7184216000
7960 [0x7f7185949787] SYS_close(3, 16, 0, 0x6ffffdff)                                                                              = 0
7960 [0x7f7185949677] SYS_open(0x7f7185b45988, 0x80000, 0, 0x6ffffdff)                                                             = 3
7960 [0x7f7185949697] SYS_read(3, 0x7ffff05e2ae8, 832, 0x6ffffdff)                                                                 = 832
7960 [0x7f7185949604] SYS_fstat(3, 0x7ffff05e29c0, 0x7ffff05e29c0, 16)                                                             = 0
7960 [0x7f718594980a] SYS_mmap(0, 0x202e20, 5, 2050)                                                                               = 0x7f7183e0d000
7960 [0x7f7185949857] SYS_mprotect(0x7f7183e10000, 0x1ff000, 0, 2050)                                                              = 0
7960 [0x7f718594980a] SYS_mmap(0x7f718400f000, 4096, 3, 2066)                                                                      = 0x7f718400f000
7960 [0x7f7185949787] SYS_close(3, 16, 0x7f718400fc28, 0x6ffffdff)                                                                 = 0
7960 [0x7f7185949677] SYS_open(0x7f7185b45e58, 0x80000, 0, 0x6ffffdff)                                                             = 3
7960 [0x7f7185949697] SYS_read(3, 0x7ffff05e2ab8, 832, 0x6ffffdff)                                                                 = 832
7960 [0x7f7185949604] SYS_fstat(3, 0x7ffff05e2990, 0x7ffff05e2990, 16)                                                             = 0
7960 [0x7f718594980a] SYS_mmap(0, 4096, 3, 34)                                                                                     = 0x7f7185b44000
7960 [0x7f718594980a] SYS_mmap(0, 0x209850, 5, 2050)                                                                               = 0x7f7183c03000
7960 [0x7f7185949857] SYS_mprotect(0x7f7183c0d000, 0x1ff000, 0, 2050)                                                              = 0
7960 [0x7f718594980a] SYS_mmap(0x7f7183e0c000, 4096, 3, 2066)                                                                      = 0x7f7183e0c000
7960 [0x7f7185949787] SYS_close(3, 16, 0x7f7183e0c618, 0x6ffffdff)                                                                 = 0
7960 [0x7f7185949677] SYS_open(0x7f7185b444b8, 0x80000, 0, 0x6ffffdff)                                                             = 3
7960 [0x7f7185949697] SYS_read(3, 0x7ffff05e2a88, 832, 0x6ffffdff)                                                                 = 832
7960 [0x7f7185949604] SYS_fstat(3, 0x7ffff05e2960, 0x7ffff05e2960, 16)                                                             = 0
7960 [0x7f718594980a] SYS_mmap(0, 0x210868, 5, 2050)                                                                               = 0x7f71839f2000
7960 [0x7f7185949857] SYS_mprotect(0x7f7183a03000, 0x1ff000, 0, 2050)                                                              = 0
7960 [0x7f718594980a] SYS_mmap(0x7f7183c02000, 4096, 3, 2066)                                                                      = 0x7f7183c02000
7960 [0x7f7185949787] SYS_close(3, 16, 0x7f7183c02408, 0x6ffffdff)                                                                 = 0
7960 [0x7f7185949677] SYS_open(0x7f7185b44a40, 0x80000, 0, 0x7f7185b459a0)                                                         = 3
7960 [0x7f7185949697] SYS_read(3, 0x7ffff05e2928, 832, 0x7f7185b459a0)                                                             = 832
7960 [0x7f7185949604] SYS_fstat(3, 0x7ffff05e2800, 0x7ffff05e2800, 16)                                                             = 0
7960 [0x7f718594980a] SYS_mmap(0, 0x2032c8, 5, 2050)                                                                               = 0x7f71837ee000
7960 [0x7f7185949857] SYS_mprotect(0x7f71837f1000, 0x200000, 0, 2050)                                                              = 0
7960 [0x7f718594980a] SYS_mmap(0x7f71839f1000, 4096, 3, 2066)                                                                      = 0x7f71839f1000
7960 [0x7f7185949787] SYS_close(3, 16, 0x7f71839f1188, 0x6ffffdff)                                                                 = 0
7960 [0x7f7185949677] SYS_open(0x7f7185b44f28, 0x80000, 0, 0x6ffffdff)                                                             = 3
7960 [0x7f7185949697] SYS_read(3, 0x7ffff05e28f8, 832, 0x6ffffdff)                                                                 = 832
7960 [0x7f7185949604] SYS_fstat(3, 0x7ffff05e27d0, 0x7ffff05e27d0, 16)                                                             = 0
7960 [0x7f718594980a] SYS_mmap(0, 4096, 3, 34)                                                                                     = 0x7f7185b43000
7960 [0x7f718594980a] SYS_mmap(0, 0x207820, 5, 2050)                                                                               = 0x7f71835e6000
7960 [0x7f7185949857] SYS_mprotect(0x7f71835ed000, 0x200000, 0, 2050)                                                              = 0
7960 [0x7f718594980a] SYS_mmap(0x7f71837ed000, 4096, 3, 2066)                                                                      = 0x7f71837ed000
7960 [0x7f7185949787] SYS_close(3, 16, 0x7f71837ed188, 0x6ffffdff)                                                                 = 0
7960 [0x7f7185949677] SYS_open(0x7f7185b434c8, 0x80000, 0, 0x6ffffdff)                                                             = 3
7960 [0x7f7185949697] SYS_read(3, 0x7ffff05e28c8, 832, 0x6ffffdff)                                                                 = 832
7960 [0x7f7185949604] SYS_fstat(3, 0x7ffff05e27a0, 0x7ffff05e27a0, 16)                                                             = 0
7960 [0x7f718594980a] SYS_mmap(0, 0x201f30, 5, 2050)                                                                               = 0x7f71833e4000
7960 [0x7f7185949857] SYS_mprotect(0x7f71833e6000, 0x1ff000, 0, 2050)                                                              = 0
7960 [0x7f718594980a] SYS_mmap(0x7f71835e5000, 4096, 3, 2066)                                                                      = 0x7f71835e5000
7960 [0x7f7185949787] SYS_close(3, 16, 0x7f71835e5e18, 0x6ffffdff)                                                                 = 0
7960 [0x7f7185949677] SYS_open(0x7f7185b43a60, 0x80000, 0, 0x7f7185b474d0)                                                         = 3
7960 [0x7f7185949697] SYS_read(3, 0x7ffff05e2898, 832, 0x7f7185b474d0)                                                             = 832
7960 [0x7f7185949604] SYS_fstat(3, 0x7ffff05e2770, 0x7ffff05e2770, 16)                                                             = 0
7960 [0x7f718594980a] SYS_mmap(0, 0x2022e8, 5, 2050)                                                                               = 0x7f71831e1000
7960 [0x7f7185949857] SYS_mprotect(0x7f71831e3000, 0x200000, 0, 2050)                                                              = 0
7960 [0x7f718594980a] SYS_mmap(0x7f71833e3000, 4096, 3, 2066)                                                                      = 0x7f71833e3000
7960 [0x7f7185949787] SYS_close(3, 16, 0x7f71833e3198, 0x6ffffdff)                                                                 = 0
7960 [0x7f7185949677] SYS_open(0x7f7185b43f40, 0x80000, 0, 0x6ffffdff)                                                             = 3
7960 [0x7f7185949697] SYS_read(3, 0x7ffff05e2868, 832, 0x6ffffdff)                                                                 = 832
7960 [0x7f7185949604] SYS_fstat(3, 0x7ffff05e2740, 0x7ffff05e2740, 16)                                                             = 0
7960 [0x7f718594980a] SYS_mmap(0, 4096, 3, 34)                                                                                     = 0x7f7185b42000
7960 [0x7f718594980a] SYS_mmap(0, 0x201f30, 5, 2050)                                                                               = 0x7f7182fdf000
7960 [0x7f7185949857] SYS_mprotect(0x7f7182fe1000, 0x1ff000, 0, 2050)                                                              = 0
7960 [0x7f718594980a] SYS_mmap(0x7f71831e0000, 4096, 3, 2066)                                                                      = 0x7f71831e0000
7960 [0x7f7185949787] SYS_close(3, 16, 0x7f71831e0e18, 0x6ffffdff)                                                                 = 0
7960 [0x7f7185949677] SYS_open(0x7f7185b424c0, 0x80000, 0, 0x6ffffdff)                                                             = 3
7960 [0x7f7185949697] SYS_read(3, 0x7ffff05e2838, 832, 0x6ffffdff)                                                                 = 832
7960 [0x7f7185949604] SYS_fstat(3, 0x7ffff05e2710, 0x7ffff05e2710, 16)                                                             = 0
7960 [0x7f718594980a] SYS_mmap(0, 0x2038b8, 5, 2050)                                                                               = 0x7f7182ddb000
7960 [0x7f7185949857] SYS_mprotect(0x7f7182ddf000, 0x1ff000, 0, 2050)                                                              = 0
7960 [0x7f718594980a] SYS_mmap(0x7f7182fde000, 4096, 3, 2066)                                                                      = 0x7f7182fde000
7960 [0x7f7185949787] SYS_close(3, 16, 0x7f7182fde748, 0x6ffffdff)                                                                 = 0
7960 [0x7f7185949677] SYS_open(0x7f7185b42a60, 0x80000, 0, 0x7f7185b45000)                                                         = 3
7960 [0x7f7185949697] SYS_read(3, 0x7ffff05e27d8, 832, 0x7f7185b45000)                                                             = 832
7960 [0x7f7185949604] SYS_fstat(3, 0x7ffff05e26b0, 0x7ffff05e26b0, 16)                                                             = 0
7960 [0x7f718594980a] SYS_mmap(0, 0x210848, 5, 2050)                                                                               = 0x7f7182bca000
7960 [0x7f7185949857] SYS_mprotect(0x7f7182bda000, 0x1ff000, 0, 2050)                                                              = 0
7960 [0x7f718594980a] SYS_mmap(0x7f7182dd9000, 8192, 3, 2066)                                                                      = 0x7f7182dd9000
7960 [0x7f7185949787] SYS_close(3, 16, 0x7f7182dd9d90, 0x6ffffdff)                                                                 = 0
7960 [0x7f7185949677] SYS_open(0x7f7185b42f48, 0x80000, 0, 0x6ffffdff)                                                             = 3
7960 [0x7f7185949697] SYS_read(3, 0x7ffff05e27a8, 832, 0x6ffffdff)                                                                 = 832
7960 [0x7f7185949604] SYS_fstat(3, 0x7ffff05e2680, 0x7ffff05e2680, 16)                                                             = 0
7960 [0x7f718594980a] SYS_mmap(0, 4096, 3, 34)                                                                                     = 0x7f7185b41000
7960 [0x7f718594980a] SYS_mmap(0, 0x20acf0, 5, 2050)                                                                               = 0x7f71829bf000
7960 [0x7f7185949857] SYS_mprotect(0x7f71829ca000, 0x1ff000, 0, 2050)                                                              = 0
7960 [0x7f718594980a] SYS_mmap(0x7f7182bc9000, 4096, 3, 2066)                                                                      = 0x7f7182bc9000
7960 [0x7f7185949787] SYS_close(3, 16, 0x7f7182bc9750, 0x6ffffdff)                                                                 = 0
7960 [0x7f7185949677] SYS_open(0x7f7185b41560, 0x80000, 0, 0x7f7185b45000)                                                         = 3
7960 [0x7f7185949697] SYS_read(3, 0x7ffff05e2778, 832, 0x7f7185b45000)                                                             = 832
7960 [0x7f7185949604] SYS_fstat(3, 0x7ffff05e2650, 0x7ffff05e2650, 32)                                                             = 0
7960 [0x7f718594980a] SYS_mmap(0, 0x2361e0, 5, 2050)                                                                               = 0x7f7182788000
7960 [0x7f7185949857] SYS_mprotect(0x7f7182790000, 0x1ff000, 0, 2050)                                                              = 0
7960 [0x7f718594980a] SYS_mmap(0x7f718298f000, 8192, 3, 2066)                                                                      = 0x7f718298f000
7960 [0x7f718594980a] SYS_mmap(0x7f7182991000, 0x2d1e0, 3, 50)                                                                     = 0x7f7182991000
7960 [0x7f7185949787] SYS_close(3, 16, 0, 0x6ffffdff)                                                                              = 0
7960 [0x7f7185949677] SYS_open(0x7f7185b41a30, 0x80000, 0, 0x6ffffdff)                                                             = 3
7960 [0x7f7185949697] SYS_read(3, 0x7ffff05e2748, 832, 0x6ffffdff)                                                                 = 832
7960 [0x7f7185949604] SYS_fstat(3, 0x7ffff05e2620, 0x7ffff05e2620, 16)                                                             = 0
7960 [0x7f718594980a] SYS_mmap(0, 0x43fe88, 5, 2050)                                                                               = 0x7f7182348000
7960 [0x7f7185949857] SYS_mprotect(0x7f718255d000, 0x200000, 0, 2050)                                                              = 0
7960 [0x7f718594980a] SYS_mmap(0x7f718275d000, 0x27000, 3, 2066)                                                                   = 0x7f718275d000
7960 [0x7f718594980a] SYS_mmap(0x7f7182784000, 0x3e88, 3, 50)                                                                      = 0x7f7182784000
7960 [0x7f7185949857] SYS_mprotect(0x7ffff05e4000, 4096, 0x1000007, 4)                                                             = 0
7960 [0x7f7185949787] SYS_close(3, 4096, 0x1000007, 4)                                                                             = 0
7960 [0x7f7185949677] SYS_open(0x7f7185b41fb0, 0x80000, 0, 0x7f7185b444d0)                                                         = 3
7960 [0x7f7185949697] SYS_read(3, 0x7ffff05e2718, 832, 0x7f7185b444d0)                                                             = 832
7960 [0x7f7185949604] SYS_fstat(3, 0x7ffff05e25f0, 0x7ffff05e25f0, 16)                                                             = 0
7960 [0x7f718594980a] SYS_mmap(0, 4096, 3, 34)                                                                                     = 0x7f7185b40000
7960 [0x7f718594980a] SYS_mmap(0, 0x215730, 5, 2050)                                                                               = 0x7f7182132000
7960 [0x7f7185949857] SYS_mprotect(0x7f7182148000, 0x1ff000, 0, 2050)                                                              = 0
7960 [0x7f718594980a] SYS_mmap(0x7f7182347000, 4096, 3, 2066)                                                                      = 0x7f7182347000
7960 [0x7f7185949787] SYS_close(3, 16, 0x7f7182347490, 0x6ffffdff)                                                                 = 0
7960 [0x7f7185949677] SYS_open(0x7f7185b404f0, 0x80000, 0, 0x6ffffdff)                                                             = 3
7960 [0x7f7185949697] SYS_read(3, 0x7ffff05e26e8, 832, 0x6ffffdff)                                                                 = 832
7960 [0x7f7185949604] SYS_fstat(3, 0x7ffff05e25c0, 0x7ffff05e25c0, 32)                                                             = 0
7960 [0x7f718594980a] SYS_mmap(0, 0x2fd148, 5, 2050)                                                                               = 0x7f7181e34000
7960 [0x7f7185949857] SYS_mprotect(0x7f7181f31000, 0x1ff000, 0, 2050)                                                              = 0
7960 [0x7f718594980a] SYS_mmap(0x7f7182130000, 8192, 3, 2066)                                                                      = 0x7f7182130000
7960 [0x7f7185949787] SYS_close(3, 16, 0, 0x6ffffdff)                                                                              = 0
7960 [0x7f7185949677] SYS_open(0x7ffff05e24b0, 0x80000, 0, 0x36782f39325f3130)                                                     = -2
7960 [0x7f71859495c5] SYS_stat(0x7ffff05e24b0, 0x7ffff05e2590, 0x7ffff05e2590, 0x36782f39325f3130)                                 = -2
7960 [0x7f7185949677] SYS_open(0x7ffff05e24b0, 0x80000, 0, 0x36782f39325f3130)                                                     = -2
7960 [0x7f71859495c5] SYS_stat(0x7ffff05e24b0, 0x7ffff05e2590, 0x7ffff05e2590, 0x36782f39325f3130)                                 = -2
7960 [0x7f7185949677] SYS_open(0x7ffff05e24b0, 0x80000, 0, 0x36782f39325f3130)                                                     = -2
7960 [0x7f71859495c5] SYS_stat(0x7ffff05e24b0, 0x7ffff05e2590, 0x7ffff05e2590, 0x36782f39325f3130)                                 = -2
7960 [0x7f7185949677] SYS_open(0x7ffff05e24b0, 0x80000, 0, 0x36782f39325f3130)                                                     = -2
7960 [0x7f71859495c5] SYS_stat(0x7ffff05e24b0, 0x7ffff05e2590, 0x7ffff05e2590, 0x36782f39325f3130)                                 = -2
7960 [0x7f7185949677] SYS_open(0x7f7185b40dd0, 0x80000, 0, 0x36782f39325f3130)                                                     = 3
7960 [0x7f7185949697] SYS_read(3, 0x7ffff05e26b8, 832, 0x36782f39325f3130)                                                         = 832
7960 [0x7f7185949604] SYS_fstat(3, 0x7ffff05e2590, 0x7ffff05e2590, 16)                                                             = 0
7960 [0x7f718594980a] SYS_mmap(0, 4096, 3, 34)                                                                                     = 0x7f7185b3f000
7960 [0x7f718594980a] SYS_mmap(0, 0x2f8980, 5, 2050)                                                                               = 0x7f7181b3b000
7960 [0x7f7185949857] SYS_mprotect(0x7f7181c32000, 0x200000, 0, 2050)                                                              = 0
7960 [0x7f718594980a] SYS_mmap(0x7f7181e32000, 8192, 3, 2066)                                                                      = 0x7f7181e32000
7960 [0x7f7185949787] SYS_close(3, 16, 0x7f7181e323a0, 0x6ffffdff)                                                                 = 0
7960 [0x7f7185949677] SYS_open(0x7f7185b3f4c8, 0x80000, 0, 0x6ffffdff)                                                             = 3
7960 [0x7f7185949697] SYS_read(3, 0x7ffff05e2688, 832, 0x6ffffdff)                                                                 = 832
7960 [0x7f7185949604] SYS_fstat(3, 0x7ffff05e2560, 0x7ffff05e2560, 16)                                                             = 0
7960 [0x7f718594980a] SYS_mmap(0, 0x2fc9d8, 5, 2050)                                                                               = 0x7f718183e000
7960 [0x7f7185949857] SYS_mprotect(0x7f7181939000, 0x200000, 0, 2050)                                                              = 0
7960 [0x7f718594980a] SYS_mmap(0x7f7181b39000, 8192, 3, 2066)                                                                      = 0x7f7181b39000
7960 [0x7f7185949787] SYS_close(3, 16, 0x7f7181b3a828, 0x6ffffdff)                                                                 = 0
7960 [0x7f7185949677] SYS_open(0x7f7185b3f998, 0x80000, 0, 0x6ffffdff)                                                             = 3
7960 [0x7f7185949697] SYS_read(3, 0x7ffff05e2658, 832, 0x6ffffdff)                                                                 = 832
7960 [0x7f7185949604] SYS_fstat(3, 0x7ffff05e2530, 0x7ffff05e2530, 16)                                                             = 0
7960 [0x7f718594980a] SYS_mmap(0, 0x242830, 5, 2050)                                                                               = 0x7f71815fb000
7960 [0x7f7185949857] SYS_mprotect(0x7f718163e000, 0x1ff000, 0, 2050)                                                              = 0
7960 [0x7f718594980a] SYS_mmap(0x7f718183d000, 4096, 3, 2066)                                                                      = 0x7f718183d000
7960 [0x7f7185949787] SYS_close(3, 16, 0x7f718183d630, 0x6ffffdff)                                                                 = 0
7960 [0x7f7185949677] SYS_open(0x7f7185b3ff70, 0x80000, 0, 0x7f7185b469b8)                                                         = 3
7960 [0x7f7185949697] SYS_read(3, 0x7ffff05e2628, 832, 0x7f7185b469b8)                                                             = 832
7960 [0x7f7185949604] SYS_fstat(3, 0x7ffff05e2500, 0x7ffff05e2500, 32)                                                             = 0
7960 [0x7f718594980a] SYS_mmap(0, 4096, 3, 34)                                                                                     = 0x7f7185b3e000
7960 [0x7f718594980a] SYS_mmap(0, 0x203118, 5, 2050)                                                                               = 0x7f71813f7000
7960 [0x7f7185949857] SYS_mprotect(0x7f71813f9000, 0x200000, 0, 2050)                                                              = 0
7960 [0x7f718594980a] SYS_mmap(0x7f71815f9000, 8192, 3, 2066)                                                                      = 0x7f71815f9000
7960 [0x7f7185949787] SYS_close(3, 16, 0x7f71815f9f40, 0x6ffffdff)                                                                 = 0
7960 [0x7f718594980a] SYS_mmap(0, 4096, 3, 34)                                                                                     = 0x7f7185b3d000
7960 [0x7f718594980a] SYS_mmap(0, 4096, 3, 34)                                                                                     = 0x7f7185b3c000
7960 [0x7f718594980a] SYS_mmap(0, 8192, 3, 34)                                                                                     = 0x7f7185b3a000
7960 [0x7f7185933044] SYS_arch_prctl(4098, 0x7f7185b3a780, 0x7f7185b3b080, 34)                                                     = 0
7960 [0x7f7185949857] SYS_mprotect(0x7f7185289000, 0x4000, 1, 1)                                                                   = 0
7960 [0x7f7185949857] SYS_mprotect(0x7f71815f9000, 4096, 1, 0x7f71813f7c68)                                                        = 0
7960 [0x7f7185949857] SYS_mprotect(0x7f718442f000, 4096, 1, 0x7f718421d500)                                                        = 0
7960 [0x7f7185949857] SYS_mprotect(0x7f7182130000, 4096, 1, 1)                                                                     = 0
7960 [0x7f7185949857] SYS_mprotect(0x7f718298f000, 4096, 1, 0x7f7182788a00)                                                        = 0
7960 [0x7f7185949857] SYS_mprotect(0x7f71846f3000, 0x7000, 1, 0x7f718448d810)                                                      = 0
7960 [0x7f7185949857] SYS_mprotect(0x7f7184216000, 4096, 1, 0x7f7184011d58)                                                        = 0
7960 [0x7f7185949857] SYS_mprotect(0x7f7185b52000, 4096, 1, 0)                                                                     = 0
7960 [0x7f7185949837] SYS_munmap(0x7f7185b48000, 0x83b3, 0x75c00, 0)                                                               = 0
7960 [0x7f718421ee92] SYS_set_tid_address(0x7f7185b3aa50, 0x7ffff05e4618, 0x7f7185b3a780, 0)                                       = 7960
7960 [0x7f718421eefa] SYS_set_robust_list(0x7f7185b3aa60, 24, 0x7f7185b3a780, 0)                                                   = 0
7960 [0x7f7184228cf5] SYS_rt_sigaction(32, 0x7ffff05e4368, 0, 8)                                                                   = 0
7960 [0x7f7184228cf5] SYS_rt_sigaction(33, 0x7ffff05e4368, 0, 8)                                                                   = 0
7960 [0x7f718421efd6] SYS_rt_sigprocmask(1, 0x7ffff05e44b8, 0, 8)                                                                  = 0
7960 [0x7f7184fd5b17] SYS_getrlimit(3, 0x7ffff05e4550, 63, 1)                                                                      = 0
7960 [0x7f718421eb95] SYS_futex(0x7f71846fd7e0, 129, 0x7fffffff, 0)                                                                = 0
7960 [0x4008fd] ledctrl->Lookup_Nas_Info(_T_NAS_PROP_&)(0x7ffff05e4460, 0x7ffff05e4b94, 0, 0x7ffff05e4b93 <unfinished ...>
7960 [0x7f71856dcd11]   libnasman.so->Open_Share_Memory(char const*, int, void*&, int&)(0x7f718572108e, 0, 0x7ffff05e4420, 0x7ffff05e442c <unfinished ...>
7960 [0x7f7184fd0557]     SYS_statfs(0x7f718422b1e8, 0x7ffff05e41c0, 0x7f7184434310, 1)                                            = 0
7960 [0x7f718421eb95]     SYS_futex(0x7f7184434310, 129, 0x7fffffff, 0)                                                            = 0
7960 [0x7f7184fd07e0]     SYS_open(0x7ffff05e42d0, 0xa0000, 484, 1)                                                                = 3
7960 [0x7f7184fd03b4]     SYS_fstat(3, 0x7ffff05e4360, 0x7ffff05e4360, 1)                                                          = 0
7960 [0x7f7184fd972a]     SYS_mmap(0, 0x2788, 1, 1)                                                                                = 0x7f7185b4e000
7960 [0x7f7184fd1070]     SYS_close(3, 0x2788, 1, 1)                                                                               = 0
7960 [0x7f71856dcd11]   <... Open_Share_Memory(char const*, int, void*&, int&) resumed> )                                          = 0
7960 [0x7f71856dcd4d]   libnasman.so->Open_Share_Memory(char const*, int, void*&, int&)(0x7f71857210a7, 0, 0x7ffff05e4420, 0x7ffff05e442c <unfinished ...>
7960 [0x7f7184fd07e0]     SYS_open(0x7ffff05e42d0, 0xa0000, 484, 1)                                                                = 3
7960 [0x7f7184fd03b4]     SYS_fstat(3, 0x7ffff05e4360, 0x7ffff05e4360, 1)                                                          = 0
7960 [0x7f7184fd972a]     SYS_mmap(0, 3536, 1, 1)                                                                                  = 0x7f7185b4d000
7960 [0x7f7184fd1070]     SYS_close(3, 3536, 1, 1)                                                                                 = 0
7960 [0x7f71856dcd4d]   <... Open_Share_Memory(char const*, int, void*&, int&) resumed> )                                          = 0
7960 [0x7f71856dcd7f]   libnasman.so->Open_Share_Memory(char const*, int, void*&, int&)(0x7f71857210b5, 0, 0x7ffff05e4420, 0x7ffff05e442c <unfinished ...>
7960 [0x7f7184fd07e0]     SYS_open(0x7ffff05e42d0, 0xa0000, 484, 1)                                                                = 3
7960 [0x7f7184fd03b4]     SYS_fstat(3, 0x7ffff05e4360, 0x7ffff05e4360, 1)                                                          = 0
7960 [0x7f7184fd972a]     SYS_mmap(0, 4080, 1, 1)                                                                                  = 0x7f7185b4c000
7960 [0x7f7184fd1070]     SYS_close(3, 4080, 1, 1)                                                                                 = 0
7960 [0x7f71856dcd7f]   <... Open_Share_Memory(char const*, int, void*&, int&) resumed> )                                          = 0
7960 [0x4008fd] <... Lookup_Nas_Info(_T_NAS_PROP_&) resumed> )                                                                     = 0
7960 [0x400934] ledctrl->Hal_Led_Set_Hdd_Mode(3, 7, 2, 0 <unfinished ...>
7960 [0x7f7185299f15]   libnhal.so->Hal_Lookup_Hardware_Info(0x7ffff05e4350, 7, 2, 0 <unfinished ...>
7960 [0x7f7184fd07e0]     SYS_open(0x7ffff05e4250, 0xa0002, 484, 1)                                                                = 3
7960 [0x7f7184fd972a]     SYS_mmap(0, 220, 3, 1)                                                                                   = 0x7f7185b4b000
7960 [0x7f7184fd1070]     SYS_close(3, 220, 3, 1)                                                                                  = 0
7960 [0x7f71852987f0]     libnhal.so->Hw_Semaphore_Init(0x7ffff05e4300, 0x7f718529b287, 1, -1 <unfinished ...>
7960 [0x7f7184fd0405]       SYS_lstat(0x7ffff05e41b0, 0x7ffff05e40c0, 0x7ffff05e40c0, 0)                                           = -2
7960 [0x7f7184228510]       SYS_open(0x7ffff05e41b0, 194, 600, 0)                                                                  = 3
7960 [0x7f7184227da0]       SYS_write(3, 0x7ffff05e4230, 32, 0)                                                                    = 32
7960 [0x7f7184fd972a]       SYS_mmap(0, 32, 3, 1)                                                                                  = 0x7f7185b4a000
7960 [0x7f7184fd21a7]       SYS_link(0x7ffff05e41b0, 0x7ffff05e41e0, 3, 1)                                                         = -17
7960 [0x7f7184fd9757]       SYS_munmap(0x7f7185b4a000, 32, 3, 1)                                                                   = 0
7960 [0x7f7184fd22c7]       SYS_unlink(0x7ffff05e41b0, 32, 3, 1)                                                                   = 0
7960 [0x7f7184227e60]       SYS_close(3, 32, 3, 1)                                                                                 = 0
7960 [0x7f7184228510]       SYS_open(0x7ffff05e41e0, 0x20002, 18, 1)                                                               = 3
7960 [0x7f7184fd03b4]       SYS_fstat(3, 0x7ffff05e4110, 0x7ffff05e4110, 1)                                                        = 0
7960 [0x7f7184fd5f5a]       SYS_brk(0, 0x7f718528d640, 0, -4096)                                                                   = 0x1f08000
7960 [0x7f7184fd5f5a]       SYS_brk(0x1f29000, 0x1f08000, 0x1f29000, -4096)                                                        = 0x1f29000
7960 [0x7f7184fd972a]       SYS_mmap(0, 32, 3, 1)                                                                                  = 0x7f7185b4a000
7960 [0x7f7184227e60]       SYS_close(3, 32, 0, 3)                                                                                 = 0
7960 [0x7f71852987f0]     <... Hw_Semaphore_Init resumed> )                                                                        = 17
7960 [0x7f7185298800]     libnhal.so->Hw_Semaphore_Lock(0x7ffff05e4300, 32, 0x7f7185b4a000, -1)                                    = 0
7960 [0x7f7185298918]     libnhal.so->Hw_Semaphore_Unlock(0x7ffff05e4300, 2, 0x7f7185b4b000, 0)                                    = 0
7960 [0x7f7185298924]     libnhal.so->Hw_Semaphore_Release(0x7ffff05e4300, 128, 0, 0 <unfinished ...>
7960 [0x7f7184fd9757]       SYS_munmap(0x7f7185b4a000, 32, 0, 1)                                                                   = 0
7960 [0x7f7185298924]     <... Hw_Semaphore_Release resumed> )                                                                     = 0
7960 [0x7f7185299f15]   <... Hal_Lookup_Hardware_Info resumed> )                                                                   = 0
7960 [0x7f718529a0e3]   libnhal.so->Mv9125_Set_Led_Mode(1, 1, 0, 2 <unfinished ...>
7960 [0x7f71835eb6ff]     libgeneraldrv.so->PCI_Conf_Read(2, 0, 0, 36 <unfinished ...>
7960 [0x7f71835e8823]       libgeneraldrv.so->Hw_Semaphore_Init(0x7ffff05e4230, 0x7f71835ec000, 1, 0 <unfinished ...>
7960 [0x7f7184fd0405]         SYS_lstat(0x7ffff05e40e0, 0x7ffff05e3ff0, 0x7ffff05e3ff0, 0)                                         = -2
7960 [0x7f7184228510]         SYS_open(0x7ffff05e40e0, 194, 600, 0)                                                                = 3
7960 [0x7f7184227da0]         SYS_write(3, 0x7ffff05e4160, 32, 0)                                                                  = 32
7960 [0x7f7184fd972a]         SYS_mmap(0, 32, 3, 1)                                                                                = 0x7f7185b4a000
7960 [0x7f7184fd21a7]         SYS_link(0x7ffff05e40e0, 0x7ffff05e4110, 3, 1)                                                       = -17
7960 [0x7f7184fd9757]         SYS_munmap(0x7f7185b4a000, 32, 3, 1)                                                                 = 0
7960 [0x7f7184fd22c7]         SYS_unlink(0x7ffff05e40e0, 32, 3, 1)                                                                 = 0
7960 [0x7f7184227e60]         SYS_close(3, 32, 3, 1)                                                                               = 0
7960 [0x7f7184228510]         SYS_open(0x7ffff05e4110, 0x20002, 17, 1)                                                             = 3
7960 [0x7f7184fd03b4]         SYS_fstat(3, 0x7ffff05e4040, 0x7ffff05e4040, 1)                                                      = 0
7960 [0x7f7184fd972a]         SYS_mmap(0, 32, 3, 1)                                                                                = 0x7f7185b4a000
7960 [0x7f7184227e60]         SYS_close(3, 32, 0, 1)                                                                               = 0
7960 [0x7f71835e8823]       <... Hw_Semaphore_Init resumed> )                                                                      = 17
7960 [0x7f71835e8833]       libgeneraldrv.so->Hw_Semaphore_Lock(0x7ffff05e4230, 32, 0x7f7185b4a000, -1)                            = 0
7960 [0x7f7184fdd6b7]       SYS_ioperm(3320, 4, 1, 1)                                                                              = 0
7960 [0x7f7184fdd6b7]       SYS_ioperm(3320, 4, 0, 1)                                                                              = 0
7960 [0x7f7184fdd6b7]       SYS_ioperm(235, 1, 1, 1)                                                                               = 0
7960 [0x7f7184fdd6b7]       SYS_ioperm(235, 1, 0, 1)                                                                               = 0
7960 [0x7f7184fdd6b7]       SYS_ioperm(3324, 4, 1, 1)                                                                              = 0
7960 [0x7f7184fdd6b7]       SYS_ioperm(3324, 4, 0, 1)                                                                              = 0
7960 [0x7f7184fdd6b7]       SYS_ioperm(235, 1, 1, 1)                                                                               = 0
7960 [0x7f7184fdd6b7]       SYS_ioperm(235, 1, 0, 1)                                                                               = 0
7960 [0x7f7184fdd6b7]       SYS_ioperm(3320, 4, 1, 1)                                                                              = 0
7960 [0x7f7184fdd6b7]       SYS_ioperm(3320, 4, 0, 1)                                                                              = 0
7960 [0x7f7184fdd6b7]       SYS_ioperm(235, 1, 1, 1)                                                                               = 0
7960 [0x7f7184fdd6b7]       SYS_ioperm(235, 1, 0, 1)                                                                               = 0
7960 [0x7f71835e897f]       libgeneraldrv.so->Hw_Semaphore_Unlock(0x7ffff05e4230, 1, 0, -1)                                        = 0
7960 [0x7f71835e898b]       libgeneraldrv.so->Hw_Semaphore_Release(0x7ffff05e4230, 128, 0, 0 <unfinished ...>
7960 [0x7f7184fd9757]         SYS_munmap(0x7f7185b4a000, 32, 0, 1)                                                                 = 0
7960 [0x7f71835e898b]       <... Hw_Semaphore_Release resumed> )                                                                   = 0
7960 [0x7f71835eb6ff]     <... PCI_Conf_Read resumed> )                                                                            = 0
7960 [0x7f71835eb721]     libgeneraldrv.so->Hw_Semaphore_Init(0x7ffff05e42b0, 0x7f71835ec38c, 1, 0x7f718528d658 <unfinished ...>
7960 [0x7f7184fd0405]       SYS_lstat(0x7ffff05e4150, 0x7ffff05e4060, 0x7ffff05e4060, 0)                                           = -2
7960 [0x7f7184228510]       SYS_open(0x7ffff05e4150, 194, 600, 0)                                                                  = 3
7960 [0x7f7184227da0]       SYS_write(3, 0x7ffff05e41d0, 32, 0)                                                                    = 32
7960 [0x7f7184fd972a]       SYS_mmap(0, 32, 3, 1)                                                                                  = 0x7f7185b4a000
7960 [0x7f7184fd21a7]       SYS_link(0x7ffff05e4150, 0x7ffff05e4180, 3, 1)                                                         = -17
7960 [0x7f7184fd9757]       SYS_munmap(0x7f7185b4a000, 32, 3, 1)                                                                   = 0
7960 [0x7f7184fd22c7]       SYS_unlink(0x7ffff05e4150, 32, 3, 1)                                                                   = 0
7960 [0x7f7184227e60]       SYS_close(3, 32, 3, 1)                                                                                 = 0
7960 [0x7f7184228510]       SYS_open(0x7ffff05e4180, 0x20002, 20, 1)                                                               = 3
7960 [0x7f7184fd03b4]       SYS_fstat(3, 0x7ffff05e40b0, 0x7ffff05e40b0, 1)                                                        = 0
7960 [0x7f7184fd972a]       SYS_mmap(0, 32, 3, 1)                                                                                  = 0x7f7185b4a000
7960 [0x7f7184227e60]       SYS_close(3, 32, 0, 1)                                                                                 = 0
7960 [0x7f71835eb721]     <... Hw_Semaphore_Init resumed> )                                                                        = 17
7960 [0x7f71835eb731]     libgeneraldrv.so->Hw_Semaphore_Lock(0x7ffff05e42b0, 32, 0x7f7185b4a000, -1)                              = 0
7960 [0x7f7184fd07e0]     SYS_open(0x7f71835ec3a1, 2, 1, 1)                                                                        = 3
7960 [0x7f7184fd972a]     SYS_mmap(0, 60, 3, 1)                                                                                    = 0x7f7185b49000
7960 [0x7f7184fad060]     SYS_nanosleep(0x7ffff05e4280, 0, 0, 1)                                                                   = 0
7960 [0x7f7184fad060]     SYS_nanosleep(0x7ffff05e4280, 0, 0, 1)                                                                   = 0
7960 [0x7f7184fad060]     SYS_nanosleep(0x7ffff05e4280, 0, 0, 1)                                                                   = 0
7960 [0x7f7184fad060]     SYS_nanosleep(0x7ffff05e4280, 0, 0, 1)                                                                   = 0
7960 [0x7f7184fad060]     SYS_nanosleep(0x7ffff05e4280, 0, 0, 1)                                                                   = 0
7960 [0x7f7184fad060]     SYS_nanosleep(0x7ffff05e4280, 0, 0, 1)                                                                   = 0
7960 [0x7f7184fad060]     SYS_nanosleep(0x7ffff05e4280, 0, 0, 1)                                                                   = 0
7960 [0x7f7184fad060]     SYS_nanosleep(0x7ffff05e4280, 0, 0, 1)                                                                   = 0
7960 [0x7f7184fd9757]     SYS_munmap(0x7f7185b49000, 60, 0, 1)                                                                     = 0
7960 [0x7f7184fd1070]     SYS_close(3, 60, 0, 1)                                                                                   = 0
7960 [0x7f7184fad060]     SYS_nanosleep(0x7ffff05e4280, 0, 0, 1)                                                                   = 0
7960 [0x7f71835eb87f]     libgeneraldrv.so->Hw_Semaphore_Unlock(0x7ffff05e42b0, 0, 0, -1)                                          = 0
7960 [0x7f71835eb88b]     libgeneraldrv.so->Hw_Semaphore_Release(0x7ffff05e42b0, 128, 0, 0 <unfinished ...>
7960 [0x7f7184fd9757]       SYS_munmap(0x7f7185b4a000, 32, 0, 1)                                                                   = 0
7960 [0x7f71835eb88b]     <... Hw_Semaphore_Release resumed> )                                                                     = 0
7960 [0x7f71835ebacf]     libgeneraldrv.so->PCI_Conf_Read(2, 0, 0, 36 <unfinished ...>
7960 [0x7f71835e8823]       libgeneraldrv.so->Hw_Semaphore_Init(0x7ffff05e4250, 0x7f71835ec000, 1, 0 <unfinished ...>
7960 [0x7f7184fd0405]         SYS_lstat(0x7ffff05e4100, 0x7ffff05e4010, 0x7ffff05e4010, 0)                                         = -2
7960 [0x7f7184228510]         SYS_open(0x7ffff05e4100, 194, 600, 0)                                                                = 3
7960 [0x7f7184227da0]         SYS_write(3, 0x7ffff05e4180, 32, 0)                                                                  = 32
7960 [0x7f7184fd972a]         SYS_mmap(0, 32, 3, 1)                                                                                = 0x7f7185b4a000
7960 [0x7f7184fd21a7]         SYS_link(0x7ffff05e4100, 0x7ffff05e4130, 3, 1)                                                       = -17
7960 [0x7f7184fd9757]         SYS_munmap(0x7f7185b4a000, 32, 3, 1)                                                                 = 0
7960 [0x7f7184fd22c7]         SYS_unlink(0x7ffff05e4100, 32, 3, 1)                                                                 = 0
7960 [0x7f7184227e60]         SYS_close(3, 32, 3, 1)                                                                               = 0
7960 [0x7f7184228510]         SYS_open(0x7ffff05e4130, 0x20002, 17, 1)                                                             = 3
7960 [0x7f7184fd03b4]         SYS_fstat(3, 0x7ffff05e4060, 0x7ffff05e4060, 1)                                                      = 0
7960 [0x7f7184fd972a]         SYS_mmap(0, 32, 3, 1)                                                                                = 0x7f7185b4a000
7960 [0x7f7184227e60]         SYS_close(3, 32, 0, 1)                                                                               = 0
7960 [0x7f71835e8823]       <... Hw_Semaphore_Init resumed> )                                                                      = 17
7960 [0x7f71835e8833]       libgeneraldrv.so->Hw_Semaphore_Lock(0x7ffff05e4250, 32, 0x7f7185b4a000, -1)                            = 0
7960 [0x7f7184fdd6b7]       SYS_ioperm(3320, 4, 1, 1)                                                                              = 0
7960 [0x7f7184fdd6b7]       SYS_ioperm(3320, 4, 0, 1)                                                                              = 0
7960 [0x7f7184fdd6b7]       SYS_ioperm(235, 1, 1, 1)                                                                               = 0
7960 [0x7f7184fdd6b7]       SYS_ioperm(235, 1, 0, 1)                                                                               = 0
7960 [0x7f7184fdd6b7]       SYS_ioperm(3324, 4, 1, 1)                                                                              = 0
7960 [0x7f7184fdd6b7]       SYS_ioperm(3324, 4, 0, 1)                                                                              = 0
7960 [0x7f7184fdd6b7]       SYS_ioperm(235, 1, 1, 1)                                                                               = 0
7960 [0x7f7184fdd6b7]       SYS_ioperm(235, 1, 0, 1)                                                                               = 0
7960 [0x7f7184fdd6b7]       SYS_ioperm(3320, 4, 1, 1)                                                                              = 0
7960 [0x7f7184fdd6b7]       SYS_ioperm(3320, 4, 0, 1)                                                                              = 0
7960 [0x7f7184fdd6b7]       SYS_ioperm(235, 1, 1, 1)                                                                               = 0
7960 [0x7f7184fdd6b7]       SYS_ioperm(235, 1, 0, 1)                                                                               = 0
7960 [0x7f71835e897f]       libgeneraldrv.so->Hw_Semaphore_Unlock(0x7ffff05e4250, 1, 0, -1)                                        = 0
7960 [0x7f71835e898b]       libgeneraldrv.so->Hw_Semaphore_Release(0x7ffff05e4250, 128, 0, 0 <unfinished ...>
7960 [0x7f7184fd9757]         SYS_munmap(0x7f7185b4a000, 32, 0, 1)                                                                 = 0
7960 [0x7f71835e898b]       <... Hw_Semaphore_Release resumed> )                                                                   = 0
7960 [0x7f71835ebacf]     <... PCI_Conf_Read resumed> )                                                                            = 0
7960 [0x7f71835ebaf1]     libgeneraldrv.so->Hw_Semaphore_Init(0x7ffff05e42c0, 0x7f71835ec38c, 1, 0x7f718528d658 <unfinished ...>
7960 [0x7f7184fd0405]       SYS_lstat(0x7ffff05e4170, 0x7ffff05e4080, 0x7ffff05e4080, 0)                                           = -2
7960 [0x7f7184228510]       SYS_open(0x7ffff05e4170, 194, 600, 0)                                                                  = 3
7960 [0x7f7184227da0]       SYS_write(3, 0x7ffff05e41f0, 32, 0)                                                                    = 32
7960 [0x7f7184fd972a]       SYS_mmap(0, 32, 3, 1)                                                                                  = 0x7f7185b4a000
7960 [0x7f7184fd21a7]       SYS_link(0x7ffff05e4170, 0x7ffff05e41a0, 3, 1)                                                         = -17
7960 [0x7f7184fd9757]       SYS_munmap(0x7f7185b4a000, 32, 3, 1)                                                                   = 0
7960 [0x7f7184fd22c7]       SYS_unlink(0x7ffff05e4170, 32, 3, 1)                                                                   = 0
7960 [0x7f7184227e60]       SYS_close(3, 32, 3, 1)                                                                                 = 0
7960 [0x7f7184228510]       SYS_open(0x7ffff05e41a0, 0x20002, 20, 1)                                                               = 3
7960 [0x7f7184fd03b4]       SYS_fstat(3, 0x7ffff05e40d0, 0x7ffff05e40d0, 1)                                                        = 0
7960 [0x7f7184fd972a]       SYS_mmap(0, 32, 3, 1)                                                                                  = 0x7f7185b4a000
7960 [0x7f7184227e60]       SYS_close(3, 32, 0, 1)                                                                                 = 0
7960 [0x7f71835ebaf1]     <... Hw_Semaphore_Init resumed> )                                                                        = 17
7960 [0x7f71835ebb01]     libgeneraldrv.so->Hw_Semaphore_Lock(0x7ffff05e42c0, 32, 0x7f7185b4a000, -1)                              = 0
7960 [0x7f7184fd07e0]     SYS_open(0x7f71835ec3a1, 2, 1, 1)                                                                        = 3
7960 [0x7f7184fd972a]     SYS_mmap(0, 60, 3, 1)                                                                                    = 0x7f7185b49000
7960 [0x7f7184fad060]     SYS_nanosleep(0x7ffff05e42a0, 0, 0, 1)                                                                   = 0
7960 [0x7f7184fad060]     SYS_nanosleep(0x7ffff05e42a0, 0, 0, 1)                                                                   = 0
7960 [0x7f7184fd9757]     SYS_munmap(0x7f7185b49000, 60, 0, 1)                                                                     = 0
7960 [0x7f7184fd1070]     SYS_close(3, 60, 0, 1)                                                                                   = 0
7960 [0x7f7184fad060]     SYS_nanosleep(0x7ffff05e42a0, 0, 0, 1)                                                                   = 0
7960 [0x7f71835ebba6]     libgeneraldrv.so->Hw_Semaphore_Unlock(0x7ffff05e42c0, 0, 0, -1)                                          = 0
7960 [0x7f71835ebbb2]     libgeneraldrv.so->Hw_Semaphore_Release(0x7ffff05e42c0, 128, 0, 0 <unfinished ...>
7960 [0x7f7184fd9757]       SYS_munmap(0x7f7185b4a000, 32, 0, 1)                                                                   = 0
7960 [0x7f71835ebbb2]     <... Hw_Semaphore_Release resumed> )                                                                     = 0
7960 [0x7f718529a0e3]   <... Mv9125_Set_Led_Mode resumed> )                                                                        = 0
7960 [0x400934] <... Hal_Led_Set_Hdd_Mode resumed> )                                                                               = 0
7960 [0x7f71856dcf15] libnasman.so->Close_Share_Memory(char const*, void*)(0x7f718572108e, 0x7f7185b4e000, 0x53fcffaee05b2f57, 4 <unfinished ...>
7960 [0x7f71856dcb6e]   libnasman.so->Get_File_Size(char const*, long*)(0x7ffff05e41c0, 0x7ffff05e42e8, 0x7ffff05e41d5, 0 <unfinished ...>
7960 [0x7f7184fd0365]     SYS_stat(0x7ffff05e41c0, 0x7ffff05e4120, 0x7ffff05e4120, 1)                                              = 0
7960 [0x7f71856dcb6e]   <... Get_File_Size(char const*, long*) resumed> )                                                          = 0
7960 [0x7f7184fd9757]   SYS_munmap(0x7f7185b4e000, 0x2788, 0x7ffff05e4120, 1)                                                      = 0
7960 [0x7f71856dcf15] <... Close_Share_Memory(char const*, void*) resumed> )                                                       = 0
7960 [0x7f71856dcf37] libnasman.so->Close_Share_Memory(char const*, void*)(0x7f71857210a7, 0x7f7185b4d000, 0, -1 <unfinished ...>
7960 [0x7f71856dcb6e]   libnasman.so->Get_File_Size(char const*, long*)(0x7ffff05e41c0, 0x7ffff05e42e8, 0x7ffff05e41d6, 0 <unfinished ...>
7960 [0x7f7184fd0365]     SYS_stat(0x7ffff05e41c0, 0x7ffff05e4120, 0x7ffff05e4120, 1)                                              = 0
7960 [0x7f71856dcb6e]   <... Get_File_Size(char const*, long*) resumed> )                                                          = 0
7960 [0x7f7184fd9757]   SYS_munmap(0x7f7185b4d000, 3536, 0x7ffff05e4120, 1)                                                        = 0
7960 [0x7f71856dcf37] <... Close_Share_Memory(char const*, void*) resumed> )                                                       = 0
7960 [0x7f71856dcf59] libnasman.so->Close_Share_Memory(char const*, void*)(0x7f71857210b5, 0x7f7185b4c000, 0, -1 <unfinished ...>
7960 [0x7f71856dcb6e]   libnasman.so->Get_File_Size(char const*, long*)(0x7ffff05e41c0, 0x7ffff05e42e8, 0x7ffff05e41d6, 0 <unfinished ...>
7960 [0x7f7184fd0365]     SYS_stat(0x7ffff05e41c0, 0x7ffff05e4120, 0x7ffff05e4120, 1)                                              = 0
7960 [0x7f71856dcb6e]   <... Get_File_Size(char const*, long*) resumed> )                                                          = 0
7960 [0x7f7184fd9757]   SYS_munmap(0x7f7185b4c000, 4080, 0x7ffff05e4120, 1)                                                        = 0
7960 [0x7f71856dcf59] <... Close_Share_Memory(char const*, void*) resumed> )                                                       = 0
7960 [0x7f7184f2a932] libgeneral.so->Trace_Mem_Destroy()(0x7f7184c42d40, 0, 0x53fcfc4cdb9b2f57, 16)                                = 0
7960 [0x7f7184fad468] SYS_exit_group(0, 60, 0, 0x7f7185290a48 <no return ...>
7960 [0xffffffffffffffff] +++ exited (status 0) +++
