7978 [0x7fc03ea368aa] SYS_brk(0, 0x7fc03ea39fa0, 0, 895)                                                                           = 0xa5e000
7978 [0x7fc03ea377e7] SYS_readlink(0x7fff9589db78, 0x7fff9589c5f0, 4096, 0x756e694c00000000)                                       = -2
7978 [0x7fc03ea37677] SYS_open(0x7fc03ea3b1f3, 0, 0, 0x756e694c00000000)                                                           = 3
7978 [0x7fc03ea377a7] SYS_chdir(0x7fc03ec42ba8, 0, 0, 0x756e694c00000000)                                                          = -2
7978 [0x7fc03ea369d2] SYS_getcwd(0x7fff9589c5f0, 4096, 0, 0x756e694c00000000)                                                      = 23
7978 [0x7fc03ea377c7] SYS_fchdir(3, 4096, 0, 0x756e694c00000000)                                                                   = 0
7978 [0x7fc03ea37787] SYS_close(3, 4096, 0, 0x756e694c00000000)                                                                    = 0
7978 [0x7fc03ea3780a] SYS_mmap(0, 4096, 3, 34)                                                                                     = 0x7fc03ec3f000
7978 [0x7fc03ea376d7] SYS_access(0x7fc03ea3d700, 4, 0x7fc03ec42718, 0)                                                             = -2
7978 [0x7fc03ea37677] SYS_open(0x7fc03ea3b072, 0x80000, 1, 0)                                                                      = 3
7978 [0x7fc03ea37604] SYS_fstat(3, 0x7fff9589bdd0, 0x7fff9589bdd0, 0)                                                              = 0
7978 [0x7fc03ea3780a] SYS_mmap(0, 0x83b3, 1, 2)                                                                                    = 0x7fc03ec36000
7978 [0x7fc03ea37787] SYS_close(3, 0x83b3, 1, 2)                                                                                   = 0
7978 [0x7fc03ea37677] SYS_open(0x7fc03ec3f640, 0x80000, 0, 56)                                                                     = 3
7978 [0x7fc03ea37697] SYS_read(3, 0x7fff9589bf58, 832, 56)                                                                         = 832
7978 [0x7fc03ea37604] SYS_fstat(3, 0x7fff9589be30, 0x7fff9589be30, 16)                                                             = 0
7978 [0x7fc03ea3780a] SYS_mmap(0, 0x278960, 5, 2050)                                                                               = 0x7fc03e7a7000
7978 [0x7fc03ea37857] SYS_mprotect(0x7fc03e81d000, 0x200000, 0, 2050)                                                              = 0
7978 [0x7fc03ea3780a] SYS_mmap(0x7fc03ea1d000, 0x3000, 3, 2066)                                                                    = 0x7fc03ea1d000
7978 [0x7fc03ea37787] SYS_close(3, 16, 0x7fc03ea1d3e0, 0x6ffffdff)                                                                 = 0
7978 [0x7fc03ea37677] SYS_open(0x7fc03ec3fb10, 0x80000, 0, 0x6ffffdff)                                                             = 3
7978 [0x7fc03ea37697] SYS_read(3, 0x7fff9589bf28, 832, 0x6ffffdff)                                                                 = 832
7978 [0x7fc03ea37604] SYS_fstat(3, 0x7fff9589be00, 0x7fff9589be00, 16)                                                             = 0
7978 [0x7fc03ea3780a] SYS_mmap(0, 0x21bee0, 5, 2050)                                                                               = 0x7fc03e58b000
7978 [0x7fc03ea37857] SYS_mprotect(0x7fc03e5a6000, 0x200000, 0, 2050)                                                              = 0
7978 [0x7fc03ea3780a] SYS_mmap(0x7fc03e7a6000, 4096, 3, 2066)                                                                      = 0x7fc03e7a6000
7978 [0x7fc03ea37787] SYS_close(3, 16, 0x7fc03e7a6208, 0x6ffffdff)                                                                 = 0
7978 [0x7fc03ea37677] SYS_open(0x7fc03ec3ffe0, 0x80000, 0, 0x6ffffdff)                                                             = 3
7978 [0x7fc03ea37697] SYS_read(3, 0x7fff9589bef8, 832, 0x6ffffdff)                                                                 = 832
7978 [0x7fc03ea37604] SYS_fstat(3, 0x7fff9589bdd0, 0x7fff9589bdd0, 16)                                                             = 0
7978 [0x7fc03ea3780a] SYS_mmap(0, 4096, 3, 34)                                                                                     = 0x7fc03ec35000
7978 [0x7fc03ea3780a] SYS_mmap(0, 0x209ad0, 5, 2050)                                                                               = 0x7fc03e381000
7978 [0x7fc03ea37857] SYS_mprotect(0x7fc03e38b000, 0x1ff000, 0, 2050)                                                              = 0
7978 [0x7fc03ea3780a] SYS_mmap(0x7fc03e58a000, 4096, 3, 2066)                                                                      = 0x7fc03e58a000
7978 [0x7fc03ea37787] SYS_close(3, 16, 0x7fc03e58a690, 0x6ffffdff)                                                                 = 0
7978 [0x7fc03ea37677] SYS_open(0x7fc03ec354b8, 0x80000, 0, 0x6ffffdff)                                                             = 3
7978 [0x7fc03ea37697] SYS_read(3, 0x7fff9589bec8, 832, 0x6ffffdff)                                                                 = 832
7978 [0x7fc03ea37604] SYS_fstat(3, 0x7fff9589bda0, 0x7fff9589bda0, 32)                                                             = 0
7978 [0x7fc03ea3780a] SYS_mmap(0, 0x39dc40, 5, 2050)                                                                               = 0x7fc03dfe3000
7978 [0x7fc03ea37857] SYS_mprotect(0x7fc03e177000, 0x200000, 0, 2050)                                                              = 0
7978 [0x7fc03ea3780a] SYS_mmap(0x7fc03e377000, 0x6000, 3, 2066)                                                                    = 0x7fc03e377000
7978 [0x7fc03ea3780a] SYS_mmap(0x7fc03e37d000, 0x3c40, 3, 50)                                                                      = 0x7fc03e37d000
7978 [0x7fc03ea37787] SYS_close(3, 16, 0, 0x6ffffdff)                                                                              = 0
7978 [0x7fc03ea37677] SYS_open(0x7fc03ec35988, 0x80000, 0, 0x6ffffdff)                                                             = 3
7978 [0x7fc03ea37697] SYS_read(3, 0x7fff9589bd78, 832, 0x6ffffdff)                                                                 = 832
7978 [0x7fc03ea37604] SYS_fstat(3, 0x7fff9589bc50, 0x7fff9589bc50, 16)                                                             = 0
7978 [0x7fc03ea3780a] SYS_mmap(0, 0x2b09d0, 5, 2050)                                                                               = 0x7fc03dd32000
7978 [0x7fc03ea37857] SYS_mprotect(0x7fc03dde1000, 0x1ff000, 0, 2050)                                                              = 0
7978 [0x7fc03ea3780a] SYS_mmap(0x7fc03dfe0000, 0x3000, 3, 2066)                                                                    = 0x7fc03dfe0000
7978 [0x7fc03ea37787] SYS_close(3, 16, 0x7fc03dfe09a8, 0x6ffffdff)                                                                 = 0
7978 [0x7fc03ea37677] SYS_open(0x7fc03ec35e58, 0x80000, 0, 0x6ffffdff)                                                             = 3
7978 [0x7fc03ea37697] SYS_read(3, 0x7fff9589bd48, 832, 0x6ffffdff)                                                                 = 832
7978 [0x7fc03ea37604] SYS_fstat(3, 0x7fff9589bc20, 0x7fff9589bc20, 16)                                                             = 0
7978 [0x7fc03ea3780a] SYS_mmap(0, 4096, 3, 34)                                                                                     = 0x7fc03ec34000
7978 [0x7fc03ea3780a] SYS_mmap(0, 0x294ee0, 5, 2050)                                                                               = 0x7fc03da9d000
7978 [0x7fc03ea37857] SYS_mprotect(0x7fc03db2f000, 0x1ff000, 0, 2050)                                                              = 0
7978 [0x7fc03ea3780a] SYS_mmap(0x7fc03dd2e000, 0x3000, 3, 2066)                                                                    = 0x7fc03dd2e000
7978 [0x7fc03ea3780a] SYS_mmap(0x7fc03dd31000, 3808, 3, 50)                                                                        = 0x7fc03dd31000
7978 [0x7fc03ea37787] SYS_close(3, 16, 0x7fc03dd2ee30, 0x6ffffdff)                                                                 = 0
7978 [0x7fc03ea37677] SYS_open(0x7fc03ec344b8, 0x80000, 0, 0x6ffffdff)                                                             = 3
7978 [0x7fc03ea37697] SYS_read(3, 0x7fff9589bd18, 832, 0x6ffffdff)                                                                 = 832
7978 [0x7fc03ea37604] SYS_fstat(3, 0x7fff9589bbf0, 0x7fff9589bbf0, 16)                                                             = 0
7978 [0x7fc03ea3780a] SYS_mmap(0, 0x29d850, 5, 2050)                                                                               = 0x7fc03d7ff000
7978 [0x7fc03ea37857] SYS_mprotect(0x7fc03d898000, 0x200000, 0, 2050)                                                              = 0
7978 [0x7fc03ea3780a] SYS_mmap(0x7fc03da98000, 0x3000, 3, 2066)                                                                    = 0x7fc03da98000
7978 [0x7fc03ea3780a] SYS_mmap(0x7fc03da9b000, 6224, 3, 50)                                                                        = 0x7fc03da9b000
7978 [0x7fc03ea37787] SYS_close(3, 16, 0x7fc03da99cc8, 0x6ffffdff)                                                                 = 0
7978 [0x7fc03ea37677] SYS_open(0x7fc03ec349a0, 0x80000, 0, 0x6ffffdff)                                                             = 3
7978 [0x7fc03ea37697] SYS_read(3, 0x7fff9589bce8, 832, 0x6ffffdff)                                                                 = 832
7978 [0x7fc03ea37604] SYS_fstat(3, 0x7fff9589bbc0, 0x7fff9589bbc0, 16)                                                             = 0
7978 [0x7fc03ea3780a] SYS_mmap(0, 0x2dbbb0, 5, 2050)                                                                               = 0x7fc03d523000
7978 [0x7fc03ea37857] SYS_mprotect(0x7fc03d5e1000, 0x200000, 0, 2050)                                                              = 0
7978 [0x7fc03ea3780a] SYS_mmap(0x7fc03d7e1000, 0xa000, 3, 2066)                                                                    = 0x7fc03d7e1000
7978 [0x7fc03ea3780a] SYS_mmap(0x7fc03d7eb000, 0x13bb0, 3, 50)                                                                     = 0x7fc03d7eb000
7978 [0x7fc03ea37787] SYS_close(3, 16, 0x7fc03d7e74d8, 0x6ffffdff)                                                                 = 0
7978 [0x7fc03ea37677] SYS_open(0x7fc03ec34e70, 0x80000, 0, 0x6ffffdff)                                                             = 3
7978 [0x7fc03ea37697] SYS_read(3, 0x7fff9589bcb8, 832, 0x6ffffdff)                                                                 = 832
7978 [0x7fc03ea37604] SYS_fstat(3, 0x7fff9589bb90, 0x7fff9589bb90, 32)                                                             = 0
7978 [0x7fc03ea3780a] SYS_mmap(0, 4096, 3, 34)                                                                                     = 0x7fc03ec33000
7978 [0x7fc03ea3780a] SYS_mmap(0, 0x21c490, 5, 2050)                                                                               = 0x7fc03d306000
7978 [0x7fc03ea37857] SYS_mprotect(0x7fc03d31e000, 0x1ff000, 0, 2050)                                                              = 0
7978 [0x7fc03ea3780a] SYS_mmap(0x7fc03d51d000, 8192, 3, 2066)                                                                      = 0x7fc03d51d000
7978 [0x7fc03ea3780a] SYS_mmap(0x7fc03d51f000, 0x3490, 3, 50)                                                                      = 0x7fc03d51f000
7978 [0x7fc03ea37787] SYS_close(3, 16, 0, 0x6ffffdff)                                                                              = 0
7978 [0x7fc03ea37677] SYS_open(0x7fc03ec334b8, 0x80000, 0, 0x6ffffdff)                                                             = 3
7978 [0x7fc03ea37697] SYS_read(3, 0x7fff9589bc88, 832, 0x6ffffdff)                                                                 = 832
7978 [0x7fc03ea37604] SYS_fstat(3, 0x7fff9589bb60, 0x7fff9589bb60, 32)                                                             = 0
7978 [0x7fc03ea3780a] SYS_mmap(0, 0x207bc0, 5, 2050)                                                                               = 0x7fc03d0fe000
7978 [0x7fc03ea37857] SYS_mprotect(0x7fc03d105000, 0x1ff000, 0, 2050)                                                              = 0
7978 [0x7fc03ea3780a] SYS_mmap(0x7fc03d304000, 8192, 3, 2066)                                                                      = 0x7fc03d304000
7978 [0x7fc03ea37787] SYS_close(3, 16, 0, 0x6ffffdff)                                                                              = 0
7978 [0x7fc03ea37677] SYS_open(0x7fc03ec33988, 0x80000, 0, 0x6ffffdff)                                                             = 3
7978 [0x7fc03ea37697] SYS_read(3, 0x7fff9589bc58, 832, 0x6ffffdff)                                                                 = 832
7978 [0x7fc03ea37604] SYS_fstat(3, 0x7fff9589bb30, 0x7fff9589bb30, 16)                                                             = 0
7978 [0x7fc03ea3780a] SYS_mmap(0, 0x202e20, 5, 2050)                                                                               = 0x7fc03cefb000
7978 [0x7fc03ea37857] SYS_mprotect(0x7fc03cefe000, 0x1ff000, 0, 2050)                                                              = 0
7978 [0x7fc03ea3780a] SYS_mmap(0x7fc03d0fd000, 4096, 3, 2066)                                                                      = 0x7fc03d0fd000
7978 [0x7fc03ea37787] SYS_close(3, 16, 0x7fc03d0fdc28, 0x6ffffdff)                                                                 = 0
7978 [0x7fc03ea37677] SYS_open(0x7fc03ec33e58, 0x80000, 0, 0x6ffffdff)                                                             = 3
7978 [0x7fc03ea37697] SYS_read(3, 0x7fff9589bc28, 832, 0x6ffffdff)                                                                 = 832
7978 [0x7fc03ea37604] SYS_fstat(3, 0x7fff9589bb00, 0x7fff9589bb00, 16)                                                             = 0
7978 [0x7fc03ea3780a] SYS_mmap(0, 4096, 3, 34)                                                                                     = 0x7fc03ec32000
7978 [0x7fc03ea3780a] SYS_mmap(0, 0x209850, 5, 2050)                                                                               = 0x7fc03ccf1000
7978 [0x7fc03ea37857] SYS_mprotect(0x7fc03ccfb000, 0x1ff000, 0, 2050)                                                              = 0
7978 [0x7fc03ea3780a] SYS_mmap(0x7fc03cefa000, 4096, 3, 2066)                                                                      = 0x7fc03cefa000
7978 [0x7fc03ea37787] SYS_close(3, 16, 0x7fc03cefa618, 0x6ffffdff)                                                                 = 0
7978 [0x7fc03ea37677] SYS_open(0x7fc03ec324b8, 0x80000, 0, 0x6ffffdff)                                                             = 3
7978 [0x7fc03ea37697] SYS_read(3, 0x7fff9589bbf8, 832, 0x6ffffdff)                                                                 = 832
7978 [0x7fc03ea37604] SYS_fstat(3, 0x7fff9589bad0, 0x7fff9589bad0, 16)                                                             = 0
7978 [0x7fc03ea3780a] SYS_mmap(0, 0x210868, 5, 2050)                                                                               = 0x7fc03cae0000
7978 [0x7fc03ea37857] SYS_mprotect(0x7fc03caf1000, 0x1ff000, 0, 2050)                                                              = 0
7978 [0x7fc03ea3780a] SYS_mmap(0x7fc03ccf0000, 4096, 3, 2066)                                                                      = 0x7fc03ccf0000
7978 [0x7fc03ea37787] SYS_close(3, 16, 0x7fc03ccf0408, 0x6ffffdff)                                                                 = 0
7978 [0x7fc03ea37677] SYS_open(0x7fc03ec32a40, 0x80000, 0, 0x7fc03ec339a0)                                                         = 3
7978 [0x7fc03ea37697] SYS_read(3, 0x7fff9589ba98, 832, 0x7fc03ec339a0)                                                             = 832
7978 [0x7fc03ea37604] SYS_fstat(3, 0x7fff9589b970, 0x7fff9589b970, 16)                                                             = 0
7978 [0x7fc03ea3780a] SYS_mmap(0, 0x2032c8, 5, 2050)                                                                               = 0x7fc03c8dc000
7978 [0x7fc03ea37857] SYS_mprotect(0x7fc03c8df000, 0x200000, 0, 2050)                                                              = 0
7978 [0x7fc03ea3780a] SYS_mmap(0x7fc03cadf000, 4096, 3, 2066)                                                                      = 0x7fc03cadf000
7978 [0x7fc03ea37787] SYS_close(3, 16, 0x7fc03cadf188, 0x6ffffdff)                                                                 = 0
7978 [0x7fc03ea37677] SYS_open(0x7fc03ec32f28, 0x80000, 0, 0x6ffffdff)                                                             = 3
7978 [0x7fc03ea37697] SYS_read(3, 0x7fff9589ba68, 832, 0x6ffffdff)                                                                 = 832
7978 [0x7fc03ea37604] SYS_fstat(3, 0x7fff9589b940, 0x7fff9589b940, 16)                                                             = 0
7978 [0x7fc03ea3780a] SYS_mmap(0, 4096, 3, 34)                                                                                     = 0x7fc03ec31000
7978 [0x7fc03ea3780a] SYS_mmap(0, 0x207820, 5, 2050)                                                                               = 0x7fc03c6d4000
7978 [0x7fc03ea37857] SYS_mprotect(0x7fc03c6db000, 0x200000, 0, 2050)                                                              = 0
7978 [0x7fc03ea3780a] SYS_mmap(0x7fc03c8db000, 4096, 3, 2066)                                                                      = 0x7fc03c8db000
7978 [0x7fc03ea37787] SYS_close(3, 16, 0x7fc03c8db188, 0x6ffffdff)                                                                 = 0
7978 [0x7fc03ea37677] SYS_open(0x7fc03ec314c8, 0x80000, 0, 0x6ffffdff)                                                             = 3
7978 [0x7fc03ea37697] SYS_read(3, 0x7fff9589ba38, 832, 0x6ffffdff)                                                                 = 832
7978 [0x7fc03ea37604] SYS_fstat(3, 0x7fff9589b910, 0x7fff9589b910, 16)                                                             = 0
7978 [0x7fc03ea3780a] SYS_mmap(0, 0x201f30, 5, 2050)                                                                               = 0x7fc03c4d2000
7978 [0x7fc03ea37857] SYS_mprotect(0x7fc03c4d4000, 0x1ff000, 0, 2050)                                                              = 0
7978 [0x7fc03ea3780a] SYS_mmap(0x7fc03c6d3000, 4096, 3, 2066)                                                                      = 0x7fc03c6d3000
7978 [0x7fc03ea37787] SYS_close(3, 16, 0x7fc03c6d3e18, 0x6ffffdff)                                                                 = 0
7978 [0x7fc03ea37677] SYS_open(0x7fc03ec31a60, 0x80000, 0, 0x7fc03ec354d0)                                                         = 3
7978 [0x7fc03ea37697] SYS_read(3, 0x7fff9589ba08, 832, 0x7fc03ec354d0)                                                             = 832
7978 [0x7fc03ea37604] SYS_fstat(3, 0x7fff9589b8e0, 0x7fff9589b8e0, 16)                                                             = 0
7978 [0x7fc03ea3780a] SYS_mmap(0, 0x2022e8, 5, 2050)                                                                               = 0x7fc03c2cf000
7978 [0x7fc03ea37857] SYS_mprotect(0x7fc03c2d1000, 0x200000, 0, 2050)                                                              = 0
7978 [0x7fc03ea3780a] SYS_mmap(0x7fc03c4d1000, 4096, 3, 2066)                                                                      = 0x7fc03c4d1000
7978 [0x7fc03ea37787] SYS_close(3, 16, 0x7fc03c4d1198, 0x6ffffdff)                                                                 = 0
7978 [0x7fc03ea37677] SYS_open(0x7fc03ec31f40, 0x80000, 0, 0x6ffffdff)                                                             = 3
7978 [0x7fc03ea37697] SYS_read(3, 0x7fff9589b9d8, 832, 0x6ffffdff)                                                                 = 832
7978 [0x7fc03ea37604] SYS_fstat(3, 0x7fff9589b8b0, 0x7fff9589b8b0, 16)                                                             = 0
7978 [0x7fc03ea3780a] SYS_mmap(0, 4096, 3, 34)                                                                                     = 0x7fc03ec30000
7978 [0x7fc03ea3780a] SYS_mmap(0, 0x201f30, 5, 2050)                                                                               = 0x7fc03c0cd000
7978 [0x7fc03ea37857] SYS_mprotect(0x7fc03c0cf000, 0x1ff000, 0, 2050)                                                              = 0
7978 [0x7fc03ea3780a] SYS_mmap(0x7fc03c2ce000, 4096, 3, 2066)                                                                      = 0x7fc03c2ce000
7978 [0x7fc03ea37787] SYS_close(3, 16, 0x7fc03c2cee18, 0x6ffffdff)                                                                 = 0
7978 [0x7fc03ea37677] SYS_open(0x7fc03ec304c0, 0x80000, 0, 0x6ffffdff)                                                             = 3
7978 [0x7fc03ea37697] SYS_read(3, 0x7fff9589b9a8, 832, 0x6ffffdff)                                                                 = 832
7978 [0x7fc03ea37604] SYS_fstat(3, 0x7fff9589b880, 0x7fff9589b880, 16)                                                             = 0
7978 [0x7fc03ea3780a] SYS_mmap(0, 0x2038b8, 5, 2050)                                                                               = 0x7fc03bec9000
7978 [0x7fc03ea37857] SYS_mprotect(0x7fc03becd000, 0x1ff000, 0, 2050)                                                              = 0
7978 [0x7fc03ea3780a] SYS_mmap(0x7fc03c0cc000, 4096, 3, 2066)                                                                      = 0x7fc03c0cc000
7978 [0x7fc03ea37787] SYS_close(3, 16, 0x7fc03c0cc748, 0x6ffffdff)                                                                 = 0
7978 [0x7fc03ea37677] SYS_open(0x7fc03ec30a60, 0x80000, 0, 0x7fc03ec33000)                                                         = 3
7978 [0x7fc03ea37697] SYS_read(3, 0x7fff9589b948, 832, 0x7fc03ec33000)                                                             = 832
7978 [0x7fc03ea37604] SYS_fstat(3, 0x7fff9589b820, 0x7fff9589b820, 16)                                                             = 0
7978 [0x7fc03ea3780a] SYS_mmap(0, 0x210848, 5, 2050)                                                                               = 0x7fc03bcb8000
7978 [0x7fc03ea37857] SYS_mprotect(0x7fc03bcc8000, 0x1ff000, 0, 2050)                                                              = 0
7978 [0x7fc03ea3780a] SYS_mmap(0x7fc03bec7000, 8192, 3, 2066)                                                                      = 0x7fc03bec7000
7978 [0x7fc03ea37787] SYS_close(3, 16, 0x7fc03bec7d90, 0x6ffffdff)                                                                 = 0
7978 [0x7fc03ea37677] SYS_open(0x7fc03ec30f48, 0x80000, 0, 0x6ffffdff)                                                             = 3
7978 [0x7fc03ea37697] SYS_read(3, 0x7fff9589b918, 832, 0x6ffffdff)                                                                 = 832
7978 [0x7fc03ea37604] SYS_fstat(3, 0x7fff9589b7f0, 0x7fff9589b7f0, 16)                                                             = 0
7978 [0x7fc03ea3780a] SYS_mmap(0, 4096, 3, 34)                                                                                     = 0x7fc03ec2f000
7978 [0x7fc03ea3780a] SYS_mmap(0, 0x20acf0, 5, 2050)                                                                               = 0x7fc03baad000
7978 [0x7fc03ea37857] SYS_mprotect(0x7fc03bab8000, 0x1ff000, 0, 2050)                                                              = 0
7978 [0x7fc03ea3780a] SYS_mmap(0x7fc03bcb7000, 4096, 3, 2066)                                                                      = 0x7fc03bcb7000
7978 [0x7fc03ea37787] SYS_close(3, 16, 0x7fc03bcb7750, 0x6ffffdff)                                                                 = 0
7978 [0x7fc03ea37677] SYS_open(0x7fc03ec2f560, 0x80000, 0, 0x7fc03ec33000)                                                         = 3
7978 [0x7fc03ea37697] SYS_read(3, 0x7fff9589b8e8, 832, 0x7fc03ec33000)                                                             = 832
7978 [0x7fc03ea37604] SYS_fstat(3, 0x7fff9589b7c0, 0x7fff9589b7c0, 32)                                                             = 0
7978 [0x7fc03ea3780a] SYS_mmap(0, 0x2361e0, 5, 2050)                                                                               = 0x7fc03b876000
7978 [0x7fc03ea37857] SYS_mprotect(0x7fc03b87e000, 0x1ff000, 0, 2050)                                                              = 0
7978 [0x7fc03ea3780a] SYS_mmap(0x7fc03ba7d000, 8192, 3, 2066)                                                                      = 0x7fc03ba7d000
7978 [0x7fc03ea3780a] SYS_mmap(0x7fc03ba7f000, 0x2d1e0, 3, 50)                                                                     = 0x7fc03ba7f000
7978 [0x7fc03ea37787] SYS_close(3, 16, 0, 0x6ffffdff)                                                                              = 0
7978 [0x7fc03ea37677] SYS_open(0x7fc03ec2fa30, 0x80000, 0, 0x6ffffdff)                                                             = 3
7978 [0x7fc03ea37697] SYS_read(3, 0x7fff9589b8b8, 832, 0x6ffffdff)                                                                 = 832
7978 [0x7fc03ea37604] SYS_fstat(3, 0x7fff9589b790, 0x7fff9589b790, 16)                                                             = 0
7978 [0x7fc03ea3780a] SYS_mmap(0, 0x43fe88, 5, 2050)                                                                               = 0x7fc03b436000
7978 [0x7fc03ea37857] SYS_mprotect(0x7fc03b64b000, 0x200000, 0, 2050)                                                              = 0
7978 [0x7fc03ea3780a] SYS_mmap(0x7fc03b84b000, 0x27000, 3, 2066)                                                                   = 0x7fc03b84b000
7978 [0x7fc03ea3780a] SYS_mmap(0x7fc03b872000, 0x3e88, 3, 50)                                                                      = 0x7fc03b872000
7978 [0x7fc03ea37857] SYS_mprotect(0x7fff9589d000, 4096, 0x1000007, 4)                                                             = 0
7978 [0x7fc03ea37787] SYS_close(3, 4096, 0x1000007, 4)                                                                             = 0
7978 [0x7fc03ea37677] SYS_open(0x7fc03ec2ffb0, 0x80000, 0, 0x7fc03ec324d0)                                                         = 3
7978 [0x7fc03ea37697] SYS_read(3, 0x7fff9589b888, 832, 0x7fc03ec324d0)                                                             = 832
7978 [0x7fc03ea37604] SYS_fstat(3, 0x7fff9589b760, 0x7fff9589b760, 16)                                                             = 0
7978 [0x7fc03ea3780a] SYS_mmap(0, 4096, 3, 34)                                                                                     = 0x7fc03ec2e000
7978 [0x7fc03ea3780a] SYS_mmap(0, 0x215730, 5, 2050)                                                                               = 0x7fc03b220000
7978 [0x7fc03ea37857] SYS_mprotect(0x7fc03b236000, 0x1ff000, 0, 2050)                                                              = 0
7978 [0x7fc03ea3780a] SYS_mmap(0x7fc03b435000, 4096, 3, 2066)                                                                      = 0x7fc03b435000
7978 [0x7fc03ea37787] SYS_close(3, 16, 0x7fc03b435490, 0x6ffffdff)                                                                 = 0
7978 [0x7fc03ea37677] SYS_open(0x7fc03ec2e4f0, 0x80000, 0, 0x6ffffdff)                                                             = 3
7978 [0x7fc03ea37697] SYS_read(3, 0x7fff9589b858, 832, 0x6ffffdff)                                                                 = 832
7978 [0x7fc03ea37604] SYS_fstat(3, 0x7fff9589b730, 0x7fff9589b730, 32)                                                             = 0
7978 [0x7fc03ea3780a] SYS_mmap(0, 0x2fd148, 5, 2050)                                                                               = 0x7fc03af22000
7978 [0x7fc03ea37857] SYS_mprotect(0x7fc03b01f000, 0x1ff000, 0, 2050)                                                              = 0
7978 [0x7fc03ea3780a] SYS_mmap(0x7fc03b21e000, 8192, 3, 2066)                                                                      = 0x7fc03b21e000
7978 [0x7fc03ea37787] SYS_close(3, 16, 0, 0x6ffffdff)                                                                              = 0
7978 [0x7fc03ea37677] SYS_open(0x7fff9589b620, 0x80000, 0, 0x36782f39325f3130)                                                     = -2
7978 [0x7fc03ea375c5] SYS_stat(0x7fff9589b620, 0x7fff9589b700, 0x7fff9589b700, 0x36782f39325f3130)                                 = -2
7978 [0x7fc03ea37677] SYS_open(0x7fff9589b620, 0x80000, 0, 0x36782f39325f3130)                                                     = -2
7978 [0x7fc03ea375c5] SYS_stat(0x7fff9589b620, 0x7fff9589b700, 0x7fff9589b700, 0x36782f39325f3130)                                 = -2
7978 [0x7fc03ea37677] SYS_open(0x7fff9589b620, 0x80000, 0, 0x36782f39325f3130)                                                     = -2
7978 [0x7fc03ea375c5] SYS_stat(0x7fff9589b620, 0x7fff9589b700, 0x7fff9589b700, 0x36782f39325f3130)                                 = -2
7978 [0x7fc03ea37677] SYS_open(0x7fff9589b620, 0x80000, 0, 0x36782f39325f3130)                                                     = -2
7978 [0x7fc03ea375c5] SYS_stat(0x7fff9589b620, 0x7fff9589b700, 0x7fff9589b700, 0x36782f39325f3130)                                 = -2
7978 [0x7fc03ea37677] SYS_open(0x7fc03ec2edd0, 0x80000, 0, 0x36782f39325f3130)                                                     = 3
7978 [0x7fc03ea37697] SYS_read(3, 0x7fff9589b828, 832, 0x36782f39325f3130)                                                         = 832
7978 [0x7fc03ea37604] SYS_fstat(3, 0x7fff9589b700, 0x7fff9589b700, 16)                                                             = 0
7978 [0x7fc03ea3780a] SYS_mmap(0, 4096, 3, 34)                                                                                     = 0x7fc03ec2d000
7978 [0x7fc03ea3780a] SYS_mmap(0, 0x2f8980, 5, 2050)                                                                               = 0x7fc03ac29000
7978 [0x7fc03ea37857] SYS_mprotect(0x7fc03ad20000, 0x200000, 0, 2050)                                                              = 0
7978 [0x7fc03ea3780a] SYS_mmap(0x7fc03af20000, 8192, 3, 2066)                                                                      = 0x7fc03af20000
7978 [0x7fc03ea37787] SYS_close(3, 16, 0x7fc03af203a0, 0x6ffffdff)                                                                 = 0
7978 [0x7fc03ea37677] SYS_open(0x7fc03ec2d4c8, 0x80000, 0, 0x6ffffdff)                                                             = 3
7978 [0x7fc03ea37697] SYS_read(3, 0x7fff9589b7f8, 832, 0x6ffffdff)                                                                 = 832
7978 [0x7fc03ea37604] SYS_fstat(3, 0x7fff9589b6d0, 0x7fff9589b6d0, 16)                                                             = 0
7978 [0x7fc03ea3780a] SYS_mmap(0, 0x2fc9d8, 5, 2050)                                                                               = 0x7fc03a92c000
7978 [0x7fc03ea37857] SYS_mprotect(0x7fc03aa27000, 0x200000, 0, 2050)                                                              = 0
7978 [0x7fc03ea3780a] SYS_mmap(0x7fc03ac27000, 8192, 3, 2066)                                                                      = 0x7fc03ac27000
7978 [0x7fc03ea37787] SYS_close(3, 16, 0x7fc03ac28828, 0x6ffffdff)                                                                 = 0
7978 [0x7fc03ea37677] SYS_open(0x7fc03ec2d998, 0x80000, 0, 0x6ffffdff)                                                             = 3
7978 [0x7fc03ea37697] SYS_read(3, 0x7fff9589b7c8, 832, 0x6ffffdff)                                                                 = 832
7978 [0x7fc03ea37604] SYS_fstat(3, 0x7fff9589b6a0, 0x7fff9589b6a0, 16)                                                             = 0
7978 [0x7fc03ea3780a] SYS_mmap(0, 0x242830, 5, 2050)                                                                               = 0x7fc03a6e9000
7978 [0x7fc03ea37857] SYS_mprotect(0x7fc03a72c000, 0x1ff000, 0, 2050)                                                              = 0
7978 [0x7fc03ea3780a] SYS_mmap(0x7fc03a92b000, 4096, 3, 2066)                                                                      = 0x7fc03a92b000
7978 [0x7fc03ea37787] SYS_close(3, 16, 0x7fc03a92b630, 0x6ffffdff)                                                                 = 0
7978 [0x7fc03ea37677] SYS_open(0x7fc03ec2df70, 0x80000, 0, 0x7fc03ec349b8)                                                         = 3
7978 [0x7fc03ea37697] SYS_read(3, 0x7fff9589b798, 832, 0x7fc03ec349b8)                                                             = 832
7978 [0x7fc03ea37604] SYS_fstat(3, 0x7fff9589b670, 0x7fff9589b670, 32)                                                             = 0
7978 [0x7fc03ea3780a] SYS_mmap(0, 4096, 3, 34)                                                                                     = 0x7fc03ec2c000
7978 [0x7fc03ea3780a] SYS_mmap(0, 0x203118, 5, 2050)                                                                               = 0x7fc03a4e5000
7978 [0x7fc03ea37857] SYS_mprotect(0x7fc03a4e7000, 0x200000, 0, 2050)                                                              = 0
7978 [0x7fc03ea3780a] SYS_mmap(0x7fc03a6e7000, 8192, 3, 2066)                                                                      = 0x7fc03a6e7000
7978 [0x7fc03ea37787] SYS_close(3, 16, 0x7fc03a6e7f40, 0x6ffffdff)                                                                 = 0
7978 [0x7fc03ea3780a] SYS_mmap(0, 4096, 3, 34)                                                                                     = 0x7fc03ec2b000
7978 [0x7fc03ea3780a] SYS_mmap(0, 4096, 3, 34)                                                                                     = 0x7fc03ec2a000
7978 [0x7fc03ea3780a] SYS_mmap(0, 8192, 3, 34)                                                                                     = 0x7fc03ec28000
7978 [0x7fc03ea21044] SYS_arch_prctl(4098, 0x7fc03ec28780, 0x7fc03ec29080, 34)                                                     = 0
7978 [0x7fc03ea37857] SYS_mprotect(0x7fc03e377000, 0x4000, 1, 1)                                                                   = 0
7978 [0x7fc03ea37857] SYS_mprotect(0x7fc03a6e7000, 4096, 1, 0x7fc03a4e5c68)                                                        = 0
7978 [0x7fc03ea37857] SYS_mprotect(0x7fc03d51d000, 4096, 1, 0x7fc03d30b500)                                                        = 0
7978 [0x7fc03ea37857] SYS_mprotect(0x7fc03b21e000, 4096, 1, 1)                                                                     = 0
7978 [0x7fc03ea37857] SYS_mprotect(0x7fc03ba7d000, 4096, 1, 0x7fc03b876a00)                                                        = 0
7978 [0x7fc03ea37857] SYS_mprotect(0x7fc03d7e1000, 0x7000, 1, 0x7fc03d57b810)                                                      = 0
7978 [0x7fc03ea37857] SYS_mprotect(0x7fc03d304000, 4096, 1, 0x7fc03d0ffd58)                                                        = 0
7978 [0x7fc03ea37857] SYS_mprotect(0x7fc03ec40000, 4096, 1, 0)                                                                     = 0
7978 [0x7fc03ea37837] SYS_munmap(0x7fc03ec36000, 0x83b3, 0x72200, 0)                                                               = 0
7978 [0x7fc03d30ce92] SYS_set_tid_address(0x7fc03ec28a50, 0x7fff9589d788, 0x7fc03ec28780, 0)                                       = 7978
7978 [0x7fc03d30cefa] SYS_set_robust_list(0x7fc03ec28a60, 24, 0x7fc03ec28780, 0)                                                   = 0
7978 [0x7fc03d316cf5] SYS_rt_sigaction(32, 0x7fff9589d4d8, 0, 8)                                                                   = 0
7978 [0x7fc03d316cf5] SYS_rt_sigaction(33, 0x7fff9589d4d8, 0, 8)                                                                   = 0
7978 [0x7fc03d30cfd6] SYS_rt_sigprocmask(1, 0x7fff9589d628, 0, 8)                                                                  = 0
7978 [0x7fc03e0c3b17] SYS_getrlimit(3, 0x7fff9589d6c0, 63, 1)                                                                      = 0
7978 [0x7fc03d30cb95] SYS_futex(0x7fc03d7eb7e0, 129, 0x7fffffff, 0)                                                                = 0
7978 [0x4008fd] ledctrl->Lookup_Nas_Info(_T_NAS_PROP_&)(0x7fff9589d5d0, 0x7fff9589db94, 0, 0x7fff9589db93 <unfinished ...>
7978 [0x7fc03e7cad11]   libnasman.so->Open_Share_Memory(char const*, int, void*&, int&)(0x7fc03e80f08e, 0, 0x7fff9589d590, 0x7fff9589d59c <unfinished ...>
7978 [0x7fc03e0be557]     SYS_statfs(0x7fc03d3191e8, 0x7fff9589d330, 0x7fc03d522310, 1)                                            = 0
7978 [0x7fc03d30cb95]     SYS_futex(0x7fc03d522310, 129, 0x7fffffff, 0)                                                            = 0
7978 [0x7fc03e0be7e0]     SYS_open(0x7fff9589d440, 0xa0000, 484, 1)                                                                = 3
7978 [0x7fc03e0be3b4]     SYS_fstat(3, 0x7fff9589d4d0, 0x7fff9589d4d0, 1)                                                          = 0
7978 [0x7fc03e0c772a]     SYS_mmap(0, 0x2788, 1, 1)                                                                                = 0x7fc03ec3c000
7978 [0x7fc03e0bf070]     SYS_close(3, 0x2788, 1, 1)                                                                               = 0
7978 [0x7fc03e7cad11]   <... Open_Share_Memory(char const*, int, void*&, int&) resumed> )                                          = 0
7978 [0x7fc03e7cad4d]   libnasman.so->Open_Share_Memory(char const*, int, void*&, int&)(0x7fc03e80f0a7, 0, 0x7fff9589d590, 0x7fff9589d59c <unfinished ...>
7978 [0x7fc03e0be7e0]     SYS_open(0x7fff9589d440, 0xa0000, 484, 1)                                                                = 3
7978 [0x7fc03e0be3b4]     SYS_fstat(3, 0x7fff9589d4d0, 0x7fff9589d4d0, 1)                                                          = 0
7978 [0x7fc03e0c772a]     SYS_mmap(0, 3536, 1, 1)                                                                                  = 0x7fc03ec3b000
7978 [0x7fc03e0bf070]     SYS_close(3, 3536, 1, 1)                                                                                 = 0
7978 [0x7fc03e7cad4d]   <... Open_Share_Memory(char const*, int, void*&, int&) resumed> )                                          = 0
7978 [0x7fc03e7cad7f]   libnasman.so->Open_Share_Memory(char const*, int, void*&, int&)(0x7fc03e80f0b5, 0, 0x7fff9589d590, 0x7fff9589d59c <unfinished ...>
7978 [0x7fc03e0be7e0]     SYS_open(0x7fff9589d440, 0xa0000, 484, 1)                                                                = 3
7978 [0x7fc03e0be3b4]     SYS_fstat(3, 0x7fff9589d4d0, 0x7fff9589d4d0, 1)                                                          = 0
7978 [0x7fc03e0c772a]     SYS_mmap(0, 4080, 1, 1)                                                                                  = 0x7fc03ec3a000
7978 [0x7fc03e0bf070]     SYS_close(3, 4080, 1, 1)                                                                                 = 0
7978 [0x7fc03e7cad7f]   <... Open_Share_Memory(char const*, int, void*&, int&) resumed> )                                          = 0
7978 [0x4008fd] <... Lookup_Nas_Info(_T_NAS_PROP_&) resumed> )                                                                     = 0
7978 [0x400934] ledctrl->Hal_Led_Set_Hdd_Mode(1, 7, 3, 0 <unfinished ...>
7978 [0x7fc03e387f15]   libnhal.so->Hal_Lookup_Hardware_Info(0x7fff9589d4c0, 7, 3, 0 <unfinished ...>
7978 [0x7fc03e0be7e0]     SYS_open(0x7fff9589d3c0, 0xa0002, 484, 1)                                                                = 3
7978 [0x7fc03e0c772a]     SYS_mmap(0, 220, 3, 1)                                                                                   = 0x7fc03ec39000
7978 [0x7fc03e0bf070]     SYS_close(3, 220, 3, 1)                                                                                  = 0
7978 [0x7fc03e3867f0]     libnhal.so->Hw_Semaphore_Init(0x7fff9589d470, 0x7fc03e389287, 1, -1 <unfinished ...>
7978 [0x7fc03e0be405]       SYS_lstat(0x7fff9589d320, 0x7fff9589d230, 0x7fff9589d230, 0)                                           = -2
7978 [0x7fc03d316510]       SYS_open(0x7fff9589d320, 194, 600, 0)                                                                  = 3
7978 [0x7fc03d315da0]       SYS_write(3, 0x7fff9589d3a0, 32, 0)                                                                    = 32
7978 [0x7fc03e0c772a]       SYS_mmap(0, 32, 3, 1)                                                                                  = 0x7fc03ec38000
7978 [0x7fc03e0c01a7]       SYS_link(0x7fff9589d320, 0x7fff9589d350, 3, 1)                                                         = -17
7978 [0x7fc03e0c7757]       SYS_munmap(0x7fc03ec38000, 32, 3, 1)                                                                   = 0
7978 [0x7fc03e0c02c7]       SYS_unlink(0x7fff9589d320, 32, 3, 1)                                                                   = 0
7978 [0x7fc03d315e60]       SYS_close(3, 32, 3, 1)                                                                                 = 0
7978 [0x7fc03d316510]       SYS_open(0x7fff9589d350, 0x20002, 18, 1)                                                               = 3
7978 [0x7fc03e0be3b4]       SYS_fstat(3, 0x7fff9589d280, 0x7fff9589d280, 1)                                                        = 0
7978 [0x7fc03e0c3f5a]       SYS_brk(0, 0x7fc03e37b640, 0, -4096)                                                                   = 0xa5e000
7978 [0x7fc03e0c3f5a]       SYS_brk(0xa7f000, 0xa5e000, 0xa7f000, -4096)                                                           = 0xa7f000
7978 [0x7fc03e0c772a]       SYS_mmap(0, 32, 3, 1)                                                                                  = 0x7fc03ec38000
7978 [0x7fc03d315e60]       SYS_close(3, 32, 0, 3)                                                                                 = 0
7978 [0x7fc03e3867f0]     <... Hw_Semaphore_Init resumed> )                                                                        = 17
7978 [0x7fc03e386800]     libnhal.so->Hw_Semaphore_Lock(0x7fff9589d470, 32, 0x7fc03ec38000, -1)                                    = 0
7978 [0x7fc03e386918]     libnhal.so->Hw_Semaphore_Unlock(0x7fff9589d470, 2, 0x7fc03ec39000, 0)                                    = 0
7978 [0x7fc03e386924]     libnhal.so->Hw_Semaphore_Release(0x7fff9589d470, 128, 0, 0 <unfinished ...>
7978 [0x7fc03e0c7757]       SYS_munmap(0x7fc03ec38000, 32, 0, 1)                                                                   = 0
7978 [0x7fc03e386924]     <... Hw_Semaphore_Release resumed> )                                                                     = 0
7978 [0x7fc03e387f15]   <... Hal_Lookup_Hardware_Info resumed> )                                                                   = 0
7978 [0x7fc03e3880e3]   libnhal.so->Mv9125_Set_Led_Mode(0, 1, 0, 3 <unfinished ...>
7978 [0x7fc03c6d9937]     libgeneraldrv.so->PCI_Conf_Read(1, 0, 0, 36 <unfinished ...>
7978 [0x7fc03c6d6823]       libgeneraldrv.so->Hw_Semaphore_Init(0x7fff9589d3b0, 0x7fc03c6da000, 1, 0 <unfinished ...>
7978 [0x7fc03e0be405]         SYS_lstat(0x7fff9589d260, 0x7fff9589d170, 0x7fff9589d170, 0)                                         = -2
7978 [0x7fc03d316510]         SYS_open(0x7fff9589d260, 194, 600, 0)                                                                = 3
7978 [0x7fc03d315da0]         SYS_write(3, 0x7fff9589d2e0, 32, 0)                                                                  = 32
7978 [0x7fc03e0c772a]         SYS_mmap(0, 32, 3, 1)                                                                                = 0x7fc03ec38000
7978 [0x7fc03e0c01a7]         SYS_link(0x7fff9589d260, 0x7fff9589d290, 3, 1)                                                       = -17
7978 [0x7fc03e0c7757]         SYS_munmap(0x7fc03ec38000, 32, 3, 1)                                                                 = 0
7978 [0x7fc03e0c02c7]         SYS_unlink(0x7fff9589d260, 32, 3, 1)                                                                 = 0
7978 [0x7fc03d315e60]         SYS_close(3, 32, 3, 1)                                                                               = 0
7978 [0x7fc03d316510]         SYS_open(0x7fff9589d290, 0x20002, 17, 1)                                                             = 3
7978 [0x7fc03e0be3b4]         SYS_fstat(3, 0x7fff9589d1c0, 0x7fff9589d1c0, 1)                                                      = 0
7978 [0x7fc03e0c772a]         SYS_mmap(0, 32, 3, 1)                                                                                = 0x7fc03ec38000
7978 [0x7fc03d315e60]         SYS_close(3, 32, 0, 1)                                                                               = 0
7978 [0x7fc03c6d6823]       <... Hw_Semaphore_Init resumed> )                                                                      = 17
7978 [0x7fc03c6d6833]       libgeneraldrv.so->Hw_Semaphore_Lock(0x7fff9589d3b0, 32, 0x7fc03ec38000, -1)                            = 0
7978 [0x7fc03e0cb6b7]       SYS_ioperm(3320, 4, 1, 1)                                                                              = 0
7978 [0x7fc03e0cb6b7]       SYS_ioperm(3320, 4, 0, 1)                                                                              = 0
7978 [0x7fc03e0cb6b7]       SYS_ioperm(235, 1, 1, 1)                                                                               = 0
7978 [0x7fc03e0cb6b7]       SYS_ioperm(235, 1, 0, 1)                                                                               = 0
7978 [0x7fc03e0cb6b7]       SYS_ioperm(3324, 4, 1, 1)                                                                              = 0
7978 [0x7fc03e0cb6b7]       SYS_ioperm(3324, 4, 0, 1)                                                                              = 0
7978 [0x7fc03e0cb6b7]       SYS_ioperm(235, 1, 1, 1)                                                                               = 0
7978 [0x7fc03e0cb6b7]       SYS_ioperm(235, 1, 0, 1)                                                                               = 0
7978 [0x7fc03e0cb6b7]       SYS_ioperm(3320, 4, 1, 1)                                                                              = 0
7978 [0x7fc03e0cb6b7]       SYS_ioperm(3320, 4, 0, 1)                                                                              = 0
7978 [0x7fc03e0cb6b7]       SYS_ioperm(235, 1, 1, 1)                                                                               = 0
7978 [0x7fc03e0cb6b7]       SYS_ioperm(235, 1, 0, 1)                                                                               = 0
7978 [0x7fc03c6d697f]       libgeneraldrv.so->Hw_Semaphore_Unlock(0x7fff9589d3b0, 1, 0, -1)                                        = 0
7978 [0x7fc03c6d698b]       libgeneraldrv.so->Hw_Semaphore_Release(0x7fff9589d3b0, 128, 0, 0 <unfinished ...>
7978 [0x7fc03e0c7757]         SYS_munmap(0x7fc03ec38000, 32, 0, 1)                                                                 = 0
7978 [0x7fc03c6d698b]       <... Hw_Semaphore_Release resumed> )                                                                   = 0
7978 [0x7fc03c6d9937]     <... PCI_Conf_Read resumed> )                                                                            = 0
7978 [0x7fc03c6d9959]     libgeneraldrv.so->Hw_Semaphore_Init(0x7fff9589d420, 0x7fc03c6da38c, 1, 0x7fc03e37b658 <unfinished ...>
7978 [0x7fc03e0be405]       SYS_lstat(0x7fff9589d2d0, 0x7fff9589d1e0, 0x7fff9589d1e0, 0)                                           = -2
7978 [0x7fc03d316510]       SYS_open(0x7fff9589d2d0, 194, 600, 0)                                                                  = 3
7978 [0x7fc03d315da0]       SYS_write(3, 0x7fff9589d350, 32, 0)                                                                    = 32
7978 [0x7fc03e0c772a]       SYS_mmap(0, 32, 3, 1)                                                                                  = 0x7fc03ec38000
7978 [0x7fc03e0c01a7]       SYS_link(0x7fff9589d2d0, 0x7fff9589d300, 3, 1)                                                         = -17
7978 [0x7fc03e0c7757]       SYS_munmap(0x7fc03ec38000, 32, 3, 1)                                                                   = 0
7978 [0x7fc03e0c02c7]       SYS_unlink(0x7fff9589d2d0, 32, 3, 1)                                                                   = 0
7978 [0x7fc03d315e60]       SYS_close(3, 32, 3, 1)                                                                                 = 0
7978 [0x7fc03d316510]       SYS_open(0x7fff9589d300, 0x20002, 20, 1)                                                               = 3
7978 [0x7fc03e0be3b4]       SYS_fstat(3, 0x7fff9589d230, 0x7fff9589d230, 1)                                                        = 0
7978 [0x7fc03e0c772a]       SYS_mmap(0, 32, 3, 1)                                                                                  = 0x7fc03ec38000
7978 [0x7fc03d315e60]       SYS_close(3, 32, 0, 1)                                                                                 = 0
7978 [0x7fc03c6d9959]     <... Hw_Semaphore_Init resumed> )                                                                        = 17
7978 [0x7fc03c6d9969]     libgeneraldrv.so->Hw_Semaphore_Lock(0x7fff9589d420, 32, 0x7fc03ec38000, -1)                              = 0
7978 [0x7fc03e0be7e0]     SYS_open(0x7fc03c6da3a1, 2, 1, 1)                                                                        = 3
7978 [0x7fc03e0c772a]     SYS_mmap(0, 60, 3, 1)                                                                                    = 0x7fc03ec37000
7978 [0x7fc03e09b060]     SYS_nanosleep(0x7fff9589d400, 0, 0, 1)                                                                   = 0
7978 [0x7fc03e09b060]     SYS_nanosleep(0x7fff9589d400, 0, 0, 1)                                                                   = 0
7978 [0x7fc03e0c7757]     SYS_munmap(0x7fc03ec37000, 60, 0, 1)                                                                     = 0
7978 [0x7fc03e0bf070]     SYS_close(3, 60, 0, 1)                                                                                   = 0
7978 [0x7fc03e09b060]     SYS_nanosleep(0x7fff9589d400, 0, 0, 1)                                                                   = 0
7978 [0x7fc03c6d9a1c]     libgeneraldrv.so->Hw_Semaphore_Unlock(0x7fff9589d420, 0, 0, -1)                                          = 0
7978 [0x7fc03c6d9a28]     libgeneraldrv.so->Hw_Semaphore_Release(0x7fff9589d420, 128, 0, 0 <unfinished ...>
7978 [0x7fc03e0c7757]       SYS_munmap(0x7fc03ec38000, 32, 0, 1)                                                                   = 0
7978 [0x7fc03c6d9a28]     <... Hw_Semaphore_Release resumed> )                                                                     = 0
7978 [0x7fc03c6d9acf]     libgeneraldrv.so->PCI_Conf_Read(1, 0, 0, 36 <unfinished ...>
7978 [0x7fc03c6d6823]       libgeneraldrv.so->Hw_Semaphore_Init(0x7fff9589d3c0, 0x7fc03c6da000, 1, 0 <unfinished ...>
7978 [0x7fc03e0be405]         SYS_lstat(0x7fff9589d270, 0x7fff9589d180, 0x7fff9589d180, 0)                                         = -2
7978 [0x7fc03d316510]         SYS_open(0x7fff9589d270, 194, 600, 0)                                                                = 3
7978 [0x7fc03d315da0]         SYS_write(3, 0x7fff9589d2f0, 32, 0)                                                                  = 32
7978 [0x7fc03e0c772a]         SYS_mmap(0, 32, 3, 1)                                                                                = 0x7fc03ec38000
7978 [0x7fc03e0c01a7]         SYS_link(0x7fff9589d270, 0x7fff9589d2a0, 3, 1)                                                       = -17
7978 [0x7fc03e0c7757]         SYS_munmap(0x7fc03ec38000, 32, 3, 1)                                                                 = 0
7978 [0x7fc03e0c02c7]         SYS_unlink(0x7fff9589d270, 32, 3, 1)                                                                 = 0
7978 [0x7fc03d315e60]         SYS_close(3, 32, 3, 1)                                                                               = 0
7978 [0x7fc03d316510]         SYS_open(0x7fff9589d2a0, 0x20002, 17, 1)                                                             = 3
7978 [0x7fc03e0be3b4]         SYS_fstat(3, 0x7fff9589d1d0, 0x7fff9589d1d0, 1)                                                      = 0
7978 [0x7fc03e0c772a]         SYS_mmap(0, 32, 3, 1)                                                                                = 0x7fc03ec38000
7978 [0x7fc03d315e60]         SYS_close(3, 32, 0, 1)                                                                               = 0
7978 [0x7fc03c6d6823]       <... Hw_Semaphore_Init resumed> )                                                                      = 17
7978 [0x7fc03c6d6833]       libgeneraldrv.so->Hw_Semaphore_Lock(0x7fff9589d3c0, 32, 0x7fc03ec38000, -1)                            = 0
7978 [0x7fc03e0cb6b7]       SYS_ioperm(3320, 4, 1, 1)                                                                              = 0
7978 [0x7fc03e0cb6b7]       SYS_ioperm(3320, 4, 0, 1)                                                                              = 0
7978 [0x7fc03e0cb6b7]       SYS_ioperm(235, 1, 1, 1)                                                                               = 0
7978 [0x7fc03e0cb6b7]       SYS_ioperm(235, 1, 0, 1)                                                                               = 0
7978 [0x7fc03e0cb6b7]       SYS_ioperm(3324, 4, 1, 1)                                                                              = 0
7978 [0x7fc03e0cb6b7]       SYS_ioperm(3324, 4, 0, 1)                                                                              = 0
7978 [0x7fc03e0cb6b7]       SYS_ioperm(235, 1, 1, 1)                                                                               = 0
7978 [0x7fc03e0cb6b7]       SYS_ioperm(235, 1, 0, 1)                                                                               = 0
7978 [0x7fc03e0cb6b7]       SYS_ioperm(3320, 4, 1, 1)                                                                              = 0
7978 [0x7fc03e0cb6b7]       SYS_ioperm(3320, 4, 0, 1)                                                                              = 0
7978 [0x7fc03e0cb6b7]       SYS_ioperm(235, 1, 1, 1)                                                                               = 0
7978 [0x7fc03e0cb6b7]       SYS_ioperm(235, 1, 0, 1)                                                                               = 0
7978 [0x7fc03c6d697f]       libgeneraldrv.so->Hw_Semaphore_Unlock(0x7fff9589d3c0, 1, 0, -1)                                        = 0
7978 [0x7fc03c6d698b]       libgeneraldrv.so->Hw_Semaphore_Release(0x7fff9589d3c0, 128, 0, 0 <unfinished ...>
7978 [0x7fc03e0c7757]         SYS_munmap(0x7fc03ec38000, 32, 0, 1)                                                                 = 0
7978 [0x7fc03c6d698b]       <... Hw_Semaphore_Release resumed> )                                                                   = 0
7978 [0x7fc03c6d9acf]     <... PCI_Conf_Read resumed> )                                                                            = 0
7978 [0x7fc03c6d9af1]     libgeneraldrv.so->Hw_Semaphore_Init(0x7fff9589d430, 0x7fc03c6da38c, 1, 0x7fc03e37b658 <unfinished ...>
7978 [0x7fc03e0be405]       SYS_lstat(0x7fff9589d2e0, 0x7fff9589d1f0, 0x7fff9589d1f0, 0)                                           = -2
7978 [0x7fc03d316510]       SYS_open(0x7fff9589d2e0, 194, 600, 0)                                                                  = 3
7978 [0x7fc03d315da0]       SYS_write(3, 0x7fff9589d360, 32, 0)                                                                    = 32
7978 [0x7fc03e0c772a]       SYS_mmap(0, 32, 3, 1)                                                                                  = 0x7fc03ec38000
7978 [0x7fc03e0c01a7]       SYS_link(0x7fff9589d2e0, 0x7fff9589d310, 3, 1)                                                         = -17
7978 [0x7fc03e0c7757]       SYS_munmap(0x7fc03ec38000, 32, 3, 1)                                                                   = 0
7978 [0x7fc03e0c02c7]       SYS_unlink(0x7fff9589d2e0, 32, 3, 1)                                                                   = 0
7978 [0x7fc03d315e60]       SYS_close(3, 32, 3, 1)                                                                                 = 0
7978 [0x7fc03d316510]       SYS_open(0x7fff9589d310, 0x20002, 20, 1)                                                               = 3
7978 [0x7fc03e0be3b4]       SYS_fstat(3, 0x7fff9589d240, 0x7fff9589d240, 1)                                                        = 0
7978 [0x7fc03e0c772a]       SYS_mmap(0, 32, 3, 1)                                                                                  = 0x7fc03ec38000
7978 [0x7fc03d315e60]       SYS_close(3, 32, 0, 1)                                                                                 = 0
7978 [0x7fc03c6d9af1]     <... Hw_Semaphore_Init resumed> )                                                                        = 17
7978 [0x7fc03c6d9b01]     libgeneraldrv.so->Hw_Semaphore_Lock(0x7fff9589d430, 32, 0x7fc03ec38000, -1)                              = 0
7978 [0x7fc03e0be7e0]     SYS_open(0x7fc03c6da3a1, 2, 1, 1)                                                                        = 3
7978 [0x7fc03e0c772a]     SYS_mmap(0, 60, 3, 1)                                                                                    = 0x7fc03ec37000
7978 [0x7fc03e09b060]     SYS_nanosleep(0x7fff9589d410, 0, 0, 1)                                                                   = 0
7978 [0x7fc03e09b060]     SYS_nanosleep(0x7fff9589d410, 0, 0, 1)                                                                   = 0
7978 [0x7fc03e0c7757]     SYS_munmap(0x7fc03ec37000, 60, 0, 1)                                                                     = 0
7978 [0x7fc03e0bf070]     SYS_close(3, 60, 0, 1)                                                                                   = 0
7978 [0x7fc03e09b060]     SYS_nanosleep(0x7fff9589d410, 0, 0, 1)                                                                   = 0
7978 [0x7fc03c6d9ba6]     libgeneraldrv.so->Hw_Semaphore_Unlock(0x7fff9589d430, 0, 0, -1)                                          = 0
7978 [0x7fc03c6d9bb2]     libgeneraldrv.so->Hw_Semaphore_Release(0x7fff9589d430, 128, 0, 0 <unfinished ...>
7978 [0x7fc03e0c7757]       SYS_munmap(0x7fc03ec38000, 32, 0, 1)                                                                   = 0
7978 [0x7fc03c6d9bb2]     <... Hw_Semaphore_Release resumed> )                                                                     = 0
7978 [0x7fc03e3880e3]   <... Mv9125_Set_Led_Mode resumed> )                                                                        = 0
7978 [0x400934] <... Hal_Led_Set_Hdd_Mode resumed> )                                                                               = 0
7978 [0x7fc03e7caf15] libnasman.so->Close_Share_Memory(char const*, void*)(0x7fc03e80f08e, 0x7fc03ec3c000, 0xa35fb5818fd35207, 4 <unfinished ...>
7978 [0x7fc03e7cab6e]   libnasman.so->Get_File_Size(char const*, long*)(0x7fff9589d330, 0x7fff9589d458, 0x7fff9589d345, 0 <unfinished ...>
7978 [0x7fc03e0be365]     SYS_stat(0x7fff9589d330, 0x7fff9589d290, 0x7fff9589d290, 1)                                              = 0
7978 [0x7fc03e7cab6e]   <... Get_File_Size(char const*, long*) resumed> )                                                          = 0
7978 [0x7fc03e0c7757]   SYS_munmap(0x7fc03ec3c000, 0x2788, 0x7fff9589d290, 1)                                                      = 0
7978 [0x7fc03e7caf15] <... Close_Share_Memory(char const*, void*) resumed> )                                                       = 0
7978 [0x7fc03e7caf37] libnasman.so->Close_Share_Memory(char const*, void*)(0x7fc03e80f0a7, 0x7fc03ec3b000, 0, -1 <unfinished ...>
7978 [0x7fc03e7cab6e]   libnasman.so->Get_File_Size(char const*, long*)(0x7fff9589d330, 0x7fff9589d458, 0x7fff9589d346, 0 <unfinished ...>
7978 [0x7fc03e0be365]     SYS_stat(0x7fff9589d330, 0x7fff9589d290, 0x7fff9589d290, 1)                                              = 0
7978 [0x7fc03e7cab6e]   <... Get_File_Size(char const*, long*) resumed> )                                                          = 0
7978 [0x7fc03e0c7757]   SYS_munmap(0x7fc03ec3b000, 3536, 0x7fff9589d290, 1)                                                        = 0
7978 [0x7fc03e7caf37] <... Close_Share_Memory(char const*, void*) resumed> )                                                       = 0
7978 [0x7fc03e7caf59] libnasman.so->Close_Share_Memory(char const*, void*)(0x7fc03e80f0b5, 0x7fc03ec3a000, 0, -1 <unfinished ...>
7978 [0x7fc03e7cab6e]   libnasman.so->Get_File_Size(char const*, long*)(0x7fff9589d330, 0x7fff9589d458, 0x7fff9589d346, 0 <unfinished ...>
7978 [0x7fc03e0be365]     SYS_stat(0x7fff9589d330, 0x7fff9589d290, 0x7fff9589d290, 1)                                              = 0
7978 [0x7fc03e7cab6e]   <... Get_File_Size(char const*, long*) resumed> )                                                          = 0
7978 [0x7fc03e0c7757]   SYS_munmap(0x7fc03ec3a000, 4080, 0x7fff9589d290, 1)                                                        = 0
7978 [0x7fc03e7caf59] <... Close_Share_Memory(char const*, void*) resumed> )                                                       = 0
7978 [0x7fc03e018932] libgeneral.so->Trace_Mem_Destroy()(0x7fc03dd30d40, 0, 0xa35fb22fb4135207, 16)                                = 0
7978 [0x7fc03e09b468] SYS_exit_group(0, 60, 0, 0x7fc03e37ea48 <no return ...>
7978 [0xffffffffffffffff] +++ exited (status 0) +++
