8033 [0x7f0cb0b6c8aa] SYS_brk(0, 0x7f0cb0b6ffa0, 0, 895)                                                                           = 0xede000
8033 [0x7f0cb0b6d7e7] SYS_readlink(0x7fffb6b1fb77, 0x7fffb6b1de70, 4096, 0x756e694c00000000)                                       = -2
8033 [0x7f0cb0b6d677] SYS_open(0x7f0cb0b711f3, 0, 0, 0x756e694c00000000)                                                           = 3
8033 [0x7f0cb0b6d7a7] SYS_chdir(0x7f0cb0d78ba8, 0, 0, 0x756e694c00000000)                                                          = -2
8033 [0x7f0cb0b6c9d2] SYS_getcwd(0x7fffb6b1de70, 4096, 0, 0x756e694c00000000)                                                      = 23
8033 [0x7f0cb0b6d7c7] SYS_fchdir(3, 4096, 0, 0x756e694c00000000)                                                                   = 0
8033 [0x7f0cb0b6d787] SYS_close(3, 4096, 0, 0x756e694c00000000)                                                                    = 0
8033 [0x7f0cb0b6d80a] SYS_mmap(0, 4096, 3, 34)                                                                                     = 0x7f0cb0d75000
8033 [0x7f0cb0b6d6d7] SYS_access(0x7f0cb0b73700, 4, 0x7f0cb0d78718, 0)                                                             = -2
8033 [0x7f0cb0b6d677] SYS_open(0x7f0cb0b71072, 0x80000, 1, 0)                                                                      = 3
8033 [0x7f0cb0b6d604] SYS_fstat(3, 0x7fffb6b1d650, 0x7fffb6b1d650, 0)                                                              = 0
8033 [0x7f0cb0b6d80a] SYS_mmap(0, 0x83b3, 1, 2)                                                                                    = 0x7f0cb0d6c000
8033 [0x7f0cb0b6d787] SYS_close(3, 0x83b3, 1, 2)                                                                                   = 0
8033 [0x7f0cb0b6d677] SYS_open(0x7f0cb0d75640, 0x80000, 0, 56)                                                                     = 3
8033 [0x7f0cb0b6d697] SYS_read(3, 0x7fffb6b1d7d8, 832, 56)                                                                         = 832
8033 [0x7f0cb0b6d604] SYS_fstat(3, 0x7fffb6b1d6b0, 0x7fffb6b1d6b0, 16)                                                             = 0
8033 [0x7f0cb0b6d80a] SYS_mmap(0, 0x278960, 5, 2050)                                                                               = 0x7f0cb08dd000
8033 [0x7f0cb0b6d857] SYS_mprotect(0x7f0cb0953000, 0x200000, 0, 2050)                                                              = 0
8033 [0x7f0cb0b6d80a] SYS_mmap(0x7f0cb0b53000, 0x3000, 3, 2066)                                                                    = 0x7f0cb0b53000
8033 [0x7f0cb0b6d787] SYS_close(3, 16, 0x7f0cb0b533e0, 0x6ffffdff)                                                                 = 0
8033 [0x7f0cb0b6d677] SYS_open(0x7f0cb0d75b10, 0x80000, 0, 0x6ffffdff)                                                             = 3
8033 [0x7f0cb0b6d697] SYS_read(3, 0x7fffb6b1d7a8, 832, 0x6ffffdff)                                                                 = 832
8033 [0x7f0cb0b6d604] SYS_fstat(3, 0x7fffb6b1d680, 0x7fffb6b1d680, 16)                                                             = 0
8033 [0x7f0cb0b6d80a] SYS_mmap(0, 0x21bee0, 5, 2050)                                                                               = 0x7f0cb06c1000
8033 [0x7f0cb0b6d857] SYS_mprotect(0x7f0cb06dc000, 0x200000, 0, 2050)                                                              = 0
8033 [0x7f0cb0b6d80a] SYS_mmap(0x7f0cb08dc000, 4096, 3, 2066)                                                                      = 0x7f0cb08dc000
8033 [0x7f0cb0b6d787] SYS_close(3, 16, 0x7f0cb08dc208, 0x6ffffdff)                                                                 = 0
8033 [0x7f0cb0b6d677] SYS_open(0x7f0cb0d75fe0, 0x80000, 0, 0x6ffffdff)                                                             = 3
8033 [0x7f0cb0b6d697] SYS_read(3, 0x7fffb6b1d778, 832, 0x6ffffdff)                                                                 = 832
8033 [0x7f0cb0b6d604] SYS_fstat(3, 0x7fffb6b1d650, 0x7fffb6b1d650, 16)                                                             = 0
8033 [0x7f0cb0b6d80a] SYS_mmap(0, 4096, 3, 34)                                                                                     = 0x7f0cb0d6b000
8033 [0x7f0cb0b6d80a] SYS_mmap(0, 0x209ad0, 5, 2050)                                                                               = 0x7f0cb04b7000
8033 [0x7f0cb0b6d857] SYS_mprotect(0x7f0cb04c1000, 0x1ff000, 0, 2050)                                                              = 0
8033 [0x7f0cb0b6d80a] SYS_mmap(0x7f0cb06c0000, 4096, 3, 2066)                                                                      = 0x7f0cb06c0000
8033 [0x7f0cb0b6d787] SYS_close(3, 16, 0x7f0cb06c0690, 0x6ffffdff)                                                                 = 0
8033 [0x7f0cb0b6d677] SYS_open(0x7f0cb0d6b4b8, 0x80000, 0, 0x6ffffdff)                                                             = 3
8033 [0x7f0cb0b6d697] SYS_read(3, 0x7fffb6b1d748, 832, 0x6ffffdff)                                                                 = 832
8033 [0x7f0cb0b6d604] SYS_fstat(3, 0x7fffb6b1d620, 0x7fffb6b1d620, 32)                                                             = 0
8033 [0x7f0cb0b6d80a] SYS_mmap(0, 0x39dc40, 5, 2050)                                                                               = 0x7f0cb0119000
8033 [0x7f0cb0b6d857] SYS_mprotect(0x7f0cb02ad000, 0x200000, 0, 2050)                                                              = 0
8033 [0x7f0cb0b6d80a] SYS_mmap(0x7f0cb04ad000, 0x6000, 3, 2066)                                                                    = 0x7f0cb04ad000
8033 [0x7f0cb0b6d80a] SYS_mmap(0x7f0cb04b3000, 0x3c40, 3, 50)                                                                      = 0x7f0cb04b3000
8033 [0x7f0cb0b6d787] SYS_close(3, 16, 0, 0x6ffffdff)                                                                              = 0
8033 [0x7f0cb0b6d677] SYS_open(0x7f0cb0d6b988, 0x80000, 0, 0x6ffffdff)                                                             = 3
8033 [0x7f0cb0b6d697] SYS_read(3, 0x7fffb6b1d5f8, 832, 0x6ffffdff)                                                                 = 832
8033 [0x7f0cb0b6d604] SYS_fstat(3, 0x7fffb6b1d4d0, 0x7fffb6b1d4d0, 16)                                                             = 0
8033 [0x7f0cb0b6d80a] SYS_mmap(0, 0x2b09d0, 5, 2050)                                                                               = 0x7f0cafe68000
8033 [0x7f0cb0b6d857] SYS_mprotect(0x7f0caff17000, 0x1ff000, 0, 2050)                                                              = 0
8033 [0x7f0cb0b6d80a] SYS_mmap(0x7f0cb0116000, 0x3000, 3, 2066)                                                                    = 0x7f0cb0116000
8033 [0x7f0cb0b6d787] SYS_close(3, 16, 0x7f0cb01169a8, 0x6ffffdff)                                                                 = 0
8033 [0x7f0cb0b6d677] SYS_open(0x7f0cb0d6be58, 0x80000, 0, 0x6ffffdff)                                                             = 3
8033 [0x7f0cb0b6d697] SYS_read(3, 0x7fffb6b1d5c8, 832, 0x6ffffdff)                                                                 = 832
8033 [0x7f0cb0b6d604] SYS_fstat(3, 0x7fffb6b1d4a0, 0x7fffb6b1d4a0, 16)                                                             = 0
8033 [0x7f0cb0b6d80a] SYS_mmap(0, 4096, 3, 34)                                                                                     = 0x7f0cb0d6a000
8033 [0x7f0cb0b6d80a] SYS_mmap(0, 0x294ee0, 5, 2050)                                                                               = 0x7f0cafbd3000
8033 [0x7f0cb0b6d857] SYS_mprotect(0x7f0cafc65000, 0x1ff000, 0, 2050)                                                              = 0
8033 [0x7f0cb0b6d80a] SYS_mmap(0x7f0cafe64000, 0x3000, 3, 2066)                                                                    = 0x7f0cafe64000
8033 [0x7f0cb0b6d80a] SYS_mmap(0x7f0cafe67000, 3808, 3, 50)                                                                        = 0x7f0cafe67000
8033 [0x7f0cb0b6d787] SYS_close(3, 16, 0x7f0cafe64e30, 0x6ffffdff)                                                                 = 0
8033 [0x7f0cb0b6d677] SYS_open(0x7f0cb0d6a4b8, 0x80000, 0, 0x6ffffdff)                                                             = 3
8033 [0x7f0cb0b6d697] SYS_read(3, 0x7fffb6b1d598, 832, 0x6ffffdff)                                                                 = 832
8033 [0x7f0cb0b6d604] SYS_fstat(3, 0x7fffb6b1d470, 0x7fffb6b1d470, 16)                                                             = 0
8033 [0x7f0cb0b6d80a] SYS_mmap(0, 0x29d850, 5, 2050)                                                                               = 0x7f0caf935000
8033 [0x7f0cb0b6d857] SYS_mprotect(0x7f0caf9ce000, 0x200000, 0, 2050)                                                              = 0
8033 [0x7f0cb0b6d80a] SYS_mmap(0x7f0cafbce000, 0x3000, 3, 2066)                                                                    = 0x7f0cafbce000
8033 [0x7f0cb0b6d80a] SYS_mmap(0x7f0cafbd1000, 6224, 3, 50)                                                                        = 0x7f0cafbd1000
8033 [0x7f0cb0b6d787] SYS_close(3, 16, 0x7f0cafbcfcc8, 0x6ffffdff)                                                                 = 0
8033 [0x7f0cb0b6d677] SYS_open(0x7f0cb0d6a9a0, 0x80000, 0, 0x6ffffdff)                                                             = 3
8033 [0x7f0cb0b6d697] SYS_read(3, 0x7fffb6b1d568, 832, 0x6ffffdff)                                                                 = 832
8033 [0x7f0cb0b6d604] SYS_fstat(3, 0x7fffb6b1d440, 0x7fffb6b1d440, 16)                                                             = 0
8033 [0x7f0cb0b6d80a] SYS_mmap(0, 0x2dbbb0, 5, 2050)                                                                               = 0x7f0caf659000
8033 [0x7f0cb0b6d857] SYS_mprotect(0x7f0caf717000, 0x200000, 0, 2050)                                                              = 0
8033 [0x7f0cb0b6d80a] SYS_mmap(0x7f0caf917000, 0xa000, 3, 2066)                                                                    = 0x7f0caf917000
8033 [0x7f0cb0b6d80a] SYS_mmap(0x7f0caf921000, 0x13bb0, 3, 50)                                                                     = 0x7f0caf921000
8033 [0x7f0cb0b6d787] SYS_close(3, 16, 0x7f0caf91d4d8, 0x6ffffdff)                                                                 = 0
8033 [0x7f0cb0b6d677] SYS_open(0x7f0cb0d6ae70, 0x80000, 0, 0x6ffffdff)                                                             = 3
8033 [0x7f0cb0b6d697] SYS_read(3, 0x7fffb6b1d538, 832, 0x6ffffdff)                                                                 = 832
8033 [0x7f0cb0b6d604] SYS_fstat(3, 0x7fffb6b1d410, 0x7fffb6b1d410, 32)                                                             = 0
8033 [0x7f0cb0b6d80a] SYS_mmap(0, 4096, 3, 34)                                                                                     = 0x7f0cb0d69000
8033 [0x7f0cb0b6d80a] SYS_mmap(0, 0x21c490, 5, 2050)                                                                               = 0x7f0caf43c000
8033 [0x7f0cb0b6d857] SYS_mprotect(0x7f0caf454000, 0x1ff000, 0, 2050)                                                              = 0
8033 [0x7f0cb0b6d80a] SYS_mmap(0x7f0caf653000, 8192, 3, 2066)                                                                      = 0x7f0caf653000
8033 [0x7f0cb0b6d80a] SYS_mmap(0x7f0caf655000, 0x3490, 3, 50)                                                                      = 0x7f0caf655000
8033 [0x7f0cb0b6d787] SYS_close(3, 16, 0, 0x6ffffdff)                                                                              = 0
8033 [0x7f0cb0b6d677] SYS_open(0x7f0cb0d694b8, 0x80000, 0, 0x6ffffdff)                                                             = 3
8033 [0x7f0cb0b6d697] SYS_read(3, 0x7fffb6b1d508, 832, 0x6ffffdff)                                                                 = 832
8033 [0x7f0cb0b6d604] SYS_fstat(3, 0x7fffb6b1d3e0, 0x7fffb6b1d3e0, 32)                                                             = 0
8033 [0x7f0cb0b6d80a] SYS_mmap(0, 0x207bc0, 5, 2050)                                                                               = 0x7f0caf234000
8033 [0x7f0cb0b6d857] SYS_mprotect(0x7f0caf23b000, 0x1ff000, 0, 2050)                                                              = 0
8033 [0x7f0cb0b6d80a] SYS_mmap(0x7f0caf43a000, 8192, 3, 2066)                                                                      = 0x7f0caf43a000
8033 [0x7f0cb0b6d787] SYS_close(3, 16, 0, 0x6ffffdff)                                                                              = 0
8033 [0x7f0cb0b6d677] SYS_open(0x7f0cb0d69988, 0x80000, 0, 0x6ffffdff)                                                             = 3
8033 [0x7f0cb0b6d697] SYS_read(3, 0x7fffb6b1d4d8, 832, 0x6ffffdff)                                                                 = 832
8033 [0x7f0cb0b6d604] SYS_fstat(3, 0x7fffb6b1d3b0, 0x7fffb6b1d3b0, 16)                                                             = 0
8033 [0x7f0cb0b6d80a] SYS_mmap(0, 0x202e20, 5, 2050)                                                                               = 0x7f0caf031000
8033 [0x7f0cb0b6d857] SYS_mprotect(0x7f0caf034000, 0x1ff000, 0, 2050)                                                              = 0
8033 [0x7f0cb0b6d80a] SYS_mmap(0x7f0caf233000, 4096, 3, 2066)                                                                      = 0x7f0caf233000
8033 [0x7f0cb0b6d787] SYS_close(3, 16, 0x7f0caf233c28, 0x6ffffdff)                                                                 = 0
8033 [0x7f0cb0b6d677] SYS_open(0x7f0cb0d69e58, 0x80000, 0, 0x6ffffdff)                                                             = 3
8033 [0x7f0cb0b6d697] SYS_read(3, 0x7fffb6b1d4a8, 832, 0x6ffffdff)                                                                 = 832
8033 [0x7f0cb0b6d604] SYS_fstat(3, 0x7fffb6b1d380, 0x7fffb6b1d380, 16)                                                             = 0
8033 [0x7f0cb0b6d80a] SYS_mmap(0, 4096, 3, 34)                                                                                     = 0x7f0cb0d68000
8033 [0x7f0cb0b6d80a] SYS_mmap(0, 0x209850, 5, 2050)                                                                               = 0x7f0caee27000
8033 [0x7f0cb0b6d857] SYS_mprotect(0x7f0caee31000, 0x1ff000, 0, 2050)                                                              = 0
8033 [0x7f0cb0b6d80a] SYS_mmap(0x7f0caf030000, 4096, 3, 2066)                                                                      = 0x7f0caf030000
8033 [0x7f0cb0b6d787] SYS_close(3, 16, 0x7f0caf030618, 0x6ffffdff)                                                                 = 0
8033 [0x7f0cb0b6d677] SYS_open(0x7f0cb0d684b8, 0x80000, 0, 0x6ffffdff)                                                             = 3
8033 [0x7f0cb0b6d697] SYS_read(3, 0x7fffb6b1d478, 832, 0x6ffffdff)                                                                 = 832
8033 [0x7f0cb0b6d604] SYS_fstat(3, 0x7fffb6b1d350, 0x7fffb6b1d350, 16)                                                             = 0
8033 [0x7f0cb0b6d80a] SYS_mmap(0, 0x210868, 5, 2050)                                                                               = 0x7f0caec16000
8033 [0x7f0cb0b6d857] SYS_mprotect(0x7f0caec27000, 0x1ff000, 0, 2050)                                                              = 0
8033 [0x7f0cb0b6d80a] SYS_mmap(0x7f0caee26000, 4096, 3, 2066)                                                                      = 0x7f0caee26000
8033 [0x7f0cb0b6d787] SYS_close(3, 16, 0x7f0caee26408, 0x6ffffdff)                                                                 = 0
8033 [0x7f0cb0b6d677] SYS_open(0x7f0cb0d68a40, 0x80000, 0, 0x7f0cb0d699a0)                                                         = 3
8033 [0x7f0cb0b6d697] SYS_read(3, 0x7fffb6b1d318, 832, 0x7f0cb0d699a0)                                                             = 832
8033 [0x7f0cb0b6d604] SYS_fstat(3, 0x7fffb6b1d1f0, 0x7fffb6b1d1f0, 16)                                                             = 0
8033 [0x7f0cb0b6d80a] SYS_mmap(0, 0x2032c8, 5, 2050)                                                                               = 0x7f0caea12000
8033 [0x7f0cb0b6d857] SYS_mprotect(0x7f0caea15000, 0x200000, 0, 2050)                                                              = 0
8033 [0x7f0cb0b6d80a] SYS_mmap(0x7f0caec15000, 4096, 3, 2066)                                                                      = 0x7f0caec15000
8033 [0x7f0cb0b6d787] SYS_close(3, 16, 0x7f0caec15188, 0x6ffffdff)                                                                 = 0
8033 [0x7f0cb0b6d677] SYS_open(0x7f0cb0d68f28, 0x80000, 0, 0x6ffffdff)                                                             = 3
8033 [0x7f0cb0b6d697] SYS_read(3, 0x7fffb6b1d2e8, 832, 0x6ffffdff)                                                                 = 832
8033 [0x7f0cb0b6d604] SYS_fstat(3, 0x7fffb6b1d1c0, 0x7fffb6b1d1c0, 16)                                                             = 0
8033 [0x7f0cb0b6d80a] SYS_mmap(0, 4096, 3, 34)                                                                                     = 0x7f0cb0d67000
8033 [0x7f0cb0b6d80a] SYS_mmap(0, 0x207820, 5, 2050)                                                                               = 0x7f0cae80a000
8033 [0x7f0cb0b6d857] SYS_mprotect(0x7f0cae811000, 0x200000, 0, 2050)                                                              = 0
8033 [0x7f0cb0b6d80a] SYS_mmap(0x7f0caea11000, 4096, 3, 2066)                                                                      = 0x7f0caea11000
8033 [0x7f0cb0b6d787] SYS_close(3, 16, 0x7f0caea11188, 0x6ffffdff)                                                                 = 0
8033 [0x7f0cb0b6d677] SYS_open(0x7f0cb0d674c8, 0x80000, 0, 0x6ffffdff)                                                             = 3
8033 [0x7f0cb0b6d697] SYS_read(3, 0x7fffb6b1d2b8, 832, 0x6ffffdff)                                                                 = 832
8033 [0x7f0cb0b6d604] SYS_fstat(3, 0x7fffb6b1d190, 0x7fffb6b1d190, 16)                                                             = 0
8033 [0x7f0cb0b6d80a] SYS_mmap(0, 0x201f30, 5, 2050)                                                                               = 0x7f0cae608000
8033 [0x7f0cb0b6d857] SYS_mprotect(0x7f0cae60a000, 0x1ff000, 0, 2050)                                                              = 0
8033 [0x7f0cb0b6d80a] SYS_mmap(0x7f0cae809000, 4096, 3, 2066)                                                                      = 0x7f0cae809000
8033 [0x7f0cb0b6d787] SYS_close(3, 16, 0x7f0cae809e18, 0x6ffffdff)                                                                 = 0
8033 [0x7f0cb0b6d677] SYS_open(0x7f0cb0d67a60, 0x80000, 0, 0x7f0cb0d6b4d0)                                                         = 3
8033 [0x7f0cb0b6d697] SYS_read(3, 0x7fffb6b1d288, 832, 0x7f0cb0d6b4d0)                                                             = 832
8033 [0x7f0cb0b6d604] SYS_fstat(3, 0x7fffb6b1d160, 0x7fffb6b1d160, 16)                                                             = 0
8033 [0x7f0cb0b6d80a] SYS_mmap(0, 0x2022e8, 5, 2050)                                                                               = 0x7f0cae405000
8033 [0x7f0cb0b6d857] SYS_mprotect(0x7f0cae407000, 0x200000, 0, 2050)                                                              = 0
8033 [0x7f0cb0b6d80a] SYS_mmap(0x7f0cae607000, 4096, 3, 2066)                                                                      = 0x7f0cae607000
8033 [0x7f0cb0b6d787] SYS_close(3, 16, 0x7f0cae607198, 0x6ffffdff)                                                                 = 0
8033 [0x7f0cb0b6d677] SYS_open(0x7f0cb0d67f40, 0x80000, 0, 0x6ffffdff)                                                             = 3
8033 [0x7f0cb0b6d697] SYS_read(3, 0x7fffb6b1d258, 832, 0x6ffffdff)                                                                 = 832
8033 [0x7f0cb0b6d604] SYS_fstat(3, 0x7fffb6b1d130, 0x7fffb6b1d130, 16)                                                             = 0
8033 [0x7f0cb0b6d80a] SYS_mmap(0, 4096, 3, 34)                                                                                     = 0x7f0cb0d66000
8033 [0x7f0cb0b6d80a] SYS_mmap(0, 0x201f30, 5, 2050)                                                                               = 0x7f0cae203000
8033 [0x7f0cb0b6d857] SYS_mprotect(0x7f0cae205000, 0x1ff000, 0, 2050)                                                              = 0
8033 [0x7f0cb0b6d80a] SYS_mmap(0x7f0cae404000, 4096, 3, 2066)                                                                      = 0x7f0cae404000
8033 [0x7f0cb0b6d787] SYS_close(3, 16, 0x7f0cae404e18, 0x6ffffdff)                                                                 = 0
8033 [0x7f0cb0b6d677] SYS_open(0x7f0cb0d664c0, 0x80000, 0, 0x6ffffdff)                                                             = 3
8033 [0x7f0cb0b6d697] SYS_read(3, 0x7fffb6b1d228, 832, 0x6ffffdff)                                                                 = 832
8033 [0x7f0cb0b6d604] SYS_fstat(3, 0x7fffb6b1d100, 0x7fffb6b1d100, 16)                                                             = 0
8033 [0x7f0cb0b6d80a] SYS_mmap(0, 0x2038b8, 5, 2050)                                                                               = 0x7f0cadfff000
8033 [0x7f0cb0b6d857] SYS_mprotect(0x7f0cae003000, 0x1ff000, 0, 2050)                                                              = 0
8033 [0x7f0cb0b6d80a] SYS_mmap(0x7f0cae202000, 4096, 3, 2066)                                                                      = 0x7f0cae202000
8033 [0x7f0cb0b6d787] SYS_close(3, 16, 0x7f0cae202748, 0x6ffffdff)                                                                 = 0
8033 [0x7f0cb0b6d677] SYS_open(0x7f0cb0d66a60, 0x80000, 0, 0x7f0cb0d69000)                                                         = 3
8033 [0x7f0cb0b6d697] SYS_read(3, 0x7fffb6b1d1c8, 832, 0x7f0cb0d69000)                                                             = 832
8033 [0x7f0cb0b6d604] SYS_fstat(3, 0x7fffb6b1d0a0, 0x7fffb6b1d0a0, 16)                                                             = 0
8033 [0x7f0cb0b6d80a] SYS_mmap(0, 0x210848, 5, 2050)                                                                               = 0x7f0caddee000
8033 [0x7f0cb0b6d857] SYS_mprotect(0x7f0caddfe000, 0x1ff000, 0, 2050)                                                              = 0
8033 [0x7f0cb0b6d80a] SYS_mmap(0x7f0cadffd000, 8192, 3, 2066)                                                                      = 0x7f0cadffd000
8033 [0x7f0cb0b6d787] SYS_close(3, 16, 0x7f0cadffdd90, 0x6ffffdff)                                                                 = 0
8033 [0x7f0cb0b6d677] SYS_open(0x7f0cb0d66f48, 0x80000, 0, 0x6ffffdff)                                                             = 3
8033 [0x7f0cb0b6d697] SYS_read(3, 0x7fffb6b1d198, 832, 0x6ffffdff)                                                                 = 832
8033 [0x7f0cb0b6d604] SYS_fstat(3, 0x7fffb6b1d070, 0x7fffb6b1d070, 16)                                                             = 0
8033 [0x7f0cb0b6d80a] SYS_mmap(0, 4096, 3, 34)                                                                                     = 0x7f0cb0d65000
8033 [0x7f0cb0b6d80a] SYS_mmap(0, 0x20acf0, 5, 2050)                                                                               = 0x7f0cadbe3000
8033 [0x7f0cb0b6d857] SYS_mprotect(0x7f0cadbee000, 0x1ff000, 0, 2050)                                                              = 0
8033 [0x7f0cb0b6d80a] SYS_mmap(0x7f0cadded000, 4096, 3, 2066)                                                                      = 0x7f0cadded000
8033 [0x7f0cb0b6d787] SYS_close(3, 16, 0x7f0cadded750, 0x6ffffdff)                                                                 = 0
8033 [0x7f0cb0b6d677] SYS_open(0x7f0cb0d65560, 0x80000, 0, 0x7f0cb0d69000)                                                         = 3
8033 [0x7f0cb0b6d697] SYS_read(3, 0x7fffb6b1d168, 832, 0x7f0cb0d69000)                                                             = 832
8033 [0x7f0cb0b6d604] SYS_fstat(3, 0x7fffb6b1d040, 0x7fffb6b1d040, 32)                                                             = 0
8033 [0x7f0cb0b6d80a] SYS_mmap(0, 0x2361e0, 5, 2050)                                                                               = 0x7f0cad9ac000
8033 [0x7f0cb0b6d857] SYS_mprotect(0x7f0cad9b4000, 0x1ff000, 0, 2050)                                                              = 0
8033 [0x7f0cb0b6d80a] SYS_mmap(0x7f0cadbb3000, 8192, 3, 2066)                                                                      = 0x7f0cadbb3000
8033 [0x7f0cb0b6d80a] SYS_mmap(0x7f0cadbb5000, 0x2d1e0, 3, 50)                                                                     = 0x7f0cadbb5000
8033 [0x7f0cb0b6d787] SYS_close(3, 16, 0, 0x6ffffdff)                                                                              = 0
8033 [0x7f0cb0b6d677] SYS_open(0x7f0cb0d65a30, 0x80000, 0, 0x6ffffdff)                                                             = 3
8033 [0x7f0cb0b6d697] SYS_read(3, 0x7fffb6b1d138, 832, 0x6ffffdff)                                                                 = 832
8033 [0x7f0cb0b6d604] SYS_fstat(3, 0x7fffb6b1d010, 0x7fffb6b1d010, 16)                                                             = 0
8033 [0x7f0cb0b6d80a] SYS_mmap(0, 0x43fe88, 5, 2050)                                                                               = 0x7f0cad56c000
8033 [0x7f0cb0b6d857] SYS_mprotect(0x7f0cad781000, 0x200000, 0, 2050)                                                              = 0
8033 [0x7f0cb0b6d80a] SYS_mmap(0x7f0cad981000, 0x27000, 3, 2066)                                                                   = 0x7f0cad981000
8033 [0x7f0cb0b6d80a] SYS_mmap(0x7f0cad9a8000, 0x3e88, 3, 50)                                                                      = 0x7f0cad9a8000
8033 [0x7f0cb0b6d857] SYS_mprotect(0x7fffb6b1f000, 4096, 0x1000007, 4)                                                             = 0
8033 [0x7f0cb0b6d787] SYS_close(3, 4096, 0x1000007, 4)                                                                             = 0
8033 [0x7f0cb0b6d677] SYS_open(0x7f0cb0d65fb0, 0x80000, 0, 0x7f0cb0d684d0)                                                         = 3
8033 [0x7f0cb0b6d697] SYS_read(3, 0x7fffb6b1d108, 832, 0x7f0cb0d684d0)                                                             = 832
8033 [0x7f0cb0b6d604] SYS_fstat(3, 0x7fffb6b1cfe0, 0x7fffb6b1cfe0, 16)                                                             = 0
8033 [0x7f0cb0b6d80a] SYS_mmap(0, 4096, 3, 34)                                                                                     = 0x7f0cb0d64000
8033 [0x7f0cb0b6d80a] SYS_mmap(0, 0x215730, 5, 2050)                                                                               = 0x7f0cad356000
8033 [0x7f0cb0b6d857] SYS_mprotect(0x7f0cad36c000, 0x1ff000, 0, 2050)                                                              = 0
8033 [0x7f0cb0b6d80a] SYS_mmap(0x7f0cad56b000, 4096, 3, 2066)                                                                      = 0x7f0cad56b000
8033 [0x7f0cb0b6d787] SYS_close(3, 16, 0x7f0cad56b490, 0x6ffffdff)                                                                 = 0
8033 [0x7f0cb0b6d677] SYS_open(0x7f0cb0d644f0, 0x80000, 0, 0x6ffffdff)                                                             = 3
8033 [0x7f0cb0b6d697] SYS_read(3, 0x7fffb6b1d0d8, 832, 0x6ffffdff)                                                                 = 832
8033 [0x7f0cb0b6d604] SYS_fstat(3, 0x7fffb6b1cfb0, 0x7fffb6b1cfb0, 32)                                                             = 0
8033 [0x7f0cb0b6d80a] SYS_mmap(0, 0x2fd148, 5, 2050)                                                                               = 0x7f0cad058000
8033 [0x7f0cb0b6d857] SYS_mprotect(0x7f0cad155000, 0x1ff000, 0, 2050)                                                              = 0
8033 [0x7f0cb0b6d80a] SYS_mmap(0x7f0cad354000, 8192, 3, 2066)                                                                      = 0x7f0cad354000
8033 [0x7f0cb0b6d787] SYS_close(3, 16, 0, 0x6ffffdff)                                                                              = 0
8033 [0x7f0cb0b6d677] SYS_open(0x7fffb6b1cea0, 0x80000, 0, 0x36782f39325f3130)                                                     = -2
8033 [0x7f0cb0b6d5c5] SYS_stat(0x7fffb6b1cea0, 0x7fffb6b1cf80, 0x7fffb6b1cf80, 0x36782f39325f3130)                                 = -2
8033 [0x7f0cb0b6d677] SYS_open(0x7fffb6b1cea0, 0x80000, 0, 0x36782f39325f3130)                                                     = -2
8033 [0x7f0cb0b6d5c5] SYS_stat(0x7fffb6b1cea0, 0x7fffb6b1cf80, 0x7fffb6b1cf80, 0x36782f39325f3130)                                 = -2
8033 [0x7f0cb0b6d677] SYS_open(0x7fffb6b1cea0, 0x80000, 0, 0x36782f39325f3130)                                                     = -2
8033 [0x7f0cb0b6d5c5] SYS_stat(0x7fffb6b1cea0, 0x7fffb6b1cf80, 0x7fffb6b1cf80, 0x36782f39325f3130)                                 = -2
8033 [0x7f0cb0b6d677] SYS_open(0x7fffb6b1cea0, 0x80000, 0, 0x36782f39325f3130)                                                     = -2
8033 [0x7f0cb0b6d5c5] SYS_stat(0x7fffb6b1cea0, 0x7fffb6b1cf80, 0x7fffb6b1cf80, 0x36782f39325f3130)                                 = -2
8033 [0x7f0cb0b6d677] SYS_open(0x7f0cb0d64dd0, 0x80000, 0, 0x36782f39325f3130)                                                     = 3
8033 [0x7f0cb0b6d697] SYS_read(3, 0x7fffb6b1d0a8, 832, 0x36782f39325f3130)                                                         = 832
8033 [0x7f0cb0b6d604] SYS_fstat(3, 0x7fffb6b1cf80, 0x7fffb6b1cf80, 16)                                                             = 0
8033 [0x7f0cb0b6d80a] SYS_mmap(0, 4096, 3, 34)                                                                                     = 0x7f0cb0d63000
8033 [0x7f0cb0b6d80a] SYS_mmap(0, 0x2f8980, 5, 2050)                                                                               = 0x7f0cacd5f000
8033 [0x7f0cb0b6d857] SYS_mprotect(0x7f0cace56000, 0x200000, 0, 2050)                                                              = 0
8033 [0x7f0cb0b6d80a] SYS_mmap(0x7f0cad056000, 8192, 3, 2066)                                                                      = 0x7f0cad056000
8033 [0x7f0cb0b6d787] SYS_close(3, 16, 0x7f0cad0563a0, 0x6ffffdff)                                                                 = 0
8033 [0x7f0cb0b6d677] SYS_open(0x7f0cb0d634c8, 0x80000, 0, 0x6ffffdff)                                                             = 3
8033 [0x7f0cb0b6d697] SYS_read(3, 0x7fffb6b1d078, 832, 0x6ffffdff)                                                                 = 832
8033 [0x7f0cb0b6d604] SYS_fstat(3, 0x7fffb6b1cf50, 0x7fffb6b1cf50, 16)                                                             = 0
8033 [0x7f0cb0b6d80a] SYS_mmap(0, 0x2fc9d8, 5, 2050)                                                                               = 0x7f0caca62000
8033 [0x7f0cb0b6d857] SYS_mprotect(0x7f0cacb5d000, 0x200000, 0, 2050)                                                              = 0
8033 [0x7f0cb0b6d80a] SYS_mmap(0x7f0cacd5d000, 8192, 3, 2066)                                                                      = 0x7f0cacd5d000
8033 [0x7f0cb0b6d787] SYS_close(3, 16, 0x7f0cacd5e828, 0x6ffffdff)                                                                 = 0
8033 [0x7f0cb0b6d677] SYS_open(0x7f0cb0d63998, 0x80000, 0, 0x6ffffdff)                                                             = 3
8033 [0x7f0cb0b6d697] SYS_read(3, 0x7fffb6b1d048, 832, 0x6ffffdff)                                                                 = 832
8033 [0x7f0cb0b6d604] SYS_fstat(3, 0x7fffb6b1cf20, 0x7fffb6b1cf20, 16)                                                             = 0
8033 [0x7f0cb0b6d80a] SYS_mmap(0, 0x242830, 5, 2050)                                                                               = 0x7f0cac81f000
8033 [0x7f0cb0b6d857] SYS_mprotect(0x7f0cac862000, 0x1ff000, 0, 2050)                                                              = 0
8033 [0x7f0cb0b6d80a] SYS_mmap(0x7f0caca61000, 4096, 3, 2066)                                                                      = 0x7f0caca61000
8033 [0x7f0cb0b6d787] SYS_close(3, 16, 0x7f0caca61630, 0x6ffffdff)                                                                 = 0
8033 [0x7f0cb0b6d677] SYS_open(0x7f0cb0d63f70, 0x80000, 0, 0x7f0cb0d6a9b8)                                                         = 3
8033 [0x7f0cb0b6d697] SYS_read(3, 0x7fffb6b1d018, 832, 0x7f0cb0d6a9b8)                                                             = 832
8033 [0x7f0cb0b6d604] SYS_fstat(3, 0x7fffb6b1cef0, 0x7fffb6b1cef0, 32)                                                             = 0
8033 [0x7f0cb0b6d80a] SYS_mmap(0, 4096, 3, 34)                                                                                     = 0x7f0cb0d62000
8033 [0x7f0cb0b6d80a] SYS_mmap(0, 0x203118, 5, 2050)                                                                               = 0x7f0cac61b000
8033 [0x7f0cb0b6d857] SYS_mprotect(0x7f0cac61d000, 0x200000, 0, 2050)                                                              = 0
8033 [0x7f0cb0b6d80a] SYS_mmap(0x7f0cac81d000, 8192, 3, 2066)                                                                      = 0x7f0cac81d000
8033 [0x7f0cb0b6d787] SYS_close(3, 16, 0x7f0cac81df40, 0x6ffffdff)                                                                 = 0
8033 [0x7f0cb0b6d80a] SYS_mmap(0, 4096, 3, 34)                                                                                     = 0x7f0cb0d61000
8033 [0x7f0cb0b6d80a] SYS_mmap(0, 4096, 3, 34)                                                                                     = 0x7f0cb0d60000
8033 [0x7f0cb0b6d80a] SYS_mmap(0, 8192, 3, 34)                                                                                     = 0x7f0cb0d5e000
8033 [0x7f0cb0b57044] SYS_arch_prctl(4098, 0x7f0cb0d5e780, 0x7f0cb0d5f080, 34)                                                     = 0
8033 [0x7f0cb0b6d857] SYS_mprotect(0x7f0cb04ad000, 0x4000, 1, 1)                                                                   = 0
8033 [0x7f0cb0b6d857] SYS_mprotect(0x7f0cac81d000, 4096, 1, 0x7f0cac61bc68)                                                        = 0
8033 [0x7f0cb0b6d857] SYS_mprotect(0x7f0caf653000, 4096, 1, 0x7f0caf441500)                                                        = 0
8033 [0x7f0cb0b6d857] SYS_mprotect(0x7f0cad354000, 4096, 1, 1)                                                                     = 0
8033 [0x7f0cb0b6d857] SYS_mprotect(0x7f0cadbb3000, 4096, 1, 0x7f0cad9aca00)                                                        = 0
8033 [0x7f0cb0b6d857] SYS_mprotect(0x7f0caf917000, 0x7000, 1, 0x7f0caf6b1810)                                                      = 0
8033 [0x7f0cb0b6d857] SYS_mprotect(0x7f0caf43a000, 4096, 1, 0x7f0caf235d58)                                                        = 0
8033 [0x7f0cb0b6d857] SYS_mprotect(0x7f0cb0d76000, 4096, 1, 0)                                                                     = 0
8033 [0x7f0cb0b6d837] SYS_munmap(0x7f0cb0d6c000, 0x83b3, 0x73400, 0)                                                               = 0
8033 [0x7f0caf442e92] SYS_set_tid_address(0x7f0cb0d5ea50, 0x7fffb6b1f008, 0x7f0cb0d5e780, 0)                                       = 8033
8033 [0x7f0caf442efa] SYS_set_robust_list(0x7f0cb0d5ea60, 24, 0x7f0cb0d5e780, 0)                                                   = 0
8033 [0x7f0caf44ccf5] SYS_rt_sigaction(32, 0x7fffb6b1ed58, 0, 8)                                                                   = 0
8033 [0x7f0caf44ccf5] SYS_rt_sigaction(33, 0x7fffb6b1ed58, 0, 8)                                                                   = 0
8033 [0x7f0caf442fd6] SYS_rt_sigprocmask(1, 0x7fffb6b1eea8, 0, 8)                                                                  = 0
8033 [0x7f0cb01f9b17] SYS_getrlimit(3, 0x7fffb6b1ef40, 63, 1)                                                                      = 0
8033 [0x7f0caf442b95] SYS_futex(0x7f0caf9217e0, 129, 0x7fffffff, 0)                                                                = 0
8033 [0x4008fd] ledctrl->Lookup_Nas_Info(_T_NAS_PROP_&)(0x7fffb6b1ee50, 0x7fffb6b1fb94, 0, 0x7fffb6b1fb93 <unfinished ...>
8033 [0x7f0cb0900d11]   libnasman.so->Open_Share_Memory(char const*, int, void*&, int&)(0x7f0cb094508e, 0, 0x7fffb6b1ee10, 0x7fffb6b1ee1c <unfinished ...>
8033 [0x7f0cb01f4557]     SYS_statfs(0x7f0caf44f1e8, 0x7fffb6b1ebb0, 0x7f0caf658310, 1)                                            = 0
8033 [0x7f0caf442b95]     SYS_futex(0x7f0caf658310, 129, 0x7fffffff, 0)                                                            = 0
8033 [0x7f0cb01f47e0]     SYS_open(0x7fffb6b1ecc0, 0xa0000, 484, 1)                                                                = 3
8033 [0x7f0cb01f43b4]     SYS_fstat(3, 0x7fffb6b1ed50, 0x7fffb6b1ed50, 1)                                                          = 0
8033 [0x7f0cb01fd72a]     SYS_mmap(0, 0x2788, 1, 1)                                                                                = 0x7f0cb0d72000
8033 [0x7f0cb01f5070]     SYS_close(3, 0x2788, 1, 1)                                                                               = 0
8033 [0x7f0cb0900d11]   <... Open_Share_Memory(char const*, int, void*&, int&) resumed> )                                          = 0
8033 [0x7f0cb0900d4d]   libnasman.so->Open_Share_Memory(char const*, int, void*&, int&)(0x7f0cb09450a7, 0, 0x7fffb6b1ee10, 0x7fffb6b1ee1c <unfinished ...>
8033 [0x7f0cb01f47e0]     SYS_open(0x7fffb6b1ecc0, 0xa0000, 484, 1)                                                                = 3
8033 [0x7f0cb01f43b4]     SYS_fstat(3, 0x7fffb6b1ed50, 0x7fffb6b1ed50, 1)                                                          = 0
8033 [0x7f0cb01fd72a]     SYS_mmap(0, 3536, 1, 1)                                                                                  = 0x7f0cb0d71000
8033 [0x7f0cb01f5070]     SYS_close(3, 3536, 1, 1)                                                                                 = 0
8033 [0x7f0cb0900d4d]   <... Open_Share_Memory(char const*, int, void*&, int&) resumed> )                                          = 0
8033 [0x7f0cb0900d7f]   libnasman.so->Open_Share_Memory(char const*, int, void*&, int&)(0x7f0cb09450b5, 0, 0x7fffb6b1ee10, 0x7fffb6b1ee1c <unfinished ...>
8033 [0x7f0cb01f47e0]     SYS_open(0x7fffb6b1ecc0, 0xa0000, 484, 1)                                                                = 3
8033 [0x7f0cb01f43b4]     SYS_fstat(3, 0x7fffb6b1ed50, 0x7fffb6b1ed50, 1)                                                          = 0
8033 [0x7f0cb01fd72a]     SYS_mmap(0, 4080, 1, 1)                                                                                  = 0x7f0cb0d70000
8033 [0x7f0cb01f5070]     SYS_close(3, 4080, 1, 1)                                                                                 = 0
8033 [0x7f0cb0900d7f]   <... Open_Share_Memory(char const*, int, void*&, int&) resumed> )                                          = 0
8033 [0x4008fd] <... Lookup_Nas_Info(_T_NAS_PROP_&) resumed> )                                                                     = 0
8033 [0x400934] ledctrl->Hal_Led_Set_Hdd_Mode(0, 9, 3, 0 <unfinished ...>
8033 [0x7f0cb04bdf15]   libnhal.so->Hal_Lookup_Hardware_Info(0x7fffb6b1ed40, 9, 3, 0 <unfinished ...>
8033 [0x7f0cb01f47e0]     SYS_open(0x7fffb6b1ec40, 0xa0002, 484, 1)                                                                = 3
8033 [0x7f0cb01fd72a]     SYS_mmap(0, 220, 3, 1)                                                                                   = 0x7f0cb0d6f000
8033 [0x7f0cb01f5070]     SYS_close(3, 220, 3, 1)                                                                                  = 0
8033 [0x7f0cb04bc7f0]     libnhal.so->Hw_Semaphore_Init(0x7fffb6b1ecf0, 0x7f0cb04bf287, 1, -1 <unfinished ...>
8033 [0x7f0cb01f4405]       SYS_lstat(0x7fffb6b1eba0, 0x7fffb6b1eab0, 0x7fffb6b1eab0, 0)                                           = -2
8033 [0x7f0caf44c510]       SYS_open(0x7fffb6b1eba0, 194, 600, 0)                                                                  = 3
8033 [0x7f0caf44bda0]       SYS_write(3, 0x7fffb6b1ec20, 32, 0)                                                                    = 32
8033 [0x7f0cb01fd72a]       SYS_mmap(0, 32, 3, 1)                                                                                  = 0x7f0cb0d6e000
8033 [0x7f0cb01f61a7]       SYS_link(0x7fffb6b1eba0, 0x7fffb6b1ebd0, 3, 1)                                                         = -17
8033 [0x7f0cb01fd757]       SYS_munmap(0x7f0cb0d6e000, 32, 3, 1)                                                                   = 0
8033 [0x7f0cb01f62c7]       SYS_unlink(0x7fffb6b1eba0, 32, 3, 1)                                                                   = 0
8033 [0x7f0caf44be60]       SYS_close(3, 32, 3, 1)                                                                                 = 0
8033 [0x7f0caf44c510]       SYS_open(0x7fffb6b1ebd0, 0x20002, 18, 1)                                                               = 3
8033 [0x7f0cb01f43b4]       SYS_fstat(3, 0x7fffb6b1eb00, 0x7fffb6b1eb00, 1)                                                        = 0
8033 [0x7f0cb01f9f5a]       SYS_brk(0, 0x7f0cb04b1640, 0, -4096)                                                                   = 0xede000
8033 [0x7f0cb01f9f5a]       SYS_brk(0xeff000, 0xede000, 0xeff000, -4096)                                                           = 0xeff000
8033 [0x7f0cb01fd72a]       SYS_mmap(0, 32, 3, 1)                                                                                  = 0x7f0cb0d6e000
8033 [0x7f0caf44be60]       SYS_close(3, 32, 0, 3)                                                                                 = 0
8033 [0x7f0cb04bc7f0]     <... Hw_Semaphore_Init resumed> )                                                                        = 17
8033 [0x7f0cb04bc800]     libnhal.so->Hw_Semaphore_Lock(0x7fffb6b1ecf0, 32, 0x7f0cb0d6e000, -1)                                    = 0
8033 [0x7f0cb04bc918]     libnhal.so->Hw_Semaphore_Unlock(0x7fffb6b1ecf0, 2, 0x7f0cb0d6f000, 0)                                    = 0
8033 [0x7f0cb04bc924]     libnhal.so->Hw_Semaphore_Release(0x7fffb6b1ecf0, 128, 0, 0 <unfinished ...>
8033 [0x7f0cb01fd757]       SYS_munmap(0x7f0cb0d6e000, 32, 0, 1)                                                                   = 0
8033 [0x7f0cb04bc924]     <... Hw_Semaphore_Release resumed> )                                                                     = 0
8033 [0x7f0cb04bdf15]   <... Hal_Lookup_Hardware_Info resumed> )                                                                   = 0
8033 [0x400934] <... Hal_Led_Set_Hdd_Mode resumed> )                                                                               = 0xffffffea
8033 [0x7f0cb0900f15] libnasman.so->Close_Share_Memory(char const*, void*)(0x7f0cb094508e, 0x7f0cb0d72000, 0x430f0f237dbdcc4a, 4 <unfinished ...>
8033 [0x7f0cb0900b6e]   libnasman.so->Get_File_Size(char const*, long*)(0x7fffb6b1ebb0, 0x7fffb6b1ecd8, 0x7fffb6b1ebc5, 0 <unfinished ...>
8033 [0x7f0cb01f4365]     SYS_stat(0x7fffb6b1ebb0, 0x7fffb6b1eb10, 0x7fffb6b1eb10, 1)                                              = 0
8033 [0x7f0cb0900b6e]   <... Get_File_Size(char const*, long*) resumed> )                                                          = 0
8033 [0x7f0cb01fd757]   SYS_munmap(0x7f0cb0d72000, 0x2788, 0x7fffb6b1eb10, 1)                                                      = 0
8033 [0x7f0cb0900f15] <... Close_Share_Memory(char const*, void*) resumed> )                                                       = 0
8033 [0x7f0cb0900f37] libnasman.so->Close_Share_Memory(char const*, void*)(0x7f0cb09450a7, 0x7f0cb0d71000, 0, -1 <unfinished ...>
8033 [0x7f0cb0900b6e]   libnasman.so->Get_File_Size(char const*, long*)(0x7fffb6b1ebb0, 0x7fffb6b1ecd8, 0x7fffb6b1ebc6, 0 <unfinished ...>
8033 [0x7f0cb01f4365]     SYS_stat(0x7fffb6b1ebb0, 0x7fffb6b1eb10, 0x7fffb6b1eb10, 1)                                              = 0
8033 [0x7f0cb0900b6e]   <... Get_File_Size(char const*, long*) resumed> )                                                          = 0
8033 [0x7f0cb01fd757]   SYS_munmap(0x7f0cb0d71000, 3536, 0x7fffb6b1eb10, 1)                                                        = 0
8033 [0x7f0cb0900f37] <... Close_Share_Memory(char const*, void*) resumed> )                                                       = 0
8033 [0x7f0cb0900f59] libnasman.so->Close_Share_Memory(char const*, void*)(0x7f0cb09450b5, 0x7f0cb0d70000, 0, -1 <unfinished ...>
8033 [0x7f0cb0900b6e]   libnasman.so->Get_File_Size(char const*, long*)(0x7fffb6b1ebb0, 0x7fffb6b1ecd8, 0x7fffb6b1ebc6, 0 <unfinished ...>
8033 [0x7f0cb01f4365]     SYS_stat(0x7fffb6b1ebb0, 0x7fffb6b1eb10, 0x7fffb6b1eb10, 1)                                              = 0
8033 [0x7f0cb0900b6e]   <... Get_File_Size(char const*, long*) resumed> )                                                          = 0
8033 [0x7f0cb01fd757]   SYS_munmap(0x7f0cb0d70000, 4080, 0x7fffb6b1eb10, 1)                                                        = 0
8033 [0x7f0cb0900f59] <... Close_Share_Memory(char const*, void*) resumed> )                                                       = 0
8033 [0x7f0cb014e932] libgeneral.so->Trace_Mem_Destroy()(0x7f0cafe66d40, 0, 0x430f317d467dcc4a, 16)                                = 0
8033 [0x7f0cb01d1468] SYS_exit_group(-22, 60, -22, 0x7f0cb04b4a48 <no return ...>
8033 [0xffffffffffffffff] +++ exited (status 234) +++
