8623 [0x7f83fb5408aa] SYS_brk(0, 0x7f83fb543fa0, 0, 895)                                                                           = 0x2130000
8623 [0x7f83fb5417e7] SYS_readlink(0x7fff5187cb82, 0x7fff5187a500, 4096, 0x756e694c00000000)                                       = -2
8623 [0x7f83fb541677] SYS_open(0x7f83fb5451f3, 0, 0, 0x756e694c00000000)                                                           = 3
8623 [0x7f83fb5417a7] SYS_chdir(0x7f83fb74cba8, 0, 0, 0x756e694c00000000)                                                          = -2
8623 [0x7f83fb5409d2] SYS_getcwd(0x7fff5187a500, 4096, 0, 0x756e694c00000000)                                                      = 23
8623 [0x7f83fb5417c7] SYS_fchdir(3, 4096, 0, 0x756e694c00000000)                                                                   = 0
8623 [0x7f83fb541787] SYS_close(3, 4096, 0, 0x756e694c00000000)                                                                    = 0
8623 [0x7f83fb54180a] SYS_mmap(0, 4096, 3, 34)                                                                                     = 0x7f83fb749000
8623 [0x7f83fb5416d7] SYS_access(0x7f83fb547700, 4, 0x7f83fb74c718, 0)                                                             = -2
8623 [0x7f83fb541677] SYS_open(0x7f83fb545072, 0x80000, 1, 0)                                                                      = 3
8623 [0x7f83fb541604] SYS_fstat(3, 0x7fff51879ce0, 0x7fff51879ce0, 0)                                                              = 0
8623 [0x7f83fb54180a] SYS_mmap(0, 0x83b3, 1, 2)                                                                                    = 0x7f83fb740000
8623 [0x7f83fb541787] SYS_close(3, 0x83b3, 1, 2)                                                                                   = 0
8623 [0x7f83fb541677] SYS_open(0x7f83fb749640, 0x80000, 0, 56)                                                                     = 3
8623 [0x7f83fb541697] SYS_read(3, 0x7fff51879e68, 832, 56)                                                                         = 832
8623 [0x7f83fb541604] SYS_fstat(3, 0x7fff51879d40, 0x7fff51879d40, 16)                                                             = 0
8623 [0x7f83fb54180a] SYS_mmap(0, 0x278960, 5, 2050)                                                                               = 0x7f83fb2b1000
8623 [0x7f83fb541857] SYS_mprotect(0x7f83fb327000, 0x200000, 0, 2050)                                                              = 0
8623 [0x7f83fb54180a] SYS_mmap(0x7f83fb527000, 0x3000, 3, 2066)                                                                    = 0x7f83fb527000
8623 [0x7f83fb541787] SYS_close(3, 16, 0x7f83fb5273e0, 0x6ffffdff)                                                                 = 0
8623 [0x7f83fb541677] SYS_open(0x7f83fb749b10, 0x80000, 0, 0x6ffffdff)                                                             = 3
8623 [0x7f83fb541697] SYS_read(3, 0x7fff51879e38, 832, 0x6ffffdff)                                                                 = 832
8623 [0x7f83fb541604] SYS_fstat(3, 0x7fff51879d10, 0x7fff51879d10, 16)                                                             = 0
8623 [0x7f83fb54180a] SYS_mmap(0, 0x21bee0, 5, 2050)                                                                               = 0x7f83fb095000
8623 [0x7f83fb541857] SYS_mprotect(0x7f83fb0b0000, 0x200000, 0, 2050)                                                              = 0
8623 [0x7f83fb54180a] SYS_mmap(0x7f83fb2b0000, 4096, 3, 2066)                                                                      = 0x7f83fb2b0000
8623 [0x7f83fb541787] SYS_close(3, 16, 0x7f83fb2b0208, 0x6ffffdff)                                                                 = 0
8623 [0x7f83fb541677] SYS_open(0x7f83fb749fe0, 0x80000, 0, 0x6ffffdff)                                                             = 3
8623 [0x7f83fb541697] SYS_read(3, 0x7fff51879e08, 832, 0x6ffffdff)                                                                 = 832
8623 [0x7f83fb541604] SYS_fstat(3, 0x7fff51879ce0, 0x7fff51879ce0, 16)                                                             = 0
8623 [0x7f83fb54180a] SYS_mmap(0, 4096, 3, 34)                                                                                     = 0x7f83fb73f000
8623 [0x7f83fb54180a] SYS_mmap(0, 0x209ad0, 5, 2050)                                                                               = 0x7f83fae8b000
8623 [0x7f83fb541857] SYS_mprotect(0x7f83fae95000, 0x1ff000, 0, 2050)                                                              = 0
8623 [0x7f83fb54180a] SYS_mmap(0x7f83fb094000, 4096, 3, 2066)                                                                      = 0x7f83fb094000
8623 [0x7f83fb541787] SYS_close(3, 16, 0x7f83fb094690, 0x6ffffdff)                                                                 = 0
8623 [0x7f83fb541677] SYS_open(0x7f83fb73f4b8, 0x80000, 0, 0x6ffffdff)                                                             = 3
8623 [0x7f83fb541697] SYS_read(3, 0x7fff51879dd8, 832, 0x6ffffdff)                                                                 = 832
8623 [0x7f83fb541604] SYS_fstat(3, 0x7fff51879cb0, 0x7fff51879cb0, 32)                                                             = 0
8623 [0x7f83fb54180a] SYS_mmap(0, 0x39dc40, 5, 2050)                                                                               = 0x7f83faaed000
8623 [0x7f83fb541857] SYS_mprotect(0x7f83fac81000, 0x200000, 0, 2050)                                                              = 0
8623 [0x7f83fb54180a] SYS_mmap(0x7f83fae81000, 0x6000, 3, 2066)                                                                    = 0x7f83fae81000
8623 [0x7f83fb54180a] SYS_mmap(0x7f83fae87000, 0x3c40, 3, 50)                                                                      = 0x7f83fae87000
8623 [0x7f83fb541787] SYS_close(3, 16, 0, 0x6ffffdff)                                                                              = 0
8623 [0x7f83fb541677] SYS_open(0x7f83fb73f988, 0x80000, 0, 0x6ffffdff)                                                             = 3
8623 [0x7f83fb541697] SYS_read(3, 0x7fff51879c88, 832, 0x6ffffdff)                                                                 = 832
8623 [0x7f83fb541604] SYS_fstat(3, 0x7fff51879b60, 0x7fff51879b60, 16)                                                             = 0
8623 [0x7f83fb54180a] SYS_mmap(0, 0x2b09d0, 5, 2050)                                                                               = 0x7f83fa83c000
8623 [0x7f83fb541857] SYS_mprotect(0x7f83fa8eb000, 0x1ff000, 0, 2050)                                                              = 0
8623 [0x7f83fb54180a] SYS_mmap(0x7f83faaea000, 0x3000, 3, 2066)                                                                    = 0x7f83faaea000
8623 [0x7f83fb541787] SYS_close(3, 16, 0x7f83faaea9a8, 0x6ffffdff)                                                                 = 0
8623 [0x7f83fb541677] SYS_open(0x7f83fb73fe58, 0x80000, 0, 0x6ffffdff)                                                             = 3
8623 [0x7f83fb541697] SYS_read(3, 0x7fff51879c58, 832, 0x6ffffdff)                                                                 = 832
8623 [0x7f83fb541604] SYS_fstat(3, 0x7fff51879b30, 0x7fff51879b30, 16)                                                             = 0
8623 [0x7f83fb54180a] SYS_mmap(0, 4096, 3, 34)                                                                                     = 0x7f83fb73e000
8623 [0x7f83fb54180a] SYS_mmap(0, 0x294ee0, 5, 2050)                                                                               = 0x7f83fa5a7000
8623 [0x7f83fb541857] SYS_mprotect(0x7f83fa639000, 0x1ff000, 0, 2050)                                                              = 0
8623 [0x7f83fb54180a] SYS_mmap(0x7f83fa838000, 0x3000, 3, 2066)                                                                    = 0x7f83fa838000
8623 [0x7f83fb54180a] SYS_mmap(0x7f83fa83b000, 3808, 3, 50)                                                                        = 0x7f83fa83b000
8623 [0x7f83fb541787] SYS_close(3, 16, 0x7f83fa838e30, 0x6ffffdff)                                                                 = 0
8623 [0x7f83fb541677] SYS_open(0x7f83fb73e4b8, 0x80000, 0, 0x6ffffdff)                                                             = 3
8623 [0x7f83fb541697] SYS_read(3, 0x7fff51879c28, 832, 0x6ffffdff)                                                                 = 832
8623 [0x7f83fb541604] SYS_fstat(3, 0x7fff51879b00, 0x7fff51879b00, 16)                                                             = 0
8623 [0x7f83fb54180a] SYS_mmap(0, 0x29d850, 5, 2050)                                                                               = 0x7f83fa309000
8623 [0x7f83fb541857] SYS_mprotect(0x7f83fa3a2000, 0x200000, 0, 2050)                                                              = 0
8623 [0x7f83fb54180a] SYS_mmap(0x7f83fa5a2000, 0x3000, 3, 2066)                                                                    = 0x7f83fa5a2000
8623 [0x7f83fb54180a] SYS_mmap(0x7f83fa5a5000, 6224, 3, 50)                                                                        = 0x7f83fa5a5000
8623 [0x7f83fb541787] SYS_close(3, 16, 0x7f83fa5a3cc8, 0x6ffffdff)                                                                 = 0
8623 [0x7f83fb541677] SYS_open(0x7f83fb73e9a0, 0x80000, 0, 0x6ffffdff)                                                             = 3
8623 [0x7f83fb541697] SYS_read(3, 0x7fff51879bf8, 832, 0x6ffffdff)                                                                 = 832
8623 [0x7f83fb541604] SYS_fstat(3, 0x7fff51879ad0, 0x7fff51879ad0, 16)                                                             = 0
8623 [0x7f83fb54180a] SYS_mmap(0, 0x2dbbb0, 5, 2050)                                                                               = 0x7f83fa02d000
8623 [0x7f83fb541857] SYS_mprotect(0x7f83fa0eb000, 0x200000, 0, 2050)                                                              = 0
8623 [0x7f83fb54180a] SYS_mmap(0x7f83fa2eb000, 0xa000, 3, 2066)                                                                    = 0x7f83fa2eb000
8623 [0x7f83fb54180a] SYS_mmap(0x7f83fa2f5000, 0x13bb0, 3, 50)                                                                     = 0x7f83fa2f5000
8623 [0x7f83fb541787] SYS_close(3, 16, 0x7f83fa2f14d8, 0x6ffffdff)                                                                 = 0
8623 [0x7f83fb541677] SYS_open(0x7f83fb73ee70, 0x80000, 0, 0x6ffffdff)                                                             = 3
8623 [0x7f83fb541697] SYS_read(3, 0x7fff51879bc8, 832, 0x6ffffdff)                                                                 = 832
8623 [0x7f83fb541604] SYS_fstat(3, 0x7fff51879aa0, 0x7fff51879aa0, 32)                                                             = 0
8623 [0x7f83fb54180a] SYS_mmap(0, 4096, 3, 34)                                                                                     = 0x7f83fb73d000
8623 [0x7f83fb54180a] SYS_mmap(0, 0x21c490, 5, 2050)                                                                               = 0x7f83f9e10000
8623 [0x7f83fb541857] SYS_mprotect(0x7f83f9e28000, 0x1ff000, 0, 2050)                                                              = 0
8623 [0x7f83fb54180a] SYS_mmap(0x7f83fa027000, 8192, 3, 2066)                                                                      = 0x7f83fa027000
8623 [0x7f83fb54180a] SYS_mmap(0x7f83fa029000, 0x3490, 3, 50)                                                                      = 0x7f83fa029000
8623 [0x7f83fb541787] SYS_close(3, 16, 0, 0x6ffffdff)                                                                              = 0
8623 [0x7f83fb541677] SYS_open(0x7f83fb73d4b8, 0x80000, 0, 0x6ffffdff)                                                             = 3
8623 [0x7f83fb541697] SYS_read(3, 0x7fff51879b98, 832, 0x6ffffdff)                                                                 = 832
8623 [0x7f83fb541604] SYS_fstat(3, 0x7fff51879a70, 0x7fff51879a70, 32)                                                             = 0
8623 [0x7f83fb54180a] SYS_mmap(0, 0x207bc0, 5, 2050)                                                                               = 0x7f83f9c08000
8623 [0x7f83fb541857] SYS_mprotect(0x7f83f9c0f000, 0x1ff000, 0, 2050)                                                              = 0
8623 [0x7f83fb54180a] SYS_mmap(0x7f83f9e0e000, 8192, 3, 2066)                                                                      = 0x7f83f9e0e000
8623 [0x7f83fb541787] SYS_close(3, 16, 0, 0x6ffffdff)                                                                              = 0
8623 [0x7f83fb541677] SYS_open(0x7f83fb73d988, 0x80000, 0, 0x6ffffdff)                                                             = 3
8623 [0x7f83fb541697] SYS_read(3, 0x7fff51879b68, 832, 0x6ffffdff)                                                                 = 832
8623 [0x7f83fb541604] SYS_fstat(3, 0x7fff51879a40, 0x7fff51879a40, 16)                                                             = 0
8623 [0x7f83fb54180a] SYS_mmap(0, 0x202e20, 5, 2050)                                                                               = 0x7f83f9a05000
8623 [0x7f83fb541857] SYS_mprotect(0x7f83f9a08000, 0x1ff000, 0, 2050)                                                              = 0
8623 [0x7f83fb54180a] SYS_mmap(0x7f83f9c07000, 4096, 3, 2066)                                                                      = 0x7f83f9c07000
8623 [0x7f83fb541787] SYS_close(3, 16, 0x7f83f9c07c28, 0x6ffffdff)                                                                 = 0
8623 [0x7f83fb541677] SYS_open(0x7f83fb73de58, 0x80000, 0, 0x6ffffdff)                                                             = 3
8623 [0x7f83fb541697] SYS_read(3, 0x7fff51879b38, 832, 0x6ffffdff)                                                                 = 832
8623 [0x7f83fb541604] SYS_fstat(3, 0x7fff51879a10, 0x7fff51879a10, 16)                                                             = 0
8623 [0x7f83fb54180a] SYS_mmap(0, 4096, 3, 34)                                                                                     = 0x7f83fb73c000
8623 [0x7f83fb54180a] SYS_mmap(0, 0x209850, 5, 2050)                                                                               = 0x7f83f97fb000
8623 [0x7f83fb541857] SYS_mprotect(0x7f83f9805000, 0x1ff000, 0, 2050)                                                              = 0
8623 [0x7f83fb54180a] SYS_mmap(0x7f83f9a04000, 4096, 3, 2066)                                                                      = 0x7f83f9a04000
8623 [0x7f83fb541787] SYS_close(3, 16, 0x7f83f9a04618, 0x6ffffdff)                                                                 = 0
8623 [0x7f83fb541677] SYS_open(0x7f83fb73c4b8, 0x80000, 0, 0x6ffffdff)                                                             = 3
8623 [0x7f83fb541697] SYS_read(3, 0x7fff51879b08, 832, 0x6ffffdff)                                                                 = 832
8623 [0x7f83fb541604] SYS_fstat(3, 0x7fff518799e0, 0x7fff518799e0, 16)                                                             = 0
8623 [0x7f83fb54180a] SYS_mmap(0, 0x210868, 5, 2050)                                                                               = 0x7f83f95ea000
8623 [0x7f83fb541857] SYS_mprotect(0x7f83f95fb000, 0x1ff000, 0, 2050)                                                              = 0
8623 [0x7f83fb54180a] SYS_mmap(0x7f83f97fa000, 4096, 3, 2066)                                                                      = 0x7f83f97fa000
8623 [0x7f83fb541787] SYS_close(3, 16, 0x7f83f97fa408, 0x6ffffdff)                                                                 = 0
8623 [0x7f83fb541677] SYS_open(0x7f83fb73ca40, 0x80000, 0, 0x7f83fb73d9a0)                                                         = 3
8623 [0x7f83fb541697] SYS_read(3, 0x7fff518799a8, 832, 0x7f83fb73d9a0)                                                             = 832
8623 [0x7f83fb541604] SYS_fstat(3, 0x7fff51879880, 0x7fff51879880, 16)                                                             = 0
8623 [0x7f83fb54180a] SYS_mmap(0, 0x2032c8, 5, 2050)                                                                               = 0x7f83f93e6000
8623 [0x7f83fb541857] SYS_mprotect(0x7f83f93e9000, 0x200000, 0, 2050)                                                              = 0
8623 [0x7f83fb54180a] SYS_mmap(0x7f83f95e9000, 4096, 3, 2066)                                                                      = 0x7f83f95e9000
8623 [0x7f83fb541787] SYS_close(3, 16, 0x7f83f95e9188, 0x6ffffdff)                                                                 = 0
8623 [0x7f83fb541677] SYS_open(0x7f83fb73cf28, 0x80000, 0, 0x6ffffdff)                                                             = 3
8623 [0x7f83fb541697] SYS_read(3, 0x7fff51879978, 832, 0x6ffffdff)                                                                 = 832
8623 [0x7f83fb541604] SYS_fstat(3, 0x7fff51879850, 0x7fff51879850, 16)                                                             = 0
8623 [0x7f83fb54180a] SYS_mmap(0, 4096, 3, 34)                                                                                     = 0x7f83fb73b000
8623 [0x7f83fb54180a] SYS_mmap(0, 0x207820, 5, 2050)                                                                               = 0x7f83f91de000
8623 [0x7f83fb541857] SYS_mprotect(0x7f83f91e5000, 0x200000, 0, 2050)                                                              = 0
8623 [0x7f83fb54180a] SYS_mmap(0x7f83f93e5000, 4096, 3, 2066)                                                                      = 0x7f83f93e5000
8623 [0x7f83fb541787] SYS_close(3, 16, 0x7f83f93e5188, 0x6ffffdff)                                                                 = 0
8623 [0x7f83fb541677] SYS_open(0x7f83fb73b4c8, 0x80000, 0, 0x6ffffdff)                                                             = 3
8623 [0x7f83fb541697] SYS_read(3, 0x7fff51879948, 832, 0x6ffffdff)                                                                 = 832
8623 [0x7f83fb541604] SYS_fstat(3, 0x7fff51879820, 0x7fff51879820, 16)                                                             = 0
8623 [0x7f83fb54180a] SYS_mmap(0, 0x201f30, 5, 2050)                                                                               = 0x7f83f8fdc000
8623 [0x7f83fb541857] SYS_mprotect(0x7f83f8fde000, 0x1ff000, 0, 2050)                                                              = 0
8623 [0x7f83fb54180a] SYS_mmap(0x7f83f91dd000, 4096, 3, 2066)                                                                      = 0x7f83f91dd000
8623 [0x7f83fb541787] SYS_close(3, 16, 0x7f83f91dde18, 0x6ffffdff)                                                                 = 0
8623 [0x7f83fb541677] SYS_open(0x7f83fb73ba60, 0x80000, 0, 0x7f83fb73f4d0)                                                         = 3
8623 [0x7f83fb541697] SYS_read(3, 0x7fff51879918, 832, 0x7f83fb73f4d0)                                                             = 832
8623 [0x7f83fb541604] SYS_fstat(3, 0x7fff518797f0, 0x7fff518797f0, 16)                                                             = 0
8623 [0x7f83fb54180a] SYS_mmap(0, 0x2022e8, 5, 2050)                                                                               = 0x7f83f8dd9000
8623 [0x7f83fb541857] SYS_mprotect(0x7f83f8ddb000, 0x200000, 0, 2050)                                                              = 0
8623 [0x7f83fb54180a] SYS_mmap(0x7f83f8fdb000, 4096, 3, 2066)                                                                      = 0x7f83f8fdb000
8623 [0x7f83fb541787] SYS_close(3, 16, 0x7f83f8fdb198, 0x6ffffdff)                                                                 = 0
8623 [0x7f83fb541677] SYS_open(0x7f83fb73bf40, 0x80000, 0, 0x6ffffdff)                                                             = 3
8623 [0x7f83fb541697] SYS_read(3, 0x7fff518798e8, 832, 0x6ffffdff)                                                                 = 832
8623 [0x7f83fb541604] SYS_fstat(3, 0x7fff518797c0, 0x7fff518797c0, 16)                                                             = 0
8623 [0x7f83fb54180a] SYS_mmap(0, 4096, 3, 34)                                                                                     = 0x7f83fb73a000
8623 [0x7f83fb54180a] SYS_mmap(0, 0x201f30, 5, 2050)                                                                               = 0x7f83f8bd7000
8623 [0x7f83fb541857] SYS_mprotect(0x7f83f8bd9000, 0x1ff000, 0, 2050)                                                              = 0
8623 [0x7f83fb54180a] SYS_mmap(0x7f83f8dd8000, 4096, 3, 2066)                                                                      = 0x7f83f8dd8000
8623 [0x7f83fb541787] SYS_close(3, 16, 0x7f83f8dd8e18, 0x6ffffdff)                                                                 = 0
8623 [0x7f83fb541677] SYS_open(0x7f83fb73a4c0, 0x80000, 0, 0x6ffffdff)                                                             = 3
8623 [0x7f83fb541697] SYS_read(3, 0x7fff518798b8, 832, 0x6ffffdff)                                                                 = 832
8623 [0x7f83fb541604] SYS_fstat(3, 0x7fff51879790, 0x7fff51879790, 16)                                                             = 0
8623 [0x7f83fb54180a] SYS_mmap(0, 0x2038b8, 5, 2050)                                                                               = 0x7f83f89d3000
8623 [0x7f83fb541857] SYS_mprotect(0x7f83f89d7000, 0x1ff000, 0, 2050)                                                              = 0
8623 [0x7f83fb54180a] SYS_mmap(0x7f83f8bd6000, 4096, 3, 2066)                                                                      = 0x7f83f8bd6000
8623 [0x7f83fb541787] SYS_close(3, 16, 0x7f83f8bd6748, 0x6ffffdff)                                                                 = 0
8623 [0x7f83fb541677] SYS_open(0x7f83fb73aa60, 0x80000, 0, 0x7f83fb73d000)                                                         = 3
8623 [0x7f83fb541697] SYS_read(3, 0x7fff51879858, 832, 0x7f83fb73d000)                                                             = 832
8623 [0x7f83fb541604] SYS_fstat(3, 0x7fff51879730, 0x7fff51879730, 16)                                                             = 0
8623 [0x7f83fb54180a] SYS_mmap(0, 0x210848, 5, 2050)                                                                               = 0x7f83f87c2000
8623 [0x7f83fb541857] SYS_mprotect(0x7f83f87d2000, 0x1ff000, 0, 2050)                                                              = 0
8623 [0x7f83fb54180a] SYS_mmap(0x7f83f89d1000, 8192, 3, 2066)                                                                      = 0x7f83f89d1000
8623 [0x7f83fb541787] SYS_close(3, 16, 0x7f83f89d1d90, 0x6ffffdff)                                                                 = 0
8623 [0x7f83fb541677] SYS_open(0x7f83fb73af48, 0x80000, 0, 0x6ffffdff)                                                             = 3
8623 [0x7f83fb541697] SYS_read(3, 0x7fff51879828, 832, 0x6ffffdff)                                                                 = 832
8623 [0x7f83fb541604] SYS_fstat(3, 0x7fff51879700, 0x7fff51879700, 16)                                                             = 0
8623 [0x7f83fb54180a] SYS_mmap(0, 4096, 3, 34)                                                                                     = 0x7f83fb739000
8623 [0x7f83fb54180a] SYS_mmap(0, 0x20acf0, 5, 2050)                                                                               = 0x7f83f85b7000
8623 [0x7f83fb541857] SYS_mprotect(0x7f83f85c2000, 0x1ff000, 0, 2050)                                                              = 0
8623 [0x7f83fb54180a] SYS_mmap(0x7f83f87c1000, 4096, 3, 2066)                                                                      = 0x7f83f87c1000
8623 [0x7f83fb541787] SYS_close(3, 16, 0x7f83f87c1750, 0x6ffffdff)                                                                 = 0
8623 [0x7f83fb541677] SYS_open(0x7f83fb739560, 0x80000, 0, 0x7f83fb73d000)                                                         = 3
8623 [0x7f83fb541697] SYS_read(3, 0x7fff518797f8, 832, 0x7f83fb73d000)                                                             = 832
8623 [0x7f83fb541604] SYS_fstat(3, 0x7fff518796d0, 0x7fff518796d0, 32)                                                             = 0
8623 [0x7f83fb54180a] SYS_mmap(0, 0x2361e0, 5, 2050)                                                                               = 0x7f83f8380000
8623 [0x7f83fb541857] SYS_mprotect(0x7f83f8388000, 0x1ff000, 0, 2050)                                                              = 0
8623 [0x7f83fb54180a] SYS_mmap(0x7f83f8587000, 8192, 3, 2066)                                                                      = 0x7f83f8587000
8623 [0x7f83fb54180a] SYS_mmap(0x7f83f8589000, 0x2d1e0, 3, 50)                                                                     = 0x7f83f8589000
8623 [0x7f83fb541787] SYS_close(3, 16, 0, 0x6ffffdff)                                                                              = 0
8623 [0x7f83fb541677] SYS_open(0x7f83fb739a30, 0x80000, 0, 0x6ffffdff)                                                             = 3
8623 [0x7f83fb541697] SYS_read(3, 0x7fff518797c8, 832, 0x6ffffdff)                                                                 = 832
8623 [0x7f83fb541604] SYS_fstat(3, 0x7fff518796a0, 0x7fff518796a0, 16)                                                             = 0
8623 [0x7f83fb54180a] SYS_mmap(0, 0x43fe88, 5, 2050)                                                                               = 0x7f83f7f40000
8623 [0x7f83fb541857] SYS_mprotect(0x7f83f8155000, 0x200000, 0, 2050)                                                              = 0
8623 [0x7f83fb54180a] SYS_mmap(0x7f83f8355000, 0x27000, 3, 2066)                                                                   = 0x7f83f8355000
8623 [0x7f83fb54180a] SYS_mmap(0x7f83f837c000, 0x3e88, 3, 50)                                                                      = 0x7f83f837c000
8623 [0x7f83fb541857] SYS_mprotect(0x7fff5187b000, 4096, 0x1000007, 4)                                                             = 0
8623 [0x7f83fb541787] SYS_close(3, 4096, 0x1000007, 4)                                                                             = 0
8623 [0x7f83fb541677] SYS_open(0x7f83fb739fb0, 0x80000, 0, 0x7f83fb73c4d0)                                                         = 3
8623 [0x7f83fb541697] SYS_read(3, 0x7fff51879798, 832, 0x7f83fb73c4d0)                                                             = 832
8623 [0x7f83fb541604] SYS_fstat(3, 0x7fff51879670, 0x7fff51879670, 16)                                                             = 0
8623 [0x7f83fb54180a] SYS_mmap(0, 4096, 3, 34)                                                                                     = 0x7f83fb738000
8623 [0x7f83fb54180a] SYS_mmap(0, 0x215730, 5, 2050)                                                                               = 0x7f83f7d2a000
8623 [0x7f83fb541857] SYS_mprotect(0x7f83f7d40000, 0x1ff000, 0, 2050)                                                              = 0
8623 [0x7f83fb54180a] SYS_mmap(0x7f83f7f3f000, 4096, 3, 2066)                                                                      = 0x7f83f7f3f000
8623 [0x7f83fb541787] SYS_close(3, 16, 0x7f83f7f3f490, 0x6ffffdff)                                                                 = 0
8623 [0x7f83fb541677] SYS_open(0x7f83fb7384f0, 0x80000, 0, 0x6ffffdff)                                                             = 3
8623 [0x7f83fb541697] SYS_read(3, 0x7fff51879768, 832, 0x6ffffdff)                                                                 = 832
8623 [0x7f83fb541604] SYS_fstat(3, 0x7fff51879640, 0x7fff51879640, 32)                                                             = 0
8623 [0x7f83fb54180a] SYS_mmap(0, 0x2fd148, 5, 2050)                                                                               = 0x7f83f7a2c000
8623 [0x7f83fb541857] SYS_mprotect(0x7f83f7b29000, 0x1ff000, 0, 2050)                                                              = 0
8623 [0x7f83fb54180a] SYS_mmap(0x7f83f7d28000, 8192, 3, 2066)                                                                      = 0x7f83f7d28000
8623 [0x7f83fb541787] SYS_close(3, 16, 0, 0x6ffffdff)                                                                              = 0
8623 [0x7f83fb541677] SYS_open(0x7fff51879530, 0x80000, 0, 0x36782f39325f3130)                                                     = -2
8623 [0x7f83fb5415c5] SYS_stat(0x7fff51879530, 0x7fff51879610, 0x7fff51879610, 0x36782f39325f3130)                                 = -2
8623 [0x7f83fb541677] SYS_open(0x7fff51879530, 0x80000, 0, 0x36782f39325f3130)                                                     = -2
8623 [0x7f83fb5415c5] SYS_stat(0x7fff51879530, 0x7fff51879610, 0x7fff51879610, 0x36782f39325f3130)                                 = -2
8623 [0x7f83fb541677] SYS_open(0x7fff51879530, 0x80000, 0, 0x36782f39325f3130)                                                     = -2
8623 [0x7f83fb5415c5] SYS_stat(0x7fff51879530, 0x7fff51879610, 0x7fff51879610, 0x36782f39325f3130)                                 = -2
8623 [0x7f83fb541677] SYS_open(0x7fff51879530, 0x80000, 0, 0x36782f39325f3130)                                                     = -2
8623 [0x7f83fb5415c5] SYS_stat(0x7fff51879530, 0x7fff51879610, 0x7fff51879610, 0x36782f39325f3130)                                 = -2
8623 [0x7f83fb541677] SYS_open(0x7f83fb738dd0, 0x80000, 0, 0x36782f39325f3130)                                                     = 3
8623 [0x7f83fb541697] SYS_read(3, 0x7fff51879738, 832, 0x36782f39325f3130)                                                         = 832
8623 [0x7f83fb541604] SYS_fstat(3, 0x7fff51879610, 0x7fff51879610, 16)                                                             = 0
8623 [0x7f83fb54180a] SYS_mmap(0, 4096, 3, 34)                                                                                     = 0x7f83fb737000
8623 [0x7f83fb54180a] SYS_mmap(0, 0x2f8980, 5, 2050)                                                                               = 0x7f83f7733000
8623 [0x7f83fb541857] SYS_mprotect(0x7f83f782a000, 0x200000, 0, 2050)                                                              = 0
8623 [0x7f83fb54180a] SYS_mmap(0x7f83f7a2a000, 8192, 3, 2066)                                                                      = 0x7f83f7a2a000
8623 [0x7f83fb541787] SYS_close(3, 16, 0x7f83f7a2a3a0, 0x6ffffdff)                                                                 = 0
8623 [0x7f83fb541677] SYS_open(0x7f83fb7374c8, 0x80000, 0, 0x6ffffdff)                                                             = 3
8623 [0x7f83fb541697] SYS_read(3, 0x7fff51879708, 832, 0x6ffffdff)                                                                 = 832
8623 [0x7f83fb541604] SYS_fstat(3, 0x7fff518795e0, 0x7fff518795e0, 16)                                                             = 0
8623 [0x7f83fb54180a] SYS_mmap(0, 0x2fc9d8, 5, 2050)                                                                               = 0x7f83f7436000
8623 [0x7f83fb541857] SYS_mprotect(0x7f83f7531000, 0x200000, 0, 2050)                                                              = 0
8623 [0x7f83fb54180a] SYS_mmap(0x7f83f7731000, 8192, 3, 2066)                                                                      = 0x7f83f7731000
8623 [0x7f83fb541787] SYS_close(3, 16, 0x7f83f7732828, 0x6ffffdff)                                                                 = 0
8623 [0x7f83fb541677] SYS_open(0x7f83fb737998, 0x80000, 0, 0x6ffffdff)                                                             = 3
8623 [0x7f83fb541697] SYS_read(3, 0x7fff518796d8, 832, 0x6ffffdff)                                                                 = 832
8623 [0x7f83fb541604] SYS_fstat(3, 0x7fff518795b0, 0x7fff518795b0, 16)                                                             = 0
8623 [0x7f83fb54180a] SYS_mmap(0, 0x242830, 5, 2050)                                                                               = 0x7f83f71f3000
8623 [0x7f83fb541857] SYS_mprotect(0x7f83f7236000, 0x1ff000, 0, 2050)                                                              = 0
8623 [0x7f83fb54180a] SYS_mmap(0x7f83f7435000, 4096, 3, 2066)                                                                      = 0x7f83f7435000
8623 [0x7f83fb541787] SYS_close(3, 16, 0x7f83f7435630, 0x6ffffdff)                                                                 = 0
8623 [0x7f83fb541677] SYS_open(0x7f83fb737f70, 0x80000, 0, 0x7f83fb73e9b8)                                                         = 3
8623 [0x7f83fb541697] SYS_read(3, 0x7fff518796a8, 832, 0x7f83fb73e9b8)                                                             = 832
8623 [0x7f83fb541604] SYS_fstat(3, 0x7fff51879580, 0x7fff51879580, 32)                                                             = 0
8623 [0x7f83fb54180a] SYS_mmap(0, 4096, 3, 34)                                                                                     = 0x7f83fb736000
8623 [0x7f83fb54180a] SYS_mmap(0, 0x203118, 5, 2050)                                                                               = 0x7f83f6fef000
8623 [0x7f83fb541857] SYS_mprotect(0x7f83f6ff1000, 0x200000, 0, 2050)                                                              = 0
8623 [0x7f83fb54180a] SYS_mmap(0x7f83f71f1000, 8192, 3, 2066)                                                                      = 0x7f83f71f1000
8623 [0x7f83fb541787] SYS_close(3, 16, 0x7f83f71f1f40, 0x6ffffdff)                                                                 = 0
8623 [0x7f83fb54180a] SYS_mmap(0, 4096, 3, 34)                                                                                     = 0x7f83fb735000
8623 [0x7f83fb54180a] SYS_mmap(0, 4096, 3, 34)                                                                                     = 0x7f83fb734000
8623 [0x7f83fb54180a] SYS_mmap(0, 8192, 3, 34)                                                                                     = 0x7f83fb732000
8623 [0x7f83fb52b044] SYS_arch_prctl(4098, 0x7f83fb732780, 0x7f83fb733080, 34)                                                     = 0
8623 [0x7f83fb541857] SYS_mprotect(0x7f83fae81000, 0x4000, 1, 1)                                                                   = 0
8623 [0x7f83fb541857] SYS_mprotect(0x7f83f71f1000, 4096, 1, 0x7f83f6fefc68)                                                        = 0
8623 [0x7f83fb541857] SYS_mprotect(0x7f83fa027000, 4096, 1, 0x7f83f9e15500)                                                        = 0
8623 [0x7f83fb541857] SYS_mprotect(0x7f83f7d28000, 4096, 1, 1)                                                                     = 0
8623 [0x7f83fb541857] SYS_mprotect(0x7f83f8587000, 4096, 1, 0x7f83f8380a00)                                                        = 0
8623 [0x7f83fb541857] SYS_mprotect(0x7f83fa2eb000, 0x7000, 1, 0x7f83fa085810)                                                      = 0
8623 [0x7f83fb541857] SYS_mprotect(0x7f83f9e0e000, 4096, 1, 0x7f83f9c09d58)                                                        = 0
8623 [0x7f83fb541857] SYS_mprotect(0x7f83fb74a000, 4096, 1, 0)                                                                     = 0
8623 [0x7f83fb541837] SYS_munmap(0x7f83fb740000, 0x83b3, 0x70300, 0)                                                               = 0
8623 [0x7f83f9e16e92] SYS_set_tid_address(0x7f83fb732a50, 0x7fff5187b698, 0x7f83fb732780, 0)                                       = 8623
8623 [0x7f83f9e16efa] SYS_set_robust_list(0x7f83fb732a60, 24, 0x7f83fb732780, 0)                                                   = 0
8623 [0x7f83f9e20cf5] SYS_rt_sigaction(32, 0x7fff5187b3e8, 0, 8)                                                                   = 0
8623 [0x7f83f9e20cf5] SYS_rt_sigaction(33, 0x7fff5187b3e8, 0, 8)                                                                   = 0
8623 [0x7f83f9e16fd6] SYS_rt_sigprocmask(1, 0x7fff5187b538, 0, 8)                                                                  = 0
8623 [0x7f83fabcdb17] SYS_getrlimit(3, 0x7fff5187b5d0, 63, 1)                                                                      = 0
8623 [0x7f83f9e16b95] SYS_futex(0x7f83fa2f57e0, 129, 0x7fffffff, 0)                                                                = 0
8623 [0x4009e1] ledctrl->Hal_Led_Set_Mode(1, 1, 0x7f83fac3bc60, 0 <unfinished ...>
8623 [0x7f83fae91575]   libnhal.so->Hal_Lookup_Hardware_Info(0x7fff5187b3c0, 1, 0x7f83fac3bc60, 0 <unfinished ...>
8623 [0x7f83fabc8557]     SYS_statfs(0x7f83f9e231e8, 0x7fff5187b1b0, 0x7f83fa02c310, 1)                                            = 0
8623 [0x7f83f9e16b95]     SYS_futex(0x7f83fa02c310, 129, 0x7fffffff, 0)                                                            = 0
8623 [0x7f83fabc87e0]     SYS_open(0x7fff5187b2c0, 0xa0002, 484, 1)                                                                = 3
8623 [0x7f83fabd172a]     SYS_mmap(0, 220, 3, 1)                                                                                   = 0x7f83fb748000
8623 [0x7f83fabc9070]     SYS_close(3, 220, 3, 1)                                                                                  = 0
8623 [0x7f83fae907f0]     libnhal.so->Hw_Semaphore_Init(0x7fff5187b370, 0x7f83fae93287, 1, -1 <unfinished ...>
8623 [0x7f83fabc8405]       SYS_lstat(0x7fff5187b220, 0x7fff5187b130, 0x7fff5187b130, 0)                                           = -2
8623 [0x7f83f9e20510]       SYS_open(0x7fff5187b220, 194, 600, 0)                                                                  = 3
8623 [0x7f83f9e1fda0]       SYS_write(3, 0x7fff5187b2a0, 32, 0)                                                                    = 32
8623 [0x7f83fabd172a]       SYS_mmap(0, 32, 3, 1)                                                                                  = 0x7f83fb747000
8623 [0x7f83fabca1a7]       SYS_link(0x7fff5187b220, 0x7fff5187b250, 3, 1)                                                         = -17
8623 [0x7f83fabd1757]       SYS_munmap(0x7f83fb747000, 32, 3, 1)                                                                   = 0
8623 [0x7f83fabca2c7]       SYS_unlink(0x7fff5187b220, 32, 3, 1)                                                                   = 0
8623 [0x7f83f9e1fe60]       SYS_close(3, 32, 3, 1)                                                                                 = 0
8623 [0x7f83f9e20510]       SYS_open(0x7fff5187b250, 0x20002, 18, 1)                                                               = 3
8623 [0x7f83fabc83b4]       SYS_fstat(3, 0x7fff5187b180, 0x7fff5187b180, 1)                                                        = 0
8623 [0x7f83fabcdf5a]       SYS_brk(0, 0x7f83fae85640, 0, -4096)                                                                   = 0x2130000
8623 [0x7f83fabcdf5a]       SYS_brk(0x2151000, 0x2130000, 0x2151000, -4096)                                                        = 0x2151000
8623 [0x7f83fabd172a]       SYS_mmap(0, 32, 3, 1)                                                                                  = 0x7f83fb747000
8623 [0x7f83f9e1fe60]       SYS_close(3, 32, 0, 3)                                                                                 = 0
8623 [0x7f83fae907f0]     <... Hw_Semaphore_Init resumed> )                                                                        = 17
8623 [0x7f83fae90800]     libnhal.so->Hw_Semaphore_Lock(0x7fff5187b370, 32, 0x7f83fb747000, -1)                                    = 0
8623 [0x7f83fae90918]     libnhal.so->Hw_Semaphore_Unlock(0x7fff5187b370, 2, 0x7f83fb748000, 0)                                    = 0
8623 [0x7f83fae90924]     libnhal.so->Hw_Semaphore_Release(0x7fff5187b370, 128, 0, 0 <unfinished ...>
8623 [0x7f83fabd1757]       SYS_munmap(0x7f83fb747000, 32, 0, 1)                                                                   = 0
8623 [0x7f83fae90924]     <... Hw_Semaphore_Release resumed> )                                                                     = 0
8623 [0x7f83fae91575]   <... Hal_Lookup_Hardware_Info resumed> )                                                                   = 0
8623 [0x7f83fae91b5e]   libnhal.so->Intel_Milstead_Set_Gpio(27, 1, 0, -7800 <unfinished ...>
8623 [0x7f83f91e0823]     libgeneraldrv.so->Hw_Semaphore_Init(0x7fff5187b2a0, 0x7f83f91e4000, 1, 0 <unfinished ...>
8623 [0x7f83fabc8405]       SYS_lstat(0x7fff5187b150, 0x7fff5187b060, 0x7fff5187b060, 0)                                           = -2
8623 [0x7f83f9e20510]       SYS_open(0x7fff5187b150, 194, 600, 0)                                                                  = 3
8623 [0x7f83f9e1fda0]       SYS_write(3, 0x7fff5187b1d0, 32, 0)                                                                    = 32
8623 [0x7f83fabd172a]       SYS_mmap(0, 32, 3, 1)                                                                                  = 0x7f83fb747000
8623 [0x7f83fabca1a7]       SYS_link(0x7fff5187b150, 0x7fff5187b180, 3, 1)                                                         = -17
8623 [0x7f83fabd1757]       SYS_munmap(0x7f83fb747000, 32, 3, 1)                                                                   = 0
8623 [0x7f83fabca2c7]       SYS_unlink(0x7fff5187b150, 32, 3, 1)                                                                   = 0
8623 [0x7f83f9e1fe60]       SYS_close(3, 32, 3, 1)                                                                                 = 0
8623 [0x7f83f9e20510]       SYS_open(0x7fff5187b180, 0x20002, 17, 1)                                                               = 3
8623 [0x7f83fabc83b4]       SYS_fstat(3, 0x7fff5187b0b0, 0x7fff5187b0b0, 1)                                                        = 0
8623 [0x7f83fabd172a]       SYS_mmap(0, 32, 3, 1)                                                                                  = 0x7f83fb747000
8623 [0x7f83f9e1fe60]       SYS_close(3, 32, 0, 1)                                                                                 = 0
8623 [0x7f83f91e0823]     <... Hw_Semaphore_Init resumed> )                                                                        = 17
8623 [0x7f83f91e0833]     libgeneraldrv.so->Hw_Semaphore_Lock(0x7fff5187b2a0, 32, 0x7f83fb747000, -1)                              = 0
8623 [0x7f83fabd56b7]     SYS_ioperm(3320, 4, 1, 1)                                                                                = 0
8623 [0x7f83fabd56b7]     SYS_ioperm(3320, 4, 0, 1)                                                                                = 0
8623 [0x7f83fabd56b7]     SYS_ioperm(235, 1, 1, 1)                                                                                 = 0
8623 [0x7f83fabd56b7]     SYS_ioperm(235, 1, 0, 1)                                                                                 = 0
8623 [0x7f83fabd56b7]     SYS_ioperm(3324, 4, 1, 1)                                                                                = 0
8623 [0x7f83fabd56b7]     SYS_ioperm(3324, 4, 0, 1)                                                                                = 0
8623 [0x7f83fabd56b7]     SYS_ioperm(235, 1, 1, 1)                                                                                 = 0
8623 [0x7f83fabd56b7]     SYS_ioperm(235, 1, 0, 1)                                                                                 = 0
8623 [0x7f83fabd56b7]     SYS_ioperm(3320, 4, 1, 1)                                                                                = 0
8623 [0x7f83fabd56b7]     SYS_ioperm(3320, 4, 0, 1)                                                                                = 0
8623 [0x7f83fabd56b7]     SYS_ioperm(235, 1, 1, 1)                                                                                 = 0
8623 [0x7f83fabd56b7]     SYS_ioperm(235, 1, 0, 1)                                                                                 = 0
8623 [0x7f83f91e097f]     libgeneraldrv.so->Hw_Semaphore_Unlock(0x7fff5187b2a0, 1, 0, -1)                                          = 0
8623 [0x7f83f91e098b]     libgeneraldrv.so->Hw_Semaphore_Release(0x7fff5187b2a0, 128, 0, 0 <unfinished ...>
8623 [0x7f83fabd1757]       SYS_munmap(0x7f83fb747000, 32, 0, 1)                                                                   = 0
8623 [0x7f83f91e098b]     <... Hw_Semaphore_Release resumed> )                                                                     = 0
8623 [0x7f83fabc8405]     SYS_lstat(0x7fff5187b1c0, 0x7fff5187b0d0, 0x7fff5187b0d0, 0)                                             = -2
8623 [0x7f83f9e20510]     SYS_open(0x7fff5187b1c0, 194, 600, 0)                                                                    = 3
8623 [0x7f83f9e1fda0]     SYS_write(3, 0x7fff5187b240, 32, 0)                                                                      = 32
8623 [0x7f83fabd172a]     SYS_mmap(0, 32, 3, 1)                                                                                    = 0x7f83fb747000
8623 [0x7f83fabca1a7]     SYS_link(0x7fff5187b1c0, 0x7fff5187b1f0, 3, 1)                                                           = -17
8623 [0x7f83fabd1757]     SYS_munmap(0x7f83fb747000, 32, 3, 1)                                                                     = 0
8623 [0x7f83fabca2c7]     SYS_unlink(0x7fff5187b1c0, 32, 3, 1)                                                                     = 0
8623 [0x7f83f9e1fe60]     SYS_close(3, 32, 3, 1)                                                                                   = 0
8623 [0x7f83f9e20510]     SYS_open(0x7fff5187b1f0, 0x20002, 18, 1)                                                                 = 3
8623 [0x7f83fabc83b4]     SYS_fstat(3, 0x7fff5187b120, 0x7fff5187b120, 1)                                                          = 0
8623 [0x7f83fabd172a]     SYS_mmap(0, 32, 3, 1)                                                                                    = 0x7f83fb747000
8623 [0x7f83f9e1fe60]     SYS_close(3, 32, 0, 1)                                                                                   = 0
8623 [0x7f83fabd56b7]     SYS_ioperm(1280, 4, 1, 1)                                                                                = 0
8623 [0x7f83fabd56b7]     SYS_ioperm(1280, 4, 0, 1)                                                                                = 0
8623 [0x7f83fabd56b7]     SYS_ioperm(1280, 4, 1, 1)                                                                                = 0
8623 [0x7f83fabd56b7]     SYS_ioperm(1280, 4, 0, 1)                                                                                = 0
8623 [0x7f83fabd56b7]     SYS_ioperm(1284, 4, 1, 1)                                                                                = 0
8623 [0x7f83fabd56b7]     SYS_ioperm(1284, 4, 0, 1)                                                                                = 0
8623 [0x7f83fabd56b7]     SYS_ioperm(1284, 4, 1, 1)                                                                                = 0
8623 [0x7f83fabd56b7]     SYS_ioperm(1284, 4, 0, 1)                                                                                = 0
8623 [0x7f83fabd56b7]     SYS_ioperm(1292, 4, 1, 1)                                                                                = 0
8623 [0x7f83fabd56b7]     SYS_ioperm(1292, 4, 0, 1)                                                                                = 0
8623 [0x7f83fabd56b7]     SYS_ioperm(1292, 4, 1, 1)                                                                                = 0
8623 [0x7f83fabd56b7]     SYS_ioperm(1292, 4, 0, 1)                                                                                = 0
8623 [0x7f83fabd1757]     SYS_munmap(0x7f83fb747000, 32, 0, 1)                                                                     = 0
8623 [0x7f83fae91b5e]   <... Intel_Milstead_Set_Gpio resumed> )                                                                    = 0
8623 [0x4009e1] <... Hal_Led_Set_Mode resumed> )                                                                                   = 0
8623 [0x7f83fab22932] libgeneral.so->Trace_Mem_Destroy()(0x7f83fa83ad40, 0, 0xfe9b17e82b28286b, 16)                                = 0
8623 [0x7f83faba5468] SYS_exit_group(0, 60, 0, 0x7f83fae88a48 <unfinished ...>
8623 [0xffffffffffffffff] +++ exited (status 0) +++
