8659 [0x7f426b9418aa] SYS_brk(0, 0x7f426b944fa0, 0, 895)                                                                           = 0x1c2b000
8659 [0x7f426b9427e7] SYS_readlink(0x7fffb9306b84, 0x7fffb9303b80, 4096, 0x756e694c00000000)                                       = -2
8659 [0x7f426b942677] SYS_open(0x7f426b9461f3, 0, 0, 0x756e694c00000000)                                                           = 3
8659 [0x7f426b9427a7] SYS_chdir(0x7f426bb4dba8, 0, 0, 0x756e694c00000000)                                                          = -2
8659 [0x7f426b9419d2] SYS_getcwd(0x7fffb9303b80, 4096, 0, 0x756e694c00000000)                                                      = 23
8659 [0x7f426b9427c7] SYS_fchdir(3, 4096, 0, 0x756e694c00000000)                                                                   = 0
8659 [0x7f426b942787] SYS_close(3, 4096, 0, 0x756e694c00000000)                                                                    = 0
8659 [0x7f426b94280a] SYS_mmap(0, 4096, 3, 34)                                                                                     = 0x7f426bb4a000
8659 [0x7f426b9426d7] SYS_access(0x7f426b948700, 4, 0x7f426bb4d718, 0)                                                             = -2
8659 [0x7f426b942677] SYS_open(0x7f426b946072, 0x80000, 1, 0)                                                                      = 3
8659 [0x7f426b942604] SYS_fstat(3, 0x7fffb9303360, 0x7fffb9303360, 0)                                                              = 0
8659 [0x7f426b94280a] SYS_mmap(0, 0x83b3, 1, 2)                                                                                    = 0x7f426bb41000
8659 [0x7f426b942787] SYS_close(3, 0x83b3, 1, 2)                                                                                   = 0
8659 [0x7f426b942677] SYS_open(0x7f426bb4a640, 0x80000, 0, 56)                                                                     = 3
8659 [0x7f426b942697] SYS_read(3, 0x7fffb93034e8, 832, 56)                                                                         = 832
8659 [0x7f426b942604] SYS_fstat(3, 0x7fffb93033c0, 0x7fffb93033c0, 16)                                                             = 0
8659 [0x7f426b94280a] SYS_mmap(0, 0x278960, 5, 2050)                                                                               = 0x7f426b6b2000
8659 [0x7f426b942857] SYS_mprotect(0x7f426b728000, 0x200000, 0, 2050)                                                              = 0
8659 [0x7f426b94280a] SYS_mmap(0x7f426b928000, 0x3000, 3, 2066)                                                                    = 0x7f426b928000
8659 [0x7f426b942787] SYS_close(3, 16, 0x7f426b9283e0, 0x6ffffdff)                                                                 = 0
8659 [0x7f426b942677] SYS_open(0x7f426bb4ab10, 0x80000, 0, 0x6ffffdff)                                                             = 3
8659 [0x7f426b942697] SYS_read(3, 0x7fffb93034b8, 832, 0x6ffffdff)                                                                 = 832
8659 [0x7f426b942604] SYS_fstat(3, 0x7fffb9303390, 0x7fffb9303390, 16)                                                             = 0
8659 [0x7f426b94280a] SYS_mmap(0, 0x21bee0, 5, 2050)                                                                               = 0x7f426b496000
8659 [0x7f426b942857] SYS_mprotect(0x7f426b4b1000, 0x200000, 0, 2050)                                                              = 0
8659 [0x7f426b94280a] SYS_mmap(0x7f426b6b1000, 4096, 3, 2066)                                                                      = 0x7f426b6b1000
8659 [0x7f426b942787] SYS_close(3, 16, 0x7f426b6b1208, 0x6ffffdff)                                                                 = 0
8659 [0x7f426b942677] SYS_open(0x7f426bb4afe0, 0x80000, 0, 0x6ffffdff)                                                             = 3
8659 [0x7f426b942697] SYS_read(3, 0x7fffb9303488, 832, 0x6ffffdff)                                                                 = 832
8659 [0x7f426b942604] SYS_fstat(3, 0x7fffb9303360, 0x7fffb9303360, 16)                                                             = 0
8659 [0x7f426b94280a] SYS_mmap(0, 4096, 3, 34)                                                                                     = 0x7f426bb40000
8659 [0x7f426b94280a] SYS_mmap(0, 0x209ad0, 5, 2050)                                                                               = 0x7f426b28c000
8659 [0x7f426b942857] SYS_mprotect(0x7f426b296000, 0x1ff000, 0, 2050)                                                              = 0
8659 [0x7f426b94280a] SYS_mmap(0x7f426b495000, 4096, 3, 2066)                                                                      = 0x7f426b495000
8659 [0x7f426b942787] SYS_close(3, 16, 0x7f426b495690, 0x6ffffdff)                                                                 = 0
8659 [0x7f426b942677] SYS_open(0x7f426bb404b8, 0x80000, 0, 0x6ffffdff)                                                             = 3
8659 [0x7f426b942697] SYS_read(3, 0x7fffb9303458, 832, 0x6ffffdff)                                                                 = 832
8659 [0x7f426b942604] SYS_fstat(3, 0x7fffb9303330, 0x7fffb9303330, 32)                                                             = 0
8659 [0x7f426b94280a] SYS_mmap(0, 0x39dc40, 5, 2050)                                                                               = 0x7f426aeee000
8659 [0x7f426b942857] SYS_mprotect(0x7f426b082000, 0x200000, 0, 2050)                                                              = 0
8659 [0x7f426b94280a] SYS_mmap(0x7f426b282000, 0x6000, 3, 2066)                                                                    = 0x7f426b282000
8659 [0x7f426b94280a] SYS_mmap(0x7f426b288000, 0x3c40, 3, 50)                                                                      = 0x7f426b288000
8659 [0x7f426b942787] SYS_close(3, 16, 0, 0x6ffffdff)                                                                              = 0
8659 [0x7f426b942677] SYS_open(0x7f426bb40988, 0x80000, 0, 0x6ffffdff)                                                             = 3
8659 [0x7f426b942697] SYS_read(3, 0x7fffb9303308, 832, 0x6ffffdff)                                                                 = 832
8659 [0x7f426b942604] SYS_fstat(3, 0x7fffb93031e0, 0x7fffb93031e0, 16)                                                             = 0
8659 [0x7f426b94280a] SYS_mmap(0, 0x2b09d0, 5, 2050)                                                                               = 0x7f426ac3d000
8659 [0x7f426b942857] SYS_mprotect(0x7f426acec000, 0x1ff000, 0, 2050)                                                              = 0
8659 [0x7f426b94280a] SYS_mmap(0x7f426aeeb000, 0x3000, 3, 2066)                                                                    = 0x7f426aeeb000
8659 [0x7f426b942787] SYS_close(3, 16, 0x7f426aeeb9a8, 0x6ffffdff)                                                                 = 0
8659 [0x7f426b942677] SYS_open(0x7f426bb40e58, 0x80000, 0, 0x6ffffdff)                                                             = 3
8659 [0x7f426b942697] SYS_read(3, 0x7fffb93032d8, 832, 0x6ffffdff)                                                                 = 832
8659 [0x7f426b942604] SYS_fstat(3, 0x7fffb93031b0, 0x7fffb93031b0, 16)                                                             = 0
8659 [0x7f426b94280a] SYS_mmap(0, 4096, 3, 34)                                                                                     = 0x7f426bb3f000
8659 [0x7f426b94280a] SYS_mmap(0, 0x294ee0, 5, 2050)                                                                               = 0x7f426a9a8000
8659 [0x7f426b942857] SYS_mprotect(0x7f426aa3a000, 0x1ff000, 0, 2050)                                                              = 0
8659 [0x7f426b94280a] SYS_mmap(0x7f426ac39000, 0x3000, 3, 2066)                                                                    = 0x7f426ac39000
8659 [0x7f426b94280a] SYS_mmap(0x7f426ac3c000, 3808, 3, 50)                                                                        = 0x7f426ac3c000
8659 [0x7f426b942787] SYS_close(3, 16, 0x7f426ac39e30, 0x6ffffdff)                                                                 = 0
8659 [0x7f426b942677] SYS_open(0x7f426bb3f4b8, 0x80000, 0, 0x6ffffdff)                                                             = 3
8659 [0x7f426b942697] SYS_read(3, 0x7fffb93032a8, 832, 0x6ffffdff)                                                                 = 832
8659 [0x7f426b942604] SYS_fstat(3, 0x7fffb9303180, 0x7fffb9303180, 16)                                                             = 0
8659 [0x7f426b94280a] SYS_mmap(0, 0x29d850, 5, 2050)                                                                               = 0x7f426a70a000
8659 [0x7f426b942857] SYS_mprotect(0x7f426a7a3000, 0x200000, 0, 2050)                                                              = 0
8659 [0x7f426b94280a] SYS_mmap(0x7f426a9a3000, 0x3000, 3, 2066)                                                                    = 0x7f426a9a3000
8659 [0x7f426b94280a] SYS_mmap(0x7f426a9a6000, 6224, 3, 50)                                                                        = 0x7f426a9a6000
8659 [0x7f426b942787] SYS_close(3, 16, 0x7f426a9a4cc8, 0x6ffffdff)                                                                 = 0
8659 [0x7f426b942677] SYS_open(0x7f426bb3f9a0, 0x80000, 0, 0x6ffffdff)                                                             = 3
8659 [0x7f426b942697] SYS_read(3, 0x7fffb9303278, 832, 0x6ffffdff)                                                                 = 832
8659 [0x7f426b942604] SYS_fstat(3, 0x7fffb9303150, 0x7fffb9303150, 16)                                                             = 0
8659 [0x7f426b94280a] SYS_mmap(0, 0x2dbbb0, 5, 2050)                                                                               = 0x7f426a42e000
8659 [0x7f426b942857] SYS_mprotect(0x7f426a4ec000, 0x200000, 0, 2050)                                                              = 0
8659 [0x7f426b94280a] SYS_mmap(0x7f426a6ec000, 0xa000, 3, 2066)                                                                    = 0x7f426a6ec000
8659 [0x7f426b94280a] SYS_mmap(0x7f426a6f6000, 0x13bb0, 3, 50)                                                                     = 0x7f426a6f6000
8659 [0x7f426b942787] SYS_close(3, 16, 0x7f426a6f24d8, 0x6ffffdff)                                                                 = 0
8659 [0x7f426b942677] SYS_open(0x7f426bb3fe70, 0x80000, 0, 0x6ffffdff)                                                             = 3
8659 [0x7f426b942697] SYS_read(3, 0x7fffb9303248, 832, 0x6ffffdff)                                                                 = 832
8659 [0x7f426b942604] SYS_fstat(3, 0x7fffb9303120, 0x7fffb9303120, 32)                                                             = 0
8659 [0x7f426b94280a] SYS_mmap(0, 4096, 3, 34)                                                                                     = 0x7f426bb3e000
8659 [0x7f426b94280a] SYS_mmap(0, 0x21c490, 5, 2050)                                                                               = 0x7f426a211000
8659 [0x7f426b942857] SYS_mprotect(0x7f426a229000, 0x1ff000, 0, 2050)                                                              = 0
8659 [0x7f426b94280a] SYS_mmap(0x7f426a428000, 8192, 3, 2066)                                                                      = 0x7f426a428000
8659 [0x7f426b94280a] SYS_mmap(0x7f426a42a000, 0x3490, 3, 50)                                                                      = 0x7f426a42a000
8659 [0x7f426b942787] SYS_close(3, 16, 0, 0x6ffffdff)                                                                              = 0
8659 [0x7f426b942677] SYS_open(0x7f426bb3e4b8, 0x80000, 0, 0x6ffffdff)                                                             = 3
8659 [0x7f426b942697] SYS_read(3, 0x7fffb9303218, 832, 0x6ffffdff)                                                                 = 832
8659 [0x7f426b942604] SYS_fstat(3, 0x7fffb93030f0, 0x7fffb93030f0, 32)                                                             = 0
8659 [0x7f426b94280a] SYS_mmap(0, 0x207bc0, 5, 2050)                                                                               = 0x7f426a009000
8659 [0x7f426b942857] SYS_mprotect(0x7f426a010000, 0x1ff000, 0, 2050)                                                              = 0
8659 [0x7f426b94280a] SYS_mmap(0x7f426a20f000, 8192, 3, 2066)                                                                      = 0x7f426a20f000
8659 [0x7f426b942787] SYS_close(3, 16, 0, 0x6ffffdff)                                                                              = 0
8659 [0x7f426b942677] SYS_open(0x7f426bb3e988, 0x80000, 0, 0x6ffffdff)                                                             = 3
8659 [0x7f426b942697] SYS_read(3, 0x7fffb93031e8, 832, 0x6ffffdff)                                                                 = 832
8659 [0x7f426b942604] SYS_fstat(3, 0x7fffb93030c0, 0x7fffb93030c0, 16)                                                             = 0
8659 [0x7f426b94280a] SYS_mmap(0, 0x202e20, 5, 2050)                                                                               = 0x7f4269e06000
8659 [0x7f426b942857] SYS_mprotect(0x7f4269e09000, 0x1ff000, 0, 2050)                                                              = 0
8659 [0x7f426b94280a] SYS_mmap(0x7f426a008000, 4096, 3, 2066)                                                                      = 0x7f426a008000
8659 [0x7f426b942787] SYS_close(3, 16, 0x7f426a008c28, 0x6ffffdff)                                                                 = 0
8659 [0x7f426b942677] SYS_open(0x7f426bb3ee58, 0x80000, 0, 0x6ffffdff)                                                             = 3
8659 [0x7f426b942697] SYS_read(3, 0x7fffb93031b8, 832, 0x6ffffdff)                                                                 = 832
8659 [0x7f426b942604] SYS_fstat(3, 0x7fffb9303090, 0x7fffb9303090, 16)                                                             = 0
8659 [0x7f426b94280a] SYS_mmap(0, 4096, 3, 34)                                                                                     = 0x7f426bb3d000
8659 [0x7f426b94280a] SYS_mmap(0, 0x209850, 5, 2050)                                                                               = 0x7f4269bfc000
8659 [0x7f426b942857] SYS_mprotect(0x7f4269c06000, 0x1ff000, 0, 2050)                                                              = 0
8659 [0x7f426b94280a] SYS_mmap(0x7f4269e05000, 4096, 3, 2066)                                                                      = 0x7f4269e05000
8659 [0x7f426b942787] SYS_close(3, 16, 0x7f4269e05618, 0x6ffffdff)                                                                 = 0
8659 [0x7f426b942677] SYS_open(0x7f426bb3d4b8, 0x80000, 0, 0x6ffffdff)                                                             = 3
8659 [0x7f426b942697] SYS_read(3, 0x7fffb9303188, 832, 0x6ffffdff)                                                                 = 832
8659 [0x7f426b942604] SYS_fstat(3, 0x7fffb9303060, 0x7fffb9303060, 16)                                                             = 0
8659 [0x7f426b94280a] SYS_mmap(0, 0x210868, 5, 2050)                                                                               = 0x7f42699eb000
8659 [0x7f426b942857] SYS_mprotect(0x7f42699fc000, 0x1ff000, 0, 2050)                                                              = 0
8659 [0x7f426b94280a] SYS_mmap(0x7f4269bfb000, 4096, 3, 2066)                                                                      = 0x7f4269bfb000
8659 [0x7f426b942787] SYS_close(3, 16, 0x7f4269bfb408, 0x6ffffdff)                                                                 = 0
8659 [0x7f426b942677] SYS_open(0x7f426bb3da40, 0x80000, 0, 0x7f426bb3e9a0)                                                         = 3
8659 [0x7f426b942697] SYS_read(3, 0x7fffb9303028, 832, 0x7f426bb3e9a0)                                                             = 832
8659 [0x7f426b942604] SYS_fstat(3, 0x7fffb9302f00, 0x7fffb9302f00, 16)                                                             = 0
8659 [0x7f426b94280a] SYS_mmap(0, 0x2032c8, 5, 2050)                                                                               = 0x7f42697e7000
8659 [0x7f426b942857] SYS_mprotect(0x7f42697ea000, 0x200000, 0, 2050)                                                              = 0
8659 [0x7f426b94280a] SYS_mmap(0x7f42699ea000, 4096, 3, 2066)                                                                      = 0x7f42699ea000
8659 [0x7f426b942787] SYS_close(3, 16, 0x7f42699ea188, 0x6ffffdff)                                                                 = 0
8659 [0x7f426b942677] SYS_open(0x7f426bb3df28, 0x80000, 0, 0x6ffffdff)                                                             = 3
8659 [0x7f426b942697] SYS_read(3, 0x7fffb9302ff8, 832, 0x6ffffdff)                                                                 = 832
8659 [0x7f426b942604] SYS_fstat(3, 0x7fffb9302ed0, 0x7fffb9302ed0, 16)                                                             = 0
8659 [0x7f426b94280a] SYS_mmap(0, 4096, 3, 34)                                                                                     = 0x7f426bb3c000
8659 [0x7f426b94280a] SYS_mmap(0, 0x207820, 5, 2050)                                                                               = 0x7f42695df000
8659 [0x7f426b942857] SYS_mprotect(0x7f42695e6000, 0x200000, 0, 2050)                                                              = 0
8659 [0x7f426b94280a] SYS_mmap(0x7f42697e6000, 4096, 3, 2066)                                                                      = 0x7f42697e6000
8659 [0x7f426b942787] SYS_close(3, 16, 0x7f42697e6188, 0x6ffffdff)                                                                 = 0
8659 [0x7f426b942677] SYS_open(0x7f426bb3c4c8, 0x80000, 0, 0x6ffffdff)                                                             = 3
8659 [0x7f426b942697] SYS_read(3, 0x7fffb9302fc8, 832, 0x6ffffdff)                                                                 = 832
8659 [0x7f426b942604] SYS_fstat(3, 0x7fffb9302ea0, 0x7fffb9302ea0, 16)                                                             = 0
8659 [0x7f426b94280a] SYS_mmap(0, 0x201f30, 5, 2050)                                                                               = 0x7f42693dd000
8659 [0x7f426b942857] SYS_mprotect(0x7f42693df000, 0x1ff000, 0, 2050)                                                              = 0
8659 [0x7f426b94280a] SYS_mmap(0x7f42695de000, 4096, 3, 2066)                                                                      = 0x7f42695de000
8659 [0x7f426b942787] SYS_close(3, 16, 0x7f42695dee18, 0x6ffffdff)                                                                 = 0
8659 [0x7f426b942677] SYS_open(0x7f426bb3ca60, 0x80000, 0, 0x7f426bb404d0)                                                         = 3
8659 [0x7f426b942697] SYS_read(3, 0x7fffb9302f98, 832, 0x7f426bb404d0)                                                             = 832
8659 [0x7f426b942604] SYS_fstat(3, 0x7fffb9302e70, 0x7fffb9302e70, 16)                                                             = 0
8659 [0x7f426b94280a] SYS_mmap(0, 0x2022e8, 5, 2050)                                                                               = 0x7f42691da000
8659 [0x7f426b942857] SYS_mprotect(0x7f42691dc000, 0x200000, 0, 2050)                                                              = 0
8659 [0x7f426b94280a] SYS_mmap(0x7f42693dc000, 4096, 3, 2066)                                                                      = 0x7f42693dc000
8659 [0x7f426b942787] SYS_close(3, 16, 0x7f42693dc198, 0x6ffffdff)                                                                 = 0
8659 [0x7f426b942677] SYS_open(0x7f426bb3cf40, 0x80000, 0, 0x6ffffdff)                                                             = 3
8659 [0x7f426b942697] SYS_read(3, 0x7fffb9302f68, 832, 0x6ffffdff)                                                                 = 832
8659 [0x7f426b942604] SYS_fstat(3, 0x7fffb9302e40, 0x7fffb9302e40, 16)                                                             = 0
8659 [0x7f426b94280a] SYS_mmap(0, 4096, 3, 34)                                                                                     = 0x7f426bb3b000
8659 [0x7f426b94280a] SYS_mmap(0, 0x201f30, 5, 2050)                                                                               = 0x7f4268fd8000
8659 [0x7f426b942857] SYS_mprotect(0x7f4268fda000, 0x1ff000, 0, 2050)                                                              = 0
8659 [0x7f426b94280a] SYS_mmap(0x7f42691d9000, 4096, 3, 2066)                                                                      = 0x7f42691d9000
8659 [0x7f426b942787] SYS_close(3, 16, 0x7f42691d9e18, 0x6ffffdff)                                                                 = 0
8659 [0x7f426b942677] SYS_open(0x7f426bb3b4c0, 0x80000, 0, 0x6ffffdff)                                                             = 3
8659 [0x7f426b942697] SYS_read(3, 0x7fffb9302f38, 832, 0x6ffffdff)                                                                 = 832
8659 [0x7f426b942604] SYS_fstat(3, 0x7fffb9302e10, 0x7fffb9302e10, 16)                                                             = 0
8659 [0x7f426b94280a] SYS_mmap(0, 0x2038b8, 5, 2050)                                                                               = 0x7f4268dd4000
8659 [0x7f426b942857] SYS_mprotect(0x7f4268dd8000, 0x1ff000, 0, 2050)                                                              = 0
8659 [0x7f426b94280a] SYS_mmap(0x7f4268fd7000, 4096, 3, 2066)                                                                      = 0x7f4268fd7000
8659 [0x7f426b942787] SYS_close(3, 16, 0x7f4268fd7748, 0x6ffffdff)                                                                 = 0
8659 [0x7f426b942677] SYS_open(0x7f426bb3ba60, 0x80000, 0, 0x7f426bb3e000)                                                         = 3
8659 [0x7f426b942697] SYS_read(3, 0x7fffb9302ed8, 832, 0x7f426bb3e000)                                                             = 832
8659 [0x7f426b942604] SYS_fstat(3, 0x7fffb9302db0, 0x7fffb9302db0, 16)                                                             = 0
8659 [0x7f426b94280a] SYS_mmap(0, 0x210848, 5, 2050)                                                                               = 0x7f4268bc3000
8659 [0x7f426b942857] SYS_mprotect(0x7f4268bd3000, 0x1ff000, 0, 2050)                                                              = 0
8659 [0x7f426b94280a] SYS_mmap(0x7f4268dd2000, 8192, 3, 2066)                                                                      = 0x7f4268dd2000
8659 [0x7f426b942787] SYS_close(3, 16, 0x7f4268dd2d90, 0x6ffffdff)                                                                 = 0
8659 [0x7f426b942677] SYS_open(0x7f426bb3bf48, 0x80000, 0, 0x6ffffdff)                                                             = 3
8659 [0x7f426b942697] SYS_read(3, 0x7fffb9302ea8, 832, 0x6ffffdff)                                                                 = 832
8659 [0x7f426b942604] SYS_fstat(3, 0x7fffb9302d80, 0x7fffb9302d80, 16)                                                             = 0
8659 [0x7f426b94280a] SYS_mmap(0, 4096, 3, 34)                                                                                     = 0x7f426bb3a000
8659 [0x7f426b94280a] SYS_mmap(0, 0x20acf0, 5, 2050)                                                                               = 0x7f42689b8000
8659 [0x7f426b942857] SYS_mprotect(0x7f42689c3000, 0x1ff000, 0, 2050)                                                              = 0
8659 [0x7f426b94280a] SYS_mmap(0x7f4268bc2000, 4096, 3, 2066)                                                                      = 0x7f4268bc2000
8659 [0x7f426b942787] SYS_close(3, 16, 0x7f4268bc2750, 0x6ffffdff)                                                                 = 0
8659 [0x7f426b942677] SYS_open(0x7f426bb3a560, 0x80000, 0, 0x7f426bb3e000)                                                         = 3
8659 [0x7f426b942697] SYS_read(3, 0x7fffb9302e78, 832, 0x7f426bb3e000)                                                             = 832
8659 [0x7f426b942604] SYS_fstat(3, 0x7fffb9302d50, 0x7fffb9302d50, 32)                                                             = 0
8659 [0x7f426b94280a] SYS_mmap(0, 0x2361e0, 5, 2050)                                                                               = 0x7f4268781000
8659 [0x7f426b942857] SYS_mprotect(0x7f4268789000, 0x1ff000, 0, 2050)                                                              = 0
8659 [0x7f426b94280a] SYS_mmap(0x7f4268988000, 8192, 3, 2066)                                                                      = 0x7f4268988000
8659 [0x7f426b94280a] SYS_mmap(0x7f426898a000, 0x2d1e0, 3, 50)                                                                     = 0x7f426898a000
8659 [0x7f426b942787] SYS_close(3, 16, 0, 0x6ffffdff)                                                                              = 0
8659 [0x7f426b942677] SYS_open(0x7f426bb3aa30, 0x80000, 0, 0x6ffffdff)                                                             = 3
8659 [0x7f426b942697] SYS_read(3, 0x7fffb9302e48, 832, 0x6ffffdff)                                                                 = 832
8659 [0x7f426b942604] SYS_fstat(3, 0x7fffb9302d20, 0x7fffb9302d20, 16)                                                             = 0
8659 [0x7f426b94280a] SYS_mmap(0, 0x43fe88, 5, 2050)                                                                               = 0x7f4268341000
8659 [0x7f426b942857] SYS_mprotect(0x7f4268556000, 0x200000, 0, 2050)                                                              = 0
8659 [0x7f426b94280a] SYS_mmap(0x7f4268756000, 0x27000, 3, 2066)                                                                   = 0x7f4268756000
8659 [0x7f426b94280a] SYS_mmap(0x7f426877d000, 0x3e88, 3, 50)                                                                      = 0x7f426877d000
8659 [0x7f426b942857] SYS_mprotect(0x7fffb9304000, 4096, 0x1000007, 4)                                                             = 0
8659 [0x7f426b942787] SYS_close(3, 4096, 0x1000007, 4)                                                                             = 0
8659 [0x7f426b942677] SYS_open(0x7f426bb3afb0, 0x80000, 0, 0x7f426bb3d4d0)                                                         = 3
8659 [0x7f426b942697] SYS_read(3, 0x7fffb9302e18, 832, 0x7f426bb3d4d0)                                                             = 832
8659 [0x7f426b942604] SYS_fstat(3, 0x7fffb9302cf0, 0x7fffb9302cf0, 16)                                                             = 0
8659 [0x7f426b94280a] SYS_mmap(0, 4096, 3, 34)                                                                                     = 0x7f426bb39000
8659 [0x7f426b94280a] SYS_mmap(0, 0x215730, 5, 2050)                                                                               = 0x7f426812b000
8659 [0x7f426b942857] SYS_mprotect(0x7f4268141000, 0x1ff000, 0, 2050)                                                              = 0
8659 [0x7f426b94280a] SYS_mmap(0x7f4268340000, 4096, 3, 2066)                                                                      = 0x7f4268340000
8659 [0x7f426b942787] SYS_close(3, 16, 0x7f4268340490, 0x6ffffdff)                                                                 = 0
8659 [0x7f426b942677] SYS_open(0x7f426bb394f0, 0x80000, 0, 0x6ffffdff)                                                             = 3
8659 [0x7f426b942697] SYS_read(3, 0x7fffb9302de8, 832, 0x6ffffdff)                                                                 = 832
8659 [0x7f426b942604] SYS_fstat(3, 0x7fffb9302cc0, 0x7fffb9302cc0, 32)                                                             = 0
8659 [0x7f426b94280a] SYS_mmap(0, 0x2fd148, 5, 2050)                                                                               = 0x7f4267e2d000
8659 [0x7f426b942857] SYS_mprotect(0x7f4267f2a000, 0x1ff000, 0, 2050)                                                              = 0
8659 [0x7f426b94280a] SYS_mmap(0x7f4268129000, 8192, 3, 2066)                                                                      = 0x7f4268129000
8659 [0x7f426b942787] SYS_close(3, 16, 0, 0x6ffffdff)                                                                              = 0
8659 [0x7f426b942677] SYS_open(0x7fffb9302bb0, 0x80000, 0, 0x36782f39325f3130)                                                     = -2
8659 [0x7f426b9425c5] SYS_stat(0x7fffb9302bb0, 0x7fffb9302c90, 0x7fffb9302c90, 0x36782f39325f3130)                                 = -2
8659 [0x7f426b942677] SYS_open(0x7fffb9302bb0, 0x80000, 0, 0x36782f39325f3130)                                                     = -2
8659 [0x7f426b9425c5] SYS_stat(0x7fffb9302bb0, 0x7fffb9302c90, 0x7fffb9302c90, 0x36782f39325f3130)                                 = -2
8659 [0x7f426b942677] SYS_open(0x7fffb9302bb0, 0x80000, 0, 0x36782f39325f3130)                                                     = -2
8659 [0x7f426b9425c5] SYS_stat(0x7fffb9302bb0, 0x7fffb9302c90, 0x7fffb9302c90, 0x36782f39325f3130)                                 = -2
8659 [0x7f426b942677] SYS_open(0x7fffb9302bb0, 0x80000, 0, 0x36782f39325f3130)                                                     = -2
8659 [0x7f426b9425c5] SYS_stat(0x7fffb9302bb0, 0x7fffb9302c90, 0x7fffb9302c90, 0x36782f39325f3130)                                 = -2
8659 [0x7f426b942677] SYS_open(0x7f426bb39dd0, 0x80000, 0, 0x36782f39325f3130)                                                     = 3
8659 [0x7f426b942697] SYS_read(3, 0x7fffb9302db8, 832, 0x36782f39325f3130)                                                         = 832
8659 [0x7f426b942604] SYS_fstat(3, 0x7fffb9302c90, 0x7fffb9302c90, 16)                                                             = 0
8659 [0x7f426b94280a] SYS_mmap(0, 4096, 3, 34)                                                                                     = 0x7f426bb38000
8659 [0x7f426b94280a] SYS_mmap(0, 0x2f8980, 5, 2050)                                                                               = 0x7f4267b34000
8659 [0x7f426b942857] SYS_mprotect(0x7f4267c2b000, 0x200000, 0, 2050)                                                              = 0
8659 [0x7f426b94280a] SYS_mmap(0x7f4267e2b000, 8192, 3, 2066)                                                                      = 0x7f4267e2b000
8659 [0x7f426b942787] SYS_close(3, 16, 0x7f4267e2b3a0, 0x6ffffdff)                                                                 = 0
8659 [0x7f426b942677] SYS_open(0x7f426bb384c8, 0x80000, 0, 0x6ffffdff)                                                             = 3
8659 [0x7f426b942697] SYS_read(3, 0x7fffb9302d88, 832, 0x6ffffdff)                                                                 = 832
8659 [0x7f426b942604] SYS_fstat(3, 0x7fffb9302c60, 0x7fffb9302c60, 16)                                                             = 0
8659 [0x7f426b94280a] SYS_mmap(0, 0x2fc9d8, 5, 2050)                                                                               = 0x7f4267837000
8659 [0x7f426b942857] SYS_mprotect(0x7f4267932000, 0x200000, 0, 2050)                                                              = 0
8659 [0x7f426b94280a] SYS_mmap(0x7f4267b32000, 8192, 3, 2066)                                                                      = 0x7f4267b32000
8659 [0x7f426b942787] SYS_close(3, 16, 0x7f4267b33828, 0x6ffffdff)                                                                 = 0
8659 [0x7f426b942677] SYS_open(0x7f426bb38998, 0x80000, 0, 0x6ffffdff)                                                             = 3
8659 [0x7f426b942697] SYS_read(3, 0x7fffb9302d58, 832, 0x6ffffdff)                                                                 = 832
8659 [0x7f426b942604] SYS_fstat(3, 0x7fffb9302c30, 0x7fffb9302c30, 16)                                                             = 0
8659 [0x7f426b94280a] SYS_mmap(0, 0x242830, 5, 2050)                                                                               = 0x7f42675f4000
8659 [0x7f426b942857] SYS_mprotect(0x7f4267637000, 0x1ff000, 0, 2050)                                                              = 0
8659 [0x7f426b94280a] SYS_mmap(0x7f4267836000, 4096, 3, 2066)                                                                      = 0x7f4267836000
8659 [0x7f426b942787] SYS_close(3, 16, 0x7f4267836630, 0x6ffffdff)                                                                 = 0
8659 [0x7f426b942677] SYS_open(0x7f426bb38f70, 0x80000, 0, 0x7f426bb3f9b8)                                                         = 3
8659 [0x7f426b942697] SYS_read(3, 0x7fffb9302d28, 832, 0x7f426bb3f9b8)                                                             = 832
8659 [0x7f426b942604] SYS_fstat(3, 0x7fffb9302c00, 0x7fffb9302c00, 32)                                                             = 0
8659 [0x7f426b94280a] SYS_mmap(0, 4096, 3, 34)                                                                                     = 0x7f426bb37000
8659 [0x7f426b94280a] SYS_mmap(0, 0x203118, 5, 2050)                                                                               = 0x7f42673f0000
8659 [0x7f426b942857] SYS_mprotect(0x7f42673f2000, 0x200000, 0, 2050)                                                              = 0
8659 [0x7f426b94280a] SYS_mmap(0x7f42675f2000, 8192, 3, 2066)                                                                      = 0x7f42675f2000
8659 [0x7f426b942787] SYS_close(3, 16, 0x7f42675f2f40, 0x6ffffdff)                                                                 = 0
8659 [0x7f426b94280a] SYS_mmap(0, 4096, 3, 34)                                                                                     = 0x7f426bb36000
8659 [0x7f426b94280a] SYS_mmap(0, 4096, 3, 34)                                                                                     = 0x7f426bb35000
8659 [0x7f426b94280a] SYS_mmap(0, 8192, 3, 34)                                                                                     = 0x7f426bb33000
8659 [0x7f426b92c044] SYS_arch_prctl(4098, 0x7f426bb33780, 0x7f426bb34080, 34)                                                     = 0
8659 [0x7f426b942857] SYS_mprotect(0x7f426b282000, 0x4000, 1, 1)                                                                   = 0
8659 [0x7f426b942857] SYS_mprotect(0x7f42675f2000, 4096, 1, 0x7f42673f0c68)                                                        = 0
8659 [0x7f426b942857] SYS_mprotect(0x7f426a428000, 4096, 1, 0x7f426a216500)                                                        = 0
8659 [0x7f426b942857] SYS_mprotect(0x7f4268129000, 4096, 1, 1)                                                                     = 0
8659 [0x7f426b942857] SYS_mprotect(0x7f4268988000, 4096, 1, 0x7f4268781a00)                                                        = 0
8659 [0x7f426b942857] SYS_mprotect(0x7f426a6ec000, 0x7000, 1, 0x7f426a486810)                                                      = 0
8659 [0x7f426b942857] SYS_mprotect(0x7f426a20f000, 4096, 1, 0x7f426a00ad58)                                                        = 0
8659 [0x7f426b942857] SYS_mprotect(0x7f426bb4b000, 4096, 1, 0)                                                                     = 0
8659 [0x7f426b942837] SYS_munmap(0x7f426bb41000, 0x83b3, 0x73700, 0)                                                               = 0
8659 [0x7f426a217e92] SYS_set_tid_address(0x7f426bb33a50, 0x7fffb9304d18, 0x7f426bb33780, 0)                                       = 8659
8659 [0x7f426a217efa] SYS_set_robust_list(0x7f426bb33a60, 24, 0x7f426bb33780, 0)                                                   = 0
8659 [0x7f426a221cf5] SYS_rt_sigaction(32, 0x7fffb9304a68, 0, 8)                                                                   = 0
8659 [0x7f426a221cf5] SYS_rt_sigaction(33, 0x7fffb9304a68, 0, 8)                                                                   = 0
8659 [0x7f426a217fd6] SYS_rt_sigprocmask(1, 0x7fffb9304bb8, 0, 8)                                                                  = 0
8659 [0x7f426afceb17] SYS_getrlimit(3, 0x7fffb9304c50, 63, 1)                                                                      = 0
8659 [0x7f426a217b95] SYS_futex(0x7f426a6f67e0, 129, 0x7fffffff, 0)                                                                = 0
8659 [0x4009e1] ledctrl->Hal_Led_Set_Mode(5, 0, 0x7f426b03cc60, 0 <unfinished ...>
8659 [0x7f426b292575]   libnhal.so->Hal_Lookup_Hardware_Info(0x7fffb9304a40, 0, 0x7f426b03cc60, 0 <unfinished ...>
8659 [0x7f426afc9557]     SYS_statfs(0x7f426a2241e8, 0x7fffb9304830, 0x7f426a42d310, 1)                                            = 0
8659 [0x7f426a217b95]     SYS_futex(0x7f426a42d310, 129, 0x7fffffff, 0)                                                            = 0
8659 [0x7f426afc97e0]     SYS_open(0x7fffb9304940, 0xa0002, 484, 1)                                                                = 3
8659 [0x7f426afd272a]     SYS_mmap(0, 220, 3, 1)                                                                                   = 0x7f426bb49000
8659 [0x7f426afca070]     SYS_close(3, 220, 3, 1)                                                                                  = 0
8659 [0x7f426b2917f0]     libnhal.so->Hw_Semaphore_Init(0x7fffb93049f0, 0x7f426b294287, 1, -1 <unfinished ...>
8659 [0x7f426afc9405]       SYS_lstat(0x7fffb93048a0, 0x7fffb93047b0, 0x7fffb93047b0, 0)                                           = -2
8659 [0x7f426a221510]       SYS_open(0x7fffb93048a0, 194, 600, 0)                                                                  = 3
8659 [0x7f426a220da0]       SYS_write(3, 0x7fffb9304920, 32, 0)                                                                    = 32
8659 [0x7f426afd272a]       SYS_mmap(0, 32, 3, 1)                                                                                  = 0x7f426bb48000
8659 [0x7f426afcb1a7]       SYS_link(0x7fffb93048a0, 0x7fffb93048d0, 3, 1)                                                         = -17
8659 [0x7f426afd2757]       SYS_munmap(0x7f426bb48000, 32, 3, 1)                                                                   = 0
8659 [0x7f426afcb2c7]       SYS_unlink(0x7fffb93048a0, 32, 3, 1)                                                                   = 0
8659 [0x7f426a220e60]       SYS_close(3, 32, 3, 1)                                                                                 = 0
8659 [0x7f426a221510]       SYS_open(0x7fffb93048d0, 0x20002, 18, 1)                                                               = 3
8659 [0x7f426afc93b4]       SYS_fstat(3, 0x7fffb9304800, 0x7fffb9304800, 1)                                                        = 0
8659 [0x7f426afcef5a]       SYS_brk(0, 0x7f426b286640, 0, -4096)                                                                   = 0x1c2b000
8659 [0x7f426afcef5a]       SYS_brk(0x1c4c000, 0x1c2b000, 0x1c4c000, -4096)                                                        = 0x1c4c000
8659 [0x7f426afd272a]       SYS_mmap(0, 32, 3, 1)                                                                                  = 0x7f426bb48000
8659 [0x7f426a220e60]       SYS_close(3, 32, 0, 3)                                                                                 = 0
8659 [0x7f426b2917f0]     <... Hw_Semaphore_Init resumed> )                                                                        = 17
8659 [0x7f426b291800]     libnhal.so->Hw_Semaphore_Lock(0x7fffb93049f0, 32, 0x7f426bb48000, -1)                                    = 0
8659 [0x7f426b291918]     libnhal.so->Hw_Semaphore_Unlock(0x7fffb93049f0, 2, 0x7f426bb49000, 0)                                    = 0
8659 [0x7f426b291924]     libnhal.so->Hw_Semaphore_Release(0x7fffb93049f0, 128, 0, 0 <unfinished ...>
8659 [0x7f426afd2757]       SYS_munmap(0x7f426bb48000, 32, 0, 1)                                                                   = 0
8659 [0x7f426b291924]     <... Hw_Semaphore_Release resumed> )                                                                     = 0
8659 [0x7f426b292575]   <... Hal_Lookup_Hardware_Info resumed> )                                                                   = 0
8659 [0x7f426b292a7e]   libnhal.so->It87_Set_Gpio(0, 18, 0, -7592 <unfinished ...>
8659 [0x7f42695e2e70]     libgeneraldrv.so->Hw_Semaphore_Init(0x7fffb93049d0, 0x7f42695e5012, 1, 0 <unfinished ...>
8659 [0x7f426afc9405]       SYS_lstat(0x7fffb9304850, 0x7fffb9304760, 0x7fffb9304760, 0)                                           = -2
8659 [0x7f426a221510]       SYS_open(0x7fffb9304850, 194, 600, 0)                                                                  = 3
8659 [0x7f426a220da0]       SYS_write(3, 0x7fffb93048d0, 32, 0)                                                                    = 32
8659 [0x7f426afd272a]       SYS_mmap(0, 32, 3, 1)                                                                                  = 0x7f426bb48000
8659 [0x7f426afcb1a7]       SYS_link(0x7fffb9304850, 0x7fffb9304880, 3, 1)                                                         = -17
8659 [0x7f426afd2757]       SYS_munmap(0x7f426bb48000, 32, 3, 1)                                                                   = 0
8659 [0x7f426afcb2c7]       SYS_unlink(0x7fffb9304850, 32, 3, 1)                                                                   = 0
8659 [0x7f426a220e60]       SYS_close(3, 32, 3, 1)                                                                                 = 0
8659 [0x7f426a221510]       SYS_open(0x7fffb9304880, 0x20002, 20, 1)                                                               = 3
8659 [0x7f426afc93b4]       SYS_fstat(3, 0x7fffb93047b0, 0x7fffb93047b0, 1)                                                        = 0
8659 [0x7f426afd272a]       SYS_mmap(0, 32, 3, 1)                                                                                  = 0x7f426bb48000
8659 [0x7f426a220e60]       SYS_close(3, 32, 0, 1)                                                                                 = 0
8659 [0x7f42695e2e70]     <... Hw_Semaphore_Init resumed> )                                                                        = 17
8659 [0x7f42695e2e80]     libgeneraldrv.so->Hw_Semaphore_Lock(0x7fffb93049d0, 32, 0x7f426bb48000, -1)                              = 0
8659 [0x7f426afd66b7]     SYS_ioperm(46, 1, 1, 1)                                                                                  = 0
8659 [0x7f426afd66b7]     SYS_ioperm(46, 1, 0, 1)                                                                                  = 0
8659 [0x7f426afd66b7]     SYS_ioperm(235, 1, 1, 1)                                                                                 = 0
8659 [0x7f426afd66b7]     SYS_ioperm(235, 1, 0, 1)                                                                                 = 0
8659 [0x7f426afd66b7]     SYS_ioperm(46, 1, 1, 1)                                                                                  = 0
8659 [0x7f426afd66b7]     SYS_ioperm(46, 1, 0, 1)                                                                                  = 0
8659 [0x7f426afd66b7]     SYS_ioperm(235, 1, 1, 1)                                                                                 = 0
8659 [0x7f426afd66b7]     SYS_ioperm(235, 1, 0, 1)                                                                                 = 0
8659 [0x7f426afd66b7]     SYS_ioperm(46, 1, 1, 1)                                                                                  = 0
8659 [0x7f426afd66b7]     SYS_ioperm(46, 1, 0, 1)                                                                                  = 0
8659 [0x7f426afd66b7]     SYS_ioperm(235, 1, 1, 1)                                                                                 = 0
8659 [0x7f426afd66b7]     SYS_ioperm(235, 1, 0, 1)                                                                                 = 0
8659 [0x7f426afd66b7]     SYS_ioperm(46, 1, 1, 1)                                                                                  = 0
8659 [0x7f426afd66b7]     SYS_ioperm(46, 1, 0, 1)                                                                                  = 0
8659 [0x7f426afd66b7]     SYS_ioperm(235, 1, 1, 1)                                                                                 = 0
8659 [0x7f426afd66b7]     SYS_ioperm(235, 1, 0, 1)                                                                                 = 0
8659 [0x7f426afd66b7]     SYS_ioperm(46, 1, 1, 1)                                                                                  = 0
8659 [0x7f426afd66b7]     SYS_ioperm(46, 1, 0, 1)                                                                                  = 0
8659 [0x7f426afd66b7]     SYS_ioperm(235, 1, 1, 1)                                                                                 = 0
8659 [0x7f426afd66b7]     SYS_ioperm(235, 1, 0, 1)                                                                                 = 0
8659 [0x7f426afd66b7]     SYS_ioperm(47, 1, 1, 1)                                                                                  = 0
8659 [0x7f426afd66b7]     SYS_ioperm(47, 1, 0, 1)                                                                                  = 0
8659 [0x7f426afd66b7]     SYS_ioperm(235, 1, 1, 1)                                                                                 = 0
8659 [0x7f426afd66b7]     SYS_ioperm(235, 1, 0, 1)                                                                                 = 0
8659 [0x7f426afd66b7]     SYS_ioperm(46, 1, 1, 1)                                                                                  = 0
8659 [0x7f426afd66b7]     SYS_ioperm(46, 1, 0, 1)                                                                                  = 0
8659 [0x7f426afd66b7]     SYS_ioperm(235, 1, 1, 1)                                                                                 = 0
8659 [0x7f426afd66b7]     SYS_ioperm(235, 1, 0, 1)                                                                                 = 0
8659 [0x7f426afd66b7]     SYS_ioperm(47, 1, 1, 1)                                                                                  = 0
8659 [0x7f426afd66b7]     SYS_ioperm(47, 1, 0, 1)                                                                                  = 0
8659 [0x7f426afd66b7]     SYS_ioperm(235, 1, 1, 1)                                                                                 = 0
8659 [0x7f426afd66b7]     SYS_ioperm(235, 1, 0, 1)                                                                                 = 0
8659 [0x7f426afd66b7]     SYS_ioperm(46, 1, 1, 1)                                                                                  = 0
8659 [0x7f426afd66b7]     SYS_ioperm(46, 1, 0, 1)                                                                                  = 0
8659 [0x7f426afd66b7]     SYS_ioperm(235, 1, 1, 1)                                                                                 = 0
8659 [0x7f426afd66b7]     SYS_ioperm(235, 1, 0, 1)                                                                                 = 0
8659 [0x7f426afd66b7]     SYS_ioperm(47, 1, 1, 1)                                                                                  = 0
8659 [0x7f426afd66b7]     SYS_ioperm(47, 1, 0, 1)                                                                                  = 0
8659 [0x7f426afd66b7]     SYS_ioperm(235, 1, 1, 1)                                                                                 = 0
8659 [0x7f426afd66b7]     SYS_ioperm(235, 1, 0, 1)                                                                                 = 0
8659 [0x7f426afd66b7]     SYS_ioperm(46, 1, 1, 1)                                                                                  = 0
8659 [0x7f426afd66b7]     SYS_ioperm(46, 1, 0, 1)                                                                                  = 0
8659 [0x7f426afd66b7]     SYS_ioperm(235, 1, 1, 1)                                                                                 = 0
8659 [0x7f426afd66b7]     SYS_ioperm(235, 1, 0, 1)                                                                                 = 0
8659 [0x7f426afd66b7]     SYS_ioperm(47, 1, 1, 1)                                                                                  = 0
8659 [0x7f426afd66b7]     SYS_ioperm(47, 1, 0, 1)                                                                                  = 0
8659 [0x7f426afd66b7]     SYS_ioperm(235, 1, 1, 1)                                                                                 = 0
8659 [0x7f426afd66b7]     SYS_ioperm(235, 1, 0, 1)                                                                                 = 0
8659 [0x7f426afd66b7]     SYS_ioperm(1733, 1, 1, 1)                                                                                = 0
8659 [0x7f426afd66b7]     SYS_ioperm(1733, 1, 0, 1)                                                                                = 0
8659 [0x7f426afd66b7]     SYS_ioperm(235, 1, 1, 1)                                                                                 = 0
8659 [0x7f426afd66b7]     SYS_ioperm(235, 1, 0, 1)                                                                                 = 0
8659 [0x7f426afd66b7]     SYS_ioperm(1734, 1, 1, 1)                                                                                = 0
8659 [0x7f426afd66b7]     SYS_ioperm(1734, 1, 0, 1)                                                                                = 0
8659 [0x7f426afd66b7]     SYS_ioperm(235, 1, 1, 1)                                                                                 = 0
8659 [0x7f426afd66b7]     SYS_ioperm(235, 1, 0, 1)                                                                                 = 0
8659 [0x7f426afd66b7]     SYS_ioperm(1733, 1, 1, 1)                                                                                = 0
8659 [0x7f426afd66b7]     SYS_ioperm(1733, 1, 0, 1)                                                                                = 0
8659 [0x7f426afd66b7]     SYS_ioperm(235, 1, 1, 1)                                                                                 = 0
8659 [0x7f426afd66b7]     SYS_ioperm(235, 1, 0, 1)                                                                                 = 0
8659 [0x7f426afd66b7]     SYS_ioperm(1734, 1, 1, 1)                                                                                = 0
8659 [0x7f426afd66b7]     SYS_ioperm(1734, 1, 0, 1)                                                                                = 0
8659 [0x7f426afd66b7]     SYS_ioperm(235, 1, 1, 1)                                                                                 = 0
8659 [0x7f426afd66b7]     SYS_ioperm(235, 1, 0, 1)                                                                                 = 0
8659 [0x7f426afd66b7]     SYS_ioperm(46, 1, 1, 1)                                                                                  = 0
8659 [0x7f426afd66b7]     SYS_ioperm(46, 1, 0, 1)                                                                                  = 0
8659 [0x7f426afd66b7]     SYS_ioperm(235, 1, 1, 1)                                                                                 = 0
8659 [0x7f426afd66b7]     SYS_ioperm(235, 1, 0, 1)                                                                                 = 0
8659 [0x7f426afd66b7]     SYS_ioperm(46, 1, 1, 1)                                                                                  = 0
8659 [0x7f426afd66b7]     SYS_ioperm(46, 1, 0, 1)                                                                                  = 0
8659 [0x7f426afd66b7]     SYS_ioperm(235, 1, 1, 1)                                                                                 = 0
8659 [0x7f426afd66b7]     SYS_ioperm(235, 1, 0, 1)                                                                                 = 0
8659 [0x7f426afd66b7]     SYS_ioperm(46, 1, 1, 1)                                                                                  = 0
8659 [0x7f426afd66b7]     SYS_ioperm(46, 1, 0, 1)                                                                                  = 0
8659 [0x7f426afd66b7]     SYS_ioperm(235, 1, 1, 1)                                                                                 = 0
8659 [0x7f426afd66b7]     SYS_ioperm(235, 1, 0, 1)                                                                                 = 0
8659 [0x7f426afd66b7]     SYS_ioperm(46, 1, 1, 1)                                                                                  = 0
8659 [0x7f426afd66b7]     SYS_ioperm(46, 1, 0, 1)                                                                                  = 0
8659 [0x7f426afd66b7]     SYS_ioperm(235, 1, 1, 1)                                                                                 = 0
8659 [0x7f426afd66b7]     SYS_ioperm(235, 1, 0, 1)                                                                                 = 0
8659 [0x7f426afd66b7]     SYS_ioperm(46, 1, 1, 1)                                                                                  = 0
8659 [0x7f426afd66b7]     SYS_ioperm(46, 1, 0, 1)                                                                                  = 0
8659 [0x7f426afd66b7]     SYS_ioperm(235, 1, 1, 1)                                                                                 = 0
8659 [0x7f426afd66b7]     SYS_ioperm(235, 1, 0, 1)                                                                                 = 0
8659 [0x7f426afd66b7]     SYS_ioperm(47, 1, 1, 1)                                                                                  = 0
8659 [0x7f426afd66b7]     SYS_ioperm(47, 1, 0, 1)                                                                                  = 0
8659 [0x7f426afd66b7]     SYS_ioperm(235, 1, 1, 1)                                                                                 = 0
8659 [0x7f426afd66b7]     SYS_ioperm(235, 1, 0, 1)                                                                                 = 0
8659 [0x7f426afd66b7]     SYS_ioperm(46, 1, 1, 1)                                                                                  = 0
8659 [0x7f426afd66b7]     SYS_ioperm(46, 1, 0, 1)                                                                                  = 0
8659 [0x7f426afd66b7]     SYS_ioperm(235, 1, 1, 1)                                                                                 = 0
8659 [0x7f426afd66b7]     SYS_ioperm(235, 1, 0, 1)                                                                                 = 0
8659 [0x7f426afd66b7]     SYS_ioperm(47, 1, 1, 1)                                                                                  = 0
8659 [0x7f426afd66b7]     SYS_ioperm(47, 1, 0, 1)                                                                                  = 0
8659 [0x7f426afd66b7]     SYS_ioperm(235, 1, 1, 1)                                                                                 = 0
8659 [0x7f426afd66b7]     SYS_ioperm(235, 1, 0, 1)                                                                                 = 0
8659 [0x7f426afd66b7]     SYS_ioperm(46, 1, 1, 1)                                                                                  = 0
8659 [0x7f426afd66b7]     SYS_ioperm(46, 1, 0, 1)                                                                                  = 0
8659 [0x7f426afd66b7]     SYS_ioperm(235, 1, 1, 1)                                                                                 = 0
8659 [0x7f426afd66b7]     SYS_ioperm(235, 1, 0, 1)                                                                                 = 0
8659 [0x7f426afd66b7]     SYS_ioperm(47, 1, 1, 1)                                                                                  = 0
8659 [0x7f426afd66b7]     SYS_ioperm(47, 1, 0, 1)                                                                                  = 0
8659 [0x7f426afd66b7]     SYS_ioperm(235, 1, 1, 1)                                                                                 = 0
8659 [0x7f426afd66b7]     SYS_ioperm(235, 1, 0, 1)                                                                                 = 0
8659 [0x7f426afd66b7]     SYS_ioperm(46, 1, 1, 1)                                                                                  = 0
8659 [0x7f426afd66b7]     SYS_ioperm(46, 1, 0, 1)                                                                                  = 0
8659 [0x7f426afd66b7]     SYS_ioperm(235, 1, 1, 1)                                                                                 = 0
8659 [0x7f426afd66b7]     SYS_ioperm(235, 1, 0, 1)                                                                                 = 0
8659 [0x7f426afd66b7]     SYS_ioperm(47, 1, 1, 1)                                                                                  = 0
8659 [0x7f426afd66b7]     SYS_ioperm(47, 1, 0, 1)                                                                                  = 0
8659 [0x7f426afd66b7]     SYS_ioperm(235, 1, 1, 1)                                                                                 = 0
8659 [0x7f426afd66b7]     SYS_ioperm(235, 1, 0, 1)                                                                                 = 0
8659 [0x7f426afd66b7]     SYS_ioperm(46, 1, 1, 1)                                                                                  = 0
8659 [0x7f426afd66b7]     SYS_ioperm(46, 1, 0, 1)                                                                                  = 0
8659 [0x7f426afd66b7]     SYS_ioperm(235, 1, 1, 1)                                                                                 = 0
8659 [0x7f426afd66b7]     SYS_ioperm(235, 1, 0, 1)                                                                                 = 0
8659 [0x7f426afd66b7]     SYS_ioperm(47, 1, 1, 1)                                                                                  = 0
8659 [0x7f426afd66b7]     SYS_ioperm(47, 1, 0, 1)                                                                                  = 0
8659 [0x7f426afd66b7]     SYS_ioperm(235, 1, 1, 1)                                                                                 = 0
8659 [0x7f426afd66b7]     SYS_ioperm(235, 1, 0, 1)                                                                                 = 0
8659 [0x7f426afd66b7]     SYS_ioperm(46, 1, 1, 1)                                                                                  = 0
8659 [0x7f426afd66b7]     SYS_ioperm(46, 1, 0, 1)                                                                                  = 0
8659 [0x7f426afd66b7]     SYS_ioperm(235, 1, 1, 1)                                                                                 = 0
8659 [0x7f426afd66b7]     SYS_ioperm(235, 1, 0, 1)                                                                                 = 0
8659 [0x7f426afd66b7]     SYS_ioperm(47, 1, 1, 1)                                                                                  = 0
8659 [0x7f426afd66b7]     SYS_ioperm(47, 1, 0, 1)                                                                                  = 0
8659 [0x7f426afd66b7]     SYS_ioperm(235, 1, 1, 1)                                                                                 = 0
8659 [0x7f426afd66b7]     SYS_ioperm(235, 1, 0, 1)                                                                                 = 0
8659 [0x7f426afd66b7]     SYS_ioperm(46, 1, 1, 1)                                                                                  = 0
8659 [0x7f426afd66b7]     SYS_ioperm(46, 1, 0, 1)                                                                                  = 0
8659 [0x7f426afd66b7]     SYS_ioperm(235, 1, 1, 1)                                                                                 = 0
8659 [0x7f426afd66b7]     SYS_ioperm(235, 1, 0, 1)                                                                                 = 0
8659 [0x7f426afd66b7]     SYS_ioperm(47, 1, 1, 1)                                                                                  = 0
8659 [0x7f426afd66b7]     SYS_ioperm(47, 1, 0, 1)                                                                                  = 0
8659 [0x7f426afd66b7]     SYS_ioperm(235, 1, 1, 1)                                                                                 = 0
8659 [0x7f426afd66b7]     SYS_ioperm(235, 1, 0, 1)                                                                                 = 0
8659 [0x7f426afd66b7]     SYS_ioperm(46, 1, 1, 1)                                                                                  = 0
8659 [0x7f426afd66b7]     SYS_ioperm(46, 1, 0, 1)                                                                                  = 0
8659 [0x7f426afd66b7]     SYS_ioperm(235, 1, 1, 1)                                                                                 = 0
8659 [0x7f426afd66b7]     SYS_ioperm(235, 1, 0, 1)                                                                                 = 0
8659 [0x7f426afd66b7]     SYS_ioperm(47, 1, 1, 1)                                                                                  = 0
8659 [0x7f426afd66b7]     SYS_ioperm(47, 1, 0, 1)                                                                                  = 0
8659 [0x7f426afd66b7]     SYS_ioperm(235, 1, 1, 1)                                                                                 = 0
8659 [0x7f426afd66b7]     SYS_ioperm(235, 1, 0, 1)                                                                                 = 0
8659 [0x7f426afd66b7]     SYS_ioperm(46, 1, 1, 1)                                                                                  = 0
8659 [0x7f426afd66b7]     SYS_ioperm(46, 1, 0, 1)                                                                                  = 0
8659 [0x7f426afd66b7]     SYS_ioperm(235, 1, 1, 1)                                                                                 = 0
8659 [0x7f426afd66b7]     SYS_ioperm(235, 1, 0, 1)                                                                                 = 0
8659 [0x7f426afd66b7]     SYS_ioperm(47, 1, 1, 1)                                                                                  = 0
8659 [0x7f426afd66b7]     SYS_ioperm(47, 1, 0, 1)                                                                                  = 0
8659 [0x7f426afd66b7]     SYS_ioperm(235, 1, 1, 1)                                                                                 = 0
8659 [0x7f426afd66b7]     SYS_ioperm(235, 1, 0, 1)                                                                                 = 0
8659 [0x7f426afd66b7]     SYS_ioperm(46, 1, 1, 1)                                                                                  = 0
8659 [0x7f426afd66b7]     SYS_ioperm(46, 1, 0, 1)                                                                                  = 0
8659 [0x7f426afd66b7]     SYS_ioperm(235, 1, 1, 1)                                                                                 = 0
8659 [0x7f426afd66b7]     SYS_ioperm(235, 1, 0, 1)                                                                                 = 0
8659 [0x7f426afd66b7]     SYS_ioperm(47, 1, 1, 1)                                                                                  = 0
8659 [0x7f426afd66b7]     SYS_ioperm(47, 1, 0, 1)                                                                                  = 0
8659 [0x7f426afd66b7]     SYS_ioperm(235, 1, 1, 1)                                                                                 = 0
8659 [0x7f426afd66b7]     SYS_ioperm(235, 1, 0, 1)                                                                                 = 0
8659 [0x7f426afd66b7]     SYS_ioperm(46, 1, 1, 1)                                                                                  = 0
8659 [0x7f426afd66b7]     SYS_ioperm(46, 1, 0, 1)                                                                                  = 0
8659 [0x7f426afd66b7]     SYS_ioperm(235, 1, 1, 1)                                                                                 = 0
8659 [0x7f426afd66b7]     SYS_ioperm(235, 1, 0, 1)                                                                                 = 0
8659 [0x7f426afd66b7]     SYS_ioperm(47, 1, 1, 1)                                                                                  = 0
8659 [0x7f426afd66b7]     SYS_ioperm(47, 1, 0, 1)                                                                                  = 0
8659 [0x7f426afd66b7]     SYS_ioperm(235, 1, 1, 1)                                                                                 = 0
8659 [0x7f426afd66b7]     SYS_ioperm(235, 1, 0, 1)                                                                                 = 0
8659 [0x7f426afd66b7]     SYS_ioperm(46, 1, 1, 1)                                                                                  = 0
8659 [0x7f426afd66b7]     SYS_ioperm(46, 1, 0, 1)                                                                                  = 0
8659 [0x7f426afd66b7]     SYS_ioperm(235, 1, 1, 1)                                                                                 = 0
8659 [0x7f426afd66b7]     SYS_ioperm(235, 1, 0, 1)                                                                                 = 0
8659 [0x7f426afd66b7]     SYS_ioperm(47, 1, 1, 1)                                                                                  = 0
8659 [0x7f426afd66b7]     SYS_ioperm(47, 1, 0, 1)                                                                                  = 0
8659 [0x7f426afd66b7]     SYS_ioperm(235, 1, 1, 1)                                                                                 = 0
8659 [0x7f426afd66b7]     SYS_ioperm(235, 1, 0, 1)                                                                                 = 0
8659 [0x7f426afd66b7]     SYS_ioperm(46, 1, 1, 1)                                                                                  = 0
8659 [0x7f426afd66b7]     SYS_ioperm(46, 1, 0, 1)                                                                                  = 0
8659 [0x7f426afd66b7]     SYS_ioperm(235, 1, 1, 1)                                                                                 = 0
8659 [0x7f426afd66b7]     SYS_ioperm(235, 1, 0, 1)                                                                                 = 0
8659 [0x7f426afd66b7]     SYS_ioperm(47, 1, 1, 1)                                                                                  = 0
8659 [0x7f426afd66b7]     SYS_ioperm(47, 1, 0, 1)                                                                                  = 0
8659 [0x7f426afd66b7]     SYS_ioperm(235, 1, 1, 1)                                                                                 = 0
8659 [0x7f426afd66b7]     SYS_ioperm(235, 1, 0, 1)                                                                                 = 0
8659 [0x7f426afd66b7]     SYS_ioperm(1670, 1, 1, 1)                                                                                = 0
8659 [0x7f426afd66b7]     SYS_ioperm(1670, 1, 0, 1)                                                                                = 0
8659 [0x7f426afd66b7]     SYS_ioperm(1670, 1, 1, 1)                                                                                = 0
8659 [0x7f426afd66b7]     SYS_ioperm(1670, 1, 0, 1)                                                                                = 0
8659 [0x7f426afd66b7]     SYS_ioperm(235, 1, 1, 1)                                                                                 = 0
8659 [0x7f426afd66b7]     SYS_ioperm(235, 1, 0, 1)                                                                                 = 0
8659 [0x7f42695e30d1]     libgeneraldrv.so->Hw_Semaphore_Unlock(0x7fffb93049d0, 1, 0, -1)                                          = 0
8659 [0x7f42695e30dd]     libgeneraldrv.so->Hw_Semaphore_Release(0x7fffb93049d0, 128, 0, 0 <unfinished ...>
8659 [0x7f426afd2757]       SYS_munmap(0x7f426bb48000, 32, 0, 1)                                                                   = 0
8659 [0x7f42695e30dd]     <... Hw_Semaphore_Release resumed> )                                                                     = 0
8659 [0x7f426b292a7e]   <... It87_Set_Gpio resumed> )                                                                              = 0
8659 [0x4009e1] <... Hal_Led_Set_Mode resumed> )                                                                                   = 0
8659 [0x7f426af23932] libgeneral.so->Trace_Mem_Destroy()(0x7f426ac3bd40, 0, 0x3c3776e2f1df11d3, 16)                                = 0
8659 [0x7f426afa6468] SYS_exit_group(0, 60, 0, 0x7f426b289a48 <unfinished ...>
8659 [0xffffffffffffffff] +++ exited (status 0) +++
