7946 [0x7f9e2d9888aa] SYS_brk(0, 0x7f9e2d98bfa0, 0, 895)                                                                           = 0xb9c000
7946 [0x7f9e2d9897e7] SYS_readlink(0x7fff84b6db76, 0x7fff84b6b080, 4096, 0x756e694c00000000)                                       = -2
7946 [0x7f9e2d989677] SYS_open(0x7f9e2d98d1f3, 0, 0, 0x756e694c00000000)                                                           = 3
7946 [0x7f9e2d9897a7] SYS_chdir(0x7f9e2db94ba8, 0, 0, 0x756e694c00000000)                                                          = -2
7946 [0x7f9e2d9889d2] SYS_getcwd(0x7fff84b6b080, 4096, 0, 0x756e694c00000000)                                                      = 23
7946 [0x7f9e2d9897c7] SYS_fchdir(3, 4096, 0, 0x756e694c00000000)                                                                   = 0
7946 [0x7f9e2d989787] SYS_close(3, 4096, 0, 0x756e694c00000000)                                                                    = 0
7946 [0x7f9e2d98980a] SYS_mmap(0, 4096, 3, 34)                                                                                     = 0x7f9e2db91000
7946 [0x7f9e2d9896d7] SYS_access(0x7f9e2d98f700, 4, 0x7f9e2db94718, 0)                                                             = -2
7946 [0x7f9e2d989677] SYS_open(0x7f9e2d98d072, 0x80000, 1, 0)                                                                      = 3
7946 [0x7f9e2d989604] SYS_fstat(3, 0x7fff84b6a860, 0x7fff84b6a860, 0)                                                              = 0
7946 [0x7f9e2d98980a] SYS_mmap(0, 0x83b3, 1, 2)                                                                                    = 0x7f9e2db88000
7946 [0x7f9e2d989787] SYS_close(3, 0x83b3, 1, 2)                                                                                   = 0
7946 [0x7f9e2d989677] SYS_open(0x7f9e2db91640, 0x80000, 0, 56)                                                                     = 3
7946 [0x7f9e2d989697] SYS_read(3, 0x7fff84b6a9e8, 832, 56)                                                                         = 832
7946 [0x7f9e2d989604] SYS_fstat(3, 0x7fff84b6a8c0, 0x7fff84b6a8c0, 16)                                                             = 0
7946 [0x7f9e2d98980a] SYS_mmap(0, 0x278960, 5, 2050)                                                                               = 0x7f9e2d6f9000
7946 [0x7f9e2d989857] SYS_mprotect(0x7f9e2d76f000, 0x200000, 0, 2050)                                                              = 0
7946 [0x7f9e2d98980a] SYS_mmap(0x7f9e2d96f000, 0x3000, 3, 2066)                                                                    = 0x7f9e2d96f000
7946 [0x7f9e2d989787] SYS_close(3, 16, 0x7f9e2d96f3e0, 0x6ffffdff)                                                                 = 0
7946 [0x7f9e2d989677] SYS_open(0x7f9e2db91b10, 0x80000, 0, 0x6ffffdff)                                                             = 3
7946 [0x7f9e2d989697] SYS_read(3, 0x7fff84b6a9b8, 832, 0x6ffffdff)                                                                 = 832
7946 [0x7f9e2d989604] SYS_fstat(3, 0x7fff84b6a890, 0x7fff84b6a890, 16)                                                             = 0
7946 [0x7f9e2d98980a] SYS_mmap(0, 0x21bee0, 5, 2050)                                                                               = 0x7f9e2d4dd000
7946 [0x7f9e2d989857] SYS_mprotect(0x7f9e2d4f8000, 0x200000, 0, 2050)                                                              = 0
7946 [0x7f9e2d98980a] SYS_mmap(0x7f9e2d6f8000, 4096, 3, 2066)                                                                      = 0x7f9e2d6f8000
7946 [0x7f9e2d989787] SYS_close(3, 16, 0x7f9e2d6f8208, 0x6ffffdff)                                                                 = 0
7946 [0x7f9e2d989677] SYS_open(0x7f9e2db91fe0, 0x80000, 0, 0x6ffffdff)                                                             = 3
7946 [0x7f9e2d989697] SYS_read(3, 0x7fff84b6a988, 832, 0x6ffffdff)                                                                 = 832
7946 [0x7f9e2d989604] SYS_fstat(3, 0x7fff84b6a860, 0x7fff84b6a860, 16)                                                             = 0
7946 [0x7f9e2d98980a] SYS_mmap(0, 4096, 3, 34)                                                                                     = 0x7f9e2db87000
7946 [0x7f9e2d98980a] SYS_mmap(0, 0x209ad0, 5, 2050)                                                                               = 0x7f9e2d2d3000
7946 [0x7f9e2d989857] SYS_mprotect(0x7f9e2d2dd000, 0x1ff000, 0, 2050)                                                              = 0
7946 [0x7f9e2d98980a] SYS_mmap(0x7f9e2d4dc000, 4096, 3, 2066)                                                                      = 0x7f9e2d4dc000
7946 [0x7f9e2d989787] SYS_close(3, 16, 0x7f9e2d4dc690, 0x6ffffdff)                                                                 = 0
7946 [0x7f9e2d989677] SYS_open(0x7f9e2db874b8, 0x80000, 0, 0x6ffffdff)                                                             = 3
7946 [0x7f9e2d989697] SYS_read(3, 0x7fff84b6a958, 832, 0x6ffffdff)                                                                 = 832
7946 [0x7f9e2d989604] SYS_fstat(3, 0x7fff84b6a830, 0x7fff84b6a830, 32)                                                             = 0
7946 [0x7f9e2d98980a] SYS_mmap(0, 0x39dc40, 5, 2050)                                                                               = 0x7f9e2cf35000
7946 [0x7f9e2d989857] SYS_mprotect(0x7f9e2d0c9000, 0x200000, 0, 2050)                                                              = 0
7946 [0x7f9e2d98980a] SYS_mmap(0x7f9e2d2c9000, 0x6000, 3, 2066)                                                                    = 0x7f9e2d2c9000
7946 [0x7f9e2d98980a] SYS_mmap(0x7f9e2d2cf000, 0x3c40, 3, 50)                                                                      = 0x7f9e2d2cf000
7946 [0x7f9e2d989787] SYS_close(3, 16, 0, 0x6ffffdff)                                                                              = 0
7946 [0x7f9e2d989677] SYS_open(0x7f9e2db87988, 0x80000, 0, 0x6ffffdff)                                                             = 3
7946 [0x7f9e2d989697] SYS_read(3, 0x7fff84b6a808, 832, 0x6ffffdff)                                                                 = 832
7946 [0x7f9e2d989604] SYS_fstat(3, 0x7fff84b6a6e0, 0x7fff84b6a6e0, 16)                                                             = 0
7946 [0x7f9e2d98980a] SYS_mmap(0, 0x2b09d0, 5, 2050)                                                                               = 0x7f9e2cc84000
7946 [0x7f9e2d989857] SYS_mprotect(0x7f9e2cd33000, 0x1ff000, 0, 2050)                                                              = 0
7946 [0x7f9e2d98980a] SYS_mmap(0x7f9e2cf32000, 0x3000, 3, 2066)                                                                    = 0x7f9e2cf32000
7946 [0x7f9e2d989787] SYS_close(3, 16, 0x7f9e2cf329a8, 0x6ffffdff)                                                                 = 0
7946 [0x7f9e2d989677] SYS_open(0x7f9e2db87e58, 0x80000, 0, 0x6ffffdff)                                                             = 3
7946 [0x7f9e2d989697] SYS_read(3, 0x7fff84b6a7d8, 832, 0x6ffffdff)                                                                 = 832
7946 [0x7f9e2d989604] SYS_fstat(3, 0x7fff84b6a6b0, 0x7fff84b6a6b0, 16)                                                             = 0
7946 [0x7f9e2d98980a] SYS_mmap(0, 4096, 3, 34)                                                                                     = 0x7f9e2db86000
7946 [0x7f9e2d98980a] SYS_mmap(0, 0x294ee0, 5, 2050)                                                                               = 0x7f9e2c9ef000
7946 [0x7f9e2d989857] SYS_mprotect(0x7f9e2ca81000, 0x1ff000, 0, 2050)                                                              = 0
7946 [0x7f9e2d98980a] SYS_mmap(0x7f9e2cc80000, 0x3000, 3, 2066)                                                                    = 0x7f9e2cc80000
7946 [0x7f9e2d98980a] SYS_mmap(0x7f9e2cc83000, 3808, 3, 50)                                                                        = 0x7f9e2cc83000
7946 [0x7f9e2d989787] SYS_close(3, 16, 0x7f9e2cc80e30, 0x6ffffdff)                                                                 = 0
7946 [0x7f9e2d989677] SYS_open(0x7f9e2db864b8, 0x80000, 0, 0x6ffffdff)                                                             = 3
7946 [0x7f9e2d989697] SYS_read(3, 0x7fff84b6a7a8, 832, 0x6ffffdff)                                                                 = 832
7946 [0x7f9e2d989604] SYS_fstat(3, 0x7fff84b6a680, 0x7fff84b6a680, 16)                                                             = 0
7946 [0x7f9e2d98980a] SYS_mmap(0, 0x29d850, 5, 2050)                                                                               = 0x7f9e2c751000
7946 [0x7f9e2d989857] SYS_mprotect(0x7f9e2c7ea000, 0x200000, 0, 2050)                                                              = 0
7946 [0x7f9e2d98980a] SYS_mmap(0x7f9e2c9ea000, 0x3000, 3, 2066)                                                                    = 0x7f9e2c9ea000
7946 [0x7f9e2d98980a] SYS_mmap(0x7f9e2c9ed000, 6224, 3, 50)                                                                        = 0x7f9e2c9ed000
7946 [0x7f9e2d989787] SYS_close(3, 16, 0x7f9e2c9ebcc8, 0x6ffffdff)                                                                 = 0
7946 [0x7f9e2d989677] SYS_open(0x7f9e2db869a0, 0x80000, 0, 0x6ffffdff)                                                             = 3
7946 [0x7f9e2d989697] SYS_read(3, 0x7fff84b6a778, 832, 0x6ffffdff)                                                                 = 832
7946 [0x7f9e2d989604] SYS_fstat(3, 0x7fff84b6a650, 0x7fff84b6a650, 16)                                                             = 0
7946 [0x7f9e2d98980a] SYS_mmap(0, 0x2dbbb0, 5, 2050)                                                                               = 0x7f9e2c475000
7946 [0x7f9e2d989857] SYS_mprotect(0x7f9e2c533000, 0x200000, 0, 2050)                                                              = 0
7946 [0x7f9e2d98980a] SYS_mmap(0x7f9e2c733000, 0xa000, 3, 2066)                                                                    = 0x7f9e2c733000
7946 [0x7f9e2d98980a] SYS_mmap(0x7f9e2c73d000, 0x13bb0, 3, 50)                                                                     = 0x7f9e2c73d000
7946 [0x7f9e2d989787] SYS_close(3, 16, 0x7f9e2c7394d8, 0x6ffffdff)                                                                 = 0
7946 [0x7f9e2d989677] SYS_open(0x7f9e2db86e70, 0x80000, 0, 0x6ffffdff)                                                             = 3
7946 [0x7f9e2d989697] SYS_read(3, 0x7fff84b6a748, 832, 0x6ffffdff)                                                                 = 832
7946 [0x7f9e2d989604] SYS_fstat(3, 0x7fff84b6a620, 0x7fff84b6a620, 32)                                                             = 0
7946 [0x7f9e2d98980a] SYS_mmap(0, 4096, 3, 34)                                                                                     = 0x7f9e2db85000
7946 [0x7f9e2d98980a] SYS_mmap(0, 0x21c490, 5, 2050)                                                                               = 0x7f9e2c258000
7946 [0x7f9e2d989857] SYS_mprotect(0x7f9e2c270000, 0x1ff000, 0, 2050)                                                              = 0
7946 [0x7f9e2d98980a] SYS_mmap(0x7f9e2c46f000, 8192, 3, 2066)                                                                      = 0x7f9e2c46f000
7946 [0x7f9e2d98980a] SYS_mmap(0x7f9e2c471000, 0x3490, 3, 50)                                                                      = 0x7f9e2c471000
7946 [0x7f9e2d989787] SYS_close(3, 16, 0, 0x6ffffdff)                                                                              = 0
7946 [0x7f9e2d989677] SYS_open(0x7f9e2db854b8, 0x80000, 0, 0x6ffffdff)                                                             = 3
7946 [0x7f9e2d989697] SYS_read(3, 0x7fff84b6a718, 832, 0x6ffffdff)                                                                 = 832
7946 [0x7f9e2d989604] SYS_fstat(3, 0x7fff84b6a5f0, 0x7fff84b6a5f0, 32)                                                             = 0
7946 [0x7f9e2d98980a] SYS_mmap(0, 0x207bc0, 5, 2050)                                                                               = 0x7f9e2c050000
7946 [0x7f9e2d989857] SYS_mprotect(0x7f9e2c057000, 0x1ff000, 0, 2050)                                                              = 0
7946 [0x7f9e2d98980a] SYS_mmap(0x7f9e2c256000, 8192, 3, 2066)                                                                      = 0x7f9e2c256000
7946 [0x7f9e2d989787] SYS_close(3, 16, 0, 0x6ffffdff)                                                                              = 0
7946 [0x7f9e2d989677] SYS_open(0x7f9e2db85988, 0x80000, 0, 0x6ffffdff)                                                             = 3
7946 [0x7f9e2d989697] SYS_read(3, 0x7fff84b6a6e8, 832, 0x6ffffdff)                                                                 = 832
7946 [0x7f9e2d989604] SYS_fstat(3, 0x7fff84b6a5c0, 0x7fff84b6a5c0, 16)                                                             = 0
7946 [0x7f9e2d98980a] SYS_mmap(0, 0x202e20, 5, 2050)                                                                               = 0x7f9e2be4d000
7946 [0x7f9e2d989857] SYS_mprotect(0x7f9e2be50000, 0x1ff000, 0, 2050)                                                              = 0
7946 [0x7f9e2d98980a] SYS_mmap(0x7f9e2c04f000, 4096, 3, 2066)                                                                      = 0x7f9e2c04f000
7946 [0x7f9e2d989787] SYS_close(3, 16, 0x7f9e2c04fc28, 0x6ffffdff)                                                                 = 0
7946 [0x7f9e2d989677] SYS_open(0x7f9e2db85e58, 0x80000, 0, 0x6ffffdff)                                                             = 3
7946 [0x7f9e2d989697] SYS_read(3, 0x7fff84b6a6b8, 832, 0x6ffffdff)                                                                 = 832
7946 [0x7f9e2d989604] SYS_fstat(3, 0x7fff84b6a590, 0x7fff84b6a590, 16)                                                             = 0
7946 [0x7f9e2d98980a] SYS_mmap(0, 4096, 3, 34)                                                                                     = 0x7f9e2db84000
7946 [0x7f9e2d98980a] SYS_mmap(0, 0x209850, 5, 2050)                                                                               = 0x7f9e2bc43000
7946 [0x7f9e2d989857] SYS_mprotect(0x7f9e2bc4d000, 0x1ff000, 0, 2050)                                                              = 0
7946 [0x7f9e2d98980a] SYS_mmap(0x7f9e2be4c000, 4096, 3, 2066)                                                                      = 0x7f9e2be4c000
7946 [0x7f9e2d989787] SYS_close(3, 16, 0x7f9e2be4c618, 0x6ffffdff)                                                                 = 0
7946 [0x7f9e2d989677] SYS_open(0x7f9e2db844b8, 0x80000, 0, 0x6ffffdff)                                                             = 3
7946 [0x7f9e2d989697] SYS_read(3, 0x7fff84b6a688, 832, 0x6ffffdff)                                                                 = 832
7946 [0x7f9e2d989604] SYS_fstat(3, 0x7fff84b6a560, 0x7fff84b6a560, 16)                                                             = 0
7946 [0x7f9e2d98980a] SYS_mmap(0, 0x210868, 5, 2050)                                                                               = 0x7f9e2ba32000
7946 [0x7f9e2d989857] SYS_mprotect(0x7f9e2ba43000, 0x1ff000, 0, 2050)                                                              = 0
7946 [0x7f9e2d98980a] SYS_mmap(0x7f9e2bc42000, 4096, 3, 2066)                                                                      = 0x7f9e2bc42000
7946 [0x7f9e2d989787] SYS_close(3, 16, 0x7f9e2bc42408, 0x6ffffdff)                                                                 = 0
7946 [0x7f9e2d989677] SYS_open(0x7f9e2db84a40, 0x80000, 0, 0x7f9e2db859a0)                                                         = 3
7946 [0x7f9e2d989697] SYS_read(3, 0x7fff84b6a528, 832, 0x7f9e2db859a0)                                                             = 832
7946 [0x7f9e2d989604] SYS_fstat(3, 0x7fff84b6a400, 0x7fff84b6a400, 16)                                                             = 0
7946 [0x7f9e2d98980a] SYS_mmap(0, 0x2032c8, 5, 2050)                                                                               = 0x7f9e2b82e000
7946 [0x7f9e2d989857] SYS_mprotect(0x7f9e2b831000, 0x200000, 0, 2050)                                                              = 0
7946 [0x7f9e2d98980a] SYS_mmap(0x7f9e2ba31000, 4096, 3, 2066)                                                                      = 0x7f9e2ba31000
7946 [0x7f9e2d989787] SYS_close(3, 16, 0x7f9e2ba31188, 0x6ffffdff)                                                                 = 0
7946 [0x7f9e2d989677] SYS_open(0x7f9e2db84f28, 0x80000, 0, 0x6ffffdff)                                                             = 3
7946 [0x7f9e2d989697] SYS_read(3, 0x7fff84b6a4f8, 832, 0x6ffffdff)                                                                 = 832
7946 [0x7f9e2d989604] SYS_fstat(3, 0x7fff84b6a3d0, 0x7fff84b6a3d0, 16)                                                             = 0
7946 [0x7f9e2d98980a] SYS_mmap(0, 4096, 3, 34)                                                                                     = 0x7f9e2db83000
7946 [0x7f9e2d98980a] SYS_mmap(0, 0x207820, 5, 2050)                                                                               = 0x7f9e2b626000
7946 [0x7f9e2d989857] SYS_mprotect(0x7f9e2b62d000, 0x200000, 0, 2050)                                                              = 0
7946 [0x7f9e2d98980a] SYS_mmap(0x7f9e2b82d000, 4096, 3, 2066)                                                                      = 0x7f9e2b82d000
7946 [0x7f9e2d989787] SYS_close(3, 16, 0x7f9e2b82d188, 0x6ffffdff)                                                                 = 0
7946 [0x7f9e2d989677] SYS_open(0x7f9e2db834c8, 0x80000, 0, 0x6ffffdff)                                                             = 3
7946 [0x7f9e2d989697] SYS_read(3, 0x7fff84b6a4c8, 832, 0x6ffffdff)                                                                 = 832
7946 [0x7f9e2d989604] SYS_fstat(3, 0x7fff84b6a3a0, 0x7fff84b6a3a0, 16)                                                             = 0
7946 [0x7f9e2d98980a] SYS_mmap(0, 0x201f30, 5, 2050)                                                                               = 0x7f9e2b424000
7946 [0x7f9e2d989857] SYS_mprotect(0x7f9e2b426000, 0x1ff000, 0, 2050)                                                              = 0
7946 [0x7f9e2d98980a] SYS_mmap(0x7f9e2b625000, 4096, 3, 2066)                                                                      = 0x7f9e2b625000
7946 [0x7f9e2d989787] SYS_close(3, 16, 0x7f9e2b625e18, 0x6ffffdff)                                                                 = 0
7946 [0x7f9e2d989677] SYS_open(0x7f9e2db83a60, 0x80000, 0, 0x7f9e2db874d0)                                                         = 3
7946 [0x7f9e2d989697] SYS_read(3, 0x7fff84b6a498, 832, 0x7f9e2db874d0)                                                             = 832
7946 [0x7f9e2d989604] SYS_fstat(3, 0x7fff84b6a370, 0x7fff84b6a370, 16)                                                             = 0
7946 [0x7f9e2d98980a] SYS_mmap(0, 0x2022e8, 5, 2050)                                                                               = 0x7f9e2b221000
7946 [0x7f9e2d989857] SYS_mprotect(0x7f9e2b223000, 0x200000, 0, 2050)                                                              = 0
7946 [0x7f9e2d98980a] SYS_mmap(0x7f9e2b423000, 4096, 3, 2066)                                                                      = 0x7f9e2b423000
7946 [0x7f9e2d989787] SYS_close(3, 16, 0x7f9e2b423198, 0x6ffffdff)                                                                 = 0
7946 [0x7f9e2d989677] SYS_open(0x7f9e2db83f40, 0x80000, 0, 0x6ffffdff)                                                             = 3
7946 [0x7f9e2d989697] SYS_read(3, 0x7fff84b6a468, 832, 0x6ffffdff)                                                                 = 832
7946 [0x7f9e2d989604] SYS_fstat(3, 0x7fff84b6a340, 0x7fff84b6a340, 16)                                                             = 0
7946 [0x7f9e2d98980a] SYS_mmap(0, 4096, 3, 34)                                                                                     = 0x7f9e2db82000
7946 [0x7f9e2d98980a] SYS_mmap(0, 0x201f30, 5, 2050)                                                                               = 0x7f9e2b01f000
7946 [0x7f9e2d989857] SYS_mprotect(0x7f9e2b021000, 0x1ff000, 0, 2050)                                                              = 0
7946 [0x7f9e2d98980a] SYS_mmap(0x7f9e2b220000, 4096, 3, 2066)                                                                      = 0x7f9e2b220000
7946 [0x7f9e2d989787] SYS_close(3, 16, 0x7f9e2b220e18, 0x6ffffdff)                                                                 = 0
7946 [0x7f9e2d989677] SYS_open(0x7f9e2db824c0, 0x80000, 0, 0x6ffffdff)                                                             = 3
7946 [0x7f9e2d989697] SYS_read(3, 0x7fff84b6a438, 832, 0x6ffffdff)                                                                 = 832
7946 [0x7f9e2d989604] SYS_fstat(3, 0x7fff84b6a310, 0x7fff84b6a310, 16)                                                             = 0
7946 [0x7f9e2d98980a] SYS_mmap(0, 0x2038b8, 5, 2050)                                                                               = 0x7f9e2ae1b000
7946 [0x7f9e2d989857] SYS_mprotect(0x7f9e2ae1f000, 0x1ff000, 0, 2050)                                                              = 0
7946 [0x7f9e2d98980a] SYS_mmap(0x7f9e2b01e000, 4096, 3, 2066)                                                                      = 0x7f9e2b01e000
7946 [0x7f9e2d989787] SYS_close(3, 16, 0x7f9e2b01e748, 0x6ffffdff)                                                                 = 0
7946 [0x7f9e2d989677] SYS_open(0x7f9e2db82a60, 0x80000, 0, 0x7f9e2db85000)                                                         = 3
7946 [0x7f9e2d989697] SYS_read(3, 0x7fff84b6a3d8, 832, 0x7f9e2db85000)                                                             = 832
7946 [0x7f9e2d989604] SYS_fstat(3, 0x7fff84b6a2b0, 0x7fff84b6a2b0, 16)                                                             = 0
7946 [0x7f9e2d98980a] SYS_mmap(0, 0x210848, 5, 2050)                                                                               = 0x7f9e2ac0a000
7946 [0x7f9e2d989857] SYS_mprotect(0x7f9e2ac1a000, 0x1ff000, 0, 2050)                                                              = 0
7946 [0x7f9e2d98980a] SYS_mmap(0x7f9e2ae19000, 8192, 3, 2066)                                                                      = 0x7f9e2ae19000
7946 [0x7f9e2d989787] SYS_close(3, 16, 0x7f9e2ae19d90, 0x6ffffdff)                                                                 = 0
7946 [0x7f9e2d989677] SYS_open(0x7f9e2db82f48, 0x80000, 0, 0x6ffffdff)                                                             = 3
7946 [0x7f9e2d989697] SYS_read(3, 0x7fff84b6a3a8, 832, 0x6ffffdff)                                                                 = 832
7946 [0x7f9e2d989604] SYS_fstat(3, 0x7fff84b6a280, 0x7fff84b6a280, 16)                                                             = 0
7946 [0x7f9e2d98980a] SYS_mmap(0, 4096, 3, 34)                                                                                     = 0x7f9e2db81000
7946 [0x7f9e2d98980a] SYS_mmap(0, 0x20acf0, 5, 2050)                                                                               = 0x7f9e2a9ff000
7946 [0x7f9e2d989857] SYS_mprotect(0x7f9e2aa0a000, 0x1ff000, 0, 2050)                                                              = 0
7946 [0x7f9e2d98980a] SYS_mmap(0x7f9e2ac09000, 4096, 3, 2066)                                                                      = 0x7f9e2ac09000
7946 [0x7f9e2d989787] SYS_close(3, 16, 0x7f9e2ac09750, 0x6ffffdff)                                                                 = 0
7946 [0x7f9e2d989677] SYS_open(0x7f9e2db81560, 0x80000, 0, 0x7f9e2db85000)                                                         = 3
7946 [0x7f9e2d989697] SYS_read(3, 0x7fff84b6a378, 832, 0x7f9e2db85000)                                                             = 832
7946 [0x7f9e2d989604] SYS_fstat(3, 0x7fff84b6a250, 0x7fff84b6a250, 32)                                                             = 0
7946 [0x7f9e2d98980a] SYS_mmap(0, 0x2361e0, 5, 2050)                                                                               = 0x7f9e2a7c8000
7946 [0x7f9e2d989857] SYS_mprotect(0x7f9e2a7d0000, 0x1ff000, 0, 2050)                                                              = 0
7946 [0x7f9e2d98980a] SYS_mmap(0x7f9e2a9cf000, 8192, 3, 2066)                                                                      = 0x7f9e2a9cf000
7946 [0x7f9e2d98980a] SYS_mmap(0x7f9e2a9d1000, 0x2d1e0, 3, 50)                                                                     = 0x7f9e2a9d1000
7946 [0x7f9e2d989787] SYS_close(3, 16, 0, 0x6ffffdff)                                                                              = 0
7946 [0x7f9e2d989677] SYS_open(0x7f9e2db81a30, 0x80000, 0, 0x6ffffdff)                                                             = 3
7946 [0x7f9e2d989697] SYS_read(3, 0x7fff84b6a348, 832, 0x6ffffdff)                                                                 = 832
7946 [0x7f9e2d989604] SYS_fstat(3, 0x7fff84b6a220, 0x7fff84b6a220, 16)                                                             = 0
7946 [0x7f9e2d98980a] SYS_mmap(0, 0x43fe88, 5, 2050)                                                                               = 0x7f9e2a388000
7946 [0x7f9e2d989857] SYS_mprotect(0x7f9e2a59d000, 0x200000, 0, 2050)                                                              = 0
7946 [0x7f9e2d98980a] SYS_mmap(0x7f9e2a79d000, 0x27000, 3, 2066)                                                                   = 0x7f9e2a79d000
7946 [0x7f9e2d98980a] SYS_mmap(0x7f9e2a7c4000, 0x3e88, 3, 50)                                                                      = 0x7f9e2a7c4000
7946 [0x7f9e2d989857] SYS_mprotect(0x7fff84b6c000, 4096, 0x1000007, 4)                                                             = 0
7946 [0x7f9e2d989787] SYS_close(3, 4096, 0x1000007, 4)                                                                             = 0
7946 [0x7f9e2d989677] SYS_open(0x7f9e2db81fb0, 0x80000, 0, 0x7f9e2db844d0)                                                         = 3
7946 [0x7f9e2d989697] SYS_read(3, 0x7fff84b6a318, 832, 0x7f9e2db844d0)                                                             = 832
7946 [0x7f9e2d989604] SYS_fstat(3, 0x7fff84b6a1f0, 0x7fff84b6a1f0, 16)                                                             = 0
7946 [0x7f9e2d98980a] SYS_mmap(0, 4096, 3, 34)                                                                                     = 0x7f9e2db80000
7946 [0x7f9e2d98980a] SYS_mmap(0, 0x215730, 5, 2050)                                                                               = 0x7f9e2a172000
7946 [0x7f9e2d989857] SYS_mprotect(0x7f9e2a188000, 0x1ff000, 0, 2050)                                                              = 0
7946 [0x7f9e2d98980a] SYS_mmap(0x7f9e2a387000, 4096, 3, 2066)                                                                      = 0x7f9e2a387000
7946 [0x7f9e2d989787] SYS_close(3, 16, 0x7f9e2a387490, 0x6ffffdff)                                                                 = 0
7946 [0x7f9e2d989677] SYS_open(0x7f9e2db804f0, 0x80000, 0, 0x6ffffdff)                                                             = 3
7946 [0x7f9e2d989697] SYS_read(3, 0x7fff84b6a2e8, 832, 0x6ffffdff)                                                                 = 832
7946 [0x7f9e2d989604] SYS_fstat(3, 0x7fff84b6a1c0, 0x7fff84b6a1c0, 32)                                                             = 0
7946 [0x7f9e2d98980a] SYS_mmap(0, 0x2fd148, 5, 2050)                                                                               = 0x7f9e29e74000
7946 [0x7f9e2d989857] SYS_mprotect(0x7f9e29f71000, 0x1ff000, 0, 2050)                                                              = 0
7946 [0x7f9e2d98980a] SYS_mmap(0x7f9e2a170000, 8192, 3, 2066)                                                                      = 0x7f9e2a170000
7946 [0x7f9e2d989787] SYS_close(3, 16, 0, 0x6ffffdff)                                                                              = 0
7946 [0x7f9e2d989677] SYS_open(0x7fff84b6a0b0, 0x80000, 0, 0x36782f39325f3130)                                                     = -2
7946 [0x7f9e2d9895c5] SYS_stat(0x7fff84b6a0b0, 0x7fff84b6a190, 0x7fff84b6a190, 0x36782f39325f3130)                                 = -2
7946 [0x7f9e2d989677] SYS_open(0x7fff84b6a0b0, 0x80000, 0, 0x36782f39325f3130)                                                     = -2
7946 [0x7f9e2d9895c5] SYS_stat(0x7fff84b6a0b0, 0x7fff84b6a190, 0x7fff84b6a190, 0x36782f39325f3130)                                 = -2
7946 [0x7f9e2d989677] SYS_open(0x7fff84b6a0b0, 0x80000, 0, 0x36782f39325f3130)                                                     = -2
7946 [0x7f9e2d9895c5] SYS_stat(0x7fff84b6a0b0, 0x7fff84b6a190, 0x7fff84b6a190, 0x36782f39325f3130)                                 = -2
7946 [0x7f9e2d989677] SYS_open(0x7fff84b6a0b0, 0x80000, 0, 0x36782f39325f3130)                                                     = -2
7946 [0x7f9e2d9895c5] SYS_stat(0x7fff84b6a0b0, 0x7fff84b6a190, 0x7fff84b6a190, 0x36782f39325f3130)                                 = -2
7946 [0x7f9e2d989677] SYS_open(0x7f9e2db80dd0, 0x80000, 0, 0x36782f39325f3130)                                                     = 3
7946 [0x7f9e2d989697] SYS_read(3, 0x7fff84b6a2b8, 832, 0x36782f39325f3130)                                                         = 832
7946 [0x7f9e2d989604] SYS_fstat(3, 0x7fff84b6a190, 0x7fff84b6a190, 16)                                                             = 0
7946 [0x7f9e2d98980a] SYS_mmap(0, 4096, 3, 34)                                                                                     = 0x7f9e2db7f000
7946 [0x7f9e2d98980a] SYS_mmap(0, 0x2f8980, 5, 2050)                                                                               = 0x7f9e29b7b000
7946 [0x7f9e2d989857] SYS_mprotect(0x7f9e29c72000, 0x200000, 0, 2050)                                                              = 0
7946 [0x7f9e2d98980a] SYS_mmap(0x7f9e29e72000, 8192, 3, 2066)                                                                      = 0x7f9e29e72000
7946 [0x7f9e2d989787] SYS_close(3, 16, 0x7f9e29e723a0, 0x6ffffdff)                                                                 = 0
7946 [0x7f9e2d989677] SYS_open(0x7f9e2db7f4c8, 0x80000, 0, 0x6ffffdff)                                                             = 3
7946 [0x7f9e2d989697] SYS_read(3, 0x7fff84b6a288, 832, 0x6ffffdff)                                                                 = 832
7946 [0x7f9e2d989604] SYS_fstat(3, 0x7fff84b6a160, 0x7fff84b6a160, 16)                                                             = 0
7946 [0x7f9e2d98980a] SYS_mmap(0, 0x2fc9d8, 5, 2050)                                                                               = 0x7f9e2987e000
7946 [0x7f9e2d989857] SYS_mprotect(0x7f9e29979000, 0x200000, 0, 2050)                                                              = 0
7946 [0x7f9e2d98980a] SYS_mmap(0x7f9e29b79000, 8192, 3, 2066)                                                                      = 0x7f9e29b79000
7946 [0x7f9e2d989787] SYS_close(3, 16, 0x7f9e29b7a828, 0x6ffffdff)                                                                 = 0
7946 [0x7f9e2d989677] SYS_open(0x7f9e2db7f998, 0x80000, 0, 0x6ffffdff)                                                             = 3
7946 [0x7f9e2d989697] SYS_read(3, 0x7fff84b6a258, 832, 0x6ffffdff)                                                                 = 832
7946 [0x7f9e2d989604] SYS_fstat(3, 0x7fff84b6a130, 0x7fff84b6a130, 16)                                                             = 0
7946 [0x7f9e2d98980a] SYS_mmap(0, 0x242830, 5, 2050)                                                                               = 0x7f9e2963b000
7946 [0x7f9e2d989857] SYS_mprotect(0x7f9e2967e000, 0x1ff000, 0, 2050)                                                              = 0
7946 [0x7f9e2d98980a] SYS_mmap(0x7f9e2987d000, 4096, 3, 2066)                                                                      = 0x7f9e2987d000
7946 [0x7f9e2d989787] SYS_close(3, 16, 0x7f9e2987d630, 0x6ffffdff)                                                                 = 0
7946 [0x7f9e2d989677] SYS_open(0x7f9e2db7ff70, 0x80000, 0, 0x7f9e2db869b8)                                                         = 3
7946 [0x7f9e2d989697] SYS_read(3, 0x7fff84b6a228, 832, 0x7f9e2db869b8)                                                             = 832
7946 [0x7f9e2d989604] SYS_fstat(3, 0x7fff84b6a100, 0x7fff84b6a100, 32)                                                             = 0
7946 [0x7f9e2d98980a] SYS_mmap(0, 4096, 3, 34)                                                                                     = 0x7f9e2db7e000
7946 [0x7f9e2d98980a] SYS_mmap(0, 0x203118, 5, 2050)                                                                               = 0x7f9e29437000
7946 [0x7f9e2d989857] SYS_mprotect(0x7f9e29439000, 0x200000, 0, 2050)                                                              = 0
7946 [0x7f9e2d98980a] SYS_mmap(0x7f9e29639000, 8192, 3, 2066)                                                                      = 0x7f9e29639000
7946 [0x7f9e2d989787] SYS_close(3, 16, 0x7f9e29639f40, 0x6ffffdff)                                                                 = 0
7946 [0x7f9e2d98980a] SYS_mmap(0, 4096, 3, 34)                                                                                     = 0x7f9e2db7d000
7946 [0x7f9e2d98980a] SYS_mmap(0, 4096, 3, 34)                                                                                     = 0x7f9e2db7c000
7946 [0x7f9e2d98980a] SYS_mmap(0, 8192, 3, 34)                                                                                     = 0x7f9e2db7a000
7946 [0x7f9e2d973044] SYS_arch_prctl(4098, 0x7f9e2db7a780, 0x7f9e2db7b080, 34)                                                     = 0
7946 [0x7f9e2d989857] SYS_mprotect(0x7f9e2d2c9000, 0x4000, 1, 1)                                                                   = 0
7946 [0x7f9e2d989857] SYS_mprotect(0x7f9e29639000, 4096, 1, 0x7f9e29437c68)                                                        = 0
7946 [0x7f9e2d989857] SYS_mprotect(0x7f9e2c46f000, 4096, 1, 0x7f9e2c25d500)                                                        = 0
7946 [0x7f9e2d989857] SYS_mprotect(0x7f9e2a170000, 4096, 1, 1)                                                                     = 0
7946 [0x7f9e2d989857] SYS_mprotect(0x7f9e2a9cf000, 4096, 1, 0x7f9e2a7c8a00)                                                        = 0
7946 [0x7f9e2d989857] SYS_mprotect(0x7f9e2c733000, 0x7000, 1, 0x7f9e2c4cd810)                                                      = 0
7946 [0x7f9e2d989857] SYS_mprotect(0x7f9e2c256000, 4096, 1, 0x7f9e2c051d58)                                                        = 0
7946 [0x7f9e2d989857] SYS_mprotect(0x7f9e2db92000, 4096, 1, 0)                                                                     = 0
7946 [0x7f9e2d989837] SYS_munmap(0x7f9e2db88000, 0x83b3, 0x7bf00, 0)                                                               = 0
7946 [0x7f9e2c25ee92] SYS_set_tid_address(0x7f9e2db7aa50, 0x7fff84b6c218, 0x7f9e2db7a780, 0)                                       = 7946
7946 [0x7f9e2c25eefa] SYS_set_robust_list(0x7f9e2db7aa60, 24, 0x7f9e2db7a780, 0)                                                   = 0
7946 [0x7f9e2c268cf5] SYS_rt_sigaction(32, 0x7fff84b6bf68, 0, 8)                                                                   = 0
7946 [0x7f9e2c268cf5] SYS_rt_sigaction(33, 0x7fff84b6bf68, 0, 8)                                                                   = 0
7946 [0x7f9e2c25efd6] SYS_rt_sigprocmask(1, 0x7fff84b6c0b8, 0, 8)                                                                  = 0
7946 [0x7f9e2d015b17] SYS_getrlimit(3, 0x7fff84b6c150, 63, 1)                                                                      = 0
7946 [0x7f9e2c25eb95] SYS_futex(0x7f9e2c73d7e0, 129, 0x7fffffff, 0)                                                                = 0
7946 [0x4008fd] ledctrl->Lookup_Nas_Info(_T_NAS_PROP_&)(0x7fff84b6c060, 0x7fff84b6db94, 0, 0x7fff84b6db93 <unfinished ...>
7946 [0x7f9e2d71cd11]   libnasman.so->Open_Share_Memory(char const*, int, void*&, int&)(0x7f9e2d76108e, 0, 0x7fff84b6c020, 0x7fff84b6c02c <unfinished ...>
7946 [0x7f9e2d010557]     SYS_statfs(0x7f9e2c26b1e8, 0x7fff84b6bdc0, 0x7f9e2c474310, 1)                                            = 0
7946 [0x7f9e2c25eb95]     SYS_futex(0x7f9e2c474310, 129, 0x7fffffff, 0)                                                            = 0
7946 [0x7f9e2d0107e0]     SYS_open(0x7fff84b6bed0, 0xa0000, 484, 1)                                                                = 3
7946 [0x7f9e2d0103b4]     SYS_fstat(3, 0x7fff84b6bf60, 0x7fff84b6bf60, 1)                                                          = 0
7946 [0x7f9e2d01972a]     SYS_mmap(0, 0x2788, 1, 1)                                                                                = 0x7f9e2db8e000
7946 [0x7f9e2d011070]     SYS_close(3, 0x2788, 1, 1)                                                                               = 0
7946 [0x7f9e2d71cd11]   <... Open_Share_Memory(char const*, int, void*&, int&) resumed> )                                          = 0
7946 [0x7f9e2d71cd4d]   libnasman.so->Open_Share_Memory(char const*, int, void*&, int&)(0x7f9e2d7610a7, 0, 0x7fff84b6c020, 0x7fff84b6c02c <unfinished ...>
7946 [0x7f9e2d0107e0]     SYS_open(0x7fff84b6bed0, 0xa0000, 484, 1)                                                                = 3
7946 [0x7f9e2d0103b4]     SYS_fstat(3, 0x7fff84b6bf60, 0x7fff84b6bf60, 1)                                                          = 0
7946 [0x7f9e2d01972a]     SYS_mmap(0, 3536, 1, 1)                                                                                  = 0x7f9e2db8d000
7946 [0x7f9e2d011070]     SYS_close(3, 3536, 1, 1)                                                                                 = 0
7946 [0x7f9e2d71cd4d]   <... Open_Share_Memory(char const*, int, void*&, int&) resumed> )                                          = 0
7946 [0x7f9e2d71cd7f]   libnasman.so->Open_Share_Memory(char const*, int, void*&, int&)(0x7f9e2d7610b5, 0, 0x7fff84b6c020, 0x7fff84b6c02c <unfinished ...>
7946 [0x7f9e2d0107e0]     SYS_open(0x7fff84b6bed0, 0xa0000, 484, 1)                                                                = 3
7946 [0x7f9e2d0103b4]     SYS_fstat(3, 0x7fff84b6bf60, 0x7fff84b6bf60, 1)                                                          = 0
7946 [0x7f9e2d01972a]     SYS_mmap(0, 4080, 1, 1)                                                                                  = 0x7f9e2db8c000
7946 [0x7f9e2d011070]     SYS_close(3, 4080, 1, 1)                                                                                 = 0
7946 [0x7f9e2d71cd7f]   <... Open_Share_Memory(char const*, int, void*&, int&) resumed> )                                          = 0
7946 [0x4008fd] <... Lookup_Nas_Info(_T_NAS_PROP_&) resumed> )                                                                     = 0
7946 [0x400934] ledctrl->Hal_Led_Set_Hdd_Mode(1, 9, 3, 0 <unfinished ...>
7946 [0x7f9e2d2d9f15]   libnhal.so->Hal_Lookup_Hardware_Info(0x7fff84b6bf50, 9, 3, 0 <unfinished ...>
7946 [0x7f9e2d0107e0]     SYS_open(0x7fff84b6be50, 0xa0002, 484, 1)                                                                = 3
7946 [0x7f9e2d01972a]     SYS_mmap(0, 220, 3, 1)                                                                                   = 0x7f9e2db8b000
7946 [0x7f9e2d011070]     SYS_close(3, 220, 3, 1)                                                                                  = 0
7946 [0x7f9e2d2d87f0]     libnhal.so->Hw_Semaphore_Init(0x7fff84b6bf00, 0x7f9e2d2db287, 1, -1 <unfinished ...>
7946 [0x7f9e2d010405]       SYS_lstat(0x7fff84b6bdb0, 0x7fff84b6bcc0, 0x7fff84b6bcc0, 0)                                           = -2
7946 [0x7f9e2c268510]       SYS_open(0x7fff84b6bdb0, 194, 600, 0)                                                                  = 3
7946 [0x7f9e2c267da0]       SYS_write(3, 0x7fff84b6be30, 32, 0)                                                                    = 32
7946 [0x7f9e2d01972a]       SYS_mmap(0, 32, 3, 1)                                                                                  = 0x7f9e2db8a000
7946 [0x7f9e2d0121a7]       SYS_link(0x7fff84b6bdb0, 0x7fff84b6bde0, 3, 1)                                                         = -17
7946 [0x7f9e2d019757]       SYS_munmap(0x7f9e2db8a000, 32, 3, 1)                                                                   = 0
7946 [0x7f9e2d0122c7]       SYS_unlink(0x7fff84b6bdb0, 32, 3, 1)                                                                   = 0
7946 [0x7f9e2c267e60]       SYS_close(3, 32, 3, 1)                                                                                 = 0
7946 [0x7f9e2c268510]       SYS_open(0x7fff84b6bde0, 0x20002, 18, 1)                                                               = 3
7946 [0x7f9e2d0103b4]       SYS_fstat(3, 0x7fff84b6bd10, 0x7fff84b6bd10, 1)                                                        = 0
7946 [0x7f9e2d015f5a]       SYS_brk(0, 0x7f9e2d2cd640, 0, -4096)                                                                   = 0xb9c000
7946 [0x7f9e2d015f5a]       SYS_brk(0xbbd000, 0xb9c000, 0xbbd000, -4096)                                                           = 0xbbd000
7946 [0x7f9e2d01972a]       SYS_mmap(0, 32, 3, 1)                                                                                  = 0x7f9e2db8a000
7946 [0x7f9e2c267e60]       SYS_close(3, 32, 0, 3)                                                                                 = 0
7946 [0x7f9e2d2d87f0]     <... Hw_Semaphore_Init resumed> )                                                                        = 17
7946 [0x7f9e2d2d8800]     libnhal.so->Hw_Semaphore_Lock(0x7fff84b6bf00, 32, 0x7f9e2db8a000, -1)                                    = 0
7946 [0x7f9e2d2d8918]     libnhal.so->Hw_Semaphore_Unlock(0x7fff84b6bf00, 2, 0x7f9e2db8b000, 0)                                    = 0
7946 [0x7f9e2d2d8924]     libnhal.so->Hw_Semaphore_Release(0x7fff84b6bf00, 128, 0, 0 <unfinished ...>
7946 [0x7f9e2d019757]       SYS_munmap(0x7f9e2db8a000, 32, 0, 1)                                                                   = 0
7946 [0x7f9e2d2d8924]     <... Hw_Semaphore_Release resumed> )                                                                     = 0
7946 [0x7f9e2d2d9f15]   <... Hal_Lookup_Hardware_Info resumed> )                                                                   = 0
7946 [0x400934] <... Hal_Led_Set_Hdd_Mode resumed> )                                                                               = 0xffffffea
7946 [0x7f9e2d71cf15] libnasman.so->Close_Share_Memory(char const*, void*)(0x7f9e2d76108e, 0x7f9e2db8e000, 0x95795206a163776, 4 <unfinished ...>
7946 [0x7f9e2d71cb6e]   libnasman.so->Get_File_Size(char const*, long*)(0x7fff84b6bdc0, 0x7fff84b6bee8, 0x7fff84b6bdd5, 0 <unfinished ...>
7946 [0x7f9e2d010365]     SYS_stat(0x7fff84b6bdc0, 0x7fff84b6bd20, 0x7fff84b6bd20, 1)                                              = 0
7946 [0x7f9e2d71cb6e]   <... Get_File_Size(char const*, long*) resumed> )                                                          = 0
7946 [0x7f9e2d019757]   SYS_munmap(0x7f9e2db8e000, 0x2788, 0x7fff84b6bd20, 1)                                                      = 0
7946 [0x7f9e2d71cf15] <... Close_Share_Memory(char const*, void*) resumed> )                                                       = 0
7946 [0x7f9e2d71cf37] libnasman.so->Close_Share_Memory(char const*, void*)(0x7f9e2d7610a7, 0x7f9e2db8d000, 0, -1 <unfinished ...>
7946 [0x7f9e2d71cb6e]   libnasman.so->Get_File_Size(char const*, long*)(0x7fff84b6bdc0, 0x7fff84b6bee8, 0x7fff84b6bdd6, 0 <unfinished ...>
7946 [0x7f9e2d010365]     SYS_stat(0x7fff84b6bdc0, 0x7fff84b6bd20, 0x7fff84b6bd20, 1)                                              = 0
7946 [0x7f9e2d71cb6e]   <... Get_File_Size(char const*, long*) resumed> )                                                          = 0
7946 [0x7f9e2d019757]   SYS_munmap(0x7f9e2db8d000, 3536, 0x7fff84b6bd20, 1)                                                        = 0
7946 [0x7f9e2d71cf37] <... Close_Share_Memory(char const*, void*) resumed> )                                                       = 0
7946 [0x7f9e2d71cf59] libnasman.so->Close_Share_Memory(char const*, void*)(0x7f9e2d7610b5, 0x7f9e2db8c000, 0, -1 <unfinished ...>
7946 [0x7f9e2d71cb6e]   libnasman.so->Get_File_Size(char const*, long*)(0x7fff84b6bdc0, 0x7fff84b6bee8, 0x7fff84b6bdd6, 0 <unfinished ...>
7946 [0x7f9e2d010365]     SYS_stat(0x7fff84b6bdc0, 0x7fff84b6bd20, 0x7fff84b6bd20, 1)                                              = 0
7946 [0x7f9e2d71cb6e]   <... Get_File_Size(char const*, long*) resumed> )                                                          = 0
7946 [0x7f9e2d019757]   SYS_munmap(0x7f9e2db8c000, 4080, 0x7fff84b6bd20, 1)                                                        = 0
7946 [0x7f9e2d71cf59] <... Close_Share_Memory(char const*, void*) resumed> )                                                       = 0
7946 [0x7f9e2cf6a932] libgeneral.so->Trace_Mem_Destroy()(0x7f9e2cc82d40, 0, 0x957968251d63776, 16)                                 = 0
7946 [0x7f9e2cfed468] SYS_exit_group(-22, 60, -22, 0x7f9e2d2d0a48 <no return ...>
7946 [0xffffffffffffffff] +++ exited (status 234) +++
