7914 [0x7f990af6a8aa] SYS_brk(0, 0x7f990af6dfa0, 0, 895)                                                                           = 0x2327000
7914 [0x7f990af6b7e7] SYS_readlink(0x7fff72af9b7b, 0x7fff72af6f60, 4096, 0x756e694c00000000)                                       = -2
7914 [0x7f990af6b677] SYS_open(0x7f990af6f1f3, 0, 0, 0x756e694c00000000)                                                           = 3
7914 [0x7f990af6b7a7] SYS_chdir(0x7f990b176ba8, 0, 0, 0x756e694c00000000)                                                          = -2
7914 [0x7f990af6a9d2] SYS_getcwd(0x7fff72af6f60, 4096, 0, 0x756e694c00000000)                                                      = 23
7914 [0x7f990af6b7c7] SYS_fchdir(3, 4096, 0, 0x756e694c00000000)                                                                   = 0
7914 [0x7f990af6b787] SYS_close(3, 4096, 0, 0x756e694c00000000)                                                                    = 0
7914 [0x7f990af6b80a] SYS_mmap(0, 4096, 3, 34)                                                                                     = 0x7f990b173000
7914 [0x7f990af6b6d7] SYS_access(0x7f990af71700, 4, 0x7f990b176718, 0)                                                             = -2
7914 [0x7f990af6b677] SYS_open(0x7f990af6f072, 0x80000, 1, 0)                                                                      = 3
7914 [0x7f990af6b604] SYS_fstat(3, 0x7fff72af6740, 0x7fff72af6740, 0)                                                              = 0
7914 [0x7f990af6b80a] SYS_mmap(0, 0x83b3, 1, 2)                                                                                    = 0x7f990b16a000
7914 [0x7f990af6b787] SYS_close(3, 0x83b3, 1, 2)                                                                                   = 0
7914 [0x7f990af6b677] SYS_open(0x7f990b173640, 0x80000, 0, 56)                                                                     = 3
7914 [0x7f990af6b697] SYS_read(3, 0x7fff72af68c8, 832, 56)                                                                         = 832
7914 [0x7f990af6b604] SYS_fstat(3, 0x7fff72af67a0, 0x7fff72af67a0, 16)                                                             = 0
7914 [0x7f990af6b80a] SYS_mmap(0, 0x278960, 5, 2050)                                                                               = 0x7f990acdb000
7914 [0x7f990af6b857] SYS_mprotect(0x7f990ad51000, 0x200000, 0, 2050)                                                              = 0
7914 [0x7f990af6b80a] SYS_mmap(0x7f990af51000, 0x3000, 3, 2066)                                                                    = 0x7f990af51000
7914 [0x7f990af6b787] SYS_close(3, 16, 0x7f990af513e0, 0x6ffffdff)                                                                 = 0
7914 [0x7f990af6b677] SYS_open(0x7f990b173b10, 0x80000, 0, 0x6ffffdff)                                                             = 3
7914 [0x7f990af6b697] SYS_read(3, 0x7fff72af6898, 832, 0x6ffffdff)                                                                 = 832
7914 [0x7f990af6b604] SYS_fstat(3, 0x7fff72af6770, 0x7fff72af6770, 16)                                                             = 0
7914 [0x7f990af6b80a] SYS_mmap(0, 0x21bee0, 5, 2050)                                                                               = 0x7f990aabf000
7914 [0x7f990af6b857] SYS_mprotect(0x7f990aada000, 0x200000, 0, 2050)                                                              = 0
7914 [0x7f990af6b80a] SYS_mmap(0x7f990acda000, 4096, 3, 2066)                                                                      = 0x7f990acda000
7914 [0x7f990af6b787] SYS_close(3, 16, 0x7f990acda208, 0x6ffffdff)                                                                 = 0
7914 [0x7f990af6b677] SYS_open(0x7f990b173fe0, 0x80000, 0, 0x6ffffdff)                                                             = 3
7914 [0x7f990af6b697] SYS_read(3, 0x7fff72af6868, 832, 0x6ffffdff)                                                                 = 832
7914 [0x7f990af6b604] SYS_fstat(3, 0x7fff72af6740, 0x7fff72af6740, 16)                                                             = 0
7914 [0x7f990af6b80a] SYS_mmap(0, 4096, 3, 34)                                                                                     = 0x7f990b169000
7914 [0x7f990af6b80a] SYS_mmap(0, 0x209ad0, 5, 2050)                                                                               = 0x7f990a8b5000
7914 [0x7f990af6b857] SYS_mprotect(0x7f990a8bf000, 0x1ff000, 0, 2050)                                                              = 0
7914 [0x7f990af6b80a] SYS_mmap(0x7f990aabe000, 4096, 3, 2066)                                                                      = 0x7f990aabe000
7914 [0x7f990af6b787] SYS_close(3, 16, 0x7f990aabe690, 0x6ffffdff)                                                                 = 0
7914 [0x7f990af6b677] SYS_open(0x7f990b1694b8, 0x80000, 0, 0x6ffffdff)                                                             = 3
7914 [0x7f990af6b697] SYS_read(3, 0x7fff72af6838, 832, 0x6ffffdff)                                                                 = 832
7914 [0x7f990af6b604] SYS_fstat(3, 0x7fff72af6710, 0x7fff72af6710, 32)                                                             = 0
7914 [0x7f990af6b80a] SYS_mmap(0, 0x39dc40, 5, 2050)                                                                               = 0x7f990a517000
7914 [0x7f990af6b857] SYS_mprotect(0x7f990a6ab000, 0x200000, 0, 2050)                                                              = 0
7914 [0x7f990af6b80a] SYS_mmap(0x7f990a8ab000, 0x6000, 3, 2066)                                                                    = 0x7f990a8ab000
7914 [0x7f990af6b80a] SYS_mmap(0x7f990a8b1000, 0x3c40, 3, 50)                                                                      = 0x7f990a8b1000
7914 [0x7f990af6b787] SYS_close(3, 16, 0, 0x6ffffdff)                                                                              = 0
7914 [0x7f990af6b677] SYS_open(0x7f990b169988, 0x80000, 0, 0x6ffffdff)                                                             = 3
7914 [0x7f990af6b697] SYS_read(3, 0x7fff72af66e8, 832, 0x6ffffdff)                                                                 = 832
7914 [0x7f990af6b604] SYS_fstat(3, 0x7fff72af65c0, 0x7fff72af65c0, 16)                                                             = 0
7914 [0x7f990af6b80a] SYS_mmap(0, 0x2b09d0, 5, 2050)                                                                               = 0x7f990a266000
7914 [0x7f990af6b857] SYS_mprotect(0x7f990a315000, 0x1ff000, 0, 2050)                                                              = 0
7914 [0x7f990af6b80a] SYS_mmap(0x7f990a514000, 0x3000, 3, 2066)                                                                    = 0x7f990a514000
7914 [0x7f990af6b787] SYS_close(3, 16, 0x7f990a5149a8, 0x6ffffdff)                                                                 = 0
7914 [0x7f990af6b677] SYS_open(0x7f990b169e58, 0x80000, 0, 0x6ffffdff)                                                             = 3
7914 [0x7f990af6b697] SYS_read(3, 0x7fff72af66b8, 832, 0x6ffffdff)                                                                 = 832
7914 [0x7f990af6b604] SYS_fstat(3, 0x7fff72af6590, 0x7fff72af6590, 16)                                                             = 0
7914 [0x7f990af6b80a] SYS_mmap(0, 4096, 3, 34)                                                                                     = 0x7f990b168000
7914 [0x7f990af6b80a] SYS_mmap(0, 0x294ee0, 5, 2050)                                                                               = 0x7f9909fd1000
7914 [0x7f990af6b857] SYS_mprotect(0x7f990a063000, 0x1ff000, 0, 2050)                                                              = 0
7914 [0x7f990af6b80a] SYS_mmap(0x7f990a262000, 0x3000, 3, 2066)                                                                    = 0x7f990a262000
7914 [0x7f990af6b80a] SYS_mmap(0x7f990a265000, 3808, 3, 50)                                                                        = 0x7f990a265000
7914 [0x7f990af6b787] SYS_close(3, 16, 0x7f990a262e30, 0x6ffffdff)                                                                 = 0
7914 [0x7f990af6b677] SYS_open(0x7f990b1684b8, 0x80000, 0, 0x6ffffdff)                                                             = 3
7914 [0x7f990af6b697] SYS_read(3, 0x7fff72af6688, 832, 0x6ffffdff)                                                                 = 832
7914 [0x7f990af6b604] SYS_fstat(3, 0x7fff72af6560, 0x7fff72af6560, 16)                                                             = 0
7914 [0x7f990af6b80a] SYS_mmap(0, 0x29d850, 5, 2050)                                                                               = 0x7f9909d33000
7914 [0x7f990af6b857] SYS_mprotect(0x7f9909dcc000, 0x200000, 0, 2050)                                                              = 0
7914 [0x7f990af6b80a] SYS_mmap(0x7f9909fcc000, 0x3000, 3, 2066)                                                                    = 0x7f9909fcc000
7914 [0x7f990af6b80a] SYS_mmap(0x7f9909fcf000, 6224, 3, 50)                                                                        = 0x7f9909fcf000
7914 [0x7f990af6b787] SYS_close(3, 16, 0x7f9909fcdcc8, 0x6ffffdff)                                                                 = 0
7914 [0x7f990af6b677] SYS_open(0x7f990b1689a0, 0x80000, 0, 0x6ffffdff)                                                             = 3
7914 [0x7f990af6b697] SYS_read(3, 0x7fff72af6658, 832, 0x6ffffdff)                                                                 = 832
7914 [0x7f990af6b604] SYS_fstat(3, 0x7fff72af6530, 0x7fff72af6530, 16)                                                             = 0
7914 [0x7f990af6b80a] SYS_mmap(0, 0x2dbbb0, 5, 2050)                                                                               = 0x7f9909a57000
7914 [0x7f990af6b857] SYS_mprotect(0x7f9909b15000, 0x200000, 0, 2050)                                                              = 0
7914 [0x7f990af6b80a] SYS_mmap(0x7f9909d15000, 0xa000, 3, 2066)                                                                    = 0x7f9909d15000
7914 [0x7f990af6b80a] SYS_mmap(0x7f9909d1f000, 0x13bb0, 3, 50)                                                                     = 0x7f9909d1f000
7914 [0x7f990af6b787] SYS_close(3, 16, 0x7f9909d1b4d8, 0x6ffffdff)                                                                 = 0
7914 [0x7f990af6b677] SYS_open(0x7f990b168e70, 0x80000, 0, 0x6ffffdff)                                                             = 3
7914 [0x7f990af6b697] SYS_read(3, 0x7fff72af6628, 832, 0x6ffffdff)                                                                 = 832
7914 [0x7f990af6b604] SYS_fstat(3, 0x7fff72af6500, 0x7fff72af6500, 32)                                                             = 0
7914 [0x7f990af6b80a] SYS_mmap(0, 4096, 3, 34)                                                                                     = 0x7f990b167000
7914 [0x7f990af6b80a] SYS_mmap(0, 0x21c490, 5, 2050)                                                                               = 0x7f990983a000
7914 [0x7f990af6b857] SYS_mprotect(0x7f9909852000, 0x1ff000, 0, 2050)                                                              = 0
7914 [0x7f990af6b80a] SYS_mmap(0x7f9909a51000, 8192, 3, 2066)                                                                      = 0x7f9909a51000
7914 [0x7f990af6b80a] SYS_mmap(0x7f9909a53000, 0x3490, 3, 50)                                                                      = 0x7f9909a53000
7914 [0x7f990af6b787] SYS_close(3, 16, 0, 0x6ffffdff)                                                                              = 0
7914 [0x7f990af6b677] SYS_open(0x7f990b1674b8, 0x80000, 0, 0x6ffffdff)                                                             = 3
7914 [0x7f990af6b697] SYS_read(3, 0x7fff72af65f8, 832, 0x6ffffdff)                                                                 = 832
7914 [0x7f990af6b604] SYS_fstat(3, 0x7fff72af64d0, 0x7fff72af64d0, 32)                                                             = 0
7914 [0x7f990af6b80a] SYS_mmap(0, 0x207bc0, 5, 2050)                                                                               = 0x7f9909632000
7914 [0x7f990af6b857] SYS_mprotect(0x7f9909639000, 0x1ff000, 0, 2050)                                                              = 0
7914 [0x7f990af6b80a] SYS_mmap(0x7f9909838000, 8192, 3, 2066)                                                                      = 0x7f9909838000
7914 [0x7f990af6b787] SYS_close(3, 16, 0, 0x6ffffdff)                                                                              = 0
7914 [0x7f990af6b677] SYS_open(0x7f990b167988, 0x80000, 0, 0x6ffffdff)                                                             = 3
7914 [0x7f990af6b697] SYS_read(3, 0x7fff72af65c8, 832, 0x6ffffdff)                                                                 = 832
7914 [0x7f990af6b604] SYS_fstat(3, 0x7fff72af64a0, 0x7fff72af64a0, 16)                                                             = 0
7914 [0x7f990af6b80a] SYS_mmap(0, 0x202e20, 5, 2050)                                                                               = 0x7f990942f000
7914 [0x7f990af6b857] SYS_mprotect(0x7f9909432000, 0x1ff000, 0, 2050)                                                              = 0
7914 [0x7f990af6b80a] SYS_mmap(0x7f9909631000, 4096, 3, 2066)                                                                      = 0x7f9909631000
7914 [0x7f990af6b787] SYS_close(3, 16, 0x7f9909631c28, 0x6ffffdff)                                                                 = 0
7914 [0x7f990af6b677] SYS_open(0x7f990b167e58, 0x80000, 0, 0x6ffffdff)                                                             = 3
7914 [0x7f990af6b697] SYS_read(3, 0x7fff72af6598, 832, 0x6ffffdff)                                                                 = 832
7914 [0x7f990af6b604] SYS_fstat(3, 0x7fff72af6470, 0x7fff72af6470, 16)                                                             = 0
7914 [0x7f990af6b80a] SYS_mmap(0, 4096, 3, 34)                                                                                     = 0x7f990b166000
7914 [0x7f990af6b80a] SYS_mmap(0, 0x209850, 5, 2050)                                                                               = 0x7f9909225000
7914 [0x7f990af6b857] SYS_mprotect(0x7f990922f000, 0x1ff000, 0, 2050)                                                              = 0
7914 [0x7f990af6b80a] SYS_mmap(0x7f990942e000, 4096, 3, 2066)                                                                      = 0x7f990942e000
7914 [0x7f990af6b787] SYS_close(3, 16, 0x7f990942e618, 0x6ffffdff)                                                                 = 0
7914 [0x7f990af6b677] SYS_open(0x7f990b1664b8, 0x80000, 0, 0x6ffffdff)                                                             = 3
7914 [0x7f990af6b697] SYS_read(3, 0x7fff72af6568, 832, 0x6ffffdff)                                                                 = 832
7914 [0x7f990af6b604] SYS_fstat(3, 0x7fff72af6440, 0x7fff72af6440, 16)                                                             = 0
7914 [0x7f990af6b80a] SYS_mmap(0, 0x210868, 5, 2050)                                                                               = 0x7f9909014000
7914 [0x7f990af6b857] SYS_mprotect(0x7f9909025000, 0x1ff000, 0, 2050)                                                              = 0
7914 [0x7f990af6b80a] SYS_mmap(0x7f9909224000, 4096, 3, 2066)                                                                      = 0x7f9909224000
7914 [0x7f990af6b787] SYS_close(3, 16, 0x7f9909224408, 0x6ffffdff)                                                                 = 0
7914 [0x7f990af6b677] SYS_open(0x7f990b166a40, 0x80000, 0, 0x7f990b1679a0)                                                         = 3
7914 [0x7f990af6b697] SYS_read(3, 0x7fff72af6408, 832, 0x7f990b1679a0)                                                             = 832
7914 [0x7f990af6b604] SYS_fstat(3, 0x7fff72af62e0, 0x7fff72af62e0, 16)                                                             = 0
7914 [0x7f990af6b80a] SYS_mmap(0, 0x2032c8, 5, 2050)                                                                               = 0x7f9908e10000
7914 [0x7f990af6b857] SYS_mprotect(0x7f9908e13000, 0x200000, 0, 2050)                                                              = 0
7914 [0x7f990af6b80a] SYS_mmap(0x7f9909013000, 4096, 3, 2066)                                                                      = 0x7f9909013000
7914 [0x7f990af6b787] SYS_close(3, 16, 0x7f9909013188, 0x6ffffdff)                                                                 = 0
7914 [0x7f990af6b677] SYS_open(0x7f990b166f28, 0x80000, 0, 0x6ffffdff)                                                             = 3
7914 [0x7f990af6b697] SYS_read(3, 0x7fff72af63d8, 832, 0x6ffffdff)                                                                 = 832
7914 [0x7f990af6b604] SYS_fstat(3, 0x7fff72af62b0, 0x7fff72af62b0, 16)                                                             = 0
7914 [0x7f990af6b80a] SYS_mmap(0, 4096, 3, 34)                                                                                     = 0x7f990b165000
7914 [0x7f990af6b80a] SYS_mmap(0, 0x207820, 5, 2050)                                                                               = 0x7f9908c08000
7914 [0x7f990af6b857] SYS_mprotect(0x7f9908c0f000, 0x200000, 0, 2050)                                                              = 0
7914 [0x7f990af6b80a] SYS_mmap(0x7f9908e0f000, 4096, 3, 2066)                                                                      = 0x7f9908e0f000
7914 [0x7f990af6b787] SYS_close(3, 16, 0x7f9908e0f188, 0x6ffffdff)                                                                 = 0
7914 [0x7f990af6b677] SYS_open(0x7f990b1654c8, 0x80000, 0, 0x6ffffdff)                                                             = 3
7914 [0x7f990af6b697] SYS_read(3, 0x7fff72af63a8, 832, 0x6ffffdff)                                                                 = 832
7914 [0x7f990af6b604] SYS_fstat(3, 0x7fff72af6280, 0x7fff72af6280, 16)                                                             = 0
7914 [0x7f990af6b80a] SYS_mmap(0, 0x201f30, 5, 2050)                                                                               = 0x7f9908a06000
7914 [0x7f990af6b857] SYS_mprotect(0x7f9908a08000, 0x1ff000, 0, 2050)                                                              = 0
7914 [0x7f990af6b80a] SYS_mmap(0x7f9908c07000, 4096, 3, 2066)                                                                      = 0x7f9908c07000
7914 [0x7f990af6b787] SYS_close(3, 16, 0x7f9908c07e18, 0x6ffffdff)                                                                 = 0
7914 [0x7f990af6b677] SYS_open(0x7f990b165a60, 0x80000, 0, 0x7f990b1694d0)                                                         = 3
7914 [0x7f990af6b697] SYS_read(3, 0x7fff72af6378, 832, 0x7f990b1694d0)                                                             = 832
7914 [0x7f990af6b604] SYS_fstat(3, 0x7fff72af6250, 0x7fff72af6250, 16)                                                             = 0
7914 [0x7f990af6b80a] SYS_mmap(0, 0x2022e8, 5, 2050)                                                                               = 0x7f9908803000
7914 [0x7f990af6b857] SYS_mprotect(0x7f9908805000, 0x200000, 0, 2050)                                                              = 0
7914 [0x7f990af6b80a] SYS_mmap(0x7f9908a05000, 4096, 3, 2066)                                                                      = 0x7f9908a05000
7914 [0x7f990af6b787] SYS_close(3, 16, 0x7f9908a05198, 0x6ffffdff)                                                                 = 0
7914 [0x7f990af6b677] SYS_open(0x7f990b165f40, 0x80000, 0, 0x6ffffdff)                                                             = 3
7914 [0x7f990af6b697] SYS_read(3, 0x7fff72af6348, 832, 0x6ffffdff)                                                                 = 832
7914 [0x7f990af6b604] SYS_fstat(3, 0x7fff72af6220, 0x7fff72af6220, 16)                                                             = 0
7914 [0x7f990af6b80a] SYS_mmap(0, 4096, 3, 34)                                                                                     = 0x7f990b164000
7914 [0x7f990af6b80a] SYS_mmap(0, 0x201f30, 5, 2050)                                                                               = 0x7f9908601000
7914 [0x7f990af6b857] SYS_mprotect(0x7f9908603000, 0x1ff000, 0, 2050)                                                              = 0
7914 [0x7f990af6b80a] SYS_mmap(0x7f9908802000, 4096, 3, 2066)                                                                      = 0x7f9908802000
7914 [0x7f990af6b787] SYS_close(3, 16, 0x7f9908802e18, 0x6ffffdff)                                                                 = 0
7914 [0x7f990af6b677] SYS_open(0x7f990b1644c0, 0x80000, 0, 0x6ffffdff)                                                             = 3
7914 [0x7f990af6b697] SYS_read(3, 0x7fff72af6318, 832, 0x6ffffdff)                                                                 = 832
7914 [0x7f990af6b604] SYS_fstat(3, 0x7fff72af61f0, 0x7fff72af61f0, 16)                                                             = 0
7914 [0x7f990af6b80a] SYS_mmap(0, 0x2038b8, 5, 2050)                                                                               = 0x7f99083fd000
7914 [0x7f990af6b857] SYS_mprotect(0x7f9908401000, 0x1ff000, 0, 2050)                                                              = 0
7914 [0x7f990af6b80a] SYS_mmap(0x7f9908600000, 4096, 3, 2066)                                                                      = 0x7f9908600000
7914 [0x7f990af6b787] SYS_close(3, 16, 0x7f9908600748, 0x6ffffdff)                                                                 = 0
7914 [0x7f990af6b677] SYS_open(0x7f990b164a60, 0x80000, 0, 0x7f990b167000)                                                         = 3
7914 [0x7f990af6b697] SYS_read(3, 0x7fff72af62b8, 832, 0x7f990b167000)                                                             = 832
7914 [0x7f990af6b604] SYS_fstat(3, 0x7fff72af6190, 0x7fff72af6190, 16)                                                             = 0
7914 [0x7f990af6b80a] SYS_mmap(0, 0x210848, 5, 2050)                                                                               = 0x7f99081ec000
7914 [0x7f990af6b857] SYS_mprotect(0x7f99081fc000, 0x1ff000, 0, 2050)                                                              = 0
7914 [0x7f990af6b80a] SYS_mmap(0x7f99083fb000, 8192, 3, 2066)                                                                      = 0x7f99083fb000
7914 [0x7f990af6b787] SYS_close(3, 16, 0x7f99083fbd90, 0x6ffffdff)                                                                 = 0
7914 [0x7f990af6b677] SYS_open(0x7f990b164f48, 0x80000, 0, 0x6ffffdff)                                                             = 3
7914 [0x7f990af6b697] SYS_read(3, 0x7fff72af6288, 832, 0x6ffffdff)                                                                 = 832
7914 [0x7f990af6b604] SYS_fstat(3, 0x7fff72af6160, 0x7fff72af6160, 16)                                                             = 0
7914 [0x7f990af6b80a] SYS_mmap(0, 4096, 3, 34)                                                                                     = 0x7f990b163000
7914 [0x7f990af6b80a] SYS_mmap(0, 0x20acf0, 5, 2050)                                                                               = 0x7f9907fe1000
7914 [0x7f990af6b857] SYS_mprotect(0x7f9907fec000, 0x1ff000, 0, 2050)                                                              = 0
7914 [0x7f990af6b80a] SYS_mmap(0x7f99081eb000, 4096, 3, 2066)                                                                      = 0x7f99081eb000
7914 [0x7f990af6b787] SYS_close(3, 16, 0x7f99081eb750, 0x6ffffdff)                                                                 = 0
7914 [0x7f990af6b677] SYS_open(0x7f990b163560, 0x80000, 0, 0x7f990b167000)                                                         = 3
7914 [0x7f990af6b697] SYS_read(3, 0x7fff72af6258, 832, 0x7f990b167000)                                                             = 832
7914 [0x7f990af6b604] SYS_fstat(3, 0x7fff72af6130, 0x7fff72af6130, 32)                                                             = 0
7914 [0x7f990af6b80a] SYS_mmap(0, 0x2361e0, 5, 2050)                                                                               = 0x7f9907daa000
7914 [0x7f990af6b857] SYS_mprotect(0x7f9907db2000, 0x1ff000, 0, 2050)                                                              = 0
7914 [0x7f990af6b80a] SYS_mmap(0x7f9907fb1000, 8192, 3, 2066)                                                                      = 0x7f9907fb1000
7914 [0x7f990af6b80a] SYS_mmap(0x7f9907fb3000, 0x2d1e0, 3, 50)                                                                     = 0x7f9907fb3000
7914 [0x7f990af6b787] SYS_close(3, 16, 0, 0x6ffffdff)                                                                              = 0
7914 [0x7f990af6b677] SYS_open(0x7f990b163a30, 0x80000, 0, 0x6ffffdff)                                                             = 3
7914 [0x7f990af6b697] SYS_read(3, 0x7fff72af6228, 832, 0x6ffffdff)                                                                 = 832
7914 [0x7f990af6b604] SYS_fstat(3, 0x7fff72af6100, 0x7fff72af6100, 16)                                                             = 0
7914 [0x7f990af6b80a] SYS_mmap(0, 0x43fe88, 5, 2050)                                                                               = 0x7f990796a000
7914 [0x7f990af6b857] SYS_mprotect(0x7f9907b7f000, 0x200000, 0, 2050)                                                              = 0
7914 [0x7f990af6b80a] SYS_mmap(0x7f9907d7f000, 0x27000, 3, 2066)                                                                   = 0x7f9907d7f000
7914 [0x7f990af6b80a] SYS_mmap(0x7f9907da6000, 0x3e88, 3, 50)                                                                      = 0x7f9907da6000
7914 [0x7f990af6b857] SYS_mprotect(0x7fff72af8000, 4096, 0x1000007, 4)                                                             = 0
7914 [0x7f990af6b787] SYS_close(3, 4096, 0x1000007, 4)                                                                             = 0
7914 [0x7f990af6b677] SYS_open(0x7f990b163fb0, 0x80000, 0, 0x7f990b1664d0)                                                         = 3
7914 [0x7f990af6b697] SYS_read(3, 0x7fff72af61f8, 832, 0x7f990b1664d0)                                                             = 832
7914 [0x7f990af6b604] SYS_fstat(3, 0x7fff72af60d0, 0x7fff72af60d0, 16)                                                             = 0
7914 [0x7f990af6b80a] SYS_mmap(0, 4096, 3, 34)                                                                                     = 0x7f990b162000
7914 [0x7f990af6b80a] SYS_mmap(0, 0x215730, 5, 2050)                                                                               = 0x7f9907754000
7914 [0x7f990af6b857] SYS_mprotect(0x7f990776a000, 0x1ff000, 0, 2050)                                                              = 0
7914 [0x7f990af6b80a] SYS_mmap(0x7f9907969000, 4096, 3, 2066)                                                                      = 0x7f9907969000
7914 [0x7f990af6b787] SYS_close(3, 16, 0x7f9907969490, 0x6ffffdff)                                                                 = 0
7914 [0x7f990af6b677] SYS_open(0x7f990b1624f0, 0x80000, 0, 0x6ffffdff)                                                             = 3
7914 [0x7f990af6b697] SYS_read(3, 0x7fff72af61c8, 832, 0x6ffffdff)                                                                 = 832
7914 [0x7f990af6b604] SYS_fstat(3, 0x7fff72af60a0, 0x7fff72af60a0, 32)                                                             = 0
7914 [0x7f990af6b80a] SYS_mmap(0, 0x2fd148, 5, 2050)                                                                               = 0x7f9907456000
7914 [0x7f990af6b857] SYS_mprotect(0x7f9907553000, 0x1ff000, 0, 2050)                                                              = 0
7914 [0x7f990af6b80a] SYS_mmap(0x7f9907752000, 8192, 3, 2066)                                                                      = 0x7f9907752000
7914 [0x7f990af6b787] SYS_close(3, 16, 0, 0x6ffffdff)                                                                              = 0
7914 [0x7f990af6b677] SYS_open(0x7fff72af5f90, 0x80000, 0, 0x36782f39325f3130)                                                     = -2
7914 [0x7f990af6b5c5] SYS_stat(0x7fff72af5f90, 0x7fff72af6070, 0x7fff72af6070, 0x36782f39325f3130)                                 = -2
7914 [0x7f990af6b677] SYS_open(0x7fff72af5f90, 0x80000, 0, 0x36782f39325f3130)                                                     = -2
7914 [0x7f990af6b5c5] SYS_stat(0x7fff72af5f90, 0x7fff72af6070, 0x7fff72af6070, 0x36782f39325f3130)                                 = -2
7914 [0x7f990af6b677] SYS_open(0x7fff72af5f90, 0x80000, 0, 0x36782f39325f3130)                                                     = -2
7914 [0x7f990af6b5c5] SYS_stat(0x7fff72af5f90, 0x7fff72af6070, 0x7fff72af6070, 0x36782f39325f3130)                                 = -2
7914 [0x7f990af6b677] SYS_open(0x7fff72af5f90, 0x80000, 0, 0x36782f39325f3130)                                                     = -2
7914 [0x7f990af6b5c5] SYS_stat(0x7fff72af5f90, 0x7fff72af6070, 0x7fff72af6070, 0x36782f39325f3130)                                 = -2
7914 [0x7f990af6b677] SYS_open(0x7f990b162dd0, 0x80000, 0, 0x36782f39325f3130)                                                     = 3
7914 [0x7f990af6b697] SYS_read(3, 0x7fff72af6198, 832, 0x36782f39325f3130)                                                         = 832
7914 [0x7f990af6b604] SYS_fstat(3, 0x7fff72af6070, 0x7fff72af6070, 16)                                                             = 0
7914 [0x7f990af6b80a] SYS_mmap(0, 4096, 3, 34)                                                                                     = 0x7f990b161000
7914 [0x7f990af6b80a] SYS_mmap(0, 0x2f8980, 5, 2050)                                                                               = 0x7f990715d000
7914 [0x7f990af6b857] SYS_mprotect(0x7f9907254000, 0x200000, 0, 2050)                                                              = 0
7914 [0x7f990af6b80a] SYS_mmap(0x7f9907454000, 8192, 3, 2066)                                                                      = 0x7f9907454000
7914 [0x7f990af6b787] SYS_close(3, 16, 0x7f99074543a0, 0x6ffffdff)                                                                 = 0
7914 [0x7f990af6b677] SYS_open(0x7f990b1614c8, 0x80000, 0, 0x6ffffdff)                                                             = 3
7914 [0x7f990af6b697] SYS_read(3, 0x7fff72af6168, 832, 0x6ffffdff)                                                                 = 832
7914 [0x7f990af6b604] SYS_fstat(3, 0x7fff72af6040, 0x7fff72af6040, 16)                                                             = 0
7914 [0x7f990af6b80a] SYS_mmap(0, 0x2fc9d8, 5, 2050)                                                                               = 0x7f9906e60000
7914 [0x7f990af6b857] SYS_mprotect(0x7f9906f5b000, 0x200000, 0, 2050)                                                              = 0
7914 [0x7f990af6b80a] SYS_mmap(0x7f990715b000, 8192, 3, 2066)                                                                      = 0x7f990715b000
7914 [0x7f990af6b787] SYS_close(3, 16, 0x7f990715c828, 0x6ffffdff)                                                                 = 0
7914 [0x7f990af6b677] SYS_open(0x7f990b161998, 0x80000, 0, 0x6ffffdff)                                                             = 3
7914 [0x7f990af6b697] SYS_read(3, 0x7fff72af6138, 832, 0x6ffffdff)                                                                 = 832
7914 [0x7f990af6b604] SYS_fstat(3, 0x7fff72af6010, 0x7fff72af6010, 16)                                                             = 0
7914 [0x7f990af6b80a] SYS_mmap(0, 0x242830, 5, 2050)                                                                               = 0x7f9906c1d000
7914 [0x7f990af6b857] SYS_mprotect(0x7f9906c60000, 0x1ff000, 0, 2050)                                                              = 0
7914 [0x7f990af6b80a] SYS_mmap(0x7f9906e5f000, 4096, 3, 2066)                                                                      = 0x7f9906e5f000
7914 [0x7f990af6b787] SYS_close(3, 16, 0x7f9906e5f630, 0x6ffffdff)                                                                 = 0
7914 [0x7f990af6b677] SYS_open(0x7f990b161f70, 0x80000, 0, 0x7f990b1689b8)                                                         = 3
7914 [0x7f990af6b697] SYS_read(3, 0x7fff72af6108, 832, 0x7f990b1689b8)                                                             = 832
7914 [0x7f990af6b604] SYS_fstat(3, 0x7fff72af5fe0, 0x7fff72af5fe0, 32)                                                             = 0
7914 [0x7f990af6b80a] SYS_mmap(0, 4096, 3, 34)                                                                                     = 0x7f990b160000
7914 [0x7f990af6b80a] SYS_mmap(0, 0x203118, 5, 2050)                                                                               = 0x7f9906a19000
7914 [0x7f990af6b857] SYS_mprotect(0x7f9906a1b000, 0x200000, 0, 2050)                                                              = 0
7914 [0x7f990af6b80a] SYS_mmap(0x7f9906c1b000, 8192, 3, 2066)                                                                      = 0x7f9906c1b000
7914 [0x7f990af6b787] SYS_close(3, 16, 0x7f9906c1bf40, 0x6ffffdff)                                                                 = 0
7914 [0x7f990af6b80a] SYS_mmap(0, 4096, 3, 34)                                                                                     = 0x7f990b15f000
7914 [0x7f990af6b80a] SYS_mmap(0, 4096, 3, 34)                                                                                     = 0x7f990b15e000
7914 [0x7f990af6b80a] SYS_mmap(0, 8192, 3, 34)                                                                                     = 0x7f990b15c000
7914 [0x7f990af55044] SYS_arch_prctl(4098, 0x7f990b15c780, 0x7f990b15d080, 34)                                                     = 0
7914 [0x7f990af6b857] SYS_mprotect(0x7f990a8ab000, 0x4000, 1, 1)                                                                   = 0
7914 [0x7f990af6b857] SYS_mprotect(0x7f9906c1b000, 4096, 1, 0x7f9906a19c68)                                                        = 0
7914 [0x7f990af6b857] SYS_mprotect(0x7f9909a51000, 4096, 1, 0x7f990983f500)                                                        = 0
7914 [0x7f990af6b857] SYS_mprotect(0x7f9907752000, 4096, 1, 1)                                                                     = 0
7914 [0x7f990af6b857] SYS_mprotect(0x7f9907fb1000, 4096, 1, 0x7f9907daaa00)                                                        = 0
7914 [0x7f990af6b857] SYS_mprotect(0x7f9909d15000, 0x7000, 1, 0x7f9909aaf810)                                                      = 0
7914 [0x7f990af6b857] SYS_mprotect(0x7f9909838000, 4096, 1, 0x7f9909633d58)                                                        = 0
7914 [0x7f990af6b857] SYS_mprotect(0x7f990b174000, 4096, 1, 0)                                                                     = 0
7914 [0x7f990af6b837] SYS_munmap(0x7f990b16a000, 0x83b3, 0x74300, 0)                                                               = 0
7914 [0x7f9909840e92] SYS_set_tid_address(0x7f990b15ca50, 0x7fff72af80f8, 0x7f990b15c780, 0)                                       = 7914
7914 [0x7f9909840efa] SYS_set_robust_list(0x7f990b15ca60, 24, 0x7f990b15c780, 0)                                                   = 0
7914 [0x7f990984acf5] SYS_rt_sigaction(32, 0x7fff72af7e48, 0, 8)                                                                   = 0
7914 [0x7f990984acf5] SYS_rt_sigaction(33, 0x7fff72af7e48, 0, 8)                                                                   = 0
7914 [0x7f9909840fd6] SYS_rt_sigprocmask(1, 0x7fff72af7f98, 0, 8)                                                                  = 0
7914 [0x7f990a5f7b17] SYS_getrlimit(3, 0x7fff72af8030, 63, 1)                                                                      = 0
7914 [0x7f9909840b95] SYS_futex(0x7f9909d1f7e0, 129, 0x7fffffff, 0)                                                                = 0
7914 [0x4008fd] ledctrl->Lookup_Nas_Info(_T_NAS_PROP_&)(0x7fff72af7f40, 0x7fff72af9b94, 0, 0x7fff72af9b93 <unfinished ...>
7914 [0x7f990acfed11]   libnasman.so->Open_Share_Memory(char const*, int, void*&, int&)(0x7f990ad4308e, 0, 0x7fff72af7f00, 0x7fff72af7f0c <unfinished ...>
7914 [0x7f990a5f2557]     SYS_statfs(0x7f990984d1e8, 0x7fff72af7ca0, 0x7f9909a56310, 1)                                            = 0
7914 [0x7f9909840b95]     SYS_futex(0x7f9909a56310, 129, 0x7fffffff, 0)                                                            = 0
7914 [0x7f990a5f27e0]     SYS_open(0x7fff72af7db0, 0xa0000, 484, 1)                                                                = 3
7914 [0x7f990a5f23b4]     SYS_fstat(3, 0x7fff72af7e40, 0x7fff72af7e40, 1)                                                          = 0
7914 [0x7f990a5fb72a]     SYS_mmap(0, 0x2788, 1, 1)                                                                                = 0x7f990b170000
7914 [0x7f990a5f3070]     SYS_close(3, 0x2788, 1, 1)                                                                               = 0
7914 [0x7f990acfed11]   <... Open_Share_Memory(char const*, int, void*&, int&) resumed> )                                          = 0
7914 [0x7f990acfed4d]   libnasman.so->Open_Share_Memory(char const*, int, void*&, int&)(0x7f990ad430a7, 0, 0x7fff72af7f00, 0x7fff72af7f0c <unfinished ...>
7914 [0x7f990a5f27e0]     SYS_open(0x7fff72af7db0, 0xa0000, 484, 1)                                                                = 3
7914 [0x7f990a5f23b4]     SYS_fstat(3, 0x7fff72af7e40, 0x7fff72af7e40, 1)                                                          = 0
7914 [0x7f990a5fb72a]     SYS_mmap(0, 3536, 1, 1)                                                                                  = 0x7f990b16f000
7914 [0x7f990a5f3070]     SYS_close(3, 3536, 1, 1)                                                                                 = 0
7914 [0x7f990acfed4d]   <... Open_Share_Memory(char const*, int, void*&, int&) resumed> )                                          = 0
7914 [0x7f990acfed7f]   libnasman.so->Open_Share_Memory(char const*, int, void*&, int&)(0x7f990ad430b5, 0, 0x7fff72af7f00, 0x7fff72af7f0c <unfinished ...>
7914 [0x7f990a5f27e0]     SYS_open(0x7fff72af7db0, 0xa0000, 484, 1)                                                                = 3
7914 [0x7f990a5f23b4]     SYS_fstat(3, 0x7fff72af7e40, 0x7fff72af7e40, 1)                                                          = 0
7914 [0x7f990a5fb72a]     SYS_mmap(0, 4080, 1, 1)                                                                                  = 0x7f990b16e000
7914 [0x7f990a5f3070]     SYS_close(3, 4080, 1, 1)                                                                                 = 0
7914 [0x7f990acfed7f]   <... Open_Share_Memory(char const*, int, void*&, int&) resumed> )                                          = 0
7914 [0x4008fd] <... Lookup_Nas_Info(_T_NAS_PROP_&) resumed> )                                                                     = 0
7914 [0x400934] ledctrl->Hal_Led_Set_Hdd_Mode(0, 7, 0, 0 <unfinished ...>
7914 [0x7f990a8bbf15]   libnhal.so->Hal_Lookup_Hardware_Info(0x7fff72af7e30, 7, 0, 0 <unfinished ...>
7914 [0x7f990a5f27e0]     SYS_open(0x7fff72af7d30, 0xa0002, 484, 1)                                                                = 3
7914 [0x7f990a5fb72a]     SYS_mmap(0, 220, 3, 1)                                                                                   = 0x7f990b16d000
7914 [0x7f990a5f3070]     SYS_close(3, 220, 3, 1)                                                                                  = 0
7914 [0x7f990a8ba7f0]     libnhal.so->Hw_Semaphore_Init(0x7fff72af7de0, 0x7f990a8bd287, 1, -1 <unfinished ...>
7914 [0x7f990a5f2405]       SYS_lstat(0x7fff72af7c90, 0x7fff72af7ba0, 0x7fff72af7ba0, 0)                                           = -2
7914 [0x7f990984a510]       SYS_open(0x7fff72af7c90, 194, 600, 0)                                                                  = 3
7914 [0x7f9909849da0]       SYS_write(3, 0x7fff72af7d10, 32, 0)                                                                    = 32
7914 [0x7f990a5fb72a]       SYS_mmap(0, 32, 3, 1)                                                                                  = 0x7f990b16c000
7914 [0x7f990a5f41a7]       SYS_link(0x7fff72af7c90, 0x7fff72af7cc0, 3, 1)                                                         = -17
7914 [0x7f990a5fb757]       SYS_munmap(0x7f990b16c000, 32, 3, 1)                                                                   = 0
7914 [0x7f990a5f42c7]       SYS_unlink(0x7fff72af7c90, 32, 3, 1)                                                                   = 0
7914 [0x7f9909849e60]       SYS_close(3, 32, 3, 1)                                                                                 = 0
7914 [0x7f990984a510]       SYS_open(0x7fff72af7cc0, 0x20002, 18, 1)                                                               = 3
7914 [0x7f990a5f23b4]       SYS_fstat(3, 0x7fff72af7bf0, 0x7fff72af7bf0, 1)                                                        = 0
7914 [0x7f990a5f7f5a]       SYS_brk(0, 0x7f990a8af640, 0, -4096)                                                                   = 0x2327000
7914 [0x7f990a5f7f5a]       SYS_brk(0x2348000, 0x2327000, 0x2348000, -4096)                                                        = 0x2348000
7914 [0x7f990a5fb72a]       SYS_mmap(0, 32, 3, 1)                                                                                  = 0x7f990b16c000
7914 [0x7f9909849e60]       SYS_close(3, 32, 0, 3)                                                                                 = 0
7914 [0x7f990a8ba7f0]     <... Hw_Semaphore_Init resumed> )                                                                        = 17
7914 [0x7f990a8ba800]     libnhal.so->Hw_Semaphore_Lock(0x7fff72af7de0, 32, 0x7f990b16c000, -1)                                    = 0
7914 [0x7f990a8ba918]     libnhal.so->Hw_Semaphore_Unlock(0x7fff72af7de0, 2, 0x7f990b16d000, 0)                                    = 0
7914 [0x7f990a8ba924]     libnhal.so->Hw_Semaphore_Release(0x7fff72af7de0, 128, 0, 0 <unfinished ...>
7914 [0x7f990a5fb757]       SYS_munmap(0x7f990b16c000, 32, 0, 1)                                                                   = 0
7914 [0x7f990a8ba924]     <... Hw_Semaphore_Release resumed> )                                                                     = 0
7914 [0x7f990a8bbf15]   <... Hal_Lookup_Hardware_Info resumed> )                                                                   = 0
7914 [0x7f990a8bc0e3]   libnhal.so->Mv9125_Set_Led_Mode(0, 0, 0, 0 <unfinished ...>
7914 [0x7f9908c0d6ff]     libgeneraldrv.so->PCI_Conf_Read(1, 0, 0, 36 <unfinished ...>
7914 [0x7f9908c0a823]       libgeneraldrv.so->Hw_Semaphore_Init(0x7fff72af7d10, 0x7f9908c0e000, 1, 0 <unfinished ...>
7914 [0x7f990a5f2405]         SYS_lstat(0x7fff72af7bc0, 0x7fff72af7ad0, 0x7fff72af7ad0, 0)                                         = -2
7914 [0x7f990984a510]         SYS_open(0x7fff72af7bc0, 194, 600, 0)                                                                = 3
7914 [0x7f9909849da0]         SYS_write(3, 0x7fff72af7c40, 32, 0)                                                                  = 32
7914 [0x7f990a5fb72a]         SYS_mmap(0, 32, 3, 1)                                                                                = 0x7f990b16c000
7914 [0x7f990a5f41a7]         SYS_link(0x7fff72af7bc0, 0x7fff72af7bf0, 3, 1)                                                       = -17
7914 [0x7f990a5fb757]         SYS_munmap(0x7f990b16c000, 32, 3, 1)                                                                 = 0
7914 [0x7f990a5f42c7]         SYS_unlink(0x7fff72af7bc0, 32, 3, 1)                                                                 = 0
7914 [0x7f9909849e60]         SYS_close(3, 32, 3, 1)                                                                               = 0
7914 [0x7f990984a510]         SYS_open(0x7fff72af7bf0, 0x20002, 17, 1)                                                             = 3
7914 [0x7f990a5f23b4]         SYS_fstat(3, 0x7fff72af7b20, 0x7fff72af7b20, 1)                                                      = 0
7914 [0x7f990a5fb72a]         SYS_mmap(0, 32, 3, 1)                                                                                = 0x7f990b16c000
7914 [0x7f9909849e60]         SYS_close(3, 32, 0, 1)                                                                               = 0
7914 [0x7f9908c0a823]       <... Hw_Semaphore_Init resumed> )                                                                      = 17
7914 [0x7f9908c0a833]       libgeneraldrv.so->Hw_Semaphore_Lock(0x7fff72af7d10, 32, 0x7f990b16c000, -1)                            = 0
7914 [0x7f990a5ff6b7]       SYS_ioperm(3320, 4, 1, 1)                                                                              = 0
7914 [0x7f990a5ff6b7]       SYS_ioperm(3320, 4, 0, 1)                                                                              = 0
7914 [0x7f990a5ff6b7]       SYS_ioperm(235, 1, 1, 1)                                                                               = 0
7914 [0x7f990a5ff6b7]       SYS_ioperm(235, 1, 0, 1)                                                                               = 0
7914 [0x7f990a5ff6b7]       SYS_ioperm(3324, 4, 1, 1)                                                                              = 0
7914 [0x7f990a5ff6b7]       SYS_ioperm(3324, 4, 0, 1)                                                                              = 0
7914 [0x7f990a5ff6b7]       SYS_ioperm(235, 1, 1, 1)                                                                               = 0
7914 [0x7f990a5ff6b7]       SYS_ioperm(235, 1, 0, 1)                                                                               = 0
7914 [0x7f990a5ff6b7]       SYS_ioperm(3320, 4, 1, 1)                                                                              = 0
7914 [0x7f990a5ff6b7]       SYS_ioperm(3320, 4, 0, 1)                                                                              = 0
7914 [0x7f990a5ff6b7]       SYS_ioperm(235, 1, 1, 1)                                                                               = 0
7914 [0x7f990a5ff6b7]       SYS_ioperm(235, 1, 0, 1)                                                                               = 0
7914 [0x7f9908c0a97f]       libgeneraldrv.so->Hw_Semaphore_Unlock(0x7fff72af7d10, 1, 0, -1)                                        = 0
7914 [0x7f9908c0a98b]       libgeneraldrv.so->Hw_Semaphore_Release(0x7fff72af7d10, 128, 0, 0 <unfinished ...>
7914 [0x7f990a5fb757]         SYS_munmap(0x7f990b16c000, 32, 0, 1)                                                                 = 0
7914 [0x7f9908c0a98b]       <... Hw_Semaphore_Release resumed> )                                                                   = 0
7914 [0x7f9908c0d6ff]     <... PCI_Conf_Read resumed> )                                                                            = 0
7914 [0x7f9908c0d721]     libgeneraldrv.so->Hw_Semaphore_Init(0x7fff72af7d90, 0x7f9908c0e38c, 1, 0x7f990a8af658 <unfinished ...>
7914 [0x7f990a5f2405]       SYS_lstat(0x7fff72af7c30, 0x7fff72af7b40, 0x7fff72af7b40, 0)                                           = -2
7914 [0x7f990984a510]       SYS_open(0x7fff72af7c30, 194, 600, 0)                                                                  = 3
7914 [0x7f9909849da0]       SYS_write(3, 0x7fff72af7cb0, 32, 0)                                                                    = 32
7914 [0x7f990a5fb72a]       SYS_mmap(0, 32, 3, 1)                                                                                  = 0x7f990b16c000
7914 [0x7f990a5f41a7]       SYS_link(0x7fff72af7c30, 0x7fff72af7c60, 3, 1)                                                         = -17
7914 [0x7f990a5fb757]       SYS_munmap(0x7f990b16c000, 32, 3, 1)                                                                   = 0
7914 [0x7f990a5f42c7]       SYS_unlink(0x7fff72af7c30, 32, 3, 1)                                                                   = 0
7914 [0x7f9909849e60]       SYS_close(3, 32, 3, 1)                                                                                 = 0
7914 [0x7f990984a510]       SYS_open(0x7fff72af7c60, 0x20002, 20, 1)                                                               = 3
7914 [0x7f990a5f23b4]       SYS_fstat(3, 0x7fff72af7b90, 0x7fff72af7b90, 1)                                                        = 0
7914 [0x7f990a5fb72a]       SYS_mmap(0, 32, 3, 1)                                                                                  = 0x7f990b16c000
7914 [0x7f9909849e60]       SYS_close(3, 32, 0, 1)                                                                                 = 0
7914 [0x7f9908c0d721]     <... Hw_Semaphore_Init resumed> )                                                                        = 17
7914 [0x7f9908c0d731]     libgeneraldrv.so->Hw_Semaphore_Lock(0x7fff72af7d90, 32, 0x7f990b16c000, -1)                              = 0
7914 [0x7f990a5f27e0]     SYS_open(0x7f9908c0e3a1, 2, 1, 1)                                                                        = 3
7914 [0x7f990a5fb72a]     SYS_mmap(0, 60, 3, 1)                                                                                    = 0x7f990b16b000
7914 [0x7f990a5cf060]     SYS_nanosleep(0x7fff72af7d60, 0, 0, 1)                                                                   = 0
7914 [0x7f990a5cf060]     SYS_nanosleep(0x7fff72af7d60, 0, 0, 1)                                                                   = 0
7914 [0x7f990a5cf060]     SYS_nanosleep(0x7fff72af7d60, 0, 0, 1)                                                                   = 0
7914 [0x7f990a5cf060]     SYS_nanosleep(0x7fff72af7d60, 0, 0, 1)                                                                   = 0
7914 [0x7f990a5cf060]     SYS_nanosleep(0x7fff72af7d60, 0, 0, 1)                                                                   = 0
7914 [0x7f990a5cf060]     SYS_nanosleep(0x7fff72af7d60, 0, 0, 1)                                                                   = 0
7914 [0x7f990a5cf060]     SYS_nanosleep(0x7fff72af7d60, 0, 0, 1)                                                                   = 0
7914 [0x7f990a5cf060]     SYS_nanosleep(0x7fff72af7d60, 0, 0, 1)                                                                   = 0
7914 [0x7f990a5fb757]     SYS_munmap(0x7f990b16b000, 60, 0, 1)                                                                     = 0
7914 [0x7f990a5f3070]     SYS_close(3, 60, 0, 1)                                                                                   = 0
7914 [0x7f990a5cf060]     SYS_nanosleep(0x7fff72af7d60, 0, 0, 1)                                                                   = 0
7914 [0x7f9908c0d87f]     libgeneraldrv.so->Hw_Semaphore_Unlock(0x7fff72af7d90, 0, 0, -1)                                          = 0
7914 [0x7f9908c0d88b]     libgeneraldrv.so->Hw_Semaphore_Release(0x7fff72af7d90, 128, 0, 0 <unfinished ...>
7914 [0x7f990a5fb757]       SYS_munmap(0x7f990b16c000, 32, 0, 1)                                                                   = 0
7914 [0x7f9908c0d88b]     <... Hw_Semaphore_Release resumed> )                                                                     = 0
7914 [0x7f990a8bc0e3]   <... Mv9125_Set_Led_Mode resumed> )                                                                        = 0
7914 [0x400934] <... Hal_Led_Set_Hdd_Mode resumed> )                                                                               = 0
7914 [0x7f990acfef15] libnasman.so->Close_Share_Memory(char const*, void*)(0x7f990ad4308e, 0x7f990b170000, 0x40b95479fa0db14d, 4 <unfinished ...>
7914 [0x7f990acfeb6e]   libnasman.so->Get_File_Size(char const*, long*)(0x7fff72af7ca0, 0x7fff72af7dc8, 0x7fff72af7cb5, 0 <unfinished ...>
7914 [0x7f990a5f2365]     SYS_stat(0x7fff72af7ca0, 0x7fff72af7c00, 0x7fff72af7c00, 1)                                              = 0
7914 [0x7f990acfeb6e]   <... Get_File_Size(char const*, long*) resumed> )                                                          = 0
7914 [0x7f990a5fb757]   SYS_munmap(0x7f990b170000, 0x2788, 0x7fff72af7c00, 1)                                                      = 0
7914 [0x7f990acfef15] <... Close_Share_Memory(char const*, void*) resumed> )                                                       = 0
7914 [0x7f990acfef37] libnasman.so->Close_Share_Memory(char const*, void*)(0x7f990ad430a7, 0x7f990b16f000, 0, -1 <unfinished ...>
7914 [0x7f990acfeb6e]   libnasman.so->Get_File_Size(char const*, long*)(0x7fff72af7ca0, 0x7fff72af7dc8, 0x7fff72af7cb6, 0 <unfinished ...>
7914 [0x7f990a5f2365]     SYS_stat(0x7fff72af7ca0, 0x7fff72af7c00, 0x7fff72af7c00, 1)                                              = 0
7914 [0x7f990acfeb6e]   <... Get_File_Size(char const*, long*) resumed> )                                                          = 0
7914 [0x7f990a5fb757]   SYS_munmap(0x7f990b16f000, 3536, 0x7fff72af7c00, 1)                                                        = 0
7914 [0x7f990acfef37] <... Close_Share_Memory(char const*, void*) resumed> )                                                       = 0
7914 [0x7f990acfef59] libnasman.so->Close_Share_Memory(char const*, void*)(0x7f990ad430b5, 0x7f990b16e000, 0, -1 <unfinished ...>
7914 [0x7f990acfeb6e]   libnasman.so->Get_File_Size(char const*, long*)(0x7fff72af7ca0, 0x7fff72af7dc8, 0x7fff72af7cb6, 0 <unfinished ...>
7914 [0x7f990a5f2365]     SYS_stat(0x7fff72af7ca0, 0x7fff72af7c00, 0x7fff72af7c00, 1)                                              = 0
7914 [0x7f990acfeb6e]   <... Get_File_Size(char const*, long*) resumed> )                                                          = 0
7914 [0x7f990a5fb757]   SYS_munmap(0x7f990b16e000, 4080, 0x7fff72af7c00, 1)                                                        = 0
7914 [0x7f990acfef59] <... Close_Share_Memory(char const*, void*) resumed> )                                                       = 0
7914 [0x7f990a54c932] libgeneral.so->Trace_Mem_Destroy()(0x7f990a264d40, 0, 0x40b9521bc1cdb14d, 16)                                = 0
7914 [0x7f990a5cf468] SYS_exit_group(0, 60, 0, 0x7f990a8b2a48 <no return ...>
7914 [0xffffffffffffffff] +++ exited (status 0) +++
