8695 [0x7fcfa43158aa] SYS_brk(0, 0x7fcfa4318fa0, 0, 895)                                                                           = 0x1e51000
8695 [0x7fcfa43167e7] SYS_readlink(0x7fff6344ab81, 0x7fff634496a0, 4096, 0x756e694c00000000)                                       = -2
8695 [0x7fcfa4316677] SYS_open(0x7fcfa431a1f3, 0, 0, 0x756e694c00000000)                                                           = 3
8695 [0x7fcfa43167a7] SYS_chdir(0x7fcfa4521ba8, 0, 0, 0x756e694c00000000)                                                          = -2
8695 [0x7fcfa43159d2] SYS_getcwd(0x7fff634496a0, 4096, 0, 0x756e694c00000000)                                                      = 23
8695 [0x7fcfa43167c7] SYS_fchdir(3, 4096, 0, 0x756e694c00000000)                                                                   = 0
8695 [0x7fcfa4316787] SYS_close(3, 4096, 0, 0x756e694c00000000)                                                                    = 0
8695 [0x7fcfa431680a] SYS_mmap(0, 4096, 3, 34)                                                                                     = 0x7fcfa451e000
8695 [0x7fcfa43166d7] SYS_access(0x7fcfa431c700, 4, 0x7fcfa4521718, 0)                                                             = -2
8695 [0x7fcfa4316677] SYS_open(0x7fcfa431a072, 0x80000, 1, 0)                                                                      = 3
8695 [0x7fcfa4316604] SYS_fstat(3, 0x7fff63448e80, 0x7fff63448e80, 0)                                                              = 0
8695 [0x7fcfa431680a] SYS_mmap(0, 0x83b3, 1, 2)                                                                                    = 0x7fcfa4515000
8695 [0x7fcfa4316787] SYS_close(3, 0x83b3, 1, 2)                                                                                   = 0
8695 [0x7fcfa4316677] SYS_open(0x7fcfa451e640, 0x80000, 0, 56)                                                                     = 3
8695 [0x7fcfa4316697] SYS_read(3, 0x7fff63449008, 832, 56)                                                                         = 832
8695 [0x7fcfa4316604] SYS_fstat(3, 0x7fff63448ee0, 0x7fff63448ee0, 16)                                                             = 0
8695 [0x7fcfa431680a] SYS_mmap(0, 0x278960, 5, 2050)                                                                               = 0x7fcfa4086000
8695 [0x7fcfa4316857] SYS_mprotect(0x7fcfa40fc000, 0x200000, 0, 2050)                                                              = 0
8695 [0x7fcfa431680a] SYS_mmap(0x7fcfa42fc000, 0x3000, 3, 2066)                                                                    = 0x7fcfa42fc000
8695 [0x7fcfa4316787] SYS_close(3, 16, 0x7fcfa42fc3e0, 0x6ffffdff)                                                                 = 0
8695 [0x7fcfa4316677] SYS_open(0x7fcfa451eb10, 0x80000, 0, 0x6ffffdff)                                                             = 3
8695 [0x7fcfa4316697] SYS_read(3, 0x7fff63448fd8, 832, 0x6ffffdff)                                                                 = 832
8695 [0x7fcfa4316604] SYS_fstat(3, 0x7fff63448eb0, 0x7fff63448eb0, 16)                                                             = 0
8695 [0x7fcfa431680a] SYS_mmap(0, 0x21bee0, 5, 2050)                                                                               = 0x7fcfa3e6a000
8695 [0x7fcfa4316857] SYS_mprotect(0x7fcfa3e85000, 0x200000, 0, 2050)                                                              = 0
8695 [0x7fcfa431680a] SYS_mmap(0x7fcfa4085000, 4096, 3, 2066)                                                                      = 0x7fcfa4085000
8695 [0x7fcfa4316787] SYS_close(3, 16, 0x7fcfa4085208, 0x6ffffdff)                                                                 = 0
8695 [0x7fcfa4316677] SYS_open(0x7fcfa451efe0, 0x80000, 0, 0x6ffffdff)                                                             = 3
8695 [0x7fcfa4316697] SYS_read(3, 0x7fff63448fa8, 832, 0x6ffffdff)                                                                 = 832
8695 [0x7fcfa4316604] SYS_fstat(3, 0x7fff63448e80, 0x7fff63448e80, 16)                                                             = 0
8695 [0x7fcfa431680a] SYS_mmap(0, 4096, 3, 34)                                                                                     = 0x7fcfa4514000
8695 [0x7fcfa431680a] SYS_mmap(0, 0x209ad0, 5, 2050)                                                                               = 0x7fcfa3c60000
8695 [0x7fcfa4316857] SYS_mprotect(0x7fcfa3c6a000, 0x1ff000, 0, 2050)                                                              = 0
8695 [0x7fcfa431680a] SYS_mmap(0x7fcfa3e69000, 4096, 3, 2066)                                                                      = 0x7fcfa3e69000
8695 [0x7fcfa4316787] SYS_close(3, 16, 0x7fcfa3e69690, 0x6ffffdff)                                                                 = 0
8695 [0x7fcfa4316677] SYS_open(0x7fcfa45144b8, 0x80000, 0, 0x6ffffdff)                                                             = 3
8695 [0x7fcfa4316697] SYS_read(3, 0x7fff63448f78, 832, 0x6ffffdff)                                                                 = 832
8695 [0x7fcfa4316604] SYS_fstat(3, 0x7fff63448e50, 0x7fff63448e50, 32)                                                             = 0
8695 [0x7fcfa431680a] SYS_mmap(0, 0x39dc40, 5, 2050)                                                                               = 0x7fcfa38c2000
8695 [0x7fcfa4316857] SYS_mprotect(0x7fcfa3a56000, 0x200000, 0, 2050)                                                              = 0
8695 [0x7fcfa431680a] SYS_mmap(0x7fcfa3c56000, 0x6000, 3, 2066)                                                                    = 0x7fcfa3c56000
8695 [0x7fcfa431680a] SYS_mmap(0x7fcfa3c5c000, 0x3c40, 3, 50)                                                                      = 0x7fcfa3c5c000
8695 [0x7fcfa4316787] SYS_close(3, 16, 0, 0x6ffffdff)                                                                              = 0
8695 [0x7fcfa4316677] SYS_open(0x7fcfa4514988, 0x80000, 0, 0x6ffffdff)                                                             = 3
8695 [0x7fcfa4316697] SYS_read(3, 0x7fff63448e28, 832, 0x6ffffdff)                                                                 = 832
8695 [0x7fcfa4316604] SYS_fstat(3, 0x7fff63448d00, 0x7fff63448d00, 16)                                                             = 0
8695 [0x7fcfa431680a] SYS_mmap(0, 0x2b09d0, 5, 2050)                                                                               = 0x7fcfa3611000
8695 [0x7fcfa4316857] SYS_mprotect(0x7fcfa36c0000, 0x1ff000, 0, 2050)                                                              = 0
8695 [0x7fcfa431680a] SYS_mmap(0x7fcfa38bf000, 0x3000, 3, 2066)                                                                    = 0x7fcfa38bf000
8695 [0x7fcfa4316787] SYS_close(3, 16, 0x7fcfa38bf9a8, 0x6ffffdff)                                                                 = 0
8695 [0x7fcfa4316677] SYS_open(0x7fcfa4514e58, 0x80000, 0, 0x6ffffdff)                                                             = 3
8695 [0x7fcfa4316697] SYS_read(3, 0x7fff63448df8, 832, 0x6ffffdff)                                                                 = 832
8695 [0x7fcfa4316604] SYS_fstat(3, 0x7fff63448cd0, 0x7fff63448cd0, 16)                                                             = 0
8695 [0x7fcfa431680a] SYS_mmap(0, 4096, 3, 34)                                                                                     = 0x7fcfa4513000
8695 [0x7fcfa431680a] SYS_mmap(0, 0x294ee0, 5, 2050)                                                                               = 0x7fcfa337c000
8695 [0x7fcfa4316857] SYS_mprotect(0x7fcfa340e000, 0x1ff000, 0, 2050)                                                              = 0
8695 [0x7fcfa431680a] SYS_mmap(0x7fcfa360d000, 0x3000, 3, 2066)                                                                    = 0x7fcfa360d000
8695 [0x7fcfa431680a] SYS_mmap(0x7fcfa3610000, 3808, 3, 50)                                                                        = 0x7fcfa3610000
8695 [0x7fcfa4316787] SYS_close(3, 16, 0x7fcfa360de30, 0x6ffffdff)                                                                 = 0
8695 [0x7fcfa4316677] SYS_open(0x7fcfa45134b8, 0x80000, 0, 0x6ffffdff)                                                             = 3
8695 [0x7fcfa4316697] SYS_read(3, 0x7fff63448dc8, 832, 0x6ffffdff)                                                                 = 832
8695 [0x7fcfa4316604] SYS_fstat(3, 0x7fff63448ca0, 0x7fff63448ca0, 16)                                                             = 0
8695 [0x7fcfa431680a] SYS_mmap(0, 0x29d850, 5, 2050)                                                                               = 0x7fcfa30de000
8695 [0x7fcfa4316857] SYS_mprotect(0x7fcfa3177000, 0x200000, 0, 2050)                                                              = 0
8695 [0x7fcfa431680a] SYS_mmap(0x7fcfa3377000, 0x3000, 3, 2066)                                                                    = 0x7fcfa3377000
8695 [0x7fcfa431680a] SYS_mmap(0x7fcfa337a000, 6224, 3, 50)                                                                        = 0x7fcfa337a000
8695 [0x7fcfa4316787] SYS_close(3, 16, 0x7fcfa3378cc8, 0x6ffffdff)                                                                 = 0
8695 [0x7fcfa4316677] SYS_open(0x7fcfa45139a0, 0x80000, 0, 0x6ffffdff)                                                             = 3
8695 [0x7fcfa4316697] SYS_read(3, 0x7fff63448d98, 832, 0x6ffffdff)                                                                 = 832
8695 [0x7fcfa4316604] SYS_fstat(3, 0x7fff63448c70, 0x7fff63448c70, 16)                                                             = 0
8695 [0x7fcfa431680a] SYS_mmap(0, 0x2dbbb0, 5, 2050)                                                                               = 0x7fcfa2e02000
8695 [0x7fcfa4316857] SYS_mprotect(0x7fcfa2ec0000, 0x200000, 0, 2050)                                                              = 0
8695 [0x7fcfa431680a] SYS_mmap(0x7fcfa30c0000, 0xa000, 3, 2066)                                                                    = 0x7fcfa30c0000
8695 [0x7fcfa431680a] SYS_mmap(0x7fcfa30ca000, 0x13bb0, 3, 50)                                                                     = 0x7fcfa30ca000
8695 [0x7fcfa4316787] SYS_close(3, 16, 0x7fcfa30c64d8, 0x6ffffdff)                                                                 = 0
8695 [0x7fcfa4316677] SYS_open(0x7fcfa4513e70, 0x80000, 0, 0x6ffffdff)                                                             = 3
8695 [0x7fcfa4316697] SYS_read(3, 0x7fff63448d68, 832, 0x6ffffdff)                                                                 = 832
8695 [0x7fcfa4316604] SYS_fstat(3, 0x7fff63448c40, 0x7fff63448c40, 32)                                                             = 0
8695 [0x7fcfa431680a] SYS_mmap(0, 4096, 3, 34)                                                                                     = 0x7fcfa4512000
8695 [0x7fcfa431680a] SYS_mmap(0, 0x21c490, 5, 2050)                                                                               = 0x7fcfa2be5000
8695 [0x7fcfa4316857] SYS_mprotect(0x7fcfa2bfd000, 0x1ff000, 0, 2050)                                                              = 0
8695 [0x7fcfa431680a] SYS_mmap(0x7fcfa2dfc000, 8192, 3, 2066)                                                                      = 0x7fcfa2dfc000
8695 [0x7fcfa431680a] SYS_mmap(0x7fcfa2dfe000, 0x3490, 3, 50)                                                                      = 0x7fcfa2dfe000
8695 [0x7fcfa4316787] SYS_close(3, 16, 0, 0x6ffffdff)                                                                              = 0
8695 [0x7fcfa4316677] SYS_open(0x7fcfa45124b8, 0x80000, 0, 0x6ffffdff)                                                             = 3
8695 [0x7fcfa4316697] SYS_read(3, 0x7fff63448d38, 832, 0x6ffffdff)                                                                 = 832
8695 [0x7fcfa4316604] SYS_fstat(3, 0x7fff63448c10, 0x7fff63448c10, 32)                                                             = 0
8695 [0x7fcfa431680a] SYS_mmap(0, 0x207bc0, 5, 2050)                                                                               = 0x7fcfa29dd000
8695 [0x7fcfa4316857] SYS_mprotect(0x7fcfa29e4000, 0x1ff000, 0, 2050)                                                              = 0
8695 [0x7fcfa431680a] SYS_mmap(0x7fcfa2be3000, 8192, 3, 2066)                                                                      = 0x7fcfa2be3000
8695 [0x7fcfa4316787] SYS_close(3, 16, 0, 0x6ffffdff)                                                                              = 0
8695 [0x7fcfa4316677] SYS_open(0x7fcfa4512988, 0x80000, 0, 0x6ffffdff)                                                             = 3
8695 [0x7fcfa4316697] SYS_read(3, 0x7fff63448d08, 832, 0x6ffffdff)                                                                 = 832
8695 [0x7fcfa4316604] SYS_fstat(3, 0x7fff63448be0, 0x7fff63448be0, 16)                                                             = 0
8695 [0x7fcfa431680a] SYS_mmap(0, 0x202e20, 5, 2050)                                                                               = 0x7fcfa27da000
8695 [0x7fcfa4316857] SYS_mprotect(0x7fcfa27dd000, 0x1ff000, 0, 2050)                                                              = 0
8695 [0x7fcfa431680a] SYS_mmap(0x7fcfa29dc000, 4096, 3, 2066)                                                                      = 0x7fcfa29dc000
8695 [0x7fcfa4316787] SYS_close(3, 16, 0x7fcfa29dcc28, 0x6ffffdff)                                                                 = 0
8695 [0x7fcfa4316677] SYS_open(0x7fcfa4512e58, 0x80000, 0, 0x6ffffdff)                                                             = 3
8695 [0x7fcfa4316697] SYS_read(3, 0x7fff63448cd8, 832, 0x6ffffdff)                                                                 = 832
8695 [0x7fcfa4316604] SYS_fstat(3, 0x7fff63448bb0, 0x7fff63448bb0, 16)                                                             = 0
8695 [0x7fcfa431680a] SYS_mmap(0, 4096, 3, 34)                                                                                     = 0x7fcfa4511000
8695 [0x7fcfa431680a] SYS_mmap(0, 0x209850, 5, 2050)                                                                               = 0x7fcfa25d0000
8695 [0x7fcfa4316857] SYS_mprotect(0x7fcfa25da000, 0x1ff000, 0, 2050)                                                              = 0
8695 [0x7fcfa431680a] SYS_mmap(0x7fcfa27d9000, 4096, 3, 2066)                                                                      = 0x7fcfa27d9000
8695 [0x7fcfa4316787] SYS_close(3, 16, 0x7fcfa27d9618, 0x6ffffdff)                                                                 = 0
8695 [0x7fcfa4316677] SYS_open(0x7fcfa45114b8, 0x80000, 0, 0x6ffffdff)                                                             = 3
8695 [0x7fcfa4316697] SYS_read(3, 0x7fff63448ca8, 832, 0x6ffffdff)                                                                 = 832
8695 [0x7fcfa4316604] SYS_fstat(3, 0x7fff63448b80, 0x7fff63448b80, 16)                                                             = 0
8695 [0x7fcfa431680a] SYS_mmap(0, 0x210868, 5, 2050)                                                                               = 0x7fcfa23bf000
8695 [0x7fcfa4316857] SYS_mprotect(0x7fcfa23d0000, 0x1ff000, 0, 2050)                                                              = 0
8695 [0x7fcfa431680a] SYS_mmap(0x7fcfa25cf000, 4096, 3, 2066)                                                                      = 0x7fcfa25cf000
8695 [0x7fcfa4316787] SYS_close(3, 16, 0x7fcfa25cf408, 0x6ffffdff)                                                                 = 0
8695 [0x7fcfa4316677] SYS_open(0x7fcfa4511a40, 0x80000, 0, 0x7fcfa45129a0)                                                         = 3
8695 [0x7fcfa4316697] SYS_read(3, 0x7fff63448b48, 832, 0x7fcfa45129a0)                                                             = 832
8695 [0x7fcfa4316604] SYS_fstat(3, 0x7fff63448a20, 0x7fff63448a20, 16)                                                             = 0
8695 [0x7fcfa431680a] SYS_mmap(0, 0x2032c8, 5, 2050)                                                                               = 0x7fcfa21bb000
8695 [0x7fcfa4316857] SYS_mprotect(0x7fcfa21be000, 0x200000, 0, 2050)                                                              = 0
8695 [0x7fcfa431680a] SYS_mmap(0x7fcfa23be000, 4096, 3, 2066)                                                                      = 0x7fcfa23be000
8695 [0x7fcfa4316787] SYS_close(3, 16, 0x7fcfa23be188, 0x6ffffdff)                                                                 = 0
8695 [0x7fcfa4316677] SYS_open(0x7fcfa4511f28, 0x80000, 0, 0x6ffffdff)                                                             = 3
8695 [0x7fcfa4316697] SYS_read(3, 0x7fff63448b18, 832, 0x6ffffdff)                                                                 = 832
8695 [0x7fcfa4316604] SYS_fstat(3, 0x7fff634489f0, 0x7fff634489f0, 16)                                                             = 0
8695 [0x7fcfa431680a] SYS_mmap(0, 4096, 3, 34)                                                                                     = 0x7fcfa4510000
8695 [0x7fcfa431680a] SYS_mmap(0, 0x207820, 5, 2050)                                                                               = 0x7fcfa1fb3000
8695 [0x7fcfa4316857] SYS_mprotect(0x7fcfa1fba000, 0x200000, 0, 2050)                                                              = 0
8695 [0x7fcfa431680a] SYS_mmap(0x7fcfa21ba000, 4096, 3, 2066)                                                                      = 0x7fcfa21ba000
8695 [0x7fcfa4316787] SYS_close(3, 16, 0x7fcfa21ba188, 0x6ffffdff)                                                                 = 0
8695 [0x7fcfa4316677] SYS_open(0x7fcfa45104c8, 0x80000, 0, 0x6ffffdff)                                                             = 3
8695 [0x7fcfa4316697] SYS_read(3, 0x7fff63448ae8, 832, 0x6ffffdff)                                                                 = 832
8695 [0x7fcfa4316604] SYS_fstat(3, 0x7fff634489c0, 0x7fff634489c0, 16)                                                             = 0
8695 [0x7fcfa431680a] SYS_mmap(0, 0x201f30, 5, 2050)                                                                               = 0x7fcfa1db1000
8695 [0x7fcfa4316857] SYS_mprotect(0x7fcfa1db3000, 0x1ff000, 0, 2050)                                                              = 0
8695 [0x7fcfa431680a] SYS_mmap(0x7fcfa1fb2000, 4096, 3, 2066)                                                                      = 0x7fcfa1fb2000
8695 [0x7fcfa4316787] SYS_close(3, 16, 0x7fcfa1fb2e18, 0x6ffffdff)                                                                 = 0
8695 [0x7fcfa4316677] SYS_open(0x7fcfa4510a60, 0x80000, 0, 0x7fcfa45144d0)                                                         = 3
8695 [0x7fcfa4316697] SYS_read(3, 0x7fff63448ab8, 832, 0x7fcfa45144d0)                                                             = 832
8695 [0x7fcfa4316604] SYS_fstat(3, 0x7fff63448990, 0x7fff63448990, 16)                                                             = 0
8695 [0x7fcfa431680a] SYS_mmap(0, 0x2022e8, 5, 2050)                                                                               = 0x7fcfa1bae000
8695 [0x7fcfa4316857] SYS_mprotect(0x7fcfa1bb0000, 0x200000, 0, 2050)                                                              = 0
8695 [0x7fcfa431680a] SYS_mmap(0x7fcfa1db0000, 4096, 3, 2066)                                                                      = 0x7fcfa1db0000
8695 [0x7fcfa4316787] SYS_close(3, 16, 0x7fcfa1db0198, 0x6ffffdff)                                                                 = 0
8695 [0x7fcfa4316677] SYS_open(0x7fcfa4510f40, 0x80000, 0, 0x6ffffdff)                                                             = 3
8695 [0x7fcfa4316697] SYS_read(3, 0x7fff63448a88, 832, 0x6ffffdff)                                                                 = 832
8695 [0x7fcfa4316604] SYS_fstat(3, 0x7fff63448960, 0x7fff63448960, 16)                                                             = 0
8695 [0x7fcfa431680a] SYS_mmap(0, 4096, 3, 34)                                                                                     = 0x7fcfa450f000
8695 [0x7fcfa431680a] SYS_mmap(0, 0x201f30, 5, 2050)                                                                               = 0x7fcfa19ac000
8695 [0x7fcfa4316857] SYS_mprotect(0x7fcfa19ae000, 0x1ff000, 0, 2050)                                                              = 0
8695 [0x7fcfa431680a] SYS_mmap(0x7fcfa1bad000, 4096, 3, 2066)                                                                      = 0x7fcfa1bad000
8695 [0x7fcfa4316787] SYS_close(3, 16, 0x7fcfa1bade18, 0x6ffffdff)                                                                 = 0
8695 [0x7fcfa4316677] SYS_open(0x7fcfa450f4c0, 0x80000, 0, 0x6ffffdff)                                                             = 3
8695 [0x7fcfa4316697] SYS_read(3, 0x7fff63448a58, 832, 0x6ffffdff)                                                                 = 832
8695 [0x7fcfa4316604] SYS_fstat(3, 0x7fff63448930, 0x7fff63448930, 16)                                                             = 0
8695 [0x7fcfa431680a] SYS_mmap(0, 0x2038b8, 5, 2050)                                                                               = 0x7fcfa17a8000
8695 [0x7fcfa4316857] SYS_mprotect(0x7fcfa17ac000, 0x1ff000, 0, 2050)                                                              = 0
8695 [0x7fcfa431680a] SYS_mmap(0x7fcfa19ab000, 4096, 3, 2066)                                                                      = 0x7fcfa19ab000
8695 [0x7fcfa4316787] SYS_close(3, 16, 0x7fcfa19ab748, 0x6ffffdff)                                                                 = 0
8695 [0x7fcfa4316677] SYS_open(0x7fcfa450fa60, 0x80000, 0, 0x7fcfa4512000)                                                         = 3
8695 [0x7fcfa4316697] SYS_read(3, 0x7fff634489f8, 832, 0x7fcfa4512000)                                                             = 832
8695 [0x7fcfa4316604] SYS_fstat(3, 0x7fff634488d0, 0x7fff634488d0, 16)                                                             = 0
8695 [0x7fcfa431680a] SYS_mmap(0, 0x210848, 5, 2050)                                                                               = 0x7fcfa1597000
8695 [0x7fcfa4316857] SYS_mprotect(0x7fcfa15a7000, 0x1ff000, 0, 2050)                                                              = 0
8695 [0x7fcfa431680a] SYS_mmap(0x7fcfa17a6000, 8192, 3, 2066)                                                                      = 0x7fcfa17a6000
8695 [0x7fcfa4316787] SYS_close(3, 16, 0x7fcfa17a6d90, 0x6ffffdff)                                                                 = 0
8695 [0x7fcfa4316677] SYS_open(0x7fcfa450ff48, 0x80000, 0, 0x6ffffdff)                                                             = 3
8695 [0x7fcfa4316697] SYS_read(3, 0x7fff634489c8, 832, 0x6ffffdff)                                                                 = 832
8695 [0x7fcfa4316604] SYS_fstat(3, 0x7fff634488a0, 0x7fff634488a0, 16)                                                             = 0
8695 [0x7fcfa431680a] SYS_mmap(0, 4096, 3, 34)                                                                                     = 0x7fcfa450e000
8695 [0x7fcfa431680a] SYS_mmap(0, 0x20acf0, 5, 2050)                                                                               = 0x7fcfa138c000
8695 [0x7fcfa4316857] SYS_mprotect(0x7fcfa1397000, 0x1ff000, 0, 2050)                                                              = 0
8695 [0x7fcfa431680a] SYS_mmap(0x7fcfa1596000, 4096, 3, 2066)                                                                      = 0x7fcfa1596000
8695 [0x7fcfa4316787] SYS_close(3, 16, 0x7fcfa1596750, 0x6ffffdff)                                                                 = 0
8695 [0x7fcfa4316677] SYS_open(0x7fcfa450e560, 0x80000, 0, 0x7fcfa4512000)                                                         = 3
8695 [0x7fcfa4316697] SYS_read(3, 0x7fff63448998, 832, 0x7fcfa4512000)                                                             = 832
8695 [0x7fcfa4316604] SYS_fstat(3, 0x7fff63448870, 0x7fff63448870, 32)                                                             = 0
8695 [0x7fcfa431680a] SYS_mmap(0, 0x2361e0, 5, 2050)                                                                               = 0x7fcfa1155000
8695 [0x7fcfa4316857] SYS_mprotect(0x7fcfa115d000, 0x1ff000, 0, 2050)                                                              = 0
8695 [0x7fcfa431680a] SYS_mmap(0x7fcfa135c000, 8192, 3, 2066)                                                                      = 0x7fcfa135c000
8695 [0x7fcfa431680a] SYS_mmap(0x7fcfa135e000, 0x2d1e0, 3, 50)                                                                     = 0x7fcfa135e000
8695 [0x7fcfa4316787] SYS_close(3, 16, 0, 0x6ffffdff)                                                                              = 0
8695 [0x7fcfa4316677] SYS_open(0x7fcfa450ea30, 0x80000, 0, 0x6ffffdff)                                                             = 3
8695 [0x7fcfa4316697] SYS_read(3, 0x7fff63448968, 832, 0x6ffffdff)                                                                 = 832
8695 [0x7fcfa4316604] SYS_fstat(3, 0x7fff63448840, 0x7fff63448840, 16)                                                             = 0
8695 [0x7fcfa431680a] SYS_mmap(0, 0x43fe88, 5, 2050)                                                                               = 0x7fcfa0d15000
8695 [0x7fcfa4316857] SYS_mprotect(0x7fcfa0f2a000, 0x200000, 0, 2050)                                                              = 0
8695 [0x7fcfa431680a] SYS_mmap(0x7fcfa112a000, 0x27000, 3, 2066)                                                                   = 0x7fcfa112a000
8695 [0x7fcfa431680a] SYS_mmap(0x7fcfa1151000, 0x3e88, 3, 50)                                                                      = 0x7fcfa1151000
8695 [0x7fcfa4316857] SYS_mprotect(0x7fff6344a000, 4096, 0x1000007, 4)                                                             = 0
8695 [0x7fcfa4316787] SYS_close(3, 4096, 0x1000007, 4)                                                                             = 0
8695 [0x7fcfa4316677] SYS_open(0x7fcfa450efb0, 0x80000, 0, 0x7fcfa45114d0)                                                         = 3
8695 [0x7fcfa4316697] SYS_read(3, 0x7fff63448938, 832, 0x7fcfa45114d0)                                                             = 832
8695 [0x7fcfa4316604] SYS_fstat(3, 0x7fff63448810, 0x7fff63448810, 16)                                                             = 0
8695 [0x7fcfa431680a] SYS_mmap(0, 4096, 3, 34)                                                                                     = 0x7fcfa450d000
8695 [0x7fcfa431680a] SYS_mmap(0, 0x215730, 5, 2050)                                                                               = 0x7fcfa0aff000
8695 [0x7fcfa4316857] SYS_mprotect(0x7fcfa0b15000, 0x1ff000, 0, 2050)                                                              = 0
8695 [0x7fcfa431680a] SYS_mmap(0x7fcfa0d14000, 4096, 3, 2066)                                                                      = 0x7fcfa0d14000
8695 [0x7fcfa4316787] SYS_close(3, 16, 0x7fcfa0d14490, 0x6ffffdff)                                                                 = 0
8695 [0x7fcfa4316677] SYS_open(0x7fcfa450d4f0, 0x80000, 0, 0x6ffffdff)                                                             = 3
8695 [0x7fcfa4316697] SYS_read(3, 0x7fff63448908, 832, 0x6ffffdff)                                                                 = 832
8695 [0x7fcfa4316604] SYS_fstat(3, 0x7fff634487e0, 0x7fff634487e0, 32)                                                             = 0
8695 [0x7fcfa431680a] SYS_mmap(0, 0x2fd148, 5, 2050)                                                                               = 0x7fcfa0801000
8695 [0x7fcfa4316857] SYS_mprotect(0x7fcfa08fe000, 0x1ff000, 0, 2050)                                                              = 0
8695 [0x7fcfa431680a] SYS_mmap(0x7fcfa0afd000, 8192, 3, 2066)                                                                      = 0x7fcfa0afd000
8695 [0x7fcfa4316787] SYS_close(3, 16, 0, 0x6ffffdff)                                                                              = 0
8695 [0x7fcfa4316677] SYS_open(0x7fff634486d0, 0x80000, 0, 0x36782f39325f3130)                                                     = -2
8695 [0x7fcfa43165c5] SYS_stat(0x7fff634486d0, 0x7fff634487b0, 0x7fff634487b0, 0x36782f39325f3130)                                 = -2
8695 [0x7fcfa4316677] SYS_open(0x7fff634486d0, 0x80000, 0, 0x36782f39325f3130)                                                     = -2
8695 [0x7fcfa43165c5] SYS_stat(0x7fff634486d0, 0x7fff634487b0, 0x7fff634487b0, 0x36782f39325f3130)                                 = -2
8695 [0x7fcfa4316677] SYS_open(0x7fff634486d0, 0x80000, 0, 0x36782f39325f3130)                                                     = -2
8695 [0x7fcfa43165c5] SYS_stat(0x7fff634486d0, 0x7fff634487b0, 0x7fff634487b0, 0x36782f39325f3130)                                 = -2
8695 [0x7fcfa4316677] SYS_open(0x7fff634486d0, 0x80000, 0, 0x36782f39325f3130)                                                     = -2
8695 [0x7fcfa43165c5] SYS_stat(0x7fff634486d0, 0x7fff634487b0, 0x7fff634487b0, 0x36782f39325f3130)                                 = -2
8695 [0x7fcfa4316677] SYS_open(0x7fcfa450ddd0, 0x80000, 0, 0x36782f39325f3130)                                                     = 3
8695 [0x7fcfa4316697] SYS_read(3, 0x7fff634488d8, 832, 0x36782f39325f3130)                                                         = 832
8695 [0x7fcfa4316604] SYS_fstat(3, 0x7fff634487b0, 0x7fff634487b0, 16)                                                             = 0
8695 [0x7fcfa431680a] SYS_mmap(0, 4096, 3, 34)                                                                                     = 0x7fcfa450c000
8695 [0x7fcfa431680a] SYS_mmap(0, 0x2f8980, 5, 2050)                                                                               = 0x7fcfa0508000
8695 [0x7fcfa4316857] SYS_mprotect(0x7fcfa05ff000, 0x200000, 0, 2050)                                                              = 0
8695 [0x7fcfa431680a] SYS_mmap(0x7fcfa07ff000, 8192, 3, 2066)                                                                      = 0x7fcfa07ff000
8695 [0x7fcfa4316787] SYS_close(3, 16, 0x7fcfa07ff3a0, 0x6ffffdff)                                                                 = 0
8695 [0x7fcfa4316677] SYS_open(0x7fcfa450c4c8, 0x80000, 0, 0x6ffffdff)                                                             = 3
8695 [0x7fcfa4316697] SYS_read(3, 0x7fff634488a8, 832, 0x6ffffdff)                                                                 = 832
8695 [0x7fcfa4316604] SYS_fstat(3, 0x7fff63448780, 0x7fff63448780, 16)                                                             = 0
8695 [0x7fcfa431680a] SYS_mmap(0, 0x2fc9d8, 5, 2050)                                                                               = 0x7fcfa020b000
8695 [0x7fcfa4316857] SYS_mprotect(0x7fcfa0306000, 0x200000, 0, 2050)                                                              = 0
8695 [0x7fcfa431680a] SYS_mmap(0x7fcfa0506000, 8192, 3, 2066)                                                                      = 0x7fcfa0506000
8695 [0x7fcfa4316787] SYS_close(3, 16, 0x7fcfa0507828, 0x6ffffdff)                                                                 = 0
8695 [0x7fcfa4316677] SYS_open(0x7fcfa450c998, 0x80000, 0, 0x6ffffdff)                                                             = 3
8695 [0x7fcfa4316697] SYS_read(3, 0x7fff63448878, 832, 0x6ffffdff)                                                                 = 832
8695 [0x7fcfa4316604] SYS_fstat(3, 0x7fff63448750, 0x7fff63448750, 16)                                                             = 0
8695 [0x7fcfa431680a] SYS_mmap(0, 0x242830, 5, 2050)                                                                               = 0x7fcf9ffc8000
8695 [0x7fcfa4316857] SYS_mprotect(0x7fcfa000b000, 0x1ff000, 0, 2050)                                                              = 0
8695 [0x7fcfa431680a] SYS_mmap(0x7fcfa020a000, 4096, 3, 2066)                                                                      = 0x7fcfa020a000
8695 [0x7fcfa4316787] SYS_close(3, 16, 0x7fcfa020a630, 0x6ffffdff)                                                                 = 0
8695 [0x7fcfa4316677] SYS_open(0x7fcfa450cf70, 0x80000, 0, 0x7fcfa45139b8)                                                         = 3
8695 [0x7fcfa4316697] SYS_read(3, 0x7fff63448848, 832, 0x7fcfa45139b8)                                                             = 832
8695 [0x7fcfa4316604] SYS_fstat(3, 0x7fff63448720, 0x7fff63448720, 32)                                                             = 0
8695 [0x7fcfa431680a] SYS_mmap(0, 4096, 3, 34)                                                                                     = 0x7fcfa450b000
8695 [0x7fcfa431680a] SYS_mmap(0, 0x203118, 5, 2050)                                                                               = 0x7fcf9fdc4000
8695 [0x7fcfa4316857] SYS_mprotect(0x7fcf9fdc6000, 0x200000, 0, 2050)                                                              = 0
8695 [0x7fcfa431680a] SYS_mmap(0x7fcf9ffc6000, 8192, 3, 2066)                                                                      = 0x7fcf9ffc6000
8695 [0x7fcfa4316787] SYS_close(3, 16, 0x7fcf9ffc6f40, 0x6ffffdff)                                                                 = 0
8695 [0x7fcfa431680a] SYS_mmap(0, 4096, 3, 34)                                                                                     = 0x7fcfa450a000
8695 [0x7fcfa431680a] SYS_mmap(0, 4096, 3, 34)                                                                                     = 0x7fcfa4509000
8695 [0x7fcfa431680a] SYS_mmap(0, 8192, 3, 34)                                                                                     = 0x7fcfa4507000
8695 [0x7fcfa4300044] SYS_arch_prctl(4098, 0x7fcfa4507780, 0x7fcfa4508080, 34)                                                     = 0
8695 [0x7fcfa4316857] SYS_mprotect(0x7fcfa3c56000, 0x4000, 1, 1)                                                                   = 0
8695 [0x7fcfa4316857] SYS_mprotect(0x7fcf9ffc6000, 4096, 1, 0x7fcf9fdc4c68)                                                        = 0
8695 [0x7fcfa4316857] SYS_mprotect(0x7fcfa2dfc000, 4096, 1, 0x7fcfa2bea500)                                                        = 0
8695 [0x7fcfa4316857] SYS_mprotect(0x7fcfa0afd000, 4096, 1, 1)                                                                     = 0
8695 [0x7fcfa4316857] SYS_mprotect(0x7fcfa135c000, 4096, 1, 0x7fcfa1155a00)                                                        = 0
8695 [0x7fcfa4316857] SYS_mprotect(0x7fcfa30c0000, 0x7000, 1, 0x7fcfa2e5a810)                                                      = 0
8695 [0x7fcfa4316857] SYS_mprotect(0x7fcfa2be3000, 4096, 1, 0x7fcfa29ded58)                                                        = 0
8695 [0x7fcfa4316857] SYS_mprotect(0x7fcfa451f000, 4096, 1, 0)                                                                     = 0
8695 [0x7fcfa4316837] SYS_munmap(0x7fcfa4515000, 0x83b3, 0x75c00, 0)                                                               = 0
8695 [0x7fcfa2bebe92] SYS_set_tid_address(0x7fcfa4507a50, 0x7fff6344a838, 0x7fcfa4507780, 0)                                       = 8695
8695 [0x7fcfa2bebefa] SYS_set_robust_list(0x7fcfa4507a60, 24, 0x7fcfa4507780, 0)                                                   = 0
8695 [0x7fcfa2bf5cf5] SYS_rt_sigaction(32, 0x7fff6344a588, 0, 8)                                                                   = 0
8695 [0x7fcfa2bf5cf5] SYS_rt_sigaction(33, 0x7fff6344a588, 0, 8)                                                                   = 0
8695 [0x7fcfa2bebfd6] SYS_rt_sigprocmask(1, 0x7fff6344a6d8, 0, 8)                                                                  = 0
8695 [0x7fcfa39a2b17] SYS_getrlimit(3, 0x7fff6344a770, 63, 1)                                                                      = 0
8695 [0x7fcfa2bebb95] SYS_futex(0x7fcfa30ca7e0, 129, 0x7fffffff, 0)                                                                = 0
8695 [0x4009e1] ledctrl->Hal_Led_Set_Mode(11, 3, 0x7fcfa3a10c60, 0 <unfinished ...>
8695 [0x7fcfa3c66575]   libnhal.so->Hal_Lookup_Hardware_Info(0x7fff6344a560, 3, 0x7fcfa3a10c60, 0 <unfinished ...>
8695 [0x7fcfa399d557]     SYS_statfs(0x7fcfa2bf81e8, 0x7fff6344a350, 0x7fcfa2e01310, 1)                                            = 0
8695 [0x7fcfa2bebb95]     SYS_futex(0x7fcfa2e01310, 129, 0x7fffffff, 0)                                                            = 0
8695 [0x7fcfa399d7e0]     SYS_open(0x7fff6344a460, 0xa0002, 484, 1)                                                                = 3
8695 [0x7fcfa39a672a]     SYS_mmap(0, 220, 3, 1)                                                                                   = 0x7fcfa451d000
8695 [0x7fcfa399e070]     SYS_close(3, 220, 3, 1)                                                                                  = 0
8695 [0x7fcfa3c657f0]     libnhal.so->Hw_Semaphore_Init(0x7fff6344a510, 0x7fcfa3c68287, 1, -1 <unfinished ...>
8695 [0x7fcfa399d405]       SYS_lstat(0x7fff6344a3c0, 0x7fff6344a2d0, 0x7fff6344a2d0, 0)                                           = -2
8695 [0x7fcfa2bf5510]       SYS_open(0x7fff6344a3c0, 194, 600, 0)                                                                  = 3
8695 [0x7fcfa2bf4da0]       SYS_write(3, 0x7fff6344a440, 32, 0)                                                                    = 32
8695 [0x7fcfa39a672a]       SYS_mmap(0, 32, 3, 1)                                                                                  = 0x7fcfa451c000
8695 [0x7fcfa399f1a7]       SYS_link(0x7fff6344a3c0, 0x7fff6344a3f0, 3, 1)                                                         = -17
8695 [0x7fcfa39a6757]       SYS_munmap(0x7fcfa451c000, 32, 3, 1)                                                                   = 0
8695 [0x7fcfa399f2c7]       SYS_unlink(0x7fff6344a3c0, 32, 3, 1)                                                                   = 0
8695 [0x7fcfa2bf4e60]       SYS_close(3, 32, 3, 1)                                                                                 = 0
8695 [0x7fcfa2bf5510]       SYS_open(0x7fff6344a3f0, 0x20002, 18, 1)                                                               = 3
8695 [0x7fcfa399d3b4]       SYS_fstat(3, 0x7fff6344a320, 0x7fff6344a320, 1)                                                        = 0
8695 [0x7fcfa39a2f5a]       SYS_brk(0, 0x7fcfa3c5a640, 0, -4096)                                                                   = 0x1e51000
8695 [0x7fcfa39a2f5a]       SYS_brk(0x1e72000, 0x1e51000, 0x1e72000, -4096)                                                        = 0x1e72000
8695 [0x7fcfa39a672a]       SYS_mmap(0, 32, 3, 1)                                                                                  = 0x7fcfa451c000
8695 [0x7fcfa2bf4e60]       SYS_close(3, 32, 0, 3)                                                                                 = 0
8695 [0x7fcfa3c657f0]     <... Hw_Semaphore_Init resumed> )                                                                        = 17
8695 [0x7fcfa3c65800]     libnhal.so->Hw_Semaphore_Lock(0x7fff6344a510, 32, 0x7fcfa451c000, -1)                                    = 0
8695 [0x7fcfa3c65918]     libnhal.so->Hw_Semaphore_Unlock(0x7fff6344a510, 2, 0x7fcfa451d000, 0)                                    = 0
8695 [0x7fcfa3c65924]     libnhal.so->Hw_Semaphore_Release(0x7fff6344a510, 128, 0, 0 <unfinished ...>
8695 [0x7fcfa39a6757]       SYS_munmap(0x7fcfa451c000, 32, 0, 1)                                                                   = 0
8695 [0x7fcfa3c65924]     <... Hw_Semaphore_Release resumed> )                                                                     = 0
8695 [0x7fcfa3c66575]   <... Hal_Lookup_Hardware_Info resumed> )                                                                   = 0
8695 [0x4009e1] <... Hal_Led_Set_Mode resumed> )                                                                                   = 0xffffffea
8695 [0x7fcfa38f7932] libgeneral.so->Trace_Mem_Destroy()(0x7fcfa360fd40, 0, 0x1f7a30c2d7cb6cf9, 16)                                = 0
8695 [0x7fcfa397a468] SYS_exit_group(-22, 60, -22, 0x7fcfa3c5da48 <unfinished ...>
8695 [0xffffffffffffffff] +++ exited (status 234) +++
