7980 [0x7f1c1a3388aa] SYS_brk(0, 0x7f1c1a33bfa0, 0, 895)                                                                           = 0xd7a000
7980 [0x7f1c1a3397e7] SYS_readlink(0x7fff4929bb78, 0x7fff49299830, 4096, 0x756e694c00000000)                                       = -2
7980 [0x7f1c1a339677] SYS_open(0x7f1c1a33d1f3, 0, 0, 0x756e694c00000000)                                                           = 3
7980 [0x7f1c1a3397a7] SYS_chdir(0x7f1c1a544ba8, 0, 0, 0x756e694c00000000)                                                          = -2
7980 [0x7f1c1a3389d2] SYS_getcwd(0x7fff49299830, 4096, 0, 0x756e694c00000000)                                                      = 23
7980 [0x7f1c1a3397c7] SYS_fchdir(3, 4096, 0, 0x756e694c00000000)                                                                   = 0
7980 [0x7f1c1a339787] SYS_close(3, 4096, 0, 0x756e694c00000000)                                                                    = 0
7980 [0x7f1c1a33980a] SYS_mmap(0, 4096, 3, 34)                                                                                     = 0x7f1c1a541000
7980 [0x7f1c1a3396d7] SYS_access(0x7f1c1a33f700, 4, 0x7f1c1a544718, 0)                                                             = -2
7980 [0x7f1c1a339677] SYS_open(0x7f1c1a33d072, 0x80000, 1, 0)                                                                      = 3
7980 [0x7f1c1a339604] SYS_fstat(3, 0x7fff49299010, 0x7fff49299010, 0)                                                              = 0
7980 [0x7f1c1a33980a] SYS_mmap(0, 0x83b3, 1, 2)                                                                                    = 0x7f1c1a538000
7980 [0x7f1c1a339787] SYS_close(3, 0x83b3, 1, 2)                                                                                   = 0
7980 [0x7f1c1a339677] SYS_open(0x7f1c1a541640, 0x80000, 0, 56)                                                                     = 3
7980 [0x7f1c1a339697] SYS_read(3, 0x7fff49299198, 832, 56)                                                                         = 832
7980 [0x7f1c1a339604] SYS_fstat(3, 0x7fff49299070, 0x7fff49299070, 16)                                                             = 0
7980 [0x7f1c1a33980a] SYS_mmap(0, 0x278960, 5, 2050)                                                                               = 0x7f1c1a0a9000
7980 [0x7f1c1a339857] SYS_mprotect(0x7f1c1a11f000, 0x200000, 0, 2050)                                                              = 0
7980 [0x7f1c1a33980a] SYS_mmap(0x7f1c1a31f000, 0x3000, 3, 2066)                                                                    = 0x7f1c1a31f000
7980 [0x7f1c1a339787] SYS_close(3, 16, 0x7f1c1a31f3e0, 0x6ffffdff)                                                                 = 0
7980 [0x7f1c1a339677] SYS_open(0x7f1c1a541b10, 0x80000, 0, 0x6ffffdff)                                                             = 3
7980 [0x7f1c1a339697] SYS_read(3, 0x7fff49299168, 832, 0x6ffffdff)                                                                 = 832
7980 [0x7f1c1a339604] SYS_fstat(3, 0x7fff49299040, 0x7fff49299040, 16)                                                             = 0
7980 [0x7f1c1a33980a] SYS_mmap(0, 0x21bee0, 5, 2050)                                                                               = 0x7f1c19e8d000
7980 [0x7f1c1a339857] SYS_mprotect(0x7f1c19ea8000, 0x200000, 0, 2050)                                                              = 0
7980 [0x7f1c1a33980a] SYS_mmap(0x7f1c1a0a8000, 4096, 3, 2066)                                                                      = 0x7f1c1a0a8000
7980 [0x7f1c1a339787] SYS_close(3, 16, 0x7f1c1a0a8208, 0x6ffffdff)                                                                 = 0
7980 [0x7f1c1a339677] SYS_open(0x7f1c1a541fe0, 0x80000, 0, 0x6ffffdff)                                                             = 3
7980 [0x7f1c1a339697] SYS_read(3, 0x7fff49299138, 832, 0x6ffffdff)                                                                 = 832
7980 [0x7f1c1a339604] SYS_fstat(3, 0x7fff49299010, 0x7fff49299010, 16)                                                             = 0
7980 [0x7f1c1a33980a] SYS_mmap(0, 4096, 3, 34)                                                                                     = 0x7f1c1a537000
7980 [0x7f1c1a33980a] SYS_mmap(0, 0x209ad0, 5, 2050)                                                                               = 0x7f1c19c83000
7980 [0x7f1c1a339857] SYS_mprotect(0x7f1c19c8d000, 0x1ff000, 0, 2050)                                                              = 0
7980 [0x7f1c1a33980a] SYS_mmap(0x7f1c19e8c000, 4096, 3, 2066)                                                                      = 0x7f1c19e8c000
7980 [0x7f1c1a339787] SYS_close(3, 16, 0x7f1c19e8c690, 0x6ffffdff)                                                                 = 0
7980 [0x7f1c1a339677] SYS_open(0x7f1c1a5374b8, 0x80000, 0, 0x6ffffdff)                                                             = 3
7980 [0x7f1c1a339697] SYS_read(3, 0x7fff49299108, 832, 0x6ffffdff)                                                                 = 832
7980 [0x7f1c1a339604] SYS_fstat(3, 0x7fff49298fe0, 0x7fff49298fe0, 32)                                                             = 0
7980 [0x7f1c1a33980a] SYS_mmap(0, 0x39dc40, 5, 2050)                                                                               = 0x7f1c198e5000
7980 [0x7f1c1a339857] SYS_mprotect(0x7f1c19a79000, 0x200000, 0, 2050)                                                              = 0
7980 [0x7f1c1a33980a] SYS_mmap(0x7f1c19c79000, 0x6000, 3, 2066)                                                                    = 0x7f1c19c79000
7980 [0x7f1c1a33980a] SYS_mmap(0x7f1c19c7f000, 0x3c40, 3, 50)                                                                      = 0x7f1c19c7f000
7980 [0x7f1c1a339787] SYS_close(3, 16, 0, 0x6ffffdff)                                                                              = 0
7980 [0x7f1c1a339677] SYS_open(0x7f1c1a537988, 0x80000, 0, 0x6ffffdff)                                                             = 3
7980 [0x7f1c1a339697] SYS_read(3, 0x7fff49298fb8, 832, 0x6ffffdff)                                                                 = 832
7980 [0x7f1c1a339604] SYS_fstat(3, 0x7fff49298e90, 0x7fff49298e90, 16)                                                             = 0
7980 [0x7f1c1a33980a] SYS_mmap(0, 0x2b09d0, 5, 2050)                                                                               = 0x7f1c19634000
7980 [0x7f1c1a339857] SYS_mprotect(0x7f1c196e3000, 0x1ff000, 0, 2050)                                                              = 0
7980 [0x7f1c1a33980a] SYS_mmap(0x7f1c198e2000, 0x3000, 3, 2066)                                                                    = 0x7f1c198e2000
7980 [0x7f1c1a339787] SYS_close(3, 16, 0x7f1c198e29a8, 0x6ffffdff)                                                                 = 0
7980 [0x7f1c1a339677] SYS_open(0x7f1c1a537e58, 0x80000, 0, 0x6ffffdff)                                                             = 3
7980 [0x7f1c1a339697] SYS_read(3, 0x7fff49298f88, 832, 0x6ffffdff)                                                                 = 832
7980 [0x7f1c1a339604] SYS_fstat(3, 0x7fff49298e60, 0x7fff49298e60, 16)                                                             = 0
7980 [0x7f1c1a33980a] SYS_mmap(0, 4096, 3, 34)                                                                                     = 0x7f1c1a536000
7980 [0x7f1c1a33980a] SYS_mmap(0, 0x294ee0, 5, 2050)                                                                               = 0x7f1c1939f000
7980 [0x7f1c1a339857] SYS_mprotect(0x7f1c19431000, 0x1ff000, 0, 2050)                                                              = 0
7980 [0x7f1c1a33980a] SYS_mmap(0x7f1c19630000, 0x3000, 3, 2066)                                                                    = 0x7f1c19630000
7980 [0x7f1c1a33980a] SYS_mmap(0x7f1c19633000, 3808, 3, 50)                                                                        = 0x7f1c19633000
7980 [0x7f1c1a339787] SYS_close(3, 16, 0x7f1c19630e30, 0x6ffffdff)                                                                 = 0
7980 [0x7f1c1a339677] SYS_open(0x7f1c1a5364b8, 0x80000, 0, 0x6ffffdff)                                                             = 3
7980 [0x7f1c1a339697] SYS_read(3, 0x7fff49298f58, 832, 0x6ffffdff)                                                                 = 832
7980 [0x7f1c1a339604] SYS_fstat(3, 0x7fff49298e30, 0x7fff49298e30, 16)                                                             = 0
7980 [0x7f1c1a33980a] SYS_mmap(0, 0x29d850, 5, 2050)                                                                               = 0x7f1c19101000
7980 [0x7f1c1a339857] SYS_mprotect(0x7f1c1919a000, 0x200000, 0, 2050)                                                              = 0
7980 [0x7f1c1a33980a] SYS_mmap(0x7f1c1939a000, 0x3000, 3, 2066)                                                                    = 0x7f1c1939a000
7980 [0x7f1c1a33980a] SYS_mmap(0x7f1c1939d000, 6224, 3, 50)                                                                        = 0x7f1c1939d000
7980 [0x7f1c1a339787] SYS_close(3, 16, 0x7f1c1939bcc8, 0x6ffffdff)                                                                 = 0
7980 [0x7f1c1a339677] SYS_open(0x7f1c1a5369a0, 0x80000, 0, 0x6ffffdff)                                                             = 3
7980 [0x7f1c1a339697] SYS_read(3, 0x7fff49298f28, 832, 0x6ffffdff)                                                                 = 832
7980 [0x7f1c1a339604] SYS_fstat(3, 0x7fff49298e00, 0x7fff49298e00, 16)                                                             = 0
7980 [0x7f1c1a33980a] SYS_mmap(0, 0x2dbbb0, 5, 2050)                                                                               = 0x7f1c18e25000
7980 [0x7f1c1a339857] SYS_mprotect(0x7f1c18ee3000, 0x200000, 0, 2050)                                                              = 0
7980 [0x7f1c1a33980a] SYS_mmap(0x7f1c190e3000, 0xa000, 3, 2066)                                                                    = 0x7f1c190e3000
7980 [0x7f1c1a33980a] SYS_mmap(0x7f1c190ed000, 0x13bb0, 3, 50)                                                                     = 0x7f1c190ed000
7980 [0x7f1c1a339787] SYS_close(3, 16, 0x7f1c190e94d8, 0x6ffffdff)                                                                 = 0
7980 [0x7f1c1a339677] SYS_open(0x7f1c1a536e70, 0x80000, 0, 0x6ffffdff)                                                             = 3
7980 [0x7f1c1a339697] SYS_read(3, 0x7fff49298ef8, 832, 0x6ffffdff)                                                                 = 832
7980 [0x7f1c1a339604] SYS_fstat(3, 0x7fff49298dd0, 0x7fff49298dd0, 32)                                                             = 0
7980 [0x7f1c1a33980a] SYS_mmap(0, 4096, 3, 34)                                                                                     = 0x7f1c1a535000
7980 [0x7f1c1a33980a] SYS_mmap(0, 0x21c490, 5, 2050)                                                                               = 0x7f1c18c08000
7980 [0x7f1c1a339857] SYS_mprotect(0x7f1c18c20000, 0x1ff000, 0, 2050)                                                              = 0
7980 [0x7f1c1a33980a] SYS_mmap(0x7f1c18e1f000, 8192, 3, 2066)                                                                      = 0x7f1c18e1f000
7980 [0x7f1c1a33980a] SYS_mmap(0x7f1c18e21000, 0x3490, 3, 50)                                                                      = 0x7f1c18e21000
7980 [0x7f1c1a339787] SYS_close(3, 16, 0, 0x6ffffdff)                                                                              = 0
7980 [0x7f1c1a339677] SYS_open(0x7f1c1a5354b8, 0x80000, 0, 0x6ffffdff)                                                             = 3
7980 [0x7f1c1a339697] SYS_read(3, 0x7fff49298ec8, 832, 0x6ffffdff)                                                                 = 832
7980 [0x7f1c1a339604] SYS_fstat(3, 0x7fff49298da0, 0x7fff49298da0, 32)                                                             = 0
7980 [0x7f1c1a33980a] SYS_mmap(0, 0x207bc0, 5, 2050)                                                                               = 0x7f1c18a00000
7980 [0x7f1c1a339857] SYS_mprotect(0x7f1c18a07000, 0x1ff000, 0, 2050)                                                              = 0
7980 [0x7f1c1a33980a] SYS_mmap(0x7f1c18c06000, 8192, 3, 2066)                                                                      = 0x7f1c18c06000
7980 [0x7f1c1a339787] SYS_close(3, 16, 0, 0x6ffffdff)                                                                              = 0
7980 [0x7f1c1a339677] SYS_open(0x7f1c1a535988, 0x80000, 0, 0x6ffffdff)                                                             = 3
7980 [0x7f1c1a339697] SYS_read(3, 0x7fff49298e98, 832, 0x6ffffdff)                                                                 = 832
7980 [0x7f1c1a339604] SYS_fstat(3, 0x7fff49298d70, 0x7fff49298d70, 16)                                                             = 0
7980 [0x7f1c1a33980a] SYS_mmap(0, 0x202e20, 5, 2050)                                                                               = 0x7f1c187fd000
7980 [0x7f1c1a339857] SYS_mprotect(0x7f1c18800000, 0x1ff000, 0, 2050)                                                              = 0
7980 [0x7f1c1a33980a] SYS_mmap(0x7f1c189ff000, 4096, 3, 2066)                                                                      = 0x7f1c189ff000
7980 [0x7f1c1a339787] SYS_close(3, 16, 0x7f1c189ffc28, 0x6ffffdff)                                                                 = 0
7980 [0x7f1c1a339677] SYS_open(0x7f1c1a535e58, 0x80000, 0, 0x6ffffdff)                                                             = 3
7980 [0x7f1c1a339697] SYS_read(3, 0x7fff49298e68, 832, 0x6ffffdff)                                                                 = 832
7980 [0x7f1c1a339604] SYS_fstat(3, 0x7fff49298d40, 0x7fff49298d40, 16)                                                             = 0
7980 [0x7f1c1a33980a] SYS_mmap(0, 4096, 3, 34)                                                                                     = 0x7f1c1a534000
7980 [0x7f1c1a33980a] SYS_mmap(0, 0x209850, 5, 2050)                                                                               = 0x7f1c185f3000
7980 [0x7f1c1a339857] SYS_mprotect(0x7f1c185fd000, 0x1ff000, 0, 2050)                                                              = 0
7980 [0x7f1c1a33980a] SYS_mmap(0x7f1c187fc000, 4096, 3, 2066)                                                                      = 0x7f1c187fc000
7980 [0x7f1c1a339787] SYS_close(3, 16, 0x7f1c187fc618, 0x6ffffdff)                                                                 = 0
7980 [0x7f1c1a339677] SYS_open(0x7f1c1a5344b8, 0x80000, 0, 0x6ffffdff)                                                             = 3
7980 [0x7f1c1a339697] SYS_read(3, 0x7fff49298e38, 832, 0x6ffffdff)                                                                 = 832
7980 [0x7f1c1a339604] SYS_fstat(3, 0x7fff49298d10, 0x7fff49298d10, 16)                                                             = 0
7980 [0x7f1c1a33980a] SYS_mmap(0, 0x210868, 5, 2050)                                                                               = 0x7f1c183e2000
7980 [0x7f1c1a339857] SYS_mprotect(0x7f1c183f3000, 0x1ff000, 0, 2050)                                                              = 0
7980 [0x7f1c1a33980a] SYS_mmap(0x7f1c185f2000, 4096, 3, 2066)                                                                      = 0x7f1c185f2000
7980 [0x7f1c1a339787] SYS_close(3, 16, 0x7f1c185f2408, 0x6ffffdff)                                                                 = 0
7980 [0x7f1c1a339677] SYS_open(0x7f1c1a534a40, 0x80000, 0, 0x7f1c1a5359a0)                                                         = 3
7980 [0x7f1c1a339697] SYS_read(3, 0x7fff49298cd8, 832, 0x7f1c1a5359a0)                                                             = 832
7980 [0x7f1c1a339604] SYS_fstat(3, 0x7fff49298bb0, 0x7fff49298bb0, 16)                                                             = 0
7980 [0x7f1c1a33980a] SYS_mmap(0, 0x2032c8, 5, 2050)                                                                               = 0x7f1c181de000
7980 [0x7f1c1a339857] SYS_mprotect(0x7f1c181e1000, 0x200000, 0, 2050)                                                              = 0
7980 [0x7f1c1a33980a] SYS_mmap(0x7f1c183e1000, 4096, 3, 2066)                                                                      = 0x7f1c183e1000
7980 [0x7f1c1a339787] SYS_close(3, 16, 0x7f1c183e1188, 0x6ffffdff)                                                                 = 0
7980 [0x7f1c1a339677] SYS_open(0x7f1c1a534f28, 0x80000, 0, 0x6ffffdff)                                                             = 3
7980 [0x7f1c1a339697] SYS_read(3, 0x7fff49298ca8, 832, 0x6ffffdff)                                                                 = 832
7980 [0x7f1c1a339604] SYS_fstat(3, 0x7fff49298b80, 0x7fff49298b80, 16)                                                             = 0
7980 [0x7f1c1a33980a] SYS_mmap(0, 4096, 3, 34)                                                                                     = 0x7f1c1a533000
7980 [0x7f1c1a33980a] SYS_mmap(0, 0x207820, 5, 2050)                                                                               = 0x7f1c17fd6000
7980 [0x7f1c1a339857] SYS_mprotect(0x7f1c17fdd000, 0x200000, 0, 2050)                                                              = 0
7980 [0x7f1c1a33980a] SYS_mmap(0x7f1c181dd000, 4096, 3, 2066)                                                                      = 0x7f1c181dd000
7980 [0x7f1c1a339787] SYS_close(3, 16, 0x7f1c181dd188, 0x6ffffdff)                                                                 = 0
7980 [0x7f1c1a339677] SYS_open(0x7f1c1a5334c8, 0x80000, 0, 0x6ffffdff)                                                             = 3
7980 [0x7f1c1a339697] SYS_read(3, 0x7fff49298c78, 832, 0x6ffffdff)                                                                 = 832
7980 [0x7f1c1a339604] SYS_fstat(3, 0x7fff49298b50, 0x7fff49298b50, 16)                                                             = 0
7980 [0x7f1c1a33980a] SYS_mmap(0, 0x201f30, 5, 2050)                                                                               = 0x7f1c17dd4000
7980 [0x7f1c1a339857] SYS_mprotect(0x7f1c17dd6000, 0x1ff000, 0, 2050)                                                              = 0
7980 [0x7f1c1a33980a] SYS_mmap(0x7f1c17fd5000, 4096, 3, 2066)                                                                      = 0x7f1c17fd5000
7980 [0x7f1c1a339787] SYS_close(3, 16, 0x7f1c17fd5e18, 0x6ffffdff)                                                                 = 0
7980 [0x7f1c1a339677] SYS_open(0x7f1c1a533a60, 0x80000, 0, 0x7f1c1a5374d0)                                                         = 3
7980 [0x7f1c1a339697] SYS_read(3, 0x7fff49298c48, 832, 0x7f1c1a5374d0)                                                             = 832
7980 [0x7f1c1a339604] SYS_fstat(3, 0x7fff49298b20, 0x7fff49298b20, 16)                                                             = 0
7980 [0x7f1c1a33980a] SYS_mmap(0, 0x2022e8, 5, 2050)                                                                               = 0x7f1c17bd1000
7980 [0x7f1c1a339857] SYS_mprotect(0x7f1c17bd3000, 0x200000, 0, 2050)                                                              = 0
7980 [0x7f1c1a33980a] SYS_mmap(0x7f1c17dd3000, 4096, 3, 2066)                                                                      = 0x7f1c17dd3000
7980 [0x7f1c1a339787] SYS_close(3, 16, 0x7f1c17dd3198, 0x6ffffdff)                                                                 = 0
7980 [0x7f1c1a339677] SYS_open(0x7f1c1a533f40, 0x80000, 0, 0x6ffffdff)                                                             = 3
7980 [0x7f1c1a339697] SYS_read(3, 0x7fff49298c18, 832, 0x6ffffdff)                                                                 = 832
7980 [0x7f1c1a339604] SYS_fstat(3, 0x7fff49298af0, 0x7fff49298af0, 16)                                                             = 0
7980 [0x7f1c1a33980a] SYS_mmap(0, 4096, 3, 34)                                                                                     = 0x7f1c1a532000
7980 [0x7f1c1a33980a] SYS_mmap(0, 0x201f30, 5, 2050)                                                                               = 0x7f1c179cf000
7980 [0x7f1c1a339857] SYS_mprotect(0x7f1c179d1000, 0x1ff000, 0, 2050)                                                              = 0
7980 [0x7f1c1a33980a] SYS_mmap(0x7f1c17bd0000, 4096, 3, 2066)                                                                      = 0x7f1c17bd0000
7980 [0x7f1c1a339787] SYS_close(3, 16, 0x7f1c17bd0e18, 0x6ffffdff)                                                                 = 0
7980 [0x7f1c1a339677] SYS_open(0x7f1c1a5324c0, 0x80000, 0, 0x6ffffdff)                                                             = 3
7980 [0x7f1c1a339697] SYS_read(3, 0x7fff49298be8, 832, 0x6ffffdff)                                                                 = 832
7980 [0x7f1c1a339604] SYS_fstat(3, 0x7fff49298ac0, 0x7fff49298ac0, 16)                                                             = 0
7980 [0x7f1c1a33980a] SYS_mmap(0, 0x2038b8, 5, 2050)                                                                               = 0x7f1c177cb000
7980 [0x7f1c1a339857] SYS_mprotect(0x7f1c177cf000, 0x1ff000, 0, 2050)                                                              = 0
7980 [0x7f1c1a33980a] SYS_mmap(0x7f1c179ce000, 4096, 3, 2066)                                                                      = 0x7f1c179ce000
7980 [0x7f1c1a339787] SYS_close(3, 16, 0x7f1c179ce748, 0x6ffffdff)                                                                 = 0
7980 [0x7f1c1a339677] SYS_open(0x7f1c1a532a60, 0x80000, 0, 0x7f1c1a535000)                                                         = 3
7980 [0x7f1c1a339697] SYS_read(3, 0x7fff49298b88, 832, 0x7f1c1a535000)                                                             = 832
7980 [0x7f1c1a339604] SYS_fstat(3, 0x7fff49298a60, 0x7fff49298a60, 16)                                                             = 0
7980 [0x7f1c1a33980a] SYS_mmap(0, 0x210848, 5, 2050)                                                                               = 0x7f1c175ba000
7980 [0x7f1c1a339857] SYS_mprotect(0x7f1c175ca000, 0x1ff000, 0, 2050)                                                              = 0
7980 [0x7f1c1a33980a] SYS_mmap(0x7f1c177c9000, 8192, 3, 2066)                                                                      = 0x7f1c177c9000
7980 [0x7f1c1a339787] SYS_close(3, 16, 0x7f1c177c9d90, 0x6ffffdff)                                                                 = 0
7980 [0x7f1c1a339677] SYS_open(0x7f1c1a532f48, 0x80000, 0, 0x6ffffdff)                                                             = 3
7980 [0x7f1c1a339697] SYS_read(3, 0x7fff49298b58, 832, 0x6ffffdff)                                                                 = 832
7980 [0x7f1c1a339604] SYS_fstat(3, 0x7fff49298a30, 0x7fff49298a30, 16)                                                             = 0
7980 [0x7f1c1a33980a] SYS_mmap(0, 4096, 3, 34)                                                                                     = 0x7f1c1a531000
7980 [0x7f1c1a33980a] SYS_mmap(0, 0x20acf0, 5, 2050)                                                                               = 0x7f1c173af000
7980 [0x7f1c1a339857] SYS_mprotect(0x7f1c173ba000, 0x1ff000, 0, 2050)                                                              = 0
7980 [0x7f1c1a33980a] SYS_mmap(0x7f1c175b9000, 4096, 3, 2066)                                                                      = 0x7f1c175b9000
7980 [0x7f1c1a339787] SYS_close(3, 16, 0x7f1c175b9750, 0x6ffffdff)                                                                 = 0
7980 [0x7f1c1a339677] SYS_open(0x7f1c1a531560, 0x80000, 0, 0x7f1c1a535000)                                                         = 3
7980 [0x7f1c1a339697] SYS_read(3, 0x7fff49298b28, 832, 0x7f1c1a535000)                                                             = 832
7980 [0x7f1c1a339604] SYS_fstat(3, 0x7fff49298a00, 0x7fff49298a00, 32)                                                             = 0
7980 [0x7f1c1a33980a] SYS_mmap(0, 0x2361e0, 5, 2050)                                                                               = 0x7f1c17178000
7980 [0x7f1c1a339857] SYS_mprotect(0x7f1c17180000, 0x1ff000, 0, 2050)                                                              = 0
7980 [0x7f1c1a33980a] SYS_mmap(0x7f1c1737f000, 8192, 3, 2066)                                                                      = 0x7f1c1737f000
7980 [0x7f1c1a33980a] SYS_mmap(0x7f1c17381000, 0x2d1e0, 3, 50)                                                                     = 0x7f1c17381000
7980 [0x7f1c1a339787] SYS_close(3, 16, 0, 0x6ffffdff)                                                                              = 0
7980 [0x7f1c1a339677] SYS_open(0x7f1c1a531a30, 0x80000, 0, 0x6ffffdff)                                                             = 3
7980 [0x7f1c1a339697] SYS_read(3, 0x7fff49298af8, 832, 0x6ffffdff)                                                                 = 832
7980 [0x7f1c1a339604] SYS_fstat(3, 0x7fff492989d0, 0x7fff492989d0, 16)                                                             = 0
7980 [0x7f1c1a33980a] SYS_mmap(0, 0x43fe88, 5, 2050)                                                                               = 0x7f1c16d38000
7980 [0x7f1c1a339857] SYS_mprotect(0x7f1c16f4d000, 0x200000, 0, 2050)                                                              = 0
7980 [0x7f1c1a33980a] SYS_mmap(0x7f1c1714d000, 0x27000, 3, 2066)                                                                   = 0x7f1c1714d000
7980 [0x7f1c1a33980a] SYS_mmap(0x7f1c17174000, 0x3e88, 3, 50)                                                                      = 0x7f1c17174000
7980 [0x7f1c1a339857] SYS_mprotect(0x7fff4929a000, 4096, 0x1000007, 4)                                                             = 0
7980 [0x7f1c1a339787] SYS_close(3, 4096, 0x1000007, 4)                                                                             = 0
7980 [0x7f1c1a339677] SYS_open(0x7f1c1a531fb0, 0x80000, 0, 0x7f1c1a5344d0)                                                         = 3
7980 [0x7f1c1a339697] SYS_read(3, 0x7fff49298ac8, 832, 0x7f1c1a5344d0)                                                             = 832
7980 [0x7f1c1a339604] SYS_fstat(3, 0x7fff492989a0, 0x7fff492989a0, 16)                                                             = 0
7980 [0x7f1c1a33980a] SYS_mmap(0, 4096, 3, 34)                                                                                     = 0x7f1c1a530000
7980 [0x7f1c1a33980a] SYS_mmap(0, 0x215730, 5, 2050)                                                                               = 0x7f1c16b22000
7980 [0x7f1c1a339857] SYS_mprotect(0x7f1c16b38000, 0x1ff000, 0, 2050)                                                              = 0
7980 [0x7f1c1a33980a] SYS_mmap(0x7f1c16d37000, 4096, 3, 2066)                                                                      = 0x7f1c16d37000
7980 [0x7f1c1a339787] SYS_close(3, 16, 0x7f1c16d37490, 0x6ffffdff)                                                                 = 0
7980 [0x7f1c1a339677] SYS_open(0x7f1c1a5304f0, 0x80000, 0, 0x6ffffdff)                                                             = 3
7980 [0x7f1c1a339697] SYS_read(3, 0x7fff49298a98, 832, 0x6ffffdff)                                                                 = 832
7980 [0x7f1c1a339604] SYS_fstat(3, 0x7fff49298970, 0x7fff49298970, 32)                                                             = 0
7980 [0x7f1c1a33980a] SYS_mmap(0, 0x2fd148, 5, 2050)                                                                               = 0x7f1c16824000
7980 [0x7f1c1a339857] SYS_mprotect(0x7f1c16921000, 0x1ff000, 0, 2050)                                                              = 0
7980 [0x7f1c1a33980a] SYS_mmap(0x7f1c16b20000, 8192, 3, 2066)                                                                      = 0x7f1c16b20000
7980 [0x7f1c1a339787] SYS_close(3, 16, 0, 0x6ffffdff)                                                                              = 0
7980 [0x7f1c1a339677] SYS_open(0x7fff49298860, 0x80000, 0, 0x36782f39325f3130)                                                     = -2
7980 [0x7f1c1a3395c5] SYS_stat(0x7fff49298860, 0x7fff49298940, 0x7fff49298940, 0x36782f39325f3130)                                 = -2
7980 [0x7f1c1a339677] SYS_open(0x7fff49298860, 0x80000, 0, 0x36782f39325f3130)                                                     = -2
7980 [0x7f1c1a3395c5] SYS_stat(0x7fff49298860, 0x7fff49298940, 0x7fff49298940, 0x36782f39325f3130)                                 = -2
7980 [0x7f1c1a339677] SYS_open(0x7fff49298860, 0x80000, 0, 0x36782f39325f3130)                                                     = -2
7980 [0x7f1c1a3395c5] SYS_stat(0x7fff49298860, 0x7fff49298940, 0x7fff49298940, 0x36782f39325f3130)                                 = -2
7980 [0x7f1c1a339677] SYS_open(0x7fff49298860, 0x80000, 0, 0x36782f39325f3130)                                                     = -2
7980 [0x7f1c1a3395c5] SYS_stat(0x7fff49298860, 0x7fff49298940, 0x7fff49298940, 0x36782f39325f3130)                                 = -2
7980 [0x7f1c1a339677] SYS_open(0x7f1c1a530dd0, 0x80000, 0, 0x36782f39325f3130)                                                     = 3
7980 [0x7f1c1a339697] SYS_read(3, 0x7fff49298a68, 832, 0x36782f39325f3130)                                                         = 832
7980 [0x7f1c1a339604] SYS_fstat(3, 0x7fff49298940, 0x7fff49298940, 16)                                                             = 0
7980 [0x7f1c1a33980a] SYS_mmap(0, 4096, 3, 34)                                                                                     = 0x7f1c1a52f000
7980 [0x7f1c1a33980a] SYS_mmap(0, 0x2f8980, 5, 2050)                                                                               = 0x7f1c1652b000
7980 [0x7f1c1a339857] SYS_mprotect(0x7f1c16622000, 0x200000, 0, 2050)                                                              = 0
7980 [0x7f1c1a33980a] SYS_mmap(0x7f1c16822000, 8192, 3, 2066)                                                                      = 0x7f1c16822000
7980 [0x7f1c1a339787] SYS_close(3, 16, 0x7f1c168223a0, 0x6ffffdff)                                                                 = 0
7980 [0x7f1c1a339677] SYS_open(0x7f1c1a52f4c8, 0x80000, 0, 0x6ffffdff)                                                             = 3
7980 [0x7f1c1a339697] SYS_read(3, 0x7fff49298a38, 832, 0x6ffffdff)                                                                 = 832
7980 [0x7f1c1a339604] SYS_fstat(3, 0x7fff49298910, 0x7fff49298910, 16)                                                             = 0
7980 [0x7f1c1a33980a] SYS_mmap(0, 0x2fc9d8, 5, 2050)                                                                               = 0x7f1c1622e000
7980 [0x7f1c1a339857] SYS_mprotect(0x7f1c16329000, 0x200000, 0, 2050)                                                              = 0
7980 [0x7f1c1a33980a] SYS_mmap(0x7f1c16529000, 8192, 3, 2066)                                                                      = 0x7f1c16529000
7980 [0x7f1c1a339787] SYS_close(3, 16, 0x7f1c1652a828, 0x6ffffdff)                                                                 = 0
7980 [0x7f1c1a339677] SYS_open(0x7f1c1a52f998, 0x80000, 0, 0x6ffffdff)                                                             = 3
7980 [0x7f1c1a339697] SYS_read(3, 0x7fff49298a08, 832, 0x6ffffdff)                                                                 = 832
7980 [0x7f1c1a339604] SYS_fstat(3, 0x7fff492988e0, 0x7fff492988e0, 16)                                                             = 0
7980 [0x7f1c1a33980a] SYS_mmap(0, 0x242830, 5, 2050)                                                                               = 0x7f1c15feb000
7980 [0x7f1c1a339857] SYS_mprotect(0x7f1c1602e000, 0x1ff000, 0, 2050)                                                              = 0
7980 [0x7f1c1a33980a] SYS_mmap(0x7f1c1622d000, 4096, 3, 2066)                                                                      = 0x7f1c1622d000
7980 [0x7f1c1a339787] SYS_close(3, 16, 0x7f1c1622d630, 0x6ffffdff)                                                                 = 0
7980 [0x7f1c1a339677] SYS_open(0x7f1c1a52ff70, 0x80000, 0, 0x7f1c1a5369b8)                                                         = 3
7980 [0x7f1c1a339697] SYS_read(3, 0x7fff492989d8, 832, 0x7f1c1a5369b8)                                                             = 832
7980 [0x7f1c1a339604] SYS_fstat(3, 0x7fff492988b0, 0x7fff492988b0, 32)                                                             = 0
7980 [0x7f1c1a33980a] SYS_mmap(0, 4096, 3, 34)                                                                                     = 0x7f1c1a52e000
7980 [0x7f1c1a33980a] SYS_mmap(0, 0x203118, 5, 2050)                                                                               = 0x7f1c15de7000
7980 [0x7f1c1a339857] SYS_mprotect(0x7f1c15de9000, 0x200000, 0, 2050)                                                              = 0
7980 [0x7f1c1a33980a] SYS_mmap(0x7f1c15fe9000, 8192, 3, 2066)                                                                      = 0x7f1c15fe9000
7980 [0x7f1c1a339787] SYS_close(3, 16, 0x7f1c15fe9f40, 0x6ffffdff)                                                                 = 0
7980 [0x7f1c1a33980a] SYS_mmap(0, 4096, 3, 34)                                                                                     = 0x7f1c1a52d000
7980 [0x7f1c1a33980a] SYS_mmap(0, 4096, 3, 34)                                                                                     = 0x7f1c1a52c000
7980 [0x7f1c1a33980a] SYS_mmap(0, 8192, 3, 34)                                                                                     = 0x7f1c1a52a000
7980 [0x7f1c1a323044] SYS_arch_prctl(4098, 0x7f1c1a52a780, 0x7f1c1a52b080, 34)                                                     = 0
7980 [0x7f1c1a339857] SYS_mprotect(0x7f1c19c79000, 0x4000, 1, 1)                                                                   = 0
7980 [0x7f1c1a339857] SYS_mprotect(0x7f1c15fe9000, 4096, 1, 0x7f1c15de7c68)                                                        = 0
7980 [0x7f1c1a339857] SYS_mprotect(0x7f1c18e1f000, 4096, 1, 0x7f1c18c0d500)                                                        = 0
7980 [0x7f1c1a339857] SYS_mprotect(0x7f1c16b20000, 4096, 1, 1)                                                                     = 0
7980 [0x7f1c1a339857] SYS_mprotect(0x7f1c1737f000, 4096, 1, 0x7f1c17178a00)                                                        = 0
7980 [0x7f1c1a339857] SYS_mprotect(0x7f1c190e3000, 0x7000, 1, 0x7f1c18e7d810)                                                      = 0
7980 [0x7f1c1a339857] SYS_mprotect(0x7f1c18c06000, 4096, 1, 0x7f1c18a01d58)                                                        = 0
7980 [0x7f1c1a339857] SYS_mprotect(0x7f1c1a542000, 4096, 1, 0)                                                                     = 0
7980 [0x7f1c1a339837] SYS_munmap(0x7f1c1a538000, 0x83b3, 0x72900, 0)                                                               = 0
7980 [0x7f1c18c0ee92] SYS_set_tid_address(0x7f1c1a52aa50, 0x7fff4929a9c8, 0x7f1c1a52a780, 0)                                       = 7980
7980 [0x7f1c18c0eefa] SYS_set_robust_list(0x7f1c1a52aa60, 24, 0x7f1c1a52a780, 0)                                                   = 0
7980 [0x7f1c18c18cf5] SYS_rt_sigaction(32, 0x7fff4929a718, 0, 8)                                                                   = 0
7980 [0x7f1c18c18cf5] SYS_rt_sigaction(33, 0x7fff4929a718, 0, 8)                                                                   = 0
7980 [0x7f1c18c0efd6] SYS_rt_sigprocmask(1, 0x7fff4929a868, 0, 8)                                                                  = 0
7980 [0x7f1c199c5b17] SYS_getrlimit(3, 0x7fff4929a900, 63, 1)                                                                      = 0
7980 [0x7f1c18c0eb95] SYS_futex(0x7f1c190ed7e0, 129, 0x7fffffff, 0)                                                                = 0
7980 [0x4008fd] ledctrl->Lookup_Nas_Info(_T_NAS_PROP_&)(0x7fff4929a810, 0x7fff4929bb94, 0, 0x7fff4929bb93 <unfinished ...>
7980 [0x7f1c1a0ccd11]   libnasman.so->Open_Share_Memory(char const*, int, void*&, int&)(0x7f1c1a11108e, 0, 0x7fff4929a7d0, 0x7fff4929a7dc <unfinished ...>
7980 [0x7f1c199c0557]     SYS_statfs(0x7f1c18c1b1e8, 0x7fff4929a570, 0x7f1c18e24310, 1)                                            = 0
7980 [0x7f1c18c0eb95]     SYS_futex(0x7f1c18e24310, 129, 0x7fffffff, 0)                                                            = 0
7980 [0x7f1c199c07e0]     SYS_open(0x7fff4929a680, 0xa0000, 484, 1)                                                                = 3
7980 [0x7f1c199c03b4]     SYS_fstat(3, 0x7fff4929a710, 0x7fff4929a710, 1)                                                          = 0
7980 [0x7f1c199c972a]     SYS_mmap(0, 0x2788, 1, 1)                                                                                = 0x7f1c1a53e000
7980 [0x7f1c199c1070]     SYS_close(3, 0x2788, 1, 1)                                                                               = 0
7980 [0x7f1c1a0ccd11]   <... Open_Share_Memory(char const*, int, void*&, int&) resumed> )                                          = 0
7980 [0x7f1c1a0ccd4d]   libnasman.so->Open_Share_Memory(char const*, int, void*&, int&)(0x7f1c1a1110a7, 0, 0x7fff4929a7d0, 0x7fff4929a7dc <unfinished ...>
7980 [0x7f1c199c07e0]     SYS_open(0x7fff4929a680, 0xa0000, 484, 1)                                                                = 3
7980 [0x7f1c199c03b4]     SYS_fstat(3, 0x7fff4929a710, 0x7fff4929a710, 1)                                                          = 0
7980 [0x7f1c199c972a]     SYS_mmap(0, 3536, 1, 1)                                                                                  = 0x7f1c1a53d000
7980 [0x7f1c199c1070]     SYS_close(3, 3536, 1, 1)                                                                                 = 0
7980 [0x7f1c1a0ccd4d]   <... Open_Share_Memory(char const*, int, void*&, int&) resumed> )                                          = 0
7980 [0x7f1c1a0ccd7f]   libnasman.so->Open_Share_Memory(char const*, int, void*&, int&)(0x7f1c1a1110b5, 0, 0x7fff4929a7d0, 0x7fff4929a7dc <unfinished ...>
7980 [0x7f1c199c07e0]     SYS_open(0x7fff4929a680, 0xa0000, 484, 1)                                                                = 3
7980 [0x7f1c199c03b4]     SYS_fstat(3, 0x7fff4929a710, 0x7fff4929a710, 1)                                                          = 0
7980 [0x7f1c199c972a]     SYS_mmap(0, 4080, 1, 1)                                                                                  = 0x7f1c1a53c000
7980 [0x7f1c199c1070]     SYS_close(3, 4080, 1, 1)                                                                                 = 0
7980 [0x7f1c1a0ccd7f]   <... Open_Share_Memory(char const*, int, void*&, int&) resumed> )                                          = 0
7980 [0x4008fd] <... Lookup_Nas_Info(_T_NAS_PROP_&) resumed> )                                                                     = 0
7980 [0x400934] ledctrl->Hal_Led_Set_Hdd_Mode(2, 7, 3, 0 <unfinished ...>
7980 [0x7f1c19c89f15]   libnhal.so->Hal_Lookup_Hardware_Info(0x7fff4929a700, 7, 3, 0 <unfinished ...>
7980 [0x7f1c199c07e0]     SYS_open(0x7fff4929a600, 0xa0002, 484, 1)                                                                = 3
7980 [0x7f1c199c972a]     SYS_mmap(0, 220, 3, 1)                                                                                   = 0x7f1c1a53b000
7980 [0x7f1c199c1070]     SYS_close(3, 220, 3, 1)                                                                                  = 0
7980 [0x7f1c19c887f0]     libnhal.so->Hw_Semaphore_Init(0x7fff4929a6b0, 0x7f1c19c8b287, 1, -1 <unfinished ...>
7980 [0x7f1c199c0405]       SYS_lstat(0x7fff4929a560, 0x7fff4929a470, 0x7fff4929a470, 0)                                           = -2
7980 [0x7f1c18c18510]       SYS_open(0x7fff4929a560, 194, 600, 0)                                                                  = 3
7980 [0x7f1c18c17da0]       SYS_write(3, 0x7fff4929a5e0, 32, 0)                                                                    = 32
7980 [0x7f1c199c972a]       SYS_mmap(0, 32, 3, 1)                                                                                  = 0x7f1c1a53a000
7980 [0x7f1c199c21a7]       SYS_link(0x7fff4929a560, 0x7fff4929a590, 3, 1)                                                         = -17
7980 [0x7f1c199c9757]       SYS_munmap(0x7f1c1a53a000, 32, 3, 1)                                                                   = 0
7980 [0x7f1c199c22c7]       SYS_unlink(0x7fff4929a560, 32, 3, 1)                                                                   = 0
7980 [0x7f1c18c17e60]       SYS_close(3, 32, 3, 1)                                                                                 = 0
7980 [0x7f1c18c18510]       SYS_open(0x7fff4929a590, 0x20002, 18, 1)                                                               = 3
7980 [0x7f1c199c03b4]       SYS_fstat(3, 0x7fff4929a4c0, 0x7fff4929a4c0, 1)                                                        = 0
7980 [0x7f1c199c5f5a]       SYS_brk(0, 0x7f1c19c7d640, 0, -4096)                                                                   = 0xd7a000
7980 [0x7f1c199c5f5a]       SYS_brk(0xd9b000, 0xd7a000, 0xd9b000, -4096)                                                           = 0xd9b000
7980 [0x7f1c199c972a]       SYS_mmap(0, 32, 3, 1)                                                                                  = 0x7f1c1a53a000
7980 [0x7f1c18c17e60]       SYS_close(3, 32, 0, 3)                                                                                 = 0
7980 [0x7f1c19c887f0]     <... Hw_Semaphore_Init resumed> )                                                                        = 17
7980 [0x7f1c19c88800]     libnhal.so->Hw_Semaphore_Lock(0x7fff4929a6b0, 32, 0x7f1c1a53a000, -1)                                    = 0
7980 [0x7f1c19c88918]     libnhal.so->Hw_Semaphore_Unlock(0x7fff4929a6b0, 2, 0x7f1c1a53b000, 0)                                    = 0
7980 [0x7f1c19c88924]     libnhal.so->Hw_Semaphore_Release(0x7fff4929a6b0, 128, 0, 0 <unfinished ...>
7980 [0x7f1c199c9757]       SYS_munmap(0x7f1c1a53a000, 32, 0, 1)                                                                   = 0
7980 [0x7f1c19c88924]     <... Hw_Semaphore_Release resumed> )                                                                     = 0
7980 [0x7f1c19c89f15]   <... Hal_Lookup_Hardware_Info resumed> )                                                                   = 0
7980 [0x7f1c19c8a0e3]   libnhal.so->Mv9125_Set_Led_Mode(1, 0, 0, 3 <unfinished ...>
7980 [0x7f1c17fdb937]     libgeneraldrv.so->PCI_Conf_Read(2, 0, 0, 36 <unfinished ...>
7980 [0x7f1c17fd8823]       libgeneraldrv.so->Hw_Semaphore_Init(0x7fff4929a5f0, 0x7f1c17fdc000, 1, 0 <unfinished ...>
7980 [0x7f1c199c0405]         SYS_lstat(0x7fff4929a4a0, 0x7fff4929a3b0, 0x7fff4929a3b0, 0)                                         = -2
7980 [0x7f1c18c18510]         SYS_open(0x7fff4929a4a0, 194, 600, 0)                                                                = 3
7980 [0x7f1c18c17da0]         SYS_write(3, 0x7fff4929a520, 32, 0)                                                                  = 32
7980 [0x7f1c199c972a]         SYS_mmap(0, 32, 3, 1)                                                                                = 0x7f1c1a53a000
7980 [0x7f1c199c21a7]         SYS_link(0x7fff4929a4a0, 0x7fff4929a4d0, 3, 1)                                                       = -17
7980 [0x7f1c199c9757]         SYS_munmap(0x7f1c1a53a000, 32, 3, 1)                                                                 = 0
7980 [0x7f1c199c22c7]         SYS_unlink(0x7fff4929a4a0, 32, 3, 1)                                                                 = 0
7980 [0x7f1c18c17e60]         SYS_close(3, 32, 3, 1)                                                                               = 0
7980 [0x7f1c18c18510]         SYS_open(0x7fff4929a4d0, 0x20002, 17, 1)                                                             = 3
7980 [0x7f1c199c03b4]         SYS_fstat(3, 0x7fff4929a400, 0x7fff4929a400, 1)                                                      = 0
7980 [0x7f1c199c972a]         SYS_mmap(0, 32, 3, 1)                                                                                = 0x7f1c1a53a000
7980 [0x7f1c18c17e60]         SYS_close(3, 32, 0, 1)                                                                               = 0
7980 [0x7f1c17fd8823]       <... Hw_Semaphore_Init resumed> )                                                                      = 17
7980 [0x7f1c17fd8833]       libgeneraldrv.so->Hw_Semaphore_Lock(0x7fff4929a5f0, 32, 0x7f1c1a53a000, -1)                            = 0
7980 [0x7f1c199cd6b7]       SYS_ioperm(3320, 4, 1, 1)                                                                              = 0
7980 [0x7f1c199cd6b7]       SYS_ioperm(3320, 4, 0, 1)                                                                              = 0
7980 [0x7f1c199cd6b7]       SYS_ioperm(235, 1, 1, 1)                                                                               = 0
7980 [0x7f1c199cd6b7]       SYS_ioperm(235, 1, 0, 1)                                                                               = 0
7980 [0x7f1c199cd6b7]       SYS_ioperm(3324, 4, 1, 1)                                                                              = 0
7980 [0x7f1c199cd6b7]       SYS_ioperm(3324, 4, 0, 1)                                                                              = 0
7980 [0x7f1c199cd6b7]       SYS_ioperm(235, 1, 1, 1)                                                                               = 0
7980 [0x7f1c199cd6b7]       SYS_ioperm(235, 1, 0, 1)                                                                               = 0
7980 [0x7f1c199cd6b7]       SYS_ioperm(3320, 4, 1, 1)                                                                              = 0
7980 [0x7f1c199cd6b7]       SYS_ioperm(3320, 4, 0, 1)                                                                              = 0
7980 [0x7f1c199cd6b7]       SYS_ioperm(235, 1, 1, 1)                                                                               = 0
7980 [0x7f1c199cd6b7]       SYS_ioperm(235, 1, 0, 1)                                                                               = 0
7980 [0x7f1c17fd897f]       libgeneraldrv.so->Hw_Semaphore_Unlock(0x7fff4929a5f0, 1, 0, -1)                                        = 0
7980 [0x7f1c17fd898b]       libgeneraldrv.so->Hw_Semaphore_Release(0x7fff4929a5f0, 128, 0, 0 <unfinished ...>
7980 [0x7f1c199c9757]         SYS_munmap(0x7f1c1a53a000, 32, 0, 1)                                                                 = 0
7980 [0x7f1c17fd898b]       <... Hw_Semaphore_Release resumed> )                                                                   = 0
7980 [0x7f1c17fdb937]     <... PCI_Conf_Read resumed> )                                                                            = 0
7980 [0x7f1c17fdb959]     libgeneraldrv.so->Hw_Semaphore_Init(0x7fff4929a660, 0x7f1c17fdc38c, 1, 0x7f1c19c7d658 <unfinished ...>
7980 [0x7f1c199c0405]       SYS_lstat(0x7fff4929a510, 0x7fff4929a420, 0x7fff4929a420, 0)                                           = -2
7980 [0x7f1c18c18510]       SYS_open(0x7fff4929a510, 194, 600, 0)                                                                  = 3
7980 [0x7f1c18c17da0]       SYS_write(3, 0x7fff4929a590, 32, 0)                                                                    = 32
7980 [0x7f1c199c972a]       SYS_mmap(0, 32, 3, 1)                                                                                  = 0x7f1c1a53a000
7980 [0x7f1c199c21a7]       SYS_link(0x7fff4929a510, 0x7fff4929a540, 3, 1)                                                         = -17
7980 [0x7f1c199c9757]       SYS_munmap(0x7f1c1a53a000, 32, 3, 1)                                                                   = 0
7980 [0x7f1c199c22c7]       SYS_unlink(0x7fff4929a510, 32, 3, 1)                                                                   = 0
7980 [0x7f1c18c17e60]       SYS_close(3, 32, 3, 1)                                                                                 = 0
7980 [0x7f1c18c18510]       SYS_open(0x7fff4929a540, 0x20002, 20, 1)                                                               = 3
7980 [0x7f1c199c03b4]       SYS_fstat(3, 0x7fff4929a470, 0x7fff4929a470, 1)                                                        = 0
7980 [0x7f1c199c972a]       SYS_mmap(0, 32, 3, 1)                                                                                  = 0x7f1c1a53a000
7980 [0x7f1c18c17e60]       SYS_close(3, 32, 0, 1)                                                                                 = 0
7980 [0x7f1c17fdb959]     <... Hw_Semaphore_Init resumed> )                                                                        = 17
7980 [0x7f1c17fdb969]     libgeneraldrv.so->Hw_Semaphore_Lock(0x7fff4929a660, 32, 0x7f1c1a53a000, -1)                              = 0
7980 [0x7f1c199c07e0]     SYS_open(0x7f1c17fdc3a1, 2, 1, 1)                                                                        = 3
7980 [0x7f1c199c972a]     SYS_mmap(0, 60, 3, 1)                                                                                    = 0x7f1c1a539000
7980 [0x7f1c1999d060]     SYS_nanosleep(0x7fff4929a640, 0, 0, 1)                                                                   = 0
7980 [0x7f1c1999d060]     SYS_nanosleep(0x7fff4929a640, 0, 0, 1)                                                                   = 0
7980 [0x7f1c199c9757]     SYS_munmap(0x7f1c1a539000, 60, 0, 1)                                                                     = 0
7980 [0x7f1c199c1070]     SYS_close(3, 60, 0, 1)                                                                                   = 0
7980 [0x7f1c1999d060]     SYS_nanosleep(0x7fff4929a640, 0, 0, 1)                                                                   = 0
7980 [0x7f1c17fdba1c]     libgeneraldrv.so->Hw_Semaphore_Unlock(0x7fff4929a660, 0, 0, -1)                                          = 0
7980 [0x7f1c17fdba28]     libgeneraldrv.so->Hw_Semaphore_Release(0x7fff4929a660, 128, 0, 0 <unfinished ...>
7980 [0x7f1c199c9757]       SYS_munmap(0x7f1c1a53a000, 32, 0, 1)                                                                   = 0
7980 [0x7f1c17fdba28]     <... Hw_Semaphore_Release resumed> )                                                                     = 0
7980 [0x7f1c17fdbacf]     libgeneraldrv.so->PCI_Conf_Read(2, 0, 0, 36 <unfinished ...>
7980 [0x7f1c17fd8823]       libgeneraldrv.so->Hw_Semaphore_Init(0x7fff4929a600, 0x7f1c17fdc000, 1, 0 <unfinished ...>
7980 [0x7f1c199c0405]         SYS_lstat(0x7fff4929a4b0, 0x7fff4929a3c0, 0x7fff4929a3c0, 0)                                         = -2
7980 [0x7f1c18c18510]         SYS_open(0x7fff4929a4b0, 194, 600, 0)                                                                = 3
7980 [0x7f1c18c17da0]         SYS_write(3, 0x7fff4929a530, 32, 0)                                                                  = 32
7980 [0x7f1c199c972a]         SYS_mmap(0, 32, 3, 1)                                                                                = 0x7f1c1a53a000
7980 [0x7f1c199c21a7]         SYS_link(0x7fff4929a4b0, 0x7fff4929a4e0, 3, 1)                                                       = -17
7980 [0x7f1c199c9757]         SYS_munmap(0x7f1c1a53a000, 32, 3, 1)                                                                 = 0
7980 [0x7f1c199c22c7]         SYS_unlink(0x7fff4929a4b0, 32, 3, 1)                                                                 = 0
7980 [0x7f1c18c17e60]         SYS_close(3, 32, 3, 1)                                                                               = 0
7980 [0x7f1c18c18510]         SYS_open(0x7fff4929a4e0, 0x20002, 17, 1)                                                             = 3
7980 [0x7f1c199c03b4]         SYS_fstat(3, 0x7fff4929a410, 0x7fff4929a410, 1)                                                      = 0
7980 [0x7f1c199c972a]         SYS_mmap(0, 32, 3, 1)                                                                                = 0x7f1c1a53a000
7980 [0x7f1c18c17e60]         SYS_close(3, 32, 0, 1)                                                                               = 0
7980 [0x7f1c17fd8823]       <... Hw_Semaphore_Init resumed> )                                                                      = 17
7980 [0x7f1c17fd8833]       libgeneraldrv.so->Hw_Semaphore_Lock(0x7fff4929a600, 32, 0x7f1c1a53a000, -1)                            = 0
7980 [0x7f1c199cd6b7]       SYS_ioperm(3320, 4, 1, 1)                                                                              = 0
7980 [0x7f1c199cd6b7]       SYS_ioperm(3320, 4, 0, 1)                                                                              = 0
7980 [0x7f1c199cd6b7]       SYS_ioperm(235, 1, 1, 1)                                                                               = 0
7980 [0x7f1c199cd6b7]       SYS_ioperm(235, 1, 0, 1)                                                                               = 0
7980 [0x7f1c199cd6b7]       SYS_ioperm(3324, 4, 1, 1)                                                                              = 0
7980 [0x7f1c199cd6b7]       SYS_ioperm(3324, 4, 0, 1)                                                                              = 0
7980 [0x7f1c199cd6b7]       SYS_ioperm(235, 1, 1, 1)                                                                               = 0
7980 [0x7f1c199cd6b7]       SYS_ioperm(235, 1, 0, 1)                                                                               = 0
7980 [0x7f1c199cd6b7]       SYS_ioperm(3320, 4, 1, 1)                                                                              = 0
7980 [0x7f1c199cd6b7]       SYS_ioperm(3320, 4, 0, 1)                                                                              = 0
7980 [0x7f1c199cd6b7]       SYS_ioperm(235, 1, 1, 1)                                                                               = 0
7980 [0x7f1c199cd6b7]       SYS_ioperm(235, 1, 0, 1)                                                                               = 0
7980 [0x7f1c17fd897f]       libgeneraldrv.so->Hw_Semaphore_Unlock(0x7fff4929a600, 1, 0, -1)                                        = 0
7980 [0x7f1c17fd898b]       libgeneraldrv.so->Hw_Semaphore_Release(0x7fff4929a600, 128, 0, 0 <unfinished ...>
7980 [0x7f1c199c9757]         SYS_munmap(0x7f1c1a53a000, 32, 0, 1)                                                                 = 0
7980 [0x7f1c17fd898b]       <... Hw_Semaphore_Release resumed> )                                                                   = 0
7980 [0x7f1c17fdbacf]     <... PCI_Conf_Read resumed> )                                                                            = 0
7980 [0x7f1c17fdbaf1]     libgeneraldrv.so->Hw_Semaphore_Init(0x7fff4929a670, 0x7f1c17fdc38c, 1, 0x7f1c19c7d658 <unfinished ...>
7980 [0x7f1c199c0405]       SYS_lstat(0x7fff4929a520, 0x7fff4929a430, 0x7fff4929a430, 0)                                           = -2
7980 [0x7f1c18c18510]       SYS_open(0x7fff4929a520, 194, 600, 0)                                                                  = 3
7980 [0x7f1c18c17da0]       SYS_write(3, 0x7fff4929a5a0, 32, 0)                                                                    = 32
7980 [0x7f1c199c972a]       SYS_mmap(0, 32, 3, 1)                                                                                  = 0x7f1c1a53a000
7980 [0x7f1c199c21a7]       SYS_link(0x7fff4929a520, 0x7fff4929a550, 3, 1)                                                         = -17
7980 [0x7f1c199c9757]       SYS_munmap(0x7f1c1a53a000, 32, 3, 1)                                                                   = 0
7980 [0x7f1c199c22c7]       SYS_unlink(0x7fff4929a520, 32, 3, 1)                                                                   = 0
7980 [0x7f1c18c17e60]       SYS_close(3, 32, 3, 1)                                                                                 = 0
7980 [0x7f1c18c18510]       SYS_open(0x7fff4929a550, 0x20002, 20, 1)                                                               = 3
7980 [0x7f1c199c03b4]       SYS_fstat(3, 0x7fff4929a480, 0x7fff4929a480, 1)                                                        = 0
7980 [0x7f1c199c972a]       SYS_mmap(0, 32, 3, 1)                                                                                  = 0x7f1c1a53a000
7980 [0x7f1c18c17e60]       SYS_close(3, 32, 0, 1)                                                                                 = 0
7980 [0x7f1c17fdbaf1]     <... Hw_Semaphore_Init resumed> )                                                                        = 17
7980 [0x7f1c17fdbb01]     libgeneraldrv.so->Hw_Semaphore_Lock(0x7fff4929a670, 32, 0x7f1c1a53a000, -1)                              = 0
7980 [0x7f1c199c07e0]     SYS_open(0x7f1c17fdc3a1, 2, 1, 1)                                                                        = 3
7980 [0x7f1c199c972a]     SYS_mmap(0, 60, 3, 1)                                                                                    = 0x7f1c1a539000
7980 [0x7f1c1999d060]     SYS_nanosleep(0x7fff4929a650, 0, 0, 1)                                                                   = 0
7980 [0x7f1c1999d060]     SYS_nanosleep(0x7fff4929a650, 0, 0, 1)                                                                   = 0
7980 [0x7f1c199c9757]     SYS_munmap(0x7f1c1a539000, 60, 0, 1)                                                                     = 0
7980 [0x7f1c199c1070]     SYS_close(3, 60, 0, 1)                                                                                   = 0
7980 [0x7f1c1999d060]     SYS_nanosleep(0x7fff4929a650, 0, 0, 1)                                                                   = 0
7980 [0x7f1c17fdbba6]     libgeneraldrv.so->Hw_Semaphore_Unlock(0x7fff4929a670, 0, 0, -1)                                          = 0
7980 [0x7f1c17fdbbb2]     libgeneraldrv.so->Hw_Semaphore_Release(0x7fff4929a670, 128, 0, 0 <unfinished ...>
7980 [0x7f1c199c9757]       SYS_munmap(0x7f1c1a53a000, 32, 0, 1)                                                                   = 0
7980 [0x7f1c17fdbbb2]     <... Hw_Semaphore_Release resumed> )                                                                     = 0
7980 [0x7f1c19c8a0e3]   <... Mv9125_Set_Led_Mode resumed> )                                                                        = 0
7980 [0x400934] <... Hal_Led_Set_Hdd_Mode resumed> )                                                                               = 0
7980 [0x7f1c1a0ccf15] libnasman.so->Close_Share_Memory(char const*, void*)(0x7f1c1a11108e, 0x7f1c1a53e000, 0x2f84d146e24c9b36, 4 <unfinished ...>
7980 [0x7f1c1a0ccb6e]   libnasman.so->Get_File_Size(char const*, long*)(0x7fff4929a570, 0x7fff4929a698, 0x7fff4929a585, 0 <unfinished ...>
7980 [0x7f1c199c0365]     SYS_stat(0x7fff4929a570, 0x7fff4929a4d0, 0x7fff4929a4d0, 1)                                              = 0
7980 [0x7f1c1a0ccb6e]   <... Get_File_Size(char const*, long*) resumed> )                                                          = 0
7980 [0x7f1c199c9757]   SYS_munmap(0x7f1c1a53e000, 0x2788, 0x7fff4929a4d0, 1)                                                      = 0
7980 [0x7f1c1a0ccf15] <... Close_Share_Memory(char const*, void*) resumed> )                                                       = 0
7980 [0x7f1c1a0ccf37] libnasman.so->Close_Share_Memory(char const*, void*)(0x7f1c1a1110a7, 0x7f1c1a53d000, 0, -1 <unfinished ...>
7980 [0x7f1c1a0ccb6e]   libnasman.so->Get_File_Size(char const*, long*)(0x7fff4929a570, 0x7fff4929a698, 0x7fff4929a586, 0 <unfinished ...>
7980 [0x7f1c199c0365]     SYS_stat(0x7fff4929a570, 0x7fff4929a4d0, 0x7fff4929a4d0, 1)                                              = 0
7980 [0x7f1c1a0ccb6e]   <... Get_File_Size(char const*, long*) resumed> )                                                          = 0
7980 [0x7f1c199c9757]   SYS_munmap(0x7f1c1a53d000, 3536, 0x7fff4929a4d0, 1)                                                        = 0
7980 [0x7f1c1a0ccf37] <... Close_Share_Memory(char const*, void*) resumed> )                                                       = 0
7980 [0x7f1c1a0ccf59] libnasman.so->Close_Share_Memory(char const*, void*)(0x7f1c1a1110b5, 0x7f1c1a53c000, 0, -1 <unfinished ...>
7980 [0x7f1c1a0ccb6e]   libnasman.so->Get_File_Size(char const*, long*)(0x7fff4929a570, 0x7fff4929a698, 0x7fff4929a586, 0 <unfinished ...>
7980 [0x7f1c199c0365]     SYS_stat(0x7fff4929a570, 0x7fff4929a4d0, 0x7fff4929a4d0, 1)                                              = 0
7980 [0x7f1c1a0ccb6e]   <... Get_File_Size(char const*, long*) resumed> )                                                          = 0
7980 [0x7f1c199c9757]   SYS_munmap(0x7f1c1a53c000, 4080, 0x7fff4929a4d0, 1)                                                        = 0
7980 [0x7f1c1a0ccf59] <... Close_Share_Memory(char const*, void*) resumed> )                                                       = 0
7980 [0x7f1c1991a932] libgeneral.so->Trace_Mem_Destroy()(0x7f1c19632d40, 0, 0x2f84d728d98c9b36, 16)                                = 0
7980 [0x7f1c1999d468] SYS_exit_group(0, 60, 0, 0x7f1c19c80a48 <no return ...>
7980 [0xffffffffffffffff] +++ exited (status 0) +++
