8718 [0x7ff7faf058aa] SYS_brk(0, 0x7ff7faf08fa0, 0, 895)                                                                           = 0x1726000
8718 [0x7ff7faf067e7] SYS_readlink(0x7fffcfbb9b7e, 0x7fffcfbb6f90, 4096, 0x756e694c00000000)                                       = -2
8718 [0x7ff7faf06677] SYS_open(0x7ff7faf0a1f3, 0, 0, 0x756e694c00000000)                                                           = 3
8718 [0x7ff7faf067a7] SYS_chdir(0x7ff7fb111ba8, 0, 0, 0x756e694c00000000)                                                          = -2
8718 [0x7ff7faf059d2] SYS_getcwd(0x7fffcfbb6f90, 4096, 0, 0x756e694c00000000)                                                      = 23
8718 [0x7ff7faf067c7] SYS_fchdir(3, 4096, 0, 0x756e694c00000000)                                                                   = 0
8718 [0x7ff7faf06787] SYS_close(3, 4096, 0, 0x756e694c00000000)                                                                    = 0
8718 [0x7ff7faf0680a] SYS_mmap(0, 4096, 3, 34)                                                                                     = 0x7ff7fb10e000
8718 [0x7ff7faf066d7] SYS_access(0x7ff7faf0c700, 4, 0x7ff7fb111718, 0)                                                             = -2
8718 [0x7ff7faf06677] SYS_open(0x7ff7faf0a072, 0x80000, 1, 0)                                                                      = 3
8718 [0x7ff7faf06604] SYS_fstat(3, 0x7fffcfbb6770, 0x7fffcfbb6770, 0)                                                              = 0
8718 [0x7ff7faf0680a] SYS_mmap(0, 0x83b3, 1, 2)                                                                                    = 0x7ff7fb105000
8718 [0x7ff7faf06787] SYS_close(3, 0x83b3, 1, 2)                                                                                   = 0
8718 [0x7ff7faf06677] SYS_open(0x7ff7fb10e640, 0x80000, 0, 56)                                                                     = 3
8718 [0x7ff7faf06697] SYS_read(3, 0x7fffcfbb68f8, 832, 56)                                                                         = 832
8718 [0x7ff7faf06604] SYS_fstat(3, 0x7fffcfbb67d0, 0x7fffcfbb67d0, 16)                                                             = 0
8718 [0x7ff7faf0680a] SYS_mmap(0, 0x278960, 5, 2050)                                                                               = 0x7ff7fac76000
8718 [0x7ff7faf06857] SYS_mprotect(0x7ff7facec000, 0x200000, 0, 2050)                                                              = 0
8718 [0x7ff7faf0680a] SYS_mmap(0x7ff7faeec000, 0x3000, 3, 2066)                                                                    = 0x7ff7faeec000
8718 [0x7ff7faf06787] SYS_close(3, 16, 0x7ff7faeec3e0, 0x6ffffdff)                                                                 = 0
8718 [0x7ff7faf06677] SYS_open(0x7ff7fb10eb10, 0x80000, 0, 0x6ffffdff)                                                             = 3
8718 [0x7ff7faf06697] SYS_read(3, 0x7fffcfbb68c8, 832, 0x6ffffdff)                                                                 = 832
8718 [0x7ff7faf06604] SYS_fstat(3, 0x7fffcfbb67a0, 0x7fffcfbb67a0, 16)                                                             = 0
8718 [0x7ff7faf0680a] SYS_mmap(0, 0x21bee0, 5, 2050)                                                                               = 0x7ff7faa5a000
8718 [0x7ff7faf06857] SYS_mprotect(0x7ff7faa75000, 0x200000, 0, 2050)                                                              = 0
8718 [0x7ff7faf0680a] SYS_mmap(0x7ff7fac75000, 4096, 3, 2066)                                                                      = 0x7ff7fac75000
8718 [0x7ff7faf06787] SYS_close(3, 16, 0x7ff7fac75208, 0x6ffffdff)                                                                 = 0
8718 [0x7ff7faf06677] SYS_open(0x7ff7fb10efe0, 0x80000, 0, 0x6ffffdff)                                                             = 3
8718 [0x7ff7faf06697] SYS_read(3, 0x7fffcfbb6898, 832, 0x6ffffdff)                                                                 = 832
8718 [0x7ff7faf06604] SYS_fstat(3, 0x7fffcfbb6770, 0x7fffcfbb6770, 16)                                                             = 0
8718 [0x7ff7faf0680a] SYS_mmap(0, 4096, 3, 34)                                                                                     = 0x7ff7fb104000
8718 [0x7ff7faf0680a] SYS_mmap(0, 0x209ad0, 5, 2050)                                                                               = 0x7ff7fa850000
8718 [0x7ff7faf06857] SYS_mprotect(0x7ff7fa85a000, 0x1ff000, 0, 2050)                                                              = 0
8718 [0x7ff7faf0680a] SYS_mmap(0x7ff7faa59000, 4096, 3, 2066)                                                                      = 0x7ff7faa59000
8718 [0x7ff7faf06787] SYS_close(3, 16, 0x7ff7faa59690, 0x6ffffdff)                                                                 = 0
8718 [0x7ff7faf06677] SYS_open(0x7ff7fb1044b8, 0x80000, 0, 0x6ffffdff)                                                             = 3
8718 [0x7ff7faf06697] SYS_read(3, 0x7fffcfbb6868, 832, 0x6ffffdff)                                                                 = 832
8718 [0x7ff7faf06604] SYS_fstat(3, 0x7fffcfbb6740, 0x7fffcfbb6740, 32)                                                             = 0
8718 [0x7ff7faf0680a] SYS_mmap(0, 0x39dc40, 5, 2050)                                                                               = 0x7ff7fa4b2000
8718 [0x7ff7faf06857] SYS_mprotect(0x7ff7fa646000, 0x200000, 0, 2050)                                                              = 0
8718 [0x7ff7faf0680a] SYS_mmap(0x7ff7fa846000, 0x6000, 3, 2066)                                                                    = 0x7ff7fa846000
8718 [0x7ff7faf0680a] SYS_mmap(0x7ff7fa84c000, 0x3c40, 3, 50)                                                                      = 0x7ff7fa84c000
8718 [0x7ff7faf06787] SYS_close(3, 16, 0, 0x6ffffdff)                                                                              = 0
8718 [0x7ff7faf06677] SYS_open(0x7ff7fb104988, 0x80000, 0, 0x6ffffdff)                                                             = 3
8718 [0x7ff7faf06697] SYS_read(3, 0x7fffcfbb6718, 832, 0x6ffffdff)                                                                 = 832
8718 [0x7ff7faf06604] SYS_fstat(3, 0x7fffcfbb65f0, 0x7fffcfbb65f0, 16)                                                             = 0
8718 [0x7ff7faf0680a] SYS_mmap(0, 0x2b09d0, 5, 2050)                                                                               = 0x7ff7fa201000
8718 [0x7ff7faf06857] SYS_mprotect(0x7ff7fa2b0000, 0x1ff000, 0, 2050)                                                              = 0
8718 [0x7ff7faf0680a] SYS_mmap(0x7ff7fa4af000, 0x3000, 3, 2066)                                                                    = 0x7ff7fa4af000
8718 [0x7ff7faf06787] SYS_close(3, 16, 0x7ff7fa4af9a8, 0x6ffffdff)                                                                 = 0
8718 [0x7ff7faf06677] SYS_open(0x7ff7fb104e58, 0x80000, 0, 0x6ffffdff)                                                             = 3
8718 [0x7ff7faf06697] SYS_read(3, 0x7fffcfbb66e8, 832, 0x6ffffdff)                                                                 = 832
8718 [0x7ff7faf06604] SYS_fstat(3, 0x7fffcfbb65c0, 0x7fffcfbb65c0, 16)                                                             = 0
8718 [0x7ff7faf0680a] SYS_mmap(0, 4096, 3, 34)                                                                                     = 0x7ff7fb103000
8718 [0x7ff7faf0680a] SYS_mmap(0, 0x294ee0, 5, 2050)                                                                               = 0x7ff7f9f6c000
8718 [0x7ff7faf06857] SYS_mprotect(0x7ff7f9ffe000, 0x1ff000, 0, 2050)                                                              = 0
8718 [0x7ff7faf0680a] SYS_mmap(0x7ff7fa1fd000, 0x3000, 3, 2066)                                                                    = 0x7ff7fa1fd000
8718 [0x7ff7faf0680a] SYS_mmap(0x7ff7fa200000, 3808, 3, 50)                                                                        = 0x7ff7fa200000
8718 [0x7ff7faf06787] SYS_close(3, 16, 0x7ff7fa1fde30, 0x6ffffdff)                                                                 = 0
8718 [0x7ff7faf06677] SYS_open(0x7ff7fb1034b8, 0x80000, 0, 0x6ffffdff)                                                             = 3
8718 [0x7ff7faf06697] SYS_read(3, 0x7fffcfbb66b8, 832, 0x6ffffdff)                                                                 = 832
8718 [0x7ff7faf06604] SYS_fstat(3, 0x7fffcfbb6590, 0x7fffcfbb6590, 16)                                                             = 0
8718 [0x7ff7faf0680a] SYS_mmap(0, 0x29d850, 5, 2050)                                                                               = 0x7ff7f9cce000
8718 [0x7ff7faf06857] SYS_mprotect(0x7ff7f9d67000, 0x200000, 0, 2050)                                                              = 0
8718 [0x7ff7faf0680a] SYS_mmap(0x7ff7f9f67000, 0x3000, 3, 2066)                                                                    = 0x7ff7f9f67000
8718 [0x7ff7faf0680a] SYS_mmap(0x7ff7f9f6a000, 6224, 3, 50)                                                                        = 0x7ff7f9f6a000
8718 [0x7ff7faf06787] SYS_close(3, 16, 0x7ff7f9f68cc8, 0x6ffffdff)                                                                 = 0
8718 [0x7ff7faf06677] SYS_open(0x7ff7fb1039a0, 0x80000, 0, 0x6ffffdff)                                                             = 3
8718 [0x7ff7faf06697] SYS_read(3, 0x7fffcfbb6688, 832, 0x6ffffdff)                                                                 = 832
8718 [0x7ff7faf06604] SYS_fstat(3, 0x7fffcfbb6560, 0x7fffcfbb6560, 16)                                                             = 0
8718 [0x7ff7faf0680a] SYS_mmap(0, 0x2dbbb0, 5, 2050)                                                                               = 0x7ff7f99f2000
8718 [0x7ff7faf06857] SYS_mprotect(0x7ff7f9ab0000, 0x200000, 0, 2050)                                                              = 0
8718 [0x7ff7faf0680a] SYS_mmap(0x7ff7f9cb0000, 0xa000, 3, 2066)                                                                    = 0x7ff7f9cb0000
8718 [0x7ff7faf0680a] SYS_mmap(0x7ff7f9cba000, 0x13bb0, 3, 50)                                                                     = 0x7ff7f9cba000
8718 [0x7ff7faf06787] SYS_close(3, 16, 0x7ff7f9cb64d8, 0x6ffffdff)                                                                 = 0
8718 [0x7ff7faf06677] SYS_open(0x7ff7fb103e70, 0x80000, 0, 0x6ffffdff)                                                             = 3
8718 [0x7ff7faf06697] SYS_read(3, 0x7fffcfbb6658, 832, 0x6ffffdff)                                                                 = 832
8718 [0x7ff7faf06604] SYS_fstat(3, 0x7fffcfbb6530, 0x7fffcfbb6530, 32)                                                             = 0
8718 [0x7ff7faf0680a] SYS_mmap(0, 4096, 3, 34)                                                                                     = 0x7ff7fb102000
8718 [0x7ff7faf0680a] SYS_mmap(0, 0x21c490, 5, 2050)                                                                               = 0x7ff7f97d5000
8718 [0x7ff7faf06857] SYS_mprotect(0x7ff7f97ed000, 0x1ff000, 0, 2050)                                                              = 0
8718 [0x7ff7faf0680a] SYS_mmap(0x7ff7f99ec000, 8192, 3, 2066)                                                                      = 0x7ff7f99ec000
8718 [0x7ff7faf0680a] SYS_mmap(0x7ff7f99ee000, 0x3490, 3, 50)                                                                      = 0x7ff7f99ee000
8718 [0x7ff7faf06787] SYS_close(3, 16, 0, 0x6ffffdff)                                                                              = 0
8718 [0x7ff7faf06677] SYS_open(0x7ff7fb1024b8, 0x80000, 0, 0x6ffffdff)                                                             = 3
8718 [0x7ff7faf06697] SYS_read(3, 0x7fffcfbb6628, 832, 0x6ffffdff)                                                                 = 832
8718 [0x7ff7faf06604] SYS_fstat(3, 0x7fffcfbb6500, 0x7fffcfbb6500, 32)                                                             = 0
8718 [0x7ff7faf0680a] SYS_mmap(0, 0x207bc0, 5, 2050)                                                                               = 0x7ff7f95cd000
8718 [0x7ff7faf06857] SYS_mprotect(0x7ff7f95d4000, 0x1ff000, 0, 2050)                                                              = 0
8718 [0x7ff7faf0680a] SYS_mmap(0x7ff7f97d3000, 8192, 3, 2066)                                                                      = 0x7ff7f97d3000
8718 [0x7ff7faf06787] SYS_close(3, 16, 0, 0x6ffffdff)                                                                              = 0
8718 [0x7ff7faf06677] SYS_open(0x7ff7fb102988, 0x80000, 0, 0x6ffffdff)                                                             = 3
8718 [0x7ff7faf06697] SYS_read(3, 0x7fffcfbb65f8, 832, 0x6ffffdff)                                                                 = 832
8718 [0x7ff7faf06604] SYS_fstat(3, 0x7fffcfbb64d0, 0x7fffcfbb64d0, 16)                                                             = 0
8718 [0x7ff7faf0680a] SYS_mmap(0, 0x202e20, 5, 2050)                                                                               = 0x7ff7f93ca000
8718 [0x7ff7faf06857] SYS_mprotect(0x7ff7f93cd000, 0x1ff000, 0, 2050)                                                              = 0
8718 [0x7ff7faf0680a] SYS_mmap(0x7ff7f95cc000, 4096, 3, 2066)                                                                      = 0x7ff7f95cc000
8718 [0x7ff7faf06787] SYS_close(3, 16, 0x7ff7f95ccc28, 0x6ffffdff)                                                                 = 0
8718 [0x7ff7faf06677] SYS_open(0x7ff7fb102e58, 0x80000, 0, 0x6ffffdff)                                                             = 3
8718 [0x7ff7faf06697] SYS_read(3, 0x7fffcfbb65c8, 832, 0x6ffffdff)                                                                 = 832
8718 [0x7ff7faf06604] SYS_fstat(3, 0x7fffcfbb64a0, 0x7fffcfbb64a0, 16)                                                             = 0
8718 [0x7ff7faf0680a] SYS_mmap(0, 4096, 3, 34)                                                                                     = 0x7ff7fb101000
8718 [0x7ff7faf0680a] SYS_mmap(0, 0x209850, 5, 2050)                                                                               = 0x7ff7f91c0000
8718 [0x7ff7faf06857] SYS_mprotect(0x7ff7f91ca000, 0x1ff000, 0, 2050)                                                              = 0
8718 [0x7ff7faf0680a] SYS_mmap(0x7ff7f93c9000, 4096, 3, 2066)                                                                      = 0x7ff7f93c9000
8718 [0x7ff7faf06787] SYS_close(3, 16, 0x7ff7f93c9618, 0x6ffffdff)                                                                 = 0
8718 [0x7ff7faf06677] SYS_open(0x7ff7fb1014b8, 0x80000, 0, 0x6ffffdff)                                                             = 3
8718 [0x7ff7faf06697] SYS_read(3, 0x7fffcfbb6598, 832, 0x6ffffdff)                                                                 = 832
8718 [0x7ff7faf06604] SYS_fstat(3, 0x7fffcfbb6470, 0x7fffcfbb6470, 16)                                                             = 0
8718 [0x7ff7faf0680a] SYS_mmap(0, 0x210868, 5, 2050)                                                                               = 0x7ff7f8faf000
8718 [0x7ff7faf06857] SYS_mprotect(0x7ff7f8fc0000, 0x1ff000, 0, 2050)                                                              = 0
8718 [0x7ff7faf0680a] SYS_mmap(0x7ff7f91bf000, 4096, 3, 2066)                                                                      = 0x7ff7f91bf000
8718 [0x7ff7faf06787] SYS_close(3, 16, 0x7ff7f91bf408, 0x6ffffdff)                                                                 = 0
8718 [0x7ff7faf06677] SYS_open(0x7ff7fb101a40, 0x80000, 0, 0x7ff7fb1029a0)                                                         = 3
8718 [0x7ff7faf06697] SYS_read(3, 0x7fffcfbb6438, 832, 0x7ff7fb1029a0)                                                             = 832
8718 [0x7ff7faf06604] SYS_fstat(3, 0x7fffcfbb6310, 0x7fffcfbb6310, 16)                                                             = 0
8718 [0x7ff7faf0680a] SYS_mmap(0, 0x2032c8, 5, 2050)                                                                               = 0x7ff7f8dab000
8718 [0x7ff7faf06857] SYS_mprotect(0x7ff7f8dae000, 0x200000, 0, 2050)                                                              = 0
8718 [0x7ff7faf0680a] SYS_mmap(0x7ff7f8fae000, 4096, 3, 2066)                                                                      = 0x7ff7f8fae000
8718 [0x7ff7faf06787] SYS_close(3, 16, 0x7ff7f8fae188, 0x6ffffdff)                                                                 = 0
8718 [0x7ff7faf06677] SYS_open(0x7ff7fb101f28, 0x80000, 0, 0x6ffffdff)                                                             = 3
8718 [0x7ff7faf06697] SYS_read(3, 0x7fffcfbb6408, 832, 0x6ffffdff)                                                                 = 832
8718 [0x7ff7faf06604] SYS_fstat(3, 0x7fffcfbb62e0, 0x7fffcfbb62e0, 16)                                                             = 0
8718 [0x7ff7faf0680a] SYS_mmap(0, 4096, 3, 34)                                                                                     = 0x7ff7fb100000
8718 [0x7ff7faf0680a] SYS_mmap(0, 0x207820, 5, 2050)                                                                               = 0x7ff7f8ba3000
8718 [0x7ff7faf06857] SYS_mprotect(0x7ff7f8baa000, 0x200000, 0, 2050)                                                              = 0
8718 [0x7ff7faf0680a] SYS_mmap(0x7ff7f8daa000, 4096, 3, 2066)                                                                      = 0x7ff7f8daa000
8718 [0x7ff7faf06787] SYS_close(3, 16, 0x7ff7f8daa188, 0x6ffffdff)                                                                 = 0
8718 [0x7ff7faf06677] SYS_open(0x7ff7fb1004c8, 0x80000, 0, 0x6ffffdff)                                                             = 3
8718 [0x7ff7faf06697] SYS_read(3, 0x7fffcfbb63d8, 832, 0x6ffffdff)                                                                 = 832
8718 [0x7ff7faf06604] SYS_fstat(3, 0x7fffcfbb62b0, 0x7fffcfbb62b0, 16)                                                             = 0
8718 [0x7ff7faf0680a] SYS_mmap(0, 0x201f30, 5, 2050)                                                                               = 0x7ff7f89a1000
8718 [0x7ff7faf06857] SYS_mprotect(0x7ff7f89a3000, 0x1ff000, 0, 2050)                                                              = 0
8718 [0x7ff7faf0680a] SYS_mmap(0x7ff7f8ba2000, 4096, 3, 2066)                                                                      = 0x7ff7f8ba2000
8718 [0x7ff7faf06787] SYS_close(3, 16, 0x7ff7f8ba2e18, 0x6ffffdff)                                                                 = 0
8718 [0x7ff7faf06677] SYS_open(0x7ff7fb100a60, 0x80000, 0, 0x7ff7fb1044d0)                                                         = 3
8718 [0x7ff7faf06697] SYS_read(3, 0x7fffcfbb63a8, 832, 0x7ff7fb1044d0)                                                             = 832
8718 [0x7ff7faf06604] SYS_fstat(3, 0x7fffcfbb6280, 0x7fffcfbb6280, 16)                                                             = 0
8718 [0x7ff7faf0680a] SYS_mmap(0, 0x2022e8, 5, 2050)                                                                               = 0x7ff7f879e000
8718 [0x7ff7faf06857] SYS_mprotect(0x7ff7f87a0000, 0x200000, 0, 2050)                                                              = 0
8718 [0x7ff7faf0680a] SYS_mmap(0x7ff7f89a0000, 4096, 3, 2066)                                                                      = 0x7ff7f89a0000
8718 [0x7ff7faf06787] SYS_close(3, 16, 0x7ff7f89a0198, 0x6ffffdff)                                                                 = 0
8718 [0x7ff7faf06677] SYS_open(0x7ff7fb100f40, 0x80000, 0, 0x6ffffdff)                                                             = 3
8718 [0x7ff7faf06697] SYS_read(3, 0x7fffcfbb6378, 832, 0x6ffffdff)                                                                 = 832
8718 [0x7ff7faf06604] SYS_fstat(3, 0x7fffcfbb6250, 0x7fffcfbb6250, 16)                                                             = 0
8718 [0x7ff7faf0680a] SYS_mmap(0, 4096, 3, 34)                                                                                     = 0x7ff7fb0ff000
8718 [0x7ff7faf0680a] SYS_mmap(0, 0x201f30, 5, 2050)                                                                               = 0x7ff7f859c000
8718 [0x7ff7faf06857] SYS_mprotect(0x7ff7f859e000, 0x1ff000, 0, 2050)                                                              = 0
8718 [0x7ff7faf0680a] SYS_mmap(0x7ff7f879d000, 4096, 3, 2066)                                                                      = 0x7ff7f879d000
8718 [0x7ff7faf06787] SYS_close(3, 16, 0x7ff7f879de18, 0x6ffffdff)                                                                 = 0
8718 [0x7ff7faf06677] SYS_open(0x7ff7fb0ff4c0, 0x80000, 0, 0x6ffffdff)                                                             = 3
8718 [0x7ff7faf06697] SYS_read(3, 0x7fffcfbb6348, 832, 0x6ffffdff)                                                                 = 832
8718 [0x7ff7faf06604] SYS_fstat(3, 0x7fffcfbb6220, 0x7fffcfbb6220, 16)                                                             = 0
8718 [0x7ff7faf0680a] SYS_mmap(0, 0x2038b8, 5, 2050)                                                                               = 0x7ff7f8398000
8718 [0x7ff7faf06857] SYS_mprotect(0x7ff7f839c000, 0x1ff000, 0, 2050)                                                              = 0
8718 [0x7ff7faf0680a] SYS_mmap(0x7ff7f859b000, 4096, 3, 2066)                                                                      = 0x7ff7f859b000
8718 [0x7ff7faf06787] SYS_close(3, 16, 0x7ff7f859b748, 0x6ffffdff)                                                                 = 0
8718 [0x7ff7faf06677] SYS_open(0x7ff7fb0ffa60, 0x80000, 0, 0x7ff7fb102000)                                                         = 3
8718 [0x7ff7faf06697] SYS_read(3, 0x7fffcfbb62e8, 832, 0x7ff7fb102000)                                                             = 832
8718 [0x7ff7faf06604] SYS_fstat(3, 0x7fffcfbb61c0, 0x7fffcfbb61c0, 16)                                                             = 0
8718 [0x7ff7faf0680a] SYS_mmap(0, 0x210848, 5, 2050)                                                                               = 0x7ff7f8187000
8718 [0x7ff7faf06857] SYS_mprotect(0x7ff7f8197000, 0x1ff000, 0, 2050)                                                              = 0
8718 [0x7ff7faf0680a] SYS_mmap(0x7ff7f8396000, 8192, 3, 2066)                                                                      = 0x7ff7f8396000
8718 [0x7ff7faf06787] SYS_close(3, 16, 0x7ff7f8396d90, 0x6ffffdff)                                                                 = 0
8718 [0x7ff7faf06677] SYS_open(0x7ff7fb0fff48, 0x80000, 0, 0x6ffffdff)                                                             = 3
8718 [0x7ff7faf06697] SYS_read(3, 0x7fffcfbb62b8, 832, 0x6ffffdff)                                                                 = 832
8718 [0x7ff7faf06604] SYS_fstat(3, 0x7fffcfbb6190, 0x7fffcfbb6190, 16)                                                             = 0
8718 [0x7ff7faf0680a] SYS_mmap(0, 4096, 3, 34)                                                                                     = 0x7ff7fb0fe000
8718 [0x7ff7faf0680a] SYS_mmap(0, 0x20acf0, 5, 2050)                                                                               = 0x7ff7f7f7c000
8718 [0x7ff7faf06857] SYS_mprotect(0x7ff7f7f87000, 0x1ff000, 0, 2050)                                                              = 0
8718 [0x7ff7faf0680a] SYS_mmap(0x7ff7f8186000, 4096, 3, 2066)                                                                      = 0x7ff7f8186000
8718 [0x7ff7faf06787] SYS_close(3, 16, 0x7ff7f8186750, 0x6ffffdff)                                                                 = 0
8718 [0x7ff7faf06677] SYS_open(0x7ff7fb0fe560, 0x80000, 0, 0x7ff7fb102000)                                                         = 3
8718 [0x7ff7faf06697] SYS_read(3, 0x7fffcfbb6288, 832, 0x7ff7fb102000)                                                             = 832
8718 [0x7ff7faf06604] SYS_fstat(3, 0x7fffcfbb6160, 0x7fffcfbb6160, 32)                                                             = 0
8718 [0x7ff7faf0680a] SYS_mmap(0, 0x2361e0, 5, 2050)                                                                               = 0x7ff7f7d45000
8718 [0x7ff7faf06857] SYS_mprotect(0x7ff7f7d4d000, 0x1ff000, 0, 2050)                                                              = 0
8718 [0x7ff7faf0680a] SYS_mmap(0x7ff7f7f4c000, 8192, 3, 2066)                                                                      = 0x7ff7f7f4c000
8718 [0x7ff7faf0680a] SYS_mmap(0x7ff7f7f4e000, 0x2d1e0, 3, 50)                                                                     = 0x7ff7f7f4e000
8718 [0x7ff7faf06787] SYS_close(3, 16, 0, 0x6ffffdff)                                                                              = 0
8718 [0x7ff7faf06677] SYS_open(0x7ff7fb0fea30, 0x80000, 0, 0x6ffffdff)                                                             = 3
8718 [0x7ff7faf06697] SYS_read(3, 0x7fffcfbb6258, 832, 0x6ffffdff)                                                                 = 832
8718 [0x7ff7faf06604] SYS_fstat(3, 0x7fffcfbb6130, 0x7fffcfbb6130, 16)                                                             = 0
8718 [0x7ff7faf0680a] SYS_mmap(0, 0x43fe88, 5, 2050)                                                                               = 0x7ff7f7905000
8718 [0x7ff7faf06857] SYS_mprotect(0x7ff7f7b1a000, 0x200000, 0, 2050)                                                              = 0
8718 [0x7ff7faf0680a] SYS_mmap(0x7ff7f7d1a000, 0x27000, 3, 2066)                                                                   = 0x7ff7f7d1a000
8718 [0x7ff7faf0680a] SYS_mmap(0x7ff7f7d41000, 0x3e88, 3, 50)                                                                      = 0x7ff7f7d41000
8718 [0x7ff7faf06857] SYS_mprotect(0x7fffcfbb8000, 4096, 0x1000007, 4)                                                             = 0
8718 [0x7ff7faf06787] SYS_close(3, 4096, 0x1000007, 4)                                                                             = 0
8718 [0x7ff7faf06677] SYS_open(0x7ff7fb0fefb0, 0x80000, 0, 0x7ff7fb1014d0)                                                         = 3
8718 [0x7ff7faf06697] SYS_read(3, 0x7fffcfbb6228, 832, 0x7ff7fb1014d0)                                                             = 832
8718 [0x7ff7faf06604] SYS_fstat(3, 0x7fffcfbb6100, 0x7fffcfbb6100, 16)                                                             = 0
8718 [0x7ff7faf0680a] SYS_mmap(0, 4096, 3, 34)                                                                                     = 0x7ff7fb0fd000
8718 [0x7ff7faf0680a] SYS_mmap(0, 0x215730, 5, 2050)                                                                               = 0x7ff7f76ef000
8718 [0x7ff7faf06857] SYS_mprotect(0x7ff7f7705000, 0x1ff000, 0, 2050)                                                              = 0
8718 [0x7ff7faf0680a] SYS_mmap(0x7ff7f7904000, 4096, 3, 2066)                                                                      = 0x7ff7f7904000
8718 [0x7ff7faf06787] SYS_close(3, 16, 0x7ff7f7904490, 0x6ffffdff)                                                                 = 0
8718 [0x7ff7faf06677] SYS_open(0x7ff7fb0fd4f0, 0x80000, 0, 0x6ffffdff)                                                             = 3
8718 [0x7ff7faf06697] SYS_read(3, 0x7fffcfbb61f8, 832, 0x6ffffdff)                                                                 = 832
8718 [0x7ff7faf06604] SYS_fstat(3, 0x7fffcfbb60d0, 0x7fffcfbb60d0, 32)                                                             = 0
8718 [0x7ff7faf0680a] SYS_mmap(0, 0x2fd148, 5, 2050)                                                                               = 0x7ff7f73f1000
8718 [0x7ff7faf06857] SYS_mprotect(0x7ff7f74ee000, 0x1ff000, 0, 2050)                                                              = 0
8718 [0x7ff7faf0680a] SYS_mmap(0x7ff7f76ed000, 8192, 3, 2066)                                                                      = 0x7ff7f76ed000
8718 [0x7ff7faf06787] SYS_close(3, 16, 0, 0x6ffffdff)                                                                              = 0
8718 [0x7ff7faf06677] SYS_open(0x7fffcfbb5fc0, 0x80000, 0, 0x36782f39325f3130)                                                     = -2
8718 [0x7ff7faf065c5] SYS_stat(0x7fffcfbb5fc0, 0x7fffcfbb60a0, 0x7fffcfbb60a0, 0x36782f39325f3130)                                 = -2
8718 [0x7ff7faf06677] SYS_open(0x7fffcfbb5fc0, 0x80000, 0, 0x36782f39325f3130)                                                     = -2
8718 [0x7ff7faf065c5] SYS_stat(0x7fffcfbb5fc0, 0x7fffcfbb60a0, 0x7fffcfbb60a0, 0x36782f39325f3130)                                 = -2
8718 [0x7ff7faf06677] SYS_open(0x7fffcfbb5fc0, 0x80000, 0, 0x36782f39325f3130)                                                     = -2
8718 [0x7ff7faf065c5] SYS_stat(0x7fffcfbb5fc0, 0x7fffcfbb60a0, 0x7fffcfbb60a0, 0x36782f39325f3130)                                 = -2
8718 [0x7ff7faf06677] SYS_open(0x7fffcfbb5fc0, 0x80000, 0, 0x36782f39325f3130)                                                     = -2
8718 [0x7ff7faf065c5] SYS_stat(0x7fffcfbb5fc0, 0x7fffcfbb60a0, 0x7fffcfbb60a0, 0x36782f39325f3130)                                 = -2
8718 [0x7ff7faf06677] SYS_open(0x7ff7fb0fddd0, 0x80000, 0, 0x36782f39325f3130)                                                     = 3
8718 [0x7ff7faf06697] SYS_read(3, 0x7fffcfbb61c8, 832, 0x36782f39325f3130)                                                         = 832
8718 [0x7ff7faf06604] SYS_fstat(3, 0x7fffcfbb60a0, 0x7fffcfbb60a0, 16)                                                             = 0
8718 [0x7ff7faf0680a] SYS_mmap(0, 4096, 3, 34)                                                                                     = 0x7ff7fb0fc000
8718 [0x7ff7faf0680a] SYS_mmap(0, 0x2f8980, 5, 2050)                                                                               = 0x7ff7f70f8000
8718 [0x7ff7faf06857] SYS_mprotect(0x7ff7f71ef000, 0x200000, 0, 2050)                                                              = 0
8718 [0x7ff7faf0680a] SYS_mmap(0x7ff7f73ef000, 8192, 3, 2066)                                                                      = 0x7ff7f73ef000
8718 [0x7ff7faf06787] SYS_close(3, 16, 0x7ff7f73ef3a0, 0x6ffffdff)                                                                 = 0
8718 [0x7ff7faf06677] SYS_open(0x7ff7fb0fc4c8, 0x80000, 0, 0x6ffffdff)                                                             = 3
8718 [0x7ff7faf06697] SYS_read(3, 0x7fffcfbb6198, 832, 0x6ffffdff)                                                                 = 832
8718 [0x7ff7faf06604] SYS_fstat(3, 0x7fffcfbb6070, 0x7fffcfbb6070, 16)                                                             = 0
8718 [0x7ff7faf0680a] SYS_mmap(0, 0x2fc9d8, 5, 2050)                                                                               = 0x7ff7f6dfb000
8718 [0x7ff7faf06857] SYS_mprotect(0x7ff7f6ef6000, 0x200000, 0, 2050)                                                              = 0
8718 [0x7ff7faf0680a] SYS_mmap(0x7ff7f70f6000, 8192, 3, 2066)                                                                      = 0x7ff7f70f6000
8718 [0x7ff7faf06787] SYS_close(3, 16, 0x7ff7f70f7828, 0x6ffffdff)                                                                 = 0
8718 [0x7ff7faf06677] SYS_open(0x7ff7fb0fc998, 0x80000, 0, 0x6ffffdff)                                                             = 3
8718 [0x7ff7faf06697] SYS_read(3, 0x7fffcfbb6168, 832, 0x6ffffdff)                                                                 = 832
8718 [0x7ff7faf06604] SYS_fstat(3, 0x7fffcfbb6040, 0x7fffcfbb6040, 16)                                                             = 0
8718 [0x7ff7faf0680a] SYS_mmap(0, 0x242830, 5, 2050)                                                                               = 0x7ff7f6bb8000
8718 [0x7ff7faf06857] SYS_mprotect(0x7ff7f6bfb000, 0x1ff000, 0, 2050)                                                              = 0
8718 [0x7ff7faf0680a] SYS_mmap(0x7ff7f6dfa000, 4096, 3, 2066)                                                                      = 0x7ff7f6dfa000
8718 [0x7ff7faf06787] SYS_close(3, 16, 0x7ff7f6dfa630, 0x6ffffdff)                                                                 = 0
8718 [0x7ff7faf06677] SYS_open(0x7ff7fb0fcf70, 0x80000, 0, 0x7ff7fb1039b8)                                                         = 3
8718 [0x7ff7faf06697] SYS_read(3, 0x7fffcfbb6138, 832, 0x7ff7fb1039b8)                                                             = 832
8718 [0x7ff7faf06604] SYS_fstat(3, 0x7fffcfbb6010, 0x7fffcfbb6010, 32)                                                             = 0
8718 [0x7ff7faf0680a] SYS_mmap(0, 4096, 3, 34)                                                                                     = 0x7ff7fb0fb000
8718 [0x7ff7faf0680a] SYS_mmap(0, 0x203118, 5, 2050)                                                                               = 0x7ff7f69b4000
8718 [0x7ff7faf06857] SYS_mprotect(0x7ff7f69b6000, 0x200000, 0, 2050)                                                              = 0
8718 [0x7ff7faf0680a] SYS_mmap(0x7ff7f6bb6000, 8192, 3, 2066)                                                                      = 0x7ff7f6bb6000
8718 [0x7ff7faf06787] SYS_close(3, 16, 0x7ff7f6bb6f40, 0x6ffffdff)                                                                 = 0
8718 [0x7ff7faf0680a] SYS_mmap(0, 4096, 3, 34)                                                                                     = 0x7ff7fb0fa000
8718 [0x7ff7faf0680a] SYS_mmap(0, 4096, 3, 34)                                                                                     = 0x7ff7fb0f9000
8718 [0x7ff7faf0680a] SYS_mmap(0, 8192, 3, 34)                                                                                     = 0x7ff7fb0f7000
8718 [0x7ff7faef0044] SYS_arch_prctl(4098, 0x7ff7fb0f7780, 0x7ff7fb0f8080, 34)                                                     = 0
8718 [0x7ff7faf06857] SYS_mprotect(0x7ff7fa846000, 0x4000, 1, 1)                                                                   = 0
8718 [0x7ff7faf06857] SYS_mprotect(0x7ff7f6bb6000, 4096, 1, 0x7ff7f69b4c68)                                                        = 0
8718 [0x7ff7faf06857] SYS_mprotect(0x7ff7f99ec000, 4096, 1, 0x7ff7f97da500)                                                        = 0
8718 [0x7ff7faf06857] SYS_mprotect(0x7ff7f76ed000, 4096, 1, 1)                                                                     = 0
8718 [0x7ff7faf06857] SYS_mprotect(0x7ff7f7f4c000, 4096, 1, 0x7ff7f7d45a00)                                                        = 0
8718 [0x7ff7faf06857] SYS_mprotect(0x7ff7f9cb0000, 0x7000, 1, 0x7ff7f9a4a810)                                                      = 0
8718 [0x7ff7faf06857] SYS_mprotect(0x7ff7f97d3000, 4096, 1, 0x7ff7f95ced58)                                                        = 0
8718 [0x7ff7faf06857] SYS_mprotect(0x7ff7fb10f000, 4096, 1, 0)                                                                     = 0
8718 [0x7ff7faf06837] SYS_munmap(0x7ff7fb105000, 0x83b3, 0x71300, 0)                                                               = 0
8718 [0x7ff7f97dbe92] SYS_set_tid_address(0x7ff7fb0f7a50, 0x7fffcfbb8128, 0x7ff7fb0f7780, 0)                                       = 8718
8718 [0x7ff7f97dbefa] SYS_set_robust_list(0x7ff7fb0f7a60, 24, 0x7ff7fb0f7780, 0)                                                   = 0
8718 [0x7ff7f97e5cf5] SYS_rt_sigaction(32, 0x7fffcfbb7e78, 0, 8)                                                                   = 0
8718 [0x7ff7f97e5cf5] SYS_rt_sigaction(33, 0x7fffcfbb7e78, 0, 8)                                                                   = 0
8718 [0x7ff7f97dbfd6] SYS_rt_sigprocmask(1, 0x7fffcfbb7fc8, 0, 8)                                                                  = 0
8718 [0x7ff7fa592b17] SYS_getrlimit(3, 0x7fffcfbb8060, 63, 1)                                                                      = 0
8718 [0x7ff7f97dbb95] SYS_futex(0x7ff7f9cba7e0, 129, 0x7fffffff, 0)                                                                = 0
8718 [0x4009e1] ledctrl->Hal_Led_Set_Mode(12, 5, 0x7ff7fa600c60, 0 <unfinished ...>
8718 [0x7ff7fa856575]   libnhal.so->Hal_Lookup_Hardware_Info(0x7fffcfbb7e50, 5, 0x7ff7fa600c60, 0 <unfinished ...>
8718 [0x7ff7fa58d557]     SYS_statfs(0x7ff7f97e81e8, 0x7fffcfbb7c40, 0x7ff7f99f1310, 1)                                            = 0
8718 [0x7ff7f97dbb95]     SYS_futex(0x7ff7f99f1310, 129, 0x7fffffff, 0)                                                            = 0
8718 [0x7ff7fa58d7e0]     SYS_open(0x7fffcfbb7d50, 0xa0002, 484, 1)                                                                = 3
8718 [0x7ff7fa59672a]     SYS_mmap(0, 220, 3, 1)                                                                                   = 0x7ff7fb10d000
8718 [0x7ff7fa58e070]     SYS_close(3, 220, 3, 1)                                                                                  = 0
8718 [0x7ff7fa8557f0]     libnhal.so->Hw_Semaphore_Init(0x7fffcfbb7e00, 0x7ff7fa858287, 1, -1 <unfinished ...>
8718 [0x7ff7fa58d405]       SYS_lstat(0x7fffcfbb7cb0, 0x7fffcfbb7bc0, 0x7fffcfbb7bc0, 0)                                           = -2
8718 [0x7ff7f97e5510]       SYS_open(0x7fffcfbb7cb0, 194, 600, 0)                                                                  = 3
8718 [0x7ff7f97e4da0]       SYS_write(3, 0x7fffcfbb7d30, 32, 0)                                                                    = 32
8718 [0x7ff7fa59672a]       SYS_mmap(0, 32, 3, 1)                                                                                  = 0x7ff7fb10c000
8718 [0x7ff7fa58f1a7]       SYS_link(0x7fffcfbb7cb0, 0x7fffcfbb7ce0, 3, 1)                                                         = -17
8718 [0x7ff7fa596757]       SYS_munmap(0x7ff7fb10c000, 32, 3, 1)                                                                   = 0
8718 [0x7ff7fa58f2c7]       SYS_unlink(0x7fffcfbb7cb0, 32, 3, 1)                                                                   = 0
8718 [0x7ff7f97e4e60]       SYS_close(3, 32, 3, 1)                                                                                 = 0
8718 [0x7ff7f97e5510]       SYS_open(0x7fffcfbb7ce0, 0x20002, 18, 1)                                                               = 3
8718 [0x7ff7fa58d3b4]       SYS_fstat(3, 0x7fffcfbb7c10, 0x7fffcfbb7c10, 1)                                                        = 0
8718 [0x7ff7fa592f5a]       SYS_brk(0, 0x7ff7fa84a640, 0, -4096)                                                                   = 0x1726000
8718 [0x7ff7fa592f5a]       SYS_brk(0x1747000, 0x1726000, 0x1747000, -4096)                                                        = 0x1747000
8718 [0x7ff7fa59672a]       SYS_mmap(0, 32, 3, 1)                                                                                  = 0x7ff7fb10c000
8718 [0x7ff7f97e4e60]       SYS_close(3, 32, 0, 3)                                                                                 = 0
8718 [0x7ff7fa8557f0]     <... Hw_Semaphore_Init resumed> )                                                                        = 17
8718 [0x7ff7fa855800]     libnhal.so->Hw_Semaphore_Lock(0x7fffcfbb7e00, 32, 0x7ff7fb10c000, -1)                                    = 0
8718 [0x7ff7fa855918]     libnhal.so->Hw_Semaphore_Unlock(0x7fffcfbb7e00, 2, 0x7ff7fb10d000, 0)                                    = 0
8718 [0x7ff7fa855924]     libnhal.so->Hw_Semaphore_Release(0x7fffcfbb7e00, 128, 0, 0 <unfinished ...>
8718 [0x7ff7fa596757]       SYS_munmap(0x7ff7fb10c000, 32, 0, 1)                                                                   = 0
8718 [0x7ff7fa855924]     <... Hw_Semaphore_Release resumed> )                                                                     = 0
8718 [0x7ff7fa856575]   <... Hal_Lookup_Hardware_Info resumed> )                                                                   = 0
8718 [0x4009e1] <... Hal_Led_Set_Mode resumed> )                                                                                   = 0xffffffea
8718 [0x7ff7fa4e7932] libgeneral.so->Trace_Mem_Destroy()(0x7ff7fa1ffd40, 0, 0x334ae5c140bd1efe, 16)                                = 0
8718 [0x7ff7fa56a468] SYS_exit_group(-22, 60, -22, 0x7ff7fa84da48 <unfinished ...>
8718 [0xffffffffffffffff] +++ exited (status 234) +++
