7940 [0x7f0e807078aa] SYS_brk(0, 0x7f0e8070afa0, 0, 895)                                                                           = 0x144d000
7940 [0x7f0e807087e7] SYS_readlink(0x7fff9444fb77, 0x7fff9444e470, 4096, 0x756e694c00000000)                                       = -2
7940 [0x7f0e80708677] SYS_open(0x7f0e8070c1f3, 0, 0, 0x756e694c00000000)                                                           = 3
7940 [0x7f0e807087a7] SYS_chdir(0x7f0e80913ba8, 0, 0, 0x756e694c00000000)                                                          = -2
7940 [0x7f0e807079d2] SYS_getcwd(0x7fff9444e470, 4096, 0, 0x756e694c00000000)                                                      = 23
7940 [0x7f0e807087c7] SYS_fchdir(3, 4096, 0, 0x756e694c00000000)                                                                   = 0
7940 [0x7f0e80708787] SYS_close(3, 4096, 0, 0x756e694c00000000)                                                                    = 0
7940 [0x7f0e8070880a] SYS_mmap(0, 4096, 3, 34)                                                                                     = 0x7f0e80910000
7940 [0x7f0e807086d7] SYS_access(0x7f0e8070e700, 4, 0x7f0e80913718, 0)                                                             = -2
7940 [0x7f0e80708677] SYS_open(0x7f0e8070c072, 0x80000, 1, 0)                                                                      = 3
7940 [0x7f0e80708604] SYS_fstat(3, 0x7fff9444dc50, 0x7fff9444dc50, 0)                                                              = 0
7940 [0x7f0e8070880a] SYS_mmap(0, 0x83b3, 1, 2)                                                                                    = 0x7f0e80907000
7940 [0x7f0e80708787] SYS_close(3, 0x83b3, 1, 2)                                                                                   = 0
7940 [0x7f0e80708677] SYS_open(0x7f0e80910640, 0x80000, 0, 56)                                                                     = 3
7940 [0x7f0e80708697] SYS_read(3, 0x7fff9444ddd8, 832, 56)                                                                         = 832
7940 [0x7f0e80708604] SYS_fstat(3, 0x7fff9444dcb0, 0x7fff9444dcb0, 16)                                                             = 0
7940 [0x7f0e8070880a] SYS_mmap(0, 0x278960, 5, 2050)                                                                               = 0x7f0e80478000
7940 [0x7f0e80708857] SYS_mprotect(0x7f0e804ee000, 0x200000, 0, 2050)                                                              = 0
7940 [0x7f0e8070880a] SYS_mmap(0x7f0e806ee000, 0x3000, 3, 2066)                                                                    = 0x7f0e806ee000
7940 [0x7f0e80708787] SYS_close(3, 16, 0x7f0e806ee3e0, 0x6ffffdff)                                                                 = 0
7940 [0x7f0e80708677] SYS_open(0x7f0e80910b10, 0x80000, 0, 0x6ffffdff)                                                             = 3
7940 [0x7f0e80708697] SYS_read(3, 0x7fff9444dda8, 832, 0x6ffffdff)                                                                 = 832
7940 [0x7f0e80708604] SYS_fstat(3, 0x7fff9444dc80, 0x7fff9444dc80, 16)                                                             = 0
7940 [0x7f0e8070880a] SYS_mmap(0, 0x21bee0, 5, 2050)                                                                               = 0x7f0e8025c000
7940 [0x7f0e80708857] SYS_mprotect(0x7f0e80277000, 0x200000, 0, 2050)                                                              = 0
7940 [0x7f0e8070880a] SYS_mmap(0x7f0e80477000, 4096, 3, 2066)                                                                      = 0x7f0e80477000
7940 [0x7f0e80708787] SYS_close(3, 16, 0x7f0e80477208, 0x6ffffdff)                                                                 = 0
7940 [0x7f0e80708677] SYS_open(0x7f0e80910fe0, 0x80000, 0, 0x6ffffdff)                                                             = 3
7940 [0x7f0e80708697] SYS_read(3, 0x7fff9444dd78, 832, 0x6ffffdff)                                                                 = 832
7940 [0x7f0e80708604] SYS_fstat(3, 0x7fff9444dc50, 0x7fff9444dc50, 16)                                                             = 0
7940 [0x7f0e8070880a] SYS_mmap(0, 4096, 3, 34)                                                                                     = 0x7f0e80906000
7940 [0x7f0e8070880a] SYS_mmap(0, 0x209ad0, 5, 2050)                                                                               = 0x7f0e80052000
7940 [0x7f0e80708857] SYS_mprotect(0x7f0e8005c000, 0x1ff000, 0, 2050)                                                              = 0
7940 [0x7f0e8070880a] SYS_mmap(0x7f0e8025b000, 4096, 3, 2066)                                                                      = 0x7f0e8025b000
7940 [0x7f0e80708787] SYS_close(3, 16, 0x7f0e8025b690, 0x6ffffdff)                                                                 = 0
7940 [0x7f0e80708677] SYS_open(0x7f0e809064b8, 0x80000, 0, 0x6ffffdff)                                                             = 3
7940 [0x7f0e80708697] SYS_read(3, 0x7fff9444dd48, 832, 0x6ffffdff)                                                                 = 832
7940 [0x7f0e80708604] SYS_fstat(3, 0x7fff9444dc20, 0x7fff9444dc20, 32)                                                             = 0
7940 [0x7f0e8070880a] SYS_mmap(0, 0x39dc40, 5, 2050)                                                                               = 0x7f0e7fcb4000
7940 [0x7f0e80708857] SYS_mprotect(0x7f0e7fe48000, 0x200000, 0, 2050)                                                              = 0
7940 [0x7f0e8070880a] SYS_mmap(0x7f0e80048000, 0x6000, 3, 2066)                                                                    = 0x7f0e80048000
7940 [0x7f0e8070880a] SYS_mmap(0x7f0e8004e000, 0x3c40, 3, 50)                                                                      = 0x7f0e8004e000
7940 [0x7f0e80708787] SYS_close(3, 16, 0, 0x6ffffdff)                                                                              = 0
7940 [0x7f0e80708677] SYS_open(0x7f0e80906988, 0x80000, 0, 0x6ffffdff)                                                             = 3
7940 [0x7f0e80708697] SYS_read(3, 0x7fff9444dbf8, 832, 0x6ffffdff)                                                                 = 832
7940 [0x7f0e80708604] SYS_fstat(3, 0x7fff9444dad0, 0x7fff9444dad0, 16)                                                             = 0
7940 [0x7f0e8070880a] SYS_mmap(0, 0x2b09d0, 5, 2050)                                                                               = 0x7f0e7fa03000
7940 [0x7f0e80708857] SYS_mprotect(0x7f0e7fab2000, 0x1ff000, 0, 2050)                                                              = 0
7940 [0x7f0e8070880a] SYS_mmap(0x7f0e7fcb1000, 0x3000, 3, 2066)                                                                    = 0x7f0e7fcb1000
7940 [0x7f0e80708787] SYS_close(3, 16, 0x7f0e7fcb19a8, 0x6ffffdff)                                                                 = 0
7940 [0x7f0e80708677] SYS_open(0x7f0e80906e58, 0x80000, 0, 0x6ffffdff)                                                             = 3
7940 [0x7f0e80708697] SYS_read(3, 0x7fff9444dbc8, 832, 0x6ffffdff)                                                                 = 832
7940 [0x7f0e80708604] SYS_fstat(3, 0x7fff9444daa0, 0x7fff9444daa0, 16)                                                             = 0
7940 [0x7f0e8070880a] SYS_mmap(0, 4096, 3, 34)                                                                                     = 0x7f0e80905000
7940 [0x7f0e8070880a] SYS_mmap(0, 0x294ee0, 5, 2050)                                                                               = 0x7f0e7f76e000
7940 [0x7f0e80708857] SYS_mprotect(0x7f0e7f800000, 0x1ff000, 0, 2050)                                                              = 0
7940 [0x7f0e8070880a] SYS_mmap(0x7f0e7f9ff000, 0x3000, 3, 2066)                                                                    = 0x7f0e7f9ff000
7940 [0x7f0e8070880a] SYS_mmap(0x7f0e7fa02000, 3808, 3, 50)                                                                        = 0x7f0e7fa02000
7940 [0x7f0e80708787] SYS_close(3, 16, 0x7f0e7f9ffe30, 0x6ffffdff)                                                                 = 0
7940 [0x7f0e80708677] SYS_open(0x7f0e809054b8, 0x80000, 0, 0x6ffffdff)                                                             = 3
7940 [0x7f0e80708697] SYS_read(3, 0x7fff9444db98, 832, 0x6ffffdff)                                                                 = 832
7940 [0x7f0e80708604] SYS_fstat(3, 0x7fff9444da70, 0x7fff9444da70, 16)                                                             = 0
7940 [0x7f0e8070880a] SYS_mmap(0, 0x29d850, 5, 2050)                                                                               = 0x7f0e7f4d0000
7940 [0x7f0e80708857] SYS_mprotect(0x7f0e7f569000, 0x200000, 0, 2050)                                                              = 0
7940 [0x7f0e8070880a] SYS_mmap(0x7f0e7f769000, 0x3000, 3, 2066)                                                                    = 0x7f0e7f769000
7940 [0x7f0e8070880a] SYS_mmap(0x7f0e7f76c000, 6224, 3, 50)                                                                        = 0x7f0e7f76c000
7940 [0x7f0e80708787] SYS_close(3, 16, 0x7f0e7f76acc8, 0x6ffffdff)                                                                 = 0
7940 [0x7f0e80708677] SYS_open(0x7f0e809059a0, 0x80000, 0, 0x6ffffdff)                                                             = 3
7940 [0x7f0e80708697] SYS_read(3, 0x7fff9444db68, 832, 0x6ffffdff)                                                                 = 832
7940 [0x7f0e80708604] SYS_fstat(3, 0x7fff9444da40, 0x7fff9444da40, 16)                                                             = 0
7940 [0x7f0e8070880a] SYS_mmap(0, 0x2dbbb0, 5, 2050)                                                                               = 0x7f0e7f1f4000
7940 [0x7f0e80708857] SYS_mprotect(0x7f0e7f2b2000, 0x200000, 0, 2050)                                                              = 0
7940 [0x7f0e8070880a] SYS_mmap(0x7f0e7f4b2000, 0xa000, 3, 2066)                                                                    = 0x7f0e7f4b2000
7940 [0x7f0e8070880a] SYS_mmap(0x7f0e7f4bc000, 0x13bb0, 3, 50)                                                                     = 0x7f0e7f4bc000
7940 [0x7f0e80708787] SYS_close(3, 16, 0x7f0e7f4b84d8, 0x6ffffdff)                                                                 = 0
7940 [0x7f0e80708677] SYS_open(0x7f0e80905e70, 0x80000, 0, 0x6ffffdff)                                                             = 3
7940 [0x7f0e80708697] SYS_read(3, 0x7fff9444db38, 832, 0x6ffffdff)                                                                 = 832
7940 [0x7f0e80708604] SYS_fstat(3, 0x7fff9444da10, 0x7fff9444da10, 32)                                                             = 0
7940 [0x7f0e8070880a] SYS_mmap(0, 4096, 3, 34)                                                                                     = 0x7f0e80904000
7940 [0x7f0e8070880a] SYS_mmap(0, 0x21c490, 5, 2050)                                                                               = 0x7f0e7efd7000
7940 [0x7f0e80708857] SYS_mprotect(0x7f0e7efef000, 0x1ff000, 0, 2050)                                                              = 0
7940 [0x7f0e8070880a] SYS_mmap(0x7f0e7f1ee000, 8192, 3, 2066)                                                                      = 0x7f0e7f1ee000
7940 [0x7f0e8070880a] SYS_mmap(0x7f0e7f1f0000, 0x3490, 3, 50)                                                                      = 0x7f0e7f1f0000
7940 [0x7f0e80708787] SYS_close(3, 16, 0, 0x6ffffdff)                                                                              = 0
7940 [0x7f0e80708677] SYS_open(0x7f0e809044b8, 0x80000, 0, 0x6ffffdff)                                                             = 3
7940 [0x7f0e80708697] SYS_read(3, 0x7fff9444db08, 832, 0x6ffffdff)                                                                 = 832
7940 [0x7f0e80708604] SYS_fstat(3, 0x7fff9444d9e0, 0x7fff9444d9e0, 32)                                                             = 0
7940 [0x7f0e8070880a] SYS_mmap(0, 0x207bc0, 5, 2050)                                                                               = 0x7f0e7edcf000
7940 [0x7f0e80708857] SYS_mprotect(0x7f0e7edd6000, 0x1ff000, 0, 2050)                                                              = 0
7940 [0x7f0e8070880a] SYS_mmap(0x7f0e7efd5000, 8192, 3, 2066)                                                                      = 0x7f0e7efd5000
7940 [0x7f0e80708787] SYS_close(3, 16, 0, 0x6ffffdff)                                                                              = 0
7940 [0x7f0e80708677] SYS_open(0x7f0e80904988, 0x80000, 0, 0x6ffffdff)                                                             = 3
7940 [0x7f0e80708697] SYS_read(3, 0x7fff9444dad8, 832, 0x6ffffdff)                                                                 = 832
7940 [0x7f0e80708604] SYS_fstat(3, 0x7fff9444d9b0, 0x7fff9444d9b0, 16)                                                             = 0
7940 [0x7f0e8070880a] SYS_mmap(0, 0x202e20, 5, 2050)                                                                               = 0x7f0e7ebcc000
7940 [0x7f0e80708857] SYS_mprotect(0x7f0e7ebcf000, 0x1ff000, 0, 2050)                                                              = 0
7940 [0x7f0e8070880a] SYS_mmap(0x7f0e7edce000, 4096, 3, 2066)                                                                      = 0x7f0e7edce000
7940 [0x7f0e80708787] SYS_close(3, 16, 0x7f0e7edcec28, 0x6ffffdff)                                                                 = 0
7940 [0x7f0e80708677] SYS_open(0x7f0e80904e58, 0x80000, 0, 0x6ffffdff)                                                             = 3
7940 [0x7f0e80708697] SYS_read(3, 0x7fff9444daa8, 832, 0x6ffffdff)                                                                 = 832
7940 [0x7f0e80708604] SYS_fstat(3, 0x7fff9444d980, 0x7fff9444d980, 16)                                                             = 0
7940 [0x7f0e8070880a] SYS_mmap(0, 4096, 3, 34)                                                                                     = 0x7f0e80903000
7940 [0x7f0e8070880a] SYS_mmap(0, 0x209850, 5, 2050)                                                                               = 0x7f0e7e9c2000
7940 [0x7f0e80708857] SYS_mprotect(0x7f0e7e9cc000, 0x1ff000, 0, 2050)                                                              = 0
7940 [0x7f0e8070880a] SYS_mmap(0x7f0e7ebcb000, 4096, 3, 2066)                                                                      = 0x7f0e7ebcb000
7940 [0x7f0e80708787] SYS_close(3, 16, 0x7f0e7ebcb618, 0x6ffffdff)                                                                 = 0
7940 [0x7f0e80708677] SYS_open(0x7f0e809034b8, 0x80000, 0, 0x6ffffdff)                                                             = 3
7940 [0x7f0e80708697] SYS_read(3, 0x7fff9444da78, 832, 0x6ffffdff)                                                                 = 832
7940 [0x7f0e80708604] SYS_fstat(3, 0x7fff9444d950, 0x7fff9444d950, 16)                                                             = 0
7940 [0x7f0e8070880a] SYS_mmap(0, 0x210868, 5, 2050)                                                                               = 0x7f0e7e7b1000
7940 [0x7f0e80708857] SYS_mprotect(0x7f0e7e7c2000, 0x1ff000, 0, 2050)                                                              = 0
7940 [0x7f0e8070880a] SYS_mmap(0x7f0e7e9c1000, 4096, 3, 2066)                                                                      = 0x7f0e7e9c1000
7940 [0x7f0e80708787] SYS_close(3, 16, 0x7f0e7e9c1408, 0x6ffffdff)                                                                 = 0
7940 [0x7f0e80708677] SYS_open(0x7f0e80903a40, 0x80000, 0, 0x7f0e809049a0)                                                         = 3
7940 [0x7f0e80708697] SYS_read(3, 0x7fff9444d918, 832, 0x7f0e809049a0)                                                             = 832
7940 [0x7f0e80708604] SYS_fstat(3, 0x7fff9444d7f0, 0x7fff9444d7f0, 16)                                                             = 0
7940 [0x7f0e8070880a] SYS_mmap(0, 0x2032c8, 5, 2050)                                                                               = 0x7f0e7e5ad000
7940 [0x7f0e80708857] SYS_mprotect(0x7f0e7e5b0000, 0x200000, 0, 2050)                                                              = 0
7940 [0x7f0e8070880a] SYS_mmap(0x7f0e7e7b0000, 4096, 3, 2066)                                                                      = 0x7f0e7e7b0000
7940 [0x7f0e80708787] SYS_close(3, 16, 0x7f0e7e7b0188, 0x6ffffdff)                                                                 = 0
7940 [0x7f0e80708677] SYS_open(0x7f0e80903f28, 0x80000, 0, 0x6ffffdff)                                                             = 3
7940 [0x7f0e80708697] SYS_read(3, 0x7fff9444d8e8, 832, 0x6ffffdff)                                                                 = 832
7940 [0x7f0e80708604] SYS_fstat(3, 0x7fff9444d7c0, 0x7fff9444d7c0, 16)                                                             = 0
7940 [0x7f0e8070880a] SYS_mmap(0, 4096, 3, 34)                                                                                     = 0x7f0e80902000
7940 [0x7f0e8070880a] SYS_mmap(0, 0x207820, 5, 2050)                                                                               = 0x7f0e7e3a5000
7940 [0x7f0e80708857] SYS_mprotect(0x7f0e7e3ac000, 0x200000, 0, 2050)                                                              = 0
7940 [0x7f0e8070880a] SYS_mmap(0x7f0e7e5ac000, 4096, 3, 2066)                                                                      = 0x7f0e7e5ac000
7940 [0x7f0e80708787] SYS_close(3, 16, 0x7f0e7e5ac188, 0x6ffffdff)                                                                 = 0
7940 [0x7f0e80708677] SYS_open(0x7f0e809024c8, 0x80000, 0, 0x6ffffdff)                                                             = 3
7940 [0x7f0e80708697] SYS_read(3, 0x7fff9444d8b8, 832, 0x6ffffdff)                                                                 = 832
7940 [0x7f0e80708604] SYS_fstat(3, 0x7fff9444d790, 0x7fff9444d790, 16)                                                             = 0
7940 [0x7f0e8070880a] SYS_mmap(0, 0x201f30, 5, 2050)                                                                               = 0x7f0e7e1a3000
7940 [0x7f0e80708857] SYS_mprotect(0x7f0e7e1a5000, 0x1ff000, 0, 2050)                                                              = 0
7940 [0x7f0e8070880a] SYS_mmap(0x7f0e7e3a4000, 4096, 3, 2066)                                                                      = 0x7f0e7e3a4000
7940 [0x7f0e80708787] SYS_close(3, 16, 0x7f0e7e3a4e18, 0x6ffffdff)                                                                 = 0
7940 [0x7f0e80708677] SYS_open(0x7f0e80902a60, 0x80000, 0, 0x7f0e809064d0)                                                         = 3
7940 [0x7f0e80708697] SYS_read(3, 0x7fff9444d888, 832, 0x7f0e809064d0)                                                             = 832
7940 [0x7f0e80708604] SYS_fstat(3, 0x7fff9444d760, 0x7fff9444d760, 16)                                                             = 0
7940 [0x7f0e8070880a] SYS_mmap(0, 0x2022e8, 5, 2050)                                                                               = 0x7f0e7dfa0000
7940 [0x7f0e80708857] SYS_mprotect(0x7f0e7dfa2000, 0x200000, 0, 2050)                                                              = 0
7940 [0x7f0e8070880a] SYS_mmap(0x7f0e7e1a2000, 4096, 3, 2066)                                                                      = 0x7f0e7e1a2000
7940 [0x7f0e80708787] SYS_close(3, 16, 0x7f0e7e1a2198, 0x6ffffdff)                                                                 = 0
7940 [0x7f0e80708677] SYS_open(0x7f0e80902f40, 0x80000, 0, 0x6ffffdff)                                                             = 3
7940 [0x7f0e80708697] SYS_read(3, 0x7fff9444d858, 832, 0x6ffffdff)                                                                 = 832
7940 [0x7f0e80708604] SYS_fstat(3, 0x7fff9444d730, 0x7fff9444d730, 16)                                                             = 0
7940 [0x7f0e8070880a] SYS_mmap(0, 4096, 3, 34)                                                                                     = 0x7f0e80901000
7940 [0x7f0e8070880a] SYS_mmap(0, 0x201f30, 5, 2050)                                                                               = 0x7f0e7dd9e000
7940 [0x7f0e80708857] SYS_mprotect(0x7f0e7dda0000, 0x1ff000, 0, 2050)                                                              = 0
7940 [0x7f0e8070880a] SYS_mmap(0x7f0e7df9f000, 4096, 3, 2066)                                                                      = 0x7f0e7df9f000
7940 [0x7f0e80708787] SYS_close(3, 16, 0x7f0e7df9fe18, 0x6ffffdff)                                                                 = 0
7940 [0x7f0e80708677] SYS_open(0x7f0e809014c0, 0x80000, 0, 0x6ffffdff)                                                             = 3
7940 [0x7f0e80708697] SYS_read(3, 0x7fff9444d828, 832, 0x6ffffdff)                                                                 = 832
7940 [0x7f0e80708604] SYS_fstat(3, 0x7fff9444d700, 0x7fff9444d700, 16)                                                             = 0
7940 [0x7f0e8070880a] SYS_mmap(0, 0x2038b8, 5, 2050)                                                                               = 0x7f0e7db9a000
7940 [0x7f0e80708857] SYS_mprotect(0x7f0e7db9e000, 0x1ff000, 0, 2050)                                                              = 0
7940 [0x7f0e8070880a] SYS_mmap(0x7f0e7dd9d000, 4096, 3, 2066)                                                                      = 0x7f0e7dd9d000
7940 [0x7f0e80708787] SYS_close(3, 16, 0x7f0e7dd9d748, 0x6ffffdff)                                                                 = 0
7940 [0x7f0e80708677] SYS_open(0x7f0e80901a60, 0x80000, 0, 0x7f0e80904000)                                                         = 3
7940 [0x7f0e80708697] SYS_read(3, 0x7fff9444d7c8, 832, 0x7f0e80904000)                                                             = 832
7940 [0x7f0e80708604] SYS_fstat(3, 0x7fff9444d6a0, 0x7fff9444d6a0, 16)                                                             = 0
7940 [0x7f0e8070880a] SYS_mmap(0, 0x210848, 5, 2050)                                                                               = 0x7f0e7d989000
7940 [0x7f0e80708857] SYS_mprotect(0x7f0e7d999000, 0x1ff000, 0, 2050)                                                              = 0
7940 [0x7f0e8070880a] SYS_mmap(0x7f0e7db98000, 8192, 3, 2066)                                                                      = 0x7f0e7db98000
7940 [0x7f0e80708787] SYS_close(3, 16, 0x7f0e7db98d90, 0x6ffffdff)                                                                 = 0
7940 [0x7f0e80708677] SYS_open(0x7f0e80901f48, 0x80000, 0, 0x6ffffdff)                                                             = 3
7940 [0x7f0e80708697] SYS_read(3, 0x7fff9444d798, 832, 0x6ffffdff)                                                                 = 832
7940 [0x7f0e80708604] SYS_fstat(3, 0x7fff9444d670, 0x7fff9444d670, 16)                                                             = 0
7940 [0x7f0e8070880a] SYS_mmap(0, 4096, 3, 34)                                                                                     = 0x7f0e80900000
7940 [0x7f0e8070880a] SYS_mmap(0, 0x20acf0, 5, 2050)                                                                               = 0x7f0e7d77e000
7940 [0x7f0e80708857] SYS_mprotect(0x7f0e7d789000, 0x1ff000, 0, 2050)                                                              = 0
7940 [0x7f0e8070880a] SYS_mmap(0x7f0e7d988000, 4096, 3, 2066)                                                                      = 0x7f0e7d988000
7940 [0x7f0e80708787] SYS_close(3, 16, 0x7f0e7d988750, 0x6ffffdff)                                                                 = 0
7940 [0x7f0e80708677] SYS_open(0x7f0e80900560, 0x80000, 0, 0x7f0e80904000)                                                         = 3
7940 [0x7f0e80708697] SYS_read(3, 0x7fff9444d768, 832, 0x7f0e80904000)                                                             = 832
7940 [0x7f0e80708604] SYS_fstat(3, 0x7fff9444d640, 0x7fff9444d640, 32)                                                             = 0
7940 [0x7f0e8070880a] SYS_mmap(0, 0x2361e0, 5, 2050)                                                                               = 0x7f0e7d547000
7940 [0x7f0e80708857] SYS_mprotect(0x7f0e7d54f000, 0x1ff000, 0, 2050)                                                              = 0
7940 [0x7f0e8070880a] SYS_mmap(0x7f0e7d74e000, 8192, 3, 2066)                                                                      = 0x7f0e7d74e000
7940 [0x7f0e8070880a] SYS_mmap(0x7f0e7d750000, 0x2d1e0, 3, 50)                                                                     = 0x7f0e7d750000
7940 [0x7f0e80708787] SYS_close(3, 16, 0, 0x6ffffdff)                                                                              = 0
7940 [0x7f0e80708677] SYS_open(0x7f0e80900a30, 0x80000, 0, 0x6ffffdff)                                                             = 3
7940 [0x7f0e80708697] SYS_read(3, 0x7fff9444d738, 832, 0x6ffffdff)                                                                 = 832
7940 [0x7f0e80708604] SYS_fstat(3, 0x7fff9444d610, 0x7fff9444d610, 16)                                                             = 0
7940 [0x7f0e8070880a] SYS_mmap(0, 0x43fe88, 5, 2050)                                                                               = 0x7f0e7d107000
7940 [0x7f0e80708857] SYS_mprotect(0x7f0e7d31c000, 0x200000, 0, 2050)                                                              = 0
7940 [0x7f0e8070880a] SYS_mmap(0x7f0e7d51c000, 0x27000, 3, 2066)                                                                   = 0x7f0e7d51c000
7940 [0x7f0e8070880a] SYS_mmap(0x7f0e7d543000, 0x3e88, 3, 50)                                                                      = 0x7f0e7d543000
7940 [0x7f0e80708857] SYS_mprotect(0x7fff9444f000, 4096, 0x1000007, 4)                                                             = 0
7940 [0x7f0e80708787] SYS_close(3, 4096, 0x1000007, 4)                                                                             = 0
7940 [0x7f0e80708677] SYS_open(0x7f0e80900fb0, 0x80000, 0, 0x7f0e809034d0)                                                         = 3
7940 [0x7f0e80708697] SYS_read(3, 0x7fff9444d708, 832, 0x7f0e809034d0)                                                             = 832
7940 [0x7f0e80708604] SYS_fstat(3, 0x7fff9444d5e0, 0x7fff9444d5e0, 16)                                                             = 0
7940 [0x7f0e8070880a] SYS_mmap(0, 4096, 3, 34)                                                                                     = 0x7f0e808ff000
7940 [0x7f0e8070880a] SYS_mmap(0, 0x215730, 5, 2050)                                                                               = 0x7f0e7cef1000
7940 [0x7f0e80708857] SYS_mprotect(0x7f0e7cf07000, 0x1ff000, 0, 2050)                                                              = 0
7940 [0x7f0e8070880a] SYS_mmap(0x7f0e7d106000, 4096, 3, 2066)                                                                      = 0x7f0e7d106000
7940 [0x7f0e80708787] SYS_close(3, 16, 0x7f0e7d106490, 0x6ffffdff)                                                                 = 0
7940 [0x7f0e80708677] SYS_open(0x7f0e808ff4f0, 0x80000, 0, 0x6ffffdff)                                                             = 3
7940 [0x7f0e80708697] SYS_read(3, 0x7fff9444d6d8, 832, 0x6ffffdff)                                                                 = 832
7940 [0x7f0e80708604] SYS_fstat(3, 0x7fff9444d5b0, 0x7fff9444d5b0, 32)                                                             = 0
7940 [0x7f0e8070880a] SYS_mmap(0, 0x2fd148, 5, 2050)                                                                               = 0x7f0e7cbf3000
7940 [0x7f0e80708857] SYS_mprotect(0x7f0e7ccf0000, 0x1ff000, 0, 2050)                                                              = 0
7940 [0x7f0e8070880a] SYS_mmap(0x7f0e7ceef000, 8192, 3, 2066)                                                                      = 0x7f0e7ceef000
7940 [0x7f0e80708787] SYS_close(3, 16, 0, 0x6ffffdff)                                                                              = 0
7940 [0x7f0e80708677] SYS_open(0x7fff9444d4a0, 0x80000, 0, 0x36782f39325f3130)                                                     = -2
7940 [0x7f0e807085c5] SYS_stat(0x7fff9444d4a0, 0x7fff9444d580, 0x7fff9444d580, 0x36782f39325f3130)                                 = -2
7940 [0x7f0e80708677] SYS_open(0x7fff9444d4a0, 0x80000, 0, 0x36782f39325f3130)                                                     = -2
7940 [0x7f0e807085c5] SYS_stat(0x7fff9444d4a0, 0x7fff9444d580, 0x7fff9444d580, 0x36782f39325f3130)                                 = -2
7940 [0x7f0e80708677] SYS_open(0x7fff9444d4a0, 0x80000, 0, 0x36782f39325f3130)                                                     = -2
7940 [0x7f0e807085c5] SYS_stat(0x7fff9444d4a0, 0x7fff9444d580, 0x7fff9444d580, 0x36782f39325f3130)                                 = -2
7940 [0x7f0e80708677] SYS_open(0x7fff9444d4a0, 0x80000, 0, 0x36782f39325f3130)                                                     = -2
7940 [0x7f0e807085c5] SYS_stat(0x7fff9444d4a0, 0x7fff9444d580, 0x7fff9444d580, 0x36782f39325f3130)                                 = -2
7940 [0x7f0e80708677] SYS_open(0x7f0e808ffdd0, 0x80000, 0, 0x36782f39325f3130)                                                     = 3
7940 [0x7f0e80708697] SYS_read(3, 0x7fff9444d6a8, 832, 0x36782f39325f3130)                                                         = 832
7940 [0x7f0e80708604] SYS_fstat(3, 0x7fff9444d580, 0x7fff9444d580, 16)                                                             = 0
7940 [0x7f0e8070880a] SYS_mmap(0, 4096, 3, 34)                                                                                     = 0x7f0e808fe000
7940 [0x7f0e8070880a] SYS_mmap(0, 0x2f8980, 5, 2050)                                                                               = 0x7f0e7c8fa000
7940 [0x7f0e80708857] SYS_mprotect(0x7f0e7c9f1000, 0x200000, 0, 2050)                                                              = 0
7940 [0x7f0e8070880a] SYS_mmap(0x7f0e7cbf1000, 8192, 3, 2066)                                                                      = 0x7f0e7cbf1000
7940 [0x7f0e80708787] SYS_close(3, 16, 0x7f0e7cbf13a0, 0x6ffffdff)                                                                 = 0
7940 [0x7f0e80708677] SYS_open(0x7f0e808fe4c8, 0x80000, 0, 0x6ffffdff)                                                             = 3
7940 [0x7f0e80708697] SYS_read(3, 0x7fff9444d678, 832, 0x6ffffdff)                                                                 = 832
7940 [0x7f0e80708604] SYS_fstat(3, 0x7fff9444d550, 0x7fff9444d550, 16)                                                             = 0
7940 [0x7f0e8070880a] SYS_mmap(0, 0x2fc9d8, 5, 2050)                                                                               = 0x7f0e7c5fd000
7940 [0x7f0e80708857] SYS_mprotect(0x7f0e7c6f8000, 0x200000, 0, 2050)                                                              = 0
7940 [0x7f0e8070880a] SYS_mmap(0x7f0e7c8f8000, 8192, 3, 2066)                                                                      = 0x7f0e7c8f8000
7940 [0x7f0e80708787] SYS_close(3, 16, 0x7f0e7c8f9828, 0x6ffffdff)                                                                 = 0
7940 [0x7f0e80708677] SYS_open(0x7f0e808fe998, 0x80000, 0, 0x6ffffdff)                                                             = 3
7940 [0x7f0e80708697] SYS_read(3, 0x7fff9444d648, 832, 0x6ffffdff)                                                                 = 832
7940 [0x7f0e80708604] SYS_fstat(3, 0x7fff9444d520, 0x7fff9444d520, 16)                                                             = 0
7940 [0x7f0e8070880a] SYS_mmap(0, 0x242830, 5, 2050)                                                                               = 0x7f0e7c3ba000
7940 [0x7f0e80708857] SYS_mprotect(0x7f0e7c3fd000, 0x1ff000, 0, 2050)                                                              = 0
7940 [0x7f0e8070880a] SYS_mmap(0x7f0e7c5fc000, 4096, 3, 2066)                                                                      = 0x7f0e7c5fc000
7940 [0x7f0e80708787] SYS_close(3, 16, 0x7f0e7c5fc630, 0x6ffffdff)                                                                 = 0
7940 [0x7f0e80708677] SYS_open(0x7f0e808fef70, 0x80000, 0, 0x7f0e809059b8)                                                         = 3
7940 [0x7f0e80708697] SYS_read(3, 0x7fff9444d618, 832, 0x7f0e809059b8)                                                             = 832
7940 [0x7f0e80708604] SYS_fstat(3, 0x7fff9444d4f0, 0x7fff9444d4f0, 32)                                                             = 0
7940 [0x7f0e8070880a] SYS_mmap(0, 4096, 3, 34)                                                                                     = 0x7f0e808fd000
7940 [0x7f0e8070880a] SYS_mmap(0, 0x203118, 5, 2050)                                                                               = 0x7f0e7c1b6000
7940 [0x7f0e80708857] SYS_mprotect(0x7f0e7c1b8000, 0x200000, 0, 2050)                                                              = 0
7940 [0x7f0e8070880a] SYS_mmap(0x7f0e7c3b8000, 8192, 3, 2066)                                                                      = 0x7f0e7c3b8000
7940 [0x7f0e80708787] SYS_close(3, 16, 0x7f0e7c3b8f40, 0x6ffffdff)                                                                 = 0
7940 [0x7f0e8070880a] SYS_mmap(0, 4096, 3, 34)                                                                                     = 0x7f0e808fc000
7940 [0x7f0e8070880a] SYS_mmap(0, 4096, 3, 34)                                                                                     = 0x7f0e808fb000
7940 [0x7f0e8070880a] SYS_mmap(0, 8192, 3, 34)                                                                                     = 0x7f0e808f9000
7940 [0x7f0e806f2044] SYS_arch_prctl(4098, 0x7f0e808f9780, 0x7f0e808fa080, 34)                                                     = 0
7940 [0x7f0e80708857] SYS_mprotect(0x7f0e80048000, 0x4000, 1, 1)                                                                   = 0
7940 [0x7f0e80708857] SYS_mprotect(0x7f0e7c3b8000, 4096, 1, 0x7f0e7c1b6c68)                                                        = 0
7940 [0x7f0e80708857] SYS_mprotect(0x7f0e7f1ee000, 4096, 1, 0x7f0e7efdc500)                                                        = 0
7940 [0x7f0e80708857] SYS_mprotect(0x7f0e7ceef000, 4096, 1, 1)                                                                     = 0
7940 [0x7f0e80708857] SYS_mprotect(0x7f0e7d74e000, 4096, 1, 0x7f0e7d547a00)                                                        = 0
7940 [0x7f0e80708857] SYS_mprotect(0x7f0e7f4b2000, 0x7000, 1, 0x7f0e7f24c810)                                                      = 0
7940 [0x7f0e80708857] SYS_mprotect(0x7f0e7efd5000, 4096, 1, 0x7f0e7edd0d58)                                                        = 0
7940 [0x7f0e80708857] SYS_mprotect(0x7f0e80911000, 4096, 1, 0)                                                                     = 0
7940 [0x7f0e80708837] SYS_munmap(0x7f0e80907000, 0x83b3, 0x7ca00, 0)                                                               = 0
7940 [0x7f0e7efdde92] SYS_set_tid_address(0x7f0e808f9a50, 0x7fff9444f608, 0x7f0e808f9780, 0)                                       = 7940
7940 [0x7f0e7efddefa] SYS_set_robust_list(0x7f0e808f9a60, 24, 0x7f0e808f9780, 0)                                                   = 0
7940 [0x7f0e7efe7cf5] SYS_rt_sigaction(32, 0x7fff9444f358, 0, 8)                                                                   = 0
7940 [0x7f0e7efe7cf5] SYS_rt_sigaction(33, 0x7fff9444f358, 0, 8)                                                                   = 0
7940 [0x7f0e7efddfd6] SYS_rt_sigprocmask(1, 0x7fff9444f4a8, 0, 8)                                                                  = 0
7940 [0x7f0e7fd94b17] SYS_getrlimit(3, 0x7fff9444f540, 63, 1)                                                                      = 0
7940 [0x7f0e7efddb95] SYS_futex(0x7f0e7f4bc7e0, 129, 0x7fffffff, 0)                                                                = 0
7940 [0x4008fd] ledctrl->Lookup_Nas_Info(_T_NAS_PROP_&)(0x7fff9444f450, 0x7fff9444fb94, 0, 0x7fff9444fb93 <unfinished ...>
7940 [0x7f0e8049bd11]   libnasman.so->Open_Share_Memory(char const*, int, void*&, int&)(0x7f0e804e008e, 0, 0x7fff9444f410, 0x7fff9444f41c <unfinished ...>
7940 [0x7f0e7fd8f557]     SYS_statfs(0x7f0e7efea1e8, 0x7fff9444f1b0, 0x7f0e7f1f3310, 1)                                            = 0
7940 [0x7f0e7efddb95]     SYS_futex(0x7f0e7f1f3310, 129, 0x7fffffff, 0)                                                            = 0
7940 [0x7f0e7fd8f7e0]     SYS_open(0x7fff9444f2c0, 0xa0000, 484, 1)                                                                = 3
7940 [0x7f0e7fd8f3b4]     SYS_fstat(3, 0x7fff9444f350, 0x7fff9444f350, 1)                                                          = 0
7940 [0x7f0e7fd9872a]     SYS_mmap(0, 0x2788, 1, 1)                                                                                = 0x7f0e8090d000
7940 [0x7f0e7fd90070]     SYS_close(3, 0x2788, 1, 1)                                                                               = 0
7940 [0x7f0e8049bd11]   <... Open_Share_Memory(char const*, int, void*&, int&) resumed> )                                          = 0
7940 [0x7f0e8049bd4d]   libnasman.so->Open_Share_Memory(char const*, int, void*&, int&)(0x7f0e804e00a7, 0, 0x7fff9444f410, 0x7fff9444f41c <unfinished ...>
7940 [0x7f0e7fd8f7e0]     SYS_open(0x7fff9444f2c0, 0xa0000, 484, 1)                                                                = 3
7940 [0x7f0e7fd8f3b4]     SYS_fstat(3, 0x7fff9444f350, 0x7fff9444f350, 1)                                                          = 0
7940 [0x7f0e7fd9872a]     SYS_mmap(0, 3536, 1, 1)                                                                                  = 0x7f0e8090c000
7940 [0x7f0e7fd90070]     SYS_close(3, 3536, 1, 1)                                                                                 = 0
7940 [0x7f0e8049bd4d]   <... Open_Share_Memory(char const*, int, void*&, int&) resumed> )                                          = 0
7940 [0x7f0e8049bd7f]   libnasman.so->Open_Share_Memory(char const*, int, void*&, int&)(0x7f0e804e00b5, 0, 0x7fff9444f410, 0x7fff9444f41c <unfinished ...>
7940 [0x7f0e7fd8f7e0]     SYS_open(0x7fff9444f2c0, 0xa0000, 484, 1)                                                                = 3
7940 [0x7f0e7fd8f3b4]     SYS_fstat(3, 0x7fff9444f350, 0x7fff9444f350, 1)                                                          = 0
7940 [0x7f0e7fd9872a]     SYS_mmap(0, 4080, 1, 1)                                                                                  = 0x7f0e8090b000
7940 [0x7f0e7fd90070]     SYS_close(3, 4080, 1, 1)                                                                                 = 0
7940 [0x7f0e8049bd7f]   <... Open_Share_Memory(char const*, int, void*&, int&) resumed> )                                          = 0
7940 [0x4008fd] <... Lookup_Nas_Info(_T_NAS_PROP_&) resumed> )                                                                     = 0
7940 [0x400934] ledctrl->Hal_Led_Set_Hdd_Mode(2, 7, 3, 0 <unfinished ...>
7940 [0x7f0e80058f15]   libnhal.so->Hal_Lookup_Hardware_Info(0x7fff9444f340, 7, 3, 0 <unfinished ...>
7940 [0x7f0e7fd8f7e0]     SYS_open(0x7fff9444f240, 0xa0002, 484, 1)                                                                = 3
7940 [0x7f0e7fd9872a]     SYS_mmap(0, 220, 3, 1)                                                                                   = 0x7f0e8090a000
7940 [0x7f0e7fd90070]     SYS_close(3, 220, 3, 1)                                                                                  = 0
7940 [0x7f0e800577f0]     libnhal.so->Hw_Semaphore_Init(0x7fff9444f2f0, 0x7f0e8005a287, 1, -1 <unfinished ...>
7940 [0x7f0e7fd8f405]       SYS_lstat(0x7fff9444f1a0, 0x7fff9444f0b0, 0x7fff9444f0b0, 0)                                           = -2
7940 [0x7f0e7efe7510]       SYS_open(0x7fff9444f1a0, 194, 600, 0)                                                                  = 3
7940 [0x7f0e7efe6da0]       SYS_write(3, 0x7fff9444f220, 32, 0)                                                                    = 32
7940 [0x7f0e7fd9872a]       SYS_mmap(0, 32, 3, 1)                                                                                  = 0x7f0e80909000
7940 [0x7f0e7fd911a7]       SYS_link(0x7fff9444f1a0, 0x7fff9444f1d0, 3, 1)                                                         = -17
7940 [0x7f0e7fd98757]       SYS_munmap(0x7f0e80909000, 32, 3, 1)                                                                   = 0
7940 [0x7f0e7fd912c7]       SYS_unlink(0x7fff9444f1a0, 32, 3, 1)                                                                   = 0
7940 [0x7f0e7efe6e60]       SYS_close(3, 32, 3, 1)                                                                                 = 0
7940 [0x7f0e7efe7510]       SYS_open(0x7fff9444f1d0, 0x20002, 18, 1)                                                               = 3
7940 [0x7f0e7fd8f3b4]       SYS_fstat(3, 0x7fff9444f100, 0x7fff9444f100, 1)                                                        = 0
7940 [0x7f0e7fd94f5a]       SYS_brk(0, 0x7f0e8004c640, 0, -4096)                                                                   = 0x144d000
7940 [0x7f0e7fd94f5a]       SYS_brk(0x146e000, 0x144d000, 0x146e000, -4096)                                                        = 0x146e000
7940 [0x7f0e7fd9872a]       SYS_mmap(0, 32, 3, 1)                                                                                  = 0x7f0e80909000
7940 [0x7f0e7efe6e60]       SYS_close(3, 32, 0, 3)                                                                                 = 0
7940 [0x7f0e800577f0]     <... Hw_Semaphore_Init resumed> )                                                                        = 17
7940 [0x7f0e80057800]     libnhal.so->Hw_Semaphore_Lock(0x7fff9444f2f0, 32, 0x7f0e80909000, -1)                                    = 0
7940 [0x7f0e80057918]     libnhal.so->Hw_Semaphore_Unlock(0x7fff9444f2f0, 2, 0x7f0e8090a000, 0)                                    = 0
7940 [0x7f0e80057924]     libnhal.so->Hw_Semaphore_Release(0x7fff9444f2f0, 128, 0, 0 <unfinished ...>
7940 [0x7f0e7fd98757]       SYS_munmap(0x7f0e80909000, 32, 0, 1)                                                                   = 0
7940 [0x7f0e80057924]     <... Hw_Semaphore_Release resumed> )                                                                     = 0
7940 [0x7f0e80058f15]   <... Hal_Lookup_Hardware_Info resumed> )                                                                   = 0
7940 [0x7f0e800590e3]   libnhal.so->Mv9125_Set_Led_Mode(1, 0, 0, 3 <unfinished ...>
7940 [0x7f0e7e3aa937]     libgeneraldrv.so->PCI_Conf_Read(2, 0, 0, 36 <unfinished ...>
7940 [0x7f0e7e3a7823]       libgeneraldrv.so->Hw_Semaphore_Init(0x7fff9444f230, 0x7f0e7e3ab000, 1, 0 <unfinished ...>
7940 [0x7f0e7fd8f405]         SYS_lstat(0x7fff9444f0e0, 0x7fff9444eff0, 0x7fff9444eff0, 0)                                         = -2
7940 [0x7f0e7efe7510]         SYS_open(0x7fff9444f0e0, 194, 600, 0)                                                                = 3
7940 [0x7f0e7efe6da0]         SYS_write(3, 0x7fff9444f160, 32, 0)                                                                  = 32
7940 [0x7f0e7fd9872a]         SYS_mmap(0, 32, 3, 1)                                                                                = 0x7f0e80909000
7940 [0x7f0e7fd911a7]         SYS_link(0x7fff9444f0e0, 0x7fff9444f110, 3, 1)                                                       = -17
7940 [0x7f0e7fd98757]         SYS_munmap(0x7f0e80909000, 32, 3, 1)                                                                 = 0
7940 [0x7f0e7fd912c7]         SYS_unlink(0x7fff9444f0e0, 32, 3, 1)                                                                 = 0
7940 [0x7f0e7efe6e60]         SYS_close(3, 32, 3, 1)                                                                               = 0
7940 [0x7f0e7efe7510]         SYS_open(0x7fff9444f110, 0x20002, 17, 1)                                                             = 3
7940 [0x7f0e7fd8f3b4]         SYS_fstat(3, 0x7fff9444f040, 0x7fff9444f040, 1)                                                      = 0
7940 [0x7f0e7fd9872a]         SYS_mmap(0, 32, 3, 1)                                                                                = 0x7f0e80909000
7940 [0x7f0e7efe6e60]         SYS_close(3, 32, 0, 1)                                                                               = 0
7940 [0x7f0e7e3a7823]       <... Hw_Semaphore_Init resumed> )                                                                      = 17
7940 [0x7f0e7e3a7833]       libgeneraldrv.so->Hw_Semaphore_Lock(0x7fff9444f230, 32, 0x7f0e80909000, -1)                            = 0
7940 [0x7f0e7fd9c6b7]       SYS_ioperm(3320, 4, 1, 1)                                                                              = 0
7940 [0x7f0e7fd9c6b7]       SYS_ioperm(3320, 4, 0, 1)                                                                              = 0
7940 [0x7f0e7fd9c6b7]       SYS_ioperm(235, 1, 1, 1)                                                                               = 0
7940 [0x7f0e7fd9c6b7]       SYS_ioperm(235, 1, 0, 1)                                                                               = 0
7940 [0x7f0e7fd9c6b7]       SYS_ioperm(3324, 4, 1, 1)                                                                              = 0
7940 [0x7f0e7fd9c6b7]       SYS_ioperm(3324, 4, 0, 1)                                                                              = 0
7940 [0x7f0e7fd9c6b7]       SYS_ioperm(235, 1, 1, 1)                                                                               = 0
7940 [0x7f0e7fd9c6b7]       SYS_ioperm(235, 1, 0, 1)                                                                               = 0
7940 [0x7f0e7fd9c6b7]       SYS_ioperm(3320, 4, 1, 1)                                                                              = 0
7940 [0x7f0e7fd9c6b7]       SYS_ioperm(3320, 4, 0, 1)                                                                              = 0
7940 [0x7f0e7fd9c6b7]       SYS_ioperm(235, 1, 1, 1)                                                                               = 0
7940 [0x7f0e7fd9c6b7]       SYS_ioperm(235, 1, 0, 1)                                                                               = 0
7940 [0x7f0e7e3a797f]       libgeneraldrv.so->Hw_Semaphore_Unlock(0x7fff9444f230, 1, 0, -1)                                        = 0
7940 [0x7f0e7e3a798b]       libgeneraldrv.so->Hw_Semaphore_Release(0x7fff9444f230, 128, 0, 0 <unfinished ...>
7940 [0x7f0e7fd98757]         SYS_munmap(0x7f0e80909000, 32, 0, 1)                                                                 = 0
7940 [0x7f0e7e3a798b]       <... Hw_Semaphore_Release resumed> )                                                                   = 0
7940 [0x7f0e7e3aa937]     <... PCI_Conf_Read resumed> )                                                                            = 0
7940 [0x7f0e7e3aa959]     libgeneraldrv.so->Hw_Semaphore_Init(0x7fff9444f2a0, 0x7f0e7e3ab38c, 1, 0x7f0e8004c658 <unfinished ...>
7940 [0x7f0e7fd8f405]       SYS_lstat(0x7fff9444f150, 0x7fff9444f060, 0x7fff9444f060, 0)                                           = -2
7940 [0x7f0e7efe7510]       SYS_open(0x7fff9444f150, 194, 600, 0)                                                                  = 3
7940 [0x7f0e7efe6da0]       SYS_write(3, 0x7fff9444f1d0, 32, 0)                                                                    = 32
7940 [0x7f0e7fd9872a]       SYS_mmap(0, 32, 3, 1)                                                                                  = 0x7f0e80909000
7940 [0x7f0e7fd911a7]       SYS_link(0x7fff9444f150, 0x7fff9444f180, 3, 1)                                                         = -17
7940 [0x7f0e7fd98757]       SYS_munmap(0x7f0e80909000, 32, 3, 1)                                                                   = 0
7940 [0x7f0e7fd912c7]       SYS_unlink(0x7fff9444f150, 32, 3, 1)                                                                   = 0
7940 [0x7f0e7efe6e60]       SYS_close(3, 32, 3, 1)                                                                                 = 0
7940 [0x7f0e7efe7510]       SYS_open(0x7fff9444f180, 0x20002, 20, 1)                                                               = 3
7940 [0x7f0e7fd8f3b4]       SYS_fstat(3, 0x7fff9444f0b0, 0x7fff9444f0b0, 1)                                                        = 0
7940 [0x7f0e7fd9872a]       SYS_mmap(0, 32, 3, 1)                                                                                  = 0x7f0e80909000
7940 [0x7f0e7efe6e60]       SYS_close(3, 32, 0, 1)                                                                                 = 0
7940 [0x7f0e7e3aa959]     <... Hw_Semaphore_Init resumed> )                                                                        = 17
7940 [0x7f0e7e3aa969]     libgeneraldrv.so->Hw_Semaphore_Lock(0x7fff9444f2a0, 32, 0x7f0e80909000, -1)                              = 0
7940 [0x7f0e7fd8f7e0]     SYS_open(0x7f0e7e3ab3a1, 2, 1, 1)                                                                        = 3
7940 [0x7f0e7fd9872a]     SYS_mmap(0, 60, 3, 1)                                                                                    = 0x7f0e80908000
7940 [0x7f0e7fd6c060]     SYS_nanosleep(0x7fff9444f280, 0, 0, 1)                                                                   = 0
7940 [0x7f0e7fd6c060]     SYS_nanosleep(0x7fff9444f280, 0, 0, 1)                                                                   = 0
7940 [0x7f0e7fd98757]     SYS_munmap(0x7f0e80908000, 60, 0, 1)                                                                     = 0
7940 [0x7f0e7fd90070]     SYS_close(3, 60, 0, 1)                                                                                   = 0
7940 [0x7f0e7fd6c060]     SYS_nanosleep(0x7fff9444f280, 0, 0, 1)                                                                   = 0
7940 [0x7f0e7e3aaa1c]     libgeneraldrv.so->Hw_Semaphore_Unlock(0x7fff9444f2a0, 0, 0, -1)                                          = 0
7940 [0x7f0e7e3aaa28]     libgeneraldrv.so->Hw_Semaphore_Release(0x7fff9444f2a0, 128, 0, 0 <unfinished ...>
7940 [0x7f0e7fd98757]       SYS_munmap(0x7f0e80909000, 32, 0, 1)                                                                   = 0
7940 [0x7f0e7e3aaa28]     <... Hw_Semaphore_Release resumed> )                                                                     = 0
7940 [0x7f0e7e3aaacf]     libgeneraldrv.so->PCI_Conf_Read(2, 0, 0, 36 <unfinished ...>
7940 [0x7f0e7e3a7823]       libgeneraldrv.so->Hw_Semaphore_Init(0x7fff9444f240, 0x7f0e7e3ab000, 1, 0 <unfinished ...>
7940 [0x7f0e7fd8f405]         SYS_lstat(0x7fff9444f0f0, 0x7fff9444f000, 0x7fff9444f000, 0)                                         = -2
7940 [0x7f0e7efe7510]         SYS_open(0x7fff9444f0f0, 194, 600, 0)                                                                = 3
7940 [0x7f0e7efe6da0]         SYS_write(3, 0x7fff9444f170, 32, 0)                                                                  = 32
7940 [0x7f0e7fd9872a]         SYS_mmap(0, 32, 3, 1)                                                                                = 0x7f0e80909000
7940 [0x7f0e7fd911a7]         SYS_link(0x7fff9444f0f0, 0x7fff9444f120, 3, 1)                                                       = -17
7940 [0x7f0e7fd98757]         SYS_munmap(0x7f0e80909000, 32, 3, 1)                                                                 = 0
7940 [0x7f0e7fd912c7]         SYS_unlink(0x7fff9444f0f0, 32, 3, 1)                                                                 = 0
7940 [0x7f0e7efe6e60]         SYS_close(3, 32, 3, 1)                                                                               = 0
7940 [0x7f0e7efe7510]         SYS_open(0x7fff9444f120, 0x20002, 17, 1)                                                             = 3
7940 [0x7f0e7fd8f3b4]         SYS_fstat(3, 0x7fff9444f050, 0x7fff9444f050, 1)                                                      = 0
7940 [0x7f0e7fd9872a]         SYS_mmap(0, 32, 3, 1)                                                                                = 0x7f0e80909000
7940 [0x7f0e7efe6e60]         SYS_close(3, 32, 0, 1)                                                                               = 0
7940 [0x7f0e7e3a7823]       <... Hw_Semaphore_Init resumed> )                                                                      = 17
7940 [0x7f0e7e3a7833]       libgeneraldrv.so->Hw_Semaphore_Lock(0x7fff9444f240, 32, 0x7f0e80909000, -1)                            = 0
7940 [0x7f0e7fd9c6b7]       SYS_ioperm(3320, 4, 1, 1)                                                                              = 0
7940 [0x7f0e7fd9c6b7]       SYS_ioperm(3320, 4, 0, 1)                                                                              = 0
7940 [0x7f0e7fd9c6b7]       SYS_ioperm(235, 1, 1, 1)                                                                               = 0
7940 [0x7f0e7fd9c6b7]       SYS_ioperm(235, 1, 0, 1)                                                                               = 0
7940 [0x7f0e7fd9c6b7]       SYS_ioperm(3324, 4, 1, 1)                                                                              = 0
7940 [0x7f0e7fd9c6b7]       SYS_ioperm(3324, 4, 0, 1)                                                                              = 0
7940 [0x7f0e7fd9c6b7]       SYS_ioperm(235, 1, 1, 1)                                                                               = 0
7940 [0x7f0e7fd9c6b7]       SYS_ioperm(235, 1, 0, 1)                                                                               = 0
7940 [0x7f0e7fd9c6b7]       SYS_ioperm(3320, 4, 1, 1)                                                                              = 0
7940 [0x7f0e7fd9c6b7]       SYS_ioperm(3320, 4, 0, 1)                                                                              = 0
7940 [0x7f0e7fd9c6b7]       SYS_ioperm(235, 1, 1, 1)                                                                               = 0
7940 [0x7f0e7fd9c6b7]       SYS_ioperm(235, 1, 0, 1)                                                                               = 0
7940 [0x7f0e7e3a797f]       libgeneraldrv.so->Hw_Semaphore_Unlock(0x7fff9444f240, 1, 0, -1)                                        = 0
7940 [0x7f0e7e3a798b]       libgeneraldrv.so->Hw_Semaphore_Release(0x7fff9444f240, 128, 0, 0 <unfinished ...>
7940 [0x7f0e7fd98757]         SYS_munmap(0x7f0e80909000, 32, 0, 1)                                                                 = 0
7940 [0x7f0e7e3a798b]       <... Hw_Semaphore_Release resumed> )                                                                   = 0
7940 [0x7f0e7e3aaacf]     <... PCI_Conf_Read resumed> )                                                                            = 0
7940 [0x7f0e7e3aaaf1]     libgeneraldrv.so->Hw_Semaphore_Init(0x7fff9444f2b0, 0x7f0e7e3ab38c, 1, 0x7f0e8004c658 <unfinished ...>
7940 [0x7f0e7fd8f405]       SYS_lstat(0x7fff9444f160, 0x7fff9444f070, 0x7fff9444f070, 0)                                           = -2
7940 [0x7f0e7efe7510]       SYS_open(0x7fff9444f160, 194, 600, 0)                                                                  = 3
7940 [0x7f0e7efe6da0]       SYS_write(3, 0x7fff9444f1e0, 32, 0)                                                                    = 32
7940 [0x7f0e7fd9872a]       SYS_mmap(0, 32, 3, 1)                                                                                  = 0x7f0e80909000
7940 [0x7f0e7fd911a7]       SYS_link(0x7fff9444f160, 0x7fff9444f190, 3, 1)                                                         = -17
7940 [0x7f0e7fd98757]       SYS_munmap(0x7f0e80909000, 32, 3, 1)                                                                   = 0
7940 [0x7f0e7fd912c7]       SYS_unlink(0x7fff9444f160, 32, 3, 1)                                                                   = 0
7940 [0x7f0e7efe6e60]       SYS_close(3, 32, 3, 1)                                                                                 = 0
7940 [0x7f0e7efe7510]       SYS_open(0x7fff9444f190, 0x20002, 20, 1)                                                               = 3
7940 [0x7f0e7fd8f3b4]       SYS_fstat(3, 0x7fff9444f0c0, 0x7fff9444f0c0, 1)                                                        = 0
7940 [0x7f0e7fd9872a]       SYS_mmap(0, 32, 3, 1)                                                                                  = 0x7f0e80909000
7940 [0x7f0e7efe6e60]       SYS_close(3, 32, 0, 1)                                                                                 = 0
7940 [0x7f0e7e3aaaf1]     <... Hw_Semaphore_Init resumed> )                                                                        = 17
7940 [0x7f0e7e3aab01]     libgeneraldrv.so->Hw_Semaphore_Lock(0x7fff9444f2b0, 32, 0x7f0e80909000, -1)                              = 0
7940 [0x7f0e7fd8f7e0]     SYS_open(0x7f0e7e3ab3a1, 2, 1, 1)                                                                        = 3
7940 [0x7f0e7fd9872a]     SYS_mmap(0, 60, 3, 1)                                                                                    = 0x7f0e80908000
7940 [0x7f0e7fd6c060]     SYS_nanosleep(0x7fff9444f290, 0, 0, 1)                                                                   = 0
7940 [0x7f0e7fd6c060]     SYS_nanosleep(0x7fff9444f290, 0, 0, 1)                                                                   = 0
7940 [0x7f0e7fd98757]     SYS_munmap(0x7f0e80908000, 60, 0, 1)                                                                     = 0
7940 [0x7f0e7fd90070]     SYS_close(3, 60, 0, 1)                                                                                   = 0
7940 [0x7f0e7fd6c060]     SYS_nanosleep(0x7fff9444f290, 0, 0, 1)                                                                   = 0
7940 [0x7f0e7e3aaba6]     libgeneraldrv.so->Hw_Semaphore_Unlock(0x7fff9444f2b0, 0, 0, -1)                                          = 0
7940 [0x7f0e7e3aabb2]     libgeneraldrv.so->Hw_Semaphore_Release(0x7fff9444f2b0, 128, 0, 0 <unfinished ...>
7940 [0x7f0e7fd98757]       SYS_munmap(0x7f0e80909000, 32, 0, 1)                                                                   = 0
7940 [0x7f0e7e3aabb2]     <... Hw_Semaphore_Release resumed> )                                                                     = 0
7940 [0x7f0e800590e3]   <... Mv9125_Set_Led_Mode resumed> )                                                                        = 0
7940 [0x400934] <... Hal_Led_Set_Hdd_Mode resumed> )                                                                               = 0
7940 [0x7f0e8049bf15] libnasman.so->Close_Share_Memory(char const*, void*)(0x7f0e804e008e, 0x7f0e8090d000, 0xd109a72ff9706d61, 4 <unfinished ...>
7940 [0x7f0e8049bb6e]   libnasman.so->Get_File_Size(char const*, long*)(0x7fff9444f1b0, 0x7fff9444f2d8, 0x7fff9444f1c5, 0 <unfinished ...>
7940 [0x7f0e7fd8f365]     SYS_stat(0x7fff9444f1b0, 0x7fff9444f110, 0x7fff9444f110, 1)                                              = 0
7940 [0x7f0e8049bb6e]   <... Get_File_Size(char const*, long*) resumed> )                                                          = 0
7940 [0x7f0e7fd98757]   SYS_munmap(0x7f0e8090d000, 0x2788, 0x7fff9444f110, 1)                                                      = 0
7940 [0x7f0e8049bf15] <... Close_Share_Memory(char const*, void*) resumed> )                                                       = 0
7940 [0x7f0e8049bf37] libnasman.so->Close_Share_Memory(char const*, void*)(0x7f0e804e00a7, 0x7f0e8090c000, 0, -1 <unfinished ...>
7940 [0x7f0e8049bb6e]   libnasman.so->Get_File_Size(char const*, long*)(0x7fff9444f1b0, 0x7fff9444f2d8, 0x7fff9444f1c6, 0 <unfinished ...>
7940 [0x7f0e7fd8f365]     SYS_stat(0x7fff9444f1b0, 0x7fff9444f110, 0x7fff9444f110, 1)                                              = 0
7940 [0x7f0e8049bb6e]   <... Get_File_Size(char const*, long*) resumed> )                                                          = 0
7940 [0x7f0e7fd98757]   SYS_munmap(0x7f0e8090c000, 3536, 0x7fff9444f110, 1)                                                        = 0
7940 [0x7f0e8049bf37] <... Close_Share_Memory(char const*, void*) resumed> )                                                       = 0
7940 [0x7f0e8049bf59] libnasman.so->Close_Share_Memory(char const*, void*)(0x7f0e804e00b5, 0x7f0e8090b000, 0, -1 <unfinished ...>
7940 [0x7f0e8049bb6e]   libnasman.so->Get_File_Size(char const*, long*)(0x7fff9444f1b0, 0x7fff9444f2d8, 0x7fff9444f1c6, 0 <unfinished ...>
7940 [0x7f0e7fd8f365]     SYS_stat(0x7fff9444f1b0, 0x7fff9444f110, 0x7fff9444f110, 1)                                              = 0
7940 [0x7f0e8049bb6e]   <... Get_File_Size(char const*, long*) resumed> )                                                          = 0
7940 [0x7f0e7fd98757]   SYS_munmap(0x7f0e8090b000, 4080, 0x7fff9444f110, 1)                                                        = 0
7940 [0x7f0e8049bf59] <... Close_Share_Memory(char const*, void*) resumed> )                                                       = 0
7940 [0x7f0e7fce9932] libgeneral.so->Trace_Mem_Destroy()(0x7f0e7fa01d40, 0, 0xd108594d02b06d61, 16)                                = 0
7940 [0x7f0e7fd6c468] SYS_exit_group(0, 60, 0, 0x7f0e8004fa48 <no return ...>
7940 [0xffffffffffffffff] +++ exited (status 0) +++
