8653 [0x7f654b70a8aa] SYS_brk(0, 0x7f654b70dfa0, 0, 895)                                                                           = 0x1cc7000
8653 [0x7f654b70b7e7] SYS_readlink(0x7fff74dafb81, 0x7fff74dae180, 4096, 0x756e694c00000000)                                       = -2
8653 [0x7f654b70b677] SYS_open(0x7f654b70f1f3, 0, 0, 0x756e694c00000000)                                                           = 3
8653 [0x7f654b70b7a7] SYS_chdir(0x7f654b916ba8, 0, 0, 0x756e694c00000000)                                                          = -2
8653 [0x7f654b70a9d2] SYS_getcwd(0x7fff74dae180, 4096, 0, 0x756e694c00000000)                                                      = 23
8653 [0x7f654b70b7c7] SYS_fchdir(3, 4096, 0, 0x756e694c00000000)                                                                   = 0
8653 [0x7f654b70b787] SYS_close(3, 4096, 0, 0x756e694c00000000)                                                                    = 0
8653 [0x7f654b70b80a] SYS_mmap(0, 4096, 3, 34)                                                                                     = 0x7f654b913000
8653 [0x7f654b70b6d7] SYS_access(0x7f654b711700, 4, 0x7f654b916718, 0)                                                             = -2
8653 [0x7f654b70b677] SYS_open(0x7f654b70f072, 0x80000, 1, 0)                                                                      = 3
8653 [0x7f654b70b604] SYS_fstat(3, 0x7fff74dad960, 0x7fff74dad960, 0)                                                              = 0
8653 [0x7f654b70b80a] SYS_mmap(0, 0x83b3, 1, 2)                                                                                    = 0x7f654b90a000
8653 [0x7f654b70b787] SYS_close(3, 0x83b3, 1, 2)                                                                                   = 0
8653 [0x7f654b70b677] SYS_open(0x7f654b913640, 0x80000, 0, 56)                                                                     = 3
8653 [0x7f654b70b697] SYS_read(3, 0x7fff74dadae8, 832, 56)                                                                         = 832
8653 [0x7f654b70b604] SYS_fstat(3, 0x7fff74dad9c0, 0x7fff74dad9c0, 16)                                                             = 0
8653 [0x7f654b70b80a] SYS_mmap(0, 0x278960, 5, 2050)                                                                               = 0x7f654b47b000
8653 [0x7f654b70b857] SYS_mprotect(0x7f654b4f1000, 0x200000, 0, 2050)                                                              = 0
8653 [0x7f654b70b80a] SYS_mmap(0x7f654b6f1000, 0x3000, 3, 2066)                                                                    = 0x7f654b6f1000
8653 [0x7f654b70b787] SYS_close(3, 16, 0x7f654b6f13e0, 0x6ffffdff)                                                                 = 0
8653 [0x7f654b70b677] SYS_open(0x7f654b913b10, 0x80000, 0, 0x6ffffdff)                                                             = 3
8653 [0x7f654b70b697] SYS_read(3, 0x7fff74dadab8, 832, 0x6ffffdff)                                                                 = 832
8653 [0x7f654b70b604] SYS_fstat(3, 0x7fff74dad990, 0x7fff74dad990, 16)                                                             = 0
8653 [0x7f654b70b80a] SYS_mmap(0, 0x21bee0, 5, 2050)                                                                               = 0x7f654b25f000
8653 [0x7f654b70b857] SYS_mprotect(0x7f654b27a000, 0x200000, 0, 2050)                                                              = 0
8653 [0x7f654b70b80a] SYS_mmap(0x7f654b47a000, 4096, 3, 2066)                                                                      = 0x7f654b47a000
8653 [0x7f654b70b787] SYS_close(3, 16, 0x7f654b47a208, 0x6ffffdff)                                                                 = 0
8653 [0x7f654b70b677] SYS_open(0x7f654b913fe0, 0x80000, 0, 0x6ffffdff)                                                             = 3
8653 [0x7f654b70b697] SYS_read(3, 0x7fff74dada88, 832, 0x6ffffdff)                                                                 = 832
8653 [0x7f654b70b604] SYS_fstat(3, 0x7fff74dad960, 0x7fff74dad960, 16)                                                             = 0
8653 [0x7f654b70b80a] SYS_mmap(0, 4096, 3, 34)                                                                                     = 0x7f654b909000
8653 [0x7f654b70b80a] SYS_mmap(0, 0x209ad0, 5, 2050)                                                                               = 0x7f654b055000
8653 [0x7f654b70b857] SYS_mprotect(0x7f654b05f000, 0x1ff000, 0, 2050)                                                              = 0
8653 [0x7f654b70b80a] SYS_mmap(0x7f654b25e000, 4096, 3, 2066)                                                                      = 0x7f654b25e000
8653 [0x7f654b70b787] SYS_close(3, 16, 0x7f654b25e690, 0x6ffffdff)                                                                 = 0
8653 [0x7f654b70b677] SYS_open(0x7f654b9094b8, 0x80000, 0, 0x6ffffdff)                                                             = 3
8653 [0x7f654b70b697] SYS_read(3, 0x7fff74dada58, 832, 0x6ffffdff)                                                                 = 832
8653 [0x7f654b70b604] SYS_fstat(3, 0x7fff74dad930, 0x7fff74dad930, 32)                                                             = 0
8653 [0x7f654b70b80a] SYS_mmap(0, 0x39dc40, 5, 2050)                                                                               = 0x7f654acb7000
8653 [0x7f654b70b857] SYS_mprotect(0x7f654ae4b000, 0x200000, 0, 2050)                                                              = 0
8653 [0x7f654b70b80a] SYS_mmap(0x7f654b04b000, 0x6000, 3, 2066)                                                                    = 0x7f654b04b000
8653 [0x7f654b70b80a] SYS_mmap(0x7f654b051000, 0x3c40, 3, 50)                                                                      = 0x7f654b051000
8653 [0x7f654b70b787] SYS_close(3, 16, 0, 0x6ffffdff)                                                                              = 0
8653 [0x7f654b70b677] SYS_open(0x7f654b909988, 0x80000, 0, 0x6ffffdff)                                                             = 3
8653 [0x7f654b70b697] SYS_read(3, 0x7fff74dad908, 832, 0x6ffffdff)                                                                 = 832
8653 [0x7f654b70b604] SYS_fstat(3, 0x7fff74dad7e0, 0x7fff74dad7e0, 16)                                                             = 0
8653 [0x7f654b70b80a] SYS_mmap(0, 0x2b09d0, 5, 2050)                                                                               = 0x7f654aa06000
8653 [0x7f654b70b857] SYS_mprotect(0x7f654aab5000, 0x1ff000, 0, 2050)                                                              = 0
8653 [0x7f654b70b80a] SYS_mmap(0x7f654acb4000, 0x3000, 3, 2066)                                                                    = 0x7f654acb4000
8653 [0x7f654b70b787] SYS_close(3, 16, 0x7f654acb49a8, 0x6ffffdff)                                                                 = 0
8653 [0x7f654b70b677] SYS_open(0x7f654b909e58, 0x80000, 0, 0x6ffffdff)                                                             = 3
8653 [0x7f654b70b697] SYS_read(3, 0x7fff74dad8d8, 832, 0x6ffffdff)                                                                 = 832
8653 [0x7f654b70b604] SYS_fstat(3, 0x7fff74dad7b0, 0x7fff74dad7b0, 16)                                                             = 0
8653 [0x7f654b70b80a] SYS_mmap(0, 4096, 3, 34)                                                                                     = 0x7f654b908000
8653 [0x7f654b70b80a] SYS_mmap(0, 0x294ee0, 5, 2050)                                                                               = 0x7f654a771000
8653 [0x7f654b70b857] SYS_mprotect(0x7f654a803000, 0x1ff000, 0, 2050)                                                              = 0
8653 [0x7f654b70b80a] SYS_mmap(0x7f654aa02000, 0x3000, 3, 2066)                                                                    = 0x7f654aa02000
8653 [0x7f654b70b80a] SYS_mmap(0x7f654aa05000, 3808, 3, 50)                                                                        = 0x7f654aa05000
8653 [0x7f654b70b787] SYS_close(3, 16, 0x7f654aa02e30, 0x6ffffdff)                                                                 = 0
8653 [0x7f654b70b677] SYS_open(0x7f654b9084b8, 0x80000, 0, 0x6ffffdff)                                                             = 3
8653 [0x7f654b70b697] SYS_read(3, 0x7fff74dad8a8, 832, 0x6ffffdff)                                                                 = 832
8653 [0x7f654b70b604] SYS_fstat(3, 0x7fff74dad780, 0x7fff74dad780, 16)                                                             = 0
8653 [0x7f654b70b80a] SYS_mmap(0, 0x29d850, 5, 2050)                                                                               = 0x7f654a4d3000
8653 [0x7f654b70b857] SYS_mprotect(0x7f654a56c000, 0x200000, 0, 2050)                                                              = 0
8653 [0x7f654b70b80a] SYS_mmap(0x7f654a76c000, 0x3000, 3, 2066)                                                                    = 0x7f654a76c000
8653 [0x7f654b70b80a] SYS_mmap(0x7f654a76f000, 6224, 3, 50)                                                                        = 0x7f654a76f000
8653 [0x7f654b70b787] SYS_close(3, 16, 0x7f654a76dcc8, 0x6ffffdff)                                                                 = 0
8653 [0x7f654b70b677] SYS_open(0x7f654b9089a0, 0x80000, 0, 0x6ffffdff)                                                             = 3
8653 [0x7f654b70b697] SYS_read(3, 0x7fff74dad878, 832, 0x6ffffdff)                                                                 = 832
8653 [0x7f654b70b604] SYS_fstat(3, 0x7fff74dad750, 0x7fff74dad750, 16)                                                             = 0
8653 [0x7f654b70b80a] SYS_mmap(0, 0x2dbbb0, 5, 2050)                                                                               = 0x7f654a1f7000
8653 [0x7f654b70b857] SYS_mprotect(0x7f654a2b5000, 0x200000, 0, 2050)                                                              = 0
8653 [0x7f654b70b80a] SYS_mmap(0x7f654a4b5000, 0xa000, 3, 2066)                                                                    = 0x7f654a4b5000
8653 [0x7f654b70b80a] SYS_mmap(0x7f654a4bf000, 0x13bb0, 3, 50)                                                                     = 0x7f654a4bf000
8653 [0x7f654b70b787] SYS_close(3, 16, 0x7f654a4bb4d8, 0x6ffffdff)                                                                 = 0
8653 [0x7f654b70b677] SYS_open(0x7f654b908e70, 0x80000, 0, 0x6ffffdff)                                                             = 3
8653 [0x7f654b70b697] SYS_read(3, 0x7fff74dad848, 832, 0x6ffffdff)                                                                 = 832
8653 [0x7f654b70b604] SYS_fstat(3, 0x7fff74dad720, 0x7fff74dad720, 32)                                                             = 0
8653 [0x7f654b70b80a] SYS_mmap(0, 4096, 3, 34)                                                                                     = 0x7f654b907000
8653 [0x7f654b70b80a] SYS_mmap(0, 0x21c490, 5, 2050)                                                                               = 0x7f6549fda000
8653 [0x7f654b70b857] SYS_mprotect(0x7f6549ff2000, 0x1ff000, 0, 2050)                                                              = 0
8653 [0x7f654b70b80a] SYS_mmap(0x7f654a1f1000, 8192, 3, 2066)                                                                      = 0x7f654a1f1000
8653 [0x7f654b70b80a] SYS_mmap(0x7f654a1f3000, 0x3490, 3, 50)                                                                      = 0x7f654a1f3000
8653 [0x7f654b70b787] SYS_close(3, 16, 0, 0x6ffffdff)                                                                              = 0
8653 [0x7f654b70b677] SYS_open(0x7f654b9074b8, 0x80000, 0, 0x6ffffdff)                                                             = 3
8653 [0x7f654b70b697] SYS_read(3, 0x7fff74dad818, 832, 0x6ffffdff)                                                                 = 832
8653 [0x7f654b70b604] SYS_fstat(3, 0x7fff74dad6f0, 0x7fff74dad6f0, 32)                                                             = 0
8653 [0x7f654b70b80a] SYS_mmap(0, 0x207bc0, 5, 2050)                                                                               = 0x7f6549dd2000
8653 [0x7f654b70b857] SYS_mprotect(0x7f6549dd9000, 0x1ff000, 0, 2050)                                                              = 0
8653 [0x7f654b70b80a] SYS_mmap(0x7f6549fd8000, 8192, 3, 2066)                                                                      = 0x7f6549fd8000
8653 [0x7f654b70b787] SYS_close(3, 16, 0, 0x6ffffdff)                                                                              = 0
8653 [0x7f654b70b677] SYS_open(0x7f654b907988, 0x80000, 0, 0x6ffffdff)                                                             = 3
8653 [0x7f654b70b697] SYS_read(3, 0x7fff74dad7e8, 832, 0x6ffffdff)                                                                 = 832
8653 [0x7f654b70b604] SYS_fstat(3, 0x7fff74dad6c0, 0x7fff74dad6c0, 16)                                                             = 0
8653 [0x7f654b70b80a] SYS_mmap(0, 0x202e20, 5, 2050)                                                                               = 0x7f6549bcf000
8653 [0x7f654b70b857] SYS_mprotect(0x7f6549bd2000, 0x1ff000, 0, 2050)                                                              = 0
8653 [0x7f654b70b80a] SYS_mmap(0x7f6549dd1000, 4096, 3, 2066)                                                                      = 0x7f6549dd1000
8653 [0x7f654b70b787] SYS_close(3, 16, 0x7f6549dd1c28, 0x6ffffdff)                                                                 = 0
8653 [0x7f654b70b677] SYS_open(0x7f654b907e58, 0x80000, 0, 0x6ffffdff)                                                             = 3
8653 [0x7f654b70b697] SYS_read(3, 0x7fff74dad7b8, 832, 0x6ffffdff)                                                                 = 832
8653 [0x7f654b70b604] SYS_fstat(3, 0x7fff74dad690, 0x7fff74dad690, 16)                                                             = 0
8653 [0x7f654b70b80a] SYS_mmap(0, 4096, 3, 34)                                                                                     = 0x7f654b906000
8653 [0x7f654b70b80a] SYS_mmap(0, 0x209850, 5, 2050)                                                                               = 0x7f65499c5000
8653 [0x7f654b70b857] SYS_mprotect(0x7f65499cf000, 0x1ff000, 0, 2050)                                                              = 0
8653 [0x7f654b70b80a] SYS_mmap(0x7f6549bce000, 4096, 3, 2066)                                                                      = 0x7f6549bce000
8653 [0x7f654b70b787] SYS_close(3, 16, 0x7f6549bce618, 0x6ffffdff)                                                                 = 0
8653 [0x7f654b70b677] SYS_open(0x7f654b9064b8, 0x80000, 0, 0x6ffffdff)                                                             = 3
8653 [0x7f654b70b697] SYS_read(3, 0x7fff74dad788, 832, 0x6ffffdff)                                                                 = 832
8653 [0x7f654b70b604] SYS_fstat(3, 0x7fff74dad660, 0x7fff74dad660, 16)                                                             = 0
8653 [0x7f654b70b80a] SYS_mmap(0, 0x210868, 5, 2050)                                                                               = 0x7f65497b4000
8653 [0x7f654b70b857] SYS_mprotect(0x7f65497c5000, 0x1ff000, 0, 2050)                                                              = 0
8653 [0x7f654b70b80a] SYS_mmap(0x7f65499c4000, 4096, 3, 2066)                                                                      = 0x7f65499c4000
8653 [0x7f654b70b787] SYS_close(3, 16, 0x7f65499c4408, 0x6ffffdff)                                                                 = 0
8653 [0x7f654b70b677] SYS_open(0x7f654b906a40, 0x80000, 0, 0x7f654b9079a0)                                                         = 3
8653 [0x7f654b70b697] SYS_read(3, 0x7fff74dad628, 832, 0x7f654b9079a0)                                                             = 832
8653 [0x7f654b70b604] SYS_fstat(3, 0x7fff74dad500, 0x7fff74dad500, 16)                                                             = 0
8653 [0x7f654b70b80a] SYS_mmap(0, 0x2032c8, 5, 2050)                                                                               = 0x7f65495b0000
8653 [0x7f654b70b857] SYS_mprotect(0x7f65495b3000, 0x200000, 0, 2050)                                                              = 0
8653 [0x7f654b70b80a] SYS_mmap(0x7f65497b3000, 4096, 3, 2066)                                                                      = 0x7f65497b3000
8653 [0x7f654b70b787] SYS_close(3, 16, 0x7f65497b3188, 0x6ffffdff)                                                                 = 0
8653 [0x7f654b70b677] SYS_open(0x7f654b906f28, 0x80000, 0, 0x6ffffdff)                                                             = 3
8653 [0x7f654b70b697] SYS_read(3, 0x7fff74dad5f8, 832, 0x6ffffdff)                                                                 = 832
8653 [0x7f654b70b604] SYS_fstat(3, 0x7fff74dad4d0, 0x7fff74dad4d0, 16)                                                             = 0
8653 [0x7f654b70b80a] SYS_mmap(0, 4096, 3, 34)                                                                                     = 0x7f654b905000
8653 [0x7f654b70b80a] SYS_mmap(0, 0x207820, 5, 2050)                                                                               = 0x7f65493a8000
8653 [0x7f654b70b857] SYS_mprotect(0x7f65493af000, 0x200000, 0, 2050)                                                              = 0
8653 [0x7f654b70b80a] SYS_mmap(0x7f65495af000, 4096, 3, 2066)                                                                      = 0x7f65495af000
8653 [0x7f654b70b787] SYS_close(3, 16, 0x7f65495af188, 0x6ffffdff)                                                                 = 0
8653 [0x7f654b70b677] SYS_open(0x7f654b9054c8, 0x80000, 0, 0x6ffffdff)                                                             = 3
8653 [0x7f654b70b697] SYS_read(3, 0x7fff74dad5c8, 832, 0x6ffffdff)                                                                 = 832
8653 [0x7f654b70b604] SYS_fstat(3, 0x7fff74dad4a0, 0x7fff74dad4a0, 16)                                                             = 0
8653 [0x7f654b70b80a] SYS_mmap(0, 0x201f30, 5, 2050)                                                                               = 0x7f65491a6000
8653 [0x7f654b70b857] SYS_mprotect(0x7f65491a8000, 0x1ff000, 0, 2050)                                                              = 0
8653 [0x7f654b70b80a] SYS_mmap(0x7f65493a7000, 4096, 3, 2066)                                                                      = 0x7f65493a7000
8653 [0x7f654b70b787] SYS_close(3, 16, 0x7f65493a7e18, 0x6ffffdff)                                                                 = 0
8653 [0x7f654b70b677] SYS_open(0x7f654b905a60, 0x80000, 0, 0x7f654b9094d0)                                                         = 3
8653 [0x7f654b70b697] SYS_read(3, 0x7fff74dad598, 832, 0x7f654b9094d0)                                                             = 832
8653 [0x7f654b70b604] SYS_fstat(3, 0x7fff74dad470, 0x7fff74dad470, 16)                                                             = 0
8653 [0x7f654b70b80a] SYS_mmap(0, 0x2022e8, 5, 2050)                                                                               = 0x7f6548fa3000
8653 [0x7f654b70b857] SYS_mprotect(0x7f6548fa5000, 0x200000, 0, 2050)                                                              = 0
8653 [0x7f654b70b80a] SYS_mmap(0x7f65491a5000, 4096, 3, 2066)                                                                      = 0x7f65491a5000
8653 [0x7f654b70b787] SYS_close(3, 16, 0x7f65491a5198, 0x6ffffdff)                                                                 = 0
8653 [0x7f654b70b677] SYS_open(0x7f654b905f40, 0x80000, 0, 0x6ffffdff)                                                             = 3
8653 [0x7f654b70b697] SYS_read(3, 0x7fff74dad568, 832, 0x6ffffdff)                                                                 = 832
8653 [0x7f654b70b604] SYS_fstat(3, 0x7fff74dad440, 0x7fff74dad440, 16)                                                             = 0
8653 [0x7f654b70b80a] SYS_mmap(0, 4096, 3, 34)                                                                                     = 0x7f654b904000
8653 [0x7f654b70b80a] SYS_mmap(0, 0x201f30, 5, 2050)                                                                               = 0x7f6548da1000
8653 [0x7f654b70b857] SYS_mprotect(0x7f6548da3000, 0x1ff000, 0, 2050)                                                              = 0
8653 [0x7f654b70b80a] SYS_mmap(0x7f6548fa2000, 4096, 3, 2066)                                                                      = 0x7f6548fa2000
8653 [0x7f654b70b787] SYS_close(3, 16, 0x7f6548fa2e18, 0x6ffffdff)                                                                 = 0
8653 [0x7f654b70b677] SYS_open(0x7f654b9044c0, 0x80000, 0, 0x6ffffdff)                                                             = 3
8653 [0x7f654b70b697] SYS_read(3, 0x7fff74dad538, 832, 0x6ffffdff)                                                                 = 832
8653 [0x7f654b70b604] SYS_fstat(3, 0x7fff74dad410, 0x7fff74dad410, 16)                                                             = 0
8653 [0x7f654b70b80a] SYS_mmap(0, 0x2038b8, 5, 2050)                                                                               = 0x7f6548b9d000
8653 [0x7f654b70b857] SYS_mprotect(0x7f6548ba1000, 0x1ff000, 0, 2050)                                                              = 0
8653 [0x7f654b70b80a] SYS_mmap(0x7f6548da0000, 4096, 3, 2066)                                                                      = 0x7f6548da0000
8653 [0x7f654b70b787] SYS_close(3, 16, 0x7f6548da0748, 0x6ffffdff)                                                                 = 0
8653 [0x7f654b70b677] SYS_open(0x7f654b904a60, 0x80000, 0, 0x7f654b907000)                                                         = 3
8653 [0x7f654b70b697] SYS_read(3, 0x7fff74dad4d8, 832, 0x7f654b907000)                                                             = 832
8653 [0x7f654b70b604] SYS_fstat(3, 0x7fff74dad3b0, 0x7fff74dad3b0, 16)                                                             = 0
8653 [0x7f654b70b80a] SYS_mmap(0, 0x210848, 5, 2050)                                                                               = 0x7f654898c000
8653 [0x7f654b70b857] SYS_mprotect(0x7f654899c000, 0x1ff000, 0, 2050)                                                              = 0
8653 [0x7f654b70b80a] SYS_mmap(0x7f6548b9b000, 8192, 3, 2066)                                                                      = 0x7f6548b9b000
8653 [0x7f654b70b787] SYS_close(3, 16, 0x7f6548b9bd90, 0x6ffffdff)                                                                 = 0
8653 [0x7f654b70b677] SYS_open(0x7f654b904f48, 0x80000, 0, 0x6ffffdff)                                                             = 3
8653 [0x7f654b70b697] SYS_read(3, 0x7fff74dad4a8, 832, 0x6ffffdff)                                                                 = 832
8653 [0x7f654b70b604] SYS_fstat(3, 0x7fff74dad380, 0x7fff74dad380, 16)                                                             = 0
8653 [0x7f654b70b80a] SYS_mmap(0, 4096, 3, 34)                                                                                     = 0x7f654b903000
8653 [0x7f654b70b80a] SYS_mmap(0, 0x20acf0, 5, 2050)                                                                               = 0x7f6548781000
8653 [0x7f654b70b857] SYS_mprotect(0x7f654878c000, 0x1ff000, 0, 2050)                                                              = 0
8653 [0x7f654b70b80a] SYS_mmap(0x7f654898b000, 4096, 3, 2066)                                                                      = 0x7f654898b000
8653 [0x7f654b70b787] SYS_close(3, 16, 0x7f654898b750, 0x6ffffdff)                                                                 = 0
8653 [0x7f654b70b677] SYS_open(0x7f654b903560, 0x80000, 0, 0x7f654b907000)                                                         = 3
8653 [0x7f654b70b697] SYS_read(3, 0x7fff74dad478, 832, 0x7f654b907000)                                                             = 832
8653 [0x7f654b70b604] SYS_fstat(3, 0x7fff74dad350, 0x7fff74dad350, 32)                                                             = 0
8653 [0x7f654b70b80a] SYS_mmap(0, 0x2361e0, 5, 2050)                                                                               = 0x7f654854a000
8653 [0x7f654b70b857] SYS_mprotect(0x7f6548552000, 0x1ff000, 0, 2050)                                                              = 0
8653 [0x7f654b70b80a] SYS_mmap(0x7f6548751000, 8192, 3, 2066)                                                                      = 0x7f6548751000
8653 [0x7f654b70b80a] SYS_mmap(0x7f6548753000, 0x2d1e0, 3, 50)                                                                     = 0x7f6548753000
8653 [0x7f654b70b787] SYS_close(3, 16, 0, 0x6ffffdff)                                                                              = 0
8653 [0x7f654b70b677] SYS_open(0x7f654b903a30, 0x80000, 0, 0x6ffffdff)                                                             = 3
8653 [0x7f654b70b697] SYS_read(3, 0x7fff74dad448, 832, 0x6ffffdff)                                                                 = 832
8653 [0x7f654b70b604] SYS_fstat(3, 0x7fff74dad320, 0x7fff74dad320, 16)                                                             = 0
8653 [0x7f654b70b80a] SYS_mmap(0, 0x43fe88, 5, 2050)                                                                               = 0x7f654810a000
8653 [0x7f654b70b857] SYS_mprotect(0x7f654831f000, 0x200000, 0, 2050)                                                              = 0
8653 [0x7f654b70b80a] SYS_mmap(0x7f654851f000, 0x27000, 3, 2066)                                                                   = 0x7f654851f000
8653 [0x7f654b70b80a] SYS_mmap(0x7f6548546000, 0x3e88, 3, 50)                                                                      = 0x7f6548546000
8653 [0x7f654b70b857] SYS_mprotect(0x7fff74daf000, 4096, 0x1000007, 4)                                                             = 0
8653 [0x7f654b70b787] SYS_close(3, 4096, 0x1000007, 4)                                                                             = 0
8653 [0x7f654b70b677] SYS_open(0x7f654b903fb0, 0x80000, 0, 0x7f654b9064d0)                                                         = 3
8653 [0x7f654b70b697] SYS_read(3, 0x7fff74dad418, 832, 0x7f654b9064d0)                                                             = 832
8653 [0x7f654b70b604] SYS_fstat(3, 0x7fff74dad2f0, 0x7fff74dad2f0, 16)                                                             = 0
8653 [0x7f654b70b80a] SYS_mmap(0, 4096, 3, 34)                                                                                     = 0x7f654b902000
8653 [0x7f654b70b80a] SYS_mmap(0, 0x215730, 5, 2050)                                                                               = 0x7f6547ef4000
8653 [0x7f654b70b857] SYS_mprotect(0x7f6547f0a000, 0x1ff000, 0, 2050)                                                              = 0
8653 [0x7f654b70b80a] SYS_mmap(0x7f6548109000, 4096, 3, 2066)                                                                      = 0x7f6548109000
8653 [0x7f654b70b787] SYS_close(3, 16, 0x7f6548109490, 0x6ffffdff)                                                                 = 0
8653 [0x7f654b70b677] SYS_open(0x7f654b9024f0, 0x80000, 0, 0x6ffffdff)                                                             = 3
8653 [0x7f654b70b697] SYS_read(3, 0x7fff74dad3e8, 832, 0x6ffffdff)                                                                 = 832
8653 [0x7f654b70b604] SYS_fstat(3, 0x7fff74dad2c0, 0x7fff74dad2c0, 32)                                                             = 0
8653 [0x7f654b70b80a] SYS_mmap(0, 0x2fd148, 5, 2050)                                                                               = 0x7f6547bf6000
8653 [0x7f654b70b857] SYS_mprotect(0x7f6547cf3000, 0x1ff000, 0, 2050)                                                              = 0
8653 [0x7f654b70b80a] SYS_mmap(0x7f6547ef2000, 8192, 3, 2066)                                                                      = 0x7f6547ef2000
8653 [0x7f654b70b787] SYS_close(3, 16, 0, 0x6ffffdff)                                                                              = 0
8653 [0x7f654b70b677] SYS_open(0x7fff74dad1b0, 0x80000, 0, 0x36782f39325f3130)                                                     = -2
8653 [0x7f654b70b5c5] SYS_stat(0x7fff74dad1b0, 0x7fff74dad290, 0x7fff74dad290, 0x36782f39325f3130)                                 = -2
8653 [0x7f654b70b677] SYS_open(0x7fff74dad1b0, 0x80000, 0, 0x36782f39325f3130)                                                     = -2
8653 [0x7f654b70b5c5] SYS_stat(0x7fff74dad1b0, 0x7fff74dad290, 0x7fff74dad290, 0x36782f39325f3130)                                 = -2
8653 [0x7f654b70b677] SYS_open(0x7fff74dad1b0, 0x80000, 0, 0x36782f39325f3130)                                                     = -2
8653 [0x7f654b70b5c5] SYS_stat(0x7fff74dad1b0, 0x7fff74dad290, 0x7fff74dad290, 0x36782f39325f3130)                                 = -2
8653 [0x7f654b70b677] SYS_open(0x7fff74dad1b0, 0x80000, 0, 0x36782f39325f3130)                                                     = -2
8653 [0x7f654b70b5c5] SYS_stat(0x7fff74dad1b0, 0x7fff74dad290, 0x7fff74dad290, 0x36782f39325f3130)                                 = -2
8653 [0x7f654b70b677] SYS_open(0x7f654b902dd0, 0x80000, 0, 0x36782f39325f3130)                                                     = 3
8653 [0x7f654b70b697] SYS_read(3, 0x7fff74dad3b8, 832, 0x36782f39325f3130)                                                         = 832
8653 [0x7f654b70b604] SYS_fstat(3, 0x7fff74dad290, 0x7fff74dad290, 16)                                                             = 0
8653 [0x7f654b70b80a] SYS_mmap(0, 4096, 3, 34)                                                                                     = 0x7f654b901000
8653 [0x7f654b70b80a] SYS_mmap(0, 0x2f8980, 5, 2050)                                                                               = 0x7f65478fd000
8653 [0x7f654b70b857] SYS_mprotect(0x7f65479f4000, 0x200000, 0, 2050)                                                              = 0
8653 [0x7f654b70b80a] SYS_mmap(0x7f6547bf4000, 8192, 3, 2066)                                                                      = 0x7f6547bf4000
8653 [0x7f654b70b787] SYS_close(3, 16, 0x7f6547bf43a0, 0x6ffffdff)                                                                 = 0
8653 [0x7f654b70b677] SYS_open(0x7f654b9014c8, 0x80000, 0, 0x6ffffdff)                                                             = 3
8653 [0x7f654b70b697] SYS_read(3, 0x7fff74dad388, 832, 0x6ffffdff)                                                                 = 832
8653 [0x7f654b70b604] SYS_fstat(3, 0x7fff74dad260, 0x7fff74dad260, 16)                                                             = 0
8653 [0x7f654b70b80a] SYS_mmap(0, 0x2fc9d8, 5, 2050)                                                                               = 0x7f6547600000
8653 [0x7f654b70b857] SYS_mprotect(0x7f65476fb000, 0x200000, 0, 2050)                                                              = 0
8653 [0x7f654b70b80a] SYS_mmap(0x7f65478fb000, 8192, 3, 2066)                                                                      = 0x7f65478fb000
8653 [0x7f654b70b787] SYS_close(3, 16, 0x7f65478fc828, 0x6ffffdff)                                                                 = 0
8653 [0x7f654b70b677] SYS_open(0x7f654b901998, 0x80000, 0, 0x6ffffdff)                                                             = 3
8653 [0x7f654b70b697] SYS_read(3, 0x7fff74dad358, 832, 0x6ffffdff)                                                                 = 832
8653 [0x7f654b70b604] SYS_fstat(3, 0x7fff74dad230, 0x7fff74dad230, 16)                                                             = 0
8653 [0x7f654b70b80a] SYS_mmap(0, 0x242830, 5, 2050)                                                                               = 0x7f65473bd000
8653 [0x7f654b70b857] SYS_mprotect(0x7f6547400000, 0x1ff000, 0, 2050)                                                              = 0
8653 [0x7f654b70b80a] SYS_mmap(0x7f65475ff000, 4096, 3, 2066)                                                                      = 0x7f65475ff000
8653 [0x7f654b70b787] SYS_close(3, 16, 0x7f65475ff630, 0x6ffffdff)                                                                 = 0
8653 [0x7f654b70b677] SYS_open(0x7f654b901f70, 0x80000, 0, 0x7f654b9089b8)                                                         = 3
8653 [0x7f654b70b697] SYS_read(3, 0x7fff74dad328, 832, 0x7f654b9089b8)                                                             = 832
8653 [0x7f654b70b604] SYS_fstat(3, 0x7fff74dad200, 0x7fff74dad200, 32)                                                             = 0
8653 [0x7f654b70b80a] SYS_mmap(0, 4096, 3, 34)                                                                                     = 0x7f654b900000
8653 [0x7f654b70b80a] SYS_mmap(0, 0x203118, 5, 2050)                                                                               = 0x7f65471b9000
8653 [0x7f654b70b857] SYS_mprotect(0x7f65471bb000, 0x200000, 0, 2050)                                                              = 0
8653 [0x7f654b70b80a] SYS_mmap(0x7f65473bb000, 8192, 3, 2066)                                                                      = 0x7f65473bb000
8653 [0x7f654b70b787] SYS_close(3, 16, 0x7f65473bbf40, 0x6ffffdff)                                                                 = 0
8653 [0x7f654b70b80a] SYS_mmap(0, 4096, 3, 34)                                                                                     = 0x7f654b8ff000
8653 [0x7f654b70b80a] SYS_mmap(0, 4096, 3, 34)                                                                                     = 0x7f654b8fe000
8653 [0x7f654b70b80a] SYS_mmap(0, 8192, 3, 34)                                                                                     = 0x7f654b8fc000
8653 [0x7f654b6f5044] SYS_arch_prctl(4098, 0x7f654b8fc780, 0x7f654b8fd080, 34)                                                     = 0
8653 [0x7f654b70b857] SYS_mprotect(0x7f654b04b000, 0x4000, 1, 1)                                                                   = 0
8653 [0x7f654b70b857] SYS_mprotect(0x7f65473bb000, 4096, 1, 0x7f65471b9c68)                                                        = 0
8653 [0x7f654b70b857] SYS_mprotect(0x7f654a1f1000, 4096, 1, 0x7f6549fdf500)                                                        = 0
8653 [0x7f654b70b857] SYS_mprotect(0x7f6547ef2000, 4096, 1, 1)                                                                     = 0
8653 [0x7f654b70b857] SYS_mprotect(0x7f6548751000, 4096, 1, 0x7f654854aa00)                                                        = 0
8653 [0x7f654b70b857] SYS_mprotect(0x7f654a4b5000, 0x7000, 1, 0x7f654a24f810)                                                      = 0
8653 [0x7f654b70b857] SYS_mprotect(0x7f6549fd8000, 4096, 1, 0x7f6549dd3d58)                                                        = 0
8653 [0x7f654b70b857] SYS_mprotect(0x7f654b914000, 4096, 1, 0)                                                                     = 0
8653 [0x7f654b70b837] SYS_munmap(0x7f654b90a000, 0x83b3, 0x6ca00, 0)                                                               = 0
8653 [0x7f6549fe0e92] SYS_set_tid_address(0x7f654b8fca50, 0x7fff74daf318, 0x7f654b8fc780, 0)                                       = 8653
8653 [0x7f6549fe0efa] SYS_set_robust_list(0x7f654b8fca60, 24, 0x7f654b8fc780, 0)                                                   = 0
8653 [0x7f6549feacf5] SYS_rt_sigaction(32, 0x7fff74daf068, 0, 8)                                                                   = 0
8653 [0x7f6549feacf5] SYS_rt_sigaction(33, 0x7fff74daf068, 0, 8)                                                                   = 0
8653 [0x7f6549fe0fd6] SYS_rt_sigprocmask(1, 0x7fff74daf1b8, 0, 8)                                                                  = 0
8653 [0x7f654ad97b17] SYS_getrlimit(3, 0x7fff74daf250, 63, 1)                                                                      = 0
8653 [0x7f6549fe0b95] SYS_futex(0x7f654a4bf7e0, 129, 0x7fffffff, 0)                                                                = 0
8653 [0x4009e1] ledctrl->Hal_Led_Set_Mode(4, 5, 0x7f654ae05c60, 0 <unfinished ...>
8653 [0x7f654b05b575]   libnhal.so->Hal_Lookup_Hardware_Info(0x7fff74daf040, 5, 0x7f654ae05c60, 0 <unfinished ...>
8653 [0x7f654ad92557]     SYS_statfs(0x7f6549fed1e8, 0x7fff74daee30, 0x7f654a1f6310, 1)                                            = 0
8653 [0x7f6549fe0b95]     SYS_futex(0x7f654a1f6310, 129, 0x7fffffff, 0)                                                            = 0
8653 [0x7f654ad927e0]     SYS_open(0x7fff74daef40, 0xa0002, 484, 1)                                                                = 3
8653 [0x7f654ad9b72a]     SYS_mmap(0, 220, 3, 1)                                                                                   = 0x7f654b912000
8653 [0x7f654ad93070]     SYS_close(3, 220, 3, 1)                                                                                  = 0
8653 [0x7f654b05a7f0]     libnhal.so->Hw_Semaphore_Init(0x7fff74daeff0, 0x7f654b05d287, 1, -1 <unfinished ...>
8653 [0x7f654ad92405]       SYS_lstat(0x7fff74daeea0, 0x7fff74daedb0, 0x7fff74daedb0, 0)                                           = -2
8653 [0x7f6549fea510]       SYS_open(0x7fff74daeea0, 194, 600, 0)                                                                  = 3
8653 [0x7f6549fe9da0]       SYS_write(3, 0x7fff74daef20, 32, 0)                                                                    = 32
8653 [0x7f654ad9b72a]       SYS_mmap(0, 32, 3, 1)                                                                                  = 0x7f654b911000
8653 [0x7f654ad941a7]       SYS_link(0x7fff74daeea0, 0x7fff74daeed0, 3, 1)                                                         = -17
8653 [0x7f654ad9b757]       SYS_munmap(0x7f654b911000, 32, 3, 1)                                                                   = 0
8653 [0x7f654ad942c7]       SYS_unlink(0x7fff74daeea0, 32, 3, 1)                                                                   = 0
8653 [0x7f6549fe9e60]       SYS_close(3, 32, 3, 1)                                                                                 = 0
8653 [0x7f6549fea510]       SYS_open(0x7fff74daeed0, 0x20002, 18, 1)                                                               = 3
8653 [0x7f654ad923b4]       SYS_fstat(3, 0x7fff74daee00, 0x7fff74daee00, 1)                                                        = 0
8653 [0x7f654ad97f5a]       SYS_brk(0, 0x7f654b04f640, 0, -4096)                                                                   = 0x1cc7000
8653 [0x7f654ad97f5a]       SYS_brk(0x1ce8000, 0x1cc7000, 0x1ce8000, -4096)                                                        = 0x1ce8000
8653 [0x7f654ad9b72a]       SYS_mmap(0, 32, 3, 1)                                                                                  = 0x7f654b911000
8653 [0x7f6549fe9e60]       SYS_close(3, 32, 0, 3)                                                                                 = 0
8653 [0x7f654b05a7f0]     <... Hw_Semaphore_Init resumed> )                                                                        = 17
8653 [0x7f654b05a800]     libnhal.so->Hw_Semaphore_Lock(0x7fff74daeff0, 32, 0x7f654b911000, -1)                                    = 0
8653 [0x7f654b05a918]     libnhal.so->Hw_Semaphore_Unlock(0x7fff74daeff0, 2, 0x7f654b912000, 0)                                    = 0
8653 [0x7f654b05a924]     libnhal.so->Hw_Semaphore_Release(0x7fff74daeff0, 128, 0, 0 <unfinished ...>
8653 [0x7f654ad9b757]       SYS_munmap(0x7f654b911000, 32, 0, 1)                                                                   = 0
8653 [0x7f654b05a924]     <... Hw_Semaphore_Release resumed> )                                                                     = 0
8653 [0x7f654b05b575]   <... Hal_Lookup_Hardware_Info resumed> )                                                                   = 0
8653 [0x7f654b05ba1f]   libnhal.so->It87_Set_Led_Blinking(0, 1, 0, -7216 <unfinished ...>
8653 [0x7f65493abb6d]     libgeneraldrv.so->Hw_Semaphore_Init(0x7fff74daefd0, 0x7f65493ae012, 1, 0 <unfinished ...>
8653 [0x7f654ad92405]       SYS_lstat(0x7fff74daee70, 0x7fff74daed80, 0x7fff74daed80, 0)                                           = -2
8653 [0x7f6549fea510]       SYS_open(0x7fff74daee70, 194, 600, 0)                                                                  = 3
8653 [0x7f6549fe9da0]       SYS_write(3, 0x7fff74daeef0, 32, 0)                                                                    = 32
8653 [0x7f654ad9b72a]       SYS_mmap(0, 32, 3, 1)                                                                                  = 0x7f654b911000
8653 [0x7f654ad941a7]       SYS_link(0x7fff74daee70, 0x7fff74daeea0, 3, 1)                                                         = -17
8653 [0x7f654ad9b757]       SYS_munmap(0x7f654b911000, 32, 3, 1)                                                                   = 0
8653 [0x7f654ad942c7]       SYS_unlink(0x7fff74daee70, 32, 3, 1)                                                                   = 0
8653 [0x7f6549fe9e60]       SYS_close(3, 32, 3, 1)                                                                                 = 0
8653 [0x7f6549fea510]       SYS_open(0x7fff74daeea0, 0x20002, 20, 1)                                                               = 3
8653 [0x7f654ad923b4]       SYS_fstat(3, 0x7fff74daedd0, 0x7fff74daedd0, 1)                                                        = 0
8653 [0x7f654ad9b72a]       SYS_mmap(0, 32, 3, 1)                                                                                  = 0x7f654b911000
8653 [0x7f6549fe9e60]       SYS_close(3, 32, 0, 1)                                                                                 = 0
8653 [0x7f65493abb6d]     <... Hw_Semaphore_Init resumed> )                                                                        = 17
8653 [0x7f65493abb7d]     libgeneraldrv.so->Hw_Semaphore_Lock(0x7fff74daefd0, 32, 0x7f654b911000, -1)                              = 0
8653 [0x7f654ad9f6b7]     SYS_ioperm(46, 1, 1, 1)                                                                                  = 0
8653 [0x7f654ad9f6b7]     SYS_ioperm(46, 1, 0, 1)                                                                                  = 0
8653 [0x7f654ad9f6b7]     SYS_ioperm(235, 1, 1, 1)                                                                                 = 0
8653 [0x7f654ad9f6b7]     SYS_ioperm(235, 1, 0, 1)                                                                                 = 0
8653 [0x7f654ad9f6b7]     SYS_ioperm(46, 1, 1, 1)                                                                                  = 0
8653 [0x7f654ad9f6b7]     SYS_ioperm(46, 1, 0, 1)                                                                                  = 0
8653 [0x7f654ad9f6b7]     SYS_ioperm(235, 1, 1, 1)                                                                                 = 0
8653 [0x7f654ad9f6b7]     SYS_ioperm(235, 1, 0, 1)                                                                                 = 0
8653 [0x7f654ad9f6b7]     SYS_ioperm(46, 1, 1, 1)                                                                                  = 0
8653 [0x7f654ad9f6b7]     SYS_ioperm(46, 1, 0, 1)                                                                                  = 0
8653 [0x7f654ad9f6b7]     SYS_ioperm(235, 1, 1, 1)                                                                                 = 0
8653 [0x7f654ad9f6b7]     SYS_ioperm(235, 1, 0, 1)                                                                                 = 0
8653 [0x7f654ad9f6b7]     SYS_ioperm(46, 1, 1, 1)                                                                                  = 0
8653 [0x7f654ad9f6b7]     SYS_ioperm(46, 1, 0, 1)                                                                                  = 0
8653 [0x7f654ad9f6b7]     SYS_ioperm(235, 1, 1, 1)                                                                                 = 0
8653 [0x7f654ad9f6b7]     SYS_ioperm(235, 1, 0, 1)                                                                                 = 0
8653 [0x7f654ad9f6b7]     SYS_ioperm(46, 1, 1, 1)                                                                                  = 0
8653 [0x7f654ad9f6b7]     SYS_ioperm(46, 1, 0, 1)                                                                                  = 0
8653 [0x7f654ad9f6b7]     SYS_ioperm(235, 1, 1, 1)                                                                                 = 0
8653 [0x7f654ad9f6b7]     SYS_ioperm(235, 1, 0, 1)                                                                                 = 0
8653 [0x7f654ad9f6b7]     SYS_ioperm(47, 1, 1, 1)                                                                                  = 0
8653 [0x7f654ad9f6b7]     SYS_ioperm(47, 1, 0, 1)                                                                                  = 0
8653 [0x7f654ad9f6b7]     SYS_ioperm(235, 1, 1, 1)                                                                                 = 0
8653 [0x7f654ad9f6b7]     SYS_ioperm(235, 1, 0, 1)                                                                                 = 0
8653 [0x7f654ad9f6b7]     SYS_ioperm(46, 1, 1, 1)                                                                                  = 0
8653 [0x7f654ad9f6b7]     SYS_ioperm(46, 1, 0, 1)                                                                                  = 0
8653 [0x7f654ad9f6b7]     SYS_ioperm(235, 1, 1, 1)                                                                                 = 0
8653 [0x7f654ad9f6b7]     SYS_ioperm(235, 1, 0, 1)                                                                                 = 0
8653 [0x7f654ad9f6b7]     SYS_ioperm(47, 1, 1, 1)                                                                                  = 0
8653 [0x7f654ad9f6b7]     SYS_ioperm(47, 1, 0, 1)                                                                                  = 0
8653 [0x7f654ad9f6b7]     SYS_ioperm(235, 1, 1, 1)                                                                                 = 0
8653 [0x7f654ad9f6b7]     SYS_ioperm(235, 1, 0, 1)                                                                                 = 0
8653 [0x7f654ad9f6b7]     SYS_ioperm(46, 1, 1, 1)                                                                                  = 0
8653 [0x7f654ad9f6b7]     SYS_ioperm(46, 1, 0, 1)                                                                                  = 0
8653 [0x7f654ad9f6b7]     SYS_ioperm(235, 1, 1, 1)                                                                                 = 0
8653 [0x7f654ad9f6b7]     SYS_ioperm(235, 1, 0, 1)                                                                                 = 0
8653 [0x7f654ad9f6b7]     SYS_ioperm(47, 1, 1, 1)                                                                                  = 0
8653 [0x7f654ad9f6b7]     SYS_ioperm(47, 1, 0, 1)                                                                                  = 0
8653 [0x7f654ad9f6b7]     SYS_ioperm(235, 1, 1, 1)                                                                                 = 0
8653 [0x7f654ad9f6b7]     SYS_ioperm(235, 1, 0, 1)                                                                                 = 0
8653 [0x7f654ad9f6b7]     SYS_ioperm(46, 1, 1, 1)                                                                                  = 0
8653 [0x7f654ad9f6b7]     SYS_ioperm(46, 1, 0, 1)                                                                                  = 0
8653 [0x7f654ad9f6b7]     SYS_ioperm(235, 1, 1, 1)                                                                                 = 0
8653 [0x7f654ad9f6b7]     SYS_ioperm(235, 1, 0, 1)                                                                                 = 0
8653 [0x7f654ad9f6b7]     SYS_ioperm(47, 1, 1, 1)                                                                                  = 0
8653 [0x7f654ad9f6b7]     SYS_ioperm(47, 1, 0, 1)                                                                                  = 0
8653 [0x7f654ad9f6b7]     SYS_ioperm(235, 1, 1, 1)                                                                                 = 0
8653 [0x7f654ad9f6b7]     SYS_ioperm(235, 1, 0, 1)                                                                                 = 0
8653 [0x7f654ad9f6b7]     SYS_ioperm(1733, 1, 1, 1)                                                                                = 0
8653 [0x7f654ad9f6b7]     SYS_ioperm(1733, 1, 0, 1)                                                                                = 0
8653 [0x7f654ad9f6b7]     SYS_ioperm(235, 1, 1, 1)                                                                                 = 0
8653 [0x7f654ad9f6b7]     SYS_ioperm(235, 1, 0, 1)                                                                                 = 0
8653 [0x7f654ad9f6b7]     SYS_ioperm(1734, 1, 1, 1)                                                                                = 0
8653 [0x7f654ad9f6b7]     SYS_ioperm(1734, 1, 0, 1)                                                                                = 0
8653 [0x7f654ad9f6b7]     SYS_ioperm(235, 1, 1, 1)                                                                                 = 0
8653 [0x7f654ad9f6b7]     SYS_ioperm(235, 1, 0, 1)                                                                                 = 0
8653 [0x7f654ad9f6b7]     SYS_ioperm(1733, 1, 1, 1)                                                                                = 0
8653 [0x7f654ad9f6b7]     SYS_ioperm(1733, 1, 0, 1)                                                                                = 0
8653 [0x7f654ad9f6b7]     SYS_ioperm(235, 1, 1, 1)                                                                                 = 0
8653 [0x7f654ad9f6b7]     SYS_ioperm(235, 1, 0, 1)                                                                                 = 0
8653 [0x7f654ad9f6b7]     SYS_ioperm(1734, 1, 1, 1)                                                                                = 0
8653 [0x7f654ad9f6b7]     SYS_ioperm(1734, 1, 0, 1)                                                                                = 0
8653 [0x7f654ad9f6b7]     SYS_ioperm(235, 1, 1, 1)                                                                                 = 0
8653 [0x7f654ad9f6b7]     SYS_ioperm(235, 1, 0, 1)                                                                                 = 0
8653 [0x7f654ad9f6b7]     SYS_ioperm(46, 1, 1, 1)                                                                                  = 0
8653 [0x7f654ad9f6b7]     SYS_ioperm(46, 1, 0, 1)                                                                                  = 0
8653 [0x7f654ad9f6b7]     SYS_ioperm(235, 1, 1, 1)                                                                                 = 0
8653 [0x7f654ad9f6b7]     SYS_ioperm(235, 1, 0, 1)                                                                                 = 0
8653 [0x7f654ad9f6b7]     SYS_ioperm(46, 1, 1, 1)                                                                                  = 0
8653 [0x7f654ad9f6b7]     SYS_ioperm(46, 1, 0, 1)                                                                                  = 0
8653 [0x7f654ad9f6b7]     SYS_ioperm(235, 1, 1, 1)                                                                                 = 0
8653 [0x7f654ad9f6b7]     SYS_ioperm(235, 1, 0, 1)                                                                                 = 0
8653 [0x7f654ad9f6b7]     SYS_ioperm(46, 1, 1, 1)                                                                                  = 0
8653 [0x7f654ad9f6b7]     SYS_ioperm(46, 1, 0, 1)                                                                                  = 0
8653 [0x7f654ad9f6b7]     SYS_ioperm(235, 1, 1, 1)                                                                                 = 0
8653 [0x7f654ad9f6b7]     SYS_ioperm(235, 1, 0, 1)                                                                                 = 0
8653 [0x7f654ad9f6b7]     SYS_ioperm(46, 1, 1, 1)                                                                                  = 0
8653 [0x7f654ad9f6b7]     SYS_ioperm(46, 1, 0, 1)                                                                                  = 0
8653 [0x7f654ad9f6b7]     SYS_ioperm(235, 1, 1, 1)                                                                                 = 0
8653 [0x7f654ad9f6b7]     SYS_ioperm(235, 1, 0, 1)                                                                                 = 0
8653 [0x7f654ad9f6b7]     SYS_ioperm(46, 1, 1, 1)                                                                                  = 0
8653 [0x7f654ad9f6b7]     SYS_ioperm(46, 1, 0, 1)                                                                                  = 0
8653 [0x7f654ad9f6b7]     SYS_ioperm(235, 1, 1, 1)                                                                                 = 0
8653 [0x7f654ad9f6b7]     SYS_ioperm(235, 1, 0, 1)                                                                                 = 0
8653 [0x7f654ad9f6b7]     SYS_ioperm(47, 1, 1, 1)                                                                                  = 0
8653 [0x7f654ad9f6b7]     SYS_ioperm(47, 1, 0, 1)                                                                                  = 0
8653 [0x7f654ad9f6b7]     SYS_ioperm(235, 1, 1, 1)                                                                                 = 0
8653 [0x7f654ad9f6b7]     SYS_ioperm(235, 1, 0, 1)                                                                                 = 0
8653 [0x7f654ad9f6b7]     SYS_ioperm(46, 1, 1, 1)                                                                                  = 0
8653 [0x7f654ad9f6b7]     SYS_ioperm(46, 1, 0, 1)                                                                                  = 0
8653 [0x7f654ad9f6b7]     SYS_ioperm(235, 1, 1, 1)                                                                                 = 0
8653 [0x7f654ad9f6b7]     SYS_ioperm(235, 1, 0, 1)                                                                                 = 0
8653 [0x7f654ad9f6b7]     SYS_ioperm(47, 1, 1, 1)                                                                                  = 0
8653 [0x7f654ad9f6b7]     SYS_ioperm(47, 1, 0, 1)                                                                                  = 0
8653 [0x7f654ad9f6b7]     SYS_ioperm(235, 1, 1, 1)                                                                                 = 0
8653 [0x7f654ad9f6b7]     SYS_ioperm(235, 1, 0, 1)                                                                                 = 0
8653 [0x7f654ad9f6b7]     SYS_ioperm(46, 1, 1, 1)                                                                                  = 0
8653 [0x7f654ad9f6b7]     SYS_ioperm(46, 1, 0, 1)                                                                                  = 0
8653 [0x7f654ad9f6b7]     SYS_ioperm(235, 1, 1, 1)                                                                                 = 0
8653 [0x7f654ad9f6b7]     SYS_ioperm(235, 1, 0, 1)                                                                                 = 0
8653 [0x7f654ad9f6b7]     SYS_ioperm(47, 1, 1, 1)                                                                                  = 0
8653 [0x7f654ad9f6b7]     SYS_ioperm(47, 1, 0, 1)                                                                                  = 0
8653 [0x7f654ad9f6b7]     SYS_ioperm(235, 1, 1, 1)                                                                                 = 0
8653 [0x7f654ad9f6b7]     SYS_ioperm(235, 1, 0, 1)                                                                                 = 0
8653 [0x7f654ad9f6b7]     SYS_ioperm(46, 1, 1, 1)                                                                                  = 0
8653 [0x7f654ad9f6b7]     SYS_ioperm(46, 1, 0, 1)                                                                                  = 0
8653 [0x7f654ad9f6b7]     SYS_ioperm(235, 1, 1, 1)                                                                                 = 0
8653 [0x7f654ad9f6b7]     SYS_ioperm(235, 1, 0, 1)                                                                                 = 0
8653 [0x7f654ad9f6b7]     SYS_ioperm(47, 1, 1, 1)                                                                                  = 0
8653 [0x7f654ad9f6b7]     SYS_ioperm(47, 1, 0, 1)                                                                                  = 0
8653 [0x7f654ad9f6b7]     SYS_ioperm(235, 1, 1, 1)                                                                                 = 0
8653 [0x7f654ad9f6b7]     SYS_ioperm(235, 1, 0, 1)                                                                                 = 0
8653 [0x7f654ad9f6b7]     SYS_ioperm(46, 1, 1, 1)                                                                                  = 0
8653 [0x7f654ad9f6b7]     SYS_ioperm(46, 1, 0, 1)                                                                                  = 0
8653 [0x7f654ad9f6b7]     SYS_ioperm(235, 1, 1, 1)                                                                                 = 0
8653 [0x7f654ad9f6b7]     SYS_ioperm(235, 1, 0, 1)                                                                                 = 0
8653 [0x7f654ad9f6b7]     SYS_ioperm(47, 1, 1, 1)                                                                                  = 0
8653 [0x7f654ad9f6b7]     SYS_ioperm(47, 1, 0, 1)                                                                                  = 0
8653 [0x7f654ad9f6b7]     SYS_ioperm(235, 1, 1, 1)                                                                                 = 0
8653 [0x7f654ad9f6b7]     SYS_ioperm(235, 1, 0, 1)                                                                                 = 0
8653 [0x7f654ad9f6b7]     SYS_ioperm(46, 1, 1, 1)                                                                                  = 0
8653 [0x7f654ad9f6b7]     SYS_ioperm(46, 1, 0, 1)                                                                                  = 0
8653 [0x7f654ad9f6b7]     SYS_ioperm(235, 1, 1, 1)                                                                                 = 0
8653 [0x7f654ad9f6b7]     SYS_ioperm(235, 1, 0, 1)                                                                                 = 0
8653 [0x7f654ad9f6b7]     SYS_ioperm(47, 1, 1, 1)                                                                                  = 0
8653 [0x7f654ad9f6b7]     SYS_ioperm(47, 1, 0, 1)                                                                                  = 0
8653 [0x7f654ad9f6b7]     SYS_ioperm(235, 1, 1, 1)                                                                                 = 0
8653 [0x7f654ad9f6b7]     SYS_ioperm(235, 1, 0, 1)                                                                                 = 0
8653 [0x7f654ad9f6b7]     SYS_ioperm(46, 1, 1, 1)                                                                                  = 0
8653 [0x7f654ad9f6b7]     SYS_ioperm(46, 1, 0, 1)                                                                                  = 0
8653 [0x7f654ad9f6b7]     SYS_ioperm(235, 1, 1, 1)                                                                                 = 0
8653 [0x7f654ad9f6b7]     SYS_ioperm(235, 1, 0, 1)                                                                                 = 0
8653 [0x7f654ad9f6b7]     SYS_ioperm(47, 1, 1, 1)                                                                                  = 0
8653 [0x7f654ad9f6b7]     SYS_ioperm(47, 1, 0, 1)                                                                                  = 0
8653 [0x7f654ad9f6b7]     SYS_ioperm(235, 1, 1, 1)                                                                                 = 0
8653 [0x7f654ad9f6b7]     SYS_ioperm(235, 1, 0, 1)                                                                                 = 0
8653 [0x7f654ad9f6b7]     SYS_ioperm(46, 1, 1, 1)                                                                                  = 0
8653 [0x7f654ad9f6b7]     SYS_ioperm(46, 1, 0, 1)                                                                                  = 0
8653 [0x7f654ad9f6b7]     SYS_ioperm(235, 1, 1, 1)                                                                                 = 0
8653 [0x7f654ad9f6b7]     SYS_ioperm(235, 1, 0, 1)                                                                                 = 0
8653 [0x7f654ad9f6b7]     SYS_ioperm(47, 1, 1, 1)                                                                                  = 0
8653 [0x7f654ad9f6b7]     SYS_ioperm(47, 1, 0, 1)                                                                                  = 0
8653 [0x7f654ad9f6b7]     SYS_ioperm(235, 1, 1, 1)                                                                                 = 0
8653 [0x7f654ad9f6b7]     SYS_ioperm(235, 1, 0, 1)                                                                                 = 0
8653 [0x7f654ad9f6b7]     SYS_ioperm(46, 1, 1, 1)                                                                                  = 0
8653 [0x7f654ad9f6b7]     SYS_ioperm(46, 1, 0, 1)                                                                                  = 0
8653 [0x7f654ad9f6b7]     SYS_ioperm(235, 1, 1, 1)                                                                                 = 0
8653 [0x7f654ad9f6b7]     SYS_ioperm(235, 1, 0, 1)                                                                                 = 0
8653 [0x7f654ad9f6b7]     SYS_ioperm(47, 1, 1, 1)                                                                                  = 0
8653 [0x7f654ad9f6b7]     SYS_ioperm(47, 1, 0, 1)                                                                                  = 0
8653 [0x7f654ad9f6b7]     SYS_ioperm(235, 1, 1, 1)                                                                                 = 0
8653 [0x7f654ad9f6b7]     SYS_ioperm(235, 1, 0, 1)                                                                                 = 0
8653 [0x7f654ad9f6b7]     SYS_ioperm(46, 1, 1, 1)                                                                                  = 0
8653 [0x7f654ad9f6b7]     SYS_ioperm(46, 1, 0, 1)                                                                                  = 0
8653 [0x7f654ad9f6b7]     SYS_ioperm(235, 1, 1, 1)                                                                                 = 0
8653 [0x7f654ad9f6b7]     SYS_ioperm(235, 1, 0, 1)                                                                                 = 0
8653 [0x7f654ad9f6b7]     SYS_ioperm(47, 1, 1, 1)                                                                                  = 0
8653 [0x7f654ad9f6b7]     SYS_ioperm(47, 1, 0, 1)                                                                                  = 0
8653 [0x7f654ad9f6b7]     SYS_ioperm(235, 1, 1, 1)                                                                                 = 0
8653 [0x7f654ad9f6b7]     SYS_ioperm(235, 1, 0, 1)                                                                                 = 0
8653 [0x7f654ad9f6b7]     SYS_ioperm(46, 1, 1, 1)                                                                                  = 0
8653 [0x7f654ad9f6b7]     SYS_ioperm(46, 1, 0, 1)                                                                                  = 0
8653 [0x7f654ad9f6b7]     SYS_ioperm(235, 1, 1, 1)                                                                                 = 0
8653 [0x7f654ad9f6b7]     SYS_ioperm(235, 1, 0, 1)                                                                                 = 0
8653 [0x7f654ad9f6b7]     SYS_ioperm(47, 1, 1, 1)                                                                                  = 0
8653 [0x7f654ad9f6b7]     SYS_ioperm(47, 1, 0, 1)                                                                                  = 0
8653 [0x7f654ad9f6b7]     SYS_ioperm(235, 1, 1, 1)                                                                                 = 0
8653 [0x7f654ad9f6b7]     SYS_ioperm(235, 1, 0, 1)                                                                                 = 0
8653 [0x7f65493abc6b]     libgeneraldrv.so->Hw_Semaphore_Unlock(0x7fff74daefd0, 1, 0, -1)                                          = 0
8653 [0x7f65493abc77]     libgeneraldrv.so->Hw_Semaphore_Release(0x7fff74daefd0, 128, 0, 0 <unfinished ...>
8653 [0x7f654ad9b757]       SYS_munmap(0x7f654b911000, 32, 0, 1)                                                                   = 0
8653 [0x7f65493abc77]     <... Hw_Semaphore_Release resumed> )                                                                     = 0
8653 [0x7f654b05ba1f]   <... It87_Set_Led_Blinking resumed> )                                                                      = 0
8653 [0x4009e1] <... Hal_Led_Set_Mode resumed> )                                                                                   = 0
8653 [0x7f654acec932] libgeneral.so->Trace_Mem_Destroy()(0x7f654aa04d40, 0, 0xd4fe6cc00e24c6b5, 16)                                = 0
8653 [0x7f654ad6f468] SYS_exit_group(0, 60, 0, 0x7f654b052a48 <unfinished ...>
8653 [0xffffffffffffffff] +++ exited (status 0) +++
