8661 [0x7f5267b6d8aa] SYS_brk(0, 0x7f5267b70fa0, 0, 895)                                                                           = 0x10e0000
8661 [0x7f5267b6e7e7] SYS_readlink(0x7fff19372b7e, 0x7fff19371760, 4096, 0x756e694c00000000)                                       = -2
8661 [0x7f5267b6e677] SYS_open(0x7f5267b721f3, 0, 0, 0x756e694c00000000)                                                           = 3
8661 [0x7f5267b6e7a7] SYS_chdir(0x7f5267d79ba8, 0, 0, 0x756e694c00000000)                                                          = -2
8661 [0x7f5267b6d9d2] SYS_getcwd(0x7fff19371760, 4096, 0, 0x756e694c00000000)                                                      = 23
8661 [0x7f5267b6e7c7] SYS_fchdir(3, 4096, 0, 0x756e694c00000000)                                                                   = 0
8661 [0x7f5267b6e787] SYS_close(3, 4096, 0, 0x756e694c00000000)                                                                    = 0
8661 [0x7f5267b6e80a] SYS_mmap(0, 4096, 3, 34)                                                                                     = 0x7f5267d76000
8661 [0x7f5267b6e6d7] SYS_access(0x7f5267b74700, 4, 0x7f5267d79718, 0)                                                             = -2
8661 [0x7f5267b6e677] SYS_open(0x7f5267b72072, 0x80000, 1, 0)                                                                      = 3
8661 [0x7f5267b6e604] SYS_fstat(3, 0x7fff19370f40, 0x7fff19370f40, 0)                                                              = 0
8661 [0x7f5267b6e80a] SYS_mmap(0, 0x83b3, 1, 2)                                                                                    = 0x7f5267d6d000
8661 [0x7f5267b6e787] SYS_close(3, 0x83b3, 1, 2)                                                                                   = 0
8661 [0x7f5267b6e677] SYS_open(0x7f5267d76640, 0x80000, 0, 56)                                                                     = 3
8661 [0x7f5267b6e697] SYS_read(3, 0x7fff193710c8, 832, 56)                                                                         = 832
8661 [0x7f5267b6e604] SYS_fstat(3, 0x7fff19370fa0, 0x7fff19370fa0, 16)                                                             = 0
8661 [0x7f5267b6e80a] SYS_mmap(0, 0x278960, 5, 2050)                                                                               = 0x7f52678de000
8661 [0x7f5267b6e857] SYS_mprotect(0x7f5267954000, 0x200000, 0, 2050)                                                              = 0
8661 [0x7f5267b6e80a] SYS_mmap(0x7f5267b54000, 0x3000, 3, 2066)                                                                    = 0x7f5267b54000
8661 [0x7f5267b6e787] SYS_close(3, 16, 0x7f5267b543e0, 0x6ffffdff)                                                                 = 0
8661 [0x7f5267b6e677] SYS_open(0x7f5267d76b10, 0x80000, 0, 0x6ffffdff)                                                             = 3
8661 [0x7f5267b6e697] SYS_read(3, 0x7fff19371098, 832, 0x6ffffdff)                                                                 = 832
8661 [0x7f5267b6e604] SYS_fstat(3, 0x7fff19370f70, 0x7fff19370f70, 16)                                                             = 0
8661 [0x7f5267b6e80a] SYS_mmap(0, 0x21bee0, 5, 2050)                                                                               = 0x7f52676c2000
8661 [0x7f5267b6e857] SYS_mprotect(0x7f52676dd000, 0x200000, 0, 2050)                                                              = 0
8661 [0x7f5267b6e80a] SYS_mmap(0x7f52678dd000, 4096, 3, 2066)                                                                      = 0x7f52678dd000
8661 [0x7f5267b6e787] SYS_close(3, 16, 0x7f52678dd208, 0x6ffffdff)                                                                 = 0
8661 [0x7f5267b6e677] SYS_open(0x7f5267d76fe0, 0x80000, 0, 0x6ffffdff)                                                             = 3
8661 [0x7f5267b6e697] SYS_read(3, 0x7fff19371068, 832, 0x6ffffdff)                                                                 = 832
8661 [0x7f5267b6e604] SYS_fstat(3, 0x7fff19370f40, 0x7fff19370f40, 16)                                                             = 0
8661 [0x7f5267b6e80a] SYS_mmap(0, 4096, 3, 34)                                                                                     = 0x7f5267d6c000
8661 [0x7f5267b6e80a] SYS_mmap(0, 0x209ad0, 5, 2050)                                                                               = 0x7f52674b8000
8661 [0x7f5267b6e857] SYS_mprotect(0x7f52674c2000, 0x1ff000, 0, 2050)                                                              = 0
8661 [0x7f5267b6e80a] SYS_mmap(0x7f52676c1000, 4096, 3, 2066)                                                                      = 0x7f52676c1000
8661 [0x7f5267b6e787] SYS_close(3, 16, 0x7f52676c1690, 0x6ffffdff)                                                                 = 0
8661 [0x7f5267b6e677] SYS_open(0x7f5267d6c4b8, 0x80000, 0, 0x6ffffdff)                                                             = 3
8661 [0x7f5267b6e697] SYS_read(3, 0x7fff19371038, 832, 0x6ffffdff)                                                                 = 832
8661 [0x7f5267b6e604] SYS_fstat(3, 0x7fff19370f10, 0x7fff19370f10, 32)                                                             = 0
8661 [0x7f5267b6e80a] SYS_mmap(0, 0x39dc40, 5, 2050)                                                                               = 0x7f526711a000
8661 [0x7f5267b6e857] SYS_mprotect(0x7f52672ae000, 0x200000, 0, 2050)                                                              = 0
8661 [0x7f5267b6e80a] SYS_mmap(0x7f52674ae000, 0x6000, 3, 2066)                                                                    = 0x7f52674ae000
8661 [0x7f5267b6e80a] SYS_mmap(0x7f52674b4000, 0x3c40, 3, 50)                                                                      = 0x7f52674b4000
8661 [0x7f5267b6e787] SYS_close(3, 16, 0, 0x6ffffdff)                                                                              = 0
8661 [0x7f5267b6e677] SYS_open(0x7f5267d6c988, 0x80000, 0, 0x6ffffdff)                                                             = 3
8661 [0x7f5267b6e697] SYS_read(3, 0x7fff19370ee8, 832, 0x6ffffdff)                                                                 = 832
8661 [0x7f5267b6e604] SYS_fstat(3, 0x7fff19370dc0, 0x7fff19370dc0, 16)                                                             = 0
8661 [0x7f5267b6e80a] SYS_mmap(0, 0x2b09d0, 5, 2050)                                                                               = 0x7f5266e69000
8661 [0x7f5267b6e857] SYS_mprotect(0x7f5266f18000, 0x1ff000, 0, 2050)                                                              = 0
8661 [0x7f5267b6e80a] SYS_mmap(0x7f5267117000, 0x3000, 3, 2066)                                                                    = 0x7f5267117000
8661 [0x7f5267b6e787] SYS_close(3, 16, 0x7f52671179a8, 0x6ffffdff)                                                                 = 0
8661 [0x7f5267b6e677] SYS_open(0x7f5267d6ce58, 0x80000, 0, 0x6ffffdff)                                                             = 3
8661 [0x7f5267b6e697] SYS_read(3, 0x7fff19370eb8, 832, 0x6ffffdff)                                                                 = 832
8661 [0x7f5267b6e604] SYS_fstat(3, 0x7fff19370d90, 0x7fff19370d90, 16)                                                             = 0
8661 [0x7f5267b6e80a] SYS_mmap(0, 4096, 3, 34)                                                                                     = 0x7f5267d6b000
8661 [0x7f5267b6e80a] SYS_mmap(0, 0x294ee0, 5, 2050)                                                                               = 0x7f5266bd4000
8661 [0x7f5267b6e857] SYS_mprotect(0x7f5266c66000, 0x1ff000, 0, 2050)                                                              = 0
8661 [0x7f5267b6e80a] SYS_mmap(0x7f5266e65000, 0x3000, 3, 2066)                                                                    = 0x7f5266e65000
8661 [0x7f5267b6e80a] SYS_mmap(0x7f5266e68000, 3808, 3, 50)                                                                        = 0x7f5266e68000
8661 [0x7f5267b6e787] SYS_close(3, 16, 0x7f5266e65e30, 0x6ffffdff)                                                                 = 0
8661 [0x7f5267b6e677] SYS_open(0x7f5267d6b4b8, 0x80000, 0, 0x6ffffdff)                                                             = 3
8661 [0x7f5267b6e697] SYS_read(3, 0x7fff19370e88, 832, 0x6ffffdff)                                                                 = 832
8661 [0x7f5267b6e604] SYS_fstat(3, 0x7fff19370d60, 0x7fff19370d60, 16)                                                             = 0
8661 [0x7f5267b6e80a] SYS_mmap(0, 0x29d850, 5, 2050)                                                                               = 0x7f5266936000
8661 [0x7f5267b6e857] SYS_mprotect(0x7f52669cf000, 0x200000, 0, 2050)                                                              = 0
8661 [0x7f5267b6e80a] SYS_mmap(0x7f5266bcf000, 0x3000, 3, 2066)                                                                    = 0x7f5266bcf000
8661 [0x7f5267b6e80a] SYS_mmap(0x7f5266bd2000, 6224, 3, 50)                                                                        = 0x7f5266bd2000
8661 [0x7f5267b6e787] SYS_close(3, 16, 0x7f5266bd0cc8, 0x6ffffdff)                                                                 = 0
8661 [0x7f5267b6e677] SYS_open(0x7f5267d6b9a0, 0x80000, 0, 0x6ffffdff)                                                             = 3
8661 [0x7f5267b6e697] SYS_read(3, 0x7fff19370e58, 832, 0x6ffffdff)                                                                 = 832
8661 [0x7f5267b6e604] SYS_fstat(3, 0x7fff19370d30, 0x7fff19370d30, 16)                                                             = 0
8661 [0x7f5267b6e80a] SYS_mmap(0, 0x2dbbb0, 5, 2050)                                                                               = 0x7f526665a000
8661 [0x7f5267b6e857] SYS_mprotect(0x7f5266718000, 0x200000, 0, 2050)                                                              = 0
8661 [0x7f5267b6e80a] SYS_mmap(0x7f5266918000, 0xa000, 3, 2066)                                                                    = 0x7f5266918000
8661 [0x7f5267b6e80a] SYS_mmap(0x7f5266922000, 0x13bb0, 3, 50)                                                                     = 0x7f5266922000
8661 [0x7f5267b6e787] SYS_close(3, 16, 0x7f526691e4d8, 0x6ffffdff)                                                                 = 0
8661 [0x7f5267b6e677] SYS_open(0x7f5267d6be70, 0x80000, 0, 0x6ffffdff)                                                             = 3
8661 [0x7f5267b6e697] SYS_read(3, 0x7fff19370e28, 832, 0x6ffffdff)                                                                 = 832
8661 [0x7f5267b6e604] SYS_fstat(3, 0x7fff19370d00, 0x7fff19370d00, 32)                                                             = 0
8661 [0x7f5267b6e80a] SYS_mmap(0, 4096, 3, 34)                                                                                     = 0x7f5267d6a000
8661 [0x7f5267b6e80a] SYS_mmap(0, 0x21c490, 5, 2050)                                                                               = 0x7f526643d000
8661 [0x7f5267b6e857] SYS_mprotect(0x7f5266455000, 0x1ff000, 0, 2050)                                                              = 0
8661 [0x7f5267b6e80a] SYS_mmap(0x7f5266654000, 8192, 3, 2066)                                                                      = 0x7f5266654000
8661 [0x7f5267b6e80a] SYS_mmap(0x7f5266656000, 0x3490, 3, 50)                                                                      = 0x7f5266656000
8661 [0x7f5267b6e787] SYS_close(3, 16, 0, 0x6ffffdff)                                                                              = 0
8661 [0x7f5267b6e677] SYS_open(0x7f5267d6a4b8, 0x80000, 0, 0x6ffffdff)                                                             = 3
8661 [0x7f5267b6e697] SYS_read(3, 0x7fff19370df8, 832, 0x6ffffdff)                                                                 = 832
8661 [0x7f5267b6e604] SYS_fstat(3, 0x7fff19370cd0, 0x7fff19370cd0, 32)                                                             = 0
8661 [0x7f5267b6e80a] SYS_mmap(0, 0x207bc0, 5, 2050)                                                                               = 0x7f5266235000
8661 [0x7f5267b6e857] SYS_mprotect(0x7f526623c000, 0x1ff000, 0, 2050)                                                              = 0
8661 [0x7f5267b6e80a] SYS_mmap(0x7f526643b000, 8192, 3, 2066)                                                                      = 0x7f526643b000
8661 [0x7f5267b6e787] SYS_close(3, 16, 0, 0x6ffffdff)                                                                              = 0
8661 [0x7f5267b6e677] SYS_open(0x7f5267d6a988, 0x80000, 0, 0x6ffffdff)                                                             = 3
8661 [0x7f5267b6e697] SYS_read(3, 0x7fff19370dc8, 832, 0x6ffffdff)                                                                 = 832
8661 [0x7f5267b6e604] SYS_fstat(3, 0x7fff19370ca0, 0x7fff19370ca0, 16)                                                             = 0
8661 [0x7f5267b6e80a] SYS_mmap(0, 0x202e20, 5, 2050)                                                                               = 0x7f5266032000
8661 [0x7f5267b6e857] SYS_mprotect(0x7f5266035000, 0x1ff000, 0, 2050)                                                              = 0
8661 [0x7f5267b6e80a] SYS_mmap(0x7f5266234000, 4096, 3, 2066)                                                                      = 0x7f5266234000
8661 [0x7f5267b6e787] SYS_close(3, 16, 0x7f5266234c28, 0x6ffffdff)                                                                 = 0
8661 [0x7f5267b6e677] SYS_open(0x7f5267d6ae58, 0x80000, 0, 0x6ffffdff)                                                             = 3
8661 [0x7f5267b6e697] SYS_read(3, 0x7fff19370d98, 832, 0x6ffffdff)                                                                 = 832
8661 [0x7f5267b6e604] SYS_fstat(3, 0x7fff19370c70, 0x7fff19370c70, 16)                                                             = 0
8661 [0x7f5267b6e80a] SYS_mmap(0, 4096, 3, 34)                                                                                     = 0x7f5267d69000
8661 [0x7f5267b6e80a] SYS_mmap(0, 0x209850, 5, 2050)                                                                               = 0x7f5265e28000
8661 [0x7f5267b6e857] SYS_mprotect(0x7f5265e32000, 0x1ff000, 0, 2050)                                                              = 0
8661 [0x7f5267b6e80a] SYS_mmap(0x7f5266031000, 4096, 3, 2066)                                                                      = 0x7f5266031000
8661 [0x7f5267b6e787] SYS_close(3, 16, 0x7f5266031618, 0x6ffffdff)                                                                 = 0
8661 [0x7f5267b6e677] SYS_open(0x7f5267d694b8, 0x80000, 0, 0x6ffffdff)                                                             = 3
8661 [0x7f5267b6e697] SYS_read(3, 0x7fff19370d68, 832, 0x6ffffdff)                                                                 = 832
8661 [0x7f5267b6e604] SYS_fstat(3, 0x7fff19370c40, 0x7fff19370c40, 16)                                                             = 0
8661 [0x7f5267b6e80a] SYS_mmap(0, 0x210868, 5, 2050)                                                                               = 0x7f5265c17000
8661 [0x7f5267b6e857] SYS_mprotect(0x7f5265c28000, 0x1ff000, 0, 2050)                                                              = 0
8661 [0x7f5267b6e80a] SYS_mmap(0x7f5265e27000, 4096, 3, 2066)                                                                      = 0x7f5265e27000
8661 [0x7f5267b6e787] SYS_close(3, 16, 0x7f5265e27408, 0x6ffffdff)                                                                 = 0
8661 [0x7f5267b6e677] SYS_open(0x7f5267d69a40, 0x80000, 0, 0x7f5267d6a9a0)                                                         = 3
8661 [0x7f5267b6e697] SYS_read(3, 0x7fff19370c08, 832, 0x7f5267d6a9a0)                                                             = 832
8661 [0x7f5267b6e604] SYS_fstat(3, 0x7fff19370ae0, 0x7fff19370ae0, 16)                                                             = 0
8661 [0x7f5267b6e80a] SYS_mmap(0, 0x2032c8, 5, 2050)                                                                               = 0x7f5265a13000
8661 [0x7f5267b6e857] SYS_mprotect(0x7f5265a16000, 0x200000, 0, 2050)                                                              = 0
8661 [0x7f5267b6e80a] SYS_mmap(0x7f5265c16000, 4096, 3, 2066)                                                                      = 0x7f5265c16000
8661 [0x7f5267b6e787] SYS_close(3, 16, 0x7f5265c16188, 0x6ffffdff)                                                                 = 0
8661 [0x7f5267b6e677] SYS_open(0x7f5267d69f28, 0x80000, 0, 0x6ffffdff)                                                             = 3
8661 [0x7f5267b6e697] SYS_read(3, 0x7fff19370bd8, 832, 0x6ffffdff)                                                                 = 832
8661 [0x7f5267b6e604] SYS_fstat(3, 0x7fff19370ab0, 0x7fff19370ab0, 16)                                                             = 0
8661 [0x7f5267b6e80a] SYS_mmap(0, 4096, 3, 34)                                                                                     = 0x7f5267d68000
8661 [0x7f5267b6e80a] SYS_mmap(0, 0x207820, 5, 2050)                                                                               = 0x7f526580b000
8661 [0x7f5267b6e857] SYS_mprotect(0x7f5265812000, 0x200000, 0, 2050)                                                              = 0
8661 [0x7f5267b6e80a] SYS_mmap(0x7f5265a12000, 4096, 3, 2066)                                                                      = 0x7f5265a12000
8661 [0x7f5267b6e787] SYS_close(3, 16, 0x7f5265a12188, 0x6ffffdff)                                                                 = 0
8661 [0x7f5267b6e677] SYS_open(0x7f5267d684c8, 0x80000, 0, 0x6ffffdff)                                                             = 3
8661 [0x7f5267b6e697] SYS_read(3, 0x7fff19370ba8, 832, 0x6ffffdff)                                                                 = 832
8661 [0x7f5267b6e604] SYS_fstat(3, 0x7fff19370a80, 0x7fff19370a80, 16)                                                             = 0
8661 [0x7f5267b6e80a] SYS_mmap(0, 0x201f30, 5, 2050)                                                                               = 0x7f5265609000
8661 [0x7f5267b6e857] SYS_mprotect(0x7f526560b000, 0x1ff000, 0, 2050)                                                              = 0
8661 [0x7f5267b6e80a] SYS_mmap(0x7f526580a000, 4096, 3, 2066)                                                                      = 0x7f526580a000
8661 [0x7f5267b6e787] SYS_close(3, 16, 0x7f526580ae18, 0x6ffffdff)                                                                 = 0
8661 [0x7f5267b6e677] SYS_open(0x7f5267d68a60, 0x80000, 0, 0x7f5267d6c4d0)                                                         = 3
8661 [0x7f5267b6e697] SYS_read(3, 0x7fff19370b78, 832, 0x7f5267d6c4d0)                                                             = 832
8661 [0x7f5267b6e604] SYS_fstat(3, 0x7fff19370a50, 0x7fff19370a50, 16)                                                             = 0
8661 [0x7f5267b6e80a] SYS_mmap(0, 0x2022e8, 5, 2050)                                                                               = 0x7f5265406000
8661 [0x7f5267b6e857] SYS_mprotect(0x7f5265408000, 0x200000, 0, 2050)                                                              = 0
8661 [0x7f5267b6e80a] SYS_mmap(0x7f5265608000, 4096, 3, 2066)                                                                      = 0x7f5265608000
8661 [0x7f5267b6e787] SYS_close(3, 16, 0x7f5265608198, 0x6ffffdff)                                                                 = 0
8661 [0x7f5267b6e677] SYS_open(0x7f5267d68f40, 0x80000, 0, 0x6ffffdff)                                                             = 3
8661 [0x7f5267b6e697] SYS_read(3, 0x7fff19370b48, 832, 0x6ffffdff)                                                                 = 832
8661 [0x7f5267b6e604] SYS_fstat(3, 0x7fff19370a20, 0x7fff19370a20, 16)                                                             = 0
8661 [0x7f5267b6e80a] SYS_mmap(0, 4096, 3, 34)                                                                                     = 0x7f5267d67000
8661 [0x7f5267b6e80a] SYS_mmap(0, 0x201f30, 5, 2050)                                                                               = 0x7f5265204000
8661 [0x7f5267b6e857] SYS_mprotect(0x7f5265206000, 0x1ff000, 0, 2050)                                                              = 0
8661 [0x7f5267b6e80a] SYS_mmap(0x7f5265405000, 4096, 3, 2066)                                                                      = 0x7f5265405000
8661 [0x7f5267b6e787] SYS_close(3, 16, 0x7f5265405e18, 0x6ffffdff)                                                                 = 0
8661 [0x7f5267b6e677] SYS_open(0x7f5267d674c0, 0x80000, 0, 0x6ffffdff)                                                             = 3
8661 [0x7f5267b6e697] SYS_read(3, 0x7fff19370b18, 832, 0x6ffffdff)                                                                 = 832
8661 [0x7f5267b6e604] SYS_fstat(3, 0x7fff193709f0, 0x7fff193709f0, 16)                                                             = 0
8661 [0x7f5267b6e80a] SYS_mmap(0, 0x2038b8, 5, 2050)                                                                               = 0x7f5265000000
8661 [0x7f5267b6e857] SYS_mprotect(0x7f5265004000, 0x1ff000, 0, 2050)                                                              = 0
8661 [0x7f5267b6e80a] SYS_mmap(0x7f5265203000, 4096, 3, 2066)                                                                      = 0x7f5265203000
8661 [0x7f5267b6e787] SYS_close(3, 16, 0x7f5265203748, 0x6ffffdff)                                                                 = 0
8661 [0x7f5267b6e677] SYS_open(0x7f5267d67a60, 0x80000, 0, 0x7f5267d6a000)                                                         = 3
8661 [0x7f5267b6e697] SYS_read(3, 0x7fff19370ab8, 832, 0x7f5267d6a000)                                                             = 832
8661 [0x7f5267b6e604] SYS_fstat(3, 0x7fff19370990, 0x7fff19370990, 16)                                                             = 0
8661 [0x7f5267b6e80a] SYS_mmap(0, 0x210848, 5, 2050)                                                                               = 0x7f5264def000
8661 [0x7f5267b6e857] SYS_mprotect(0x7f5264dff000, 0x1ff000, 0, 2050)                                                              = 0
8661 [0x7f5267b6e80a] SYS_mmap(0x7f5264ffe000, 8192, 3, 2066)                                                                      = 0x7f5264ffe000
8661 [0x7f5267b6e787] SYS_close(3, 16, 0x7f5264ffed90, 0x6ffffdff)                                                                 = 0
8661 [0x7f5267b6e677] SYS_open(0x7f5267d67f48, 0x80000, 0, 0x6ffffdff)                                                             = 3
8661 [0x7f5267b6e697] SYS_read(3, 0x7fff19370a88, 832, 0x6ffffdff)                                                                 = 832
8661 [0x7f5267b6e604] SYS_fstat(3, 0x7fff19370960, 0x7fff19370960, 16)                                                             = 0
8661 [0x7f5267b6e80a] SYS_mmap(0, 4096, 3, 34)                                                                                     = 0x7f5267d66000
8661 [0x7f5267b6e80a] SYS_mmap(0, 0x20acf0, 5, 2050)                                                                               = 0x7f5264be4000
8661 [0x7f5267b6e857] SYS_mprotect(0x7f5264bef000, 0x1ff000, 0, 2050)                                                              = 0
8661 [0x7f5267b6e80a] SYS_mmap(0x7f5264dee000, 4096, 3, 2066)                                                                      = 0x7f5264dee000
8661 [0x7f5267b6e787] SYS_close(3, 16, 0x7f5264dee750, 0x6ffffdff)                                                                 = 0
8661 [0x7f5267b6e677] SYS_open(0x7f5267d66560, 0x80000, 0, 0x7f5267d6a000)                                                         = 3
8661 [0x7f5267b6e697] SYS_read(3, 0x7fff19370a58, 832, 0x7f5267d6a000)                                                             = 832
8661 [0x7f5267b6e604] SYS_fstat(3, 0x7fff19370930, 0x7fff19370930, 32)                                                             = 0
8661 [0x7f5267b6e80a] SYS_mmap(0, 0x2361e0, 5, 2050)                                                                               = 0x7f52649ad000
8661 [0x7f5267b6e857] SYS_mprotect(0x7f52649b5000, 0x1ff000, 0, 2050)                                                              = 0
8661 [0x7f5267b6e80a] SYS_mmap(0x7f5264bb4000, 8192, 3, 2066)                                                                      = 0x7f5264bb4000
8661 [0x7f5267b6e80a] SYS_mmap(0x7f5264bb6000, 0x2d1e0, 3, 50)                                                                     = 0x7f5264bb6000
8661 [0x7f5267b6e787] SYS_close(3, 16, 0, 0x6ffffdff)                                                                              = 0
8661 [0x7f5267b6e677] SYS_open(0x7f5267d66a30, 0x80000, 0, 0x6ffffdff)                                                             = 3
8661 [0x7f5267b6e697] SYS_read(3, 0x7fff19370a28, 832, 0x6ffffdff)                                                                 = 832
8661 [0x7f5267b6e604] SYS_fstat(3, 0x7fff19370900, 0x7fff19370900, 16)                                                             = 0
8661 [0x7f5267b6e80a] SYS_mmap(0, 0x43fe88, 5, 2050)                                                                               = 0x7f526456d000
8661 [0x7f5267b6e857] SYS_mprotect(0x7f5264782000, 0x200000, 0, 2050)                                                              = 0
8661 [0x7f5267b6e80a] SYS_mmap(0x7f5264982000, 0x27000, 3, 2066)                                                                   = 0x7f5264982000
8661 [0x7f5267b6e80a] SYS_mmap(0x7f52649a9000, 0x3e88, 3, 50)                                                                      = 0x7f52649a9000
8661 [0x7f5267b6e857] SYS_mprotect(0x7fff19372000, 4096, 0x1000007, 4)                                                             = 0
8661 [0x7f5267b6e787] SYS_close(3, 4096, 0x1000007, 4)                                                                             = 0
8661 [0x7f5267b6e677] SYS_open(0x7f5267d66fb0, 0x80000, 0, 0x7f5267d694d0)                                                         = 3
8661 [0x7f5267b6e697] SYS_read(3, 0x7fff193709f8, 832, 0x7f5267d694d0)                                                             = 832
8661 [0x7f5267b6e604] SYS_fstat(3, 0x7fff193708d0, 0x7fff193708d0, 16)                                                             = 0
8661 [0x7f5267b6e80a] SYS_mmap(0, 4096, 3, 34)                                                                                     = 0x7f5267d65000
8661 [0x7f5267b6e80a] SYS_mmap(0, 0x215730, 5, 2050)                                                                               = 0x7f5264357000
8661 [0x7f5267b6e857] SYS_mprotect(0x7f526436d000, 0x1ff000, 0, 2050)                                                              = 0
8661 [0x7f5267b6e80a] SYS_mmap(0x7f526456c000, 4096, 3, 2066)                                                                      = 0x7f526456c000
8661 [0x7f5267b6e787] SYS_close(3, 16, 0x7f526456c490, 0x6ffffdff)                                                                 = 0
8661 [0x7f5267b6e677] SYS_open(0x7f5267d654f0, 0x80000, 0, 0x6ffffdff)                                                             = 3
8661 [0x7f5267b6e697] SYS_read(3, 0x7fff193709c8, 832, 0x6ffffdff)                                                                 = 832
8661 [0x7f5267b6e604] SYS_fstat(3, 0x7fff193708a0, 0x7fff193708a0, 32)                                                             = 0
8661 [0x7f5267b6e80a] SYS_mmap(0, 0x2fd148, 5, 2050)                                                                               = 0x7f5264059000
8661 [0x7f5267b6e857] SYS_mprotect(0x7f5264156000, 0x1ff000, 0, 2050)                                                              = 0
8661 [0x7f5267b6e80a] SYS_mmap(0x7f5264355000, 8192, 3, 2066)                                                                      = 0x7f5264355000
8661 [0x7f5267b6e787] SYS_close(3, 16, 0, 0x6ffffdff)                                                                              = 0
8661 [0x7f5267b6e677] SYS_open(0x7fff19370790, 0x80000, 0, 0x36782f39325f3130)                                                     = -2
8661 [0x7f5267b6e5c5] SYS_stat(0x7fff19370790, 0x7fff19370870, 0x7fff19370870, 0x36782f39325f3130)                                 = -2
8661 [0x7f5267b6e677] SYS_open(0x7fff19370790, 0x80000, 0, 0x36782f39325f3130)                                                     = -2
8661 [0x7f5267b6e5c5] SYS_stat(0x7fff19370790, 0x7fff19370870, 0x7fff19370870, 0x36782f39325f3130)                                 = -2
8661 [0x7f5267b6e677] SYS_open(0x7fff19370790, 0x80000, 0, 0x36782f39325f3130)                                                     = -2
8661 [0x7f5267b6e5c5] SYS_stat(0x7fff19370790, 0x7fff19370870, 0x7fff19370870, 0x36782f39325f3130)                                 = -2
8661 [0x7f5267b6e677] SYS_open(0x7fff19370790, 0x80000, 0, 0x36782f39325f3130)                                                     = -2
8661 [0x7f5267b6e5c5] SYS_stat(0x7fff19370790, 0x7fff19370870, 0x7fff19370870, 0x36782f39325f3130)                                 = -2
8661 [0x7f5267b6e677] SYS_open(0x7f5267d65dd0, 0x80000, 0, 0x36782f39325f3130)                                                     = 3
8661 [0x7f5267b6e697] SYS_read(3, 0x7fff19370998, 832, 0x36782f39325f3130)                                                         = 832
8661 [0x7f5267b6e604] SYS_fstat(3, 0x7fff19370870, 0x7fff19370870, 16)                                                             = 0
8661 [0x7f5267b6e80a] SYS_mmap(0, 4096, 3, 34)                                                                                     = 0x7f5267d64000
8661 [0x7f5267b6e80a] SYS_mmap(0, 0x2f8980, 5, 2050)                                                                               = 0x7f5263d60000
8661 [0x7f5267b6e857] SYS_mprotect(0x7f5263e57000, 0x200000, 0, 2050)                                                              = 0
8661 [0x7f5267b6e80a] SYS_mmap(0x7f5264057000, 8192, 3, 2066)                                                                      = 0x7f5264057000
8661 [0x7f5267b6e787] SYS_close(3, 16, 0x7f52640573a0, 0x6ffffdff)                                                                 = 0
8661 [0x7f5267b6e677] SYS_open(0x7f5267d644c8, 0x80000, 0, 0x6ffffdff)                                                             = 3
8661 [0x7f5267b6e697] SYS_read(3, 0x7fff19370968, 832, 0x6ffffdff)                                                                 = 832
8661 [0x7f5267b6e604] SYS_fstat(3, 0x7fff19370840, 0x7fff19370840, 16)                                                             = 0
8661 [0x7f5267b6e80a] SYS_mmap(0, 0x2fc9d8, 5, 2050)                                                                               = 0x7f5263a63000
8661 [0x7f5267b6e857] SYS_mprotect(0x7f5263b5e000, 0x200000, 0, 2050)                                                              = 0
8661 [0x7f5267b6e80a] SYS_mmap(0x7f5263d5e000, 8192, 3, 2066)                                                                      = 0x7f5263d5e000
8661 [0x7f5267b6e787] SYS_close(3, 16, 0x7f5263d5f828, 0x6ffffdff)                                                                 = 0
8661 [0x7f5267b6e677] SYS_open(0x7f5267d64998, 0x80000, 0, 0x6ffffdff)                                                             = 3
8661 [0x7f5267b6e697] SYS_read(3, 0x7fff19370938, 832, 0x6ffffdff)                                                                 = 832
8661 [0x7f5267b6e604] SYS_fstat(3, 0x7fff19370810, 0x7fff19370810, 16)                                                             = 0
8661 [0x7f5267b6e80a] SYS_mmap(0, 0x242830, 5, 2050)                                                                               = 0x7f5263820000
8661 [0x7f5267b6e857] SYS_mprotect(0x7f5263863000, 0x1ff000, 0, 2050)                                                              = 0
8661 [0x7f5267b6e80a] SYS_mmap(0x7f5263a62000, 4096, 3, 2066)                                                                      = 0x7f5263a62000
8661 [0x7f5267b6e787] SYS_close(3, 16, 0x7f5263a62630, 0x6ffffdff)                                                                 = 0
8661 [0x7f5267b6e677] SYS_open(0x7f5267d64f70, 0x80000, 0, 0x7f5267d6b9b8)                                                         = 3
8661 [0x7f5267b6e697] SYS_read(3, 0x7fff19370908, 832, 0x7f5267d6b9b8)                                                             = 832
8661 [0x7f5267b6e604] SYS_fstat(3, 0x7fff193707e0, 0x7fff193707e0, 32)                                                             = 0
8661 [0x7f5267b6e80a] SYS_mmap(0, 4096, 3, 34)                                                                                     = 0x7f5267d63000
8661 [0x7f5267b6e80a] SYS_mmap(0, 0x203118, 5, 2050)                                                                               = 0x7f526361c000
8661 [0x7f5267b6e857] SYS_mprotect(0x7f526361e000, 0x200000, 0, 2050)                                                              = 0
8661 [0x7f5267b6e80a] SYS_mmap(0x7f526381e000, 8192, 3, 2066)                                                                      = 0x7f526381e000
8661 [0x7f5267b6e787] SYS_close(3, 16, 0x7f526381ef40, 0x6ffffdff)                                                                 = 0
8661 [0x7f5267b6e80a] SYS_mmap(0, 4096, 3, 34)                                                                                     = 0x7f5267d62000
8661 [0x7f5267b6e80a] SYS_mmap(0, 4096, 3, 34)                                                                                     = 0x7f5267d61000
8661 [0x7f5267b6e80a] SYS_mmap(0, 8192, 3, 34)                                                                                     = 0x7f5267d5f000
8661 [0x7f5267b58044] SYS_arch_prctl(4098, 0x7f5267d5f780, 0x7f5267d60080, 34)                                                     = 0
8661 [0x7f5267b6e857] SYS_mprotect(0x7f52674ae000, 0x4000, 1, 1)                                                                   = 0
8661 [0x7f5267b6e857] SYS_mprotect(0x7f526381e000, 4096, 1, 0x7f526361cc68)                                                        = 0
8661 [0x7f5267b6e857] SYS_mprotect(0x7f5266654000, 4096, 1, 0x7f5266442500)                                                        = 0
8661 [0x7f5267b6e857] SYS_mprotect(0x7f5264355000, 4096, 1, 1)                                                                     = 0
8661 [0x7f5267b6e857] SYS_mprotect(0x7f5264bb4000, 4096, 1, 0x7f52649ada00)                                                        = 0
8661 [0x7f5267b6e857] SYS_mprotect(0x7f5266918000, 0x7000, 1, 0x7f52666b2810)                                                      = 0
8661 [0x7f5267b6e857] SYS_mprotect(0x7f526643b000, 4096, 1, 0x7f5266236d58)                                                        = 0
8661 [0x7f5267b6e857] SYS_mprotect(0x7f5267d77000, 4096, 1, 0)                                                                     = 0
8661 [0x7f5267b6e837] SYS_munmap(0x7f5267d6d000, 0x83b3, 0x72200, 0)                                                               = 0
8661 [0x7f5266443e92] SYS_set_tid_address(0x7f5267d5fa50, 0x7fff193728f8, 0x7f5267d5f780, 0)                                       = 8661
8661 [0x7f5266443efa] SYS_set_robust_list(0x7f5267d5fa60, 24, 0x7f5267d5f780, 0)                                                   = 0
8661 [0x7f526644dcf5] SYS_rt_sigaction(32, 0x7fff19372648, 0, 8)                                                                   = 0
8661 [0x7f526644dcf5] SYS_rt_sigaction(33, 0x7fff19372648, 0, 8)                                                                   = 0
8661 [0x7f5266443fd6] SYS_rt_sigprocmask(1, 0x7fff19372798, 0, 8)                                                                  = 0
8661 [0x7f52671fab17] SYS_getrlimit(3, 0x7fff19372830, 63, 1)                                                                      = 0
8661 [0x7f5266443b95] SYS_futex(0x7f52669227e0, 129, 0x7fffffff, 0)                                                                = 0
8661 [0x4009e1] ledctrl->Hal_Led_Set_Mode(6, 1, 0x7f5267268c60, 0 <unfinished ...>
8661 [0x7f52674be575]   libnhal.so->Hal_Lookup_Hardware_Info(0x7fff19372620, 1, 0x7f5267268c60, 0 <unfinished ...>
8661 [0x7f52671f5557]     SYS_statfs(0x7f52664501e8, 0x7fff19372410, 0x7f5266659310, 1)                                            = 0
8661 [0x7f5266443b95]     SYS_futex(0x7f5266659310, 129, 0x7fffffff, 0)                                                            = 0
8661 [0x7f52671f57e0]     SYS_open(0x7fff19372520, 0xa0002, 484, 1)                                                                = 3
8661 [0x7f52671fe72a]     SYS_mmap(0, 220, 3, 1)                                                                                   = 0x7f5267d75000
8661 [0x7f52671f6070]     SYS_close(3, 220, 3, 1)                                                                                  = 0
8661 [0x7f52674bd7f0]     libnhal.so->Hw_Semaphore_Init(0x7fff193725d0, 0x7f52674c0287, 1, -1 <unfinished ...>
8661 [0x7f52671f5405]       SYS_lstat(0x7fff19372480, 0x7fff19372390, 0x7fff19372390, 0)                                           = -2
8661 [0x7f526644d510]       SYS_open(0x7fff19372480, 194, 600, 0)                                                                  = 3
8661 [0x7f526644cda0]       SYS_write(3, 0x7fff19372500, 32, 0)                                                                    = 32
8661 [0x7f52671fe72a]       SYS_mmap(0, 32, 3, 1)                                                                                  = 0x7f5267d74000
8661 [0x7f52671f71a7]       SYS_link(0x7fff19372480, 0x7fff193724b0, 3, 1)                                                         = -17
8661 [0x7f52671fe757]       SYS_munmap(0x7f5267d74000, 32, 3, 1)                                                                   = 0
8661 [0x7f52671f72c7]       SYS_unlink(0x7fff19372480, 32, 3, 1)                                                                   = 0
8661 [0x7f526644ce60]       SYS_close(3, 32, 3, 1)                                                                                 = 0
8661 [0x7f526644d510]       SYS_open(0x7fff193724b0, 0x20002, 18, 1)                                                               = 3
8661 [0x7f52671f53b4]       SYS_fstat(3, 0x7fff193723e0, 0x7fff193723e0, 1)                                                        = 0
8661 [0x7f52671faf5a]       SYS_brk(0, 0x7f52674b2640, 0, -4096)                                                                   = 0x10e0000
8661 [0x7f52671faf5a]       SYS_brk(0x1101000, 0x10e0000, 0x1101000, -4096)                                                        = 0x1101000
8661 [0x7f52671fe72a]       SYS_mmap(0, 32, 3, 1)                                                                                  = 0x7f5267d74000
8661 [0x7f526644ce60]       SYS_close(3, 32, 0, 3)                                                                                 = 0
8661 [0x7f52674bd7f0]     <... Hw_Semaphore_Init resumed> )                                                                        = 17
8661 [0x7f52674bd800]     libnhal.so->Hw_Semaphore_Lock(0x7fff193725d0, 32, 0x7f5267d74000, -1)                                    = 0
8661 [0x7f52674bd918]     libnhal.so->Hw_Semaphore_Unlock(0x7fff193725d0, 2, 0x7f5267d75000, 0)                                    = 0
8661 [0x7f52674bd924]     libnhal.so->Hw_Semaphore_Release(0x7fff193725d0, 128, 0, 0 <unfinished ...>
8661 [0x7f52671fe757]       SYS_munmap(0x7f5267d74000, 32, 0, 1)                                                                   = 0
8661 [0x7f52674bd924]     <... Hw_Semaphore_Release resumed> )                                                                     = 0
8661 [0x7f52674be575]   <... Hal_Lookup_Hardware_Info resumed> )                                                                   = 0
8661 [0x7f52674be7cc]   libnhal.so->Hal_Led_Detect_Inspection(0x7fff1937270c, 0xffffffff, 0x7f52674be7b0, -7496 <unfinished ...>
8661 [0x7f52674be476]     libnhal.so->Hal_Lookup_Hardware_Info(0x7fff19372530, 0xffffffff, 0x7f52674be7b0, 0 <unfinished ...>
8661 [0x7f52674bd7f0]       libnhal.so->Hw_Semaphore_Init(0x7fff193724e0, 0x7f52674c0287, 1, 0 <unfinished ...>
8661 [0x7f52671f5405]         SYS_lstat(0x7fff19372390, 0x7fff193722a0, 0x7fff193722a0, 0)                                         = -2
8661 [0x7f526644d510]         SYS_open(0x7fff19372390, 194, 600, 0)                                                                = 3
8661 [0x7f526644cda0]         SYS_write(3, 0x7fff19372410, 32, 0)                                                                  = 32
8661 [0x7f52671fe72a]         SYS_mmap(0, 32, 3, 1)                                                                                = 0x7f5267d74000
8661 [0x7f52671f71a7]         SYS_link(0x7fff19372390, 0x7fff193723c0, 3, 1)                                                       = -17
8661 [0x7f52671fe757]         SYS_munmap(0x7f5267d74000, 32, 3, 1)                                                                 = 0
8661 [0x7f52671f72c7]         SYS_unlink(0x7fff19372390, 32, 3, 1)                                                                 = 0
8661 [0x7f526644ce60]         SYS_close(3, 32, 3, 1)                                                                               = 0
8661 [0x7f526644d510]         SYS_open(0x7fff193723c0, 0x20002, 18, 1)                                                             = 3
8661 [0x7f52671f53b4]         SYS_fstat(3, 0x7fff193722f0, 0x7fff193722f0, 1)                                                      = 0
8661 [0x7f52671fe72a]         SYS_mmap(0, 32, 3, 1)                                                                                = 0x7f5267d74000
8661 [0x7f526644ce60]         SYS_close(3, 32, 0, 1)                                                                               = 0
8661 [0x7f52674bd7f0]       <... Hw_Semaphore_Init resumed> )                                                                      = 17
8661 [0x7f52674bd800]       libnhal.so->Hw_Semaphore_Lock(0x7fff193724e0, 32, 0x7f5267d74000, -1)                                  = 0
8661 [0x7f52674bd918]       libnhal.so->Hw_Semaphore_Unlock(0x7fff193724e0, 2, 0x7f5267d75000, 0)                                  = 0
8661 [0x7f52674bd924]       libnhal.so->Hw_Semaphore_Release(0x7fff193724e0, 128, 0, 0 <unfinished ...>
8661 [0x7f52671fe757]         SYS_munmap(0x7f5267d74000, 32, 0, 1)                                                                 = 0
8661 [0x7f52674bd924]       <... Hw_Semaphore_Release resumed> )                                                                   = 0
8661 [0x7f52674be476]     <... Hal_Lookup_Hardware_Info resumed> )                                                                 = 215
8661 [0x7f52674be7cc]   <... Hal_Led_Detect_Inspection resumed> )                                                                  = 0xffffff67
8661 [0x4009e1] <... Hal_Led_Set_Mode resumed> )                                                                                   = 0xffffff67
8661 [0x7f526714f932] libgeneral.so->Trace_Mem_Destroy()(0x7f5266e67d40, 0, 0xde2b246aeeaeeca5, 16)                                = 0
8661 [0x7f52671d2468] SYS_exit_group(-153, 60, -153, 0x7f52674b5a48 <unfinished ...>
8661 [0xffffffffffffffff] +++ exited (status 103) +++
