8677 [0x7fce3477d8aa] SYS_brk(0, 0x7fce34780fa0, 0, 895)                                                                           = 0x1dce000
8677 [0x7fce3477e7e7] SYS_readlink(0x7fff156a6b7f, 0x7fff156a5670, 4096, 0x756e694c00000000)                                       = -2
8677 [0x7fce3477e677] SYS_open(0x7fce347821f3, 0, 0, 0x756e694c00000000)                                                           = 3
8677 [0x7fce3477e7a7] SYS_chdir(0x7fce34989ba8, 0, 0, 0x756e694c00000000)                                                          = -2
8677 [0x7fce3477d9d2] SYS_getcwd(0x7fff156a5670, 4096, 0, 0x756e694c00000000)                                                      = 23
8677 [0x7fce3477e7c7] SYS_fchdir(3, 4096, 0, 0x756e694c00000000)                                                                   = 0
8677 [0x7fce3477e787] SYS_close(3, 4096, 0, 0x756e694c00000000)                                                                    = 0
8677 [0x7fce3477e80a] SYS_mmap(0, 4096, 3, 34)                                                                                     = 0x7fce34986000
8677 [0x7fce3477e6d7] SYS_access(0x7fce34784700, 4, 0x7fce34989718, 0)                                                             = -2
8677 [0x7fce3477e677] SYS_open(0x7fce34782072, 0x80000, 1, 0)                                                                      = 3
8677 [0x7fce3477e604] SYS_fstat(3, 0x7fff156a4e50, 0x7fff156a4e50, 0)                                                              = 0
8677 [0x7fce3477e80a] SYS_mmap(0, 0x83b3, 1, 2)                                                                                    = 0x7fce3497d000
8677 [0x7fce3477e787] SYS_close(3, 0x83b3, 1, 2)                                                                                   = 0
8677 [0x7fce3477e677] SYS_open(0x7fce34986640, 0x80000, 0, 56)                                                                     = 3
8677 [0x7fce3477e697] SYS_read(3, 0x7fff156a4fd8, 832, 56)                                                                         = 832
8677 [0x7fce3477e604] SYS_fstat(3, 0x7fff156a4eb0, 0x7fff156a4eb0, 16)                                                             = 0
8677 [0x7fce3477e80a] SYS_mmap(0, 0x278960, 5, 2050)                                                                               = 0x7fce344ee000
8677 [0x7fce3477e857] SYS_mprotect(0x7fce34564000, 0x200000, 0, 2050)                                                              = 0
8677 [0x7fce3477e80a] SYS_mmap(0x7fce34764000, 0x3000, 3, 2066)                                                                    = 0x7fce34764000
8677 [0x7fce3477e787] SYS_close(3, 16, 0x7fce347643e0, 0x6ffffdff)                                                                 = 0
8677 [0x7fce3477e677] SYS_open(0x7fce34986b10, 0x80000, 0, 0x6ffffdff)                                                             = 3
8677 [0x7fce3477e697] SYS_read(3, 0x7fff156a4fa8, 832, 0x6ffffdff)                                                                 = 832
8677 [0x7fce3477e604] SYS_fstat(3, 0x7fff156a4e80, 0x7fff156a4e80, 16)                                                             = 0
8677 [0x7fce3477e80a] SYS_mmap(0, 0x21bee0, 5, 2050)                                                                               = 0x7fce342d2000
8677 [0x7fce3477e857] SYS_mprotect(0x7fce342ed000, 0x200000, 0, 2050)                                                              = 0
8677 [0x7fce3477e80a] SYS_mmap(0x7fce344ed000, 4096, 3, 2066)                                                                      = 0x7fce344ed000
8677 [0x7fce3477e787] SYS_close(3, 16, 0x7fce344ed208, 0x6ffffdff)                                                                 = 0
8677 [0x7fce3477e677] SYS_open(0x7fce34986fe0, 0x80000, 0, 0x6ffffdff)                                                             = 3
8677 [0x7fce3477e697] SYS_read(3, 0x7fff156a4f78, 832, 0x6ffffdff)                                                                 = 832
8677 [0x7fce3477e604] SYS_fstat(3, 0x7fff156a4e50, 0x7fff156a4e50, 16)                                                             = 0
8677 [0x7fce3477e80a] SYS_mmap(0, 4096, 3, 34)                                                                                     = 0x7fce3497c000
8677 [0x7fce3477e80a] SYS_mmap(0, 0x209ad0, 5, 2050)                                                                               = 0x7fce340c8000
8677 [0x7fce3477e857] SYS_mprotect(0x7fce340d2000, 0x1ff000, 0, 2050)                                                              = 0
8677 [0x7fce3477e80a] SYS_mmap(0x7fce342d1000, 4096, 3, 2066)                                                                      = 0x7fce342d1000
8677 [0x7fce3477e787] SYS_close(3, 16, 0x7fce342d1690, 0x6ffffdff)                                                                 = 0
8677 [0x7fce3477e677] SYS_open(0x7fce3497c4b8, 0x80000, 0, 0x6ffffdff)                                                             = 3
8677 [0x7fce3477e697] SYS_read(3, 0x7fff156a4f48, 832, 0x6ffffdff)                                                                 = 832
8677 [0x7fce3477e604] SYS_fstat(3, 0x7fff156a4e20, 0x7fff156a4e20, 32)                                                             = 0
8677 [0x7fce3477e80a] SYS_mmap(0, 0x39dc40, 5, 2050)                                                                               = 0x7fce33d2a000
8677 [0x7fce3477e857] SYS_mprotect(0x7fce33ebe000, 0x200000, 0, 2050)                                                              = 0
8677 [0x7fce3477e80a] SYS_mmap(0x7fce340be000, 0x6000, 3, 2066)                                                                    = 0x7fce340be000
8677 [0x7fce3477e80a] SYS_mmap(0x7fce340c4000, 0x3c40, 3, 50)                                                                      = 0x7fce340c4000
8677 [0x7fce3477e787] SYS_close(3, 16, 0, 0x6ffffdff)                                                                              = 0
8677 [0x7fce3477e677] SYS_open(0x7fce3497c988, 0x80000, 0, 0x6ffffdff)                                                             = 3
8677 [0x7fce3477e697] SYS_read(3, 0x7fff156a4df8, 832, 0x6ffffdff)                                                                 = 832
8677 [0x7fce3477e604] SYS_fstat(3, 0x7fff156a4cd0, 0x7fff156a4cd0, 16)                                                             = 0
8677 [0x7fce3477e80a] SYS_mmap(0, 0x2b09d0, 5, 2050)                                                                               = 0x7fce33a79000
8677 [0x7fce3477e857] SYS_mprotect(0x7fce33b28000, 0x1ff000, 0, 2050)                                                              = 0
8677 [0x7fce3477e80a] SYS_mmap(0x7fce33d27000, 0x3000, 3, 2066)                                                                    = 0x7fce33d27000
8677 [0x7fce3477e787] SYS_close(3, 16, 0x7fce33d279a8, 0x6ffffdff)                                                                 = 0
8677 [0x7fce3477e677] SYS_open(0x7fce3497ce58, 0x80000, 0, 0x6ffffdff)                                                             = 3
8677 [0x7fce3477e697] SYS_read(3, 0x7fff156a4dc8, 832, 0x6ffffdff)                                                                 = 832
8677 [0x7fce3477e604] SYS_fstat(3, 0x7fff156a4ca0, 0x7fff156a4ca0, 16)                                                             = 0
8677 [0x7fce3477e80a] SYS_mmap(0, 4096, 3, 34)                                                                                     = 0x7fce3497b000
8677 [0x7fce3477e80a] SYS_mmap(0, 0x294ee0, 5, 2050)                                                                               = 0x7fce337e4000
8677 [0x7fce3477e857] SYS_mprotect(0x7fce33876000, 0x1ff000, 0, 2050)                                                              = 0
8677 [0x7fce3477e80a] SYS_mmap(0x7fce33a75000, 0x3000, 3, 2066)                                                                    = 0x7fce33a75000
8677 [0x7fce3477e80a] SYS_mmap(0x7fce33a78000, 3808, 3, 50)                                                                        = 0x7fce33a78000
8677 [0x7fce3477e787] SYS_close(3, 16, 0x7fce33a75e30, 0x6ffffdff)                                                                 = 0
8677 [0x7fce3477e677] SYS_open(0x7fce3497b4b8, 0x80000, 0, 0x6ffffdff)                                                             = 3
8677 [0x7fce3477e697] SYS_read(3, 0x7fff156a4d98, 832, 0x6ffffdff)                                                                 = 832
8677 [0x7fce3477e604] SYS_fstat(3, 0x7fff156a4c70, 0x7fff156a4c70, 16)                                                             = 0
8677 [0x7fce3477e80a] SYS_mmap(0, 0x29d850, 5, 2050)                                                                               = 0x7fce33546000
8677 [0x7fce3477e857] SYS_mprotect(0x7fce335df000, 0x200000, 0, 2050)                                                              = 0
8677 [0x7fce3477e80a] SYS_mmap(0x7fce337df000, 0x3000, 3, 2066)                                                                    = 0x7fce337df000
8677 [0x7fce3477e80a] SYS_mmap(0x7fce337e2000, 6224, 3, 50)                                                                        = 0x7fce337e2000
8677 [0x7fce3477e787] SYS_close(3, 16, 0x7fce337e0cc8, 0x6ffffdff)                                                                 = 0
8677 [0x7fce3477e677] SYS_open(0x7fce3497b9a0, 0x80000, 0, 0x6ffffdff)                                                             = 3
8677 [0x7fce3477e697] SYS_read(3, 0x7fff156a4d68, 832, 0x6ffffdff)                                                                 = 832
8677 [0x7fce3477e604] SYS_fstat(3, 0x7fff156a4c40, 0x7fff156a4c40, 16)                                                             = 0
8677 [0x7fce3477e80a] SYS_mmap(0, 0x2dbbb0, 5, 2050)                                                                               = 0x7fce3326a000
8677 [0x7fce3477e857] SYS_mprotect(0x7fce33328000, 0x200000, 0, 2050)                                                              = 0
8677 [0x7fce3477e80a] SYS_mmap(0x7fce33528000, 0xa000, 3, 2066)                                                                    = 0x7fce33528000
8677 [0x7fce3477e80a] SYS_mmap(0x7fce33532000, 0x13bb0, 3, 50)                                                                     = 0x7fce33532000
8677 [0x7fce3477e787] SYS_close(3, 16, 0x7fce3352e4d8, 0x6ffffdff)                                                                 = 0
8677 [0x7fce3477e677] SYS_open(0x7fce3497be70, 0x80000, 0, 0x6ffffdff)                                                             = 3
8677 [0x7fce3477e697] SYS_read(3, 0x7fff156a4d38, 832, 0x6ffffdff)                                                                 = 832
8677 [0x7fce3477e604] SYS_fstat(3, 0x7fff156a4c10, 0x7fff156a4c10, 32)                                                             = 0
8677 [0x7fce3477e80a] SYS_mmap(0, 4096, 3, 34)                                                                                     = 0x7fce3497a000
8677 [0x7fce3477e80a] SYS_mmap(0, 0x21c490, 5, 2050)                                                                               = 0x7fce3304d000
8677 [0x7fce3477e857] SYS_mprotect(0x7fce33065000, 0x1ff000, 0, 2050)                                                              = 0
8677 [0x7fce3477e80a] SYS_mmap(0x7fce33264000, 8192, 3, 2066)                                                                      = 0x7fce33264000
8677 [0x7fce3477e80a] SYS_mmap(0x7fce33266000, 0x3490, 3, 50)                                                                      = 0x7fce33266000
8677 [0x7fce3477e787] SYS_close(3, 16, 0, 0x6ffffdff)                                                                              = 0
8677 [0x7fce3477e677] SYS_open(0x7fce3497a4b8, 0x80000, 0, 0x6ffffdff)                                                             = 3
8677 [0x7fce3477e697] SYS_read(3, 0x7fff156a4d08, 832, 0x6ffffdff)                                                                 = 832
8677 [0x7fce3477e604] SYS_fstat(3, 0x7fff156a4be0, 0x7fff156a4be0, 32)                                                             = 0
8677 [0x7fce3477e80a] SYS_mmap(0, 0x207bc0, 5, 2050)                                                                               = 0x7fce32e45000
8677 [0x7fce3477e857] SYS_mprotect(0x7fce32e4c000, 0x1ff000, 0, 2050)                                                              = 0
8677 [0x7fce3477e80a] SYS_mmap(0x7fce3304b000, 8192, 3, 2066)                                                                      = 0x7fce3304b000
8677 [0x7fce3477e787] SYS_close(3, 16, 0, 0x6ffffdff)                                                                              = 0
8677 [0x7fce3477e677] SYS_open(0x7fce3497a988, 0x80000, 0, 0x6ffffdff)                                                             = 3
8677 [0x7fce3477e697] SYS_read(3, 0x7fff156a4cd8, 832, 0x6ffffdff)                                                                 = 832
8677 [0x7fce3477e604] SYS_fstat(3, 0x7fff156a4bb0, 0x7fff156a4bb0, 16)                                                             = 0
8677 [0x7fce3477e80a] SYS_mmap(0, 0x202e20, 5, 2050)                                                                               = 0x7fce32c42000
8677 [0x7fce3477e857] SYS_mprotect(0x7fce32c45000, 0x1ff000, 0, 2050)                                                              = 0
8677 [0x7fce3477e80a] SYS_mmap(0x7fce32e44000, 4096, 3, 2066)                                                                      = 0x7fce32e44000
8677 [0x7fce3477e787] SYS_close(3, 16, 0x7fce32e44c28, 0x6ffffdff)                                                                 = 0
8677 [0x7fce3477e677] SYS_open(0x7fce3497ae58, 0x80000, 0, 0x6ffffdff)                                                             = 3
8677 [0x7fce3477e697] SYS_read(3, 0x7fff156a4ca8, 832, 0x6ffffdff)                                                                 = 832
8677 [0x7fce3477e604] SYS_fstat(3, 0x7fff156a4b80, 0x7fff156a4b80, 16)                                                             = 0
8677 [0x7fce3477e80a] SYS_mmap(0, 4096, 3, 34)                                                                                     = 0x7fce34979000
8677 [0x7fce3477e80a] SYS_mmap(0, 0x209850, 5, 2050)                                                                               = 0x7fce32a38000
8677 [0x7fce3477e857] SYS_mprotect(0x7fce32a42000, 0x1ff000, 0, 2050)                                                              = 0
8677 [0x7fce3477e80a] SYS_mmap(0x7fce32c41000, 4096, 3, 2066)                                                                      = 0x7fce32c41000
8677 [0x7fce3477e787] SYS_close(3, 16, 0x7fce32c41618, 0x6ffffdff)                                                                 = 0
8677 [0x7fce3477e677] SYS_open(0x7fce349794b8, 0x80000, 0, 0x6ffffdff)                                                             = 3
8677 [0x7fce3477e697] SYS_read(3, 0x7fff156a4c78, 832, 0x6ffffdff)                                                                 = 832
8677 [0x7fce3477e604] SYS_fstat(3, 0x7fff156a4b50, 0x7fff156a4b50, 16)                                                             = 0
8677 [0x7fce3477e80a] SYS_mmap(0, 0x210868, 5, 2050)                                                                               = 0x7fce32827000
8677 [0x7fce3477e857] SYS_mprotect(0x7fce32838000, 0x1ff000, 0, 2050)                                                              = 0
8677 [0x7fce3477e80a] SYS_mmap(0x7fce32a37000, 4096, 3, 2066)                                                                      = 0x7fce32a37000
8677 [0x7fce3477e787] SYS_close(3, 16, 0x7fce32a37408, 0x6ffffdff)                                                                 = 0
8677 [0x7fce3477e677] SYS_open(0x7fce34979a40, 0x80000, 0, 0x7fce3497a9a0)                                                         = 3
8677 [0x7fce3477e697] SYS_read(3, 0x7fff156a4b18, 832, 0x7fce3497a9a0)                                                             = 832
8677 [0x7fce3477e604] SYS_fstat(3, 0x7fff156a49f0, 0x7fff156a49f0, 16)                                                             = 0
8677 [0x7fce3477e80a] SYS_mmap(0, 0x2032c8, 5, 2050)                                                                               = 0x7fce32623000
8677 [0x7fce3477e857] SYS_mprotect(0x7fce32626000, 0x200000, 0, 2050)                                                              = 0
8677 [0x7fce3477e80a] SYS_mmap(0x7fce32826000, 4096, 3, 2066)                                                                      = 0x7fce32826000
8677 [0x7fce3477e787] SYS_close(3, 16, 0x7fce32826188, 0x6ffffdff)                                                                 = 0
8677 [0x7fce3477e677] SYS_open(0x7fce34979f28, 0x80000, 0, 0x6ffffdff)                                                             = 3
8677 [0x7fce3477e697] SYS_read(3, 0x7fff156a4ae8, 832, 0x6ffffdff)                                                                 = 832
8677 [0x7fce3477e604] SYS_fstat(3, 0x7fff156a49c0, 0x7fff156a49c0, 16)                                                             = 0
8677 [0x7fce3477e80a] SYS_mmap(0, 4096, 3, 34)                                                                                     = 0x7fce34978000
8677 [0x7fce3477e80a] SYS_mmap(0, 0x207820, 5, 2050)                                                                               = 0x7fce3241b000
8677 [0x7fce3477e857] SYS_mprotect(0x7fce32422000, 0x200000, 0, 2050)                                                              = 0
8677 [0x7fce3477e80a] SYS_mmap(0x7fce32622000, 4096, 3, 2066)                                                                      = 0x7fce32622000
8677 [0x7fce3477e787] SYS_close(3, 16, 0x7fce32622188, 0x6ffffdff)                                                                 = 0
8677 [0x7fce3477e677] SYS_open(0x7fce349784c8, 0x80000, 0, 0x6ffffdff)                                                             = 3
8677 [0x7fce3477e697] SYS_read(3, 0x7fff156a4ab8, 832, 0x6ffffdff)                                                                 = 832
8677 [0x7fce3477e604] SYS_fstat(3, 0x7fff156a4990, 0x7fff156a4990, 16)                                                             = 0
8677 [0x7fce3477e80a] SYS_mmap(0, 0x201f30, 5, 2050)                                                                               = 0x7fce32219000
8677 [0x7fce3477e857] SYS_mprotect(0x7fce3221b000, 0x1ff000, 0, 2050)                                                              = 0
8677 [0x7fce3477e80a] SYS_mmap(0x7fce3241a000, 4096, 3, 2066)                                                                      = 0x7fce3241a000
8677 [0x7fce3477e787] SYS_close(3, 16, 0x7fce3241ae18, 0x6ffffdff)                                                                 = 0
8677 [0x7fce3477e677] SYS_open(0x7fce34978a60, 0x80000, 0, 0x7fce3497c4d0)                                                         = 3
8677 [0x7fce3477e697] SYS_read(3, 0x7fff156a4a88, 832, 0x7fce3497c4d0)                                                             = 832
8677 [0x7fce3477e604] SYS_fstat(3, 0x7fff156a4960, 0x7fff156a4960, 16)                                                             = 0
8677 [0x7fce3477e80a] SYS_mmap(0, 0x2022e8, 5, 2050)                                                                               = 0x7fce32016000
8677 [0x7fce3477e857] SYS_mprotect(0x7fce32018000, 0x200000, 0, 2050)                                                              = 0
8677 [0x7fce3477e80a] SYS_mmap(0x7fce32218000, 4096, 3, 2066)                                                                      = 0x7fce32218000
8677 [0x7fce3477e787] SYS_close(3, 16, 0x7fce32218198, 0x6ffffdff)                                                                 = 0
8677 [0x7fce3477e677] SYS_open(0x7fce34978f40, 0x80000, 0, 0x6ffffdff)                                                             = 3
8677 [0x7fce3477e697] SYS_read(3, 0x7fff156a4a58, 832, 0x6ffffdff)                                                                 = 832
8677 [0x7fce3477e604] SYS_fstat(3, 0x7fff156a4930, 0x7fff156a4930, 16)                                                             = 0
8677 [0x7fce3477e80a] SYS_mmap(0, 4096, 3, 34)                                                                                     = 0x7fce34977000
8677 [0x7fce3477e80a] SYS_mmap(0, 0x201f30, 5, 2050)                                                                               = 0x7fce31e14000
8677 [0x7fce3477e857] SYS_mprotect(0x7fce31e16000, 0x1ff000, 0, 2050)                                                              = 0
8677 [0x7fce3477e80a] SYS_mmap(0x7fce32015000, 4096, 3, 2066)                                                                      = 0x7fce32015000
8677 [0x7fce3477e787] SYS_close(3, 16, 0x7fce32015e18, 0x6ffffdff)                                                                 = 0
8677 [0x7fce3477e677] SYS_open(0x7fce349774c0, 0x80000, 0, 0x6ffffdff)                                                             = 3
8677 [0x7fce3477e697] SYS_read(3, 0x7fff156a4a28, 832, 0x6ffffdff)                                                                 = 832
8677 [0x7fce3477e604] SYS_fstat(3, 0x7fff156a4900, 0x7fff156a4900, 16)                                                             = 0
8677 [0x7fce3477e80a] SYS_mmap(0, 0x2038b8, 5, 2050)                                                                               = 0x7fce31c10000
8677 [0x7fce3477e857] SYS_mprotect(0x7fce31c14000, 0x1ff000, 0, 2050)                                                              = 0
8677 [0x7fce3477e80a] SYS_mmap(0x7fce31e13000, 4096, 3, 2066)                                                                      = 0x7fce31e13000
8677 [0x7fce3477e787] SYS_close(3, 16, 0x7fce31e13748, 0x6ffffdff)                                                                 = 0
8677 [0x7fce3477e677] SYS_open(0x7fce34977a60, 0x80000, 0, 0x7fce3497a000)                                                         = 3
8677 [0x7fce3477e697] SYS_read(3, 0x7fff156a49c8, 832, 0x7fce3497a000)                                                             = 832
8677 [0x7fce3477e604] SYS_fstat(3, 0x7fff156a48a0, 0x7fff156a48a0, 16)                                                             = 0
8677 [0x7fce3477e80a] SYS_mmap(0, 0x210848, 5, 2050)                                                                               = 0x7fce319ff000
8677 [0x7fce3477e857] SYS_mprotect(0x7fce31a0f000, 0x1ff000, 0, 2050)                                                              = 0
8677 [0x7fce3477e80a] SYS_mmap(0x7fce31c0e000, 8192, 3, 2066)                                                                      = 0x7fce31c0e000
8677 [0x7fce3477e787] SYS_close(3, 16, 0x7fce31c0ed90, 0x6ffffdff)                                                                 = 0
8677 [0x7fce3477e677] SYS_open(0x7fce34977f48, 0x80000, 0, 0x6ffffdff)                                                             = 3
8677 [0x7fce3477e697] SYS_read(3, 0x7fff156a4998, 832, 0x6ffffdff)                                                                 = 832
8677 [0x7fce3477e604] SYS_fstat(3, 0x7fff156a4870, 0x7fff156a4870, 16)                                                             = 0
8677 [0x7fce3477e80a] SYS_mmap(0, 4096, 3, 34)                                                                                     = 0x7fce34976000
8677 [0x7fce3477e80a] SYS_mmap(0, 0x20acf0, 5, 2050)                                                                               = 0x7fce317f4000
8677 [0x7fce3477e857] SYS_mprotect(0x7fce317ff000, 0x1ff000, 0, 2050)                                                              = 0
8677 [0x7fce3477e80a] SYS_mmap(0x7fce319fe000, 4096, 3, 2066)                                                                      = 0x7fce319fe000
8677 [0x7fce3477e787] SYS_close(3, 16, 0x7fce319fe750, 0x6ffffdff)                                                                 = 0
8677 [0x7fce3477e677] SYS_open(0x7fce34976560, 0x80000, 0, 0x7fce3497a000)                                                         = 3
8677 [0x7fce3477e697] SYS_read(3, 0x7fff156a4968, 832, 0x7fce3497a000)                                                             = 832
8677 [0x7fce3477e604] SYS_fstat(3, 0x7fff156a4840, 0x7fff156a4840, 32)                                                             = 0
8677 [0x7fce3477e80a] SYS_mmap(0, 0x2361e0, 5, 2050)                                                                               = 0x7fce315bd000
8677 [0x7fce3477e857] SYS_mprotect(0x7fce315c5000, 0x1ff000, 0, 2050)                                                              = 0
8677 [0x7fce3477e80a] SYS_mmap(0x7fce317c4000, 8192, 3, 2066)                                                                      = 0x7fce317c4000
8677 [0x7fce3477e80a] SYS_mmap(0x7fce317c6000, 0x2d1e0, 3, 50)                                                                     = 0x7fce317c6000
8677 [0x7fce3477e787] SYS_close(3, 16, 0, 0x6ffffdff)                                                                              = 0
8677 [0x7fce3477e677] SYS_open(0x7fce34976a30, 0x80000, 0, 0x6ffffdff)                                                             = 3
8677 [0x7fce3477e697] SYS_read(3, 0x7fff156a4938, 832, 0x6ffffdff)                                                                 = 832
8677 [0x7fce3477e604] SYS_fstat(3, 0x7fff156a4810, 0x7fff156a4810, 16)                                                             = 0
8677 [0x7fce3477e80a] SYS_mmap(0, 0x43fe88, 5, 2050)                                                                               = 0x7fce3117d000
8677 [0x7fce3477e857] SYS_mprotect(0x7fce31392000, 0x200000, 0, 2050)                                                              = 0
8677 [0x7fce3477e80a] SYS_mmap(0x7fce31592000, 0x27000, 3, 2066)                                                                   = 0x7fce31592000
8677 [0x7fce3477e80a] SYS_mmap(0x7fce315b9000, 0x3e88, 3, 50)                                                                      = 0x7fce315b9000
8677 [0x7fce3477e857] SYS_mprotect(0x7fff156a6000, 4096, 0x1000007, 4)                                                             = 0
8677 [0x7fce3477e787] SYS_close(3, 4096, 0x1000007, 4)                                                                             = 0
8677 [0x7fce3477e677] SYS_open(0x7fce34976fb0, 0x80000, 0, 0x7fce349794d0)                                                         = 3
8677 [0x7fce3477e697] SYS_read(3, 0x7fff156a4908, 832, 0x7fce349794d0)                                                             = 832
8677 [0x7fce3477e604] SYS_fstat(3, 0x7fff156a47e0, 0x7fff156a47e0, 16)                                                             = 0
8677 [0x7fce3477e80a] SYS_mmap(0, 4096, 3, 34)                                                                                     = 0x7fce34975000
8677 [0x7fce3477e80a] SYS_mmap(0, 0x215730, 5, 2050)                                                                               = 0x7fce30f67000
8677 [0x7fce3477e857] SYS_mprotect(0x7fce30f7d000, 0x1ff000, 0, 2050)                                                              = 0
8677 [0x7fce3477e80a] SYS_mmap(0x7fce3117c000, 4096, 3, 2066)                                                                      = 0x7fce3117c000
8677 [0x7fce3477e787] SYS_close(3, 16, 0x7fce3117c490, 0x6ffffdff)                                                                 = 0
8677 [0x7fce3477e677] SYS_open(0x7fce349754f0, 0x80000, 0, 0x6ffffdff)                                                             = 3
8677 [0x7fce3477e697] SYS_read(3, 0x7fff156a48d8, 832, 0x6ffffdff)                                                                 = 832
8677 [0x7fce3477e604] SYS_fstat(3, 0x7fff156a47b0, 0x7fff156a47b0, 32)                                                             = 0
8677 [0x7fce3477e80a] SYS_mmap(0, 0x2fd148, 5, 2050)                                                                               = 0x7fce30c69000
8677 [0x7fce3477e857] SYS_mprotect(0x7fce30d66000, 0x1ff000, 0, 2050)                                                              = 0
8677 [0x7fce3477e80a] SYS_mmap(0x7fce30f65000, 8192, 3, 2066)                                                                      = 0x7fce30f65000
8677 [0x7fce3477e787] SYS_close(3, 16, 0, 0x6ffffdff)                                                                              = 0
8677 [0x7fce3477e677] SYS_open(0x7fff156a46a0, 0x80000, 0, 0x36782f39325f3130)                                                     = -2
8677 [0x7fce3477e5c5] SYS_stat(0x7fff156a46a0, 0x7fff156a4780, 0x7fff156a4780, 0x36782f39325f3130)                                 = -2
8677 [0x7fce3477e677] SYS_open(0x7fff156a46a0, 0x80000, 0, 0x36782f39325f3130)                                                     = -2
8677 [0x7fce3477e5c5] SYS_stat(0x7fff156a46a0, 0x7fff156a4780, 0x7fff156a4780, 0x36782f39325f3130)                                 = -2
8677 [0x7fce3477e677] SYS_open(0x7fff156a46a0, 0x80000, 0, 0x36782f39325f3130)                                                     = -2
8677 [0x7fce3477e5c5] SYS_stat(0x7fff156a46a0, 0x7fff156a4780, 0x7fff156a4780, 0x36782f39325f3130)                                 = -2
8677 [0x7fce3477e677] SYS_open(0x7fff156a46a0, 0x80000, 0, 0x36782f39325f3130)                                                     = -2
8677 [0x7fce3477e5c5] SYS_stat(0x7fff156a46a0, 0x7fff156a4780, 0x7fff156a4780, 0x36782f39325f3130)                                 = -2
8677 [0x7fce3477e677] SYS_open(0x7fce34975dd0, 0x80000, 0, 0x36782f39325f3130)                                                     = 3
8677 [0x7fce3477e697] SYS_read(3, 0x7fff156a48a8, 832, 0x36782f39325f3130)                                                         = 832
8677 [0x7fce3477e604] SYS_fstat(3, 0x7fff156a4780, 0x7fff156a4780, 16)                                                             = 0
8677 [0x7fce3477e80a] SYS_mmap(0, 4096, 3, 34)                                                                                     = 0x7fce34974000
8677 [0x7fce3477e80a] SYS_mmap(0, 0x2f8980, 5, 2050)                                                                               = 0x7fce30970000
8677 [0x7fce3477e857] SYS_mprotect(0x7fce30a67000, 0x200000, 0, 2050)                                                              = 0
8677 [0x7fce3477e80a] SYS_mmap(0x7fce30c67000, 8192, 3, 2066)                                                                      = 0x7fce30c67000
8677 [0x7fce3477e787] SYS_close(3, 16, 0x7fce30c673a0, 0x6ffffdff)                                                                 = 0
8677 [0x7fce3477e677] SYS_open(0x7fce349744c8, 0x80000, 0, 0x6ffffdff)                                                             = 3
8677 [0x7fce3477e697] SYS_read(3, 0x7fff156a4878, 832, 0x6ffffdff)                                                                 = 832
8677 [0x7fce3477e604] SYS_fstat(3, 0x7fff156a4750, 0x7fff156a4750, 16)                                                             = 0
8677 [0x7fce3477e80a] SYS_mmap(0, 0x2fc9d8, 5, 2050)                                                                               = 0x7fce30673000
8677 [0x7fce3477e857] SYS_mprotect(0x7fce3076e000, 0x200000, 0, 2050)                                                              = 0
8677 [0x7fce3477e80a] SYS_mmap(0x7fce3096e000, 8192, 3, 2066)                                                                      = 0x7fce3096e000
8677 [0x7fce3477e787] SYS_close(3, 16, 0x7fce3096f828, 0x6ffffdff)                                                                 = 0
8677 [0x7fce3477e677] SYS_open(0x7fce34974998, 0x80000, 0, 0x6ffffdff)                                                             = 3
8677 [0x7fce3477e697] SYS_read(3, 0x7fff156a4848, 832, 0x6ffffdff)                                                                 = 832
8677 [0x7fce3477e604] SYS_fstat(3, 0x7fff156a4720, 0x7fff156a4720, 16)                                                             = 0
8677 [0x7fce3477e80a] SYS_mmap(0, 0x242830, 5, 2050)                                                                               = 0x7fce30430000
8677 [0x7fce3477e857] SYS_mprotect(0x7fce30473000, 0x1ff000, 0, 2050)                                                              = 0
8677 [0x7fce3477e80a] SYS_mmap(0x7fce30672000, 4096, 3, 2066)                                                                      = 0x7fce30672000
8677 [0x7fce3477e787] SYS_close(3, 16, 0x7fce30672630, 0x6ffffdff)                                                                 = 0
8677 [0x7fce3477e677] SYS_open(0x7fce34974f70, 0x80000, 0, 0x7fce3497b9b8)                                                         = 3
8677 [0x7fce3477e697] SYS_read(3, 0x7fff156a4818, 832, 0x7fce3497b9b8)                                                             = 832
8677 [0x7fce3477e604] SYS_fstat(3, 0x7fff156a46f0, 0x7fff156a46f0, 32)                                                             = 0
8677 [0x7fce3477e80a] SYS_mmap(0, 4096, 3, 34)                                                                                     = 0x7fce34973000
8677 [0x7fce3477e80a] SYS_mmap(0, 0x203118, 5, 2050)                                                                               = 0x7fce3022c000
8677 [0x7fce3477e857] SYS_mprotect(0x7fce3022e000, 0x200000, 0, 2050)                                                              = 0
8677 [0x7fce3477e80a] SYS_mmap(0x7fce3042e000, 8192, 3, 2066)                                                                      = 0x7fce3042e000
8677 [0x7fce3477e787] SYS_close(3, 16, 0x7fce3042ef40, 0x6ffffdff)                                                                 = 0
8677 [0x7fce3477e80a] SYS_mmap(0, 4096, 3, 34)                                                                                     = 0x7fce34972000
8677 [0x7fce3477e80a] SYS_mmap(0, 4096, 3, 34)                                                                                     = 0x7fce34971000
8677 [0x7fce3477e80a] SYS_mmap(0, 8192, 3, 34)                                                                                     = 0x7fce3496f000
8677 [0x7fce34768044] SYS_arch_prctl(4098, 0x7fce3496f780, 0x7fce34970080, 34)                                                     = 0
8677 [0x7fce3477e857] SYS_mprotect(0x7fce340be000, 0x4000, 1, 1)                                                                   = 0
8677 [0x7fce3477e857] SYS_mprotect(0x7fce3042e000, 4096, 1, 0x7fce3022cc68)                                                        = 0
8677 [0x7fce3477e857] SYS_mprotect(0x7fce33264000, 4096, 1, 0x7fce33052500)                                                        = 0
8677 [0x7fce3477e857] SYS_mprotect(0x7fce30f65000, 4096, 1, 1)                                                                     = 0
8677 [0x7fce3477e857] SYS_mprotect(0x7fce317c4000, 4096, 1, 0x7fce315bda00)                                                        = 0
8677 [0x7fce3477e857] SYS_mprotect(0x7fce33528000, 0x7000, 1, 0x7fce332c2810)                                                      = 0
8677 [0x7fce3477e857] SYS_mprotect(0x7fce3304b000, 4096, 1, 0x7fce32e46d58)                                                        = 0
8677 [0x7fce3477e857] SYS_mprotect(0x7fce34987000, 4096, 1, 0)                                                                     = 0
8677 [0x7fce3477e837] SYS_munmap(0x7fce3497d000, 0x83b3, 0x80200, 0)                                                               = 0
8677 [0x7fce33053e92] SYS_set_tid_address(0x7fce3496fa50, 0x7fff156a6808, 0x7fce3496f780, 0)                                       = 8677
8677 [0x7fce33053efa] SYS_set_robust_list(0x7fce3496fa60, 24, 0x7fce3496f780, 0)                                                   = 0
8677 [0x7fce3305dcf5] SYS_rt_sigaction(32, 0x7fff156a6558, 0, 8)                                                                   = 0
8677 [0x7fce3305dcf5] SYS_rt_sigaction(33, 0x7fff156a6558, 0, 8)                                                                   = 0
8677 [0x7fce33053fd6] SYS_rt_sigprocmask(1, 0x7fff156a66a8, 0, 8)                                                                  = 0
8677 [0x7fce33e0ab17] SYS_getrlimit(3, 0x7fff156a6740, 63, 1)                                                                      = 0
8677 [0x7fce33053b95] SYS_futex(0x7fce335327e0, 129, 0x7fffffff, 0)                                                                = 0
8677 [0x4009e1] ledctrl->Hal_Led_Set_Mode(10, 2, 0x7fce33e78c60, 0 <unfinished ...>
8677 [0x7fce340ce575]   libnhal.so->Hal_Lookup_Hardware_Info(0x7fff156a6530, 2, 0x7fce33e78c60, 0 <unfinished ...>
8677 [0x7fce33e05557]     SYS_statfs(0x7fce330601e8, 0x7fff156a6320, 0x7fce33269310, 1)                                            = 0
8677 [0x7fce33053b95]     SYS_futex(0x7fce33269310, 129, 0x7fffffff, 0)                                                            = 0
8677 [0x7fce33e057e0]     SYS_open(0x7fff156a6430, 0xa0002, 484, 1)                                                                = 3
8677 [0x7fce33e0e72a]     SYS_mmap(0, 220, 3, 1)                                                                                   = 0x7fce34985000
8677 [0x7fce33e06070]     SYS_close(3, 220, 3, 1)                                                                                  = 0
8677 [0x7fce340cd7f0]     libnhal.so->Hw_Semaphore_Init(0x7fff156a64e0, 0x7fce340d0287, 1, -1 <unfinished ...>
8677 [0x7fce33e05405]       SYS_lstat(0x7fff156a6390, 0x7fff156a62a0, 0x7fff156a62a0, 0)                                           = -2
8677 [0x7fce3305d510]       SYS_open(0x7fff156a6390, 194, 600, 0)                                                                  = 3
8677 [0x7fce3305cda0]       SYS_write(3, 0x7fff156a6410, 32, 0)                                                                    = 32
8677 [0x7fce33e0e72a]       SYS_mmap(0, 32, 3, 1)                                                                                  = 0x7fce34984000
8677 [0x7fce33e071a7]       SYS_link(0x7fff156a6390, 0x7fff156a63c0, 3, 1)                                                         = -17
8677 [0x7fce33e0e757]       SYS_munmap(0x7fce34984000, 32, 3, 1)                                                                   = 0
8677 [0x7fce33e072c7]       SYS_unlink(0x7fff156a6390, 32, 3, 1)                                                                   = 0
8677 [0x7fce3305ce60]       SYS_close(3, 32, 3, 1)                                                                                 = 0
8677 [0x7fce3305d510]       SYS_open(0x7fff156a63c0, 0x20002, 18, 1)                                                               = 3
8677 [0x7fce33e053b4]       SYS_fstat(3, 0x7fff156a62f0, 0x7fff156a62f0, 1)                                                        = 0
8677 [0x7fce33e0af5a]       SYS_brk(0, 0x7fce340c2640, 0, -4096)                                                                   = 0x1dce000
8677 [0x7fce33e0af5a]       SYS_brk(0x1def000, 0x1dce000, 0x1def000, -4096)                                                        = 0x1def000
8677 [0x7fce33e0e72a]       SYS_mmap(0, 32, 3, 1)                                                                                  = 0x7fce34984000
8677 [0x7fce3305ce60]       SYS_close(3, 32, 0, 3)                                                                                 = 0
8677 [0x7fce340cd7f0]     <... Hw_Semaphore_Init resumed> )                                                                        = 17
8677 [0x7fce340cd800]     libnhal.so->Hw_Semaphore_Lock(0x7fff156a64e0, 32, 0x7fce34984000, -1)                                    = 0
8677 [0x7fce340cd918]     libnhal.so->Hw_Semaphore_Unlock(0x7fff156a64e0, 2, 0x7fce34985000, 0)                                    = 0
8677 [0x7fce340cd924]     libnhal.so->Hw_Semaphore_Release(0x7fff156a64e0, 128, 0, 0 <unfinished ...>
8677 [0x7fce33e0e757]       SYS_munmap(0x7fce34984000, 32, 0, 1)                                                                   = 0
8677 [0x7fce340cd924]     <... Hw_Semaphore_Release resumed> )                                                                     = 0
8677 [0x7fce340ce575]   <... Hal_Lookup_Hardware_Info resumed> )                                                                   = 0
8677 [0x4009e1] <... Hal_Led_Set_Mode resumed> )                                                                                   = 0xffffffea
8677 [0x7fce33d5f932] libgeneral.so->Trace_Mem_Destroy()(0x7fce33a77d40, 0, 0x5274913164a33945, 16)                                = 0
8677 [0x7fce33de2468] SYS_exit_group(-22, 60, -22, 0x7fce340c5a48 <unfinished ...>
8677 [0xffffffffffffffff] +++ exited (status 234) +++
