7906 [0x7f0686d558aa] SYS_brk(0, 0x7f0686d58fa0, 0, 895)                                                                           = 0x118a000
7906 [0x7f0686d567e7] SYS_readlink(0x7fffc4337b7b, 0x7fffc4335680, 4096, 0x756e694c00000000)                                       = -2
7906 [0x7f0686d56677] SYS_open(0x7f0686d5a1f3, 0, 0, 0x756e694c00000000)                                                           = 3
7906 [0x7f0686d567a7] SYS_chdir(0x7f0686f61ba8, 0, 0, 0x756e694c00000000)                                                          = -2
7906 [0x7f0686d559d2] SYS_getcwd(0x7fffc4335680, 4096, 0, 0x756e694c00000000)                                                      = 23
7906 [0x7f0686d567c7] SYS_fchdir(3, 4096, 0, 0x756e694c00000000)                                                                   = 0
7906 [0x7f0686d56787] SYS_close(3, 4096, 0, 0x756e694c00000000)                                                                    = 0
7906 [0x7f0686d5680a] SYS_mmap(0, 4096, 3, 34)                                                                                     = 0x7f0686f5e000
7906 [0x7f0686d566d7] SYS_access(0x7f0686d5c700, 4, 0x7f0686f61718, 0)                                                             = -2
7906 [0x7f0686d56677] SYS_open(0x7f0686d5a072, 0x80000, 1, 0)                                                                      = 3
7906 [0x7f0686d56604] SYS_fstat(3, 0x7fffc4334e60, 0x7fffc4334e60, 0)                                                              = 0
7906 [0x7f0686d5680a] SYS_mmap(0, 0x83b3, 1, 2)                                                                                    = 0x7f0686f55000
7906 [0x7f0686d56787] SYS_close(3, 0x83b3, 1, 2)                                                                                   = 0
7906 [0x7f0686d56677] SYS_open(0x7f0686f5e640, 0x80000, 0, 56)                                                                     = 3
7906 [0x7f0686d56697] SYS_read(3, 0x7fffc4334fe8, 832, 56)                                                                         = 832
7906 [0x7f0686d56604] SYS_fstat(3, 0x7fffc4334ec0, 0x7fffc4334ec0, 16)                                                             = 0
7906 [0x7f0686d5680a] SYS_mmap(0, 0x278960, 5, 2050)                                                                               = 0x7f0686ac6000
7906 [0x7f0686d56857] SYS_mprotect(0x7f0686b3c000, 0x200000, 0, 2050)                                                              = 0
7906 [0x7f0686d5680a] SYS_mmap(0x7f0686d3c000, 0x3000, 3, 2066)                                                                    = 0x7f0686d3c000
7906 [0x7f0686d56787] SYS_close(3, 16, 0x7f0686d3c3e0, 0x6ffffdff)                                                                 = 0
7906 [0x7f0686d56677] SYS_open(0x7f0686f5eb10, 0x80000, 0, 0x6ffffdff)                                                             = 3
7906 [0x7f0686d56697] SYS_read(3, 0x7fffc4334fb8, 832, 0x6ffffdff)                                                                 = 832
7906 [0x7f0686d56604] SYS_fstat(3, 0x7fffc4334e90, 0x7fffc4334e90, 16)                                                             = 0
7906 [0x7f0686d5680a] SYS_mmap(0, 0x21bee0, 5, 2050)                                                                               = 0x7f06868aa000
7906 [0x7f0686d56857] SYS_mprotect(0x7f06868c5000, 0x200000, 0, 2050)                                                              = 0
7906 [0x7f0686d5680a] SYS_mmap(0x7f0686ac5000, 4096, 3, 2066)                                                                      = 0x7f0686ac5000
7906 [0x7f0686d56787] SYS_close(3, 16, 0x7f0686ac5208, 0x6ffffdff)                                                                 = 0
7906 [0x7f0686d56677] SYS_open(0x7f0686f5efe0, 0x80000, 0, 0x6ffffdff)                                                             = 3
7906 [0x7f0686d56697] SYS_read(3, 0x7fffc4334f88, 832, 0x6ffffdff)                                                                 = 832
7906 [0x7f0686d56604] SYS_fstat(3, 0x7fffc4334e60, 0x7fffc4334e60, 16)                                                             = 0
7906 [0x7f0686d5680a] SYS_mmap(0, 4096, 3, 34)                                                                                     = 0x7f0686f54000
7906 [0x7f0686d5680a] SYS_mmap(0, 0x209ad0, 5, 2050)                                                                               = 0x7f06866a0000
7906 [0x7f0686d56857] SYS_mprotect(0x7f06866aa000, 0x1ff000, 0, 2050)                                                              = 0
7906 [0x7f0686d5680a] SYS_mmap(0x7f06868a9000, 4096, 3, 2066)                                                                      = 0x7f06868a9000
7906 [0x7f0686d56787] SYS_close(3, 16, 0x7f06868a9690, 0x6ffffdff)                                                                 = 0
7906 [0x7f0686d56677] SYS_open(0x7f0686f544b8, 0x80000, 0, 0x6ffffdff)                                                             = 3
7906 [0x7f0686d56697] SYS_read(3, 0x7fffc4334f58, 832, 0x6ffffdff)                                                                 = 832
7906 [0x7f0686d56604] SYS_fstat(3, 0x7fffc4334e30, 0x7fffc4334e30, 32)                                                             = 0
7906 [0x7f0686d5680a] SYS_mmap(0, 0x39dc40, 5, 2050)                                                                               = 0x7f0686302000
7906 [0x7f0686d56857] SYS_mprotect(0x7f0686496000, 0x200000, 0, 2050)                                                              = 0
7906 [0x7f0686d5680a] SYS_mmap(0x7f0686696000, 0x6000, 3, 2066)                                                                    = 0x7f0686696000
7906 [0x7f0686d5680a] SYS_mmap(0x7f068669c000, 0x3c40, 3, 50)                                                                      = 0x7f068669c000
7906 [0x7f0686d56787] SYS_close(3, 16, 0, 0x6ffffdff)                                                                              = 0
7906 [0x7f0686d56677] SYS_open(0x7f0686f54988, 0x80000, 0, 0x6ffffdff)                                                             = 3
7906 [0x7f0686d56697] SYS_read(3, 0x7fffc4334e08, 832, 0x6ffffdff)                                                                 = 832
7906 [0x7f0686d56604] SYS_fstat(3, 0x7fffc4334ce0, 0x7fffc4334ce0, 16)                                                             = 0
7906 [0x7f0686d5680a] SYS_mmap(0, 0x2b09d0, 5, 2050)                                                                               = 0x7f0686051000
7906 [0x7f0686d56857] SYS_mprotect(0x7f0686100000, 0x1ff000, 0, 2050)                                                              = 0
7906 [0x7f0686d5680a] SYS_mmap(0x7f06862ff000, 0x3000, 3, 2066)                                                                    = 0x7f06862ff000
7906 [0x7f0686d56787] SYS_close(3, 16, 0x7f06862ff9a8, 0x6ffffdff)                                                                 = 0
7906 [0x7f0686d56677] SYS_open(0x7f0686f54e58, 0x80000, 0, 0x6ffffdff)                                                             = 3
7906 [0x7f0686d56697] SYS_read(3, 0x7fffc4334dd8, 832, 0x6ffffdff)                                                                 = 832
7906 [0x7f0686d56604] SYS_fstat(3, 0x7fffc4334cb0, 0x7fffc4334cb0, 16)                                                             = 0
7906 [0x7f0686d5680a] SYS_mmap(0, 4096, 3, 34)                                                                                     = 0x7f0686f53000
7906 [0x7f0686d5680a] SYS_mmap(0, 0x294ee0, 5, 2050)                                                                               = 0x7f0685dbc000
7906 [0x7f0686d56857] SYS_mprotect(0x7f0685e4e000, 0x1ff000, 0, 2050)                                                              = 0
7906 [0x7f0686d5680a] SYS_mmap(0x7f068604d000, 0x3000, 3, 2066)                                                                    = 0x7f068604d000
7906 [0x7f0686d5680a] SYS_mmap(0x7f0686050000, 3808, 3, 50)                                                                        = 0x7f0686050000
7906 [0x7f0686d56787] SYS_close(3, 16, 0x7f068604de30, 0x6ffffdff)                                                                 = 0
7906 [0x7f0686d56677] SYS_open(0x7f0686f534b8, 0x80000, 0, 0x6ffffdff)                                                             = 3
7906 [0x7f0686d56697] SYS_read(3, 0x7fffc4334da8, 832, 0x6ffffdff)                                                                 = 832
7906 [0x7f0686d56604] SYS_fstat(3, 0x7fffc4334c80, 0x7fffc4334c80, 16)                                                             = 0
7906 [0x7f0686d5680a] SYS_mmap(0, 0x29d850, 5, 2050)                                                                               = 0x7f0685b1e000
7906 [0x7f0686d56857] SYS_mprotect(0x7f0685bb7000, 0x200000, 0, 2050)                                                              = 0
7906 [0x7f0686d5680a] SYS_mmap(0x7f0685db7000, 0x3000, 3, 2066)                                                                    = 0x7f0685db7000
7906 [0x7f0686d5680a] SYS_mmap(0x7f0685dba000, 6224, 3, 50)                                                                        = 0x7f0685dba000
7906 [0x7f0686d56787] SYS_close(3, 16, 0x7f0685db8cc8, 0x6ffffdff)                                                                 = 0
7906 [0x7f0686d56677] SYS_open(0x7f0686f539a0, 0x80000, 0, 0x6ffffdff)                                                             = 3
7906 [0x7f0686d56697] SYS_read(3, 0x7fffc4334d78, 832, 0x6ffffdff)                                                                 = 832
7906 [0x7f0686d56604] SYS_fstat(3, 0x7fffc4334c50, 0x7fffc4334c50, 16)                                                             = 0
7906 [0x7f0686d5680a] SYS_mmap(0, 0x2dbbb0, 5, 2050)                                                                               = 0x7f0685842000
7906 [0x7f0686d56857] SYS_mprotect(0x7f0685900000, 0x200000, 0, 2050)                                                              = 0
7906 [0x7f0686d5680a] SYS_mmap(0x7f0685b00000, 0xa000, 3, 2066)                                                                    = 0x7f0685b00000
7906 [0x7f0686d5680a] SYS_mmap(0x7f0685b0a000, 0x13bb0, 3, 50)                                                                     = 0x7f0685b0a000
7906 [0x7f0686d56787] SYS_close(3, 16, 0x7f0685b064d8, 0x6ffffdff)                                                                 = 0
7906 [0x7f0686d56677] SYS_open(0x7f0686f53e70, 0x80000, 0, 0x6ffffdff)                                                             = 3
7906 [0x7f0686d56697] SYS_read(3, 0x7fffc4334d48, 832, 0x6ffffdff)                                                                 = 832
7906 [0x7f0686d56604] SYS_fstat(3, 0x7fffc4334c20, 0x7fffc4334c20, 32)                                                             = 0
7906 [0x7f0686d5680a] SYS_mmap(0, 4096, 3, 34)                                                                                     = 0x7f0686f52000
7906 [0x7f0686d5680a] SYS_mmap(0, 0x21c490, 5, 2050)                                                                               = 0x7f0685625000
7906 [0x7f0686d56857] SYS_mprotect(0x7f068563d000, 0x1ff000, 0, 2050)                                                              = 0
7906 [0x7f0686d5680a] SYS_mmap(0x7f068583c000, 8192, 3, 2066)                                                                      = 0x7f068583c000
7906 [0x7f0686d5680a] SYS_mmap(0x7f068583e000, 0x3490, 3, 50)                                                                      = 0x7f068583e000
7906 [0x7f0686d56787] SYS_close(3, 16, 0, 0x6ffffdff)                                                                              = 0
7906 [0x7f0686d56677] SYS_open(0x7f0686f524b8, 0x80000, 0, 0x6ffffdff)                                                             = 3
7906 [0x7f0686d56697] SYS_read(3, 0x7fffc4334d18, 832, 0x6ffffdff)                                                                 = 832
7906 [0x7f0686d56604] SYS_fstat(3, 0x7fffc4334bf0, 0x7fffc4334bf0, 32)                                                             = 0
7906 [0x7f0686d5680a] SYS_mmap(0, 0x207bc0, 5, 2050)                                                                               = 0x7f068541d000
7906 [0x7f0686d56857] SYS_mprotect(0x7f0685424000, 0x1ff000, 0, 2050)                                                              = 0
7906 [0x7f0686d5680a] SYS_mmap(0x7f0685623000, 8192, 3, 2066)                                                                      = 0x7f0685623000
7906 [0x7f0686d56787] SYS_close(3, 16, 0, 0x6ffffdff)                                                                              = 0
7906 [0x7f0686d56677] SYS_open(0x7f0686f52988, 0x80000, 0, 0x6ffffdff)                                                             = 3
7906 [0x7f0686d56697] SYS_read(3, 0x7fffc4334ce8, 832, 0x6ffffdff)                                                                 = 832
7906 [0x7f0686d56604] SYS_fstat(3, 0x7fffc4334bc0, 0x7fffc4334bc0, 16)                                                             = 0
7906 [0x7f0686d5680a] SYS_mmap(0, 0x202e20, 5, 2050)                                                                               = 0x7f068521a000
7906 [0x7f0686d56857] SYS_mprotect(0x7f068521d000, 0x1ff000, 0, 2050)                                                              = 0
7906 [0x7f0686d5680a] SYS_mmap(0x7f068541c000, 4096, 3, 2066)                                                                      = 0x7f068541c000
7906 [0x7f0686d56787] SYS_close(3, 16, 0x7f068541cc28, 0x6ffffdff)                                                                 = 0
7906 [0x7f0686d56677] SYS_open(0x7f0686f52e58, 0x80000, 0, 0x6ffffdff)                                                             = 3
7906 [0x7f0686d56697] SYS_read(3, 0x7fffc4334cb8, 832, 0x6ffffdff)                                                                 = 832
7906 [0x7f0686d56604] SYS_fstat(3, 0x7fffc4334b90, 0x7fffc4334b90, 16)                                                             = 0
7906 [0x7f0686d5680a] SYS_mmap(0, 4096, 3, 34)                                                                                     = 0x7f0686f51000
7906 [0x7f0686d5680a] SYS_mmap(0, 0x209850, 5, 2050)                                                                               = 0x7f0685010000
7906 [0x7f0686d56857] SYS_mprotect(0x7f068501a000, 0x1ff000, 0, 2050)                                                              = 0
7906 [0x7f0686d5680a] SYS_mmap(0x7f0685219000, 4096, 3, 2066)                                                                      = 0x7f0685219000
7906 [0x7f0686d56787] SYS_close(3, 16, 0x7f0685219618, 0x6ffffdff)                                                                 = 0
7906 [0x7f0686d56677] SYS_open(0x7f0686f514b8, 0x80000, 0, 0x6ffffdff)                                                             = 3
7906 [0x7f0686d56697] SYS_read(3, 0x7fffc4334c88, 832, 0x6ffffdff)                                                                 = 832
7906 [0x7f0686d56604] SYS_fstat(3, 0x7fffc4334b60, 0x7fffc4334b60, 16)                                                             = 0
7906 [0x7f0686d5680a] SYS_mmap(0, 0x210868, 5, 2050)                                                                               = 0x7f0684dff000
7906 [0x7f0686d56857] SYS_mprotect(0x7f0684e10000, 0x1ff000, 0, 2050)                                                              = 0
7906 [0x7f0686d5680a] SYS_mmap(0x7f068500f000, 4096, 3, 2066)                                                                      = 0x7f068500f000
7906 [0x7f0686d56787] SYS_close(3, 16, 0x7f068500f408, 0x6ffffdff)                                                                 = 0
7906 [0x7f0686d56677] SYS_open(0x7f0686f51a40, 0x80000, 0, 0x7f0686f529a0)                                                         = 3
7906 [0x7f0686d56697] SYS_read(3, 0x7fffc4334b28, 832, 0x7f0686f529a0)                                                             = 832
7906 [0x7f0686d56604] SYS_fstat(3, 0x7fffc4334a00, 0x7fffc4334a00, 16)                                                             = 0
7906 [0x7f0686d5680a] SYS_mmap(0, 0x2032c8, 5, 2050)                                                                               = 0x7f0684bfb000
7906 [0x7f0686d56857] SYS_mprotect(0x7f0684bfe000, 0x200000, 0, 2050)                                                              = 0
7906 [0x7f0686d5680a] SYS_mmap(0x7f0684dfe000, 4096, 3, 2066)                                                                      = 0x7f0684dfe000
7906 [0x7f0686d56787] SYS_close(3, 16, 0x7f0684dfe188, 0x6ffffdff)                                                                 = 0
7906 [0x7f0686d56677] SYS_open(0x7f0686f51f28, 0x80000, 0, 0x6ffffdff)                                                             = 3
7906 [0x7f0686d56697] SYS_read(3, 0x7fffc4334af8, 832, 0x6ffffdff)                                                                 = 832
7906 [0x7f0686d56604] SYS_fstat(3, 0x7fffc43349d0, 0x7fffc43349d0, 16)                                                             = 0
7906 [0x7f0686d5680a] SYS_mmap(0, 4096, 3, 34)                                                                                     = 0x7f0686f50000
7906 [0x7f0686d5680a] SYS_mmap(0, 0x207820, 5, 2050)                                                                               = 0x7f06849f3000
7906 [0x7f0686d56857] SYS_mprotect(0x7f06849fa000, 0x200000, 0, 2050)                                                              = 0
7906 [0x7f0686d5680a] SYS_mmap(0x7f0684bfa000, 4096, 3, 2066)                                                                      = 0x7f0684bfa000
7906 [0x7f0686d56787] SYS_close(3, 16, 0x7f0684bfa188, 0x6ffffdff)                                                                 = 0
7906 [0x7f0686d56677] SYS_open(0x7f0686f504c8, 0x80000, 0, 0x6ffffdff)                                                             = 3
7906 [0x7f0686d56697] SYS_read(3, 0x7fffc4334ac8, 832, 0x6ffffdff)                                                                 = 832
7906 [0x7f0686d56604] SYS_fstat(3, 0x7fffc43349a0, 0x7fffc43349a0, 16)                                                             = 0
7906 [0x7f0686d5680a] SYS_mmap(0, 0x201f30, 5, 2050)                                                                               = 0x7f06847f1000
7906 [0x7f0686d56857] SYS_mprotect(0x7f06847f3000, 0x1ff000, 0, 2050)                                                              = 0
7906 [0x7f0686d5680a] SYS_mmap(0x7f06849f2000, 4096, 3, 2066)                                                                      = 0x7f06849f2000
7906 [0x7f0686d56787] SYS_close(3, 16, 0x7f06849f2e18, 0x6ffffdff)                                                                 = 0
7906 [0x7f0686d56677] SYS_open(0x7f0686f50a60, 0x80000, 0, 0x7f0686f544d0)                                                         = 3
7906 [0x7f0686d56697] SYS_read(3, 0x7fffc4334a98, 832, 0x7f0686f544d0)                                                             = 832
7906 [0x7f0686d56604] SYS_fstat(3, 0x7fffc4334970, 0x7fffc4334970, 16)                                                             = 0
7906 [0x7f0686d5680a] SYS_mmap(0, 0x2022e8, 5, 2050)                                                                               = 0x7f06845ee000
7906 [0x7f0686d56857] SYS_mprotect(0x7f06845f0000, 0x200000, 0, 2050)                                                              = 0
7906 [0x7f0686d5680a] SYS_mmap(0x7f06847f0000, 4096, 3, 2066)                                                                      = 0x7f06847f0000
7906 [0x7f0686d56787] SYS_close(3, 16, 0x7f06847f0198, 0x6ffffdff)                                                                 = 0
7906 [0x7f0686d56677] SYS_open(0x7f0686f50f40, 0x80000, 0, 0x6ffffdff)                                                             = 3
7906 [0x7f0686d56697] SYS_read(3, 0x7fffc4334a68, 832, 0x6ffffdff)                                                                 = 832
7906 [0x7f0686d56604] SYS_fstat(3, 0x7fffc4334940, 0x7fffc4334940, 16)                                                             = 0
7906 [0x7f0686d5680a] SYS_mmap(0, 4096, 3, 34)                                                                                     = 0x7f0686f4f000
7906 [0x7f0686d5680a] SYS_mmap(0, 0x201f30, 5, 2050)                                                                               = 0x7f06843ec000
7906 [0x7f0686d56857] SYS_mprotect(0x7f06843ee000, 0x1ff000, 0, 2050)                                                              = 0
7906 [0x7f0686d5680a] SYS_mmap(0x7f06845ed000, 4096, 3, 2066)                                                                      = 0x7f06845ed000
7906 [0x7f0686d56787] SYS_close(3, 16, 0x7f06845ede18, 0x6ffffdff)                                                                 = 0
7906 [0x7f0686d56677] SYS_open(0x7f0686f4f4c0, 0x80000, 0, 0x6ffffdff)                                                             = 3
7906 [0x7f0686d56697] SYS_read(3, 0x7fffc4334a38, 832, 0x6ffffdff)                                                                 = 832
7906 [0x7f0686d56604] SYS_fstat(3, 0x7fffc4334910, 0x7fffc4334910, 16)                                                             = 0
7906 [0x7f0686d5680a] SYS_mmap(0, 0x2038b8, 5, 2050)                                                                               = 0x7f06841e8000
7906 [0x7f0686d56857] SYS_mprotect(0x7f06841ec000, 0x1ff000, 0, 2050)                                                              = 0
7906 [0x7f0686d5680a] SYS_mmap(0x7f06843eb000, 4096, 3, 2066)                                                                      = 0x7f06843eb000
7906 [0x7f0686d56787] SYS_close(3, 16, 0x7f06843eb748, 0x6ffffdff)                                                                 = 0
7906 [0x7f0686d56677] SYS_open(0x7f0686f4fa60, 0x80000, 0, 0x7f0686f52000)                                                         = 3
7906 [0x7f0686d56697] SYS_read(3, 0x7fffc43349d8, 832, 0x7f0686f52000)                                                             = 832
7906 [0x7f0686d56604] SYS_fstat(3, 0x7fffc43348b0, 0x7fffc43348b0, 16)                                                             = 0
7906 [0x7f0686d5680a] SYS_mmap(0, 0x210848, 5, 2050)                                                                               = 0x7f0683fd7000
7906 [0x7f0686d56857] SYS_mprotect(0x7f0683fe7000, 0x1ff000, 0, 2050)                                                              = 0
7906 [0x7f0686d5680a] SYS_mmap(0x7f06841e6000, 8192, 3, 2066)                                                                      = 0x7f06841e6000
7906 [0x7f0686d56787] SYS_close(3, 16, 0x7f06841e6d90, 0x6ffffdff)                                                                 = 0
7906 [0x7f0686d56677] SYS_open(0x7f0686f4ff48, 0x80000, 0, 0x6ffffdff)                                                             = 3
7906 [0x7f0686d56697] SYS_read(3, 0x7fffc43349a8, 832, 0x6ffffdff)                                                                 = 832
7906 [0x7f0686d56604] SYS_fstat(3, 0x7fffc4334880, 0x7fffc4334880, 16)                                                             = 0
7906 [0x7f0686d5680a] SYS_mmap(0, 4096, 3, 34)                                                                                     = 0x7f0686f4e000
7906 [0x7f0686d5680a] SYS_mmap(0, 0x20acf0, 5, 2050)                                                                               = 0x7f0683dcc000
7906 [0x7f0686d56857] SYS_mprotect(0x7f0683dd7000, 0x1ff000, 0, 2050)                                                              = 0
7906 [0x7f0686d5680a] SYS_mmap(0x7f0683fd6000, 4096, 3, 2066)                                                                      = 0x7f0683fd6000
7906 [0x7f0686d56787] SYS_close(3, 16, 0x7f0683fd6750, 0x6ffffdff)                                                                 = 0
7906 [0x7f0686d56677] SYS_open(0x7f0686f4e560, 0x80000, 0, 0x7f0686f52000)                                                         = 3
7906 [0x7f0686d56697] SYS_read(3, 0x7fffc4334978, 832, 0x7f0686f52000)                                                             = 832
7906 [0x7f0686d56604] SYS_fstat(3, 0x7fffc4334850, 0x7fffc4334850, 32)                                                             = 0
7906 [0x7f0686d5680a] SYS_mmap(0, 0x2361e0, 5, 2050)                                                                               = 0x7f0683b95000
7906 [0x7f0686d56857] SYS_mprotect(0x7f0683b9d000, 0x1ff000, 0, 2050)                                                              = 0
7906 [0x7f0686d5680a] SYS_mmap(0x7f0683d9c000, 8192, 3, 2066)                                                                      = 0x7f0683d9c000
7906 [0x7f0686d5680a] SYS_mmap(0x7f0683d9e000, 0x2d1e0, 3, 50)                                                                     = 0x7f0683d9e000
7906 [0x7f0686d56787] SYS_close(3, 16, 0, 0x6ffffdff)                                                                              = 0
7906 [0x7f0686d56677] SYS_open(0x7f0686f4ea30, 0x80000, 0, 0x6ffffdff)                                                             = 3
7906 [0x7f0686d56697] SYS_read(3, 0x7fffc4334948, 832, 0x6ffffdff)                                                                 = 832
7906 [0x7f0686d56604] SYS_fstat(3, 0x7fffc4334820, 0x7fffc4334820, 16)                                                             = 0
7906 [0x7f0686d5680a] SYS_mmap(0, 0x43fe88, 5, 2050)                                                                               = 0x7f0683755000
7906 [0x7f0686d56857] SYS_mprotect(0x7f068396a000, 0x200000, 0, 2050)                                                              = 0
7906 [0x7f0686d5680a] SYS_mmap(0x7f0683b6a000, 0x27000, 3, 2066)                                                                   = 0x7f0683b6a000
7906 [0x7f0686d5680a] SYS_mmap(0x7f0683b91000, 0x3e88, 3, 50)                                                                      = 0x7f0683b91000
7906 [0x7f0686d56857] SYS_mprotect(0x7fffc4336000, 4096, 0x1000007, 4)                                                             = 0
7906 [0x7f0686d56787] SYS_close(3, 4096, 0x1000007, 4)                                                                             = 0
7906 [0x7f0686d56677] SYS_open(0x7f0686f4efb0, 0x80000, 0, 0x7f0686f514d0)                                                         = 3
7906 [0x7f0686d56697] SYS_read(3, 0x7fffc4334918, 832, 0x7f0686f514d0)                                                             = 832
7906 [0x7f0686d56604] SYS_fstat(3, 0x7fffc43347f0, 0x7fffc43347f0, 16)                                                             = 0
7906 [0x7f0686d5680a] SYS_mmap(0, 4096, 3, 34)                                                                                     = 0x7f0686f4d000
7906 [0x7f0686d5680a] SYS_mmap(0, 0x215730, 5, 2050)                                                                               = 0x7f068353f000
7906 [0x7f0686d56857] SYS_mprotect(0x7f0683555000, 0x1ff000, 0, 2050)                                                              = 0
7906 [0x7f0686d5680a] SYS_mmap(0x7f0683754000, 4096, 3, 2066)                                                                      = 0x7f0683754000
7906 [0x7f0686d56787] SYS_close(3, 16, 0x7f0683754490, 0x6ffffdff)                                                                 = 0
7906 [0x7f0686d56677] SYS_open(0x7f0686f4d4f0, 0x80000, 0, 0x6ffffdff)                                                             = 3
7906 [0x7f0686d56697] SYS_read(3, 0x7fffc43348e8, 832, 0x6ffffdff)                                                                 = 832
7906 [0x7f0686d56604] SYS_fstat(3, 0x7fffc43347c0, 0x7fffc43347c0, 32)                                                             = 0
7906 [0x7f0686d5680a] SYS_mmap(0, 0x2fd148, 5, 2050)                                                                               = 0x7f0683241000
7906 [0x7f0686d56857] SYS_mprotect(0x7f068333e000, 0x1ff000, 0, 2050)                                                              = 0
7906 [0x7f0686d5680a] SYS_mmap(0x7f068353d000, 8192, 3, 2066)                                                                      = 0x7f068353d000
7906 [0x7f0686d56787] SYS_close(3, 16, 0, 0x6ffffdff)                                                                              = 0
7906 [0x7f0686d56677] SYS_open(0x7fffc43346b0, 0x80000, 0, 0x36782f39325f3130)                                                     = -2
7906 [0x7f0686d565c5] SYS_stat(0x7fffc43346b0, 0x7fffc4334790, 0x7fffc4334790, 0x36782f39325f3130)                                 = -2
7906 [0x7f0686d56677] SYS_open(0x7fffc43346b0, 0x80000, 0, 0x36782f39325f3130)                                                     = -2
7906 [0x7f0686d565c5] SYS_stat(0x7fffc43346b0, 0x7fffc4334790, 0x7fffc4334790, 0x36782f39325f3130)                                 = -2
7906 [0x7f0686d56677] SYS_open(0x7fffc43346b0, 0x80000, 0, 0x36782f39325f3130)                                                     = -2
7906 [0x7f0686d565c5] SYS_stat(0x7fffc43346b0, 0x7fffc4334790, 0x7fffc4334790, 0x36782f39325f3130)                                 = -2
7906 [0x7f0686d56677] SYS_open(0x7fffc43346b0, 0x80000, 0, 0x36782f39325f3130)                                                     = -2
7906 [0x7f0686d565c5] SYS_stat(0x7fffc43346b0, 0x7fffc4334790, 0x7fffc4334790, 0x36782f39325f3130)                                 = -2
7906 [0x7f0686d56677] SYS_open(0x7f0686f4ddd0, 0x80000, 0, 0x36782f39325f3130)                                                     = 3
7906 [0x7f0686d56697] SYS_read(3, 0x7fffc43348b8, 832, 0x36782f39325f3130)                                                         = 832
7906 [0x7f0686d56604] SYS_fstat(3, 0x7fffc4334790, 0x7fffc4334790, 16)                                                             = 0
7906 [0x7f0686d5680a] SYS_mmap(0, 4096, 3, 34)                                                                                     = 0x7f0686f4c000
7906 [0x7f0686d5680a] SYS_mmap(0, 0x2f8980, 5, 2050)                                                                               = 0x7f0682f48000
7906 [0x7f0686d56857] SYS_mprotect(0x7f068303f000, 0x200000, 0, 2050)                                                              = 0
7906 [0x7f0686d5680a] SYS_mmap(0x7f068323f000, 8192, 3, 2066)                                                                      = 0x7f068323f000
7906 [0x7f0686d56787] SYS_close(3, 16, 0x7f068323f3a0, 0x6ffffdff)                                                                 = 0
7906 [0x7f0686d56677] SYS_open(0x7f0686f4c4c8, 0x80000, 0, 0x6ffffdff)                                                             = 3
7906 [0x7f0686d56697] SYS_read(3, 0x7fffc4334888, 832, 0x6ffffdff)                                                                 = 832
7906 [0x7f0686d56604] SYS_fstat(3, 0x7fffc4334760, 0x7fffc4334760, 16)                                                             = 0
7906 [0x7f0686d5680a] SYS_mmap(0, 0x2fc9d8, 5, 2050)                                                                               = 0x7f0682c4b000
7906 [0x7f0686d56857] SYS_mprotect(0x7f0682d46000, 0x200000, 0, 2050)                                                              = 0
7906 [0x7f0686d5680a] SYS_mmap(0x7f0682f46000, 8192, 3, 2066)                                                                      = 0x7f0682f46000
7906 [0x7f0686d56787] SYS_close(3, 16, 0x7f0682f47828, 0x6ffffdff)                                                                 = 0
7906 [0x7f0686d56677] SYS_open(0x7f0686f4c998, 0x80000, 0, 0x6ffffdff)                                                             = 3
7906 [0x7f0686d56697] SYS_read(3, 0x7fffc4334858, 832, 0x6ffffdff)                                                                 = 832
7906 [0x7f0686d56604] SYS_fstat(3, 0x7fffc4334730, 0x7fffc4334730, 16)                                                             = 0
7906 [0x7f0686d5680a] SYS_mmap(0, 0x242830, 5, 2050)                                                                               = 0x7f0682a08000
7906 [0x7f0686d56857] SYS_mprotect(0x7f0682a4b000, 0x1ff000, 0, 2050)                                                              = 0
7906 [0x7f0686d5680a] SYS_mmap(0x7f0682c4a000, 4096, 3, 2066)                                                                      = 0x7f0682c4a000
7906 [0x7f0686d56787] SYS_close(3, 16, 0x7f0682c4a630, 0x6ffffdff)                                                                 = 0
7906 [0x7f0686d56677] SYS_open(0x7f0686f4cf70, 0x80000, 0, 0x7f0686f539b8)                                                         = 3
7906 [0x7f0686d56697] SYS_read(3, 0x7fffc4334828, 832, 0x7f0686f539b8)                                                             = 832
7906 [0x7f0686d56604] SYS_fstat(3, 0x7fffc4334700, 0x7fffc4334700, 32)                                                             = 0
7906 [0x7f0686d5680a] SYS_mmap(0, 4096, 3, 34)                                                                                     = 0x7f0686f4b000
7906 [0x7f0686d5680a] SYS_mmap(0, 0x203118, 5, 2050)                                                                               = 0x7f0682804000
7906 [0x7f0686d56857] SYS_mprotect(0x7f0682806000, 0x200000, 0, 2050)                                                              = 0
7906 [0x7f0686d5680a] SYS_mmap(0x7f0682a06000, 8192, 3, 2066)                                                                      = 0x7f0682a06000
7906 [0x7f0686d56787] SYS_close(3, 16, 0x7f0682a06f40, 0x6ffffdff)                                                                 = 0
7906 [0x7f0686d5680a] SYS_mmap(0, 4096, 3, 34)                                                                                     = 0x7f0686f4a000
7906 [0x7f0686d5680a] SYS_mmap(0, 4096, 3, 34)                                                                                     = 0x7f0686f49000
7906 [0x7f0686d5680a] SYS_mmap(0, 8192, 3, 34)                                                                                     = 0x7f0686f47000
7906 [0x7f0686d40044] SYS_arch_prctl(4098, 0x7f0686f47780, 0x7f0686f48080, 34)                                                     = 0
7906 [0x7f0686d56857] SYS_mprotect(0x7f0686696000, 0x4000, 1, 1)                                                                   = 0
7906 [0x7f0686d56857] SYS_mprotect(0x7f0682a06000, 4096, 1, 0x7f0682804c68)                                                        = 0
7906 [0x7f0686d56857] SYS_mprotect(0x7f068583c000, 4096, 1, 0x7f068562a500)                                                        = 0
7906 [0x7f0686d56857] SYS_mprotect(0x7f068353d000, 4096, 1, 1)                                                                     = 0
7906 [0x7f0686d56857] SYS_mprotect(0x7f0683d9c000, 4096, 1, 0x7f0683b95a00)                                                        = 0
7906 [0x7f0686d56857] SYS_mprotect(0x7f0685b00000, 0x7000, 1, 0x7f068589a810)                                                      = 0
7906 [0x7f0686d56857] SYS_mprotect(0x7f0685623000, 4096, 1, 0x7f068541ed58)                                                        = 0
7906 [0x7f0686d56857] SYS_mprotect(0x7f0686f5f000, 4096, 1, 0)                                                                     = 0
7906 [0x7f0686d56837] SYS_munmap(0x7f0686f55000, 0x83b3, 0x73900, 0)                                                               = 0
7906 [0x7f068562be92] SYS_set_tid_address(0x7f0686f47a50, 0x7fffc4336818, 0x7f0686f47780, 0)                                       = 7906
7906 [0x7f068562befa] SYS_set_robust_list(0x7f0686f47a60, 24, 0x7f0686f47780, 0)                                                   = 0
7906 [0x7f0685635cf5] SYS_rt_sigaction(32, 0x7fffc4336568, 0, 8)                                                                   = 0
7906 [0x7f0685635cf5] SYS_rt_sigaction(33, 0x7fffc4336568, 0, 8)                                                                   = 0
7906 [0x7f068562bfd6] SYS_rt_sigprocmask(1, 0x7fffc43366b8, 0, 8)                                                                  = 0
7906 [0x7f06863e2b17] SYS_getrlimit(3, 0x7fffc4336750, 63, 1)                                                                      = 0
7906 [0x7f068562bb95] SYS_futex(0x7f0685b0a7e0, 129, 0x7fffffff, 0)                                                                = 0
7906 [0x4008fd] ledctrl->Lookup_Nas_Info(_T_NAS_PROP_&)(0x7fffc4336660, 0x7fffc4337b94, 0, 0x7fffc4337b93 <unfinished ...>
7906 [0x7f0686ae9d11]   libnasman.so->Open_Share_Memory(char const*, int, void*&, int&)(0x7f0686b2e08e, 0, 0x7fffc4336620, 0x7fffc433662c <unfinished ...>
7906 [0x7f06863dd557]     SYS_statfs(0x7f06856381e8, 0x7fffc43363c0, 0x7f0685841310, 1)                                            = 0
7906 [0x7f068562bb95]     SYS_futex(0x7f0685841310, 129, 0x7fffffff, 0)                                                            = 0
7906 [0x7f06863dd7e0]     SYS_open(0x7fffc43364d0, 0xa0000, 484, 1)                                                                = 3
7906 [0x7f06863dd3b4]     SYS_fstat(3, 0x7fffc4336560, 0x7fffc4336560, 1)                                                          = 0
7906 [0x7f06863e672a]     SYS_mmap(0, 0x2788, 1, 1)                                                                                = 0x7f0686f5b000
7906 [0x7f06863de070]     SYS_close(3, 0x2788, 1, 1)                                                                               = 0
7906 [0x7f0686ae9d11]   <... Open_Share_Memory(char const*, int, void*&, int&) resumed> )                                          = 0
7906 [0x7f0686ae9d4d]   libnasman.so->Open_Share_Memory(char const*, int, void*&, int&)(0x7f0686b2e0a7, 0, 0x7fffc4336620, 0x7fffc433662c <unfinished ...>
7906 [0x7f06863dd7e0]     SYS_open(0x7fffc43364d0, 0xa0000, 484, 1)                                                                = 3
7906 [0x7f06863dd3b4]     SYS_fstat(3, 0x7fffc4336560, 0x7fffc4336560, 1)                                                          = 0
7906 [0x7f06863e672a]     SYS_mmap(0, 3536, 1, 1)                                                                                  = 0x7f0686f5a000
7906 [0x7f06863de070]     SYS_close(3, 3536, 1, 1)                                                                                 = 0
7906 [0x7f0686ae9d4d]   <... Open_Share_Memory(char const*, int, void*&, int&) resumed> )                                          = 0
7906 [0x7f0686ae9d7f]   libnasman.so->Open_Share_Memory(char const*, int, void*&, int&)(0x7f0686b2e0b5, 0, 0x7fffc4336620, 0x7fffc433662c <unfinished ...>
7906 [0x7f06863dd7e0]     SYS_open(0x7fffc43364d0, 0xa0000, 484, 1)                                                                = 3
7906 [0x7f06863dd3b4]     SYS_fstat(3, 0x7fffc4336560, 0x7fffc4336560, 1)                                                          = 0
7906 [0x7f06863e672a]     SYS_mmap(0, 4080, 1, 1)                                                                                  = 0x7f0686f59000
7906 [0x7f06863de070]     SYS_close(3, 4080, 1, 1)                                                                                 = 0
7906 [0x7f0686ae9d7f]   <... Open_Share_Memory(char const*, int, void*&, int&) resumed> )                                          = 0
7906 [0x4008fd] <... Lookup_Nas_Info(_T_NAS_PROP_&) resumed> )                                                                     = 0
7906 [0x400934] ledctrl->Hal_Led_Set_Hdd_Mode(0, 9, 1, 0 <unfinished ...>
7906 [0x7f06866a6f15]   libnhal.so->Hal_Lookup_Hardware_Info(0x7fffc4336550, 9, 1, 0 <unfinished ...>
7906 [0x7f06863dd7e0]     SYS_open(0x7fffc4336450, 0xa0002, 484, 1)                                                                = 3
7906 [0x7f06863e672a]     SYS_mmap(0, 220, 3, 1)                                                                                   = 0x7f0686f58000
7906 [0x7f06863de070]     SYS_close(3, 220, 3, 1)                                                                                  = 0
7906 [0x7f06866a57f0]     libnhal.so->Hw_Semaphore_Init(0x7fffc4336500, 0x7f06866a8287, 1, -1 <unfinished ...>
7906 [0x7f06863dd405]       SYS_lstat(0x7fffc43363b0, 0x7fffc43362c0, 0x7fffc43362c0, 0)                                           = -2
7906 [0x7f0685635510]       SYS_open(0x7fffc43363b0, 194, 600, 0)                                                                  = 3
7906 [0x7f0685634da0]       SYS_write(3, 0x7fffc4336430, 32, 0)                                                                    = 32
7906 [0x7f06863e672a]       SYS_mmap(0, 32, 3, 1)                                                                                  = 0x7f0686f57000
7906 [0x7f06863df1a7]       SYS_link(0x7fffc43363b0, 0x7fffc43363e0, 3, 1)                                                         = -17
7906 [0x7f06863e6757]       SYS_munmap(0x7f0686f57000, 32, 3, 1)                                                                   = 0
7906 [0x7f06863df2c7]       SYS_unlink(0x7fffc43363b0, 32, 3, 1)                                                                   = 0
7906 [0x7f0685634e60]       SYS_close(3, 32, 3, 1)                                                                                 = 0
7906 [0x7f0685635510]       SYS_open(0x7fffc43363e0, 0x20002, 18, 1)                                                               = 3
7906 [0x7f06863dd3b4]       SYS_fstat(3, 0x7fffc4336310, 0x7fffc4336310, 1)                                                        = 0
7906 [0x7f06863e2f5a]       SYS_brk(0, 0x7f068669a640, 0, -4096)                                                                   = 0x118a000
7906 [0x7f06863e2f5a]       SYS_brk(0x11ab000, 0x118a000, 0x11ab000, -4096)                                                        = 0x11ab000
7906 [0x7f06863e672a]       SYS_mmap(0, 32, 3, 1)                                                                                  = 0x7f0686f57000
7906 [0x7f0685634e60]       SYS_close(3, 32, 0, 3)                                                                                 = 0
7906 [0x7f06866a57f0]     <... Hw_Semaphore_Init resumed> )                                                                        = 17
7906 [0x7f06866a5800]     libnhal.so->Hw_Semaphore_Lock(0x7fffc4336500, 32, 0x7f0686f57000, -1)                                    = 0
7906 [0x7f06866a5918]     libnhal.so->Hw_Semaphore_Unlock(0x7fffc4336500, 2, 0x7f0686f58000, 0)                                    = 0
7906 [0x7f06866a5924]     libnhal.so->Hw_Semaphore_Release(0x7fffc4336500, 128, 0, 0 <unfinished ...>
7906 [0x7f06863e6757]       SYS_munmap(0x7f0686f57000, 32, 0, 1)                                                                   = 0
7906 [0x7f06866a5924]     <... Hw_Semaphore_Release resumed> )                                                                     = 0
7906 [0x7f06866a6f15]   <... Hal_Lookup_Hardware_Info resumed> )                                                                   = 0
7906 [0x400934] <... Hal_Led_Set_Hdd_Mode resumed> )                                                                               = 0xffffffea
7906 [0x7f0686ae9f15] libnasman.so->Close_Share_Memory(char const*, void*)(0x7f0686b2e08e, 0x7f0686f5b000, 0x35b7e5bcf8db08e4, 4 <unfinished ...>
7906 [0x7f0686ae9b6e]   libnasman.so->Get_File_Size(char const*, long*)(0x7fffc43363c0, 0x7fffc43364e8, 0x7fffc43363d5, 0 <unfinished ...>
7906 [0x7f06863dd365]     SYS_stat(0x7fffc43363c0, 0x7fffc4336320, 0x7fffc4336320, 1)                                              = 0
7906 [0x7f0686ae9b6e]   <... Get_File_Size(char const*, long*) resumed> )                                                          = 0
7906 [0x7f06863e6757]   SYS_munmap(0x7f0686f5b000, 0x2788, 0x7fffc4336320, 1)                                                      = 0
7906 [0x7f0686ae9f15] <... Close_Share_Memory(char const*, void*) resumed> )                                                       = 0
7906 [0x7f0686ae9f37] libnasman.so->Close_Share_Memory(char const*, void*)(0x7f0686b2e0a7, 0x7f0686f5a000, 0, -1 <unfinished ...>
7906 [0x7f0686ae9b6e]   libnasman.so->Get_File_Size(char const*, long*)(0x7fffc43363c0, 0x7fffc43364e8, 0x7fffc43363d6, 0 <unfinished ...>
7906 [0x7f06863dd365]     SYS_stat(0x7fffc43363c0, 0x7fffc4336320, 0x7fffc4336320, 1)                                              = 0
7906 [0x7f0686ae9b6e]   <... Get_File_Size(char const*, long*) resumed> )                                                          = 0
7906 [0x7f06863e6757]   SYS_munmap(0x7f0686f5a000, 3536, 0x7fffc4336320, 1)                                                        = 0
7906 [0x7f0686ae9f37] <... Close_Share_Memory(char const*, void*) resumed> )                                                       = 0
7906 [0x7f0686ae9f59] libnasman.so->Close_Share_Memory(char const*, void*)(0x7f0686b2e0b5, 0x7f0686f59000, 0, -1 <unfinished ...>
7906 [0x7f0686ae9b6e]   libnasman.so->Get_File_Size(char const*, long*)(0x7fffc43363c0, 0x7fffc43364e8, 0x7fffc43363d6, 0 <unfinished ...>
7906 [0x7f06863dd365]     SYS_stat(0x7fffc43363c0, 0x7fffc4336320, 0x7fffc4336320, 1)                                              = 0
7906 [0x7f0686ae9b6e]   <... Get_File_Size(char const*, long*) resumed> )                                                          = 0
7906 [0x7f06863e6757]   SYS_munmap(0x7f0686f59000, 4080, 0x7fffc4336320, 1)                                                        = 0
7906 [0x7f0686ae9f59] <... Close_Share_Memory(char const*, void*) resumed> )                                                       = 0
7906 [0x7f0686337932] libgeneral.so->Trace_Mem_Destroy()(0x7f068604fd40, 0, 0x35b7e35a831b08e4, 16)                                = 0
7906 [0x7f06863ba468] SYS_exit_group(-22, 60, -22, 0x7f068669da48 <no return ...>
7906 [0xffffffffffffffff] +++ exited (status 234) +++
