8007 [0x7f89065418aa] SYS_brk(0, 0x7f8906544fa0, 0, 895)                                                                           = 0x8d3000
8007 [0x7f89065427e7] SYS_readlink(0x7fff0451ab78, 0x7fff04519730, 4096, 0x756e694c00000000)                                       = -2
8007 [0x7f8906542677] SYS_open(0x7f89065461f3, 0, 0, 0x756e694c00000000)                                                           = 3
8007 [0x7f89065427a7] SYS_chdir(0x7f890674dba8, 0, 0, 0x756e694c00000000)                                                          = -2
8007 [0x7f89065419d2] SYS_getcwd(0x7fff04519730, 4096, 0, 0x756e694c00000000)                                                      = 23
8007 [0x7f89065427c7] SYS_fchdir(3, 4096, 0, 0x756e694c00000000)                                                                   = 0
8007 [0x7f8906542787] SYS_close(3, 4096, 0, 0x756e694c00000000)                                                                    = 0
8007 [0x7f890654280a] SYS_mmap(0, 4096, 3, 34)                                                                                     = 0x7f890674a000
8007 [0x7f89065426d7] SYS_access(0x7f8906548700, 4, 0x7f890674d718, 0)                                                             = -2
8007 [0x7f8906542677] SYS_open(0x7f8906546072, 0x80000, 1, 0)                                                                      = 3
8007 [0x7f8906542604] SYS_fstat(3, 0x7fff04518f10, 0x7fff04518f10, 0)                                                              = 0
8007 [0x7f890654280a] SYS_mmap(0, 0x83b3, 1, 2)                                                                                    = 0x7f8906741000
8007 [0x7f8906542787] SYS_close(3, 0x83b3, 1, 2)                                                                                   = 0
8007 [0x7f8906542677] SYS_open(0x7f890674a640, 0x80000, 0, 56)                                                                     = 3
8007 [0x7f8906542697] SYS_read(3, 0x7fff04519098, 832, 56)                                                                         = 832
8007 [0x7f8906542604] SYS_fstat(3, 0x7fff04518f70, 0x7fff04518f70, 16)                                                             = 0
8007 [0x7f890654280a] SYS_mmap(0, 0x278960, 5, 2050)                                                                               = 0x7f89062b2000
8007 [0x7f8906542857] SYS_mprotect(0x7f8906328000, 0x200000, 0, 2050)                                                              = 0
8007 [0x7f890654280a] SYS_mmap(0x7f8906528000, 0x3000, 3, 2066)                                                                    = 0x7f8906528000
8007 [0x7f8906542787] SYS_close(3, 16, 0x7f89065283e0, 0x6ffffdff)                                                                 = 0
8007 [0x7f8906542677] SYS_open(0x7f890674ab10, 0x80000, 0, 0x6ffffdff)                                                             = 3
8007 [0x7f8906542697] SYS_read(3, 0x7fff04519068, 832, 0x6ffffdff)                                                                 = 832
8007 [0x7f8906542604] SYS_fstat(3, 0x7fff04518f40, 0x7fff04518f40, 16)                                                             = 0
8007 [0x7f890654280a] SYS_mmap(0, 0x21bee0, 5, 2050)                                                                               = 0x7f8906096000
8007 [0x7f8906542857] SYS_mprotect(0x7f89060b1000, 0x200000, 0, 2050)                                                              = 0
8007 [0x7f890654280a] SYS_mmap(0x7f89062b1000, 4096, 3, 2066)                                                                      = 0x7f89062b1000
8007 [0x7f8906542787] SYS_close(3, 16, 0x7f89062b1208, 0x6ffffdff)                                                                 = 0
8007 [0x7f8906542677] SYS_open(0x7f890674afe0, 0x80000, 0, 0x6ffffdff)                                                             = 3
8007 [0x7f8906542697] SYS_read(3, 0x7fff04519038, 832, 0x6ffffdff)                                                                 = 832
8007 [0x7f8906542604] SYS_fstat(3, 0x7fff04518f10, 0x7fff04518f10, 16)                                                             = 0
8007 [0x7f890654280a] SYS_mmap(0, 4096, 3, 34)                                                                                     = 0x7f8906740000
8007 [0x7f890654280a] SYS_mmap(0, 0x209ad0, 5, 2050)                                                                               = 0x7f8905e8c000
8007 [0x7f8906542857] SYS_mprotect(0x7f8905e96000, 0x1ff000, 0, 2050)                                                              = 0
8007 [0x7f890654280a] SYS_mmap(0x7f8906095000, 4096, 3, 2066)                                                                      = 0x7f8906095000
8007 [0x7f8906542787] SYS_close(3, 16, 0x7f8906095690, 0x6ffffdff)                                                                 = 0
8007 [0x7f8906542677] SYS_open(0x7f89067404b8, 0x80000, 0, 0x6ffffdff)                                                             = 3
8007 [0x7f8906542697] SYS_read(3, 0x7fff04519008, 832, 0x6ffffdff)                                                                 = 832
8007 [0x7f8906542604] SYS_fstat(3, 0x7fff04518ee0, 0x7fff04518ee0, 32)                                                             = 0
8007 [0x7f890654280a] SYS_mmap(0, 0x39dc40, 5, 2050)                                                                               = 0x7f8905aee000
8007 [0x7f8906542857] SYS_mprotect(0x7f8905c82000, 0x200000, 0, 2050)                                                              = 0
8007 [0x7f890654280a] SYS_mmap(0x7f8905e82000, 0x6000, 3, 2066)                                                                    = 0x7f8905e82000
8007 [0x7f890654280a] SYS_mmap(0x7f8905e88000, 0x3c40, 3, 50)                                                                      = 0x7f8905e88000
8007 [0x7f8906542787] SYS_close(3, 16, 0, 0x6ffffdff)                                                                              = 0
8007 [0x7f8906542677] SYS_open(0x7f8906740988, 0x80000, 0, 0x6ffffdff)                                                             = 3
8007 [0x7f8906542697] SYS_read(3, 0x7fff04518eb8, 832, 0x6ffffdff)                                                                 = 832
8007 [0x7f8906542604] SYS_fstat(3, 0x7fff04518d90, 0x7fff04518d90, 16)                                                             = 0
8007 [0x7f890654280a] SYS_mmap(0, 0x2b09d0, 5, 2050)                                                                               = 0x7f890583d000
8007 [0x7f8906542857] SYS_mprotect(0x7f89058ec000, 0x1ff000, 0, 2050)                                                              = 0
8007 [0x7f890654280a] SYS_mmap(0x7f8905aeb000, 0x3000, 3, 2066)                                                                    = 0x7f8905aeb000
8007 [0x7f8906542787] SYS_close(3, 16, 0x7f8905aeb9a8, 0x6ffffdff)                                                                 = 0
8007 [0x7f8906542677] SYS_open(0x7f8906740e58, 0x80000, 0, 0x6ffffdff)                                                             = 3
8007 [0x7f8906542697] SYS_read(3, 0x7fff04518e88, 832, 0x6ffffdff)                                                                 = 832
8007 [0x7f8906542604] SYS_fstat(3, 0x7fff04518d60, 0x7fff04518d60, 16)                                                             = 0
8007 [0x7f890654280a] SYS_mmap(0, 4096, 3, 34)                                                                                     = 0x7f890673f000
8007 [0x7f890654280a] SYS_mmap(0, 0x294ee0, 5, 2050)                                                                               = 0x7f89055a8000
8007 [0x7f8906542857] SYS_mprotect(0x7f890563a000, 0x1ff000, 0, 2050)                                                              = 0
8007 [0x7f890654280a] SYS_mmap(0x7f8905839000, 0x3000, 3, 2066)                                                                    = 0x7f8905839000
8007 [0x7f890654280a] SYS_mmap(0x7f890583c000, 3808, 3, 50)                                                                        = 0x7f890583c000
8007 [0x7f8906542787] SYS_close(3, 16, 0x7f8905839e30, 0x6ffffdff)                                                                 = 0
8007 [0x7f8906542677] SYS_open(0x7f890673f4b8, 0x80000, 0, 0x6ffffdff)                                                             = 3
8007 [0x7f8906542697] SYS_read(3, 0x7fff04518e58, 832, 0x6ffffdff)                                                                 = 832
8007 [0x7f8906542604] SYS_fstat(3, 0x7fff04518d30, 0x7fff04518d30, 16)                                                             = 0
8007 [0x7f890654280a] SYS_mmap(0, 0x29d850, 5, 2050)                                                                               = 0x7f890530a000
8007 [0x7f8906542857] SYS_mprotect(0x7f89053a3000, 0x200000, 0, 2050)                                                              = 0
8007 [0x7f890654280a] SYS_mmap(0x7f89055a3000, 0x3000, 3, 2066)                                                                    = 0x7f89055a3000
8007 [0x7f890654280a] SYS_mmap(0x7f89055a6000, 6224, 3, 50)                                                                        = 0x7f89055a6000
8007 [0x7f8906542787] SYS_close(3, 16, 0x7f89055a4cc8, 0x6ffffdff)                                                                 = 0
8007 [0x7f8906542677] SYS_open(0x7f890673f9a0, 0x80000, 0, 0x6ffffdff)                                                             = 3
8007 [0x7f8906542697] SYS_read(3, 0x7fff04518e28, 832, 0x6ffffdff)                                                                 = 832
8007 [0x7f8906542604] SYS_fstat(3, 0x7fff04518d00, 0x7fff04518d00, 16)                                                             = 0
8007 [0x7f890654280a] SYS_mmap(0, 0x2dbbb0, 5, 2050)                                                                               = 0x7f890502e000
8007 [0x7f8906542857] SYS_mprotect(0x7f89050ec000, 0x200000, 0, 2050)                                                              = 0
8007 [0x7f890654280a] SYS_mmap(0x7f89052ec000, 0xa000, 3, 2066)                                                                    = 0x7f89052ec000
8007 [0x7f890654280a] SYS_mmap(0x7f89052f6000, 0x13bb0, 3, 50)                                                                     = 0x7f89052f6000
8007 [0x7f8906542787] SYS_close(3, 16, 0x7f89052f24d8, 0x6ffffdff)                                                                 = 0
8007 [0x7f8906542677] SYS_open(0x7f890673fe70, 0x80000, 0, 0x6ffffdff)                                                             = 3
8007 [0x7f8906542697] SYS_read(3, 0x7fff04518df8, 832, 0x6ffffdff)                                                                 = 832
8007 [0x7f8906542604] SYS_fstat(3, 0x7fff04518cd0, 0x7fff04518cd0, 32)                                                             = 0
8007 [0x7f890654280a] SYS_mmap(0, 4096, 3, 34)                                                                                     = 0x7f890673e000
8007 [0x7f890654280a] SYS_mmap(0, 0x21c490, 5, 2050)                                                                               = 0x7f8904e11000
8007 [0x7f8906542857] SYS_mprotect(0x7f8904e29000, 0x1ff000, 0, 2050)                                                              = 0
8007 [0x7f890654280a] SYS_mmap(0x7f8905028000, 8192, 3, 2066)                                                                      = 0x7f8905028000
8007 [0x7f890654280a] SYS_mmap(0x7f890502a000, 0x3490, 3, 50)                                                                      = 0x7f890502a000
8007 [0x7f8906542787] SYS_close(3, 16, 0, 0x6ffffdff)                                                                              = 0
8007 [0x7f8906542677] SYS_open(0x7f890673e4b8, 0x80000, 0, 0x6ffffdff)                                                             = 3
8007 [0x7f8906542697] SYS_read(3, 0x7fff04518dc8, 832, 0x6ffffdff)                                                                 = 832
8007 [0x7f8906542604] SYS_fstat(3, 0x7fff04518ca0, 0x7fff04518ca0, 32)                                                             = 0
8007 [0x7f890654280a] SYS_mmap(0, 0x207bc0, 5, 2050)                                                                               = 0x7f8904c09000
8007 [0x7f8906542857] SYS_mprotect(0x7f8904c10000, 0x1ff000, 0, 2050)                                                              = 0
8007 [0x7f890654280a] SYS_mmap(0x7f8904e0f000, 8192, 3, 2066)                                                                      = 0x7f8904e0f000
8007 [0x7f8906542787] SYS_close(3, 16, 0, 0x6ffffdff)                                                                              = 0
8007 [0x7f8906542677] SYS_open(0x7f890673e988, 0x80000, 0, 0x6ffffdff)                                                             = 3
8007 [0x7f8906542697] SYS_read(3, 0x7fff04518d98, 832, 0x6ffffdff)                                                                 = 832
8007 [0x7f8906542604] SYS_fstat(3, 0x7fff04518c70, 0x7fff04518c70, 16)                                                             = 0
8007 [0x7f890654280a] SYS_mmap(0, 0x202e20, 5, 2050)                                                                               = 0x7f8904a06000
8007 [0x7f8906542857] SYS_mprotect(0x7f8904a09000, 0x1ff000, 0, 2050)                                                              = 0
8007 [0x7f890654280a] SYS_mmap(0x7f8904c08000, 4096, 3, 2066)                                                                      = 0x7f8904c08000
8007 [0x7f8906542787] SYS_close(3, 16, 0x7f8904c08c28, 0x6ffffdff)                                                                 = 0
8007 [0x7f8906542677] SYS_open(0x7f890673ee58, 0x80000, 0, 0x6ffffdff)                                                             = 3
8007 [0x7f8906542697] SYS_read(3, 0x7fff04518d68, 832, 0x6ffffdff)                                                                 = 832
8007 [0x7f8906542604] SYS_fstat(3, 0x7fff04518c40, 0x7fff04518c40, 16)                                                             = 0
8007 [0x7f890654280a] SYS_mmap(0, 4096, 3, 34)                                                                                     = 0x7f890673d000
8007 [0x7f890654280a] SYS_mmap(0, 0x209850, 5, 2050)                                                                               = 0x7f89047fc000
8007 [0x7f8906542857] SYS_mprotect(0x7f8904806000, 0x1ff000, 0, 2050)                                                              = 0
8007 [0x7f890654280a] SYS_mmap(0x7f8904a05000, 4096, 3, 2066)                                                                      = 0x7f8904a05000
8007 [0x7f8906542787] SYS_close(3, 16, 0x7f8904a05618, 0x6ffffdff)                                                                 = 0
8007 [0x7f8906542677] SYS_open(0x7f890673d4b8, 0x80000, 0, 0x6ffffdff)                                                             = 3
8007 [0x7f8906542697] SYS_read(3, 0x7fff04518d38, 832, 0x6ffffdff)                                                                 = 832
8007 [0x7f8906542604] SYS_fstat(3, 0x7fff04518c10, 0x7fff04518c10, 16)                                                             = 0
8007 [0x7f890654280a] SYS_mmap(0, 0x210868, 5, 2050)                                                                               = 0x7f89045eb000
8007 [0x7f8906542857] SYS_mprotect(0x7f89045fc000, 0x1ff000, 0, 2050)                                                              = 0
8007 [0x7f890654280a] SYS_mmap(0x7f89047fb000, 4096, 3, 2066)                                                                      = 0x7f89047fb000
8007 [0x7f8906542787] SYS_close(3, 16, 0x7f89047fb408, 0x6ffffdff)                                                                 = 0
8007 [0x7f8906542677] SYS_open(0x7f890673da40, 0x80000, 0, 0x7f890673e9a0)                                                         = 3
8007 [0x7f8906542697] SYS_read(3, 0x7fff04518bd8, 832, 0x7f890673e9a0)                                                             = 832
8007 [0x7f8906542604] SYS_fstat(3, 0x7fff04518ab0, 0x7fff04518ab0, 16)                                                             = 0
8007 [0x7f890654280a] SYS_mmap(0, 0x2032c8, 5, 2050)                                                                               = 0x7f89043e7000
8007 [0x7f8906542857] SYS_mprotect(0x7f89043ea000, 0x200000, 0, 2050)                                                              = 0
8007 [0x7f890654280a] SYS_mmap(0x7f89045ea000, 4096, 3, 2066)                                                                      = 0x7f89045ea000
8007 [0x7f8906542787] SYS_close(3, 16, 0x7f89045ea188, 0x6ffffdff)                                                                 = 0
8007 [0x7f8906542677] SYS_open(0x7f890673df28, 0x80000, 0, 0x6ffffdff)                                                             = 3
8007 [0x7f8906542697] SYS_read(3, 0x7fff04518ba8, 832, 0x6ffffdff)                                                                 = 832
8007 [0x7f8906542604] SYS_fstat(3, 0x7fff04518a80, 0x7fff04518a80, 16)                                                             = 0
8007 [0x7f890654280a] SYS_mmap(0, 4096, 3, 34)                                                                                     = 0x7f890673c000
8007 [0x7f890654280a] SYS_mmap(0, 0x207820, 5, 2050)                                                                               = 0x7f89041df000
8007 [0x7f8906542857] SYS_mprotect(0x7f89041e6000, 0x200000, 0, 2050)                                                              = 0
8007 [0x7f890654280a] SYS_mmap(0x7f89043e6000, 4096, 3, 2066)                                                                      = 0x7f89043e6000
8007 [0x7f8906542787] SYS_close(3, 16, 0x7f89043e6188, 0x6ffffdff)                                                                 = 0
8007 [0x7f8906542677] SYS_open(0x7f890673c4c8, 0x80000, 0, 0x6ffffdff)                                                             = 3
8007 [0x7f8906542697] SYS_read(3, 0x7fff04518b78, 832, 0x6ffffdff)                                                                 = 832
8007 [0x7f8906542604] SYS_fstat(3, 0x7fff04518a50, 0x7fff04518a50, 16)                                                             = 0
8007 [0x7f890654280a] SYS_mmap(0, 0x201f30, 5, 2050)                                                                               = 0x7f8903fdd000
8007 [0x7f8906542857] SYS_mprotect(0x7f8903fdf000, 0x1ff000, 0, 2050)                                                              = 0
8007 [0x7f890654280a] SYS_mmap(0x7f89041de000, 4096, 3, 2066)                                                                      = 0x7f89041de000
8007 [0x7f8906542787] SYS_close(3, 16, 0x7f89041dee18, 0x6ffffdff)                                                                 = 0
8007 [0x7f8906542677] SYS_open(0x7f890673ca60, 0x80000, 0, 0x7f89067404d0)                                                         = 3
8007 [0x7f8906542697] SYS_read(3, 0x7fff04518b48, 832, 0x7f89067404d0)                                                             = 832
8007 [0x7f8906542604] SYS_fstat(3, 0x7fff04518a20, 0x7fff04518a20, 16)                                                             = 0
8007 [0x7f890654280a] SYS_mmap(0, 0x2022e8, 5, 2050)                                                                               = 0x7f8903dda000
8007 [0x7f8906542857] SYS_mprotect(0x7f8903ddc000, 0x200000, 0, 2050)                                                              = 0
8007 [0x7f890654280a] SYS_mmap(0x7f8903fdc000, 4096, 3, 2066)                                                                      = 0x7f8903fdc000
8007 [0x7f8906542787] SYS_close(3, 16, 0x7f8903fdc198, 0x6ffffdff)                                                                 = 0
8007 [0x7f8906542677] SYS_open(0x7f890673cf40, 0x80000, 0, 0x6ffffdff)                                                             = 3
8007 [0x7f8906542697] SYS_read(3, 0x7fff04518b18, 832, 0x6ffffdff)                                                                 = 832
8007 [0x7f8906542604] SYS_fstat(3, 0x7fff045189f0, 0x7fff045189f0, 16)                                                             = 0
8007 [0x7f890654280a] SYS_mmap(0, 4096, 3, 34)                                                                                     = 0x7f890673b000
8007 [0x7f890654280a] SYS_mmap(0, 0x201f30, 5, 2050)                                                                               = 0x7f8903bd8000
8007 [0x7f8906542857] SYS_mprotect(0x7f8903bda000, 0x1ff000, 0, 2050)                                                              = 0
8007 [0x7f890654280a] SYS_mmap(0x7f8903dd9000, 4096, 3, 2066)                                                                      = 0x7f8903dd9000
8007 [0x7f8906542787] SYS_close(3, 16, 0x7f8903dd9e18, 0x6ffffdff)                                                                 = 0
8007 [0x7f8906542677] SYS_open(0x7f890673b4c0, 0x80000, 0, 0x6ffffdff)                                                             = 3
8007 [0x7f8906542697] SYS_read(3, 0x7fff04518ae8, 832, 0x6ffffdff)                                                                 = 832
8007 [0x7f8906542604] SYS_fstat(3, 0x7fff045189c0, 0x7fff045189c0, 16)                                                             = 0
8007 [0x7f890654280a] SYS_mmap(0, 0x2038b8, 5, 2050)                                                                               = 0x7f89039d4000
8007 [0x7f8906542857] SYS_mprotect(0x7f89039d8000, 0x1ff000, 0, 2050)                                                              = 0
8007 [0x7f890654280a] SYS_mmap(0x7f8903bd7000, 4096, 3, 2066)                                                                      = 0x7f8903bd7000
8007 [0x7f8906542787] SYS_close(3, 16, 0x7f8903bd7748, 0x6ffffdff)                                                                 = 0
8007 [0x7f8906542677] SYS_open(0x7f890673ba60, 0x80000, 0, 0x7f890673e000)                                                         = 3
8007 [0x7f8906542697] SYS_read(3, 0x7fff04518a88, 832, 0x7f890673e000)                                                             = 832
8007 [0x7f8906542604] SYS_fstat(3, 0x7fff04518960, 0x7fff04518960, 16)                                                             = 0
8007 [0x7f890654280a] SYS_mmap(0, 0x210848, 5, 2050)                                                                               = 0x7f89037c3000
8007 [0x7f8906542857] SYS_mprotect(0x7f89037d3000, 0x1ff000, 0, 2050)                                                              = 0
8007 [0x7f890654280a] SYS_mmap(0x7f89039d2000, 8192, 3, 2066)                                                                      = 0x7f89039d2000
8007 [0x7f8906542787] SYS_close(3, 16, 0x7f89039d2d90, 0x6ffffdff)                                                                 = 0
8007 [0x7f8906542677] SYS_open(0x7f890673bf48, 0x80000, 0, 0x6ffffdff)                                                             = 3
8007 [0x7f8906542697] SYS_read(3, 0x7fff04518a58, 832, 0x6ffffdff)                                                                 = 832
8007 [0x7f8906542604] SYS_fstat(3, 0x7fff04518930, 0x7fff04518930, 16)                                                             = 0
8007 [0x7f890654280a] SYS_mmap(0, 4096, 3, 34)                                                                                     = 0x7f890673a000
8007 [0x7f890654280a] SYS_mmap(0, 0x20acf0, 5, 2050)                                                                               = 0x7f89035b8000
8007 [0x7f8906542857] SYS_mprotect(0x7f89035c3000, 0x1ff000, 0, 2050)                                                              = 0
8007 [0x7f890654280a] SYS_mmap(0x7f89037c2000, 4096, 3, 2066)                                                                      = 0x7f89037c2000
8007 [0x7f8906542787] SYS_close(3, 16, 0x7f89037c2750, 0x6ffffdff)                                                                 = 0
8007 [0x7f8906542677] SYS_open(0x7f890673a560, 0x80000, 0, 0x7f890673e000)                                                         = 3
8007 [0x7f8906542697] SYS_read(3, 0x7fff04518a28, 832, 0x7f890673e000)                                                             = 832
8007 [0x7f8906542604] SYS_fstat(3, 0x7fff04518900, 0x7fff04518900, 32)                                                             = 0
8007 [0x7f890654280a] SYS_mmap(0, 0x2361e0, 5, 2050)                                                                               = 0x7f8903381000
8007 [0x7f8906542857] SYS_mprotect(0x7f8903389000, 0x1ff000, 0, 2050)                                                              = 0
8007 [0x7f890654280a] SYS_mmap(0x7f8903588000, 8192, 3, 2066)                                                                      = 0x7f8903588000
8007 [0x7f890654280a] SYS_mmap(0x7f890358a000, 0x2d1e0, 3, 50)                                                                     = 0x7f890358a000
8007 [0x7f8906542787] SYS_close(3, 16, 0, 0x6ffffdff)                                                                              = 0
8007 [0x7f8906542677] SYS_open(0x7f890673aa30, 0x80000, 0, 0x6ffffdff)                                                             = 3
8007 [0x7f8906542697] SYS_read(3, 0x7fff045189f8, 832, 0x6ffffdff)                                                                 = 832
8007 [0x7f8906542604] SYS_fstat(3, 0x7fff045188d0, 0x7fff045188d0, 16)                                                             = 0
8007 [0x7f890654280a] SYS_mmap(0, 0x43fe88, 5, 2050)                                                                               = 0x7f8902f41000
8007 [0x7f8906542857] SYS_mprotect(0x7f8903156000, 0x200000, 0, 2050)                                                              = 0
8007 [0x7f890654280a] SYS_mmap(0x7f8903356000, 0x27000, 3, 2066)                                                                   = 0x7f8903356000
8007 [0x7f890654280a] SYS_mmap(0x7f890337d000, 0x3e88, 3, 50)                                                                      = 0x7f890337d000
8007 [0x7f8906542857] SYS_mprotect(0x7fff0451a000, 4096, 0x1000007, 4)                                                             = 0
8007 [0x7f8906542787] SYS_close(3, 4096, 0x1000007, 4)                                                                             = 0
8007 [0x7f8906542677] SYS_open(0x7f890673afb0, 0x80000, 0, 0x7f890673d4d0)                                                         = 3
8007 [0x7f8906542697] SYS_read(3, 0x7fff045189c8, 832, 0x7f890673d4d0)                                                             = 832
8007 [0x7f8906542604] SYS_fstat(3, 0x7fff045188a0, 0x7fff045188a0, 16)                                                             = 0
8007 [0x7f890654280a] SYS_mmap(0, 4096, 3, 34)                                                                                     = 0x7f8906739000
8007 [0x7f890654280a] SYS_mmap(0, 0x215730, 5, 2050)                                                                               = 0x7f8902d2b000
8007 [0x7f8906542857] SYS_mprotect(0x7f8902d41000, 0x1ff000, 0, 2050)                                                              = 0
8007 [0x7f890654280a] SYS_mmap(0x7f8902f40000, 4096, 3, 2066)                                                                      = 0x7f8902f40000
8007 [0x7f8906542787] SYS_close(3, 16, 0x7f8902f40490, 0x6ffffdff)                                                                 = 0
8007 [0x7f8906542677] SYS_open(0x7f89067394f0, 0x80000, 0, 0x6ffffdff)                                                             = 3
8007 [0x7f8906542697] SYS_read(3, 0x7fff04518998, 832, 0x6ffffdff)                                                                 = 832
8007 [0x7f8906542604] SYS_fstat(3, 0x7fff04518870, 0x7fff04518870, 32)                                                             = 0
8007 [0x7f890654280a] SYS_mmap(0, 0x2fd148, 5, 2050)                                                                               = 0x7f8902a2d000
8007 [0x7f8906542857] SYS_mprotect(0x7f8902b2a000, 0x1ff000, 0, 2050)                                                              = 0
8007 [0x7f890654280a] SYS_mmap(0x7f8902d29000, 8192, 3, 2066)                                                                      = 0x7f8902d29000
8007 [0x7f8906542787] SYS_close(3, 16, 0, 0x6ffffdff)                                                                              = 0
8007 [0x7f8906542677] SYS_open(0x7fff04518760, 0x80000, 0, 0x36782f39325f3130)                                                     = -2
8007 [0x7f89065425c5] SYS_stat(0x7fff04518760, 0x7fff04518840, 0x7fff04518840, 0x36782f39325f3130)                                 = -2
8007 [0x7f8906542677] SYS_open(0x7fff04518760, 0x80000, 0, 0x36782f39325f3130)                                                     = -2
8007 [0x7f89065425c5] SYS_stat(0x7fff04518760, 0x7fff04518840, 0x7fff04518840, 0x36782f39325f3130)                                 = -2
8007 [0x7f8906542677] SYS_open(0x7fff04518760, 0x80000, 0, 0x36782f39325f3130)                                                     = -2
8007 [0x7f89065425c5] SYS_stat(0x7fff04518760, 0x7fff04518840, 0x7fff04518840, 0x36782f39325f3130)                                 = -2
8007 [0x7f8906542677] SYS_open(0x7fff04518760, 0x80000, 0, 0x36782f39325f3130)                                                     = -2
8007 [0x7f89065425c5] SYS_stat(0x7fff04518760, 0x7fff04518840, 0x7fff04518840, 0x36782f39325f3130)                                 = -2
8007 [0x7f8906542677] SYS_open(0x7f8906739dd0, 0x80000, 0, 0x36782f39325f3130)                                                     = 3
8007 [0x7f8906542697] SYS_read(3, 0x7fff04518968, 832, 0x36782f39325f3130)                                                         = 832
8007 [0x7f8906542604] SYS_fstat(3, 0x7fff04518840, 0x7fff04518840, 16)                                                             = 0
8007 [0x7f890654280a] SYS_mmap(0, 4096, 3, 34)                                                                                     = 0x7f8906738000
8007 [0x7f890654280a] SYS_mmap(0, 0x2f8980, 5, 2050)                                                                               = 0x7f8902734000
8007 [0x7f8906542857] SYS_mprotect(0x7f890282b000, 0x200000, 0, 2050)                                                              = 0
8007 [0x7f890654280a] SYS_mmap(0x7f8902a2b000, 8192, 3, 2066)                                                                      = 0x7f8902a2b000
8007 [0x7f8906542787] SYS_close(3, 16, 0x7f8902a2b3a0, 0x6ffffdff)                                                                 = 0
8007 [0x7f8906542677] SYS_open(0x7f89067384c8, 0x80000, 0, 0x6ffffdff)                                                             = 3
8007 [0x7f8906542697] SYS_read(3, 0x7fff04518938, 832, 0x6ffffdff)                                                                 = 832
8007 [0x7f8906542604] SYS_fstat(3, 0x7fff04518810, 0x7fff04518810, 16)                                                             = 0
8007 [0x7f890654280a] SYS_mmap(0, 0x2fc9d8, 5, 2050)                                                                               = 0x7f8902437000
8007 [0x7f8906542857] SYS_mprotect(0x7f8902532000, 0x200000, 0, 2050)                                                              = 0
8007 [0x7f890654280a] SYS_mmap(0x7f8902732000, 8192, 3, 2066)                                                                      = 0x7f8902732000
8007 [0x7f8906542787] SYS_close(3, 16, 0x7f8902733828, 0x6ffffdff)                                                                 = 0
8007 [0x7f8906542677] SYS_open(0x7f8906738998, 0x80000, 0, 0x6ffffdff)                                                             = 3
8007 [0x7f8906542697] SYS_read(3, 0x7fff04518908, 832, 0x6ffffdff)                                                                 = 832
8007 [0x7f8906542604] SYS_fstat(3, 0x7fff045187e0, 0x7fff045187e0, 16)                                                             = 0
8007 [0x7f890654280a] SYS_mmap(0, 0x242830, 5, 2050)                                                                               = 0x7f89021f4000
8007 [0x7f8906542857] SYS_mprotect(0x7f8902237000, 0x1ff000, 0, 2050)                                                              = 0
8007 [0x7f890654280a] SYS_mmap(0x7f8902436000, 4096, 3, 2066)                                                                      = 0x7f8902436000
8007 [0x7f8906542787] SYS_close(3, 16, 0x7f8902436630, 0x6ffffdff)                                                                 = 0
8007 [0x7f8906542677] SYS_open(0x7f8906738f70, 0x80000, 0, 0x7f890673f9b8)                                                         = 3
8007 [0x7f8906542697] SYS_read(3, 0x7fff045188d8, 832, 0x7f890673f9b8)                                                             = 832
8007 [0x7f8906542604] SYS_fstat(3, 0x7fff045187b0, 0x7fff045187b0, 32)                                                             = 0
8007 [0x7f890654280a] SYS_mmap(0, 4096, 3, 34)                                                                                     = 0x7f8906737000
8007 [0x7f890654280a] SYS_mmap(0, 0x203118, 5, 2050)                                                                               = 0x7f8901ff0000
8007 [0x7f8906542857] SYS_mprotect(0x7f8901ff2000, 0x200000, 0, 2050)                                                              = 0
8007 [0x7f890654280a] SYS_mmap(0x7f89021f2000, 8192, 3, 2066)                                                                      = 0x7f89021f2000
8007 [0x7f8906542787] SYS_close(3, 16, 0x7f89021f2f40, 0x6ffffdff)                                                                 = 0
8007 [0x7f890654280a] SYS_mmap(0, 4096, 3, 34)                                                                                     = 0x7f8906736000
8007 [0x7f890654280a] SYS_mmap(0, 4096, 3, 34)                                                                                     = 0x7f8906735000
8007 [0x7f890654280a] SYS_mmap(0, 8192, 3, 34)                                                                                     = 0x7f8906733000
8007 [0x7f890652c044] SYS_arch_prctl(4098, 0x7f8906733780, 0x7f8906734080, 34)                                                     = 0
8007 [0x7f8906542857] SYS_mprotect(0x7f8905e82000, 0x4000, 1, 1)                                                                   = 0
8007 [0x7f8906542857] SYS_mprotect(0x7f89021f2000, 4096, 1, 0x7f8901ff0c68)                                                        = 0
8007 [0x7f8906542857] SYS_mprotect(0x7f8905028000, 4096, 1, 0x7f8904e16500)                                                        = 0
8007 [0x7f8906542857] SYS_mprotect(0x7f8902d29000, 4096, 1, 1)                                                                     = 0
8007 [0x7f8906542857] SYS_mprotect(0x7f8903588000, 4096, 1, 0x7f8903381a00)                                                        = 0
8007 [0x7f8906542857] SYS_mprotect(0x7f89052ec000, 0x7000, 1, 0x7f8905086810)                                                      = 0
8007 [0x7f8906542857] SYS_mprotect(0x7f8904e0f000, 4096, 1, 0x7f8904c0ad58)                                                        = 0
8007 [0x7f8906542857] SYS_mprotect(0x7f890674b000, 4096, 1, 0)                                                                     = 0
8007 [0x7f8906542837] SYS_munmap(0x7f8906741000, 0x83b3, 0x73000, 0)                                                               = 0
8007 [0x7f8904e17e92] SYS_set_tid_address(0x7f8906733a50, 0x7fff0451a8c8, 0x7f8906733780, 0)                                       = 8007
8007 [0x7f8904e17efa] SYS_set_robust_list(0x7f8906733a60, 24, 0x7f8906733780, 0)                                                   = 0
8007 [0x7f8904e21cf5] SYS_rt_sigaction(32, 0x7fff0451a618, 0, 8)                                                                   = 0
8007 [0x7f8904e21cf5] SYS_rt_sigaction(33, 0x7fff0451a618, 0, 8)                                                                   = 0
8007 [0x7f8904e17fd6] SYS_rt_sigprocmask(1, 0x7fff0451a768, 0, 8)                                                                  = 0
8007 [0x7f8905bceb17] SYS_getrlimit(3, 0x7fff0451a800, 63, 1)                                                                      = 0
8007 [0x7f8904e17b95] SYS_futex(0x7f89052f67e0, 129, 0x7fffffff, 0)                                                                = 0
8007 [0x4008fd] ledctrl->Lookup_Nas_Info(_T_NAS_PROP_&)(0x7fff0451a710, 0x7fff0451ab94, 0, 0x7fff0451ab93 <unfinished ...>
8007 [0x7f89062d5d11]   libnasman.so->Open_Share_Memory(char const*, int, void*&, int&)(0x7f890631a08e, 0, 0x7fff0451a6d0, 0x7fff0451a6dc <unfinished ...>
8007 [0x7f8905bc9557]     SYS_statfs(0x7f8904e241e8, 0x7fff0451a470, 0x7f890502d310, 1)                                            = 0
8007 [0x7f8904e17b95]     SYS_futex(0x7f890502d310, 129, 0x7fffffff, 0)                                                            = 0
8007 [0x7f8905bc97e0]     SYS_open(0x7fff0451a580, 0xa0000, 484, 1)                                                                = 3
8007 [0x7f8905bc93b4]     SYS_fstat(3, 0x7fff0451a610, 0x7fff0451a610, 1)                                                          = 0
8007 [0x7f8905bd272a]     SYS_mmap(0, 0x2788, 1, 1)                                                                                = 0x7f8906747000
8007 [0x7f8905bca070]     SYS_close(3, 0x2788, 1, 1)                                                                               = 0
8007 [0x7f89062d5d11]   <... Open_Share_Memory(char const*, int, void*&, int&) resumed> )                                          = 0
8007 [0x7f89062d5d4d]   libnasman.so->Open_Share_Memory(char const*, int, void*&, int&)(0x7f890631a0a7, 0, 0x7fff0451a6d0, 0x7fff0451a6dc <unfinished ...>
8007 [0x7f8905bc97e0]     SYS_open(0x7fff0451a580, 0xa0000, 484, 1)                                                                = 3
8007 [0x7f8905bc93b4]     SYS_fstat(3, 0x7fff0451a610, 0x7fff0451a610, 1)                                                          = 0
8007 [0x7f8905bd272a]     SYS_mmap(0, 3536, 1, 1)                                                                                  = 0x7f8906746000
8007 [0x7f8905bca070]     SYS_close(3, 3536, 1, 1)                                                                                 = 0
8007 [0x7f89062d5d4d]   <... Open_Share_Memory(char const*, int, void*&, int&) resumed> )                                          = 0
8007 [0x7f89062d5d7f]   libnasman.so->Open_Share_Memory(char const*, int, void*&, int&)(0x7f890631a0b5, 0, 0x7fff0451a6d0, 0x7fff0451a6dc <unfinished ...>
8007 [0x7f8905bc97e0]     SYS_open(0x7fff0451a580, 0xa0000, 484, 1)                                                                = 3
8007 [0x7f8905bc93b4]     SYS_fstat(3, 0x7fff0451a610, 0x7fff0451a610, 1)                                                          = 0
8007 [0x7f8905bd272a]     SYS_mmap(0, 4080, 1, 1)                                                                                  = 0x7f8906745000
8007 [0x7f8905bca070]     SYS_close(3, 4080, 1, 1)                                                                                 = 0
8007 [0x7f89062d5d7f]   <... Open_Share_Memory(char const*, int, void*&, int&) resumed> )                                          = 0
8007 [0x4008fd] <... Lookup_Nas_Info(_T_NAS_PROP_&) resumed> )                                                                     = 0
8007 [0x400934] ledctrl->Hal_Led_Set_Hdd_Mode(1, 7, 3, 0 <unfinished ...>
8007 [0x7f8905e92f15]   libnhal.so->Hal_Lookup_Hardware_Info(0x7fff0451a600, 7, 3, 0 <unfinished ...>
8007 [0x7f8905bc97e0]     SYS_open(0x7fff0451a500, 0xa0002, 484, 1)                                                                = 3
8007 [0x7f8905bd272a]     SYS_mmap(0, 220, 3, 1)                                                                                   = 0x7f8906744000
8007 [0x7f8905bca070]     SYS_close(3, 220, 3, 1)                                                                                  = 0
8007 [0x7f8905e917f0]     libnhal.so->Hw_Semaphore_Init(0x7fff0451a5b0, 0x7f8905e94287, 1, -1 <unfinished ...>
8007 [0x7f8905bc9405]       SYS_lstat(0x7fff0451a460, 0x7fff0451a370, 0x7fff0451a370, 0)                                           = -2
8007 [0x7f8904e21510]       SYS_open(0x7fff0451a460, 194, 600, 0)                                                                  = 3
8007 [0x7f8904e20da0]       SYS_write(3, 0x7fff0451a4e0, 32, 0)                                                                    = 32
8007 [0x7f8905bd272a]       SYS_mmap(0, 32, 3, 1)                                                                                  = 0x7f8906743000
8007 [0x7f8905bcb1a7]       SYS_link(0x7fff0451a460, 0x7fff0451a490, 3, 1)                                                         = -17
8007 [0x7f8905bd2757]       SYS_munmap(0x7f8906743000, 32, 3, 1)                                                                   = 0
8007 [0x7f8905bcb2c7]       SYS_unlink(0x7fff0451a460, 32, 3, 1)                                                                   = 0
8007 [0x7f8904e20e60]       SYS_close(3, 32, 3, 1)                                                                                 = 0
8007 [0x7f8904e21510]       SYS_open(0x7fff0451a490, 0x20002, 18, 1)                                                               = 3
8007 [0x7f8905bc93b4]       SYS_fstat(3, 0x7fff0451a3c0, 0x7fff0451a3c0, 1)                                                        = 0
8007 [0x7f8905bcef5a]       SYS_brk(0, 0x7f8905e86640, 0, -4096)                                                                   = 0x8d3000
8007 [0x7f8905bcef5a]       SYS_brk(0x8f4000, 0x8d3000, 0x8f4000, -4096)                                                           = 0x8f4000
8007 [0x7f8905bd272a]       SYS_mmap(0, 32, 3, 1)                                                                                  = 0x7f8906743000
8007 [0x7f8904e20e60]       SYS_close(3, 32, 0, 3)                                                                                 = 0
8007 [0x7f8905e917f0]     <... Hw_Semaphore_Init resumed> )                                                                        = 17
8007 [0x7f8905e91800]     libnhal.so->Hw_Semaphore_Lock(0x7fff0451a5b0, 32, 0x7f8906743000, -1)                                    = 0
8007 [0x7f8905e91918]     libnhal.so->Hw_Semaphore_Unlock(0x7fff0451a5b0, 2, 0x7f8906744000, 0)                                    = 0
8007 [0x7f8905e91924]     libnhal.so->Hw_Semaphore_Release(0x7fff0451a5b0, 128, 0, 0 <unfinished ...>
8007 [0x7f8905bd2757]       SYS_munmap(0x7f8906743000, 32, 0, 1)                                                                   = 0
8007 [0x7f8905e91924]     <... Hw_Semaphore_Release resumed> )                                                                     = 0
8007 [0x7f8905e92f15]   <... Hal_Lookup_Hardware_Info resumed> )                                                                   = 0
8007 [0x7f8905e930e3]   libnhal.so->Mv9125_Set_Led_Mode(0, 1, 0, 3 <unfinished ...>
8007 [0x7f89041e4937]     libgeneraldrv.so->PCI_Conf_Read(1, 0, 0, 36 <unfinished ...>
8007 [0x7f89041e1823]       libgeneraldrv.so->Hw_Semaphore_Init(0x7fff0451a4f0, 0x7f89041e5000, 1, 0 <unfinished ...>
8007 [0x7f8905bc9405]         SYS_lstat(0x7fff0451a3a0, 0x7fff0451a2b0, 0x7fff0451a2b0, 0)                                         = -2
8007 [0x7f8904e21510]         SYS_open(0x7fff0451a3a0, 194, 600, 0)                                                                = 3
8007 [0x7f8904e20da0]         SYS_write(3, 0x7fff0451a420, 32, 0)                                                                  = 32
8007 [0x7f8905bd272a]         SYS_mmap(0, 32, 3, 1)                                                                                = 0x7f8906743000
8007 [0x7f8905bcb1a7]         SYS_link(0x7fff0451a3a0, 0x7fff0451a3d0, 3, 1)                                                       = -17
8007 [0x7f8905bd2757]         SYS_munmap(0x7f8906743000, 32, 3, 1)                                                                 = 0
8007 [0x7f8905bcb2c7]         SYS_unlink(0x7fff0451a3a0, 32, 3, 1)                                                                 = 0
8007 [0x7f8904e20e60]         SYS_close(3, 32, 3, 1)                                                                               = 0
8007 [0x7f8904e21510]         SYS_open(0x7fff0451a3d0, 0x20002, 17, 1)                                                             = 3
8007 [0x7f8905bc93b4]         SYS_fstat(3, 0x7fff0451a300, 0x7fff0451a300, 1)                                                      = 0
8007 [0x7f8905bd272a]         SYS_mmap(0, 32, 3, 1)                                                                                = 0x7f8906743000
8007 [0x7f8904e20e60]         SYS_close(3, 32, 0, 1)                                                                               = 0
8007 [0x7f89041e1823]       <... Hw_Semaphore_Init resumed> )                                                                      = 17
8007 [0x7f89041e1833]       libgeneraldrv.so->Hw_Semaphore_Lock(0x7fff0451a4f0, 32, 0x7f8906743000, -1)                            = 0
8007 [0x7f8905bd66b7]       SYS_ioperm(3320, 4, 1, 1)                                                                              = 0
8007 [0x7f8905bd66b7]       SYS_ioperm(3320, 4, 0, 1)                                                                              = 0
8007 [0x7f8905bd66b7]       SYS_ioperm(235, 1, 1, 1)                                                                               = 0
8007 [0x7f8905bd66b7]       SYS_ioperm(235, 1, 0, 1)                                                                               = 0
8007 [0x7f8905bd66b7]       SYS_ioperm(3324, 4, 1, 1)                                                                              = 0
8007 [0x7f8905bd66b7]       SYS_ioperm(3324, 4, 0, 1)                                                                              = 0
8007 [0x7f8905bd66b7]       SYS_ioperm(235, 1, 1, 1)                                                                               = 0
8007 [0x7f8905bd66b7]       SYS_ioperm(235, 1, 0, 1)                                                                               = 0
8007 [0x7f8905bd66b7]       SYS_ioperm(3320, 4, 1, 1)                                                                              = 0
8007 [0x7f8905bd66b7]       SYS_ioperm(3320, 4, 0, 1)                                                                              = 0
8007 [0x7f8905bd66b7]       SYS_ioperm(235, 1, 1, 1)                                                                               = 0
8007 [0x7f8905bd66b7]       SYS_ioperm(235, 1, 0, 1)                                                                               = 0
8007 [0x7f89041e197f]       libgeneraldrv.so->Hw_Semaphore_Unlock(0x7fff0451a4f0, 1, 0, -1)                                        = 0
8007 [0x7f89041e198b]       libgeneraldrv.so->Hw_Semaphore_Release(0x7fff0451a4f0, 128, 0, 0 <unfinished ...>
8007 [0x7f8905bd2757]         SYS_munmap(0x7f8906743000, 32, 0, 1)                                                                 = 0
8007 [0x7f89041e198b]       <... Hw_Semaphore_Release resumed> )                                                                   = 0
8007 [0x7f89041e4937]     <... PCI_Conf_Read resumed> )                                                                            = 0
8007 [0x7f89041e4959]     libgeneraldrv.so->Hw_Semaphore_Init(0x7fff0451a560, 0x7f89041e538c, 1, 0x7f8905e86658 <unfinished ...>
8007 [0x7f8905bc9405]       SYS_lstat(0x7fff0451a410, 0x7fff0451a320, 0x7fff0451a320, 0)                                           = -2
8007 [0x7f8904e21510]       SYS_open(0x7fff0451a410, 194, 600, 0)                                                                  = 3
8007 [0x7f8904e20da0]       SYS_write(3, 0x7fff0451a490, 32, 0)                                                                    = 32
8007 [0x7f8905bd272a]       SYS_mmap(0, 32, 3, 1)                                                                                  = 0x7f8906743000
8007 [0x7f8905bcb1a7]       SYS_link(0x7fff0451a410, 0x7fff0451a440, 3, 1)                                                         = -17
8007 [0x7f8905bd2757]       SYS_munmap(0x7f8906743000, 32, 3, 1)                                                                   = 0
8007 [0x7f8905bcb2c7]       SYS_unlink(0x7fff0451a410, 32, 3, 1)                                                                   = 0
8007 [0x7f8904e20e60]       SYS_close(3, 32, 3, 1)                                                                                 = 0
8007 [0x7f8904e21510]       SYS_open(0x7fff0451a440, 0x20002, 20, 1)                                                               = 3
8007 [0x7f8905bc93b4]       SYS_fstat(3, 0x7fff0451a370, 0x7fff0451a370, 1)                                                        = 0
8007 [0x7f8905bd272a]       SYS_mmap(0, 32, 3, 1)                                                                                  = 0x7f8906743000
8007 [0x7f8904e20e60]       SYS_close(3, 32, 0, 1)                                                                                 = 0
8007 [0x7f89041e4959]     <... Hw_Semaphore_Init resumed> )                                                                        = 17
8007 [0x7f89041e4969]     libgeneraldrv.so->Hw_Semaphore_Lock(0x7fff0451a560, 32, 0x7f8906743000, -1)                              = 0
8007 [0x7f8905bc97e0]     SYS_open(0x7f89041e53a1, 2, 1, 1)                                                                        = 3
8007 [0x7f8905bd272a]     SYS_mmap(0, 60, 3, 1)                                                                                    = 0x7f8906742000
8007 [0x7f8905ba6060]     SYS_nanosleep(0x7fff0451a540, 0, 0, 1)                                                                   = 0
8007 [0x7f8905ba6060]     SYS_nanosleep(0x7fff0451a540, 0, 0, 1)                                                                   = 0
8007 [0x7f8905bd2757]     SYS_munmap(0x7f8906742000, 60, 0, 1)                                                                     = 0
8007 [0x7f8905bca070]     SYS_close(3, 60, 0, 1)                                                                                   = 0
8007 [0x7f8905ba6060]     SYS_nanosleep(0x7fff0451a540, 0, 0, 1)                                                                   = 0
8007 [0x7f89041e4a1c]     libgeneraldrv.so->Hw_Semaphore_Unlock(0x7fff0451a560, 0, 0, -1)                                          = 0
8007 [0x7f89041e4a28]     libgeneraldrv.so->Hw_Semaphore_Release(0x7fff0451a560, 128, 0, 0 <unfinished ...>
8007 [0x7f8905bd2757]       SYS_munmap(0x7f8906743000, 32, 0, 1)                                                                   = 0
8007 [0x7f89041e4a28]     <... Hw_Semaphore_Release resumed> )                                                                     = 0
8007 [0x7f89041e4acf]     libgeneraldrv.so->PCI_Conf_Read(1, 0, 0, 36 <unfinished ...>
8007 [0x7f89041e1823]       libgeneraldrv.so->Hw_Semaphore_Init(0x7fff0451a500, 0x7f89041e5000, 1, 0 <unfinished ...>
8007 [0x7f8905bc9405]         SYS_lstat(0x7fff0451a3b0, 0x7fff0451a2c0, 0x7fff0451a2c0, 0)                                         = -2
8007 [0x7f8904e21510]         SYS_open(0x7fff0451a3b0, 194, 600, 0)                                                                = 3
8007 [0x7f8904e20da0]         SYS_write(3, 0x7fff0451a430, 32, 0)                                                                  = 32
8007 [0x7f8905bd272a]         SYS_mmap(0, 32, 3, 1)                                                                                = 0x7f8906743000
8007 [0x7f8905bcb1a7]         SYS_link(0x7fff0451a3b0, 0x7fff0451a3e0, 3, 1)                                                       = -17
8007 [0x7f8905bd2757]         SYS_munmap(0x7f8906743000, 32, 3, 1)                                                                 = 0
8007 [0x7f8905bcb2c7]         SYS_unlink(0x7fff0451a3b0, 32, 3, 1)                                                                 = 0
8007 [0x7f8904e20e60]         SYS_close(3, 32, 3, 1)                                                                               = 0
8007 [0x7f8904e21510]         SYS_open(0x7fff0451a3e0, 0x20002, 17, 1)                                                             = 3
8007 [0x7f8905bc93b4]         SYS_fstat(3, 0x7fff0451a310, 0x7fff0451a310, 1)                                                      = 0
8007 [0x7f8905bd272a]         SYS_mmap(0, 32, 3, 1)                                                                                = 0x7f8906743000
8007 [0x7f8904e20e60]         SYS_close(3, 32, 0, 1)                                                                               = 0
8007 [0x7f89041e1823]       <... Hw_Semaphore_Init resumed> )                                                                      = 17
8007 [0x7f89041e1833]       libgeneraldrv.so->Hw_Semaphore_Lock(0x7fff0451a500, 32, 0x7f8906743000, -1)                            = 0
8007 [0x7f8905bd66b7]       SYS_ioperm(3320, 4, 1, 1)                                                                              = 0
8007 [0x7f8905bd66b7]       SYS_ioperm(3320, 4, 0, 1)                                                                              = 0
8007 [0x7f8905bd66b7]       SYS_ioperm(235, 1, 1, 1)                                                                               = 0
8007 [0x7f8905bd66b7]       SYS_ioperm(235, 1, 0, 1)                                                                               = 0
8007 [0x7f8905bd66b7]       SYS_ioperm(3324, 4, 1, 1)                                                                              = 0
8007 [0x7f8905bd66b7]       SYS_ioperm(3324, 4, 0, 1)                                                                              = 0
8007 [0x7f8905bd66b7]       SYS_ioperm(235, 1, 1, 1)                                                                               = 0
8007 [0x7f8905bd66b7]       SYS_ioperm(235, 1, 0, 1)                                                                               = 0
8007 [0x7f8905bd66b7]       SYS_ioperm(3320, 4, 1, 1)                                                                              = 0
8007 [0x7f8905bd66b7]       SYS_ioperm(3320, 4, 0, 1)                                                                              = 0
8007 [0x7f8905bd66b7]       SYS_ioperm(235, 1, 1, 1)                                                                               = 0
8007 [0x7f8905bd66b7]       SYS_ioperm(235, 1, 0, 1)                                                                               = 0
8007 [0x7f89041e197f]       libgeneraldrv.so->Hw_Semaphore_Unlock(0x7fff0451a500, 1, 0, -1)                                        = 0
8007 [0x7f89041e198b]       libgeneraldrv.so->Hw_Semaphore_Release(0x7fff0451a500, 128, 0, 0 <unfinished ...>
8007 [0x7f8905bd2757]         SYS_munmap(0x7f8906743000, 32, 0, 1)                                                                 = 0
8007 [0x7f89041e198b]       <... Hw_Semaphore_Release resumed> )                                                                   = 0
8007 [0x7f89041e4acf]     <... PCI_Conf_Read resumed> )                                                                            = 0
8007 [0x7f89041e4af1]     libgeneraldrv.so->Hw_Semaphore_Init(0x7fff0451a570, 0x7f89041e538c, 1, 0x7f8905e86658 <unfinished ...>
8007 [0x7f8905bc9405]       SYS_lstat(0x7fff0451a420, 0x7fff0451a330, 0x7fff0451a330, 0)                                           = -2
8007 [0x7f8904e21510]       SYS_open(0x7fff0451a420, 194, 600, 0)                                                                  = 3
8007 [0x7f8904e20da0]       SYS_write(3, 0x7fff0451a4a0, 32, 0)                                                                    = 32
8007 [0x7f8905bd272a]       SYS_mmap(0, 32, 3, 1)                                                                                  = 0x7f8906743000
8007 [0x7f8905bcb1a7]       SYS_link(0x7fff0451a420, 0x7fff0451a450, 3, 1)                                                         = -17
8007 [0x7f8905bd2757]       SYS_munmap(0x7f8906743000, 32, 3, 1)                                                                   = 0
8007 [0x7f8905bcb2c7]       SYS_unlink(0x7fff0451a420, 32, 3, 1)                                                                   = 0
8007 [0x7f8904e20e60]       SYS_close(3, 32, 3, 1)                                                                                 = 0
8007 [0x7f8904e21510]       SYS_open(0x7fff0451a450, 0x20002, 20, 1)                                                               = 3
8007 [0x7f8905bc93b4]       SYS_fstat(3, 0x7fff0451a380, 0x7fff0451a380, 1)                                                        = 0
8007 [0x7f8905bd272a]       SYS_mmap(0, 32, 3, 1)                                                                                  = 0x7f8906743000
8007 [0x7f8904e20e60]       SYS_close(3, 32, 0, 1)                                                                                 = 0
8007 [0x7f89041e4af1]     <... Hw_Semaphore_Init resumed> )                                                                        = 17
8007 [0x7f89041e4b01]     libgeneraldrv.so->Hw_Semaphore_Lock(0x7fff0451a570, 32, 0x7f8906743000, -1)                              = 0
8007 [0x7f8905bc97e0]     SYS_open(0x7f89041e53a1, 2, 1, 1)                                                                        = 3
8007 [0x7f8905bd272a]     SYS_mmap(0, 60, 3, 1)                                                                                    = 0x7f8906742000
8007 [0x7f8905ba6060]     SYS_nanosleep(0x7fff0451a550, 0, 0, 1)                                                                   = 0
8007 [0x7f8905ba6060]     SYS_nanosleep(0x7fff0451a550, 0, 0, 1)                                                                   = 0
8007 [0x7f8905bd2757]     SYS_munmap(0x7f8906742000, 60, 0, 1)                                                                     = 0
8007 [0x7f8905bca070]     SYS_close(3, 60, 0, 1)                                                                                   = 0
8007 [0x7f8905ba6060]     SYS_nanosleep(0x7fff0451a550, 0, 0, 1)                                                                   = 0
8007 [0x7f89041e4ba6]     libgeneraldrv.so->Hw_Semaphore_Unlock(0x7fff0451a570, 0, 0, -1)                                          = 0
8007 [0x7f89041e4bb2]     libgeneraldrv.so->Hw_Semaphore_Release(0x7fff0451a570, 128, 0, 0 <unfinished ...>
8007 [0x7f8905bd2757]       SYS_munmap(0x7f8906743000, 32, 0, 1)                                                                   = 0
8007 [0x7f89041e4bb2]     <... Hw_Semaphore_Release resumed> )                                                                     = 0
8007 [0x7f8905e930e3]   <... Mv9125_Set_Led_Mode resumed> )                                                                        = 0
8007 [0x400934] <... Hal_Led_Set_Hdd_Mode resumed> )                                                                               = 0
8007 [0x7f89062d5f15] libnasman.so->Close_Share_Memory(char const*, void*)(0x7f890631a08e, 0x7f8906747000, 0x51f071c85a42f14c, 4 <unfinished ...>
8007 [0x7f89062d5b6e]   libnasman.so->Get_File_Size(char const*, long*)(0x7fff0451a470, 0x7fff0451a598, 0x7fff0451a485, 0 <unfinished ...>
8007 [0x7f8905bc9365]     SYS_stat(0x7fff0451a470, 0x7fff0451a3d0, 0x7fff0451a3d0, 1)                                              = 0
8007 [0x7f89062d5b6e]   <... Get_File_Size(char const*, long*) resumed> )                                                          = 0
8007 [0x7f8905bd2757]   SYS_munmap(0x7f8906747000, 0x2788, 0x7fff0451a3d0, 1)                                                      = 0
8007 [0x7f89062d5f15] <... Close_Share_Memory(char const*, void*) resumed> )                                                       = 0
8007 [0x7f89062d5f37] libnasman.so->Close_Share_Memory(char const*, void*)(0x7f890631a0a7, 0x7f8906746000, 0, -1 <unfinished ...>
8007 [0x7f89062d5b6e]   libnasman.so->Get_File_Size(char const*, long*)(0x7fff0451a470, 0x7fff0451a598, 0x7fff0451a486, 0 <unfinished ...>
8007 [0x7f8905bc9365]     SYS_stat(0x7fff0451a470, 0x7fff0451a3d0, 0x7fff0451a3d0, 1)                                              = 0
8007 [0x7f89062d5b6e]   <... Get_File_Size(char const*, long*) resumed> )                                                          = 0
8007 [0x7f8905bd2757]   SYS_munmap(0x7f8906746000, 3536, 0x7fff0451a3d0, 1)                                                        = 0
8007 [0x7f89062d5f37] <... Close_Share_Memory(char const*, void*) resumed> )                                                       = 0
8007 [0x7f89062d5f59] libnasman.so->Close_Share_Memory(char const*, void*)(0x7f890631a0b5, 0x7f8906745000, 0, -1 <unfinished ...>
8007 [0x7f89062d5b6e]   libnasman.so->Get_File_Size(char const*, long*)(0x7fff0451a470, 0x7fff0451a598, 0x7fff0451a486, 0 <unfinished ...>
8007 [0x7f8905bc9365]     SYS_stat(0x7fff0451a470, 0x7fff0451a3d0, 0x7fff0451a3d0, 1)                                              = 0
8007 [0x7f89062d5b6e]   <... Get_File_Size(char const*, long*) resumed> )                                                          = 0
8007 [0x7f8905bd2757]   SYS_munmap(0x7f8906745000, 4080, 0x7fff0451a3d0, 1)                                                        = 0
8007 [0x7f89062d5f59] <... Close_Share_Memory(char const*, void*) resumed> )                                                       = 0
8007 [0x7f8905b23932] libgeneral.so->Trace_Mem_Destroy()(0x7f890583bd40, 0, 0x51f0772a2182f14c, 16)                                = 0
8007 [0x7f8905ba6468] SYS_exit_group(0, 60, 0, 0x7f8905e89a48 <no return ...>
8007 [0xffffffffffffffff] +++ exited (status 0) +++
