8643 [0x7f2efbc638aa] SYS_brk(0, 0x7f2efbc66fa0, 0, 895)                                                                           = 0x1619000
8643 [0x7f2efbc647e7] SYS_readlink(0x7fff5f56fb85, 0x7fff5f56c930, 4096, 0x756e694c00000000)                                       = -2
8643 [0x7f2efbc64677] SYS_open(0x7f2efbc681f3, 0, 0, 0x756e694c00000000)                                                           = 3
8643 [0x7f2efbc647a7] SYS_chdir(0x7f2efbe6fba8, 0, 0, 0x756e694c00000000)                                                          = -2
8643 [0x7f2efbc639d2] SYS_getcwd(0x7fff5f56c930, 4096, 0, 0x756e694c00000000)                                                      = 23
8643 [0x7f2efbc647c7] SYS_fchdir(3, 4096, 0, 0x756e694c00000000)                                                                   = 0
8643 [0x7f2efbc64787] SYS_close(3, 4096, 0, 0x756e694c00000000)                                                                    = 0
8643 [0x7f2efbc6480a] SYS_mmap(0, 4096, 3, 34)                                                                                     = 0x7f2efbe6c000
8643 [0x7f2efbc646d7] SYS_access(0x7f2efbc6a700, 4, 0x7f2efbe6f718, 0)                                                             = -2
8643 [0x7f2efbc64677] SYS_open(0x7f2efbc68072, 0x80000, 1, 0)                                                                      = 3
8643 [0x7f2efbc64604] SYS_fstat(3, 0x7fff5f56c110, 0x7fff5f56c110, 0)                                                              = 0
8643 [0x7f2efbc6480a] SYS_mmap(0, 0x83b3, 1, 2)                                                                                    = 0x7f2efbe63000
8643 [0x7f2efbc64787] SYS_close(3, 0x83b3, 1, 2)                                                                                   = 0
8643 [0x7f2efbc64677] SYS_open(0x7f2efbe6c640, 0x80000, 0, 56)                                                                     = 3
8643 [0x7f2efbc64697] SYS_read(3, 0x7fff5f56c298, 832, 56)                                                                         = 832
8643 [0x7f2efbc64604] SYS_fstat(3, 0x7fff5f56c170, 0x7fff5f56c170, 16)                                                             = 0
8643 [0x7f2efbc6480a] SYS_mmap(0, 0x278960, 5, 2050)                                                                               = 0x7f2efb9d4000
8643 [0x7f2efbc64857] SYS_mprotect(0x7f2efba4a000, 0x200000, 0, 2050)                                                              = 0
8643 [0x7f2efbc6480a] SYS_mmap(0x7f2efbc4a000, 0x3000, 3, 2066)                                                                    = 0x7f2efbc4a000
8643 [0x7f2efbc64787] SYS_close(3, 16, 0x7f2efbc4a3e0, 0x6ffffdff)                                                                 = 0
8643 [0x7f2efbc64677] SYS_open(0x7f2efbe6cb10, 0x80000, 0, 0x6ffffdff)                                                             = 3
8643 [0x7f2efbc64697] SYS_read(3, 0x7fff5f56c268, 832, 0x6ffffdff)                                                                 = 832
8643 [0x7f2efbc64604] SYS_fstat(3, 0x7fff5f56c140, 0x7fff5f56c140, 16)                                                             = 0
8643 [0x7f2efbc6480a] SYS_mmap(0, 0x21bee0, 5, 2050)                                                                               = 0x7f2efb7b8000
8643 [0x7f2efbc64857] SYS_mprotect(0x7f2efb7d3000, 0x200000, 0, 2050)                                                              = 0
8643 [0x7f2efbc6480a] SYS_mmap(0x7f2efb9d3000, 4096, 3, 2066)                                                                      = 0x7f2efb9d3000
8643 [0x7f2efbc64787] SYS_close(3, 16, 0x7f2efb9d3208, 0x6ffffdff)                                                                 = 0
8643 [0x7f2efbc64677] SYS_open(0x7f2efbe6cfe0, 0x80000, 0, 0x6ffffdff)                                                             = 3
8643 [0x7f2efbc64697] SYS_read(3, 0x7fff5f56c238, 832, 0x6ffffdff)                                                                 = 832
8643 [0x7f2efbc64604] SYS_fstat(3, 0x7fff5f56c110, 0x7fff5f56c110, 16)                                                             = 0
8643 [0x7f2efbc6480a] SYS_mmap(0, 4096, 3, 34)                                                                                     = 0x7f2efbe62000
8643 [0x7f2efbc6480a] SYS_mmap(0, 0x209ad0, 5, 2050)                                                                               = 0x7f2efb5ae000
8643 [0x7f2efbc64857] SYS_mprotect(0x7f2efb5b8000, 0x1ff000, 0, 2050)                                                              = 0
8643 [0x7f2efbc6480a] SYS_mmap(0x7f2efb7b7000, 4096, 3, 2066)                                                                      = 0x7f2efb7b7000
8643 [0x7f2efbc64787] SYS_close(3, 16, 0x7f2efb7b7690, 0x6ffffdff)                                                                 = 0
8643 [0x7f2efbc64677] SYS_open(0x7f2efbe624b8, 0x80000, 0, 0x6ffffdff)                                                             = 3
8643 [0x7f2efbc64697] SYS_read(3, 0x7fff5f56c208, 832, 0x6ffffdff)                                                                 = 832
8643 [0x7f2efbc64604] SYS_fstat(3, 0x7fff5f56c0e0, 0x7fff5f56c0e0, 32)                                                             = 0
8643 [0x7f2efbc6480a] SYS_mmap(0, 0x39dc40, 5, 2050)                                                                               = 0x7f2efb210000
8643 [0x7f2efbc64857] SYS_mprotect(0x7f2efb3a4000, 0x200000, 0, 2050)                                                              = 0
8643 [0x7f2efbc6480a] SYS_mmap(0x7f2efb5a4000, 0x6000, 3, 2066)                                                                    = 0x7f2efb5a4000
8643 [0x7f2efbc6480a] SYS_mmap(0x7f2efb5aa000, 0x3c40, 3, 50)                                                                      = 0x7f2efb5aa000
8643 [0x7f2efbc64787] SYS_close(3, 16, 0, 0x6ffffdff)                                                                              = 0
8643 [0x7f2efbc64677] SYS_open(0x7f2efbe62988, 0x80000, 0, 0x6ffffdff)                                                             = 3
8643 [0x7f2efbc64697] SYS_read(3, 0x7fff5f56c0b8, 832, 0x6ffffdff)                                                                 = 832
8643 [0x7f2efbc64604] SYS_fstat(3, 0x7fff5f56bf90, 0x7fff5f56bf90, 16)                                                             = 0
8643 [0x7f2efbc6480a] SYS_mmap(0, 0x2b09d0, 5, 2050)                                                                               = 0x7f2efaf5f000
8643 [0x7f2efbc64857] SYS_mprotect(0x7f2efb00e000, 0x1ff000, 0, 2050)                                                              = 0
8643 [0x7f2efbc6480a] SYS_mmap(0x7f2efb20d000, 0x3000, 3, 2066)                                                                    = 0x7f2efb20d000
8643 [0x7f2efbc64787] SYS_close(3, 16, 0x7f2efb20d9a8, 0x6ffffdff)                                                                 = 0
8643 [0x7f2efbc64677] SYS_open(0x7f2efbe62e58, 0x80000, 0, 0x6ffffdff)                                                             = 3
8643 [0x7f2efbc64697] SYS_read(3, 0x7fff5f56c088, 832, 0x6ffffdff)                                                                 = 832
8643 [0x7f2efbc64604] SYS_fstat(3, 0x7fff5f56bf60, 0x7fff5f56bf60, 16)                                                             = 0
8643 [0x7f2efbc6480a] SYS_mmap(0, 4096, 3, 34)                                                                                     = 0x7f2efbe61000
8643 [0x7f2efbc6480a] SYS_mmap(0, 0x294ee0, 5, 2050)                                                                               = 0x7f2efacca000
8643 [0x7f2efbc64857] SYS_mprotect(0x7f2efad5c000, 0x1ff000, 0, 2050)                                                              = 0
8643 [0x7f2efbc6480a] SYS_mmap(0x7f2efaf5b000, 0x3000, 3, 2066)                                                                    = 0x7f2efaf5b000
8643 [0x7f2efbc6480a] SYS_mmap(0x7f2efaf5e000, 3808, 3, 50)                                                                        = 0x7f2efaf5e000
8643 [0x7f2efbc64787] SYS_close(3, 16, 0x7f2efaf5be30, 0x6ffffdff)                                                                 = 0
8643 [0x7f2efbc64677] SYS_open(0x7f2efbe614b8, 0x80000, 0, 0x6ffffdff)                                                             = 3
8643 [0x7f2efbc64697] SYS_read(3, 0x7fff5f56c058, 832, 0x6ffffdff)                                                                 = 832
8643 [0x7f2efbc64604] SYS_fstat(3, 0x7fff5f56bf30, 0x7fff5f56bf30, 16)                                                             = 0
8643 [0x7f2efbc6480a] SYS_mmap(0, 0x29d850, 5, 2050)                                                                               = 0x7f2efaa2c000
8643 [0x7f2efbc64857] SYS_mprotect(0x7f2efaac5000, 0x200000, 0, 2050)                                                              = 0
8643 [0x7f2efbc6480a] SYS_mmap(0x7f2efacc5000, 0x3000, 3, 2066)                                                                    = 0x7f2efacc5000
8643 [0x7f2efbc6480a] SYS_mmap(0x7f2efacc8000, 6224, 3, 50)                                                                        = 0x7f2efacc8000
8643 [0x7f2efbc64787] SYS_close(3, 16, 0x7f2efacc6cc8, 0x6ffffdff)                                                                 = 0
8643 [0x7f2efbc64677] SYS_open(0x7f2efbe619a0, 0x80000, 0, 0x6ffffdff)                                                             = 3
8643 [0x7f2efbc64697] SYS_read(3, 0x7fff5f56c028, 832, 0x6ffffdff)                                                                 = 832
8643 [0x7f2efbc64604] SYS_fstat(3, 0x7fff5f56bf00, 0x7fff5f56bf00, 16)                                                             = 0
8643 [0x7f2efbc6480a] SYS_mmap(0, 0x2dbbb0, 5, 2050)                                                                               = 0x7f2efa750000
8643 [0x7f2efbc64857] SYS_mprotect(0x7f2efa80e000, 0x200000, 0, 2050)                                                              = 0
8643 [0x7f2efbc6480a] SYS_mmap(0x7f2efaa0e000, 0xa000, 3, 2066)                                                                    = 0x7f2efaa0e000
8643 [0x7f2efbc6480a] SYS_mmap(0x7f2efaa18000, 0x13bb0, 3, 50)                                                                     = 0x7f2efaa18000
8643 [0x7f2efbc64787] SYS_close(3, 16, 0x7f2efaa144d8, 0x6ffffdff)                                                                 = 0
8643 [0x7f2efbc64677] SYS_open(0x7f2efbe61e70, 0x80000, 0, 0x6ffffdff)                                                             = 3
8643 [0x7f2efbc64697] SYS_read(3, 0x7fff5f56bff8, 832, 0x6ffffdff)                                                                 = 832
8643 [0x7f2efbc64604] SYS_fstat(3, 0x7fff5f56bed0, 0x7fff5f56bed0, 32)                                                             = 0
8643 [0x7f2efbc6480a] SYS_mmap(0, 4096, 3, 34)                                                                                     = 0x7f2efbe60000
8643 [0x7f2efbc6480a] SYS_mmap(0, 0x21c490, 5, 2050)                                                                               = 0x7f2efa533000
8643 [0x7f2efbc64857] SYS_mprotect(0x7f2efa54b000, 0x1ff000, 0, 2050)                                                              = 0
8643 [0x7f2efbc6480a] SYS_mmap(0x7f2efa74a000, 8192, 3, 2066)                                                                      = 0x7f2efa74a000
8643 [0x7f2efbc6480a] SYS_mmap(0x7f2efa74c000, 0x3490, 3, 50)                                                                      = 0x7f2efa74c000
8643 [0x7f2efbc64787] SYS_close(3, 16, 0, 0x6ffffdff)                                                                              = 0
8643 [0x7f2efbc64677] SYS_open(0x7f2efbe604b8, 0x80000, 0, 0x6ffffdff)                                                             = 3
8643 [0x7f2efbc64697] SYS_read(3, 0x7fff5f56bfc8, 832, 0x6ffffdff)                                                                 = 832
8643 [0x7f2efbc64604] SYS_fstat(3, 0x7fff5f56bea0, 0x7fff5f56bea0, 32)                                                             = 0
8643 [0x7f2efbc6480a] SYS_mmap(0, 0x207bc0, 5, 2050)                                                                               = 0x7f2efa32b000
8643 [0x7f2efbc64857] SYS_mprotect(0x7f2efa332000, 0x1ff000, 0, 2050)                                                              = 0
8643 [0x7f2efbc6480a] SYS_mmap(0x7f2efa531000, 8192, 3, 2066)                                                                      = 0x7f2efa531000
8643 [0x7f2efbc64787] SYS_close(3, 16, 0, 0x6ffffdff)                                                                              = 0
8643 [0x7f2efbc64677] SYS_open(0x7f2efbe60988, 0x80000, 0, 0x6ffffdff)                                                             = 3
8643 [0x7f2efbc64697] SYS_read(3, 0x7fff5f56bf98, 832, 0x6ffffdff)                                                                 = 832
8643 [0x7f2efbc64604] SYS_fstat(3, 0x7fff5f56be70, 0x7fff5f56be70, 16)                                                             = 0
8643 [0x7f2efbc6480a] SYS_mmap(0, 0x202e20, 5, 2050)                                                                               = 0x7f2efa128000
8643 [0x7f2efbc64857] SYS_mprotect(0x7f2efa12b000, 0x1ff000, 0, 2050)                                                              = 0
8643 [0x7f2efbc6480a] SYS_mmap(0x7f2efa32a000, 4096, 3, 2066)                                                                      = 0x7f2efa32a000
8643 [0x7f2efbc64787] SYS_close(3, 16, 0x7f2efa32ac28, 0x6ffffdff)                                                                 = 0
8643 [0x7f2efbc64677] SYS_open(0x7f2efbe60e58, 0x80000, 0, 0x6ffffdff)                                                             = 3
8643 [0x7f2efbc64697] SYS_read(3, 0x7fff5f56bf68, 832, 0x6ffffdff)                                                                 = 832
8643 [0x7f2efbc64604] SYS_fstat(3, 0x7fff5f56be40, 0x7fff5f56be40, 16)                                                             = 0
8643 [0x7f2efbc6480a] SYS_mmap(0, 4096, 3, 34)                                                                                     = 0x7f2efbe5f000
8643 [0x7f2efbc6480a] SYS_mmap(0, 0x209850, 5, 2050)                                                                               = 0x7f2ef9f1e000
8643 [0x7f2efbc64857] SYS_mprotect(0x7f2ef9f28000, 0x1ff000, 0, 2050)                                                              = 0
8643 [0x7f2efbc6480a] SYS_mmap(0x7f2efa127000, 4096, 3, 2066)                                                                      = 0x7f2efa127000
8643 [0x7f2efbc64787] SYS_close(3, 16, 0x7f2efa127618, 0x6ffffdff)                                                                 = 0
8643 [0x7f2efbc64677] SYS_open(0x7f2efbe5f4b8, 0x80000, 0, 0x6ffffdff)                                                             = 3
8643 [0x7f2efbc64697] SYS_read(3, 0x7fff5f56bf38, 832, 0x6ffffdff)                                                                 = 832
8643 [0x7f2efbc64604] SYS_fstat(3, 0x7fff5f56be10, 0x7fff5f56be10, 16)                                                             = 0
8643 [0x7f2efbc6480a] SYS_mmap(0, 0x210868, 5, 2050)                                                                               = 0x7f2ef9d0d000
8643 [0x7f2efbc64857] SYS_mprotect(0x7f2ef9d1e000, 0x1ff000, 0, 2050)                                                              = 0
8643 [0x7f2efbc6480a] SYS_mmap(0x7f2ef9f1d000, 4096, 3, 2066)                                                                      = 0x7f2ef9f1d000
8643 [0x7f2efbc64787] SYS_close(3, 16, 0x7f2ef9f1d408, 0x6ffffdff)                                                                 = 0
8643 [0x7f2efbc64677] SYS_open(0x7f2efbe5fa40, 0x80000, 0, 0x7f2efbe609a0)                                                         = 3
8643 [0x7f2efbc64697] SYS_read(3, 0x7fff5f56bdd8, 832, 0x7f2efbe609a0)                                                             = 832
8643 [0x7f2efbc64604] SYS_fstat(3, 0x7fff5f56bcb0, 0x7fff5f56bcb0, 16)                                                             = 0
8643 [0x7f2efbc6480a] SYS_mmap(0, 0x2032c8, 5, 2050)                                                                               = 0x7f2ef9b09000
8643 [0x7f2efbc64857] SYS_mprotect(0x7f2ef9b0c000, 0x200000, 0, 2050)                                                              = 0
8643 [0x7f2efbc6480a] SYS_mmap(0x7f2ef9d0c000, 4096, 3, 2066)                                                                      = 0x7f2ef9d0c000
8643 [0x7f2efbc64787] SYS_close(3, 16, 0x7f2ef9d0c188, 0x6ffffdff)                                                                 = 0
8643 [0x7f2efbc64677] SYS_open(0x7f2efbe5ff28, 0x80000, 0, 0x6ffffdff)                                                             = 3
8643 [0x7f2efbc64697] SYS_read(3, 0x7fff5f56bda8, 832, 0x6ffffdff)                                                                 = 832
8643 [0x7f2efbc64604] SYS_fstat(3, 0x7fff5f56bc80, 0x7fff5f56bc80, 16)                                                             = 0
8643 [0x7f2efbc6480a] SYS_mmap(0, 4096, 3, 34)                                                                                     = 0x7f2efbe5e000
8643 [0x7f2efbc6480a] SYS_mmap(0, 0x207820, 5, 2050)                                                                               = 0x7f2ef9901000
8643 [0x7f2efbc64857] SYS_mprotect(0x7f2ef9908000, 0x200000, 0, 2050)                                                              = 0
8643 [0x7f2efbc6480a] SYS_mmap(0x7f2ef9b08000, 4096, 3, 2066)                                                                      = 0x7f2ef9b08000
8643 [0x7f2efbc64787] SYS_close(3, 16, 0x7f2ef9b08188, 0x6ffffdff)                                                                 = 0
8643 [0x7f2efbc64677] SYS_open(0x7f2efbe5e4c8, 0x80000, 0, 0x6ffffdff)                                                             = 3
8643 [0x7f2efbc64697] SYS_read(3, 0x7fff5f56bd78, 832, 0x6ffffdff)                                                                 = 832
8643 [0x7f2efbc64604] SYS_fstat(3, 0x7fff5f56bc50, 0x7fff5f56bc50, 16)                                                             = 0
8643 [0x7f2efbc6480a] SYS_mmap(0, 0x201f30, 5, 2050)                                                                               = 0x7f2ef96ff000
8643 [0x7f2efbc64857] SYS_mprotect(0x7f2ef9701000, 0x1ff000, 0, 2050)                                                              = 0
8643 [0x7f2efbc6480a] SYS_mmap(0x7f2ef9900000, 4096, 3, 2066)                                                                      = 0x7f2ef9900000
8643 [0x7f2efbc64787] SYS_close(3, 16, 0x7f2ef9900e18, 0x6ffffdff)                                                                 = 0
8643 [0x7f2efbc64677] SYS_open(0x7f2efbe5ea60, 0x80000, 0, 0x7f2efbe624d0)                                                         = 3
8643 [0x7f2efbc64697] SYS_read(3, 0x7fff5f56bd48, 832, 0x7f2efbe624d0)                                                             = 832
8643 [0x7f2efbc64604] SYS_fstat(3, 0x7fff5f56bc20, 0x7fff5f56bc20, 16)                                                             = 0
8643 [0x7f2efbc6480a] SYS_mmap(0, 0x2022e8, 5, 2050)                                                                               = 0x7f2ef94fc000
8643 [0x7f2efbc64857] SYS_mprotect(0x7f2ef94fe000, 0x200000, 0, 2050)                                                              = 0
8643 [0x7f2efbc6480a] SYS_mmap(0x7f2ef96fe000, 4096, 3, 2066)                                                                      = 0x7f2ef96fe000
8643 [0x7f2efbc64787] SYS_close(3, 16, 0x7f2ef96fe198, 0x6ffffdff)                                                                 = 0
8643 [0x7f2efbc64677] SYS_open(0x7f2efbe5ef40, 0x80000, 0, 0x6ffffdff)                                                             = 3
8643 [0x7f2efbc64697] SYS_read(3, 0x7fff5f56bd18, 832, 0x6ffffdff)                                                                 = 832
8643 [0x7f2efbc64604] SYS_fstat(3, 0x7fff5f56bbf0, 0x7fff5f56bbf0, 16)                                                             = 0
8643 [0x7f2efbc6480a] SYS_mmap(0, 4096, 3, 34)                                                                                     = 0x7f2efbe5d000
8643 [0x7f2efbc6480a] SYS_mmap(0, 0x201f30, 5, 2050)                                                                               = 0x7f2ef92fa000
8643 [0x7f2efbc64857] SYS_mprotect(0x7f2ef92fc000, 0x1ff000, 0, 2050)                                                              = 0
8643 [0x7f2efbc6480a] SYS_mmap(0x7f2ef94fb000, 4096, 3, 2066)                                                                      = 0x7f2ef94fb000
8643 [0x7f2efbc64787] SYS_close(3, 16, 0x7f2ef94fbe18, 0x6ffffdff)                                                                 = 0
8643 [0x7f2efbc64677] SYS_open(0x7f2efbe5d4c0, 0x80000, 0, 0x6ffffdff)                                                             = 3
8643 [0x7f2efbc64697] SYS_read(3, 0x7fff5f56bce8, 832, 0x6ffffdff)                                                                 = 832
8643 [0x7f2efbc64604] SYS_fstat(3, 0x7fff5f56bbc0, 0x7fff5f56bbc0, 16)                                                             = 0
8643 [0x7f2efbc6480a] SYS_mmap(0, 0x2038b8, 5, 2050)                                                                               = 0x7f2ef90f6000
8643 [0x7f2efbc64857] SYS_mprotect(0x7f2ef90fa000, 0x1ff000, 0, 2050)                                                              = 0
8643 [0x7f2efbc6480a] SYS_mmap(0x7f2ef92f9000, 4096, 3, 2066)                                                                      = 0x7f2ef92f9000
8643 [0x7f2efbc64787] SYS_close(3, 16, 0x7f2ef92f9748, 0x6ffffdff)                                                                 = 0
8643 [0x7f2efbc64677] SYS_open(0x7f2efbe5da60, 0x80000, 0, 0x7f2efbe60000)                                                         = 3
8643 [0x7f2efbc64697] SYS_read(3, 0x7fff5f56bc88, 832, 0x7f2efbe60000)                                                             = 832
8643 [0x7f2efbc64604] SYS_fstat(3, 0x7fff5f56bb60, 0x7fff5f56bb60, 16)                                                             = 0
8643 [0x7f2efbc6480a] SYS_mmap(0, 0x210848, 5, 2050)                                                                               = 0x7f2ef8ee5000
8643 [0x7f2efbc64857] SYS_mprotect(0x7f2ef8ef5000, 0x1ff000, 0, 2050)                                                              = 0
8643 [0x7f2efbc6480a] SYS_mmap(0x7f2ef90f4000, 8192, 3, 2066)                                                                      = 0x7f2ef90f4000
8643 [0x7f2efbc64787] SYS_close(3, 16, 0x7f2ef90f4d90, 0x6ffffdff)                                                                 = 0
8643 [0x7f2efbc64677] SYS_open(0x7f2efbe5df48, 0x80000, 0, 0x6ffffdff)                                                             = 3
8643 [0x7f2efbc64697] SYS_read(3, 0x7fff5f56bc58, 832, 0x6ffffdff)                                                                 = 832
8643 [0x7f2efbc64604] SYS_fstat(3, 0x7fff5f56bb30, 0x7fff5f56bb30, 16)                                                             = 0
8643 [0x7f2efbc6480a] SYS_mmap(0, 4096, 3, 34)                                                                                     = 0x7f2efbe5c000
8643 [0x7f2efbc6480a] SYS_mmap(0, 0x20acf0, 5, 2050)                                                                               = 0x7f2ef8cda000
8643 [0x7f2efbc64857] SYS_mprotect(0x7f2ef8ce5000, 0x1ff000, 0, 2050)                                                              = 0
8643 [0x7f2efbc6480a] SYS_mmap(0x7f2ef8ee4000, 4096, 3, 2066)                                                                      = 0x7f2ef8ee4000
8643 [0x7f2efbc64787] SYS_close(3, 16, 0x7f2ef8ee4750, 0x6ffffdff)                                                                 = 0
8643 [0x7f2efbc64677] SYS_open(0x7f2efbe5c560, 0x80000, 0, 0x7f2efbe60000)                                                         = 3
8643 [0x7f2efbc64697] SYS_read(3, 0x7fff5f56bc28, 832, 0x7f2efbe60000)                                                             = 832
8643 [0x7f2efbc64604] SYS_fstat(3, 0x7fff5f56bb00, 0x7fff5f56bb00, 32)                                                             = 0
8643 [0x7f2efbc6480a] SYS_mmap(0, 0x2361e0, 5, 2050)                                                                               = 0x7f2ef8aa3000
8643 [0x7f2efbc64857] SYS_mprotect(0x7f2ef8aab000, 0x1ff000, 0, 2050)                                                              = 0
8643 [0x7f2efbc6480a] SYS_mmap(0x7f2ef8caa000, 8192, 3, 2066)                                                                      = 0x7f2ef8caa000
8643 [0x7f2efbc6480a] SYS_mmap(0x7f2ef8cac000, 0x2d1e0, 3, 50)                                                                     = 0x7f2ef8cac000
8643 [0x7f2efbc64787] SYS_close(3, 16, 0, 0x6ffffdff)                                                                              = 0
8643 [0x7f2efbc64677] SYS_open(0x7f2efbe5ca30, 0x80000, 0, 0x6ffffdff)                                                             = 3
8643 [0x7f2efbc64697] SYS_read(3, 0x7fff5f56bbf8, 832, 0x6ffffdff)                                                                 = 832
8643 [0x7f2efbc64604] SYS_fstat(3, 0x7fff5f56bad0, 0x7fff5f56bad0, 16)                                                             = 0
8643 [0x7f2efbc6480a] SYS_mmap(0, 0x43fe88, 5, 2050)                                                                               = 0x7f2ef8663000
8643 [0x7f2efbc64857] SYS_mprotect(0x7f2ef8878000, 0x200000, 0, 2050)                                                              = 0
8643 [0x7f2efbc6480a] SYS_mmap(0x7f2ef8a78000, 0x27000, 3, 2066)                                                                   = 0x7f2ef8a78000
8643 [0x7f2efbc6480a] SYS_mmap(0x7f2ef8a9f000, 0x3e88, 3, 50)                                                                      = 0x7f2ef8a9f000
8643 [0x7f2efbc64857] SYS_mprotect(0x7fff5f56d000, 4096, 0x1000007, 4)                                                             = 0
8643 [0x7f2efbc64787] SYS_close(3, 4096, 0x1000007, 4)                                                                             = 0
8643 [0x7f2efbc64677] SYS_open(0x7f2efbe5cfb0, 0x80000, 0, 0x7f2efbe5f4d0)                                                         = 3
8643 [0x7f2efbc64697] SYS_read(3, 0x7fff5f56bbc8, 832, 0x7f2efbe5f4d0)                                                             = 832
8643 [0x7f2efbc64604] SYS_fstat(3, 0x7fff5f56baa0, 0x7fff5f56baa0, 16)                                                             = 0
8643 [0x7f2efbc6480a] SYS_mmap(0, 4096, 3, 34)                                                                                     = 0x7f2efbe5b000
8643 [0x7f2efbc6480a] SYS_mmap(0, 0x215730, 5, 2050)                                                                               = 0x7f2ef844d000
8643 [0x7f2efbc64857] SYS_mprotect(0x7f2ef8463000, 0x1ff000, 0, 2050)                                                              = 0
8643 [0x7f2efbc6480a] SYS_mmap(0x7f2ef8662000, 4096, 3, 2066)                                                                      = 0x7f2ef8662000
8643 [0x7f2efbc64787] SYS_close(3, 16, 0x7f2ef8662490, 0x6ffffdff)                                                                 = 0
8643 [0x7f2efbc64677] SYS_open(0x7f2efbe5b4f0, 0x80000, 0, 0x6ffffdff)                                                             = 3
8643 [0x7f2efbc64697] SYS_read(3, 0x7fff5f56bb98, 832, 0x6ffffdff)                                                                 = 832
8643 [0x7f2efbc64604] SYS_fstat(3, 0x7fff5f56ba70, 0x7fff5f56ba70, 32)                                                             = 0
8643 [0x7f2efbc6480a] SYS_mmap(0, 0x2fd148, 5, 2050)                                                                               = 0x7f2ef814f000
8643 [0x7f2efbc64857] SYS_mprotect(0x7f2ef824c000, 0x1ff000, 0, 2050)                                                              = 0
8643 [0x7f2efbc6480a] SYS_mmap(0x7f2ef844b000, 8192, 3, 2066)                                                                      = 0x7f2ef844b000
8643 [0x7f2efbc64787] SYS_close(3, 16, 0, 0x6ffffdff)                                                                              = 0
8643 [0x7f2efbc64677] SYS_open(0x7fff5f56b960, 0x80000, 0, 0x36782f39325f3130)                                                     = -2
8643 [0x7f2efbc645c5] SYS_stat(0x7fff5f56b960, 0x7fff5f56ba40, 0x7fff5f56ba40, 0x36782f39325f3130)                                 = -2
8643 [0x7f2efbc64677] SYS_open(0x7fff5f56b960, 0x80000, 0, 0x36782f39325f3130)                                                     = -2
8643 [0x7f2efbc645c5] SYS_stat(0x7fff5f56b960, 0x7fff5f56ba40, 0x7fff5f56ba40, 0x36782f39325f3130)                                 = -2
8643 [0x7f2efbc64677] SYS_open(0x7fff5f56b960, 0x80000, 0, 0x36782f39325f3130)                                                     = -2
8643 [0x7f2efbc645c5] SYS_stat(0x7fff5f56b960, 0x7fff5f56ba40, 0x7fff5f56ba40, 0x36782f39325f3130)                                 = -2
8643 [0x7f2efbc64677] SYS_open(0x7fff5f56b960, 0x80000, 0, 0x36782f39325f3130)                                                     = -2
8643 [0x7f2efbc645c5] SYS_stat(0x7fff5f56b960, 0x7fff5f56ba40, 0x7fff5f56ba40, 0x36782f39325f3130)                                 = -2
8643 [0x7f2efbc64677] SYS_open(0x7f2efbe5bdd0, 0x80000, 0, 0x36782f39325f3130)                                                     = 3
8643 [0x7f2efbc64697] SYS_read(3, 0x7fff5f56bb68, 832, 0x36782f39325f3130)                                                         = 832
8643 [0x7f2efbc64604] SYS_fstat(3, 0x7fff5f56ba40, 0x7fff5f56ba40, 16)                                                             = 0
8643 [0x7f2efbc6480a] SYS_mmap(0, 4096, 3, 34)                                                                                     = 0x7f2efbe5a000
8643 [0x7f2efbc6480a] SYS_mmap(0, 0x2f8980, 5, 2050)                                                                               = 0x7f2ef7e56000
8643 [0x7f2efbc64857] SYS_mprotect(0x7f2ef7f4d000, 0x200000, 0, 2050)                                                              = 0
8643 [0x7f2efbc6480a] SYS_mmap(0x7f2ef814d000, 8192, 3, 2066)                                                                      = 0x7f2ef814d000
8643 [0x7f2efbc64787] SYS_close(3, 16, 0x7f2ef814d3a0, 0x6ffffdff)                                                                 = 0
8643 [0x7f2efbc64677] SYS_open(0x7f2efbe5a4c8, 0x80000, 0, 0x6ffffdff)                                                             = 3
8643 [0x7f2efbc64697] SYS_read(3, 0x7fff5f56bb38, 832, 0x6ffffdff)                                                                 = 832
8643 [0x7f2efbc64604] SYS_fstat(3, 0x7fff5f56ba10, 0x7fff5f56ba10, 16)                                                             = 0
8643 [0x7f2efbc6480a] SYS_mmap(0, 0x2fc9d8, 5, 2050)                                                                               = 0x7f2ef7b59000
8643 [0x7f2efbc64857] SYS_mprotect(0x7f2ef7c54000, 0x200000, 0, 2050)                                                              = 0
8643 [0x7f2efbc6480a] SYS_mmap(0x7f2ef7e54000, 8192, 3, 2066)                                                                      = 0x7f2ef7e54000
8643 [0x7f2efbc64787] SYS_close(3, 16, 0x7f2ef7e55828, 0x6ffffdff)                                                                 = 0
8643 [0x7f2efbc64677] SYS_open(0x7f2efbe5a998, 0x80000, 0, 0x6ffffdff)                                                             = 3
8643 [0x7f2efbc64697] SYS_read(3, 0x7fff5f56bb08, 832, 0x6ffffdff)                                                                 = 832
8643 [0x7f2efbc64604] SYS_fstat(3, 0x7fff5f56b9e0, 0x7fff5f56b9e0, 16)                                                             = 0
8643 [0x7f2efbc6480a] SYS_mmap(0, 0x242830, 5, 2050)                                                                               = 0x7f2ef7916000
8643 [0x7f2efbc64857] SYS_mprotect(0x7f2ef7959000, 0x1ff000, 0, 2050)                                                              = 0
8643 [0x7f2efbc6480a] SYS_mmap(0x7f2ef7b58000, 4096, 3, 2066)                                                                      = 0x7f2ef7b58000
8643 [0x7f2efbc64787] SYS_close(3, 16, 0x7f2ef7b58630, 0x6ffffdff)                                                                 = 0
8643 [0x7f2efbc64677] SYS_open(0x7f2efbe5af70, 0x80000, 0, 0x7f2efbe619b8)                                                         = 3
8643 [0x7f2efbc64697] SYS_read(3, 0x7fff5f56bad8, 832, 0x7f2efbe619b8)                                                             = 832
8643 [0x7f2efbc64604] SYS_fstat(3, 0x7fff5f56b9b0, 0x7fff5f56b9b0, 32)                                                             = 0
8643 [0x7f2efbc6480a] SYS_mmap(0, 4096, 3, 34)                                                                                     = 0x7f2efbe59000
8643 [0x7f2efbc6480a] SYS_mmap(0, 0x203118, 5, 2050)                                                                               = 0x7f2ef7712000
8643 [0x7f2efbc64857] SYS_mprotect(0x7f2ef7714000, 0x200000, 0, 2050)                                                              = 0
8643 [0x7f2efbc6480a] SYS_mmap(0x7f2ef7914000, 8192, 3, 2066)                                                                      = 0x7f2ef7914000
8643 [0x7f2efbc64787] SYS_close(3, 16, 0x7f2ef7914f40, 0x6ffffdff)                                                                 = 0
8643 [0x7f2efbc6480a] SYS_mmap(0, 4096, 3, 34)                                                                                     = 0x7f2efbe58000
8643 [0x7f2efbc6480a] SYS_mmap(0, 4096, 3, 34)                                                                                     = 0x7f2efbe57000
8643 [0x7f2efbc6480a] SYS_mmap(0, 8192, 3, 34)                                                                                     = 0x7f2efbe55000
8643 [0x7f2efbc4e044] SYS_arch_prctl(4098, 0x7f2efbe55780, 0x7f2efbe56080, 34)                                                     = 0
8643 [0x7f2efbc64857] SYS_mprotect(0x7f2efb5a4000, 0x4000, 1, 1)                                                                   = 0
8643 [0x7f2efbc64857] SYS_mprotect(0x7f2ef7914000, 4096, 1, 0x7f2ef7712c68)                                                        = 0
8643 [0x7f2efbc64857] SYS_mprotect(0x7f2efa74a000, 4096, 1, 0x7f2efa538500)                                                        = 0
8643 [0x7f2efbc64857] SYS_mprotect(0x7f2ef844b000, 4096, 1, 1)                                                                     = 0
8643 [0x7f2efbc64857] SYS_mprotect(0x7f2ef8caa000, 4096, 1, 0x7f2ef8aa3a00)                                                        = 0
8643 [0x7f2efbc64857] SYS_mprotect(0x7f2efaa0e000, 0x7000, 1, 0x7f2efa7a8810)                                                      = 0
8643 [0x7f2efbc64857] SYS_mprotect(0x7f2efa531000, 4096, 1, 0x7f2efa32cd58)                                                        = 0
8643 [0x7f2efbc64857] SYS_mprotect(0x7f2efbe6d000, 4096, 1, 0)                                                                     = 0
8643 [0x7f2efbc64837] SYS_munmap(0x7f2efbe63000, 0x83b3, 0x7c900, 0)                                                               = 0
8643 [0x7f2efa539e92] SYS_set_tid_address(0x7f2efbe55a50, 0x7fff5f56dac8, 0x7f2efbe55780, 0)                                       = 8643
8643 [0x7f2efa539efa] SYS_set_robust_list(0x7f2efbe55a60, 24, 0x7f2efbe55780, 0)                                                   = 0
8643 [0x7f2efa543cf5] SYS_rt_sigaction(32, 0x7fff5f56d818, 0, 8)                                                                   = 0
8643 [0x7f2efa543cf5] SYS_rt_sigaction(33, 0x7fff5f56d818, 0, 8)                                                                   = 0
8643 [0x7f2efa539fd6] SYS_rt_sigprocmask(1, 0x7fff5f56d968, 0, 8)                                                                  = 0
8643 [0x7f2efb2f0b17] SYS_getrlimit(3, 0x7fff5f56da00, 63, 1)                                                                      = 0
8643 [0x7f2efa539b95] SYS_futex(0x7f2efaa187e0, 129, 0x7fffffff, 0)                                                                = 0
8643 [0x4009e1] ledctrl->Hal_Led_Set_Mode(4, 1, 0x7f2efb35ec60, 0 <unfinished ...>
8643 [0x7f2efb5b4575]   libnhal.so->Hal_Lookup_Hardware_Info(0x7fff5f56d7f0, 1, 0x7f2efb35ec60, 0 <unfinished ...>
8643 [0x7f2efb2eb557]     SYS_statfs(0x7f2efa5461e8, 0x7fff5f56d5e0, 0x7f2efa74f310, 1)                                            = 0
8643 [0x7f2efa539b95]     SYS_futex(0x7f2efa74f310, 129, 0x7fffffff, 0)                                                            = 0
8643 [0x7f2efb2eb7e0]     SYS_open(0x7fff5f56d6f0, 0xa0002, 484, 1)                                                                = 3
8643 [0x7f2efb2f472a]     SYS_mmap(0, 220, 3, 1)                                                                                   = 0x7f2efbe6b000
8643 [0x7f2efb2ec070]     SYS_close(3, 220, 3, 1)                                                                                  = 0
8643 [0x7f2efb5b37f0]     libnhal.so->Hw_Semaphore_Init(0x7fff5f56d7a0, 0x7f2efb5b6287, 1, -1 <unfinished ...>
8643 [0x7f2efb2eb405]       SYS_lstat(0x7fff5f56d650, 0x7fff5f56d560, 0x7fff5f56d560, 0)                                           = -2
8643 [0x7f2efa543510]       SYS_open(0x7fff5f56d650, 194, 600, 0)                                                                  = 3
8643 [0x7f2efa542da0]       SYS_write(3, 0x7fff5f56d6d0, 32, 0)                                                                    = 32
8643 [0x7f2efb2f472a]       SYS_mmap(0, 32, 3, 1)                                                                                  = 0x7f2efbe6a000
8643 [0x7f2efb2ed1a7]       SYS_link(0x7fff5f56d650, 0x7fff5f56d680, 3, 1)                                                         = -17
8643 [0x7f2efb2f4757]       SYS_munmap(0x7f2efbe6a000, 32, 3, 1)                                                                   = 0
8643 [0x7f2efb2ed2c7]       SYS_unlink(0x7fff5f56d650, 32, 3, 1)                                                                   = 0
8643 [0x7f2efa542e60]       SYS_close(3, 32, 3, 1)                                                                                 = 0
8643 [0x7f2efa543510]       SYS_open(0x7fff5f56d680, 0x20002, 18, 1)                                                               = 3
8643 [0x7f2efb2eb3b4]       SYS_fstat(3, 0x7fff5f56d5b0, 0x7fff5f56d5b0, 1)                                                        = 0
8643 [0x7f2efb2f0f5a]       SYS_brk(0, 0x7f2efb5a8640, 0, -4096)                                                                   = 0x1619000
8643 [0x7f2efb2f0f5a]       SYS_brk(0x163a000, 0x1619000, 0x163a000, -4096)                                                        = 0x163a000
8643 [0x7f2efb2f472a]       SYS_mmap(0, 32, 3, 1)                                                                                  = 0x7f2efbe6a000
8643 [0x7f2efa542e60]       SYS_close(3, 32, 0, 3)                                                                                 = 0
8643 [0x7f2efb5b37f0]     <... Hw_Semaphore_Init resumed> )                                                                        = 17
8643 [0x7f2efb5b3800]     libnhal.so->Hw_Semaphore_Lock(0x7fff5f56d7a0, 32, 0x7f2efbe6a000, -1)                                    = 0
8643 [0x7f2efb5b3918]     libnhal.so->Hw_Semaphore_Unlock(0x7fff5f56d7a0, 2, 0x7f2efbe6b000, 0)                                    = 0
8643 [0x7f2efb5b3924]     libnhal.so->Hw_Semaphore_Release(0x7fff5f56d7a0, 128, 0, 0 <unfinished ...>
8643 [0x7f2efb2f4757]       SYS_munmap(0x7f2efbe6a000, 32, 0, 1)                                                                   = 0
8643 [0x7f2efb5b3924]     <... Hw_Semaphore_Release resumed> )                                                                     = 0
8643 [0x7f2efb5b4575]   <... Hal_Lookup_Hardware_Info resumed> )                                                                   = 0
8643 [0x7f2efb5b4b75]   libnhal.so->It87_Set_Gpio(0, 1, 0, -7216 <unfinished ...>
8643 [0x7f2ef9904e70]     libgeneraldrv.so->Hw_Semaphore_Init(0x7fff5f56d780, 0x7f2ef9907012, 1, 0 <unfinished ...>
8643 [0x7f2efb2eb405]       SYS_lstat(0x7fff5f56d600, 0x7fff5f56d510, 0x7fff5f56d510, 0)                                           = -2
8643 [0x7f2efa543510]       SYS_open(0x7fff5f56d600, 194, 600, 0)                                                                  = 3
8643 [0x7f2efa542da0]       SYS_write(3, 0x7fff5f56d680, 32, 0)                                                                    = 32
8643 [0x7f2efb2f472a]       SYS_mmap(0, 32, 3, 1)                                                                                  = 0x7f2efbe6a000
8643 [0x7f2efb2ed1a7]       SYS_link(0x7fff5f56d600, 0x7fff5f56d630, 3, 1)                                                         = -17
8643 [0x7f2efb2f4757]       SYS_munmap(0x7f2efbe6a000, 32, 3, 1)                                                                   = 0
8643 [0x7f2efb2ed2c7]       SYS_unlink(0x7fff5f56d600, 32, 3, 1)                                                                   = 0
8643 [0x7f2efa542e60]       SYS_close(3, 32, 3, 1)                                                                                 = 0
8643 [0x7f2efa543510]       SYS_open(0x7fff5f56d630, 0x20002, 20, 1)                                                               = 3
8643 [0x7f2efb2eb3b4]       SYS_fstat(3, 0x7fff5f56d560, 0x7fff5f56d560, 1)                                                        = 0
8643 [0x7f2efb2f472a]       SYS_mmap(0, 32, 3, 1)                                                                                  = 0x7f2efbe6a000
8643 [0x7f2efa542e60]       SYS_close(3, 32, 0, 1)                                                                                 = 0
8643 [0x7f2ef9904e70]     <... Hw_Semaphore_Init resumed> )                                                                        = 17
8643 [0x7f2ef9904e80]     libgeneraldrv.so->Hw_Semaphore_Lock(0x7fff5f56d780, 32, 0x7f2efbe6a000, -1)                              = 0
8643 [0x7f2efb2f86b7]     SYS_ioperm(46, 1, 1, 1)                                                                                  = 0
8643 [0x7f2efb2f86b7]     SYS_ioperm(46, 1, 0, 1)                                                                                  = 0
8643 [0x7f2efb2f86b7]     SYS_ioperm(235, 1, 1, 1)                                                                                 = 0
8643 [0x7f2efb2f86b7]     SYS_ioperm(235, 1, 0, 1)                                                                                 = 0
8643 [0x7f2efb2f86b7]     SYS_ioperm(46, 1, 1, 1)                                                                                  = 0
8643 [0x7f2efb2f86b7]     SYS_ioperm(46, 1, 0, 1)                                                                                  = 0
8643 [0x7f2efb2f86b7]     SYS_ioperm(235, 1, 1, 1)                                                                                 = 0
8643 [0x7f2efb2f86b7]     SYS_ioperm(235, 1, 0, 1)                                                                                 = 0
8643 [0x7f2efb2f86b7]     SYS_ioperm(46, 1, 1, 1)                                                                                  = 0
8643 [0x7f2efb2f86b7]     SYS_ioperm(46, 1, 0, 1)                                                                                  = 0
8643 [0x7f2efb2f86b7]     SYS_ioperm(235, 1, 1, 1)                                                                                 = 0
8643 [0x7f2efb2f86b7]     SYS_ioperm(235, 1, 0, 1)                                                                                 = 0
8643 [0x7f2efb2f86b7]     SYS_ioperm(46, 1, 1, 1)                                                                                  = 0
8643 [0x7f2efb2f86b7]     SYS_ioperm(46, 1, 0, 1)                                                                                  = 0
8643 [0x7f2efb2f86b7]     SYS_ioperm(235, 1, 1, 1)                                                                                 = 0
8643 [0x7f2efb2f86b7]     SYS_ioperm(235, 1, 0, 1)                                                                                 = 0
8643 [0x7f2efb2f86b7]     SYS_ioperm(46, 1, 1, 1)                                                                                  = 0
8643 [0x7f2efb2f86b7]     SYS_ioperm(46, 1, 0, 1)                                                                                  = 0
8643 [0x7f2efb2f86b7]     SYS_ioperm(235, 1, 1, 1)                                                                                 = 0
8643 [0x7f2efb2f86b7]     SYS_ioperm(235, 1, 0, 1)                                                                                 = 0
8643 [0x7f2efb2f86b7]     SYS_ioperm(47, 1, 1, 1)                                                                                  = 0
8643 [0x7f2efb2f86b7]     SYS_ioperm(47, 1, 0, 1)                                                                                  = 0
8643 [0x7f2efb2f86b7]     SYS_ioperm(235, 1, 1, 1)                                                                                 = 0
8643 [0x7f2efb2f86b7]     SYS_ioperm(235, 1, 0, 1)                                                                                 = 0
8643 [0x7f2efb2f86b7]     SYS_ioperm(46, 1, 1, 1)                                                                                  = 0
8643 [0x7f2efb2f86b7]     SYS_ioperm(46, 1, 0, 1)                                                                                  = 0
8643 [0x7f2efb2f86b7]     SYS_ioperm(235, 1, 1, 1)                                                                                 = 0
8643 [0x7f2efb2f86b7]     SYS_ioperm(235, 1, 0, 1)                                                                                 = 0
8643 [0x7f2efb2f86b7]     SYS_ioperm(47, 1, 1, 1)                                                                                  = 0
8643 [0x7f2efb2f86b7]     SYS_ioperm(47, 1, 0, 1)                                                                                  = 0
8643 [0x7f2efb2f86b7]     SYS_ioperm(235, 1, 1, 1)                                                                                 = 0
8643 [0x7f2efb2f86b7]     SYS_ioperm(235, 1, 0, 1)                                                                                 = 0
8643 [0x7f2efb2f86b7]     SYS_ioperm(46, 1, 1, 1)                                                                                  = 0
8643 [0x7f2efb2f86b7]     SYS_ioperm(46, 1, 0, 1)                                                                                  = 0
8643 [0x7f2efb2f86b7]     SYS_ioperm(235, 1, 1, 1)                                                                                 = 0
8643 [0x7f2efb2f86b7]     SYS_ioperm(235, 1, 0, 1)                                                                                 = 0
8643 [0x7f2efb2f86b7]     SYS_ioperm(47, 1, 1, 1)                                                                                  = 0
8643 [0x7f2efb2f86b7]     SYS_ioperm(47, 1, 0, 1)                                                                                  = 0
8643 [0x7f2efb2f86b7]     SYS_ioperm(235, 1, 1, 1)                                                                                 = 0
8643 [0x7f2efb2f86b7]     SYS_ioperm(235, 1, 0, 1)                                                                                 = 0
8643 [0x7f2efb2f86b7]     SYS_ioperm(46, 1, 1, 1)                                                                                  = 0
8643 [0x7f2efb2f86b7]     SYS_ioperm(46, 1, 0, 1)                                                                                  = 0
8643 [0x7f2efb2f86b7]     SYS_ioperm(235, 1, 1, 1)                                                                                 = 0
8643 [0x7f2efb2f86b7]     SYS_ioperm(235, 1, 0, 1)                                                                                 = 0
8643 [0x7f2efb2f86b7]     SYS_ioperm(47, 1, 1, 1)                                                                                  = 0
8643 [0x7f2efb2f86b7]     SYS_ioperm(47, 1, 0, 1)                                                                                  = 0
8643 [0x7f2efb2f86b7]     SYS_ioperm(235, 1, 1, 1)                                                                                 = 0
8643 [0x7f2efb2f86b7]     SYS_ioperm(235, 1, 0, 1)                                                                                 = 0
8643 [0x7f2efb2f86b7]     SYS_ioperm(1733, 1, 1, 1)                                                                                = 0
8643 [0x7f2efb2f86b7]     SYS_ioperm(1733, 1, 0, 1)                                                                                = 0
8643 [0x7f2efb2f86b7]     SYS_ioperm(235, 1, 1, 1)                                                                                 = 0
8643 [0x7f2efb2f86b7]     SYS_ioperm(235, 1, 0, 1)                                                                                 = 0
8643 [0x7f2efb2f86b7]     SYS_ioperm(1734, 1, 1, 1)                                                                                = 0
8643 [0x7f2efb2f86b7]     SYS_ioperm(1734, 1, 0, 1)                                                                                = 0
8643 [0x7f2efb2f86b7]     SYS_ioperm(235, 1, 1, 1)                                                                                 = 0
8643 [0x7f2efb2f86b7]     SYS_ioperm(235, 1, 0, 1)                                                                                 = 0
8643 [0x7f2efb2f86b7]     SYS_ioperm(1733, 1, 1, 1)                                                                                = 0
8643 [0x7f2efb2f86b7]     SYS_ioperm(1733, 1, 0, 1)                                                                                = 0
8643 [0x7f2efb2f86b7]     SYS_ioperm(235, 1, 1, 1)                                                                                 = 0
8643 [0x7f2efb2f86b7]     SYS_ioperm(235, 1, 0, 1)                                                                                 = 0
8643 [0x7f2efb2f86b7]     SYS_ioperm(1734, 1, 1, 1)                                                                                = 0
8643 [0x7f2efb2f86b7]     SYS_ioperm(1734, 1, 0, 1)                                                                                = 0
8643 [0x7f2efb2f86b7]     SYS_ioperm(235, 1, 1, 1)                                                                                 = 0
8643 [0x7f2efb2f86b7]     SYS_ioperm(235, 1, 0, 1)                                                                                 = 0
8643 [0x7f2efb2f86b7]     SYS_ioperm(46, 1, 1, 1)                                                                                  = 0
8643 [0x7f2efb2f86b7]     SYS_ioperm(46, 1, 0, 1)                                                                                  = 0
8643 [0x7f2efb2f86b7]     SYS_ioperm(235, 1, 1, 1)                                                                                 = 0
8643 [0x7f2efb2f86b7]     SYS_ioperm(235, 1, 0, 1)                                                                                 = 0
8643 [0x7f2efb2f86b7]     SYS_ioperm(46, 1, 1, 1)                                                                                  = 0
8643 [0x7f2efb2f86b7]     SYS_ioperm(46, 1, 0, 1)                                                                                  = 0
8643 [0x7f2efb2f86b7]     SYS_ioperm(235, 1, 1, 1)                                                                                 = 0
8643 [0x7f2efb2f86b7]     SYS_ioperm(235, 1, 0, 1)                                                                                 = 0
8643 [0x7f2efb2f86b7]     SYS_ioperm(46, 1, 1, 1)                                                                                  = 0
8643 [0x7f2efb2f86b7]     SYS_ioperm(46, 1, 0, 1)                                                                                  = 0
8643 [0x7f2efb2f86b7]     SYS_ioperm(235, 1, 1, 1)                                                                                 = 0
8643 [0x7f2efb2f86b7]     SYS_ioperm(235, 1, 0, 1)                                                                                 = 0
8643 [0x7f2efb2f86b7]     SYS_ioperm(46, 1, 1, 1)                                                                                  = 0
8643 [0x7f2efb2f86b7]     SYS_ioperm(46, 1, 0, 1)                                                                                  = 0
8643 [0x7f2efb2f86b7]     SYS_ioperm(235, 1, 1, 1)                                                                                 = 0
8643 [0x7f2efb2f86b7]     SYS_ioperm(235, 1, 0, 1)                                                                                 = 0
8643 [0x7f2efb2f86b7]     SYS_ioperm(46, 1, 1, 1)                                                                                  = 0
8643 [0x7f2efb2f86b7]     SYS_ioperm(46, 1, 0, 1)                                                                                  = 0
8643 [0x7f2efb2f86b7]     SYS_ioperm(235, 1, 1, 1)                                                                                 = 0
8643 [0x7f2efb2f86b7]     SYS_ioperm(235, 1, 0, 1)                                                                                 = 0
8643 [0x7f2efb2f86b7]     SYS_ioperm(47, 1, 1, 1)                                                                                  = 0
8643 [0x7f2efb2f86b7]     SYS_ioperm(47, 1, 0, 1)                                                                                  = 0
8643 [0x7f2efb2f86b7]     SYS_ioperm(235, 1, 1, 1)                                                                                 = 0
8643 [0x7f2efb2f86b7]     SYS_ioperm(235, 1, 0, 1)                                                                                 = 0
8643 [0x7f2efb2f86b7]     SYS_ioperm(46, 1, 1, 1)                                                                                  = 0
8643 [0x7f2efb2f86b7]     SYS_ioperm(46, 1, 0, 1)                                                                                  = 0
8643 [0x7f2efb2f86b7]     SYS_ioperm(235, 1, 1, 1)                                                                                 = 0
8643 [0x7f2efb2f86b7]     SYS_ioperm(235, 1, 0, 1)                                                                                 = 0
8643 [0x7f2efb2f86b7]     SYS_ioperm(47, 1, 1, 1)                                                                                  = 0
8643 [0x7f2efb2f86b7]     SYS_ioperm(47, 1, 0, 1)                                                                                  = 0
8643 [0x7f2efb2f86b7]     SYS_ioperm(235, 1, 1, 1)                                                                                 = 0
8643 [0x7f2efb2f86b7]     SYS_ioperm(235, 1, 0, 1)                                                                                 = 0
8643 [0x7f2efb2f86b7]     SYS_ioperm(46, 1, 1, 1)                                                                                  = 0
8643 [0x7f2efb2f86b7]     SYS_ioperm(46, 1, 0, 1)                                                                                  = 0
8643 [0x7f2efb2f86b7]     SYS_ioperm(235, 1, 1, 1)                                                                                 = 0
8643 [0x7f2efb2f86b7]     SYS_ioperm(235, 1, 0, 1)                                                                                 = 0
8643 [0x7f2efb2f86b7]     SYS_ioperm(47, 1, 1, 1)                                                                                  = 0
8643 [0x7f2efb2f86b7]     SYS_ioperm(47, 1, 0, 1)                                                                                  = 0
8643 [0x7f2efb2f86b7]     SYS_ioperm(235, 1, 1, 1)                                                                                 = 0
8643 [0x7f2efb2f86b7]     SYS_ioperm(235, 1, 0, 1)                                                                                 = 0
8643 [0x7f2efb2f86b7]     SYS_ioperm(46, 1, 1, 1)                                                                                  = 0
8643 [0x7f2efb2f86b7]     SYS_ioperm(46, 1, 0, 1)                                                                                  = 0
8643 [0x7f2efb2f86b7]     SYS_ioperm(235, 1, 1, 1)                                                                                 = 0
8643 [0x7f2efb2f86b7]     SYS_ioperm(235, 1, 0, 1)                                                                                 = 0
8643 [0x7f2efb2f86b7]     SYS_ioperm(47, 1, 1, 1)                                                                                  = 0
8643 [0x7f2efb2f86b7]     SYS_ioperm(47, 1, 0, 1)                                                                                  = 0
8643 [0x7f2efb2f86b7]     SYS_ioperm(235, 1, 1, 1)                                                                                 = 0
8643 [0x7f2efb2f86b7]     SYS_ioperm(235, 1, 0, 1)                                                                                 = 0
8643 [0x7f2efb2f86b7]     SYS_ioperm(46, 1, 1, 1)                                                                                  = 0
8643 [0x7f2efb2f86b7]     SYS_ioperm(46, 1, 0, 1)                                                                                  = 0
8643 [0x7f2efb2f86b7]     SYS_ioperm(235, 1, 1, 1)                                                                                 = 0
8643 [0x7f2efb2f86b7]     SYS_ioperm(235, 1, 0, 1)                                                                                 = 0
8643 [0x7f2efb2f86b7]     SYS_ioperm(47, 1, 1, 1)                                                                                  = 0
8643 [0x7f2efb2f86b7]     SYS_ioperm(47, 1, 0, 1)                                                                                  = 0
8643 [0x7f2efb2f86b7]     SYS_ioperm(235, 1, 1, 1)                                                                                 = 0
8643 [0x7f2efb2f86b7]     SYS_ioperm(235, 1, 0, 1)                                                                                 = 0
8643 [0x7f2efb2f86b7]     SYS_ioperm(46, 1, 1, 1)                                                                                  = 0
8643 [0x7f2efb2f86b7]     SYS_ioperm(46, 1, 0, 1)                                                                                  = 0
8643 [0x7f2efb2f86b7]     SYS_ioperm(235, 1, 1, 1)                                                                                 = 0
8643 [0x7f2efb2f86b7]     SYS_ioperm(235, 1, 0, 1)                                                                                 = 0
8643 [0x7f2efb2f86b7]     SYS_ioperm(47, 1, 1, 1)                                                                                  = 0
8643 [0x7f2efb2f86b7]     SYS_ioperm(47, 1, 0, 1)                                                                                  = 0
8643 [0x7f2efb2f86b7]     SYS_ioperm(235, 1, 1, 1)                                                                                 = 0
8643 [0x7f2efb2f86b7]     SYS_ioperm(235, 1, 0, 1)                                                                                 = 0
8643 [0x7f2efb2f86b7]     SYS_ioperm(46, 1, 1, 1)                                                                                  = 0
8643 [0x7f2efb2f86b7]     SYS_ioperm(46, 1, 0, 1)                                                                                  = 0
8643 [0x7f2efb2f86b7]     SYS_ioperm(235, 1, 1, 1)                                                                                 = 0
8643 [0x7f2efb2f86b7]     SYS_ioperm(235, 1, 0, 1)                                                                                 = 0
8643 [0x7f2efb2f86b7]     SYS_ioperm(47, 1, 1, 1)                                                                                  = 0
8643 [0x7f2efb2f86b7]     SYS_ioperm(47, 1, 0, 1)                                                                                  = 0
8643 [0x7f2efb2f86b7]     SYS_ioperm(235, 1, 1, 1)                                                                                 = 0
8643 [0x7f2efb2f86b7]     SYS_ioperm(235, 1, 0, 1)                                                                                 = 0
8643 [0x7f2efb2f86b7]     SYS_ioperm(46, 1, 1, 1)                                                                                  = 0
8643 [0x7f2efb2f86b7]     SYS_ioperm(46, 1, 0, 1)                                                                                  = 0
8643 [0x7f2efb2f86b7]     SYS_ioperm(235, 1, 1, 1)                                                                                 = 0
8643 [0x7f2efb2f86b7]     SYS_ioperm(235, 1, 0, 1)                                                                                 = 0
8643 [0x7f2efb2f86b7]     SYS_ioperm(47, 1, 1, 1)                                                                                  = 0
8643 [0x7f2efb2f86b7]     SYS_ioperm(47, 1, 0, 1)                                                                                  = 0
8643 [0x7f2efb2f86b7]     SYS_ioperm(235, 1, 1, 1)                                                                                 = 0
8643 [0x7f2efb2f86b7]     SYS_ioperm(235, 1, 0, 1)                                                                                 = 0
8643 [0x7f2efb2f86b7]     SYS_ioperm(46, 1, 1, 1)                                                                                  = 0
8643 [0x7f2efb2f86b7]     SYS_ioperm(46, 1, 0, 1)                                                                                  = 0
8643 [0x7f2efb2f86b7]     SYS_ioperm(235, 1, 1, 1)                                                                                 = 0
8643 [0x7f2efb2f86b7]     SYS_ioperm(235, 1, 0, 1)                                                                                 = 0
8643 [0x7f2efb2f86b7]     SYS_ioperm(47, 1, 1, 1)                                                                                  = 0
8643 [0x7f2efb2f86b7]     SYS_ioperm(47, 1, 0, 1)                                                                                  = 0
8643 [0x7f2efb2f86b7]     SYS_ioperm(235, 1, 1, 1)                                                                                 = 0
8643 [0x7f2efb2f86b7]     SYS_ioperm(235, 1, 0, 1)                                                                                 = 0
8643 [0x7f2efb2f86b7]     SYS_ioperm(46, 1, 1, 1)                                                                                  = 0
8643 [0x7f2efb2f86b7]     SYS_ioperm(46, 1, 0, 1)                                                                                  = 0
8643 [0x7f2efb2f86b7]     SYS_ioperm(235, 1, 1, 1)                                                                                 = 0
8643 [0x7f2efb2f86b7]     SYS_ioperm(235, 1, 0, 1)                                                                                 = 0
8643 [0x7f2efb2f86b7]     SYS_ioperm(47, 1, 1, 1)                                                                                  = 0
8643 [0x7f2efb2f86b7]     SYS_ioperm(47, 1, 0, 1)                                                                                  = 0
8643 [0x7f2efb2f86b7]     SYS_ioperm(235, 1, 1, 1)                                                                                 = 0
8643 [0x7f2efb2f86b7]     SYS_ioperm(235, 1, 0, 1)                                                                                 = 0
8643 [0x7f2efb2f86b7]     SYS_ioperm(46, 1, 1, 1)                                                                                  = 0
8643 [0x7f2efb2f86b7]     SYS_ioperm(46, 1, 0, 1)                                                                                  = 0
8643 [0x7f2efb2f86b7]     SYS_ioperm(235, 1, 1, 1)                                                                                 = 0
8643 [0x7f2efb2f86b7]     SYS_ioperm(235, 1, 0, 1)                                                                                 = 0
8643 [0x7f2efb2f86b7]     SYS_ioperm(47, 1, 1, 1)                                                                                  = 0
8643 [0x7f2efb2f86b7]     SYS_ioperm(47, 1, 0, 1)                                                                                  = 0
8643 [0x7f2efb2f86b7]     SYS_ioperm(235, 1, 1, 1)                                                                                 = 0
8643 [0x7f2efb2f86b7]     SYS_ioperm(235, 1, 0, 1)                                                                                 = 0
8643 [0x7f2efb2f86b7]     SYS_ioperm(46, 1, 1, 1)                                                                                  = 0
8643 [0x7f2efb2f86b7]     SYS_ioperm(46, 1, 0, 1)                                                                                  = 0
8643 [0x7f2efb2f86b7]     SYS_ioperm(235, 1, 1, 1)                                                                                 = 0
8643 [0x7f2efb2f86b7]     SYS_ioperm(235, 1, 0, 1)                                                                                 = 0
8643 [0x7f2efb2f86b7]     SYS_ioperm(47, 1, 1, 1)                                                                                  = 0
8643 [0x7f2efb2f86b7]     SYS_ioperm(47, 1, 0, 1)                                                                                  = 0
8643 [0x7f2efb2f86b7]     SYS_ioperm(235, 1, 1, 1)                                                                                 = 0
8643 [0x7f2efb2f86b7]     SYS_ioperm(235, 1, 0, 1)                                                                                 = 0
8643 [0x7f2efb2f86b7]     SYS_ioperm(46, 1, 1, 1)                                                                                  = 0
8643 [0x7f2efb2f86b7]     SYS_ioperm(46, 1, 0, 1)                                                                                  = 0
8643 [0x7f2efb2f86b7]     SYS_ioperm(235, 1, 1, 1)                                                                                 = 0
8643 [0x7f2efb2f86b7]     SYS_ioperm(235, 1, 0, 1)                                                                                 = 0
8643 [0x7f2efb2f86b7]     SYS_ioperm(47, 1, 1, 1)                                                                                  = 0
8643 [0x7f2efb2f86b7]     SYS_ioperm(47, 1, 0, 1)                                                                                  = 0
8643 [0x7f2efb2f86b7]     SYS_ioperm(235, 1, 1, 1)                                                                                 = 0
8643 [0x7f2efb2f86b7]     SYS_ioperm(235, 1, 0, 1)                                                                                 = 0
8643 [0x7f2efb2f86b7]     SYS_ioperm(46, 1, 1, 1)                                                                                  = 0
8643 [0x7f2efb2f86b7]     SYS_ioperm(46, 1, 0, 1)                                                                                  = 0
8643 [0x7f2efb2f86b7]     SYS_ioperm(235, 1, 1, 1)                                                                                 = 0
8643 [0x7f2efb2f86b7]     SYS_ioperm(235, 1, 0, 1)                                                                                 = 0
8643 [0x7f2efb2f86b7]     SYS_ioperm(47, 1, 1, 1)                                                                                  = 0
8643 [0x7f2efb2f86b7]     SYS_ioperm(47, 1, 0, 1)                                                                                  = 0
8643 [0x7f2efb2f86b7]     SYS_ioperm(235, 1, 1, 1)                                                                                 = 0
8643 [0x7f2efb2f86b7]     SYS_ioperm(235, 1, 0, 1)                                                                                 = 0
8643 [0x7f2efb2f86b7]     SYS_ioperm(46, 1, 1, 1)                                                                                  = 0
8643 [0x7f2efb2f86b7]     SYS_ioperm(46, 1, 0, 1)                                                                                  = 0
8643 [0x7f2efb2f86b7]     SYS_ioperm(235, 1, 1, 1)                                                                                 = 0
8643 [0x7f2efb2f86b7]     SYS_ioperm(235, 1, 0, 1)                                                                                 = 0
8643 [0x7f2efb2f86b7]     SYS_ioperm(47, 1, 1, 1)                                                                                  = 0
8643 [0x7f2efb2f86b7]     SYS_ioperm(47, 1, 0, 1)                                                                                  = 0
8643 [0x7f2efb2f86b7]     SYS_ioperm(235, 1, 1, 1)                                                                                 = 0
8643 [0x7f2efb2f86b7]     SYS_ioperm(235, 1, 0, 1)                                                                                 = 0
8643 [0x7f2efb2f86b7]     SYS_ioperm(1666, 1, 1, 1)                                                                                = 0
8643 [0x7f2efb2f86b7]     SYS_ioperm(1666, 1, 0, 1)                                                                                = 0
8643 [0x7f2efb2f86b7]     SYS_ioperm(1666, 1, 1, 1)                                                                                = 0
8643 [0x7f2efb2f86b7]     SYS_ioperm(1666, 1, 0, 1)                                                                                = 0
8643 [0x7f2efb2f86b7]     SYS_ioperm(235, 1, 1, 1)                                                                                 = 0
8643 [0x7f2efb2f86b7]     SYS_ioperm(235, 1, 0, 1)                                                                                 = 0
8643 [0x7f2ef99050d1]     libgeneraldrv.so->Hw_Semaphore_Unlock(0x7fff5f56d780, 1, 0, -1)                                          = 0
8643 [0x7f2ef99050dd]     libgeneraldrv.so->Hw_Semaphore_Release(0x7fff5f56d780, 128, 0, 0 <unfinished ...>
8643 [0x7f2efb2f4757]       SYS_munmap(0x7f2efbe6a000, 32, 0, 1)                                                                   = 0
8643 [0x7f2ef99050dd]     <... Hw_Semaphore_Release resumed> )                                                                     = 0
8643 [0x7f2efb5b4b75]   <... It87_Set_Gpio resumed> )                                                                              = 0
8643 [0x4009e1] <... Hal_Led_Set_Mode resumed> )                                                                                   = 0
8643 [0x7f2efb245932] libgeneral.so->Trace_Mem_Destroy()(0x7f2efaf5dd40, 0, 0xbec7c002f160023, 16)                                 = 0
8643 [0x7f2efb2c8468] SYS_exit_group(0, 60, 0, 0x7f2efb5aba48 <unfinished ...>
8643 [0xffffffffffffffff] +++ exited (status 0) +++
