8693 [0x7fe7867148aa] SYS_brk(0, 0x7fe786717fa0, 0, 895)                                                                           = 0x8e5000
8693 [0x7fe7867157e7] SYS_readlink(0x7fffa967bb81, 0x7fffa96797a0, 4096, 0x756e694c00000000)                                       = -2
8693 [0x7fe786715677] SYS_open(0x7fe7867191f3, 0, 0, 0x756e694c00000000)                                                           = 3
8693 [0x7fe7867157a7] SYS_chdir(0x7fe786920ba8, 0, 0, 0x756e694c00000000)                                                          = -2
8693 [0x7fe7867149d2] SYS_getcwd(0x7fffa96797a0, 4096, 0, 0x756e694c00000000)                                                      = 23
8693 [0x7fe7867157c7] SYS_fchdir(3, 4096, 0, 0x756e694c00000000)                                                                   = 0
8693 [0x7fe786715787] SYS_close(3, 4096, 0, 0x756e694c00000000)                                                                    = 0
8693 [0x7fe78671580a] SYS_mmap(0, 4096, 3, 34)                                                                                     = 0x7fe78691d000
8693 [0x7fe7867156d7] SYS_access(0x7fe78671b700, 4, 0x7fe786920718, 0)                                                             = -2
8693 [0x7fe786715677] SYS_open(0x7fe786719072, 0x80000, 1, 0)                                                                      = 3
8693 [0x7fe786715604] SYS_fstat(3, 0x7fffa9678f80, 0x7fffa9678f80, 0)                                                              = 0
8693 [0x7fe78671580a] SYS_mmap(0, 0x83b3, 1, 2)                                                                                    = 0x7fe786914000
8693 [0x7fe786715787] SYS_close(3, 0x83b3, 1, 2)                                                                                   = 0
8693 [0x7fe786715677] SYS_open(0x7fe78691d640, 0x80000, 0, 56)                                                                     = 3
8693 [0x7fe786715697] SYS_read(3, 0x7fffa9679108, 832, 56)                                                                         = 832
8693 [0x7fe786715604] SYS_fstat(3, 0x7fffa9678fe0, 0x7fffa9678fe0, 16)                                                             = 0
8693 [0x7fe78671580a] SYS_mmap(0, 0x278960, 5, 2050)                                                                               = 0x7fe786485000
8693 [0x7fe786715857] SYS_mprotect(0x7fe7864fb000, 0x200000, 0, 2050)                                                              = 0
8693 [0x7fe78671580a] SYS_mmap(0x7fe7866fb000, 0x3000, 3, 2066)                                                                    = 0x7fe7866fb000
8693 [0x7fe786715787] SYS_close(3, 16, 0x7fe7866fb3e0, 0x6ffffdff)                                                                 = 0
8693 [0x7fe786715677] SYS_open(0x7fe78691db10, 0x80000, 0, 0x6ffffdff)                                                             = 3
8693 [0x7fe786715697] SYS_read(3, 0x7fffa96790d8, 832, 0x6ffffdff)                                                                 = 832
8693 [0x7fe786715604] SYS_fstat(3, 0x7fffa9678fb0, 0x7fffa9678fb0, 16)                                                             = 0
8693 [0x7fe78671580a] SYS_mmap(0, 0x21bee0, 5, 2050)                                                                               = 0x7fe786269000
8693 [0x7fe786715857] SYS_mprotect(0x7fe786284000, 0x200000, 0, 2050)                                                              = 0
8693 [0x7fe78671580a] SYS_mmap(0x7fe786484000, 4096, 3, 2066)                                                                      = 0x7fe786484000
8693 [0x7fe786715787] SYS_close(3, 16, 0x7fe786484208, 0x6ffffdff)                                                                 = 0
8693 [0x7fe786715677] SYS_open(0x7fe78691dfe0, 0x80000, 0, 0x6ffffdff)                                                             = 3
8693 [0x7fe786715697] SYS_read(3, 0x7fffa96790a8, 832, 0x6ffffdff)                                                                 = 832
8693 [0x7fe786715604] SYS_fstat(3, 0x7fffa9678f80, 0x7fffa9678f80, 16)                                                             = 0
8693 [0x7fe78671580a] SYS_mmap(0, 4096, 3, 34)                                                                                     = 0x7fe786913000
8693 [0x7fe78671580a] SYS_mmap(0, 0x209ad0, 5, 2050)                                                                               = 0x7fe78605f000
8693 [0x7fe786715857] SYS_mprotect(0x7fe786069000, 0x1ff000, 0, 2050)                                                              = 0
8693 [0x7fe78671580a] SYS_mmap(0x7fe786268000, 4096, 3, 2066)                                                                      = 0x7fe786268000
8693 [0x7fe786715787] SYS_close(3, 16, 0x7fe786268690, 0x6ffffdff)                                                                 = 0
8693 [0x7fe786715677] SYS_open(0x7fe7869134b8, 0x80000, 0, 0x6ffffdff)                                                             = 3
8693 [0x7fe786715697] SYS_read(3, 0x7fffa9679078, 832, 0x6ffffdff)                                                                 = 832
8693 [0x7fe786715604] SYS_fstat(3, 0x7fffa9678f50, 0x7fffa9678f50, 32)                                                             = 0
8693 [0x7fe78671580a] SYS_mmap(0, 0x39dc40, 5, 2050)                                                                               = 0x7fe785cc1000
8693 [0x7fe786715857] SYS_mprotect(0x7fe785e55000, 0x200000, 0, 2050)                                                              = 0
8693 [0x7fe78671580a] SYS_mmap(0x7fe786055000, 0x6000, 3, 2066)                                                                    = 0x7fe786055000
8693 [0x7fe78671580a] SYS_mmap(0x7fe78605b000, 0x3c40, 3, 50)                                                                      = 0x7fe78605b000
8693 [0x7fe786715787] SYS_close(3, 16, 0, 0x6ffffdff)                                                                              = 0
8693 [0x7fe786715677] SYS_open(0x7fe786913988, 0x80000, 0, 0x6ffffdff)                                                             = 3
8693 [0x7fe786715697] SYS_read(3, 0x7fffa9678f28, 832, 0x6ffffdff)                                                                 = 832
8693 [0x7fe786715604] SYS_fstat(3, 0x7fffa9678e00, 0x7fffa9678e00, 16)                                                             = 0
8693 [0x7fe78671580a] SYS_mmap(0, 0x2b09d0, 5, 2050)                                                                               = 0x7fe785a10000
8693 [0x7fe786715857] SYS_mprotect(0x7fe785abf000, 0x1ff000, 0, 2050)                                                              = 0
8693 [0x7fe78671580a] SYS_mmap(0x7fe785cbe000, 0x3000, 3, 2066)                                                                    = 0x7fe785cbe000
8693 [0x7fe786715787] SYS_close(3, 16, 0x7fe785cbe9a8, 0x6ffffdff)                                                                 = 0
8693 [0x7fe786715677] SYS_open(0x7fe786913e58, 0x80000, 0, 0x6ffffdff)                                                             = 3
8693 [0x7fe786715697] SYS_read(3, 0x7fffa9678ef8, 832, 0x6ffffdff)                                                                 = 832
8693 [0x7fe786715604] SYS_fstat(3, 0x7fffa9678dd0, 0x7fffa9678dd0, 16)                                                             = 0
8693 [0x7fe78671580a] SYS_mmap(0, 4096, 3, 34)                                                                                     = 0x7fe786912000
8693 [0x7fe78671580a] SYS_mmap(0, 0x294ee0, 5, 2050)                                                                               = 0x7fe78577b000
8693 [0x7fe786715857] SYS_mprotect(0x7fe78580d000, 0x1ff000, 0, 2050)                                                              = 0
8693 [0x7fe78671580a] SYS_mmap(0x7fe785a0c000, 0x3000, 3, 2066)                                                                    = 0x7fe785a0c000
8693 [0x7fe78671580a] SYS_mmap(0x7fe785a0f000, 3808, 3, 50)                                                                        = 0x7fe785a0f000
8693 [0x7fe786715787] SYS_close(3, 16, 0x7fe785a0ce30, 0x6ffffdff)                                                                 = 0
8693 [0x7fe786715677] SYS_open(0x7fe7869124b8, 0x80000, 0, 0x6ffffdff)                                                             = 3
8693 [0x7fe786715697] SYS_read(3, 0x7fffa9678ec8, 832, 0x6ffffdff)                                                                 = 832
8693 [0x7fe786715604] SYS_fstat(3, 0x7fffa9678da0, 0x7fffa9678da0, 16)                                                             = 0
8693 [0x7fe78671580a] SYS_mmap(0, 0x29d850, 5, 2050)                                                                               = 0x7fe7854dd000
8693 [0x7fe786715857] SYS_mprotect(0x7fe785576000, 0x200000, 0, 2050)                                                              = 0
8693 [0x7fe78671580a] SYS_mmap(0x7fe785776000, 0x3000, 3, 2066)                                                                    = 0x7fe785776000
8693 [0x7fe78671580a] SYS_mmap(0x7fe785779000, 6224, 3, 50)                                                                        = 0x7fe785779000
8693 [0x7fe786715787] SYS_close(3, 16, 0x7fe785777cc8, 0x6ffffdff)                                                                 = 0
8693 [0x7fe786715677] SYS_open(0x7fe7869129a0, 0x80000, 0, 0x6ffffdff)                                                             = 3
8693 [0x7fe786715697] SYS_read(3, 0x7fffa9678e98, 832, 0x6ffffdff)                                                                 = 832
8693 [0x7fe786715604] SYS_fstat(3, 0x7fffa9678d70, 0x7fffa9678d70, 16)                                                             = 0
8693 [0x7fe78671580a] SYS_mmap(0, 0x2dbbb0, 5, 2050)                                                                               = 0x7fe785201000
8693 [0x7fe786715857] SYS_mprotect(0x7fe7852bf000, 0x200000, 0, 2050)                                                              = 0
8693 [0x7fe78671580a] SYS_mmap(0x7fe7854bf000, 0xa000, 3, 2066)                                                                    = 0x7fe7854bf000
8693 [0x7fe78671580a] SYS_mmap(0x7fe7854c9000, 0x13bb0, 3, 50)                                                                     = 0x7fe7854c9000
8693 [0x7fe786715787] SYS_close(3, 16, 0x7fe7854c54d8, 0x6ffffdff)                                                                 = 0
8693 [0x7fe786715677] SYS_open(0x7fe786912e70, 0x80000, 0, 0x6ffffdff)                                                             = 3
8693 [0x7fe786715697] SYS_read(3, 0x7fffa9678e68, 832, 0x6ffffdff)                                                                 = 832
8693 [0x7fe786715604] SYS_fstat(3, 0x7fffa9678d40, 0x7fffa9678d40, 32)                                                             = 0
8693 [0x7fe78671580a] SYS_mmap(0, 4096, 3, 34)                                                                                     = 0x7fe786911000
8693 [0x7fe78671580a] SYS_mmap(0, 0x21c490, 5, 2050)                                                                               = 0x7fe784fe4000
8693 [0x7fe786715857] SYS_mprotect(0x7fe784ffc000, 0x1ff000, 0, 2050)                                                              = 0
8693 [0x7fe78671580a] SYS_mmap(0x7fe7851fb000, 8192, 3, 2066)                                                                      = 0x7fe7851fb000
8693 [0x7fe78671580a] SYS_mmap(0x7fe7851fd000, 0x3490, 3, 50)                                                                      = 0x7fe7851fd000
8693 [0x7fe786715787] SYS_close(3, 16, 0, 0x6ffffdff)                                                                              = 0
8693 [0x7fe786715677] SYS_open(0x7fe7869114b8, 0x80000, 0, 0x6ffffdff)                                                             = 3
8693 [0x7fe786715697] SYS_read(3, 0x7fffa9678e38, 832, 0x6ffffdff)                                                                 = 832
8693 [0x7fe786715604] SYS_fstat(3, 0x7fffa9678d10, 0x7fffa9678d10, 32)                                                             = 0
8693 [0x7fe78671580a] SYS_mmap(0, 0x207bc0, 5, 2050)                                                                               = 0x7fe784ddc000
8693 [0x7fe786715857] SYS_mprotect(0x7fe784de3000, 0x1ff000, 0, 2050)                                                              = 0
8693 [0x7fe78671580a] SYS_mmap(0x7fe784fe2000, 8192, 3, 2066)                                                                      = 0x7fe784fe2000
8693 [0x7fe786715787] SYS_close(3, 16, 0, 0x6ffffdff)                                                                              = 0
8693 [0x7fe786715677] SYS_open(0x7fe786911988, 0x80000, 0, 0x6ffffdff)                                                             = 3
8693 [0x7fe786715697] SYS_read(3, 0x7fffa9678e08, 832, 0x6ffffdff)                                                                 = 832
8693 [0x7fe786715604] SYS_fstat(3, 0x7fffa9678ce0, 0x7fffa9678ce0, 16)                                                             = 0
8693 [0x7fe78671580a] SYS_mmap(0, 0x202e20, 5, 2050)                                                                               = 0x7fe784bd9000
8693 [0x7fe786715857] SYS_mprotect(0x7fe784bdc000, 0x1ff000, 0, 2050)                                                              = 0
8693 [0x7fe78671580a] SYS_mmap(0x7fe784ddb000, 4096, 3, 2066)                                                                      = 0x7fe784ddb000
8693 [0x7fe786715787] SYS_close(3, 16, 0x7fe784ddbc28, 0x6ffffdff)                                                                 = 0
8693 [0x7fe786715677] SYS_open(0x7fe786911e58, 0x80000, 0, 0x6ffffdff)                                                             = 3
8693 [0x7fe786715697] SYS_read(3, 0x7fffa9678dd8, 832, 0x6ffffdff)                                                                 = 832
8693 [0x7fe786715604] SYS_fstat(3, 0x7fffa9678cb0, 0x7fffa9678cb0, 16)                                                             = 0
8693 [0x7fe78671580a] SYS_mmap(0, 4096, 3, 34)                                                                                     = 0x7fe786910000
8693 [0x7fe78671580a] SYS_mmap(0, 0x209850, 5, 2050)                                                                               = 0x7fe7849cf000
8693 [0x7fe786715857] SYS_mprotect(0x7fe7849d9000, 0x1ff000, 0, 2050)                                                              = 0
8693 [0x7fe78671580a] SYS_mmap(0x7fe784bd8000, 4096, 3, 2066)                                                                      = 0x7fe784bd8000
8693 [0x7fe786715787] SYS_close(3, 16, 0x7fe784bd8618, 0x6ffffdff)                                                                 = 0
8693 [0x7fe786715677] SYS_open(0x7fe7869104b8, 0x80000, 0, 0x6ffffdff)                                                             = 3
8693 [0x7fe786715697] SYS_read(3, 0x7fffa9678da8, 832, 0x6ffffdff)                                                                 = 832
8693 [0x7fe786715604] SYS_fstat(3, 0x7fffa9678c80, 0x7fffa9678c80, 16)                                                             = 0
8693 [0x7fe78671580a] SYS_mmap(0, 0x210868, 5, 2050)                                                                               = 0x7fe7847be000
8693 [0x7fe786715857] SYS_mprotect(0x7fe7847cf000, 0x1ff000, 0, 2050)                                                              = 0
8693 [0x7fe78671580a] SYS_mmap(0x7fe7849ce000, 4096, 3, 2066)                                                                      = 0x7fe7849ce000
8693 [0x7fe786715787] SYS_close(3, 16, 0x7fe7849ce408, 0x6ffffdff)                                                                 = 0
8693 [0x7fe786715677] SYS_open(0x7fe786910a40, 0x80000, 0, 0x7fe7869119a0)                                                         = 3
8693 [0x7fe786715697] SYS_read(3, 0x7fffa9678c48, 832, 0x7fe7869119a0)                                                             = 832
8693 [0x7fe786715604] SYS_fstat(3, 0x7fffa9678b20, 0x7fffa9678b20, 16)                                                             = 0
8693 [0x7fe78671580a] SYS_mmap(0, 0x2032c8, 5, 2050)                                                                               = 0x7fe7845ba000
8693 [0x7fe786715857] SYS_mprotect(0x7fe7845bd000, 0x200000, 0, 2050)                                                              = 0
8693 [0x7fe78671580a] SYS_mmap(0x7fe7847bd000, 4096, 3, 2066)                                                                      = 0x7fe7847bd000
8693 [0x7fe786715787] SYS_close(3, 16, 0x7fe7847bd188, 0x6ffffdff)                                                                 = 0
8693 [0x7fe786715677] SYS_open(0x7fe786910f28, 0x80000, 0, 0x6ffffdff)                                                             = 3
8693 [0x7fe786715697] SYS_read(3, 0x7fffa9678c18, 832, 0x6ffffdff)                                                                 = 832
8693 [0x7fe786715604] SYS_fstat(3, 0x7fffa9678af0, 0x7fffa9678af0, 16)                                                             = 0
8693 [0x7fe78671580a] SYS_mmap(0, 4096, 3, 34)                                                                                     = 0x7fe78690f000
8693 [0x7fe78671580a] SYS_mmap(0, 0x207820, 5, 2050)                                                                               = 0x7fe7843b2000
8693 [0x7fe786715857] SYS_mprotect(0x7fe7843b9000, 0x200000, 0, 2050)                                                              = 0
8693 [0x7fe78671580a] SYS_mmap(0x7fe7845b9000, 4096, 3, 2066)                                                                      = 0x7fe7845b9000
8693 [0x7fe786715787] SYS_close(3, 16, 0x7fe7845b9188, 0x6ffffdff)                                                                 = 0
8693 [0x7fe786715677] SYS_open(0x7fe78690f4c8, 0x80000, 0, 0x6ffffdff)                                                             = 3
8693 [0x7fe786715697] SYS_read(3, 0x7fffa9678be8, 832, 0x6ffffdff)                                                                 = 832
8693 [0x7fe786715604] SYS_fstat(3, 0x7fffa9678ac0, 0x7fffa9678ac0, 16)                                                             = 0
8693 [0x7fe78671580a] SYS_mmap(0, 0x201f30, 5, 2050)                                                                               = 0x7fe7841b0000
8693 [0x7fe786715857] SYS_mprotect(0x7fe7841b2000, 0x1ff000, 0, 2050)                                                              = 0
8693 [0x7fe78671580a] SYS_mmap(0x7fe7843b1000, 4096, 3, 2066)                                                                      = 0x7fe7843b1000
8693 [0x7fe786715787] SYS_close(3, 16, 0x7fe7843b1e18, 0x6ffffdff)                                                                 = 0
8693 [0x7fe786715677] SYS_open(0x7fe78690fa60, 0x80000, 0, 0x7fe7869134d0)                                                         = 3
8693 [0x7fe786715697] SYS_read(3, 0x7fffa9678bb8, 832, 0x7fe7869134d0)                                                             = 832
8693 [0x7fe786715604] SYS_fstat(3, 0x7fffa9678a90, 0x7fffa9678a90, 16)                                                             = 0
8693 [0x7fe78671580a] SYS_mmap(0, 0x2022e8, 5, 2050)                                                                               = 0x7fe783fad000
8693 [0x7fe786715857] SYS_mprotect(0x7fe783faf000, 0x200000, 0, 2050)                                                              = 0
8693 [0x7fe78671580a] SYS_mmap(0x7fe7841af000, 4096, 3, 2066)                                                                      = 0x7fe7841af000
8693 [0x7fe786715787] SYS_close(3, 16, 0x7fe7841af198, 0x6ffffdff)                                                                 = 0
8693 [0x7fe786715677] SYS_open(0x7fe78690ff40, 0x80000, 0, 0x6ffffdff)                                                             = 3
8693 [0x7fe786715697] SYS_read(3, 0x7fffa9678b88, 832, 0x6ffffdff)                                                                 = 832
8693 [0x7fe786715604] SYS_fstat(3, 0x7fffa9678a60, 0x7fffa9678a60, 16)                                                             = 0
8693 [0x7fe78671580a] SYS_mmap(0, 4096, 3, 34)                                                                                     = 0x7fe78690e000
8693 [0x7fe78671580a] SYS_mmap(0, 0x201f30, 5, 2050)                                                                               = 0x7fe783dab000
8693 [0x7fe786715857] SYS_mprotect(0x7fe783dad000, 0x1ff000, 0, 2050)                                                              = 0
8693 [0x7fe78671580a] SYS_mmap(0x7fe783fac000, 4096, 3, 2066)                                                                      = 0x7fe783fac000
8693 [0x7fe786715787] SYS_close(3, 16, 0x7fe783face18, 0x6ffffdff)                                                                 = 0
8693 [0x7fe786715677] SYS_open(0x7fe78690e4c0, 0x80000, 0, 0x6ffffdff)                                                             = 3
8693 [0x7fe786715697] SYS_read(3, 0x7fffa9678b58, 832, 0x6ffffdff)                                                                 = 832
8693 [0x7fe786715604] SYS_fstat(3, 0x7fffa9678a30, 0x7fffa9678a30, 16)                                                             = 0
8693 [0x7fe78671580a] SYS_mmap(0, 0x2038b8, 5, 2050)                                                                               = 0x7fe783ba7000
8693 [0x7fe786715857] SYS_mprotect(0x7fe783bab000, 0x1ff000, 0, 2050)                                                              = 0
8693 [0x7fe78671580a] SYS_mmap(0x7fe783daa000, 4096, 3, 2066)                                                                      = 0x7fe783daa000
8693 [0x7fe786715787] SYS_close(3, 16, 0x7fe783daa748, 0x6ffffdff)                                                                 = 0
8693 [0x7fe786715677] SYS_open(0x7fe78690ea60, 0x80000, 0, 0x7fe786911000)                                                         = 3
8693 [0x7fe786715697] SYS_read(3, 0x7fffa9678af8, 832, 0x7fe786911000)                                                             = 832
8693 [0x7fe786715604] SYS_fstat(3, 0x7fffa96789d0, 0x7fffa96789d0, 16)                                                             = 0
8693 [0x7fe78671580a] SYS_mmap(0, 0x210848, 5, 2050)                                                                               = 0x7fe783996000
8693 [0x7fe786715857] SYS_mprotect(0x7fe7839a6000, 0x1ff000, 0, 2050)                                                              = 0
8693 [0x7fe78671580a] SYS_mmap(0x7fe783ba5000, 8192, 3, 2066)                                                                      = 0x7fe783ba5000
8693 [0x7fe786715787] SYS_close(3, 16, 0x7fe783ba5d90, 0x6ffffdff)                                                                 = 0
8693 [0x7fe786715677] SYS_open(0x7fe78690ef48, 0x80000, 0, 0x6ffffdff)                                                             = 3
8693 [0x7fe786715697] SYS_read(3, 0x7fffa9678ac8, 832, 0x6ffffdff)                                                                 = 832
8693 [0x7fe786715604] SYS_fstat(3, 0x7fffa96789a0, 0x7fffa96789a0, 16)                                                             = 0
8693 [0x7fe78671580a] SYS_mmap(0, 4096, 3, 34)                                                                                     = 0x7fe78690d000
8693 [0x7fe78671580a] SYS_mmap(0, 0x20acf0, 5, 2050)                                                                               = 0x7fe78378b000
8693 [0x7fe786715857] SYS_mprotect(0x7fe783796000, 0x1ff000, 0, 2050)                                                              = 0
8693 [0x7fe78671580a] SYS_mmap(0x7fe783995000, 4096, 3, 2066)                                                                      = 0x7fe783995000
8693 [0x7fe786715787] SYS_close(3, 16, 0x7fe783995750, 0x6ffffdff)                                                                 = 0
8693 [0x7fe786715677] SYS_open(0x7fe78690d560, 0x80000, 0, 0x7fe786911000)                                                         = 3
8693 [0x7fe786715697] SYS_read(3, 0x7fffa9678a98, 832, 0x7fe786911000)                                                             = 832
8693 [0x7fe786715604] SYS_fstat(3, 0x7fffa9678970, 0x7fffa9678970, 32)                                                             = 0
8693 [0x7fe78671580a] SYS_mmap(0, 0x2361e0, 5, 2050)                                                                               = 0x7fe783554000
8693 [0x7fe786715857] SYS_mprotect(0x7fe78355c000, 0x1ff000, 0, 2050)                                                              = 0
8693 [0x7fe78671580a] SYS_mmap(0x7fe78375b000, 8192, 3, 2066)                                                                      = 0x7fe78375b000
8693 [0x7fe78671580a] SYS_mmap(0x7fe78375d000, 0x2d1e0, 3, 50)                                                                     = 0x7fe78375d000
8693 [0x7fe786715787] SYS_close(3, 16, 0, 0x6ffffdff)                                                                              = 0
8693 [0x7fe786715677] SYS_open(0x7fe78690da30, 0x80000, 0, 0x6ffffdff)                                                             = 3
8693 [0x7fe786715697] SYS_read(3, 0x7fffa9678a68, 832, 0x6ffffdff)                                                                 = 832
8693 [0x7fe786715604] SYS_fstat(3, 0x7fffa9678940, 0x7fffa9678940, 16)                                                             = 0
8693 [0x7fe78671580a] SYS_mmap(0, 0x43fe88, 5, 2050)                                                                               = 0x7fe783114000
8693 [0x7fe786715857] SYS_mprotect(0x7fe783329000, 0x200000, 0, 2050)                                                              = 0
8693 [0x7fe78671580a] SYS_mmap(0x7fe783529000, 0x27000, 3, 2066)                                                                   = 0x7fe783529000
8693 [0x7fe78671580a] SYS_mmap(0x7fe783550000, 0x3e88, 3, 50)                                                                      = 0x7fe783550000
8693 [0x7fe786715857] SYS_mprotect(0x7fffa967a000, 4096, 0x1000007, 4)                                                             = 0
8693 [0x7fe786715787] SYS_close(3, 4096, 0x1000007, 4)                                                                             = 0
8693 [0x7fe786715677] SYS_open(0x7fe78690dfb0, 0x80000, 0, 0x7fe7869104d0)                                                         = 3
8693 [0x7fe786715697] SYS_read(3, 0x7fffa9678a38, 832, 0x7fe7869104d0)                                                             = 832
8693 [0x7fe786715604] SYS_fstat(3, 0x7fffa9678910, 0x7fffa9678910, 16)                                                             = 0
8693 [0x7fe78671580a] SYS_mmap(0, 4096, 3, 34)                                                                                     = 0x7fe78690c000
8693 [0x7fe78671580a] SYS_mmap(0, 0x215730, 5, 2050)                                                                               = 0x7fe782efe000
8693 [0x7fe786715857] SYS_mprotect(0x7fe782f14000, 0x1ff000, 0, 2050)                                                              = 0
8693 [0x7fe78671580a] SYS_mmap(0x7fe783113000, 4096, 3, 2066)                                                                      = 0x7fe783113000
8693 [0x7fe786715787] SYS_close(3, 16, 0x7fe783113490, 0x6ffffdff)                                                                 = 0
8693 [0x7fe786715677] SYS_open(0x7fe78690c4f0, 0x80000, 0, 0x6ffffdff)                                                             = 3
8693 [0x7fe786715697] SYS_read(3, 0x7fffa9678a08, 832, 0x6ffffdff)                                                                 = 832
8693 [0x7fe786715604] SYS_fstat(3, 0x7fffa96788e0, 0x7fffa96788e0, 32)                                                             = 0
8693 [0x7fe78671580a] SYS_mmap(0, 0x2fd148, 5, 2050)                                                                               = 0x7fe782c00000
8693 [0x7fe786715857] SYS_mprotect(0x7fe782cfd000, 0x1ff000, 0, 2050)                                                              = 0
8693 [0x7fe78671580a] SYS_mmap(0x7fe782efc000, 8192, 3, 2066)                                                                      = 0x7fe782efc000
8693 [0x7fe786715787] SYS_close(3, 16, 0, 0x6ffffdff)                                                                              = 0
8693 [0x7fe786715677] SYS_open(0x7fffa96787d0, 0x80000, 0, 0x36782f39325f3130)                                                     = -2
8693 [0x7fe7867155c5] SYS_stat(0x7fffa96787d0, 0x7fffa96788b0, 0x7fffa96788b0, 0x36782f39325f3130)                                 = -2
8693 [0x7fe786715677] SYS_open(0x7fffa96787d0, 0x80000, 0, 0x36782f39325f3130)                                                     = -2
8693 [0x7fe7867155c5] SYS_stat(0x7fffa96787d0, 0x7fffa96788b0, 0x7fffa96788b0, 0x36782f39325f3130)                                 = -2
8693 [0x7fe786715677] SYS_open(0x7fffa96787d0, 0x80000, 0, 0x36782f39325f3130)                                                     = -2
8693 [0x7fe7867155c5] SYS_stat(0x7fffa96787d0, 0x7fffa96788b0, 0x7fffa96788b0, 0x36782f39325f3130)                                 = -2
8693 [0x7fe786715677] SYS_open(0x7fffa96787d0, 0x80000, 0, 0x36782f39325f3130)                                                     = -2
8693 [0x7fe7867155c5] SYS_stat(0x7fffa96787d0, 0x7fffa96788b0, 0x7fffa96788b0, 0x36782f39325f3130)                                 = -2
8693 [0x7fe786715677] SYS_open(0x7fe78690cdd0, 0x80000, 0, 0x36782f39325f3130)                                                     = 3
8693 [0x7fe786715697] SYS_read(3, 0x7fffa96789d8, 832, 0x36782f39325f3130)                                                         = 832
8693 [0x7fe786715604] SYS_fstat(3, 0x7fffa96788b0, 0x7fffa96788b0, 16)                                                             = 0
8693 [0x7fe78671580a] SYS_mmap(0, 4096, 3, 34)                                                                                     = 0x7fe78690b000
8693 [0x7fe78671580a] SYS_mmap(0, 0x2f8980, 5, 2050)                                                                               = 0x7fe782907000
8693 [0x7fe786715857] SYS_mprotect(0x7fe7829fe000, 0x200000, 0, 2050)                                                              = 0
8693 [0x7fe78671580a] SYS_mmap(0x7fe782bfe000, 8192, 3, 2066)                                                                      = 0x7fe782bfe000
8693 [0x7fe786715787] SYS_close(3, 16, 0x7fe782bfe3a0, 0x6ffffdff)                                                                 = 0
8693 [0x7fe786715677] SYS_open(0x7fe78690b4c8, 0x80000, 0, 0x6ffffdff)                                                             = 3
8693 [0x7fe786715697] SYS_read(3, 0x7fffa96789a8, 832, 0x6ffffdff)                                                                 = 832
8693 [0x7fe786715604] SYS_fstat(3, 0x7fffa9678880, 0x7fffa9678880, 16)                                                             = 0
8693 [0x7fe78671580a] SYS_mmap(0, 0x2fc9d8, 5, 2050)                                                                               = 0x7fe78260a000
8693 [0x7fe786715857] SYS_mprotect(0x7fe782705000, 0x200000, 0, 2050)                                                              = 0
8693 [0x7fe78671580a] SYS_mmap(0x7fe782905000, 8192, 3, 2066)                                                                      = 0x7fe782905000
8693 [0x7fe786715787] SYS_close(3, 16, 0x7fe782906828, 0x6ffffdff)                                                                 = 0
8693 [0x7fe786715677] SYS_open(0x7fe78690b998, 0x80000, 0, 0x6ffffdff)                                                             = 3
8693 [0x7fe786715697] SYS_read(3, 0x7fffa9678978, 832, 0x6ffffdff)                                                                 = 832
8693 [0x7fe786715604] SYS_fstat(3, 0x7fffa9678850, 0x7fffa9678850, 16)                                                             = 0
8693 [0x7fe78671580a] SYS_mmap(0, 0x242830, 5, 2050)                                                                               = 0x7fe7823c7000
8693 [0x7fe786715857] SYS_mprotect(0x7fe78240a000, 0x1ff000, 0, 2050)                                                              = 0
8693 [0x7fe78671580a] SYS_mmap(0x7fe782609000, 4096, 3, 2066)                                                                      = 0x7fe782609000
8693 [0x7fe786715787] SYS_close(3, 16, 0x7fe782609630, 0x6ffffdff)                                                                 = 0
8693 [0x7fe786715677] SYS_open(0x7fe78690bf70, 0x80000, 0, 0x7fe7869129b8)                                                         = 3
8693 [0x7fe786715697] SYS_read(3, 0x7fffa9678948, 832, 0x7fe7869129b8)                                                             = 832
8693 [0x7fe786715604] SYS_fstat(3, 0x7fffa9678820, 0x7fffa9678820, 32)                                                             = 0
8693 [0x7fe78671580a] SYS_mmap(0, 4096, 3, 34)                                                                                     = 0x7fe78690a000
8693 [0x7fe78671580a] SYS_mmap(0, 0x203118, 5, 2050)                                                                               = 0x7fe7821c3000
8693 [0x7fe786715857] SYS_mprotect(0x7fe7821c5000, 0x200000, 0, 2050)                                                              = 0
8693 [0x7fe78671580a] SYS_mmap(0x7fe7823c5000, 8192, 3, 2066)                                                                      = 0x7fe7823c5000
8693 [0x7fe786715787] SYS_close(3, 16, 0x7fe7823c5f40, 0x6ffffdff)                                                                 = 0
8693 [0x7fe78671580a] SYS_mmap(0, 4096, 3, 34)                                                                                     = 0x7fe786909000
8693 [0x7fe78671580a] SYS_mmap(0, 4096, 3, 34)                                                                                     = 0x7fe786908000
8693 [0x7fe78671580a] SYS_mmap(0, 8192, 3, 34)                                                                                     = 0x7fe786906000
8693 [0x7fe7866ff044] SYS_arch_prctl(4098, 0x7fe786906780, 0x7fe786907080, 34)                                                     = 0
8693 [0x7fe786715857] SYS_mprotect(0x7fe786055000, 0x4000, 1, 1)                                                                   = 0
8693 [0x7fe786715857] SYS_mprotect(0x7fe7823c5000, 4096, 1, 0x7fe7821c3c68)                                                        = 0
8693 [0x7fe786715857] SYS_mprotect(0x7fe7851fb000, 4096, 1, 0x7fe784fe9500)                                                        = 0
8693 [0x7fe786715857] SYS_mprotect(0x7fe782efc000, 4096, 1, 1)                                                                     = 0
8693 [0x7fe786715857] SYS_mprotect(0x7fe78375b000, 4096, 1, 0x7fe783554a00)                                                        = 0
8693 [0x7fe786715857] SYS_mprotect(0x7fe7854bf000, 0x7000, 1, 0x7fe785259810)                                                      = 0
8693 [0x7fe786715857] SYS_mprotect(0x7fe784fe2000, 4096, 1, 0x7fe784dddd58)                                                        = 0
8693 [0x7fe786715857] SYS_mprotect(0x7fe78691e000, 4096, 1, 0)                                                                     = 0
8693 [0x7fe786715837] SYS_munmap(0x7fe786914000, 0x83b3, 0x7cc00, 0)                                                               = 0
8693 [0x7fe784feae92] SYS_set_tid_address(0x7fe786906a50, 0x7fffa967a938, 0x7fe786906780, 0)                                       = 8693
8693 [0x7fe784feaefa] SYS_set_robust_list(0x7fe786906a60, 24, 0x7fe786906780, 0)                                                   = 0
8693 [0x7fe784ff4cf5] SYS_rt_sigaction(32, 0x7fffa967a688, 0, 8)                                                                   = 0
8693 [0x7fe784ff4cf5] SYS_rt_sigaction(33, 0x7fffa967a688, 0, 8)                                                                   = 0
8693 [0x7fe784feafd6] SYS_rt_sigprocmask(1, 0x7fffa967a7d8, 0, 8)                                                                  = 0
8693 [0x7fe785da1b17] SYS_getrlimit(3, 0x7fffa967a870, 63, 1)                                                                      = 0
8693 [0x7fe784feab95] SYS_futex(0x7fe7854c97e0, 129, 0x7fffffff, 0)                                                                = 0
8693 [0x4009e1] ledctrl->Hal_Led_Set_Mode(11, 2, 0x7fe785e0fc60, 0 <unfinished ...>
8693 [0x7fe786065575]   libnhal.so->Hal_Lookup_Hardware_Info(0x7fffa967a660, 2, 0x7fe785e0fc60, 0 <unfinished ...>
8693 [0x7fe785d9c557]     SYS_statfs(0x7fe784ff71e8, 0x7fffa967a450, 0x7fe785200310, 1)                                            = 0
8693 [0x7fe784feab95]     SYS_futex(0x7fe785200310, 129, 0x7fffffff, 0)                                                            = 0
8693 [0x7fe785d9c7e0]     SYS_open(0x7fffa967a560, 0xa0002, 484, 1)                                                                = 3
8693 [0x7fe785da572a]     SYS_mmap(0, 220, 3, 1)                                                                                   = 0x7fe78691c000
8693 [0x7fe785d9d070]     SYS_close(3, 220, 3, 1)                                                                                  = 0
8693 [0x7fe7860647f0]     libnhal.so->Hw_Semaphore_Init(0x7fffa967a610, 0x7fe786067287, 1, -1 <unfinished ...>
8693 [0x7fe785d9c405]       SYS_lstat(0x7fffa967a4c0, 0x7fffa967a3d0, 0x7fffa967a3d0, 0)                                           = -2
8693 [0x7fe784ff4510]       SYS_open(0x7fffa967a4c0, 194, 600, 0)                                                                  = 3
8693 [0x7fe784ff3da0]       SYS_write(3, 0x7fffa967a540, 32, 0)                                                                    = 32
8693 [0x7fe785da572a]       SYS_mmap(0, 32, 3, 1)                                                                                  = 0x7fe78691b000
8693 [0x7fe785d9e1a7]       SYS_link(0x7fffa967a4c0, 0x7fffa967a4f0, 3, 1)                                                         = -17
8693 [0x7fe785da5757]       SYS_munmap(0x7fe78691b000, 32, 3, 1)                                                                   = 0
8693 [0x7fe785d9e2c7]       SYS_unlink(0x7fffa967a4c0, 32, 3, 1)                                                                   = 0
8693 [0x7fe784ff3e60]       SYS_close(3, 32, 3, 1)                                                                                 = 0
8693 [0x7fe784ff4510]       SYS_open(0x7fffa967a4f0, 0x20002, 18, 1)                                                               = 3
8693 [0x7fe785d9c3b4]       SYS_fstat(3, 0x7fffa967a420, 0x7fffa967a420, 1)                                                        = 0
8693 [0x7fe785da1f5a]       SYS_brk(0, 0x7fe786059640, 0, -4096)                                                                   = 0x8e5000
8693 [0x7fe785da1f5a]       SYS_brk(0x906000, 0x8e5000, 0x906000, -4096)                                                           = 0x906000
8693 [0x7fe785da572a]       SYS_mmap(0, 32, 3, 1)                                                                                  = 0x7fe78691b000
8693 [0x7fe784ff3e60]       SYS_close(3, 32, 0, 3)                                                                                 = 0
8693 [0x7fe7860647f0]     <... Hw_Semaphore_Init resumed> )                                                                        = 17
8693 [0x7fe786064800]     libnhal.so->Hw_Semaphore_Lock(0x7fffa967a610, 32, 0x7fe78691b000, -1)                                    = 0
8693 [0x7fe786064918]     libnhal.so->Hw_Semaphore_Unlock(0x7fffa967a610, 2, 0x7fe78691c000, 0)                                    = 0
8693 [0x7fe786064924]     libnhal.so->Hw_Semaphore_Release(0x7fffa967a610, 128, 0, 0 <unfinished ...>
8693 [0x7fe785da5757]       SYS_munmap(0x7fe78691b000, 32, 0, 1)                                                                   = 0
8693 [0x7fe786064924]     <... Hw_Semaphore_Release resumed> )                                                                     = 0
8693 [0x7fe786065575]   <... Hal_Lookup_Hardware_Info resumed> )                                                                   = 0
8693 [0x4009e1] <... Hal_Led_Set_Mode resumed> )                                                                                   = 0xffffffea
8693 [0x7fe785cf6932] libgeneral.so->Trace_Mem_Destroy()(0x7fe785a0ed40, 0, 0x225ada5f50b4a14d, 16)                                = 0
8693 [0x7fe785d79468] SYS_exit_group(-22, 60, -22, 0x7fe78605ca48 <unfinished ...>
8693 [0xffffffffffffffff] +++ exited (status 234) +++
