7904 [0x7f1ba7a528aa] SYS_brk(0, 0x7f1ba7a55fa0, 0, 895)                                                                           = 0x22ff000
7904 [0x7f1ba7a537e7] SYS_readlink(0x7fffafe78b7c, 0x7fffafe75820, 4096, 0x756e694c00000000)                                       = -2
7904 [0x7f1ba7a53677] SYS_open(0x7f1ba7a571f3, 0, 0, 0x756e694c00000000)                                                           = 3
7904 [0x7f1ba7a537a7] SYS_chdir(0x7f1ba7c5eba8, 0, 0, 0x756e694c00000000)                                                          = -2
7904 [0x7f1ba7a529d2] SYS_getcwd(0x7fffafe75820, 4096, 0, 0x756e694c00000000)                                                      = 23
7904 [0x7f1ba7a537c7] SYS_fchdir(3, 4096, 0, 0x756e694c00000000)                                                                   = 0
7904 [0x7f1ba7a53787] SYS_close(3, 4096, 0, 0x756e694c00000000)                                                                    = 0
7904 [0x7f1ba7a5380a] SYS_mmap(0, 4096, 3, 34)                                                                                     = 0x7f1ba7c5b000
7904 [0x7f1ba7a536d7] SYS_access(0x7f1ba7a59700, 4, 0x7f1ba7c5e718, 0)                                                             = -2
7904 [0x7f1ba7a53677] SYS_open(0x7f1ba7a57072, 0x80000, 1, 0)                                                                      = 3
7904 [0x7f1ba7a53604] SYS_fstat(3, 0x7fffafe75000, 0x7fffafe75000, 0)                                                              = 0
7904 [0x7f1ba7a5380a] SYS_mmap(0, 0x83b3, 1, 2)                                                                                    = 0x7f1ba7c52000
7904 [0x7f1ba7a53787] SYS_close(3, 0x83b3, 1, 2)                                                                                   = 0
7904 [0x7f1ba7a53677] SYS_open(0x7f1ba7c5b640, 0x80000, 0, 56)                                                                     = 3
7904 [0x7f1ba7a53697] SYS_read(3, 0x7fffafe75188, 832, 56)                                                                         = 832
7904 [0x7f1ba7a53604] SYS_fstat(3, 0x7fffafe75060, 0x7fffafe75060, 16)                                                             = 0
7904 [0x7f1ba7a5380a] SYS_mmap(0, 0x278960, 5, 2050)                                                                               = 0x7f1ba77c3000
7904 [0x7f1ba7a53857] SYS_mprotect(0x7f1ba7839000, 0x200000, 0, 2050)                                                              = 0
7904 [0x7f1ba7a5380a] SYS_mmap(0x7f1ba7a39000, 0x3000, 3, 2066)                                                                    = 0x7f1ba7a39000
7904 [0x7f1ba7a53787] SYS_close(3, 16, 0x7f1ba7a393e0, 0x6ffffdff)                                                                 = 0
7904 [0x7f1ba7a53677] SYS_open(0x7f1ba7c5bb10, 0x80000, 0, 0x6ffffdff)                                                             = 3
7904 [0x7f1ba7a53697] SYS_read(3, 0x7fffafe75158, 832, 0x6ffffdff)                                                                 = 832
7904 [0x7f1ba7a53604] SYS_fstat(3, 0x7fffafe75030, 0x7fffafe75030, 16)                                                             = 0
7904 [0x7f1ba7a5380a] SYS_mmap(0, 0x21bee0, 5, 2050)                                                                               = 0x7f1ba75a7000
7904 [0x7f1ba7a53857] SYS_mprotect(0x7f1ba75c2000, 0x200000, 0, 2050)                                                              = 0
7904 [0x7f1ba7a5380a] SYS_mmap(0x7f1ba77c2000, 4096, 3, 2066)                                                                      = 0x7f1ba77c2000
7904 [0x7f1ba7a53787] SYS_close(3, 16, 0x7f1ba77c2208, 0x6ffffdff)                                                                 = 0
7904 [0x7f1ba7a53677] SYS_open(0x7f1ba7c5bfe0, 0x80000, 0, 0x6ffffdff)                                                             = 3
7904 [0x7f1ba7a53697] SYS_read(3, 0x7fffafe75128, 832, 0x6ffffdff)                                                                 = 832
7904 [0x7f1ba7a53604] SYS_fstat(3, 0x7fffafe75000, 0x7fffafe75000, 16)                                                             = 0
7904 [0x7f1ba7a5380a] SYS_mmap(0, 4096, 3, 34)                                                                                     = 0x7f1ba7c51000
7904 [0x7f1ba7a5380a] SYS_mmap(0, 0x209ad0, 5, 2050)                                                                               = 0x7f1ba739d000
7904 [0x7f1ba7a53857] SYS_mprotect(0x7f1ba73a7000, 0x1ff000, 0, 2050)                                                              = 0
7904 [0x7f1ba7a5380a] SYS_mmap(0x7f1ba75a6000, 4096, 3, 2066)                                                                      = 0x7f1ba75a6000
7904 [0x7f1ba7a53787] SYS_close(3, 16, 0x7f1ba75a6690, 0x6ffffdff)                                                                 = 0
7904 [0x7f1ba7a53677] SYS_open(0x7f1ba7c514b8, 0x80000, 0, 0x6ffffdff)                                                             = 3
7904 [0x7f1ba7a53697] SYS_read(3, 0x7fffafe750f8, 832, 0x6ffffdff)                                                                 = 832
7904 [0x7f1ba7a53604] SYS_fstat(3, 0x7fffafe74fd0, 0x7fffafe74fd0, 32)                                                             = 0
7904 [0x7f1ba7a5380a] SYS_mmap(0, 0x39dc40, 5, 2050)                                                                               = 0x7f1ba6fff000
7904 [0x7f1ba7a53857] SYS_mprotect(0x7f1ba7193000, 0x200000, 0, 2050)                                                              = 0
7904 [0x7f1ba7a5380a] SYS_mmap(0x7f1ba7393000, 0x6000, 3, 2066)                                                                    = 0x7f1ba7393000
7904 [0x7f1ba7a5380a] SYS_mmap(0x7f1ba7399000, 0x3c40, 3, 50)                                                                      = 0x7f1ba7399000
7904 [0x7f1ba7a53787] SYS_close(3, 16, 0, 0x6ffffdff)                                                                              = 0
7904 [0x7f1ba7a53677] SYS_open(0x7f1ba7c51988, 0x80000, 0, 0x6ffffdff)                                                             = 3
7904 [0x7f1ba7a53697] SYS_read(3, 0x7fffafe74fa8, 832, 0x6ffffdff)                                                                 = 832
7904 [0x7f1ba7a53604] SYS_fstat(3, 0x7fffafe74e80, 0x7fffafe74e80, 16)                                                             = 0
7904 [0x7f1ba7a5380a] SYS_mmap(0, 0x2b09d0, 5, 2050)                                                                               = 0x7f1ba6d4e000
7904 [0x7f1ba7a53857] SYS_mprotect(0x7f1ba6dfd000, 0x1ff000, 0, 2050)                                                              = 0
7904 [0x7f1ba7a5380a] SYS_mmap(0x7f1ba6ffc000, 0x3000, 3, 2066)                                                                    = 0x7f1ba6ffc000
7904 [0x7f1ba7a53787] SYS_close(3, 16, 0x7f1ba6ffc9a8, 0x6ffffdff)                                                                 = 0
7904 [0x7f1ba7a53677] SYS_open(0x7f1ba7c51e58, 0x80000, 0, 0x6ffffdff)                                                             = 3
7904 [0x7f1ba7a53697] SYS_read(3, 0x7fffafe74f78, 832, 0x6ffffdff)                                                                 = 832
7904 [0x7f1ba7a53604] SYS_fstat(3, 0x7fffafe74e50, 0x7fffafe74e50, 16)                                                             = 0
7904 [0x7f1ba7a5380a] SYS_mmap(0, 4096, 3, 34)                                                                                     = 0x7f1ba7c50000
7904 [0x7f1ba7a5380a] SYS_mmap(0, 0x294ee0, 5, 2050)                                                                               = 0x7f1ba6ab9000
7904 [0x7f1ba7a53857] SYS_mprotect(0x7f1ba6b4b000, 0x1ff000, 0, 2050)                                                              = 0
7904 [0x7f1ba7a5380a] SYS_mmap(0x7f1ba6d4a000, 0x3000, 3, 2066)                                                                    = 0x7f1ba6d4a000
7904 [0x7f1ba7a5380a] SYS_mmap(0x7f1ba6d4d000, 3808, 3, 50)                                                                        = 0x7f1ba6d4d000
7904 [0x7f1ba7a53787] SYS_close(3, 16, 0x7f1ba6d4ae30, 0x6ffffdff)                                                                 = 0
7904 [0x7f1ba7a53677] SYS_open(0x7f1ba7c504b8, 0x80000, 0, 0x6ffffdff)                                                             = 3
7904 [0x7f1ba7a53697] SYS_read(3, 0x7fffafe74f48, 832, 0x6ffffdff)                                                                 = 832
7904 [0x7f1ba7a53604] SYS_fstat(3, 0x7fffafe74e20, 0x7fffafe74e20, 16)                                                             = 0
7904 [0x7f1ba7a5380a] SYS_mmap(0, 0x29d850, 5, 2050)                                                                               = 0x7f1ba681b000
7904 [0x7f1ba7a53857] SYS_mprotect(0x7f1ba68b4000, 0x200000, 0, 2050)                                                              = 0
7904 [0x7f1ba7a5380a] SYS_mmap(0x7f1ba6ab4000, 0x3000, 3, 2066)                                                                    = 0x7f1ba6ab4000
7904 [0x7f1ba7a5380a] SYS_mmap(0x7f1ba6ab7000, 6224, 3, 50)                                                                        = 0x7f1ba6ab7000
7904 [0x7f1ba7a53787] SYS_close(3, 16, 0x7f1ba6ab5cc8, 0x6ffffdff)                                                                 = 0
7904 [0x7f1ba7a53677] SYS_open(0x7f1ba7c509a0, 0x80000, 0, 0x6ffffdff)                                                             = 3
7904 [0x7f1ba7a53697] SYS_read(3, 0x7fffafe74f18, 832, 0x6ffffdff)                                                                 = 832
7904 [0x7f1ba7a53604] SYS_fstat(3, 0x7fffafe74df0, 0x7fffafe74df0, 16)                                                             = 0
7904 [0x7f1ba7a5380a] SYS_mmap(0, 0x2dbbb0, 5, 2050)                                                                               = 0x7f1ba653f000
7904 [0x7f1ba7a53857] SYS_mprotect(0x7f1ba65fd000, 0x200000, 0, 2050)                                                              = 0
7904 [0x7f1ba7a5380a] SYS_mmap(0x7f1ba67fd000, 0xa000, 3, 2066)                                                                    = 0x7f1ba67fd000
7904 [0x7f1ba7a5380a] SYS_mmap(0x7f1ba6807000, 0x13bb0, 3, 50)                                                                     = 0x7f1ba6807000
7904 [0x7f1ba7a53787] SYS_close(3, 16, 0x7f1ba68034d8, 0x6ffffdff)                                                                 = 0
7904 [0x7f1ba7a53677] SYS_open(0x7f1ba7c50e70, 0x80000, 0, 0x6ffffdff)                                                             = 3
7904 [0x7f1ba7a53697] SYS_read(3, 0x7fffafe74ee8, 832, 0x6ffffdff)                                                                 = 832
7904 [0x7f1ba7a53604] SYS_fstat(3, 0x7fffafe74dc0, 0x7fffafe74dc0, 32)                                                             = 0
7904 [0x7f1ba7a5380a] SYS_mmap(0, 4096, 3, 34)                                                                                     = 0x7f1ba7c4f000
7904 [0x7f1ba7a5380a] SYS_mmap(0, 0x21c490, 5, 2050)                                                                               = 0x7f1ba6322000
7904 [0x7f1ba7a53857] SYS_mprotect(0x7f1ba633a000, 0x1ff000, 0, 2050)                                                              = 0
7904 [0x7f1ba7a5380a] SYS_mmap(0x7f1ba6539000, 8192, 3, 2066)                                                                      = 0x7f1ba6539000
7904 [0x7f1ba7a5380a] SYS_mmap(0x7f1ba653b000, 0x3490, 3, 50)                                                                      = 0x7f1ba653b000
7904 [0x7f1ba7a53787] SYS_close(3, 16, 0, 0x6ffffdff)                                                                              = 0
7904 [0x7f1ba7a53677] SYS_open(0x7f1ba7c4f4b8, 0x80000, 0, 0x6ffffdff)                                                             = 3
7904 [0x7f1ba7a53697] SYS_read(3, 0x7fffafe74eb8, 832, 0x6ffffdff)                                                                 = 832
7904 [0x7f1ba7a53604] SYS_fstat(3, 0x7fffafe74d90, 0x7fffafe74d90, 32)                                                             = 0
7904 [0x7f1ba7a5380a] SYS_mmap(0, 0x207bc0, 5, 2050)                                                                               = 0x7f1ba611a000
7904 [0x7f1ba7a53857] SYS_mprotect(0x7f1ba6121000, 0x1ff000, 0, 2050)                                                              = 0
7904 [0x7f1ba7a5380a] SYS_mmap(0x7f1ba6320000, 8192, 3, 2066)                                                                      = 0x7f1ba6320000
7904 [0x7f1ba7a53787] SYS_close(3, 16, 0, 0x6ffffdff)                                                                              = 0
7904 [0x7f1ba7a53677] SYS_open(0x7f1ba7c4f988, 0x80000, 0, 0x6ffffdff)                                                             = 3
7904 [0x7f1ba7a53697] SYS_read(3, 0x7fffafe74e88, 832, 0x6ffffdff)                                                                 = 832
7904 [0x7f1ba7a53604] SYS_fstat(3, 0x7fffafe74d60, 0x7fffafe74d60, 16)                                                             = 0
7904 [0x7f1ba7a5380a] SYS_mmap(0, 0x202e20, 5, 2050)                                                                               = 0x7f1ba5f17000
7904 [0x7f1ba7a53857] SYS_mprotect(0x7f1ba5f1a000, 0x1ff000, 0, 2050)                                                              = 0
7904 [0x7f1ba7a5380a] SYS_mmap(0x7f1ba6119000, 4096, 3, 2066)                                                                      = 0x7f1ba6119000
7904 [0x7f1ba7a53787] SYS_close(3, 16, 0x7f1ba6119c28, 0x6ffffdff)                                                                 = 0
7904 [0x7f1ba7a53677] SYS_open(0x7f1ba7c4fe58, 0x80000, 0, 0x6ffffdff)                                                             = 3
7904 [0x7f1ba7a53697] SYS_read(3, 0x7fffafe74e58, 832, 0x6ffffdff)                                                                 = 832
7904 [0x7f1ba7a53604] SYS_fstat(3, 0x7fffafe74d30, 0x7fffafe74d30, 16)                                                             = 0
7904 [0x7f1ba7a5380a] SYS_mmap(0, 4096, 3, 34)                                                                                     = 0x7f1ba7c4e000
7904 [0x7f1ba7a5380a] SYS_mmap(0, 0x209850, 5, 2050)                                                                               = 0x7f1ba5d0d000
7904 [0x7f1ba7a53857] SYS_mprotect(0x7f1ba5d17000, 0x1ff000, 0, 2050)                                                              = 0
7904 [0x7f1ba7a5380a] SYS_mmap(0x7f1ba5f16000, 4096, 3, 2066)                                                                      = 0x7f1ba5f16000
7904 [0x7f1ba7a53787] SYS_close(3, 16, 0x7f1ba5f16618, 0x6ffffdff)                                                                 = 0
7904 [0x7f1ba7a53677] SYS_open(0x7f1ba7c4e4b8, 0x80000, 0, 0x6ffffdff)                                                             = 3
7904 [0x7f1ba7a53697] SYS_read(3, 0x7fffafe74e28, 832, 0x6ffffdff)                                                                 = 832
7904 [0x7f1ba7a53604] SYS_fstat(3, 0x7fffafe74d00, 0x7fffafe74d00, 16)                                                             = 0
7904 [0x7f1ba7a5380a] SYS_mmap(0, 0x210868, 5, 2050)                                                                               = 0x7f1ba5afc000
7904 [0x7f1ba7a53857] SYS_mprotect(0x7f1ba5b0d000, 0x1ff000, 0, 2050)                                                              = 0
7904 [0x7f1ba7a5380a] SYS_mmap(0x7f1ba5d0c000, 4096, 3, 2066)                                                                      = 0x7f1ba5d0c000
7904 [0x7f1ba7a53787] SYS_close(3, 16, 0x7f1ba5d0c408, 0x6ffffdff)                                                                 = 0
7904 [0x7f1ba7a53677] SYS_open(0x7f1ba7c4ea40, 0x80000, 0, 0x7f1ba7c4f9a0)                                                         = 3
7904 [0x7f1ba7a53697] SYS_read(3, 0x7fffafe74cc8, 832, 0x7f1ba7c4f9a0)                                                             = 832
7904 [0x7f1ba7a53604] SYS_fstat(3, 0x7fffafe74ba0, 0x7fffafe74ba0, 16)                                                             = 0
7904 [0x7f1ba7a5380a] SYS_mmap(0, 0x2032c8, 5, 2050)                                                                               = 0x7f1ba58f8000
7904 [0x7f1ba7a53857] SYS_mprotect(0x7f1ba58fb000, 0x200000, 0, 2050)                                                              = 0
7904 [0x7f1ba7a5380a] SYS_mmap(0x7f1ba5afb000, 4096, 3, 2066)                                                                      = 0x7f1ba5afb000
7904 [0x7f1ba7a53787] SYS_close(3, 16, 0x7f1ba5afb188, 0x6ffffdff)                                                                 = 0
7904 [0x7f1ba7a53677] SYS_open(0x7f1ba7c4ef28, 0x80000, 0, 0x6ffffdff)                                                             = 3
7904 [0x7f1ba7a53697] SYS_read(3, 0x7fffafe74c98, 832, 0x6ffffdff)                                                                 = 832
7904 [0x7f1ba7a53604] SYS_fstat(3, 0x7fffafe74b70, 0x7fffafe74b70, 16)                                                             = 0
7904 [0x7f1ba7a5380a] SYS_mmap(0, 4096, 3, 34)                                                                                     = 0x7f1ba7c4d000
7904 [0x7f1ba7a5380a] SYS_mmap(0, 0x207820, 5, 2050)                                                                               = 0x7f1ba56f0000
7904 [0x7f1ba7a53857] SYS_mprotect(0x7f1ba56f7000, 0x200000, 0, 2050)                                                              = 0
7904 [0x7f1ba7a5380a] SYS_mmap(0x7f1ba58f7000, 4096, 3, 2066)                                                                      = 0x7f1ba58f7000
7904 [0x7f1ba7a53787] SYS_close(3, 16, 0x7f1ba58f7188, 0x6ffffdff)                                                                 = 0
7904 [0x7f1ba7a53677] SYS_open(0x7f1ba7c4d4c8, 0x80000, 0, 0x6ffffdff)                                                             = 3
7904 [0x7f1ba7a53697] SYS_read(3, 0x7fffafe74c68, 832, 0x6ffffdff)                                                                 = 832
7904 [0x7f1ba7a53604] SYS_fstat(3, 0x7fffafe74b40, 0x7fffafe74b40, 16)                                                             = 0
7904 [0x7f1ba7a5380a] SYS_mmap(0, 0x201f30, 5, 2050)                                                                               = 0x7f1ba54ee000
7904 [0x7f1ba7a53857] SYS_mprotect(0x7f1ba54f0000, 0x1ff000, 0, 2050)                                                              = 0
7904 [0x7f1ba7a5380a] SYS_mmap(0x7f1ba56ef000, 4096, 3, 2066)                                                                      = 0x7f1ba56ef000
7904 [0x7f1ba7a53787] SYS_close(3, 16, 0x7f1ba56efe18, 0x6ffffdff)                                                                 = 0
7904 [0x7f1ba7a53677] SYS_open(0x7f1ba7c4da60, 0x80000, 0, 0x7f1ba7c514d0)                                                         = 3
7904 [0x7f1ba7a53697] SYS_read(3, 0x7fffafe74c38, 832, 0x7f1ba7c514d0)                                                             = 832
7904 [0x7f1ba7a53604] SYS_fstat(3, 0x7fffafe74b10, 0x7fffafe74b10, 16)                                                             = 0
7904 [0x7f1ba7a5380a] SYS_mmap(0, 0x2022e8, 5, 2050)                                                                               = 0x7f1ba52eb000
7904 [0x7f1ba7a53857] SYS_mprotect(0x7f1ba52ed000, 0x200000, 0, 2050)                                                              = 0
7904 [0x7f1ba7a5380a] SYS_mmap(0x7f1ba54ed000, 4096, 3, 2066)                                                                      = 0x7f1ba54ed000
7904 [0x7f1ba7a53787] SYS_close(3, 16, 0x7f1ba54ed198, 0x6ffffdff)                                                                 = 0
7904 [0x7f1ba7a53677] SYS_open(0x7f1ba7c4df40, 0x80000, 0, 0x6ffffdff)                                                             = 3
7904 [0x7f1ba7a53697] SYS_read(3, 0x7fffafe74c08, 832, 0x6ffffdff)                                                                 = 832
7904 [0x7f1ba7a53604] SYS_fstat(3, 0x7fffafe74ae0, 0x7fffafe74ae0, 16)                                                             = 0
7904 [0x7f1ba7a5380a] SYS_mmap(0, 4096, 3, 34)                                                                                     = 0x7f1ba7c4c000
7904 [0x7f1ba7a5380a] SYS_mmap(0, 0x201f30, 5, 2050)                                                                               = 0x7f1ba50e9000
7904 [0x7f1ba7a53857] SYS_mprotect(0x7f1ba50eb000, 0x1ff000, 0, 2050)                                                              = 0
7904 [0x7f1ba7a5380a] SYS_mmap(0x7f1ba52ea000, 4096, 3, 2066)                                                                      = 0x7f1ba52ea000
7904 [0x7f1ba7a53787] SYS_close(3, 16, 0x7f1ba52eae18, 0x6ffffdff)                                                                 = 0
7904 [0x7f1ba7a53677] SYS_open(0x7f1ba7c4c4c0, 0x80000, 0, 0x6ffffdff)                                                             = 3
7904 [0x7f1ba7a53697] SYS_read(3, 0x7fffafe74bd8, 832, 0x6ffffdff)                                                                 = 832
7904 [0x7f1ba7a53604] SYS_fstat(3, 0x7fffafe74ab0, 0x7fffafe74ab0, 16)                                                             = 0
7904 [0x7f1ba7a5380a] SYS_mmap(0, 0x2038b8, 5, 2050)                                                                               = 0x7f1ba4ee5000
7904 [0x7f1ba7a53857] SYS_mprotect(0x7f1ba4ee9000, 0x1ff000, 0, 2050)                                                              = 0
7904 [0x7f1ba7a5380a] SYS_mmap(0x7f1ba50e8000, 4096, 3, 2066)                                                                      = 0x7f1ba50e8000
7904 [0x7f1ba7a53787] SYS_close(3, 16, 0x7f1ba50e8748, 0x6ffffdff)                                                                 = 0
7904 [0x7f1ba7a53677] SYS_open(0x7f1ba7c4ca60, 0x80000, 0, 0x7f1ba7c4f000)                                                         = 3
7904 [0x7f1ba7a53697] SYS_read(3, 0x7fffafe74b78, 832, 0x7f1ba7c4f000)                                                             = 832
7904 [0x7f1ba7a53604] SYS_fstat(3, 0x7fffafe74a50, 0x7fffafe74a50, 16)                                                             = 0
7904 [0x7f1ba7a5380a] SYS_mmap(0, 0x210848, 5, 2050)                                                                               = 0x7f1ba4cd4000
7904 [0x7f1ba7a53857] SYS_mprotect(0x7f1ba4ce4000, 0x1ff000, 0, 2050)                                                              = 0
7904 [0x7f1ba7a5380a] SYS_mmap(0x7f1ba4ee3000, 8192, 3, 2066)                                                                      = 0x7f1ba4ee3000
7904 [0x7f1ba7a53787] SYS_close(3, 16, 0x7f1ba4ee3d90, 0x6ffffdff)                                                                 = 0
7904 [0x7f1ba7a53677] SYS_open(0x7f1ba7c4cf48, 0x80000, 0, 0x6ffffdff)                                                             = 3
7904 [0x7f1ba7a53697] SYS_read(3, 0x7fffafe74b48, 832, 0x6ffffdff)                                                                 = 832
7904 [0x7f1ba7a53604] SYS_fstat(3, 0x7fffafe74a20, 0x7fffafe74a20, 16)                                                             = 0
7904 [0x7f1ba7a5380a] SYS_mmap(0, 4096, 3, 34)                                                                                     = 0x7f1ba7c4b000
7904 [0x7f1ba7a5380a] SYS_mmap(0, 0x20acf0, 5, 2050)                                                                               = 0x7f1ba4ac9000
7904 [0x7f1ba7a53857] SYS_mprotect(0x7f1ba4ad4000, 0x1ff000, 0, 2050)                                                              = 0
7904 [0x7f1ba7a5380a] SYS_mmap(0x7f1ba4cd3000, 4096, 3, 2066)                                                                      = 0x7f1ba4cd3000
7904 [0x7f1ba7a53787] SYS_close(3, 16, 0x7f1ba4cd3750, 0x6ffffdff)                                                                 = 0
7904 [0x7f1ba7a53677] SYS_open(0x7f1ba7c4b560, 0x80000, 0, 0x7f1ba7c4f000)                                                         = 3
7904 [0x7f1ba7a53697] SYS_read(3, 0x7fffafe74b18, 832, 0x7f1ba7c4f000)                                                             = 832
7904 [0x7f1ba7a53604] SYS_fstat(3, 0x7fffafe749f0, 0x7fffafe749f0, 32)                                                             = 0
7904 [0x7f1ba7a5380a] SYS_mmap(0, 0x2361e0, 5, 2050)                                                                               = 0x7f1ba4892000
7904 [0x7f1ba7a53857] SYS_mprotect(0x7f1ba489a000, 0x1ff000, 0, 2050)                                                              = 0
7904 [0x7f1ba7a5380a] SYS_mmap(0x7f1ba4a99000, 8192, 3, 2066)                                                                      = 0x7f1ba4a99000
7904 [0x7f1ba7a5380a] SYS_mmap(0x7f1ba4a9b000, 0x2d1e0, 3, 50)                                                                     = 0x7f1ba4a9b000
7904 [0x7f1ba7a53787] SYS_close(3, 16, 0, 0x6ffffdff)                                                                              = 0
7904 [0x7f1ba7a53677] SYS_open(0x7f1ba7c4ba30, 0x80000, 0, 0x6ffffdff)                                                             = 3
7904 [0x7f1ba7a53697] SYS_read(3, 0x7fffafe74ae8, 832, 0x6ffffdff)                                                                 = 832
7904 [0x7f1ba7a53604] SYS_fstat(3, 0x7fffafe749c0, 0x7fffafe749c0, 16)                                                             = 0
7904 [0x7f1ba7a5380a] SYS_mmap(0, 0x43fe88, 5, 2050)                                                                               = 0x7f1ba4452000
7904 [0x7f1ba7a53857] SYS_mprotect(0x7f1ba4667000, 0x200000, 0, 2050)                                                              = 0
7904 [0x7f1ba7a5380a] SYS_mmap(0x7f1ba4867000, 0x27000, 3, 2066)                                                                   = 0x7f1ba4867000
7904 [0x7f1ba7a5380a] SYS_mmap(0x7f1ba488e000, 0x3e88, 3, 50)                                                                      = 0x7f1ba488e000
7904 [0x7f1ba7a53857] SYS_mprotect(0x7fffafe76000, 4096, 0x1000007, 4)                                                             = 0
7904 [0x7f1ba7a53787] SYS_close(3, 4096, 0x1000007, 4)                                                                             = 0
7904 [0x7f1ba7a53677] SYS_open(0x7f1ba7c4bfb0, 0x80000, 0, 0x7f1ba7c4e4d0)                                                         = 3
7904 [0x7f1ba7a53697] SYS_read(3, 0x7fffafe74ab8, 832, 0x7f1ba7c4e4d0)                                                             = 832
7904 [0x7f1ba7a53604] SYS_fstat(3, 0x7fffafe74990, 0x7fffafe74990, 16)                                                             = 0
7904 [0x7f1ba7a5380a] SYS_mmap(0, 4096, 3, 34)                                                                                     = 0x7f1ba7c4a000
7904 [0x7f1ba7a5380a] SYS_mmap(0, 0x215730, 5, 2050)                                                                               = 0x7f1ba423c000
7904 [0x7f1ba7a53857] SYS_mprotect(0x7f1ba4252000, 0x1ff000, 0, 2050)                                                              = 0
7904 [0x7f1ba7a5380a] SYS_mmap(0x7f1ba4451000, 4096, 3, 2066)                                                                      = 0x7f1ba4451000
7904 [0x7f1ba7a53787] SYS_close(3, 16, 0x7f1ba4451490, 0x6ffffdff)                                                                 = 0
7904 [0x7f1ba7a53677] SYS_open(0x7f1ba7c4a4f0, 0x80000, 0, 0x6ffffdff)                                                             = 3
7904 [0x7f1ba7a53697] SYS_read(3, 0x7fffafe74a88, 832, 0x6ffffdff)                                                                 = 832
7904 [0x7f1ba7a53604] SYS_fstat(3, 0x7fffafe74960, 0x7fffafe74960, 32)                                                             = 0
7904 [0x7f1ba7a5380a] SYS_mmap(0, 0x2fd148, 5, 2050)                                                                               = 0x7f1ba3f3e000
7904 [0x7f1ba7a53857] SYS_mprotect(0x7f1ba403b000, 0x1ff000, 0, 2050)                                                              = 0
7904 [0x7f1ba7a5380a] SYS_mmap(0x7f1ba423a000, 8192, 3, 2066)                                                                      = 0x7f1ba423a000
7904 [0x7f1ba7a53787] SYS_close(3, 16, 0, 0x6ffffdff)                                                                              = 0
7904 [0x7f1ba7a53677] SYS_open(0x7fffafe74850, 0x80000, 0, 0x36782f39325f3130)                                                     = -2
7904 [0x7f1ba7a535c5] SYS_stat(0x7fffafe74850, 0x7fffafe74930, 0x7fffafe74930, 0x36782f39325f3130)                                 = -2
7904 [0x7f1ba7a53677] SYS_open(0x7fffafe74850, 0x80000, 0, 0x36782f39325f3130)                                                     = -2
7904 [0x7f1ba7a535c5] SYS_stat(0x7fffafe74850, 0x7fffafe74930, 0x7fffafe74930, 0x36782f39325f3130)                                 = -2
7904 [0x7f1ba7a53677] SYS_open(0x7fffafe74850, 0x80000, 0, 0x36782f39325f3130)                                                     = -2
7904 [0x7f1ba7a535c5] SYS_stat(0x7fffafe74850, 0x7fffafe74930, 0x7fffafe74930, 0x36782f39325f3130)                                 = -2
7904 [0x7f1ba7a53677] SYS_open(0x7fffafe74850, 0x80000, 0, 0x36782f39325f3130)                                                     = -2
7904 [0x7f1ba7a535c5] SYS_stat(0x7fffafe74850, 0x7fffafe74930, 0x7fffafe74930, 0x36782f39325f3130)                                 = -2
7904 [0x7f1ba7a53677] SYS_open(0x7f1ba7c4add0, 0x80000, 0, 0x36782f39325f3130)                                                     = 3
7904 [0x7f1ba7a53697] SYS_read(3, 0x7fffafe74a58, 832, 0x36782f39325f3130)                                                         = 832
7904 [0x7f1ba7a53604] SYS_fstat(3, 0x7fffafe74930, 0x7fffafe74930, 16)                                                             = 0
7904 [0x7f1ba7a5380a] SYS_mmap(0, 4096, 3, 34)                                                                                     = 0x7f1ba7c49000
7904 [0x7f1ba7a5380a] SYS_mmap(0, 0x2f8980, 5, 2050)                                                                               = 0x7f1ba3c45000
7904 [0x7f1ba7a53857] SYS_mprotect(0x7f1ba3d3c000, 0x200000, 0, 2050)                                                              = 0
7904 [0x7f1ba7a5380a] SYS_mmap(0x7f1ba3f3c000, 8192, 3, 2066)                                                                      = 0x7f1ba3f3c000
7904 [0x7f1ba7a53787] SYS_close(3, 16, 0x7f1ba3f3c3a0, 0x6ffffdff)                                                                 = 0
7904 [0x7f1ba7a53677] SYS_open(0x7f1ba7c494c8, 0x80000, 0, 0x6ffffdff)                                                             = 3
7904 [0x7f1ba7a53697] SYS_read(3, 0x7fffafe74a28, 832, 0x6ffffdff)                                                                 = 832
7904 [0x7f1ba7a53604] SYS_fstat(3, 0x7fffafe74900, 0x7fffafe74900, 16)                                                             = 0
7904 [0x7f1ba7a5380a] SYS_mmap(0, 0x2fc9d8, 5, 2050)                                                                               = 0x7f1ba3948000
7904 [0x7f1ba7a53857] SYS_mprotect(0x7f1ba3a43000, 0x200000, 0, 2050)                                                              = 0
7904 [0x7f1ba7a5380a] SYS_mmap(0x7f1ba3c43000, 8192, 3, 2066)                                                                      = 0x7f1ba3c43000
7904 [0x7f1ba7a53787] SYS_close(3, 16, 0x7f1ba3c44828, 0x6ffffdff)                                                                 = 0
7904 [0x7f1ba7a53677] SYS_open(0x7f1ba7c49998, 0x80000, 0, 0x6ffffdff)                                                             = 3
7904 [0x7f1ba7a53697] SYS_read(3, 0x7fffafe749f8, 832, 0x6ffffdff)                                                                 = 832
7904 [0x7f1ba7a53604] SYS_fstat(3, 0x7fffafe748d0, 0x7fffafe748d0, 16)                                                             = 0
7904 [0x7f1ba7a5380a] SYS_mmap(0, 0x242830, 5, 2050)                                                                               = 0x7f1ba3705000
7904 [0x7f1ba7a53857] SYS_mprotect(0x7f1ba3748000, 0x1ff000, 0, 2050)                                                              = 0
7904 [0x7f1ba7a5380a] SYS_mmap(0x7f1ba3947000, 4096, 3, 2066)                                                                      = 0x7f1ba3947000
7904 [0x7f1ba7a53787] SYS_close(3, 16, 0x7f1ba3947630, 0x6ffffdff)                                                                 = 0
7904 [0x7f1ba7a53677] SYS_open(0x7f1ba7c49f70, 0x80000, 0, 0x7f1ba7c509b8)                                                         = 3
7904 [0x7f1ba7a53697] SYS_read(3, 0x7fffafe749c8, 832, 0x7f1ba7c509b8)                                                             = 832
7904 [0x7f1ba7a53604] SYS_fstat(3, 0x7fffafe748a0, 0x7fffafe748a0, 32)                                                             = 0
7904 [0x7f1ba7a5380a] SYS_mmap(0, 4096, 3, 34)                                                                                     = 0x7f1ba7c48000
7904 [0x7f1ba7a5380a] SYS_mmap(0, 0x203118, 5, 2050)                                                                               = 0x7f1ba3501000
7904 [0x7f1ba7a53857] SYS_mprotect(0x7f1ba3503000, 0x200000, 0, 2050)                                                              = 0
7904 [0x7f1ba7a5380a] SYS_mmap(0x7f1ba3703000, 8192, 3, 2066)                                                                      = 0x7f1ba3703000
7904 [0x7f1ba7a53787] SYS_close(3, 16, 0x7f1ba3703f40, 0x6ffffdff)                                                                 = 0
7904 [0x7f1ba7a5380a] SYS_mmap(0, 4096, 3, 34)                                                                                     = 0x7f1ba7c47000
7904 [0x7f1ba7a5380a] SYS_mmap(0, 4096, 3, 34)                                                                                     = 0x7f1ba7c46000
7904 [0x7f1ba7a5380a] SYS_mmap(0, 8192, 3, 34)                                                                                     = 0x7f1ba7c44000
7904 [0x7f1ba7a3d044] SYS_arch_prctl(4098, 0x7f1ba7c44780, 0x7f1ba7c45080, 34)                                                     = 0
7904 [0x7f1ba7a53857] SYS_mprotect(0x7f1ba7393000, 0x4000, 1, 1)                                                                   = 0
7904 [0x7f1ba7a53857] SYS_mprotect(0x7f1ba3703000, 4096, 1, 0x7f1ba3501c68)                                                        = 0
7904 [0x7f1ba7a53857] SYS_mprotect(0x7f1ba6539000, 4096, 1, 0x7f1ba6327500)                                                        = 0
7904 [0x7f1ba7a53857] SYS_mprotect(0x7f1ba423a000, 4096, 1, 1)                                                                     = 0
7904 [0x7f1ba7a53857] SYS_mprotect(0x7f1ba4a99000, 4096, 1, 0x7f1ba4892a00)                                                        = 0
7904 [0x7f1ba7a53857] SYS_mprotect(0x7f1ba67fd000, 0x7000, 1, 0x7f1ba6597810)                                                      = 0
7904 [0x7f1ba7a53857] SYS_mprotect(0x7f1ba6320000, 4096, 1, 0x7f1ba611bd58)                                                        = 0
7904 [0x7f1ba7a53857] SYS_mprotect(0x7f1ba7c5c000, 4096, 1, 0)                                                                     = 0
7904 [0x7f1ba7a53837] SYS_munmap(0x7f1ba7c52000, 0x83b3, 0x7bc00, 0)                                                               = 0
7904 [0x7f1ba6328e92] SYS_set_tid_address(0x7f1ba7c44a50, 0x7fffafe769b8, 0x7f1ba7c44780, 0)                                       = 7904
7904 [0x7f1ba6328efa] SYS_set_robust_list(0x7f1ba7c44a60, 24, 0x7f1ba7c44780, 0)                                                   = 0
7904 [0x7f1ba6332cf5] SYS_rt_sigaction(32, 0x7fffafe76708, 0, 8)                                                                   = 0
7904 [0x7f1ba6332cf5] SYS_rt_sigaction(33, 0x7fffafe76708, 0, 8)                                                                   = 0
7904 [0x7f1ba6328fd6] SYS_rt_sigprocmask(1, 0x7fffafe76858, 0, 8)                                                                  = 0
7904 [0x7f1ba70dfb17] SYS_getrlimit(3, 0x7fffafe768f0, 63, 1)                                                                      = 0
7904 [0x7f1ba6328b95] SYS_futex(0x7f1ba68077e0, 129, 0x7fffffff, 0)                                                                = 0
7904 [0x4008fd] ledctrl->Lookup_Nas_Info(_T_NAS_PROP_&)(0x7fffafe76800, 0x7fffafe78b94, 0, 0x7fffafe78b93 <unfinished ...>
7904 [0x7f1ba77e6d11]   libnasman.so->Open_Share_Memory(char const*, int, void*&, int&)(0x7f1ba782b08e, 0, 0x7fffafe767c0, 0x7fffafe767cc <unfinished ...>
7904 [0x7f1ba70da557]     SYS_statfs(0x7f1ba63351e8, 0x7fffafe76560, 0x7f1ba653e310, 1)                                            = 0
7904 [0x7f1ba6328b95]     SYS_futex(0x7f1ba653e310, 129, 0x7fffffff, 0)                                                            = 0
7904 [0x7f1ba70da7e0]     SYS_open(0x7fffafe76670, 0xa0000, 484, 1)                                                                = 3
7904 [0x7f1ba70da3b4]     SYS_fstat(3, 0x7fffafe76700, 0x7fffafe76700, 1)                                                          = 0
7904 [0x7f1ba70e372a]     SYS_mmap(0, 0x2788, 1, 1)                                                                                = 0x7f1ba7c58000
7904 [0x7f1ba70db070]     SYS_close(3, 0x2788, 1, 1)                                                                               = 0
7904 [0x7f1ba77e6d11]   <... Open_Share_Memory(char const*, int, void*&, int&) resumed> )                                          = 0
7904 [0x7f1ba77e6d4d]   libnasman.so->Open_Share_Memory(char const*, int, void*&, int&)(0x7f1ba782b0a7, 0, 0x7fffafe767c0, 0x7fffafe767cc <unfinished ...>
7904 [0x7f1ba70da7e0]     SYS_open(0x7fffafe76670, 0xa0000, 484, 1)                                                                = 3
7904 [0x7f1ba70da3b4]     SYS_fstat(3, 0x7fffafe76700, 0x7fffafe76700, 1)                                                          = 0
7904 [0x7f1ba70e372a]     SYS_mmap(0, 3536, 1, 1)                                                                                  = 0x7f1ba7c57000
7904 [0x7f1ba70db070]     SYS_close(3, 3536, 1, 1)                                                                                 = 0
7904 [0x7f1ba77e6d4d]   <... Open_Share_Memory(char const*, int, void*&, int&) resumed> )                                          = 0
7904 [0x7f1ba77e6d7f]   libnasman.so->Open_Share_Memory(char const*, int, void*&, int&)(0x7f1ba782b0b5, 0, 0x7fffafe767c0, 0x7fffafe767cc <unfinished ...>
7904 [0x7f1ba70da7e0]     SYS_open(0x7fffafe76670, 0xa0000, 484, 1)                                                                = 3
7904 [0x7f1ba70da3b4]     SYS_fstat(3, 0x7fffafe76700, 0x7fffafe76700, 1)                                                          = 0
7904 [0x7f1ba70e372a]     SYS_mmap(0, 4080, 1, 1)                                                                                  = 0x7f1ba7c56000
7904 [0x7f1ba70db070]     SYS_close(3, 4080, 1, 1)                                                                                 = 0
7904 [0x7f1ba77e6d7f]   <... Open_Share_Memory(char const*, int, void*&, int&) resumed> )                                          = 0
7904 [0x4008fd] <... Lookup_Nas_Info(_T_NAS_PROP_&) resumed> )                                                                     = 0
7904 [0x400934] ledctrl->Hal_Led_Set_Hdd_Mode(3, 7, 1, 0 <unfinished ...>
7904 [0x7f1ba73a3f15]   libnhal.so->Hal_Lookup_Hardware_Info(0x7fffafe766f0, 7, 1, 0 <unfinished ...>
7904 [0x7f1ba70da7e0]     SYS_open(0x7fffafe765f0, 0xa0002, 484, 1)                                                                = 3
7904 [0x7f1ba70e372a]     SYS_mmap(0, 220, 3, 1)                                                                                   = 0x7f1ba7c55000
7904 [0x7f1ba70db070]     SYS_close(3, 220, 3, 1)                                                                                  = 0
7904 [0x7f1ba73a27f0]     libnhal.so->Hw_Semaphore_Init(0x7fffafe766a0, 0x7f1ba73a5287, 1, -1 <unfinished ...>
7904 [0x7f1ba70da405]       SYS_lstat(0x7fffafe76550, 0x7fffafe76460, 0x7fffafe76460, 0)                                           = -2
7904 [0x7f1ba6332510]       SYS_open(0x7fffafe76550, 194, 600, 0)                                                                  = 3
7904 [0x7f1ba6331da0]       SYS_write(3, 0x7fffafe765d0, 32, 0)                                                                    = 32
7904 [0x7f1ba70e372a]       SYS_mmap(0, 32, 3, 1)                                                                                  = 0x7f1ba7c54000
7904 [0x7f1ba70dc1a7]       SYS_link(0x7fffafe76550, 0x7fffafe76580, 3, 1)                                                         = -17
7904 [0x7f1ba70e3757]       SYS_munmap(0x7f1ba7c54000, 32, 3, 1)                                                                   = 0
7904 [0x7f1ba70dc2c7]       SYS_unlink(0x7fffafe76550, 32, 3, 1)                                                                   = 0
7904 [0x7f1ba6331e60]       SYS_close(3, 32, 3, 1)                                                                                 = 0
7904 [0x7f1ba6332510]       SYS_open(0x7fffafe76580, 0x20002, 18, 1)                                                               = 3
7904 [0x7f1ba70da3b4]       SYS_fstat(3, 0x7fffafe764b0, 0x7fffafe764b0, 1)                                                        = 0
7904 [0x7f1ba70dff5a]       SYS_brk(0, 0x7f1ba7397640, 0, -4096)                                                                   = 0x22ff000
7904 [0x7f1ba70dff5a]       SYS_brk(0x2320000, 0x22ff000, 0x2320000, -4096)                                                        = 0x2320000
7904 [0x7f1ba70e372a]       SYS_mmap(0, 32, 3, 1)                                                                                  = 0x7f1ba7c54000
7904 [0x7f1ba6331e60]       SYS_close(3, 32, 0, 3)                                                                                 = 0
7904 [0x7f1ba73a27f0]     <... Hw_Semaphore_Init resumed> )                                                                        = 17
7904 [0x7f1ba73a2800]     libnhal.so->Hw_Semaphore_Lock(0x7fffafe766a0, 32, 0x7f1ba7c54000, -1)                                    = 0
7904 [0x7f1ba73a2918]     libnhal.so->Hw_Semaphore_Unlock(0x7fffafe766a0, 2, 0x7f1ba7c55000, 0)                                    = 0
7904 [0x7f1ba73a2924]     libnhal.so->Hw_Semaphore_Release(0x7fffafe766a0, 128, 0, 0 <unfinished ...>
7904 [0x7f1ba70e3757]       SYS_munmap(0x7f1ba7c54000, 32, 0, 1)                                                                   = 0
7904 [0x7f1ba73a2924]     <... Hw_Semaphore_Release resumed> )                                                                     = 0
7904 [0x7f1ba73a3f15]   <... Hal_Lookup_Hardware_Info resumed> )                                                                   = 0
7904 [0x7f1ba73a40e3]   libnhal.so->Mv9125_Set_Led_Mode(1, 1, 0, 1 <unfinished ...>
7904 [0x7f1ba56f56ff]     libgeneraldrv.so->PCI_Conf_Read(2, 0, 0, 36 <unfinished ...>
7904 [0x7f1ba56f2823]       libgeneraldrv.so->Hw_Semaphore_Init(0x7fffafe765d0, 0x7f1ba56f6000, 1, 0 <unfinished ...>
7904 [0x7f1ba70da405]         SYS_lstat(0x7fffafe76480, 0x7fffafe76390, 0x7fffafe76390, 0)                                         = -2
7904 [0x7f1ba6332510]         SYS_open(0x7fffafe76480, 194, 600, 0)                                                                = 3
7904 [0x7f1ba6331da0]         SYS_write(3, 0x7fffafe76500, 32, 0)                                                                  = 32
7904 [0x7f1ba70e372a]         SYS_mmap(0, 32, 3, 1)                                                                                = 0x7f1ba7c54000
7904 [0x7f1ba70dc1a7]         SYS_link(0x7fffafe76480, 0x7fffafe764b0, 3, 1)                                                       = -17
7904 [0x7f1ba70e3757]         SYS_munmap(0x7f1ba7c54000, 32, 3, 1)                                                                 = 0
7904 [0x7f1ba70dc2c7]         SYS_unlink(0x7fffafe76480, 32, 3, 1)                                                                 = 0
7904 [0x7f1ba6331e60]         SYS_close(3, 32, 3, 1)                                                                               = 0
7904 [0x7f1ba6332510]         SYS_open(0x7fffafe764b0, 0x20002, 17, 1)                                                             = 3
7904 [0x7f1ba70da3b4]         SYS_fstat(3, 0x7fffafe763e0, 0x7fffafe763e0, 1)                                                      = 0
7904 [0x7f1ba70e372a]         SYS_mmap(0, 32, 3, 1)                                                                                = 0x7f1ba7c54000
7904 [0x7f1ba6331e60]         SYS_close(3, 32, 0, 1)                                                                               = 0
7904 [0x7f1ba56f2823]       <... Hw_Semaphore_Init resumed> )                                                                      = 17
7904 [0x7f1ba56f2833]       libgeneraldrv.so->Hw_Semaphore_Lock(0x7fffafe765d0, 32, 0x7f1ba7c54000, -1)                            = 0
7904 [0x7f1ba70e76b7]       SYS_ioperm(3320, 4, 1, 1)                                                                              = 0
7904 [0x7f1ba70e76b7]       SYS_ioperm(3320, 4, 0, 1)                                                                              = 0
7904 [0x7f1ba70e76b7]       SYS_ioperm(235, 1, 1, 1)                                                                               = 0
7904 [0x7f1ba70e76b7]       SYS_ioperm(235, 1, 0, 1)                                                                               = 0
7904 [0x7f1ba70e76b7]       SYS_ioperm(3324, 4, 1, 1)                                                                              = 0
7904 [0x7f1ba70e76b7]       SYS_ioperm(3324, 4, 0, 1)                                                                              = 0
7904 [0x7f1ba70e76b7]       SYS_ioperm(235, 1, 1, 1)                                                                               = 0
7904 [0x7f1ba70e76b7]       SYS_ioperm(235, 1, 0, 1)                                                                               = 0
7904 [0x7f1ba70e76b7]       SYS_ioperm(3320, 4, 1, 1)                                                                              = 0
7904 [0x7f1ba70e76b7]       SYS_ioperm(3320, 4, 0, 1)                                                                              = 0
7904 [0x7f1ba70e76b7]       SYS_ioperm(235, 1, 1, 1)                                                                               = 0
7904 [0x7f1ba70e76b7]       SYS_ioperm(235, 1, 0, 1)                                                                               = 0
7904 [0x7f1ba56f297f]       libgeneraldrv.so->Hw_Semaphore_Unlock(0x7fffafe765d0, 1, 0, -1)                                        = 0
7904 [0x7f1ba56f298b]       libgeneraldrv.so->Hw_Semaphore_Release(0x7fffafe765d0, 128, 0, 0 <unfinished ...>
7904 [0x7f1ba70e3757]         SYS_munmap(0x7f1ba7c54000, 32, 0, 1)                                                                 = 0
7904 [0x7f1ba56f298b]       <... Hw_Semaphore_Release resumed> )                                                                   = 0
7904 [0x7f1ba56f56ff]     <... PCI_Conf_Read resumed> )                                                                            = 0
7904 [0x7f1ba56f5721]     libgeneraldrv.so->Hw_Semaphore_Init(0x7fffafe76650, 0x7f1ba56f638c, 1, 0x7f1ba7397658 <unfinished ...>
7904 [0x7f1ba70da405]       SYS_lstat(0x7fffafe764f0, 0x7fffafe76400, 0x7fffafe76400, 0)                                           = -2
7904 [0x7f1ba6332510]       SYS_open(0x7fffafe764f0, 194, 600, 0)                                                                  = 3
7904 [0x7f1ba6331da0]       SYS_write(3, 0x7fffafe76570, 32, 0)                                                                    = 32
7904 [0x7f1ba70e372a]       SYS_mmap(0, 32, 3, 1)                                                                                  = 0x7f1ba7c54000
7904 [0x7f1ba70dc1a7]       SYS_link(0x7fffafe764f0, 0x7fffafe76520, 3, 1)                                                         = -17
7904 [0x7f1ba70e3757]       SYS_munmap(0x7f1ba7c54000, 32, 3, 1)                                                                   = 0
7904 [0x7f1ba70dc2c7]       SYS_unlink(0x7fffafe764f0, 32, 3, 1)                                                                   = 0
7904 [0x7f1ba6331e60]       SYS_close(3, 32, 3, 1)                                                                                 = 0
7904 [0x7f1ba6332510]       SYS_open(0x7fffafe76520, 0x20002, 20, 1)                                                               = 3
7904 [0x7f1ba70da3b4]       SYS_fstat(3, 0x7fffafe76450, 0x7fffafe76450, 1)                                                        = 0
7904 [0x7f1ba70e372a]       SYS_mmap(0, 32, 3, 1)                                                                                  = 0x7f1ba7c54000
7904 [0x7f1ba6331e60]       SYS_close(3, 32, 0, 1)                                                                                 = 0
7904 [0x7f1ba56f5721]     <... Hw_Semaphore_Init resumed> )                                                                        = 17
7904 [0x7f1ba56f5731]     libgeneraldrv.so->Hw_Semaphore_Lock(0x7fffafe76650, 32, 0x7f1ba7c54000, -1)                              = 0
7904 [0x7f1ba70da7e0]     SYS_open(0x7f1ba56f63a1, 2, 1, 1)                                                                        = 3
7904 [0x7f1ba70e372a]     SYS_mmap(0, 60, 3, 1)                                                                                    = 0x7f1ba7c53000
7904 [0x7f1ba70b7060]     SYS_nanosleep(0x7fffafe76620, 0, 0, 1)                                                                   = 0
7904 [0x7f1ba70b7060]     SYS_nanosleep(0x7fffafe76620, 0, 0, 1)                                                                   = 0
7904 [0x7f1ba70b7060]     SYS_nanosleep(0x7fffafe76620, 0, 0, 1)                                                                   = 0
7904 [0x7f1ba70b7060]     SYS_nanosleep(0x7fffafe76620, 0, 0, 1)                                                                   = 0
7904 [0x7f1ba70b7060]     SYS_nanosleep(0x7fffafe76620, 0, 0, 1)                                                                   = 0
7904 [0x7f1ba70b7060]     SYS_nanosleep(0x7fffafe76620, 0, 0, 1)                                                                   = 0
7904 [0x7f1ba70b7060]     SYS_nanosleep(0x7fffafe76620, 0, 0, 1)                                                                   = 0
7904 [0x7f1ba70b7060]     SYS_nanosleep(0x7fffafe76620, 0, 0, 1)                                                                   = 0
7904 [0x7f1ba70e3757]     SYS_munmap(0x7f1ba7c53000, 60, 0, 1)                                                                     = 0
7904 [0x7f1ba70db070]     SYS_close(3, 60, 0, 1)                                                                                   = 0
7904 [0x7f1ba70b7060]     SYS_nanosleep(0x7fffafe76620, 0, 0, 1)                                                                   = 0
7904 [0x7f1ba56f587f]     libgeneraldrv.so->Hw_Semaphore_Unlock(0x7fffafe76650, 0, 0, -1)                                          = 0
7904 [0x7f1ba56f588b]     libgeneraldrv.so->Hw_Semaphore_Release(0x7fffafe76650, 128, 0, 0 <unfinished ...>
7904 [0x7f1ba70e3757]       SYS_munmap(0x7f1ba7c54000, 32, 0, 1)                                                                   = 0
7904 [0x7f1ba56f588b]     <... Hw_Semaphore_Release resumed> )                                                                     = 0
7904 [0x7f1ba73a40e3]   <... Mv9125_Set_Led_Mode resumed> )                                                                        = 0
7904 [0x400934] <... Hal_Led_Set_Hdd_Mode resumed> )                                                                               = 0
7904 [0x7f1ba77e6f15] libnasman.so->Close_Share_Memory(char const*, void*)(0x7f1ba782b08e, 0x7f1ba7c58000, 0xcb2f7a4598dd131e, 4 <unfinished ...>
7904 [0x7f1ba77e6b6e]   libnasman.so->Get_File_Size(char const*, long*)(0x7fffafe76560, 0x7fffafe76688, 0x7fffafe76575, 0 <unfinished ...>
7904 [0x7f1ba70da365]     SYS_stat(0x7fffafe76560, 0x7fffafe764c0, 0x7fffafe764c0, 1)                                              = 0
7904 [0x7f1ba77e6b6e]   <... Get_File_Size(char const*, long*) resumed> )                                                          = 0
7904 [0x7f1ba70e3757]   SYS_munmap(0x7f1ba7c58000, 0x2788, 0x7fffafe764c0, 1)                                                      = 0
7904 [0x7f1ba77e6f15] <... Close_Share_Memory(char const*, void*) resumed> )                                                       = 0
7904 [0x7f1ba77e6f37] libnasman.so->Close_Share_Memory(char const*, void*)(0x7f1ba782b0a7, 0x7f1ba7c57000, 0, -1 <unfinished ...>
7904 [0x7f1ba77e6b6e]   libnasman.so->Get_File_Size(char const*, long*)(0x7fffafe76560, 0x7fffafe76688, 0x7fffafe76576, 0 <unfinished ...>
7904 [0x7f1ba70da365]     SYS_stat(0x7fffafe76560, 0x7fffafe764c0, 0x7fffafe764c0, 1)                                              = 0
7904 [0x7f1ba77e6b6e]   <... Get_File_Size(char const*, long*) resumed> )                                                          = 0
7904 [0x7f1ba70e3757]   SYS_munmap(0x7f1ba7c57000, 3536, 0x7fffafe764c0, 1)                                                        = 0
7904 [0x7f1ba77e6f37] <... Close_Share_Memory(char const*, void*) resumed> )                                                       = 0
7904 [0x7f1ba77e6f59] libnasman.so->Close_Share_Memory(char const*, void*)(0x7f1ba782b0b5, 0x7f1ba7c56000, 0, -1 <unfinished ...>
7904 [0x7f1ba77e6b6e]   libnasman.so->Get_File_Size(char const*, long*)(0x7fffafe76560, 0x7fffafe76688, 0x7fffafe76576, 0 <unfinished ...>
7904 [0x7f1ba70da365]     SYS_stat(0x7fffafe76560, 0x7fffafe764c0, 0x7fffafe764c0, 1)                                              = 0
7904 [0x7f1ba77e6b6e]   <... Get_File_Size(char const*, long*) resumed> )                                                          = 0
7904 [0x7f1ba70e3757]   SYS_munmap(0x7f1ba7c56000, 4080, 0x7fffafe764c0, 1)                                                        = 0
7904 [0x7f1ba77e6f59] <... Close_Share_Memory(char const*, void*) resumed> )                                                       = 0
7904 [0x7f1ba7034932] libgeneral.so->Trace_Mem_Destroy()(0x7f1ba6d4cd40, 0, 0xcb2f79e3a31d131e, 16)                                = 0
7904 [0x7f1ba70b7468] SYS_exit_group(0, 60, 0, 0x7f1ba739aa48 <no return ...>
7904 [0xffffffffffffffff] +++ exited (status 0) +++
