8645 [0x7f142acb58aa] SYS_brk(0, 0x7f142acb8fa0, 0, 895)                                                                           = 0x9cc000
8645 [0x7f142acb67e7] SYS_readlink(0x7fff34fc5b81, 0x7fff34fc3180, 4096, 0x756e694c00000000)                                       = -2
8645 [0x7f142acb6677] SYS_open(0x7f142acba1f3, 0, 0, 0x756e694c00000000)                                                           = 3
8645 [0x7f142acb67a7] SYS_chdir(0x7f142aec1ba8, 0, 0, 0x756e694c00000000)                                                          = -2
8645 [0x7f142acb59d2] SYS_getcwd(0x7fff34fc3180, 4096, 0, 0x756e694c00000000)                                                      = 23
8645 [0x7f142acb67c7] SYS_fchdir(3, 4096, 0, 0x756e694c00000000)                                                                   = 0
8645 [0x7f142acb6787] SYS_close(3, 4096, 0, 0x756e694c00000000)                                                                    = 0
8645 [0x7f142acb680a] SYS_mmap(0, 4096, 3, 34)                                                                                     = 0x7f142aebe000
8645 [0x7f142acb66d7] SYS_access(0x7f142acbc700, 4, 0x7f142aec1718, 0)                                                             = -2
8645 [0x7f142acb6677] SYS_open(0x7f142acba072, 0x80000, 1, 0)                                                                      = 3
8645 [0x7f142acb6604] SYS_fstat(3, 0x7fff34fc2960, 0x7fff34fc2960, 0)                                                              = 0
8645 [0x7f142acb680a] SYS_mmap(0, 0x83b3, 1, 2)                                                                                    = 0x7f142aeb5000
8645 [0x7f142acb6787] SYS_close(3, 0x83b3, 1, 2)                                                                                   = 0
8645 [0x7f142acb6677] SYS_open(0x7f142aebe640, 0x80000, 0, 56)                                                                     = 3
8645 [0x7f142acb6697] SYS_read(3, 0x7fff34fc2ae8, 832, 56)                                                                         = 832
8645 [0x7f142acb6604] SYS_fstat(3, 0x7fff34fc29c0, 0x7fff34fc29c0, 16)                                                             = 0
8645 [0x7f142acb680a] SYS_mmap(0, 0x278960, 5, 2050)                                                                               = 0x7f142aa26000
8645 [0x7f142acb6857] SYS_mprotect(0x7f142aa9c000, 0x200000, 0, 2050)                                                              = 0
8645 [0x7f142acb680a] SYS_mmap(0x7f142ac9c000, 0x3000, 3, 2066)                                                                    = 0x7f142ac9c000
8645 [0x7f142acb6787] SYS_close(3, 16, 0x7f142ac9c3e0, 0x6ffffdff)                                                                 = 0
8645 [0x7f142acb6677] SYS_open(0x7f142aebeb10, 0x80000, 0, 0x6ffffdff)                                                             = 3
8645 [0x7f142acb6697] SYS_read(3, 0x7fff34fc2ab8, 832, 0x6ffffdff)                                                                 = 832
8645 [0x7f142acb6604] SYS_fstat(3, 0x7fff34fc2990, 0x7fff34fc2990, 16)                                                             = 0
8645 [0x7f142acb680a] SYS_mmap(0, 0x21bee0, 5, 2050)                                                                               = 0x7f142a80a000
8645 [0x7f142acb6857] SYS_mprotect(0x7f142a825000, 0x200000, 0, 2050)                                                              = 0
8645 [0x7f142acb680a] SYS_mmap(0x7f142aa25000, 4096, 3, 2066)                                                                      = 0x7f142aa25000
8645 [0x7f142acb6787] SYS_close(3, 16, 0x7f142aa25208, 0x6ffffdff)                                                                 = 0
8645 [0x7f142acb6677] SYS_open(0x7f142aebefe0, 0x80000, 0, 0x6ffffdff)                                                             = 3
8645 [0x7f142acb6697] SYS_read(3, 0x7fff34fc2a88, 832, 0x6ffffdff)                                                                 = 832
8645 [0x7f142acb6604] SYS_fstat(3, 0x7fff34fc2960, 0x7fff34fc2960, 16)                                                             = 0
8645 [0x7f142acb680a] SYS_mmap(0, 4096, 3, 34)                                                                                     = 0x7f142aeb4000
8645 [0x7f142acb680a] SYS_mmap(0, 0x209ad0, 5, 2050)                                                                               = 0x7f142a600000
8645 [0x7f142acb6857] SYS_mprotect(0x7f142a60a000, 0x1ff000, 0, 2050)                                                              = 0
8645 [0x7f142acb680a] SYS_mmap(0x7f142a809000, 4096, 3, 2066)                                                                      = 0x7f142a809000
8645 [0x7f142acb6787] SYS_close(3, 16, 0x7f142a809690, 0x6ffffdff)                                                                 = 0
8645 [0x7f142acb6677] SYS_open(0x7f142aeb44b8, 0x80000, 0, 0x6ffffdff)                                                             = 3
8645 [0x7f142acb6697] SYS_read(3, 0x7fff34fc2a58, 832, 0x6ffffdff)                                                                 = 832
8645 [0x7f142acb6604] SYS_fstat(3, 0x7fff34fc2930, 0x7fff34fc2930, 32)                                                             = 0
8645 [0x7f142acb680a] SYS_mmap(0, 0x39dc40, 5, 2050)                                                                               = 0x7f142a262000
8645 [0x7f142acb6857] SYS_mprotect(0x7f142a3f6000, 0x200000, 0, 2050)                                                              = 0
8645 [0x7f142acb680a] SYS_mmap(0x7f142a5f6000, 0x6000, 3, 2066)                                                                    = 0x7f142a5f6000
8645 [0x7f142acb680a] SYS_mmap(0x7f142a5fc000, 0x3c40, 3, 50)                                                                      = 0x7f142a5fc000
8645 [0x7f142acb6787] SYS_close(3, 16, 0, 0x6ffffdff)                                                                              = 0
8645 [0x7f142acb6677] SYS_open(0x7f142aeb4988, 0x80000, 0, 0x6ffffdff)                                                             = 3
8645 [0x7f142acb6697] SYS_read(3, 0x7fff34fc2908, 832, 0x6ffffdff)                                                                 = 832
8645 [0x7f142acb6604] SYS_fstat(3, 0x7fff34fc27e0, 0x7fff34fc27e0, 16)                                                             = 0
8645 [0x7f142acb680a] SYS_mmap(0, 0x2b09d0, 5, 2050)                                                                               = 0x7f1429fb1000
8645 [0x7f142acb6857] SYS_mprotect(0x7f142a060000, 0x1ff000, 0, 2050)                                                              = 0
8645 [0x7f142acb680a] SYS_mmap(0x7f142a25f000, 0x3000, 3, 2066)                                                                    = 0x7f142a25f000
8645 [0x7f142acb6787] SYS_close(3, 16, 0x7f142a25f9a8, 0x6ffffdff)                                                                 = 0
8645 [0x7f142acb6677] SYS_open(0x7f142aeb4e58, 0x80000, 0, 0x6ffffdff)                                                             = 3
8645 [0x7f142acb6697] SYS_read(3, 0x7fff34fc28d8, 832, 0x6ffffdff)                                                                 = 832
8645 [0x7f142acb6604] SYS_fstat(3, 0x7fff34fc27b0, 0x7fff34fc27b0, 16)                                                             = 0
8645 [0x7f142acb680a] SYS_mmap(0, 4096, 3, 34)                                                                                     = 0x7f142aeb3000
8645 [0x7f142acb680a] SYS_mmap(0, 0x294ee0, 5, 2050)                                                                               = 0x7f1429d1c000
8645 [0x7f142acb6857] SYS_mprotect(0x7f1429dae000, 0x1ff000, 0, 2050)                                                              = 0
8645 [0x7f142acb680a] SYS_mmap(0x7f1429fad000, 0x3000, 3, 2066)                                                                    = 0x7f1429fad000
8645 [0x7f142acb680a] SYS_mmap(0x7f1429fb0000, 3808, 3, 50)                                                                        = 0x7f1429fb0000
8645 [0x7f142acb6787] SYS_close(3, 16, 0x7f1429fade30, 0x6ffffdff)                                                                 = 0
8645 [0x7f142acb6677] SYS_open(0x7f142aeb34b8, 0x80000, 0, 0x6ffffdff)                                                             = 3
8645 [0x7f142acb6697] SYS_read(3, 0x7fff34fc28a8, 832, 0x6ffffdff)                                                                 = 832
8645 [0x7f142acb6604] SYS_fstat(3, 0x7fff34fc2780, 0x7fff34fc2780, 16)                                                             = 0
8645 [0x7f142acb680a] SYS_mmap(0, 0x29d850, 5, 2050)                                                                               = 0x7f1429a7e000
8645 [0x7f142acb6857] SYS_mprotect(0x7f1429b17000, 0x200000, 0, 2050)                                                              = 0
8645 [0x7f142acb680a] SYS_mmap(0x7f1429d17000, 0x3000, 3, 2066)                                                                    = 0x7f1429d17000
8645 [0x7f142acb680a] SYS_mmap(0x7f1429d1a000, 6224, 3, 50)                                                                        = 0x7f1429d1a000
8645 [0x7f142acb6787] SYS_close(3, 16, 0x7f1429d18cc8, 0x6ffffdff)                                                                 = 0
8645 [0x7f142acb6677] SYS_open(0x7f142aeb39a0, 0x80000, 0, 0x6ffffdff)                                                             = 3
8645 [0x7f142acb6697] SYS_read(3, 0x7fff34fc2878, 832, 0x6ffffdff)                                                                 = 832
8645 [0x7f142acb6604] SYS_fstat(3, 0x7fff34fc2750, 0x7fff34fc2750, 16)                                                             = 0
8645 [0x7f142acb680a] SYS_mmap(0, 0x2dbbb0, 5, 2050)                                                                               = 0x7f14297a2000
8645 [0x7f142acb6857] SYS_mprotect(0x7f1429860000, 0x200000, 0, 2050)                                                              = 0
8645 [0x7f142acb680a] SYS_mmap(0x7f1429a60000, 0xa000, 3, 2066)                                                                    = 0x7f1429a60000
8645 [0x7f142acb680a] SYS_mmap(0x7f1429a6a000, 0x13bb0, 3, 50)                                                                     = 0x7f1429a6a000
8645 [0x7f142acb6787] SYS_close(3, 16, 0x7f1429a664d8, 0x6ffffdff)                                                                 = 0
8645 [0x7f142acb6677] SYS_open(0x7f142aeb3e70, 0x80000, 0, 0x6ffffdff)                                                             = 3
8645 [0x7f142acb6697] SYS_read(3, 0x7fff34fc2848, 832, 0x6ffffdff)                                                                 = 832
8645 [0x7f142acb6604] SYS_fstat(3, 0x7fff34fc2720, 0x7fff34fc2720, 32)                                                             = 0
8645 [0x7f142acb680a] SYS_mmap(0, 4096, 3, 34)                                                                                     = 0x7f142aeb2000
8645 [0x7f142acb680a] SYS_mmap(0, 0x21c490, 5, 2050)                                                                               = 0x7f1429585000
8645 [0x7f142acb6857] SYS_mprotect(0x7f142959d000, 0x1ff000, 0, 2050)                                                              = 0
8645 [0x7f142acb680a] SYS_mmap(0x7f142979c000, 8192, 3, 2066)                                                                      = 0x7f142979c000
8645 [0x7f142acb680a] SYS_mmap(0x7f142979e000, 0x3490, 3, 50)                                                                      = 0x7f142979e000
8645 [0x7f142acb6787] SYS_close(3, 16, 0, 0x6ffffdff)                                                                              = 0
8645 [0x7f142acb6677] SYS_open(0x7f142aeb24b8, 0x80000, 0, 0x6ffffdff)                                                             = 3
8645 [0x7f142acb6697] SYS_read(3, 0x7fff34fc2818, 832, 0x6ffffdff)                                                                 = 832
8645 [0x7f142acb6604] SYS_fstat(3, 0x7fff34fc26f0, 0x7fff34fc26f0, 32)                                                             = 0
8645 [0x7f142acb680a] SYS_mmap(0, 0x207bc0, 5, 2050)                                                                               = 0x7f142937d000
8645 [0x7f142acb6857] SYS_mprotect(0x7f1429384000, 0x1ff000, 0, 2050)                                                              = 0
8645 [0x7f142acb680a] SYS_mmap(0x7f1429583000, 8192, 3, 2066)                                                                      = 0x7f1429583000
8645 [0x7f142acb6787] SYS_close(3, 16, 0, 0x6ffffdff)                                                                              = 0
8645 [0x7f142acb6677] SYS_open(0x7f142aeb2988, 0x80000, 0, 0x6ffffdff)                                                             = 3
8645 [0x7f142acb6697] SYS_read(3, 0x7fff34fc27e8, 832, 0x6ffffdff)                                                                 = 832
8645 [0x7f142acb6604] SYS_fstat(3, 0x7fff34fc26c0, 0x7fff34fc26c0, 16)                                                             = 0
8645 [0x7f142acb680a] SYS_mmap(0, 0x202e20, 5, 2050)                                                                               = 0x7f142917a000
8645 [0x7f142acb6857] SYS_mprotect(0x7f142917d000, 0x1ff000, 0, 2050)                                                              = 0
8645 [0x7f142acb680a] SYS_mmap(0x7f142937c000, 4096, 3, 2066)                                                                      = 0x7f142937c000
8645 [0x7f142acb6787] SYS_close(3, 16, 0x7f142937cc28, 0x6ffffdff)                                                                 = 0
8645 [0x7f142acb6677] SYS_open(0x7f142aeb2e58, 0x80000, 0, 0x6ffffdff)                                                             = 3
8645 [0x7f142acb6697] SYS_read(3, 0x7fff34fc27b8, 832, 0x6ffffdff)                                                                 = 832
8645 [0x7f142acb6604] SYS_fstat(3, 0x7fff34fc2690, 0x7fff34fc2690, 16)                                                             = 0
8645 [0x7f142acb680a] SYS_mmap(0, 4096, 3, 34)                                                                                     = 0x7f142aeb1000
8645 [0x7f142acb680a] SYS_mmap(0, 0x209850, 5, 2050)                                                                               = 0x7f1428f70000
8645 [0x7f142acb6857] SYS_mprotect(0x7f1428f7a000, 0x1ff000, 0, 2050)                                                              = 0
8645 [0x7f142acb680a] SYS_mmap(0x7f1429179000, 4096, 3, 2066)                                                                      = 0x7f1429179000
8645 [0x7f142acb6787] SYS_close(3, 16, 0x7f1429179618, 0x6ffffdff)                                                                 = 0
8645 [0x7f142acb6677] SYS_open(0x7f142aeb14b8, 0x80000, 0, 0x6ffffdff)                                                             = 3
8645 [0x7f142acb6697] SYS_read(3, 0x7fff34fc2788, 832, 0x6ffffdff)                                                                 = 832
8645 [0x7f142acb6604] SYS_fstat(3, 0x7fff34fc2660, 0x7fff34fc2660, 16)                                                             = 0
8645 [0x7f142acb680a] SYS_mmap(0, 0x210868, 5, 2050)                                                                               = 0x7f1428d5f000
8645 [0x7f142acb6857] SYS_mprotect(0x7f1428d70000, 0x1ff000, 0, 2050)                                                              = 0
8645 [0x7f142acb680a] SYS_mmap(0x7f1428f6f000, 4096, 3, 2066)                                                                      = 0x7f1428f6f000
8645 [0x7f142acb6787] SYS_close(3, 16, 0x7f1428f6f408, 0x6ffffdff)                                                                 = 0
8645 [0x7f142acb6677] SYS_open(0x7f142aeb1a40, 0x80000, 0, 0x7f142aeb29a0)                                                         = 3
8645 [0x7f142acb6697] SYS_read(3, 0x7fff34fc2628, 832, 0x7f142aeb29a0)                                                             = 832
8645 [0x7f142acb6604] SYS_fstat(3, 0x7fff34fc2500, 0x7fff34fc2500, 16)                                                             = 0
8645 [0x7f142acb680a] SYS_mmap(0, 0x2032c8, 5, 2050)                                                                               = 0x7f1428b5b000
8645 [0x7f142acb6857] SYS_mprotect(0x7f1428b5e000, 0x200000, 0, 2050)                                                              = 0
8645 [0x7f142acb680a] SYS_mmap(0x7f1428d5e000, 4096, 3, 2066)                                                                      = 0x7f1428d5e000
8645 [0x7f142acb6787] SYS_close(3, 16, 0x7f1428d5e188, 0x6ffffdff)                                                                 = 0
8645 [0x7f142acb6677] SYS_open(0x7f142aeb1f28, 0x80000, 0, 0x6ffffdff)                                                             = 3
8645 [0x7f142acb6697] SYS_read(3, 0x7fff34fc25f8, 832, 0x6ffffdff)                                                                 = 832
8645 [0x7f142acb6604] SYS_fstat(3, 0x7fff34fc24d0, 0x7fff34fc24d0, 16)                                                             = 0
8645 [0x7f142acb680a] SYS_mmap(0, 4096, 3, 34)                                                                                     = 0x7f142aeb0000
8645 [0x7f142acb680a] SYS_mmap(0, 0x207820, 5, 2050)                                                                               = 0x7f1428953000
8645 [0x7f142acb6857] SYS_mprotect(0x7f142895a000, 0x200000, 0, 2050)                                                              = 0
8645 [0x7f142acb680a] SYS_mmap(0x7f1428b5a000, 4096, 3, 2066)                                                                      = 0x7f1428b5a000
8645 [0x7f142acb6787] SYS_close(3, 16, 0x7f1428b5a188, 0x6ffffdff)                                                                 = 0
8645 [0x7f142acb6677] SYS_open(0x7f142aeb04c8, 0x80000, 0, 0x6ffffdff)                                                             = 3
8645 [0x7f142acb6697] SYS_read(3, 0x7fff34fc25c8, 832, 0x6ffffdff)                                                                 = 832
8645 [0x7f142acb6604] SYS_fstat(3, 0x7fff34fc24a0, 0x7fff34fc24a0, 16)                                                             = 0
8645 [0x7f142acb680a] SYS_mmap(0, 0x201f30, 5, 2050)                                                                               = 0x7f1428751000
8645 [0x7f142acb6857] SYS_mprotect(0x7f1428753000, 0x1ff000, 0, 2050)                                                              = 0
8645 [0x7f142acb680a] SYS_mmap(0x7f1428952000, 4096, 3, 2066)                                                                      = 0x7f1428952000
8645 [0x7f142acb6787] SYS_close(3, 16, 0x7f1428952e18, 0x6ffffdff)                                                                 = 0
8645 [0x7f142acb6677] SYS_open(0x7f142aeb0a60, 0x80000, 0, 0x7f142aeb44d0)                                                         = 3
8645 [0x7f142acb6697] SYS_read(3, 0x7fff34fc2598, 832, 0x7f142aeb44d0)                                                             = 832
8645 [0x7f142acb6604] SYS_fstat(3, 0x7fff34fc2470, 0x7fff34fc2470, 16)                                                             = 0
8645 [0x7f142acb680a] SYS_mmap(0, 0x2022e8, 5, 2050)                                                                               = 0x7f142854e000
8645 [0x7f142acb6857] SYS_mprotect(0x7f1428550000, 0x200000, 0, 2050)                                                              = 0
8645 [0x7f142acb680a] SYS_mmap(0x7f1428750000, 4096, 3, 2066)                                                                      = 0x7f1428750000
8645 [0x7f142acb6787] SYS_close(3, 16, 0x7f1428750198, 0x6ffffdff)                                                                 = 0
8645 [0x7f142acb6677] SYS_open(0x7f142aeb0f40, 0x80000, 0, 0x6ffffdff)                                                             = 3
8645 [0x7f142acb6697] SYS_read(3, 0x7fff34fc2568, 832, 0x6ffffdff)                                                                 = 832
8645 [0x7f142acb6604] SYS_fstat(3, 0x7fff34fc2440, 0x7fff34fc2440, 16)                                                             = 0
8645 [0x7f142acb680a] SYS_mmap(0, 4096, 3, 34)                                                                                     = 0x7f142aeaf000
8645 [0x7f142acb680a] SYS_mmap(0, 0x201f30, 5, 2050)                                                                               = 0x7f142834c000
8645 [0x7f142acb6857] SYS_mprotect(0x7f142834e000, 0x1ff000, 0, 2050)                                                              = 0
8645 [0x7f142acb680a] SYS_mmap(0x7f142854d000, 4096, 3, 2066)                                                                      = 0x7f142854d000
8645 [0x7f142acb6787] SYS_close(3, 16, 0x7f142854de18, 0x6ffffdff)                                                                 = 0
8645 [0x7f142acb6677] SYS_open(0x7f142aeaf4c0, 0x80000, 0, 0x6ffffdff)                                                             = 3
8645 [0x7f142acb6697] SYS_read(3, 0x7fff34fc2538, 832, 0x6ffffdff)                                                                 = 832
8645 [0x7f142acb6604] SYS_fstat(3, 0x7fff34fc2410, 0x7fff34fc2410, 16)                                                             = 0
8645 [0x7f142acb680a] SYS_mmap(0, 0x2038b8, 5, 2050)                                                                               = 0x7f1428148000
8645 [0x7f142acb6857] SYS_mprotect(0x7f142814c000, 0x1ff000, 0, 2050)                                                              = 0
8645 [0x7f142acb680a] SYS_mmap(0x7f142834b000, 4096, 3, 2066)                                                                      = 0x7f142834b000
8645 [0x7f142acb6787] SYS_close(3, 16, 0x7f142834b748, 0x6ffffdff)                                                                 = 0
8645 [0x7f142acb6677] SYS_open(0x7f142aeafa60, 0x80000, 0, 0x7f142aeb2000)                                                         = 3
8645 [0x7f142acb6697] SYS_read(3, 0x7fff34fc24d8, 832, 0x7f142aeb2000)                                                             = 832
8645 [0x7f142acb6604] SYS_fstat(3, 0x7fff34fc23b0, 0x7fff34fc23b0, 16)                                                             = 0
8645 [0x7f142acb680a] SYS_mmap(0, 0x210848, 5, 2050)                                                                               = 0x7f1427f37000
8645 [0x7f142acb6857] SYS_mprotect(0x7f1427f47000, 0x1ff000, 0, 2050)                                                              = 0
8645 [0x7f142acb680a] SYS_mmap(0x7f1428146000, 8192, 3, 2066)                                                                      = 0x7f1428146000
8645 [0x7f142acb6787] SYS_close(3, 16, 0x7f1428146d90, 0x6ffffdff)                                                                 = 0
8645 [0x7f142acb6677] SYS_open(0x7f142aeaff48, 0x80000, 0, 0x6ffffdff)                                                             = 3
8645 [0x7f142acb6697] SYS_read(3, 0x7fff34fc24a8, 832, 0x6ffffdff)                                                                 = 832
8645 [0x7f142acb6604] SYS_fstat(3, 0x7fff34fc2380, 0x7fff34fc2380, 16)                                                             = 0
8645 [0x7f142acb680a] SYS_mmap(0, 4096, 3, 34)                                                                                     = 0x7f142aeae000
8645 [0x7f142acb680a] SYS_mmap(0, 0x20acf0, 5, 2050)                                                                               = 0x7f1427d2c000
8645 [0x7f142acb6857] SYS_mprotect(0x7f1427d37000, 0x1ff000, 0, 2050)                                                              = 0
8645 [0x7f142acb680a] SYS_mmap(0x7f1427f36000, 4096, 3, 2066)                                                                      = 0x7f1427f36000
8645 [0x7f142acb6787] SYS_close(3, 16, 0x7f1427f36750, 0x6ffffdff)                                                                 = 0
8645 [0x7f142acb6677] SYS_open(0x7f142aeae560, 0x80000, 0, 0x7f142aeb2000)                                                         = 3
8645 [0x7f142acb6697] SYS_read(3, 0x7fff34fc2478, 832, 0x7f142aeb2000)                                                             = 832
8645 [0x7f142acb6604] SYS_fstat(3, 0x7fff34fc2350, 0x7fff34fc2350, 32)                                                             = 0
8645 [0x7f142acb680a] SYS_mmap(0, 0x2361e0, 5, 2050)                                                                               = 0x7f1427af5000
8645 [0x7f142acb6857] SYS_mprotect(0x7f1427afd000, 0x1ff000, 0, 2050)                                                              = 0
8645 [0x7f142acb680a] SYS_mmap(0x7f1427cfc000, 8192, 3, 2066)                                                                      = 0x7f1427cfc000
8645 [0x7f142acb680a] SYS_mmap(0x7f1427cfe000, 0x2d1e0, 3, 50)                                                                     = 0x7f1427cfe000
8645 [0x7f142acb6787] SYS_close(3, 16, 0, 0x6ffffdff)                                                                              = 0
8645 [0x7f142acb6677] SYS_open(0x7f142aeaea30, 0x80000, 0, 0x6ffffdff)                                                             = 3
8645 [0x7f142acb6697] SYS_read(3, 0x7fff34fc2448, 832, 0x6ffffdff)                                                                 = 832
8645 [0x7f142acb6604] SYS_fstat(3, 0x7fff34fc2320, 0x7fff34fc2320, 16)                                                             = 0
8645 [0x7f142acb680a] SYS_mmap(0, 0x43fe88, 5, 2050)                                                                               = 0x7f14276b5000
8645 [0x7f142acb6857] SYS_mprotect(0x7f14278ca000, 0x200000, 0, 2050)                                                              = 0
8645 [0x7f142acb680a] SYS_mmap(0x7f1427aca000, 0x27000, 3, 2066)                                                                   = 0x7f1427aca000
8645 [0x7f142acb680a] SYS_mmap(0x7f1427af1000, 0x3e88, 3, 50)                                                                      = 0x7f1427af1000
8645 [0x7f142acb6857] SYS_mprotect(0x7fff34fc4000, 4096, 0x1000007, 4)                                                             = 0
8645 [0x7f142acb6787] SYS_close(3, 4096, 0x1000007, 4)                                                                             = 0
8645 [0x7f142acb6677] SYS_open(0x7f142aeaefb0, 0x80000, 0, 0x7f142aeb14d0)                                                         = 3
8645 [0x7f142acb6697] SYS_read(3, 0x7fff34fc2418, 832, 0x7f142aeb14d0)                                                             = 832
8645 [0x7f142acb6604] SYS_fstat(3, 0x7fff34fc22f0, 0x7fff34fc22f0, 16)                                                             = 0
8645 [0x7f142acb680a] SYS_mmap(0, 4096, 3, 34)                                                                                     = 0x7f142aead000
8645 [0x7f142acb680a] SYS_mmap(0, 0x215730, 5, 2050)                                                                               = 0x7f142749f000
8645 [0x7f142acb6857] SYS_mprotect(0x7f14274b5000, 0x1ff000, 0, 2050)                                                              = 0
8645 [0x7f142acb680a] SYS_mmap(0x7f14276b4000, 4096, 3, 2066)                                                                      = 0x7f14276b4000
8645 [0x7f142acb6787] SYS_close(3, 16, 0x7f14276b4490, 0x6ffffdff)                                                                 = 0
8645 [0x7f142acb6677] SYS_open(0x7f142aead4f0, 0x80000, 0, 0x6ffffdff)                                                             = 3
8645 [0x7f142acb6697] SYS_read(3, 0x7fff34fc23e8, 832, 0x6ffffdff)                                                                 = 832
8645 [0x7f142acb6604] SYS_fstat(3, 0x7fff34fc22c0, 0x7fff34fc22c0, 32)                                                             = 0
8645 [0x7f142acb680a] SYS_mmap(0, 0x2fd148, 5, 2050)                                                                               = 0x7f14271a1000
8645 [0x7f142acb6857] SYS_mprotect(0x7f142729e000, 0x1ff000, 0, 2050)                                                              = 0
8645 [0x7f142acb680a] SYS_mmap(0x7f142749d000, 8192, 3, 2066)                                                                      = 0x7f142749d000
8645 [0x7f142acb6787] SYS_close(3, 16, 0, 0x6ffffdff)                                                                              = 0
8645 [0x7f142acb6677] SYS_open(0x7fff34fc21b0, 0x80000, 0, 0x36782f39325f3130)                                                     = -2
8645 [0x7f142acb65c5] SYS_stat(0x7fff34fc21b0, 0x7fff34fc2290, 0x7fff34fc2290, 0x36782f39325f3130)                                 = -2
8645 [0x7f142acb6677] SYS_open(0x7fff34fc21b0, 0x80000, 0, 0x36782f39325f3130)                                                     = -2
8645 [0x7f142acb65c5] SYS_stat(0x7fff34fc21b0, 0x7fff34fc2290, 0x7fff34fc2290, 0x36782f39325f3130)                                 = -2
8645 [0x7f142acb6677] SYS_open(0x7fff34fc21b0, 0x80000, 0, 0x36782f39325f3130)                                                     = -2
8645 [0x7f142acb65c5] SYS_stat(0x7fff34fc21b0, 0x7fff34fc2290, 0x7fff34fc2290, 0x36782f39325f3130)                                 = -2
8645 [0x7f142acb6677] SYS_open(0x7fff34fc21b0, 0x80000, 0, 0x36782f39325f3130)                                                     = -2
8645 [0x7f142acb65c5] SYS_stat(0x7fff34fc21b0, 0x7fff34fc2290, 0x7fff34fc2290, 0x36782f39325f3130)                                 = -2
8645 [0x7f142acb6677] SYS_open(0x7f142aeaddd0, 0x80000, 0, 0x36782f39325f3130)                                                     = 3
8645 [0x7f142acb6697] SYS_read(3, 0x7fff34fc23b8, 832, 0x36782f39325f3130)                                                         = 832
8645 [0x7f142acb6604] SYS_fstat(3, 0x7fff34fc2290, 0x7fff34fc2290, 16)                                                             = 0
8645 [0x7f142acb680a] SYS_mmap(0, 4096, 3, 34)                                                                                     = 0x7f142aeac000
8645 [0x7f142acb680a] SYS_mmap(0, 0x2f8980, 5, 2050)                                                                               = 0x7f1426ea8000
8645 [0x7f142acb6857] SYS_mprotect(0x7f1426f9f000, 0x200000, 0, 2050)                                                              = 0
8645 [0x7f142acb680a] SYS_mmap(0x7f142719f000, 8192, 3, 2066)                                                                      = 0x7f142719f000
8645 [0x7f142acb6787] SYS_close(3, 16, 0x7f142719f3a0, 0x6ffffdff)                                                                 = 0
8645 [0x7f142acb6677] SYS_open(0x7f142aeac4c8, 0x80000, 0, 0x6ffffdff)                                                             = 3
8645 [0x7f142acb6697] SYS_read(3, 0x7fff34fc2388, 832, 0x6ffffdff)                                                                 = 832
8645 [0x7f142acb6604] SYS_fstat(3, 0x7fff34fc2260, 0x7fff34fc2260, 16)                                                             = 0
8645 [0x7f142acb680a] SYS_mmap(0, 0x2fc9d8, 5, 2050)                                                                               = 0x7f1426bab000
8645 [0x7f142acb6857] SYS_mprotect(0x7f1426ca6000, 0x200000, 0, 2050)                                                              = 0
8645 [0x7f142acb680a] SYS_mmap(0x7f1426ea6000, 8192, 3, 2066)                                                                      = 0x7f1426ea6000
8645 [0x7f142acb6787] SYS_close(3, 16, 0x7f1426ea7828, 0x6ffffdff)                                                                 = 0
8645 [0x7f142acb6677] SYS_open(0x7f142aeac998, 0x80000, 0, 0x6ffffdff)                                                             = 3
8645 [0x7f142acb6697] SYS_read(3, 0x7fff34fc2358, 832, 0x6ffffdff)                                                                 = 832
8645 [0x7f142acb6604] SYS_fstat(3, 0x7fff34fc2230, 0x7fff34fc2230, 16)                                                             = 0
8645 [0x7f142acb680a] SYS_mmap(0, 0x242830, 5, 2050)                                                                               = 0x7f1426968000
8645 [0x7f142acb6857] SYS_mprotect(0x7f14269ab000, 0x1ff000, 0, 2050)                                                              = 0
8645 [0x7f142acb680a] SYS_mmap(0x7f1426baa000, 4096, 3, 2066)                                                                      = 0x7f1426baa000
8645 [0x7f142acb6787] SYS_close(3, 16, 0x7f1426baa630, 0x6ffffdff)                                                                 = 0
8645 [0x7f142acb6677] SYS_open(0x7f142aeacf70, 0x80000, 0, 0x7f142aeb39b8)                                                         = 3
8645 [0x7f142acb6697] SYS_read(3, 0x7fff34fc2328, 832, 0x7f142aeb39b8)                                                             = 832
8645 [0x7f142acb6604] SYS_fstat(3, 0x7fff34fc2200, 0x7fff34fc2200, 32)                                                             = 0
8645 [0x7f142acb680a] SYS_mmap(0, 4096, 3, 34)                                                                                     = 0x7f142aeab000
8645 [0x7f142acb680a] SYS_mmap(0, 0x203118, 5, 2050)                                                                               = 0x7f1426764000
8645 [0x7f142acb6857] SYS_mprotect(0x7f1426766000, 0x200000, 0, 2050)                                                              = 0
8645 [0x7f142acb680a] SYS_mmap(0x7f1426966000, 8192, 3, 2066)                                                                      = 0x7f1426966000
8645 [0x7f142acb6787] SYS_close(3, 16, 0x7f1426966f40, 0x6ffffdff)                                                                 = 0
8645 [0x7f142acb680a] SYS_mmap(0, 4096, 3, 34)                                                                                     = 0x7f142aeaa000
8645 [0x7f142acb680a] SYS_mmap(0, 4096, 3, 34)                                                                                     = 0x7f142aea9000
8645 [0x7f142acb680a] SYS_mmap(0, 8192, 3, 34)                                                                                     = 0x7f142aea7000
8645 [0x7f142aca0044] SYS_arch_prctl(4098, 0x7f142aea7780, 0x7f142aea8080, 34)                                                     = 0
8645 [0x7f142acb6857] SYS_mprotect(0x7f142a5f6000, 0x4000, 1, 1)                                                                   = 0
8645 [0x7f142acb6857] SYS_mprotect(0x7f1426966000, 4096, 1, 0x7f1426764c68)                                                        = 0
8645 [0x7f142acb6857] SYS_mprotect(0x7f142979c000, 4096, 1, 0x7f142958a500)                                                        = 0
8645 [0x7f142acb6857] SYS_mprotect(0x7f142749d000, 4096, 1, 1)                                                                     = 0
8645 [0x7f142acb6857] SYS_mprotect(0x7f1427cfc000, 4096, 1, 0x7f1427af5a00)                                                        = 0
8645 [0x7f142acb6857] SYS_mprotect(0x7f1429a60000, 0x7000, 1, 0x7f14297fa810)                                                      = 0
8645 [0x7f142acb6857] SYS_mprotect(0x7f1429583000, 4096, 1, 0x7f142937ed58)                                                        = 0
8645 [0x7f142acb6857] SYS_mprotect(0x7f142aebf000, 4096, 1, 0)                                                                     = 0
8645 [0x7f142acb6837] SYS_munmap(0x7f142aeb5000, 0x83b3, 0x73700, 0)                                                               = 0
8645 [0x7f142958be92] SYS_set_tid_address(0x7f142aea7a50, 0x7fff34fc4318, 0x7f142aea7780, 0)                                       = 8645
8645 [0x7f142958befa] SYS_set_robust_list(0x7f142aea7a60, 24, 0x7f142aea7780, 0)                                                   = 0
8645 [0x7f1429595cf5] SYS_rt_sigaction(32, 0x7fff34fc4068, 0, 8)                                                                   = 0
8645 [0x7f1429595cf5] SYS_rt_sigaction(33, 0x7fff34fc4068, 0, 8)                                                                   = 0
8645 [0x7f142958bfd6] SYS_rt_sigprocmask(1, 0x7fff34fc41b8, 0, 8)                                                                  = 0
8645 [0x7f142a342b17] SYS_getrlimit(3, 0x7fff34fc4250, 63, 1)                                                                      = 0
8645 [0x7f142958bb95] SYS_futex(0x7f1429a6a7e0, 129, 0x7fffffff, 0)                                                                = 0
8645 [0x4009e1] ledctrl->Hal_Led_Set_Mode(4, 2, 0x7f142a3b0c60, 0 <unfinished ...>
8645 [0x7f142a606575]   libnhal.so->Hal_Lookup_Hardware_Info(0x7fff34fc4040, 2, 0x7f142a3b0c60, 0 <unfinished ...>
8645 [0x7f142a33d557]     SYS_statfs(0x7f14295981e8, 0x7fff34fc3e30, 0x7f14297a1310, 1)                                            = 0
8645 [0x7f142958bb95]     SYS_futex(0x7f14297a1310, 129, 0x7fffffff, 0)                                                            = 0
8645 [0x7f142a33d7e0]     SYS_open(0x7fff34fc3f40, 0xa0002, 484, 1)                                                                = 3
8645 [0x7f142a34672a]     SYS_mmap(0, 220, 3, 1)                                                                                   = 0x7f142aebd000
8645 [0x7f142a33e070]     SYS_close(3, 220, 3, 1)                                                                                  = 0
8645 [0x7f142a6057f0]     libnhal.so->Hw_Semaphore_Init(0x7fff34fc3ff0, 0x7f142a608287, 1, -1 <unfinished ...>
8645 [0x7f142a33d405]       SYS_lstat(0x7fff34fc3ea0, 0x7fff34fc3db0, 0x7fff34fc3db0, 0)                                           = -2
8645 [0x7f1429595510]       SYS_open(0x7fff34fc3ea0, 194, 600, 0)                                                                  = 3
8645 [0x7f1429594da0]       SYS_write(3, 0x7fff34fc3f20, 32, 0)                                                                    = 32
8645 [0x7f142a34672a]       SYS_mmap(0, 32, 3, 1)                                                                                  = 0x7f142aebc000
8645 [0x7f142a33f1a7]       SYS_link(0x7fff34fc3ea0, 0x7fff34fc3ed0, 3, 1)                                                         = -17
8645 [0x7f142a346757]       SYS_munmap(0x7f142aebc000, 32, 3, 1)                                                                   = 0
8645 [0x7f142a33f2c7]       SYS_unlink(0x7fff34fc3ea0, 32, 3, 1)                                                                   = 0
8645 [0x7f1429594e60]       SYS_close(3, 32, 3, 1)                                                                                 = 0
8645 [0x7f1429595510]       SYS_open(0x7fff34fc3ed0, 0x20002, 18, 1)                                                               = 3
8645 [0x7f142a33d3b4]       SYS_fstat(3, 0x7fff34fc3e00, 0x7fff34fc3e00, 1)                                                        = 0
8645 [0x7f142a342f5a]       SYS_brk(0, 0x7f142a5fa640, 0, -4096)                                                                   = 0x9cc000
8645 [0x7f142a342f5a]       SYS_brk(0x9ed000, 0x9cc000, 0x9ed000, -4096)                                                           = 0x9ed000
8645 [0x7f142a34672a]       SYS_mmap(0, 32, 3, 1)                                                                                  = 0x7f142aebc000
8645 [0x7f1429594e60]       SYS_close(3, 32, 0, 3)                                                                                 = 0
8645 [0x7f142a6057f0]     <... Hw_Semaphore_Init resumed> )                                                                        = 17
8645 [0x7f142a605800]     libnhal.so->Hw_Semaphore_Lock(0x7fff34fc3ff0, 32, 0x7f142aebc000, -1)                                    = 0
8645 [0x7f142a605918]     libnhal.so->Hw_Semaphore_Unlock(0x7fff34fc3ff0, 2, 0x7f142aebd000, 0)                                    = 0
8645 [0x7f142a605924]     libnhal.so->Hw_Semaphore_Release(0x7fff34fc3ff0, 128, 0, 0 <unfinished ...>
8645 [0x7f142a346757]       SYS_munmap(0x7f142aebc000, 32, 0, 1)                                                                   = 0
8645 [0x7f142a605924]     <... Hw_Semaphore_Release resumed> )                                                                     = 0
8645 [0x7f142a606575]   <... Hal_Lookup_Hardware_Info resumed> )                                                                   = 0
8645 [0x7f142a606bc3]   libnhal.so->It87_Set_Led_Blinking(0, 1, 4, -7216 <unfinished ...>
8645 [0x7f1428956b6d]     libgeneraldrv.so->Hw_Semaphore_Init(0x7fff34fc3fd0, 0x7f1428959012, 1, 0 <unfinished ...>
8645 [0x7f142a33d405]       SYS_lstat(0x7fff34fc3e70, 0x7fff34fc3d80, 0x7fff34fc3d80, 0)                                           = -2
8645 [0x7f1429595510]       SYS_open(0x7fff34fc3e70, 194, 600, 0)                                                                  = 3
8645 [0x7f1429594da0]       SYS_write(3, 0x7fff34fc3ef0, 32, 0)                                                                    = 32
8645 [0x7f142a34672a]       SYS_mmap(0, 32, 3, 1)                                                                                  = 0x7f142aebc000
8645 [0x7f142a33f1a7]       SYS_link(0x7fff34fc3e70, 0x7fff34fc3ea0, 3, 1)                                                         = -17
8645 [0x7f142a346757]       SYS_munmap(0x7f142aebc000, 32, 3, 1)                                                                   = 0
8645 [0x7f142a33f2c7]       SYS_unlink(0x7fff34fc3e70, 32, 3, 1)                                                                   = 0
8645 [0x7f1429594e60]       SYS_close(3, 32, 3, 1)                                                                                 = 0
8645 [0x7f1429595510]       SYS_open(0x7fff34fc3ea0, 0x20002, 20, 1)                                                               = 3
8645 [0x7f142a33d3b4]       SYS_fstat(3, 0x7fff34fc3dd0, 0x7fff34fc3dd0, 1)                                                        = 0
8645 [0x7f142a34672a]       SYS_mmap(0, 32, 3, 1)                                                                                  = 0x7f142aebc000
8645 [0x7f1429594e60]       SYS_close(3, 32, 0, 1)                                                                                 = 0
8645 [0x7f1428956b6d]     <... Hw_Semaphore_Init resumed> )                                                                        = 17
8645 [0x7f1428956b7d]     libgeneraldrv.so->Hw_Semaphore_Lock(0x7fff34fc3fd0, 32, 0x7f142aebc000, -1)                              = 0
8645 [0x7f142a34a6b7]     SYS_ioperm(46, 1, 1, 1)                                                                                  = 0
8645 [0x7f142a34a6b7]     SYS_ioperm(46, 1, 0, 1)                                                                                  = 0
8645 [0x7f142a34a6b7]     SYS_ioperm(235, 1, 1, 1)                                                                                 = 0
8645 [0x7f142a34a6b7]     SYS_ioperm(235, 1, 0, 1)                                                                                 = 0
8645 [0x7f142a34a6b7]     SYS_ioperm(46, 1, 1, 1)                                                                                  = 0
8645 [0x7f142a34a6b7]     SYS_ioperm(46, 1, 0, 1)                                                                                  = 0
8645 [0x7f142a34a6b7]     SYS_ioperm(235, 1, 1, 1)                                                                                 = 0
8645 [0x7f142a34a6b7]     SYS_ioperm(235, 1, 0, 1)                                                                                 = 0
8645 [0x7f142a34a6b7]     SYS_ioperm(46, 1, 1, 1)                                                                                  = 0
8645 [0x7f142a34a6b7]     SYS_ioperm(46, 1, 0, 1)                                                                                  = 0
8645 [0x7f142a34a6b7]     SYS_ioperm(235, 1, 1, 1)                                                                                 = 0
8645 [0x7f142a34a6b7]     SYS_ioperm(235, 1, 0, 1)                                                                                 = 0
8645 [0x7f142a34a6b7]     SYS_ioperm(46, 1, 1, 1)                                                                                  = 0
8645 [0x7f142a34a6b7]     SYS_ioperm(46, 1, 0, 1)                                                                                  = 0
8645 [0x7f142a34a6b7]     SYS_ioperm(235, 1, 1, 1)                                                                                 = 0
8645 [0x7f142a34a6b7]     SYS_ioperm(235, 1, 0, 1)                                                                                 = 0
8645 [0x7f142a34a6b7]     SYS_ioperm(46, 1, 1, 1)                                                                                  = 0
8645 [0x7f142a34a6b7]     SYS_ioperm(46, 1, 0, 1)                                                                                  = 0
8645 [0x7f142a34a6b7]     SYS_ioperm(235, 1, 1, 1)                                                                                 = 0
8645 [0x7f142a34a6b7]     SYS_ioperm(235, 1, 0, 1)                                                                                 = 0
8645 [0x7f142a34a6b7]     SYS_ioperm(47, 1, 1, 1)                                                                                  = 0
8645 [0x7f142a34a6b7]     SYS_ioperm(47, 1, 0, 1)                                                                                  = 0
8645 [0x7f142a34a6b7]     SYS_ioperm(235, 1, 1, 1)                                                                                 = 0
8645 [0x7f142a34a6b7]     SYS_ioperm(235, 1, 0, 1)                                                                                 = 0
8645 [0x7f142a34a6b7]     SYS_ioperm(46, 1, 1, 1)                                                                                  = 0
8645 [0x7f142a34a6b7]     SYS_ioperm(46, 1, 0, 1)                                                                                  = 0
8645 [0x7f142a34a6b7]     SYS_ioperm(235, 1, 1, 1)                                                                                 = 0
8645 [0x7f142a34a6b7]     SYS_ioperm(235, 1, 0, 1)                                                                                 = 0
8645 [0x7f142a34a6b7]     SYS_ioperm(47, 1, 1, 1)                                                                                  = 0
8645 [0x7f142a34a6b7]     SYS_ioperm(47, 1, 0, 1)                                                                                  = 0
8645 [0x7f142a34a6b7]     SYS_ioperm(235, 1, 1, 1)                                                                                 = 0
8645 [0x7f142a34a6b7]     SYS_ioperm(235, 1, 0, 1)                                                                                 = 0
8645 [0x7f142a34a6b7]     SYS_ioperm(46, 1, 1, 1)                                                                                  = 0
8645 [0x7f142a34a6b7]     SYS_ioperm(46, 1, 0, 1)                                                                                  = 0
8645 [0x7f142a34a6b7]     SYS_ioperm(235, 1, 1, 1)                                                                                 = 0
8645 [0x7f142a34a6b7]     SYS_ioperm(235, 1, 0, 1)                                                                                 = 0
8645 [0x7f142a34a6b7]     SYS_ioperm(47, 1, 1, 1)                                                                                  = 0
8645 [0x7f142a34a6b7]     SYS_ioperm(47, 1, 0, 1)                                                                                  = 0
8645 [0x7f142a34a6b7]     SYS_ioperm(235, 1, 1, 1)                                                                                 = 0
8645 [0x7f142a34a6b7]     SYS_ioperm(235, 1, 0, 1)                                                                                 = 0
8645 [0x7f142a34a6b7]     SYS_ioperm(46, 1, 1, 1)                                                                                  = 0
8645 [0x7f142a34a6b7]     SYS_ioperm(46, 1, 0, 1)                                                                                  = 0
8645 [0x7f142a34a6b7]     SYS_ioperm(235, 1, 1, 1)                                                                                 = 0
8645 [0x7f142a34a6b7]     SYS_ioperm(235, 1, 0, 1)                                                                                 = 0
8645 [0x7f142a34a6b7]     SYS_ioperm(47, 1, 1, 1)                                                                                  = 0
8645 [0x7f142a34a6b7]     SYS_ioperm(47, 1, 0, 1)                                                                                  = 0
8645 [0x7f142a34a6b7]     SYS_ioperm(235, 1, 1, 1)                                                                                 = 0
8645 [0x7f142a34a6b7]     SYS_ioperm(235, 1, 0, 1)                                                                                 = 0
8645 [0x7f142a34a6b7]     SYS_ioperm(1733, 1, 1, 1)                                                                                = 0
8645 [0x7f142a34a6b7]     SYS_ioperm(1733, 1, 0, 1)                                                                                = 0
8645 [0x7f142a34a6b7]     SYS_ioperm(235, 1, 1, 1)                                                                                 = 0
8645 [0x7f142a34a6b7]     SYS_ioperm(235, 1, 0, 1)                                                                                 = 0
8645 [0x7f142a34a6b7]     SYS_ioperm(1734, 1, 1, 1)                                                                                = 0
8645 [0x7f142a34a6b7]     SYS_ioperm(1734, 1, 0, 1)                                                                                = 0
8645 [0x7f142a34a6b7]     SYS_ioperm(235, 1, 1, 1)                                                                                 = 0
8645 [0x7f142a34a6b7]     SYS_ioperm(235, 1, 0, 1)                                                                                 = 0
8645 [0x7f142a34a6b7]     SYS_ioperm(1733, 1, 1, 1)                                                                                = 0
8645 [0x7f142a34a6b7]     SYS_ioperm(1733, 1, 0, 1)                                                                                = 0
8645 [0x7f142a34a6b7]     SYS_ioperm(235, 1, 1, 1)                                                                                 = 0
8645 [0x7f142a34a6b7]     SYS_ioperm(235, 1, 0, 1)                                                                                 = 0
8645 [0x7f142a34a6b7]     SYS_ioperm(1734, 1, 1, 1)                                                                                = 0
8645 [0x7f142a34a6b7]     SYS_ioperm(1734, 1, 0, 1)                                                                                = 0
8645 [0x7f142a34a6b7]     SYS_ioperm(235, 1, 1, 1)                                                                                 = 0
8645 [0x7f142a34a6b7]     SYS_ioperm(235, 1, 0, 1)                                                                                 = 0
8645 [0x7f142a34a6b7]     SYS_ioperm(46, 1, 1, 1)                                                                                  = 0
8645 [0x7f142a34a6b7]     SYS_ioperm(46, 1, 0, 1)                                                                                  = 0
8645 [0x7f142a34a6b7]     SYS_ioperm(235, 1, 1, 1)                                                                                 = 0
8645 [0x7f142a34a6b7]     SYS_ioperm(235, 1, 0, 1)                                                                                 = 0
8645 [0x7f142a34a6b7]     SYS_ioperm(46, 1, 1, 1)                                                                                  = 0
8645 [0x7f142a34a6b7]     SYS_ioperm(46, 1, 0, 1)                                                                                  = 0
8645 [0x7f142a34a6b7]     SYS_ioperm(235, 1, 1, 1)                                                                                 = 0
8645 [0x7f142a34a6b7]     SYS_ioperm(235, 1, 0, 1)                                                                                 = 0
8645 [0x7f142a34a6b7]     SYS_ioperm(46, 1, 1, 1)                                                                                  = 0
8645 [0x7f142a34a6b7]     SYS_ioperm(46, 1, 0, 1)                                                                                  = 0
8645 [0x7f142a34a6b7]     SYS_ioperm(235, 1, 1, 1)                                                                                 = 0
8645 [0x7f142a34a6b7]     SYS_ioperm(235, 1, 0, 1)                                                                                 = 0
8645 [0x7f142a34a6b7]     SYS_ioperm(46, 1, 1, 1)                                                                                  = 0
8645 [0x7f142a34a6b7]     SYS_ioperm(46, 1, 0, 1)                                                                                  = 0
8645 [0x7f142a34a6b7]     SYS_ioperm(235, 1, 1, 1)                                                                                 = 0
8645 [0x7f142a34a6b7]     SYS_ioperm(235, 1, 0, 1)                                                                                 = 0
8645 [0x7f142a34a6b7]     SYS_ioperm(46, 1, 1, 1)                                                                                  = 0
8645 [0x7f142a34a6b7]     SYS_ioperm(46, 1, 0, 1)                                                                                  = 0
8645 [0x7f142a34a6b7]     SYS_ioperm(235, 1, 1, 1)                                                                                 = 0
8645 [0x7f142a34a6b7]     SYS_ioperm(235, 1, 0, 1)                                                                                 = 0
8645 [0x7f142a34a6b7]     SYS_ioperm(47, 1, 1, 1)                                                                                  = 0
8645 [0x7f142a34a6b7]     SYS_ioperm(47, 1, 0, 1)                                                                                  = 0
8645 [0x7f142a34a6b7]     SYS_ioperm(235, 1, 1, 1)                                                                                 = 0
8645 [0x7f142a34a6b7]     SYS_ioperm(235, 1, 0, 1)                                                                                 = 0
8645 [0x7f142a34a6b7]     SYS_ioperm(46, 1, 1, 1)                                                                                  = 0
8645 [0x7f142a34a6b7]     SYS_ioperm(46, 1, 0, 1)                                                                                  = 0
8645 [0x7f142a34a6b7]     SYS_ioperm(235, 1, 1, 1)                                                                                 = 0
8645 [0x7f142a34a6b7]     SYS_ioperm(235, 1, 0, 1)                                                                                 = 0
8645 [0x7f142a34a6b7]     SYS_ioperm(47, 1, 1, 1)                                                                                  = 0
8645 [0x7f142a34a6b7]     SYS_ioperm(47, 1, 0, 1)                                                                                  = 0
8645 [0x7f142a34a6b7]     SYS_ioperm(235, 1, 1, 1)                                                                                 = 0
8645 [0x7f142a34a6b7]     SYS_ioperm(235, 1, 0, 1)                                                                                 = 0
8645 [0x7f142a34a6b7]     SYS_ioperm(46, 1, 1, 1)                                                                                  = 0
8645 [0x7f142a34a6b7]     SYS_ioperm(46, 1, 0, 1)                                                                                  = 0
8645 [0x7f142a34a6b7]     SYS_ioperm(235, 1, 1, 1)                                                                                 = 0
8645 [0x7f142a34a6b7]     SYS_ioperm(235, 1, 0, 1)                                                                                 = 0
8645 [0x7f142a34a6b7]     SYS_ioperm(47, 1, 1, 1)                                                                                  = 0
8645 [0x7f142a34a6b7]     SYS_ioperm(47, 1, 0, 1)                                                                                  = 0
8645 [0x7f142a34a6b7]     SYS_ioperm(235, 1, 1, 1)                                                                                 = 0
8645 [0x7f142a34a6b7]     SYS_ioperm(235, 1, 0, 1)                                                                                 = 0
8645 [0x7f142a34a6b7]     SYS_ioperm(46, 1, 1, 1)                                                                                  = 0
8645 [0x7f142a34a6b7]     SYS_ioperm(46, 1, 0, 1)                                                                                  = 0
8645 [0x7f142a34a6b7]     SYS_ioperm(235, 1, 1, 1)                                                                                 = 0
8645 [0x7f142a34a6b7]     SYS_ioperm(235, 1, 0, 1)                                                                                 = 0
8645 [0x7f142a34a6b7]     SYS_ioperm(47, 1, 1, 1)                                                                                  = 0
8645 [0x7f142a34a6b7]     SYS_ioperm(47, 1, 0, 1)                                                                                  = 0
8645 [0x7f142a34a6b7]     SYS_ioperm(235, 1, 1, 1)                                                                                 = 0
8645 [0x7f142a34a6b7]     SYS_ioperm(235, 1, 0, 1)                                                                                 = 0
8645 [0x7f142a34a6b7]     SYS_ioperm(46, 1, 1, 1)                                                                                  = 0
8645 [0x7f142a34a6b7]     SYS_ioperm(46, 1, 0, 1)                                                                                  = 0
8645 [0x7f142a34a6b7]     SYS_ioperm(235, 1, 1, 1)                                                                                 = 0
8645 [0x7f142a34a6b7]     SYS_ioperm(235, 1, 0, 1)                                                                                 = 0
8645 [0x7f142a34a6b7]     SYS_ioperm(47, 1, 1, 1)                                                                                  = 0
8645 [0x7f142a34a6b7]     SYS_ioperm(47, 1, 0, 1)                                                                                  = 0
8645 [0x7f142a34a6b7]     SYS_ioperm(235, 1, 1, 1)                                                                                 = 0
8645 [0x7f142a34a6b7]     SYS_ioperm(235, 1, 0, 1)                                                                                 = 0
8645 [0x7f142a34a6b7]     SYS_ioperm(46, 1, 1, 1)                                                                                  = 0
8645 [0x7f142a34a6b7]     SYS_ioperm(46, 1, 0, 1)                                                                                  = 0
8645 [0x7f142a34a6b7]     SYS_ioperm(235, 1, 1, 1)                                                                                 = 0
8645 [0x7f142a34a6b7]     SYS_ioperm(235, 1, 0, 1)                                                                                 = 0
8645 [0x7f142a34a6b7]     SYS_ioperm(47, 1, 1, 1)                                                                                  = 0
8645 [0x7f142a34a6b7]     SYS_ioperm(47, 1, 0, 1)                                                                                  = 0
8645 [0x7f142a34a6b7]     SYS_ioperm(235, 1, 1, 1)                                                                                 = 0
8645 [0x7f142a34a6b7]     SYS_ioperm(235, 1, 0, 1)                                                                                 = 0
8645 [0x7f142a34a6b7]     SYS_ioperm(46, 1, 1, 1)                                                                                  = 0
8645 [0x7f142a34a6b7]     SYS_ioperm(46, 1, 0, 1)                                                                                  = 0
8645 [0x7f142a34a6b7]     SYS_ioperm(235, 1, 1, 1)                                                                                 = 0
8645 [0x7f142a34a6b7]     SYS_ioperm(235, 1, 0, 1)                                                                                 = 0
8645 [0x7f142a34a6b7]     SYS_ioperm(47, 1, 1, 1)                                                                                  = 0
8645 [0x7f142a34a6b7]     SYS_ioperm(47, 1, 0, 1)                                                                                  = 0
8645 [0x7f142a34a6b7]     SYS_ioperm(235, 1, 1, 1)                                                                                 = 0
8645 [0x7f142a34a6b7]     SYS_ioperm(235, 1, 0, 1)                                                                                 = 0
8645 [0x7f142a34a6b7]     SYS_ioperm(46, 1, 1, 1)                                                                                  = 0
8645 [0x7f142a34a6b7]     SYS_ioperm(46, 1, 0, 1)                                                                                  = 0
8645 [0x7f142a34a6b7]     SYS_ioperm(235, 1, 1, 1)                                                                                 = 0
8645 [0x7f142a34a6b7]     SYS_ioperm(235, 1, 0, 1)                                                                                 = 0
8645 [0x7f142a34a6b7]     SYS_ioperm(47, 1, 1, 1)                                                                                  = 0
8645 [0x7f142a34a6b7]     SYS_ioperm(47, 1, 0, 1)                                                                                  = 0
8645 [0x7f142a34a6b7]     SYS_ioperm(235, 1, 1, 1)                                                                                 = 0
8645 [0x7f142a34a6b7]     SYS_ioperm(235, 1, 0, 1)                                                                                 = 0
8645 [0x7f142a34a6b7]     SYS_ioperm(46, 1, 1, 1)                                                                                  = 0
8645 [0x7f142a34a6b7]     SYS_ioperm(46, 1, 0, 1)                                                                                  = 0
8645 [0x7f142a34a6b7]     SYS_ioperm(235, 1, 1, 1)                                                                                 = 0
8645 [0x7f142a34a6b7]     SYS_ioperm(235, 1, 0, 1)                                                                                 = 0
8645 [0x7f142a34a6b7]     SYS_ioperm(47, 1, 1, 1)                                                                                  = 0
8645 [0x7f142a34a6b7]     SYS_ioperm(47, 1, 0, 1)                                                                                  = 0
8645 [0x7f142a34a6b7]     SYS_ioperm(235, 1, 1, 1)                                                                                 = 0
8645 [0x7f142a34a6b7]     SYS_ioperm(235, 1, 0, 1)                                                                                 = 0
8645 [0x7f142a34a6b7]     SYS_ioperm(46, 1, 1, 1)                                                                                  = 0
8645 [0x7f142a34a6b7]     SYS_ioperm(46, 1, 0, 1)                                                                                  = 0
8645 [0x7f142a34a6b7]     SYS_ioperm(235, 1, 1, 1)                                                                                 = 0
8645 [0x7f142a34a6b7]     SYS_ioperm(235, 1, 0, 1)                                                                                 = 0
8645 [0x7f142a34a6b7]     SYS_ioperm(47, 1, 1, 1)                                                                                  = 0
8645 [0x7f142a34a6b7]     SYS_ioperm(47, 1, 0, 1)                                                                                  = 0
8645 [0x7f142a34a6b7]     SYS_ioperm(235, 1, 1, 1)                                                                                 = 0
8645 [0x7f142a34a6b7]     SYS_ioperm(235, 1, 0, 1)                                                                                 = 0
8645 [0x7f142a34a6b7]     SYS_ioperm(46, 1, 1, 1)                                                                                  = 0
8645 [0x7f142a34a6b7]     SYS_ioperm(46, 1, 0, 1)                                                                                  = 0
8645 [0x7f142a34a6b7]     SYS_ioperm(235, 1, 1, 1)                                                                                 = 0
8645 [0x7f142a34a6b7]     SYS_ioperm(235, 1, 0, 1)                                                                                 = 0
8645 [0x7f142a34a6b7]     SYS_ioperm(47, 1, 1, 1)                                                                                  = 0
8645 [0x7f142a34a6b7]     SYS_ioperm(47, 1, 0, 1)                                                                                  = 0
8645 [0x7f142a34a6b7]     SYS_ioperm(235, 1, 1, 1)                                                                                 = 0
8645 [0x7f142a34a6b7]     SYS_ioperm(235, 1, 0, 1)                                                                                 = 0
8645 [0x7f1428956c6b]     libgeneraldrv.so->Hw_Semaphore_Unlock(0x7fff34fc3fd0, 1, 0, -1)                                          = 0
8645 [0x7f1428956c77]     libgeneraldrv.so->Hw_Semaphore_Release(0x7fff34fc3fd0, 128, 0, 0 <unfinished ...>
8645 [0x7f142a346757]       SYS_munmap(0x7f142aebc000, 32, 0, 1)                                                                   = 0
8645 [0x7f1428956c77]     <... Hw_Semaphore_Release resumed> )                                                                     = 0
8645 [0x7f142a606bc3]   <... It87_Set_Led_Blinking resumed> )                                                                      = 0
8645 [0x4009e1] <... Hal_Led_Set_Mode resumed> )                                                                                   = 0
8645 [0x7f142a297932] libgeneral.so->Trace_Mem_Destroy()(0x7f1429fafd40, 0, 0x1500182f7d7e9334, 16)                                = 0
8645 [0x7f142a31a468] SYS_exit_group(0, 60, 0, 0x7f142a5fda48 <unfinished ...>
8645 [0xffffffffffffffff] +++ exited (status 0) +++
