7908 [0x7f9f0ff8e8aa] SYS_brk(0, 0x7f9f0ff91fa0, 0, 895)                                                                           = 0x1b1b000
7908 [0x7f9f0ff8f7e7] SYS_readlink(0x7fff82bf9b7b, 0x7fff82bf7ce0, 4096, 0x756e694c00000000)                                       = -2
7908 [0x7f9f0ff8f677] SYS_open(0x7f9f0ff931f3, 0, 0, 0x756e694c00000000)                                                           = 3
7908 [0x7f9f0ff8f7a7] SYS_chdir(0x7f9f1019aba8, 0, 0, 0x756e694c00000000)                                                          = -2
7908 [0x7f9f0ff8e9d2] SYS_getcwd(0x7fff82bf7ce0, 4096, 0, 0x756e694c00000000)                                                      = 23
7908 [0x7f9f0ff8f7c7] SYS_fchdir(3, 4096, 0, 0x756e694c00000000)                                                                   = 0
7908 [0x7f9f0ff8f787] SYS_close(3, 4096, 0, 0x756e694c00000000)                                                                    = 0
7908 [0x7f9f0ff8f80a] SYS_mmap(0, 4096, 3, 34)                                                                                     = 0x7f9f10197000
7908 [0x7f9f0ff8f6d7] SYS_access(0x7f9f0ff95700, 4, 0x7f9f1019a718, 0)                                                             = -2
7908 [0x7f9f0ff8f677] SYS_open(0x7f9f0ff93072, 0x80000, 1, 0)                                                                      = 3
7908 [0x7f9f0ff8f604] SYS_fstat(3, 0x7fff82bf74c0, 0x7fff82bf74c0, 0)                                                              = 0
7908 [0x7f9f0ff8f80a] SYS_mmap(0, 0x83b3, 1, 2)                                                                                    = 0x7f9f1018e000
7908 [0x7f9f0ff8f787] SYS_close(3, 0x83b3, 1, 2)                                                                                   = 0
7908 [0x7f9f0ff8f677] SYS_open(0x7f9f10197640, 0x80000, 0, 56)                                                                     = 3
7908 [0x7f9f0ff8f697] SYS_read(3, 0x7fff82bf7648, 832, 56)                                                                         = 832
7908 [0x7f9f0ff8f604] SYS_fstat(3, 0x7fff82bf7520, 0x7fff82bf7520, 16)                                                             = 0
7908 [0x7f9f0ff8f80a] SYS_mmap(0, 0x278960, 5, 2050)                                                                               = 0x7f9f0fcff000
7908 [0x7f9f0ff8f857] SYS_mprotect(0x7f9f0fd75000, 0x200000, 0, 2050)                                                              = 0
7908 [0x7f9f0ff8f80a] SYS_mmap(0x7f9f0ff75000, 0x3000, 3, 2066)                                                                    = 0x7f9f0ff75000
7908 [0x7f9f0ff8f787] SYS_close(3, 16, 0x7f9f0ff753e0, 0x6ffffdff)                                                                 = 0
7908 [0x7f9f0ff8f677] SYS_open(0x7f9f10197b10, 0x80000, 0, 0x6ffffdff)                                                             = 3
7908 [0x7f9f0ff8f697] SYS_read(3, 0x7fff82bf7618, 832, 0x6ffffdff)                                                                 = 832
7908 [0x7f9f0ff8f604] SYS_fstat(3, 0x7fff82bf74f0, 0x7fff82bf74f0, 16)                                                             = 0
7908 [0x7f9f0ff8f80a] SYS_mmap(0, 0x21bee0, 5, 2050)                                                                               = 0x7f9f0fae3000
7908 [0x7f9f0ff8f857] SYS_mprotect(0x7f9f0fafe000, 0x200000, 0, 2050)                                                              = 0
7908 [0x7f9f0ff8f80a] SYS_mmap(0x7f9f0fcfe000, 4096, 3, 2066)                                                                      = 0x7f9f0fcfe000
7908 [0x7f9f0ff8f787] SYS_close(3, 16, 0x7f9f0fcfe208, 0x6ffffdff)                                                                 = 0
7908 [0x7f9f0ff8f677] SYS_open(0x7f9f10197fe0, 0x80000, 0, 0x6ffffdff)                                                             = 3
7908 [0x7f9f0ff8f697] SYS_read(3, 0x7fff82bf75e8, 832, 0x6ffffdff)                                                                 = 832
7908 [0x7f9f0ff8f604] SYS_fstat(3, 0x7fff82bf74c0, 0x7fff82bf74c0, 16)                                                             = 0
7908 [0x7f9f0ff8f80a] SYS_mmap(0, 4096, 3, 34)                                                                                     = 0x7f9f1018d000
7908 [0x7f9f0ff8f80a] SYS_mmap(0, 0x209ad0, 5, 2050)                                                                               = 0x7f9f0f8d9000
7908 [0x7f9f0ff8f857] SYS_mprotect(0x7f9f0f8e3000, 0x1ff000, 0, 2050)                                                              = 0
7908 [0x7f9f0ff8f80a] SYS_mmap(0x7f9f0fae2000, 4096, 3, 2066)                                                                      = 0x7f9f0fae2000
7908 [0x7f9f0ff8f787] SYS_close(3, 16, 0x7f9f0fae2690, 0x6ffffdff)                                                                 = 0
7908 [0x7f9f0ff8f677] SYS_open(0x7f9f1018d4b8, 0x80000, 0, 0x6ffffdff)                                                             = 3
7908 [0x7f9f0ff8f697] SYS_read(3, 0x7fff82bf75b8, 832, 0x6ffffdff)                                                                 = 832
7908 [0x7f9f0ff8f604] SYS_fstat(3, 0x7fff82bf7490, 0x7fff82bf7490, 32)                                                             = 0
7908 [0x7f9f0ff8f80a] SYS_mmap(0, 0x39dc40, 5, 2050)                                                                               = 0x7f9f0f53b000
7908 [0x7f9f0ff8f857] SYS_mprotect(0x7f9f0f6cf000, 0x200000, 0, 2050)                                                              = 0
7908 [0x7f9f0ff8f80a] SYS_mmap(0x7f9f0f8cf000, 0x6000, 3, 2066)                                                                    = 0x7f9f0f8cf000
7908 [0x7f9f0ff8f80a] SYS_mmap(0x7f9f0f8d5000, 0x3c40, 3, 50)                                                                      = 0x7f9f0f8d5000
7908 [0x7f9f0ff8f787] SYS_close(3, 16, 0, 0x6ffffdff)                                                                              = 0
7908 [0x7f9f0ff8f677] SYS_open(0x7f9f1018d988, 0x80000, 0, 0x6ffffdff)                                                             = 3
7908 [0x7f9f0ff8f697] SYS_read(3, 0x7fff82bf7468, 832, 0x6ffffdff)                                                                 = 832
7908 [0x7f9f0ff8f604] SYS_fstat(3, 0x7fff82bf7340, 0x7fff82bf7340, 16)                                                             = 0
7908 [0x7f9f0ff8f80a] SYS_mmap(0, 0x2b09d0, 5, 2050)                                                                               = 0x7f9f0f28a000
7908 [0x7f9f0ff8f857] SYS_mprotect(0x7f9f0f339000, 0x1ff000, 0, 2050)                                                              = 0
7908 [0x7f9f0ff8f80a] SYS_mmap(0x7f9f0f538000, 0x3000, 3, 2066)                                                                    = 0x7f9f0f538000
7908 [0x7f9f0ff8f787] SYS_close(3, 16, 0x7f9f0f5389a8, 0x6ffffdff)                                                                 = 0
7908 [0x7f9f0ff8f677] SYS_open(0x7f9f1018de58, 0x80000, 0, 0x6ffffdff)                                                             = 3
7908 [0x7f9f0ff8f697] SYS_read(3, 0x7fff82bf7438, 832, 0x6ffffdff)                                                                 = 832
7908 [0x7f9f0ff8f604] SYS_fstat(3, 0x7fff82bf7310, 0x7fff82bf7310, 16)                                                             = 0
7908 [0x7f9f0ff8f80a] SYS_mmap(0, 4096, 3, 34)                                                                                     = 0x7f9f1018c000
7908 [0x7f9f0ff8f80a] SYS_mmap(0, 0x294ee0, 5, 2050)                                                                               = 0x7f9f0eff5000
7908 [0x7f9f0ff8f857] SYS_mprotect(0x7f9f0f087000, 0x1ff000, 0, 2050)                                                              = 0
7908 [0x7f9f0ff8f80a] SYS_mmap(0x7f9f0f286000, 0x3000, 3, 2066)                                                                    = 0x7f9f0f286000
7908 [0x7f9f0ff8f80a] SYS_mmap(0x7f9f0f289000, 3808, 3, 50)                                                                        = 0x7f9f0f289000
7908 [0x7f9f0ff8f787] SYS_close(3, 16, 0x7f9f0f286e30, 0x6ffffdff)                                                                 = 0
7908 [0x7f9f0ff8f677] SYS_open(0x7f9f1018c4b8, 0x80000, 0, 0x6ffffdff)                                                             = 3
7908 [0x7f9f0ff8f697] SYS_read(3, 0x7fff82bf7408, 832, 0x6ffffdff)                                                                 = 832
7908 [0x7f9f0ff8f604] SYS_fstat(3, 0x7fff82bf72e0, 0x7fff82bf72e0, 16)                                                             = 0
7908 [0x7f9f0ff8f80a] SYS_mmap(0, 0x29d850, 5, 2050)                                                                               = 0x7f9f0ed57000
7908 [0x7f9f0ff8f857] SYS_mprotect(0x7f9f0edf0000, 0x200000, 0, 2050)                                                              = 0
7908 [0x7f9f0ff8f80a] SYS_mmap(0x7f9f0eff0000, 0x3000, 3, 2066)                                                                    = 0x7f9f0eff0000
7908 [0x7f9f0ff8f80a] SYS_mmap(0x7f9f0eff3000, 6224, 3, 50)                                                                        = 0x7f9f0eff3000
7908 [0x7f9f0ff8f787] SYS_close(3, 16, 0x7f9f0eff1cc8, 0x6ffffdff)                                                                 = 0
7908 [0x7f9f0ff8f677] SYS_open(0x7f9f1018c9a0, 0x80000, 0, 0x6ffffdff)                                                             = 3
7908 [0x7f9f0ff8f697] SYS_read(3, 0x7fff82bf73d8, 832, 0x6ffffdff)                                                                 = 832
7908 [0x7f9f0ff8f604] SYS_fstat(3, 0x7fff82bf72b0, 0x7fff82bf72b0, 16)                                                             = 0
7908 [0x7f9f0ff8f80a] SYS_mmap(0, 0x2dbbb0, 5, 2050)                                                                               = 0x7f9f0ea7b000
7908 [0x7f9f0ff8f857] SYS_mprotect(0x7f9f0eb39000, 0x200000, 0, 2050)                                                              = 0
7908 [0x7f9f0ff8f80a] SYS_mmap(0x7f9f0ed39000, 0xa000, 3, 2066)                                                                    = 0x7f9f0ed39000
7908 [0x7f9f0ff8f80a] SYS_mmap(0x7f9f0ed43000, 0x13bb0, 3, 50)                                                                     = 0x7f9f0ed43000
7908 [0x7f9f0ff8f787] SYS_close(3, 16, 0x7f9f0ed3f4d8, 0x6ffffdff)                                                                 = 0
7908 [0x7f9f0ff8f677] SYS_open(0x7f9f1018ce70, 0x80000, 0, 0x6ffffdff)                                                             = 3
7908 [0x7f9f0ff8f697] SYS_read(3, 0x7fff82bf73a8, 832, 0x6ffffdff)                                                                 = 832
7908 [0x7f9f0ff8f604] SYS_fstat(3, 0x7fff82bf7280, 0x7fff82bf7280, 32)                                                             = 0
7908 [0x7f9f0ff8f80a] SYS_mmap(0, 4096, 3, 34)                                                                                     = 0x7f9f1018b000
7908 [0x7f9f0ff8f80a] SYS_mmap(0, 0x21c490, 5, 2050)                                                                               = 0x7f9f0e85e000
7908 [0x7f9f0ff8f857] SYS_mprotect(0x7f9f0e876000, 0x1ff000, 0, 2050)                                                              = 0
7908 [0x7f9f0ff8f80a] SYS_mmap(0x7f9f0ea75000, 8192, 3, 2066)                                                                      = 0x7f9f0ea75000
7908 [0x7f9f0ff8f80a] SYS_mmap(0x7f9f0ea77000, 0x3490, 3, 50)                                                                      = 0x7f9f0ea77000
7908 [0x7f9f0ff8f787] SYS_close(3, 16, 0, 0x6ffffdff)                                                                              = 0
7908 [0x7f9f0ff8f677] SYS_open(0x7f9f1018b4b8, 0x80000, 0, 0x6ffffdff)                                                             = 3
7908 [0x7f9f0ff8f697] SYS_read(3, 0x7fff82bf7378, 832, 0x6ffffdff)                                                                 = 832
7908 [0x7f9f0ff8f604] SYS_fstat(3, 0x7fff82bf7250, 0x7fff82bf7250, 32)                                                             = 0
7908 [0x7f9f0ff8f80a] SYS_mmap(0, 0x207bc0, 5, 2050)                                                                               = 0x7f9f0e656000
7908 [0x7f9f0ff8f857] SYS_mprotect(0x7f9f0e65d000, 0x1ff000, 0, 2050)                                                              = 0
7908 [0x7f9f0ff8f80a] SYS_mmap(0x7f9f0e85c000, 8192, 3, 2066)                                                                      = 0x7f9f0e85c000
7908 [0x7f9f0ff8f787] SYS_close(3, 16, 0, 0x6ffffdff)                                                                              = 0
7908 [0x7f9f0ff8f677] SYS_open(0x7f9f1018b988, 0x80000, 0, 0x6ffffdff)                                                             = 3
7908 [0x7f9f0ff8f697] SYS_read(3, 0x7fff82bf7348, 832, 0x6ffffdff)                                                                 = 832
7908 [0x7f9f0ff8f604] SYS_fstat(3, 0x7fff82bf7220, 0x7fff82bf7220, 16)                                                             = 0
7908 [0x7f9f0ff8f80a] SYS_mmap(0, 0x202e20, 5, 2050)                                                                               = 0x7f9f0e453000
7908 [0x7f9f0ff8f857] SYS_mprotect(0x7f9f0e456000, 0x1ff000, 0, 2050)                                                              = 0
7908 [0x7f9f0ff8f80a] SYS_mmap(0x7f9f0e655000, 4096, 3, 2066)                                                                      = 0x7f9f0e655000
7908 [0x7f9f0ff8f787] SYS_close(3, 16, 0x7f9f0e655c28, 0x6ffffdff)                                                                 = 0
7908 [0x7f9f0ff8f677] SYS_open(0x7f9f1018be58, 0x80000, 0, 0x6ffffdff)                                                             = 3
7908 [0x7f9f0ff8f697] SYS_read(3, 0x7fff82bf7318, 832, 0x6ffffdff)                                                                 = 832
7908 [0x7f9f0ff8f604] SYS_fstat(3, 0x7fff82bf71f0, 0x7fff82bf71f0, 16)                                                             = 0
7908 [0x7f9f0ff8f80a] SYS_mmap(0, 4096, 3, 34)                                                                                     = 0x7f9f1018a000
7908 [0x7f9f0ff8f80a] SYS_mmap(0, 0x209850, 5, 2050)                                                                               = 0x7f9f0e249000
7908 [0x7f9f0ff8f857] SYS_mprotect(0x7f9f0e253000, 0x1ff000, 0, 2050)                                                              = 0
7908 [0x7f9f0ff8f80a] SYS_mmap(0x7f9f0e452000, 4096, 3, 2066)                                                                      = 0x7f9f0e452000
7908 [0x7f9f0ff8f787] SYS_close(3, 16, 0x7f9f0e452618, 0x6ffffdff)                                                                 = 0
7908 [0x7f9f0ff8f677] SYS_open(0x7f9f1018a4b8, 0x80000, 0, 0x6ffffdff)                                                             = 3
7908 [0x7f9f0ff8f697] SYS_read(3, 0x7fff82bf72e8, 832, 0x6ffffdff)                                                                 = 832
7908 [0x7f9f0ff8f604] SYS_fstat(3, 0x7fff82bf71c0, 0x7fff82bf71c0, 16)                                                             = 0
7908 [0x7f9f0ff8f80a] SYS_mmap(0, 0x210868, 5, 2050)                                                                               = 0x7f9f0e038000
7908 [0x7f9f0ff8f857] SYS_mprotect(0x7f9f0e049000, 0x1ff000, 0, 2050)                                                              = 0
7908 [0x7f9f0ff8f80a] SYS_mmap(0x7f9f0e248000, 4096, 3, 2066)                                                                      = 0x7f9f0e248000
7908 [0x7f9f0ff8f787] SYS_close(3, 16, 0x7f9f0e248408, 0x6ffffdff)                                                                 = 0
7908 [0x7f9f0ff8f677] SYS_open(0x7f9f1018aa40, 0x80000, 0, 0x7f9f1018b9a0)                                                         = 3
7908 [0x7f9f0ff8f697] SYS_read(3, 0x7fff82bf7188, 832, 0x7f9f1018b9a0)                                                             = 832
7908 [0x7f9f0ff8f604] SYS_fstat(3, 0x7fff82bf7060, 0x7fff82bf7060, 16)                                                             = 0
7908 [0x7f9f0ff8f80a] SYS_mmap(0, 0x2032c8, 5, 2050)                                                                               = 0x7f9f0de34000
7908 [0x7f9f0ff8f857] SYS_mprotect(0x7f9f0de37000, 0x200000, 0, 2050)                                                              = 0
7908 [0x7f9f0ff8f80a] SYS_mmap(0x7f9f0e037000, 4096, 3, 2066)                                                                      = 0x7f9f0e037000
7908 [0x7f9f0ff8f787] SYS_close(3, 16, 0x7f9f0e037188, 0x6ffffdff)                                                                 = 0
7908 [0x7f9f0ff8f677] SYS_open(0x7f9f1018af28, 0x80000, 0, 0x6ffffdff)                                                             = 3
7908 [0x7f9f0ff8f697] SYS_read(3, 0x7fff82bf7158, 832, 0x6ffffdff)                                                                 = 832
7908 [0x7f9f0ff8f604] SYS_fstat(3, 0x7fff82bf7030, 0x7fff82bf7030, 16)                                                             = 0
7908 [0x7f9f0ff8f80a] SYS_mmap(0, 4096, 3, 34)                                                                                     = 0x7f9f10189000
7908 [0x7f9f0ff8f80a] SYS_mmap(0, 0x207820, 5, 2050)                                                                               = 0x7f9f0dc2c000
7908 [0x7f9f0ff8f857] SYS_mprotect(0x7f9f0dc33000, 0x200000, 0, 2050)                                                              = 0
7908 [0x7f9f0ff8f80a] SYS_mmap(0x7f9f0de33000, 4096, 3, 2066)                                                                      = 0x7f9f0de33000
7908 [0x7f9f0ff8f787] SYS_close(3, 16, 0x7f9f0de33188, 0x6ffffdff)                                                                 = 0
7908 [0x7f9f0ff8f677] SYS_open(0x7f9f101894c8, 0x80000, 0, 0x6ffffdff)                                                             = 3
7908 [0x7f9f0ff8f697] SYS_read(3, 0x7fff82bf7128, 832, 0x6ffffdff)                                                                 = 832
7908 [0x7f9f0ff8f604] SYS_fstat(3, 0x7fff82bf7000, 0x7fff82bf7000, 16)                                                             = 0
7908 [0x7f9f0ff8f80a] SYS_mmap(0, 0x201f30, 5, 2050)                                                                               = 0x7f9f0da2a000
7908 [0x7f9f0ff8f857] SYS_mprotect(0x7f9f0da2c000, 0x1ff000, 0, 2050)                                                              = 0
7908 [0x7f9f0ff8f80a] SYS_mmap(0x7f9f0dc2b000, 4096, 3, 2066)                                                                      = 0x7f9f0dc2b000
7908 [0x7f9f0ff8f787] SYS_close(3, 16, 0x7f9f0dc2be18, 0x6ffffdff)                                                                 = 0
7908 [0x7f9f0ff8f677] SYS_open(0x7f9f10189a60, 0x80000, 0, 0x7f9f1018d4d0)                                                         = 3
7908 [0x7f9f0ff8f697] SYS_read(3, 0x7fff82bf70f8, 832, 0x7f9f1018d4d0)                                                             = 832
7908 [0x7f9f0ff8f604] SYS_fstat(3, 0x7fff82bf6fd0, 0x7fff82bf6fd0, 16)                                                             = 0
7908 [0x7f9f0ff8f80a] SYS_mmap(0, 0x2022e8, 5, 2050)                                                                               = 0x7f9f0d827000
7908 [0x7f9f0ff8f857] SYS_mprotect(0x7f9f0d829000, 0x200000, 0, 2050)                                                              = 0
7908 [0x7f9f0ff8f80a] SYS_mmap(0x7f9f0da29000, 4096, 3, 2066)                                                                      = 0x7f9f0da29000
7908 [0x7f9f0ff8f787] SYS_close(3, 16, 0x7f9f0da29198, 0x6ffffdff)                                                                 = 0
7908 [0x7f9f0ff8f677] SYS_open(0x7f9f10189f40, 0x80000, 0, 0x6ffffdff)                                                             = 3
7908 [0x7f9f0ff8f697] SYS_read(3, 0x7fff82bf70c8, 832, 0x6ffffdff)                                                                 = 832
7908 [0x7f9f0ff8f604] SYS_fstat(3, 0x7fff82bf6fa0, 0x7fff82bf6fa0, 16)                                                             = 0
7908 [0x7f9f0ff8f80a] SYS_mmap(0, 4096, 3, 34)                                                                                     = 0x7f9f10188000
7908 [0x7f9f0ff8f80a] SYS_mmap(0, 0x201f30, 5, 2050)                                                                               = 0x7f9f0d625000
7908 [0x7f9f0ff8f857] SYS_mprotect(0x7f9f0d627000, 0x1ff000, 0, 2050)                                                              = 0
7908 [0x7f9f0ff8f80a] SYS_mmap(0x7f9f0d826000, 4096, 3, 2066)                                                                      = 0x7f9f0d826000
7908 [0x7f9f0ff8f787] SYS_close(3, 16, 0x7f9f0d826e18, 0x6ffffdff)                                                                 = 0
7908 [0x7f9f0ff8f677] SYS_open(0x7f9f101884c0, 0x80000, 0, 0x6ffffdff)                                                             = 3
7908 [0x7f9f0ff8f697] SYS_read(3, 0x7fff82bf7098, 832, 0x6ffffdff)                                                                 = 832
7908 [0x7f9f0ff8f604] SYS_fstat(3, 0x7fff82bf6f70, 0x7fff82bf6f70, 16)                                                             = 0
7908 [0x7f9f0ff8f80a] SYS_mmap(0, 0x2038b8, 5, 2050)                                                                               = 0x7f9f0d421000
7908 [0x7f9f0ff8f857] SYS_mprotect(0x7f9f0d425000, 0x1ff000, 0, 2050)                                                              = 0
7908 [0x7f9f0ff8f80a] SYS_mmap(0x7f9f0d624000, 4096, 3, 2066)                                                                      = 0x7f9f0d624000
7908 [0x7f9f0ff8f787] SYS_close(3, 16, 0x7f9f0d624748, 0x6ffffdff)                                                                 = 0
7908 [0x7f9f0ff8f677] SYS_open(0x7f9f10188a60, 0x80000, 0, 0x7f9f1018b000)                                                         = 3
7908 [0x7f9f0ff8f697] SYS_read(3, 0x7fff82bf7038, 832, 0x7f9f1018b000)                                                             = 832
7908 [0x7f9f0ff8f604] SYS_fstat(3, 0x7fff82bf6f10, 0x7fff82bf6f10, 16)                                                             = 0
7908 [0x7f9f0ff8f80a] SYS_mmap(0, 0x210848, 5, 2050)                                                                               = 0x7f9f0d210000
7908 [0x7f9f0ff8f857] SYS_mprotect(0x7f9f0d220000, 0x1ff000, 0, 2050)                                                              = 0
7908 [0x7f9f0ff8f80a] SYS_mmap(0x7f9f0d41f000, 8192, 3, 2066)                                                                      = 0x7f9f0d41f000
7908 [0x7f9f0ff8f787] SYS_close(3, 16, 0x7f9f0d41fd90, 0x6ffffdff)                                                                 = 0
7908 [0x7f9f0ff8f677] SYS_open(0x7f9f10188f48, 0x80000, 0, 0x6ffffdff)                                                             = 3
7908 [0x7f9f0ff8f697] SYS_read(3, 0x7fff82bf7008, 832, 0x6ffffdff)                                                                 = 832
7908 [0x7f9f0ff8f604] SYS_fstat(3, 0x7fff82bf6ee0, 0x7fff82bf6ee0, 16)                                                             = 0
7908 [0x7f9f0ff8f80a] SYS_mmap(0, 4096, 3, 34)                                                                                     = 0x7f9f10187000
7908 [0x7f9f0ff8f80a] SYS_mmap(0, 0x20acf0, 5, 2050)                                                                               = 0x7f9f0d005000
7908 [0x7f9f0ff8f857] SYS_mprotect(0x7f9f0d010000, 0x1ff000, 0, 2050)                                                              = 0
7908 [0x7f9f0ff8f80a] SYS_mmap(0x7f9f0d20f000, 4096, 3, 2066)                                                                      = 0x7f9f0d20f000
7908 [0x7f9f0ff8f787] SYS_close(3, 16, 0x7f9f0d20f750, 0x6ffffdff)                                                                 = 0
7908 [0x7f9f0ff8f677] SYS_open(0x7f9f10187560, 0x80000, 0, 0x7f9f1018b000)                                                         = 3
7908 [0x7f9f0ff8f697] SYS_read(3, 0x7fff82bf6fd8, 832, 0x7f9f1018b000)                                                             = 832
7908 [0x7f9f0ff8f604] SYS_fstat(3, 0x7fff82bf6eb0, 0x7fff82bf6eb0, 32)                                                             = 0
7908 [0x7f9f0ff8f80a] SYS_mmap(0, 0x2361e0, 5, 2050)                                                                               = 0x7f9f0cdce000
7908 [0x7f9f0ff8f857] SYS_mprotect(0x7f9f0cdd6000, 0x1ff000, 0, 2050)                                                              = 0
7908 [0x7f9f0ff8f80a] SYS_mmap(0x7f9f0cfd5000, 8192, 3, 2066)                                                                      = 0x7f9f0cfd5000
7908 [0x7f9f0ff8f80a] SYS_mmap(0x7f9f0cfd7000, 0x2d1e0, 3, 50)                                                                     = 0x7f9f0cfd7000
7908 [0x7f9f0ff8f787] SYS_close(3, 16, 0, 0x6ffffdff)                                                                              = 0
7908 [0x7f9f0ff8f677] SYS_open(0x7f9f10187a30, 0x80000, 0, 0x6ffffdff)                                                             = 3
7908 [0x7f9f0ff8f697] SYS_read(3, 0x7fff82bf6fa8, 832, 0x6ffffdff)                                                                 = 832
7908 [0x7f9f0ff8f604] SYS_fstat(3, 0x7fff82bf6e80, 0x7fff82bf6e80, 16)                                                             = 0
7908 [0x7f9f0ff8f80a] SYS_mmap(0, 0x43fe88, 5, 2050)                                                                               = 0x7f9f0c98e000
7908 [0x7f9f0ff8f857] SYS_mprotect(0x7f9f0cba3000, 0x200000, 0, 2050)                                                              = 0
7908 [0x7f9f0ff8f80a] SYS_mmap(0x7f9f0cda3000, 0x27000, 3, 2066)                                                                   = 0x7f9f0cda3000
7908 [0x7f9f0ff8f80a] SYS_mmap(0x7f9f0cdca000, 0x3e88, 3, 50)                                                                      = 0x7f9f0cdca000
7908 [0x7f9f0ff8f857] SYS_mprotect(0x7fff82bf8000, 4096, 0x1000007, 4)                                                             = 0
7908 [0x7f9f0ff8f787] SYS_close(3, 4096, 0x1000007, 4)                                                                             = 0
7908 [0x7f9f0ff8f677] SYS_open(0x7f9f10187fb0, 0x80000, 0, 0x7f9f1018a4d0)                                                         = 3
7908 [0x7f9f0ff8f697] SYS_read(3, 0x7fff82bf6f78, 832, 0x7f9f1018a4d0)                                                             = 832
7908 [0x7f9f0ff8f604] SYS_fstat(3, 0x7fff82bf6e50, 0x7fff82bf6e50, 16)                                                             = 0
7908 [0x7f9f0ff8f80a] SYS_mmap(0, 4096, 3, 34)                                                                                     = 0x7f9f10186000
7908 [0x7f9f0ff8f80a] SYS_mmap(0, 0x215730, 5, 2050)                                                                               = 0x7f9f0c778000
7908 [0x7f9f0ff8f857] SYS_mprotect(0x7f9f0c78e000, 0x1ff000, 0, 2050)                                                              = 0
7908 [0x7f9f0ff8f80a] SYS_mmap(0x7f9f0c98d000, 4096, 3, 2066)                                                                      = 0x7f9f0c98d000
7908 [0x7f9f0ff8f787] SYS_close(3, 16, 0x7f9f0c98d490, 0x6ffffdff)                                                                 = 0
7908 [0x7f9f0ff8f677] SYS_open(0x7f9f101864f0, 0x80000, 0, 0x6ffffdff)                                                             = 3
7908 [0x7f9f0ff8f697] SYS_read(3, 0x7fff82bf6f48, 832, 0x6ffffdff)                                                                 = 832
7908 [0x7f9f0ff8f604] SYS_fstat(3, 0x7fff82bf6e20, 0x7fff82bf6e20, 32)                                                             = 0
7908 [0x7f9f0ff8f80a] SYS_mmap(0, 0x2fd148, 5, 2050)                                                                               = 0x7f9f0c47a000
7908 [0x7f9f0ff8f857] SYS_mprotect(0x7f9f0c577000, 0x1ff000, 0, 2050)                                                              = 0
7908 [0x7f9f0ff8f80a] SYS_mmap(0x7f9f0c776000, 8192, 3, 2066)                                                                      = 0x7f9f0c776000
7908 [0x7f9f0ff8f787] SYS_close(3, 16, 0, 0x6ffffdff)                                                                              = 0
7908 [0x7f9f0ff8f677] SYS_open(0x7fff82bf6d10, 0x80000, 0, 0x36782f39325f3130)                                                     = -2
7908 [0x7f9f0ff8f5c5] SYS_stat(0x7fff82bf6d10, 0x7fff82bf6df0, 0x7fff82bf6df0, 0x36782f39325f3130)                                 = -2
7908 [0x7f9f0ff8f677] SYS_open(0x7fff82bf6d10, 0x80000, 0, 0x36782f39325f3130)                                                     = -2
7908 [0x7f9f0ff8f5c5] SYS_stat(0x7fff82bf6d10, 0x7fff82bf6df0, 0x7fff82bf6df0, 0x36782f39325f3130)                                 = -2
7908 [0x7f9f0ff8f677] SYS_open(0x7fff82bf6d10, 0x80000, 0, 0x36782f39325f3130)                                                     = -2
7908 [0x7f9f0ff8f5c5] SYS_stat(0x7fff82bf6d10, 0x7fff82bf6df0, 0x7fff82bf6df0, 0x36782f39325f3130)                                 = -2
7908 [0x7f9f0ff8f677] SYS_open(0x7fff82bf6d10, 0x80000, 0, 0x36782f39325f3130)                                                     = -2
7908 [0x7f9f0ff8f5c5] SYS_stat(0x7fff82bf6d10, 0x7fff82bf6df0, 0x7fff82bf6df0, 0x36782f39325f3130)                                 = -2
7908 [0x7f9f0ff8f677] SYS_open(0x7f9f10186dd0, 0x80000, 0, 0x36782f39325f3130)                                                     = 3
7908 [0x7f9f0ff8f697] SYS_read(3, 0x7fff82bf6f18, 832, 0x36782f39325f3130)                                                         = 832
7908 [0x7f9f0ff8f604] SYS_fstat(3, 0x7fff82bf6df0, 0x7fff82bf6df0, 16)                                                             = 0
7908 [0x7f9f0ff8f80a] SYS_mmap(0, 4096, 3, 34)                                                                                     = 0x7f9f10185000
7908 [0x7f9f0ff8f80a] SYS_mmap(0, 0x2f8980, 5, 2050)                                                                               = 0x7f9f0c181000
7908 [0x7f9f0ff8f857] SYS_mprotect(0x7f9f0c278000, 0x200000, 0, 2050)                                                              = 0
7908 [0x7f9f0ff8f80a] SYS_mmap(0x7f9f0c478000, 8192, 3, 2066)                                                                      = 0x7f9f0c478000
7908 [0x7f9f0ff8f787] SYS_close(3, 16, 0x7f9f0c4783a0, 0x6ffffdff)                                                                 = 0
7908 [0x7f9f0ff8f677] SYS_open(0x7f9f101854c8, 0x80000, 0, 0x6ffffdff)                                                             = 3
7908 [0x7f9f0ff8f697] SYS_read(3, 0x7fff82bf6ee8, 832, 0x6ffffdff)                                                                 = 832
7908 [0x7f9f0ff8f604] SYS_fstat(3, 0x7fff82bf6dc0, 0x7fff82bf6dc0, 16)                                                             = 0
7908 [0x7f9f0ff8f80a] SYS_mmap(0, 0x2fc9d8, 5, 2050)                                                                               = 0x7f9f0be84000
7908 [0x7f9f0ff8f857] SYS_mprotect(0x7f9f0bf7f000, 0x200000, 0, 2050)                                                              = 0
7908 [0x7f9f0ff8f80a] SYS_mmap(0x7f9f0c17f000, 8192, 3, 2066)                                                                      = 0x7f9f0c17f000
7908 [0x7f9f0ff8f787] SYS_close(3, 16, 0x7f9f0c180828, 0x6ffffdff)                                                                 = 0
7908 [0x7f9f0ff8f677] SYS_open(0x7f9f10185998, 0x80000, 0, 0x6ffffdff)                                                             = 3
7908 [0x7f9f0ff8f697] SYS_read(3, 0x7fff82bf6eb8, 832, 0x6ffffdff)                                                                 = 832
7908 [0x7f9f0ff8f604] SYS_fstat(3, 0x7fff82bf6d90, 0x7fff82bf6d90, 16)                                                             = 0
7908 [0x7f9f0ff8f80a] SYS_mmap(0, 0x242830, 5, 2050)                                                                               = 0x7f9f0bc41000
7908 [0x7f9f0ff8f857] SYS_mprotect(0x7f9f0bc84000, 0x1ff000, 0, 2050)                                                              = 0
7908 [0x7f9f0ff8f80a] SYS_mmap(0x7f9f0be83000, 4096, 3, 2066)                                                                      = 0x7f9f0be83000
7908 [0x7f9f0ff8f787] SYS_close(3, 16, 0x7f9f0be83630, 0x6ffffdff)                                                                 = 0
7908 [0x7f9f0ff8f677] SYS_open(0x7f9f10185f70, 0x80000, 0, 0x7f9f1018c9b8)                                                         = 3
7908 [0x7f9f0ff8f697] SYS_read(3, 0x7fff82bf6e88, 832, 0x7f9f1018c9b8)                                                             = 832
7908 [0x7f9f0ff8f604] SYS_fstat(3, 0x7fff82bf6d60, 0x7fff82bf6d60, 32)                                                             = 0
7908 [0x7f9f0ff8f80a] SYS_mmap(0, 4096, 3, 34)                                                                                     = 0x7f9f10184000
7908 [0x7f9f0ff8f80a] SYS_mmap(0, 0x203118, 5, 2050)                                                                               = 0x7f9f0ba3d000
7908 [0x7f9f0ff8f857] SYS_mprotect(0x7f9f0ba3f000, 0x200000, 0, 2050)                                                              = 0
7908 [0x7f9f0ff8f80a] SYS_mmap(0x7f9f0bc3f000, 8192, 3, 2066)                                                                      = 0x7f9f0bc3f000
7908 [0x7f9f0ff8f787] SYS_close(3, 16, 0x7f9f0bc3ff40, 0x6ffffdff)                                                                 = 0
7908 [0x7f9f0ff8f80a] SYS_mmap(0, 4096, 3, 34)                                                                                     = 0x7f9f10183000
7908 [0x7f9f0ff8f80a] SYS_mmap(0, 4096, 3, 34)                                                                                     = 0x7f9f10182000
7908 [0x7f9f0ff8f80a] SYS_mmap(0, 8192, 3, 34)                                                                                     = 0x7f9f10180000
7908 [0x7f9f0ff79044] SYS_arch_prctl(4098, 0x7f9f10180780, 0x7f9f10181080, 34)                                                     = 0
7908 [0x7f9f0ff8f857] SYS_mprotect(0x7f9f0f8cf000, 0x4000, 1, 1)                                                                   = 0
7908 [0x7f9f0ff8f857] SYS_mprotect(0x7f9f0bc3f000, 4096, 1, 0x7f9f0ba3dc68)                                                        = 0
7908 [0x7f9f0ff8f857] SYS_mprotect(0x7f9f0ea75000, 4096, 1, 0x7f9f0e863500)                                                        = 0
7908 [0x7f9f0ff8f857] SYS_mprotect(0x7f9f0c776000, 4096, 1, 1)                                                                     = 0
7908 [0x7f9f0ff8f857] SYS_mprotect(0x7f9f0cfd5000, 4096, 1, 0x7f9f0cdcea00)                                                        = 0
7908 [0x7f9f0ff8f857] SYS_mprotect(0x7f9f0ed39000, 0x7000, 1, 0x7f9f0ead3810)                                                      = 0
7908 [0x7f9f0ff8f857] SYS_mprotect(0x7f9f0e85c000, 4096, 1, 0x7f9f0e657d58)                                                        = 0
7908 [0x7f9f0ff8f857] SYS_mprotect(0x7f9f10198000, 4096, 1, 0)                                                                     = 0
7908 [0x7f9f0ff8f837] SYS_munmap(0x7f9f1018e000, 0x83b3, 0x74d00, 0)                                                               = 0
7908 [0x7f9f0e864e92] SYS_set_tid_address(0x7f9f10180a50, 0x7fff82bf8e78, 0x7f9f10180780, 0)                                       = 7908
7908 [0x7f9f0e864efa] SYS_set_robust_list(0x7f9f10180a60, 24, 0x7f9f10180780, 0)                                                   = 0
7908 [0x7f9f0e86ecf5] SYS_rt_sigaction(32, 0x7fff82bf8bc8, 0, 8)                                                                   = 0
7908 [0x7f9f0e86ecf5] SYS_rt_sigaction(33, 0x7fff82bf8bc8, 0, 8)                                                                   = 0
7908 [0x7f9f0e864fd6] SYS_rt_sigprocmask(1, 0x7fff82bf8d18, 0, 8)                                                                  = 0
7908 [0x7f9f0f61bb17] SYS_getrlimit(3, 0x7fff82bf8db0, 63, 1)                                                                      = 0
7908 [0x7f9f0e864b95] SYS_futex(0x7f9f0ed437e0, 129, 0x7fffffff, 0)                                                                = 0
7908 [0x4008fd] ledctrl->Lookup_Nas_Info(_T_NAS_PROP_&)(0x7fff82bf8cc0, 0x7fff82bf9b94, 0, 0x7fff82bf9b93 <unfinished ...>
7908 [0x7f9f0fd22d11]   libnasman.so->Open_Share_Memory(char const*, int, void*&, int&)(0x7f9f0fd6708e, 0, 0x7fff82bf8c80, 0x7fff82bf8c8c <unfinished ...>
7908 [0x7f9f0f616557]     SYS_statfs(0x7f9f0e8711e8, 0x7fff82bf8a20, 0x7f9f0ea7a310, 1)                                            = 0
7908 [0x7f9f0e864b95]     SYS_futex(0x7f9f0ea7a310, 129, 0x7fffffff, 0)                                                            = 0
7908 [0x7f9f0f6167e0]     SYS_open(0x7fff82bf8b30, 0xa0000, 484, 1)                                                                = 3
7908 [0x7f9f0f6163b4]     SYS_fstat(3, 0x7fff82bf8bc0, 0x7fff82bf8bc0, 1)                                                          = 0
7908 [0x7f9f0f61f72a]     SYS_mmap(0, 0x2788, 1, 1)                                                                                = 0x7f9f10194000
7908 [0x7f9f0f617070]     SYS_close(3, 0x2788, 1, 1)                                                                               = 0
7908 [0x7f9f0fd22d11]   <... Open_Share_Memory(char const*, int, void*&, int&) resumed> )                                          = 0
7908 [0x7f9f0fd22d4d]   libnasman.so->Open_Share_Memory(char const*, int, void*&, int&)(0x7f9f0fd670a7, 0, 0x7fff82bf8c80, 0x7fff82bf8c8c <unfinished ...>
7908 [0x7f9f0f6167e0]     SYS_open(0x7fff82bf8b30, 0xa0000, 484, 1)                                                                = 3
7908 [0x7f9f0f6163b4]     SYS_fstat(3, 0x7fff82bf8bc0, 0x7fff82bf8bc0, 1)                                                          = 0
7908 [0x7f9f0f61f72a]     SYS_mmap(0, 3536, 1, 1)                                                                                  = 0x7f9f10193000
7908 [0x7f9f0f617070]     SYS_close(3, 3536, 1, 1)                                                                                 = 0
7908 [0x7f9f0fd22d4d]   <... Open_Share_Memory(char const*, int, void*&, int&) resumed> )                                          = 0
7908 [0x7f9f0fd22d7f]   libnasman.so->Open_Share_Memory(char const*, int, void*&, int&)(0x7f9f0fd670b5, 0, 0x7fff82bf8c80, 0x7fff82bf8c8c <unfinished ...>
7908 [0x7f9f0f6167e0]     SYS_open(0x7fff82bf8b30, 0xa0000, 484, 1)                                                                = 3
7908 [0x7f9f0f6163b4]     SYS_fstat(3, 0x7fff82bf8bc0, 0x7fff82bf8bc0, 1)                                                          = 0
7908 [0x7f9f0f61f72a]     SYS_mmap(0, 4080, 1, 1)                                                                                  = 0x7f9f10192000
7908 [0x7f9f0f617070]     SYS_close(3, 4080, 1, 1)                                                                                 = 0
7908 [0x7f9f0fd22d7f]   <... Open_Share_Memory(char const*, int, void*&, int&) resumed> )                                          = 0
7908 [0x4008fd] <... Lookup_Nas_Info(_T_NAS_PROP_&) resumed> )                                                                     = 0
7908 [0x400934] ledctrl->Hal_Led_Set_Hdd_Mode(1, 9, 1, 0 <unfinished ...>
7908 [0x7f9f0f8dff15]   libnhal.so->Hal_Lookup_Hardware_Info(0x7fff82bf8bb0, 9, 1, 0 <unfinished ...>
7908 [0x7f9f0f6167e0]     SYS_open(0x7fff82bf8ab0, 0xa0002, 484, 1)                                                                = 3
7908 [0x7f9f0f61f72a]     SYS_mmap(0, 220, 3, 1)                                                                                   = 0x7f9f10191000
7908 [0x7f9f0f617070]     SYS_close(3, 220, 3, 1)                                                                                  = 0
7908 [0x7f9f0f8de7f0]     libnhal.so->Hw_Semaphore_Init(0x7fff82bf8b60, 0x7f9f0f8e1287, 1, -1 <unfinished ...>
7908 [0x7f9f0f616405]       SYS_lstat(0x7fff82bf8a10, 0x7fff82bf8920, 0x7fff82bf8920, 0)                                           = -2
7908 [0x7f9f0e86e510]       SYS_open(0x7fff82bf8a10, 194, 600, 0)                                                                  = 3
7908 [0x7f9f0e86dda0]       SYS_write(3, 0x7fff82bf8a90, 32, 0)                                                                    = 32
7908 [0x7f9f0f61f72a]       SYS_mmap(0, 32, 3, 1)                                                                                  = 0x7f9f10190000
7908 [0x7f9f0f6181a7]       SYS_link(0x7fff82bf8a10, 0x7fff82bf8a40, 3, 1)                                                         = -17
7908 [0x7f9f0f61f757]       SYS_munmap(0x7f9f10190000, 32, 3, 1)                                                                   = 0
7908 [0x7f9f0f6182c7]       SYS_unlink(0x7fff82bf8a10, 32, 3, 1)                                                                   = 0
7908 [0x7f9f0e86de60]       SYS_close(3, 32, 3, 1)                                                                                 = 0
7908 [0x7f9f0e86e510]       SYS_open(0x7fff82bf8a40, 0x20002, 18, 1)                                                               = 3
7908 [0x7f9f0f6163b4]       SYS_fstat(3, 0x7fff82bf8970, 0x7fff82bf8970, 1)                                                        = 0
7908 [0x7f9f0f61bf5a]       SYS_brk(0, 0x7f9f0f8d3640, 0, -4096)                                                                   = 0x1b1b000
7908 [0x7f9f0f61bf5a]       SYS_brk(0x1b3c000, 0x1b1b000, 0x1b3c000, -4096)                                                        = 0x1b3c000
7908 [0x7f9f0f61f72a]       SYS_mmap(0, 32, 3, 1)                                                                                  = 0x7f9f10190000
7908 [0x7f9f0e86de60]       SYS_close(3, 32, 0, 3)                                                                                 = 0
7908 [0x7f9f0f8de7f0]     <... Hw_Semaphore_Init resumed> )                                                                        = 17
7908 [0x7f9f0f8de800]     libnhal.so->Hw_Semaphore_Lock(0x7fff82bf8b60, 32, 0x7f9f10190000, -1)                                    = 0
7908 [0x7f9f0f8de918]     libnhal.so->Hw_Semaphore_Unlock(0x7fff82bf8b60, 2, 0x7f9f10191000, 0)                                    = 0
7908 [0x7f9f0f8de924]     libnhal.so->Hw_Semaphore_Release(0x7fff82bf8b60, 128, 0, 0 <unfinished ...>
7908 [0x7f9f0f61f757]       SYS_munmap(0x7f9f10190000, 32, 0, 1)                                                                   = 0
7908 [0x7f9f0f8de924]     <... Hw_Semaphore_Release resumed> )                                                                     = 0
7908 [0x7f9f0f8dff15]   <... Hal_Lookup_Hardware_Info resumed> )                                                                   = 0
7908 [0x400934] <... Hal_Led_Set_Hdd_Mode resumed> )                                                                               = 0xffffffea
7908 [0x7f9f0fd22f15] libnasman.so->Close_Share_Memory(char const*, void*)(0x7f9f0fd6708e, 0x7f9f10194000, 0x7f6d53cf0f8f85fd, 4 <unfinished ...>
7908 [0x7f9f0fd22b6e]   libnasman.so->Get_File_Size(char const*, long*)(0x7fff82bf8a20, 0x7fff82bf8b48, 0x7fff82bf8a35, 0 <unfinished ...>
7908 [0x7f9f0f616365]     SYS_stat(0x7fff82bf8a20, 0x7fff82bf8980, 0x7fff82bf8980, 1)                                              = 0
7908 [0x7f9f0fd22b6e]   <... Get_File_Size(char const*, long*) resumed> )                                                          = 0
7908 [0x7f9f0f61f757]   SYS_munmap(0x7f9f10194000, 0x2788, 0x7fff82bf8980, 1)                                                      = 0
7908 [0x7f9f0fd22f15] <... Close_Share_Memory(char const*, void*) resumed> )                                                       = 0
7908 [0x7f9f0fd22f37] libnasman.so->Close_Share_Memory(char const*, void*)(0x7f9f0fd670a7, 0x7f9f10193000, 0, -1 <unfinished ...>
7908 [0x7f9f0fd22b6e]   libnasman.so->Get_File_Size(char const*, long*)(0x7fff82bf8a20, 0x7fff82bf8b48, 0x7fff82bf8a36, 0 <unfinished ...>
7908 [0x7f9f0f616365]     SYS_stat(0x7fff82bf8a20, 0x7fff82bf8980, 0x7fff82bf8980, 1)                                              = 0
7908 [0x7f9f0fd22b6e]   <... Get_File_Size(char const*, long*) resumed> )                                                          = 0
7908 [0x7f9f0f61f757]   SYS_munmap(0x7f9f10193000, 3536, 0x7fff82bf8980, 1)                                                        = 0
7908 [0x7f9f0fd22f37] <... Close_Share_Memory(char const*, void*) resumed> )                                                       = 0
7908 [0x7f9f0fd22f59] libnasman.so->Close_Share_Memory(char const*, void*)(0x7f9f0fd670b5, 0x7f9f10192000, 0, -1 <unfinished ...>
7908 [0x7f9f0fd22b6e]   libnasman.so->Get_File_Size(char const*, long*)(0x7fff82bf8a20, 0x7fff82bf8b48, 0x7fff82bf8a36, 0 <unfinished ...>
7908 [0x7f9f0f616365]     SYS_stat(0x7fff82bf8a20, 0x7fff82bf8980, 0x7fff82bf8980, 1)                                              = 0
7908 [0x7f9f0fd22b6e]   <... Get_File_Size(char const*, long*) resumed> )                                                          = 0
7908 [0x7f9f0f61f757]   SYS_munmap(0x7f9f10192000, 4080, 0x7fff82bf8980, 1)                                                        = 0
7908 [0x7f9f0fd22f59] <... Close_Share_Memory(char const*, void*) resumed> )                                                       = 0
7908 [0x7f9f0f570932] libgeneral.so->Trace_Mem_Destroy()(0x7f9f0f288d40, 0, 0x7f6d5269344f85fd, 16)                                = 0
7908 [0x7f9f0f5f3468] SYS_exit_group(-22, 60, -22, 0x7f9f0f8d6a48 <no return ...>
7908 [0xffffffffffffffff] +++ exited (status 234) +++
