8712 [0x7f3f7e12e8aa] SYS_brk(0, 0x7f3f7e131fa0, 0, 895)                                                                           = 0x258a000
8712 [0x7f3f7e12f7e7] SYS_readlink(0x7fff7a13cb7e, 0x7fff7a13acb0, 4096, 0x756e694c00000000)                                       = -2
8712 [0x7f3f7e12f677] SYS_open(0x7f3f7e1331f3, 0, 0, 0x756e694c00000000)                                                           = 3
8712 [0x7f3f7e12f7a7] SYS_chdir(0x7f3f7e33aba8, 0, 0, 0x756e694c00000000)                                                          = -2
8712 [0x7f3f7e12e9d2] SYS_getcwd(0x7fff7a13acb0, 4096, 0, 0x756e694c00000000)                                                      = 23
8712 [0x7f3f7e12f7c7] SYS_fchdir(3, 4096, 0, 0x756e694c00000000)                                                                   = 0
8712 [0x7f3f7e12f787] SYS_close(3, 4096, 0, 0x756e694c00000000)                                                                    = 0
8712 [0x7f3f7e12f80a] SYS_mmap(0, 4096, 3, 34)                                                                                     = 0x7f3f7e337000
8712 [0x7f3f7e12f6d7] SYS_access(0x7f3f7e135700, 4, 0x7f3f7e33a718, 0)                                                             = -2
8712 [0x7f3f7e12f677] SYS_open(0x7f3f7e133072, 0x80000, 1, 0)                                                                      = 3
8712 [0x7f3f7e12f604] SYS_fstat(3, 0x7fff7a13a490, 0x7fff7a13a490, 0)                                                              = 0
8712 [0x7f3f7e12f80a] SYS_mmap(0, 0x83b3, 1, 2)                                                                                    = 0x7f3f7e32e000
8712 [0x7f3f7e12f787] SYS_close(3, 0x83b3, 1, 2)                                                                                   = 0
8712 [0x7f3f7e12f677] SYS_open(0x7f3f7e337640, 0x80000, 0, 56)                                                                     = 3
8712 [0x7f3f7e12f697] SYS_read(3, 0x7fff7a13a618, 832, 56)                                                                         = 832
8712 [0x7f3f7e12f604] SYS_fstat(3, 0x7fff7a13a4f0, 0x7fff7a13a4f0, 16)                                                             = 0
8712 [0x7f3f7e12f80a] SYS_mmap(0, 0x278960, 5, 2050)                                                                               = 0x7f3f7de9f000
8712 [0x7f3f7e12f857] SYS_mprotect(0x7f3f7df15000, 0x200000, 0, 2050)                                                              = 0
8712 [0x7f3f7e12f80a] SYS_mmap(0x7f3f7e115000, 0x3000, 3, 2066)                                                                    = 0x7f3f7e115000
8712 [0x7f3f7e12f787] SYS_close(3, 16, 0x7f3f7e1153e0, 0x6ffffdff)                                                                 = 0
8712 [0x7f3f7e12f677] SYS_open(0x7f3f7e337b10, 0x80000, 0, 0x6ffffdff)                                                             = 3
8712 [0x7f3f7e12f697] SYS_read(3, 0x7fff7a13a5e8, 832, 0x6ffffdff)                                                                 = 832
8712 [0x7f3f7e12f604] SYS_fstat(3, 0x7fff7a13a4c0, 0x7fff7a13a4c0, 16)                                                             = 0
8712 [0x7f3f7e12f80a] SYS_mmap(0, 0x21bee0, 5, 2050)                                                                               = 0x7f3f7dc83000
8712 [0x7f3f7e12f857] SYS_mprotect(0x7f3f7dc9e000, 0x200000, 0, 2050)                                                              = 0
8712 [0x7f3f7e12f80a] SYS_mmap(0x7f3f7de9e000, 4096, 3, 2066)                                                                      = 0x7f3f7de9e000
8712 [0x7f3f7e12f787] SYS_close(3, 16, 0x7f3f7de9e208, 0x6ffffdff)                                                                 = 0
8712 [0x7f3f7e12f677] SYS_open(0x7f3f7e337fe0, 0x80000, 0, 0x6ffffdff)                                                             = 3
8712 [0x7f3f7e12f697] SYS_read(3, 0x7fff7a13a5b8, 832, 0x6ffffdff)                                                                 = 832
8712 [0x7f3f7e12f604] SYS_fstat(3, 0x7fff7a13a490, 0x7fff7a13a490, 16)                                                             = 0
8712 [0x7f3f7e12f80a] SYS_mmap(0, 4096, 3, 34)                                                                                     = 0x7f3f7e32d000
8712 [0x7f3f7e12f80a] SYS_mmap(0, 0x209ad0, 5, 2050)                                                                               = 0x7f3f7da79000
8712 [0x7f3f7e12f857] SYS_mprotect(0x7f3f7da83000, 0x1ff000, 0, 2050)                                                              = 0
8712 [0x7f3f7e12f80a] SYS_mmap(0x7f3f7dc82000, 4096, 3, 2066)                                                                      = 0x7f3f7dc82000
8712 [0x7f3f7e12f787] SYS_close(3, 16, 0x7f3f7dc82690, 0x6ffffdff)                                                                 = 0
8712 [0x7f3f7e12f677] SYS_open(0x7f3f7e32d4b8, 0x80000, 0, 0x6ffffdff)                                                             = 3
8712 [0x7f3f7e12f697] SYS_read(3, 0x7fff7a13a588, 832, 0x6ffffdff)                                                                 = 832
8712 [0x7f3f7e12f604] SYS_fstat(3, 0x7fff7a13a460, 0x7fff7a13a460, 32)                                                             = 0
8712 [0x7f3f7e12f80a] SYS_mmap(0, 0x39dc40, 5, 2050)                                                                               = 0x7f3f7d6db000
8712 [0x7f3f7e12f857] SYS_mprotect(0x7f3f7d86f000, 0x200000, 0, 2050)                                                              = 0
8712 [0x7f3f7e12f80a] SYS_mmap(0x7f3f7da6f000, 0x6000, 3, 2066)                                                                    = 0x7f3f7da6f000
8712 [0x7f3f7e12f80a] SYS_mmap(0x7f3f7da75000, 0x3c40, 3, 50)                                                                      = 0x7f3f7da75000
8712 [0x7f3f7e12f787] SYS_close(3, 16, 0, 0x6ffffdff)                                                                              = 0
8712 [0x7f3f7e12f677] SYS_open(0x7f3f7e32d988, 0x80000, 0, 0x6ffffdff)                                                             = 3
8712 [0x7f3f7e12f697] SYS_read(3, 0x7fff7a13a438, 832, 0x6ffffdff)                                                                 = 832
8712 [0x7f3f7e12f604] SYS_fstat(3, 0x7fff7a13a310, 0x7fff7a13a310, 16)                                                             = 0
8712 [0x7f3f7e12f80a] SYS_mmap(0, 0x2b09d0, 5, 2050)                                                                               = 0x7f3f7d42a000
8712 [0x7f3f7e12f857] SYS_mprotect(0x7f3f7d4d9000, 0x1ff000, 0, 2050)                                                              = 0
8712 [0x7f3f7e12f80a] SYS_mmap(0x7f3f7d6d8000, 0x3000, 3, 2066)                                                                    = 0x7f3f7d6d8000
8712 [0x7f3f7e12f787] SYS_close(3, 16, 0x7f3f7d6d89a8, 0x6ffffdff)                                                                 = 0
8712 [0x7f3f7e12f677] SYS_open(0x7f3f7e32de58, 0x80000, 0, 0x6ffffdff)                                                             = 3
8712 [0x7f3f7e12f697] SYS_read(3, 0x7fff7a13a408, 832, 0x6ffffdff)                                                                 = 832
8712 [0x7f3f7e12f604] SYS_fstat(3, 0x7fff7a13a2e0, 0x7fff7a13a2e0, 16)                                                             = 0
8712 [0x7f3f7e12f80a] SYS_mmap(0, 4096, 3, 34)                                                                                     = 0x7f3f7e32c000
8712 [0x7f3f7e12f80a] SYS_mmap(0, 0x294ee0, 5, 2050)                                                                               = 0x7f3f7d195000
8712 [0x7f3f7e12f857] SYS_mprotect(0x7f3f7d227000, 0x1ff000, 0, 2050)                                                              = 0
8712 [0x7f3f7e12f80a] SYS_mmap(0x7f3f7d426000, 0x3000, 3, 2066)                                                                    = 0x7f3f7d426000
8712 [0x7f3f7e12f80a] SYS_mmap(0x7f3f7d429000, 3808, 3, 50)                                                                        = 0x7f3f7d429000
8712 [0x7f3f7e12f787] SYS_close(3, 16, 0x7f3f7d426e30, 0x6ffffdff)                                                                 = 0
8712 [0x7f3f7e12f677] SYS_open(0x7f3f7e32c4b8, 0x80000, 0, 0x6ffffdff)                                                             = 3
8712 [0x7f3f7e12f697] SYS_read(3, 0x7fff7a13a3d8, 832, 0x6ffffdff)                                                                 = 832
8712 [0x7f3f7e12f604] SYS_fstat(3, 0x7fff7a13a2b0, 0x7fff7a13a2b0, 16)                                                             = 0
8712 [0x7f3f7e12f80a] SYS_mmap(0, 0x29d850, 5, 2050)                                                                               = 0x7f3f7cef7000
8712 [0x7f3f7e12f857] SYS_mprotect(0x7f3f7cf90000, 0x200000, 0, 2050)                                                              = 0
8712 [0x7f3f7e12f80a] SYS_mmap(0x7f3f7d190000, 0x3000, 3, 2066)                                                                    = 0x7f3f7d190000
8712 [0x7f3f7e12f80a] SYS_mmap(0x7f3f7d193000, 6224, 3, 50)                                                                        = 0x7f3f7d193000
8712 [0x7f3f7e12f787] SYS_close(3, 16, 0x7f3f7d191cc8, 0x6ffffdff)                                                                 = 0
8712 [0x7f3f7e12f677] SYS_open(0x7f3f7e32c9a0, 0x80000, 0, 0x6ffffdff)                                                             = 3
8712 [0x7f3f7e12f697] SYS_read(3, 0x7fff7a13a3a8, 832, 0x6ffffdff)                                                                 = 832
8712 [0x7f3f7e12f604] SYS_fstat(3, 0x7fff7a13a280, 0x7fff7a13a280, 16)                                                             = 0
8712 [0x7f3f7e12f80a] SYS_mmap(0, 0x2dbbb0, 5, 2050)                                                                               = 0x7f3f7cc1b000
8712 [0x7f3f7e12f857] SYS_mprotect(0x7f3f7ccd9000, 0x200000, 0, 2050)                                                              = 0
8712 [0x7f3f7e12f80a] SYS_mmap(0x7f3f7ced9000, 0xa000, 3, 2066)                                                                    = 0x7f3f7ced9000
8712 [0x7f3f7e12f80a] SYS_mmap(0x7f3f7cee3000, 0x13bb0, 3, 50)                                                                     = 0x7f3f7cee3000
8712 [0x7f3f7e12f787] SYS_close(3, 16, 0x7f3f7cedf4d8, 0x6ffffdff)                                                                 = 0
8712 [0x7f3f7e12f677] SYS_open(0x7f3f7e32ce70, 0x80000, 0, 0x6ffffdff)                                                             = 3
8712 [0x7f3f7e12f697] SYS_read(3, 0x7fff7a13a378, 832, 0x6ffffdff)                                                                 = 832
8712 [0x7f3f7e12f604] SYS_fstat(3, 0x7fff7a13a250, 0x7fff7a13a250, 32)                                                             = 0
8712 [0x7f3f7e12f80a] SYS_mmap(0, 4096, 3, 34)                                                                                     = 0x7f3f7e32b000
8712 [0x7f3f7e12f80a] SYS_mmap(0, 0x21c490, 5, 2050)                                                                               = 0x7f3f7c9fe000
8712 [0x7f3f7e12f857] SYS_mprotect(0x7f3f7ca16000, 0x1ff000, 0, 2050)                                                              = 0
8712 [0x7f3f7e12f80a] SYS_mmap(0x7f3f7cc15000, 8192, 3, 2066)                                                                      = 0x7f3f7cc15000
8712 [0x7f3f7e12f80a] SYS_mmap(0x7f3f7cc17000, 0x3490, 3, 50)                                                                      = 0x7f3f7cc17000
8712 [0x7f3f7e12f787] SYS_close(3, 16, 0, 0x6ffffdff)                                                                              = 0
8712 [0x7f3f7e12f677] SYS_open(0x7f3f7e32b4b8, 0x80000, 0, 0x6ffffdff)                                                             = 3
8712 [0x7f3f7e12f697] SYS_read(3, 0x7fff7a13a348, 832, 0x6ffffdff)                                                                 = 832
8712 [0x7f3f7e12f604] SYS_fstat(3, 0x7fff7a13a220, 0x7fff7a13a220, 32)                                                             = 0
8712 [0x7f3f7e12f80a] SYS_mmap(0, 0x207bc0, 5, 2050)                                                                               = 0x7f3f7c7f6000
8712 [0x7f3f7e12f857] SYS_mprotect(0x7f3f7c7fd000, 0x1ff000, 0, 2050)                                                              = 0
8712 [0x7f3f7e12f80a] SYS_mmap(0x7f3f7c9fc000, 8192, 3, 2066)                                                                      = 0x7f3f7c9fc000
8712 [0x7f3f7e12f787] SYS_close(3, 16, 0, 0x6ffffdff)                                                                              = 0
8712 [0x7f3f7e12f677] SYS_open(0x7f3f7e32b988, 0x80000, 0, 0x6ffffdff)                                                             = 3
8712 [0x7f3f7e12f697] SYS_read(3, 0x7fff7a13a318, 832, 0x6ffffdff)                                                                 = 832
8712 [0x7f3f7e12f604] SYS_fstat(3, 0x7fff7a13a1f0, 0x7fff7a13a1f0, 16)                                                             = 0
8712 [0x7f3f7e12f80a] SYS_mmap(0, 0x202e20, 5, 2050)                                                                               = 0x7f3f7c5f3000
8712 [0x7f3f7e12f857] SYS_mprotect(0x7f3f7c5f6000, 0x1ff000, 0, 2050)                                                              = 0
8712 [0x7f3f7e12f80a] SYS_mmap(0x7f3f7c7f5000, 4096, 3, 2066)                                                                      = 0x7f3f7c7f5000
8712 [0x7f3f7e12f787] SYS_close(3, 16, 0x7f3f7c7f5c28, 0x6ffffdff)                                                                 = 0
8712 [0x7f3f7e12f677] SYS_open(0x7f3f7e32be58, 0x80000, 0, 0x6ffffdff)                                                             = 3
8712 [0x7f3f7e12f697] SYS_read(3, 0x7fff7a13a2e8, 832, 0x6ffffdff)                                                                 = 832
8712 [0x7f3f7e12f604] SYS_fstat(3, 0x7fff7a13a1c0, 0x7fff7a13a1c0, 16)                                                             = 0
8712 [0x7f3f7e12f80a] SYS_mmap(0, 4096, 3, 34)                                                                                     = 0x7f3f7e32a000
8712 [0x7f3f7e12f80a] SYS_mmap(0, 0x209850, 5, 2050)                                                                               = 0x7f3f7c3e9000
8712 [0x7f3f7e12f857] SYS_mprotect(0x7f3f7c3f3000, 0x1ff000, 0, 2050)                                                              = 0
8712 [0x7f3f7e12f80a] SYS_mmap(0x7f3f7c5f2000, 4096, 3, 2066)                                                                      = 0x7f3f7c5f2000
8712 [0x7f3f7e12f787] SYS_close(3, 16, 0x7f3f7c5f2618, 0x6ffffdff)                                                                 = 0
8712 [0x7f3f7e12f677] SYS_open(0x7f3f7e32a4b8, 0x80000, 0, 0x6ffffdff)                                                             = 3
8712 [0x7f3f7e12f697] SYS_read(3, 0x7fff7a13a2b8, 832, 0x6ffffdff)                                                                 = 832
8712 [0x7f3f7e12f604] SYS_fstat(3, 0x7fff7a13a190, 0x7fff7a13a190, 16)                                                             = 0
8712 [0x7f3f7e12f80a] SYS_mmap(0, 0x210868, 5, 2050)                                                                               = 0x7f3f7c1d8000
8712 [0x7f3f7e12f857] SYS_mprotect(0x7f3f7c1e9000, 0x1ff000, 0, 2050)                                                              = 0
8712 [0x7f3f7e12f80a] SYS_mmap(0x7f3f7c3e8000, 4096, 3, 2066)                                                                      = 0x7f3f7c3e8000
8712 [0x7f3f7e12f787] SYS_close(3, 16, 0x7f3f7c3e8408, 0x6ffffdff)                                                                 = 0
8712 [0x7f3f7e12f677] SYS_open(0x7f3f7e32aa40, 0x80000, 0, 0x7f3f7e32b9a0)                                                         = 3
8712 [0x7f3f7e12f697] SYS_read(3, 0x7fff7a13a158, 832, 0x7f3f7e32b9a0)                                                             = 832
8712 [0x7f3f7e12f604] SYS_fstat(3, 0x7fff7a13a030, 0x7fff7a13a030, 16)                                                             = 0
8712 [0x7f3f7e12f80a] SYS_mmap(0, 0x2032c8, 5, 2050)                                                                               = 0x7f3f7bfd4000
8712 [0x7f3f7e12f857] SYS_mprotect(0x7f3f7bfd7000, 0x200000, 0, 2050)                                                              = 0
8712 [0x7f3f7e12f80a] SYS_mmap(0x7f3f7c1d7000, 4096, 3, 2066)                                                                      = 0x7f3f7c1d7000
8712 [0x7f3f7e12f787] SYS_close(3, 16, 0x7f3f7c1d7188, 0x6ffffdff)                                                                 = 0
8712 [0x7f3f7e12f677] SYS_open(0x7f3f7e32af28, 0x80000, 0, 0x6ffffdff)                                                             = 3
8712 [0x7f3f7e12f697] SYS_read(3, 0x7fff7a13a128, 832, 0x6ffffdff)                                                                 = 832
8712 [0x7f3f7e12f604] SYS_fstat(3, 0x7fff7a13a000, 0x7fff7a13a000, 16)                                                             = 0
8712 [0x7f3f7e12f80a] SYS_mmap(0, 4096, 3, 34)                                                                                     = 0x7f3f7e329000
8712 [0x7f3f7e12f80a] SYS_mmap(0, 0x207820, 5, 2050)                                                                               = 0x7f3f7bdcc000
8712 [0x7f3f7e12f857] SYS_mprotect(0x7f3f7bdd3000, 0x200000, 0, 2050)                                                              = 0
8712 [0x7f3f7e12f80a] SYS_mmap(0x7f3f7bfd3000, 4096, 3, 2066)                                                                      = 0x7f3f7bfd3000
8712 [0x7f3f7e12f787] SYS_close(3, 16, 0x7f3f7bfd3188, 0x6ffffdff)                                                                 = 0
8712 [0x7f3f7e12f677] SYS_open(0x7f3f7e3294c8, 0x80000, 0, 0x6ffffdff)                                                             = 3
8712 [0x7f3f7e12f697] SYS_read(3, 0x7fff7a13a0f8, 832, 0x6ffffdff)                                                                 = 832
8712 [0x7f3f7e12f604] SYS_fstat(3, 0x7fff7a139fd0, 0x7fff7a139fd0, 16)                                                             = 0
8712 [0x7f3f7e12f80a] SYS_mmap(0, 0x201f30, 5, 2050)                                                                               = 0x7f3f7bbca000
8712 [0x7f3f7e12f857] SYS_mprotect(0x7f3f7bbcc000, 0x1ff000, 0, 2050)                                                              = 0
8712 [0x7f3f7e12f80a] SYS_mmap(0x7f3f7bdcb000, 4096, 3, 2066)                                                                      = 0x7f3f7bdcb000
8712 [0x7f3f7e12f787] SYS_close(3, 16, 0x7f3f7bdcbe18, 0x6ffffdff)                                                                 = 0
8712 [0x7f3f7e12f677] SYS_open(0x7f3f7e329a60, 0x80000, 0, 0x7f3f7e32d4d0)                                                         = 3
8712 [0x7f3f7e12f697] SYS_read(3, 0x7fff7a13a0c8, 832, 0x7f3f7e32d4d0)                                                             = 832
8712 [0x7f3f7e12f604] SYS_fstat(3, 0x7fff7a139fa0, 0x7fff7a139fa0, 16)                                                             = 0
8712 [0x7f3f7e12f80a] SYS_mmap(0, 0x2022e8, 5, 2050)                                                                               = 0x7f3f7b9c7000
8712 [0x7f3f7e12f857] SYS_mprotect(0x7f3f7b9c9000, 0x200000, 0, 2050)                                                              = 0
8712 [0x7f3f7e12f80a] SYS_mmap(0x7f3f7bbc9000, 4096, 3, 2066)                                                                      = 0x7f3f7bbc9000
8712 [0x7f3f7e12f787] SYS_close(3, 16, 0x7f3f7bbc9198, 0x6ffffdff)                                                                 = 0
8712 [0x7f3f7e12f677] SYS_open(0x7f3f7e329f40, 0x80000, 0, 0x6ffffdff)                                                             = 3
8712 [0x7f3f7e12f697] SYS_read(3, 0x7fff7a13a098, 832, 0x6ffffdff)                                                                 = 832
8712 [0x7f3f7e12f604] SYS_fstat(3, 0x7fff7a139f70, 0x7fff7a139f70, 16)                                                             = 0
8712 [0x7f3f7e12f80a] SYS_mmap(0, 4096, 3, 34)                                                                                     = 0x7f3f7e328000
8712 [0x7f3f7e12f80a] SYS_mmap(0, 0x201f30, 5, 2050)                                                                               = 0x7f3f7b7c5000
8712 [0x7f3f7e12f857] SYS_mprotect(0x7f3f7b7c7000, 0x1ff000, 0, 2050)                                                              = 0
8712 [0x7f3f7e12f80a] SYS_mmap(0x7f3f7b9c6000, 4096, 3, 2066)                                                                      = 0x7f3f7b9c6000
8712 [0x7f3f7e12f787] SYS_close(3, 16, 0x7f3f7b9c6e18, 0x6ffffdff)                                                                 = 0
8712 [0x7f3f7e12f677] SYS_open(0x7f3f7e3284c0, 0x80000, 0, 0x6ffffdff)                                                             = 3
8712 [0x7f3f7e12f697] SYS_read(3, 0x7fff7a13a068, 832, 0x6ffffdff)                                                                 = 832
8712 [0x7f3f7e12f604] SYS_fstat(3, 0x7fff7a139f40, 0x7fff7a139f40, 16)                                                             = 0
8712 [0x7f3f7e12f80a] SYS_mmap(0, 0x2038b8, 5, 2050)                                                                               = 0x7f3f7b5c1000
8712 [0x7f3f7e12f857] SYS_mprotect(0x7f3f7b5c5000, 0x1ff000, 0, 2050)                                                              = 0
8712 [0x7f3f7e12f80a] SYS_mmap(0x7f3f7b7c4000, 4096, 3, 2066)                                                                      = 0x7f3f7b7c4000
8712 [0x7f3f7e12f787] SYS_close(3, 16, 0x7f3f7b7c4748, 0x6ffffdff)                                                                 = 0
8712 [0x7f3f7e12f677] SYS_open(0x7f3f7e328a60, 0x80000, 0, 0x7f3f7e32b000)                                                         = 3
8712 [0x7f3f7e12f697] SYS_read(3, 0x7fff7a13a008, 832, 0x7f3f7e32b000)                                                             = 832
8712 [0x7f3f7e12f604] SYS_fstat(3, 0x7fff7a139ee0, 0x7fff7a139ee0, 16)                                                             = 0
8712 [0x7f3f7e12f80a] SYS_mmap(0, 0x210848, 5, 2050)                                                                               = 0x7f3f7b3b0000
8712 [0x7f3f7e12f857] SYS_mprotect(0x7f3f7b3c0000, 0x1ff000, 0, 2050)                                                              = 0
8712 [0x7f3f7e12f80a] SYS_mmap(0x7f3f7b5bf000, 8192, 3, 2066)                                                                      = 0x7f3f7b5bf000
8712 [0x7f3f7e12f787] SYS_close(3, 16, 0x7f3f7b5bfd90, 0x6ffffdff)                                                                 = 0
8712 [0x7f3f7e12f677] SYS_open(0x7f3f7e328f48, 0x80000, 0, 0x6ffffdff)                                                             = 3
8712 [0x7f3f7e12f697] SYS_read(3, 0x7fff7a139fd8, 832, 0x6ffffdff)                                                                 = 832
8712 [0x7f3f7e12f604] SYS_fstat(3, 0x7fff7a139eb0, 0x7fff7a139eb0, 16)                                                             = 0
8712 [0x7f3f7e12f80a] SYS_mmap(0, 4096, 3, 34)                                                                                     = 0x7f3f7e327000
8712 [0x7f3f7e12f80a] SYS_mmap(0, 0x20acf0, 5, 2050)                                                                               = 0x7f3f7b1a5000
8712 [0x7f3f7e12f857] SYS_mprotect(0x7f3f7b1b0000, 0x1ff000, 0, 2050)                                                              = 0
8712 [0x7f3f7e12f80a] SYS_mmap(0x7f3f7b3af000, 4096, 3, 2066)                                                                      = 0x7f3f7b3af000
8712 [0x7f3f7e12f787] SYS_close(3, 16, 0x7f3f7b3af750, 0x6ffffdff)                                                                 = 0
8712 [0x7f3f7e12f677] SYS_open(0x7f3f7e327560, 0x80000, 0, 0x7f3f7e32b000)                                                         = 3
8712 [0x7f3f7e12f697] SYS_read(3, 0x7fff7a139fa8, 832, 0x7f3f7e32b000)                                                             = 832
8712 [0x7f3f7e12f604] SYS_fstat(3, 0x7fff7a139e80, 0x7fff7a139e80, 32)                                                             = 0
8712 [0x7f3f7e12f80a] SYS_mmap(0, 0x2361e0, 5, 2050)                                                                               = 0x7f3f7af6e000
8712 [0x7f3f7e12f857] SYS_mprotect(0x7f3f7af76000, 0x1ff000, 0, 2050)                                                              = 0
8712 [0x7f3f7e12f80a] SYS_mmap(0x7f3f7b175000, 8192, 3, 2066)                                                                      = 0x7f3f7b175000
8712 [0x7f3f7e12f80a] SYS_mmap(0x7f3f7b177000, 0x2d1e0, 3, 50)                                                                     = 0x7f3f7b177000
8712 [0x7f3f7e12f787] SYS_close(3, 16, 0, 0x6ffffdff)                                                                              = 0
8712 [0x7f3f7e12f677] SYS_open(0x7f3f7e327a30, 0x80000, 0, 0x6ffffdff)                                                             = 3
8712 [0x7f3f7e12f697] SYS_read(3, 0x7fff7a139f78, 832, 0x6ffffdff)                                                                 = 832
8712 [0x7f3f7e12f604] SYS_fstat(3, 0x7fff7a139e50, 0x7fff7a139e50, 16)                                                             = 0
8712 [0x7f3f7e12f80a] SYS_mmap(0, 0x43fe88, 5, 2050)                                                                               = 0x7f3f7ab2e000
8712 [0x7f3f7e12f857] SYS_mprotect(0x7f3f7ad43000, 0x200000, 0, 2050)                                                              = 0
8712 [0x7f3f7e12f80a] SYS_mmap(0x7f3f7af43000, 0x27000, 3, 2066)                                                                   = 0x7f3f7af43000
8712 [0x7f3f7e12f80a] SYS_mmap(0x7f3f7af6a000, 0x3e88, 3, 50)                                                                      = 0x7f3f7af6a000
8712 [0x7f3f7e12f857] SYS_mprotect(0x7fff7a13b000, 4096, 0x1000007, 4)                                                             = 0
8712 [0x7f3f7e12f787] SYS_close(3, 4096, 0x1000007, 4)                                                                             = 0
8712 [0x7f3f7e12f677] SYS_open(0x7f3f7e327fb0, 0x80000, 0, 0x7f3f7e32a4d0)                                                         = 3
8712 [0x7f3f7e12f697] SYS_read(3, 0x7fff7a139f48, 832, 0x7f3f7e32a4d0)                                                             = 832
8712 [0x7f3f7e12f604] SYS_fstat(3, 0x7fff7a139e20, 0x7fff7a139e20, 16)                                                             = 0
8712 [0x7f3f7e12f80a] SYS_mmap(0, 4096, 3, 34)                                                                                     = 0x7f3f7e326000
8712 [0x7f3f7e12f80a] SYS_mmap(0, 0x215730, 5, 2050)                                                                               = 0x7f3f7a918000
8712 [0x7f3f7e12f857] SYS_mprotect(0x7f3f7a92e000, 0x1ff000, 0, 2050)                                                              = 0
8712 [0x7f3f7e12f80a] SYS_mmap(0x7f3f7ab2d000, 4096, 3, 2066)                                                                      = 0x7f3f7ab2d000
8712 [0x7f3f7e12f787] SYS_close(3, 16, 0x7f3f7ab2d490, 0x6ffffdff)                                                                 = 0
8712 [0x7f3f7e12f677] SYS_open(0x7f3f7e3264f0, 0x80000, 0, 0x6ffffdff)                                                             = 3
8712 [0x7f3f7e12f697] SYS_read(3, 0x7fff7a139f18, 832, 0x6ffffdff)                                                                 = 832
8712 [0x7f3f7e12f604] SYS_fstat(3, 0x7fff7a139df0, 0x7fff7a139df0, 32)                                                             = 0
8712 [0x7f3f7e12f80a] SYS_mmap(0, 0x2fd148, 5, 2050)                                                                               = 0x7f3f7a61a000
8712 [0x7f3f7e12f857] SYS_mprotect(0x7f3f7a717000, 0x1ff000, 0, 2050)                                                              = 0
8712 [0x7f3f7e12f80a] SYS_mmap(0x7f3f7a916000, 8192, 3, 2066)                                                                      = 0x7f3f7a916000
8712 [0x7f3f7e12f787] SYS_close(3, 16, 0, 0x6ffffdff)                                                                              = 0
8712 [0x7f3f7e12f677] SYS_open(0x7fff7a139ce0, 0x80000, 0, 0x36782f39325f3130)                                                     = -2
8712 [0x7f3f7e12f5c5] SYS_stat(0x7fff7a139ce0, 0x7fff7a139dc0, 0x7fff7a139dc0, 0x36782f39325f3130)                                 = -2
8712 [0x7f3f7e12f677] SYS_open(0x7fff7a139ce0, 0x80000, 0, 0x36782f39325f3130)                                                     = -2
8712 [0x7f3f7e12f5c5] SYS_stat(0x7fff7a139ce0, 0x7fff7a139dc0, 0x7fff7a139dc0, 0x36782f39325f3130)                                 = -2
8712 [0x7f3f7e12f677] SYS_open(0x7fff7a139ce0, 0x80000, 0, 0x36782f39325f3130)                                                     = -2
8712 [0x7f3f7e12f5c5] SYS_stat(0x7fff7a139ce0, 0x7fff7a139dc0, 0x7fff7a139dc0, 0x36782f39325f3130)                                 = -2
8712 [0x7f3f7e12f677] SYS_open(0x7fff7a139ce0, 0x80000, 0, 0x36782f39325f3130)                                                     = -2
8712 [0x7f3f7e12f5c5] SYS_stat(0x7fff7a139ce0, 0x7fff7a139dc0, 0x7fff7a139dc0, 0x36782f39325f3130)                                 = -2
8712 [0x7f3f7e12f677] SYS_open(0x7f3f7e326dd0, 0x80000, 0, 0x36782f39325f3130)                                                     = 3
8712 [0x7f3f7e12f697] SYS_read(3, 0x7fff7a139ee8, 832, 0x36782f39325f3130)                                                         = 832
8712 [0x7f3f7e12f604] SYS_fstat(3, 0x7fff7a139dc0, 0x7fff7a139dc0, 16)                                                             = 0
8712 [0x7f3f7e12f80a] SYS_mmap(0, 4096, 3, 34)                                                                                     = 0x7f3f7e325000
8712 [0x7f3f7e12f80a] SYS_mmap(0, 0x2f8980, 5, 2050)                                                                               = 0x7f3f7a321000
8712 [0x7f3f7e12f857] SYS_mprotect(0x7f3f7a418000, 0x200000, 0, 2050)                                                              = 0
8712 [0x7f3f7e12f80a] SYS_mmap(0x7f3f7a618000, 8192, 3, 2066)                                                                      = 0x7f3f7a618000
8712 [0x7f3f7e12f787] SYS_close(3, 16, 0x7f3f7a6183a0, 0x6ffffdff)                                                                 = 0
8712 [0x7f3f7e12f677] SYS_open(0x7f3f7e3254c8, 0x80000, 0, 0x6ffffdff)                                                             = 3
8712 [0x7f3f7e12f697] SYS_read(3, 0x7fff7a139eb8, 832, 0x6ffffdff)                                                                 = 832
8712 [0x7f3f7e12f604] SYS_fstat(3, 0x7fff7a139d90, 0x7fff7a139d90, 16)                                                             = 0
8712 [0x7f3f7e12f80a] SYS_mmap(0, 0x2fc9d8, 5, 2050)                                                                               = 0x7f3f7a024000
8712 [0x7f3f7e12f857] SYS_mprotect(0x7f3f7a11f000, 0x200000, 0, 2050)                                                              = 0
8712 [0x7f3f7e12f80a] SYS_mmap(0x7f3f7a31f000, 8192, 3, 2066)                                                                      = 0x7f3f7a31f000
8712 [0x7f3f7e12f787] SYS_close(3, 16, 0x7f3f7a320828, 0x6ffffdff)                                                                 = 0
8712 [0x7f3f7e12f677] SYS_open(0x7f3f7e325998, 0x80000, 0, 0x6ffffdff)                                                             = 3
8712 [0x7f3f7e12f697] SYS_read(3, 0x7fff7a139e88, 832, 0x6ffffdff)                                                                 = 832
8712 [0x7f3f7e12f604] SYS_fstat(3, 0x7fff7a139d60, 0x7fff7a139d60, 16)                                                             = 0
8712 [0x7f3f7e12f80a] SYS_mmap(0, 0x242830, 5, 2050)                                                                               = 0x7f3f79de1000
8712 [0x7f3f7e12f857] SYS_mprotect(0x7f3f79e24000, 0x1ff000, 0, 2050)                                                              = 0
8712 [0x7f3f7e12f80a] SYS_mmap(0x7f3f7a023000, 4096, 3, 2066)                                                                      = 0x7f3f7a023000
8712 [0x7f3f7e12f787] SYS_close(3, 16, 0x7f3f7a023630, 0x6ffffdff)                                                                 = 0
8712 [0x7f3f7e12f677] SYS_open(0x7f3f7e325f70, 0x80000, 0, 0x7f3f7e32c9b8)                                                         = 3
8712 [0x7f3f7e12f697] SYS_read(3, 0x7fff7a139e58, 832, 0x7f3f7e32c9b8)                                                             = 832
8712 [0x7f3f7e12f604] SYS_fstat(3, 0x7fff7a139d30, 0x7fff7a139d30, 32)                                                             = 0
8712 [0x7f3f7e12f80a] SYS_mmap(0, 4096, 3, 34)                                                                                     = 0x7f3f7e324000
8712 [0x7f3f7e12f80a] SYS_mmap(0, 0x203118, 5, 2050)                                                                               = 0x7f3f79bdd000
8712 [0x7f3f7e12f857] SYS_mprotect(0x7f3f79bdf000, 0x200000, 0, 2050)                                                              = 0
8712 [0x7f3f7e12f80a] SYS_mmap(0x7f3f79ddf000, 8192, 3, 2066)                                                                      = 0x7f3f79ddf000
8712 [0x7f3f7e12f787] SYS_close(3, 16, 0x7f3f79ddff40, 0x6ffffdff)                                                                 = 0
8712 [0x7f3f7e12f80a] SYS_mmap(0, 4096, 3, 34)                                                                                     = 0x7f3f7e323000
8712 [0x7f3f7e12f80a] SYS_mmap(0, 4096, 3, 34)                                                                                     = 0x7f3f7e322000
8712 [0x7f3f7e12f80a] SYS_mmap(0, 8192, 3, 34)                                                                                     = 0x7f3f7e320000
8712 [0x7f3f7e119044] SYS_arch_prctl(4098, 0x7f3f7e320780, 0x7f3f7e321080, 34)                                                     = 0
8712 [0x7f3f7e12f857] SYS_mprotect(0x7f3f7da6f000, 0x4000, 1, 1)                                                                   = 0
8712 [0x7f3f7e12f857] SYS_mprotect(0x7f3f79ddf000, 4096, 1, 0x7f3f79bddc68)                                                        = 0
8712 [0x7f3f7e12f857] SYS_mprotect(0x7f3f7cc15000, 4096, 1, 0x7f3f7ca03500)                                                        = 0
8712 [0x7f3f7e12f857] SYS_mprotect(0x7f3f7a916000, 4096, 1, 1)                                                                     = 0
8712 [0x7f3f7e12f857] SYS_mprotect(0x7f3f7b175000, 4096, 1, 0x7f3f7af6ea00)                                                        = 0
8712 [0x7f3f7e12f857] SYS_mprotect(0x7f3f7ced9000, 0x7000, 1, 0x7f3f7cc73810)                                                      = 0
8712 [0x7f3f7e12f857] SYS_mprotect(0x7f3f7c9fc000, 4096, 1, 0x7f3f7c7f7d58)                                                        = 0
8712 [0x7f3f7e12f857] SYS_mprotect(0x7f3f7e338000, 4096, 1, 0)                                                                     = 0
8712 [0x7f3f7e12f837] SYS_munmap(0x7f3f7e32e000, 0x83b3, 0x6f900, 0)                                                               = 0
8712 [0x7f3f7ca04e92] SYS_set_tid_address(0x7f3f7e320a50, 0x7fff7a13be48, 0x7f3f7e320780, 0)                                       = 8712
8712 [0x7f3f7ca04efa] SYS_set_robust_list(0x7f3f7e320a60, 24, 0x7f3f7e320780, 0)                                                   = 0
8712 [0x7f3f7ca0ecf5] SYS_rt_sigaction(32, 0x7fff7a13bb98, 0, 8)                                                                   = 0
8712 [0x7f3f7ca0ecf5] SYS_rt_sigaction(33, 0x7fff7a13bb98, 0, 8)                                                                   = 0
8712 [0x7f3f7ca04fd6] SYS_rt_sigprocmask(1, 0x7fff7a13bce8, 0, 8)                                                                  = 0
8712 [0x7f3f7d7bbb17] SYS_getrlimit(3, 0x7fff7a13bd80, 63, 1)                                                                      = 0
8712 [0x7f3f7ca04b95] SYS_futex(0x7f3f7cee37e0, 129, 0x7fffffff, 0)                                                                = 0
8712 [0x4009e1] ledctrl->Hal_Led_Set_Mode(12, 2, 0x7f3f7d829c60, 0 <unfinished ...>
8712 [0x7f3f7da7f575]   libnhal.so->Hal_Lookup_Hardware_Info(0x7fff7a13bb70, 2, 0x7f3f7d829c60, 0 <unfinished ...>
8712 [0x7f3f7d7b6557]     SYS_statfs(0x7f3f7ca111e8, 0x7fff7a13b960, 0x7f3f7cc1a310, 1)                                            = 0
8712 [0x7f3f7ca04b95]     SYS_futex(0x7f3f7cc1a310, 129, 0x7fffffff, 0)                                                            = 0
8712 [0x7f3f7d7b67e0]     SYS_open(0x7fff7a13ba70, 0xa0002, 484, 1)                                                                = 3
8712 [0x7f3f7d7bf72a]     SYS_mmap(0, 220, 3, 1)                                                                                   = 0x7f3f7e336000
8712 [0x7f3f7d7b7070]     SYS_close(3, 220, 3, 1)                                                                                  = 0
8712 [0x7f3f7da7e7f0]     libnhal.so->Hw_Semaphore_Init(0x7fff7a13bb20, 0x7f3f7da81287, 1, -1 <unfinished ...>
8712 [0x7f3f7d7b6405]       SYS_lstat(0x7fff7a13b9d0, 0x7fff7a13b8e0, 0x7fff7a13b8e0, 0)                                           = -2
8712 [0x7f3f7ca0e510]       SYS_open(0x7fff7a13b9d0, 194, 600, 0)                                                                  = 3
8712 [0x7f3f7ca0dda0]       SYS_write(3, 0x7fff7a13ba50, 32, 0)                                                                    = 32
8712 [0x7f3f7d7bf72a]       SYS_mmap(0, 32, 3, 1)                                                                                  = 0x7f3f7e335000
8712 [0x7f3f7d7b81a7]       SYS_link(0x7fff7a13b9d0, 0x7fff7a13ba00, 3, 1)                                                         = -17
8712 [0x7f3f7d7bf757]       SYS_munmap(0x7f3f7e335000, 32, 3, 1)                                                                   = 0
8712 [0x7f3f7d7b82c7]       SYS_unlink(0x7fff7a13b9d0, 32, 3, 1)                                                                   = 0
8712 [0x7f3f7ca0de60]       SYS_close(3, 32, 3, 1)                                                                                 = 0
8712 [0x7f3f7ca0e510]       SYS_open(0x7fff7a13ba00, 0x20002, 18, 1)                                                               = 3
8712 [0x7f3f7d7b63b4]       SYS_fstat(3, 0x7fff7a13b930, 0x7fff7a13b930, 1)                                                        = 0
8712 [0x7f3f7d7bbf5a]       SYS_brk(0, 0x7f3f7da73640, 0, -4096)                                                                   = 0x258a000
8712 [0x7f3f7d7bbf5a]       SYS_brk(0x25ab000, 0x258a000, 0x25ab000, -4096)                                                        = 0x25ab000
8712 [0x7f3f7d7bf72a]       SYS_mmap(0, 32, 3, 1)                                                                                  = 0x7f3f7e335000
8712 [0x7f3f7ca0de60]       SYS_close(3, 32, 0, 3)                                                                                 = 0
8712 [0x7f3f7da7e7f0]     <... Hw_Semaphore_Init resumed> )                                                                        = 17
8712 [0x7f3f7da7e800]     libnhal.so->Hw_Semaphore_Lock(0x7fff7a13bb20, 32, 0x7f3f7e335000, -1)                                    = 0
8712 [0x7f3f7da7e918]     libnhal.so->Hw_Semaphore_Unlock(0x7fff7a13bb20, 2, 0x7f3f7e336000, 0)                                    = 0
8712 [0x7f3f7da7e924]     libnhal.so->Hw_Semaphore_Release(0x7fff7a13bb20, 128, 0, 0 <unfinished ...>
8712 [0x7f3f7d7bf757]       SYS_munmap(0x7f3f7e335000, 32, 0, 1)                                                                   = 0
8712 [0x7f3f7da7e924]     <... Hw_Semaphore_Release resumed> )                                                                     = 0
8712 [0x7f3f7da7f575]   <... Hal_Lookup_Hardware_Info resumed> )                                                                   = 0
8712 [0x4009e1] <... Hal_Led_Set_Mode resumed> )                                                                                   = 0xffffffea
8712 [0x7f3f7d710932] libgeneral.so->Trace_Mem_Destroy()(0x7f3f7d428d40, 0, 0x738d3b7219b94288, 16)                                = 0
8712 [0x7f3f7d793468] SYS_exit_group(-22, 60, -22, 0x7f3f7da76a48 <unfinished ...>
8712 [0xffffffffffffffff] +++ exited (status 234) +++
