7996 [0x7f83090af8aa] SYS_brk(0, 0x7f83090b2fa0, 0, 895)                                                                           = 0xf64000
7996 [0x7f83090b07e7] SYS_readlink(0x7fff9ad3cb77, 0x7fff9ad3a160, 4096, 0x756e694c00000000)                                       = -2
7996 [0x7f83090b0677] SYS_open(0x7f83090b41f3, 0, 0, 0x756e694c00000000)                                                           = 3
7996 [0x7f83090b07a7] SYS_chdir(0x7f83092bbba8, 0, 0, 0x756e694c00000000)                                                          = -2
7996 [0x7f83090af9d2] SYS_getcwd(0x7fff9ad3a160, 4096, 0, 0x756e694c00000000)                                                      = 23
7996 [0x7f83090b07c7] SYS_fchdir(3, 4096, 0, 0x756e694c00000000)                                                                   = 0
7996 [0x7f83090b0787] SYS_close(3, 4096, 0, 0x756e694c00000000)                                                                    = 0
7996 [0x7f83090b080a] SYS_mmap(0, 4096, 3, 34)                                                                                     = 0x7f83092b8000
7996 [0x7f83090b06d7] SYS_access(0x7f83090b6700, 4, 0x7f83092bb718, 0)                                                             = -2
7996 [0x7f83090b0677] SYS_open(0x7f83090b4072, 0x80000, 1, 0)                                                                      = 3
7996 [0x7f83090b0604] SYS_fstat(3, 0x7fff9ad39940, 0x7fff9ad39940, 0)                                                              = 0
7996 [0x7f83090b080a] SYS_mmap(0, 0x83b3, 1, 2)                                                                                    = 0x7f83092af000
7996 [0x7f83090b0787] SYS_close(3, 0x83b3, 1, 2)                                                                                   = 0
7996 [0x7f83090b0677] SYS_open(0x7f83092b8640, 0x80000, 0, 56)                                                                     = 3
7996 [0x7f83090b0697] SYS_read(3, 0x7fff9ad39ac8, 832, 56)                                                                         = 832
7996 [0x7f83090b0604] SYS_fstat(3, 0x7fff9ad399a0, 0x7fff9ad399a0, 16)                                                             = 0
7996 [0x7f83090b080a] SYS_mmap(0, 0x278960, 5, 2050)                                                                               = 0x7f8308e20000
7996 [0x7f83090b0857] SYS_mprotect(0x7f8308e96000, 0x200000, 0, 2050)                                                              = 0
7996 [0x7f83090b080a] SYS_mmap(0x7f8309096000, 0x3000, 3, 2066)                                                                    = 0x7f8309096000
7996 [0x7f83090b0787] SYS_close(3, 16, 0x7f83090963e0, 0x6ffffdff)                                                                 = 0
7996 [0x7f83090b0677] SYS_open(0x7f83092b8b10, 0x80000, 0, 0x6ffffdff)                                                             = 3
7996 [0x7f83090b0697] SYS_read(3, 0x7fff9ad39a98, 832, 0x6ffffdff)                                                                 = 832
7996 [0x7f83090b0604] SYS_fstat(3, 0x7fff9ad39970, 0x7fff9ad39970, 16)                                                             = 0
7996 [0x7f83090b080a] SYS_mmap(0, 0x21bee0, 5, 2050)                                                                               = 0x7f8308c04000
7996 [0x7f83090b0857] SYS_mprotect(0x7f8308c1f000, 0x200000, 0, 2050)                                                              = 0
7996 [0x7f83090b080a] SYS_mmap(0x7f8308e1f000, 4096, 3, 2066)                                                                      = 0x7f8308e1f000
7996 [0x7f83090b0787] SYS_close(3, 16, 0x7f8308e1f208, 0x6ffffdff)                                                                 = 0
7996 [0x7f83090b0677] SYS_open(0x7f83092b8fe0, 0x80000, 0, 0x6ffffdff)                                                             = 3
7996 [0x7f83090b0697] SYS_read(3, 0x7fff9ad39a68, 832, 0x6ffffdff)                                                                 = 832
7996 [0x7f83090b0604] SYS_fstat(3, 0x7fff9ad39940, 0x7fff9ad39940, 16)                                                             = 0
7996 [0x7f83090b080a] SYS_mmap(0, 4096, 3, 34)                                                                                     = 0x7f83092ae000
7996 [0x7f83090b080a] SYS_mmap(0, 0x209ad0, 5, 2050)                                                                               = 0x7f83089fa000
7996 [0x7f83090b0857] SYS_mprotect(0x7f8308a04000, 0x1ff000, 0, 2050)                                                              = 0
7996 [0x7f83090b080a] SYS_mmap(0x7f8308c03000, 4096, 3, 2066)                                                                      = 0x7f8308c03000
7996 [0x7f83090b0787] SYS_close(3, 16, 0x7f8308c03690, 0x6ffffdff)                                                                 = 0
7996 [0x7f83090b0677] SYS_open(0x7f83092ae4b8, 0x80000, 0, 0x6ffffdff)                                                             = 3
7996 [0x7f83090b0697] SYS_read(3, 0x7fff9ad39a38, 832, 0x6ffffdff)                                                                 = 832
7996 [0x7f83090b0604] SYS_fstat(3, 0x7fff9ad39910, 0x7fff9ad39910, 32)                                                             = 0
7996 [0x7f83090b080a] SYS_mmap(0, 0x39dc40, 5, 2050)                                                                               = 0x7f830865c000
7996 [0x7f83090b0857] SYS_mprotect(0x7f83087f0000, 0x200000, 0, 2050)                                                              = 0
7996 [0x7f83090b080a] SYS_mmap(0x7f83089f0000, 0x6000, 3, 2066)                                                                    = 0x7f83089f0000
7996 [0x7f83090b080a] SYS_mmap(0x7f83089f6000, 0x3c40, 3, 50)                                                                      = 0x7f83089f6000
7996 [0x7f83090b0787] SYS_close(3, 16, 0, 0x6ffffdff)                                                                              = 0
7996 [0x7f83090b0677] SYS_open(0x7f83092ae988, 0x80000, 0, 0x6ffffdff)                                                             = 3
7996 [0x7f83090b0697] SYS_read(3, 0x7fff9ad398e8, 832, 0x6ffffdff)                                                                 = 832
7996 [0x7f83090b0604] SYS_fstat(3, 0x7fff9ad397c0, 0x7fff9ad397c0, 16)                                                             = 0
7996 [0x7f83090b080a] SYS_mmap(0, 0x2b09d0, 5, 2050)                                                                               = 0x7f83083ab000
7996 [0x7f83090b0857] SYS_mprotect(0x7f830845a000, 0x1ff000, 0, 2050)                                                              = 0
7996 [0x7f83090b080a] SYS_mmap(0x7f8308659000, 0x3000, 3, 2066)                                                                    = 0x7f8308659000
7996 [0x7f83090b0787] SYS_close(3, 16, 0x7f83086599a8, 0x6ffffdff)                                                                 = 0
7996 [0x7f83090b0677] SYS_open(0x7f83092aee58, 0x80000, 0, 0x6ffffdff)                                                             = 3
7996 [0x7f83090b0697] SYS_read(3, 0x7fff9ad398b8, 832, 0x6ffffdff)                                                                 = 832
7996 [0x7f83090b0604] SYS_fstat(3, 0x7fff9ad39790, 0x7fff9ad39790, 16)                                                             = 0
7996 [0x7f83090b080a] SYS_mmap(0, 4096, 3, 34)                                                                                     = 0x7f83092ad000
7996 [0x7f83090b080a] SYS_mmap(0, 0x294ee0, 5, 2050)                                                                               = 0x7f8308116000
7996 [0x7f83090b0857] SYS_mprotect(0x7f83081a8000, 0x1ff000, 0, 2050)                                                              = 0
7996 [0x7f83090b080a] SYS_mmap(0x7f83083a7000, 0x3000, 3, 2066)                                                                    = 0x7f83083a7000
7996 [0x7f83090b080a] SYS_mmap(0x7f83083aa000, 3808, 3, 50)                                                                        = 0x7f83083aa000
7996 [0x7f83090b0787] SYS_close(3, 16, 0x7f83083a7e30, 0x6ffffdff)                                                                 = 0
7996 [0x7f83090b0677] SYS_open(0x7f83092ad4b8, 0x80000, 0, 0x6ffffdff)                                                             = 3
7996 [0x7f83090b0697] SYS_read(3, 0x7fff9ad39888, 832, 0x6ffffdff)                                                                 = 832
7996 [0x7f83090b0604] SYS_fstat(3, 0x7fff9ad39760, 0x7fff9ad39760, 16)                                                             = 0
7996 [0x7f83090b080a] SYS_mmap(0, 0x29d850, 5, 2050)                                                                               = 0x7f8307e78000
7996 [0x7f83090b0857] SYS_mprotect(0x7f8307f11000, 0x200000, 0, 2050)                                                              = 0
7996 [0x7f83090b080a] SYS_mmap(0x7f8308111000, 0x3000, 3, 2066)                                                                    = 0x7f8308111000
7996 [0x7f83090b080a] SYS_mmap(0x7f8308114000, 6224, 3, 50)                                                                        = 0x7f8308114000
7996 [0x7f83090b0787] SYS_close(3, 16, 0x7f8308112cc8, 0x6ffffdff)                                                                 = 0
7996 [0x7f83090b0677] SYS_open(0x7f83092ad9a0, 0x80000, 0, 0x6ffffdff)                                                             = 3
7996 [0x7f83090b0697] SYS_read(3, 0x7fff9ad39858, 832, 0x6ffffdff)                                                                 = 832
7996 [0x7f83090b0604] SYS_fstat(3, 0x7fff9ad39730, 0x7fff9ad39730, 16)                                                             = 0
7996 [0x7f83090b080a] SYS_mmap(0, 0x2dbbb0, 5, 2050)                                                                               = 0x7f8307b9c000
7996 [0x7f83090b0857] SYS_mprotect(0x7f8307c5a000, 0x200000, 0, 2050)                                                              = 0
7996 [0x7f83090b080a] SYS_mmap(0x7f8307e5a000, 0xa000, 3, 2066)                                                                    = 0x7f8307e5a000
7996 [0x7f83090b080a] SYS_mmap(0x7f8307e64000, 0x13bb0, 3, 50)                                                                     = 0x7f8307e64000
7996 [0x7f83090b0787] SYS_close(3, 16, 0x7f8307e604d8, 0x6ffffdff)                                                                 = 0
7996 [0x7f83090b0677] SYS_open(0x7f83092ade70, 0x80000, 0, 0x6ffffdff)                                                             = 3
7996 [0x7f83090b0697] SYS_read(3, 0x7fff9ad39828, 832, 0x6ffffdff)                                                                 = 832
7996 [0x7f83090b0604] SYS_fstat(3, 0x7fff9ad39700, 0x7fff9ad39700, 32)                                                             = 0
7996 [0x7f83090b080a] SYS_mmap(0, 4096, 3, 34)                                                                                     = 0x7f83092ac000
7996 [0x7f83090b080a] SYS_mmap(0, 0x21c490, 5, 2050)                                                                               = 0x7f830797f000
7996 [0x7f83090b0857] SYS_mprotect(0x7f8307997000, 0x1ff000, 0, 2050)                                                              = 0
7996 [0x7f83090b080a] SYS_mmap(0x7f8307b96000, 8192, 3, 2066)                                                                      = 0x7f8307b96000
7996 [0x7f83090b080a] SYS_mmap(0x7f8307b98000, 0x3490, 3, 50)                                                                      = 0x7f8307b98000
7996 [0x7f83090b0787] SYS_close(3, 16, 0, 0x6ffffdff)                                                                              = 0
7996 [0x7f83090b0677] SYS_open(0x7f83092ac4b8, 0x80000, 0, 0x6ffffdff)                                                             = 3
7996 [0x7f83090b0697] SYS_read(3, 0x7fff9ad397f8, 832, 0x6ffffdff)                                                                 = 832
7996 [0x7f83090b0604] SYS_fstat(3, 0x7fff9ad396d0, 0x7fff9ad396d0, 32)                                                             = 0
7996 [0x7f83090b080a] SYS_mmap(0, 0x207bc0, 5, 2050)                                                                               = 0x7f8307777000
7996 [0x7f83090b0857] SYS_mprotect(0x7f830777e000, 0x1ff000, 0, 2050)                                                              = 0
7996 [0x7f83090b080a] SYS_mmap(0x7f830797d000, 8192, 3, 2066)                                                                      = 0x7f830797d000
7996 [0x7f83090b0787] SYS_close(3, 16, 0, 0x6ffffdff)                                                                              = 0
7996 [0x7f83090b0677] SYS_open(0x7f83092ac988, 0x80000, 0, 0x6ffffdff)                                                             = 3
7996 [0x7f83090b0697] SYS_read(3, 0x7fff9ad397c8, 832, 0x6ffffdff)                                                                 = 832
7996 [0x7f83090b0604] SYS_fstat(3, 0x7fff9ad396a0, 0x7fff9ad396a0, 16)                                                             = 0
7996 [0x7f83090b080a] SYS_mmap(0, 0x202e20, 5, 2050)                                                                               = 0x7f8307574000
7996 [0x7f83090b0857] SYS_mprotect(0x7f8307577000, 0x1ff000, 0, 2050)                                                              = 0
7996 [0x7f83090b080a] SYS_mmap(0x7f8307776000, 4096, 3, 2066)                                                                      = 0x7f8307776000
7996 [0x7f83090b0787] SYS_close(3, 16, 0x7f8307776c28, 0x6ffffdff)                                                                 = 0
7996 [0x7f83090b0677] SYS_open(0x7f83092ace58, 0x80000, 0, 0x6ffffdff)                                                             = 3
7996 [0x7f83090b0697] SYS_read(3, 0x7fff9ad39798, 832, 0x6ffffdff)                                                                 = 832
7996 [0x7f83090b0604] SYS_fstat(3, 0x7fff9ad39670, 0x7fff9ad39670, 16)                                                             = 0
7996 [0x7f83090b080a] SYS_mmap(0, 4096, 3, 34)                                                                                     = 0x7f83092ab000
7996 [0x7f83090b080a] SYS_mmap(0, 0x209850, 5, 2050)                                                                               = 0x7f830736a000
7996 [0x7f83090b0857] SYS_mprotect(0x7f8307374000, 0x1ff000, 0, 2050)                                                              = 0
7996 [0x7f83090b080a] SYS_mmap(0x7f8307573000, 4096, 3, 2066)                                                                      = 0x7f8307573000
7996 [0x7f83090b0787] SYS_close(3, 16, 0x7f8307573618, 0x6ffffdff)                                                                 = 0
7996 [0x7f83090b0677] SYS_open(0x7f83092ab4b8, 0x80000, 0, 0x6ffffdff)                                                             = 3
7996 [0x7f83090b0697] SYS_read(3, 0x7fff9ad39768, 832, 0x6ffffdff)                                                                 = 832
7996 [0x7f83090b0604] SYS_fstat(3, 0x7fff9ad39640, 0x7fff9ad39640, 16)                                                             = 0
7996 [0x7f83090b080a] SYS_mmap(0, 0x210868, 5, 2050)                                                                               = 0x7f8307159000
7996 [0x7f83090b0857] SYS_mprotect(0x7f830716a000, 0x1ff000, 0, 2050)                                                              = 0
7996 [0x7f83090b080a] SYS_mmap(0x7f8307369000, 4096, 3, 2066)                                                                      = 0x7f8307369000
7996 [0x7f83090b0787] SYS_close(3, 16, 0x7f8307369408, 0x6ffffdff)                                                                 = 0
7996 [0x7f83090b0677] SYS_open(0x7f83092aba40, 0x80000, 0, 0x7f83092ac9a0)                                                         = 3
7996 [0x7f83090b0697] SYS_read(3, 0x7fff9ad39608, 832, 0x7f83092ac9a0)                                                             = 832
7996 [0x7f83090b0604] SYS_fstat(3, 0x7fff9ad394e0, 0x7fff9ad394e0, 16)                                                             = 0
7996 [0x7f83090b080a] SYS_mmap(0, 0x2032c8, 5, 2050)                                                                               = 0x7f8306f55000
7996 [0x7f83090b0857] SYS_mprotect(0x7f8306f58000, 0x200000, 0, 2050)                                                              = 0
7996 [0x7f83090b080a] SYS_mmap(0x7f8307158000, 4096, 3, 2066)                                                                      = 0x7f8307158000
7996 [0x7f83090b0787] SYS_close(3, 16, 0x7f8307158188, 0x6ffffdff)                                                                 = 0
7996 [0x7f83090b0677] SYS_open(0x7f83092abf28, 0x80000, 0, 0x6ffffdff)                                                             = 3
7996 [0x7f83090b0697] SYS_read(3, 0x7fff9ad395d8, 832, 0x6ffffdff)                                                                 = 832
7996 [0x7f83090b0604] SYS_fstat(3, 0x7fff9ad394b0, 0x7fff9ad394b0, 16)                                                             = 0
7996 [0x7f83090b080a] SYS_mmap(0, 4096, 3, 34)                                                                                     = 0x7f83092aa000
7996 [0x7f83090b080a] SYS_mmap(0, 0x207820, 5, 2050)                                                                               = 0x7f8306d4d000
7996 [0x7f83090b0857] SYS_mprotect(0x7f8306d54000, 0x200000, 0, 2050)                                                              = 0
7996 [0x7f83090b080a] SYS_mmap(0x7f8306f54000, 4096, 3, 2066)                                                                      = 0x7f8306f54000
7996 [0x7f83090b0787] SYS_close(3, 16, 0x7f8306f54188, 0x6ffffdff)                                                                 = 0
7996 [0x7f83090b0677] SYS_open(0x7f83092aa4c8, 0x80000, 0, 0x6ffffdff)                                                             = 3
7996 [0x7f83090b0697] SYS_read(3, 0x7fff9ad395a8, 832, 0x6ffffdff)                                                                 = 832
7996 [0x7f83090b0604] SYS_fstat(3, 0x7fff9ad39480, 0x7fff9ad39480, 16)                                                             = 0
7996 [0x7f83090b080a] SYS_mmap(0, 0x201f30, 5, 2050)                                                                               = 0x7f8306b4b000
7996 [0x7f83090b0857] SYS_mprotect(0x7f8306b4d000, 0x1ff000, 0, 2050)                                                              = 0
7996 [0x7f83090b080a] SYS_mmap(0x7f8306d4c000, 4096, 3, 2066)                                                                      = 0x7f8306d4c000
7996 [0x7f83090b0787] SYS_close(3, 16, 0x7f8306d4ce18, 0x6ffffdff)                                                                 = 0
7996 [0x7f83090b0677] SYS_open(0x7f83092aaa60, 0x80000, 0, 0x7f83092ae4d0)                                                         = 3
7996 [0x7f83090b0697] SYS_read(3, 0x7fff9ad39578, 832, 0x7f83092ae4d0)                                                             = 832
7996 [0x7f83090b0604] SYS_fstat(3, 0x7fff9ad39450, 0x7fff9ad39450, 16)                                                             = 0
7996 [0x7f83090b080a] SYS_mmap(0, 0x2022e8, 5, 2050)                                                                               = 0x7f8306948000
7996 [0x7f83090b0857] SYS_mprotect(0x7f830694a000, 0x200000, 0, 2050)                                                              = 0
7996 [0x7f83090b080a] SYS_mmap(0x7f8306b4a000, 4096, 3, 2066)                                                                      = 0x7f8306b4a000
7996 [0x7f83090b0787] SYS_close(3, 16, 0x7f8306b4a198, 0x6ffffdff)                                                                 = 0
7996 [0x7f83090b0677] SYS_open(0x7f83092aaf40, 0x80000, 0, 0x6ffffdff)                                                             = 3
7996 [0x7f83090b0697] SYS_read(3, 0x7fff9ad39548, 832, 0x6ffffdff)                                                                 = 832
7996 [0x7f83090b0604] SYS_fstat(3, 0x7fff9ad39420, 0x7fff9ad39420, 16)                                                             = 0
7996 [0x7f83090b080a] SYS_mmap(0, 4096, 3, 34)                                                                                     = 0x7f83092a9000
7996 [0x7f83090b080a] SYS_mmap(0, 0x201f30, 5, 2050)                                                                               = 0x7f8306746000
7996 [0x7f83090b0857] SYS_mprotect(0x7f8306748000, 0x1ff000, 0, 2050)                                                              = 0
7996 [0x7f83090b080a] SYS_mmap(0x7f8306947000, 4096, 3, 2066)                                                                      = 0x7f8306947000
7996 [0x7f83090b0787] SYS_close(3, 16, 0x7f8306947e18, 0x6ffffdff)                                                                 = 0
7996 [0x7f83090b0677] SYS_open(0x7f83092a94c0, 0x80000, 0, 0x6ffffdff)                                                             = 3
7996 [0x7f83090b0697] SYS_read(3, 0x7fff9ad39518, 832, 0x6ffffdff)                                                                 = 832
7996 [0x7f83090b0604] SYS_fstat(3, 0x7fff9ad393f0, 0x7fff9ad393f0, 16)                                                             = 0
7996 [0x7f83090b080a] SYS_mmap(0, 0x2038b8, 5, 2050)                                                                               = 0x7f8306542000
7996 [0x7f83090b0857] SYS_mprotect(0x7f8306546000, 0x1ff000, 0, 2050)                                                              = 0
7996 [0x7f83090b080a] SYS_mmap(0x7f8306745000, 4096, 3, 2066)                                                                      = 0x7f8306745000
7996 [0x7f83090b0787] SYS_close(3, 16, 0x7f8306745748, 0x6ffffdff)                                                                 = 0
7996 [0x7f83090b0677] SYS_open(0x7f83092a9a60, 0x80000, 0, 0x7f83092ac000)                                                         = 3
7996 [0x7f83090b0697] SYS_read(3, 0x7fff9ad394b8, 832, 0x7f83092ac000)                                                             = 832
7996 [0x7f83090b0604] SYS_fstat(3, 0x7fff9ad39390, 0x7fff9ad39390, 16)                                                             = 0
7996 [0x7f83090b080a] SYS_mmap(0, 0x210848, 5, 2050)                                                                               = 0x7f8306331000
7996 [0x7f83090b0857] SYS_mprotect(0x7f8306341000, 0x1ff000, 0, 2050)                                                              = 0
7996 [0x7f83090b080a] SYS_mmap(0x7f8306540000, 8192, 3, 2066)                                                                      = 0x7f8306540000
7996 [0x7f83090b0787] SYS_close(3, 16, 0x7f8306540d90, 0x6ffffdff)                                                                 = 0
7996 [0x7f83090b0677] SYS_open(0x7f83092a9f48, 0x80000, 0, 0x6ffffdff)                                                             = 3
7996 [0x7f83090b0697] SYS_read(3, 0x7fff9ad39488, 832, 0x6ffffdff)                                                                 = 832
7996 [0x7f83090b0604] SYS_fstat(3, 0x7fff9ad39360, 0x7fff9ad39360, 16)                                                             = 0
7996 [0x7f83090b080a] SYS_mmap(0, 4096, 3, 34)                                                                                     = 0x7f83092a8000
7996 [0x7f83090b080a] SYS_mmap(0, 0x20acf0, 5, 2050)                                                                               = 0x7f8306126000
7996 [0x7f83090b0857] SYS_mprotect(0x7f8306131000, 0x1ff000, 0, 2050)                                                              = 0
7996 [0x7f83090b080a] SYS_mmap(0x7f8306330000, 4096, 3, 2066)                                                                      = 0x7f8306330000
7996 [0x7f83090b0787] SYS_close(3, 16, 0x7f8306330750, 0x6ffffdff)                                                                 = 0
7996 [0x7f83090b0677] SYS_open(0x7f83092a8560, 0x80000, 0, 0x7f83092ac000)                                                         = 3
7996 [0x7f83090b0697] SYS_read(3, 0x7fff9ad39458, 832, 0x7f83092ac000)                                                             = 832
7996 [0x7f83090b0604] SYS_fstat(3, 0x7fff9ad39330, 0x7fff9ad39330, 32)                                                             = 0
7996 [0x7f83090b080a] SYS_mmap(0, 0x2361e0, 5, 2050)                                                                               = 0x7f8305eef000
7996 [0x7f83090b0857] SYS_mprotect(0x7f8305ef7000, 0x1ff000, 0, 2050)                                                              = 0
7996 [0x7f83090b080a] SYS_mmap(0x7f83060f6000, 8192, 3, 2066)                                                                      = 0x7f83060f6000
7996 [0x7f83090b080a] SYS_mmap(0x7f83060f8000, 0x2d1e0, 3, 50)                                                                     = 0x7f83060f8000
7996 [0x7f83090b0787] SYS_close(3, 16, 0, 0x6ffffdff)                                                                              = 0
7996 [0x7f83090b0677] SYS_open(0x7f83092a8a30, 0x80000, 0, 0x6ffffdff)                                                             = 3
7996 [0x7f83090b0697] SYS_read(3, 0x7fff9ad39428, 832, 0x6ffffdff)                                                                 = 832
7996 [0x7f83090b0604] SYS_fstat(3, 0x7fff9ad39300, 0x7fff9ad39300, 16)                                                             = 0
7996 [0x7f83090b080a] SYS_mmap(0, 0x43fe88, 5, 2050)                                                                               = 0x7f8305aaf000
7996 [0x7f83090b0857] SYS_mprotect(0x7f8305cc4000, 0x200000, 0, 2050)                                                              = 0
7996 [0x7f83090b080a] SYS_mmap(0x7f8305ec4000, 0x27000, 3, 2066)                                                                   = 0x7f8305ec4000
7996 [0x7f83090b080a] SYS_mmap(0x7f8305eeb000, 0x3e88, 3, 50)                                                                      = 0x7f8305eeb000
7996 [0x7f83090b0857] SYS_mprotect(0x7fff9ad3b000, 4096, 0x1000007, 4)                                                             = 0
7996 [0x7f83090b0787] SYS_close(3, 4096, 0x1000007, 4)                                                                             = 0
7996 [0x7f83090b0677] SYS_open(0x7f83092a8fb0, 0x80000, 0, 0x7f83092ab4d0)                                                         = 3
7996 [0x7f83090b0697] SYS_read(3, 0x7fff9ad393f8, 832, 0x7f83092ab4d0)                                                             = 832
7996 [0x7f83090b0604] SYS_fstat(3, 0x7fff9ad392d0, 0x7fff9ad392d0, 16)                                                             = 0
7996 [0x7f83090b080a] SYS_mmap(0, 4096, 3, 34)                                                                                     = 0x7f83092a7000
7996 [0x7f83090b080a] SYS_mmap(0, 0x215730, 5, 2050)                                                                               = 0x7f8305899000
7996 [0x7f83090b0857] SYS_mprotect(0x7f83058af000, 0x1ff000, 0, 2050)                                                              = 0
7996 [0x7f83090b080a] SYS_mmap(0x7f8305aae000, 4096, 3, 2066)                                                                      = 0x7f8305aae000
7996 [0x7f83090b0787] SYS_close(3, 16, 0x7f8305aae490, 0x6ffffdff)                                                                 = 0
7996 [0x7f83090b0677] SYS_open(0x7f83092a74f0, 0x80000, 0, 0x6ffffdff)                                                             = 3
7996 [0x7f83090b0697] SYS_read(3, 0x7fff9ad393c8, 832, 0x6ffffdff)                                                                 = 832
7996 [0x7f83090b0604] SYS_fstat(3, 0x7fff9ad392a0, 0x7fff9ad392a0, 32)                                                             = 0
7996 [0x7f83090b080a] SYS_mmap(0, 0x2fd148, 5, 2050)                                                                               = 0x7f830559b000
7996 [0x7f83090b0857] SYS_mprotect(0x7f8305698000, 0x1ff000, 0, 2050)                                                              = 0
7996 [0x7f83090b080a] SYS_mmap(0x7f8305897000, 8192, 3, 2066)                                                                      = 0x7f8305897000
7996 [0x7f83090b0787] SYS_close(3, 16, 0, 0x6ffffdff)                                                                              = 0
7996 [0x7f83090b0677] SYS_open(0x7fff9ad39190, 0x80000, 0, 0x36782f39325f3130)                                                     = -2
7996 [0x7f83090b05c5] SYS_stat(0x7fff9ad39190, 0x7fff9ad39270, 0x7fff9ad39270, 0x36782f39325f3130)                                 = -2
7996 [0x7f83090b0677] SYS_open(0x7fff9ad39190, 0x80000, 0, 0x36782f39325f3130)                                                     = -2
7996 [0x7f83090b05c5] SYS_stat(0x7fff9ad39190, 0x7fff9ad39270, 0x7fff9ad39270, 0x36782f39325f3130)                                 = -2
7996 [0x7f83090b0677] SYS_open(0x7fff9ad39190, 0x80000, 0, 0x36782f39325f3130)                                                     = -2
7996 [0x7f83090b05c5] SYS_stat(0x7fff9ad39190, 0x7fff9ad39270, 0x7fff9ad39270, 0x36782f39325f3130)                                 = -2
7996 [0x7f83090b0677] SYS_open(0x7fff9ad39190, 0x80000, 0, 0x36782f39325f3130)                                                     = -2
7996 [0x7f83090b05c5] SYS_stat(0x7fff9ad39190, 0x7fff9ad39270, 0x7fff9ad39270, 0x36782f39325f3130)                                 = -2
7996 [0x7f83090b0677] SYS_open(0x7f83092a7dd0, 0x80000, 0, 0x36782f39325f3130)                                                     = 3
7996 [0x7f83090b0697] SYS_read(3, 0x7fff9ad39398, 832, 0x36782f39325f3130)                                                         = 832
7996 [0x7f83090b0604] SYS_fstat(3, 0x7fff9ad39270, 0x7fff9ad39270, 16)                                                             = 0
7996 [0x7f83090b080a] SYS_mmap(0, 4096, 3, 34)                                                                                     = 0x7f83092a6000
7996 [0x7f83090b080a] SYS_mmap(0, 0x2f8980, 5, 2050)                                                                               = 0x7f83052a2000
7996 [0x7f83090b0857] SYS_mprotect(0x7f8305399000, 0x200000, 0, 2050)                                                              = 0
7996 [0x7f83090b080a] SYS_mmap(0x7f8305599000, 8192, 3, 2066)                                                                      = 0x7f8305599000
7996 [0x7f83090b0787] SYS_close(3, 16, 0x7f83055993a0, 0x6ffffdff)                                                                 = 0
7996 [0x7f83090b0677] SYS_open(0x7f83092a64c8, 0x80000, 0, 0x6ffffdff)                                                             = 3
7996 [0x7f83090b0697] SYS_read(3, 0x7fff9ad39368, 832, 0x6ffffdff)                                                                 = 832
7996 [0x7f83090b0604] SYS_fstat(3, 0x7fff9ad39240, 0x7fff9ad39240, 16)                                                             = 0
7996 [0x7f83090b080a] SYS_mmap(0, 0x2fc9d8, 5, 2050)                                                                               = 0x7f8304fa5000
7996 [0x7f83090b0857] SYS_mprotect(0x7f83050a0000, 0x200000, 0, 2050)                                                              = 0
7996 [0x7f83090b080a] SYS_mmap(0x7f83052a0000, 8192, 3, 2066)                                                                      = 0x7f83052a0000
7996 [0x7f83090b0787] SYS_close(3, 16, 0x7f83052a1828, 0x6ffffdff)                                                                 = 0
7996 [0x7f83090b0677] SYS_open(0x7f83092a6998, 0x80000, 0, 0x6ffffdff)                                                             = 3
7996 [0x7f83090b0697] SYS_read(3, 0x7fff9ad39338, 832, 0x6ffffdff)                                                                 = 832
7996 [0x7f83090b0604] SYS_fstat(3, 0x7fff9ad39210, 0x7fff9ad39210, 16)                                                             = 0
7996 [0x7f83090b080a] SYS_mmap(0, 0x242830, 5, 2050)                                                                               = 0x7f8304d62000
7996 [0x7f83090b0857] SYS_mprotect(0x7f8304da5000, 0x1ff000, 0, 2050)                                                              = 0
7996 [0x7f83090b080a] SYS_mmap(0x7f8304fa4000, 4096, 3, 2066)                                                                      = 0x7f8304fa4000
7996 [0x7f83090b0787] SYS_close(3, 16, 0x7f8304fa4630, 0x6ffffdff)                                                                 = 0
7996 [0x7f83090b0677] SYS_open(0x7f83092a6f70, 0x80000, 0, 0x7f83092ad9b8)                                                         = 3
7996 [0x7f83090b0697] SYS_read(3, 0x7fff9ad39308, 832, 0x7f83092ad9b8)                                                             = 832
7996 [0x7f83090b0604] SYS_fstat(3, 0x7fff9ad391e0, 0x7fff9ad391e0, 32)                                                             = 0
7996 [0x7f83090b080a] SYS_mmap(0, 4096, 3, 34)                                                                                     = 0x7f83092a5000
7996 [0x7f83090b080a] SYS_mmap(0, 0x203118, 5, 2050)                                                                               = 0x7f8304b5e000
7996 [0x7f83090b0857] SYS_mprotect(0x7f8304b60000, 0x200000, 0, 2050)                                                              = 0
7996 [0x7f83090b080a] SYS_mmap(0x7f8304d60000, 8192, 3, 2066)                                                                      = 0x7f8304d60000
7996 [0x7f83090b0787] SYS_close(3, 16, 0x7f8304d60f40, 0x6ffffdff)                                                                 = 0
7996 [0x7f83090b080a] SYS_mmap(0, 4096, 3, 34)                                                                                     = 0x7f83092a4000
7996 [0x7f83090b080a] SYS_mmap(0, 4096, 3, 34)                                                                                     = 0x7f83092a3000
7996 [0x7f83090b080a] SYS_mmap(0, 8192, 3, 34)                                                                                     = 0x7f83092a1000
7996 [0x7f830909a044] SYS_arch_prctl(4098, 0x7f83092a1780, 0x7f83092a2080, 34)                                                     = 0
7996 [0x7f83090b0857] SYS_mprotect(0x7f83089f0000, 0x4000, 1, 1)                                                                   = 0
7996 [0x7f83090b0857] SYS_mprotect(0x7f8304d60000, 4096, 1, 0x7f8304b5ec68)                                                        = 0
7996 [0x7f83090b0857] SYS_mprotect(0x7f8307b96000, 4096, 1, 0x7f8307984500)                                                        = 0
7996 [0x7f83090b0857] SYS_mprotect(0x7f8305897000, 4096, 1, 1)                                                                     = 0
7996 [0x7f83090b0857] SYS_mprotect(0x7f83060f6000, 4096, 1, 0x7f8305eefa00)                                                        = 0
7996 [0x7f83090b0857] SYS_mprotect(0x7f8307e5a000, 0x7000, 1, 0x7f8307bf4810)                                                      = 0
7996 [0x7f83090b0857] SYS_mprotect(0x7f830797d000, 4096, 1, 0x7f8307778d58)                                                        = 0
7996 [0x7f83090b0857] SYS_mprotect(0x7f83092b9000, 4096, 1, 0)                                                                     = 0
7996 [0x7f83090b0837] SYS_munmap(0x7f83092af000, 0x83b3, 0x71000, 0)                                                               = 0
7996 [0x7f8307985e92] SYS_set_tid_address(0x7f83092a1a50, 0x7fff9ad3b2f8, 0x7f83092a1780, 0)                                       = 7996
7996 [0x7f8307985efa] SYS_set_robust_list(0x7f83092a1a60, 24, 0x7f83092a1780, 0)                                                   = 0
7996 [0x7f830798fcf5] SYS_rt_sigaction(32, 0x7fff9ad3b048, 0, 8)                                                                   = 0
7996 [0x7f830798fcf5] SYS_rt_sigaction(33, 0x7fff9ad3b048, 0, 8)                                                                   = 0
7996 [0x7f8307985fd6] SYS_rt_sigprocmask(1, 0x7fff9ad3b198, 0, 8)                                                                  = 0
7996 [0x7f830873cb17] SYS_getrlimit(3, 0x7fff9ad3b230, 63, 1)                                                                      = 0
7996 [0x7f8307985b95] SYS_futex(0x7f8307e647e0, 129, 0x7fffffff, 0)                                                                = 0
7996 [0x4008fd] ledctrl->Lookup_Nas_Info(_T_NAS_PROP_&)(0x7fff9ad3b140, 0x7fff9ad3cb94, 0, 0x7fff9ad3cb93 <unfinished ...>
7996 [0x7f8308e43d11]   libnasman.so->Open_Share_Memory(char const*, int, void*&, int&)(0x7f8308e8808e, 0, 0x7fff9ad3b100, 0x7fff9ad3b10c <unfinished ...>
7996 [0x7f8308737557]     SYS_statfs(0x7f83079921e8, 0x7fff9ad3aea0, 0x7f8307b9b310, 1)                                            = 0
7996 [0x7f8307985b95]     SYS_futex(0x7f8307b9b310, 129, 0x7fffffff, 0)                                                            = 0
7996 [0x7f83087377e0]     SYS_open(0x7fff9ad3afb0, 0xa0000, 484, 1)                                                                = 3
7996 [0x7f83087373b4]     SYS_fstat(3, 0x7fff9ad3b040, 0x7fff9ad3b040, 1)                                                          = 0
7996 [0x7f830874072a]     SYS_mmap(0, 0x2788, 1, 1)                                                                                = 0x7f83092b5000
7996 [0x7f8308738070]     SYS_close(3, 0x2788, 1, 1)                                                                               = 0
7996 [0x7f8308e43d11]   <... Open_Share_Memory(char const*, int, void*&, int&) resumed> )                                          = 0
7996 [0x7f8308e43d4d]   libnasman.so->Open_Share_Memory(char const*, int, void*&, int&)(0x7f8308e880a7, 0, 0x7fff9ad3b100, 0x7fff9ad3b10c <unfinished ...>
7996 [0x7f83087377e0]     SYS_open(0x7fff9ad3afb0, 0xa0000, 484, 1)                                                                = 3
7996 [0x7f83087373b4]     SYS_fstat(3, 0x7fff9ad3b040, 0x7fff9ad3b040, 1)                                                          = 0
7996 [0x7f830874072a]     SYS_mmap(0, 3536, 1, 1)                                                                                  = 0x7f83092b4000
7996 [0x7f8308738070]     SYS_close(3, 3536, 1, 1)                                                                                 = 0
7996 [0x7f8308e43d4d]   <... Open_Share_Memory(char const*, int, void*&, int&) resumed> )                                          = 0
7996 [0x7f8308e43d7f]   libnasman.so->Open_Share_Memory(char const*, int, void*&, int&)(0x7f8308e880b5, 0, 0x7fff9ad3b100, 0x7fff9ad3b10c <unfinished ...>
7996 [0x7f83087377e0]     SYS_open(0x7fff9ad3afb0, 0xa0000, 484, 1)                                                                = 3
7996 [0x7f83087373b4]     SYS_fstat(3, 0x7fff9ad3b040, 0x7fff9ad3b040, 1)                                                          = 0
7996 [0x7f830874072a]     SYS_mmap(0, 4080, 1, 1)                                                                                  = 0x7f83092b3000
7996 [0x7f8308738070]     SYS_close(3, 4080, 1, 1)                                                                                 = 0
7996 [0x7f8308e43d7f]   <... Open_Share_Memory(char const*, int, void*&, int&) resumed> )                                          = 0
7996 [0x4008fd] <... Lookup_Nas_Info(_T_NAS_PROP_&) resumed> )                                                                     = 0
7996 [0x400934] ledctrl->Hal_Led_Set_Hdd_Mode(2, 9, 3, 0 <unfinished ...>
7996 [0x7f8308a00f15]   libnhal.so->Hal_Lookup_Hardware_Info(0x7fff9ad3b030, 9, 3, 0 <unfinished ...>
7996 [0x7f83087377e0]     SYS_open(0x7fff9ad3af30, 0xa0002, 484, 1)                                                                = 3
7996 [0x7f830874072a]     SYS_mmap(0, 220, 3, 1)                                                                                   = 0x7f83092b2000
7996 [0x7f8308738070]     SYS_close(3, 220, 3, 1)                                                                                  = 0
7996 [0x7f83089ff7f0]     libnhal.so->Hw_Semaphore_Init(0x7fff9ad3afe0, 0x7f8308a02287, 1, -1 <unfinished ...>
7996 [0x7f8308737405]       SYS_lstat(0x7fff9ad3ae90, 0x7fff9ad3ada0, 0x7fff9ad3ada0, 0)                                           = -2
7996 [0x7f830798f510]       SYS_open(0x7fff9ad3ae90, 194, 600, 0)                                                                  = 3
7996 [0x7f830798eda0]       SYS_write(3, 0x7fff9ad3af10, 32, 0)                                                                    = 32
7996 [0x7f830874072a]       SYS_mmap(0, 32, 3, 1)                                                                                  = 0x7f83092b1000
7996 [0x7f83087391a7]       SYS_link(0x7fff9ad3ae90, 0x7fff9ad3aec0, 3, 1)                                                         = -17
7996 [0x7f8308740757]       SYS_munmap(0x7f83092b1000, 32, 3, 1)                                                                   = 0
7996 [0x7f83087392c7]       SYS_unlink(0x7fff9ad3ae90, 32, 3, 1)                                                                   = 0
7996 [0x7f830798ee60]       SYS_close(3, 32, 3, 1)                                                                                 = 0
7996 [0x7f830798f510]       SYS_open(0x7fff9ad3aec0, 0x20002, 18, 1)                                                               = 3
7996 [0x7f83087373b4]       SYS_fstat(3, 0x7fff9ad3adf0, 0x7fff9ad3adf0, 1)                                                        = 0
7996 [0x7f830873cf5a]       SYS_brk(0, 0x7f83089f4640, 0, -4096)                                                                   = 0xf64000
7996 [0x7f830873cf5a]       SYS_brk(0xf85000, 0xf64000, 0xf85000, -4096)                                                           = 0xf85000
7996 [0x7f830874072a]       SYS_mmap(0, 32, 3, 1)                                                                                  = 0x7f83092b1000
7996 [0x7f830798ee60]       SYS_close(3, 32, 0, 3)                                                                                 = 0
7996 [0x7f83089ff7f0]     <... Hw_Semaphore_Init resumed> )                                                                        = 17
7996 [0x7f83089ff800]     libnhal.so->Hw_Semaphore_Lock(0x7fff9ad3afe0, 32, 0x7f83092b1000, -1)                                    = 0
7996 [0x7f83089ff918]     libnhal.so->Hw_Semaphore_Unlock(0x7fff9ad3afe0, 2, 0x7f83092b2000, 0)                                    = 0
7996 [0x7f83089ff924]     libnhal.so->Hw_Semaphore_Release(0x7fff9ad3afe0, 128, 0, 0 <unfinished ...>
7996 [0x7f8308740757]       SYS_munmap(0x7f83092b1000, 32, 0, 1)                                                                   = 0
7996 [0x7f83089ff924]     <... Hw_Semaphore_Release resumed> )                                                                     = 0
7996 [0x7f8308a00f15]   <... Hal_Lookup_Hardware_Info resumed> )                                                                   = 0
7996 [0x400934] <... Hal_Led_Set_Hdd_Mode resumed> )                                                                               = 0xffffffea
7996 [0x7f8308e43f15] libnasman.so->Close_Share_Memory(char const*, void*)(0x7f8308e8808e, 0x7f83092b5000, 0xc91a4aabb0ad1066, 4 <unfinished ...>
7996 [0x7f8308e43b6e]   libnasman.so->Get_File_Size(char const*, long*)(0x7fff9ad3aea0, 0x7fff9ad3afc8, 0x7fff9ad3aeb5, 0 <unfinished ...>
7996 [0x7f8308737365]     SYS_stat(0x7fff9ad3aea0, 0x7fff9ad3ae00, 0x7fff9ad3ae00, 1)                                              = 0
7996 [0x7f8308e43b6e]   <... Get_File_Size(char const*, long*) resumed> )                                                          = 0
7996 [0x7f8308740757]   SYS_munmap(0x7f83092b5000, 0x2788, 0x7fff9ad3ae00, 1)                                                      = 0
7996 [0x7f8308e43f15] <... Close_Share_Memory(char const*, void*) resumed> )                                                       = 0
7996 [0x7f8308e43f37] libnasman.so->Close_Share_Memory(char const*, void*)(0x7f8308e880a7, 0x7f83092b4000, 0, -1 <unfinished ...>
7996 [0x7f8308e43b6e]   libnasman.so->Get_File_Size(char const*, long*)(0x7fff9ad3aea0, 0x7fff9ad3afc8, 0x7fff9ad3aeb6, 0 <unfinished ...>
7996 [0x7f8308737365]     SYS_stat(0x7fff9ad3aea0, 0x7fff9ad3ae00, 0x7fff9ad3ae00, 1)                                              = 0
7996 [0x7f8308e43b6e]   <... Get_File_Size(char const*, long*) resumed> )                                                          = 0
7996 [0x7f8308740757]   SYS_munmap(0x7f83092b4000, 3536, 0x7fff9ad3ae00, 1)                                                        = 0
7996 [0x7f8308e43f37] <... Close_Share_Memory(char const*, void*) resumed> )                                                       = 0
7996 [0x7f8308e43f59] libnasman.so->Close_Share_Memory(char const*, void*)(0x7f8308e880b5, 0x7f83092b3000, 0, -1 <unfinished ...>
7996 [0x7f8308e43b6e]   libnasman.so->Get_File_Size(char const*, long*)(0x7fff9ad3aea0, 0x7fff9ad3afc8, 0x7fff9ad3aeb6, 0 <unfinished ...>
7996 [0x7f8308737365]     SYS_stat(0x7fff9ad3aea0, 0x7fff9ad3ae00, 0x7fff9ad3ae00, 1)                                              = 0
7996 [0x7f8308e43b6e]   <... Get_File_Size(char const*, long*) resumed> )                                                          = 0
7996 [0x7f8308740757]   SYS_munmap(0x7f83092b3000, 4080, 0x7fff9ad3ae00, 1)                                                        = 0
7996 [0x7f8308e43f59] <... Close_Share_Memory(char const*, void*) resumed> )                                                       = 0
7996 [0x7f8308691932] libgeneral.so->Trace_Mem_Destroy()(0x7f83083a9d40, 0, 0xc91a4b454b6d1066, 16)                                = 0
7996 [0x7f8308714468] SYS_exit_group(-22, 60, -22, 0x7f83089f7a48 <no return ...>
7996 [0xffffffffffffffff] +++ exited (status 234) +++
