8021 [0x7fe34034f8aa] SYS_brk(0, 0x7fe340352fa0, 0, 895)                                                                           = 0x1a7b000
8021 [0x7fe3403507e7] SYS_readlink(0x7fffcbcacb77, 0x7fffcbcaae50, 4096, 0x756e694c00000000)                                       = -2
8021 [0x7fe340350677] SYS_open(0x7fe3403541f3, 0, 0, 0x756e694c00000000)                                                           = 3
8021 [0x7fe3403507a7] SYS_chdir(0x7fe34055bba8, 0, 0, 0x756e694c00000000)                                                          = -2
8021 [0x7fe34034f9d2] SYS_getcwd(0x7fffcbcaae50, 4096, 0, 0x756e694c00000000)                                                      = 23
8021 [0x7fe3403507c7] SYS_fchdir(3, 4096, 0, 0x756e694c00000000)                                                                   = 0
8021 [0x7fe340350787] SYS_close(3, 4096, 0, 0x756e694c00000000)                                                                    = 0
8021 [0x7fe34035080a] SYS_mmap(0, 4096, 3, 34)                                                                                     = 0x7fe340558000
8021 [0x7fe3403506d7] SYS_access(0x7fe340356700, 4, 0x7fe34055b718, 0)                                                             = -2
8021 [0x7fe340350677] SYS_open(0x7fe340354072, 0x80000, 1, 0)                                                                      = 3
8021 [0x7fe340350604] SYS_fstat(3, 0x7fffcbcaa630, 0x7fffcbcaa630, 0)                                                              = 0
8021 [0x7fe34035080a] SYS_mmap(0, 0x83b3, 1, 2)                                                                                    = 0x7fe34054f000
8021 [0x7fe340350787] SYS_close(3, 0x83b3, 1, 2)                                                                                   = 0
8021 [0x7fe340350677] SYS_open(0x7fe340558640, 0x80000, 0, 56)                                                                     = 3
8021 [0x7fe340350697] SYS_read(3, 0x7fffcbcaa7b8, 832, 56)                                                                         = 832
8021 [0x7fe340350604] SYS_fstat(3, 0x7fffcbcaa690, 0x7fffcbcaa690, 16)                                                             = 0
8021 [0x7fe34035080a] SYS_mmap(0, 0x278960, 5, 2050)                                                                               = 0x7fe3400c0000
8021 [0x7fe340350857] SYS_mprotect(0x7fe340136000, 0x200000, 0, 2050)                                                              = 0
8021 [0x7fe34035080a] SYS_mmap(0x7fe340336000, 0x3000, 3, 2066)                                                                    = 0x7fe340336000
8021 [0x7fe340350787] SYS_close(3, 16, 0x7fe3403363e0, 0x6ffffdff)                                                                 = 0
8021 [0x7fe340350677] SYS_open(0x7fe340558b10, 0x80000, 0, 0x6ffffdff)                                                             = 3
8021 [0x7fe340350697] SYS_read(3, 0x7fffcbcaa788, 832, 0x6ffffdff)                                                                 = 832
8021 [0x7fe340350604] SYS_fstat(3, 0x7fffcbcaa660, 0x7fffcbcaa660, 16)                                                             = 0
8021 [0x7fe34035080a] SYS_mmap(0, 0x21bee0, 5, 2050)                                                                               = 0x7fe33fea4000
8021 [0x7fe340350857] SYS_mprotect(0x7fe33febf000, 0x200000, 0, 2050)                                                              = 0
8021 [0x7fe34035080a] SYS_mmap(0x7fe3400bf000, 4096, 3, 2066)                                                                      = 0x7fe3400bf000
8021 [0x7fe340350787] SYS_close(3, 16, 0x7fe3400bf208, 0x6ffffdff)                                                                 = 0
8021 [0x7fe340350677] SYS_open(0x7fe340558fe0, 0x80000, 0, 0x6ffffdff)                                                             = 3
8021 [0x7fe340350697] SYS_read(3, 0x7fffcbcaa758, 832, 0x6ffffdff)                                                                 = 832
8021 [0x7fe340350604] SYS_fstat(3, 0x7fffcbcaa630, 0x7fffcbcaa630, 16)                                                             = 0
8021 [0x7fe34035080a] SYS_mmap(0, 4096, 3, 34)                                                                                     = 0x7fe34054e000
8021 [0x7fe34035080a] SYS_mmap(0, 0x209ad0, 5, 2050)                                                                               = 0x7fe33fc9a000
8021 [0x7fe340350857] SYS_mprotect(0x7fe33fca4000, 0x1ff000, 0, 2050)                                                              = 0
8021 [0x7fe34035080a] SYS_mmap(0x7fe33fea3000, 4096, 3, 2066)                                                                      = 0x7fe33fea3000
8021 [0x7fe340350787] SYS_close(3, 16, 0x7fe33fea3690, 0x6ffffdff)                                                                 = 0
8021 [0x7fe340350677] SYS_open(0x7fe34054e4b8, 0x80000, 0, 0x6ffffdff)                                                             = 3
8021 [0x7fe340350697] SYS_read(3, 0x7fffcbcaa728, 832, 0x6ffffdff)                                                                 = 832
8021 [0x7fe340350604] SYS_fstat(3, 0x7fffcbcaa600, 0x7fffcbcaa600, 32)                                                             = 0
8021 [0x7fe34035080a] SYS_mmap(0, 0x39dc40, 5, 2050)                                                                               = 0x7fe33f8fc000
8021 [0x7fe340350857] SYS_mprotect(0x7fe33fa90000, 0x200000, 0, 2050)                                                              = 0
8021 [0x7fe34035080a] SYS_mmap(0x7fe33fc90000, 0x6000, 3, 2066)                                                                    = 0x7fe33fc90000
8021 [0x7fe34035080a] SYS_mmap(0x7fe33fc96000, 0x3c40, 3, 50)                                                                      = 0x7fe33fc96000
8021 [0x7fe340350787] SYS_close(3, 16, 0, 0x6ffffdff)                                                                              = 0
8021 [0x7fe340350677] SYS_open(0x7fe34054e988, 0x80000, 0, 0x6ffffdff)                                                             = 3
8021 [0x7fe340350697] SYS_read(3, 0x7fffcbcaa5d8, 832, 0x6ffffdff)                                                                 = 832
8021 [0x7fe340350604] SYS_fstat(3, 0x7fffcbcaa4b0, 0x7fffcbcaa4b0, 16)                                                             = 0
8021 [0x7fe34035080a] SYS_mmap(0, 0x2b09d0, 5, 2050)                                                                               = 0x7fe33f64b000
8021 [0x7fe340350857] SYS_mprotect(0x7fe33f6fa000, 0x1ff000, 0, 2050)                                                              = 0
8021 [0x7fe34035080a] SYS_mmap(0x7fe33f8f9000, 0x3000, 3, 2066)                                                                    = 0x7fe33f8f9000
8021 [0x7fe340350787] SYS_close(3, 16, 0x7fe33f8f99a8, 0x6ffffdff)                                                                 = 0
8021 [0x7fe340350677] SYS_open(0x7fe34054ee58, 0x80000, 0, 0x6ffffdff)                                                             = 3
8021 [0x7fe340350697] SYS_read(3, 0x7fffcbcaa5a8, 832, 0x6ffffdff)                                                                 = 832
8021 [0x7fe340350604] SYS_fstat(3, 0x7fffcbcaa480, 0x7fffcbcaa480, 16)                                                             = 0
8021 [0x7fe34035080a] SYS_mmap(0, 4096, 3, 34)                                                                                     = 0x7fe34054d000
8021 [0x7fe34035080a] SYS_mmap(0, 0x294ee0, 5, 2050)                                                                               = 0x7fe33f3b6000
8021 [0x7fe340350857] SYS_mprotect(0x7fe33f448000, 0x1ff000, 0, 2050)                                                              = 0
8021 [0x7fe34035080a] SYS_mmap(0x7fe33f647000, 0x3000, 3, 2066)                                                                    = 0x7fe33f647000
8021 [0x7fe34035080a] SYS_mmap(0x7fe33f64a000, 3808, 3, 50)                                                                        = 0x7fe33f64a000
8021 [0x7fe340350787] SYS_close(3, 16, 0x7fe33f647e30, 0x6ffffdff)                                                                 = 0
8021 [0x7fe340350677] SYS_open(0x7fe34054d4b8, 0x80000, 0, 0x6ffffdff)                                                             = 3
8021 [0x7fe340350697] SYS_read(3, 0x7fffcbcaa578, 832, 0x6ffffdff)                                                                 = 832
8021 [0x7fe340350604] SYS_fstat(3, 0x7fffcbcaa450, 0x7fffcbcaa450, 16)                                                             = 0
8021 [0x7fe34035080a] SYS_mmap(0, 0x29d850, 5, 2050)                                                                               = 0x7fe33f118000
8021 [0x7fe340350857] SYS_mprotect(0x7fe33f1b1000, 0x200000, 0, 2050)                                                              = 0
8021 [0x7fe34035080a] SYS_mmap(0x7fe33f3b1000, 0x3000, 3, 2066)                                                                    = 0x7fe33f3b1000
8021 [0x7fe34035080a] SYS_mmap(0x7fe33f3b4000, 6224, 3, 50)                                                                        = 0x7fe33f3b4000
8021 [0x7fe340350787] SYS_close(3, 16, 0x7fe33f3b2cc8, 0x6ffffdff)                                                                 = 0
8021 [0x7fe340350677] SYS_open(0x7fe34054d9a0, 0x80000, 0, 0x6ffffdff)                                                             = 3
8021 [0x7fe340350697] SYS_read(3, 0x7fffcbcaa548, 832, 0x6ffffdff)                                                                 = 832
8021 [0x7fe340350604] SYS_fstat(3, 0x7fffcbcaa420, 0x7fffcbcaa420, 16)                                                             = 0
8021 [0x7fe34035080a] SYS_mmap(0, 0x2dbbb0, 5, 2050)                                                                               = 0x7fe33ee3c000
8021 [0x7fe340350857] SYS_mprotect(0x7fe33eefa000, 0x200000, 0, 2050)                                                              = 0
8021 [0x7fe34035080a] SYS_mmap(0x7fe33f0fa000, 0xa000, 3, 2066)                                                                    = 0x7fe33f0fa000
8021 [0x7fe34035080a] SYS_mmap(0x7fe33f104000, 0x13bb0, 3, 50)                                                                     = 0x7fe33f104000
8021 [0x7fe340350787] SYS_close(3, 16, 0x7fe33f1004d8, 0x6ffffdff)                                                                 = 0
8021 [0x7fe340350677] SYS_open(0x7fe34054de70, 0x80000, 0, 0x6ffffdff)                                                             = 3
8021 [0x7fe340350697] SYS_read(3, 0x7fffcbcaa518, 832, 0x6ffffdff)                                                                 = 832
8021 [0x7fe340350604] SYS_fstat(3, 0x7fffcbcaa3f0, 0x7fffcbcaa3f0, 32)                                                             = 0
8021 [0x7fe34035080a] SYS_mmap(0, 4096, 3, 34)                                                                                     = 0x7fe34054c000
8021 [0x7fe34035080a] SYS_mmap(0, 0x21c490, 5, 2050)                                                                               = 0x7fe33ec1f000
8021 [0x7fe340350857] SYS_mprotect(0x7fe33ec37000, 0x1ff000, 0, 2050)                                                              = 0
8021 [0x7fe34035080a] SYS_mmap(0x7fe33ee36000, 8192, 3, 2066)                                                                      = 0x7fe33ee36000
8021 [0x7fe34035080a] SYS_mmap(0x7fe33ee38000, 0x3490, 3, 50)                                                                      = 0x7fe33ee38000
8021 [0x7fe340350787] SYS_close(3, 16, 0, 0x6ffffdff)                                                                              = 0
8021 [0x7fe340350677] SYS_open(0x7fe34054c4b8, 0x80000, 0, 0x6ffffdff)                                                             = 3
8021 [0x7fe340350697] SYS_read(3, 0x7fffcbcaa4e8, 832, 0x6ffffdff)                                                                 = 832
8021 [0x7fe340350604] SYS_fstat(3, 0x7fffcbcaa3c0, 0x7fffcbcaa3c0, 32)                                                             = 0
8021 [0x7fe34035080a] SYS_mmap(0, 0x207bc0, 5, 2050)                                                                               = 0x7fe33ea17000
8021 [0x7fe340350857] SYS_mprotect(0x7fe33ea1e000, 0x1ff000, 0, 2050)                                                              = 0
8021 [0x7fe34035080a] SYS_mmap(0x7fe33ec1d000, 8192, 3, 2066)                                                                      = 0x7fe33ec1d000
8021 [0x7fe340350787] SYS_close(3, 16, 0, 0x6ffffdff)                                                                              = 0
8021 [0x7fe340350677] SYS_open(0x7fe34054c988, 0x80000, 0, 0x6ffffdff)                                                             = 3
8021 [0x7fe340350697] SYS_read(3, 0x7fffcbcaa4b8, 832, 0x6ffffdff)                                                                 = 832
8021 [0x7fe340350604] SYS_fstat(3, 0x7fffcbcaa390, 0x7fffcbcaa390, 16)                                                             = 0
8021 [0x7fe34035080a] SYS_mmap(0, 0x202e20, 5, 2050)                                                                               = 0x7fe33e814000
8021 [0x7fe340350857] SYS_mprotect(0x7fe33e817000, 0x1ff000, 0, 2050)                                                              = 0
8021 [0x7fe34035080a] SYS_mmap(0x7fe33ea16000, 4096, 3, 2066)                                                                      = 0x7fe33ea16000
8021 [0x7fe340350787] SYS_close(3, 16, 0x7fe33ea16c28, 0x6ffffdff)                                                                 = 0
8021 [0x7fe340350677] SYS_open(0x7fe34054ce58, 0x80000, 0, 0x6ffffdff)                                                             = 3
8021 [0x7fe340350697] SYS_read(3, 0x7fffcbcaa488, 832, 0x6ffffdff)                                                                 = 832
8021 [0x7fe340350604] SYS_fstat(3, 0x7fffcbcaa360, 0x7fffcbcaa360, 16)                                                             = 0
8021 [0x7fe34035080a] SYS_mmap(0, 4096, 3, 34)                                                                                     = 0x7fe34054b000
8021 [0x7fe34035080a] SYS_mmap(0, 0x209850, 5, 2050)                                                                               = 0x7fe33e60a000
8021 [0x7fe340350857] SYS_mprotect(0x7fe33e614000, 0x1ff000, 0, 2050)                                                              = 0
8021 [0x7fe34035080a] SYS_mmap(0x7fe33e813000, 4096, 3, 2066)                                                                      = 0x7fe33e813000
8021 [0x7fe340350787] SYS_close(3, 16, 0x7fe33e813618, 0x6ffffdff)                                                                 = 0
8021 [0x7fe340350677] SYS_open(0x7fe34054b4b8, 0x80000, 0, 0x6ffffdff)                                                             = 3
8021 [0x7fe340350697] SYS_read(3, 0x7fffcbcaa458, 832, 0x6ffffdff)                                                                 = 832
8021 [0x7fe340350604] SYS_fstat(3, 0x7fffcbcaa330, 0x7fffcbcaa330, 16)                                                             = 0
8021 [0x7fe34035080a] SYS_mmap(0, 0x210868, 5, 2050)                                                                               = 0x7fe33e3f9000
8021 [0x7fe340350857] SYS_mprotect(0x7fe33e40a000, 0x1ff000, 0, 2050)                                                              = 0
8021 [0x7fe34035080a] SYS_mmap(0x7fe33e609000, 4096, 3, 2066)                                                                      = 0x7fe33e609000
8021 [0x7fe340350787] SYS_close(3, 16, 0x7fe33e609408, 0x6ffffdff)                                                                 = 0
8021 [0x7fe340350677] SYS_open(0x7fe34054ba40, 0x80000, 0, 0x7fe34054c9a0)                                                         = 3
8021 [0x7fe340350697] SYS_read(3, 0x7fffcbcaa2f8, 832, 0x7fe34054c9a0)                                                             = 832
8021 [0x7fe340350604] SYS_fstat(3, 0x7fffcbcaa1d0, 0x7fffcbcaa1d0, 16)                                                             = 0
8021 [0x7fe34035080a] SYS_mmap(0, 0x2032c8, 5, 2050)                                                                               = 0x7fe33e1f5000
8021 [0x7fe340350857] SYS_mprotect(0x7fe33e1f8000, 0x200000, 0, 2050)                                                              = 0
8021 [0x7fe34035080a] SYS_mmap(0x7fe33e3f8000, 4096, 3, 2066)                                                                      = 0x7fe33e3f8000
8021 [0x7fe340350787] SYS_close(3, 16, 0x7fe33e3f8188, 0x6ffffdff)                                                                 = 0
8021 [0x7fe340350677] SYS_open(0x7fe34054bf28, 0x80000, 0, 0x6ffffdff)                                                             = 3
8021 [0x7fe340350697] SYS_read(3, 0x7fffcbcaa2c8, 832, 0x6ffffdff)                                                                 = 832
8021 [0x7fe340350604] SYS_fstat(3, 0x7fffcbcaa1a0, 0x7fffcbcaa1a0, 16)                                                             = 0
8021 [0x7fe34035080a] SYS_mmap(0, 4096, 3, 34)                                                                                     = 0x7fe34054a000
8021 [0x7fe34035080a] SYS_mmap(0, 0x207820, 5, 2050)                                                                               = 0x7fe33dfed000
8021 [0x7fe340350857] SYS_mprotect(0x7fe33dff4000, 0x200000, 0, 2050)                                                              = 0
8021 [0x7fe34035080a] SYS_mmap(0x7fe33e1f4000, 4096, 3, 2066)                                                                      = 0x7fe33e1f4000
8021 [0x7fe340350787] SYS_close(3, 16, 0x7fe33e1f4188, 0x6ffffdff)                                                                 = 0
8021 [0x7fe340350677] SYS_open(0x7fe34054a4c8, 0x80000, 0, 0x6ffffdff)                                                             = 3
8021 [0x7fe340350697] SYS_read(3, 0x7fffcbcaa298, 832, 0x6ffffdff)                                                                 = 832
8021 [0x7fe340350604] SYS_fstat(3, 0x7fffcbcaa170, 0x7fffcbcaa170, 16)                                                             = 0
8021 [0x7fe34035080a] SYS_mmap(0, 0x201f30, 5, 2050)                                                                               = 0x7fe33ddeb000
8021 [0x7fe340350857] SYS_mprotect(0x7fe33dded000, 0x1ff000, 0, 2050)                                                              = 0
8021 [0x7fe34035080a] SYS_mmap(0x7fe33dfec000, 4096, 3, 2066)                                                                      = 0x7fe33dfec000
8021 [0x7fe340350787] SYS_close(3, 16, 0x7fe33dfece18, 0x6ffffdff)                                                                 = 0
8021 [0x7fe340350677] SYS_open(0x7fe34054aa60, 0x80000, 0, 0x7fe34054e4d0)                                                         = 3
8021 [0x7fe340350697] SYS_read(3, 0x7fffcbcaa268, 832, 0x7fe34054e4d0)                                                             = 832
8021 [0x7fe340350604] SYS_fstat(3, 0x7fffcbcaa140, 0x7fffcbcaa140, 16)                                                             = 0
8021 [0x7fe34035080a] SYS_mmap(0, 0x2022e8, 5, 2050)                                                                               = 0x7fe33dbe8000
8021 [0x7fe340350857] SYS_mprotect(0x7fe33dbea000, 0x200000, 0, 2050)                                                              = 0
8021 [0x7fe34035080a] SYS_mmap(0x7fe33ddea000, 4096, 3, 2066)                                                                      = 0x7fe33ddea000
8021 [0x7fe340350787] SYS_close(3, 16, 0x7fe33ddea198, 0x6ffffdff)                                                                 = 0
8021 [0x7fe340350677] SYS_open(0x7fe34054af40, 0x80000, 0, 0x6ffffdff)                                                             = 3
8021 [0x7fe340350697] SYS_read(3, 0x7fffcbcaa238, 832, 0x6ffffdff)                                                                 = 832
8021 [0x7fe340350604] SYS_fstat(3, 0x7fffcbcaa110, 0x7fffcbcaa110, 16)                                                             = 0
8021 [0x7fe34035080a] SYS_mmap(0, 4096, 3, 34)                                                                                     = 0x7fe340549000
8021 [0x7fe34035080a] SYS_mmap(0, 0x201f30, 5, 2050)                                                                               = 0x7fe33d9e6000
8021 [0x7fe340350857] SYS_mprotect(0x7fe33d9e8000, 0x1ff000, 0, 2050)                                                              = 0
8021 [0x7fe34035080a] SYS_mmap(0x7fe33dbe7000, 4096, 3, 2066)                                                                      = 0x7fe33dbe7000
8021 [0x7fe340350787] SYS_close(3, 16, 0x7fe33dbe7e18, 0x6ffffdff)                                                                 = 0
8021 [0x7fe340350677] SYS_open(0x7fe3405494c0, 0x80000, 0, 0x6ffffdff)                                                             = 3
8021 [0x7fe340350697] SYS_read(3, 0x7fffcbcaa208, 832, 0x6ffffdff)                                                                 = 832
8021 [0x7fe340350604] SYS_fstat(3, 0x7fffcbcaa0e0, 0x7fffcbcaa0e0, 16)                                                             = 0
8021 [0x7fe34035080a] SYS_mmap(0, 0x2038b8, 5, 2050)                                                                               = 0x7fe33d7e2000
8021 [0x7fe340350857] SYS_mprotect(0x7fe33d7e6000, 0x1ff000, 0, 2050)                                                              = 0
8021 [0x7fe34035080a] SYS_mmap(0x7fe33d9e5000, 4096, 3, 2066)                                                                      = 0x7fe33d9e5000
8021 [0x7fe340350787] SYS_close(3, 16, 0x7fe33d9e5748, 0x6ffffdff)                                                                 = 0
8021 [0x7fe340350677] SYS_open(0x7fe340549a60, 0x80000, 0, 0x7fe34054c000)                                                         = 3
8021 [0x7fe340350697] SYS_read(3, 0x7fffcbcaa1a8, 832, 0x7fe34054c000)                                                             = 832
8021 [0x7fe340350604] SYS_fstat(3, 0x7fffcbcaa080, 0x7fffcbcaa080, 16)                                                             = 0
8021 [0x7fe34035080a] SYS_mmap(0, 0x210848, 5, 2050)                                                                               = 0x7fe33d5d1000
8021 [0x7fe340350857] SYS_mprotect(0x7fe33d5e1000, 0x1ff000, 0, 2050)                                                              = 0
8021 [0x7fe34035080a] SYS_mmap(0x7fe33d7e0000, 8192, 3, 2066)                                                                      = 0x7fe33d7e0000
8021 [0x7fe340350787] SYS_close(3, 16, 0x7fe33d7e0d90, 0x6ffffdff)                                                                 = 0
8021 [0x7fe340350677] SYS_open(0x7fe340549f48, 0x80000, 0, 0x6ffffdff)                                                             = 3
8021 [0x7fe340350697] SYS_read(3, 0x7fffcbcaa178, 832, 0x6ffffdff)                                                                 = 832
8021 [0x7fe340350604] SYS_fstat(3, 0x7fffcbcaa050, 0x7fffcbcaa050, 16)                                                             = 0
8021 [0x7fe34035080a] SYS_mmap(0, 4096, 3, 34)                                                                                     = 0x7fe340548000
8021 [0x7fe34035080a] SYS_mmap(0, 0x20acf0, 5, 2050)                                                                               = 0x7fe33d3c6000
8021 [0x7fe340350857] SYS_mprotect(0x7fe33d3d1000, 0x1ff000, 0, 2050)                                                              = 0
8021 [0x7fe34035080a] SYS_mmap(0x7fe33d5d0000, 4096, 3, 2066)                                                                      = 0x7fe33d5d0000
8021 [0x7fe340350787] SYS_close(3, 16, 0x7fe33d5d0750, 0x6ffffdff)                                                                 = 0
8021 [0x7fe340350677] SYS_open(0x7fe340548560, 0x80000, 0, 0x7fe34054c000)                                                         = 3
8021 [0x7fe340350697] SYS_read(3, 0x7fffcbcaa148, 832, 0x7fe34054c000)                                                             = 832
8021 [0x7fe340350604] SYS_fstat(3, 0x7fffcbcaa020, 0x7fffcbcaa020, 32)                                                             = 0
8021 [0x7fe34035080a] SYS_mmap(0, 0x2361e0, 5, 2050)                                                                               = 0x7fe33d18f000
8021 [0x7fe340350857] SYS_mprotect(0x7fe33d197000, 0x1ff000, 0, 2050)                                                              = 0
8021 [0x7fe34035080a] SYS_mmap(0x7fe33d396000, 8192, 3, 2066)                                                                      = 0x7fe33d396000
8021 [0x7fe34035080a] SYS_mmap(0x7fe33d398000, 0x2d1e0, 3, 50)                                                                     = 0x7fe33d398000
8021 [0x7fe340350787] SYS_close(3, 16, 0, 0x6ffffdff)                                                                              = 0
8021 [0x7fe340350677] SYS_open(0x7fe340548a30, 0x80000, 0, 0x6ffffdff)                                                             = 3
8021 [0x7fe340350697] SYS_read(3, 0x7fffcbcaa118, 832, 0x6ffffdff)                                                                 = 832
8021 [0x7fe340350604] SYS_fstat(3, 0x7fffcbca9ff0, 0x7fffcbca9ff0, 16)                                                             = 0
8021 [0x7fe34035080a] SYS_mmap(0, 0x43fe88, 5, 2050)                                                                               = 0x7fe33cd4f000
8021 [0x7fe340350857] SYS_mprotect(0x7fe33cf64000, 0x200000, 0, 2050)                                                              = 0
8021 [0x7fe34035080a] SYS_mmap(0x7fe33d164000, 0x27000, 3, 2066)                                                                   = 0x7fe33d164000
8021 [0x7fe34035080a] SYS_mmap(0x7fe33d18b000, 0x3e88, 3, 50)                                                                      = 0x7fe33d18b000
8021 [0x7fe340350857] SYS_mprotect(0x7fffcbcab000, 4096, 0x1000007, 4)                                                             = 0
8021 [0x7fe340350787] SYS_close(3, 4096, 0x1000007, 4)                                                                             = 0
8021 [0x7fe340350677] SYS_open(0x7fe340548fb0, 0x80000, 0, 0x7fe34054b4d0)                                                         = 3
8021 [0x7fe340350697] SYS_read(3, 0x7fffcbcaa0e8, 832, 0x7fe34054b4d0)                                                             = 832
8021 [0x7fe340350604] SYS_fstat(3, 0x7fffcbca9fc0, 0x7fffcbca9fc0, 16)                                                             = 0
8021 [0x7fe34035080a] SYS_mmap(0, 4096, 3, 34)                                                                                     = 0x7fe340547000
8021 [0x7fe34035080a] SYS_mmap(0, 0x215730, 5, 2050)                                                                               = 0x7fe33cb39000
8021 [0x7fe340350857] SYS_mprotect(0x7fe33cb4f000, 0x1ff000, 0, 2050)                                                              = 0
8021 [0x7fe34035080a] SYS_mmap(0x7fe33cd4e000, 4096, 3, 2066)                                                                      = 0x7fe33cd4e000
8021 [0x7fe340350787] SYS_close(3, 16, 0x7fe33cd4e490, 0x6ffffdff)                                                                 = 0
8021 [0x7fe340350677] SYS_open(0x7fe3405474f0, 0x80000, 0, 0x6ffffdff)                                                             = 3
8021 [0x7fe340350697] SYS_read(3, 0x7fffcbcaa0b8, 832, 0x6ffffdff)                                                                 = 832
8021 [0x7fe340350604] SYS_fstat(3, 0x7fffcbca9f90, 0x7fffcbca9f90, 32)                                                             = 0
8021 [0x7fe34035080a] SYS_mmap(0, 0x2fd148, 5, 2050)                                                                               = 0x7fe33c83b000
8021 [0x7fe340350857] SYS_mprotect(0x7fe33c938000, 0x1ff000, 0, 2050)                                                              = 0
8021 [0x7fe34035080a] SYS_mmap(0x7fe33cb37000, 8192, 3, 2066)                                                                      = 0x7fe33cb37000
8021 [0x7fe340350787] SYS_close(3, 16, 0, 0x6ffffdff)                                                                              = 0
8021 [0x7fe340350677] SYS_open(0x7fffcbca9e80, 0x80000, 0, 0x36782f39325f3130)                                                     = -2
8021 [0x7fe3403505c5] SYS_stat(0x7fffcbca9e80, 0x7fffcbca9f60, 0x7fffcbca9f60, 0x36782f39325f3130)                                 = -2
8021 [0x7fe340350677] SYS_open(0x7fffcbca9e80, 0x80000, 0, 0x36782f39325f3130)                                                     = -2
8021 [0x7fe3403505c5] SYS_stat(0x7fffcbca9e80, 0x7fffcbca9f60, 0x7fffcbca9f60, 0x36782f39325f3130)                                 = -2
8021 [0x7fe340350677] SYS_open(0x7fffcbca9e80, 0x80000, 0, 0x36782f39325f3130)                                                     = -2
8021 [0x7fe3403505c5] SYS_stat(0x7fffcbca9e80, 0x7fffcbca9f60, 0x7fffcbca9f60, 0x36782f39325f3130)                                 = -2
8021 [0x7fe340350677] SYS_open(0x7fffcbca9e80, 0x80000, 0, 0x36782f39325f3130)                                                     = -2
8021 [0x7fe3403505c5] SYS_stat(0x7fffcbca9e80, 0x7fffcbca9f60, 0x7fffcbca9f60, 0x36782f39325f3130)                                 = -2
8021 [0x7fe340350677] SYS_open(0x7fe340547dd0, 0x80000, 0, 0x36782f39325f3130)                                                     = 3
8021 [0x7fe340350697] SYS_read(3, 0x7fffcbcaa088, 832, 0x36782f39325f3130)                                                         = 832
8021 [0x7fe340350604] SYS_fstat(3, 0x7fffcbca9f60, 0x7fffcbca9f60, 16)                                                             = 0
8021 [0x7fe34035080a] SYS_mmap(0, 4096, 3, 34)                                                                                     = 0x7fe340546000
8021 [0x7fe34035080a] SYS_mmap(0, 0x2f8980, 5, 2050)                                                                               = 0x7fe33c542000
8021 [0x7fe340350857] SYS_mprotect(0x7fe33c639000, 0x200000, 0, 2050)                                                              = 0
8021 [0x7fe34035080a] SYS_mmap(0x7fe33c839000, 8192, 3, 2066)                                                                      = 0x7fe33c839000
8021 [0x7fe340350787] SYS_close(3, 16, 0x7fe33c8393a0, 0x6ffffdff)                                                                 = 0
8021 [0x7fe340350677] SYS_open(0x7fe3405464c8, 0x80000, 0, 0x6ffffdff)                                                             = 3
8021 [0x7fe340350697] SYS_read(3, 0x7fffcbcaa058, 832, 0x6ffffdff)                                                                 = 832
8021 [0x7fe340350604] SYS_fstat(3, 0x7fffcbca9f30, 0x7fffcbca9f30, 16)                                                             = 0
8021 [0x7fe34035080a] SYS_mmap(0, 0x2fc9d8, 5, 2050)                                                                               = 0x7fe33c245000
8021 [0x7fe340350857] SYS_mprotect(0x7fe33c340000, 0x200000, 0, 2050)                                                              = 0
8021 [0x7fe34035080a] SYS_mmap(0x7fe33c540000, 8192, 3, 2066)                                                                      = 0x7fe33c540000
8021 [0x7fe340350787] SYS_close(3, 16, 0x7fe33c541828, 0x6ffffdff)                                                                 = 0
8021 [0x7fe340350677] SYS_open(0x7fe340546998, 0x80000, 0, 0x6ffffdff)                                                             = 3
8021 [0x7fe340350697] SYS_read(3, 0x7fffcbcaa028, 832, 0x6ffffdff)                                                                 = 832
8021 [0x7fe340350604] SYS_fstat(3, 0x7fffcbca9f00, 0x7fffcbca9f00, 16)                                                             = 0
8021 [0x7fe34035080a] SYS_mmap(0, 0x242830, 5, 2050)                                                                               = 0x7fe33c002000
8021 [0x7fe340350857] SYS_mprotect(0x7fe33c045000, 0x1ff000, 0, 2050)                                                              = 0
8021 [0x7fe34035080a] SYS_mmap(0x7fe33c244000, 4096, 3, 2066)                                                                      = 0x7fe33c244000
8021 [0x7fe340350787] SYS_close(3, 16, 0x7fe33c244630, 0x6ffffdff)                                                                 = 0
8021 [0x7fe340350677] SYS_open(0x7fe340546f70, 0x80000, 0, 0x7fe34054d9b8)                                                         = 3
8021 [0x7fe340350697] SYS_read(3, 0x7fffcbca9ff8, 832, 0x7fe34054d9b8)                                                             = 832
8021 [0x7fe340350604] SYS_fstat(3, 0x7fffcbca9ed0, 0x7fffcbca9ed0, 32)                                                             = 0
8021 [0x7fe34035080a] SYS_mmap(0, 4096, 3, 34)                                                                                     = 0x7fe340545000
8021 [0x7fe34035080a] SYS_mmap(0, 0x203118, 5, 2050)                                                                               = 0x7fe33bdfe000
8021 [0x7fe340350857] SYS_mprotect(0x7fe33be00000, 0x200000, 0, 2050)                                                              = 0
8021 [0x7fe34035080a] SYS_mmap(0x7fe33c000000, 8192, 3, 2066)                                                                      = 0x7fe33c000000
8021 [0x7fe340350787] SYS_close(3, 16, 0x7fe33c000f40, 0x6ffffdff)                                                                 = 0
8021 [0x7fe34035080a] SYS_mmap(0, 4096, 3, 34)                                                                                     = 0x7fe340544000
8021 [0x7fe34035080a] SYS_mmap(0, 4096, 3, 34)                                                                                     = 0x7fe340543000
8021 [0x7fe34035080a] SYS_mmap(0, 8192, 3, 34)                                                                                     = 0x7fe340541000
8021 [0x7fe34033a044] SYS_arch_prctl(4098, 0x7fe340541780, 0x7fe340542080, 34)                                                     = 0
8021 [0x7fe340350857] SYS_mprotect(0x7fe33fc90000, 0x4000, 1, 1)                                                                   = 0
8021 [0x7fe340350857] SYS_mprotect(0x7fe33c000000, 4096, 1, 0x7fe33bdfec68)                                                        = 0
8021 [0x7fe340350857] SYS_mprotect(0x7fe33ee36000, 4096, 1, 0x7fe33ec24500)                                                        = 0
8021 [0x7fe340350857] SYS_mprotect(0x7fe33cb37000, 4096, 1, 1)                                                                     = 0
8021 [0x7fe340350857] SYS_mprotect(0x7fe33d396000, 4096, 1, 0x7fe33d18fa00)                                                        = 0
8021 [0x7fe340350857] SYS_mprotect(0x7fe33f0fa000, 0x7000, 1, 0x7fe33ee94810)                                                      = 0
8021 [0x7fe340350857] SYS_mprotect(0x7fe33ec1d000, 4096, 1, 0x7fe33ea18d58)                                                        = 0
8021 [0x7fe340350857] SYS_mprotect(0x7fe340559000, 4096, 1, 0)                                                                     = 0
8021 [0x7fe340350837] SYS_munmap(0x7fe34054f000, 0x83b3, 0x76900, 0)                                                               = 0
8021 [0x7fe33ec25e92] SYS_set_tid_address(0x7fe340541a50, 0x7fffcbcabfe8, 0x7fe340541780, 0)                                       = 8021
8021 [0x7fe33ec25efa] SYS_set_robust_list(0x7fe340541a60, 24, 0x7fe340541780, 0)                                                   = 0
8021 [0x7fe33ec2fcf5] SYS_rt_sigaction(32, 0x7fffcbcabd38, 0, 8)                                                                   = 0
8021 [0x7fe33ec2fcf5] SYS_rt_sigaction(33, 0x7fffcbcabd38, 0, 8)                                                                   = 0
8021 [0x7fe33ec25fd6] SYS_rt_sigprocmask(1, 0x7fffcbcabe88, 0, 8)                                                                  = 0
8021 [0x7fe33f9dcb17] SYS_getrlimit(3, 0x7fffcbcabf20, 63, 1)                                                                      = 0
8021 [0x7fe33ec25b95] SYS_futex(0x7fe33f1047e0, 129, 0x7fffffff, 0)                                                                = 0
8021 [0x4008fd] ledctrl->Lookup_Nas_Info(_T_NAS_PROP_&)(0x7fffcbcabe30, 0x7fffcbcacb94, 0, 0x7fffcbcacb93 <unfinished ...>
8021 [0x7fe3400e3d11]   libnasman.so->Open_Share_Memory(char const*, int, void*&, int&)(0x7fe34012808e, 0, 0x7fffcbcabdf0, 0x7fffcbcabdfc <unfinished ...>
8021 [0x7fe33f9d7557]     SYS_statfs(0x7fe33ec321e8, 0x7fffcbcabb90, 0x7fe33ee3b310, 1)                                            = 0
8021 [0x7fe33ec25b95]     SYS_futex(0x7fe33ee3b310, 129, 0x7fffffff, 0)                                                            = 0
8021 [0x7fe33f9d77e0]     SYS_open(0x7fffcbcabca0, 0xa0000, 484, 1)                                                                = 3
8021 [0x7fe33f9d73b4]     SYS_fstat(3, 0x7fffcbcabd30, 0x7fffcbcabd30, 1)                                                          = 0
8021 [0x7fe33f9e072a]     SYS_mmap(0, 0x2788, 1, 1)                                                                                = 0x7fe340555000
8021 [0x7fe33f9d8070]     SYS_close(3, 0x2788, 1, 1)                                                                               = 0
8021 [0x7fe3400e3d11]   <... Open_Share_Memory(char const*, int, void*&, int&) resumed> )                                          = 0
8021 [0x7fe3400e3d4d]   libnasman.so->Open_Share_Memory(char const*, int, void*&, int&)(0x7fe3401280a7, 0, 0x7fffcbcabdf0, 0x7fffcbcabdfc <unfinished ...>
8021 [0x7fe33f9d77e0]     SYS_open(0x7fffcbcabca0, 0xa0000, 484, 1)                                                                = 3
8021 [0x7fe33f9d73b4]     SYS_fstat(3, 0x7fffcbcabd30, 0x7fffcbcabd30, 1)                                                          = 0
8021 [0x7fe33f9e072a]     SYS_mmap(0, 3536, 1, 1)                                                                                  = 0x7fe340554000
8021 [0x7fe33f9d8070]     SYS_close(3, 3536, 1, 1)                                                                                 = 0
8021 [0x7fe3400e3d4d]   <... Open_Share_Memory(char const*, int, void*&, int&) resumed> )                                          = 0
8021 [0x7fe3400e3d7f]   libnasman.so->Open_Share_Memory(char const*, int, void*&, int&)(0x7fe3401280b5, 0, 0x7fffcbcabdf0, 0x7fffcbcabdfc <unfinished ...>
8021 [0x7fe33f9d77e0]     SYS_open(0x7fffcbcabca0, 0xa0000, 484, 1)                                                                = 3
8021 [0x7fe33f9d73b4]     SYS_fstat(3, 0x7fffcbcabd30, 0x7fffcbcabd30, 1)                                                          = 0
8021 [0x7fe33f9e072a]     SYS_mmap(0, 4080, 1, 1)                                                                                  = 0x7fe340553000
8021 [0x7fe33f9d8070]     SYS_close(3, 4080, 1, 1)                                                                                 = 0
8021 [0x7fe3400e3d7f]   <... Open_Share_Memory(char const*, int, void*&, int&) resumed> )                                          = 0
8021 [0x4008fd] <... Lookup_Nas_Info(_T_NAS_PROP_&) resumed> )                                                                     = 0
8021 [0x400934] ledctrl->Hal_Led_Set_Hdd_Mode(3, 9, 3, 0 <unfinished ...>
8021 [0x7fe33fca0f15]   libnhal.so->Hal_Lookup_Hardware_Info(0x7fffcbcabd20, 9, 3, 0 <unfinished ...>
8021 [0x7fe33f9d77e0]     SYS_open(0x7fffcbcabc20, 0xa0002, 484, 1)                                                                = 3
8021 [0x7fe33f9e072a]     SYS_mmap(0, 220, 3, 1)                                                                                   = 0x7fe340552000
8021 [0x7fe33f9d8070]     SYS_close(3, 220, 3, 1)                                                                                  = 0
8021 [0x7fe33fc9f7f0]     libnhal.so->Hw_Semaphore_Init(0x7fffcbcabcd0, 0x7fe33fca2287, 1, -1 <unfinished ...>
8021 [0x7fe33f9d7405]       SYS_lstat(0x7fffcbcabb80, 0x7fffcbcaba90, 0x7fffcbcaba90, 0)                                           = -2
8021 [0x7fe33ec2f510]       SYS_open(0x7fffcbcabb80, 194, 600, 0)                                                                  = 3
8021 [0x7fe33ec2eda0]       SYS_write(3, 0x7fffcbcabc00, 32, 0)                                                                    = 32
8021 [0x7fe33f9e072a]       SYS_mmap(0, 32, 3, 1)                                                                                  = 0x7fe340551000
8021 [0x7fe33f9d91a7]       SYS_link(0x7fffcbcabb80, 0x7fffcbcabbb0, 3, 1)                                                         = -17
8021 [0x7fe33f9e0757]       SYS_munmap(0x7fe340551000, 32, 3, 1)                                                                   = 0
8021 [0x7fe33f9d92c7]       SYS_unlink(0x7fffcbcabb80, 32, 3, 1)                                                                   = 0
8021 [0x7fe33ec2ee60]       SYS_close(3, 32, 3, 1)                                                                                 = 0
8021 [0x7fe33ec2f510]       SYS_open(0x7fffcbcabbb0, 0x20002, 18, 1)                                                               = 3
8021 [0x7fe33f9d73b4]       SYS_fstat(3, 0x7fffcbcabae0, 0x7fffcbcabae0, 1)                                                        = 0
8021 [0x7fe33f9dcf5a]       SYS_brk(0, 0x7fe33fc94640, 0, -4096)                                                                   = 0x1a7b000
8021 [0x7fe33f9dcf5a]       SYS_brk(0x1a9c000, 0x1a7b000, 0x1a9c000, -4096)                                                        = 0x1a9c000
8021 [0x7fe33f9e072a]       SYS_mmap(0, 32, 3, 1)                                                                                  = 0x7fe340551000
8021 [0x7fe33ec2ee60]       SYS_close(3, 32, 0, 3)                                                                                 = 0
8021 [0x7fe33fc9f7f0]     <... Hw_Semaphore_Init resumed> )                                                                        = 17
8021 [0x7fe33fc9f800]     libnhal.so->Hw_Semaphore_Lock(0x7fffcbcabcd0, 32, 0x7fe340551000, -1)                                    = 0
8021 [0x7fe33fc9f918]     libnhal.so->Hw_Semaphore_Unlock(0x7fffcbcabcd0, 2, 0x7fe340552000, 0)                                    = 0
8021 [0x7fe33fc9f924]     libnhal.so->Hw_Semaphore_Release(0x7fffcbcabcd0, 128, 0, 0 <unfinished ...>
8021 [0x7fe33f9e0757]       SYS_munmap(0x7fe340551000, 32, 0, 1)                                                                   = 0
8021 [0x7fe33fc9f924]     <... Hw_Semaphore_Release resumed> )                                                                     = 0
8021 [0x7fe33fca0f15]   <... Hal_Lookup_Hardware_Info resumed> )                                                                   = 0
8021 [0x400934] <... Hal_Led_Set_Hdd_Mode resumed> )                                                                               = 0xffffffea
8021 [0x7fe3400e3f15] libnasman.so->Close_Share_Memory(char const*, void*)(0x7fe34012808e, 0x7fe340555000, 0xc1960aa540097151, 4 <unfinished ...>
8021 [0x7fe3400e3b6e]   libnasman.so->Get_File_Size(char const*, long*)(0x7fffcbcabb90, 0x7fffcbcabcb8, 0x7fffcbcabba5, 0 <unfinished ...>
8021 [0x7fe33f9d7365]     SYS_stat(0x7fffcbcabb90, 0x7fffcbcabaf0, 0x7fffcbcabaf0, 1)                                              = 0
8021 [0x7fe3400e3b6e]   <... Get_File_Size(char const*, long*) resumed> )                                                          = 0
8021 [0x7fe33f9e0757]   SYS_munmap(0x7fe340555000, 0x2788, 0x7fffcbcabaf0, 1)                                                      = 0
8021 [0x7fe3400e3f15] <... Close_Share_Memory(char const*, void*) resumed> )                                                       = 0
8021 [0x7fe3400e3f37] libnasman.so->Close_Share_Memory(char const*, void*)(0x7fe3401280a7, 0x7fe340554000, 0, -1 <unfinished ...>
8021 [0x7fe3400e3b6e]   libnasman.so->Get_File_Size(char const*, long*)(0x7fffcbcabb90, 0x7fffcbcabcb8, 0x7fffcbcabba6, 0 <unfinished ...>
8021 [0x7fe33f9d7365]     SYS_stat(0x7fffcbcabb90, 0x7fffcbcabaf0, 0x7fffcbcabaf0, 1)                                              = 0
8021 [0x7fe3400e3b6e]   <... Get_File_Size(char const*, long*) resumed> )                                                          = 0
8021 [0x7fe33f9e0757]   SYS_munmap(0x7fe340554000, 3536, 0x7fffcbcabaf0, 1)                                                        = 0
8021 [0x7fe3400e3f37] <... Close_Share_Memory(char const*, void*) resumed> )                                                       = 0
8021 [0x7fe3400e3f59] libnasman.so->Close_Share_Memory(char const*, void*)(0x7fe3401280b5, 0x7fe340553000, 0, -1 <unfinished ...>
8021 [0x7fe3400e3b6e]   libnasman.so->Get_File_Size(char const*, long*)(0x7fffcbcabb90, 0x7fffcbcabcb8, 0x7fffcbcabba6, 0 <unfinished ...>
8021 [0x7fe33f9d7365]     SYS_stat(0x7fffcbcabb90, 0x7fffcbcabaf0, 0x7fffcbcabaf0, 1)                                              = 0
8021 [0x7fe3400e3b6e]   <... Get_File_Size(char const*, long*) resumed> )                                                          = 0
8021 [0x7fe33f9e0757]   SYS_munmap(0x7fe340553000, 4080, 0x7fffcbcabaf0, 1)                                                        = 0
8021 [0x7fe3400e3f59] <... Close_Share_Memory(char const*, void*) resumed> )                                                       = 0
8021 [0x7fe33f931932] libgeneral.so->Trace_Mem_Destroy()(0x7fe33f649d40, 0, 0xc196f4c3bbc97151, 16)                                = 0
8021 [0x7fe33f9b4468] SYS_exit_group(-22, 60, -22, 0x7fe33fc97a48 <no return ...>
8021 [0xffffffffffffffff] +++ exited (status 234) +++
