7972 [0x7fd7051138aa] SYS_brk(0, 0x7fd705116fa0, 0, 895)                                                                           = 0xa3d000
7972 [0x7fd7051147e7] SYS_readlink(0x7fff7ad89b78, 0x7fff7ad880f0, 4096, 0x756e694c00000000)                                       = -2
7972 [0x7fd705114677] SYS_open(0x7fd7051181f3, 0, 0, 0x756e694c00000000)                                                           = 3
7972 [0x7fd7051147a7] SYS_chdir(0x7fd70531fba8, 0, 0, 0x756e694c00000000)                                                          = -2
7972 [0x7fd7051139d2] SYS_getcwd(0x7fff7ad880f0, 4096, 0, 0x756e694c00000000)                                                      = 23
7972 [0x7fd7051147c7] SYS_fchdir(3, 4096, 0, 0x756e694c00000000)                                                                   = 0
7972 [0x7fd705114787] SYS_close(3, 4096, 0, 0x756e694c00000000)                                                                    = 0
7972 [0x7fd70511480a] SYS_mmap(0, 4096, 3, 34)                                                                                     = 0x7fd70531c000
7972 [0x7fd7051146d7] SYS_access(0x7fd70511a700, 4, 0x7fd70531f718, 0)                                                             = -2
7972 [0x7fd705114677] SYS_open(0x7fd705118072, 0x80000, 1, 0)                                                                      = 3
7972 [0x7fd705114604] SYS_fstat(3, 0x7fff7ad878d0, 0x7fff7ad878d0, 0)                                                              = 0
7972 [0x7fd70511480a] SYS_mmap(0, 0x83b3, 1, 2)                                                                                    = 0x7fd705313000
7972 [0x7fd705114787] SYS_close(3, 0x83b3, 1, 2)                                                                                   = 0
7972 [0x7fd705114677] SYS_open(0x7fd70531c640, 0x80000, 0, 56)                                                                     = 3
7972 [0x7fd705114697] SYS_read(3, 0x7fff7ad87a58, 832, 56)                                                                         = 832
7972 [0x7fd705114604] SYS_fstat(3, 0x7fff7ad87930, 0x7fff7ad87930, 16)                                                             = 0
7972 [0x7fd70511480a] SYS_mmap(0, 0x278960, 5, 2050)                                                                               = 0x7fd704e84000
7972 [0x7fd705114857] SYS_mprotect(0x7fd704efa000, 0x200000, 0, 2050)                                                              = 0
7972 [0x7fd70511480a] SYS_mmap(0x7fd7050fa000, 0x3000, 3, 2066)                                                                    = 0x7fd7050fa000
7972 [0x7fd705114787] SYS_close(3, 16, 0x7fd7050fa3e0, 0x6ffffdff)                                                                 = 0
7972 [0x7fd705114677] SYS_open(0x7fd70531cb10, 0x80000, 0, 0x6ffffdff)                                                             = 3
7972 [0x7fd705114697] SYS_read(3, 0x7fff7ad87a28, 832, 0x6ffffdff)                                                                 = 832
7972 [0x7fd705114604] SYS_fstat(3, 0x7fff7ad87900, 0x7fff7ad87900, 16)                                                             = 0
7972 [0x7fd70511480a] SYS_mmap(0, 0x21bee0, 5, 2050)                                                                               = 0x7fd704c68000
7972 [0x7fd705114857] SYS_mprotect(0x7fd704c83000, 0x200000, 0, 2050)                                                              = 0
7972 [0x7fd70511480a] SYS_mmap(0x7fd704e83000, 4096, 3, 2066)                                                                      = 0x7fd704e83000
7972 [0x7fd705114787] SYS_close(3, 16, 0x7fd704e83208, 0x6ffffdff)                                                                 = 0
7972 [0x7fd705114677] SYS_open(0x7fd70531cfe0, 0x80000, 0, 0x6ffffdff)                                                             = 3
7972 [0x7fd705114697] SYS_read(3, 0x7fff7ad879f8, 832, 0x6ffffdff)                                                                 = 832
7972 [0x7fd705114604] SYS_fstat(3, 0x7fff7ad878d0, 0x7fff7ad878d0, 16)                                                             = 0
7972 [0x7fd70511480a] SYS_mmap(0, 4096, 3, 34)                                                                                     = 0x7fd705312000
7972 [0x7fd70511480a] SYS_mmap(0, 0x209ad0, 5, 2050)                                                                               = 0x7fd704a5e000
7972 [0x7fd705114857] SYS_mprotect(0x7fd704a68000, 0x1ff000, 0, 2050)                                                              = 0
7972 [0x7fd70511480a] SYS_mmap(0x7fd704c67000, 4096, 3, 2066)                                                                      = 0x7fd704c67000
7972 [0x7fd705114787] SYS_close(3, 16, 0x7fd704c67690, 0x6ffffdff)                                                                 = 0
7972 [0x7fd705114677] SYS_open(0x7fd7053124b8, 0x80000, 0, 0x6ffffdff)                                                             = 3
7972 [0x7fd705114697] SYS_read(3, 0x7fff7ad879c8, 832, 0x6ffffdff)                                                                 = 832
7972 [0x7fd705114604] SYS_fstat(3, 0x7fff7ad878a0, 0x7fff7ad878a0, 32)                                                             = 0
7972 [0x7fd70511480a] SYS_mmap(0, 0x39dc40, 5, 2050)                                                                               = 0x7fd7046c0000
7972 [0x7fd705114857] SYS_mprotect(0x7fd704854000, 0x200000, 0, 2050)                                                              = 0
7972 [0x7fd70511480a] SYS_mmap(0x7fd704a54000, 0x6000, 3, 2066)                                                                    = 0x7fd704a54000
7972 [0x7fd70511480a] SYS_mmap(0x7fd704a5a000, 0x3c40, 3, 50)                                                                      = 0x7fd704a5a000
7972 [0x7fd705114787] SYS_close(3, 16, 0, 0x6ffffdff)                                                                              = 0
7972 [0x7fd705114677] SYS_open(0x7fd705312988, 0x80000, 0, 0x6ffffdff)                                                             = 3
7972 [0x7fd705114697] SYS_read(3, 0x7fff7ad87878, 832, 0x6ffffdff)                                                                 = 832
7972 [0x7fd705114604] SYS_fstat(3, 0x7fff7ad87750, 0x7fff7ad87750, 16)                                                             = 0
7972 [0x7fd70511480a] SYS_mmap(0, 0x2b09d0, 5, 2050)                                                                               = 0x7fd70440f000
7972 [0x7fd705114857] SYS_mprotect(0x7fd7044be000, 0x1ff000, 0, 2050)                                                              = 0
7972 [0x7fd70511480a] SYS_mmap(0x7fd7046bd000, 0x3000, 3, 2066)                                                                    = 0x7fd7046bd000
7972 [0x7fd705114787] SYS_close(3, 16, 0x7fd7046bd9a8, 0x6ffffdff)                                                                 = 0
7972 [0x7fd705114677] SYS_open(0x7fd705312e58, 0x80000, 0, 0x6ffffdff)                                                             = 3
7972 [0x7fd705114697] SYS_read(3, 0x7fff7ad87848, 832, 0x6ffffdff)                                                                 = 832
7972 [0x7fd705114604] SYS_fstat(3, 0x7fff7ad87720, 0x7fff7ad87720, 16)                                                             = 0
7972 [0x7fd70511480a] SYS_mmap(0, 4096, 3, 34)                                                                                     = 0x7fd705311000
7972 [0x7fd70511480a] SYS_mmap(0, 0x294ee0, 5, 2050)                                                                               = 0x7fd70417a000
7972 [0x7fd705114857] SYS_mprotect(0x7fd70420c000, 0x1ff000, 0, 2050)                                                              = 0
7972 [0x7fd70511480a] SYS_mmap(0x7fd70440b000, 0x3000, 3, 2066)                                                                    = 0x7fd70440b000
7972 [0x7fd70511480a] SYS_mmap(0x7fd70440e000, 3808, 3, 50)                                                                        = 0x7fd70440e000
7972 [0x7fd705114787] SYS_close(3, 16, 0x7fd70440be30, 0x6ffffdff)                                                                 = 0
7972 [0x7fd705114677] SYS_open(0x7fd7053114b8, 0x80000, 0, 0x6ffffdff)                                                             = 3
7972 [0x7fd705114697] SYS_read(3, 0x7fff7ad87818, 832, 0x6ffffdff)                                                                 = 832
7972 [0x7fd705114604] SYS_fstat(3, 0x7fff7ad876f0, 0x7fff7ad876f0, 16)                                                             = 0
7972 [0x7fd70511480a] SYS_mmap(0, 0x29d850, 5, 2050)                                                                               = 0x7fd703edc000
7972 [0x7fd705114857] SYS_mprotect(0x7fd703f75000, 0x200000, 0, 2050)                                                              = 0
7972 [0x7fd70511480a] SYS_mmap(0x7fd704175000, 0x3000, 3, 2066)                                                                    = 0x7fd704175000
7972 [0x7fd70511480a] SYS_mmap(0x7fd704178000, 6224, 3, 50)                                                                        = 0x7fd704178000
7972 [0x7fd705114787] SYS_close(3, 16, 0x7fd704176cc8, 0x6ffffdff)                                                                 = 0
7972 [0x7fd705114677] SYS_open(0x7fd7053119a0, 0x80000, 0, 0x6ffffdff)                                                             = 3
7972 [0x7fd705114697] SYS_read(3, 0x7fff7ad877e8, 832, 0x6ffffdff)                                                                 = 832
7972 [0x7fd705114604] SYS_fstat(3, 0x7fff7ad876c0, 0x7fff7ad876c0, 16)                                                             = 0
7972 [0x7fd70511480a] SYS_mmap(0, 0x2dbbb0, 5, 2050)                                                                               = 0x7fd703c00000
7972 [0x7fd705114857] SYS_mprotect(0x7fd703cbe000, 0x200000, 0, 2050)                                                              = 0
7972 [0x7fd70511480a] SYS_mmap(0x7fd703ebe000, 0xa000, 3, 2066)                                                                    = 0x7fd703ebe000
7972 [0x7fd70511480a] SYS_mmap(0x7fd703ec8000, 0x13bb0, 3, 50)                                                                     = 0x7fd703ec8000
7972 [0x7fd705114787] SYS_close(3, 16, 0x7fd703ec44d8, 0x6ffffdff)                                                                 = 0
7972 [0x7fd705114677] SYS_open(0x7fd705311e70, 0x80000, 0, 0x6ffffdff)                                                             = 3
7972 [0x7fd705114697] SYS_read(3, 0x7fff7ad877b8, 832, 0x6ffffdff)                                                                 = 832
7972 [0x7fd705114604] SYS_fstat(3, 0x7fff7ad87690, 0x7fff7ad87690, 32)                                                             = 0
7972 [0x7fd70511480a] SYS_mmap(0, 4096, 3, 34)                                                                                     = 0x7fd705310000
7972 [0x7fd70511480a] SYS_mmap(0, 0x21c490, 5, 2050)                                                                               = 0x7fd7039e3000
7972 [0x7fd705114857] SYS_mprotect(0x7fd7039fb000, 0x1ff000, 0, 2050)                                                              = 0
7972 [0x7fd70511480a] SYS_mmap(0x7fd703bfa000, 8192, 3, 2066)                                                                      = 0x7fd703bfa000
7972 [0x7fd70511480a] SYS_mmap(0x7fd703bfc000, 0x3490, 3, 50)                                                                      = 0x7fd703bfc000
7972 [0x7fd705114787] SYS_close(3, 16, 0, 0x6ffffdff)                                                                              = 0
7972 [0x7fd705114677] SYS_open(0x7fd7053104b8, 0x80000, 0, 0x6ffffdff)                                                             = 3
7972 [0x7fd705114697] SYS_read(3, 0x7fff7ad87788, 832, 0x6ffffdff)                                                                 = 832
7972 [0x7fd705114604] SYS_fstat(3, 0x7fff7ad87660, 0x7fff7ad87660, 32)                                                             = 0
7972 [0x7fd70511480a] SYS_mmap(0, 0x207bc0, 5, 2050)                                                                               = 0x7fd7037db000
7972 [0x7fd705114857] SYS_mprotect(0x7fd7037e2000, 0x1ff000, 0, 2050)                                                              = 0
7972 [0x7fd70511480a] SYS_mmap(0x7fd7039e1000, 8192, 3, 2066)                                                                      = 0x7fd7039e1000
7972 [0x7fd705114787] SYS_close(3, 16, 0, 0x6ffffdff)                                                                              = 0
7972 [0x7fd705114677] SYS_open(0x7fd705310988, 0x80000, 0, 0x6ffffdff)                                                             = 3
7972 [0x7fd705114697] SYS_read(3, 0x7fff7ad87758, 832, 0x6ffffdff)                                                                 = 832
7972 [0x7fd705114604] SYS_fstat(3, 0x7fff7ad87630, 0x7fff7ad87630, 16)                                                             = 0
7972 [0x7fd70511480a] SYS_mmap(0, 0x202e20, 5, 2050)                                                                               = 0x7fd7035d8000
7972 [0x7fd705114857] SYS_mprotect(0x7fd7035db000, 0x1ff000, 0, 2050)                                                              = 0
7972 [0x7fd70511480a] SYS_mmap(0x7fd7037da000, 4096, 3, 2066)                                                                      = 0x7fd7037da000
7972 [0x7fd705114787] SYS_close(3, 16, 0x7fd7037dac28, 0x6ffffdff)                                                                 = 0
7972 [0x7fd705114677] SYS_open(0x7fd705310e58, 0x80000, 0, 0x6ffffdff)                                                             = 3
7972 [0x7fd705114697] SYS_read(3, 0x7fff7ad87728, 832, 0x6ffffdff)                                                                 = 832
7972 [0x7fd705114604] SYS_fstat(3, 0x7fff7ad87600, 0x7fff7ad87600, 16)                                                             = 0
7972 [0x7fd70511480a] SYS_mmap(0, 4096, 3, 34)                                                                                     = 0x7fd70530f000
7972 [0x7fd70511480a] SYS_mmap(0, 0x209850, 5, 2050)                                                                               = 0x7fd7033ce000
7972 [0x7fd705114857] SYS_mprotect(0x7fd7033d8000, 0x1ff000, 0, 2050)                                                              = 0
7972 [0x7fd70511480a] SYS_mmap(0x7fd7035d7000, 4096, 3, 2066)                                                                      = 0x7fd7035d7000
7972 [0x7fd705114787] SYS_close(3, 16, 0x7fd7035d7618, 0x6ffffdff)                                                                 = 0
7972 [0x7fd705114677] SYS_open(0x7fd70530f4b8, 0x80000, 0, 0x6ffffdff)                                                             = 3
7972 [0x7fd705114697] SYS_read(3, 0x7fff7ad876f8, 832, 0x6ffffdff)                                                                 = 832
7972 [0x7fd705114604] SYS_fstat(3, 0x7fff7ad875d0, 0x7fff7ad875d0, 16)                                                             = 0
7972 [0x7fd70511480a] SYS_mmap(0, 0x210868, 5, 2050)                                                                               = 0x7fd7031bd000
7972 [0x7fd705114857] SYS_mprotect(0x7fd7031ce000, 0x1ff000, 0, 2050)                                                              = 0
7972 [0x7fd70511480a] SYS_mmap(0x7fd7033cd000, 4096, 3, 2066)                                                                      = 0x7fd7033cd000
7972 [0x7fd705114787] SYS_close(3, 16, 0x7fd7033cd408, 0x6ffffdff)                                                                 = 0
7972 [0x7fd705114677] SYS_open(0x7fd70530fa40, 0x80000, 0, 0x7fd7053109a0)                                                         = 3
7972 [0x7fd705114697] SYS_read(3, 0x7fff7ad87598, 832, 0x7fd7053109a0)                                                             = 832
7972 [0x7fd705114604] SYS_fstat(3, 0x7fff7ad87470, 0x7fff7ad87470, 16)                                                             = 0
7972 [0x7fd70511480a] SYS_mmap(0, 0x2032c8, 5, 2050)                                                                               = 0x7fd702fb9000
7972 [0x7fd705114857] SYS_mprotect(0x7fd702fbc000, 0x200000, 0, 2050)                                                              = 0
7972 [0x7fd70511480a] SYS_mmap(0x7fd7031bc000, 4096, 3, 2066)                                                                      = 0x7fd7031bc000
7972 [0x7fd705114787] SYS_close(3, 16, 0x7fd7031bc188, 0x6ffffdff)                                                                 = 0
7972 [0x7fd705114677] SYS_open(0x7fd70530ff28, 0x80000, 0, 0x6ffffdff)                                                             = 3
7972 [0x7fd705114697] SYS_read(3, 0x7fff7ad87568, 832, 0x6ffffdff)                                                                 = 832
7972 [0x7fd705114604] SYS_fstat(3, 0x7fff7ad87440, 0x7fff7ad87440, 16)                                                             = 0
7972 [0x7fd70511480a] SYS_mmap(0, 4096, 3, 34)                                                                                     = 0x7fd70530e000
7972 [0x7fd70511480a] SYS_mmap(0, 0x207820, 5, 2050)                                                                               = 0x7fd702db1000
7972 [0x7fd705114857] SYS_mprotect(0x7fd702db8000, 0x200000, 0, 2050)                                                              = 0
7972 [0x7fd70511480a] SYS_mmap(0x7fd702fb8000, 4096, 3, 2066)                                                                      = 0x7fd702fb8000
7972 [0x7fd705114787] SYS_close(3, 16, 0x7fd702fb8188, 0x6ffffdff)                                                                 = 0
7972 [0x7fd705114677] SYS_open(0x7fd70530e4c8, 0x80000, 0, 0x6ffffdff)                                                             = 3
7972 [0x7fd705114697] SYS_read(3, 0x7fff7ad87538, 832, 0x6ffffdff)                                                                 = 832
7972 [0x7fd705114604] SYS_fstat(3, 0x7fff7ad87410, 0x7fff7ad87410, 16)                                                             = 0
7972 [0x7fd70511480a] SYS_mmap(0, 0x201f30, 5, 2050)                                                                               = 0x7fd702baf000
7972 [0x7fd705114857] SYS_mprotect(0x7fd702bb1000, 0x1ff000, 0, 2050)                                                              = 0
7972 [0x7fd70511480a] SYS_mmap(0x7fd702db0000, 4096, 3, 2066)                                                                      = 0x7fd702db0000
7972 [0x7fd705114787] SYS_close(3, 16, 0x7fd702db0e18, 0x6ffffdff)                                                                 = 0
7972 [0x7fd705114677] SYS_open(0x7fd70530ea60, 0x80000, 0, 0x7fd7053124d0)                                                         = 3
7972 [0x7fd705114697] SYS_read(3, 0x7fff7ad87508, 832, 0x7fd7053124d0)                                                             = 832
7972 [0x7fd705114604] SYS_fstat(3, 0x7fff7ad873e0, 0x7fff7ad873e0, 16)                                                             = 0
7972 [0x7fd70511480a] SYS_mmap(0, 0x2022e8, 5, 2050)                                                                               = 0x7fd7029ac000
7972 [0x7fd705114857] SYS_mprotect(0x7fd7029ae000, 0x200000, 0, 2050)                                                              = 0
7972 [0x7fd70511480a] SYS_mmap(0x7fd702bae000, 4096, 3, 2066)                                                                      = 0x7fd702bae000
7972 [0x7fd705114787] SYS_close(3, 16, 0x7fd702bae198, 0x6ffffdff)                                                                 = 0
7972 [0x7fd705114677] SYS_open(0x7fd70530ef40, 0x80000, 0, 0x6ffffdff)                                                             = 3
7972 [0x7fd705114697] SYS_read(3, 0x7fff7ad874d8, 832, 0x6ffffdff)                                                                 = 832
7972 [0x7fd705114604] SYS_fstat(3, 0x7fff7ad873b0, 0x7fff7ad873b0, 16)                                                             = 0
7972 [0x7fd70511480a] SYS_mmap(0, 4096, 3, 34)                                                                                     = 0x7fd70530d000
7972 [0x7fd70511480a] SYS_mmap(0, 0x201f30, 5, 2050)                                                                               = 0x7fd7027aa000
7972 [0x7fd705114857] SYS_mprotect(0x7fd7027ac000, 0x1ff000, 0, 2050)                                                              = 0
7972 [0x7fd70511480a] SYS_mmap(0x7fd7029ab000, 4096, 3, 2066)                                                                      = 0x7fd7029ab000
7972 [0x7fd705114787] SYS_close(3, 16, 0x7fd7029abe18, 0x6ffffdff)                                                                 = 0
7972 [0x7fd705114677] SYS_open(0x7fd70530d4c0, 0x80000, 0, 0x6ffffdff)                                                             = 3
7972 [0x7fd705114697] SYS_read(3, 0x7fff7ad874a8, 832, 0x6ffffdff)                                                                 = 832
7972 [0x7fd705114604] SYS_fstat(3, 0x7fff7ad87380, 0x7fff7ad87380, 16)                                                             = 0
7972 [0x7fd70511480a] SYS_mmap(0, 0x2038b8, 5, 2050)                                                                               = 0x7fd7025a6000
7972 [0x7fd705114857] SYS_mprotect(0x7fd7025aa000, 0x1ff000, 0, 2050)                                                              = 0
7972 [0x7fd70511480a] SYS_mmap(0x7fd7027a9000, 4096, 3, 2066)                                                                      = 0x7fd7027a9000
7972 [0x7fd705114787] SYS_close(3, 16, 0x7fd7027a9748, 0x6ffffdff)                                                                 = 0
7972 [0x7fd705114677] SYS_open(0x7fd70530da60, 0x80000, 0, 0x7fd705310000)                                                         = 3
7972 [0x7fd705114697] SYS_read(3, 0x7fff7ad87448, 832, 0x7fd705310000)                                                             = 832
7972 [0x7fd705114604] SYS_fstat(3, 0x7fff7ad87320, 0x7fff7ad87320, 16)                                                             = 0
7972 [0x7fd70511480a] SYS_mmap(0, 0x210848, 5, 2050)                                                                               = 0x7fd702395000
7972 [0x7fd705114857] SYS_mprotect(0x7fd7023a5000, 0x1ff000, 0, 2050)                                                              = 0
7972 [0x7fd70511480a] SYS_mmap(0x7fd7025a4000, 8192, 3, 2066)                                                                      = 0x7fd7025a4000
7972 [0x7fd705114787] SYS_close(3, 16, 0x7fd7025a4d90, 0x6ffffdff)                                                                 = 0
7972 [0x7fd705114677] SYS_open(0x7fd70530df48, 0x80000, 0, 0x6ffffdff)                                                             = 3
7972 [0x7fd705114697] SYS_read(3, 0x7fff7ad87418, 832, 0x6ffffdff)                                                                 = 832
7972 [0x7fd705114604] SYS_fstat(3, 0x7fff7ad872f0, 0x7fff7ad872f0, 16)                                                             = 0
7972 [0x7fd70511480a] SYS_mmap(0, 4096, 3, 34)                                                                                     = 0x7fd70530c000
7972 [0x7fd70511480a] SYS_mmap(0, 0x20acf0, 5, 2050)                                                                               = 0x7fd70218a000
7972 [0x7fd705114857] SYS_mprotect(0x7fd702195000, 0x1ff000, 0, 2050)                                                              = 0
7972 [0x7fd70511480a] SYS_mmap(0x7fd702394000, 4096, 3, 2066)                                                                      = 0x7fd702394000
7972 [0x7fd705114787] SYS_close(3, 16, 0x7fd702394750, 0x6ffffdff)                                                                 = 0
7972 [0x7fd705114677] SYS_open(0x7fd70530c560, 0x80000, 0, 0x7fd705310000)                                                         = 3
7972 [0x7fd705114697] SYS_read(3, 0x7fff7ad873e8, 832, 0x7fd705310000)                                                             = 832
7972 [0x7fd705114604] SYS_fstat(3, 0x7fff7ad872c0, 0x7fff7ad872c0, 32)                                                             = 0
7972 [0x7fd70511480a] SYS_mmap(0, 0x2361e0, 5, 2050)                                                                               = 0x7fd701f53000
7972 [0x7fd705114857] SYS_mprotect(0x7fd701f5b000, 0x1ff000, 0, 2050)                                                              = 0
7972 [0x7fd70511480a] SYS_mmap(0x7fd70215a000, 8192, 3, 2066)                                                                      = 0x7fd70215a000
7972 [0x7fd70511480a] SYS_mmap(0x7fd70215c000, 0x2d1e0, 3, 50)                                                                     = 0x7fd70215c000
7972 [0x7fd705114787] SYS_close(3, 16, 0, 0x6ffffdff)                                                                              = 0
7972 [0x7fd705114677] SYS_open(0x7fd70530ca30, 0x80000, 0, 0x6ffffdff)                                                             = 3
7972 [0x7fd705114697] SYS_read(3, 0x7fff7ad873b8, 832, 0x6ffffdff)                                                                 = 832
7972 [0x7fd705114604] SYS_fstat(3, 0x7fff7ad87290, 0x7fff7ad87290, 16)                                                             = 0
7972 [0x7fd70511480a] SYS_mmap(0, 0x43fe88, 5, 2050)                                                                               = 0x7fd701b13000
7972 [0x7fd705114857] SYS_mprotect(0x7fd701d28000, 0x200000, 0, 2050)                                                              = 0
7972 [0x7fd70511480a] SYS_mmap(0x7fd701f28000, 0x27000, 3, 2066)                                                                   = 0x7fd701f28000
7972 [0x7fd70511480a] SYS_mmap(0x7fd701f4f000, 0x3e88, 3, 50)                                                                      = 0x7fd701f4f000
7972 [0x7fd705114857] SYS_mprotect(0x7fff7ad89000, 4096, 0x1000007, 4)                                                             = 0
7972 [0x7fd705114787] SYS_close(3, 4096, 0x1000007, 4)                                                                             = 0
7972 [0x7fd705114677] SYS_open(0x7fd70530cfb0, 0x80000, 0, 0x7fd70530f4d0)                                                         = 3
7972 [0x7fd705114697] SYS_read(3, 0x7fff7ad87388, 832, 0x7fd70530f4d0)                                                             = 832
7972 [0x7fd705114604] SYS_fstat(3, 0x7fff7ad87260, 0x7fff7ad87260, 16)                                                             = 0
7972 [0x7fd70511480a] SYS_mmap(0, 4096, 3, 34)                                                                                     = 0x7fd70530b000
7972 [0x7fd70511480a] SYS_mmap(0, 0x215730, 5, 2050)                                                                               = 0x7fd7018fd000
7972 [0x7fd705114857] SYS_mprotect(0x7fd701913000, 0x1ff000, 0, 2050)                                                              = 0
7972 [0x7fd70511480a] SYS_mmap(0x7fd701b12000, 4096, 3, 2066)                                                                      = 0x7fd701b12000
7972 [0x7fd705114787] SYS_close(3, 16, 0x7fd701b12490, 0x6ffffdff)                                                                 = 0
7972 [0x7fd705114677] SYS_open(0x7fd70530b4f0, 0x80000, 0, 0x6ffffdff)                                                             = 3
7972 [0x7fd705114697] SYS_read(3, 0x7fff7ad87358, 832, 0x6ffffdff)                                                                 = 832
7972 [0x7fd705114604] SYS_fstat(3, 0x7fff7ad87230, 0x7fff7ad87230, 32)                                                             = 0
7972 [0x7fd70511480a] SYS_mmap(0, 0x2fd148, 5, 2050)                                                                               = 0x7fd7015ff000
7972 [0x7fd705114857] SYS_mprotect(0x7fd7016fc000, 0x1ff000, 0, 2050)                                                              = 0
7972 [0x7fd70511480a] SYS_mmap(0x7fd7018fb000, 8192, 3, 2066)                                                                      = 0x7fd7018fb000
7972 [0x7fd705114787] SYS_close(3, 16, 0, 0x6ffffdff)                                                                              = 0
7972 [0x7fd705114677] SYS_open(0x7fff7ad87120, 0x80000, 0, 0x36782f39325f3130)                                                     = -2
7972 [0x7fd7051145c5] SYS_stat(0x7fff7ad87120, 0x7fff7ad87200, 0x7fff7ad87200, 0x36782f39325f3130)                                 = -2
7972 [0x7fd705114677] SYS_open(0x7fff7ad87120, 0x80000, 0, 0x36782f39325f3130)                                                     = -2
7972 [0x7fd7051145c5] SYS_stat(0x7fff7ad87120, 0x7fff7ad87200, 0x7fff7ad87200, 0x36782f39325f3130)                                 = -2
7972 [0x7fd705114677] SYS_open(0x7fff7ad87120, 0x80000, 0, 0x36782f39325f3130)                                                     = -2
7972 [0x7fd7051145c5] SYS_stat(0x7fff7ad87120, 0x7fff7ad87200, 0x7fff7ad87200, 0x36782f39325f3130)                                 = -2
7972 [0x7fd705114677] SYS_open(0x7fff7ad87120, 0x80000, 0, 0x36782f39325f3130)                                                     = -2
7972 [0x7fd7051145c5] SYS_stat(0x7fff7ad87120, 0x7fff7ad87200, 0x7fff7ad87200, 0x36782f39325f3130)                                 = -2
7972 [0x7fd705114677] SYS_open(0x7fd70530bdd0, 0x80000, 0, 0x36782f39325f3130)                                                     = 3
7972 [0x7fd705114697] SYS_read(3, 0x7fff7ad87328, 832, 0x36782f39325f3130)                                                         = 832
7972 [0x7fd705114604] SYS_fstat(3, 0x7fff7ad87200, 0x7fff7ad87200, 16)                                                             = 0
7972 [0x7fd70511480a] SYS_mmap(0, 4096, 3, 34)                                                                                     = 0x7fd70530a000
7972 [0x7fd70511480a] SYS_mmap(0, 0x2f8980, 5, 2050)                                                                               = 0x7fd701306000
7972 [0x7fd705114857] SYS_mprotect(0x7fd7013fd000, 0x200000, 0, 2050)                                                              = 0
7972 [0x7fd70511480a] SYS_mmap(0x7fd7015fd000, 8192, 3, 2066)                                                                      = 0x7fd7015fd000
7972 [0x7fd705114787] SYS_close(3, 16, 0x7fd7015fd3a0, 0x6ffffdff)                                                                 = 0
7972 [0x7fd705114677] SYS_open(0x7fd70530a4c8, 0x80000, 0, 0x6ffffdff)                                                             = 3
7972 [0x7fd705114697] SYS_read(3, 0x7fff7ad872f8, 832, 0x6ffffdff)                                                                 = 832
7972 [0x7fd705114604] SYS_fstat(3, 0x7fff7ad871d0, 0x7fff7ad871d0, 16)                                                             = 0
7972 [0x7fd70511480a] SYS_mmap(0, 0x2fc9d8, 5, 2050)                                                                               = 0x7fd701009000
7972 [0x7fd705114857] SYS_mprotect(0x7fd701104000, 0x200000, 0, 2050)                                                              = 0
7972 [0x7fd70511480a] SYS_mmap(0x7fd701304000, 8192, 3, 2066)                                                                      = 0x7fd701304000
7972 [0x7fd705114787] SYS_close(3, 16, 0x7fd701305828, 0x6ffffdff)                                                                 = 0
7972 [0x7fd705114677] SYS_open(0x7fd70530a998, 0x80000, 0, 0x6ffffdff)                                                             = 3
7972 [0x7fd705114697] SYS_read(3, 0x7fff7ad872c8, 832, 0x6ffffdff)                                                                 = 832
7972 [0x7fd705114604] SYS_fstat(3, 0x7fff7ad871a0, 0x7fff7ad871a0, 16)                                                             = 0
7972 [0x7fd70511480a] SYS_mmap(0, 0x242830, 5, 2050)                                                                               = 0x7fd700dc6000
7972 [0x7fd705114857] SYS_mprotect(0x7fd700e09000, 0x1ff000, 0, 2050)                                                              = 0
7972 [0x7fd70511480a] SYS_mmap(0x7fd701008000, 4096, 3, 2066)                                                                      = 0x7fd701008000
7972 [0x7fd705114787] SYS_close(3, 16, 0x7fd701008630, 0x6ffffdff)                                                                 = 0
7972 [0x7fd705114677] SYS_open(0x7fd70530af70, 0x80000, 0, 0x7fd7053119b8)                                                         = 3
7972 [0x7fd705114697] SYS_read(3, 0x7fff7ad87298, 832, 0x7fd7053119b8)                                                             = 832
7972 [0x7fd705114604] SYS_fstat(3, 0x7fff7ad87170, 0x7fff7ad87170, 32)                                                             = 0
7972 [0x7fd70511480a] SYS_mmap(0, 4096, 3, 34)                                                                                     = 0x7fd705309000
7972 [0x7fd70511480a] SYS_mmap(0, 0x203118, 5, 2050)                                                                               = 0x7fd700bc2000
7972 [0x7fd705114857] SYS_mprotect(0x7fd700bc4000, 0x200000, 0, 2050)                                                              = 0
7972 [0x7fd70511480a] SYS_mmap(0x7fd700dc4000, 8192, 3, 2066)                                                                      = 0x7fd700dc4000
7972 [0x7fd705114787] SYS_close(3, 16, 0x7fd700dc4f40, 0x6ffffdff)                                                                 = 0
7972 [0x7fd70511480a] SYS_mmap(0, 4096, 3, 34)                                                                                     = 0x7fd705308000
7972 [0x7fd70511480a] SYS_mmap(0, 4096, 3, 34)                                                                                     = 0x7fd705307000
7972 [0x7fd70511480a] SYS_mmap(0, 8192, 3, 34)                                                                                     = 0x7fd705305000
7972 [0x7fd7050fe044] SYS_arch_prctl(4098, 0x7fd705305780, 0x7fd705306080, 34)                                                     = 0
7972 [0x7fd705114857] SYS_mprotect(0x7fd704a54000, 0x4000, 1, 1)                                                                   = 0
7972 [0x7fd705114857] SYS_mprotect(0x7fd700dc4000, 4096, 1, 0x7fd700bc2c68)                                                        = 0
7972 [0x7fd705114857] SYS_mprotect(0x7fd703bfa000, 4096, 1, 0x7fd7039e8500)                                                        = 0
7972 [0x7fd705114857] SYS_mprotect(0x7fd7018fb000, 4096, 1, 1)                                                                     = 0
7972 [0x7fd705114857] SYS_mprotect(0x7fd70215a000, 4096, 1, 0x7fd701f53a00)                                                        = 0
7972 [0x7fd705114857] SYS_mprotect(0x7fd703ebe000, 0x7000, 1, 0x7fd703c58810)                                                      = 0
7972 [0x7fd705114857] SYS_mprotect(0x7fd7039e1000, 4096, 1, 0x7fd7037dcd58)                                                        = 0
7972 [0x7fd705114857] SYS_mprotect(0x7fd70531d000, 4096, 1, 0)                                                                     = 0
7972 [0x7fd705114837] SYS_munmap(0x7fd705313000, 0x83b3, 0x80900, 0)                                                               = 0
7972 [0x7fd7039e9e92] SYS_set_tid_address(0x7fd705305a50, 0x7fff7ad89288, 0x7fd705305780, 0)                                       = 7972
7972 [0x7fd7039e9efa] SYS_set_robust_list(0x7fd705305a60, 24, 0x7fd705305780, 0)                                                   = 0
7972 [0x7fd7039f3cf5] SYS_rt_sigaction(32, 0x7fff7ad88fd8, 0, 8)                                                                   = 0
7972 [0x7fd7039f3cf5] SYS_rt_sigaction(33, 0x7fff7ad88fd8, 0, 8)                                                                   = 0
7972 [0x7fd7039e9fd6] SYS_rt_sigprocmask(1, 0x7fff7ad89128, 0, 8)                                                                  = 0
7972 [0x7fd7047a0b17] SYS_getrlimit(3, 0x7fff7ad891c0, 63, 1)                                                                      = 0
7972 [0x7fd7039e9b95] SYS_futex(0x7fd703ec87e0, 129, 0x7fffffff, 0)                                                                = 0
7972 [0x4008fd] ledctrl->Lookup_Nas_Info(_T_NAS_PROP_&)(0x7fff7ad890d0, 0x7fff7ad89b94, 0, 0x7fff7ad89b93 <unfinished ...>
7972 [0x7fd704ea7d11]   libnasman.so->Open_Share_Memory(char const*, int, void*&, int&)(0x7fd704eec08e, 0, 0x7fff7ad89090, 0x7fff7ad8909c <unfinished ...>
7972 [0x7fd70479b557]     SYS_statfs(0x7fd7039f61e8, 0x7fff7ad88e30, 0x7fd703bff310, 1)                                            = 0
7972 [0x7fd7039e9b95]     SYS_futex(0x7fd703bff310, 129, 0x7fffffff, 0)                                                            = 0
7972 [0x7fd70479b7e0]     SYS_open(0x7fff7ad88f40, 0xa0000, 484, 1)                                                                = 3
7972 [0x7fd70479b3b4]     SYS_fstat(3, 0x7fff7ad88fd0, 0x7fff7ad88fd0, 1)                                                          = 0
7972 [0x7fd7047a472a]     SYS_mmap(0, 0x2788, 1, 1)                                                                                = 0x7fd705319000
7972 [0x7fd70479c070]     SYS_close(3, 0x2788, 1, 1)                                                                               = 0
7972 [0x7fd704ea7d11]   <... Open_Share_Memory(char const*, int, void*&, int&) resumed> )                                          = 0
7972 [0x7fd704ea7d4d]   libnasman.so->Open_Share_Memory(char const*, int, void*&, int&)(0x7fd704eec0a7, 0, 0x7fff7ad89090, 0x7fff7ad8909c <unfinished ...>
7972 [0x7fd70479b7e0]     SYS_open(0x7fff7ad88f40, 0xa0000, 484, 1)                                                                = 3
7972 [0x7fd70479b3b4]     SYS_fstat(3, 0x7fff7ad88fd0, 0x7fff7ad88fd0, 1)                                                          = 0
7972 [0x7fd7047a472a]     SYS_mmap(0, 3536, 1, 1)                                                                                  = 0x7fd705318000
7972 [0x7fd70479c070]     SYS_close(3, 3536, 1, 1)                                                                                 = 0
7972 [0x7fd704ea7d4d]   <... Open_Share_Memory(char const*, int, void*&, int&) resumed> )                                          = 0
7972 [0x7fd704ea7d7f]   libnasman.so->Open_Share_Memory(char const*, int, void*&, int&)(0x7fd704eec0b5, 0, 0x7fff7ad89090, 0x7fff7ad8909c <unfinished ...>
7972 [0x7fd70479b7e0]     SYS_open(0x7fff7ad88f40, 0xa0000, 484, 1)                                                                = 3
7972 [0x7fd70479b3b4]     SYS_fstat(3, 0x7fff7ad88fd0, 0x7fff7ad88fd0, 1)                                                          = 0
7972 [0x7fd7047a472a]     SYS_mmap(0, 4080, 1, 1)                                                                                  = 0x7fd705317000
7972 [0x7fd70479c070]     SYS_close(3, 4080, 1, 1)                                                                                 = 0
7972 [0x7fd704ea7d7f]   <... Open_Share_Memory(char const*, int, void*&, int&) resumed> )                                          = 0
7972 [0x4008fd] <... Lookup_Nas_Info(_T_NAS_PROP_&) resumed> )                                                                     = 0
7972 [0x400934] ledctrl->Hal_Led_Set_Hdd_Mode(0, 7, 3, 0 <unfinished ...>
7972 [0x7fd704a64f15]   libnhal.so->Hal_Lookup_Hardware_Info(0x7fff7ad88fc0, 7, 3, 0 <unfinished ...>
7972 [0x7fd70479b7e0]     SYS_open(0x7fff7ad88ec0, 0xa0002, 484, 1)                                                                = 3
7972 [0x7fd7047a472a]     SYS_mmap(0, 220, 3, 1)                                                                                   = 0x7fd705316000
7972 [0x7fd70479c070]     SYS_close(3, 220, 3, 1)                                                                                  = 0
7972 [0x7fd704a637f0]     libnhal.so->Hw_Semaphore_Init(0x7fff7ad88f70, 0x7fd704a66287, 1, -1 <unfinished ...>
7972 [0x7fd70479b405]       SYS_lstat(0x7fff7ad88e20, 0x7fff7ad88d30, 0x7fff7ad88d30, 0)                                           = -2
7972 [0x7fd7039f3510]       SYS_open(0x7fff7ad88e20, 194, 600, 0)                                                                  = 3
7972 [0x7fd7039f2da0]       SYS_write(3, 0x7fff7ad88ea0, 32, 0)                                                                    = 32
7972 [0x7fd7047a472a]       SYS_mmap(0, 32, 3, 1)                                                                                  = 0x7fd705315000
7972 [0x7fd70479d1a7]       SYS_link(0x7fff7ad88e20, 0x7fff7ad88e50, 3, 1)                                                         = -17
7972 [0x7fd7047a4757]       SYS_munmap(0x7fd705315000, 32, 3, 1)                                                                   = 0
7972 [0x7fd70479d2c7]       SYS_unlink(0x7fff7ad88e20, 32, 3, 1)                                                                   = 0
7972 [0x7fd7039f2e60]       SYS_close(3, 32, 3, 1)                                                                                 = 0
7972 [0x7fd7039f3510]       SYS_open(0x7fff7ad88e50, 0x20002, 18, 1)                                                               = 3
7972 [0x7fd70479b3b4]       SYS_fstat(3, 0x7fff7ad88d80, 0x7fff7ad88d80, 1)                                                        = 0
7972 [0x7fd7047a0f5a]       SYS_brk(0, 0x7fd704a58640, 0, -4096)                                                                   = 0xa3d000
7972 [0x7fd7047a0f5a]       SYS_brk(0xa5e000, 0xa3d000, 0xa5e000, -4096)                                                           = 0xa5e000
7972 [0x7fd7047a472a]       SYS_mmap(0, 32, 3, 1)                                                                                  = 0x7fd705315000
7972 [0x7fd7039f2e60]       SYS_close(3, 32, 0, 3)                                                                                 = 0
7972 [0x7fd704a637f0]     <... Hw_Semaphore_Init resumed> )                                                                        = 17
7972 [0x7fd704a63800]     libnhal.so->Hw_Semaphore_Lock(0x7fff7ad88f70, 32, 0x7fd705315000, -1)                                    = 0
7972 [0x7fd704a63918]     libnhal.so->Hw_Semaphore_Unlock(0x7fff7ad88f70, 2, 0x7fd705316000, 0)                                    = 0
7972 [0x7fd704a63924]     libnhal.so->Hw_Semaphore_Release(0x7fff7ad88f70, 128, 0, 0 <unfinished ...>
7972 [0x7fd7047a4757]       SYS_munmap(0x7fd705315000, 32, 0, 1)                                                                   = 0
7972 [0x7fd704a63924]     <... Hw_Semaphore_Release resumed> )                                                                     = 0
7972 [0x7fd704a64f15]   <... Hal_Lookup_Hardware_Info resumed> )                                                                   = 0
7972 [0x7fd704a650e3]   libnhal.so->Mv9125_Set_Led_Mode(0, 0, 0, 3 <unfinished ...>
7972 [0x7fd702db6937]     libgeneraldrv.so->PCI_Conf_Read(1, 0, 0, 36 <unfinished ...>
7972 [0x7fd702db3823]       libgeneraldrv.so->Hw_Semaphore_Init(0x7fff7ad88eb0, 0x7fd702db7000, 1, 0 <unfinished ...>
7972 [0x7fd70479b405]         SYS_lstat(0x7fff7ad88d60, 0x7fff7ad88c70, 0x7fff7ad88c70, 0)                                         = -2
7972 [0x7fd7039f3510]         SYS_open(0x7fff7ad88d60, 194, 600, 0)                                                                = 3
7972 [0x7fd7039f2da0]         SYS_write(3, 0x7fff7ad88de0, 32, 0)                                                                  = 32
7972 [0x7fd7047a472a]         SYS_mmap(0, 32, 3, 1)                                                                                = 0x7fd705315000
7972 [0x7fd70479d1a7]         SYS_link(0x7fff7ad88d60, 0x7fff7ad88d90, 3, 1)                                                       = -17
7972 [0x7fd7047a4757]         SYS_munmap(0x7fd705315000, 32, 3, 1)                                                                 = 0
7972 [0x7fd70479d2c7]         SYS_unlink(0x7fff7ad88d60, 32, 3, 1)                                                                 = 0
7972 [0x7fd7039f2e60]         SYS_close(3, 32, 3, 1)                                                                               = 0
7972 [0x7fd7039f3510]         SYS_open(0x7fff7ad88d90, 0x20002, 17, 1)                                                             = 3
7972 [0x7fd70479b3b4]         SYS_fstat(3, 0x7fff7ad88cc0, 0x7fff7ad88cc0, 1)                                                      = 0
7972 [0x7fd7047a472a]         SYS_mmap(0, 32, 3, 1)                                                                                = 0x7fd705315000
7972 [0x7fd7039f2e60]         SYS_close(3, 32, 0, 1)                                                                               = 0
7972 [0x7fd702db3823]       <... Hw_Semaphore_Init resumed> )                                                                      = 17
7972 [0x7fd702db3833]       libgeneraldrv.so->Hw_Semaphore_Lock(0x7fff7ad88eb0, 32, 0x7fd705315000, -1)                            = 0
7972 [0x7fd7047a86b7]       SYS_ioperm(3320, 4, 1, 1)                                                                              = 0
7972 [0x7fd7047a86b7]       SYS_ioperm(3320, 4, 0, 1)                                                                              = 0
7972 [0x7fd7047a86b7]       SYS_ioperm(235, 1, 1, 1)                                                                               = 0
7972 [0x7fd7047a86b7]       SYS_ioperm(235, 1, 0, 1)                                                                               = 0
7972 [0x7fd7047a86b7]       SYS_ioperm(3324, 4, 1, 1)                                                                              = 0
7972 [0x7fd7047a86b7]       SYS_ioperm(3324, 4, 0, 1)                                                                              = 0
7972 [0x7fd7047a86b7]       SYS_ioperm(235, 1, 1, 1)                                                                               = 0
7972 [0x7fd7047a86b7]       SYS_ioperm(235, 1, 0, 1)                                                                               = 0
7972 [0x7fd7047a86b7]       SYS_ioperm(3320, 4, 1, 1)                                                                              = 0
7972 [0x7fd7047a86b7]       SYS_ioperm(3320, 4, 0, 1)                                                                              = 0
7972 [0x7fd7047a86b7]       SYS_ioperm(235, 1, 1, 1)                                                                               = 0
7972 [0x7fd7047a86b7]       SYS_ioperm(235, 1, 0, 1)                                                                               = 0
7972 [0x7fd702db397f]       libgeneraldrv.so->Hw_Semaphore_Unlock(0x7fff7ad88eb0, 1, 0, -1)                                        = 0
7972 [0x7fd702db398b]       libgeneraldrv.so->Hw_Semaphore_Release(0x7fff7ad88eb0, 128, 0, 0 <unfinished ...>
7972 [0x7fd7047a4757]         SYS_munmap(0x7fd705315000, 32, 0, 1)                                                                 = 0
7972 [0x7fd702db398b]       <... Hw_Semaphore_Release resumed> )                                                                   = 0
7972 [0x7fd702db6937]     <... PCI_Conf_Read resumed> )                                                                            = 0
7972 [0x7fd702db6959]     libgeneraldrv.so->Hw_Semaphore_Init(0x7fff7ad88f20, 0x7fd702db738c, 1, 0x7fd704a58658 <unfinished ...>
7972 [0x7fd70479b405]       SYS_lstat(0x7fff7ad88dd0, 0x7fff7ad88ce0, 0x7fff7ad88ce0, 0)                                           = -2
7972 [0x7fd7039f3510]       SYS_open(0x7fff7ad88dd0, 194, 600, 0)                                                                  = 3
7972 [0x7fd7039f2da0]       SYS_write(3, 0x7fff7ad88e50, 32, 0)                                                                    = 32
7972 [0x7fd7047a472a]       SYS_mmap(0, 32, 3, 1)                                                                                  = 0x7fd705315000
7972 [0x7fd70479d1a7]       SYS_link(0x7fff7ad88dd0, 0x7fff7ad88e00, 3, 1)                                                         = -17
7972 [0x7fd7047a4757]       SYS_munmap(0x7fd705315000, 32, 3, 1)                                                                   = 0
7972 [0x7fd70479d2c7]       SYS_unlink(0x7fff7ad88dd0, 32, 3, 1)                                                                   = 0
7972 [0x7fd7039f2e60]       SYS_close(3, 32, 3, 1)                                                                                 = 0
7972 [0x7fd7039f3510]       SYS_open(0x7fff7ad88e00, 0x20002, 20, 1)                                                               = 3
7972 [0x7fd70479b3b4]       SYS_fstat(3, 0x7fff7ad88d30, 0x7fff7ad88d30, 1)                                                        = 0
7972 [0x7fd7047a472a]       SYS_mmap(0, 32, 3, 1)                                                                                  = 0x7fd705315000
7972 [0x7fd7039f2e60]       SYS_close(3, 32, 0, 1)                                                                                 = 0
7972 [0x7fd702db6959]     <... Hw_Semaphore_Init resumed> )                                                                        = 17
7972 [0x7fd702db6969]     libgeneraldrv.so->Hw_Semaphore_Lock(0x7fff7ad88f20, 32, 0x7fd705315000, -1)                              = 0
7972 [0x7fd70479b7e0]     SYS_open(0x7fd702db73a1, 2, 1, 1)                                                                        = 3
7972 [0x7fd7047a472a]     SYS_mmap(0, 60, 3, 1)                                                                                    = 0x7fd705314000
7972 [0x7fd704778060]     SYS_nanosleep(0x7fff7ad88f00, 0, 0, 1)                                                                   = 0
7972 [0x7fd704778060]     SYS_nanosleep(0x7fff7ad88f00, 0, 0, 1)                                                                   = 0
7972 [0x7fd7047a4757]     SYS_munmap(0x7fd705314000, 60, 0, 1)                                                                     = 0
7972 [0x7fd70479c070]     SYS_close(3, 60, 0, 1)                                                                                   = 0
7972 [0x7fd704778060]     SYS_nanosleep(0x7fff7ad88f00, 0, 0, 1)                                                                   = 0
7972 [0x7fd702db6a1c]     libgeneraldrv.so->Hw_Semaphore_Unlock(0x7fff7ad88f20, 0, 0, -1)                                          = 0
7972 [0x7fd702db6a28]     libgeneraldrv.so->Hw_Semaphore_Release(0x7fff7ad88f20, 128, 0, 0 <unfinished ...>
7972 [0x7fd7047a4757]       SYS_munmap(0x7fd705315000, 32, 0, 1)                                                                   = 0
7972 [0x7fd702db6a28]     <... Hw_Semaphore_Release resumed> )                                                                     = 0
7972 [0x7fd702db6acf]     libgeneraldrv.so->PCI_Conf_Read(1, 0, 0, 36 <unfinished ...>
7972 [0x7fd702db3823]       libgeneraldrv.so->Hw_Semaphore_Init(0x7fff7ad88ec0, 0x7fd702db7000, 1, 0 <unfinished ...>
7972 [0x7fd70479b405]         SYS_lstat(0x7fff7ad88d70, 0x7fff7ad88c80, 0x7fff7ad88c80, 0)                                         = -2
7972 [0x7fd7039f3510]         SYS_open(0x7fff7ad88d70, 194, 600, 0)                                                                = 3
7972 [0x7fd7039f2da0]         SYS_write(3, 0x7fff7ad88df0, 32, 0)                                                                  = 32
7972 [0x7fd7047a472a]         SYS_mmap(0, 32, 3, 1)                                                                                = 0x7fd705315000
7972 [0x7fd70479d1a7]         SYS_link(0x7fff7ad88d70, 0x7fff7ad88da0, 3, 1)                                                       = -17
7972 [0x7fd7047a4757]         SYS_munmap(0x7fd705315000, 32, 3, 1)                                                                 = 0
7972 [0x7fd70479d2c7]         SYS_unlink(0x7fff7ad88d70, 32, 3, 1)                                                                 = 0
7972 [0x7fd7039f2e60]         SYS_close(3, 32, 3, 1)                                                                               = 0
7972 [0x7fd7039f3510]         SYS_open(0x7fff7ad88da0, 0x20002, 17, 1)                                                             = 3
7972 [0x7fd70479b3b4]         SYS_fstat(3, 0x7fff7ad88cd0, 0x7fff7ad88cd0, 1)                                                      = 0
7972 [0x7fd7047a472a]         SYS_mmap(0, 32, 3, 1)                                                                                = 0x7fd705315000
7972 [0x7fd7039f2e60]         SYS_close(3, 32, 0, 1)                                                                               = 0
7972 [0x7fd702db3823]       <... Hw_Semaphore_Init resumed> )                                                                      = 17
7972 [0x7fd702db3833]       libgeneraldrv.so->Hw_Semaphore_Lock(0x7fff7ad88ec0, 32, 0x7fd705315000, -1)                            = 0
7972 [0x7fd7047a86b7]       SYS_ioperm(3320, 4, 1, 1)                                                                              = 0
7972 [0x7fd7047a86b7]       SYS_ioperm(3320, 4, 0, 1)                                                                              = 0
7972 [0x7fd7047a86b7]       SYS_ioperm(235, 1, 1, 1)                                                                               = 0
7972 [0x7fd7047a86b7]       SYS_ioperm(235, 1, 0, 1)                                                                               = 0
7972 [0x7fd7047a86b7]       SYS_ioperm(3324, 4, 1, 1)                                                                              = 0
7972 [0x7fd7047a86b7]       SYS_ioperm(3324, 4, 0, 1)                                                                              = 0
7972 [0x7fd7047a86b7]       SYS_ioperm(235, 1, 1, 1)                                                                               = 0
7972 [0x7fd7047a86b7]       SYS_ioperm(235, 1, 0, 1)                                                                               = 0
7972 [0x7fd7047a86b7]       SYS_ioperm(3320, 4, 1, 1)                                                                              = 0
7972 [0x7fd7047a86b7]       SYS_ioperm(3320, 4, 0, 1)                                                                              = 0
7972 [0x7fd7047a86b7]       SYS_ioperm(235, 1, 1, 1)                                                                               = 0
7972 [0x7fd7047a86b7]       SYS_ioperm(235, 1, 0, 1)                                                                               = 0
7972 [0x7fd702db397f]       libgeneraldrv.so->Hw_Semaphore_Unlock(0x7fff7ad88ec0, 1, 0, -1)                                        = 0
7972 [0x7fd702db398b]       libgeneraldrv.so->Hw_Semaphore_Release(0x7fff7ad88ec0, 128, 0, 0 <unfinished ...>
7972 [0x7fd7047a4757]         SYS_munmap(0x7fd705315000, 32, 0, 1)                                                                 = 0
7972 [0x7fd702db398b]       <... Hw_Semaphore_Release resumed> )                                                                   = 0
7972 [0x7fd702db6acf]     <... PCI_Conf_Read resumed> )                                                                            = 0
7972 [0x7fd702db6af1]     libgeneraldrv.so->Hw_Semaphore_Init(0x7fff7ad88f30, 0x7fd702db738c, 1, 0x7fd704a58658 <unfinished ...>
7972 [0x7fd70479b405]       SYS_lstat(0x7fff7ad88de0, 0x7fff7ad88cf0, 0x7fff7ad88cf0, 0)                                           = -2
7972 [0x7fd7039f3510]       SYS_open(0x7fff7ad88de0, 194, 600, 0)                                                                  = 3
7972 [0x7fd7039f2da0]       SYS_write(3, 0x7fff7ad88e60, 32, 0)                                                                    = 32
7972 [0x7fd7047a472a]       SYS_mmap(0, 32, 3, 1)                                                                                  = 0x7fd705315000
7972 [0x7fd70479d1a7]       SYS_link(0x7fff7ad88de0, 0x7fff7ad88e10, 3, 1)                                                         = -17
7972 [0x7fd7047a4757]       SYS_munmap(0x7fd705315000, 32, 3, 1)                                                                   = 0
7972 [0x7fd70479d2c7]       SYS_unlink(0x7fff7ad88de0, 32, 3, 1)                                                                   = 0
7972 [0x7fd7039f2e60]       SYS_close(3, 32, 3, 1)                                                                                 = 0
7972 [0x7fd7039f3510]       SYS_open(0x7fff7ad88e10, 0x20002, 20, 1)                                                               = 3
7972 [0x7fd70479b3b4]       SYS_fstat(3, 0x7fff7ad88d40, 0x7fff7ad88d40, 1)                                                        = 0
7972 [0x7fd7047a472a]       SYS_mmap(0, 32, 3, 1)                                                                                  = 0x7fd705315000
7972 [0x7fd7039f2e60]       SYS_close(3, 32, 0, 1)                                                                                 = 0
7972 [0x7fd702db6af1]     <... Hw_Semaphore_Init resumed> )                                                                        = 17
7972 [0x7fd702db6b01]     libgeneraldrv.so->Hw_Semaphore_Lock(0x7fff7ad88f30, 32, 0x7fd705315000, -1)                              = 0
7972 [0x7fd70479b7e0]     SYS_open(0x7fd702db73a1, 2, 1, 1)                                                                        = 3
7972 [0x7fd7047a472a]     SYS_mmap(0, 60, 3, 1)                                                                                    = 0x7fd705314000
7972 [0x7fd704778060]     SYS_nanosleep(0x7fff7ad88f10, 0, 0, 1)                                                                   = 0
7972 [0x7fd704778060]     SYS_nanosleep(0x7fff7ad88f10, 0, 0, 1)                                                                   = 0
7972 [0x7fd7047a4757]     SYS_munmap(0x7fd705314000, 60, 0, 1)                                                                     = 0
7972 [0x7fd70479c070]     SYS_close(3, 60, 0, 1)                                                                                   = 0
7972 [0x7fd704778060]     SYS_nanosleep(0x7fff7ad88f10, 0, 0, 1)                                                                   = 0
7972 [0x7fd702db6ba6]     libgeneraldrv.so->Hw_Semaphore_Unlock(0x7fff7ad88f30, 0, 0, -1)                                          = 0
7972 [0x7fd702db6bb2]     libgeneraldrv.so->Hw_Semaphore_Release(0x7fff7ad88f30, 128, 0, 0 <unfinished ...>
7972 [0x7fd7047a4757]       SYS_munmap(0x7fd705315000, 32, 0, 1)                                                                   = 0
7972 [0x7fd702db6bb2]     <... Hw_Semaphore_Release resumed> )                                                                     = 0
7972 [0x7fd704a650e3]   <... Mv9125_Set_Led_Mode resumed> )                                                                        = 0
7972 [0x400934] <... Hal_Led_Set_Hdd_Mode resumed> )                                                                               = 0
7972 [0x7fd704ea7f15] libnasman.so->Close_Share_Memory(char const*, void*)(0x7fd704eec08e, 0x7fd705319000, 0x3a1875b246d04926, 4 <unfinished ...>
7972 [0x7fd704ea7b6e]   libnasman.so->Get_File_Size(char const*, long*)(0x7fff7ad88e30, 0x7fff7ad88f58, 0x7fff7ad88e45, 0 <unfinished ...>
7972 [0x7fd70479b365]     SYS_stat(0x7fff7ad88e30, 0x7fff7ad88d90, 0x7fff7ad88d90, 1)                                              = 0
7972 [0x7fd704ea7b6e]   <... Get_File_Size(char const*, long*) resumed> )                                                          = 0
7972 [0x7fd7047a4757]   SYS_munmap(0x7fd705319000, 0x2788, 0x7fff7ad88d90, 1)                                                      = 0
7972 [0x7fd704ea7f15] <... Close_Share_Memory(char const*, void*) resumed> )                                                       = 0
7972 [0x7fd704ea7f37] libnasman.so->Close_Share_Memory(char const*, void*)(0x7fd704eec0a7, 0x7fd705318000, 0, -1 <unfinished ...>
7972 [0x7fd704ea7b6e]   libnasman.so->Get_File_Size(char const*, long*)(0x7fff7ad88e30, 0x7fff7ad88f58, 0x7fff7ad88e46, 0 <unfinished ...>
7972 [0x7fd70479b365]     SYS_stat(0x7fff7ad88e30, 0x7fff7ad88d90, 0x7fff7ad88d90, 1)                                              = 0
7972 [0x7fd704ea7b6e]   <... Get_File_Size(char const*, long*) resumed> )                                                          = 0
7972 [0x7fd7047a4757]   SYS_munmap(0x7fd705318000, 3536, 0x7fff7ad88d90, 1)                                                        = 0
7972 [0x7fd704ea7f37] <... Close_Share_Memory(char const*, void*) resumed> )                                                       = 0
7972 [0x7fd704ea7f59] libnasman.so->Close_Share_Memory(char const*, void*)(0x7fd704eec0b5, 0x7fd705317000, 0, -1 <unfinished ...>
7972 [0x7fd704ea7b6e]   libnasman.so->Get_File_Size(char const*, long*)(0x7fff7ad88e30, 0x7fff7ad88f58, 0x7fff7ad88e46, 0 <unfinished ...>
7972 [0x7fd70479b365]     SYS_stat(0x7fff7ad88e30, 0x7fff7ad88d90, 0x7fff7ad88d90, 1)                                              = 0
7972 [0x7fd704ea7b6e]   <... Get_File_Size(char const*, long*) resumed> )                                                          = 0
7972 [0x7fd7047a4757]   SYS_munmap(0x7fd705317000, 4080, 0x7fff7ad88d90, 1)                                                        = 0
7972 [0x7fd704ea7f59] <... Close_Share_Memory(char const*, void*) resumed> )                                                       = 0
7972 [0x7fd7046f5932] libgeneral.so->Trace_Mem_Destroy()(0x7fd70440dd40, 0, 0x3a187455bd104926, 16)                                = 0
7972 [0x7fd704778468] SYS_exit_group(0, 60, 0, 0x7fd704a5ba48 <no return ...>
7972 [0xffffffffffffffff] +++ exited (status 0) +++
