8683 [0x7f6c6209f8aa] SYS_brk(0, 0x7f6c620a2fa0, 0, 895)                                                                           = 0x1c3c000
8683 [0x7f6c620a07e7] SYS_readlink(0x7fff36c51b7f, 0x7fff36c4ed60, 4096, 0x756e694c00000000)                                       = -2
8683 [0x7f6c620a0677] SYS_open(0x7f6c620a41f3, 0, 0, 0x756e694c00000000)                                                           = 3
8683 [0x7f6c620a07a7] SYS_chdir(0x7f6c622abba8, 0, 0, 0x756e694c00000000)                                                          = -2
8683 [0x7f6c6209f9d2] SYS_getcwd(0x7fff36c4ed60, 4096, 0, 0x756e694c00000000)                                                      = 23
8683 [0x7f6c620a07c7] SYS_fchdir(3, 4096, 0, 0x756e694c00000000)                                                                   = 0
8683 [0x7f6c620a0787] SYS_close(3, 4096, 0, 0x756e694c00000000)                                                                    = 0
8683 [0x7f6c620a080a] SYS_mmap(0, 4096, 3, 34)                                                                                     = 0x7f6c622a8000
8683 [0x7f6c620a06d7] SYS_access(0x7f6c620a6700, 4, 0x7f6c622ab718, 0)                                                             = -2
8683 [0x7f6c620a0677] SYS_open(0x7f6c620a4072, 0x80000, 1, 0)                                                                      = 3
8683 [0x7f6c620a0604] SYS_fstat(3, 0x7fff36c4e540, 0x7fff36c4e540, 0)                                                              = 0
8683 [0x7f6c620a080a] SYS_mmap(0, 0x83b3, 1, 2)                                                                                    = 0x7f6c6229f000
8683 [0x7f6c620a0787] SYS_close(3, 0x83b3, 1, 2)                                                                                   = 0
8683 [0x7f6c620a0677] SYS_open(0x7f6c622a8640, 0x80000, 0, 56)                                                                     = 3
8683 [0x7f6c620a0697] SYS_read(3, 0x7fff36c4e6c8, 832, 56)                                                                         = 832
8683 [0x7f6c620a0604] SYS_fstat(3, 0x7fff36c4e5a0, 0x7fff36c4e5a0, 16)                                                             = 0
8683 [0x7f6c620a080a] SYS_mmap(0, 0x278960, 5, 2050)                                                                               = 0x7f6c61e10000
8683 [0x7f6c620a0857] SYS_mprotect(0x7f6c61e86000, 0x200000, 0, 2050)                                                              = 0
8683 [0x7f6c620a080a] SYS_mmap(0x7f6c62086000, 0x3000, 3, 2066)                                                                    = 0x7f6c62086000
8683 [0x7f6c620a0787] SYS_close(3, 16, 0x7f6c620863e0, 0x6ffffdff)                                                                 = 0
8683 [0x7f6c620a0677] SYS_open(0x7f6c622a8b10, 0x80000, 0, 0x6ffffdff)                                                             = 3
8683 [0x7f6c620a0697] SYS_read(3, 0x7fff36c4e698, 832, 0x6ffffdff)                                                                 = 832
8683 [0x7f6c620a0604] SYS_fstat(3, 0x7fff36c4e570, 0x7fff36c4e570, 16)                                                             = 0
8683 [0x7f6c620a080a] SYS_mmap(0, 0x21bee0, 5, 2050)                                                                               = 0x7f6c61bf4000
8683 [0x7f6c620a0857] SYS_mprotect(0x7f6c61c0f000, 0x200000, 0, 2050)                                                              = 0
8683 [0x7f6c620a080a] SYS_mmap(0x7f6c61e0f000, 4096, 3, 2066)                                                                      = 0x7f6c61e0f000
8683 [0x7f6c620a0787] SYS_close(3, 16, 0x7f6c61e0f208, 0x6ffffdff)                                                                 = 0
8683 [0x7f6c620a0677] SYS_open(0x7f6c622a8fe0, 0x80000, 0, 0x6ffffdff)                                                             = 3
8683 [0x7f6c620a0697] SYS_read(3, 0x7fff36c4e668, 832, 0x6ffffdff)                                                                 = 832
8683 [0x7f6c620a0604] SYS_fstat(3, 0x7fff36c4e540, 0x7fff36c4e540, 16)                                                             = 0
8683 [0x7f6c620a080a] SYS_mmap(0, 4096, 3, 34)                                                                                     = 0x7f6c6229e000
8683 [0x7f6c620a080a] SYS_mmap(0, 0x209ad0, 5, 2050)                                                                               = 0x7f6c619ea000
8683 [0x7f6c620a0857] SYS_mprotect(0x7f6c619f4000, 0x1ff000, 0, 2050)                                                              = 0
8683 [0x7f6c620a080a] SYS_mmap(0x7f6c61bf3000, 4096, 3, 2066)                                                                      = 0x7f6c61bf3000
8683 [0x7f6c620a0787] SYS_close(3, 16, 0x7f6c61bf3690, 0x6ffffdff)                                                                 = 0
8683 [0x7f6c620a0677] SYS_open(0x7f6c6229e4b8, 0x80000, 0, 0x6ffffdff)                                                             = 3
8683 [0x7f6c620a0697] SYS_read(3, 0x7fff36c4e638, 832, 0x6ffffdff)                                                                 = 832
8683 [0x7f6c620a0604] SYS_fstat(3, 0x7fff36c4e510, 0x7fff36c4e510, 32)                                                             = 0
8683 [0x7f6c620a080a] SYS_mmap(0, 0x39dc40, 5, 2050)                                                                               = 0x7f6c6164c000
8683 [0x7f6c620a0857] SYS_mprotect(0x7f6c617e0000, 0x200000, 0, 2050)                                                              = 0
8683 [0x7f6c620a080a] SYS_mmap(0x7f6c619e0000, 0x6000, 3, 2066)                                                                    = 0x7f6c619e0000
8683 [0x7f6c620a080a] SYS_mmap(0x7f6c619e6000, 0x3c40, 3, 50)                                                                      = 0x7f6c619e6000
8683 [0x7f6c620a0787] SYS_close(3, 16, 0, 0x6ffffdff)                                                                              = 0
8683 [0x7f6c620a0677] SYS_open(0x7f6c6229e988, 0x80000, 0, 0x6ffffdff)                                                             = 3
8683 [0x7f6c620a0697] SYS_read(3, 0x7fff36c4e4e8, 832, 0x6ffffdff)                                                                 = 832
8683 [0x7f6c620a0604] SYS_fstat(3, 0x7fff36c4e3c0, 0x7fff36c4e3c0, 16)                                                             = 0
8683 [0x7f6c620a080a] SYS_mmap(0, 0x2b09d0, 5, 2050)                                                                               = 0x7f6c6139b000
8683 [0x7f6c620a0857] SYS_mprotect(0x7f6c6144a000, 0x1ff000, 0, 2050)                                                              = 0
8683 [0x7f6c620a080a] SYS_mmap(0x7f6c61649000, 0x3000, 3, 2066)                                                                    = 0x7f6c61649000
8683 [0x7f6c620a0787] SYS_close(3, 16, 0x7f6c616499a8, 0x6ffffdff)                                                                 = 0
8683 [0x7f6c620a0677] SYS_open(0x7f6c6229ee58, 0x80000, 0, 0x6ffffdff)                                                             = 3
8683 [0x7f6c620a0697] SYS_read(3, 0x7fff36c4e4b8, 832, 0x6ffffdff)                                                                 = 832
8683 [0x7f6c620a0604] SYS_fstat(3, 0x7fff36c4e390, 0x7fff36c4e390, 16)                                                             = 0
8683 [0x7f6c620a080a] SYS_mmap(0, 4096, 3, 34)                                                                                     = 0x7f6c6229d000
8683 [0x7f6c620a080a] SYS_mmap(0, 0x294ee0, 5, 2050)                                                                               = 0x7f6c61106000
8683 [0x7f6c620a0857] SYS_mprotect(0x7f6c61198000, 0x1ff000, 0, 2050)                                                              = 0
8683 [0x7f6c620a080a] SYS_mmap(0x7f6c61397000, 0x3000, 3, 2066)                                                                    = 0x7f6c61397000
8683 [0x7f6c620a080a] SYS_mmap(0x7f6c6139a000, 3808, 3, 50)                                                                        = 0x7f6c6139a000
8683 [0x7f6c620a0787] SYS_close(3, 16, 0x7f6c61397e30, 0x6ffffdff)                                                                 = 0
8683 [0x7f6c620a0677] SYS_open(0x7f6c6229d4b8, 0x80000, 0, 0x6ffffdff)                                                             = 3
8683 [0x7f6c620a0697] SYS_read(3, 0x7fff36c4e488, 832, 0x6ffffdff)                                                                 = 832
8683 [0x7f6c620a0604] SYS_fstat(3, 0x7fff36c4e360, 0x7fff36c4e360, 16)                                                             = 0
8683 [0x7f6c620a080a] SYS_mmap(0, 0x29d850, 5, 2050)                                                                               = 0x7f6c60e68000
8683 [0x7f6c620a0857] SYS_mprotect(0x7f6c60f01000, 0x200000, 0, 2050)                                                              = 0
8683 [0x7f6c620a080a] SYS_mmap(0x7f6c61101000, 0x3000, 3, 2066)                                                                    = 0x7f6c61101000
8683 [0x7f6c620a080a] SYS_mmap(0x7f6c61104000, 6224, 3, 50)                                                                        = 0x7f6c61104000
8683 [0x7f6c620a0787] SYS_close(3, 16, 0x7f6c61102cc8, 0x6ffffdff)                                                                 = 0
8683 [0x7f6c620a0677] SYS_open(0x7f6c6229d9a0, 0x80000, 0, 0x6ffffdff)                                                             = 3
8683 [0x7f6c620a0697] SYS_read(3, 0x7fff36c4e458, 832, 0x6ffffdff)                                                                 = 832
8683 [0x7f6c620a0604] SYS_fstat(3, 0x7fff36c4e330, 0x7fff36c4e330, 16)                                                             = 0
8683 [0x7f6c620a080a] SYS_mmap(0, 0x2dbbb0, 5, 2050)                                                                               = 0x7f6c60b8c000
8683 [0x7f6c620a0857] SYS_mprotect(0x7f6c60c4a000, 0x200000, 0, 2050)                                                              = 0
8683 [0x7f6c620a080a] SYS_mmap(0x7f6c60e4a000, 0xa000, 3, 2066)                                                                    = 0x7f6c60e4a000
8683 [0x7f6c620a080a] SYS_mmap(0x7f6c60e54000, 0x13bb0, 3, 50)                                                                     = 0x7f6c60e54000
8683 [0x7f6c620a0787] SYS_close(3, 16, 0x7f6c60e504d8, 0x6ffffdff)                                                                 = 0
8683 [0x7f6c620a0677] SYS_open(0x7f6c6229de70, 0x80000, 0, 0x6ffffdff)                                                             = 3
8683 [0x7f6c620a0697] SYS_read(3, 0x7fff36c4e428, 832, 0x6ffffdff)                                                                 = 832
8683 [0x7f6c620a0604] SYS_fstat(3, 0x7fff36c4e300, 0x7fff36c4e300, 32)                                                             = 0
8683 [0x7f6c620a080a] SYS_mmap(0, 4096, 3, 34)                                                                                     = 0x7f6c6229c000
8683 [0x7f6c620a080a] SYS_mmap(0, 0x21c490, 5, 2050)                                                                               = 0x7f6c6096f000
8683 [0x7f6c620a0857] SYS_mprotect(0x7f6c60987000, 0x1ff000, 0, 2050)                                                              = 0
8683 [0x7f6c620a080a] SYS_mmap(0x7f6c60b86000, 8192, 3, 2066)                                                                      = 0x7f6c60b86000
8683 [0x7f6c620a080a] SYS_mmap(0x7f6c60b88000, 0x3490, 3, 50)                                                                      = 0x7f6c60b88000
8683 [0x7f6c620a0787] SYS_close(3, 16, 0, 0x6ffffdff)                                                                              = 0
8683 [0x7f6c620a0677] SYS_open(0x7f6c6229c4b8, 0x80000, 0, 0x6ffffdff)                                                             = 3
8683 [0x7f6c620a0697] SYS_read(3, 0x7fff36c4e3f8, 832, 0x6ffffdff)                                                                 = 832
8683 [0x7f6c620a0604] SYS_fstat(3, 0x7fff36c4e2d0, 0x7fff36c4e2d0, 32)                                                             = 0
8683 [0x7f6c620a080a] SYS_mmap(0, 0x207bc0, 5, 2050)                                                                               = 0x7f6c60767000
8683 [0x7f6c620a0857] SYS_mprotect(0x7f6c6076e000, 0x1ff000, 0, 2050)                                                              = 0
8683 [0x7f6c620a080a] SYS_mmap(0x7f6c6096d000, 8192, 3, 2066)                                                                      = 0x7f6c6096d000
8683 [0x7f6c620a0787] SYS_close(3, 16, 0, 0x6ffffdff)                                                                              = 0
8683 [0x7f6c620a0677] SYS_open(0x7f6c6229c988, 0x80000, 0, 0x6ffffdff)                                                             = 3
8683 [0x7f6c620a0697] SYS_read(3, 0x7fff36c4e3c8, 832, 0x6ffffdff)                                                                 = 832
8683 [0x7f6c620a0604] SYS_fstat(3, 0x7fff36c4e2a0, 0x7fff36c4e2a0, 16)                                                             = 0
8683 [0x7f6c620a080a] SYS_mmap(0, 0x202e20, 5, 2050)                                                                               = 0x7f6c60564000
8683 [0x7f6c620a0857] SYS_mprotect(0x7f6c60567000, 0x1ff000, 0, 2050)                                                              = 0
8683 [0x7f6c620a080a] SYS_mmap(0x7f6c60766000, 4096, 3, 2066)                                                                      = 0x7f6c60766000
8683 [0x7f6c620a0787] SYS_close(3, 16, 0x7f6c60766c28, 0x6ffffdff)                                                                 = 0
8683 [0x7f6c620a0677] SYS_open(0x7f6c6229ce58, 0x80000, 0, 0x6ffffdff)                                                             = 3
8683 [0x7f6c620a0697] SYS_read(3, 0x7fff36c4e398, 832, 0x6ffffdff)                                                                 = 832
8683 [0x7f6c620a0604] SYS_fstat(3, 0x7fff36c4e270, 0x7fff36c4e270, 16)                                                             = 0
8683 [0x7f6c620a080a] SYS_mmap(0, 4096, 3, 34)                                                                                     = 0x7f6c6229b000
8683 [0x7f6c620a080a] SYS_mmap(0, 0x209850, 5, 2050)                                                                               = 0x7f6c6035a000
8683 [0x7f6c620a0857] SYS_mprotect(0x7f6c60364000, 0x1ff000, 0, 2050)                                                              = 0
8683 [0x7f6c620a080a] SYS_mmap(0x7f6c60563000, 4096, 3, 2066)                                                                      = 0x7f6c60563000
8683 [0x7f6c620a0787] SYS_close(3, 16, 0x7f6c60563618, 0x6ffffdff)                                                                 = 0
8683 [0x7f6c620a0677] SYS_open(0x7f6c6229b4b8, 0x80000, 0, 0x6ffffdff)                                                             = 3
8683 [0x7f6c620a0697] SYS_read(3, 0x7fff36c4e368, 832, 0x6ffffdff)                                                                 = 832
8683 [0x7f6c620a0604] SYS_fstat(3, 0x7fff36c4e240, 0x7fff36c4e240, 16)                                                             = 0
8683 [0x7f6c620a080a] SYS_mmap(0, 0x210868, 5, 2050)                                                                               = 0x7f6c60149000
8683 [0x7f6c620a0857] SYS_mprotect(0x7f6c6015a000, 0x1ff000, 0, 2050)                                                              = 0
8683 [0x7f6c620a080a] SYS_mmap(0x7f6c60359000, 4096, 3, 2066)                                                                      = 0x7f6c60359000
8683 [0x7f6c620a0787] SYS_close(3, 16, 0x7f6c60359408, 0x6ffffdff)                                                                 = 0
8683 [0x7f6c620a0677] SYS_open(0x7f6c6229ba40, 0x80000, 0, 0x7f6c6229c9a0)                                                         = 3
8683 [0x7f6c620a0697] SYS_read(3, 0x7fff36c4e208, 832, 0x7f6c6229c9a0)                                                             = 832
8683 [0x7f6c620a0604] SYS_fstat(3, 0x7fff36c4e0e0, 0x7fff36c4e0e0, 16)                                                             = 0
8683 [0x7f6c620a080a] SYS_mmap(0, 0x2032c8, 5, 2050)                                                                               = 0x7f6c5ff45000
8683 [0x7f6c620a0857] SYS_mprotect(0x7f6c5ff48000, 0x200000, 0, 2050)                                                              = 0
8683 [0x7f6c620a080a] SYS_mmap(0x7f6c60148000, 4096, 3, 2066)                                                                      = 0x7f6c60148000
8683 [0x7f6c620a0787] SYS_close(3, 16, 0x7f6c60148188, 0x6ffffdff)                                                                 = 0
8683 [0x7f6c620a0677] SYS_open(0x7f6c6229bf28, 0x80000, 0, 0x6ffffdff)                                                             = 3
8683 [0x7f6c620a0697] SYS_read(3, 0x7fff36c4e1d8, 832, 0x6ffffdff)                                                                 = 832
8683 [0x7f6c620a0604] SYS_fstat(3, 0x7fff36c4e0b0, 0x7fff36c4e0b0, 16)                                                             = 0
8683 [0x7f6c620a080a] SYS_mmap(0, 4096, 3, 34)                                                                                     = 0x7f6c6229a000
8683 [0x7f6c620a080a] SYS_mmap(0, 0x207820, 5, 2050)                                                                               = 0x7f6c5fd3d000
8683 [0x7f6c620a0857] SYS_mprotect(0x7f6c5fd44000, 0x200000, 0, 2050)                                                              = 0
8683 [0x7f6c620a080a] SYS_mmap(0x7f6c5ff44000, 4096, 3, 2066)                                                                      = 0x7f6c5ff44000
8683 [0x7f6c620a0787] SYS_close(3, 16, 0x7f6c5ff44188, 0x6ffffdff)                                                                 = 0
8683 [0x7f6c620a0677] SYS_open(0x7f6c6229a4c8, 0x80000, 0, 0x6ffffdff)                                                             = 3
8683 [0x7f6c620a0697] SYS_read(3, 0x7fff36c4e1a8, 832, 0x6ffffdff)                                                                 = 832
8683 [0x7f6c620a0604] SYS_fstat(3, 0x7fff36c4e080, 0x7fff36c4e080, 16)                                                             = 0
8683 [0x7f6c620a080a] SYS_mmap(0, 0x201f30, 5, 2050)                                                                               = 0x7f6c5fb3b000
8683 [0x7f6c620a0857] SYS_mprotect(0x7f6c5fb3d000, 0x1ff000, 0, 2050)                                                              = 0
8683 [0x7f6c620a080a] SYS_mmap(0x7f6c5fd3c000, 4096, 3, 2066)                                                                      = 0x7f6c5fd3c000
8683 [0x7f6c620a0787] SYS_close(3, 16, 0x7f6c5fd3ce18, 0x6ffffdff)                                                                 = 0
8683 [0x7f6c620a0677] SYS_open(0x7f6c6229aa60, 0x80000, 0, 0x7f6c6229e4d0)                                                         = 3
8683 [0x7f6c620a0697] SYS_read(3, 0x7fff36c4e178, 832, 0x7f6c6229e4d0)                                                             = 832
8683 [0x7f6c620a0604] SYS_fstat(3, 0x7fff36c4e050, 0x7fff36c4e050, 16)                                                             = 0
8683 [0x7f6c620a080a] SYS_mmap(0, 0x2022e8, 5, 2050)                                                                               = 0x7f6c5f938000
8683 [0x7f6c620a0857] SYS_mprotect(0x7f6c5f93a000, 0x200000, 0, 2050)                                                              = 0
8683 [0x7f6c620a080a] SYS_mmap(0x7f6c5fb3a000, 4096, 3, 2066)                                                                      = 0x7f6c5fb3a000
8683 [0x7f6c620a0787] SYS_close(3, 16, 0x7f6c5fb3a198, 0x6ffffdff)                                                                 = 0
8683 [0x7f6c620a0677] SYS_open(0x7f6c6229af40, 0x80000, 0, 0x6ffffdff)                                                             = 3
8683 [0x7f6c620a0697] SYS_read(3, 0x7fff36c4e148, 832, 0x6ffffdff)                                                                 = 832
8683 [0x7f6c620a0604] SYS_fstat(3, 0x7fff36c4e020, 0x7fff36c4e020, 16)                                                             = 0
8683 [0x7f6c620a080a] SYS_mmap(0, 4096, 3, 34)                                                                                     = 0x7f6c62299000
8683 [0x7f6c620a080a] SYS_mmap(0, 0x201f30, 5, 2050)                                                                               = 0x7f6c5f736000
8683 [0x7f6c620a0857] SYS_mprotect(0x7f6c5f738000, 0x1ff000, 0, 2050)                                                              = 0
8683 [0x7f6c620a080a] SYS_mmap(0x7f6c5f937000, 4096, 3, 2066)                                                                      = 0x7f6c5f937000
8683 [0x7f6c620a0787] SYS_close(3, 16, 0x7f6c5f937e18, 0x6ffffdff)                                                                 = 0
8683 [0x7f6c620a0677] SYS_open(0x7f6c622994c0, 0x80000, 0, 0x6ffffdff)                                                             = 3
8683 [0x7f6c620a0697] SYS_read(3, 0x7fff36c4e118, 832, 0x6ffffdff)                                                                 = 832
8683 [0x7f6c620a0604] SYS_fstat(3, 0x7fff36c4dff0, 0x7fff36c4dff0, 16)                                                             = 0
8683 [0x7f6c620a080a] SYS_mmap(0, 0x2038b8, 5, 2050)                                                                               = 0x7f6c5f532000
8683 [0x7f6c620a0857] SYS_mprotect(0x7f6c5f536000, 0x1ff000, 0, 2050)                                                              = 0
8683 [0x7f6c620a080a] SYS_mmap(0x7f6c5f735000, 4096, 3, 2066)                                                                      = 0x7f6c5f735000
8683 [0x7f6c620a0787] SYS_close(3, 16, 0x7f6c5f735748, 0x6ffffdff)                                                                 = 0
8683 [0x7f6c620a0677] SYS_open(0x7f6c62299a60, 0x80000, 0, 0x7f6c6229c000)                                                         = 3
8683 [0x7f6c620a0697] SYS_read(3, 0x7fff36c4e0b8, 832, 0x7f6c6229c000)                                                             = 832
8683 [0x7f6c620a0604] SYS_fstat(3, 0x7fff36c4df90, 0x7fff36c4df90, 16)                                                             = 0
8683 [0x7f6c620a080a] SYS_mmap(0, 0x210848, 5, 2050)                                                                               = 0x7f6c5f321000
8683 [0x7f6c620a0857] SYS_mprotect(0x7f6c5f331000, 0x1ff000, 0, 2050)                                                              = 0
8683 [0x7f6c620a080a] SYS_mmap(0x7f6c5f530000, 8192, 3, 2066)                                                                      = 0x7f6c5f530000
8683 [0x7f6c620a0787] SYS_close(3, 16, 0x7f6c5f530d90, 0x6ffffdff)                                                                 = 0
8683 [0x7f6c620a0677] SYS_open(0x7f6c62299f48, 0x80000, 0, 0x6ffffdff)                                                             = 3
8683 [0x7f6c620a0697] SYS_read(3, 0x7fff36c4e088, 832, 0x6ffffdff)                                                                 = 832
8683 [0x7f6c620a0604] SYS_fstat(3, 0x7fff36c4df60, 0x7fff36c4df60, 16)                                                             = 0
8683 [0x7f6c620a080a] SYS_mmap(0, 4096, 3, 34)                                                                                     = 0x7f6c62298000
8683 [0x7f6c620a080a] SYS_mmap(0, 0x20acf0, 5, 2050)                                                                               = 0x7f6c5f116000
8683 [0x7f6c620a0857] SYS_mprotect(0x7f6c5f121000, 0x1ff000, 0, 2050)                                                              = 0
8683 [0x7f6c620a080a] SYS_mmap(0x7f6c5f320000, 4096, 3, 2066)                                                                      = 0x7f6c5f320000
8683 [0x7f6c620a0787] SYS_close(3, 16, 0x7f6c5f320750, 0x6ffffdff)                                                                 = 0
8683 [0x7f6c620a0677] SYS_open(0x7f6c62298560, 0x80000, 0, 0x7f6c6229c000)                                                         = 3
8683 [0x7f6c620a0697] SYS_read(3, 0x7fff36c4e058, 832, 0x7f6c6229c000)                                                             = 832
8683 [0x7f6c620a0604] SYS_fstat(3, 0x7fff36c4df30, 0x7fff36c4df30, 32)                                                             = 0
8683 [0x7f6c620a080a] SYS_mmap(0, 0x2361e0, 5, 2050)                                                                               = 0x7f6c5eedf000
8683 [0x7f6c620a0857] SYS_mprotect(0x7f6c5eee7000, 0x1ff000, 0, 2050)                                                              = 0
8683 [0x7f6c620a080a] SYS_mmap(0x7f6c5f0e6000, 8192, 3, 2066)                                                                      = 0x7f6c5f0e6000
8683 [0x7f6c620a080a] SYS_mmap(0x7f6c5f0e8000, 0x2d1e0, 3, 50)                                                                     = 0x7f6c5f0e8000
8683 [0x7f6c620a0787] SYS_close(3, 16, 0, 0x6ffffdff)                                                                              = 0
8683 [0x7f6c620a0677] SYS_open(0x7f6c62298a30, 0x80000, 0, 0x6ffffdff)                                                             = 3
8683 [0x7f6c620a0697] SYS_read(3, 0x7fff36c4e028, 832, 0x6ffffdff)                                                                 = 832
8683 [0x7f6c620a0604] SYS_fstat(3, 0x7fff36c4df00, 0x7fff36c4df00, 16)                                                             = 0
8683 [0x7f6c620a080a] SYS_mmap(0, 0x43fe88, 5, 2050)                                                                               = 0x7f6c5ea9f000
8683 [0x7f6c620a0857] SYS_mprotect(0x7f6c5ecb4000, 0x200000, 0, 2050)                                                              = 0
8683 [0x7f6c620a080a] SYS_mmap(0x7f6c5eeb4000, 0x27000, 3, 2066)                                                                   = 0x7f6c5eeb4000
8683 [0x7f6c620a080a] SYS_mmap(0x7f6c5eedb000, 0x3e88, 3, 50)                                                                      = 0x7f6c5eedb000
8683 [0x7f6c620a0857] SYS_mprotect(0x7fff36c4f000, 4096, 0x1000007, 4)                                                             = 0
8683 [0x7f6c620a0787] SYS_close(3, 4096, 0x1000007, 4)                                                                             = 0
8683 [0x7f6c620a0677] SYS_open(0x7f6c62298fb0, 0x80000, 0, 0x7f6c6229b4d0)                                                         = 3
8683 [0x7f6c620a0697] SYS_read(3, 0x7fff36c4dff8, 832, 0x7f6c6229b4d0)                                                             = 832
8683 [0x7f6c620a0604] SYS_fstat(3, 0x7fff36c4ded0, 0x7fff36c4ded0, 16)                                                             = 0
8683 [0x7f6c620a080a] SYS_mmap(0, 4096, 3, 34)                                                                                     = 0x7f6c62297000
8683 [0x7f6c620a080a] SYS_mmap(0, 0x215730, 5, 2050)                                                                               = 0x7f6c5e889000
8683 [0x7f6c620a0857] SYS_mprotect(0x7f6c5e89f000, 0x1ff000, 0, 2050)                                                              = 0
8683 [0x7f6c620a080a] SYS_mmap(0x7f6c5ea9e000, 4096, 3, 2066)                                                                      = 0x7f6c5ea9e000
8683 [0x7f6c620a0787] SYS_close(3, 16, 0x7f6c5ea9e490, 0x6ffffdff)                                                                 = 0
8683 [0x7f6c620a0677] SYS_open(0x7f6c622974f0, 0x80000, 0, 0x6ffffdff)                                                             = 3
8683 [0x7f6c620a0697] SYS_read(3, 0x7fff36c4dfc8, 832, 0x6ffffdff)                                                                 = 832
8683 [0x7f6c620a0604] SYS_fstat(3, 0x7fff36c4dea0, 0x7fff36c4dea0, 32)                                                             = 0
8683 [0x7f6c620a080a] SYS_mmap(0, 0x2fd148, 5, 2050)                                                                               = 0x7f6c5e58b000
8683 [0x7f6c620a0857] SYS_mprotect(0x7f6c5e688000, 0x1ff000, 0, 2050)                                                              = 0
8683 [0x7f6c620a080a] SYS_mmap(0x7f6c5e887000, 8192, 3, 2066)                                                                      = 0x7f6c5e887000
8683 [0x7f6c620a0787] SYS_close(3, 16, 0, 0x6ffffdff)                                                                              = 0
8683 [0x7f6c620a0677] SYS_open(0x7fff36c4dd90, 0x80000, 0, 0x36782f39325f3130)                                                     = -2
8683 [0x7f6c620a05c5] SYS_stat(0x7fff36c4dd90, 0x7fff36c4de70, 0x7fff36c4de70, 0x36782f39325f3130)                                 = -2
8683 [0x7f6c620a0677] SYS_open(0x7fff36c4dd90, 0x80000, 0, 0x36782f39325f3130)                                                     = -2
8683 [0x7f6c620a05c5] SYS_stat(0x7fff36c4dd90, 0x7fff36c4de70, 0x7fff36c4de70, 0x36782f39325f3130)                                 = -2
8683 [0x7f6c620a0677] SYS_open(0x7fff36c4dd90, 0x80000, 0, 0x36782f39325f3130)                                                     = -2
8683 [0x7f6c620a05c5] SYS_stat(0x7fff36c4dd90, 0x7fff36c4de70, 0x7fff36c4de70, 0x36782f39325f3130)                                 = -2
8683 [0x7f6c620a0677] SYS_open(0x7fff36c4dd90, 0x80000, 0, 0x36782f39325f3130)                                                     = -2
8683 [0x7f6c620a05c5] SYS_stat(0x7fff36c4dd90, 0x7fff36c4de70, 0x7fff36c4de70, 0x36782f39325f3130)                                 = -2
8683 [0x7f6c620a0677] SYS_open(0x7f6c62297dd0, 0x80000, 0, 0x36782f39325f3130)                                                     = 3
8683 [0x7f6c620a0697] SYS_read(3, 0x7fff36c4df98, 832, 0x36782f39325f3130)                                                         = 832
8683 [0x7f6c620a0604] SYS_fstat(3, 0x7fff36c4de70, 0x7fff36c4de70, 16)                                                             = 0
8683 [0x7f6c620a080a] SYS_mmap(0, 4096, 3, 34)                                                                                     = 0x7f6c62296000
8683 [0x7f6c620a080a] SYS_mmap(0, 0x2f8980, 5, 2050)                                                                               = 0x7f6c5e292000
8683 [0x7f6c620a0857] SYS_mprotect(0x7f6c5e389000, 0x200000, 0, 2050)                                                              = 0
8683 [0x7f6c620a080a] SYS_mmap(0x7f6c5e589000, 8192, 3, 2066)                                                                      = 0x7f6c5e589000
8683 [0x7f6c620a0787] SYS_close(3, 16, 0x7f6c5e5893a0, 0x6ffffdff)                                                                 = 0
8683 [0x7f6c620a0677] SYS_open(0x7f6c622964c8, 0x80000, 0, 0x6ffffdff)                                                             = 3
8683 [0x7f6c620a0697] SYS_read(3, 0x7fff36c4df68, 832, 0x6ffffdff)                                                                 = 832
8683 [0x7f6c620a0604] SYS_fstat(3, 0x7fff36c4de40, 0x7fff36c4de40, 16)                                                             = 0
8683 [0x7f6c620a080a] SYS_mmap(0, 0x2fc9d8, 5, 2050)                                                                               = 0x7f6c5df95000
8683 [0x7f6c620a0857] SYS_mprotect(0x7f6c5e090000, 0x200000, 0, 2050)                                                              = 0
8683 [0x7f6c620a080a] SYS_mmap(0x7f6c5e290000, 8192, 3, 2066)                                                                      = 0x7f6c5e290000
8683 [0x7f6c620a0787] SYS_close(3, 16, 0x7f6c5e291828, 0x6ffffdff)                                                                 = 0
8683 [0x7f6c620a0677] SYS_open(0x7f6c62296998, 0x80000, 0, 0x6ffffdff)                                                             = 3
8683 [0x7f6c620a0697] SYS_read(3, 0x7fff36c4df38, 832, 0x6ffffdff)                                                                 = 832
8683 [0x7f6c620a0604] SYS_fstat(3, 0x7fff36c4de10, 0x7fff36c4de10, 16)                                                             = 0
8683 [0x7f6c620a080a] SYS_mmap(0, 0x242830, 5, 2050)                                                                               = 0x7f6c5dd52000
8683 [0x7f6c620a0857] SYS_mprotect(0x7f6c5dd95000, 0x1ff000, 0, 2050)                                                              = 0
8683 [0x7f6c620a080a] SYS_mmap(0x7f6c5df94000, 4096, 3, 2066)                                                                      = 0x7f6c5df94000
8683 [0x7f6c620a0787] SYS_close(3, 16, 0x7f6c5df94630, 0x6ffffdff)                                                                 = 0
8683 [0x7f6c620a0677] SYS_open(0x7f6c62296f70, 0x80000, 0, 0x7f6c6229d9b8)                                                         = 3
8683 [0x7f6c620a0697] SYS_read(3, 0x7fff36c4df08, 832, 0x7f6c6229d9b8)                                                             = 832
8683 [0x7f6c620a0604] SYS_fstat(3, 0x7fff36c4dde0, 0x7fff36c4dde0, 32)                                                             = 0
8683 [0x7f6c620a080a] SYS_mmap(0, 4096, 3, 34)                                                                                     = 0x7f6c62295000
8683 [0x7f6c620a080a] SYS_mmap(0, 0x203118, 5, 2050)                                                                               = 0x7f6c5db4e000
8683 [0x7f6c620a0857] SYS_mprotect(0x7f6c5db50000, 0x200000, 0, 2050)                                                              = 0
8683 [0x7f6c620a080a] SYS_mmap(0x7f6c5dd50000, 8192, 3, 2066)                                                                      = 0x7f6c5dd50000
8683 [0x7f6c620a0787] SYS_close(3, 16, 0x7f6c5dd50f40, 0x6ffffdff)                                                                 = 0
8683 [0x7f6c620a080a] SYS_mmap(0, 4096, 3, 34)                                                                                     = 0x7f6c62294000
8683 [0x7f6c620a080a] SYS_mmap(0, 4096, 3, 34)                                                                                     = 0x7f6c62293000
8683 [0x7f6c620a080a] SYS_mmap(0, 8192, 3, 34)                                                                                     = 0x7f6c62291000
8683 [0x7f6c6208a044] SYS_arch_prctl(4098, 0x7f6c62291780, 0x7f6c62292080, 34)                                                     = 0
8683 [0x7f6c620a0857] SYS_mprotect(0x7f6c619e0000, 0x4000, 1, 1)                                                                   = 0
8683 [0x7f6c620a0857] SYS_mprotect(0x7f6c5dd50000, 4096, 1, 0x7f6c5db4ec68)                                                        = 0
8683 [0x7f6c620a0857] SYS_mprotect(0x7f6c60b86000, 4096, 1, 0x7f6c60974500)                                                        = 0
8683 [0x7f6c620a0857] SYS_mprotect(0x7f6c5e887000, 4096, 1, 1)                                                                     = 0
8683 [0x7f6c620a0857] SYS_mprotect(0x7f6c5f0e6000, 4096, 1, 0x7f6c5eedfa00)                                                        = 0
8683 [0x7f6c620a0857] SYS_mprotect(0x7f6c60e4a000, 0x7000, 1, 0x7f6c60be4810)                                                      = 0
8683 [0x7f6c620a0857] SYS_mprotect(0x7f6c6096d000, 4096, 1, 0x7f6c60768d58)                                                        = 0
8683 [0x7f6c620a0857] SYS_mprotect(0x7f6c622a9000, 4096, 1, 0)                                                                     = 0
8683 [0x7f6c620a0837] SYS_munmap(0x7f6c6229f000, 0x83b3, 0x73800, 0)                                                               = 0
8683 [0x7f6c60975e92] SYS_set_tid_address(0x7f6c62291a50, 0x7fff36c4fef8, 0x7f6c62291780, 0)                                       = 8683
8683 [0x7f6c60975efa] SYS_set_robust_list(0x7f6c62291a60, 24, 0x7f6c62291780, 0)                                                   = 0
8683 [0x7f6c6097fcf5] SYS_rt_sigaction(32, 0x7fff36c4fc48, 0, 8)                                                                   = 0
8683 [0x7f6c6097fcf5] SYS_rt_sigaction(33, 0x7fff36c4fc48, 0, 8)                                                                   = 0
8683 [0x7f6c60975fd6] SYS_rt_sigprocmask(1, 0x7fff36c4fd98, 0, 8)                                                                  = 0
8683 [0x7f6c6172cb17] SYS_getrlimit(3, 0x7fff36c4fe30, 63, 1)                                                                      = 0
8683 [0x7f6c60975b95] SYS_futex(0x7f6c60e547e0, 129, 0x7fffffff, 0)                                                                = 0
8683 [0x4009e1] ledctrl->Hal_Led_Set_Mode(10, 5, 0x7f6c6179ac60, 0 <unfinished ...>
8683 [0x7f6c619f0575]   libnhal.so->Hal_Lookup_Hardware_Info(0x7fff36c4fc20, 5, 0x7f6c6179ac60, 0 <unfinished ...>
8683 [0x7f6c61727557]     SYS_statfs(0x7f6c609821e8, 0x7fff36c4fa10, 0x7f6c60b8b310, 1)                                            = 0
8683 [0x7f6c60975b95]     SYS_futex(0x7f6c60b8b310, 129, 0x7fffffff, 0)                                                            = 0
8683 [0x7f6c617277e0]     SYS_open(0x7fff36c4fb20, 0xa0002, 484, 1)                                                                = 3
8683 [0x7f6c6173072a]     SYS_mmap(0, 220, 3, 1)                                                                                   = 0x7f6c622a7000
8683 [0x7f6c61728070]     SYS_close(3, 220, 3, 1)                                                                                  = 0
8683 [0x7f6c619ef7f0]     libnhal.so->Hw_Semaphore_Init(0x7fff36c4fbd0, 0x7f6c619f2287, 1, -1 <unfinished ...>
8683 [0x7f6c61727405]       SYS_lstat(0x7fff36c4fa80, 0x7fff36c4f990, 0x7fff36c4f990, 0)                                           = -2
8683 [0x7f6c6097f510]       SYS_open(0x7fff36c4fa80, 194, 600, 0)                                                                  = 3
8683 [0x7f6c6097eda0]       SYS_write(3, 0x7fff36c4fb00, 32, 0)                                                                    = 32
8683 [0x7f6c6173072a]       SYS_mmap(0, 32, 3, 1)                                                                                  = 0x7f6c622a6000
8683 [0x7f6c617291a7]       SYS_link(0x7fff36c4fa80, 0x7fff36c4fab0, 3, 1)                                                         = -17
8683 [0x7f6c61730757]       SYS_munmap(0x7f6c622a6000, 32, 3, 1)                                                                   = 0
8683 [0x7f6c617292c7]       SYS_unlink(0x7fff36c4fa80, 32, 3, 1)                                                                   = 0
8683 [0x7f6c6097ee60]       SYS_close(3, 32, 3, 1)                                                                                 = 0
8683 [0x7f6c6097f510]       SYS_open(0x7fff36c4fab0, 0x20002, 18, 1)                                                               = 3
8683 [0x7f6c617273b4]       SYS_fstat(3, 0x7fff36c4f9e0, 0x7fff36c4f9e0, 1)                                                        = 0
8683 [0x7f6c6172cf5a]       SYS_brk(0, 0x7f6c619e4640, 0, -4096)                                                                   = 0x1c3c000
8683 [0x7f6c6172cf5a]       SYS_brk(0x1c5d000, 0x1c3c000, 0x1c5d000, -4096)                                                        = 0x1c5d000
8683 [0x7f6c6173072a]       SYS_mmap(0, 32, 3, 1)                                                                                  = 0x7f6c622a6000
8683 [0x7f6c6097ee60]       SYS_close(3, 32, 0, 3)                                                                                 = 0
8683 [0x7f6c619ef7f0]     <... Hw_Semaphore_Init resumed> )                                                                        = 17
8683 [0x7f6c619ef800]     libnhal.so->Hw_Semaphore_Lock(0x7fff36c4fbd0, 32, 0x7f6c622a6000, -1)                                    = 0
8683 [0x7f6c619ef918]     libnhal.so->Hw_Semaphore_Unlock(0x7fff36c4fbd0, 2, 0x7f6c622a7000, 0)                                    = 0
8683 [0x7f6c619ef924]     libnhal.so->Hw_Semaphore_Release(0x7fff36c4fbd0, 128, 0, 0 <unfinished ...>
8683 [0x7f6c61730757]       SYS_munmap(0x7f6c622a6000, 32, 0, 1)                                                                   = 0
8683 [0x7f6c619ef924]     <... Hw_Semaphore_Release resumed> )                                                                     = 0
8683 [0x7f6c619f0575]   <... Hal_Lookup_Hardware_Info resumed> )                                                                   = 0
8683 [0x4009e1] <... Hal_Led_Set_Mode resumed> )                                                                                   = 0xffffffea
8683 [0x7f6c61681932] libgeneral.so->Trace_Mem_Destroy()(0x7f6c61399d40, 0, 0x660b2a4875e01860, 16)                                = 0
8683 [0x7f6c61704468] SYS_exit_group(-22, 60, -22, 0x7f6c619e7a48 <unfinished ...>
8683 [0xffffffffffffffff] +++ exited (status 234) +++
