8663 [0x7fdfb053a8aa] SYS_brk(0, 0x7fdfb053dfa0, 0, 895)                                                                           = 0x1f94000
8663 [0x7fdfb053b7e7] SYS_readlink(0x7fff7bae6b7a, 0x7fff7bae38e0, 4096, 0x756e694c00000000)                                       = -2
8663 [0x7fdfb053b677] SYS_open(0x7fdfb053f1f3, 0, 0, 0x756e694c00000000)                                                           = 3
8663 [0x7fdfb053b7a7] SYS_chdir(0x7fdfb0746ba8, 0, 0, 0x756e694c00000000)                                                          = -2
8663 [0x7fdfb053a9d2] SYS_getcwd(0x7fff7bae38e0, 4096, 0, 0x756e694c00000000)                                                      = 23
8663 [0x7fdfb053b7c7] SYS_fchdir(3, 4096, 0, 0x756e694c00000000)                                                                   = 0
8663 [0x7fdfb053b787] SYS_close(3, 4096, 0, 0x756e694c00000000)                                                                    = 0
8663 [0x7fdfb053b80a] SYS_mmap(0, 4096, 3, 34)                                                                                     = 0x7fdfb0743000
8663 [0x7fdfb053b6d7] SYS_access(0x7fdfb0541700, 4, 0x7fdfb0746718, 0)                                                             = -2
8663 [0x7fdfb053b677] SYS_open(0x7fdfb053f072, 0x80000, 1, 0)                                                                      = 3
8663 [0x7fdfb053b604] SYS_fstat(3, 0x7fff7bae30c0, 0x7fff7bae30c0, 0)                                                              = 0
8663 [0x7fdfb053b80a] SYS_mmap(0, 0x83b3, 1, 2)                                                                                    = 0x7fdfb073a000
8663 [0x7fdfb053b787] SYS_close(3, 0x83b3, 1, 2)                                                                                   = 0
8663 [0x7fdfb053b677] SYS_open(0x7fdfb0743640, 0x80000, 0, 56)                                                                     = 3
8663 [0x7fdfb053b697] SYS_read(3, 0x7fff7bae3248, 832, 56)                                                                         = 832
8663 [0x7fdfb053b604] SYS_fstat(3, 0x7fff7bae3120, 0x7fff7bae3120, 16)                                                             = 0
8663 [0x7fdfb053b80a] SYS_mmap(0, 0x278960, 5, 2050)                                                                               = 0x7fdfb02ab000
8663 [0x7fdfb053b857] SYS_mprotect(0x7fdfb0321000, 0x200000, 0, 2050)                                                              = 0
8663 [0x7fdfb053b80a] SYS_mmap(0x7fdfb0521000, 0x3000, 3, 2066)                                                                    = 0x7fdfb0521000
8663 [0x7fdfb053b787] SYS_close(3, 16, 0x7fdfb05213e0, 0x6ffffdff)                                                                 = 0
8663 [0x7fdfb053b677] SYS_open(0x7fdfb0743b10, 0x80000, 0, 0x6ffffdff)                                                             = 3
8663 [0x7fdfb053b697] SYS_read(3, 0x7fff7bae3218, 832, 0x6ffffdff)                                                                 = 832
8663 [0x7fdfb053b604] SYS_fstat(3, 0x7fff7bae30f0, 0x7fff7bae30f0, 16)                                                             = 0
8663 [0x7fdfb053b80a] SYS_mmap(0, 0x21bee0, 5, 2050)                                                                               = 0x7fdfb008f000
8663 [0x7fdfb053b857] SYS_mprotect(0x7fdfb00aa000, 0x200000, 0, 2050)                                                              = 0
8663 [0x7fdfb053b80a] SYS_mmap(0x7fdfb02aa000, 4096, 3, 2066)                                                                      = 0x7fdfb02aa000
8663 [0x7fdfb053b787] SYS_close(3, 16, 0x7fdfb02aa208, 0x6ffffdff)                                                                 = 0
8663 [0x7fdfb053b677] SYS_open(0x7fdfb0743fe0, 0x80000, 0, 0x6ffffdff)                                                             = 3
8663 [0x7fdfb053b697] SYS_read(3, 0x7fff7bae31e8, 832, 0x6ffffdff)                                                                 = 832
8663 [0x7fdfb053b604] SYS_fstat(3, 0x7fff7bae30c0, 0x7fff7bae30c0, 16)                                                             = 0
8663 [0x7fdfb053b80a] SYS_mmap(0, 4096, 3, 34)                                                                                     = 0x7fdfb0739000
8663 [0x7fdfb053b80a] SYS_mmap(0, 0x209ad0, 5, 2050)                                                                               = 0x7fdfafe85000
8663 [0x7fdfb053b857] SYS_mprotect(0x7fdfafe8f000, 0x1ff000, 0, 2050)                                                              = 0
8663 [0x7fdfb053b80a] SYS_mmap(0x7fdfb008e000, 4096, 3, 2066)                                                                      = 0x7fdfb008e000
8663 [0x7fdfb053b787] SYS_close(3, 16, 0x7fdfb008e690, 0x6ffffdff)                                                                 = 0
8663 [0x7fdfb053b677] SYS_open(0x7fdfb07394b8, 0x80000, 0, 0x6ffffdff)                                                             = 3
8663 [0x7fdfb053b697] SYS_read(3, 0x7fff7bae31b8, 832, 0x6ffffdff)                                                                 = 832
8663 [0x7fdfb053b604] SYS_fstat(3, 0x7fff7bae3090, 0x7fff7bae3090, 32)                                                             = 0
8663 [0x7fdfb053b80a] SYS_mmap(0, 0x39dc40, 5, 2050)                                                                               = 0x7fdfafae7000
8663 [0x7fdfb053b857] SYS_mprotect(0x7fdfafc7b000, 0x200000, 0, 2050)                                                              = 0
8663 [0x7fdfb053b80a] SYS_mmap(0x7fdfafe7b000, 0x6000, 3, 2066)                                                                    = 0x7fdfafe7b000
8663 [0x7fdfb053b80a] SYS_mmap(0x7fdfafe81000, 0x3c40, 3, 50)                                                                      = 0x7fdfafe81000
8663 [0x7fdfb053b787] SYS_close(3, 16, 0, 0x6ffffdff)                                                                              = 0
8663 [0x7fdfb053b677] SYS_open(0x7fdfb0739988, 0x80000, 0, 0x6ffffdff)                                                             = 3
8663 [0x7fdfb053b697] SYS_read(3, 0x7fff7bae3068, 832, 0x6ffffdff)                                                                 = 832
8663 [0x7fdfb053b604] SYS_fstat(3, 0x7fff7bae2f40, 0x7fff7bae2f40, 16)                                                             = 0
8663 [0x7fdfb053b80a] SYS_mmap(0, 0x2b09d0, 5, 2050)                                                                               = 0x7fdfaf836000
8663 [0x7fdfb053b857] SYS_mprotect(0x7fdfaf8e5000, 0x1ff000, 0, 2050)                                                              = 0
8663 [0x7fdfb053b80a] SYS_mmap(0x7fdfafae4000, 0x3000, 3, 2066)                                                                    = 0x7fdfafae4000
8663 [0x7fdfb053b787] SYS_close(3, 16, 0x7fdfafae49a8, 0x6ffffdff)                                                                 = 0
8663 [0x7fdfb053b677] SYS_open(0x7fdfb0739e58, 0x80000, 0, 0x6ffffdff)                                                             = 3
8663 [0x7fdfb053b697] SYS_read(3, 0x7fff7bae3038, 832, 0x6ffffdff)                                                                 = 832
8663 [0x7fdfb053b604] SYS_fstat(3, 0x7fff7bae2f10, 0x7fff7bae2f10, 16)                                                             = 0
8663 [0x7fdfb053b80a] SYS_mmap(0, 4096, 3, 34)                                                                                     = 0x7fdfb0738000
8663 [0x7fdfb053b80a] SYS_mmap(0, 0x294ee0, 5, 2050)                                                                               = 0x7fdfaf5a1000
8663 [0x7fdfb053b857] SYS_mprotect(0x7fdfaf633000, 0x1ff000, 0, 2050)                                                              = 0
8663 [0x7fdfb053b80a] SYS_mmap(0x7fdfaf832000, 0x3000, 3, 2066)                                                                    = 0x7fdfaf832000
8663 [0x7fdfb053b80a] SYS_mmap(0x7fdfaf835000, 3808, 3, 50)                                                                        = 0x7fdfaf835000
8663 [0x7fdfb053b787] SYS_close(3, 16, 0x7fdfaf832e30, 0x6ffffdff)                                                                 = 0
8663 [0x7fdfb053b677] SYS_open(0x7fdfb07384b8, 0x80000, 0, 0x6ffffdff)                                                             = 3
8663 [0x7fdfb053b697] SYS_read(3, 0x7fff7bae3008, 832, 0x6ffffdff)                                                                 = 832
8663 [0x7fdfb053b604] SYS_fstat(3, 0x7fff7bae2ee0, 0x7fff7bae2ee0, 16)                                                             = 0
8663 [0x7fdfb053b80a] SYS_mmap(0, 0x29d850, 5, 2050)                                                                               = 0x7fdfaf303000
8663 [0x7fdfb053b857] SYS_mprotect(0x7fdfaf39c000, 0x200000, 0, 2050)                                                              = 0
8663 [0x7fdfb053b80a] SYS_mmap(0x7fdfaf59c000, 0x3000, 3, 2066)                                                                    = 0x7fdfaf59c000
8663 [0x7fdfb053b80a] SYS_mmap(0x7fdfaf59f000, 6224, 3, 50)                                                                        = 0x7fdfaf59f000
8663 [0x7fdfb053b787] SYS_close(3, 16, 0x7fdfaf59dcc8, 0x6ffffdff)                                                                 = 0
8663 [0x7fdfb053b677] SYS_open(0x7fdfb07389a0, 0x80000, 0, 0x6ffffdff)                                                             = 3
8663 [0x7fdfb053b697] SYS_read(3, 0x7fff7bae2fd8, 832, 0x6ffffdff)                                                                 = 832
8663 [0x7fdfb053b604] SYS_fstat(3, 0x7fff7bae2eb0, 0x7fff7bae2eb0, 16)                                                             = 0
8663 [0x7fdfb053b80a] SYS_mmap(0, 0x2dbbb0, 5, 2050)                                                                               = 0x7fdfaf027000
8663 [0x7fdfb053b857] SYS_mprotect(0x7fdfaf0e5000, 0x200000, 0, 2050)                                                              = 0
8663 [0x7fdfb053b80a] SYS_mmap(0x7fdfaf2e5000, 0xa000, 3, 2066)                                                                    = 0x7fdfaf2e5000
8663 [0x7fdfb053b80a] SYS_mmap(0x7fdfaf2ef000, 0x13bb0, 3, 50)                                                                     = 0x7fdfaf2ef000
8663 [0x7fdfb053b787] SYS_close(3, 16, 0x7fdfaf2eb4d8, 0x6ffffdff)                                                                 = 0
8663 [0x7fdfb053b677] SYS_open(0x7fdfb0738e70, 0x80000, 0, 0x6ffffdff)                                                             = 3
8663 [0x7fdfb053b697] SYS_read(3, 0x7fff7bae2fa8, 832, 0x6ffffdff)                                                                 = 832
8663 [0x7fdfb053b604] SYS_fstat(3, 0x7fff7bae2e80, 0x7fff7bae2e80, 32)                                                             = 0
8663 [0x7fdfb053b80a] SYS_mmap(0, 4096, 3, 34)                                                                                     = 0x7fdfb0737000
8663 [0x7fdfb053b80a] SYS_mmap(0, 0x21c490, 5, 2050)                                                                               = 0x7fdfaee0a000
8663 [0x7fdfb053b857] SYS_mprotect(0x7fdfaee22000, 0x1ff000, 0, 2050)                                                              = 0
8663 [0x7fdfb053b80a] SYS_mmap(0x7fdfaf021000, 8192, 3, 2066)                                                                      = 0x7fdfaf021000
8663 [0x7fdfb053b80a] SYS_mmap(0x7fdfaf023000, 0x3490, 3, 50)                                                                      = 0x7fdfaf023000
8663 [0x7fdfb053b787] SYS_close(3, 16, 0, 0x6ffffdff)                                                                              = 0
8663 [0x7fdfb053b677] SYS_open(0x7fdfb07374b8, 0x80000, 0, 0x6ffffdff)                                                             = 3
8663 [0x7fdfb053b697] SYS_read(3, 0x7fff7bae2f78, 832, 0x6ffffdff)                                                                 = 832
8663 [0x7fdfb053b604] SYS_fstat(3, 0x7fff7bae2e50, 0x7fff7bae2e50, 32)                                                             = 0
8663 [0x7fdfb053b80a] SYS_mmap(0, 0x207bc0, 5, 2050)                                                                               = 0x7fdfaec02000
8663 [0x7fdfb053b857] SYS_mprotect(0x7fdfaec09000, 0x1ff000, 0, 2050)                                                              = 0
8663 [0x7fdfb053b80a] SYS_mmap(0x7fdfaee08000, 8192, 3, 2066)                                                                      = 0x7fdfaee08000
8663 [0x7fdfb053b787] SYS_close(3, 16, 0, 0x6ffffdff)                                                                              = 0
8663 [0x7fdfb053b677] SYS_open(0x7fdfb0737988, 0x80000, 0, 0x6ffffdff)                                                             = 3
8663 [0x7fdfb053b697] SYS_read(3, 0x7fff7bae2f48, 832, 0x6ffffdff)                                                                 = 832
8663 [0x7fdfb053b604] SYS_fstat(3, 0x7fff7bae2e20, 0x7fff7bae2e20, 16)                                                             = 0
8663 [0x7fdfb053b80a] SYS_mmap(0, 0x202e20, 5, 2050)                                                                               = 0x7fdfae9ff000
8663 [0x7fdfb053b857] SYS_mprotect(0x7fdfaea02000, 0x1ff000, 0, 2050)                                                              = 0
8663 [0x7fdfb053b80a] SYS_mmap(0x7fdfaec01000, 4096, 3, 2066)                                                                      = 0x7fdfaec01000
8663 [0x7fdfb053b787] SYS_close(3, 16, 0x7fdfaec01c28, 0x6ffffdff)                                                                 = 0
8663 [0x7fdfb053b677] SYS_open(0x7fdfb0737e58, 0x80000, 0, 0x6ffffdff)                                                             = 3
8663 [0x7fdfb053b697] SYS_read(3, 0x7fff7bae2f18, 832, 0x6ffffdff)                                                                 = 832
8663 [0x7fdfb053b604] SYS_fstat(3, 0x7fff7bae2df0, 0x7fff7bae2df0, 16)                                                             = 0
8663 [0x7fdfb053b80a] SYS_mmap(0, 4096, 3, 34)                                                                                     = 0x7fdfb0736000
8663 [0x7fdfb053b80a] SYS_mmap(0, 0x209850, 5, 2050)                                                                               = 0x7fdfae7f5000
8663 [0x7fdfb053b857] SYS_mprotect(0x7fdfae7ff000, 0x1ff000, 0, 2050)                                                              = 0
8663 [0x7fdfb053b80a] SYS_mmap(0x7fdfae9fe000, 4096, 3, 2066)                                                                      = 0x7fdfae9fe000
8663 [0x7fdfb053b787] SYS_close(3, 16, 0x7fdfae9fe618, 0x6ffffdff)                                                                 = 0
8663 [0x7fdfb053b677] SYS_open(0x7fdfb07364b8, 0x80000, 0, 0x6ffffdff)                                                             = 3
8663 [0x7fdfb053b697] SYS_read(3, 0x7fff7bae2ee8, 832, 0x6ffffdff)                                                                 = 832
8663 [0x7fdfb053b604] SYS_fstat(3, 0x7fff7bae2dc0, 0x7fff7bae2dc0, 16)                                                             = 0
8663 [0x7fdfb053b80a] SYS_mmap(0, 0x210868, 5, 2050)                                                                               = 0x7fdfae5e4000
8663 [0x7fdfb053b857] SYS_mprotect(0x7fdfae5f5000, 0x1ff000, 0, 2050)                                                              = 0
8663 [0x7fdfb053b80a] SYS_mmap(0x7fdfae7f4000, 4096, 3, 2066)                                                                      = 0x7fdfae7f4000
8663 [0x7fdfb053b787] SYS_close(3, 16, 0x7fdfae7f4408, 0x6ffffdff)                                                                 = 0
8663 [0x7fdfb053b677] SYS_open(0x7fdfb0736a40, 0x80000, 0, 0x7fdfb07379a0)                                                         = 3
8663 [0x7fdfb053b697] SYS_read(3, 0x7fff7bae2d88, 832, 0x7fdfb07379a0)                                                             = 832
8663 [0x7fdfb053b604] SYS_fstat(3, 0x7fff7bae2c60, 0x7fff7bae2c60, 16)                                                             = 0
8663 [0x7fdfb053b80a] SYS_mmap(0, 0x2032c8, 5, 2050)                                                                               = 0x7fdfae3e0000
8663 [0x7fdfb053b857] SYS_mprotect(0x7fdfae3e3000, 0x200000, 0, 2050)                                                              = 0
8663 [0x7fdfb053b80a] SYS_mmap(0x7fdfae5e3000, 4096, 3, 2066)                                                                      = 0x7fdfae5e3000
8663 [0x7fdfb053b787] SYS_close(3, 16, 0x7fdfae5e3188, 0x6ffffdff)                                                                 = 0
8663 [0x7fdfb053b677] SYS_open(0x7fdfb0736f28, 0x80000, 0, 0x6ffffdff)                                                             = 3
8663 [0x7fdfb053b697] SYS_read(3, 0x7fff7bae2d58, 832, 0x6ffffdff)                                                                 = 832
8663 [0x7fdfb053b604] SYS_fstat(3, 0x7fff7bae2c30, 0x7fff7bae2c30, 16)                                                             = 0
8663 [0x7fdfb053b80a] SYS_mmap(0, 4096, 3, 34)                                                                                     = 0x7fdfb0735000
8663 [0x7fdfb053b80a] SYS_mmap(0, 0x207820, 5, 2050)                                                                               = 0x7fdfae1d8000
8663 [0x7fdfb053b857] SYS_mprotect(0x7fdfae1df000, 0x200000, 0, 2050)                                                              = 0
8663 [0x7fdfb053b80a] SYS_mmap(0x7fdfae3df000, 4096, 3, 2066)                                                                      = 0x7fdfae3df000
8663 [0x7fdfb053b787] SYS_close(3, 16, 0x7fdfae3df188, 0x6ffffdff)                                                                 = 0
8663 [0x7fdfb053b677] SYS_open(0x7fdfb07354c8, 0x80000, 0, 0x6ffffdff)                                                             = 3
8663 [0x7fdfb053b697] SYS_read(3, 0x7fff7bae2d28, 832, 0x6ffffdff)                                                                 = 832
8663 [0x7fdfb053b604] SYS_fstat(3, 0x7fff7bae2c00, 0x7fff7bae2c00, 16)                                                             = 0
8663 [0x7fdfb053b80a] SYS_mmap(0, 0x201f30, 5, 2050)                                                                               = 0x7fdfadfd6000
8663 [0x7fdfb053b857] SYS_mprotect(0x7fdfadfd8000, 0x1ff000, 0, 2050)                                                              = 0
8663 [0x7fdfb053b80a] SYS_mmap(0x7fdfae1d7000, 4096, 3, 2066)                                                                      = 0x7fdfae1d7000
8663 [0x7fdfb053b787] SYS_close(3, 16, 0x7fdfae1d7e18, 0x6ffffdff)                                                                 = 0
8663 [0x7fdfb053b677] SYS_open(0x7fdfb0735a60, 0x80000, 0, 0x7fdfb07394d0)                                                         = 3
8663 [0x7fdfb053b697] SYS_read(3, 0x7fff7bae2cf8, 832, 0x7fdfb07394d0)                                                             = 832
8663 [0x7fdfb053b604] SYS_fstat(3, 0x7fff7bae2bd0, 0x7fff7bae2bd0, 16)                                                             = 0
8663 [0x7fdfb053b80a] SYS_mmap(0, 0x2022e8, 5, 2050)                                                                               = 0x7fdfaddd3000
8663 [0x7fdfb053b857] SYS_mprotect(0x7fdfaddd5000, 0x200000, 0, 2050)                                                              = 0
8663 [0x7fdfb053b80a] SYS_mmap(0x7fdfadfd5000, 4096, 3, 2066)                                                                      = 0x7fdfadfd5000
8663 [0x7fdfb053b787] SYS_close(3, 16, 0x7fdfadfd5198, 0x6ffffdff)                                                                 = 0
8663 [0x7fdfb053b677] SYS_open(0x7fdfb0735f40, 0x80000, 0, 0x6ffffdff)                                                             = 3
8663 [0x7fdfb053b697] SYS_read(3, 0x7fff7bae2cc8, 832, 0x6ffffdff)                                                                 = 832
8663 [0x7fdfb053b604] SYS_fstat(3, 0x7fff7bae2ba0, 0x7fff7bae2ba0, 16)                                                             = 0
8663 [0x7fdfb053b80a] SYS_mmap(0, 4096, 3, 34)                                                                                     = 0x7fdfb0734000
8663 [0x7fdfb053b80a] SYS_mmap(0, 0x201f30, 5, 2050)                                                                               = 0x7fdfadbd1000
8663 [0x7fdfb053b857] SYS_mprotect(0x7fdfadbd3000, 0x1ff000, 0, 2050)                                                              = 0
8663 [0x7fdfb053b80a] SYS_mmap(0x7fdfaddd2000, 4096, 3, 2066)                                                                      = 0x7fdfaddd2000
8663 [0x7fdfb053b787] SYS_close(3, 16, 0x7fdfaddd2e18, 0x6ffffdff)                                                                 = 0
8663 [0x7fdfb053b677] SYS_open(0x7fdfb07344c0, 0x80000, 0, 0x6ffffdff)                                                             = 3
8663 [0x7fdfb053b697] SYS_read(3, 0x7fff7bae2c98, 832, 0x6ffffdff)                                                                 = 832
8663 [0x7fdfb053b604] SYS_fstat(3, 0x7fff7bae2b70, 0x7fff7bae2b70, 16)                                                             = 0
8663 [0x7fdfb053b80a] SYS_mmap(0, 0x2038b8, 5, 2050)                                                                               = 0x7fdfad9cd000
8663 [0x7fdfb053b857] SYS_mprotect(0x7fdfad9d1000, 0x1ff000, 0, 2050)                                                              = 0
8663 [0x7fdfb053b80a] SYS_mmap(0x7fdfadbd0000, 4096, 3, 2066)                                                                      = 0x7fdfadbd0000
8663 [0x7fdfb053b787] SYS_close(3, 16, 0x7fdfadbd0748, 0x6ffffdff)                                                                 = 0
8663 [0x7fdfb053b677] SYS_open(0x7fdfb0734a60, 0x80000, 0, 0x7fdfb0737000)                                                         = 3
8663 [0x7fdfb053b697] SYS_read(3, 0x7fff7bae2c38, 832, 0x7fdfb0737000)                                                             = 832
8663 [0x7fdfb053b604] SYS_fstat(3, 0x7fff7bae2b10, 0x7fff7bae2b10, 16)                                                             = 0
8663 [0x7fdfb053b80a] SYS_mmap(0, 0x210848, 5, 2050)                                                                               = 0x7fdfad7bc000
8663 [0x7fdfb053b857] SYS_mprotect(0x7fdfad7cc000, 0x1ff000, 0, 2050)                                                              = 0
8663 [0x7fdfb053b80a] SYS_mmap(0x7fdfad9cb000, 8192, 3, 2066)                                                                      = 0x7fdfad9cb000
8663 [0x7fdfb053b787] SYS_close(3, 16, 0x7fdfad9cbd90, 0x6ffffdff)                                                                 = 0
8663 [0x7fdfb053b677] SYS_open(0x7fdfb0734f48, 0x80000, 0, 0x6ffffdff)                                                             = 3
8663 [0x7fdfb053b697] SYS_read(3, 0x7fff7bae2c08, 832, 0x6ffffdff)                                                                 = 832
8663 [0x7fdfb053b604] SYS_fstat(3, 0x7fff7bae2ae0, 0x7fff7bae2ae0, 16)                                                             = 0
8663 [0x7fdfb053b80a] SYS_mmap(0, 4096, 3, 34)                                                                                     = 0x7fdfb0733000
8663 [0x7fdfb053b80a] SYS_mmap(0, 0x20acf0, 5, 2050)                                                                               = 0x7fdfad5b1000
8663 [0x7fdfb053b857] SYS_mprotect(0x7fdfad5bc000, 0x1ff000, 0, 2050)                                                              = 0
8663 [0x7fdfb053b80a] SYS_mmap(0x7fdfad7bb000, 4096, 3, 2066)                                                                      = 0x7fdfad7bb000
8663 [0x7fdfb053b787] SYS_close(3, 16, 0x7fdfad7bb750, 0x6ffffdff)                                                                 = 0
8663 [0x7fdfb053b677] SYS_open(0x7fdfb0733560, 0x80000, 0, 0x7fdfb0737000)                                                         = 3
8663 [0x7fdfb053b697] SYS_read(3, 0x7fff7bae2bd8, 832, 0x7fdfb0737000)                                                             = 832
8663 [0x7fdfb053b604] SYS_fstat(3, 0x7fff7bae2ab0, 0x7fff7bae2ab0, 32)                                                             = 0
8663 [0x7fdfb053b80a] SYS_mmap(0, 0x2361e0, 5, 2050)                                                                               = 0x7fdfad37a000
8663 [0x7fdfb053b857] SYS_mprotect(0x7fdfad382000, 0x1ff000, 0, 2050)                                                              = 0
8663 [0x7fdfb053b80a] SYS_mmap(0x7fdfad581000, 8192, 3, 2066)                                                                      = 0x7fdfad581000
8663 [0x7fdfb053b80a] SYS_mmap(0x7fdfad583000, 0x2d1e0, 3, 50)                                                                     = 0x7fdfad583000
8663 [0x7fdfb053b787] SYS_close(3, 16, 0, 0x6ffffdff)                                                                              = 0
8663 [0x7fdfb053b677] SYS_open(0x7fdfb0733a30, 0x80000, 0, 0x6ffffdff)                                                             = 3
8663 [0x7fdfb053b697] SYS_read(3, 0x7fff7bae2ba8, 832, 0x6ffffdff)                                                                 = 832
8663 [0x7fdfb053b604] SYS_fstat(3, 0x7fff7bae2a80, 0x7fff7bae2a80, 16)                                                             = 0
8663 [0x7fdfb053b80a] SYS_mmap(0, 0x43fe88, 5, 2050)                                                                               = 0x7fdfacf3a000
8663 [0x7fdfb053b857] SYS_mprotect(0x7fdfad14f000, 0x200000, 0, 2050)                                                              = 0
8663 [0x7fdfb053b80a] SYS_mmap(0x7fdfad34f000, 0x27000, 3, 2066)                                                                   = 0x7fdfad34f000
8663 [0x7fdfb053b80a] SYS_mmap(0x7fdfad376000, 0x3e88, 3, 50)                                                                      = 0x7fdfad376000
8663 [0x7fdfb053b857] SYS_mprotect(0x7fff7bae4000, 4096, 0x1000007, 4)                                                             = 0
8663 [0x7fdfb053b787] SYS_close(3, 4096, 0x1000007, 4)                                                                             = 0
8663 [0x7fdfb053b677] SYS_open(0x7fdfb0733fb0, 0x80000, 0, 0x7fdfb07364d0)                                                         = 3
8663 [0x7fdfb053b697] SYS_read(3, 0x7fff7bae2b78, 832, 0x7fdfb07364d0)                                                             = 832
8663 [0x7fdfb053b604] SYS_fstat(3, 0x7fff7bae2a50, 0x7fff7bae2a50, 16)                                                             = 0
8663 [0x7fdfb053b80a] SYS_mmap(0, 4096, 3, 34)                                                                                     = 0x7fdfb0732000
8663 [0x7fdfb053b80a] SYS_mmap(0, 0x215730, 5, 2050)                                                                               = 0x7fdfacd24000
8663 [0x7fdfb053b857] SYS_mprotect(0x7fdfacd3a000, 0x1ff000, 0, 2050)                                                              = 0
8663 [0x7fdfb053b80a] SYS_mmap(0x7fdfacf39000, 4096, 3, 2066)                                                                      = 0x7fdfacf39000
8663 [0x7fdfb053b787] SYS_close(3, 16, 0x7fdfacf39490, 0x6ffffdff)                                                                 = 0
8663 [0x7fdfb053b677] SYS_open(0x7fdfb07324f0, 0x80000, 0, 0x6ffffdff)                                                             = 3
8663 [0x7fdfb053b697] SYS_read(3, 0x7fff7bae2b48, 832, 0x6ffffdff)                                                                 = 832
8663 [0x7fdfb053b604] SYS_fstat(3, 0x7fff7bae2a20, 0x7fff7bae2a20, 32)                                                             = 0
8663 [0x7fdfb053b80a] SYS_mmap(0, 0x2fd148, 5, 2050)                                                                               = 0x7fdfaca26000
8663 [0x7fdfb053b857] SYS_mprotect(0x7fdfacb23000, 0x1ff000, 0, 2050)                                                              = 0
8663 [0x7fdfb053b80a] SYS_mmap(0x7fdfacd22000, 8192, 3, 2066)                                                                      = 0x7fdfacd22000
8663 [0x7fdfb053b787] SYS_close(3, 16, 0, 0x6ffffdff)                                                                              = 0
8663 [0x7fdfb053b677] SYS_open(0x7fff7bae2910, 0x80000, 0, 0x36782f39325f3130)                                                     = -2
8663 [0x7fdfb053b5c5] SYS_stat(0x7fff7bae2910, 0x7fff7bae29f0, 0x7fff7bae29f0, 0x36782f39325f3130)                                 = -2
8663 [0x7fdfb053b677] SYS_open(0x7fff7bae2910, 0x80000, 0, 0x36782f39325f3130)                                                     = -2
8663 [0x7fdfb053b5c5] SYS_stat(0x7fff7bae2910, 0x7fff7bae29f0, 0x7fff7bae29f0, 0x36782f39325f3130)                                 = -2
8663 [0x7fdfb053b677] SYS_open(0x7fff7bae2910, 0x80000, 0, 0x36782f39325f3130)                                                     = -2
8663 [0x7fdfb053b5c5] SYS_stat(0x7fff7bae2910, 0x7fff7bae29f0, 0x7fff7bae29f0, 0x36782f39325f3130)                                 = -2
8663 [0x7fdfb053b677] SYS_open(0x7fff7bae2910, 0x80000, 0, 0x36782f39325f3130)                                                     = -2
8663 [0x7fdfb053b5c5] SYS_stat(0x7fff7bae2910, 0x7fff7bae29f0, 0x7fff7bae29f0, 0x36782f39325f3130)                                 = -2
8663 [0x7fdfb053b677] SYS_open(0x7fdfb0732dd0, 0x80000, 0, 0x36782f39325f3130)                                                     = 3
8663 [0x7fdfb053b697] SYS_read(3, 0x7fff7bae2b18, 832, 0x36782f39325f3130)                                                         = 832
8663 [0x7fdfb053b604] SYS_fstat(3, 0x7fff7bae29f0, 0x7fff7bae29f0, 16)                                                             = 0
8663 [0x7fdfb053b80a] SYS_mmap(0, 4096, 3, 34)                                                                                     = 0x7fdfb0731000
8663 [0x7fdfb053b80a] SYS_mmap(0, 0x2f8980, 5, 2050)                                                                               = 0x7fdfac72d000
8663 [0x7fdfb053b857] SYS_mprotect(0x7fdfac824000, 0x200000, 0, 2050)                                                              = 0
8663 [0x7fdfb053b80a] SYS_mmap(0x7fdfaca24000, 8192, 3, 2066)                                                                      = 0x7fdfaca24000
8663 [0x7fdfb053b787] SYS_close(3, 16, 0x7fdfaca243a0, 0x6ffffdff)                                                                 = 0
8663 [0x7fdfb053b677] SYS_open(0x7fdfb07314c8, 0x80000, 0, 0x6ffffdff)                                                             = 3
8663 [0x7fdfb053b697] SYS_read(3, 0x7fff7bae2ae8, 832, 0x6ffffdff)                                                                 = 832
8663 [0x7fdfb053b604] SYS_fstat(3, 0x7fff7bae29c0, 0x7fff7bae29c0, 16)                                                             = 0
8663 [0x7fdfb053b80a] SYS_mmap(0, 0x2fc9d8, 5, 2050)                                                                               = 0x7fdfac430000
8663 [0x7fdfb053b857] SYS_mprotect(0x7fdfac52b000, 0x200000, 0, 2050)                                                              = 0
8663 [0x7fdfb053b80a] SYS_mmap(0x7fdfac72b000, 8192, 3, 2066)                                                                      = 0x7fdfac72b000
8663 [0x7fdfb053b787] SYS_close(3, 16, 0x7fdfac72c828, 0x6ffffdff)                                                                 = 0
8663 [0x7fdfb053b677] SYS_open(0x7fdfb0731998, 0x80000, 0, 0x6ffffdff)                                                             = 3
8663 [0x7fdfb053b697] SYS_read(3, 0x7fff7bae2ab8, 832, 0x6ffffdff)                                                                 = 832
8663 [0x7fdfb053b604] SYS_fstat(3, 0x7fff7bae2990, 0x7fff7bae2990, 16)                                                             = 0
8663 [0x7fdfb053b80a] SYS_mmap(0, 0x242830, 5, 2050)                                                                               = 0x7fdfac1ed000
8663 [0x7fdfb053b857] SYS_mprotect(0x7fdfac230000, 0x1ff000, 0, 2050)                                                              = 0
8663 [0x7fdfb053b80a] SYS_mmap(0x7fdfac42f000, 4096, 3, 2066)                                                                      = 0x7fdfac42f000
8663 [0x7fdfb053b787] SYS_close(3, 16, 0x7fdfac42f630, 0x6ffffdff)                                                                 = 0
8663 [0x7fdfb053b677] SYS_open(0x7fdfb0731f70, 0x80000, 0, 0x7fdfb07389b8)                                                         = 3
8663 [0x7fdfb053b697] SYS_read(3, 0x7fff7bae2a88, 832, 0x7fdfb07389b8)                                                             = 832
8663 [0x7fdfb053b604] SYS_fstat(3, 0x7fff7bae2960, 0x7fff7bae2960, 32)                                                             = 0
8663 [0x7fdfb053b80a] SYS_mmap(0, 4096, 3, 34)                                                                                     = 0x7fdfb0730000
8663 [0x7fdfb053b80a] SYS_mmap(0, 0x203118, 5, 2050)                                                                               = 0x7fdfabfe9000
8663 [0x7fdfb053b857] SYS_mprotect(0x7fdfabfeb000, 0x200000, 0, 2050)                                                              = 0
8663 [0x7fdfb053b80a] SYS_mmap(0x7fdfac1eb000, 8192, 3, 2066)                                                                      = 0x7fdfac1eb000
8663 [0x7fdfb053b787] SYS_close(3, 16, 0x7fdfac1ebf40, 0x6ffffdff)                                                                 = 0
8663 [0x7fdfb053b80a] SYS_mmap(0, 4096, 3, 34)                                                                                     = 0x7fdfb072f000
8663 [0x7fdfb053b80a] SYS_mmap(0, 4096, 3, 34)                                                                                     = 0x7fdfb072e000
8663 [0x7fdfb053b80a] SYS_mmap(0, 8192, 3, 34)                                                                                     = 0x7fdfb072c000
8663 [0x7fdfb0525044] SYS_arch_prctl(4098, 0x7fdfb072c780, 0x7fdfb072d080, 34)                                                     = 0
8663 [0x7fdfb053b857] SYS_mprotect(0x7fdfafe7b000, 0x4000, 1, 1)                                                                   = 0
8663 [0x7fdfb053b857] SYS_mprotect(0x7fdfac1eb000, 4096, 1, 0x7fdfabfe9c68)                                                        = 0
8663 [0x7fdfb053b857] SYS_mprotect(0x7fdfaf021000, 4096, 1, 0x7fdfaee0f500)                                                        = 0
8663 [0x7fdfb053b857] SYS_mprotect(0x7fdfacd22000, 4096, 1, 1)                                                                     = 0
8663 [0x7fdfb053b857] SYS_mprotect(0x7fdfad581000, 4096, 1, 0x7fdfad37aa00)                                                        = 0
8663 [0x7fdfb053b857] SYS_mprotect(0x7fdfaf2e5000, 0x7000, 1, 0x7fdfaf07f810)                                                      = 0
8663 [0x7fdfb053b857] SYS_mprotect(0x7fdfaee08000, 4096, 1, 0x7fdfaec03d58)                                                        = 0
8663 [0x7fdfb053b857] SYS_mprotect(0x7fdfb0744000, 4096, 1, 0)                                                                     = 0
8663 [0x7fdfb053b837] SYS_munmap(0x7fdfb073a000, 0x83b3, 0x74b00, 0)                                                               = 0
8663 [0x7fdfaee10e92] SYS_set_tid_address(0x7fdfb072ca50, 0x7fff7bae4a78, 0x7fdfb072c780, 0)                                       = 8663
8663 [0x7fdfaee10efa] SYS_set_robust_list(0x7fdfb072ca60, 24, 0x7fdfb072c780, 0)                                                   = 0
8663 [0x7fdfaee1acf5] SYS_rt_sigaction(32, 0x7fff7bae47c8, 0, 8)                                                                   = 0
8663 [0x7fdfaee1acf5] SYS_rt_sigaction(33, 0x7fff7bae47c8, 0, 8)                                                                   = 0
8663 [0x7fdfaee10fd6] SYS_rt_sigprocmask(1, 0x7fff7bae4918, 0, 8)                                                                  = 0
8663 [0x7fdfafbc7b17] SYS_getrlimit(3, 0x7fff7bae49b0, 63, 1)                                                                      = 0
8663 [0x7fdfaee10b95] SYS_futex(0x7fdfaf2ef7e0, 129, 0x7fffffff, 0)                                                                = 0
8663 [0x4009e1] ledctrl->Hal_Led_Set_Mode(6, 2, 0x7fdfafc35c60, 0 <unfinished ...>
8663 [0x7fdfafe8b575]   libnhal.so->Hal_Lookup_Hardware_Info(0x7fff7bae47a0, 2, 0x7fdfafc35c60, 0 <unfinished ...>
8663 [0x7fdfafbc2557]     SYS_statfs(0x7fdfaee1d1e8, 0x7fff7bae4590, 0x7fdfaf026310, 1)                                            = 0
8663 [0x7fdfaee10b95]     SYS_futex(0x7fdfaf026310, 129, 0x7fffffff, 0)                                                            = 0
8663 [0x7fdfafbc27e0]     SYS_open(0x7fff7bae46a0, 0xa0002, 484, 1)                                                                = 3
8663 [0x7fdfafbcb72a]     SYS_mmap(0, 220, 3, 1)                                                                                   = 0x7fdfb0742000
8663 [0x7fdfafbc3070]     SYS_close(3, 220, 3, 1)                                                                                  = 0
8663 [0x7fdfafe8a7f0]     libnhal.so->Hw_Semaphore_Init(0x7fff7bae4750, 0x7fdfafe8d287, 1, -1 <unfinished ...>
8663 [0x7fdfafbc2405]       SYS_lstat(0x7fff7bae4600, 0x7fff7bae4510, 0x7fff7bae4510, 0)                                           = -2
8663 [0x7fdfaee1a510]       SYS_open(0x7fff7bae4600, 194, 600, 0)                                                                  = 3
8663 [0x7fdfaee19da0]       SYS_write(3, 0x7fff7bae4680, 32, 0)                                                                    = 32
8663 [0x7fdfafbcb72a]       SYS_mmap(0, 32, 3, 1)                                                                                  = 0x7fdfb0741000
8663 [0x7fdfafbc41a7]       SYS_link(0x7fff7bae4600, 0x7fff7bae4630, 3, 1)                                                         = -17
8663 [0x7fdfafbcb757]       SYS_munmap(0x7fdfb0741000, 32, 3, 1)                                                                   = 0
8663 [0x7fdfafbc42c7]       SYS_unlink(0x7fff7bae4600, 32, 3, 1)                                                                   = 0
8663 [0x7fdfaee19e60]       SYS_close(3, 32, 3, 1)                                                                                 = 0
8663 [0x7fdfaee1a510]       SYS_open(0x7fff7bae4630, 0x20002, 18, 1)                                                               = 3
8663 [0x7fdfafbc23b4]       SYS_fstat(3, 0x7fff7bae4560, 0x7fff7bae4560, 1)                                                        = 0
8663 [0x7fdfafbc7f5a]       SYS_brk(0, 0x7fdfafe7f640, 0, -4096)                                                                   = 0x1f94000
8663 [0x7fdfafbc7f5a]       SYS_brk(0x1fb5000, 0x1f94000, 0x1fb5000, -4096)                                                        = 0x1fb5000
8663 [0x7fdfafbcb72a]       SYS_mmap(0, 32, 3, 1)                                                                                  = 0x7fdfb0741000
8663 [0x7fdfaee19e60]       SYS_close(3, 32, 0, 3)                                                                                 = 0
8663 [0x7fdfafe8a7f0]     <... Hw_Semaphore_Init resumed> )                                                                        = 17
8663 [0x7fdfafe8a800]     libnhal.so->Hw_Semaphore_Lock(0x7fff7bae4750, 32, 0x7fdfb0741000, -1)                                    = 0
8663 [0x7fdfafe8a918]     libnhal.so->Hw_Semaphore_Unlock(0x7fff7bae4750, 2, 0x7fdfb0742000, 0)                                    = 0
8663 [0x7fdfafe8a924]     libnhal.so->Hw_Semaphore_Release(0x7fff7bae4750, 128, 0, 0 <unfinished ...>
8663 [0x7fdfafbcb757]       SYS_munmap(0x7fdfb0741000, 32, 0, 1)                                                                   = 0
8663 [0x7fdfafe8a924]     <... Hw_Semaphore_Release resumed> )                                                                     = 0
8663 [0x7fdfafe8b575]   <... Hal_Lookup_Hardware_Info resumed> )                                                                   = 0
8663 [0x4009e1] <... Hal_Led_Set_Mode resumed> )                                                                                   = 0xffffffea
8663 [0x7fdfafb1c932] libgeneral.so->Trace_Mem_Destroy()(0x7fdfaf834d40, 0, 0x874fea1cf26fa0e, 16)                                 = 0
8663 [0x7fdfafb9f468] SYS_exit_group(-22, 60, -22, 0x7fdfafe82a48 <unfinished ...>
8663 [0xffffffffffffffff] +++ exited (status 234) +++
