8720 [0x7f2f1fcef8aa] SYS_brk(0, 0x7f2f1fcf2fa0, 0, 895)                                                                           = 0xc9a000
8720 [0x7f2f1fcf07e7] SYS_readlink(0x7fff8b337b81, 0x7fff8b3348e0, 4096, 0x756e694c00000000)                                       = -2
8720 [0x7f2f1fcf0677] SYS_open(0x7f2f1fcf41f3, 0, 0, 0x756e694c00000000)                                                           = 3
8720 [0x7f2f1fcf07a7] SYS_chdir(0x7f2f1fefbba8, 0, 0, 0x756e694c00000000)                                                          = -2
8720 [0x7f2f1fcef9d2] SYS_getcwd(0x7fff8b3348e0, 4096, 0, 0x756e694c00000000)                                                      = 23
8720 [0x7f2f1fcf07c7] SYS_fchdir(3, 4096, 0, 0x756e694c00000000)                                                                   = 0
8720 [0x7f2f1fcf0787] SYS_close(3, 4096, 0, 0x756e694c00000000)                                                                    = 0
8720 [0x7f2f1fcf080a] SYS_mmap(0, 4096, 3, 34)                                                                                     = 0x7f2f1fef8000
8720 [0x7f2f1fcf06d7] SYS_access(0x7f2f1fcf6700, 4, 0x7f2f1fefb718, 0)                                                             = -2
8720 [0x7f2f1fcf0677] SYS_open(0x7f2f1fcf4072, 0x80000, 1, 0)                                                                      = 3
8720 [0x7f2f1fcf0604] SYS_fstat(3, 0x7fff8b3340c0, 0x7fff8b3340c0, 0)                                                              = 0
8720 [0x7f2f1fcf080a] SYS_mmap(0, 0x83b3, 1, 2)                                                                                    = 0x7f2f1feef000
8720 [0x7f2f1fcf0787] SYS_close(3, 0x83b3, 1, 2)                                                                                   = 0
8720 [0x7f2f1fcf0677] SYS_open(0x7f2f1fef8640, 0x80000, 0, 56)                                                                     = 3
8720 [0x7f2f1fcf0697] SYS_read(3, 0x7fff8b334248, 832, 56)                                                                         = 832
8720 [0x7f2f1fcf0604] SYS_fstat(3, 0x7fff8b334120, 0x7fff8b334120, 16)                                                             = 0
8720 [0x7f2f1fcf080a] SYS_mmap(0, 0x278960, 5, 2050)                                                                               = 0x7f2f1fa60000
8720 [0x7f2f1fcf0857] SYS_mprotect(0x7f2f1fad6000, 0x200000, 0, 2050)                                                              = 0
8720 [0x7f2f1fcf080a] SYS_mmap(0x7f2f1fcd6000, 0x3000, 3, 2066)                                                                    = 0x7f2f1fcd6000
8720 [0x7f2f1fcf0787] SYS_close(3, 16, 0x7f2f1fcd63e0, 0x6ffffdff)                                                                 = 0
8720 [0x7f2f1fcf0677] SYS_open(0x7f2f1fef8b10, 0x80000, 0, 0x6ffffdff)                                                             = 3
8720 [0x7f2f1fcf0697] SYS_read(3, 0x7fff8b334218, 832, 0x6ffffdff)                                                                 = 832
8720 [0x7f2f1fcf0604] SYS_fstat(3, 0x7fff8b3340f0, 0x7fff8b3340f0, 16)                                                             = 0
8720 [0x7f2f1fcf080a] SYS_mmap(0, 0x21bee0, 5, 2050)                                                                               = 0x7f2f1f844000
8720 [0x7f2f1fcf0857] SYS_mprotect(0x7f2f1f85f000, 0x200000, 0, 2050)                                                              = 0
8720 [0x7f2f1fcf080a] SYS_mmap(0x7f2f1fa5f000, 4096, 3, 2066)                                                                      = 0x7f2f1fa5f000
8720 [0x7f2f1fcf0787] SYS_close(3, 16, 0x7f2f1fa5f208, 0x6ffffdff)                                                                 = 0
8720 [0x7f2f1fcf0677] SYS_open(0x7f2f1fef8fe0, 0x80000, 0, 0x6ffffdff)                                                             = 3
8720 [0x7f2f1fcf0697] SYS_read(3, 0x7fff8b3341e8, 832, 0x6ffffdff)                                                                 = 832
8720 [0x7f2f1fcf0604] SYS_fstat(3, 0x7fff8b3340c0, 0x7fff8b3340c0, 16)                                                             = 0
8720 [0x7f2f1fcf080a] SYS_mmap(0, 4096, 3, 34)                                                                                     = 0x7f2f1feee000
8720 [0x7f2f1fcf080a] SYS_mmap(0, 0x209ad0, 5, 2050)                                                                               = 0x7f2f1f63a000
8720 [0x7f2f1fcf0857] SYS_mprotect(0x7f2f1f644000, 0x1ff000, 0, 2050)                                                              = 0
8720 [0x7f2f1fcf080a] SYS_mmap(0x7f2f1f843000, 4096, 3, 2066)                                                                      = 0x7f2f1f843000
8720 [0x7f2f1fcf0787] SYS_close(3, 16, 0x7f2f1f843690, 0x6ffffdff)                                                                 = 0
8720 [0x7f2f1fcf0677] SYS_open(0x7f2f1feee4b8, 0x80000, 0, 0x6ffffdff)                                                             = 3
8720 [0x7f2f1fcf0697] SYS_read(3, 0x7fff8b3341b8, 832, 0x6ffffdff)                                                                 = 832
8720 [0x7f2f1fcf0604] SYS_fstat(3, 0x7fff8b334090, 0x7fff8b334090, 32)                                                             = 0
8720 [0x7f2f1fcf080a] SYS_mmap(0, 0x39dc40, 5, 2050)                                                                               = 0x7f2f1f29c000
8720 [0x7f2f1fcf0857] SYS_mprotect(0x7f2f1f430000, 0x200000, 0, 2050)                                                              = 0
8720 [0x7f2f1fcf080a] SYS_mmap(0x7f2f1f630000, 0x6000, 3, 2066)                                                                    = 0x7f2f1f630000
8720 [0x7f2f1fcf080a] SYS_mmap(0x7f2f1f636000, 0x3c40, 3, 50)                                                                      = 0x7f2f1f636000
8720 [0x7f2f1fcf0787] SYS_close(3, 16, 0, 0x6ffffdff)                                                                              = 0
8720 [0x7f2f1fcf0677] SYS_open(0x7f2f1feee988, 0x80000, 0, 0x6ffffdff)                                                             = 3
8720 [0x7f2f1fcf0697] SYS_read(3, 0x7fff8b334068, 832, 0x6ffffdff)                                                                 = 832
8720 [0x7f2f1fcf0604] SYS_fstat(3, 0x7fff8b333f40, 0x7fff8b333f40, 16)                                                             = 0
8720 [0x7f2f1fcf080a] SYS_mmap(0, 0x2b09d0, 5, 2050)                                                                               = 0x7f2f1efeb000
8720 [0x7f2f1fcf0857] SYS_mprotect(0x7f2f1f09a000, 0x1ff000, 0, 2050)                                                              = 0
8720 [0x7f2f1fcf080a] SYS_mmap(0x7f2f1f299000, 0x3000, 3, 2066)                                                                    = 0x7f2f1f299000
8720 [0x7f2f1fcf0787] SYS_close(3, 16, 0x7f2f1f2999a8, 0x6ffffdff)                                                                 = 0
8720 [0x7f2f1fcf0677] SYS_open(0x7f2f1feeee58, 0x80000, 0, 0x6ffffdff)                                                             = 3
8720 [0x7f2f1fcf0697] SYS_read(3, 0x7fff8b334038, 832, 0x6ffffdff)                                                                 = 832
8720 [0x7f2f1fcf0604] SYS_fstat(3, 0x7fff8b333f10, 0x7fff8b333f10, 16)                                                             = 0
8720 [0x7f2f1fcf080a] SYS_mmap(0, 4096, 3, 34)                                                                                     = 0x7f2f1feed000
8720 [0x7f2f1fcf080a] SYS_mmap(0, 0x294ee0, 5, 2050)                                                                               = 0x7f2f1ed56000
8720 [0x7f2f1fcf0857] SYS_mprotect(0x7f2f1ede8000, 0x1ff000, 0, 2050)                                                              = 0
8720 [0x7f2f1fcf080a] SYS_mmap(0x7f2f1efe7000, 0x3000, 3, 2066)                                                                    = 0x7f2f1efe7000
8720 [0x7f2f1fcf080a] SYS_mmap(0x7f2f1efea000, 3808, 3, 50)                                                                        = 0x7f2f1efea000
8720 [0x7f2f1fcf0787] SYS_close(3, 16, 0x7f2f1efe7e30, 0x6ffffdff)                                                                 = 0
8720 [0x7f2f1fcf0677] SYS_open(0x7f2f1feed4b8, 0x80000, 0, 0x6ffffdff)                                                             = 3
8720 [0x7f2f1fcf0697] SYS_read(3, 0x7fff8b334008, 832, 0x6ffffdff)                                                                 = 832
8720 [0x7f2f1fcf0604] SYS_fstat(3, 0x7fff8b333ee0, 0x7fff8b333ee0, 16)                                                             = 0
8720 [0x7f2f1fcf080a] SYS_mmap(0, 0x29d850, 5, 2050)                                                                               = 0x7f2f1eab8000
8720 [0x7f2f1fcf0857] SYS_mprotect(0x7f2f1eb51000, 0x200000, 0, 2050)                                                              = 0
8720 [0x7f2f1fcf080a] SYS_mmap(0x7f2f1ed51000, 0x3000, 3, 2066)                                                                    = 0x7f2f1ed51000
8720 [0x7f2f1fcf080a] SYS_mmap(0x7f2f1ed54000, 6224, 3, 50)                                                                        = 0x7f2f1ed54000
8720 [0x7f2f1fcf0787] SYS_close(3, 16, 0x7f2f1ed52cc8, 0x6ffffdff)                                                                 = 0
8720 [0x7f2f1fcf0677] SYS_open(0x7f2f1feed9a0, 0x80000, 0, 0x6ffffdff)                                                             = 3
8720 [0x7f2f1fcf0697] SYS_read(3, 0x7fff8b333fd8, 832, 0x6ffffdff)                                                                 = 832
8720 [0x7f2f1fcf0604] SYS_fstat(3, 0x7fff8b333eb0, 0x7fff8b333eb0, 16)                                                             = 0
8720 [0x7f2f1fcf080a] SYS_mmap(0, 0x2dbbb0, 5, 2050)                                                                               = 0x7f2f1e7dc000
8720 [0x7f2f1fcf0857] SYS_mprotect(0x7f2f1e89a000, 0x200000, 0, 2050)                                                              = 0
8720 [0x7f2f1fcf080a] SYS_mmap(0x7f2f1ea9a000, 0xa000, 3, 2066)                                                                    = 0x7f2f1ea9a000
8720 [0x7f2f1fcf080a] SYS_mmap(0x7f2f1eaa4000, 0x13bb0, 3, 50)                                                                     = 0x7f2f1eaa4000
8720 [0x7f2f1fcf0787] SYS_close(3, 16, 0x7f2f1eaa04d8, 0x6ffffdff)                                                                 = 0
8720 [0x7f2f1fcf0677] SYS_open(0x7f2f1feede70, 0x80000, 0, 0x6ffffdff)                                                             = 3
8720 [0x7f2f1fcf0697] SYS_read(3, 0x7fff8b333fa8, 832, 0x6ffffdff)                                                                 = 832
8720 [0x7f2f1fcf0604] SYS_fstat(3, 0x7fff8b333e80, 0x7fff8b333e80, 32)                                                             = 0
8720 [0x7f2f1fcf080a] SYS_mmap(0, 4096, 3, 34)                                                                                     = 0x7f2f1feec000
8720 [0x7f2f1fcf080a] SYS_mmap(0, 0x21c490, 5, 2050)                                                                               = 0x7f2f1e5bf000
8720 [0x7f2f1fcf0857] SYS_mprotect(0x7f2f1e5d7000, 0x1ff000, 0, 2050)                                                              = 0
8720 [0x7f2f1fcf080a] SYS_mmap(0x7f2f1e7d6000, 8192, 3, 2066)                                                                      = 0x7f2f1e7d6000
8720 [0x7f2f1fcf080a] SYS_mmap(0x7f2f1e7d8000, 0x3490, 3, 50)                                                                      = 0x7f2f1e7d8000
8720 [0x7f2f1fcf0787] SYS_close(3, 16, 0, 0x6ffffdff)                                                                              = 0
8720 [0x7f2f1fcf0677] SYS_open(0x7f2f1feec4b8, 0x80000, 0, 0x6ffffdff)                                                             = 3
8720 [0x7f2f1fcf0697] SYS_read(3, 0x7fff8b333f78, 832, 0x6ffffdff)                                                                 = 832
8720 [0x7f2f1fcf0604] SYS_fstat(3, 0x7fff8b333e50, 0x7fff8b333e50, 32)                                                             = 0
8720 [0x7f2f1fcf080a] SYS_mmap(0, 0x207bc0, 5, 2050)                                                                               = 0x7f2f1e3b7000
8720 [0x7f2f1fcf0857] SYS_mprotect(0x7f2f1e3be000, 0x1ff000, 0, 2050)                                                              = 0
8720 [0x7f2f1fcf080a] SYS_mmap(0x7f2f1e5bd000, 8192, 3, 2066)                                                                      = 0x7f2f1e5bd000
8720 [0x7f2f1fcf0787] SYS_close(3, 16, 0, 0x6ffffdff)                                                                              = 0
8720 [0x7f2f1fcf0677] SYS_open(0x7f2f1feec988, 0x80000, 0, 0x6ffffdff)                                                             = 3
8720 [0x7f2f1fcf0697] SYS_read(3, 0x7fff8b333f48, 832, 0x6ffffdff)                                                                 = 832
8720 [0x7f2f1fcf0604] SYS_fstat(3, 0x7fff8b333e20, 0x7fff8b333e20, 16)                                                             = 0
8720 [0x7f2f1fcf080a] SYS_mmap(0, 0x202e20, 5, 2050)                                                                               = 0x7f2f1e1b4000
8720 [0x7f2f1fcf0857] SYS_mprotect(0x7f2f1e1b7000, 0x1ff000, 0, 2050)                                                              = 0
8720 [0x7f2f1fcf080a] SYS_mmap(0x7f2f1e3b6000, 4096, 3, 2066)                                                                      = 0x7f2f1e3b6000
8720 [0x7f2f1fcf0787] SYS_close(3, 16, 0x7f2f1e3b6c28, 0x6ffffdff)                                                                 = 0
8720 [0x7f2f1fcf0677] SYS_open(0x7f2f1feece58, 0x80000, 0, 0x6ffffdff)                                                             = 3
8720 [0x7f2f1fcf0697] SYS_read(3, 0x7fff8b333f18, 832, 0x6ffffdff)                                                                 = 832
8720 [0x7f2f1fcf0604] SYS_fstat(3, 0x7fff8b333df0, 0x7fff8b333df0, 16)                                                             = 0
8720 [0x7f2f1fcf080a] SYS_mmap(0, 4096, 3, 34)                                                                                     = 0x7f2f1feeb000
8720 [0x7f2f1fcf080a] SYS_mmap(0, 0x209850, 5, 2050)                                                                               = 0x7f2f1dfaa000
8720 [0x7f2f1fcf0857] SYS_mprotect(0x7f2f1dfb4000, 0x1ff000, 0, 2050)                                                              = 0
8720 [0x7f2f1fcf080a] SYS_mmap(0x7f2f1e1b3000, 4096, 3, 2066)                                                                      = 0x7f2f1e1b3000
8720 [0x7f2f1fcf0787] SYS_close(3, 16, 0x7f2f1e1b3618, 0x6ffffdff)                                                                 = 0
8720 [0x7f2f1fcf0677] SYS_open(0x7f2f1feeb4b8, 0x80000, 0, 0x6ffffdff)                                                             = 3
8720 [0x7f2f1fcf0697] SYS_read(3, 0x7fff8b333ee8, 832, 0x6ffffdff)                                                                 = 832
8720 [0x7f2f1fcf0604] SYS_fstat(3, 0x7fff8b333dc0, 0x7fff8b333dc0, 16)                                                             = 0
8720 [0x7f2f1fcf080a] SYS_mmap(0, 0x210868, 5, 2050)                                                                               = 0x7f2f1dd99000
8720 [0x7f2f1fcf0857] SYS_mprotect(0x7f2f1ddaa000, 0x1ff000, 0, 2050)                                                              = 0
8720 [0x7f2f1fcf080a] SYS_mmap(0x7f2f1dfa9000, 4096, 3, 2066)                                                                      = 0x7f2f1dfa9000
8720 [0x7f2f1fcf0787] SYS_close(3, 16, 0x7f2f1dfa9408, 0x6ffffdff)                                                                 = 0
8720 [0x7f2f1fcf0677] SYS_open(0x7f2f1feeba40, 0x80000, 0, 0x7f2f1feec9a0)                                                         = 3
8720 [0x7f2f1fcf0697] SYS_read(3, 0x7fff8b333d88, 832, 0x7f2f1feec9a0)                                                             = 832
8720 [0x7f2f1fcf0604] SYS_fstat(3, 0x7fff8b333c60, 0x7fff8b333c60, 16)                                                             = 0
8720 [0x7f2f1fcf080a] SYS_mmap(0, 0x2032c8, 5, 2050)                                                                               = 0x7f2f1db95000
8720 [0x7f2f1fcf0857] SYS_mprotect(0x7f2f1db98000, 0x200000, 0, 2050)                                                              = 0
8720 [0x7f2f1fcf080a] SYS_mmap(0x7f2f1dd98000, 4096, 3, 2066)                                                                      = 0x7f2f1dd98000
8720 [0x7f2f1fcf0787] SYS_close(3, 16, 0x7f2f1dd98188, 0x6ffffdff)                                                                 = 0
8720 [0x7f2f1fcf0677] SYS_open(0x7f2f1feebf28, 0x80000, 0, 0x6ffffdff)                                                             = 3
8720 [0x7f2f1fcf0697] SYS_read(3, 0x7fff8b333d58, 832, 0x6ffffdff)                                                                 = 832
8720 [0x7f2f1fcf0604] SYS_fstat(3, 0x7fff8b333c30, 0x7fff8b333c30, 16)                                                             = 0
8720 [0x7f2f1fcf080a] SYS_mmap(0, 4096, 3, 34)                                                                                     = 0x7f2f1feea000
8720 [0x7f2f1fcf080a] SYS_mmap(0, 0x207820, 5, 2050)                                                                               = 0x7f2f1d98d000
8720 [0x7f2f1fcf0857] SYS_mprotect(0x7f2f1d994000, 0x200000, 0, 2050)                                                              = 0
8720 [0x7f2f1fcf080a] SYS_mmap(0x7f2f1db94000, 4096, 3, 2066)                                                                      = 0x7f2f1db94000
8720 [0x7f2f1fcf0787] SYS_close(3, 16, 0x7f2f1db94188, 0x6ffffdff)                                                                 = 0
8720 [0x7f2f1fcf0677] SYS_open(0x7f2f1feea4c8, 0x80000, 0, 0x6ffffdff)                                                             = 3
8720 [0x7f2f1fcf0697] SYS_read(3, 0x7fff8b333d28, 832, 0x6ffffdff)                                                                 = 832
8720 [0x7f2f1fcf0604] SYS_fstat(3, 0x7fff8b333c00, 0x7fff8b333c00, 16)                                                             = 0
8720 [0x7f2f1fcf080a] SYS_mmap(0, 0x201f30, 5, 2050)                                                                               = 0x7f2f1d78b000
8720 [0x7f2f1fcf0857] SYS_mprotect(0x7f2f1d78d000, 0x1ff000, 0, 2050)                                                              = 0
8720 [0x7f2f1fcf080a] SYS_mmap(0x7f2f1d98c000, 4096, 3, 2066)                                                                      = 0x7f2f1d98c000
8720 [0x7f2f1fcf0787] SYS_close(3, 16, 0x7f2f1d98ce18, 0x6ffffdff)                                                                 = 0
8720 [0x7f2f1fcf0677] SYS_open(0x7f2f1feeaa60, 0x80000, 0, 0x7f2f1feee4d0)                                                         = 3
8720 [0x7f2f1fcf0697] SYS_read(3, 0x7fff8b333cf8, 832, 0x7f2f1feee4d0)                                                             = 832
8720 [0x7f2f1fcf0604] SYS_fstat(3, 0x7fff8b333bd0, 0x7fff8b333bd0, 16)                                                             = 0
8720 [0x7f2f1fcf080a] SYS_mmap(0, 0x2022e8, 5, 2050)                                                                               = 0x7f2f1d588000
8720 [0x7f2f1fcf0857] SYS_mprotect(0x7f2f1d58a000, 0x200000, 0, 2050)                                                              = 0
8720 [0x7f2f1fcf080a] SYS_mmap(0x7f2f1d78a000, 4096, 3, 2066)                                                                      = 0x7f2f1d78a000
8720 [0x7f2f1fcf0787] SYS_close(3, 16, 0x7f2f1d78a198, 0x6ffffdff)                                                                 = 0
8720 [0x7f2f1fcf0677] SYS_open(0x7f2f1feeaf40, 0x80000, 0, 0x6ffffdff)                                                             = 3
8720 [0x7f2f1fcf0697] SYS_read(3, 0x7fff8b333cc8, 832, 0x6ffffdff)                                                                 = 832
8720 [0x7f2f1fcf0604] SYS_fstat(3, 0x7fff8b333ba0, 0x7fff8b333ba0, 16)                                                             = 0
8720 [0x7f2f1fcf080a] SYS_mmap(0, 4096, 3, 34)                                                                                     = 0x7f2f1fee9000
8720 [0x7f2f1fcf080a] SYS_mmap(0, 0x201f30, 5, 2050)                                                                               = 0x7f2f1d386000
8720 [0x7f2f1fcf0857] SYS_mprotect(0x7f2f1d388000, 0x1ff000, 0, 2050)                                                              = 0
8720 [0x7f2f1fcf080a] SYS_mmap(0x7f2f1d587000, 4096, 3, 2066)                                                                      = 0x7f2f1d587000
8720 [0x7f2f1fcf0787] SYS_close(3, 16, 0x7f2f1d587e18, 0x6ffffdff)                                                                 = 0
8720 [0x7f2f1fcf0677] SYS_open(0x7f2f1fee94c0, 0x80000, 0, 0x6ffffdff)                                                             = 3
8720 [0x7f2f1fcf0697] SYS_read(3, 0x7fff8b333c98, 832, 0x6ffffdff)                                                                 = 832
8720 [0x7f2f1fcf0604] SYS_fstat(3, 0x7fff8b333b70, 0x7fff8b333b70, 16)                                                             = 0
8720 [0x7f2f1fcf080a] SYS_mmap(0, 0x2038b8, 5, 2050)                                                                               = 0x7f2f1d182000
8720 [0x7f2f1fcf0857] SYS_mprotect(0x7f2f1d186000, 0x1ff000, 0, 2050)                                                              = 0
8720 [0x7f2f1fcf080a] SYS_mmap(0x7f2f1d385000, 4096, 3, 2066)                                                                      = 0x7f2f1d385000
8720 [0x7f2f1fcf0787] SYS_close(3, 16, 0x7f2f1d385748, 0x6ffffdff)                                                                 = 0
8720 [0x7f2f1fcf0677] SYS_open(0x7f2f1fee9a60, 0x80000, 0, 0x7f2f1feec000)                                                         = 3
8720 [0x7f2f1fcf0697] SYS_read(3, 0x7fff8b333c38, 832, 0x7f2f1feec000)                                                             = 832
8720 [0x7f2f1fcf0604] SYS_fstat(3, 0x7fff8b333b10, 0x7fff8b333b10, 16)                                                             = 0
8720 [0x7f2f1fcf080a] SYS_mmap(0, 0x210848, 5, 2050)                                                                               = 0x7f2f1cf71000
8720 [0x7f2f1fcf0857] SYS_mprotect(0x7f2f1cf81000, 0x1ff000, 0, 2050)                                                              = 0
8720 [0x7f2f1fcf080a] SYS_mmap(0x7f2f1d180000, 8192, 3, 2066)                                                                      = 0x7f2f1d180000
8720 [0x7f2f1fcf0787] SYS_close(3, 16, 0x7f2f1d180d90, 0x6ffffdff)                                                                 = 0
8720 [0x7f2f1fcf0677] SYS_open(0x7f2f1fee9f48, 0x80000, 0, 0x6ffffdff)                                                             = 3
8720 [0x7f2f1fcf0697] SYS_read(3, 0x7fff8b333c08, 832, 0x6ffffdff)                                                                 = 832
8720 [0x7f2f1fcf0604] SYS_fstat(3, 0x7fff8b333ae0, 0x7fff8b333ae0, 16)                                                             = 0
8720 [0x7f2f1fcf080a] SYS_mmap(0, 4096, 3, 34)                                                                                     = 0x7f2f1fee8000
8720 [0x7f2f1fcf080a] SYS_mmap(0, 0x20acf0, 5, 2050)                                                                               = 0x7f2f1cd66000
8720 [0x7f2f1fcf0857] SYS_mprotect(0x7f2f1cd71000, 0x1ff000, 0, 2050)                                                              = 0
8720 [0x7f2f1fcf080a] SYS_mmap(0x7f2f1cf70000, 4096, 3, 2066)                                                                      = 0x7f2f1cf70000
8720 [0x7f2f1fcf0787] SYS_close(3, 16, 0x7f2f1cf70750, 0x6ffffdff)                                                                 = 0
8720 [0x7f2f1fcf0677] SYS_open(0x7f2f1fee8560, 0x80000, 0, 0x7f2f1feec000)                                                         = 3
8720 [0x7f2f1fcf0697] SYS_read(3, 0x7fff8b333bd8, 832, 0x7f2f1feec000)                                                             = 832
8720 [0x7f2f1fcf0604] SYS_fstat(3, 0x7fff8b333ab0, 0x7fff8b333ab0, 32)                                                             = 0
8720 [0x7f2f1fcf080a] SYS_mmap(0, 0x2361e0, 5, 2050)                                                                               = 0x7f2f1cb2f000
8720 [0x7f2f1fcf0857] SYS_mprotect(0x7f2f1cb37000, 0x1ff000, 0, 2050)                                                              = 0
8720 [0x7f2f1fcf080a] SYS_mmap(0x7f2f1cd36000, 8192, 3, 2066)                                                                      = 0x7f2f1cd36000
8720 [0x7f2f1fcf080a] SYS_mmap(0x7f2f1cd38000, 0x2d1e0, 3, 50)                                                                     = 0x7f2f1cd38000
8720 [0x7f2f1fcf0787] SYS_close(3, 16, 0, 0x6ffffdff)                                                                              = 0
8720 [0x7f2f1fcf0677] SYS_open(0x7f2f1fee8a30, 0x80000, 0, 0x6ffffdff)                                                             = 3
8720 [0x7f2f1fcf0697] SYS_read(3, 0x7fff8b333ba8, 832, 0x6ffffdff)                                                                 = 832
8720 [0x7f2f1fcf0604] SYS_fstat(3, 0x7fff8b333a80, 0x7fff8b333a80, 16)                                                             = 0
8720 [0x7f2f1fcf080a] SYS_mmap(0, 0x43fe88, 5, 2050)                                                                               = 0x7f2f1c6ef000
8720 [0x7f2f1fcf0857] SYS_mprotect(0x7f2f1c904000, 0x200000, 0, 2050)                                                              = 0
8720 [0x7f2f1fcf080a] SYS_mmap(0x7f2f1cb04000, 0x27000, 3, 2066)                                                                   = 0x7f2f1cb04000
8720 [0x7f2f1fcf080a] SYS_mmap(0x7f2f1cb2b000, 0x3e88, 3, 50)                                                                      = 0x7f2f1cb2b000
8720 [0x7f2f1fcf0857] SYS_mprotect(0x7fff8b335000, 4096, 0x1000007, 4)                                                             = 0
8720 [0x7f2f1fcf0787] SYS_close(3, 4096, 0x1000007, 4)                                                                             = 0
8720 [0x7f2f1fcf0677] SYS_open(0x7f2f1fee8fb0, 0x80000, 0, 0x7f2f1feeb4d0)                                                         = 3
8720 [0x7f2f1fcf0697] SYS_read(3, 0x7fff8b333b78, 832, 0x7f2f1feeb4d0)                                                             = 832
8720 [0x7f2f1fcf0604] SYS_fstat(3, 0x7fff8b333a50, 0x7fff8b333a50, 16)                                                             = 0
8720 [0x7f2f1fcf080a] SYS_mmap(0, 4096, 3, 34)                                                                                     = 0x7f2f1fee7000
8720 [0x7f2f1fcf080a] SYS_mmap(0, 0x215730, 5, 2050)                                                                               = 0x7f2f1c4d9000
8720 [0x7f2f1fcf0857] SYS_mprotect(0x7f2f1c4ef000, 0x1ff000, 0, 2050)                                                              = 0
8720 [0x7f2f1fcf080a] SYS_mmap(0x7f2f1c6ee000, 4096, 3, 2066)                                                                      = 0x7f2f1c6ee000
8720 [0x7f2f1fcf0787] SYS_close(3, 16, 0x7f2f1c6ee490, 0x6ffffdff)                                                                 = 0
8720 [0x7f2f1fcf0677] SYS_open(0x7f2f1fee74f0, 0x80000, 0, 0x6ffffdff)                                                             = 3
8720 [0x7f2f1fcf0697] SYS_read(3, 0x7fff8b333b48, 832, 0x6ffffdff)                                                                 = 832
8720 [0x7f2f1fcf0604] SYS_fstat(3, 0x7fff8b333a20, 0x7fff8b333a20, 32)                                                             = 0
8720 [0x7f2f1fcf080a] SYS_mmap(0, 0x2fd148, 5, 2050)                                                                               = 0x7f2f1c1db000
8720 [0x7f2f1fcf0857] SYS_mprotect(0x7f2f1c2d8000, 0x1ff000, 0, 2050)                                                              = 0
8720 [0x7f2f1fcf080a] SYS_mmap(0x7f2f1c4d7000, 8192, 3, 2066)                                                                      = 0x7f2f1c4d7000
8720 [0x7f2f1fcf0787] SYS_close(3, 16, 0, 0x6ffffdff)                                                                              = 0
8720 [0x7f2f1fcf0677] SYS_open(0x7fff8b333910, 0x80000, 0, 0x36782f39325f3130)                                                     = -2
8720 [0x7f2f1fcf05c5] SYS_stat(0x7fff8b333910, 0x7fff8b3339f0, 0x7fff8b3339f0, 0x36782f39325f3130)                                 = -2
8720 [0x7f2f1fcf0677] SYS_open(0x7fff8b333910, 0x80000, 0, 0x36782f39325f3130)                                                     = -2
8720 [0x7f2f1fcf05c5] SYS_stat(0x7fff8b333910, 0x7fff8b3339f0, 0x7fff8b3339f0, 0x36782f39325f3130)                                 = -2
8720 [0x7f2f1fcf0677] SYS_open(0x7fff8b333910, 0x80000, 0, 0x36782f39325f3130)                                                     = -2
8720 [0x7f2f1fcf05c5] SYS_stat(0x7fff8b333910, 0x7fff8b3339f0, 0x7fff8b3339f0, 0x36782f39325f3130)                                 = -2
8720 [0x7f2f1fcf0677] SYS_open(0x7fff8b333910, 0x80000, 0, 0x36782f39325f3130)                                                     = -2
8720 [0x7f2f1fcf05c5] SYS_stat(0x7fff8b333910, 0x7fff8b3339f0, 0x7fff8b3339f0, 0x36782f39325f3130)                                 = -2
8720 [0x7f2f1fcf0677] SYS_open(0x7f2f1fee7dd0, 0x80000, 0, 0x36782f39325f3130)                                                     = 3
8720 [0x7f2f1fcf0697] SYS_read(3, 0x7fff8b333b18, 832, 0x36782f39325f3130)                                                         = 832
8720 [0x7f2f1fcf0604] SYS_fstat(3, 0x7fff8b3339f0, 0x7fff8b3339f0, 16)                                                             = 0
8720 [0x7f2f1fcf080a] SYS_mmap(0, 4096, 3, 34)                                                                                     = 0x7f2f1fee6000
8720 [0x7f2f1fcf080a] SYS_mmap(0, 0x2f8980, 5, 2050)                                                                               = 0x7f2f1bee2000
8720 [0x7f2f1fcf0857] SYS_mprotect(0x7f2f1bfd9000, 0x200000, 0, 2050)                                                              = 0
8720 [0x7f2f1fcf080a] SYS_mmap(0x7f2f1c1d9000, 8192, 3, 2066)                                                                      = 0x7f2f1c1d9000
8720 [0x7f2f1fcf0787] SYS_close(3, 16, 0x7f2f1c1d93a0, 0x6ffffdff)                                                                 = 0
8720 [0x7f2f1fcf0677] SYS_open(0x7f2f1fee64c8, 0x80000, 0, 0x6ffffdff)                                                             = 3
8720 [0x7f2f1fcf0697] SYS_read(3, 0x7fff8b333ae8, 832, 0x6ffffdff)                                                                 = 832
8720 [0x7f2f1fcf0604] SYS_fstat(3, 0x7fff8b3339c0, 0x7fff8b3339c0, 16)                                                             = 0
8720 [0x7f2f1fcf080a] SYS_mmap(0, 0x2fc9d8, 5, 2050)                                                                               = 0x7f2f1bbe5000
8720 [0x7f2f1fcf0857] SYS_mprotect(0x7f2f1bce0000, 0x200000, 0, 2050)                                                              = 0
8720 [0x7f2f1fcf080a] SYS_mmap(0x7f2f1bee0000, 8192, 3, 2066)                                                                      = 0x7f2f1bee0000
8720 [0x7f2f1fcf0787] SYS_close(3, 16, 0x7f2f1bee1828, 0x6ffffdff)                                                                 = 0
8720 [0x7f2f1fcf0677] SYS_open(0x7f2f1fee6998, 0x80000, 0, 0x6ffffdff)                                                             = 3
8720 [0x7f2f1fcf0697] SYS_read(3, 0x7fff8b333ab8, 832, 0x6ffffdff)                                                                 = 832
8720 [0x7f2f1fcf0604] SYS_fstat(3, 0x7fff8b333990, 0x7fff8b333990, 16)                                                             = 0
8720 [0x7f2f1fcf080a] SYS_mmap(0, 0x242830, 5, 2050)                                                                               = 0x7f2f1b9a2000
8720 [0x7f2f1fcf0857] SYS_mprotect(0x7f2f1b9e5000, 0x1ff000, 0, 2050)                                                              = 0
8720 [0x7f2f1fcf080a] SYS_mmap(0x7f2f1bbe4000, 4096, 3, 2066)                                                                      = 0x7f2f1bbe4000
8720 [0x7f2f1fcf0787] SYS_close(3, 16, 0x7f2f1bbe4630, 0x6ffffdff)                                                                 = 0
8720 [0x7f2f1fcf0677] SYS_open(0x7f2f1fee6f70, 0x80000, 0, 0x7f2f1feed9b8)                                                         = 3
8720 [0x7f2f1fcf0697] SYS_read(3, 0x7fff8b333a88, 832, 0x7f2f1feed9b8)                                                             = 832
8720 [0x7f2f1fcf0604] SYS_fstat(3, 0x7fff8b333960, 0x7fff8b333960, 32)                                                             = 0
8720 [0x7f2f1fcf080a] SYS_mmap(0, 4096, 3, 34)                                                                                     = 0x7f2f1fee5000
8720 [0x7f2f1fcf080a] SYS_mmap(0, 0x203118, 5, 2050)                                                                               = 0x7f2f1b79e000
8720 [0x7f2f1fcf0857] SYS_mprotect(0x7f2f1b7a0000, 0x200000, 0, 2050)                                                              = 0
8720 [0x7f2f1fcf080a] SYS_mmap(0x7f2f1b9a0000, 8192, 3, 2066)                                                                      = 0x7f2f1b9a0000
8720 [0x7f2f1fcf0787] SYS_close(3, 16, 0x7f2f1b9a0f40, 0x6ffffdff)                                                                 = 0
8720 [0x7f2f1fcf080a] SYS_mmap(0, 4096, 3, 34)                                                                                     = 0x7f2f1fee4000
8720 [0x7f2f1fcf080a] SYS_mmap(0, 4096, 3, 34)                                                                                     = 0x7f2f1fee3000
8720 [0x7f2f1fcf080a] SYS_mmap(0, 8192, 3, 34)                                                                                     = 0x7f2f1fee1000
8720 [0x7f2f1fcda044] SYS_arch_prctl(4098, 0x7f2f1fee1780, 0x7f2f1fee2080, 34)                                                     = 0
8720 [0x7f2f1fcf0857] SYS_mprotect(0x7f2f1f630000, 0x4000, 1, 1)                                                                   = 0
8720 [0x7f2f1fcf0857] SYS_mprotect(0x7f2f1b9a0000, 4096, 1, 0x7f2f1b79ec68)                                                        = 0
8720 [0x7f2f1fcf0857] SYS_mprotect(0x7f2f1e7d6000, 4096, 1, 0x7f2f1e5c4500)                                                        = 0
8720 [0x7f2f1fcf0857] SYS_mprotect(0x7f2f1c4d7000, 4096, 1, 1)                                                                     = 0
8720 [0x7f2f1fcf0857] SYS_mprotect(0x7f2f1cd36000, 4096, 1, 0x7f2f1cb2fa00)                                                        = 0
8720 [0x7f2f1fcf0857] SYS_mprotect(0x7f2f1ea9a000, 0x7000, 1, 0x7f2f1e834810)                                                      = 0
8720 [0x7f2f1fcf0857] SYS_mprotect(0x7f2f1e5bd000, 4096, 1, 0x7f2f1e3b8d58)                                                        = 0
8720 [0x7f2f1fcf0857] SYS_mprotect(0x7f2f1fef9000, 4096, 1, 0)                                                                     = 0
8720 [0x7f2f1fcf0837] SYS_munmap(0x7f2f1feef000, 0x83b3, 0x73700, 0)                                                               = 0
8720 [0x7f2f1e5c5e92] SYS_set_tid_address(0x7f2f1fee1a50, 0x7fff8b335a78, 0x7f2f1fee1780, 0)                                       = 8720
8720 [0x7f2f1e5c5efa] SYS_set_robust_list(0x7f2f1fee1a60, 24, 0x7f2f1fee1780, 0)                                                   = 0
8720 [0x7f2f1e5cfcf5] SYS_rt_sigaction(32, 0x7fff8b3357c8, 0, 8)                                                                   = 0
8720 [0x7f2f1e5cfcf5] SYS_rt_sigaction(33, 0x7fff8b3357c8, 0, 8)                                                                   = 0
8720 [0x7f2f1e5c5fd6] SYS_rt_sigprocmask(1, 0x7fff8b335918, 0, 8)                                                                  = 0
8720 [0x7f2f1f37cb17] SYS_getrlimit(3, 0x7fff8b3359b0, 63, 1)                                                                      = 0
8720 [0x7f2f1e5c5b95] SYS_futex(0x7f2f1eaa47e0, 129, 0x7fffffff, 0)                                                                = 0
8720 [0x4009e1] ledctrl->Hal_Led_Set_Mode(12, 0, 0x7f2f1f3eac60, 0 <unfinished ...>
8720 [0x7f2f1f640575]   libnhal.so->Hal_Lookup_Hardware_Info(0x7fff8b3357a0, 0, 0x7f2f1f3eac60, 0 <unfinished ...>
8720 [0x7f2f1f377557]     SYS_statfs(0x7f2f1e5d21e8, 0x7fff8b335590, 0x7f2f1e7db310, 1)                                            = 0
8720 [0x7f2f1e5c5b95]     SYS_futex(0x7f2f1e7db310, 129, 0x7fffffff, 0)                                                            = 0
8720 [0x7f2f1f3777e0]     SYS_open(0x7fff8b3356a0, 0xa0002, 484, 1)                                                                = 3
8720 [0x7f2f1f38072a]     SYS_mmap(0, 220, 3, 1)                                                                                   = 0x7f2f1fef7000
8720 [0x7f2f1f378070]     SYS_close(3, 220, 3, 1)                                                                                  = 0
8720 [0x7f2f1f63f7f0]     libnhal.so->Hw_Semaphore_Init(0x7fff8b335750, 0x7f2f1f642287, 1, -1 <unfinished ...>
8720 [0x7f2f1f377405]       SYS_lstat(0x7fff8b335600, 0x7fff8b335510, 0x7fff8b335510, 0)                                           = -2
8720 [0x7f2f1e5cf510]       SYS_open(0x7fff8b335600, 194, 600, 0)                                                                  = 3
8720 [0x7f2f1e5ceda0]       SYS_write(3, 0x7fff8b335680, 32, 0)                                                                    = 32
8720 [0x7f2f1f38072a]       SYS_mmap(0, 32, 3, 1)                                                                                  = 0x7f2f1fef6000
8720 [0x7f2f1f3791a7]       SYS_link(0x7fff8b335600, 0x7fff8b335630, 3, 1)                                                         = -17
8720 [0x7f2f1f380757]       SYS_munmap(0x7f2f1fef6000, 32, 3, 1)                                                                   = 0
8720 [0x7f2f1f3792c7]       SYS_unlink(0x7fff8b335600, 32, 3, 1)                                                                   = 0
8720 [0x7f2f1e5cee60]       SYS_close(3, 32, 3, 1)                                                                                 = 0
8720 [0x7f2f1e5cf510]       SYS_open(0x7fff8b335630, 0x20002, 18, 1)                                                               = 3
8720 [0x7f2f1f3773b4]       SYS_fstat(3, 0x7fff8b335560, 0x7fff8b335560, 1)                                                        = 0
8720 [0x7f2f1f37cf5a]       SYS_brk(0, 0x7f2f1f634640, 0, -4096)                                                                   = 0xc9a000
8720 [0x7f2f1f37cf5a]       SYS_brk(0xcbb000, 0xc9a000, 0xcbb000, -4096)                                                           = 0xcbb000
8720 [0x7f2f1f38072a]       SYS_mmap(0, 32, 3, 1)                                                                                  = 0x7f2f1fef6000
8720 [0x7f2f1e5cee60]       SYS_close(3, 32, 0, 3)                                                                                 = 0
8720 [0x7f2f1f63f7f0]     <... Hw_Semaphore_Init resumed> )                                                                        = 17
8720 [0x7f2f1f63f800]     libnhal.so->Hw_Semaphore_Lock(0x7fff8b335750, 32, 0x7f2f1fef6000, -1)                                    = 0
8720 [0x7f2f1f63f918]     libnhal.so->Hw_Semaphore_Unlock(0x7fff8b335750, 2, 0x7f2f1fef7000, 0)                                    = 0
8720 [0x7f2f1f63f924]     libnhal.so->Hw_Semaphore_Release(0x7fff8b335750, 128, 0, 0 <unfinished ...>
8720 [0x7f2f1f380757]       SYS_munmap(0x7f2f1fef6000, 32, 0, 1)                                                                   = 0
8720 [0x7f2f1f63f924]     <... Hw_Semaphore_Release resumed> )                                                                     = 0
8720 [0x7f2f1f640575]   <... Hal_Lookup_Hardware_Info resumed> )                                                                   = 0
8720 [0x4009e1] <... Hal_Led_Set_Mode resumed> )                                                                                   = 0xffffff67
8720 [0x7f2f1f2d1932] libgeneral.so->Trace_Mem_Destroy()(0x7f2f1efe9d40, 0, 0x1d40a87f57dd326e, 16)                                = 0
8720 [0x7f2f1f354468] SYS_exit_group(-153, 60, -153, 0x7f2f1f637a48 <unfinished ...>
8720 [0xffffffffffffffff] +++ exited (status 103) +++
