7930 [0x7f92f48348aa] SYS_brk(0, 0x7f92f4837fa0, 0, 895)                                                                           = 0x14d2000
7930 [0x7f92f48357e7] SYS_readlink(0x7fff27296b7a, 0x7fff27294f80, 4096, 0x756e694c00000000)                                       = -2
7930 [0x7f92f4835677] SYS_open(0x7f92f48391f3, 0, 0, 0x756e694c00000000)                                                           = 3
7930 [0x7f92f48357a7] SYS_chdir(0x7f92f4a40ba8, 0, 0, 0x756e694c00000000)                                                          = -2
7930 [0x7f92f48349d2] SYS_getcwd(0x7fff27294f80, 4096, 0, 0x756e694c00000000)                                                      = 23
7930 [0x7f92f48357c7] SYS_fchdir(3, 4096, 0, 0x756e694c00000000)                                                                   = 0
7930 [0x7f92f4835787] SYS_close(3, 4096, 0, 0x756e694c00000000)                                                                    = 0
7930 [0x7f92f483580a] SYS_mmap(0, 4096, 3, 34)                                                                                     = 0x7f92f4a3d000
7930 [0x7f92f48356d7] SYS_access(0x7f92f483b700, 4, 0x7f92f4a40718, 0)                                                             = -2
7930 [0x7f92f4835677] SYS_open(0x7f92f4839072, 0x80000, 1, 0)                                                                      = 3
7930 [0x7f92f4835604] SYS_fstat(3, 0x7fff27294760, 0x7fff27294760, 0)                                                              = 0
7930 [0x7f92f483580a] SYS_mmap(0, 0x83b3, 1, 2)                                                                                    = 0x7f92f4a34000
7930 [0x7f92f4835787] SYS_close(3, 0x83b3, 1, 2)                                                                                   = 0
7930 [0x7f92f4835677] SYS_open(0x7f92f4a3d640, 0x80000, 0, 56)                                                                     = 3
7930 [0x7f92f4835697] SYS_read(3, 0x7fff272948e8, 832, 56)                                                                         = 832
7930 [0x7f92f4835604] SYS_fstat(3, 0x7fff272947c0, 0x7fff272947c0, 16)                                                             = 0
7930 [0x7f92f483580a] SYS_mmap(0, 0x278960, 5, 2050)                                                                               = 0x7f92f45a5000
7930 [0x7f92f4835857] SYS_mprotect(0x7f92f461b000, 0x200000, 0, 2050)                                                              = 0
7930 [0x7f92f483580a] SYS_mmap(0x7f92f481b000, 0x3000, 3, 2066)                                                                    = 0x7f92f481b000
7930 [0x7f92f4835787] SYS_close(3, 16, 0x7f92f481b3e0, 0x6ffffdff)                                                                 = 0
7930 [0x7f92f4835677] SYS_open(0x7f92f4a3db10, 0x80000, 0, 0x6ffffdff)                                                             = 3
7930 [0x7f92f4835697] SYS_read(3, 0x7fff272948b8, 832, 0x6ffffdff)                                                                 = 832
7930 [0x7f92f4835604] SYS_fstat(3, 0x7fff27294790, 0x7fff27294790, 16)                                                             = 0
7930 [0x7f92f483580a] SYS_mmap(0, 0x21bee0, 5, 2050)                                                                               = 0x7f92f4389000
7930 [0x7f92f4835857] SYS_mprotect(0x7f92f43a4000, 0x200000, 0, 2050)                                                              = 0
7930 [0x7f92f483580a] SYS_mmap(0x7f92f45a4000, 4096, 3, 2066)                                                                      = 0x7f92f45a4000
7930 [0x7f92f4835787] SYS_close(3, 16, 0x7f92f45a4208, 0x6ffffdff)                                                                 = 0
7930 [0x7f92f4835677] SYS_open(0x7f92f4a3dfe0, 0x80000, 0, 0x6ffffdff)                                                             = 3
7930 [0x7f92f4835697] SYS_read(3, 0x7fff27294888, 832, 0x6ffffdff)                                                                 = 832
7930 [0x7f92f4835604] SYS_fstat(3, 0x7fff27294760, 0x7fff27294760, 16)                                                             = 0
7930 [0x7f92f483580a] SYS_mmap(0, 4096, 3, 34)                                                                                     = 0x7f92f4a33000
7930 [0x7f92f483580a] SYS_mmap(0, 0x209ad0, 5, 2050)                                                                               = 0x7f92f417f000
7930 [0x7f92f4835857] SYS_mprotect(0x7f92f4189000, 0x1ff000, 0, 2050)                                                              = 0
7930 [0x7f92f483580a] SYS_mmap(0x7f92f4388000, 4096, 3, 2066)                                                                      = 0x7f92f4388000
7930 [0x7f92f4835787] SYS_close(3, 16, 0x7f92f4388690, 0x6ffffdff)                                                                 = 0
7930 [0x7f92f4835677] SYS_open(0x7f92f4a334b8, 0x80000, 0, 0x6ffffdff)                                                             = 3
7930 [0x7f92f4835697] SYS_read(3, 0x7fff27294858, 832, 0x6ffffdff)                                                                 = 832
7930 [0x7f92f4835604] SYS_fstat(3, 0x7fff27294730, 0x7fff27294730, 32)                                                             = 0
7930 [0x7f92f483580a] SYS_mmap(0, 0x39dc40, 5, 2050)                                                                               = 0x7f92f3de1000
7930 [0x7f92f4835857] SYS_mprotect(0x7f92f3f75000, 0x200000, 0, 2050)                                                              = 0
7930 [0x7f92f483580a] SYS_mmap(0x7f92f4175000, 0x6000, 3, 2066)                                                                    = 0x7f92f4175000
7930 [0x7f92f483580a] SYS_mmap(0x7f92f417b000, 0x3c40, 3, 50)                                                                      = 0x7f92f417b000
7930 [0x7f92f4835787] SYS_close(3, 16, 0, 0x6ffffdff)                                                                              = 0
7930 [0x7f92f4835677] SYS_open(0x7f92f4a33988, 0x80000, 0, 0x6ffffdff)                                                             = 3
7930 [0x7f92f4835697] SYS_read(3, 0x7fff27294708, 832, 0x6ffffdff)                                                                 = 832
7930 [0x7f92f4835604] SYS_fstat(3, 0x7fff272945e0, 0x7fff272945e0, 16)                                                             = 0
7930 [0x7f92f483580a] SYS_mmap(0, 0x2b09d0, 5, 2050)                                                                               = 0x7f92f3b30000
7930 [0x7f92f4835857] SYS_mprotect(0x7f92f3bdf000, 0x1ff000, 0, 2050)                                                              = 0
7930 [0x7f92f483580a] SYS_mmap(0x7f92f3dde000, 0x3000, 3, 2066)                                                                    = 0x7f92f3dde000
7930 [0x7f92f4835787] SYS_close(3, 16, 0x7f92f3dde9a8, 0x6ffffdff)                                                                 = 0
7930 [0x7f92f4835677] SYS_open(0x7f92f4a33e58, 0x80000, 0, 0x6ffffdff)                                                             = 3
7930 [0x7f92f4835697] SYS_read(3, 0x7fff272946d8, 832, 0x6ffffdff)                                                                 = 832
7930 [0x7f92f4835604] SYS_fstat(3, 0x7fff272945b0, 0x7fff272945b0, 16)                                                             = 0
7930 [0x7f92f483580a] SYS_mmap(0, 4096, 3, 34)                                                                                     = 0x7f92f4a32000
7930 [0x7f92f483580a] SYS_mmap(0, 0x294ee0, 5, 2050)                                                                               = 0x7f92f389b000
7930 [0x7f92f4835857] SYS_mprotect(0x7f92f392d000, 0x1ff000, 0, 2050)                                                              = 0
7930 [0x7f92f483580a] SYS_mmap(0x7f92f3b2c000, 0x3000, 3, 2066)                                                                    = 0x7f92f3b2c000
7930 [0x7f92f483580a] SYS_mmap(0x7f92f3b2f000, 3808, 3, 50)                                                                        = 0x7f92f3b2f000
7930 [0x7f92f4835787] SYS_close(3, 16, 0x7f92f3b2ce30, 0x6ffffdff)                                                                 = 0
7930 [0x7f92f4835677] SYS_open(0x7f92f4a324b8, 0x80000, 0, 0x6ffffdff)                                                             = 3
7930 [0x7f92f4835697] SYS_read(3, 0x7fff272946a8, 832, 0x6ffffdff)                                                                 = 832
7930 [0x7f92f4835604] SYS_fstat(3, 0x7fff27294580, 0x7fff27294580, 16)                                                             = 0
7930 [0x7f92f483580a] SYS_mmap(0, 0x29d850, 5, 2050)                                                                               = 0x7f92f35fd000
7930 [0x7f92f4835857] SYS_mprotect(0x7f92f3696000, 0x200000, 0, 2050)                                                              = 0
7930 [0x7f92f483580a] SYS_mmap(0x7f92f3896000, 0x3000, 3, 2066)                                                                    = 0x7f92f3896000
7930 [0x7f92f483580a] SYS_mmap(0x7f92f3899000, 6224, 3, 50)                                                                        = 0x7f92f3899000
7930 [0x7f92f4835787] SYS_close(3, 16, 0x7f92f3897cc8, 0x6ffffdff)                                                                 = 0
7930 [0x7f92f4835677] SYS_open(0x7f92f4a329a0, 0x80000, 0, 0x6ffffdff)                                                             = 3
7930 [0x7f92f4835697] SYS_read(3, 0x7fff27294678, 832, 0x6ffffdff)                                                                 = 832
7930 [0x7f92f4835604] SYS_fstat(3, 0x7fff27294550, 0x7fff27294550, 16)                                                             = 0
7930 [0x7f92f483580a] SYS_mmap(0, 0x2dbbb0, 5, 2050)                                                                               = 0x7f92f3321000
7930 [0x7f92f4835857] SYS_mprotect(0x7f92f33df000, 0x200000, 0, 2050)                                                              = 0
7930 [0x7f92f483580a] SYS_mmap(0x7f92f35df000, 0xa000, 3, 2066)                                                                    = 0x7f92f35df000
7930 [0x7f92f483580a] SYS_mmap(0x7f92f35e9000, 0x13bb0, 3, 50)                                                                     = 0x7f92f35e9000
7930 [0x7f92f4835787] SYS_close(3, 16, 0x7f92f35e54d8, 0x6ffffdff)                                                                 = 0
7930 [0x7f92f4835677] SYS_open(0x7f92f4a32e70, 0x80000, 0, 0x6ffffdff)                                                             = 3
7930 [0x7f92f4835697] SYS_read(3, 0x7fff27294648, 832, 0x6ffffdff)                                                                 = 832
7930 [0x7f92f4835604] SYS_fstat(3, 0x7fff27294520, 0x7fff27294520, 32)                                                             = 0
7930 [0x7f92f483580a] SYS_mmap(0, 4096, 3, 34)                                                                                     = 0x7f92f4a31000
7930 [0x7f92f483580a] SYS_mmap(0, 0x21c490, 5, 2050)                                                                               = 0x7f92f3104000
7930 [0x7f92f4835857] SYS_mprotect(0x7f92f311c000, 0x1ff000, 0, 2050)                                                              = 0
7930 [0x7f92f483580a] SYS_mmap(0x7f92f331b000, 8192, 3, 2066)                                                                      = 0x7f92f331b000
7930 [0x7f92f483580a] SYS_mmap(0x7f92f331d000, 0x3490, 3, 50)                                                                      = 0x7f92f331d000
7930 [0x7f92f4835787] SYS_close(3, 16, 0, 0x6ffffdff)                                                                              = 0
7930 [0x7f92f4835677] SYS_open(0x7f92f4a314b8, 0x80000, 0, 0x6ffffdff)                                                             = 3
7930 [0x7f92f4835697] SYS_read(3, 0x7fff27294618, 832, 0x6ffffdff)                                                                 = 832
7930 [0x7f92f4835604] SYS_fstat(3, 0x7fff272944f0, 0x7fff272944f0, 32)                                                             = 0
7930 [0x7f92f483580a] SYS_mmap(0, 0x207bc0, 5, 2050)                                                                               = 0x7f92f2efc000
7930 [0x7f92f4835857] SYS_mprotect(0x7f92f2f03000, 0x1ff000, 0, 2050)                                                              = 0
7930 [0x7f92f483580a] SYS_mmap(0x7f92f3102000, 8192, 3, 2066)                                                                      = 0x7f92f3102000
7930 [0x7f92f4835787] SYS_close(3, 16, 0, 0x6ffffdff)                                                                              = 0
7930 [0x7f92f4835677] SYS_open(0x7f92f4a31988, 0x80000, 0, 0x6ffffdff)                                                             = 3
7930 [0x7f92f4835697] SYS_read(3, 0x7fff272945e8, 832, 0x6ffffdff)                                                                 = 832
7930 [0x7f92f4835604] SYS_fstat(3, 0x7fff272944c0, 0x7fff272944c0, 16)                                                             = 0
7930 [0x7f92f483580a] SYS_mmap(0, 0x202e20, 5, 2050)                                                                               = 0x7f92f2cf9000
7930 [0x7f92f4835857] SYS_mprotect(0x7f92f2cfc000, 0x1ff000, 0, 2050)                                                              = 0
7930 [0x7f92f483580a] SYS_mmap(0x7f92f2efb000, 4096, 3, 2066)                                                                      = 0x7f92f2efb000
7930 [0x7f92f4835787] SYS_close(3, 16, 0x7f92f2efbc28, 0x6ffffdff)                                                                 = 0
7930 [0x7f92f4835677] SYS_open(0x7f92f4a31e58, 0x80000, 0, 0x6ffffdff)                                                             = 3
7930 [0x7f92f4835697] SYS_read(3, 0x7fff272945b8, 832, 0x6ffffdff)                                                                 = 832
7930 [0x7f92f4835604] SYS_fstat(3, 0x7fff27294490, 0x7fff27294490, 16)                                                             = 0
7930 [0x7f92f483580a] SYS_mmap(0, 4096, 3, 34)                                                                                     = 0x7f92f4a30000
7930 [0x7f92f483580a] SYS_mmap(0, 0x209850, 5, 2050)                                                                               = 0x7f92f2aef000
7930 [0x7f92f4835857] SYS_mprotect(0x7f92f2af9000, 0x1ff000, 0, 2050)                                                              = 0
7930 [0x7f92f483580a] SYS_mmap(0x7f92f2cf8000, 4096, 3, 2066)                                                                      = 0x7f92f2cf8000
7930 [0x7f92f4835787] SYS_close(3, 16, 0x7f92f2cf8618, 0x6ffffdff)                                                                 = 0
7930 [0x7f92f4835677] SYS_open(0x7f92f4a304b8, 0x80000, 0, 0x6ffffdff)                                                             = 3
7930 [0x7f92f4835697] SYS_read(3, 0x7fff27294588, 832, 0x6ffffdff)                                                                 = 832
7930 [0x7f92f4835604] SYS_fstat(3, 0x7fff27294460, 0x7fff27294460, 16)                                                             = 0
7930 [0x7f92f483580a] SYS_mmap(0, 0x210868, 5, 2050)                                                                               = 0x7f92f28de000
7930 [0x7f92f4835857] SYS_mprotect(0x7f92f28ef000, 0x1ff000, 0, 2050)                                                              = 0
7930 [0x7f92f483580a] SYS_mmap(0x7f92f2aee000, 4096, 3, 2066)                                                                      = 0x7f92f2aee000
7930 [0x7f92f4835787] SYS_close(3, 16, 0x7f92f2aee408, 0x6ffffdff)                                                                 = 0
7930 [0x7f92f4835677] SYS_open(0x7f92f4a30a40, 0x80000, 0, 0x7f92f4a319a0)                                                         = 3
7930 [0x7f92f4835697] SYS_read(3, 0x7fff27294428, 832, 0x7f92f4a319a0)                                                             = 832
7930 [0x7f92f4835604] SYS_fstat(3, 0x7fff27294300, 0x7fff27294300, 16)                                                             = 0
7930 [0x7f92f483580a] SYS_mmap(0, 0x2032c8, 5, 2050)                                                                               = 0x7f92f26da000
7930 [0x7f92f4835857] SYS_mprotect(0x7f92f26dd000, 0x200000, 0, 2050)                                                              = 0
7930 [0x7f92f483580a] SYS_mmap(0x7f92f28dd000, 4096, 3, 2066)                                                                      = 0x7f92f28dd000
7930 [0x7f92f4835787] SYS_close(3, 16, 0x7f92f28dd188, 0x6ffffdff)                                                                 = 0
7930 [0x7f92f4835677] SYS_open(0x7f92f4a30f28, 0x80000, 0, 0x6ffffdff)                                                             = 3
7930 [0x7f92f4835697] SYS_read(3, 0x7fff272943f8, 832, 0x6ffffdff)                                                                 = 832
7930 [0x7f92f4835604] SYS_fstat(3, 0x7fff272942d0, 0x7fff272942d0, 16)                                                             = 0
7930 [0x7f92f483580a] SYS_mmap(0, 4096, 3, 34)                                                                                     = 0x7f92f4a2f000
7930 [0x7f92f483580a] SYS_mmap(0, 0x207820, 5, 2050)                                                                               = 0x7f92f24d2000
7930 [0x7f92f4835857] SYS_mprotect(0x7f92f24d9000, 0x200000, 0, 2050)                                                              = 0
7930 [0x7f92f483580a] SYS_mmap(0x7f92f26d9000, 4096, 3, 2066)                                                                      = 0x7f92f26d9000
7930 [0x7f92f4835787] SYS_close(3, 16, 0x7f92f26d9188, 0x6ffffdff)                                                                 = 0
7930 [0x7f92f4835677] SYS_open(0x7f92f4a2f4c8, 0x80000, 0, 0x6ffffdff)                                                             = 3
7930 [0x7f92f4835697] SYS_read(3, 0x7fff272943c8, 832, 0x6ffffdff)                                                                 = 832
7930 [0x7f92f4835604] SYS_fstat(3, 0x7fff272942a0, 0x7fff272942a0, 16)                                                             = 0
7930 [0x7f92f483580a] SYS_mmap(0, 0x201f30, 5, 2050)                                                                               = 0x7f92f22d0000
7930 [0x7f92f4835857] SYS_mprotect(0x7f92f22d2000, 0x1ff000, 0, 2050)                                                              = 0
7930 [0x7f92f483580a] SYS_mmap(0x7f92f24d1000, 4096, 3, 2066)                                                                      = 0x7f92f24d1000
7930 [0x7f92f4835787] SYS_close(3, 16, 0x7f92f24d1e18, 0x6ffffdff)                                                                 = 0
7930 [0x7f92f4835677] SYS_open(0x7f92f4a2fa60, 0x80000, 0, 0x7f92f4a334d0)                                                         = 3
7930 [0x7f92f4835697] SYS_read(3, 0x7fff27294398, 832, 0x7f92f4a334d0)                                                             = 832
7930 [0x7f92f4835604] SYS_fstat(3, 0x7fff27294270, 0x7fff27294270, 16)                                                             = 0
7930 [0x7f92f483580a] SYS_mmap(0, 0x2022e8, 5, 2050)                                                                               = 0x7f92f20cd000
7930 [0x7f92f4835857] SYS_mprotect(0x7f92f20cf000, 0x200000, 0, 2050)                                                              = 0
7930 [0x7f92f483580a] SYS_mmap(0x7f92f22cf000, 4096, 3, 2066)                                                                      = 0x7f92f22cf000
7930 [0x7f92f4835787] SYS_close(3, 16, 0x7f92f22cf198, 0x6ffffdff)                                                                 = 0
7930 [0x7f92f4835677] SYS_open(0x7f92f4a2ff40, 0x80000, 0, 0x6ffffdff)                                                             = 3
7930 [0x7f92f4835697] SYS_read(3, 0x7fff27294368, 832, 0x6ffffdff)                                                                 = 832
7930 [0x7f92f4835604] SYS_fstat(3, 0x7fff27294240, 0x7fff27294240, 16)                                                             = 0
7930 [0x7f92f483580a] SYS_mmap(0, 4096, 3, 34)                                                                                     = 0x7f92f4a2e000
7930 [0x7f92f483580a] SYS_mmap(0, 0x201f30, 5, 2050)                                                                               = 0x7f92f1ecb000
7930 [0x7f92f4835857] SYS_mprotect(0x7f92f1ecd000, 0x1ff000, 0, 2050)                                                              = 0
7930 [0x7f92f483580a] SYS_mmap(0x7f92f20cc000, 4096, 3, 2066)                                                                      = 0x7f92f20cc000
7930 [0x7f92f4835787] SYS_close(3, 16, 0x7f92f20cce18, 0x6ffffdff)                                                                 = 0
7930 [0x7f92f4835677] SYS_open(0x7f92f4a2e4c0, 0x80000, 0, 0x6ffffdff)                                                             = 3
7930 [0x7f92f4835697] SYS_read(3, 0x7fff27294338, 832, 0x6ffffdff)                                                                 = 832
7930 [0x7f92f4835604] SYS_fstat(3, 0x7fff27294210, 0x7fff27294210, 16)                                                             = 0
7930 [0x7f92f483580a] SYS_mmap(0, 0x2038b8, 5, 2050)                                                                               = 0x7f92f1cc7000
7930 [0x7f92f4835857] SYS_mprotect(0x7f92f1ccb000, 0x1ff000, 0, 2050)                                                              = 0
7930 [0x7f92f483580a] SYS_mmap(0x7f92f1eca000, 4096, 3, 2066)                                                                      = 0x7f92f1eca000
7930 [0x7f92f4835787] SYS_close(3, 16, 0x7f92f1eca748, 0x6ffffdff)                                                                 = 0
7930 [0x7f92f4835677] SYS_open(0x7f92f4a2ea60, 0x80000, 0, 0x7f92f4a31000)                                                         = 3
7930 [0x7f92f4835697] SYS_read(3, 0x7fff272942d8, 832, 0x7f92f4a31000)                                                             = 832
7930 [0x7f92f4835604] SYS_fstat(3, 0x7fff272941b0, 0x7fff272941b0, 16)                                                             = 0
7930 [0x7f92f483580a] SYS_mmap(0, 0x210848, 5, 2050)                                                                               = 0x7f92f1ab6000
7930 [0x7f92f4835857] SYS_mprotect(0x7f92f1ac6000, 0x1ff000, 0, 2050)                                                              = 0
7930 [0x7f92f483580a] SYS_mmap(0x7f92f1cc5000, 8192, 3, 2066)                                                                      = 0x7f92f1cc5000
7930 [0x7f92f4835787] SYS_close(3, 16, 0x7f92f1cc5d90, 0x6ffffdff)                                                                 = 0
7930 [0x7f92f4835677] SYS_open(0x7f92f4a2ef48, 0x80000, 0, 0x6ffffdff)                                                             = 3
7930 [0x7f92f4835697] SYS_read(3, 0x7fff272942a8, 832, 0x6ffffdff)                                                                 = 832
7930 [0x7f92f4835604] SYS_fstat(3, 0x7fff27294180, 0x7fff27294180, 16)                                                             = 0
7930 [0x7f92f483580a] SYS_mmap(0, 4096, 3, 34)                                                                                     = 0x7f92f4a2d000
7930 [0x7f92f483580a] SYS_mmap(0, 0x20acf0, 5, 2050)                                                                               = 0x7f92f18ab000
7930 [0x7f92f4835857] SYS_mprotect(0x7f92f18b6000, 0x1ff000, 0, 2050)                                                              = 0
7930 [0x7f92f483580a] SYS_mmap(0x7f92f1ab5000, 4096, 3, 2066)                                                                      = 0x7f92f1ab5000
7930 [0x7f92f4835787] SYS_close(3, 16, 0x7f92f1ab5750, 0x6ffffdff)                                                                 = 0
7930 [0x7f92f4835677] SYS_open(0x7f92f4a2d560, 0x80000, 0, 0x7f92f4a31000)                                                         = 3
7930 [0x7f92f4835697] SYS_read(3, 0x7fff27294278, 832, 0x7f92f4a31000)                                                             = 832
7930 [0x7f92f4835604] SYS_fstat(3, 0x7fff27294150, 0x7fff27294150, 32)                                                             = 0
7930 [0x7f92f483580a] SYS_mmap(0, 0x2361e0, 5, 2050)                                                                               = 0x7f92f1674000
7930 [0x7f92f4835857] SYS_mprotect(0x7f92f167c000, 0x1ff000, 0, 2050)                                                              = 0
7930 [0x7f92f483580a] SYS_mmap(0x7f92f187b000, 8192, 3, 2066)                                                                      = 0x7f92f187b000
7930 [0x7f92f483580a] SYS_mmap(0x7f92f187d000, 0x2d1e0, 3, 50)                                                                     = 0x7f92f187d000
7930 [0x7f92f4835787] SYS_close(3, 16, 0, 0x6ffffdff)                                                                              = 0
7930 [0x7f92f4835677] SYS_open(0x7f92f4a2da30, 0x80000, 0, 0x6ffffdff)                                                             = 3
7930 [0x7f92f4835697] SYS_read(3, 0x7fff27294248, 832, 0x6ffffdff)                                                                 = 832
7930 [0x7f92f4835604] SYS_fstat(3, 0x7fff27294120, 0x7fff27294120, 16)                                                             = 0
7930 [0x7f92f483580a] SYS_mmap(0, 0x43fe88, 5, 2050)                                                                               = 0x7f92f1234000
7930 [0x7f92f4835857] SYS_mprotect(0x7f92f1449000, 0x200000, 0, 2050)                                                              = 0
7930 [0x7f92f483580a] SYS_mmap(0x7f92f1649000, 0x27000, 3, 2066)                                                                   = 0x7f92f1649000
7930 [0x7f92f483580a] SYS_mmap(0x7f92f1670000, 0x3e88, 3, 50)                                                                      = 0x7f92f1670000
7930 [0x7f92f4835857] SYS_mprotect(0x7fff27296000, 4096, 0x1000007, 4)                                                             = 0
7930 [0x7f92f4835787] SYS_close(3, 4096, 0x1000007, 4)                                                                             = 0
7930 [0x7f92f4835677] SYS_open(0x7f92f4a2dfb0, 0x80000, 0, 0x7f92f4a304d0)                                                         = 3
7930 [0x7f92f4835697] SYS_read(3, 0x7fff27294218, 832, 0x7f92f4a304d0)                                                             = 832
7930 [0x7f92f4835604] SYS_fstat(3, 0x7fff272940f0, 0x7fff272940f0, 16)                                                             = 0
7930 [0x7f92f483580a] SYS_mmap(0, 4096, 3, 34)                                                                                     = 0x7f92f4a2c000
7930 [0x7f92f483580a] SYS_mmap(0, 0x215730, 5, 2050)                                                                               = 0x7f92f101e000
7930 [0x7f92f4835857] SYS_mprotect(0x7f92f1034000, 0x1ff000, 0, 2050)                                                              = 0
7930 [0x7f92f483580a] SYS_mmap(0x7f92f1233000, 4096, 3, 2066)                                                                      = 0x7f92f1233000
7930 [0x7f92f4835787] SYS_close(3, 16, 0x7f92f1233490, 0x6ffffdff)                                                                 = 0
7930 [0x7f92f4835677] SYS_open(0x7f92f4a2c4f0, 0x80000, 0, 0x6ffffdff)                                                             = 3
7930 [0x7f92f4835697] SYS_read(3, 0x7fff272941e8, 832, 0x6ffffdff)                                                                 = 832
7930 [0x7f92f4835604] SYS_fstat(3, 0x7fff272940c0, 0x7fff272940c0, 32)                                                             = 0
7930 [0x7f92f483580a] SYS_mmap(0, 0x2fd148, 5, 2050)                                                                               = 0x7f92f0d20000
7930 [0x7f92f4835857] SYS_mprotect(0x7f92f0e1d000, 0x1ff000, 0, 2050)                                                              = 0
7930 [0x7f92f483580a] SYS_mmap(0x7f92f101c000, 8192, 3, 2066)                                                                      = 0x7f92f101c000
7930 [0x7f92f4835787] SYS_close(3, 16, 0, 0x6ffffdff)                                                                              = 0
7930 [0x7f92f4835677] SYS_open(0x7fff27293fb0, 0x80000, 0, 0x36782f39325f3130)                                                     = -2
7930 [0x7f92f48355c5] SYS_stat(0x7fff27293fb0, 0x7fff27294090, 0x7fff27294090, 0x36782f39325f3130)                                 = -2
7930 [0x7f92f4835677] SYS_open(0x7fff27293fb0, 0x80000, 0, 0x36782f39325f3130)                                                     = -2
7930 [0x7f92f48355c5] SYS_stat(0x7fff27293fb0, 0x7fff27294090, 0x7fff27294090, 0x36782f39325f3130)                                 = -2
7930 [0x7f92f4835677] SYS_open(0x7fff27293fb0, 0x80000, 0, 0x36782f39325f3130)                                                     = -2
7930 [0x7f92f48355c5] SYS_stat(0x7fff27293fb0, 0x7fff27294090, 0x7fff27294090, 0x36782f39325f3130)                                 = -2
7930 [0x7f92f4835677] SYS_open(0x7fff27293fb0, 0x80000, 0, 0x36782f39325f3130)                                                     = -2
7930 [0x7f92f48355c5] SYS_stat(0x7fff27293fb0, 0x7fff27294090, 0x7fff27294090, 0x36782f39325f3130)                                 = -2
7930 [0x7f92f4835677] SYS_open(0x7f92f4a2cdd0, 0x80000, 0, 0x36782f39325f3130)                                                     = 3
7930 [0x7f92f4835697] SYS_read(3, 0x7fff272941b8, 832, 0x36782f39325f3130)                                                         = 832
7930 [0x7f92f4835604] SYS_fstat(3, 0x7fff27294090, 0x7fff27294090, 16)                                                             = 0
7930 [0x7f92f483580a] SYS_mmap(0, 4096, 3, 34)                                                                                     = 0x7f92f4a2b000
7930 [0x7f92f483580a] SYS_mmap(0, 0x2f8980, 5, 2050)                                                                               = 0x7f92f0a27000
7930 [0x7f92f4835857] SYS_mprotect(0x7f92f0b1e000, 0x200000, 0, 2050)                                                              = 0
7930 [0x7f92f483580a] SYS_mmap(0x7f92f0d1e000, 8192, 3, 2066)                                                                      = 0x7f92f0d1e000
7930 [0x7f92f4835787] SYS_close(3, 16, 0x7f92f0d1e3a0, 0x6ffffdff)                                                                 = 0
7930 [0x7f92f4835677] SYS_open(0x7f92f4a2b4c8, 0x80000, 0, 0x6ffffdff)                                                             = 3
7930 [0x7f92f4835697] SYS_read(3, 0x7fff27294188, 832, 0x6ffffdff)                                                                 = 832
7930 [0x7f92f4835604] SYS_fstat(3, 0x7fff27294060, 0x7fff27294060, 16)                                                             = 0
7930 [0x7f92f483580a] SYS_mmap(0, 0x2fc9d8, 5, 2050)                                                                               = 0x7f92f072a000
7930 [0x7f92f4835857] SYS_mprotect(0x7f92f0825000, 0x200000, 0, 2050)                                                              = 0
7930 [0x7f92f483580a] SYS_mmap(0x7f92f0a25000, 8192, 3, 2066)                                                                      = 0x7f92f0a25000
7930 [0x7f92f4835787] SYS_close(3, 16, 0x7f92f0a26828, 0x6ffffdff)                                                                 = 0
7930 [0x7f92f4835677] SYS_open(0x7f92f4a2b998, 0x80000, 0, 0x6ffffdff)                                                             = 3
7930 [0x7f92f4835697] SYS_read(3, 0x7fff27294158, 832, 0x6ffffdff)                                                                 = 832
7930 [0x7f92f4835604] SYS_fstat(3, 0x7fff27294030, 0x7fff27294030, 16)                                                             = 0
7930 [0x7f92f483580a] SYS_mmap(0, 0x242830, 5, 2050)                                                                               = 0x7f92f04e7000
7930 [0x7f92f4835857] SYS_mprotect(0x7f92f052a000, 0x1ff000, 0, 2050)                                                              = 0
7930 [0x7f92f483580a] SYS_mmap(0x7f92f0729000, 4096, 3, 2066)                                                                      = 0x7f92f0729000
7930 [0x7f92f4835787] SYS_close(3, 16, 0x7f92f0729630, 0x6ffffdff)                                                                 = 0
7930 [0x7f92f4835677] SYS_open(0x7f92f4a2bf70, 0x80000, 0, 0x7f92f4a329b8)                                                         = 3
7930 [0x7f92f4835697] SYS_read(3, 0x7fff27294128, 832, 0x7f92f4a329b8)                                                             = 832
7930 [0x7f92f4835604] SYS_fstat(3, 0x7fff27294000, 0x7fff27294000, 32)                                                             = 0
7930 [0x7f92f483580a] SYS_mmap(0, 4096, 3, 34)                                                                                     = 0x7f92f4a2a000
7930 [0x7f92f483580a] SYS_mmap(0, 0x203118, 5, 2050)                                                                               = 0x7f92f02e3000
7930 [0x7f92f4835857] SYS_mprotect(0x7f92f02e5000, 0x200000, 0, 2050)                                                              = 0
7930 [0x7f92f483580a] SYS_mmap(0x7f92f04e5000, 8192, 3, 2066)                                                                      = 0x7f92f04e5000
7930 [0x7f92f4835787] SYS_close(3, 16, 0x7f92f04e5f40, 0x6ffffdff)                                                                 = 0
7930 [0x7f92f483580a] SYS_mmap(0, 4096, 3, 34)                                                                                     = 0x7f92f4a29000
7930 [0x7f92f483580a] SYS_mmap(0, 4096, 3, 34)                                                                                     = 0x7f92f4a28000
7930 [0x7f92f483580a] SYS_mmap(0, 8192, 3, 34)                                                                                     = 0x7f92f4a26000
7930 [0x7f92f481f044] SYS_arch_prctl(4098, 0x7f92f4a26780, 0x7f92f4a27080, 34)                                                     = 0
7930 [0x7f92f4835857] SYS_mprotect(0x7f92f4175000, 0x4000, 1, 1)                                                                   = 0
7930 [0x7f92f4835857] SYS_mprotect(0x7f92f04e5000, 4096, 1, 0x7f92f02e3c68)                                                        = 0
7930 [0x7f92f4835857] SYS_mprotect(0x7f92f331b000, 4096, 1, 0x7f92f3109500)                                                        = 0
7930 [0x7f92f4835857] SYS_mprotect(0x7f92f101c000, 4096, 1, 1)                                                                     = 0
7930 [0x7f92f4835857] SYS_mprotect(0x7f92f187b000, 4096, 1, 0x7f92f1674a00)                                                        = 0
7930 [0x7f92f4835857] SYS_mprotect(0x7f92f35df000, 0x7000, 1, 0x7f92f3379810)                                                      = 0
7930 [0x7f92f4835857] SYS_mprotect(0x7f92f3102000, 4096, 1, 0x7f92f2efdd58)                                                        = 0
7930 [0x7f92f4835857] SYS_mprotect(0x7f92f4a3e000, 4096, 1, 0)                                                                     = 0
7930 [0x7f92f4835837] SYS_munmap(0x7f92f4a34000, 0x83b3, 0x71700, 0)                                                               = 0
7930 [0x7f92f310ae92] SYS_set_tid_address(0x7f92f4a26a50, 0x7fff27296118, 0x7f92f4a26780, 0)                                       = 7930
7930 [0x7f92f310aefa] SYS_set_robust_list(0x7f92f4a26a60, 24, 0x7f92f4a26780, 0)                                                   = 0
7930 [0x7f92f3114cf5] SYS_rt_sigaction(32, 0x7fff27295e68, 0, 8)                                                                   = 0
7930 [0x7f92f3114cf5] SYS_rt_sigaction(33, 0x7fff27295e68, 0, 8)                                                                   = 0
7930 [0x7f92f310afd6] SYS_rt_sigprocmask(1, 0x7fff27295fb8, 0, 8)                                                                  = 0
7930 [0x7f92f3ec1b17] SYS_getrlimit(3, 0x7fff27296050, 63, 1)                                                                      = 0
7930 [0x7f92f310ab95] SYS_futex(0x7f92f35e97e0, 129, 0x7fffffff, 0)                                                                = 0
7930 [0x4008fd] ledctrl->Lookup_Nas_Info(_T_NAS_PROP_&)(0x7fff27295f60, 0x7fff27296b94, 0, 0x7fff27296b93 <unfinished ...>
7930 [0x7f92f45c8d11]   libnasman.so->Open_Share_Memory(char const*, int, void*&, int&)(0x7f92f460d08e, 0, 0x7fff27295f20, 0x7fff27295f2c <unfinished ...>
7930 [0x7f92f3ebc557]     SYS_statfs(0x7f92f31171e8, 0x7fff27295cc0, 0x7f92f3320310, 1)                                            = 0
7930 [0x7f92f310ab95]     SYS_futex(0x7f92f3320310, 129, 0x7fffffff, 0)                                                            = 0
7930 [0x7f92f3ebc7e0]     SYS_open(0x7fff27295dd0, 0xa0000, 484, 1)                                                                = 3
7930 [0x7f92f3ebc3b4]     SYS_fstat(3, 0x7fff27295e60, 0x7fff27295e60, 1)                                                          = 0
7930 [0x7f92f3ec572a]     SYS_mmap(0, 0x2788, 1, 1)                                                                                = 0x7f92f4a3a000
7930 [0x7f92f3ebd070]     SYS_close(3, 0x2788, 1, 1)                                                                               = 0
7930 [0x7f92f45c8d11]   <... Open_Share_Memory(char const*, int, void*&, int&) resumed> )                                          = 0
7930 [0x7f92f45c8d4d]   libnasman.so->Open_Share_Memory(char const*, int, void*&, int&)(0x7f92f460d0a7, 0, 0x7fff27295f20, 0x7fff27295f2c <unfinished ...>
7930 [0x7f92f3ebc7e0]     SYS_open(0x7fff27295dd0, 0xa0000, 484, 1)                                                                = 3
7930 [0x7f92f3ebc3b4]     SYS_fstat(3, 0x7fff27295e60, 0x7fff27295e60, 1)                                                          = 0
7930 [0x7f92f3ec572a]     SYS_mmap(0, 3536, 1, 1)                                                                                  = 0x7f92f4a39000
7930 [0x7f92f3ebd070]     SYS_close(3, 3536, 1, 1)                                                                                 = 0
7930 [0x7f92f45c8d4d]   <... Open_Share_Memory(char const*, int, void*&, int&) resumed> )                                          = 0
7930 [0x7f92f45c8d7f]   libnasman.so->Open_Share_Memory(char const*, int, void*&, int&)(0x7f92f460d0b5, 0, 0x7fff27295f20, 0x7fff27295f2c <unfinished ...>
7930 [0x7f92f3ebc7e0]     SYS_open(0x7fff27295dd0, 0xa0000, 484, 1)                                                                = 3
7930 [0x7f92f3ebc3b4]     SYS_fstat(3, 0x7fff27295e60, 0x7fff27295e60, 1)                                                          = 0
7930 [0x7f92f3ec572a]     SYS_mmap(0, 4080, 1, 1)                                                                                  = 0x7f92f4a38000
7930 [0x7f92f3ebd070]     SYS_close(3, 4080, 1, 1)                                                                                 = 0
7930 [0x7f92f45c8d7f]   <... Open_Share_Memory(char const*, int, void*&, int&) resumed> )                                          = 0
7930 [0x4008fd] <... Lookup_Nas_Info(_T_NAS_PROP_&) resumed> )                                                                     = 0
7930 [0x400934] ledctrl->Hal_Led_Set_Hdd_Mode(1, 9, 0, 0 <unfinished ...>
7930 [0x7f92f4185f15]   libnhal.so->Hal_Lookup_Hardware_Info(0x7fff27295e50, 9, 0, 0 <unfinished ...>
7930 [0x7f92f3ebc7e0]     SYS_open(0x7fff27295d50, 0xa0002, 484, 1)                                                                = 3
7930 [0x7f92f3ec572a]     SYS_mmap(0, 220, 3, 1)                                                                                   = 0x7f92f4a37000
7930 [0x7f92f3ebd070]     SYS_close(3, 220, 3, 1)                                                                                  = 0
7930 [0x7f92f41847f0]     libnhal.so->Hw_Semaphore_Init(0x7fff27295e00, 0x7f92f4187287, 1, -1 <unfinished ...>
7930 [0x7f92f3ebc405]       SYS_lstat(0x7fff27295cb0, 0x7fff27295bc0, 0x7fff27295bc0, 0)                                           = -2
7930 [0x7f92f3114510]       SYS_open(0x7fff27295cb0, 194, 600, 0)                                                                  = 3
7930 [0x7f92f3113da0]       SYS_write(3, 0x7fff27295d30, 32, 0)                                                                    = 32
7930 [0x7f92f3ec572a]       SYS_mmap(0, 32, 3, 1)                                                                                  = 0x7f92f4a36000
7930 [0x7f92f3ebe1a7]       SYS_link(0x7fff27295cb0, 0x7fff27295ce0, 3, 1)                                                         = -17
7930 [0x7f92f3ec5757]       SYS_munmap(0x7f92f4a36000, 32, 3, 1)                                                                   = 0
7930 [0x7f92f3ebe2c7]       SYS_unlink(0x7fff27295cb0, 32, 3, 1)                                                                   = 0
7930 [0x7f92f3113e60]       SYS_close(3, 32, 3, 1)                                                                                 = 0
7930 [0x7f92f3114510]       SYS_open(0x7fff27295ce0, 0x20002, 18, 1)                                                               = 3
7930 [0x7f92f3ebc3b4]       SYS_fstat(3, 0x7fff27295c10, 0x7fff27295c10, 1)                                                        = 0
7930 [0x7f92f3ec1f5a]       SYS_brk(0, 0x7f92f4179640, 0, -4096)                                                                   = 0x14d2000
7930 [0x7f92f3ec1f5a]       SYS_brk(0x14f3000, 0x14d2000, 0x14f3000, -4096)                                                        = 0x14f3000
7930 [0x7f92f3ec572a]       SYS_mmap(0, 32, 3, 1)                                                                                  = 0x7f92f4a36000
7930 [0x7f92f3113e60]       SYS_close(3, 32, 0, 3)                                                                                 = 0
7930 [0x7f92f41847f0]     <... Hw_Semaphore_Init resumed> )                                                                        = 17
7930 [0x7f92f4184800]     libnhal.so->Hw_Semaphore_Lock(0x7fff27295e00, 32, 0x7f92f4a36000, -1)                                    = 0
7930 [0x7f92f4184918]     libnhal.so->Hw_Semaphore_Unlock(0x7fff27295e00, 2, 0x7f92f4a37000, 0)                                    = 0
7930 [0x7f92f4184924]     libnhal.so->Hw_Semaphore_Release(0x7fff27295e00, 128, 0, 0 <unfinished ...>
7930 [0x7f92f3ec5757]       SYS_munmap(0x7f92f4a36000, 32, 0, 1)                                                                   = 0
7930 [0x7f92f4184924]     <... Hw_Semaphore_Release resumed> )                                                                     = 0
7930 [0x7f92f4185f15]   <... Hal_Lookup_Hardware_Info resumed> )                                                                   = 0
7930 [0x400934] <... Hal_Led_Set_Hdd_Mode resumed> )                                                                               = 0xffffffea
7930 [0x7f92f45c8f15] libnasman.so->Close_Share_Memory(char const*, void*)(0x7f92f460d08e, 0x7f92f4a3a000, 0x92c05c8178903172, 4 <unfinished ...>
7930 [0x7f92f45c8b6e]   libnasman.so->Get_File_Size(char const*, long*)(0x7fff27295cc0, 0x7fff27295de8, 0x7fff27295cd5, 0 <unfinished ...>
7930 [0x7f92f3ebc365]     SYS_stat(0x7fff27295cc0, 0x7fff27295c20, 0x7fff27295c20, 1)                                              = 0
7930 [0x7f92f45c8b6e]   <... Get_File_Size(char const*, long*) resumed> )                                                          = 0
7930 [0x7f92f3ec5757]   SYS_munmap(0x7f92f4a3a000, 0x2788, 0x7fff27295c20, 1)                                                      = 0
7930 [0x7f92f45c8f15] <... Close_Share_Memory(char const*, void*) resumed> )                                                       = 0
7930 [0x7f92f45c8f37] libnasman.so->Close_Share_Memory(char const*, void*)(0x7f92f460d0a7, 0x7f92f4a39000, 0, -1 <unfinished ...>
7930 [0x7f92f45c8b6e]   libnasman.so->Get_File_Size(char const*, long*)(0x7fff27295cc0, 0x7fff27295de8, 0x7fff27295cd6, 0 <unfinished ...>
7930 [0x7f92f3ebc365]     SYS_stat(0x7fff27295cc0, 0x7fff27295c20, 0x7fff27295c20, 1)                                              = 0
7930 [0x7f92f45c8b6e]   <... Get_File_Size(char const*, long*) resumed> )                                                          = 0
7930 [0x7f92f3ec5757]   SYS_munmap(0x7f92f4a39000, 3536, 0x7fff27295c20, 1)                                                        = 0
7930 [0x7f92f45c8f37] <... Close_Share_Memory(char const*, void*) resumed> )                                                       = 0
7930 [0x7f92f45c8f59] libnasman.so->Close_Share_Memory(char const*, void*)(0x7f92f460d0b5, 0x7f92f4a38000, 0, -1 <unfinished ...>
7930 [0x7f92f45c8b6e]   libnasman.so->Get_File_Size(char const*, long*)(0x7fff27295cc0, 0x7fff27295de8, 0x7fff27295cd6, 0 <unfinished ...>
7930 [0x7f92f3ebc365]     SYS_stat(0x7fff27295cc0, 0x7fff27295c20, 0x7fff27295c20, 1)                                              = 0
7930 [0x7f92f45c8b6e]   <... Get_File_Size(char const*, long*) resumed> )                                                          = 0
7930 [0x7f92f3ec5757]   SYS_munmap(0x7f92f4a38000, 4080, 0x7fff27295c20, 1)                                                        = 0
7930 [0x7f92f45c8f59] <... Close_Share_Memory(char const*, void*) resumed> )                                                       = 0
7930 [0x7f92f3e16932] libgeneral.so->Trace_Mem_Destroy()(0x7f92f3b2ed40, 0, 0x92c0532f43503172, 16)                                = 0
7930 [0x7f92f3e99468] SYS_exit_group(-22, 60, -22, 0x7f92f417ca48 <no return ...>
7930 [0xffffffffffffffff] +++ exited (status 234) +++
