7932 [0x7f4f32fbc8aa] SYS_brk(0, 0x7f4f32fbffa0, 0, 895)                                                                           = 0x7ff000
7932 [0x7f4f32fbd7e7] SYS_readlink(0x7fffe2c15b7a, 0x7fffe2c13c50, 4096, 0x756e694c00000000)                                       = -2
7932 [0x7f4f32fbd677] SYS_open(0x7f4f32fc11f3, 0, 0, 0x756e694c00000000)                                                           = 3
7932 [0x7f4f32fbd7a7] SYS_chdir(0x7f4f331c8ba8, 0, 0, 0x756e694c00000000)                                                          = -2
7932 [0x7f4f32fbc9d2] SYS_getcwd(0x7fffe2c13c50, 4096, 0, 0x756e694c00000000)                                                      = 23
7932 [0x7f4f32fbd7c7] SYS_fchdir(3, 4096, 0, 0x756e694c00000000)                                                                   = 0
7932 [0x7f4f32fbd787] SYS_close(3, 4096, 0, 0x756e694c00000000)                                                                    = 0
7932 [0x7f4f32fbd80a] SYS_mmap(0, 4096, 3, 34)                                                                                     = 0x7f4f331c5000
7932 [0x7f4f32fbd6d7] SYS_access(0x7f4f32fc3700, 4, 0x7f4f331c8718, 0)                                                             = -2
7932 [0x7f4f32fbd677] SYS_open(0x7f4f32fc1072, 0x80000, 1, 0)                                                                      = 3
7932 [0x7f4f32fbd604] SYS_fstat(3, 0x7fffe2c13430, 0x7fffe2c13430, 0)                                                              = 0
7932 [0x7f4f32fbd80a] SYS_mmap(0, 0x83b3, 1, 2)                                                                                    = 0x7f4f331bc000
7932 [0x7f4f32fbd787] SYS_close(3, 0x83b3, 1, 2)                                                                                   = 0
7932 [0x7f4f32fbd677] SYS_open(0x7f4f331c5640, 0x80000, 0, 56)                                                                     = 3
7932 [0x7f4f32fbd697] SYS_read(3, 0x7fffe2c135b8, 832, 56)                                                                         = 832
7932 [0x7f4f32fbd604] SYS_fstat(3, 0x7fffe2c13490, 0x7fffe2c13490, 16)                                                             = 0
7932 [0x7f4f32fbd80a] SYS_mmap(0, 0x278960, 5, 2050)                                                                               = 0x7f4f32d2d000
7932 [0x7f4f32fbd857] SYS_mprotect(0x7f4f32da3000, 0x200000, 0, 2050)                                                              = 0
7932 [0x7f4f32fbd80a] SYS_mmap(0x7f4f32fa3000, 0x3000, 3, 2066)                                                                    = 0x7f4f32fa3000
7932 [0x7f4f32fbd787] SYS_close(3, 16, 0x7f4f32fa33e0, 0x6ffffdff)                                                                 = 0
7932 [0x7f4f32fbd677] SYS_open(0x7f4f331c5b10, 0x80000, 0, 0x6ffffdff)                                                             = 3
7932 [0x7f4f32fbd697] SYS_read(3, 0x7fffe2c13588, 832, 0x6ffffdff)                                                                 = 832
7932 [0x7f4f32fbd604] SYS_fstat(3, 0x7fffe2c13460, 0x7fffe2c13460, 16)                                                             = 0
7932 [0x7f4f32fbd80a] SYS_mmap(0, 0x21bee0, 5, 2050)                                                                               = 0x7f4f32b11000
7932 [0x7f4f32fbd857] SYS_mprotect(0x7f4f32b2c000, 0x200000, 0, 2050)                                                              = 0
7932 [0x7f4f32fbd80a] SYS_mmap(0x7f4f32d2c000, 4096, 3, 2066)                                                                      = 0x7f4f32d2c000
7932 [0x7f4f32fbd787] SYS_close(3, 16, 0x7f4f32d2c208, 0x6ffffdff)                                                                 = 0
7932 [0x7f4f32fbd677] SYS_open(0x7f4f331c5fe0, 0x80000, 0, 0x6ffffdff)                                                             = 3
7932 [0x7f4f32fbd697] SYS_read(3, 0x7fffe2c13558, 832, 0x6ffffdff)                                                                 = 832
7932 [0x7f4f32fbd604] SYS_fstat(3, 0x7fffe2c13430, 0x7fffe2c13430, 16)                                                             = 0
7932 [0x7f4f32fbd80a] SYS_mmap(0, 4096, 3, 34)                                                                                     = 0x7f4f331bb000
7932 [0x7f4f32fbd80a] SYS_mmap(0, 0x209ad0, 5, 2050)                                                                               = 0x7f4f32907000
7932 [0x7f4f32fbd857] SYS_mprotect(0x7f4f32911000, 0x1ff000, 0, 2050)                                                              = 0
7932 [0x7f4f32fbd80a] SYS_mmap(0x7f4f32b10000, 4096, 3, 2066)                                                                      = 0x7f4f32b10000
7932 [0x7f4f32fbd787] SYS_close(3, 16, 0x7f4f32b10690, 0x6ffffdff)                                                                 = 0
7932 [0x7f4f32fbd677] SYS_open(0x7f4f331bb4b8, 0x80000, 0, 0x6ffffdff)                                                             = 3
7932 [0x7f4f32fbd697] SYS_read(3, 0x7fffe2c13528, 832, 0x6ffffdff)                                                                 = 832
7932 [0x7f4f32fbd604] SYS_fstat(3, 0x7fffe2c13400, 0x7fffe2c13400, 32)                                                             = 0
7932 [0x7f4f32fbd80a] SYS_mmap(0, 0x39dc40, 5, 2050)                                                                               = 0x7f4f32569000
7932 [0x7f4f32fbd857] SYS_mprotect(0x7f4f326fd000, 0x200000, 0, 2050)                                                              = 0
7932 [0x7f4f32fbd80a] SYS_mmap(0x7f4f328fd000, 0x6000, 3, 2066)                                                                    = 0x7f4f328fd000
7932 [0x7f4f32fbd80a] SYS_mmap(0x7f4f32903000, 0x3c40, 3, 50)                                                                      = 0x7f4f32903000
7932 [0x7f4f32fbd787] SYS_close(3, 16, 0, 0x6ffffdff)                                                                              = 0
7932 [0x7f4f32fbd677] SYS_open(0x7f4f331bb988, 0x80000, 0, 0x6ffffdff)                                                             = 3
7932 [0x7f4f32fbd697] SYS_read(3, 0x7fffe2c133d8, 832, 0x6ffffdff)                                                                 = 832
7932 [0x7f4f32fbd604] SYS_fstat(3, 0x7fffe2c132b0, 0x7fffe2c132b0, 16)                                                             = 0
7932 [0x7f4f32fbd80a] SYS_mmap(0, 0x2b09d0, 5, 2050)                                                                               = 0x7f4f322b8000
7932 [0x7f4f32fbd857] SYS_mprotect(0x7f4f32367000, 0x1ff000, 0, 2050)                                                              = 0
7932 [0x7f4f32fbd80a] SYS_mmap(0x7f4f32566000, 0x3000, 3, 2066)                                                                    = 0x7f4f32566000
7932 [0x7f4f32fbd787] SYS_close(3, 16, 0x7f4f325669a8, 0x6ffffdff)                                                                 = 0
7932 [0x7f4f32fbd677] SYS_open(0x7f4f331bbe58, 0x80000, 0, 0x6ffffdff)                                                             = 3
7932 [0x7f4f32fbd697] SYS_read(3, 0x7fffe2c133a8, 832, 0x6ffffdff)                                                                 = 832
7932 [0x7f4f32fbd604] SYS_fstat(3, 0x7fffe2c13280, 0x7fffe2c13280, 16)                                                             = 0
7932 [0x7f4f32fbd80a] SYS_mmap(0, 4096, 3, 34)                                                                                     = 0x7f4f331ba000
7932 [0x7f4f32fbd80a] SYS_mmap(0, 0x294ee0, 5, 2050)                                                                               = 0x7f4f32023000
7932 [0x7f4f32fbd857] SYS_mprotect(0x7f4f320b5000, 0x1ff000, 0, 2050)                                                              = 0
7932 [0x7f4f32fbd80a] SYS_mmap(0x7f4f322b4000, 0x3000, 3, 2066)                                                                    = 0x7f4f322b4000
7932 [0x7f4f32fbd80a] SYS_mmap(0x7f4f322b7000, 3808, 3, 50)                                                                        = 0x7f4f322b7000
7932 [0x7f4f32fbd787] SYS_close(3, 16, 0x7f4f322b4e30, 0x6ffffdff)                                                                 = 0
7932 [0x7f4f32fbd677] SYS_open(0x7f4f331ba4b8, 0x80000, 0, 0x6ffffdff)                                                             = 3
7932 [0x7f4f32fbd697] SYS_read(3, 0x7fffe2c13378, 832, 0x6ffffdff)                                                                 = 832
7932 [0x7f4f32fbd604] SYS_fstat(3, 0x7fffe2c13250, 0x7fffe2c13250, 16)                                                             = 0
7932 [0x7f4f32fbd80a] SYS_mmap(0, 0x29d850, 5, 2050)                                                                               = 0x7f4f31d85000
7932 [0x7f4f32fbd857] SYS_mprotect(0x7f4f31e1e000, 0x200000, 0, 2050)                                                              = 0
7932 [0x7f4f32fbd80a] SYS_mmap(0x7f4f3201e000, 0x3000, 3, 2066)                                                                    = 0x7f4f3201e000
7932 [0x7f4f32fbd80a] SYS_mmap(0x7f4f32021000, 6224, 3, 50)                                                                        = 0x7f4f32021000
7932 [0x7f4f32fbd787] SYS_close(3, 16, 0x7f4f3201fcc8, 0x6ffffdff)                                                                 = 0
7932 [0x7f4f32fbd677] SYS_open(0x7f4f331ba9a0, 0x80000, 0, 0x6ffffdff)                                                             = 3
7932 [0x7f4f32fbd697] SYS_read(3, 0x7fffe2c13348, 832, 0x6ffffdff)                                                                 = 832
7932 [0x7f4f32fbd604] SYS_fstat(3, 0x7fffe2c13220, 0x7fffe2c13220, 16)                                                             = 0
7932 [0x7f4f32fbd80a] SYS_mmap(0, 0x2dbbb0, 5, 2050)                                                                               = 0x7f4f31aa9000
7932 [0x7f4f32fbd857] SYS_mprotect(0x7f4f31b67000, 0x200000, 0, 2050)                                                              = 0
7932 [0x7f4f32fbd80a] SYS_mmap(0x7f4f31d67000, 0xa000, 3, 2066)                                                                    = 0x7f4f31d67000
7932 [0x7f4f32fbd80a] SYS_mmap(0x7f4f31d71000, 0x13bb0, 3, 50)                                                                     = 0x7f4f31d71000
7932 [0x7f4f32fbd787] SYS_close(3, 16, 0x7f4f31d6d4d8, 0x6ffffdff)                                                                 = 0
7932 [0x7f4f32fbd677] SYS_open(0x7f4f331bae70, 0x80000, 0, 0x6ffffdff)                                                             = 3
7932 [0x7f4f32fbd697] SYS_read(3, 0x7fffe2c13318, 832, 0x6ffffdff)                                                                 = 832
7932 [0x7f4f32fbd604] SYS_fstat(3, 0x7fffe2c131f0, 0x7fffe2c131f0, 32)                                                             = 0
7932 [0x7f4f32fbd80a] SYS_mmap(0, 4096, 3, 34)                                                                                     = 0x7f4f331b9000
7932 [0x7f4f32fbd80a] SYS_mmap(0, 0x21c490, 5, 2050)                                                                               = 0x7f4f3188c000
7932 [0x7f4f32fbd857] SYS_mprotect(0x7f4f318a4000, 0x1ff000, 0, 2050)                                                              = 0
7932 [0x7f4f32fbd80a] SYS_mmap(0x7f4f31aa3000, 8192, 3, 2066)                                                                      = 0x7f4f31aa3000
7932 [0x7f4f32fbd80a] SYS_mmap(0x7f4f31aa5000, 0x3490, 3, 50)                                                                      = 0x7f4f31aa5000
7932 [0x7f4f32fbd787] SYS_close(3, 16, 0, 0x6ffffdff)                                                                              = 0
7932 [0x7f4f32fbd677] SYS_open(0x7f4f331b94b8, 0x80000, 0, 0x6ffffdff)                                                             = 3
7932 [0x7f4f32fbd697] SYS_read(3, 0x7fffe2c132e8, 832, 0x6ffffdff)                                                                 = 832
7932 [0x7f4f32fbd604] SYS_fstat(3, 0x7fffe2c131c0, 0x7fffe2c131c0, 32)                                                             = 0
7932 [0x7f4f32fbd80a] SYS_mmap(0, 0x207bc0, 5, 2050)                                                                               = 0x7f4f31684000
7932 [0x7f4f32fbd857] SYS_mprotect(0x7f4f3168b000, 0x1ff000, 0, 2050)                                                              = 0
7932 [0x7f4f32fbd80a] SYS_mmap(0x7f4f3188a000, 8192, 3, 2066)                                                                      = 0x7f4f3188a000
7932 [0x7f4f32fbd787] SYS_close(3, 16, 0, 0x6ffffdff)                                                                              = 0
7932 [0x7f4f32fbd677] SYS_open(0x7f4f331b9988, 0x80000, 0, 0x6ffffdff)                                                             = 3
7932 [0x7f4f32fbd697] SYS_read(3, 0x7fffe2c132b8, 832, 0x6ffffdff)                                                                 = 832
7932 [0x7f4f32fbd604] SYS_fstat(3, 0x7fffe2c13190, 0x7fffe2c13190, 16)                                                             = 0
7932 [0x7f4f32fbd80a] SYS_mmap(0, 0x202e20, 5, 2050)                                                                               = 0x7f4f31481000
7932 [0x7f4f32fbd857] SYS_mprotect(0x7f4f31484000, 0x1ff000, 0, 2050)                                                              = 0
7932 [0x7f4f32fbd80a] SYS_mmap(0x7f4f31683000, 4096, 3, 2066)                                                                      = 0x7f4f31683000
7932 [0x7f4f32fbd787] SYS_close(3, 16, 0x7f4f31683c28, 0x6ffffdff)                                                                 = 0
7932 [0x7f4f32fbd677] SYS_open(0x7f4f331b9e58, 0x80000, 0, 0x6ffffdff)                                                             = 3
7932 [0x7f4f32fbd697] SYS_read(3, 0x7fffe2c13288, 832, 0x6ffffdff)                                                                 = 832
7932 [0x7f4f32fbd604] SYS_fstat(3, 0x7fffe2c13160, 0x7fffe2c13160, 16)                                                             = 0
7932 [0x7f4f32fbd80a] SYS_mmap(0, 4096, 3, 34)                                                                                     = 0x7f4f331b8000
7932 [0x7f4f32fbd80a] SYS_mmap(0, 0x209850, 5, 2050)                                                                               = 0x7f4f31277000
7932 [0x7f4f32fbd857] SYS_mprotect(0x7f4f31281000, 0x1ff000, 0, 2050)                                                              = 0
7932 [0x7f4f32fbd80a] SYS_mmap(0x7f4f31480000, 4096, 3, 2066)                                                                      = 0x7f4f31480000
7932 [0x7f4f32fbd787] SYS_close(3, 16, 0x7f4f31480618, 0x6ffffdff)                                                                 = 0
7932 [0x7f4f32fbd677] SYS_open(0x7f4f331b84b8, 0x80000, 0, 0x6ffffdff)                                                             = 3
7932 [0x7f4f32fbd697] SYS_read(3, 0x7fffe2c13258, 832, 0x6ffffdff)                                                                 = 832
7932 [0x7f4f32fbd604] SYS_fstat(3, 0x7fffe2c13130, 0x7fffe2c13130, 16)                                                             = 0
7932 [0x7f4f32fbd80a] SYS_mmap(0, 0x210868, 5, 2050)                                                                               = 0x7f4f31066000
7932 [0x7f4f32fbd857] SYS_mprotect(0x7f4f31077000, 0x1ff000, 0, 2050)                                                              = 0
7932 [0x7f4f32fbd80a] SYS_mmap(0x7f4f31276000, 4096, 3, 2066)                                                                      = 0x7f4f31276000
7932 [0x7f4f32fbd787] SYS_close(3, 16, 0x7f4f31276408, 0x6ffffdff)                                                                 = 0
7932 [0x7f4f32fbd677] SYS_open(0x7f4f331b8a40, 0x80000, 0, 0x7f4f331b99a0)                                                         = 3
7932 [0x7f4f32fbd697] SYS_read(3, 0x7fffe2c130f8, 832, 0x7f4f331b99a0)                                                             = 832
7932 [0x7f4f32fbd604] SYS_fstat(3, 0x7fffe2c12fd0, 0x7fffe2c12fd0, 16)                                                             = 0
7932 [0x7f4f32fbd80a] SYS_mmap(0, 0x2032c8, 5, 2050)                                                                               = 0x7f4f30e62000
7932 [0x7f4f32fbd857] SYS_mprotect(0x7f4f30e65000, 0x200000, 0, 2050)                                                              = 0
7932 [0x7f4f32fbd80a] SYS_mmap(0x7f4f31065000, 4096, 3, 2066)                                                                      = 0x7f4f31065000
7932 [0x7f4f32fbd787] SYS_close(3, 16, 0x7f4f31065188, 0x6ffffdff)                                                                 = 0
7932 [0x7f4f32fbd677] SYS_open(0x7f4f331b8f28, 0x80000, 0, 0x6ffffdff)                                                             = 3
7932 [0x7f4f32fbd697] SYS_read(3, 0x7fffe2c130c8, 832, 0x6ffffdff)                                                                 = 832
7932 [0x7f4f32fbd604] SYS_fstat(3, 0x7fffe2c12fa0, 0x7fffe2c12fa0, 16)                                                             = 0
7932 [0x7f4f32fbd80a] SYS_mmap(0, 4096, 3, 34)                                                                                     = 0x7f4f331b7000
7932 [0x7f4f32fbd80a] SYS_mmap(0, 0x207820, 5, 2050)                                                                               = 0x7f4f30c5a000
7932 [0x7f4f32fbd857] SYS_mprotect(0x7f4f30c61000, 0x200000, 0, 2050)                                                              = 0
7932 [0x7f4f32fbd80a] SYS_mmap(0x7f4f30e61000, 4096, 3, 2066)                                                                      = 0x7f4f30e61000
7932 [0x7f4f32fbd787] SYS_close(3, 16, 0x7f4f30e61188, 0x6ffffdff)                                                                 = 0
7932 [0x7f4f32fbd677] SYS_open(0x7f4f331b74c8, 0x80000, 0, 0x6ffffdff)                                                             = 3
7932 [0x7f4f32fbd697] SYS_read(3, 0x7fffe2c13098, 832, 0x6ffffdff)                                                                 = 832
7932 [0x7f4f32fbd604] SYS_fstat(3, 0x7fffe2c12f70, 0x7fffe2c12f70, 16)                                                             = 0
7932 [0x7f4f32fbd80a] SYS_mmap(0, 0x201f30, 5, 2050)                                                                               = 0x7f4f30a58000
7932 [0x7f4f32fbd857] SYS_mprotect(0x7f4f30a5a000, 0x1ff000, 0, 2050)                                                              = 0
7932 [0x7f4f32fbd80a] SYS_mmap(0x7f4f30c59000, 4096, 3, 2066)                                                                      = 0x7f4f30c59000
7932 [0x7f4f32fbd787] SYS_close(3, 16, 0x7f4f30c59e18, 0x6ffffdff)                                                                 = 0
7932 [0x7f4f32fbd677] SYS_open(0x7f4f331b7a60, 0x80000, 0, 0x7f4f331bb4d0)                                                         = 3
7932 [0x7f4f32fbd697] SYS_read(3, 0x7fffe2c13068, 832, 0x7f4f331bb4d0)                                                             = 832
7932 [0x7f4f32fbd604] SYS_fstat(3, 0x7fffe2c12f40, 0x7fffe2c12f40, 16)                                                             = 0
7932 [0x7f4f32fbd80a] SYS_mmap(0, 0x2022e8, 5, 2050)                                                                               = 0x7f4f30855000
7932 [0x7f4f32fbd857] SYS_mprotect(0x7f4f30857000, 0x200000, 0, 2050)                                                              = 0
7932 [0x7f4f32fbd80a] SYS_mmap(0x7f4f30a57000, 4096, 3, 2066)                                                                      = 0x7f4f30a57000
7932 [0x7f4f32fbd787] SYS_close(3, 16, 0x7f4f30a57198, 0x6ffffdff)                                                                 = 0
7932 [0x7f4f32fbd677] SYS_open(0x7f4f331b7f40, 0x80000, 0, 0x6ffffdff)                                                             = 3
7932 [0x7f4f32fbd697] SYS_read(3, 0x7fffe2c13038, 832, 0x6ffffdff)                                                                 = 832
7932 [0x7f4f32fbd604] SYS_fstat(3, 0x7fffe2c12f10, 0x7fffe2c12f10, 16)                                                             = 0
7932 [0x7f4f32fbd80a] SYS_mmap(0, 4096, 3, 34)                                                                                     = 0x7f4f331b6000
7932 [0x7f4f32fbd80a] SYS_mmap(0, 0x201f30, 5, 2050)                                                                               = 0x7f4f30653000
7932 [0x7f4f32fbd857] SYS_mprotect(0x7f4f30655000, 0x1ff000, 0, 2050)                                                              = 0
7932 [0x7f4f32fbd80a] SYS_mmap(0x7f4f30854000, 4096, 3, 2066)                                                                      = 0x7f4f30854000
7932 [0x7f4f32fbd787] SYS_close(3, 16, 0x7f4f30854e18, 0x6ffffdff)                                                                 = 0
7932 [0x7f4f32fbd677] SYS_open(0x7f4f331b64c0, 0x80000, 0, 0x6ffffdff)                                                             = 3
7932 [0x7f4f32fbd697] SYS_read(3, 0x7fffe2c13008, 832, 0x6ffffdff)                                                                 = 832
7932 [0x7f4f32fbd604] SYS_fstat(3, 0x7fffe2c12ee0, 0x7fffe2c12ee0, 16)                                                             = 0
7932 [0x7f4f32fbd80a] SYS_mmap(0, 0x2038b8, 5, 2050)                                                                               = 0x7f4f3044f000
7932 [0x7f4f32fbd857] SYS_mprotect(0x7f4f30453000, 0x1ff000, 0, 2050)                                                              = 0
7932 [0x7f4f32fbd80a] SYS_mmap(0x7f4f30652000, 4096, 3, 2066)                                                                      = 0x7f4f30652000
7932 [0x7f4f32fbd787] SYS_close(3, 16, 0x7f4f30652748, 0x6ffffdff)                                                                 = 0
7932 [0x7f4f32fbd677] SYS_open(0x7f4f331b6a60, 0x80000, 0, 0x7f4f331b9000)                                                         = 3
7932 [0x7f4f32fbd697] SYS_read(3, 0x7fffe2c12fa8, 832, 0x7f4f331b9000)                                                             = 832
7932 [0x7f4f32fbd604] SYS_fstat(3, 0x7fffe2c12e80, 0x7fffe2c12e80, 16)                                                             = 0
7932 [0x7f4f32fbd80a] SYS_mmap(0, 0x210848, 5, 2050)                                                                               = 0x7f4f3023e000
7932 [0x7f4f32fbd857] SYS_mprotect(0x7f4f3024e000, 0x1ff000, 0, 2050)                                                              = 0
7932 [0x7f4f32fbd80a] SYS_mmap(0x7f4f3044d000, 8192, 3, 2066)                                                                      = 0x7f4f3044d000
7932 [0x7f4f32fbd787] SYS_close(3, 16, 0x7f4f3044dd90, 0x6ffffdff)                                                                 = 0
7932 [0x7f4f32fbd677] SYS_open(0x7f4f331b6f48, 0x80000, 0, 0x6ffffdff)                                                             = 3
7932 [0x7f4f32fbd697] SYS_read(3, 0x7fffe2c12f78, 832, 0x6ffffdff)                                                                 = 832
7932 [0x7f4f32fbd604] SYS_fstat(3, 0x7fffe2c12e50, 0x7fffe2c12e50, 16)                                                             = 0
7932 [0x7f4f32fbd80a] SYS_mmap(0, 4096, 3, 34)                                                                                     = 0x7f4f331b5000
7932 [0x7f4f32fbd80a] SYS_mmap(0, 0x20acf0, 5, 2050)                                                                               = 0x7f4f30033000
7932 [0x7f4f32fbd857] SYS_mprotect(0x7f4f3003e000, 0x1ff000, 0, 2050)                                                              = 0
7932 [0x7f4f32fbd80a] SYS_mmap(0x7f4f3023d000, 4096, 3, 2066)                                                                      = 0x7f4f3023d000
7932 [0x7f4f32fbd787] SYS_close(3, 16, 0x7f4f3023d750, 0x6ffffdff)                                                                 = 0
7932 [0x7f4f32fbd677] SYS_open(0x7f4f331b5560, 0x80000, 0, 0x7f4f331b9000)                                                         = 3
7932 [0x7f4f32fbd697] SYS_read(3, 0x7fffe2c12f48, 832, 0x7f4f331b9000)                                                             = 832
7932 [0x7f4f32fbd604] SYS_fstat(3, 0x7fffe2c12e20, 0x7fffe2c12e20, 32)                                                             = 0
7932 [0x7f4f32fbd80a] SYS_mmap(0, 0x2361e0, 5, 2050)                                                                               = 0x7f4f2fdfc000
7932 [0x7f4f32fbd857] SYS_mprotect(0x7f4f2fe04000, 0x1ff000, 0, 2050)                                                              = 0
7932 [0x7f4f32fbd80a] SYS_mmap(0x7f4f30003000, 8192, 3, 2066)                                                                      = 0x7f4f30003000
7932 [0x7f4f32fbd80a] SYS_mmap(0x7f4f30005000, 0x2d1e0, 3, 50)                                                                     = 0x7f4f30005000
7932 [0x7f4f32fbd787] SYS_close(3, 16, 0, 0x6ffffdff)                                                                              = 0
7932 [0x7f4f32fbd677] SYS_open(0x7f4f331b5a30, 0x80000, 0, 0x6ffffdff)                                                             = 3
7932 [0x7f4f32fbd697] SYS_read(3, 0x7fffe2c12f18, 832, 0x6ffffdff)                                                                 = 832
7932 [0x7f4f32fbd604] SYS_fstat(3, 0x7fffe2c12df0, 0x7fffe2c12df0, 16)                                                             = 0
7932 [0x7f4f32fbd80a] SYS_mmap(0, 0x43fe88, 5, 2050)                                                                               = 0x7f4f2f9bc000
7932 [0x7f4f32fbd857] SYS_mprotect(0x7f4f2fbd1000, 0x200000, 0, 2050)                                                              = 0
7932 [0x7f4f32fbd80a] SYS_mmap(0x7f4f2fdd1000, 0x27000, 3, 2066)                                                                   = 0x7f4f2fdd1000
7932 [0x7f4f32fbd80a] SYS_mmap(0x7f4f2fdf8000, 0x3e88, 3, 50)                                                                      = 0x7f4f2fdf8000
7932 [0x7f4f32fbd857] SYS_mprotect(0x7fffe2c14000, 4096, 0x1000007, 4)                                                             = 0
7932 [0x7f4f32fbd787] SYS_close(3, 4096, 0x1000007, 4)                                                                             = 0
7932 [0x7f4f32fbd677] SYS_open(0x7f4f331b5fb0, 0x80000, 0, 0x7f4f331b84d0)                                                         = 3
7932 [0x7f4f32fbd697] SYS_read(3, 0x7fffe2c12ee8, 832, 0x7f4f331b84d0)                                                             = 832
7932 [0x7f4f32fbd604] SYS_fstat(3, 0x7fffe2c12dc0, 0x7fffe2c12dc0, 16)                                                             = 0
7932 [0x7f4f32fbd80a] SYS_mmap(0, 4096, 3, 34)                                                                                     = 0x7f4f331b4000
7932 [0x7f4f32fbd80a] SYS_mmap(0, 0x215730, 5, 2050)                                                                               = 0x7f4f2f7a6000
7932 [0x7f4f32fbd857] SYS_mprotect(0x7f4f2f7bc000, 0x1ff000, 0, 2050)                                                              = 0
7932 [0x7f4f32fbd80a] SYS_mmap(0x7f4f2f9bb000, 4096, 3, 2066)                                                                      = 0x7f4f2f9bb000
7932 [0x7f4f32fbd787] SYS_close(3, 16, 0x7f4f2f9bb490, 0x6ffffdff)                                                                 = 0
7932 [0x7f4f32fbd677] SYS_open(0x7f4f331b44f0, 0x80000, 0, 0x6ffffdff)                                                             = 3
7932 [0x7f4f32fbd697] SYS_read(3, 0x7fffe2c12eb8, 832, 0x6ffffdff)                                                                 = 832
7932 [0x7f4f32fbd604] SYS_fstat(3, 0x7fffe2c12d90, 0x7fffe2c12d90, 32)                                                             = 0
7932 [0x7f4f32fbd80a] SYS_mmap(0, 0x2fd148, 5, 2050)                                                                               = 0x7f4f2f4a8000
7932 [0x7f4f32fbd857] SYS_mprotect(0x7f4f2f5a5000, 0x1ff000, 0, 2050)                                                              = 0
7932 [0x7f4f32fbd80a] SYS_mmap(0x7f4f2f7a4000, 8192, 3, 2066)                                                                      = 0x7f4f2f7a4000
7932 [0x7f4f32fbd787] SYS_close(3, 16, 0, 0x6ffffdff)                                                                              = 0
7932 [0x7f4f32fbd677] SYS_open(0x7fffe2c12c80, 0x80000, 0, 0x36782f39325f3130)                                                     = -2
7932 [0x7f4f32fbd5c5] SYS_stat(0x7fffe2c12c80, 0x7fffe2c12d60, 0x7fffe2c12d60, 0x36782f39325f3130)                                 = -2
7932 [0x7f4f32fbd677] SYS_open(0x7fffe2c12c80, 0x80000, 0, 0x36782f39325f3130)                                                     = -2
7932 [0x7f4f32fbd5c5] SYS_stat(0x7fffe2c12c80, 0x7fffe2c12d60, 0x7fffe2c12d60, 0x36782f39325f3130)                                 = -2
7932 [0x7f4f32fbd677] SYS_open(0x7fffe2c12c80, 0x80000, 0, 0x36782f39325f3130)                                                     = -2
7932 [0x7f4f32fbd5c5] SYS_stat(0x7fffe2c12c80, 0x7fffe2c12d60, 0x7fffe2c12d60, 0x36782f39325f3130)                                 = -2
7932 [0x7f4f32fbd677] SYS_open(0x7fffe2c12c80, 0x80000, 0, 0x36782f39325f3130)                                                     = -2
7932 [0x7f4f32fbd5c5] SYS_stat(0x7fffe2c12c80, 0x7fffe2c12d60, 0x7fffe2c12d60, 0x36782f39325f3130)                                 = -2
7932 [0x7f4f32fbd677] SYS_open(0x7f4f331b4dd0, 0x80000, 0, 0x36782f39325f3130)                                                     = 3
7932 [0x7f4f32fbd697] SYS_read(3, 0x7fffe2c12e88, 832, 0x36782f39325f3130)                                                         = 832
7932 [0x7f4f32fbd604] SYS_fstat(3, 0x7fffe2c12d60, 0x7fffe2c12d60, 16)                                                             = 0
7932 [0x7f4f32fbd80a] SYS_mmap(0, 4096, 3, 34)                                                                                     = 0x7f4f331b3000
7932 [0x7f4f32fbd80a] SYS_mmap(0, 0x2f8980, 5, 2050)                                                                               = 0x7f4f2f1af000
7932 [0x7f4f32fbd857] SYS_mprotect(0x7f4f2f2a6000, 0x200000, 0, 2050)                                                              = 0
7932 [0x7f4f32fbd80a] SYS_mmap(0x7f4f2f4a6000, 8192, 3, 2066)                                                                      = 0x7f4f2f4a6000
7932 [0x7f4f32fbd787] SYS_close(3, 16, 0x7f4f2f4a63a0, 0x6ffffdff)                                                                 = 0
7932 [0x7f4f32fbd677] SYS_open(0x7f4f331b34c8, 0x80000, 0, 0x6ffffdff)                                                             = 3
7932 [0x7f4f32fbd697] SYS_read(3, 0x7fffe2c12e58, 832, 0x6ffffdff)                                                                 = 832
7932 [0x7f4f32fbd604] SYS_fstat(3, 0x7fffe2c12d30, 0x7fffe2c12d30, 16)                                                             = 0
7932 [0x7f4f32fbd80a] SYS_mmap(0, 0x2fc9d8, 5, 2050)                                                                               = 0x7f4f2eeb2000
7932 [0x7f4f32fbd857] SYS_mprotect(0x7f4f2efad000, 0x200000, 0, 2050)                                                              = 0
7932 [0x7f4f32fbd80a] SYS_mmap(0x7f4f2f1ad000, 8192, 3, 2066)                                                                      = 0x7f4f2f1ad000
7932 [0x7f4f32fbd787] SYS_close(3, 16, 0x7f4f2f1ae828, 0x6ffffdff)                                                                 = 0
7932 [0x7f4f32fbd677] SYS_open(0x7f4f331b3998, 0x80000, 0, 0x6ffffdff)                                                             = 3
7932 [0x7f4f32fbd697] SYS_read(3, 0x7fffe2c12e28, 832, 0x6ffffdff)                                                                 = 832
7932 [0x7f4f32fbd604] SYS_fstat(3, 0x7fffe2c12d00, 0x7fffe2c12d00, 16)                                                             = 0
7932 [0x7f4f32fbd80a] SYS_mmap(0, 0x242830, 5, 2050)                                                                               = 0x7f4f2ec6f000
7932 [0x7f4f32fbd857] SYS_mprotect(0x7f4f2ecb2000, 0x1ff000, 0, 2050)                                                              = 0
7932 [0x7f4f32fbd80a] SYS_mmap(0x7f4f2eeb1000, 4096, 3, 2066)                                                                      = 0x7f4f2eeb1000
7932 [0x7f4f32fbd787] SYS_close(3, 16, 0x7f4f2eeb1630, 0x6ffffdff)                                                                 = 0
7932 [0x7f4f32fbd677] SYS_open(0x7f4f331b3f70, 0x80000, 0, 0x7f4f331ba9b8)                                                         = 3
7932 [0x7f4f32fbd697] SYS_read(3, 0x7fffe2c12df8, 832, 0x7f4f331ba9b8)                                                             = 832
7932 [0x7f4f32fbd604] SYS_fstat(3, 0x7fffe2c12cd0, 0x7fffe2c12cd0, 32)                                                             = 0
7932 [0x7f4f32fbd80a] SYS_mmap(0, 4096, 3, 34)                                                                                     = 0x7f4f331b2000
7932 [0x7f4f32fbd80a] SYS_mmap(0, 0x203118, 5, 2050)                                                                               = 0x7f4f2ea6b000
7932 [0x7f4f32fbd857] SYS_mprotect(0x7f4f2ea6d000, 0x200000, 0, 2050)                                                              = 0
7932 [0x7f4f32fbd80a] SYS_mmap(0x7f4f2ec6d000, 8192, 3, 2066)                                                                      = 0x7f4f2ec6d000
7932 [0x7f4f32fbd787] SYS_close(3, 16, 0x7f4f2ec6df40, 0x6ffffdff)                                                                 = 0
7932 [0x7f4f32fbd80a] SYS_mmap(0, 4096, 3, 34)                                                                                     = 0x7f4f331b1000
7932 [0x7f4f32fbd80a] SYS_mmap(0, 4096, 3, 34)                                                                                     = 0x7f4f331b0000
7932 [0x7f4f32fbd80a] SYS_mmap(0, 8192, 3, 34)                                                                                     = 0x7f4f331ae000
7932 [0x7f4f32fa7044] SYS_arch_prctl(4098, 0x7f4f331ae780, 0x7f4f331af080, 34)                                                     = 0
7932 [0x7f4f32fbd857] SYS_mprotect(0x7f4f328fd000, 0x4000, 1, 1)                                                                   = 0
7932 [0x7f4f32fbd857] SYS_mprotect(0x7f4f2ec6d000, 4096, 1, 0x7f4f2ea6bc68)                                                        = 0
7932 [0x7f4f32fbd857] SYS_mprotect(0x7f4f31aa3000, 4096, 1, 0x7f4f31891500)                                                        = 0
7932 [0x7f4f32fbd857] SYS_mprotect(0x7f4f2f7a4000, 4096, 1, 1)                                                                     = 0
7932 [0x7f4f32fbd857] SYS_mprotect(0x7f4f30003000, 4096, 1, 0x7f4f2fdfca00)                                                        = 0
7932 [0x7f4f32fbd857] SYS_mprotect(0x7f4f31d67000, 0x7000, 1, 0x7f4f31b01810)                                                      = 0
7932 [0x7f4f32fbd857] SYS_mprotect(0x7f4f3188a000, 4096, 1, 0x7f4f31685d58)                                                        = 0
7932 [0x7f4f32fbd857] SYS_mprotect(0x7f4f331c6000, 4096, 1, 0)                                                                     = 0
7932 [0x7f4f32fbd837] SYS_munmap(0x7f4f331bc000, 0x83b3, 0x7b900, 0)                                                               = 0
7932 [0x7f4f31892e92] SYS_set_tid_address(0x7f4f331aea50, 0x7fffe2c14de8, 0x7f4f331ae780, 0)                                       = 7932
7932 [0x7f4f31892efa] SYS_set_robust_list(0x7f4f331aea60, 24, 0x7f4f331ae780, 0)                                                   = 0
7932 [0x7f4f3189ccf5] SYS_rt_sigaction(32, 0x7fffe2c14b38, 0, 8)                                                                   = 0
7932 [0x7f4f3189ccf5] SYS_rt_sigaction(33, 0x7fffe2c14b38, 0, 8)                                                                   = 0
7932 [0x7f4f31892fd6] SYS_rt_sigprocmask(1, 0x7fffe2c14c88, 0, 8)                                                                  = 0
7932 [0x7f4f32649b17] SYS_getrlimit(3, 0x7fffe2c14d20, 63, 1)                                                                      = 0
7932 [0x7f4f31892b95] SYS_futex(0x7f4f31d717e0, 129, 0x7fffffff, 0)                                                                = 0
7932 [0x4008fd] ledctrl->Lookup_Nas_Info(_T_NAS_PROP_&)(0x7fffe2c14c30, 0x7fffe2c15b94, 0, 0x7fffe2c15b93 <unfinished ...>
7932 [0x7f4f32d50d11]   libnasman.so->Open_Share_Memory(char const*, int, void*&, int&)(0x7f4f32d9508e, 0, 0x7fffe2c14bf0, 0x7fffe2c14bfc <unfinished ...>
7932 [0x7f4f32644557]     SYS_statfs(0x7f4f3189f1e8, 0x7fffe2c14990, 0x7f4f31aa8310, 1)                                            = 0
7932 [0x7f4f31892b95]     SYS_futex(0x7f4f31aa8310, 129, 0x7fffffff, 0)                                                            = 0
7932 [0x7f4f326447e0]     SYS_open(0x7fffe2c14aa0, 0xa0000, 484, 1)                                                                = 3
7932 [0x7f4f326443b4]     SYS_fstat(3, 0x7fffe2c14b30, 0x7fffe2c14b30, 1)                                                          = 0
7932 [0x7f4f3264d72a]     SYS_mmap(0, 0x2788, 1, 1)                                                                                = 0x7f4f331c2000
7932 [0x7f4f32645070]     SYS_close(3, 0x2788, 1, 1)                                                                               = 0
7932 [0x7f4f32d50d11]   <... Open_Share_Memory(char const*, int, void*&, int&) resumed> )                                          = 0
7932 [0x7f4f32d50d4d]   libnasman.so->Open_Share_Memory(char const*, int, void*&, int&)(0x7f4f32d950a7, 0, 0x7fffe2c14bf0, 0x7fffe2c14bfc <unfinished ...>
7932 [0x7f4f326447e0]     SYS_open(0x7fffe2c14aa0, 0xa0000, 484, 1)                                                                = 3
7932 [0x7f4f326443b4]     SYS_fstat(3, 0x7fffe2c14b30, 0x7fffe2c14b30, 1)                                                          = 0
7932 [0x7f4f3264d72a]     SYS_mmap(0, 3536, 1, 1)                                                                                  = 0x7f4f331c1000
7932 [0x7f4f32645070]     SYS_close(3, 3536, 1, 1)                                                                                 = 0
7932 [0x7f4f32d50d4d]   <... Open_Share_Memory(char const*, int, void*&, int&) resumed> )                                          = 0
7932 [0x7f4f32d50d7f]   libnasman.so->Open_Share_Memory(char const*, int, void*&, int&)(0x7f4f32d950b5, 0, 0x7fffe2c14bf0, 0x7fffe2c14bfc <unfinished ...>
7932 [0x7f4f326447e0]     SYS_open(0x7fffe2c14aa0, 0xa0000, 484, 1)                                                                = 3
7932 [0x7f4f326443b4]     SYS_fstat(3, 0x7fffe2c14b30, 0x7fffe2c14b30, 1)                                                          = 0
7932 [0x7f4f3264d72a]     SYS_mmap(0, 4080, 1, 1)                                                                                  = 0x7f4f331c0000
7932 [0x7f4f32645070]     SYS_close(3, 4080, 1, 1)                                                                                 = 0
7932 [0x7f4f32d50d7f]   <... Open_Share_Memory(char const*, int, void*&, int&) resumed> )                                          = 0
7932 [0x4008fd] <... Lookup_Nas_Info(_T_NAS_PROP_&) resumed> )                                                                     = 0
7932 [0x400934] ledctrl->Hal_Led_Set_Hdd_Mode(2, 9, 0, 0 <unfinished ...>
7932 [0x7f4f3290df15]   libnhal.so->Hal_Lookup_Hardware_Info(0x7fffe2c14b20, 9, 0, 0 <unfinished ...>
7932 [0x7f4f326447e0]     SYS_open(0x7fffe2c14a20, 0xa0002, 484, 1)                                                                = 3
7932 [0x7f4f3264d72a]     SYS_mmap(0, 220, 3, 1)                                                                                   = 0x7f4f331bf000
7932 [0x7f4f32645070]     SYS_close(3, 220, 3, 1)                                                                                  = 0
7932 [0x7f4f3290c7f0]     libnhal.so->Hw_Semaphore_Init(0x7fffe2c14ad0, 0x7f4f3290f287, 1, -1 <unfinished ...>
7932 [0x7f4f32644405]       SYS_lstat(0x7fffe2c14980, 0x7fffe2c14890, 0x7fffe2c14890, 0)                                           = -2
7932 [0x7f4f3189c510]       SYS_open(0x7fffe2c14980, 194, 600, 0)                                                                  = 3
7932 [0x7f4f3189bda0]       SYS_write(3, 0x7fffe2c14a00, 32, 0)                                                                    = 32
7932 [0x7f4f3264d72a]       SYS_mmap(0, 32, 3, 1)                                                                                  = 0x7f4f331be000
7932 [0x7f4f326461a7]       SYS_link(0x7fffe2c14980, 0x7fffe2c149b0, 3, 1)                                                         = -17
7932 [0x7f4f3264d757]       SYS_munmap(0x7f4f331be000, 32, 3, 1)                                                                   = 0
7932 [0x7f4f326462c7]       SYS_unlink(0x7fffe2c14980, 32, 3, 1)                                                                   = 0
7932 [0x7f4f3189be60]       SYS_close(3, 32, 3, 1)                                                                                 = 0
7932 [0x7f4f3189c510]       SYS_open(0x7fffe2c149b0, 0x20002, 18, 1)                                                               = 3
7932 [0x7f4f326443b4]       SYS_fstat(3, 0x7fffe2c148e0, 0x7fffe2c148e0, 1)                                                        = 0
7932 [0x7f4f32649f5a]       SYS_brk(0, 0x7f4f32901640, 0, -4096)                                                                   = 0x7ff000
7932 [0x7f4f32649f5a]       SYS_brk(0x820000, 0x7ff000, 0x820000, -4096)                                                           = 0x820000
7932 [0x7f4f3264d72a]       SYS_mmap(0, 32, 3, 1)                                                                                  = 0x7f4f331be000
7932 [0x7f4f3189be60]       SYS_close(3, 32, 0, 3)                                                                                 = 0
7932 [0x7f4f3290c7f0]     <... Hw_Semaphore_Init resumed> )                                                                        = 17
7932 [0x7f4f3290c800]     libnhal.so->Hw_Semaphore_Lock(0x7fffe2c14ad0, 32, 0x7f4f331be000, -1)                                    = 0
7932 [0x7f4f3290c918]     libnhal.so->Hw_Semaphore_Unlock(0x7fffe2c14ad0, 2, 0x7f4f331bf000, 0)                                    = 0
7932 [0x7f4f3290c924]     libnhal.so->Hw_Semaphore_Release(0x7fffe2c14ad0, 128, 0, 0 <unfinished ...>
7932 [0x7f4f3264d757]       SYS_munmap(0x7f4f331be000, 32, 0, 1)                                                                   = 0
7932 [0x7f4f3290c924]     <... Hw_Semaphore_Release resumed> )                                                                     = 0
7932 [0x7f4f3290df15]   <... Hal_Lookup_Hardware_Info resumed> )                                                                   = 0
7932 [0x400934] <... Hal_Led_Set_Hdd_Mode resumed> )                                                                               = 0xffffffea
7932 [0x7f4f32d50f15] libnasman.so->Close_Share_Memory(char const*, void*)(0x7f4f32d9508e, 0x7f4f331c2000, 0xb92994433485e868, 4 <unfinished ...>
7932 [0x7f4f32d50b6e]   libnasman.so->Get_File_Size(char const*, long*)(0x7fffe2c14990, 0x7fffe2c14ab8, 0x7fffe2c149a5, 0 <unfinished ...>
7932 [0x7f4f32644365]     SYS_stat(0x7fffe2c14990, 0x7fffe2c148f0, 0x7fffe2c148f0, 1)                                              = 0
7932 [0x7f4f32d50b6e]   <... Get_File_Size(char const*, long*) resumed> )                                                          = 0
7932 [0x7f4f3264d757]   SYS_munmap(0x7f4f331c2000, 0x2788, 0x7fffe2c148f0, 1)                                                      = 0
7932 [0x7f4f32d50f15] <... Close_Share_Memory(char const*, void*) resumed> )                                                       = 0
7932 [0x7f4f32d50f37] libnasman.so->Close_Share_Memory(char const*, void*)(0x7f4f32d950a7, 0x7f4f331c1000, 0, -1 <unfinished ...>
7932 [0x7f4f32d50b6e]   libnasman.so->Get_File_Size(char const*, long*)(0x7fffe2c14990, 0x7fffe2c14ab8, 0x7fffe2c149a6, 0 <unfinished ...>
7932 [0x7f4f32644365]     SYS_stat(0x7fffe2c14990, 0x7fffe2c148f0, 0x7fffe2c148f0, 1)                                              = 0
7932 [0x7f4f32d50b6e]   <... Get_File_Size(char const*, long*) resumed> )                                                          = 0
7932 [0x7f4f3264d757]   SYS_munmap(0x7f4f331c1000, 3536, 0x7fffe2c148f0, 1)                                                        = 0
7932 [0x7f4f32d50f37] <... Close_Share_Memory(char const*, void*) resumed> )                                                       = 0
7932 [0x7f4f32d50f59] libnasman.so->Close_Share_Memory(char const*, void*)(0x7f4f32d950b5, 0x7f4f331c0000, 0, -1 <unfinished ...>
7932 [0x7f4f32d50b6e]   libnasman.so->Get_File_Size(char const*, long*)(0x7fffe2c14990, 0x7fffe2c14ab8, 0x7fffe2c149a6, 0 <unfinished ...>
7932 [0x7f4f32644365]     SYS_stat(0x7fffe2c14990, 0x7fffe2c148f0, 0x7fffe2c148f0, 1)                                              = 0
7932 [0x7f4f32d50b6e]   <... Get_File_Size(char const*, long*) resumed> )                                                          = 0
7932 [0x7f4f3264d757]   SYS_munmap(0x7f4f331c0000, 4080, 0x7fffe2c148f0, 1)                                                        = 0
7932 [0x7f4f32d50f59] <... Close_Share_Memory(char const*, void*) resumed> )                                                       = 0
7932 [0x7f4f3259e932] libgeneral.so->Trace_Mem_Destroy()(0x7f4f322b6d40, 0, 0xb92995e10f45e868, 16)                                = 0
7932 [0x7f4f32621468] SYS_exit_group(-22, 60, -22, 0x7f4f32904a48 <no return ...>
7932 [0xffffffffffffffff] +++ exited (status 234) +++
