7902 [0x7f5b4b2e98aa] SYS_brk(0, 0x7f5b4b2ecfa0, 0, 895)                                                                           = 0x2020000
7902 [0x7f5b4b2ea7e7] SYS_readlink(0x7fffc185cb7c, 0x7fffc185b010, 4096, 0x756e694c00000000)                                       = -2
7902 [0x7f5b4b2ea677] SYS_open(0x7f5b4b2ee1f3, 0, 0, 0x756e694c00000000)                                                           = 3
7902 [0x7f5b4b2ea7a7] SYS_chdir(0x7f5b4b4f5ba8, 0, 0, 0x756e694c00000000)                                                          = -2
7902 [0x7f5b4b2e99d2] SYS_getcwd(0x7fffc185b010, 4096, 0, 0x756e694c00000000)                                                      = 23
7902 [0x7f5b4b2ea7c7] SYS_fchdir(3, 4096, 0, 0x756e694c00000000)                                                                   = 0
7902 [0x7f5b4b2ea787] SYS_close(3, 4096, 0, 0x756e694c00000000)                                                                    = 0
7902 [0x7f5b4b2ea80a] SYS_mmap(0, 4096, 3, 34)                                                                                     = 0x7f5b4b4f2000
7902 [0x7f5b4b2ea6d7] SYS_access(0x7f5b4b2f0700, 4, 0x7f5b4b4f5718, 0)                                                             = -2
7902 [0x7f5b4b2ea677] SYS_open(0x7f5b4b2ee072, 0x80000, 1, 0)                                                                      = 3
7902 [0x7f5b4b2ea604] SYS_fstat(3, 0x7fffc185a7f0, 0x7fffc185a7f0, 0)                                                              = 0
7902 [0x7f5b4b2ea80a] SYS_mmap(0, 0x83b3, 1, 2)                                                                                    = 0x7f5b4b4e9000
7902 [0x7f5b4b2ea787] SYS_close(3, 0x83b3, 1, 2)                                                                                   = 0
7902 [0x7f5b4b2ea677] SYS_open(0x7f5b4b4f2640, 0x80000, 0, 56)                                                                     = 3
7902 [0x7f5b4b2ea697] SYS_read(3, 0x7fffc185a978, 832, 56)                                                                         = 832
7902 [0x7f5b4b2ea604] SYS_fstat(3, 0x7fffc185a850, 0x7fffc185a850, 16)                                                             = 0
7902 [0x7f5b4b2ea80a] SYS_mmap(0, 0x278960, 5, 2050)                                                                               = 0x7f5b4b05a000
7902 [0x7f5b4b2ea857] SYS_mprotect(0x7f5b4b0d0000, 0x200000, 0, 2050)                                                              = 0
7902 [0x7f5b4b2ea80a] SYS_mmap(0x7f5b4b2d0000, 0x3000, 3, 2066)                                                                    = 0x7f5b4b2d0000
7902 [0x7f5b4b2ea787] SYS_close(3, 16, 0x7f5b4b2d03e0, 0x6ffffdff)                                                                 = 0
7902 [0x7f5b4b2ea677] SYS_open(0x7f5b4b4f2b10, 0x80000, 0, 0x6ffffdff)                                                             = 3
7902 [0x7f5b4b2ea697] SYS_read(3, 0x7fffc185a948, 832, 0x6ffffdff)                                                                 = 832
7902 [0x7f5b4b2ea604] SYS_fstat(3, 0x7fffc185a820, 0x7fffc185a820, 16)                                                             = 0
7902 [0x7f5b4b2ea80a] SYS_mmap(0, 0x21bee0, 5, 2050)                                                                               = 0x7f5b4ae3e000
7902 [0x7f5b4b2ea857] SYS_mprotect(0x7f5b4ae59000, 0x200000, 0, 2050)                                                              = 0
7902 [0x7f5b4b2ea80a] SYS_mmap(0x7f5b4b059000, 4096, 3, 2066)                                                                      = 0x7f5b4b059000
7902 [0x7f5b4b2ea787] SYS_close(3, 16, 0x7f5b4b059208, 0x6ffffdff)                                                                 = 0
7902 [0x7f5b4b2ea677] SYS_open(0x7f5b4b4f2fe0, 0x80000, 0, 0x6ffffdff)                                                             = 3
7902 [0x7f5b4b2ea697] SYS_read(3, 0x7fffc185a918, 832, 0x6ffffdff)                                                                 = 832
7902 [0x7f5b4b2ea604] SYS_fstat(3, 0x7fffc185a7f0, 0x7fffc185a7f0, 16)                                                             = 0
7902 [0x7f5b4b2ea80a] SYS_mmap(0, 4096, 3, 34)                                                                                     = 0x7f5b4b4e8000
7902 [0x7f5b4b2ea80a] SYS_mmap(0, 0x209ad0, 5, 2050)                                                                               = 0x7f5b4ac34000
7902 [0x7f5b4b2ea857] SYS_mprotect(0x7f5b4ac3e000, 0x1ff000, 0, 2050)                                                              = 0
7902 [0x7f5b4b2ea80a] SYS_mmap(0x7f5b4ae3d000, 4096, 3, 2066)                                                                      = 0x7f5b4ae3d000
7902 [0x7f5b4b2ea787] SYS_close(3, 16, 0x7f5b4ae3d690, 0x6ffffdff)                                                                 = 0
7902 [0x7f5b4b2ea677] SYS_open(0x7f5b4b4e84b8, 0x80000, 0, 0x6ffffdff)                                                             = 3
7902 [0x7f5b4b2ea697] SYS_read(3, 0x7fffc185a8e8, 832, 0x6ffffdff)                                                                 = 832
7902 [0x7f5b4b2ea604] SYS_fstat(3, 0x7fffc185a7c0, 0x7fffc185a7c0, 32)                                                             = 0
7902 [0x7f5b4b2ea80a] SYS_mmap(0, 0x39dc40, 5, 2050)                                                                               = 0x7f5b4a896000
7902 [0x7f5b4b2ea857] SYS_mprotect(0x7f5b4aa2a000, 0x200000, 0, 2050)                                                              = 0
7902 [0x7f5b4b2ea80a] SYS_mmap(0x7f5b4ac2a000, 0x6000, 3, 2066)                                                                    = 0x7f5b4ac2a000
7902 [0x7f5b4b2ea80a] SYS_mmap(0x7f5b4ac30000, 0x3c40, 3, 50)                                                                      = 0x7f5b4ac30000
7902 [0x7f5b4b2ea787] SYS_close(3, 16, 0, 0x6ffffdff)                                                                              = 0
7902 [0x7f5b4b2ea677] SYS_open(0x7f5b4b4e8988, 0x80000, 0, 0x6ffffdff)                                                             = 3
7902 [0x7f5b4b2ea697] SYS_read(3, 0x7fffc185a798, 832, 0x6ffffdff)                                                                 = 832
7902 [0x7f5b4b2ea604] SYS_fstat(3, 0x7fffc185a670, 0x7fffc185a670, 16)                                                             = 0
7902 [0x7f5b4b2ea80a] SYS_mmap(0, 0x2b09d0, 5, 2050)                                                                               = 0x7f5b4a5e5000
7902 [0x7f5b4b2ea857] SYS_mprotect(0x7f5b4a694000, 0x1ff000, 0, 2050)                                                              = 0
7902 [0x7f5b4b2ea80a] SYS_mmap(0x7f5b4a893000, 0x3000, 3, 2066)                                                                    = 0x7f5b4a893000
7902 [0x7f5b4b2ea787] SYS_close(3, 16, 0x7f5b4a8939a8, 0x6ffffdff)                                                                 = 0
7902 [0x7f5b4b2ea677] SYS_open(0x7f5b4b4e8e58, 0x80000, 0, 0x6ffffdff)                                                             = 3
7902 [0x7f5b4b2ea697] SYS_read(3, 0x7fffc185a768, 832, 0x6ffffdff)                                                                 = 832
7902 [0x7f5b4b2ea604] SYS_fstat(3, 0x7fffc185a640, 0x7fffc185a640, 16)                                                             = 0
7902 [0x7f5b4b2ea80a] SYS_mmap(0, 4096, 3, 34)                                                                                     = 0x7f5b4b4e7000
7902 [0x7f5b4b2ea80a] SYS_mmap(0, 0x294ee0, 5, 2050)                                                                               = 0x7f5b4a350000
7902 [0x7f5b4b2ea857] SYS_mprotect(0x7f5b4a3e2000, 0x1ff000, 0, 2050)                                                              = 0
7902 [0x7f5b4b2ea80a] SYS_mmap(0x7f5b4a5e1000, 0x3000, 3, 2066)                                                                    = 0x7f5b4a5e1000
7902 [0x7f5b4b2ea80a] SYS_mmap(0x7f5b4a5e4000, 3808, 3, 50)                                                                        = 0x7f5b4a5e4000
7902 [0x7f5b4b2ea787] SYS_close(3, 16, 0x7f5b4a5e1e30, 0x6ffffdff)                                                                 = 0
7902 [0x7f5b4b2ea677] SYS_open(0x7f5b4b4e74b8, 0x80000, 0, 0x6ffffdff)                                                             = 3
7902 [0x7f5b4b2ea697] SYS_read(3, 0x7fffc185a738, 832, 0x6ffffdff)                                                                 = 832
7902 [0x7f5b4b2ea604] SYS_fstat(3, 0x7fffc185a610, 0x7fffc185a610, 16)                                                             = 0
7902 [0x7f5b4b2ea80a] SYS_mmap(0, 0x29d850, 5, 2050)                                                                               = 0x7f5b4a0b2000
7902 [0x7f5b4b2ea857] SYS_mprotect(0x7f5b4a14b000, 0x200000, 0, 2050)                                                              = 0
7902 [0x7f5b4b2ea80a] SYS_mmap(0x7f5b4a34b000, 0x3000, 3, 2066)                                                                    = 0x7f5b4a34b000
7902 [0x7f5b4b2ea80a] SYS_mmap(0x7f5b4a34e000, 6224, 3, 50)                                                                        = 0x7f5b4a34e000
7902 [0x7f5b4b2ea787] SYS_close(3, 16, 0x7f5b4a34ccc8, 0x6ffffdff)                                                                 = 0
7902 [0x7f5b4b2ea677] SYS_open(0x7f5b4b4e79a0, 0x80000, 0, 0x6ffffdff)                                                             = 3
7902 [0x7f5b4b2ea697] SYS_read(3, 0x7fffc185a708, 832, 0x6ffffdff)                                                                 = 832
7902 [0x7f5b4b2ea604] SYS_fstat(3, 0x7fffc185a5e0, 0x7fffc185a5e0, 16)                                                             = 0
7902 [0x7f5b4b2ea80a] SYS_mmap(0, 0x2dbbb0, 5, 2050)                                                                               = 0x7f5b49dd6000
7902 [0x7f5b4b2ea857] SYS_mprotect(0x7f5b49e94000, 0x200000, 0, 2050)                                                              = 0
7902 [0x7f5b4b2ea80a] SYS_mmap(0x7f5b4a094000, 0xa000, 3, 2066)                                                                    = 0x7f5b4a094000
7902 [0x7f5b4b2ea80a] SYS_mmap(0x7f5b4a09e000, 0x13bb0, 3, 50)                                                                     = 0x7f5b4a09e000
7902 [0x7f5b4b2ea787] SYS_close(3, 16, 0x7f5b4a09a4d8, 0x6ffffdff)                                                                 = 0
7902 [0x7f5b4b2ea677] SYS_open(0x7f5b4b4e7e70, 0x80000, 0, 0x6ffffdff)                                                             = 3
7902 [0x7f5b4b2ea697] SYS_read(3, 0x7fffc185a6d8, 832, 0x6ffffdff)                                                                 = 832
7902 [0x7f5b4b2ea604] SYS_fstat(3, 0x7fffc185a5b0, 0x7fffc185a5b0, 32)                                                             = 0
7902 [0x7f5b4b2ea80a] SYS_mmap(0, 4096, 3, 34)                                                                                     = 0x7f5b4b4e6000
7902 [0x7f5b4b2ea80a] SYS_mmap(0, 0x21c490, 5, 2050)                                                                               = 0x7f5b49bb9000
7902 [0x7f5b4b2ea857] SYS_mprotect(0x7f5b49bd1000, 0x1ff000, 0, 2050)                                                              = 0
7902 [0x7f5b4b2ea80a] SYS_mmap(0x7f5b49dd0000, 8192, 3, 2066)                                                                      = 0x7f5b49dd0000
7902 [0x7f5b4b2ea80a] SYS_mmap(0x7f5b49dd2000, 0x3490, 3, 50)                                                                      = 0x7f5b49dd2000
7902 [0x7f5b4b2ea787] SYS_close(3, 16, 0, 0x6ffffdff)                                                                              = 0
7902 [0x7f5b4b2ea677] SYS_open(0x7f5b4b4e64b8, 0x80000, 0, 0x6ffffdff)                                                             = 3
7902 [0x7f5b4b2ea697] SYS_read(3, 0x7fffc185a6a8, 832, 0x6ffffdff)                                                                 = 832
7902 [0x7f5b4b2ea604] SYS_fstat(3, 0x7fffc185a580, 0x7fffc185a580, 32)                                                             = 0
7902 [0x7f5b4b2ea80a] SYS_mmap(0, 0x207bc0, 5, 2050)                                                                               = 0x7f5b499b1000
7902 [0x7f5b4b2ea857] SYS_mprotect(0x7f5b499b8000, 0x1ff000, 0, 2050)                                                              = 0
7902 [0x7f5b4b2ea80a] SYS_mmap(0x7f5b49bb7000, 8192, 3, 2066)                                                                      = 0x7f5b49bb7000
7902 [0x7f5b4b2ea787] SYS_close(3, 16, 0, 0x6ffffdff)                                                                              = 0
7902 [0x7f5b4b2ea677] SYS_open(0x7f5b4b4e6988, 0x80000, 0, 0x6ffffdff)                                                             = 3
7902 [0x7f5b4b2ea697] SYS_read(3, 0x7fffc185a678, 832, 0x6ffffdff)                                                                 = 832
7902 [0x7f5b4b2ea604] SYS_fstat(3, 0x7fffc185a550, 0x7fffc185a550, 16)                                                             = 0
7902 [0x7f5b4b2ea80a] SYS_mmap(0, 0x202e20, 5, 2050)                                                                               = 0x7f5b497ae000
7902 [0x7f5b4b2ea857] SYS_mprotect(0x7f5b497b1000, 0x1ff000, 0, 2050)                                                              = 0
7902 [0x7f5b4b2ea80a] SYS_mmap(0x7f5b499b0000, 4096, 3, 2066)                                                                      = 0x7f5b499b0000
7902 [0x7f5b4b2ea787] SYS_close(3, 16, 0x7f5b499b0c28, 0x6ffffdff)                                                                 = 0
7902 [0x7f5b4b2ea677] SYS_open(0x7f5b4b4e6e58, 0x80000, 0, 0x6ffffdff)                                                             = 3
7902 [0x7f5b4b2ea697] SYS_read(3, 0x7fffc185a648, 832, 0x6ffffdff)                                                                 = 832
7902 [0x7f5b4b2ea604] SYS_fstat(3, 0x7fffc185a520, 0x7fffc185a520, 16)                                                             = 0
7902 [0x7f5b4b2ea80a] SYS_mmap(0, 4096, 3, 34)                                                                                     = 0x7f5b4b4e5000
7902 [0x7f5b4b2ea80a] SYS_mmap(0, 0x209850, 5, 2050)                                                                               = 0x7f5b495a4000
7902 [0x7f5b4b2ea857] SYS_mprotect(0x7f5b495ae000, 0x1ff000, 0, 2050)                                                              = 0
7902 [0x7f5b4b2ea80a] SYS_mmap(0x7f5b497ad000, 4096, 3, 2066)                                                                      = 0x7f5b497ad000
7902 [0x7f5b4b2ea787] SYS_close(3, 16, 0x7f5b497ad618, 0x6ffffdff)                                                                 = 0
7902 [0x7f5b4b2ea677] SYS_open(0x7f5b4b4e54b8, 0x80000, 0, 0x6ffffdff)                                                             = 3
7902 [0x7f5b4b2ea697] SYS_read(3, 0x7fffc185a618, 832, 0x6ffffdff)                                                                 = 832
7902 [0x7f5b4b2ea604] SYS_fstat(3, 0x7fffc185a4f0, 0x7fffc185a4f0, 16)                                                             = 0
7902 [0x7f5b4b2ea80a] SYS_mmap(0, 0x210868, 5, 2050)                                                                               = 0x7f5b49393000
7902 [0x7f5b4b2ea857] SYS_mprotect(0x7f5b493a4000, 0x1ff000, 0, 2050)                                                              = 0
7902 [0x7f5b4b2ea80a] SYS_mmap(0x7f5b495a3000, 4096, 3, 2066)                                                                      = 0x7f5b495a3000
7902 [0x7f5b4b2ea787] SYS_close(3, 16, 0x7f5b495a3408, 0x6ffffdff)                                                                 = 0
7902 [0x7f5b4b2ea677] SYS_open(0x7f5b4b4e5a40, 0x80000, 0, 0x7f5b4b4e69a0)                                                         = 3
7902 [0x7f5b4b2ea697] SYS_read(3, 0x7fffc185a4b8, 832, 0x7f5b4b4e69a0)                                                             = 832
7902 [0x7f5b4b2ea604] SYS_fstat(3, 0x7fffc185a390, 0x7fffc185a390, 16)                                                             = 0
7902 [0x7f5b4b2ea80a] SYS_mmap(0, 0x2032c8, 5, 2050)                                                                               = 0x7f5b4918f000
7902 [0x7f5b4b2ea857] SYS_mprotect(0x7f5b49192000, 0x200000, 0, 2050)                                                              = 0
7902 [0x7f5b4b2ea80a] SYS_mmap(0x7f5b49392000, 4096, 3, 2066)                                                                      = 0x7f5b49392000
7902 [0x7f5b4b2ea787] SYS_close(3, 16, 0x7f5b49392188, 0x6ffffdff)                                                                 = 0
7902 [0x7f5b4b2ea677] SYS_open(0x7f5b4b4e5f28, 0x80000, 0, 0x6ffffdff)                                                             = 3
7902 [0x7f5b4b2ea697] SYS_read(3, 0x7fffc185a488, 832, 0x6ffffdff)                                                                 = 832
7902 [0x7f5b4b2ea604] SYS_fstat(3, 0x7fffc185a360, 0x7fffc185a360, 16)                                                             = 0
7902 [0x7f5b4b2ea80a] SYS_mmap(0, 4096, 3, 34)                                                                                     = 0x7f5b4b4e4000
7902 [0x7f5b4b2ea80a] SYS_mmap(0, 0x207820, 5, 2050)                                                                               = 0x7f5b48f87000
7902 [0x7f5b4b2ea857] SYS_mprotect(0x7f5b48f8e000, 0x200000, 0, 2050)                                                              = 0
7902 [0x7f5b4b2ea80a] SYS_mmap(0x7f5b4918e000, 4096, 3, 2066)                                                                      = 0x7f5b4918e000
7902 [0x7f5b4b2ea787] SYS_close(3, 16, 0x7f5b4918e188, 0x6ffffdff)                                                                 = 0
7902 [0x7f5b4b2ea677] SYS_open(0x7f5b4b4e44c8, 0x80000, 0, 0x6ffffdff)                                                             = 3
7902 [0x7f5b4b2ea697] SYS_read(3, 0x7fffc185a458, 832, 0x6ffffdff)                                                                 = 832
7902 [0x7f5b4b2ea604] SYS_fstat(3, 0x7fffc185a330, 0x7fffc185a330, 16)                                                             = 0
7902 [0x7f5b4b2ea80a] SYS_mmap(0, 0x201f30, 5, 2050)                                                                               = 0x7f5b48d85000
7902 [0x7f5b4b2ea857] SYS_mprotect(0x7f5b48d87000, 0x1ff000, 0, 2050)                                                              = 0
7902 [0x7f5b4b2ea80a] SYS_mmap(0x7f5b48f86000, 4096, 3, 2066)                                                                      = 0x7f5b48f86000
7902 [0x7f5b4b2ea787] SYS_close(3, 16, 0x7f5b48f86e18, 0x6ffffdff)                                                                 = 0
7902 [0x7f5b4b2ea677] SYS_open(0x7f5b4b4e4a60, 0x80000, 0, 0x7f5b4b4e84d0)                                                         = 3
7902 [0x7f5b4b2ea697] SYS_read(3, 0x7fffc185a428, 832, 0x7f5b4b4e84d0)                                                             = 832
7902 [0x7f5b4b2ea604] SYS_fstat(3, 0x7fffc185a300, 0x7fffc185a300, 16)                                                             = 0
7902 [0x7f5b4b2ea80a] SYS_mmap(0, 0x2022e8, 5, 2050)                                                                               = 0x7f5b48b82000
7902 [0x7f5b4b2ea857] SYS_mprotect(0x7f5b48b84000, 0x200000, 0, 2050)                                                              = 0
7902 [0x7f5b4b2ea80a] SYS_mmap(0x7f5b48d84000, 4096, 3, 2066)                                                                      = 0x7f5b48d84000
7902 [0x7f5b4b2ea787] SYS_close(3, 16, 0x7f5b48d84198, 0x6ffffdff)                                                                 = 0
7902 [0x7f5b4b2ea677] SYS_open(0x7f5b4b4e4f40, 0x80000, 0, 0x6ffffdff)                                                             = 3
7902 [0x7f5b4b2ea697] SYS_read(3, 0x7fffc185a3f8, 832, 0x6ffffdff)                                                                 = 832
7902 [0x7f5b4b2ea604] SYS_fstat(3, 0x7fffc185a2d0, 0x7fffc185a2d0, 16)                                                             = 0
7902 [0x7f5b4b2ea80a] SYS_mmap(0, 4096, 3, 34)                                                                                     = 0x7f5b4b4e3000
7902 [0x7f5b4b2ea80a] SYS_mmap(0, 0x201f30, 5, 2050)                                                                               = 0x7f5b48980000
7902 [0x7f5b4b2ea857] SYS_mprotect(0x7f5b48982000, 0x1ff000, 0, 2050)                                                              = 0
7902 [0x7f5b4b2ea80a] SYS_mmap(0x7f5b48b81000, 4096, 3, 2066)                                                                      = 0x7f5b48b81000
7902 [0x7f5b4b2ea787] SYS_close(3, 16, 0x7f5b48b81e18, 0x6ffffdff)                                                                 = 0
7902 [0x7f5b4b2ea677] SYS_open(0x7f5b4b4e34c0, 0x80000, 0, 0x6ffffdff)                                                             = 3
7902 [0x7f5b4b2ea697] SYS_read(3, 0x7fffc185a3c8, 832, 0x6ffffdff)                                                                 = 832
7902 [0x7f5b4b2ea604] SYS_fstat(3, 0x7fffc185a2a0, 0x7fffc185a2a0, 16)                                                             = 0
7902 [0x7f5b4b2ea80a] SYS_mmap(0, 0x2038b8, 5, 2050)                                                                               = 0x7f5b4877c000
7902 [0x7f5b4b2ea857] SYS_mprotect(0x7f5b48780000, 0x1ff000, 0, 2050)                                                              = 0
7902 [0x7f5b4b2ea80a] SYS_mmap(0x7f5b4897f000, 4096, 3, 2066)                                                                      = 0x7f5b4897f000
7902 [0x7f5b4b2ea787] SYS_close(3, 16, 0x7f5b4897f748, 0x6ffffdff)                                                                 = 0
7902 [0x7f5b4b2ea677] SYS_open(0x7f5b4b4e3a60, 0x80000, 0, 0x7f5b4b4e6000)                                                         = 3
7902 [0x7f5b4b2ea697] SYS_read(3, 0x7fffc185a368, 832, 0x7f5b4b4e6000)                                                             = 832
7902 [0x7f5b4b2ea604] SYS_fstat(3, 0x7fffc185a240, 0x7fffc185a240, 16)                                                             = 0
7902 [0x7f5b4b2ea80a] SYS_mmap(0, 0x210848, 5, 2050)                                                                               = 0x7f5b4856b000
7902 [0x7f5b4b2ea857] SYS_mprotect(0x7f5b4857b000, 0x1ff000, 0, 2050)                                                              = 0
7902 [0x7f5b4b2ea80a] SYS_mmap(0x7f5b4877a000, 8192, 3, 2066)                                                                      = 0x7f5b4877a000
7902 [0x7f5b4b2ea787] SYS_close(3, 16, 0x7f5b4877ad90, 0x6ffffdff)                                                                 = 0
7902 [0x7f5b4b2ea677] SYS_open(0x7f5b4b4e3f48, 0x80000, 0, 0x6ffffdff)                                                             = 3
7902 [0x7f5b4b2ea697] SYS_read(3, 0x7fffc185a338, 832, 0x6ffffdff)                                                                 = 832
7902 [0x7f5b4b2ea604] SYS_fstat(3, 0x7fffc185a210, 0x7fffc185a210, 16)                                                             = 0
7902 [0x7f5b4b2ea80a] SYS_mmap(0, 4096, 3, 34)                                                                                     = 0x7f5b4b4e2000
7902 [0x7f5b4b2ea80a] SYS_mmap(0, 0x20acf0, 5, 2050)                                                                               = 0x7f5b48360000
7902 [0x7f5b4b2ea857] SYS_mprotect(0x7f5b4836b000, 0x1ff000, 0, 2050)                                                              = 0
7902 [0x7f5b4b2ea80a] SYS_mmap(0x7f5b4856a000, 4096, 3, 2066)                                                                      = 0x7f5b4856a000
7902 [0x7f5b4b2ea787] SYS_close(3, 16, 0x7f5b4856a750, 0x6ffffdff)                                                                 = 0
7902 [0x7f5b4b2ea677] SYS_open(0x7f5b4b4e2560, 0x80000, 0, 0x7f5b4b4e6000)                                                         = 3
7902 [0x7f5b4b2ea697] SYS_read(3, 0x7fffc185a308, 832, 0x7f5b4b4e6000)                                                             = 832
7902 [0x7f5b4b2ea604] SYS_fstat(3, 0x7fffc185a1e0, 0x7fffc185a1e0, 32)                                                             = 0
7902 [0x7f5b4b2ea80a] SYS_mmap(0, 0x2361e0, 5, 2050)                                                                               = 0x7f5b48129000
7902 [0x7f5b4b2ea857] SYS_mprotect(0x7f5b48131000, 0x1ff000, 0, 2050)                                                              = 0
7902 [0x7f5b4b2ea80a] SYS_mmap(0x7f5b48330000, 8192, 3, 2066)                                                                      = 0x7f5b48330000
7902 [0x7f5b4b2ea80a] SYS_mmap(0x7f5b48332000, 0x2d1e0, 3, 50)                                                                     = 0x7f5b48332000
7902 [0x7f5b4b2ea787] SYS_close(3, 16, 0, 0x6ffffdff)                                                                              = 0
7902 [0x7f5b4b2ea677] SYS_open(0x7f5b4b4e2a30, 0x80000, 0, 0x6ffffdff)                                                             = 3
7902 [0x7f5b4b2ea697] SYS_read(3, 0x7fffc185a2d8, 832, 0x6ffffdff)                                                                 = 832
7902 [0x7f5b4b2ea604] SYS_fstat(3, 0x7fffc185a1b0, 0x7fffc185a1b0, 16)                                                             = 0
7902 [0x7f5b4b2ea80a] SYS_mmap(0, 0x43fe88, 5, 2050)                                                                               = 0x7f5b47ce9000
7902 [0x7f5b4b2ea857] SYS_mprotect(0x7f5b47efe000, 0x200000, 0, 2050)                                                              = 0
7902 [0x7f5b4b2ea80a] SYS_mmap(0x7f5b480fe000, 0x27000, 3, 2066)                                                                   = 0x7f5b480fe000
7902 [0x7f5b4b2ea80a] SYS_mmap(0x7f5b48125000, 0x3e88, 3, 50)                                                                      = 0x7f5b48125000
7902 [0x7f5b4b2ea857] SYS_mprotect(0x7fffc185c000, 4096, 0x1000007, 4)                                                             = 0
7902 [0x7f5b4b2ea787] SYS_close(3, 4096, 0x1000007, 4)                                                                             = 0
7902 [0x7f5b4b2ea677] SYS_open(0x7f5b4b4e2fb0, 0x80000, 0, 0x7f5b4b4e54d0)                                                         = 3
7902 [0x7f5b4b2ea697] SYS_read(3, 0x7fffc185a2a8, 832, 0x7f5b4b4e54d0)                                                             = 832
7902 [0x7f5b4b2ea604] SYS_fstat(3, 0x7fffc185a180, 0x7fffc185a180, 16)                                                             = 0
7902 [0x7f5b4b2ea80a] SYS_mmap(0, 4096, 3, 34)                                                                                     = 0x7f5b4b4e1000
7902 [0x7f5b4b2ea80a] SYS_mmap(0, 0x215730, 5, 2050)                                                                               = 0x7f5b47ad3000
7902 [0x7f5b4b2ea857] SYS_mprotect(0x7f5b47ae9000, 0x1ff000, 0, 2050)                                                              = 0
7902 [0x7f5b4b2ea80a] SYS_mmap(0x7f5b47ce8000, 4096, 3, 2066)                                                                      = 0x7f5b47ce8000
7902 [0x7f5b4b2ea787] SYS_close(3, 16, 0x7f5b47ce8490, 0x6ffffdff)                                                                 = 0
7902 [0x7f5b4b2ea677] SYS_open(0x7f5b4b4e14f0, 0x80000, 0, 0x6ffffdff)                                                             = 3
7902 [0x7f5b4b2ea697] SYS_read(3, 0x7fffc185a278, 832, 0x6ffffdff)                                                                 = 832
7902 [0x7f5b4b2ea604] SYS_fstat(3, 0x7fffc185a150, 0x7fffc185a150, 32)                                                             = 0
7902 [0x7f5b4b2ea80a] SYS_mmap(0, 0x2fd148, 5, 2050)                                                                               = 0x7f5b477d5000
7902 [0x7f5b4b2ea857] SYS_mprotect(0x7f5b478d2000, 0x1ff000, 0, 2050)                                                              = 0
7902 [0x7f5b4b2ea80a] SYS_mmap(0x7f5b47ad1000, 8192, 3, 2066)                                                                      = 0x7f5b47ad1000
7902 [0x7f5b4b2ea787] SYS_close(3, 16, 0, 0x6ffffdff)                                                                              = 0
7902 [0x7f5b4b2ea677] SYS_open(0x7fffc185a040, 0x80000, 0, 0x36782f39325f3130)                                                     = -2
7902 [0x7f5b4b2ea5c5] SYS_stat(0x7fffc185a040, 0x7fffc185a120, 0x7fffc185a120, 0x36782f39325f3130)                                 = -2
7902 [0x7f5b4b2ea677] SYS_open(0x7fffc185a040, 0x80000, 0, 0x36782f39325f3130)                                                     = -2
7902 [0x7f5b4b2ea5c5] SYS_stat(0x7fffc185a040, 0x7fffc185a120, 0x7fffc185a120, 0x36782f39325f3130)                                 = -2
7902 [0x7f5b4b2ea677] SYS_open(0x7fffc185a040, 0x80000, 0, 0x36782f39325f3130)                                                     = -2
7902 [0x7f5b4b2ea5c5] SYS_stat(0x7fffc185a040, 0x7fffc185a120, 0x7fffc185a120, 0x36782f39325f3130)                                 = -2
7902 [0x7f5b4b2ea677] SYS_open(0x7fffc185a040, 0x80000, 0, 0x36782f39325f3130)                                                     = -2
7902 [0x7f5b4b2ea5c5] SYS_stat(0x7fffc185a040, 0x7fffc185a120, 0x7fffc185a120, 0x36782f39325f3130)                                 = -2
7902 [0x7f5b4b2ea677] SYS_open(0x7f5b4b4e1dd0, 0x80000, 0, 0x36782f39325f3130)                                                     = 3
7902 [0x7f5b4b2ea697] SYS_read(3, 0x7fffc185a248, 832, 0x36782f39325f3130)                                                         = 832
7902 [0x7f5b4b2ea604] SYS_fstat(3, 0x7fffc185a120, 0x7fffc185a120, 16)                                                             = 0
7902 [0x7f5b4b2ea80a] SYS_mmap(0, 4096, 3, 34)                                                                                     = 0x7f5b4b4e0000
7902 [0x7f5b4b2ea80a] SYS_mmap(0, 0x2f8980, 5, 2050)                                                                               = 0x7f5b474dc000
7902 [0x7f5b4b2ea857] SYS_mprotect(0x7f5b475d3000, 0x200000, 0, 2050)                                                              = 0
7902 [0x7f5b4b2ea80a] SYS_mmap(0x7f5b477d3000, 8192, 3, 2066)                                                                      = 0x7f5b477d3000
7902 [0x7f5b4b2ea787] SYS_close(3, 16, 0x7f5b477d33a0, 0x6ffffdff)                                                                 = 0
7902 [0x7f5b4b2ea677] SYS_open(0x7f5b4b4e04c8, 0x80000, 0, 0x6ffffdff)                                                             = 3
7902 [0x7f5b4b2ea697] SYS_read(3, 0x7fffc185a218, 832, 0x6ffffdff)                                                                 = 832
7902 [0x7f5b4b2ea604] SYS_fstat(3, 0x7fffc185a0f0, 0x7fffc185a0f0, 16)                                                             = 0
7902 [0x7f5b4b2ea80a] SYS_mmap(0, 0x2fc9d8, 5, 2050)                                                                               = 0x7f5b471df000
7902 [0x7f5b4b2ea857] SYS_mprotect(0x7f5b472da000, 0x200000, 0, 2050)                                                              = 0
7902 [0x7f5b4b2ea80a] SYS_mmap(0x7f5b474da000, 8192, 3, 2066)                                                                      = 0x7f5b474da000
7902 [0x7f5b4b2ea787] SYS_close(3, 16, 0x7f5b474db828, 0x6ffffdff)                                                                 = 0
7902 [0x7f5b4b2ea677] SYS_open(0x7f5b4b4e0998, 0x80000, 0, 0x6ffffdff)                                                             = 3
7902 [0x7f5b4b2ea697] SYS_read(3, 0x7fffc185a1e8, 832, 0x6ffffdff)                                                                 = 832
7902 [0x7f5b4b2ea604] SYS_fstat(3, 0x7fffc185a0c0, 0x7fffc185a0c0, 16)                                                             = 0
7902 [0x7f5b4b2ea80a] SYS_mmap(0, 0x242830, 5, 2050)                                                                               = 0x7f5b46f9c000
7902 [0x7f5b4b2ea857] SYS_mprotect(0x7f5b46fdf000, 0x1ff000, 0, 2050)                                                              = 0
7902 [0x7f5b4b2ea80a] SYS_mmap(0x7f5b471de000, 4096, 3, 2066)                                                                      = 0x7f5b471de000
7902 [0x7f5b4b2ea787] SYS_close(3, 16, 0x7f5b471de630, 0x6ffffdff)                                                                 = 0
7902 [0x7f5b4b2ea677] SYS_open(0x7f5b4b4e0f70, 0x80000, 0, 0x7f5b4b4e79b8)                                                         = 3
7902 [0x7f5b4b2ea697] SYS_read(3, 0x7fffc185a1b8, 832, 0x7f5b4b4e79b8)                                                             = 832
7902 [0x7f5b4b2ea604] SYS_fstat(3, 0x7fffc185a090, 0x7fffc185a090, 32)                                                             = 0
7902 [0x7f5b4b2ea80a] SYS_mmap(0, 4096, 3, 34)                                                                                     = 0x7f5b4b4df000
7902 [0x7f5b4b2ea80a] SYS_mmap(0, 0x203118, 5, 2050)                                                                               = 0x7f5b46d98000
7902 [0x7f5b4b2ea857] SYS_mprotect(0x7f5b46d9a000, 0x200000, 0, 2050)                                                              = 0
7902 [0x7f5b4b2ea80a] SYS_mmap(0x7f5b46f9a000, 8192, 3, 2066)                                                                      = 0x7f5b46f9a000
7902 [0x7f5b4b2ea787] SYS_close(3, 16, 0x7f5b46f9af40, 0x6ffffdff)                                                                 = 0
7902 [0x7f5b4b2ea80a] SYS_mmap(0, 4096, 3, 34)                                                                                     = 0x7f5b4b4de000
7902 [0x7f5b4b2ea80a] SYS_mmap(0, 4096, 3, 34)                                                                                     = 0x7f5b4b4dd000
7902 [0x7f5b4b2ea80a] SYS_mmap(0, 8192, 3, 34)                                                                                     = 0x7f5b4b4db000
7902 [0x7f5b4b2d4044] SYS_arch_prctl(4098, 0x7f5b4b4db780, 0x7f5b4b4dc080, 34)                                                     = 0
7902 [0x7f5b4b2ea857] SYS_mprotect(0x7f5b4ac2a000, 0x4000, 1, 1)                                                                   = 0
7902 [0x7f5b4b2ea857] SYS_mprotect(0x7f5b46f9a000, 4096, 1, 0x7f5b46d98c68)                                                        = 0
7902 [0x7f5b4b2ea857] SYS_mprotect(0x7f5b49dd0000, 4096, 1, 0x7f5b49bbe500)                                                        = 0
7902 [0x7f5b4b2ea857] SYS_mprotect(0x7f5b47ad1000, 4096, 1, 1)                                                                     = 0
7902 [0x7f5b4b2ea857] SYS_mprotect(0x7f5b48330000, 4096, 1, 0x7f5b48129a00)                                                        = 0
7902 [0x7f5b4b2ea857] SYS_mprotect(0x7f5b4a094000, 0x7000, 1, 0x7f5b49e2e810)                                                      = 0
7902 [0x7f5b4b2ea857] SYS_mprotect(0x7f5b49bb7000, 4096, 1, 0x7f5b499b2d58)                                                        = 0
7902 [0x7f5b4b2ea857] SYS_mprotect(0x7f5b4b4f3000, 4096, 1, 0)                                                                     = 0
7902 [0x7f5b4b2ea837] SYS_munmap(0x7f5b4b4e9000, 0x83b3, 0x7c000, 0)                                                               = 0
7902 [0x7f5b49bbfe92] SYS_set_tid_address(0x7f5b4b4dba50, 0x7fffc185c1a8, 0x7f5b4b4db780, 0)                                       = 7902
7902 [0x7f5b49bbfefa] SYS_set_robust_list(0x7f5b4b4dba60, 24, 0x7f5b4b4db780, 0)                                                   = 0
7902 [0x7f5b49bc9cf5] SYS_rt_sigaction(32, 0x7fffc185bef8, 0, 8)                                                                   = 0
7902 [0x7f5b49bc9cf5] SYS_rt_sigaction(33, 0x7fffc185bef8, 0, 8)                                                                   = 0
7902 [0x7f5b49bbffd6] SYS_rt_sigprocmask(1, 0x7fffc185c048, 0, 8)                                                                  = 0
7902 [0x7f5b4a976b17] SYS_getrlimit(3, 0x7fffc185c0e0, 63, 1)                                                                      = 0
7902 [0x7f5b49bbfb95] SYS_futex(0x7f5b4a09e7e0, 129, 0x7fffffff, 0)                                                                = 0
7902 [0x4008fd] ledctrl->Lookup_Nas_Info(_T_NAS_PROP_&)(0x7fffc185bff0, 0x7fffc185cb94, 0, 0x7fffc185cb93 <unfinished ...>
7902 [0x7f5b4b07dd11]   libnasman.so->Open_Share_Memory(char const*, int, void*&, int&)(0x7f5b4b0c208e, 0, 0x7fffc185bfb0, 0x7fffc185bfbc <unfinished ...>
7902 [0x7f5b4a971557]     SYS_statfs(0x7f5b49bcc1e8, 0x7fffc185bd50, 0x7f5b49dd5310, 1)                                            = 0
7902 [0x7f5b49bbfb95]     SYS_futex(0x7f5b49dd5310, 129, 0x7fffffff, 0)                                                            = 0
7902 [0x7f5b4a9717e0]     SYS_open(0x7fffc185be60, 0xa0000, 484, 1)                                                                = 3
7902 [0x7f5b4a9713b4]     SYS_fstat(3, 0x7fffc185bef0, 0x7fffc185bef0, 1)                                                          = 0
7902 [0x7f5b4a97a72a]     SYS_mmap(0, 0x2788, 1, 1)                                                                                = 0x7f5b4b4ef000
7902 [0x7f5b4a972070]     SYS_close(3, 0x2788, 1, 1)                                                                               = 0
7902 [0x7f5b4b07dd11]   <... Open_Share_Memory(char const*, int, void*&, int&) resumed> )                                          = 0
7902 [0x7f5b4b07dd4d]   libnasman.so->Open_Share_Memory(char const*, int, void*&, int&)(0x7f5b4b0c20a7, 0, 0x7fffc185bfb0, 0x7fffc185bfbc <unfinished ...>
7902 [0x7f5b4a9717e0]     SYS_open(0x7fffc185be60, 0xa0000, 484, 1)                                                                = 3
7902 [0x7f5b4a9713b4]     SYS_fstat(3, 0x7fffc185bef0, 0x7fffc185bef0, 1)                                                          = 0
7902 [0x7f5b4a97a72a]     SYS_mmap(0, 3536, 1, 1)                                                                                  = 0x7f5b4b4ee000
7902 [0x7f5b4a972070]     SYS_close(3, 3536, 1, 1)                                                                                 = 0
7902 [0x7f5b4b07dd4d]   <... Open_Share_Memory(char const*, int, void*&, int&) resumed> )                                          = 0
7902 [0x7f5b4b07dd7f]   libnasman.so->Open_Share_Memory(char const*, int, void*&, int&)(0x7f5b4b0c20b5, 0, 0x7fffc185bfb0, 0x7fffc185bfbc <unfinished ...>
7902 [0x7f5b4a9717e0]     SYS_open(0x7fffc185be60, 0xa0000, 484, 1)                                                                = 3
7902 [0x7f5b4a9713b4]     SYS_fstat(3, 0x7fffc185bef0, 0x7fffc185bef0, 1)                                                          = 0
7902 [0x7f5b4a97a72a]     SYS_mmap(0, 4080, 1, 1)                                                                                  = 0x7f5b4b4ed000
7902 [0x7f5b4a972070]     SYS_close(3, 4080, 1, 1)                                                                                 = 0
7902 [0x7f5b4b07dd7f]   <... Open_Share_Memory(char const*, int, void*&, int&) resumed> )                                          = 0
7902 [0x4008fd] <... Lookup_Nas_Info(_T_NAS_PROP_&) resumed> )                                                                     = 0
7902 [0x400934] ledctrl->Hal_Led_Set_Hdd_Mode(2, 7, 1, 0 <unfinished ...>
7902 [0x7f5b4ac3af15]   libnhal.so->Hal_Lookup_Hardware_Info(0x7fffc185bee0, 7, 1, 0 <unfinished ...>
7902 [0x7f5b4a9717e0]     SYS_open(0x7fffc185bde0, 0xa0002, 484, 1)                                                                = 3
7902 [0x7f5b4a97a72a]     SYS_mmap(0, 220, 3, 1)                                                                                   = 0x7f5b4b4ec000
7902 [0x7f5b4a972070]     SYS_close(3, 220, 3, 1)                                                                                  = 0
7902 [0x7f5b4ac397f0]     libnhal.so->Hw_Semaphore_Init(0x7fffc185be90, 0x7f5b4ac3c287, 1, -1 <unfinished ...>
7902 [0x7f5b4a971405]       SYS_lstat(0x7fffc185bd40, 0x7fffc185bc50, 0x7fffc185bc50, 0)                                           = -2
7902 [0x7f5b49bc9510]       SYS_open(0x7fffc185bd40, 194, 600, 0)                                                                  = 3
7902 [0x7f5b49bc8da0]       SYS_write(3, 0x7fffc185bdc0, 32, 0)                                                                    = 32
7902 [0x7f5b4a97a72a]       SYS_mmap(0, 32, 3, 1)                                                                                  = 0x7f5b4b4eb000
7902 [0x7f5b4a9731a7]       SYS_link(0x7fffc185bd40, 0x7fffc185bd70, 3, 1)                                                         = -17
7902 [0x7f5b4a97a757]       SYS_munmap(0x7f5b4b4eb000, 32, 3, 1)                                                                   = 0
7902 [0x7f5b4a9732c7]       SYS_unlink(0x7fffc185bd40, 32, 3, 1)                                                                   = 0
7902 [0x7f5b49bc8e60]       SYS_close(3, 32, 3, 1)                                                                                 = 0
7902 [0x7f5b49bc9510]       SYS_open(0x7fffc185bd70, 0x20002, 18, 1)                                                               = 3
7902 [0x7f5b4a9713b4]       SYS_fstat(3, 0x7fffc185bca0, 0x7fffc185bca0, 1)                                                        = 0
7902 [0x7f5b4a976f5a]       SYS_brk(0, 0x7f5b4ac2e640, 0, -4096)                                                                   = 0x2020000
7902 [0x7f5b4a976f5a]       SYS_brk(0x2041000, 0x2020000, 0x2041000, -4096)                                                        = 0x2041000
7902 [0x7f5b4a97a72a]       SYS_mmap(0, 32, 3, 1)                                                                                  = 0x7f5b4b4eb000
7902 [0x7f5b49bc8e60]       SYS_close(3, 32, 0, 3)                                                                                 = 0
7902 [0x7f5b4ac397f0]     <... Hw_Semaphore_Init resumed> )                                                                        = 17
7902 [0x7f5b4ac39800]     libnhal.so->Hw_Semaphore_Lock(0x7fffc185be90, 32, 0x7f5b4b4eb000, -1)                                    = 0
7902 [0x7f5b4ac39918]     libnhal.so->Hw_Semaphore_Unlock(0x7fffc185be90, 2, 0x7f5b4b4ec000, 0)                                    = 0
7902 [0x7f5b4ac39924]     libnhal.so->Hw_Semaphore_Release(0x7fffc185be90, 128, 0, 0 <unfinished ...>
7902 [0x7f5b4a97a757]       SYS_munmap(0x7f5b4b4eb000, 32, 0, 1)                                                                   = 0
7902 [0x7f5b4ac39924]     <... Hw_Semaphore_Release resumed> )                                                                     = 0
7902 [0x7f5b4ac3af15]   <... Hal_Lookup_Hardware_Info resumed> )                                                                   = 0
7902 [0x7f5b4ac3b0e3]   libnhal.so->Mv9125_Set_Led_Mode(1, 0, 0, 1 <unfinished ...>
7902 [0x7f5b48f8c6ff]     libgeneraldrv.so->PCI_Conf_Read(2, 0, 0, 36 <unfinished ...>
7902 [0x7f5b48f89823]       libgeneraldrv.so->Hw_Semaphore_Init(0x7fffc185bdc0, 0x7f5b48f8d000, 1, 0 <unfinished ...>
7902 [0x7f5b4a971405]         SYS_lstat(0x7fffc185bc70, 0x7fffc185bb80, 0x7fffc185bb80, 0)                                         = -2
7902 [0x7f5b49bc9510]         SYS_open(0x7fffc185bc70, 194, 600, 0)                                                                = 3
7902 [0x7f5b49bc8da0]         SYS_write(3, 0x7fffc185bcf0, 32, 0)                                                                  = 32
7902 [0x7f5b4a97a72a]         SYS_mmap(0, 32, 3, 1)                                                                                = 0x7f5b4b4eb000
7902 [0x7f5b4a9731a7]         SYS_link(0x7fffc185bc70, 0x7fffc185bca0, 3, 1)                                                       = -17
7902 [0x7f5b4a97a757]         SYS_munmap(0x7f5b4b4eb000, 32, 3, 1)                                                                 = 0
7902 [0x7f5b4a9732c7]         SYS_unlink(0x7fffc185bc70, 32, 3, 1)                                                                 = 0
7902 [0x7f5b49bc8e60]         SYS_close(3, 32, 3, 1)                                                                               = 0
7902 [0x7f5b49bc9510]         SYS_open(0x7fffc185bca0, 0x20002, 17, 1)                                                             = 3
7902 [0x7f5b4a9713b4]         SYS_fstat(3, 0x7fffc185bbd0, 0x7fffc185bbd0, 1)                                                      = 0
7902 [0x7f5b4a97a72a]         SYS_mmap(0, 32, 3, 1)                                                                                = 0x7f5b4b4eb000
7902 [0x7f5b49bc8e60]         SYS_close(3, 32, 0, 1)                                                                               = 0
7902 [0x7f5b48f89823]       <... Hw_Semaphore_Init resumed> )                                                                      = 17
7902 [0x7f5b48f89833]       libgeneraldrv.so->Hw_Semaphore_Lock(0x7fffc185bdc0, 32, 0x7f5b4b4eb000, -1)                            = 0
7902 [0x7f5b4a97e6b7]       SYS_ioperm(3320, 4, 1, 1)                                                                              = 0
7902 [0x7f5b4a97e6b7]       SYS_ioperm(3320, 4, 0, 1)                                                                              = 0
7902 [0x7f5b4a97e6b7]       SYS_ioperm(235, 1, 1, 1)                                                                               = 0
7902 [0x7f5b4a97e6b7]       SYS_ioperm(235, 1, 0, 1)                                                                               = 0
7902 [0x7f5b4a97e6b7]       SYS_ioperm(3324, 4, 1, 1)                                                                              = 0
7902 [0x7f5b4a97e6b7]       SYS_ioperm(3324, 4, 0, 1)                                                                              = 0
7902 [0x7f5b4a97e6b7]       SYS_ioperm(235, 1, 1, 1)                                                                               = 0
7902 [0x7f5b4a97e6b7]       SYS_ioperm(235, 1, 0, 1)                                                                               = 0
7902 [0x7f5b4a97e6b7]       SYS_ioperm(3320, 4, 1, 1)                                                                              = 0
7902 [0x7f5b4a97e6b7]       SYS_ioperm(3320, 4, 0, 1)                                                                              = 0
7902 [0x7f5b4a97e6b7]       SYS_ioperm(235, 1, 1, 1)                                                                               = 0
7902 [0x7f5b4a97e6b7]       SYS_ioperm(235, 1, 0, 1)                                                                               = 0
7902 [0x7f5b48f8997f]       libgeneraldrv.so->Hw_Semaphore_Unlock(0x7fffc185bdc0, 1, 0, -1)                                        = 0
7902 [0x7f5b48f8998b]       libgeneraldrv.so->Hw_Semaphore_Release(0x7fffc185bdc0, 128, 0, 0 <unfinished ...>
7902 [0x7f5b4a97a757]         SYS_munmap(0x7f5b4b4eb000, 32, 0, 1)                                                                 = 0
7902 [0x7f5b48f8998b]       <... Hw_Semaphore_Release resumed> )                                                                   = 0
7902 [0x7f5b48f8c6ff]     <... PCI_Conf_Read resumed> )                                                                            = 0
7902 [0x7f5b48f8c721]     libgeneraldrv.so->Hw_Semaphore_Init(0x7fffc185be40, 0x7f5b48f8d38c, 1, 0x7f5b4ac2e658 <unfinished ...>
7902 [0x7f5b4a971405]       SYS_lstat(0x7fffc185bce0, 0x7fffc185bbf0, 0x7fffc185bbf0, 0)                                           = -2
7902 [0x7f5b49bc9510]       SYS_open(0x7fffc185bce0, 194, 600, 0)                                                                  = 3
7902 [0x7f5b49bc8da0]       SYS_write(3, 0x7fffc185bd60, 32, 0)                                                                    = 32
7902 [0x7f5b4a97a72a]       SYS_mmap(0, 32, 3, 1)                                                                                  = 0x7f5b4b4eb000
7902 [0x7f5b4a9731a7]       SYS_link(0x7fffc185bce0, 0x7fffc185bd10, 3, 1)                                                         = -17
7902 [0x7f5b4a97a757]       SYS_munmap(0x7f5b4b4eb000, 32, 3, 1)                                                                   = 0
7902 [0x7f5b4a9732c7]       SYS_unlink(0x7fffc185bce0, 32, 3, 1)                                                                   = 0
7902 [0x7f5b49bc8e60]       SYS_close(3, 32, 3, 1)                                                                                 = 0
7902 [0x7f5b49bc9510]       SYS_open(0x7fffc185bd10, 0x20002, 20, 1)                                                               = 3
7902 [0x7f5b4a9713b4]       SYS_fstat(3, 0x7fffc185bc40, 0x7fffc185bc40, 1)                                                        = 0
7902 [0x7f5b4a97a72a]       SYS_mmap(0, 32, 3, 1)                                                                                  = 0x7f5b4b4eb000
7902 [0x7f5b49bc8e60]       SYS_close(3, 32, 0, 1)                                                                                 = 0
7902 [0x7f5b48f8c721]     <... Hw_Semaphore_Init resumed> )                                                                        = 17
7902 [0x7f5b48f8c731]     libgeneraldrv.so->Hw_Semaphore_Lock(0x7fffc185be40, 32, 0x7f5b4b4eb000, -1)                              = 0
7902 [0x7f5b4a9717e0]     SYS_open(0x7f5b48f8d3a1, 2, 1, 1)                                                                        = 3
7902 [0x7f5b4a97a72a]     SYS_mmap(0, 60, 3, 1)                                                                                    = 0x7f5b4b4ea000
7902 [0x7f5b4a94e060]     SYS_nanosleep(0x7fffc185be10, 0, 0, 1)                                                                   = 0
7902 [0x7f5b4a94e060]     SYS_nanosleep(0x7fffc185be10, 0, 0, 1)                                                                   = 0
7902 [0x7f5b4a94e060]     SYS_nanosleep(0x7fffc185be10, 0, 0, 1)                                                                   = 0
7902 [0x7f5b4a94e060]     SYS_nanosleep(0x7fffc185be10, 0, 0, 1)                                                                   = 0
7902 [0x7f5b4a94e060]     SYS_nanosleep(0x7fffc185be10, 0, 0, 1)                                                                   = 0
7902 [0x7f5b4a94e060]     SYS_nanosleep(0x7fffc185be10, 0, 0, 1)                                                                   = 0
7902 [0x7f5b4a94e060]     SYS_nanosleep(0x7fffc185be10, 0, 0, 1)                                                                   = 0
7902 [0x7f5b4a94e060]     SYS_nanosleep(0x7fffc185be10, 0, 0, 1)                                                                   = 0
7902 [0x7f5b4a97a757]     SYS_munmap(0x7f5b4b4ea000, 60, 0, 1)                                                                     = 0
7902 [0x7f5b4a972070]     SYS_close(3, 60, 0, 1)                                                                                   = 0
7902 [0x7f5b4a94e060]     SYS_nanosleep(0x7fffc185be10, 0, 0, 1)                                                                   = 0
7902 [0x7f5b48f8c87f]     libgeneraldrv.so->Hw_Semaphore_Unlock(0x7fffc185be40, 0, 0, -1)                                          = 0
7902 [0x7f5b48f8c88b]     libgeneraldrv.so->Hw_Semaphore_Release(0x7fffc185be40, 128, 0, 0 <unfinished ...>
7902 [0x7f5b4a97a757]       SYS_munmap(0x7f5b4b4eb000, 32, 0, 1)                                                                   = 0
7902 [0x7f5b48f8c88b]     <... Hw_Semaphore_Release resumed> )                                                                     = 0
7902 [0x7f5b4ac3b0e3]   <... Mv9125_Set_Led_Mode resumed> )                                                                        = 0
7902 [0x400934] <... Hal_Led_Set_Hdd_Mode resumed> )                                                                               = 0
7902 [0x7f5b4b07df15] libnasman.so->Close_Share_Memory(char const*, void*)(0x7f5b4b0c208e, 0x7f5b4b4ef000, 0x39e9511ff1e601b4, 4 <unfinished ...>
7902 [0x7f5b4b07db6e]   libnasman.so->Get_File_Size(char const*, long*)(0x7fffc185bd50, 0x7fffc185be78, 0x7fffc185bd65, 0 <unfinished ...>
7902 [0x7f5b4a971365]     SYS_stat(0x7fffc185bd50, 0x7fffc185bcb0, 0x7fffc185bcb0, 1)                                              = 0
7902 [0x7f5b4b07db6e]   <... Get_File_Size(char const*, long*) resumed> )                                                          = 0
7902 [0x7f5b4a97a757]   SYS_munmap(0x7f5b4b4ef000, 0x2788, 0x7fffc185bcb0, 1)                                                      = 0
7902 [0x7f5b4b07df15] <... Close_Share_Memory(char const*, void*) resumed> )                                                       = 0
7902 [0x7f5b4b07df37] libnasman.so->Close_Share_Memory(char const*, void*)(0x7f5b4b0c20a7, 0x7f5b4b4ee000, 0, -1 <unfinished ...>
7902 [0x7f5b4b07db6e]   libnasman.so->Get_File_Size(char const*, long*)(0x7fffc185bd50, 0x7fffc185be78, 0x7fffc185bd66, 0 <unfinished ...>
7902 [0x7f5b4a971365]     SYS_stat(0x7fffc185bd50, 0x7fffc185bcb0, 0x7fffc185bcb0, 1)                                              = 0
7902 [0x7f5b4b07db6e]   <... Get_File_Size(char const*, long*) resumed> )                                                          = 0
7902 [0x7f5b4a97a757]   SYS_munmap(0x7f5b4b4ee000, 3536, 0x7fffc185bcb0, 1)                                                        = 0
7902 [0x7f5b4b07df37] <... Close_Share_Memory(char const*, void*) resumed> )                                                       = 0
7902 [0x7f5b4b07df59] libnasman.so->Close_Share_Memory(char const*, void*)(0x7f5b4b0c20b5, 0x7f5b4b4ed000, 0, -1 <unfinished ...>
7902 [0x7f5b4b07db6e]   libnasman.so->Get_File_Size(char const*, long*)(0x7fffc185bd50, 0x7fffc185be78, 0x7fffc185bd66, 0 <unfinished ...>
7902 [0x7f5b4a971365]     SYS_stat(0x7fffc185bd50, 0x7fffc185bcb0, 0x7fffc185bcb0, 1)                                              = 0
7902 [0x7f5b4b07db6e]   <... Get_File_Size(char const*, long*) resumed> )                                                          = 0
7902 [0x7f5b4a97a757]   SYS_munmap(0x7f5b4b4ed000, 4080, 0x7fffc185bcb0, 1)                                                        = 0
7902 [0x7f5b4b07df59] <... Close_Share_Memory(char const*, void*) resumed> )                                                       = 0
7902 [0x7f5b4a8cb932] libgeneral.so->Trace_Mem_Destroy()(0x7f5b4a5e3d40, 0, 0x39e9537d8a2601b4, 16)                                = 0
7902 [0x7f5b4a94e468] SYS_exit_group(0, 60, 0, 0x7f5b4ac31a48 <no return ...>
7902 [0xffffffffffffffff] +++ exited (status 0) +++
