8023 [0x7f4f5ba808aa] SYS_brk(0, 0x7f4f5ba83fa0, 0, 895)                                                                           = 0x1c1b000
8023 [0x7f4f5ba817e7] SYS_readlink(0x7fff95945b78, 0x7fff95943240, 4096, 0x756e694c00000000)                                       = -2
8023 [0x7f4f5ba81677] SYS_open(0x7f4f5ba851f3, 0, 0, 0x756e694c00000000)                                                           = 3
8023 [0x7f4f5ba817a7] SYS_chdir(0x7f4f5bc8cba8, 0, 0, 0x756e694c00000000)                                                          = -2
8023 [0x7f4f5ba809d2] SYS_getcwd(0x7fff95943240, 4096, 0, 0x756e694c00000000)                                                      = 23
8023 [0x7f4f5ba817c7] SYS_fchdir(3, 4096, 0, 0x756e694c00000000)                                                                   = 0
8023 [0x7f4f5ba81787] SYS_close(3, 4096, 0, 0x756e694c00000000)                                                                    = 0
8023 [0x7f4f5ba8180a] SYS_mmap(0, 4096, 3, 34)                                                                                     = 0x7f4f5bc89000
8023 [0x7f4f5ba816d7] SYS_access(0x7f4f5ba87700, 4, 0x7f4f5bc8c718, 0)                                                             = -2
8023 [0x7f4f5ba81677] SYS_open(0x7f4f5ba85072, 0x80000, 1, 0)                                                                      = 3
8023 [0x7f4f5ba81604] SYS_fstat(3, 0x7fff95942a20, 0x7fff95942a20, 0)                                                              = 0
8023 [0x7f4f5ba8180a] SYS_mmap(0, 0x83b3, 1, 2)                                                                                    = 0x7f4f5bc80000
8023 [0x7f4f5ba81787] SYS_close(3, 0x83b3, 1, 2)                                                                                   = 0
8023 [0x7f4f5ba81677] SYS_open(0x7f4f5bc89640, 0x80000, 0, 56)                                                                     = 3
8023 [0x7f4f5ba81697] SYS_read(3, 0x7fff95942ba8, 832, 56)                                                                         = 832
8023 [0x7f4f5ba81604] SYS_fstat(3, 0x7fff95942a80, 0x7fff95942a80, 16)                                                             = 0
8023 [0x7f4f5ba8180a] SYS_mmap(0, 0x278960, 5, 2050)                                                                               = 0x7f4f5b7f1000
8023 [0x7f4f5ba81857] SYS_mprotect(0x7f4f5b867000, 0x200000, 0, 2050)                                                              = 0
8023 [0x7f4f5ba8180a] SYS_mmap(0x7f4f5ba67000, 0x3000, 3, 2066)                                                                    = 0x7f4f5ba67000
8023 [0x7f4f5ba81787] SYS_close(3, 16, 0x7f4f5ba673e0, 0x6ffffdff)                                                                 = 0
8023 [0x7f4f5ba81677] SYS_open(0x7f4f5bc89b10, 0x80000, 0, 0x6ffffdff)                                                             = 3
8023 [0x7f4f5ba81697] SYS_read(3, 0x7fff95942b78, 832, 0x6ffffdff)                                                                 = 832
8023 [0x7f4f5ba81604] SYS_fstat(3, 0x7fff95942a50, 0x7fff95942a50, 16)                                                             = 0
8023 [0x7f4f5ba8180a] SYS_mmap(0, 0x21bee0, 5, 2050)                                                                               = 0x7f4f5b5d5000
8023 [0x7f4f5ba81857] SYS_mprotect(0x7f4f5b5f0000, 0x200000, 0, 2050)                                                              = 0
8023 [0x7f4f5ba8180a] SYS_mmap(0x7f4f5b7f0000, 4096, 3, 2066)                                                                      = 0x7f4f5b7f0000
8023 [0x7f4f5ba81787] SYS_close(3, 16, 0x7f4f5b7f0208, 0x6ffffdff)                                                                 = 0
8023 [0x7f4f5ba81677] SYS_open(0x7f4f5bc89fe0, 0x80000, 0, 0x6ffffdff)                                                             = 3
8023 [0x7f4f5ba81697] SYS_read(3, 0x7fff95942b48, 832, 0x6ffffdff)                                                                 = 832
8023 [0x7f4f5ba81604] SYS_fstat(3, 0x7fff95942a20, 0x7fff95942a20, 16)                                                             = 0
8023 [0x7f4f5ba8180a] SYS_mmap(0, 4096, 3, 34)                                                                                     = 0x7f4f5bc7f000
8023 [0x7f4f5ba8180a] SYS_mmap(0, 0x209ad0, 5, 2050)                                                                               = 0x7f4f5b3cb000
8023 [0x7f4f5ba81857] SYS_mprotect(0x7f4f5b3d5000, 0x1ff000, 0, 2050)                                                              = 0
8023 [0x7f4f5ba8180a] SYS_mmap(0x7f4f5b5d4000, 4096, 3, 2066)                                                                      = 0x7f4f5b5d4000
8023 [0x7f4f5ba81787] SYS_close(3, 16, 0x7f4f5b5d4690, 0x6ffffdff)                                                                 = 0
8023 [0x7f4f5ba81677] SYS_open(0x7f4f5bc7f4b8, 0x80000, 0, 0x6ffffdff)                                                             = 3
8023 [0x7f4f5ba81697] SYS_read(3, 0x7fff95942b18, 832, 0x6ffffdff)                                                                 = 832
8023 [0x7f4f5ba81604] SYS_fstat(3, 0x7fff959429f0, 0x7fff959429f0, 32)                                                             = 0
8023 [0x7f4f5ba8180a] SYS_mmap(0, 0x39dc40, 5, 2050)                                                                               = 0x7f4f5b02d000
8023 [0x7f4f5ba81857] SYS_mprotect(0x7f4f5b1c1000, 0x200000, 0, 2050)                                                              = 0
8023 [0x7f4f5ba8180a] SYS_mmap(0x7f4f5b3c1000, 0x6000, 3, 2066)                                                                    = 0x7f4f5b3c1000
8023 [0x7f4f5ba8180a] SYS_mmap(0x7f4f5b3c7000, 0x3c40, 3, 50)                                                                      = 0x7f4f5b3c7000
8023 [0x7f4f5ba81787] SYS_close(3, 16, 0, 0x6ffffdff)                                                                              = 0
8023 [0x7f4f5ba81677] SYS_open(0x7f4f5bc7f988, 0x80000, 0, 0x6ffffdff)                                                             = 3
8023 [0x7f4f5ba81697] SYS_read(3, 0x7fff959429c8, 832, 0x6ffffdff)                                                                 = 832
8023 [0x7f4f5ba81604] SYS_fstat(3, 0x7fff959428a0, 0x7fff959428a0, 16)                                                             = 0
8023 [0x7f4f5ba8180a] SYS_mmap(0, 0x2b09d0, 5, 2050)                                                                               = 0x7f4f5ad7c000
8023 [0x7f4f5ba81857] SYS_mprotect(0x7f4f5ae2b000, 0x1ff000, 0, 2050)                                                              = 0
8023 [0x7f4f5ba8180a] SYS_mmap(0x7f4f5b02a000, 0x3000, 3, 2066)                                                                    = 0x7f4f5b02a000
8023 [0x7f4f5ba81787] SYS_close(3, 16, 0x7f4f5b02a9a8, 0x6ffffdff)                                                                 = 0
8023 [0x7f4f5ba81677] SYS_open(0x7f4f5bc7fe58, 0x80000, 0, 0x6ffffdff)                                                             = 3
8023 [0x7f4f5ba81697] SYS_read(3, 0x7fff95942998, 832, 0x6ffffdff)                                                                 = 832
8023 [0x7f4f5ba81604] SYS_fstat(3, 0x7fff95942870, 0x7fff95942870, 16)                                                             = 0
8023 [0x7f4f5ba8180a] SYS_mmap(0, 4096, 3, 34)                                                                                     = 0x7f4f5bc7e000
8023 [0x7f4f5ba8180a] SYS_mmap(0, 0x294ee0, 5, 2050)                                                                               = 0x7f4f5aae7000
8023 [0x7f4f5ba81857] SYS_mprotect(0x7f4f5ab79000, 0x1ff000, 0, 2050)                                                              = 0
8023 [0x7f4f5ba8180a] SYS_mmap(0x7f4f5ad78000, 0x3000, 3, 2066)                                                                    = 0x7f4f5ad78000
8023 [0x7f4f5ba8180a] SYS_mmap(0x7f4f5ad7b000, 3808, 3, 50)                                                                        = 0x7f4f5ad7b000
8023 [0x7f4f5ba81787] SYS_close(3, 16, 0x7f4f5ad78e30, 0x6ffffdff)                                                                 = 0
8023 [0x7f4f5ba81677] SYS_open(0x7f4f5bc7e4b8, 0x80000, 0, 0x6ffffdff)                                                             = 3
8023 [0x7f4f5ba81697] SYS_read(3, 0x7fff95942968, 832, 0x6ffffdff)                                                                 = 832
8023 [0x7f4f5ba81604] SYS_fstat(3, 0x7fff95942840, 0x7fff95942840, 16)                                                             = 0
8023 [0x7f4f5ba8180a] SYS_mmap(0, 0x29d850, 5, 2050)                                                                               = 0x7f4f5a849000
8023 [0x7f4f5ba81857] SYS_mprotect(0x7f4f5a8e2000, 0x200000, 0, 2050)                                                              = 0
8023 [0x7f4f5ba8180a] SYS_mmap(0x7f4f5aae2000, 0x3000, 3, 2066)                                                                    = 0x7f4f5aae2000
8023 [0x7f4f5ba8180a] SYS_mmap(0x7f4f5aae5000, 6224, 3, 50)                                                                        = 0x7f4f5aae5000
8023 [0x7f4f5ba81787] SYS_close(3, 16, 0x7f4f5aae3cc8, 0x6ffffdff)                                                                 = 0
8023 [0x7f4f5ba81677] SYS_open(0x7f4f5bc7e9a0, 0x80000, 0, 0x6ffffdff)                                                             = 3
8023 [0x7f4f5ba81697] SYS_read(3, 0x7fff95942938, 832, 0x6ffffdff)                                                                 = 832
8023 [0x7f4f5ba81604] SYS_fstat(3, 0x7fff95942810, 0x7fff95942810, 16)                                                             = 0
8023 [0x7f4f5ba8180a] SYS_mmap(0, 0x2dbbb0, 5, 2050)                                                                               = 0x7f4f5a56d000
8023 [0x7f4f5ba81857] SYS_mprotect(0x7f4f5a62b000, 0x200000, 0, 2050)                                                              = 0
8023 [0x7f4f5ba8180a] SYS_mmap(0x7f4f5a82b000, 0xa000, 3, 2066)                                                                    = 0x7f4f5a82b000
8023 [0x7f4f5ba8180a] SYS_mmap(0x7f4f5a835000, 0x13bb0, 3, 50)                                                                     = 0x7f4f5a835000
8023 [0x7f4f5ba81787] SYS_close(3, 16, 0x7f4f5a8314d8, 0x6ffffdff)                                                                 = 0
8023 [0x7f4f5ba81677] SYS_open(0x7f4f5bc7ee70, 0x80000, 0, 0x6ffffdff)                                                             = 3
8023 [0x7f4f5ba81697] SYS_read(3, 0x7fff95942908, 832, 0x6ffffdff)                                                                 = 832
8023 [0x7f4f5ba81604] SYS_fstat(3, 0x7fff959427e0, 0x7fff959427e0, 32)                                                             = 0
8023 [0x7f4f5ba8180a] SYS_mmap(0, 4096, 3, 34)                                                                                     = 0x7f4f5bc7d000
8023 [0x7f4f5ba8180a] SYS_mmap(0, 0x21c490, 5, 2050)                                                                               = 0x7f4f5a350000
8023 [0x7f4f5ba81857] SYS_mprotect(0x7f4f5a368000, 0x1ff000, 0, 2050)                                                              = 0
8023 [0x7f4f5ba8180a] SYS_mmap(0x7f4f5a567000, 8192, 3, 2066)                                                                      = 0x7f4f5a567000
8023 [0x7f4f5ba8180a] SYS_mmap(0x7f4f5a569000, 0x3490, 3, 50)                                                                      = 0x7f4f5a569000
8023 [0x7f4f5ba81787] SYS_close(3, 16, 0, 0x6ffffdff)                                                                              = 0
8023 [0x7f4f5ba81677] SYS_open(0x7f4f5bc7d4b8, 0x80000, 0, 0x6ffffdff)                                                             = 3
8023 [0x7f4f5ba81697] SYS_read(3, 0x7fff959428d8, 832, 0x6ffffdff)                                                                 = 832
8023 [0x7f4f5ba81604] SYS_fstat(3, 0x7fff959427b0, 0x7fff959427b0, 32)                                                             = 0
8023 [0x7f4f5ba8180a] SYS_mmap(0, 0x207bc0, 5, 2050)                                                                               = 0x7f4f5a148000
8023 [0x7f4f5ba81857] SYS_mprotect(0x7f4f5a14f000, 0x1ff000, 0, 2050)                                                              = 0
8023 [0x7f4f5ba8180a] SYS_mmap(0x7f4f5a34e000, 8192, 3, 2066)                                                                      = 0x7f4f5a34e000
8023 [0x7f4f5ba81787] SYS_close(3, 16, 0, 0x6ffffdff)                                                                              = 0
8023 [0x7f4f5ba81677] SYS_open(0x7f4f5bc7d988, 0x80000, 0, 0x6ffffdff)                                                             = 3
8023 [0x7f4f5ba81697] SYS_read(3, 0x7fff959428a8, 832, 0x6ffffdff)                                                                 = 832
8023 [0x7f4f5ba81604] SYS_fstat(3, 0x7fff95942780, 0x7fff95942780, 16)                                                             = 0
8023 [0x7f4f5ba8180a] SYS_mmap(0, 0x202e20, 5, 2050)                                                                               = 0x7f4f59f45000
8023 [0x7f4f5ba81857] SYS_mprotect(0x7f4f59f48000, 0x1ff000, 0, 2050)                                                              = 0
8023 [0x7f4f5ba8180a] SYS_mmap(0x7f4f5a147000, 4096, 3, 2066)                                                                      = 0x7f4f5a147000
8023 [0x7f4f5ba81787] SYS_close(3, 16, 0x7f4f5a147c28, 0x6ffffdff)                                                                 = 0
8023 [0x7f4f5ba81677] SYS_open(0x7f4f5bc7de58, 0x80000, 0, 0x6ffffdff)                                                             = 3
8023 [0x7f4f5ba81697] SYS_read(3, 0x7fff95942878, 832, 0x6ffffdff)                                                                 = 832
8023 [0x7f4f5ba81604] SYS_fstat(3, 0x7fff95942750, 0x7fff95942750, 16)                                                             = 0
8023 [0x7f4f5ba8180a] SYS_mmap(0, 4096, 3, 34)                                                                                     = 0x7f4f5bc7c000
8023 [0x7f4f5ba8180a] SYS_mmap(0, 0x209850, 5, 2050)                                                                               = 0x7f4f59d3b000
8023 [0x7f4f5ba81857] SYS_mprotect(0x7f4f59d45000, 0x1ff000, 0, 2050)                                                              = 0
8023 [0x7f4f5ba8180a] SYS_mmap(0x7f4f59f44000, 4096, 3, 2066)                                                                      = 0x7f4f59f44000
8023 [0x7f4f5ba81787] SYS_close(3, 16, 0x7f4f59f44618, 0x6ffffdff)                                                                 = 0
8023 [0x7f4f5ba81677] SYS_open(0x7f4f5bc7c4b8, 0x80000, 0, 0x6ffffdff)                                                             = 3
8023 [0x7f4f5ba81697] SYS_read(3, 0x7fff95942848, 832, 0x6ffffdff)                                                                 = 832
8023 [0x7f4f5ba81604] SYS_fstat(3, 0x7fff95942720, 0x7fff95942720, 16)                                                             = 0
8023 [0x7f4f5ba8180a] SYS_mmap(0, 0x210868, 5, 2050)                                                                               = 0x7f4f59b2a000
8023 [0x7f4f5ba81857] SYS_mprotect(0x7f4f59b3b000, 0x1ff000, 0, 2050)                                                              = 0
8023 [0x7f4f5ba8180a] SYS_mmap(0x7f4f59d3a000, 4096, 3, 2066)                                                                      = 0x7f4f59d3a000
8023 [0x7f4f5ba81787] SYS_close(3, 16, 0x7f4f59d3a408, 0x6ffffdff)                                                                 = 0
8023 [0x7f4f5ba81677] SYS_open(0x7f4f5bc7ca40, 0x80000, 0, 0x7f4f5bc7d9a0)                                                         = 3
8023 [0x7f4f5ba81697] SYS_read(3, 0x7fff959426e8, 832, 0x7f4f5bc7d9a0)                                                             = 832
8023 [0x7f4f5ba81604] SYS_fstat(3, 0x7fff959425c0, 0x7fff959425c0, 16)                                                             = 0
8023 [0x7f4f5ba8180a] SYS_mmap(0, 0x2032c8, 5, 2050)                                                                               = 0x7f4f59926000
8023 [0x7f4f5ba81857] SYS_mprotect(0x7f4f59929000, 0x200000, 0, 2050)                                                              = 0
8023 [0x7f4f5ba8180a] SYS_mmap(0x7f4f59b29000, 4096, 3, 2066)                                                                      = 0x7f4f59b29000
8023 [0x7f4f5ba81787] SYS_close(3, 16, 0x7f4f59b29188, 0x6ffffdff)                                                                 = 0
8023 [0x7f4f5ba81677] SYS_open(0x7f4f5bc7cf28, 0x80000, 0, 0x6ffffdff)                                                             = 3
8023 [0x7f4f5ba81697] SYS_read(3, 0x7fff959426b8, 832, 0x6ffffdff)                                                                 = 832
8023 [0x7f4f5ba81604] SYS_fstat(3, 0x7fff95942590, 0x7fff95942590, 16)                                                             = 0
8023 [0x7f4f5ba8180a] SYS_mmap(0, 4096, 3, 34)                                                                                     = 0x7f4f5bc7b000
8023 [0x7f4f5ba8180a] SYS_mmap(0, 0x207820, 5, 2050)                                                                               = 0x7f4f5971e000
8023 [0x7f4f5ba81857] SYS_mprotect(0x7f4f59725000, 0x200000, 0, 2050)                                                              = 0
8023 [0x7f4f5ba8180a] SYS_mmap(0x7f4f59925000, 4096, 3, 2066)                                                                      = 0x7f4f59925000
8023 [0x7f4f5ba81787] SYS_close(3, 16, 0x7f4f59925188, 0x6ffffdff)                                                                 = 0
8023 [0x7f4f5ba81677] SYS_open(0x7f4f5bc7b4c8, 0x80000, 0, 0x6ffffdff)                                                             = 3
8023 [0x7f4f5ba81697] SYS_read(3, 0x7fff95942688, 832, 0x6ffffdff)                                                                 = 832
8023 [0x7f4f5ba81604] SYS_fstat(3, 0x7fff95942560, 0x7fff95942560, 16)                                                             = 0
8023 [0x7f4f5ba8180a] SYS_mmap(0, 0x201f30, 5, 2050)                                                                               = 0x7f4f5951c000
8023 [0x7f4f5ba81857] SYS_mprotect(0x7f4f5951e000, 0x1ff000, 0, 2050)                                                              = 0
8023 [0x7f4f5ba8180a] SYS_mmap(0x7f4f5971d000, 4096, 3, 2066)                                                                      = 0x7f4f5971d000
8023 [0x7f4f5ba81787] SYS_close(3, 16, 0x7f4f5971de18, 0x6ffffdff)                                                                 = 0
8023 [0x7f4f5ba81677] SYS_open(0x7f4f5bc7ba60, 0x80000, 0, 0x7f4f5bc7f4d0)                                                         = 3
8023 [0x7f4f5ba81697] SYS_read(3, 0x7fff95942658, 832, 0x7f4f5bc7f4d0)                                                             = 832
8023 [0x7f4f5ba81604] SYS_fstat(3, 0x7fff95942530, 0x7fff95942530, 16)                                                             = 0
8023 [0x7f4f5ba8180a] SYS_mmap(0, 0x2022e8, 5, 2050)                                                                               = 0x7f4f59319000
8023 [0x7f4f5ba81857] SYS_mprotect(0x7f4f5931b000, 0x200000, 0, 2050)                                                              = 0
8023 [0x7f4f5ba8180a] SYS_mmap(0x7f4f5951b000, 4096, 3, 2066)                                                                      = 0x7f4f5951b000
8023 [0x7f4f5ba81787] SYS_close(3, 16, 0x7f4f5951b198, 0x6ffffdff)                                                                 = 0
8023 [0x7f4f5ba81677] SYS_open(0x7f4f5bc7bf40, 0x80000, 0, 0x6ffffdff)                                                             = 3
8023 [0x7f4f5ba81697] SYS_read(3, 0x7fff95942628, 832, 0x6ffffdff)                                                                 = 832
8023 [0x7f4f5ba81604] SYS_fstat(3, 0x7fff95942500, 0x7fff95942500, 16)                                                             = 0
8023 [0x7f4f5ba8180a] SYS_mmap(0, 4096, 3, 34)                                                                                     = 0x7f4f5bc7a000
8023 [0x7f4f5ba8180a] SYS_mmap(0, 0x201f30, 5, 2050)                                                                               = 0x7f4f59117000
8023 [0x7f4f5ba81857] SYS_mprotect(0x7f4f59119000, 0x1ff000, 0, 2050)                                                              = 0
8023 [0x7f4f5ba8180a] SYS_mmap(0x7f4f59318000, 4096, 3, 2066)                                                                      = 0x7f4f59318000
8023 [0x7f4f5ba81787] SYS_close(3, 16, 0x7f4f59318e18, 0x6ffffdff)                                                                 = 0
8023 [0x7f4f5ba81677] SYS_open(0x7f4f5bc7a4c0, 0x80000, 0, 0x6ffffdff)                                                             = 3
8023 [0x7f4f5ba81697] SYS_read(3, 0x7fff959425f8, 832, 0x6ffffdff)                                                                 = 832
8023 [0x7f4f5ba81604] SYS_fstat(3, 0x7fff959424d0, 0x7fff959424d0, 16)                                                             = 0
8023 [0x7f4f5ba8180a] SYS_mmap(0, 0x2038b8, 5, 2050)                                                                               = 0x7f4f58f13000
8023 [0x7f4f5ba81857] SYS_mprotect(0x7f4f58f17000, 0x1ff000, 0, 2050)                                                              = 0
8023 [0x7f4f5ba8180a] SYS_mmap(0x7f4f59116000, 4096, 3, 2066)                                                                      = 0x7f4f59116000
8023 [0x7f4f5ba81787] SYS_close(3, 16, 0x7f4f59116748, 0x6ffffdff)                                                                 = 0
8023 [0x7f4f5ba81677] SYS_open(0x7f4f5bc7aa60, 0x80000, 0, 0x7f4f5bc7d000)                                                         = 3
8023 [0x7f4f5ba81697] SYS_read(3, 0x7fff95942598, 832, 0x7f4f5bc7d000)                                                             = 832
8023 [0x7f4f5ba81604] SYS_fstat(3, 0x7fff95942470, 0x7fff95942470, 16)                                                             = 0
8023 [0x7f4f5ba8180a] SYS_mmap(0, 0x210848, 5, 2050)                                                                               = 0x7f4f58d02000
8023 [0x7f4f5ba81857] SYS_mprotect(0x7f4f58d12000, 0x1ff000, 0, 2050)                                                              = 0
8023 [0x7f4f5ba8180a] SYS_mmap(0x7f4f58f11000, 8192, 3, 2066)                                                                      = 0x7f4f58f11000
8023 [0x7f4f5ba81787] SYS_close(3, 16, 0x7f4f58f11d90, 0x6ffffdff)                                                                 = 0
8023 [0x7f4f5ba81677] SYS_open(0x7f4f5bc7af48, 0x80000, 0, 0x6ffffdff)                                                             = 3
8023 [0x7f4f5ba81697] SYS_read(3, 0x7fff95942568, 832, 0x6ffffdff)                                                                 = 832
8023 [0x7f4f5ba81604] SYS_fstat(3, 0x7fff95942440, 0x7fff95942440, 16)                                                             = 0
8023 [0x7f4f5ba8180a] SYS_mmap(0, 4096, 3, 34)                                                                                     = 0x7f4f5bc79000
8023 [0x7f4f5ba8180a] SYS_mmap(0, 0x20acf0, 5, 2050)                                                                               = 0x7f4f58af7000
8023 [0x7f4f5ba81857] SYS_mprotect(0x7f4f58b02000, 0x1ff000, 0, 2050)                                                              = 0
8023 [0x7f4f5ba8180a] SYS_mmap(0x7f4f58d01000, 4096, 3, 2066)                                                                      = 0x7f4f58d01000
8023 [0x7f4f5ba81787] SYS_close(3, 16, 0x7f4f58d01750, 0x6ffffdff)                                                                 = 0
8023 [0x7f4f5ba81677] SYS_open(0x7f4f5bc79560, 0x80000, 0, 0x7f4f5bc7d000)                                                         = 3
8023 [0x7f4f5ba81697] SYS_read(3, 0x7fff95942538, 832, 0x7f4f5bc7d000)                                                             = 832
8023 [0x7f4f5ba81604] SYS_fstat(3, 0x7fff95942410, 0x7fff95942410, 32)                                                             = 0
8023 [0x7f4f5ba8180a] SYS_mmap(0, 0x2361e0, 5, 2050)                                                                               = 0x7f4f588c0000
8023 [0x7f4f5ba81857] SYS_mprotect(0x7f4f588c8000, 0x1ff000, 0, 2050)                                                              = 0
8023 [0x7f4f5ba8180a] SYS_mmap(0x7f4f58ac7000, 8192, 3, 2066)                                                                      = 0x7f4f58ac7000
8023 [0x7f4f5ba8180a] SYS_mmap(0x7f4f58ac9000, 0x2d1e0, 3, 50)                                                                     = 0x7f4f58ac9000
8023 [0x7f4f5ba81787] SYS_close(3, 16, 0, 0x6ffffdff)                                                                              = 0
8023 [0x7f4f5ba81677] SYS_open(0x7f4f5bc79a30, 0x80000, 0, 0x6ffffdff)                                                             = 3
8023 [0x7f4f5ba81697] SYS_read(3, 0x7fff95942508, 832, 0x6ffffdff)                                                                 = 832
8023 [0x7f4f5ba81604] SYS_fstat(3, 0x7fff959423e0, 0x7fff959423e0, 16)                                                             = 0
8023 [0x7f4f5ba8180a] SYS_mmap(0, 0x43fe88, 5, 2050)                                                                               = 0x7f4f58480000
8023 [0x7f4f5ba81857] SYS_mprotect(0x7f4f58695000, 0x200000, 0, 2050)                                                              = 0
8023 [0x7f4f5ba8180a] SYS_mmap(0x7f4f58895000, 0x27000, 3, 2066)                                                                   = 0x7f4f58895000
8023 [0x7f4f5ba8180a] SYS_mmap(0x7f4f588bc000, 0x3e88, 3, 50)                                                                      = 0x7f4f588bc000
8023 [0x7f4f5ba81857] SYS_mprotect(0x7fff95944000, 4096, 0x1000007, 4)                                                             = 0
8023 [0x7f4f5ba81787] SYS_close(3, 4096, 0x1000007, 4)                                                                             = 0
8023 [0x7f4f5ba81677] SYS_open(0x7f4f5bc79fb0, 0x80000, 0, 0x7f4f5bc7c4d0)                                                         = 3
8023 [0x7f4f5ba81697] SYS_read(3, 0x7fff959424d8, 832, 0x7f4f5bc7c4d0)                                                             = 832
8023 [0x7f4f5ba81604] SYS_fstat(3, 0x7fff959423b0, 0x7fff959423b0, 16)                                                             = 0
8023 [0x7f4f5ba8180a] SYS_mmap(0, 4096, 3, 34)                                                                                     = 0x7f4f5bc78000
8023 [0x7f4f5ba8180a] SYS_mmap(0, 0x215730, 5, 2050)                                                                               = 0x7f4f5826a000
8023 [0x7f4f5ba81857] SYS_mprotect(0x7f4f58280000, 0x1ff000, 0, 2050)                                                              = 0
8023 [0x7f4f5ba8180a] SYS_mmap(0x7f4f5847f000, 4096, 3, 2066)                                                                      = 0x7f4f5847f000
8023 [0x7f4f5ba81787] SYS_close(3, 16, 0x7f4f5847f490, 0x6ffffdff)                                                                 = 0
8023 [0x7f4f5ba81677] SYS_open(0x7f4f5bc784f0, 0x80000, 0, 0x6ffffdff)                                                             = 3
8023 [0x7f4f5ba81697] SYS_read(3, 0x7fff959424a8, 832, 0x6ffffdff)                                                                 = 832
8023 [0x7f4f5ba81604] SYS_fstat(3, 0x7fff95942380, 0x7fff95942380, 32)                                                             = 0
8023 [0x7f4f5ba8180a] SYS_mmap(0, 0x2fd148, 5, 2050)                                                                               = 0x7f4f57f6c000
8023 [0x7f4f5ba81857] SYS_mprotect(0x7f4f58069000, 0x1ff000, 0, 2050)                                                              = 0
8023 [0x7f4f5ba8180a] SYS_mmap(0x7f4f58268000, 8192, 3, 2066)                                                                      = 0x7f4f58268000
8023 [0x7f4f5ba81787] SYS_close(3, 16, 0, 0x6ffffdff)                                                                              = 0
8023 [0x7f4f5ba81677] SYS_open(0x7fff95942270, 0x80000, 0, 0x36782f39325f3130)                                                     = -2
8023 [0x7f4f5ba815c5] SYS_stat(0x7fff95942270, 0x7fff95942350, 0x7fff95942350, 0x36782f39325f3130)                                 = -2
8023 [0x7f4f5ba81677] SYS_open(0x7fff95942270, 0x80000, 0, 0x36782f39325f3130)                                                     = -2
8023 [0x7f4f5ba815c5] SYS_stat(0x7fff95942270, 0x7fff95942350, 0x7fff95942350, 0x36782f39325f3130)                                 = -2
8023 [0x7f4f5ba81677] SYS_open(0x7fff95942270, 0x80000, 0, 0x36782f39325f3130)                                                     = -2
8023 [0x7f4f5ba815c5] SYS_stat(0x7fff95942270, 0x7fff95942350, 0x7fff95942350, 0x36782f39325f3130)                                 = -2
8023 [0x7f4f5ba81677] SYS_open(0x7fff95942270, 0x80000, 0, 0x36782f39325f3130)                                                     = -2
8023 [0x7f4f5ba815c5] SYS_stat(0x7fff95942270, 0x7fff95942350, 0x7fff95942350, 0x36782f39325f3130)                                 = -2
8023 [0x7f4f5ba81677] SYS_open(0x7f4f5bc78dd0, 0x80000, 0, 0x36782f39325f3130)                                                     = 3
8023 [0x7f4f5ba81697] SYS_read(3, 0x7fff95942478, 832, 0x36782f39325f3130)                                                         = 832
8023 [0x7f4f5ba81604] SYS_fstat(3, 0x7fff95942350, 0x7fff95942350, 16)                                                             = 0
8023 [0x7f4f5ba8180a] SYS_mmap(0, 4096, 3, 34)                                                                                     = 0x7f4f5bc77000
8023 [0x7f4f5ba8180a] SYS_mmap(0, 0x2f8980, 5, 2050)                                                                               = 0x7f4f57c73000
8023 [0x7f4f5ba81857] SYS_mprotect(0x7f4f57d6a000, 0x200000, 0, 2050)                                                              = 0
8023 [0x7f4f5ba8180a] SYS_mmap(0x7f4f57f6a000, 8192, 3, 2066)                                                                      = 0x7f4f57f6a000
8023 [0x7f4f5ba81787] SYS_close(3, 16, 0x7f4f57f6a3a0, 0x6ffffdff)                                                                 = 0
8023 [0x7f4f5ba81677] SYS_open(0x7f4f5bc774c8, 0x80000, 0, 0x6ffffdff)                                                             = 3
8023 [0x7f4f5ba81697] SYS_read(3, 0x7fff95942448, 832, 0x6ffffdff)                                                                 = 832
8023 [0x7f4f5ba81604] SYS_fstat(3, 0x7fff95942320, 0x7fff95942320, 16)                                                             = 0
8023 [0x7f4f5ba8180a] SYS_mmap(0, 0x2fc9d8, 5, 2050)                                                                               = 0x7f4f57976000
8023 [0x7f4f5ba81857] SYS_mprotect(0x7f4f57a71000, 0x200000, 0, 2050)                                                              = 0
8023 [0x7f4f5ba8180a] SYS_mmap(0x7f4f57c71000, 8192, 3, 2066)                                                                      = 0x7f4f57c71000
8023 [0x7f4f5ba81787] SYS_close(3, 16, 0x7f4f57c72828, 0x6ffffdff)                                                                 = 0
8023 [0x7f4f5ba81677] SYS_open(0x7f4f5bc77998, 0x80000, 0, 0x6ffffdff)                                                             = 3
8023 [0x7f4f5ba81697] SYS_read(3, 0x7fff95942418, 832, 0x6ffffdff)                                                                 = 832
8023 [0x7f4f5ba81604] SYS_fstat(3, 0x7fff959422f0, 0x7fff959422f0, 16)                                                             = 0
8023 [0x7f4f5ba8180a] SYS_mmap(0, 0x242830, 5, 2050)                                                                               = 0x7f4f57733000
8023 [0x7f4f5ba81857] SYS_mprotect(0x7f4f57776000, 0x1ff000, 0, 2050)                                                              = 0
8023 [0x7f4f5ba8180a] SYS_mmap(0x7f4f57975000, 4096, 3, 2066)                                                                      = 0x7f4f57975000
8023 [0x7f4f5ba81787] SYS_close(3, 16, 0x7f4f57975630, 0x6ffffdff)                                                                 = 0
8023 [0x7f4f5ba81677] SYS_open(0x7f4f5bc77f70, 0x80000, 0, 0x7f4f5bc7e9b8)                                                         = 3
8023 [0x7f4f5ba81697] SYS_read(3, 0x7fff959423e8, 832, 0x7f4f5bc7e9b8)                                                             = 832
8023 [0x7f4f5ba81604] SYS_fstat(3, 0x7fff959422c0, 0x7fff959422c0, 32)                                                             = 0
8023 [0x7f4f5ba8180a] SYS_mmap(0, 4096, 3, 34)                                                                                     = 0x7f4f5bc76000
8023 [0x7f4f5ba8180a] SYS_mmap(0, 0x203118, 5, 2050)                                                                               = 0x7f4f5752f000
8023 [0x7f4f5ba81857] SYS_mprotect(0x7f4f57531000, 0x200000, 0, 2050)                                                              = 0
8023 [0x7f4f5ba8180a] SYS_mmap(0x7f4f57731000, 8192, 3, 2066)                                                                      = 0x7f4f57731000
8023 [0x7f4f5ba81787] SYS_close(3, 16, 0x7f4f57731f40, 0x6ffffdff)                                                                 = 0
8023 [0x7f4f5ba8180a] SYS_mmap(0, 4096, 3, 34)                                                                                     = 0x7f4f5bc75000
8023 [0x7f4f5ba8180a] SYS_mmap(0, 4096, 3, 34)                                                                                     = 0x7f4f5bc74000
8023 [0x7f4f5ba8180a] SYS_mmap(0, 8192, 3, 34)                                                                                     = 0x7f4f5bc72000
8023 [0x7f4f5ba6b044] SYS_arch_prctl(4098, 0x7f4f5bc72780, 0x7f4f5bc73080, 34)                                                     = 0
8023 [0x7f4f5ba81857] SYS_mprotect(0x7f4f5b3c1000, 0x4000, 1, 1)                                                                   = 0
8023 [0x7f4f5ba81857] SYS_mprotect(0x7f4f57731000, 4096, 1, 0x7f4f5752fc68)                                                        = 0
8023 [0x7f4f5ba81857] SYS_mprotect(0x7f4f5a567000, 4096, 1, 0x7f4f5a355500)                                                        = 0
8023 [0x7f4f5ba81857] SYS_mprotect(0x7f4f58268000, 4096, 1, 1)                                                                     = 0
8023 [0x7f4f5ba81857] SYS_mprotect(0x7f4f58ac7000, 4096, 1, 0x7f4f588c0a00)                                                        = 0
8023 [0x7f4f5ba81857] SYS_mprotect(0x7f4f5a82b000, 0x7000, 1, 0x7f4f5a5c5810)                                                      = 0
8023 [0x7f4f5ba81857] SYS_mprotect(0x7f4f5a34e000, 4096, 1, 0x7f4f5a149d58)                                                        = 0
8023 [0x7f4f5ba81857] SYS_mprotect(0x7f4f5bc8a000, 4096, 1, 0)                                                                     = 0
8023 [0x7f4f5ba81837] SYS_munmap(0x7f4f5bc80000, 0x83b3, 0x70d00, 0)                                                               = 0
8023 [0x7f4f5a356e92] SYS_set_tid_address(0x7f4f5bc72a50, 0x7fff959443d8, 0x7f4f5bc72780, 0)                                       = 8023
8023 [0x7f4f5a356efa] SYS_set_robust_list(0x7f4f5bc72a60, 24, 0x7f4f5bc72780, 0)                                                   = 0
8023 [0x7f4f5a360cf5] SYS_rt_sigaction(32, 0x7fff95944128, 0, 8)                                                                   = 0
8023 [0x7f4f5a360cf5] SYS_rt_sigaction(33, 0x7fff95944128, 0, 8)                                                                   = 0
8023 [0x7f4f5a356fd6] SYS_rt_sigprocmask(1, 0x7fff95944278, 0, 8)                                                                  = 0
8023 [0x7f4f5b10db17] SYS_getrlimit(3, 0x7fff95944310, 63, 1)                                                                      = 0
8023 [0x7f4f5a356b95] SYS_futex(0x7f4f5a8357e0, 129, 0x7fffffff, 0)                                                                = 0
8023 [0x4008fd] ledctrl->Lookup_Nas_Info(_T_NAS_PROP_&)(0x7fff95944220, 0x7fff95945b94, 0, 0x7fff95945b93 <unfinished ...>
8023 [0x7f4f5b814d11]   libnasman.so->Open_Share_Memory(char const*, int, void*&, int&)(0x7f4f5b85908e, 0, 0x7fff959441e0, 0x7fff959441ec <unfinished ...>
8023 [0x7f4f5b108557]     SYS_statfs(0x7f4f5a3631e8, 0x7fff95943f80, 0x7f4f5a56c310, 1)                                            = 0
8023 [0x7f4f5a356b95]     SYS_futex(0x7f4f5a56c310, 129, 0x7fffffff, 0)                                                            = 0
8023 [0x7f4f5b1087e0]     SYS_open(0x7fff95944090, 0xa0000, 484, 1)                                                                = 3
8023 [0x7f4f5b1083b4]     SYS_fstat(3, 0x7fff95944120, 0x7fff95944120, 1)                                                          = 0
8023 [0x7f4f5b11172a]     SYS_mmap(0, 0x2788, 1, 1)                                                                                = 0x7f4f5bc86000
8023 [0x7f4f5b109070]     SYS_close(3, 0x2788, 1, 1)                                                                               = 0
8023 [0x7f4f5b814d11]   <... Open_Share_Memory(char const*, int, void*&, int&) resumed> )                                          = 0
8023 [0x7f4f5b814d4d]   libnasman.so->Open_Share_Memory(char const*, int, void*&, int&)(0x7f4f5b8590a7, 0, 0x7fff959441e0, 0x7fff959441ec <unfinished ...>
8023 [0x7f4f5b1087e0]     SYS_open(0x7fff95944090, 0xa0000, 484, 1)                                                                = 3
8023 [0x7f4f5b1083b4]     SYS_fstat(3, 0x7fff95944120, 0x7fff95944120, 1)                                                          = 0
8023 [0x7f4f5b11172a]     SYS_mmap(0, 3536, 1, 1)                                                                                  = 0x7f4f5bc85000
8023 [0x7f4f5b109070]     SYS_close(3, 3536, 1, 1)                                                                                 = 0
8023 [0x7f4f5b814d4d]   <... Open_Share_Memory(char const*, int, void*&, int&) resumed> )                                          = 0
8023 [0x7f4f5b814d7f]   libnasman.so->Open_Share_Memory(char const*, int, void*&, int&)(0x7f4f5b8590b5, 0, 0x7fff959441e0, 0x7fff959441ec <unfinished ...>
8023 [0x7f4f5b1087e0]     SYS_open(0x7fff95944090, 0xa0000, 484, 1)                                                                = 3
8023 [0x7f4f5b1083b4]     SYS_fstat(3, 0x7fff95944120, 0x7fff95944120, 1)                                                          = 0
8023 [0x7f4f5b11172a]     SYS_mmap(0, 4080, 1, 1)                                                                                  = 0x7f4f5bc84000
8023 [0x7f4f5b109070]     SYS_close(3, 4080, 1, 1)                                                                                 = 0
8023 [0x7f4f5b814d7f]   <... Open_Share_Memory(char const*, int, void*&, int&) resumed> )                                          = 0
8023 [0x4008fd] <... Lookup_Nas_Info(_T_NAS_PROP_&) resumed> )                                                                     = 0
8023 [0x400934] ledctrl->Hal_Led_Set_Hdd_Mode(0, 7, 3, 0 <unfinished ...>
8023 [0x7f4f5b3d1f15]   libnhal.so->Hal_Lookup_Hardware_Info(0x7fff95944110, 7, 3, 0 <unfinished ...>
8023 [0x7f4f5b1087e0]     SYS_open(0x7fff95944010, 0xa0002, 484, 1)                                                                = 3
8023 [0x7f4f5b11172a]     SYS_mmap(0, 220, 3, 1)                                                                                   = 0x7f4f5bc83000
8023 [0x7f4f5b109070]     SYS_close(3, 220, 3, 1)                                                                                  = 0
8023 [0x7f4f5b3d07f0]     libnhal.so->Hw_Semaphore_Init(0x7fff959440c0, 0x7f4f5b3d3287, 1, -1 <unfinished ...>
8023 [0x7f4f5b108405]       SYS_lstat(0x7fff95943f70, 0x7fff95943e80, 0x7fff95943e80, 0)                                           = -2
8023 [0x7f4f5a360510]       SYS_open(0x7fff95943f70, 194, 600, 0)                                                                  = 3
8023 [0x7f4f5a35fda0]       SYS_write(3, 0x7fff95943ff0, 32, 0)                                                                    = 32
8023 [0x7f4f5b11172a]       SYS_mmap(0, 32, 3, 1)                                                                                  = 0x7f4f5bc82000
8023 [0x7f4f5b10a1a7]       SYS_link(0x7fff95943f70, 0x7fff95943fa0, 3, 1)                                                         = -17
8023 [0x7f4f5b111757]       SYS_munmap(0x7f4f5bc82000, 32, 3, 1)                                                                   = 0
8023 [0x7f4f5b10a2c7]       SYS_unlink(0x7fff95943f70, 32, 3, 1)                                                                   = 0
8023 [0x7f4f5a35fe60]       SYS_close(3, 32, 3, 1)                                                                                 = 0
8023 [0x7f4f5a360510]       SYS_open(0x7fff95943fa0, 0x20002, 18, 1)                                                               = 3
8023 [0x7f4f5b1083b4]       SYS_fstat(3, 0x7fff95943ed0, 0x7fff95943ed0, 1)                                                        = 0
8023 [0x7f4f5b10df5a]       SYS_brk(0, 0x7f4f5b3c5640, 0, -4096)                                                                   = 0x1c1b000
8023 [0x7f4f5b10df5a]       SYS_brk(0x1c3c000, 0x1c1b000, 0x1c3c000, -4096)                                                        = 0x1c3c000
8023 [0x7f4f5b11172a]       SYS_mmap(0, 32, 3, 1)                                                                                  = 0x7f4f5bc82000
8023 [0x7f4f5a35fe60]       SYS_close(3, 32, 0, 3)                                                                                 = 0
8023 [0x7f4f5b3d07f0]     <... Hw_Semaphore_Init resumed> )                                                                        = 17
8023 [0x7f4f5b3d0800]     libnhal.so->Hw_Semaphore_Lock(0x7fff959440c0, 32, 0x7f4f5bc82000, -1)                                    = 0
8023 [0x7f4f5b3d0918]     libnhal.so->Hw_Semaphore_Unlock(0x7fff959440c0, 2, 0x7f4f5bc83000, 0)                                    = 0
8023 [0x7f4f5b3d0924]     libnhal.so->Hw_Semaphore_Release(0x7fff959440c0, 128, 0, 0 <unfinished ...>
8023 [0x7f4f5b111757]       SYS_munmap(0x7f4f5bc82000, 32, 0, 1)                                                                   = 0
8023 [0x7f4f5b3d0924]     <... Hw_Semaphore_Release resumed> )                                                                     = 0
8023 [0x7f4f5b3d1f15]   <... Hal_Lookup_Hardware_Info resumed> )                                                                   = 0
8023 [0x7f4f5b3d20e3]   libnhal.so->Mv9125_Set_Led_Mode(0, 0, 0, 3 <unfinished ...>
8023 [0x7f4f59723937]     libgeneraldrv.so->PCI_Conf_Read(1, 0, 0, 36 <unfinished ...>
8023 [0x7f4f59720823]       libgeneraldrv.so->Hw_Semaphore_Init(0x7fff95944000, 0x7f4f59724000, 1, 0 <unfinished ...>
8023 [0x7f4f5b108405]         SYS_lstat(0x7fff95943eb0, 0x7fff95943dc0, 0x7fff95943dc0, 0)                                         = -2
8023 [0x7f4f5a360510]         SYS_open(0x7fff95943eb0, 194, 600, 0)                                                                = 3
8023 [0x7f4f5a35fda0]         SYS_write(3, 0x7fff95943f30, 32, 0)                                                                  = 32
8023 [0x7f4f5b11172a]         SYS_mmap(0, 32, 3, 1)                                                                                = 0x7f4f5bc82000
8023 [0x7f4f5b10a1a7]         SYS_link(0x7fff95943eb0, 0x7fff95943ee0, 3, 1)                                                       = -17
8023 [0x7f4f5b111757]         SYS_munmap(0x7f4f5bc82000, 32, 3, 1)                                                                 = 0
8023 [0x7f4f5b10a2c7]         SYS_unlink(0x7fff95943eb0, 32, 3, 1)                                                                 = 0
8023 [0x7f4f5a35fe60]         SYS_close(3, 32, 3, 1)                                                                               = 0
8023 [0x7f4f5a360510]         SYS_open(0x7fff95943ee0, 0x20002, 17, 1)                                                             = 3
8023 [0x7f4f5b1083b4]         SYS_fstat(3, 0x7fff95943e10, 0x7fff95943e10, 1)                                                      = 0
8023 [0x7f4f5b11172a]         SYS_mmap(0, 32, 3, 1)                                                                                = 0x7f4f5bc82000
8023 [0x7f4f5a35fe60]         SYS_close(3, 32, 0, 1)                                                                               = 0
8023 [0x7f4f59720823]       <... Hw_Semaphore_Init resumed> )                                                                      = 17
8023 [0x7f4f59720833]       libgeneraldrv.so->Hw_Semaphore_Lock(0x7fff95944000, 32, 0x7f4f5bc82000, -1)                            = 0
8023 [0x7f4f5b1156b7]       SYS_ioperm(3320, 4, 1, 1)                                                                              = 0
8023 [0x7f4f5b1156b7]       SYS_ioperm(3320, 4, 0, 1)                                                                              = 0
8023 [0x7f4f5b1156b7]       SYS_ioperm(235, 1, 1, 1)                                                                               = 0
8023 [0x7f4f5b1156b7]       SYS_ioperm(235, 1, 0, 1)                                                                               = 0
8023 [0x7f4f5b1156b7]       SYS_ioperm(3324, 4, 1, 1)                                                                              = 0
8023 [0x7f4f5b1156b7]       SYS_ioperm(3324, 4, 0, 1)                                                                              = 0
8023 [0x7f4f5b1156b7]       SYS_ioperm(235, 1, 1, 1)                                                                               = 0
8023 [0x7f4f5b1156b7]       SYS_ioperm(235, 1, 0, 1)                                                                               = 0
8023 [0x7f4f5b1156b7]       SYS_ioperm(3320, 4, 1, 1)                                                                              = 0
8023 [0x7f4f5b1156b7]       SYS_ioperm(3320, 4, 0, 1)                                                                              = 0
8023 [0x7f4f5b1156b7]       SYS_ioperm(235, 1, 1, 1)                                                                               = 0
8023 [0x7f4f5b1156b7]       SYS_ioperm(235, 1, 0, 1)                                                                               = 0
8023 [0x7f4f5972097f]       libgeneraldrv.so->Hw_Semaphore_Unlock(0x7fff95944000, 1, 0, -1)                                        = 0
8023 [0x7f4f5972098b]       libgeneraldrv.so->Hw_Semaphore_Release(0x7fff95944000, 128, 0, 0 <unfinished ...>
8023 [0x7f4f5b111757]         SYS_munmap(0x7f4f5bc82000, 32, 0, 1)                                                                 = 0
8023 [0x7f4f5972098b]       <... Hw_Semaphore_Release resumed> )                                                                   = 0
8023 [0x7f4f59723937]     <... PCI_Conf_Read resumed> )                                                                            = 0
8023 [0x7f4f59723959]     libgeneraldrv.so->Hw_Semaphore_Init(0x7fff95944070, 0x7f4f5972438c, 1, 0x7f4f5b3c5658 <unfinished ...>
8023 [0x7f4f5b108405]       SYS_lstat(0x7fff95943f20, 0x7fff95943e30, 0x7fff95943e30, 0)                                           = -2
8023 [0x7f4f5a360510]       SYS_open(0x7fff95943f20, 194, 600, 0)                                                                  = 3
8023 [0x7f4f5a35fda0]       SYS_write(3, 0x7fff95943fa0, 32, 0)                                                                    = 32
8023 [0x7f4f5b11172a]       SYS_mmap(0, 32, 3, 1)                                                                                  = 0x7f4f5bc82000
8023 [0x7f4f5b10a1a7]       SYS_link(0x7fff95943f20, 0x7fff95943f50, 3, 1)                                                         = -17
8023 [0x7f4f5b111757]       SYS_munmap(0x7f4f5bc82000, 32, 3, 1)                                                                   = 0
8023 [0x7f4f5b10a2c7]       SYS_unlink(0x7fff95943f20, 32, 3, 1)                                                                   = 0
8023 [0x7f4f5a35fe60]       SYS_close(3, 32, 3, 1)                                                                                 = 0
8023 [0x7f4f5a360510]       SYS_open(0x7fff95943f50, 0x20002, 20, 1)                                                               = 3
8023 [0x7f4f5b1083b4]       SYS_fstat(3, 0x7fff95943e80, 0x7fff95943e80, 1)                                                        = 0
8023 [0x7f4f5b11172a]       SYS_mmap(0, 32, 3, 1)                                                                                  = 0x7f4f5bc82000
8023 [0x7f4f5a35fe60]       SYS_close(3, 32, 0, 1)                                                                                 = 0
8023 [0x7f4f59723959]     <... Hw_Semaphore_Init resumed> )                                                                        = 17
8023 [0x7f4f59723969]     libgeneraldrv.so->Hw_Semaphore_Lock(0x7fff95944070, 32, 0x7f4f5bc82000, -1)                              = 0
8023 [0x7f4f5b1087e0]     SYS_open(0x7f4f597243a1, 2, 1, 1)                                                                        = 3
8023 [0x7f4f5b11172a]     SYS_mmap(0, 60, 3, 1)                                                                                    = 0x7f4f5bc81000
8023 [0x7f4f5b0e5060]     SYS_nanosleep(0x7fff95944050, 0, 0, 1)                                                                   = 0
8023 [0x7f4f5b0e5060]     SYS_nanosleep(0x7fff95944050, 0, 0, 1)                                                                   = 0
8023 [0x7f4f5b111757]     SYS_munmap(0x7f4f5bc81000, 60, 0, 1)                                                                     = 0
8023 [0x7f4f5b109070]     SYS_close(3, 60, 0, 1)                                                                                   = 0
8023 [0x7f4f5b0e5060]     SYS_nanosleep(0x7fff95944050, 0, 0, 1)                                                                   = 0
8023 [0x7f4f59723a1c]     libgeneraldrv.so->Hw_Semaphore_Unlock(0x7fff95944070, 0, 0, -1)                                          = 0
8023 [0x7f4f59723a28]     libgeneraldrv.so->Hw_Semaphore_Release(0x7fff95944070, 128, 0, 0 <unfinished ...>
8023 [0x7f4f5b111757]       SYS_munmap(0x7f4f5bc82000, 32, 0, 1)                                                                   = 0
8023 [0x7f4f59723a28]     <... Hw_Semaphore_Release resumed> )                                                                     = 0
8023 [0x7f4f59723acf]     libgeneraldrv.so->PCI_Conf_Read(1, 0, 0, 36 <unfinished ...>
8023 [0x7f4f59720823]       libgeneraldrv.so->Hw_Semaphore_Init(0x7fff95944010, 0x7f4f59724000, 1, 0 <unfinished ...>
8023 [0x7f4f5b108405]         SYS_lstat(0x7fff95943ec0, 0x7fff95943dd0, 0x7fff95943dd0, 0)                                         = -2
8023 [0x7f4f5a360510]         SYS_open(0x7fff95943ec0, 194, 600, 0)                                                                = 3
8023 [0x7f4f5a35fda0]         SYS_write(3, 0x7fff95943f40, 32, 0)                                                                  = 32
8023 [0x7f4f5b11172a]         SYS_mmap(0, 32, 3, 1)                                                                                = 0x7f4f5bc82000
8023 [0x7f4f5b10a1a7]         SYS_link(0x7fff95943ec0, 0x7fff95943ef0, 3, 1)                                                       = -17
8023 [0x7f4f5b111757]         SYS_munmap(0x7f4f5bc82000, 32, 3, 1)                                                                 = 0
8023 [0x7f4f5b10a2c7]         SYS_unlink(0x7fff95943ec0, 32, 3, 1)                                                                 = 0
8023 [0x7f4f5a35fe60]         SYS_close(3, 32, 3, 1)                                                                               = 0
8023 [0x7f4f5a360510]         SYS_open(0x7fff95943ef0, 0x20002, 17, 1)                                                             = 3
8023 [0x7f4f5b1083b4]         SYS_fstat(3, 0x7fff95943e20, 0x7fff95943e20, 1)                                                      = 0
8023 [0x7f4f5b11172a]         SYS_mmap(0, 32, 3, 1)                                                                                = 0x7f4f5bc82000
8023 [0x7f4f5a35fe60]         SYS_close(3, 32, 0, 1)                                                                               = 0
8023 [0x7f4f59720823]       <... Hw_Semaphore_Init resumed> )                                                                      = 17
8023 [0x7f4f59720833]       libgeneraldrv.so->Hw_Semaphore_Lock(0x7fff95944010, 32, 0x7f4f5bc82000, -1)                            = 0
8023 [0x7f4f5b1156b7]       SYS_ioperm(3320, 4, 1, 1)                                                                              = 0
8023 [0x7f4f5b1156b7]       SYS_ioperm(3320, 4, 0, 1)                                                                              = 0
8023 [0x7f4f5b1156b7]       SYS_ioperm(235, 1, 1, 1)                                                                               = 0
8023 [0x7f4f5b1156b7]       SYS_ioperm(235, 1, 0, 1)                                                                               = 0
8023 [0x7f4f5b1156b7]       SYS_ioperm(3324, 4, 1, 1)                                                                              = 0
8023 [0x7f4f5b1156b7]       SYS_ioperm(3324, 4, 0, 1)                                                                              = 0
8023 [0x7f4f5b1156b7]       SYS_ioperm(235, 1, 1, 1)                                                                               = 0
8023 [0x7f4f5b1156b7]       SYS_ioperm(235, 1, 0, 1)                                                                               = 0
8023 [0x7f4f5b1156b7]       SYS_ioperm(3320, 4, 1, 1)                                                                              = 0
8023 [0x7f4f5b1156b7]       SYS_ioperm(3320, 4, 0, 1)                                                                              = 0
8023 [0x7f4f5b1156b7]       SYS_ioperm(235, 1, 1, 1)                                                                               = 0
8023 [0x7f4f5b1156b7]       SYS_ioperm(235, 1, 0, 1)                                                                               = 0
8023 [0x7f4f5972097f]       libgeneraldrv.so->Hw_Semaphore_Unlock(0x7fff95944010, 1, 0, -1)                                        = 0
8023 [0x7f4f5972098b]       libgeneraldrv.so->Hw_Semaphore_Release(0x7fff95944010, 128, 0, 0 <unfinished ...>
8023 [0x7f4f5b111757]         SYS_munmap(0x7f4f5bc82000, 32, 0, 1)                                                                 = 0
8023 [0x7f4f5972098b]       <... Hw_Semaphore_Release resumed> )                                                                   = 0
8023 [0x7f4f59723acf]     <... PCI_Conf_Read resumed> )                                                                            = 0
8023 [0x7f4f59723af1]     libgeneraldrv.so->Hw_Semaphore_Init(0x7fff95944080, 0x7f4f5972438c, 1, 0x7f4f5b3c5658 <unfinished ...>
8023 [0x7f4f5b108405]       SYS_lstat(0x7fff95943f30, 0x7fff95943e40, 0x7fff95943e40, 0)                                           = -2
8023 [0x7f4f5a360510]       SYS_open(0x7fff95943f30, 194, 600, 0)                                                                  = 3
8023 [0x7f4f5a35fda0]       SYS_write(3, 0x7fff95943fb0, 32, 0)                                                                    = 32
8023 [0x7f4f5b11172a]       SYS_mmap(0, 32, 3, 1)                                                                                  = 0x7f4f5bc82000
8023 [0x7f4f5b10a1a7]       SYS_link(0x7fff95943f30, 0x7fff95943f60, 3, 1)                                                         = -17
8023 [0x7f4f5b111757]       SYS_munmap(0x7f4f5bc82000, 32, 3, 1)                                                                   = 0
8023 [0x7f4f5b10a2c7]       SYS_unlink(0x7fff95943f30, 32, 3, 1)                                                                   = 0
8023 [0x7f4f5a35fe60]       SYS_close(3, 32, 3, 1)                                                                                 = 0
8023 [0x7f4f5a360510]       SYS_open(0x7fff95943f60, 0x20002, 20, 1)                                                               = 3
8023 [0x7f4f5b1083b4]       SYS_fstat(3, 0x7fff95943e90, 0x7fff95943e90, 1)                                                        = 0
8023 [0x7f4f5b11172a]       SYS_mmap(0, 32, 3, 1)                                                                                  = 0x7f4f5bc82000
8023 [0x7f4f5a35fe60]       SYS_close(3, 32, 0, 1)                                                                                 = 0
8023 [0x7f4f59723af1]     <... Hw_Semaphore_Init resumed> )                                                                        = 17
8023 [0x7f4f59723b01]     libgeneraldrv.so->Hw_Semaphore_Lock(0x7fff95944080, 32, 0x7f4f5bc82000, -1)                              = 0
8023 [0x7f4f5b1087e0]     SYS_open(0x7f4f597243a1, 2, 1, 1)                                                                        = 3
8023 [0x7f4f5b11172a]     SYS_mmap(0, 60, 3, 1)                                                                                    = 0x7f4f5bc81000
8023 [0x7f4f5b0e5060]     SYS_nanosleep(0x7fff95944060, 0, 0, 1)                                                                   = 0
8023 [0x7f4f5b0e5060]     SYS_nanosleep(0x7fff95944060, 0, 0, 1)                                                                   = 0
8023 [0x7f4f5b111757]     SYS_munmap(0x7f4f5bc81000, 60, 0, 1)                                                                     = 0
8023 [0x7f4f5b109070]     SYS_close(3, 60, 0, 1)                                                                                   = 0
8023 [0x7f4f5b0e5060]     SYS_nanosleep(0x7fff95944060, 0, 0, 1)                                                                   = 0
8023 [0x7f4f59723ba6]     libgeneraldrv.so->Hw_Semaphore_Unlock(0x7fff95944080, 0, 0, -1)                                          = 0
8023 [0x7f4f59723bb2]     libgeneraldrv.so->Hw_Semaphore_Release(0x7fff95944080, 128, 0, 0 <unfinished ...>
8023 [0x7f4f5b111757]       SYS_munmap(0x7f4f5bc82000, 32, 0, 1)                                                                   = 0
8023 [0x7f4f59723bb2]     <... Hw_Semaphore_Release resumed> )                                                                     = 0
8023 [0x7f4f5b3d20e3]   <... Mv9125_Set_Led_Mode resumed> )                                                                        = 0
8023 [0x400934] <... Hal_Led_Set_Hdd_Mode resumed> )                                                                               = 0
8023 [0x7f4f5b814f15] libnasman.so->Close_Share_Memory(char const*, void*)(0x7f4f5b85908e, 0x7f4f5bc86000, 0x7ae61e10d6aa25bc, 4 <unfinished ...>
8023 [0x7f4f5b814b6e]   libnasman.so->Get_File_Size(char const*, long*)(0x7fff95943f80, 0x7fff959440a8, 0x7fff95943f95, 0 <unfinished ...>
8023 [0x7f4f5b108365]     SYS_stat(0x7fff95943f80, 0x7fff95943ee0, 0x7fff95943ee0, 1)                                              = 0
8023 [0x7f4f5b814b6e]   <... Get_File_Size(char const*, long*) resumed> )                                                          = 0
8023 [0x7f4f5b111757]   SYS_munmap(0x7f4f5bc86000, 0x2788, 0x7fff95943ee0, 1)                                                      = 0
8023 [0x7f4f5b814f15] <... Close_Share_Memory(char const*, void*) resumed> )                                                       = 0
8023 [0x7f4f5b814f37] libnasman.so->Close_Share_Memory(char const*, void*)(0x7f4f5b8590a7, 0x7f4f5bc85000, 0, -1 <unfinished ...>
8023 [0x7f4f5b814b6e]   libnasman.so->Get_File_Size(char const*, long*)(0x7fff95943f80, 0x7fff959440a8, 0x7fff95943f96, 0 <unfinished ...>
8023 [0x7f4f5b108365]     SYS_stat(0x7fff95943f80, 0x7fff95943ee0, 0x7fff95943ee0, 1)                                              = 0
8023 [0x7f4f5b814b6e]   <... Get_File_Size(char const*, long*) resumed> )                                                          = 0
8023 [0x7f4f5b111757]   SYS_munmap(0x7f4f5bc85000, 3536, 0x7fff95943ee0, 1)                                                        = 0
8023 [0x7f4f5b814f37] <... Close_Share_Memory(char const*, void*) resumed> )                                                       = 0
8023 [0x7f4f5b814f59] libnasman.so->Close_Share_Memory(char const*, void*)(0x7f4f5b8590b5, 0x7f4f5bc84000, 0, -1 <unfinished ...>
8023 [0x7f4f5b814b6e]   libnasman.so->Get_File_Size(char const*, long*)(0x7fff95943f80, 0x7fff959440a8, 0x7fff95943f96, 0 <unfinished ...>
8023 [0x7f4f5b108365]     SYS_stat(0x7fff95943f80, 0x7fff95943ee0, 0x7fff95943ee0, 1)                                              = 0
8023 [0x7f4f5b814b6e]   <... Get_File_Size(char const*, long*) resumed> )                                                          = 0
8023 [0x7f4f5b111757]   SYS_munmap(0x7f4f5bc84000, 4080, 0x7fff95943ee0, 1)                                                        = 0
8023 [0x7f4f5b814f59] <... Close_Share_Memory(char const*, void*) resumed> )                                                       = 0
8023 [0x7f4f5b062932] libgeneral.so->Trace_Mem_Destroy()(0x7f4f5ad7ad40, 0, 0x7ae61c72ed6a25bc, 16)                                = 0
8023 [0x7f4f5b0e5468] SYS_exit_group(0, 60, 0, 0x7f4f5b3c8a48 <no return ...>
8023 [0xffffffffffffffff] +++ exited (status 0) +++
