7889 [0x7fafd1eae8aa] SYS_brk(0, 0x7fafd1eb1fa0, 0, 895)                                                                           = 0xb20000
7889 [0x7fafd1eaf7e7] SYS_readlink(0x7fffc49b0b7c, 0x7fffc49af580, 4096, 0x756e694c00000000)                                       = -2
7889 [0x7fafd1eaf677] SYS_open(0x7fafd1eb31f3, 0, 0, 0x756e694c00000000)                                                           = 3
7889 [0x7fafd1eaf7a7] SYS_chdir(0x7fafd20baba8, 0, 0, 0x756e694c00000000)                                                          = -2
7889 [0x7fafd1eae9d2] SYS_getcwd(0x7fffc49af580, 4096, 0, 0x756e694c00000000)                                                      = 23
7889 [0x7fafd1eaf7c7] SYS_fchdir(3, 4096, 0, 0x756e694c00000000)                                                                   = 0
7889 [0x7fafd1eaf787] SYS_close(3, 4096, 0, 0x756e694c00000000)                                                                    = 0
7889 [0x7fafd1eaf80a] SYS_mmap(0, 4096, 3, 34)                                                                                     = 0x7fafd20b7000
7889 [0x7fafd1eaf6d7] SYS_access(0x7fafd1eb5700, 4, 0x7fafd20ba718, 0)                                                             = -2
7889 [0x7fafd1eaf677] SYS_open(0x7fafd1eb3072, 0x80000, 1, 0)                                                                      = 3
7889 [0x7fafd1eaf604] SYS_fstat(3, 0x7fffc49aed60, 0x7fffc49aed60, 0)                                                              = 0
7889 [0x7fafd1eaf80a] SYS_mmap(0, 0x83b3, 1, 2)                                                                                    = 0x7fafd20ae000
7889 [0x7fafd1eaf787] SYS_close(3, 0x83b3, 1, 2)                                                                                   = 0
7889 [0x7fafd1eaf677] SYS_open(0x7fafd20b7640, 0x80000, 0, 56)                                                                     = 3
7889 [0x7fafd1eaf697] SYS_read(3, 0x7fffc49aeee8, 832, 56)                                                                         = 832
7889 [0x7fafd1eaf604] SYS_fstat(3, 0x7fffc49aedc0, 0x7fffc49aedc0, 16)                                                             = 0
7889 [0x7fafd1eaf80a] SYS_mmap(0, 0x278960, 5, 2050)                                                                               = 0x7fafd1c1f000
7889 [0x7fafd1eaf857] SYS_mprotect(0x7fafd1c95000, 0x200000, 0, 2050)                                                              = 0
7889 [0x7fafd1eaf80a] SYS_mmap(0x7fafd1e95000, 0x3000, 3, 2066)                                                                    = 0x7fafd1e95000
7889 [0x7fafd1eaf787] SYS_close(3, 16, 0x7fafd1e953e0, 0x6ffffdff)                                                                 = 0
7889 [0x7fafd1eaf677] SYS_open(0x7fafd20b7b10, 0x80000, 0, 0x6ffffdff)                                                             = 3
7889 [0x7fafd1eaf697] SYS_read(3, 0x7fffc49aeeb8, 832, 0x6ffffdff)                                                                 = 832
7889 [0x7fafd1eaf604] SYS_fstat(3, 0x7fffc49aed90, 0x7fffc49aed90, 16)                                                             = 0
7889 [0x7fafd1eaf80a] SYS_mmap(0, 0x21bee0, 5, 2050)                                                                               = 0x7fafd1a03000
7889 [0x7fafd1eaf857] SYS_mprotect(0x7fafd1a1e000, 0x200000, 0, 2050)                                                              = 0
7889 [0x7fafd1eaf80a] SYS_mmap(0x7fafd1c1e000, 4096, 3, 2066)                                                                      = 0x7fafd1c1e000
7889 [0x7fafd1eaf787] SYS_close(3, 16, 0x7fafd1c1e208, 0x6ffffdff)                                                                 = 0
7889 [0x7fafd1eaf677] SYS_open(0x7fafd20b7fe0, 0x80000, 0, 0x6ffffdff)                                                             = 3
7889 [0x7fafd1eaf697] SYS_read(3, 0x7fffc49aee88, 832, 0x6ffffdff)                                                                 = 832
7889 [0x7fafd1eaf604] SYS_fstat(3, 0x7fffc49aed60, 0x7fffc49aed60, 16)                                                             = 0
7889 [0x7fafd1eaf80a] SYS_mmap(0, 4096, 3, 34)                                                                                     = 0x7fafd20ad000
7889 [0x7fafd1eaf80a] SYS_mmap(0, 0x209ad0, 5, 2050)                                                                               = 0x7fafd17f9000
7889 [0x7fafd1eaf857] SYS_mprotect(0x7fafd1803000, 0x1ff000, 0, 2050)                                                              = 0
7889 [0x7fafd1eaf80a] SYS_mmap(0x7fafd1a02000, 4096, 3, 2066)                                                                      = 0x7fafd1a02000
7889 [0x7fafd1eaf787] SYS_close(3, 16, 0x7fafd1a02690, 0x6ffffdff)                                                                 = 0
7889 [0x7fafd1eaf677] SYS_open(0x7fafd20ad4b8, 0x80000, 0, 0x6ffffdff)                                                             = 3
7889 [0x7fafd1eaf697] SYS_read(3, 0x7fffc49aee58, 832, 0x6ffffdff)                                                                 = 832
7889 [0x7fafd1eaf604] SYS_fstat(3, 0x7fffc49aed30, 0x7fffc49aed30, 32)                                                             = 0
7889 [0x7fafd1eaf80a] SYS_mmap(0, 0x39dc40, 5, 2050)                                                                               = 0x7fafd145b000
7889 [0x7fafd1eaf857] SYS_mprotect(0x7fafd15ef000, 0x200000, 0, 2050)                                                              = 0
7889 [0x7fafd1eaf80a] SYS_mmap(0x7fafd17ef000, 0x6000, 3, 2066)                                                                    = 0x7fafd17ef000
7889 [0x7fafd1eaf80a] SYS_mmap(0x7fafd17f5000, 0x3c40, 3, 50)                                                                      = 0x7fafd17f5000
7889 [0x7fafd1eaf787] SYS_close(3, 16, 0, 0x6ffffdff)                                                                              = 0
7889 [0x7fafd1eaf677] SYS_open(0x7fafd20ad988, 0x80000, 0, 0x6ffffdff)                                                             = 3
7889 [0x7fafd1eaf697] SYS_read(3, 0x7fffc49aed08, 832, 0x6ffffdff)                                                                 = 832
7889 [0x7fafd1eaf604] SYS_fstat(3, 0x7fffc49aebe0, 0x7fffc49aebe0, 16)                                                             = 0
7889 [0x7fafd1eaf80a] SYS_mmap(0, 0x2b09d0, 5, 2050)                                                                               = 0x7fafd11aa000
7889 [0x7fafd1eaf857] SYS_mprotect(0x7fafd1259000, 0x1ff000, 0, 2050)                                                              = 0
7889 [0x7fafd1eaf80a] SYS_mmap(0x7fafd1458000, 0x3000, 3, 2066)                                                                    = 0x7fafd1458000
7889 [0x7fafd1eaf787] SYS_close(3, 16, 0x7fafd14589a8, 0x6ffffdff)                                                                 = 0
7889 [0x7fafd1eaf677] SYS_open(0x7fafd20ade58, 0x80000, 0, 0x6ffffdff)                                                             = 3
7889 [0x7fafd1eaf697] SYS_read(3, 0x7fffc49aecd8, 832, 0x6ffffdff)                                                                 = 832
7889 [0x7fafd1eaf604] SYS_fstat(3, 0x7fffc49aebb0, 0x7fffc49aebb0, 16)                                                             = 0
7889 [0x7fafd1eaf80a] SYS_mmap(0, 4096, 3, 34)                                                                                     = 0x7fafd20ac000
7889 [0x7fafd1eaf80a] SYS_mmap(0, 0x294ee0, 5, 2050)                                                                               = 0x7fafd0f15000
7889 [0x7fafd1eaf857] SYS_mprotect(0x7fafd0fa7000, 0x1ff000, 0, 2050)                                                              = 0
7889 [0x7fafd1eaf80a] SYS_mmap(0x7fafd11a6000, 0x3000, 3, 2066)                                                                    = 0x7fafd11a6000
7889 [0x7fafd1eaf80a] SYS_mmap(0x7fafd11a9000, 3808, 3, 50)                                                                        = 0x7fafd11a9000
7889 [0x7fafd1eaf787] SYS_close(3, 16, 0x7fafd11a6e30, 0x6ffffdff)                                                                 = 0
7889 [0x7fafd1eaf677] SYS_open(0x7fafd20ac4b8, 0x80000, 0, 0x6ffffdff)                                                             = 3
7889 [0x7fafd1eaf697] SYS_read(3, 0x7fffc49aeca8, 832, 0x6ffffdff)                                                                 = 832
7889 [0x7fafd1eaf604] SYS_fstat(3, 0x7fffc49aeb80, 0x7fffc49aeb80, 16)                                                             = 0
7889 [0x7fafd1eaf80a] SYS_mmap(0, 0x29d850, 5, 2050)                                                                               = 0x7fafd0c77000
7889 [0x7fafd1eaf857] SYS_mprotect(0x7fafd0d10000, 0x200000, 0, 2050)                                                              = 0
7889 [0x7fafd1eaf80a] SYS_mmap(0x7fafd0f10000, 0x3000, 3, 2066)                                                                    = 0x7fafd0f10000
7889 [0x7fafd1eaf80a] SYS_mmap(0x7fafd0f13000, 6224, 3, 50)                                                                        = 0x7fafd0f13000
7889 [0x7fafd1eaf787] SYS_close(3, 16, 0x7fafd0f11cc8, 0x6ffffdff)                                                                 = 0
7889 [0x7fafd1eaf677] SYS_open(0x7fafd20ac9a0, 0x80000, 0, 0x6ffffdff)                                                             = 3
7889 [0x7fafd1eaf697] SYS_read(3, 0x7fffc49aec78, 832, 0x6ffffdff)                                                                 = 832
7889 [0x7fafd1eaf604] SYS_fstat(3, 0x7fffc49aeb50, 0x7fffc49aeb50, 16)                                                             = 0
7889 [0x7fafd1eaf80a] SYS_mmap(0, 0x2dbbb0, 5, 2050)                                                                               = 0x7fafd099b000
7889 [0x7fafd1eaf857] SYS_mprotect(0x7fafd0a59000, 0x200000, 0, 2050)                                                              = 0
7889 [0x7fafd1eaf80a] SYS_mmap(0x7fafd0c59000, 0xa000, 3, 2066)                                                                    = 0x7fafd0c59000
7889 [0x7fafd1eaf80a] SYS_mmap(0x7fafd0c63000, 0x13bb0, 3, 50)                                                                     = 0x7fafd0c63000
7889 [0x7fafd1eaf787] SYS_close(3, 16, 0x7fafd0c5f4d8, 0x6ffffdff)                                                                 = 0
7889 [0x7fafd1eaf677] SYS_open(0x7fafd20ace70, 0x80000, 0, 0x6ffffdff)                                                             = 3
7889 [0x7fafd1eaf697] SYS_read(3, 0x7fffc49aec48, 832, 0x6ffffdff)                                                                 = 832
7889 [0x7fafd1eaf604] SYS_fstat(3, 0x7fffc49aeb20, 0x7fffc49aeb20, 32)                                                             = 0
7889 [0x7fafd1eaf80a] SYS_mmap(0, 4096, 3, 34)                                                                                     = 0x7fafd20ab000
7889 [0x7fafd1eaf80a] SYS_mmap(0, 0x21c490, 5, 2050)                                                                               = 0x7fafd077e000
7889 [0x7fafd1eaf857] SYS_mprotect(0x7fafd0796000, 0x1ff000, 0, 2050)                                                              = 0
7889 [0x7fafd1eaf80a] SYS_mmap(0x7fafd0995000, 8192, 3, 2066)                                                                      = 0x7fafd0995000
7889 [0x7fafd1eaf80a] SYS_mmap(0x7fafd0997000, 0x3490, 3, 50)                                                                      = 0x7fafd0997000
7889 [0x7fafd1eaf787] SYS_close(3, 16, 0, 0x6ffffdff)                                                                              = 0
7889 [0x7fafd1eaf677] SYS_open(0x7fafd20ab4b8, 0x80000, 0, 0x6ffffdff)                                                             = 3
7889 [0x7fafd1eaf697] SYS_read(3, 0x7fffc49aec18, 832, 0x6ffffdff)                                                                 = 832
7889 [0x7fafd1eaf604] SYS_fstat(3, 0x7fffc49aeaf0, 0x7fffc49aeaf0, 32)                                                             = 0
7889 [0x7fafd1eaf80a] SYS_mmap(0, 0x207bc0, 5, 2050)                                                                               = 0x7fafd0576000
7889 [0x7fafd1eaf857] SYS_mprotect(0x7fafd057d000, 0x1ff000, 0, 2050)                                                              = 0
7889 [0x7fafd1eaf80a] SYS_mmap(0x7fafd077c000, 8192, 3, 2066)                                                                      = 0x7fafd077c000
7889 [0x7fafd1eaf787] SYS_close(3, 16, 0, 0x6ffffdff)                                                                              = 0
7889 [0x7fafd1eaf677] SYS_open(0x7fafd20ab988, 0x80000, 0, 0x6ffffdff)                                                             = 3
7889 [0x7fafd1eaf697] SYS_read(3, 0x7fffc49aebe8, 832, 0x6ffffdff)                                                                 = 832
7889 [0x7fafd1eaf604] SYS_fstat(3, 0x7fffc49aeac0, 0x7fffc49aeac0, 16)                                                             = 0
7889 [0x7fafd1eaf80a] SYS_mmap(0, 0x202e20, 5, 2050)                                                                               = 0x7fafd0373000
7889 [0x7fafd1eaf857] SYS_mprotect(0x7fafd0376000, 0x1ff000, 0, 2050)                                                              = 0
7889 [0x7fafd1eaf80a] SYS_mmap(0x7fafd0575000, 4096, 3, 2066)                                                                      = 0x7fafd0575000
7889 [0x7fafd1eaf787] SYS_close(3, 16, 0x7fafd0575c28, 0x6ffffdff)                                                                 = 0
7889 [0x7fafd1eaf677] SYS_open(0x7fafd20abe58, 0x80000, 0, 0x6ffffdff)                                                             = 3
7889 [0x7fafd1eaf697] SYS_read(3, 0x7fffc49aebb8, 832, 0x6ffffdff)                                                                 = 832
7889 [0x7fafd1eaf604] SYS_fstat(3, 0x7fffc49aea90, 0x7fffc49aea90, 16)                                                             = 0
7889 [0x7fafd1eaf80a] SYS_mmap(0, 4096, 3, 34)                                                                                     = 0x7fafd20aa000
7889 [0x7fafd1eaf80a] SYS_mmap(0, 0x209850, 5, 2050)                                                                               = 0x7fafd0169000
7889 [0x7fafd1eaf857] SYS_mprotect(0x7fafd0173000, 0x1ff000, 0, 2050)                                                              = 0
7889 [0x7fafd1eaf80a] SYS_mmap(0x7fafd0372000, 4096, 3, 2066)                                                                      = 0x7fafd0372000
7889 [0x7fafd1eaf787] SYS_close(3, 16, 0x7fafd0372618, 0x6ffffdff)                                                                 = 0
7889 [0x7fafd1eaf677] SYS_open(0x7fafd20aa4b8, 0x80000, 0, 0x6ffffdff)                                                             = 3
7889 [0x7fafd1eaf697] SYS_read(3, 0x7fffc49aeb88, 832, 0x6ffffdff)                                                                 = 832
7889 [0x7fafd1eaf604] SYS_fstat(3, 0x7fffc49aea60, 0x7fffc49aea60, 16)                                                             = 0
7889 [0x7fafd1eaf80a] SYS_mmap(0, 0x210868, 5, 2050)                                                                               = 0x7fafcff58000
7889 [0x7fafd1eaf857] SYS_mprotect(0x7fafcff69000, 0x1ff000, 0, 2050)                                                              = 0
7889 [0x7fafd1eaf80a] SYS_mmap(0x7fafd0168000, 4096, 3, 2066)                                                                      = 0x7fafd0168000
7889 [0x7fafd1eaf787] SYS_close(3, 16, 0x7fafd0168408, 0x6ffffdff)                                                                 = 0
7889 [0x7fafd1eaf677] SYS_open(0x7fafd20aaa40, 0x80000, 0, 0x7fafd20ab9a0)                                                         = 3
7889 [0x7fafd1eaf697] SYS_read(3, 0x7fffc49aea28, 832, 0x7fafd20ab9a0)                                                             = 832
7889 [0x7fafd1eaf604] SYS_fstat(3, 0x7fffc49ae900, 0x7fffc49ae900, 16)                                                             = 0
7889 [0x7fafd1eaf80a] SYS_mmap(0, 0x2032c8, 5, 2050)                                                                               = 0x7fafcfd54000
7889 [0x7fafd1eaf857] SYS_mprotect(0x7fafcfd57000, 0x200000, 0, 2050)                                                              = 0
7889 [0x7fafd1eaf80a] SYS_mmap(0x7fafcff57000, 4096, 3, 2066)                                                                      = 0x7fafcff57000
7889 [0x7fafd1eaf787] SYS_close(3, 16, 0x7fafcff57188, 0x6ffffdff)                                                                 = 0
7889 [0x7fafd1eaf677] SYS_open(0x7fafd20aaf28, 0x80000, 0, 0x6ffffdff)                                                             = 3
7889 [0x7fafd1eaf697] SYS_read(3, 0x7fffc49ae9f8, 832, 0x6ffffdff)                                                                 = 832
7889 [0x7fafd1eaf604] SYS_fstat(3, 0x7fffc49ae8d0, 0x7fffc49ae8d0, 16)                                                             = 0
7889 [0x7fafd1eaf80a] SYS_mmap(0, 4096, 3, 34)                                                                                     = 0x7fafd20a9000
7889 [0x7fafd1eaf80a] SYS_mmap(0, 0x207820, 5, 2050)                                                                               = 0x7fafcfb4c000
7889 [0x7fafd1eaf857] SYS_mprotect(0x7fafcfb53000, 0x200000, 0, 2050)                                                              = 0
7889 [0x7fafd1eaf80a] SYS_mmap(0x7fafcfd53000, 4096, 3, 2066)                                                                      = 0x7fafcfd53000
7889 [0x7fafd1eaf787] SYS_close(3, 16, 0x7fafcfd53188, 0x6ffffdff)                                                                 = 0
7889 [0x7fafd1eaf677] SYS_open(0x7fafd20a94c8, 0x80000, 0, 0x6ffffdff)                                                             = 3
7889 [0x7fafd1eaf697] SYS_read(3, 0x7fffc49ae9c8, 832, 0x6ffffdff)                                                                 = 832
7889 [0x7fafd1eaf604] SYS_fstat(3, 0x7fffc49ae8a0, 0x7fffc49ae8a0, 16)                                                             = 0
7889 [0x7fafd1eaf80a] SYS_mmap(0, 0x201f30, 5, 2050)                                                                               = 0x7fafcf94a000
7889 [0x7fafd1eaf857] SYS_mprotect(0x7fafcf94c000, 0x1ff000, 0, 2050)                                                              = 0
7889 [0x7fafd1eaf80a] SYS_mmap(0x7fafcfb4b000, 4096, 3, 2066)                                                                      = 0x7fafcfb4b000
7889 [0x7fafd1eaf787] SYS_close(3, 16, 0x7fafcfb4be18, 0x6ffffdff)                                                                 = 0
7889 [0x7fafd1eaf677] SYS_open(0x7fafd20a9a60, 0x80000, 0, 0x7fafd20ad4d0)                                                         = 3
7889 [0x7fafd1eaf697] SYS_read(3, 0x7fffc49ae998, 832, 0x7fafd20ad4d0)                                                             = 832
7889 [0x7fafd1eaf604] SYS_fstat(3, 0x7fffc49ae870, 0x7fffc49ae870, 16)                                                             = 0
7889 [0x7fafd1eaf80a] SYS_mmap(0, 0x2022e8, 5, 2050)                                                                               = 0x7fafcf747000
7889 [0x7fafd1eaf857] SYS_mprotect(0x7fafcf749000, 0x200000, 0, 2050)                                                              = 0
7889 [0x7fafd1eaf80a] SYS_mmap(0x7fafcf949000, 4096, 3, 2066)                                                                      = 0x7fafcf949000
7889 [0x7fafd1eaf787] SYS_close(3, 16, 0x7fafcf949198, 0x6ffffdff)                                                                 = 0
7889 [0x7fafd1eaf677] SYS_open(0x7fafd20a9f40, 0x80000, 0, 0x6ffffdff)                                                             = 3
7889 [0x7fafd1eaf697] SYS_read(3, 0x7fffc49ae968, 832, 0x6ffffdff)                                                                 = 832
7889 [0x7fafd1eaf604] SYS_fstat(3, 0x7fffc49ae840, 0x7fffc49ae840, 16)                                                             = 0
7889 [0x7fafd1eaf80a] SYS_mmap(0, 4096, 3, 34)                                                                                     = 0x7fafd20a8000
7889 [0x7fafd1eaf80a] SYS_mmap(0, 0x201f30, 5, 2050)                                                                               = 0x7fafcf545000
7889 [0x7fafd1eaf857] SYS_mprotect(0x7fafcf547000, 0x1ff000, 0, 2050)                                                              = 0
7889 [0x7fafd1eaf80a] SYS_mmap(0x7fafcf746000, 4096, 3, 2066)                                                                      = 0x7fafcf746000
7889 [0x7fafd1eaf787] SYS_close(3, 16, 0x7fafcf746e18, 0x6ffffdff)                                                                 = 0
7889 [0x7fafd1eaf677] SYS_open(0x7fafd20a84c0, 0x80000, 0, 0x6ffffdff)                                                             = 3
7889 [0x7fafd1eaf697] SYS_read(3, 0x7fffc49ae938, 832, 0x6ffffdff)                                                                 = 832
7889 [0x7fafd1eaf604] SYS_fstat(3, 0x7fffc49ae810, 0x7fffc49ae810, 16)                                                             = 0
7889 [0x7fafd1eaf80a] SYS_mmap(0, 0x2038b8, 5, 2050)                                                                               = 0x7fafcf341000
7889 [0x7fafd1eaf857] SYS_mprotect(0x7fafcf345000, 0x1ff000, 0, 2050)                                                              = 0
7889 [0x7fafd1eaf80a] SYS_mmap(0x7fafcf544000, 4096, 3, 2066)                                                                      = 0x7fafcf544000
7889 [0x7fafd1eaf787] SYS_close(3, 16, 0x7fafcf544748, 0x6ffffdff)                                                                 = 0
7889 [0x7fafd1eaf677] SYS_open(0x7fafd20a8a60, 0x80000, 0, 0x7fafd20ab000)                                                         = 3
7889 [0x7fafd1eaf697] SYS_read(3, 0x7fffc49ae8d8, 832, 0x7fafd20ab000)                                                             = 832
7889 [0x7fafd1eaf604] SYS_fstat(3, 0x7fffc49ae7b0, 0x7fffc49ae7b0, 16)                                                             = 0
7889 [0x7fafd1eaf80a] SYS_mmap(0, 0x210848, 5, 2050)                                                                               = 0x7fafcf130000
7889 [0x7fafd1eaf857] SYS_mprotect(0x7fafcf140000, 0x1ff000, 0, 2050)                                                              = 0
7889 [0x7fafd1eaf80a] SYS_mmap(0x7fafcf33f000, 8192, 3, 2066)                                                                      = 0x7fafcf33f000
7889 [0x7fafd1eaf787] SYS_close(3, 16, 0x7fafcf33fd90, 0x6ffffdff)                                                                 = 0
7889 [0x7fafd1eaf677] SYS_open(0x7fafd20a8f48, 0x80000, 0, 0x6ffffdff)                                                             = 3
7889 [0x7fafd1eaf697] SYS_read(3, 0x7fffc49ae8a8, 832, 0x6ffffdff)                                                                 = 832
7889 [0x7fafd1eaf604] SYS_fstat(3, 0x7fffc49ae780, 0x7fffc49ae780, 16)                                                             = 0
7889 [0x7fafd1eaf80a] SYS_mmap(0, 4096, 3, 34)                                                                                     = 0x7fafd20a7000
7889 [0x7fafd1eaf80a] SYS_mmap(0, 0x20acf0, 5, 2050)                                                                               = 0x7fafcef25000
7889 [0x7fafd1eaf857] SYS_mprotect(0x7fafcef30000, 0x1ff000, 0, 2050)                                                              = 0
7889 [0x7fafd1eaf80a] SYS_mmap(0x7fafcf12f000, 4096, 3, 2066)                                                                      = 0x7fafcf12f000
7889 [0x7fafd1eaf787] SYS_close(3, 16, 0x7fafcf12f750, 0x6ffffdff)                                                                 = 0
7889 [0x7fafd1eaf677] SYS_open(0x7fafd20a7560, 0x80000, 0, 0x7fafd20ab000)                                                         = 3
7889 [0x7fafd1eaf697] SYS_read(3, 0x7fffc49ae878, 832, 0x7fafd20ab000)                                                             = 832
7889 [0x7fafd1eaf604] SYS_fstat(3, 0x7fffc49ae750, 0x7fffc49ae750, 32)                                                             = 0
7889 [0x7fafd1eaf80a] SYS_mmap(0, 0x2361e0, 5, 2050)                                                                               = 0x7fafcecee000
7889 [0x7fafd1eaf857] SYS_mprotect(0x7fafcecf6000, 0x1ff000, 0, 2050)                                                              = 0
7889 [0x7fafd1eaf80a] SYS_mmap(0x7fafceef5000, 8192, 3, 2066)                                                                      = 0x7fafceef5000
7889 [0x7fafd1eaf80a] SYS_mmap(0x7fafceef7000, 0x2d1e0, 3, 50)                                                                     = 0x7fafceef7000
7889 [0x7fafd1eaf787] SYS_close(3, 16, 0, 0x6ffffdff)                                                                              = 0
7889 [0x7fafd1eaf677] SYS_open(0x7fafd20a7a30, 0x80000, 0, 0x6ffffdff)                                                             = 3
7889 [0x7fafd1eaf697] SYS_read(3, 0x7fffc49ae848, 832, 0x6ffffdff)                                                                 = 832
7889 [0x7fafd1eaf604] SYS_fstat(3, 0x7fffc49ae720, 0x7fffc49ae720, 16)                                                             = 0
7889 [0x7fafd1eaf80a] SYS_mmap(0, 0x43fe88, 5, 2050)                                                                               = 0x7fafce8ae000
7889 [0x7fafd1eaf857] SYS_mprotect(0x7fafceac3000, 0x200000, 0, 2050)                                                              = 0
7889 [0x7fafd1eaf80a] SYS_mmap(0x7fafcecc3000, 0x27000, 3, 2066)                                                                   = 0x7fafcecc3000
7889 [0x7fafd1eaf80a] SYS_mmap(0x7fafcecea000, 0x3e88, 3, 50)                                                                      = 0x7fafcecea000
7889 [0x7fafd1eaf857] SYS_mprotect(0x7fffc49b0000, 4096, 0x1000007, 4)                                                             = 0
7889 [0x7fafd1eaf787] SYS_close(3, 4096, 0x1000007, 4)                                                                             = 0
7889 [0x7fafd1eaf677] SYS_open(0x7fafd20a7fb0, 0x80000, 0, 0x7fafd20aa4d0)                                                         = 3
7889 [0x7fafd1eaf697] SYS_read(3, 0x7fffc49ae818, 832, 0x7fafd20aa4d0)                                                             = 832
7889 [0x7fafd1eaf604] SYS_fstat(3, 0x7fffc49ae6f0, 0x7fffc49ae6f0, 16)                                                             = 0
7889 [0x7fafd1eaf80a] SYS_mmap(0, 4096, 3, 34)                                                                                     = 0x7fafd20a6000
7889 [0x7fafd1eaf80a] SYS_mmap(0, 0x215730, 5, 2050)                                                                               = 0x7fafce698000
7889 [0x7fafd1eaf857] SYS_mprotect(0x7fafce6ae000, 0x1ff000, 0, 2050)                                                              = 0
7889 [0x7fafd1eaf80a] SYS_mmap(0x7fafce8ad000, 4096, 3, 2066)                                                                      = 0x7fafce8ad000
7889 [0x7fafd1eaf787] SYS_close(3, 16, 0x7fafce8ad490, 0x6ffffdff)                                                                 = 0
7889 [0x7fafd1eaf677] SYS_open(0x7fafd20a64f0, 0x80000, 0, 0x6ffffdff)                                                             = 3
7889 [0x7fafd1eaf697] SYS_read(3, 0x7fffc49ae7e8, 832, 0x6ffffdff)                                                                 = 832
7889 [0x7fafd1eaf604] SYS_fstat(3, 0x7fffc49ae6c0, 0x7fffc49ae6c0, 32)                                                             = 0
7889 [0x7fafd1eaf80a] SYS_mmap(0, 0x2fd148, 5, 2050)                                                                               = 0x7fafce39a000
7889 [0x7fafd1eaf857] SYS_mprotect(0x7fafce497000, 0x1ff000, 0, 2050)                                                              = 0
7889 [0x7fafd1eaf80a] SYS_mmap(0x7fafce696000, 8192, 3, 2066)                                                                      = 0x7fafce696000
7889 [0x7fafd1eaf787] SYS_close(3, 16, 0, 0x6ffffdff)                                                                              = 0
7889 [0x7fafd1eaf677] SYS_open(0x7fffc49ae5b0, 0x80000, 0, 0x36782f39325f3130)                                                     = -2
7889 [0x7fafd1eaf5c5] SYS_stat(0x7fffc49ae5b0, 0x7fffc49ae690, 0x7fffc49ae690, 0x36782f39325f3130)                                 = -2
7889 [0x7fafd1eaf677] SYS_open(0x7fffc49ae5b0, 0x80000, 0, 0x36782f39325f3130)                                                     = -2
7889 [0x7fafd1eaf5c5] SYS_stat(0x7fffc49ae5b0, 0x7fffc49ae690, 0x7fffc49ae690, 0x36782f39325f3130)                                 = -2
7889 [0x7fafd1eaf677] SYS_open(0x7fffc49ae5b0, 0x80000, 0, 0x36782f39325f3130)                                                     = -2
7889 [0x7fafd1eaf5c5] SYS_stat(0x7fffc49ae5b0, 0x7fffc49ae690, 0x7fffc49ae690, 0x36782f39325f3130)                                 = -2
7889 [0x7fafd1eaf677] SYS_open(0x7fffc49ae5b0, 0x80000, 0, 0x36782f39325f3130)                                                     = -2
7889 [0x7fafd1eaf5c5] SYS_stat(0x7fffc49ae5b0, 0x7fffc49ae690, 0x7fffc49ae690, 0x36782f39325f3130)                                 = -2
7889 [0x7fafd1eaf677] SYS_open(0x7fafd20a6dd0, 0x80000, 0, 0x36782f39325f3130)                                                     = 3
7889 [0x7fafd1eaf697] SYS_read(3, 0x7fffc49ae7b8, 832, 0x36782f39325f3130)                                                         = 832
7889 [0x7fafd1eaf604] SYS_fstat(3, 0x7fffc49ae690, 0x7fffc49ae690, 16)                                                             = 0
7889 [0x7fafd1eaf80a] SYS_mmap(0, 4096, 3, 34)                                                                                     = 0x7fafd20a5000
7889 [0x7fafd1eaf80a] SYS_mmap(0, 0x2f8980, 5, 2050)                                                                               = 0x7fafce0a1000
7889 [0x7fafd1eaf857] SYS_mprotect(0x7fafce198000, 0x200000, 0, 2050)                                                              = 0
7889 [0x7fafd1eaf80a] SYS_mmap(0x7fafce398000, 8192, 3, 2066)                                                                      = 0x7fafce398000
7889 [0x7fafd1eaf787] SYS_close(3, 16, 0x7fafce3983a0, 0x6ffffdff)                                                                 = 0
7889 [0x7fafd1eaf677] SYS_open(0x7fafd20a54c8, 0x80000, 0, 0x6ffffdff)                                                             = 3
7889 [0x7fafd1eaf697] SYS_read(3, 0x7fffc49ae788, 832, 0x6ffffdff)                                                                 = 832
7889 [0x7fafd1eaf604] SYS_fstat(3, 0x7fffc49ae660, 0x7fffc49ae660, 16)                                                             = 0
7889 [0x7fafd1eaf80a] SYS_mmap(0, 0x2fc9d8, 5, 2050)                                                                               = 0x7fafcdda4000
7889 [0x7fafd1eaf857] SYS_mprotect(0x7fafcde9f000, 0x200000, 0, 2050)                                                              = 0
7889 [0x7fafd1eaf80a] SYS_mmap(0x7fafce09f000, 8192, 3, 2066)                                                                      = 0x7fafce09f000
7889 [0x7fafd1eaf787] SYS_close(3, 16, 0x7fafce0a0828, 0x6ffffdff)                                                                 = 0
7889 [0x7fafd1eaf677] SYS_open(0x7fafd20a5998, 0x80000, 0, 0x6ffffdff)                                                             = 3
7889 [0x7fafd1eaf697] SYS_read(3, 0x7fffc49ae758, 832, 0x6ffffdff)                                                                 = 832
7889 [0x7fafd1eaf604] SYS_fstat(3, 0x7fffc49ae630, 0x7fffc49ae630, 16)                                                             = 0
7889 [0x7fafd1eaf80a] SYS_mmap(0, 0x242830, 5, 2050)                                                                               = 0x7fafcdb61000
7889 [0x7fafd1eaf857] SYS_mprotect(0x7fafcdba4000, 0x1ff000, 0, 2050)                                                              = 0
7889 [0x7fafd1eaf80a] SYS_mmap(0x7fafcdda3000, 4096, 3, 2066)                                                                      = 0x7fafcdda3000
7889 [0x7fafd1eaf787] SYS_close(3, 16, 0x7fafcdda3630, 0x6ffffdff)                                                                 = 0
7889 [0x7fafd1eaf677] SYS_open(0x7fafd20a5f70, 0x80000, 0, 0x7fafd20ac9b8)                                                         = 3
7889 [0x7fafd1eaf697] SYS_read(3, 0x7fffc49ae728, 832, 0x7fafd20ac9b8)                                                             = 832
7889 [0x7fafd1eaf604] SYS_fstat(3, 0x7fffc49ae600, 0x7fffc49ae600, 32)                                                             = 0
7889 [0x7fafd1eaf80a] SYS_mmap(0, 4096, 3, 34)                                                                                     = 0x7fafd20a4000
7889 [0x7fafd1eaf80a] SYS_mmap(0, 0x203118, 5, 2050)                                                                               = 0x7fafcd95d000
7889 [0x7fafd1eaf857] SYS_mprotect(0x7fafcd95f000, 0x200000, 0, 2050)                                                              = 0
7889 [0x7fafd1eaf80a] SYS_mmap(0x7fafcdb5f000, 8192, 3, 2066)                                                                      = 0x7fafcdb5f000
7889 [0x7fafd1eaf787] SYS_close(3, 16, 0x7fafcdb5ff40, 0x6ffffdff)                                                                 = 0
7889 [0x7fafd1eaf80a] SYS_mmap(0, 4096, 3, 34)                                                                                     = 0x7fafd20a3000
7889 [0x7fafd1eaf80a] SYS_mmap(0, 4096, 3, 34)                                                                                     = 0x7fafd20a2000
7889 [0x7fafd1eaf80a] SYS_mmap(0, 8192, 3, 34)                                                                                     = 0x7fafd20a0000
7889 [0x7fafd1e99044] SYS_arch_prctl(4098, 0x7fafd20a0780, 0x7fafd20a1080, 34)                                                     = 0
7889 [0x7fafd1eaf857] SYS_mprotect(0x7fafd17ef000, 0x4000, 1, 1)                                                                   = 0
7889 [0x7fafd1eaf857] SYS_mprotect(0x7fafcdb5f000, 4096, 1, 0x7fafcd95dc68)                                                        = 0
7889 [0x7fafd1eaf857] SYS_mprotect(0x7fafd0995000, 4096, 1, 0x7fafd0783500)                                                        = 0
7889 [0x7fafd1eaf857] SYS_mprotect(0x7fafce696000, 4096, 1, 1)                                                                     = 0
7889 [0x7fafd1eaf857] SYS_mprotect(0x7fafceef5000, 4096, 1, 0x7fafceceea00)                                                        = 0
7889 [0x7fafd1eaf857] SYS_mprotect(0x7fafd0c59000, 0x7000, 1, 0x7fafd09f3810)                                                      = 0
7889 [0x7fafd1eaf857] SYS_mprotect(0x7fafd077c000, 4096, 1, 0x7fafd0577d58)                                                        = 0
7889 [0x7fafd1eaf857] SYS_mprotect(0x7fafd20b8000, 4096, 1, 0)                                                                     = 0
7889 [0x7fafd1eaf837] SYS_munmap(0x7fafd20ae000, 0x83b3, 0x73800, 0)                                                               = 0
7889 [0x7fafd0784e92] SYS_set_tid_address(0x7fafd20a0a50, 0x7fffc49b0718, 0x7fafd20a0780, 0)                                       = 7889
7889 [0x7fafd0784efa] SYS_set_robust_list(0x7fafd20a0a60, 24, 0x7fafd20a0780, 0)                                                   = 0
7889 [0x7fafd078ecf5] SYS_rt_sigaction(32, 0x7fffc49b0468, 0, 8)                                                                   = 0
7889 [0x7fafd078ecf5] SYS_rt_sigaction(33, 0x7fffc49b0468, 0, 8)                                                                   = 0
7889 [0x7fafd0784fd6] SYS_rt_sigprocmask(1, 0x7fffc49b05b8, 0, 8)                                                                  = 0
7889 [0x7fafd153bb17] SYS_getrlimit(3, 0x7fffc49b0650, 63, 1)                                                                      = 0
7889 [0x7fafd0784b95] SYS_futex(0x7fafd0c637e0, 129, 0x7fffffff, 0)                                                                = 0
7889 [0x4008fd] ledctrl->Lookup_Nas_Info(_T_NAS_PROP_&)(0x7fffc49b0560, 0x7fffc49b0b94, 0, 0x7fffc49b0b93 <unfinished ...>
7889 [0x7fafd1c42d11]   libnasman.so->Open_Share_Memory(char const*, int, void*&, int&)(0x7fafd1c8708e, 0, 0x7fffc49b0520, 0x7fffc49b052c <unfinished ...>
7889 [0x7fafd1536557]     SYS_statfs(0x7fafd07911e8, 0x7fffc49b02c0, 0x7fafd099a310, 1)                                            = 0
7889 [0x7fafd0784b95]     SYS_futex(0x7fafd099a310, 129, 0x7fffffff, 0)                                                            = 0
7889 [0x7fafd15367e0]     SYS_open(0x7fffc49b03d0, 0xa0000, 484, 1)                                                                = 3
7889 [0x7fafd15363b4]     SYS_fstat(3, 0x7fffc49b0460, 0x7fffc49b0460, 1)                                                          = 0
7889 [0x7fafd153f72a]     SYS_mmap(0, 0x2788, 1, 1)                                                                                = 0x7fafd20b4000
7889 [0x7fafd1537070]     SYS_close(3, 0x2788, 1, 1)                                                                               = 0
7889 [0x7fafd1c42d11]   <... Open_Share_Memory(char const*, int, void*&, int&) resumed> )                                          = 0
7889 [0x7fafd1c42d4d]   libnasman.so->Open_Share_Memory(char const*, int, void*&, int&)(0x7fafd1c870a7, 0, 0x7fffc49b0520, 0x7fffc49b052c <unfinished ...>
7889 [0x7fafd15367e0]     SYS_open(0x7fffc49b03d0, 0xa0000, 484, 1)                                                                = 3
7889 [0x7fafd15363b4]     SYS_fstat(3, 0x7fffc49b0460, 0x7fffc49b0460, 1)                                                          = 0
7889 [0x7fafd153f72a]     SYS_mmap(0, 3536, 1, 1)                                                                                  = 0x7fafd20b3000
7889 [0x7fafd1537070]     SYS_close(3, 3536, 1, 1)                                                                                 = 0
7889 [0x7fafd1c42d4d]   <... Open_Share_Memory(char const*, int, void*&, int&) resumed> )                                          = 0
7889 [0x7fafd1c42d7f]   libnasman.so->Open_Share_Memory(char const*, int, void*&, int&)(0x7fafd1c870b5, 0, 0x7fffc49b0520, 0x7fffc49b052c <unfinished ...>
7889 [0x7fafd15367e0]     SYS_open(0x7fffc49b03d0, 0xa0000, 484, 1)                                                                = 3
7889 [0x7fafd15363b4]     SYS_fstat(3, 0x7fffc49b0460, 0x7fffc49b0460, 1)                                                          = 0
7889 [0x7fafd153f72a]     SYS_mmap(0, 4080, 1, 1)                                                                                  = 0x7fafd20b2000
7889 [0x7fafd1537070]     SYS_close(3, 4080, 1, 1)                                                                                 = 0
7889 [0x7fafd1c42d7f]   <... Open_Share_Memory(char const*, int, void*&, int&) resumed> )                                          = 0
7889 [0x4008fd] <... Lookup_Nas_Info(_T_NAS_PROP_&) resumed> )                                                                     = 0
7889 [0x400934] ledctrl->Hal_Led_Set_Hdd_Mode(0, 7, 1, 0 <unfinished ...>
7889 [0x7fafd17fff15]   libnhal.so->Hal_Lookup_Hardware_Info(0x7fffc49b0450, 7, 1, 0 <unfinished ...>
7889 [0x7fafd15367e0]     SYS_open(0x7fffc49b0350, 0xa0002, 484, 1)                                                                = 3
7889 [0x7fafd153f72a]     SYS_mmap(0, 220, 3, 1)                                                                                   = 0x7fafd20b1000
7889 [0x7fafd1537070]     SYS_close(3, 220, 3, 1)                                                                                  = 0
7889 [0x7fafd17fe7f0]     libnhal.so->Hw_Semaphore_Init(0x7fffc49b0400, 0x7fafd1801287, 1, -1 <unfinished ...>
7889 [0x7fafd1536405]       SYS_lstat(0x7fffc49b02b0, 0x7fffc49b01c0, 0x7fffc49b01c0, 0)                                           = -2
7889 [0x7fafd078e510]       SYS_open(0x7fffc49b02b0, 194, 600, 0)                                                                  = 3
7889 [0x7fafd078dda0]       SYS_write(3, 0x7fffc49b0330, 32, 0)                                                                    = 32
7889 [0x7fafd153f72a]       SYS_mmap(0, 32, 3, 1)                                                                                  = 0x7fafd20b0000
7889 [0x7fafd15381a7]       SYS_link(0x7fffc49b02b0, 0x7fffc49b02e0, 3, 1)                                                         = -17
7889 [0x7fafd153f757]       SYS_munmap(0x7fafd20b0000, 32, 3, 1)                                                                   = 0
7889 [0x7fafd15382c7]       SYS_unlink(0x7fffc49b02b0, 32, 3, 1)                                                                   = 0
7889 [0x7fafd078de60]       SYS_close(3, 32, 3, 1)                                                                                 = 0
7889 [0x7fafd078e510]       SYS_open(0x7fffc49b02e0, 0x20002, 18, 1)                                                               = 3
7889 [0x7fafd15363b4]       SYS_fstat(3, 0x7fffc49b0210, 0x7fffc49b0210, 1)                                                        = 0
7889 [0x7fafd153bf5a]       SYS_brk(0, 0x7fafd17f3640, 0, -4096)                                                                   = 0xb20000
7889 [0x7fafd153bf5a]       SYS_brk(0xb41000, 0xb20000, 0xb41000, -4096)                                                           = 0xb41000
7889 [0x7fafd153f72a]       SYS_mmap(0, 32, 3, 1)                                                                                  = 0x7fafd20b0000
7889 [0x7fafd078de60]       SYS_close(3, 32, 0, 3)                                                                                 = 0
7889 [0x7fafd17fe7f0]     <... Hw_Semaphore_Init resumed> )                                                                        = 17
7889 [0x7fafd17fe800]     libnhal.so->Hw_Semaphore_Lock(0x7fffc49b0400, 32, 0x7fafd20b0000, -1)                                    = 0
7889 [0x7fafd17fe918]     libnhal.so->Hw_Semaphore_Unlock(0x7fffc49b0400, 2, 0x7fafd20b1000, 0)                                    = 0
7889 [0x7fafd17fe924]     libnhal.so->Hw_Semaphore_Release(0x7fffc49b0400, 128, 0, 0 <unfinished ...>
7889 [0x7fafd153f757]       SYS_munmap(0x7fafd20b0000, 32, 0, 1)                                                                   = 0
7889 [0x7fafd17fe924]     <... Hw_Semaphore_Release resumed> )                                                                     = 0
7889 [0x7fafd17fff15]   <... Hal_Lookup_Hardware_Info resumed> )                                                                   = 0
7889 [0x7fafd18000e3]   libnhal.so->Mv9125_Set_Led_Mode(0, 0, 0, 1 <unfinished ...>
7889 [0x7fafcfb516ff]     libgeneraldrv.so->PCI_Conf_Read(1, 0, 0, 36 <unfinished ...>
7889 [0x7fafcfb4e823]       libgeneraldrv.so->Hw_Semaphore_Init(0x7fffc49b0330, 0x7fafcfb52000, 1, 0 <unfinished ...>
7889 [0x7fafd1536405]         SYS_lstat(0x7fffc49b01e0, 0x7fffc49b00f0, 0x7fffc49b00f0, 0)                                         = -2
7889 [0x7fafd078e510]         SYS_open(0x7fffc49b01e0, 194, 600, 0)                                                                = 3
7889 [0x7fafd078dda0]         SYS_write(3, 0x7fffc49b0260, 32, 0)                                                                  = 32
7889 [0x7fafd153f72a]         SYS_mmap(0, 32, 3, 1)                                                                                = 0x7fafd20b0000
7889 [0x7fafd15381a7]         SYS_link(0x7fffc49b01e0, 0x7fffc49b0210, 3, 1)                                                       = -17
7889 [0x7fafd153f757]         SYS_munmap(0x7fafd20b0000, 32, 3, 1)                                                                 = 0
7889 [0x7fafd15382c7]         SYS_unlink(0x7fffc49b01e0, 32, 3, 1)                                                                 = 0
7889 [0x7fafd078de60]         SYS_close(3, 32, 3, 1)                                                                               = 0
7889 [0x7fafd078e510]         SYS_open(0x7fffc49b0210, 0x20002, 17, 1)                                                             = 3
7889 [0x7fafd15363b4]         SYS_fstat(3, 0x7fffc49b0140, 0x7fffc49b0140, 1)                                                      = 0
7889 [0x7fafd153f72a]         SYS_mmap(0, 32, 3, 1)                                                                                = 0x7fafd20b0000
7889 [0x7fafd078de60]         SYS_close(3, 32, 0, 1)                                                                               = 0
7889 [0x7fafcfb4e823]       <... Hw_Semaphore_Init resumed> )                                                                      = 17
7889 [0x7fafcfb4e833]       libgeneraldrv.so->Hw_Semaphore_Lock(0x7fffc49b0330, 32, 0x7fafd20b0000, -1)                            = 0
7889 [0x7fafd15436b7]       SYS_ioperm(3320, 4, 1, 1)                                                                              = 0
7889 [0x7fafd15436b7]       SYS_ioperm(3320, 4, 0, 1)                                                                              = 0
7889 [0x7fafd15436b7]       SYS_ioperm(235, 1, 1, 1)                                                                               = 0
7889 [0x7fafd15436b7]       SYS_ioperm(235, 1, 0, 1)                                                                               = 0
7889 [0x7fafd15436b7]       SYS_ioperm(3324, 4, 1, 1)                                                                              = 0
7889 [0x7fafd15436b7]       SYS_ioperm(3324, 4, 0, 1)                                                                              = 0
7889 [0x7fafd15436b7]       SYS_ioperm(235, 1, 1, 1)                                                                               = 0
7889 [0x7fafd15436b7]       SYS_ioperm(235, 1, 0, 1)                                                                               = 0
7889 [0x7fafd15436b7]       SYS_ioperm(3320, 4, 1, 1)                                                                              = 0
7889 [0x7fafd15436b7]       SYS_ioperm(3320, 4, 0, 1)                                                                              = 0
7889 [0x7fafd15436b7]       SYS_ioperm(235, 1, 1, 1)                                                                               = 0
7889 [0x7fafd15436b7]       SYS_ioperm(235, 1, 0, 1)                                                                               = 0
7889 [0x7fafcfb4e97f]       libgeneraldrv.so->Hw_Semaphore_Unlock(0x7fffc49b0330, 1, 0, -1)                                        = 0
7889 [0x7fafcfb4e98b]       libgeneraldrv.so->Hw_Semaphore_Release(0x7fffc49b0330, 128, 0, 0 <unfinished ...>
7889 [0x7fafd153f757]         SYS_munmap(0x7fafd20b0000, 32, 0, 1)                                                                 = 0
7889 [0x7fafcfb4e98b]       <... Hw_Semaphore_Release resumed> )                                                                   = 0
7889 [0x7fafcfb516ff]     <... PCI_Conf_Read resumed> )                                                                            = 0
7889 [0x7fafcfb51721]     libgeneraldrv.so->Hw_Semaphore_Init(0x7fffc49b03b0, 0x7fafcfb5238c, 1, 0x7fafd17f3658 <unfinished ...>
7889 [0x7fafd1536405]       SYS_lstat(0x7fffc49b0250, 0x7fffc49b0160, 0x7fffc49b0160, 0)                                           = -2
7889 [0x7fafd078e510]       SYS_open(0x7fffc49b0250, 194, 600, 0)                                                                  = 3
7889 [0x7fafd078dda0]       SYS_write(3, 0x7fffc49b02d0, 32, 0)                                                                    = 32
7889 [0x7fafd153f72a]       SYS_mmap(0, 32, 3, 1)                                                                                  = 0x7fafd20b0000
7889 [0x7fafd15381a7]       SYS_link(0x7fffc49b0250, 0x7fffc49b0280, 3, 1)                                                         = -17
7889 [0x7fafd153f757]       SYS_munmap(0x7fafd20b0000, 32, 3, 1)                                                                   = 0
7889 [0x7fafd15382c7]       SYS_unlink(0x7fffc49b0250, 32, 3, 1)                                                                   = 0
7889 [0x7fafd078de60]       SYS_close(3, 32, 3, 1)                                                                                 = 0
7889 [0x7fafd078e510]       SYS_open(0x7fffc49b0280, 0x20002, 20, 1)                                                               = 3
7889 [0x7fafd15363b4]       SYS_fstat(3, 0x7fffc49b01b0, 0x7fffc49b01b0, 1)                                                        = 0
7889 [0x7fafd153f72a]       SYS_mmap(0, 32, 3, 1)                                                                                  = 0x7fafd20b0000
7889 [0x7fafd078de60]       SYS_close(3, 32, 0, 1)                                                                                 = 0
7889 [0x7fafcfb51721]     <... Hw_Semaphore_Init resumed> )                                                                        = 17
7889 [0x7fafcfb51731]     libgeneraldrv.so->Hw_Semaphore_Lock(0x7fffc49b03b0, 32, 0x7fafd20b0000, -1)                              = 0
7889 [0x7fafd15367e0]     SYS_open(0x7fafcfb523a1, 2, 1, 1)                                                                        = 3
7889 [0x7fafd153f72a]     SYS_mmap(0, 60, 3, 1)                                                                                    = 0x7fafd20af000
7889 [0x7fafd1513060]     SYS_nanosleep(0x7fffc49b0380, 0, 0, 1)                                                                   = 0
7889 [0x7fafd1513060]     SYS_nanosleep(0x7fffc49b0380, 0, 0, 1)                                                                   = 0
7889 [0x7fafd1513060]     SYS_nanosleep(0x7fffc49b0380, 0, 0, 1)                                                                   = 0
7889 [0x7fafd1513060]     SYS_nanosleep(0x7fffc49b0380, 0, 0, 1)                                                                   = 0
7889 [0x7fafd1513060]     SYS_nanosleep(0x7fffc49b0380, 0, 0, 1)                                                                   = 0
7889 [0x7fafd1513060]     SYS_nanosleep(0x7fffc49b0380, 0, 0, 1)                                                                   = 0
7889 [0x7fafd1513060]     SYS_nanosleep(0x7fffc49b0380, 0, 0, 1)                                                                   = 0
7889 [0x7fafd1513060]     SYS_nanosleep(0x7fffc49b0380, 0, 0, 1)                                                                   = 0
7889 [0x7fafd153f757]     SYS_munmap(0x7fafd20af000, 60, 0, 1)                                                                     = 0
7889 [0x7fafd1537070]     SYS_close(3, 60, 0, 1)                                                                                   = 0
7889 [0x7fafd1513060]     SYS_nanosleep(0x7fffc49b0380, 0, 0, 1)                                                                   = 0
7889 [0x7fafcfb5187f]     libgeneraldrv.so->Hw_Semaphore_Unlock(0x7fffc49b03b0, 0, 0, -1)                                          = 0
7889 [0x7fafcfb5188b]     libgeneraldrv.so->Hw_Semaphore_Release(0x7fffc49b03b0, 128, 0, 0 <unfinished ...>
7889 [0x7fafd153f757]       SYS_munmap(0x7fafd20b0000, 32, 0, 1)                                                                   = 0
7889 [0x7fafcfb5188b]     <... Hw_Semaphore_Release resumed> )                                                                     = 0
7889 [0x7fafd18000e3]   <... Mv9125_Set_Led_Mode resumed> )                                                                        = 0
7889 [0x400934] <... Hal_Led_Set_Hdd_Mode resumed> )                                                                               = 0
7889 [0x7fafd1c42f15] libnasman.so->Close_Share_Memory(char const*, void*)(0x7fafd1c8708e, 0x7fafd20b4000, 0x775a5d784111ab0e, 4 <unfinished ...>
7889 [0x7fafd1c42b6e]   libnasman.so->Get_File_Size(char const*, long*)(0x7fffc49b02c0, 0x7fffc49b03e8, 0x7fffc49b02d5, 0 <unfinished ...>
7889 [0x7fafd1536365]     SYS_stat(0x7fffc49b02c0, 0x7fffc49b0220, 0x7fffc49b0220, 1)                                              = 0
7889 [0x7fafd1c42b6e]   <... Get_File_Size(char const*, long*) resumed> )                                                          = 0
7889 [0x7fafd153f757]   SYS_munmap(0x7fafd20b4000, 0x2788, 0x7fffc49b0220, 1)                                                      = 0
7889 [0x7fafd1c42f15] <... Close_Share_Memory(char const*, void*) resumed> )                                                       = 0
7889 [0x7fafd1c42f37] libnasman.so->Close_Share_Memory(char const*, void*)(0x7fafd1c870a7, 0x7fafd20b3000, 0, -1 <unfinished ...>
7889 [0x7fafd1c42b6e]   libnasman.so->Get_File_Size(char const*, long*)(0x7fffc49b02c0, 0x7fffc49b03e8, 0x7fffc49b02d6, 0 <unfinished ...>
7889 [0x7fafd1536365]     SYS_stat(0x7fffc49b02c0, 0x7fffc49b0220, 0x7fffc49b0220, 1)                                              = 0
7889 [0x7fafd1c42b6e]   <... Get_File_Size(char const*, long*) resumed> )                                                          = 0
7889 [0x7fafd153f757]   SYS_munmap(0x7fafd20b3000, 3536, 0x7fffc49b0220, 1)                                                        = 0
7889 [0x7fafd1c42f37] <... Close_Share_Memory(char const*, void*) resumed> )                                                       = 0
7889 [0x7fafd1c42f59] libnasman.so->Close_Share_Memory(char const*, void*)(0x7fafd1c870b5, 0x7fafd20b2000, 0, -1 <unfinished ...>
7889 [0x7fafd1c42b6e]   libnasman.so->Get_File_Size(char const*, long*)(0x7fffc49b02c0, 0x7fffc49b03e8, 0x7fffc49b02d6, 0 <unfinished ...>
7889 [0x7fafd1536365]     SYS_stat(0x7fffc49b02c0, 0x7fffc49b0220, 0x7fffc49b0220, 1)                                              = 0
7889 [0x7fafd1c42b6e]   <... Get_File_Size(char const*, long*) resumed> )                                                          = 0
7889 [0x7fafd153f757]   SYS_munmap(0x7fafd20b2000, 4080, 0x7fffc49b0220, 1)                                                        = 0
7889 [0x7fafd1c42f59] <... Close_Share_Memory(char const*, void*) resumed> )                                                       = 0
7889 [0x7fafd1490932] libgeneral.so->Trace_Mem_Destroy()(0x7fafd11a8d40, 0, 0x775a5f167ad1ab0e, 16)                                = 0
7889 [0x7fafd1513468] SYS_exit_group(0, 60, 0, 0x7fafd17f6a48 <no return ...>
7889 [0xffffffffffffffff] +++ exited (status 0) +++
