7982 [0x7f9b3f54e8aa] SYS_brk(0, 0x7f9b3f551fa0, 0, 895)                                                                           = 0xdb5000
7982 [0x7f9b3f54f7e7] SYS_readlink(0x7fffe3067b78, 0x7fffe3066180, 4096, 0x756e694c00000000)                                       = -2
7982 [0x7f9b3f54f677] SYS_open(0x7f9b3f5531f3, 0, 0, 0x756e694c00000000)                                                           = 3
7982 [0x7f9b3f54f7a7] SYS_chdir(0x7f9b3f75aba8, 0, 0, 0x756e694c00000000)                                                          = -2
7982 [0x7f9b3f54e9d2] SYS_getcwd(0x7fffe3066180, 4096, 0, 0x756e694c00000000)                                                      = 23
7982 [0x7f9b3f54f7c7] SYS_fchdir(3, 4096, 0, 0x756e694c00000000)                                                                   = 0
7982 [0x7f9b3f54f787] SYS_close(3, 4096, 0, 0x756e694c00000000)                                                                    = 0
7982 [0x7f9b3f54f80a] SYS_mmap(0, 4096, 3, 34)                                                                                     = 0x7f9b3f757000
7982 [0x7f9b3f54f6d7] SYS_access(0x7f9b3f555700, 4, 0x7f9b3f75a718, 0)                                                             = -2
7982 [0x7f9b3f54f677] SYS_open(0x7f9b3f553072, 0x80000, 1, 0)                                                                      = 3
7982 [0x7f9b3f54f604] SYS_fstat(3, 0x7fffe3065960, 0x7fffe3065960, 0)                                                              = 0
7982 [0x7f9b3f54f80a] SYS_mmap(0, 0x83b3, 1, 2)                                                                                    = 0x7f9b3f74e000
7982 [0x7f9b3f54f787] SYS_close(3, 0x83b3, 1, 2)                                                                                   = 0
7982 [0x7f9b3f54f677] SYS_open(0x7f9b3f757640, 0x80000, 0, 56)                                                                     = 3
7982 [0x7f9b3f54f697] SYS_read(3, 0x7fffe3065ae8, 832, 56)                                                                         = 832
7982 [0x7f9b3f54f604] SYS_fstat(3, 0x7fffe30659c0, 0x7fffe30659c0, 16)                                                             = 0
7982 [0x7f9b3f54f80a] SYS_mmap(0, 0x278960, 5, 2050)                                                                               = 0x7f9b3f2bf000
7982 [0x7f9b3f54f857] SYS_mprotect(0x7f9b3f335000, 0x200000, 0, 2050)                                                              = 0
7982 [0x7f9b3f54f80a] SYS_mmap(0x7f9b3f535000, 0x3000, 3, 2066)                                                                    = 0x7f9b3f535000
7982 [0x7f9b3f54f787] SYS_close(3, 16, 0x7f9b3f5353e0, 0x6ffffdff)                                                                 = 0
7982 [0x7f9b3f54f677] SYS_open(0x7f9b3f757b10, 0x80000, 0, 0x6ffffdff)                                                             = 3
7982 [0x7f9b3f54f697] SYS_read(3, 0x7fffe3065ab8, 832, 0x6ffffdff)                                                                 = 832
7982 [0x7f9b3f54f604] SYS_fstat(3, 0x7fffe3065990, 0x7fffe3065990, 16)                                                             = 0
7982 [0x7f9b3f54f80a] SYS_mmap(0, 0x21bee0, 5, 2050)                                                                               = 0x7f9b3f0a3000
7982 [0x7f9b3f54f857] SYS_mprotect(0x7f9b3f0be000, 0x200000, 0, 2050)                                                              = 0
7982 [0x7f9b3f54f80a] SYS_mmap(0x7f9b3f2be000, 4096, 3, 2066)                                                                      = 0x7f9b3f2be000
7982 [0x7f9b3f54f787] SYS_close(3, 16, 0x7f9b3f2be208, 0x6ffffdff)                                                                 = 0
7982 [0x7f9b3f54f677] SYS_open(0x7f9b3f757fe0, 0x80000, 0, 0x6ffffdff)                                                             = 3
7982 [0x7f9b3f54f697] SYS_read(3, 0x7fffe3065a88, 832, 0x6ffffdff)                                                                 = 832
7982 [0x7f9b3f54f604] SYS_fstat(3, 0x7fffe3065960, 0x7fffe3065960, 16)                                                             = 0
7982 [0x7f9b3f54f80a] SYS_mmap(0, 4096, 3, 34)                                                                                     = 0x7f9b3f74d000
7982 [0x7f9b3f54f80a] SYS_mmap(0, 0x209ad0, 5, 2050)                                                                               = 0x7f9b3ee99000
7982 [0x7f9b3f54f857] SYS_mprotect(0x7f9b3eea3000, 0x1ff000, 0, 2050)                                                              = 0
7982 [0x7f9b3f54f80a] SYS_mmap(0x7f9b3f0a2000, 4096, 3, 2066)                                                                      = 0x7f9b3f0a2000
7982 [0x7f9b3f54f787] SYS_close(3, 16, 0x7f9b3f0a2690, 0x6ffffdff)                                                                 = 0
7982 [0x7f9b3f54f677] SYS_open(0x7f9b3f74d4b8, 0x80000, 0, 0x6ffffdff)                                                             = 3
7982 [0x7f9b3f54f697] SYS_read(3, 0x7fffe3065a58, 832, 0x6ffffdff)                                                                 = 832
7982 [0x7f9b3f54f604] SYS_fstat(3, 0x7fffe3065930, 0x7fffe3065930, 32)                                                             = 0
7982 [0x7f9b3f54f80a] SYS_mmap(0, 0x39dc40, 5, 2050)                                                                               = 0x7f9b3eafb000
7982 [0x7f9b3f54f857] SYS_mprotect(0x7f9b3ec8f000, 0x200000, 0, 2050)                                                              = 0
7982 [0x7f9b3f54f80a] SYS_mmap(0x7f9b3ee8f000, 0x6000, 3, 2066)                                                                    = 0x7f9b3ee8f000
7982 [0x7f9b3f54f80a] SYS_mmap(0x7f9b3ee95000, 0x3c40, 3, 50)                                                                      = 0x7f9b3ee95000
7982 [0x7f9b3f54f787] SYS_close(3, 16, 0, 0x6ffffdff)                                                                              = 0
7982 [0x7f9b3f54f677] SYS_open(0x7f9b3f74d988, 0x80000, 0, 0x6ffffdff)                                                             = 3
7982 [0x7f9b3f54f697] SYS_read(3, 0x7fffe3065908, 832, 0x6ffffdff)                                                                 = 832
7982 [0x7f9b3f54f604] SYS_fstat(3, 0x7fffe30657e0, 0x7fffe30657e0, 16)                                                             = 0
7982 [0x7f9b3f54f80a] SYS_mmap(0, 0x2b09d0, 5, 2050)                                                                               = 0x7f9b3e84a000
7982 [0x7f9b3f54f857] SYS_mprotect(0x7f9b3e8f9000, 0x1ff000, 0, 2050)                                                              = 0
7982 [0x7f9b3f54f80a] SYS_mmap(0x7f9b3eaf8000, 0x3000, 3, 2066)                                                                    = 0x7f9b3eaf8000
7982 [0x7f9b3f54f787] SYS_close(3, 16, 0x7f9b3eaf89a8, 0x6ffffdff)                                                                 = 0
7982 [0x7f9b3f54f677] SYS_open(0x7f9b3f74de58, 0x80000, 0, 0x6ffffdff)                                                             = 3
7982 [0x7f9b3f54f697] SYS_read(3, 0x7fffe30658d8, 832, 0x6ffffdff)                                                                 = 832
7982 [0x7f9b3f54f604] SYS_fstat(3, 0x7fffe30657b0, 0x7fffe30657b0, 16)                                                             = 0
7982 [0x7f9b3f54f80a] SYS_mmap(0, 4096, 3, 34)                                                                                     = 0x7f9b3f74c000
7982 [0x7f9b3f54f80a] SYS_mmap(0, 0x294ee0, 5, 2050)                                                                               = 0x7f9b3e5b5000
7982 [0x7f9b3f54f857] SYS_mprotect(0x7f9b3e647000, 0x1ff000, 0, 2050)                                                              = 0
7982 [0x7f9b3f54f80a] SYS_mmap(0x7f9b3e846000, 0x3000, 3, 2066)                                                                    = 0x7f9b3e846000
7982 [0x7f9b3f54f80a] SYS_mmap(0x7f9b3e849000, 3808, 3, 50)                                                                        = 0x7f9b3e849000
7982 [0x7f9b3f54f787] SYS_close(3, 16, 0x7f9b3e846e30, 0x6ffffdff)                                                                 = 0
7982 [0x7f9b3f54f677] SYS_open(0x7f9b3f74c4b8, 0x80000, 0, 0x6ffffdff)                                                             = 3
7982 [0x7f9b3f54f697] SYS_read(3, 0x7fffe30658a8, 832, 0x6ffffdff)                                                                 = 832
7982 [0x7f9b3f54f604] SYS_fstat(3, 0x7fffe3065780, 0x7fffe3065780, 16)                                                             = 0
7982 [0x7f9b3f54f80a] SYS_mmap(0, 0x29d850, 5, 2050)                                                                               = 0x7f9b3e317000
7982 [0x7f9b3f54f857] SYS_mprotect(0x7f9b3e3b0000, 0x200000, 0, 2050)                                                              = 0
7982 [0x7f9b3f54f80a] SYS_mmap(0x7f9b3e5b0000, 0x3000, 3, 2066)                                                                    = 0x7f9b3e5b0000
7982 [0x7f9b3f54f80a] SYS_mmap(0x7f9b3e5b3000, 6224, 3, 50)                                                                        = 0x7f9b3e5b3000
7982 [0x7f9b3f54f787] SYS_close(3, 16, 0x7f9b3e5b1cc8, 0x6ffffdff)                                                                 = 0
7982 [0x7f9b3f54f677] SYS_open(0x7f9b3f74c9a0, 0x80000, 0, 0x6ffffdff)                                                             = 3
7982 [0x7f9b3f54f697] SYS_read(3, 0x7fffe3065878, 832, 0x6ffffdff)                                                                 = 832
7982 [0x7f9b3f54f604] SYS_fstat(3, 0x7fffe3065750, 0x7fffe3065750, 16)                                                             = 0
7982 [0x7f9b3f54f80a] SYS_mmap(0, 0x2dbbb0, 5, 2050)                                                                               = 0x7f9b3e03b000
7982 [0x7f9b3f54f857] SYS_mprotect(0x7f9b3e0f9000, 0x200000, 0, 2050)                                                              = 0
7982 [0x7f9b3f54f80a] SYS_mmap(0x7f9b3e2f9000, 0xa000, 3, 2066)                                                                    = 0x7f9b3e2f9000
7982 [0x7f9b3f54f80a] SYS_mmap(0x7f9b3e303000, 0x13bb0, 3, 50)                                                                     = 0x7f9b3e303000
7982 [0x7f9b3f54f787] SYS_close(3, 16, 0x7f9b3e2ff4d8, 0x6ffffdff)                                                                 = 0
7982 [0x7f9b3f54f677] SYS_open(0x7f9b3f74ce70, 0x80000, 0, 0x6ffffdff)                                                             = 3
7982 [0x7f9b3f54f697] SYS_read(3, 0x7fffe3065848, 832, 0x6ffffdff)                                                                 = 832
7982 [0x7f9b3f54f604] SYS_fstat(3, 0x7fffe3065720, 0x7fffe3065720, 32)                                                             = 0
7982 [0x7f9b3f54f80a] SYS_mmap(0, 4096, 3, 34)                                                                                     = 0x7f9b3f74b000
7982 [0x7f9b3f54f80a] SYS_mmap(0, 0x21c490, 5, 2050)                                                                               = 0x7f9b3de1e000
7982 [0x7f9b3f54f857] SYS_mprotect(0x7f9b3de36000, 0x1ff000, 0, 2050)                                                              = 0
7982 [0x7f9b3f54f80a] SYS_mmap(0x7f9b3e035000, 8192, 3, 2066)                                                                      = 0x7f9b3e035000
7982 [0x7f9b3f54f80a] SYS_mmap(0x7f9b3e037000, 0x3490, 3, 50)                                                                      = 0x7f9b3e037000
7982 [0x7f9b3f54f787] SYS_close(3, 16, 0, 0x6ffffdff)                                                                              = 0
7982 [0x7f9b3f54f677] SYS_open(0x7f9b3f74b4b8, 0x80000, 0, 0x6ffffdff)                                                             = 3
7982 [0x7f9b3f54f697] SYS_read(3, 0x7fffe3065818, 832, 0x6ffffdff)                                                                 = 832
7982 [0x7f9b3f54f604] SYS_fstat(3, 0x7fffe30656f0, 0x7fffe30656f0, 32)                                                             = 0
7982 [0x7f9b3f54f80a] SYS_mmap(0, 0x207bc0, 5, 2050)                                                                               = 0x7f9b3dc16000
7982 [0x7f9b3f54f857] SYS_mprotect(0x7f9b3dc1d000, 0x1ff000, 0, 2050)                                                              = 0
7982 [0x7f9b3f54f80a] SYS_mmap(0x7f9b3de1c000, 8192, 3, 2066)                                                                      = 0x7f9b3de1c000
7982 [0x7f9b3f54f787] SYS_close(3, 16, 0, 0x6ffffdff)                                                                              = 0
7982 [0x7f9b3f54f677] SYS_open(0x7f9b3f74b988, 0x80000, 0, 0x6ffffdff)                                                             = 3
7982 [0x7f9b3f54f697] SYS_read(3, 0x7fffe30657e8, 832, 0x6ffffdff)                                                                 = 832
7982 [0x7f9b3f54f604] SYS_fstat(3, 0x7fffe30656c0, 0x7fffe30656c0, 16)                                                             = 0
7982 [0x7f9b3f54f80a] SYS_mmap(0, 0x202e20, 5, 2050)                                                                               = 0x7f9b3da13000
7982 [0x7f9b3f54f857] SYS_mprotect(0x7f9b3da16000, 0x1ff000, 0, 2050)                                                              = 0
7982 [0x7f9b3f54f80a] SYS_mmap(0x7f9b3dc15000, 4096, 3, 2066)                                                                      = 0x7f9b3dc15000
7982 [0x7f9b3f54f787] SYS_close(3, 16, 0x7f9b3dc15c28, 0x6ffffdff)                                                                 = 0
7982 [0x7f9b3f54f677] SYS_open(0x7f9b3f74be58, 0x80000, 0, 0x6ffffdff)                                                             = 3
7982 [0x7f9b3f54f697] SYS_read(3, 0x7fffe30657b8, 832, 0x6ffffdff)                                                                 = 832
7982 [0x7f9b3f54f604] SYS_fstat(3, 0x7fffe3065690, 0x7fffe3065690, 16)                                                             = 0
7982 [0x7f9b3f54f80a] SYS_mmap(0, 4096, 3, 34)                                                                                     = 0x7f9b3f74a000
7982 [0x7f9b3f54f80a] SYS_mmap(0, 0x209850, 5, 2050)                                                                               = 0x7f9b3d809000
7982 [0x7f9b3f54f857] SYS_mprotect(0x7f9b3d813000, 0x1ff000, 0, 2050)                                                              = 0
7982 [0x7f9b3f54f80a] SYS_mmap(0x7f9b3da12000, 4096, 3, 2066)                                                                      = 0x7f9b3da12000
7982 [0x7f9b3f54f787] SYS_close(3, 16, 0x7f9b3da12618, 0x6ffffdff)                                                                 = 0
7982 [0x7f9b3f54f677] SYS_open(0x7f9b3f74a4b8, 0x80000, 0, 0x6ffffdff)                                                             = 3
7982 [0x7f9b3f54f697] SYS_read(3, 0x7fffe3065788, 832, 0x6ffffdff)                                                                 = 832
7982 [0x7f9b3f54f604] SYS_fstat(3, 0x7fffe3065660, 0x7fffe3065660, 16)                                                             = 0
7982 [0x7f9b3f54f80a] SYS_mmap(0, 0x210868, 5, 2050)                                                                               = 0x7f9b3d5f8000
7982 [0x7f9b3f54f857] SYS_mprotect(0x7f9b3d609000, 0x1ff000, 0, 2050)                                                              = 0
7982 [0x7f9b3f54f80a] SYS_mmap(0x7f9b3d808000, 4096, 3, 2066)                                                                      = 0x7f9b3d808000
7982 [0x7f9b3f54f787] SYS_close(3, 16, 0x7f9b3d808408, 0x6ffffdff)                                                                 = 0
7982 [0x7f9b3f54f677] SYS_open(0x7f9b3f74aa40, 0x80000, 0, 0x7f9b3f74b9a0)                                                         = 3
7982 [0x7f9b3f54f697] SYS_read(3, 0x7fffe3065628, 832, 0x7f9b3f74b9a0)                                                             = 832
7982 [0x7f9b3f54f604] SYS_fstat(3, 0x7fffe3065500, 0x7fffe3065500, 16)                                                             = 0
7982 [0x7f9b3f54f80a] SYS_mmap(0, 0x2032c8, 5, 2050)                                                                               = 0x7f9b3d3f4000
7982 [0x7f9b3f54f857] SYS_mprotect(0x7f9b3d3f7000, 0x200000, 0, 2050)                                                              = 0
7982 [0x7f9b3f54f80a] SYS_mmap(0x7f9b3d5f7000, 4096, 3, 2066)                                                                      = 0x7f9b3d5f7000
7982 [0x7f9b3f54f787] SYS_close(3, 16, 0x7f9b3d5f7188, 0x6ffffdff)                                                                 = 0
7982 [0x7f9b3f54f677] SYS_open(0x7f9b3f74af28, 0x80000, 0, 0x6ffffdff)                                                             = 3
7982 [0x7f9b3f54f697] SYS_read(3, 0x7fffe30655f8, 832, 0x6ffffdff)                                                                 = 832
7982 [0x7f9b3f54f604] SYS_fstat(3, 0x7fffe30654d0, 0x7fffe30654d0, 16)                                                             = 0
7982 [0x7f9b3f54f80a] SYS_mmap(0, 4096, 3, 34)                                                                                     = 0x7f9b3f749000
7982 [0x7f9b3f54f80a] SYS_mmap(0, 0x207820, 5, 2050)                                                                               = 0x7f9b3d1ec000
7982 [0x7f9b3f54f857] SYS_mprotect(0x7f9b3d1f3000, 0x200000, 0, 2050)                                                              = 0
7982 [0x7f9b3f54f80a] SYS_mmap(0x7f9b3d3f3000, 4096, 3, 2066)                                                                      = 0x7f9b3d3f3000
7982 [0x7f9b3f54f787] SYS_close(3, 16, 0x7f9b3d3f3188, 0x6ffffdff)                                                                 = 0
7982 [0x7f9b3f54f677] SYS_open(0x7f9b3f7494c8, 0x80000, 0, 0x6ffffdff)                                                             = 3
7982 [0x7f9b3f54f697] SYS_read(3, 0x7fffe30655c8, 832, 0x6ffffdff)                                                                 = 832
7982 [0x7f9b3f54f604] SYS_fstat(3, 0x7fffe30654a0, 0x7fffe30654a0, 16)                                                             = 0
7982 [0x7f9b3f54f80a] SYS_mmap(0, 0x201f30, 5, 2050)                                                                               = 0x7f9b3cfea000
7982 [0x7f9b3f54f857] SYS_mprotect(0x7f9b3cfec000, 0x1ff000, 0, 2050)                                                              = 0
7982 [0x7f9b3f54f80a] SYS_mmap(0x7f9b3d1eb000, 4096, 3, 2066)                                                                      = 0x7f9b3d1eb000
7982 [0x7f9b3f54f787] SYS_close(3, 16, 0x7f9b3d1ebe18, 0x6ffffdff)                                                                 = 0
7982 [0x7f9b3f54f677] SYS_open(0x7f9b3f749a60, 0x80000, 0, 0x7f9b3f74d4d0)                                                         = 3
7982 [0x7f9b3f54f697] SYS_read(3, 0x7fffe3065598, 832, 0x7f9b3f74d4d0)                                                             = 832
7982 [0x7f9b3f54f604] SYS_fstat(3, 0x7fffe3065470, 0x7fffe3065470, 16)                                                             = 0
7982 [0x7f9b3f54f80a] SYS_mmap(0, 0x2022e8, 5, 2050)                                                                               = 0x7f9b3cde7000
7982 [0x7f9b3f54f857] SYS_mprotect(0x7f9b3cde9000, 0x200000, 0, 2050)                                                              = 0
7982 [0x7f9b3f54f80a] SYS_mmap(0x7f9b3cfe9000, 4096, 3, 2066)                                                                      = 0x7f9b3cfe9000
7982 [0x7f9b3f54f787] SYS_close(3, 16, 0x7f9b3cfe9198, 0x6ffffdff)                                                                 = 0
7982 [0x7f9b3f54f677] SYS_open(0x7f9b3f749f40, 0x80000, 0, 0x6ffffdff)                                                             = 3
7982 [0x7f9b3f54f697] SYS_read(3, 0x7fffe3065568, 832, 0x6ffffdff)                                                                 = 832
7982 [0x7f9b3f54f604] SYS_fstat(3, 0x7fffe3065440, 0x7fffe3065440, 16)                                                             = 0
7982 [0x7f9b3f54f80a] SYS_mmap(0, 4096, 3, 34)                                                                                     = 0x7f9b3f748000
7982 [0x7f9b3f54f80a] SYS_mmap(0, 0x201f30, 5, 2050)                                                                               = 0x7f9b3cbe5000
7982 [0x7f9b3f54f857] SYS_mprotect(0x7f9b3cbe7000, 0x1ff000, 0, 2050)                                                              = 0
7982 [0x7f9b3f54f80a] SYS_mmap(0x7f9b3cde6000, 4096, 3, 2066)                                                                      = 0x7f9b3cde6000
7982 [0x7f9b3f54f787] SYS_close(3, 16, 0x7f9b3cde6e18, 0x6ffffdff)                                                                 = 0
7982 [0x7f9b3f54f677] SYS_open(0x7f9b3f7484c0, 0x80000, 0, 0x6ffffdff)                                                             = 3
7982 [0x7f9b3f54f697] SYS_read(3, 0x7fffe3065538, 832, 0x6ffffdff)                                                                 = 832
7982 [0x7f9b3f54f604] SYS_fstat(3, 0x7fffe3065410, 0x7fffe3065410, 16)                                                             = 0
7982 [0x7f9b3f54f80a] SYS_mmap(0, 0x2038b8, 5, 2050)                                                                               = 0x7f9b3c9e1000
7982 [0x7f9b3f54f857] SYS_mprotect(0x7f9b3c9e5000, 0x1ff000, 0, 2050)                                                              = 0
7982 [0x7f9b3f54f80a] SYS_mmap(0x7f9b3cbe4000, 4096, 3, 2066)                                                                      = 0x7f9b3cbe4000
7982 [0x7f9b3f54f787] SYS_close(3, 16, 0x7f9b3cbe4748, 0x6ffffdff)                                                                 = 0
7982 [0x7f9b3f54f677] SYS_open(0x7f9b3f748a60, 0x80000, 0, 0x7f9b3f74b000)                                                         = 3
7982 [0x7f9b3f54f697] SYS_read(3, 0x7fffe30654d8, 832, 0x7f9b3f74b000)                                                             = 832
7982 [0x7f9b3f54f604] SYS_fstat(3, 0x7fffe30653b0, 0x7fffe30653b0, 16)                                                             = 0
7982 [0x7f9b3f54f80a] SYS_mmap(0, 0x210848, 5, 2050)                                                                               = 0x7f9b3c7d0000
7982 [0x7f9b3f54f857] SYS_mprotect(0x7f9b3c7e0000, 0x1ff000, 0, 2050)                                                              = 0
7982 [0x7f9b3f54f80a] SYS_mmap(0x7f9b3c9df000, 8192, 3, 2066)                                                                      = 0x7f9b3c9df000
7982 [0x7f9b3f54f787] SYS_close(3, 16, 0x7f9b3c9dfd90, 0x6ffffdff)                                                                 = 0
7982 [0x7f9b3f54f677] SYS_open(0x7f9b3f748f48, 0x80000, 0, 0x6ffffdff)                                                             = 3
7982 [0x7f9b3f54f697] SYS_read(3, 0x7fffe30654a8, 832, 0x6ffffdff)                                                                 = 832
7982 [0x7f9b3f54f604] SYS_fstat(3, 0x7fffe3065380, 0x7fffe3065380, 16)                                                             = 0
7982 [0x7f9b3f54f80a] SYS_mmap(0, 4096, 3, 34)                                                                                     = 0x7f9b3f747000
7982 [0x7f9b3f54f80a] SYS_mmap(0, 0x20acf0, 5, 2050)                                                                               = 0x7f9b3c5c5000
7982 [0x7f9b3f54f857] SYS_mprotect(0x7f9b3c5d0000, 0x1ff000, 0, 2050)                                                              = 0
7982 [0x7f9b3f54f80a] SYS_mmap(0x7f9b3c7cf000, 4096, 3, 2066)                                                                      = 0x7f9b3c7cf000
7982 [0x7f9b3f54f787] SYS_close(3, 16, 0x7f9b3c7cf750, 0x6ffffdff)                                                                 = 0
7982 [0x7f9b3f54f677] SYS_open(0x7f9b3f747560, 0x80000, 0, 0x7f9b3f74b000)                                                         = 3
7982 [0x7f9b3f54f697] SYS_read(3, 0x7fffe3065478, 832, 0x7f9b3f74b000)                                                             = 832
7982 [0x7f9b3f54f604] SYS_fstat(3, 0x7fffe3065350, 0x7fffe3065350, 32)                                                             = 0
7982 [0x7f9b3f54f80a] SYS_mmap(0, 0x2361e0, 5, 2050)                                                                               = 0x7f9b3c38e000
7982 [0x7f9b3f54f857] SYS_mprotect(0x7f9b3c396000, 0x1ff000, 0, 2050)                                                              = 0
7982 [0x7f9b3f54f80a] SYS_mmap(0x7f9b3c595000, 8192, 3, 2066)                                                                      = 0x7f9b3c595000
7982 [0x7f9b3f54f80a] SYS_mmap(0x7f9b3c597000, 0x2d1e0, 3, 50)                                                                     = 0x7f9b3c597000
7982 [0x7f9b3f54f787] SYS_close(3, 16, 0, 0x6ffffdff)                                                                              = 0
7982 [0x7f9b3f54f677] SYS_open(0x7f9b3f747a30, 0x80000, 0, 0x6ffffdff)                                                             = 3
7982 [0x7f9b3f54f697] SYS_read(3, 0x7fffe3065448, 832, 0x6ffffdff)                                                                 = 832
7982 [0x7f9b3f54f604] SYS_fstat(3, 0x7fffe3065320, 0x7fffe3065320, 16)                                                             = 0
7982 [0x7f9b3f54f80a] SYS_mmap(0, 0x43fe88, 5, 2050)                                                                               = 0x7f9b3bf4e000
7982 [0x7f9b3f54f857] SYS_mprotect(0x7f9b3c163000, 0x200000, 0, 2050)                                                              = 0
7982 [0x7f9b3f54f80a] SYS_mmap(0x7f9b3c363000, 0x27000, 3, 2066)                                                                   = 0x7f9b3c363000
7982 [0x7f9b3f54f80a] SYS_mmap(0x7f9b3c38a000, 0x3e88, 3, 50)                                                                      = 0x7f9b3c38a000
7982 [0x7f9b3f54f857] SYS_mprotect(0x7fffe3067000, 4096, 0x1000007, 4)                                                             = 0
7982 [0x7f9b3f54f787] SYS_close(3, 4096, 0x1000007, 4)                                                                             = 0
7982 [0x7f9b3f54f677] SYS_open(0x7f9b3f747fb0, 0x80000, 0, 0x7f9b3f74a4d0)                                                         = 3
7982 [0x7f9b3f54f697] SYS_read(3, 0x7fffe3065418, 832, 0x7f9b3f74a4d0)                                                             = 832
7982 [0x7f9b3f54f604] SYS_fstat(3, 0x7fffe30652f0, 0x7fffe30652f0, 16)                                                             = 0
7982 [0x7f9b3f54f80a] SYS_mmap(0, 4096, 3, 34)                                                                                     = 0x7f9b3f746000
7982 [0x7f9b3f54f80a] SYS_mmap(0, 0x215730, 5, 2050)                                                                               = 0x7f9b3bd38000
7982 [0x7f9b3f54f857] SYS_mprotect(0x7f9b3bd4e000, 0x1ff000, 0, 2050)                                                              = 0
7982 [0x7f9b3f54f80a] SYS_mmap(0x7f9b3bf4d000, 4096, 3, 2066)                                                                      = 0x7f9b3bf4d000
7982 [0x7f9b3f54f787] SYS_close(3, 16, 0x7f9b3bf4d490, 0x6ffffdff)                                                                 = 0
7982 [0x7f9b3f54f677] SYS_open(0x7f9b3f7464f0, 0x80000, 0, 0x6ffffdff)                                                             = 3
7982 [0x7f9b3f54f697] SYS_read(3, 0x7fffe30653e8, 832, 0x6ffffdff)                                                                 = 832
7982 [0x7f9b3f54f604] SYS_fstat(3, 0x7fffe30652c0, 0x7fffe30652c0, 32)                                                             = 0
7982 [0x7f9b3f54f80a] SYS_mmap(0, 0x2fd148, 5, 2050)                                                                               = 0x7f9b3ba3a000
7982 [0x7f9b3f54f857] SYS_mprotect(0x7f9b3bb37000, 0x1ff000, 0, 2050)                                                              = 0
7982 [0x7f9b3f54f80a] SYS_mmap(0x7f9b3bd36000, 8192, 3, 2066)                                                                      = 0x7f9b3bd36000
7982 [0x7f9b3f54f787] SYS_close(3, 16, 0, 0x6ffffdff)                                                                              = 0
7982 [0x7f9b3f54f677] SYS_open(0x7fffe30651b0, 0x80000, 0, 0x36782f39325f3130)                                                     = -2
7982 [0x7f9b3f54f5c5] SYS_stat(0x7fffe30651b0, 0x7fffe3065290, 0x7fffe3065290, 0x36782f39325f3130)                                 = -2
7982 [0x7f9b3f54f677] SYS_open(0x7fffe30651b0, 0x80000, 0, 0x36782f39325f3130)                                                     = -2
7982 [0x7f9b3f54f5c5] SYS_stat(0x7fffe30651b0, 0x7fffe3065290, 0x7fffe3065290, 0x36782f39325f3130)                                 = -2
7982 [0x7f9b3f54f677] SYS_open(0x7fffe30651b0, 0x80000, 0, 0x36782f39325f3130)                                                     = -2
7982 [0x7f9b3f54f5c5] SYS_stat(0x7fffe30651b0, 0x7fffe3065290, 0x7fffe3065290, 0x36782f39325f3130)                                 = -2
7982 [0x7f9b3f54f677] SYS_open(0x7fffe30651b0, 0x80000, 0, 0x36782f39325f3130)                                                     = -2
7982 [0x7f9b3f54f5c5] SYS_stat(0x7fffe30651b0, 0x7fffe3065290, 0x7fffe3065290, 0x36782f39325f3130)                                 = -2
7982 [0x7f9b3f54f677] SYS_open(0x7f9b3f746dd0, 0x80000, 0, 0x36782f39325f3130)                                                     = 3
7982 [0x7f9b3f54f697] SYS_read(3, 0x7fffe30653b8, 832, 0x36782f39325f3130)                                                         = 832
7982 [0x7f9b3f54f604] SYS_fstat(3, 0x7fffe3065290, 0x7fffe3065290, 16)                                                             = 0
7982 [0x7f9b3f54f80a] SYS_mmap(0, 4096, 3, 34)                                                                                     = 0x7f9b3f745000
7982 [0x7f9b3f54f80a] SYS_mmap(0, 0x2f8980, 5, 2050)                                                                               = 0x7f9b3b741000
7982 [0x7f9b3f54f857] SYS_mprotect(0x7f9b3b838000, 0x200000, 0, 2050)                                                              = 0
7982 [0x7f9b3f54f80a] SYS_mmap(0x7f9b3ba38000, 8192, 3, 2066)                                                                      = 0x7f9b3ba38000
7982 [0x7f9b3f54f787] SYS_close(3, 16, 0x7f9b3ba383a0, 0x6ffffdff)                                                                 = 0
7982 [0x7f9b3f54f677] SYS_open(0x7f9b3f7454c8, 0x80000, 0, 0x6ffffdff)                                                             = 3
7982 [0x7f9b3f54f697] SYS_read(3, 0x7fffe3065388, 832, 0x6ffffdff)                                                                 = 832
7982 [0x7f9b3f54f604] SYS_fstat(3, 0x7fffe3065260, 0x7fffe3065260, 16)                                                             = 0
7982 [0x7f9b3f54f80a] SYS_mmap(0, 0x2fc9d8, 5, 2050)                                                                               = 0x7f9b3b444000
7982 [0x7f9b3f54f857] SYS_mprotect(0x7f9b3b53f000, 0x200000, 0, 2050)                                                              = 0
7982 [0x7f9b3f54f80a] SYS_mmap(0x7f9b3b73f000, 8192, 3, 2066)                                                                      = 0x7f9b3b73f000
7982 [0x7f9b3f54f787] SYS_close(3, 16, 0x7f9b3b740828, 0x6ffffdff)                                                                 = 0
7982 [0x7f9b3f54f677] SYS_open(0x7f9b3f745998, 0x80000, 0, 0x6ffffdff)                                                             = 3
7982 [0x7f9b3f54f697] SYS_read(3, 0x7fffe3065358, 832, 0x6ffffdff)                                                                 = 832
7982 [0x7f9b3f54f604] SYS_fstat(3, 0x7fffe3065230, 0x7fffe3065230, 16)                                                             = 0
7982 [0x7f9b3f54f80a] SYS_mmap(0, 0x242830, 5, 2050)                                                                               = 0x7f9b3b201000
7982 [0x7f9b3f54f857] SYS_mprotect(0x7f9b3b244000, 0x1ff000, 0, 2050)                                                              = 0
7982 [0x7f9b3f54f80a] SYS_mmap(0x7f9b3b443000, 4096, 3, 2066)                                                                      = 0x7f9b3b443000
7982 [0x7f9b3f54f787] SYS_close(3, 16, 0x7f9b3b443630, 0x6ffffdff)                                                                 = 0
7982 [0x7f9b3f54f677] SYS_open(0x7f9b3f745f70, 0x80000, 0, 0x7f9b3f74c9b8)                                                         = 3
7982 [0x7f9b3f54f697] SYS_read(3, 0x7fffe3065328, 832, 0x7f9b3f74c9b8)                                                             = 832
7982 [0x7f9b3f54f604] SYS_fstat(3, 0x7fffe3065200, 0x7fffe3065200, 32)                                                             = 0
7982 [0x7f9b3f54f80a] SYS_mmap(0, 4096, 3, 34)                                                                                     = 0x7f9b3f744000
7982 [0x7f9b3f54f80a] SYS_mmap(0, 0x203118, 5, 2050)                                                                               = 0x7f9b3affd000
7982 [0x7f9b3f54f857] SYS_mprotect(0x7f9b3afff000, 0x200000, 0, 2050)                                                              = 0
7982 [0x7f9b3f54f80a] SYS_mmap(0x7f9b3b1ff000, 8192, 3, 2066)                                                                      = 0x7f9b3b1ff000
7982 [0x7f9b3f54f787] SYS_close(3, 16, 0x7f9b3b1fff40, 0x6ffffdff)                                                                 = 0
7982 [0x7f9b3f54f80a] SYS_mmap(0, 4096, 3, 34)                                                                                     = 0x7f9b3f743000
7982 [0x7f9b3f54f80a] SYS_mmap(0, 4096, 3, 34)                                                                                     = 0x7f9b3f742000
7982 [0x7f9b3f54f80a] SYS_mmap(0, 8192, 3, 34)                                                                                     = 0x7f9b3f740000
7982 [0x7f9b3f539044] SYS_arch_prctl(4098, 0x7f9b3f740780, 0x7f9b3f741080, 34)                                                     = 0
7982 [0x7f9b3f54f857] SYS_mprotect(0x7f9b3ee8f000, 0x4000, 1, 1)                                                                   = 0
7982 [0x7f9b3f54f857] SYS_mprotect(0x7f9b3b1ff000, 4096, 1, 0x7f9b3affdc68)                                                        = 0
7982 [0x7f9b3f54f857] SYS_mprotect(0x7f9b3e035000, 4096, 1, 0x7f9b3de23500)                                                        = 0
7982 [0x7f9b3f54f857] SYS_mprotect(0x7f9b3bd36000, 4096, 1, 1)                                                                     = 0
7982 [0x7f9b3f54f857] SYS_mprotect(0x7f9b3c595000, 4096, 1, 0x7f9b3c38ea00)                                                        = 0
7982 [0x7f9b3f54f857] SYS_mprotect(0x7f9b3e2f9000, 0x7000, 1, 0x7f9b3e093810)                                                      = 0
7982 [0x7f9b3f54f857] SYS_mprotect(0x7f9b3de1c000, 4096, 1, 0x7f9b3dc17d58)                                                        = 0
7982 [0x7f9b3f54f857] SYS_mprotect(0x7f9b3f758000, 4096, 1, 0)                                                                     = 0
7982 [0x7f9b3f54f837] SYS_munmap(0x7f9b3f74e000, 0x83b3, 0x75900, 0)                                                               = 0
7982 [0x7f9b3de24e92] SYS_set_tid_address(0x7f9b3f740a50, 0x7fffe3067318, 0x7f9b3f740780, 0)                                       = 7982
7982 [0x7f9b3de24efa] SYS_set_robust_list(0x7f9b3f740a60, 24, 0x7f9b3f740780, 0)                                                   = 0
7982 [0x7f9b3de2ecf5] SYS_rt_sigaction(32, 0x7fffe3067068, 0, 8)                                                                   = 0
7982 [0x7f9b3de2ecf5] SYS_rt_sigaction(33, 0x7fffe3067068, 0, 8)                                                                   = 0
7982 [0x7f9b3de24fd6] SYS_rt_sigprocmask(1, 0x7fffe30671b8, 0, 8)                                                                  = 0
7982 [0x7f9b3ebdbb17] SYS_getrlimit(3, 0x7fffe3067250, 63, 1)                                                                      = 0
7982 [0x7f9b3de24b95] SYS_futex(0x7f9b3e3037e0, 129, 0x7fffffff, 0)                                                                = 0
7982 [0x4008fd] ledctrl->Lookup_Nas_Info(_T_NAS_PROP_&)(0x7fffe3067160, 0x7fffe3067b94, 0, 0x7fffe3067b93 <unfinished ...>
7982 [0x7f9b3f2e2d11]   libnasman.so->Open_Share_Memory(char const*, int, void*&, int&)(0x7f9b3f32708e, 0, 0x7fffe3067120, 0x7fffe306712c <unfinished ...>
7982 [0x7f9b3ebd6557]     SYS_statfs(0x7f9b3de311e8, 0x7fffe3066ec0, 0x7f9b3e03a310, 1)                                            = 0
7982 [0x7f9b3de24b95]     SYS_futex(0x7f9b3e03a310, 129, 0x7fffffff, 0)                                                            = 0
7982 [0x7f9b3ebd67e0]     SYS_open(0x7fffe3066fd0, 0xa0000, 484, 1)                                                                = 3
7982 [0x7f9b3ebd63b4]     SYS_fstat(3, 0x7fffe3067060, 0x7fffe3067060, 1)                                                          = 0
7982 [0x7f9b3ebdf72a]     SYS_mmap(0, 0x2788, 1, 1)                                                                                = 0x7f9b3f754000
7982 [0x7f9b3ebd7070]     SYS_close(3, 0x2788, 1, 1)                                                                               = 0
7982 [0x7f9b3f2e2d11]   <... Open_Share_Memory(char const*, int, void*&, int&) resumed> )                                          = 0
7982 [0x7f9b3f2e2d4d]   libnasman.so->Open_Share_Memory(char const*, int, void*&, int&)(0x7f9b3f3270a7, 0, 0x7fffe3067120, 0x7fffe306712c <unfinished ...>
7982 [0x7f9b3ebd67e0]     SYS_open(0x7fffe3066fd0, 0xa0000, 484, 1)                                                                = 3
7982 [0x7f9b3ebd63b4]     SYS_fstat(3, 0x7fffe3067060, 0x7fffe3067060, 1)                                                          = 0
7982 [0x7f9b3ebdf72a]     SYS_mmap(0, 3536, 1, 1)                                                                                  = 0x7f9b3f753000
7982 [0x7f9b3ebd7070]     SYS_close(3, 3536, 1, 1)                                                                                 = 0
7982 [0x7f9b3f2e2d4d]   <... Open_Share_Memory(char const*, int, void*&, int&) resumed> )                                          = 0
7982 [0x7f9b3f2e2d7f]   libnasman.so->Open_Share_Memory(char const*, int, void*&, int&)(0x7f9b3f3270b5, 0, 0x7fffe3067120, 0x7fffe306712c <unfinished ...>
7982 [0x7f9b3ebd67e0]     SYS_open(0x7fffe3066fd0, 0xa0000, 484, 1)                                                                = 3
7982 [0x7f9b3ebd63b4]     SYS_fstat(3, 0x7fffe3067060, 0x7fffe3067060, 1)                                                          = 0
7982 [0x7f9b3ebdf72a]     SYS_mmap(0, 4080, 1, 1)                                                                                  = 0x7f9b3f752000
7982 [0x7f9b3ebd7070]     SYS_close(3, 4080, 1, 1)                                                                                 = 0
7982 [0x7f9b3f2e2d7f]   <... Open_Share_Memory(char const*, int, void*&, int&) resumed> )                                          = 0
7982 [0x4008fd] <... Lookup_Nas_Info(_T_NAS_PROP_&) resumed> )                                                                     = 0
7982 [0x400934] ledctrl->Hal_Led_Set_Hdd_Mode(3, 7, 3, 0 <unfinished ...>
7982 [0x7f9b3ee9ff15]   libnhal.so->Hal_Lookup_Hardware_Info(0x7fffe3067050, 7, 3, 0 <unfinished ...>
7982 [0x7f9b3ebd67e0]     SYS_open(0x7fffe3066f50, 0xa0002, 484, 1)                                                                = 3
7982 [0x7f9b3ebdf72a]     SYS_mmap(0, 220, 3, 1)                                                                                   = 0x7f9b3f751000
7982 [0x7f9b3ebd7070]     SYS_close(3, 220, 3, 1)                                                                                  = 0
7982 [0x7f9b3ee9e7f0]     libnhal.so->Hw_Semaphore_Init(0x7fffe3067000, 0x7f9b3eea1287, 1, -1 <unfinished ...>
7982 [0x7f9b3ebd6405]       SYS_lstat(0x7fffe3066eb0, 0x7fffe3066dc0, 0x7fffe3066dc0, 0)                                           = -2
7982 [0x7f9b3de2e510]       SYS_open(0x7fffe3066eb0, 194, 600, 0)                                                                  = 3
7982 [0x7f9b3de2dda0]       SYS_write(3, 0x7fffe3066f30, 32, 0)                                                                    = 32
7982 [0x7f9b3ebdf72a]       SYS_mmap(0, 32, 3, 1)                                                                                  = 0x7f9b3f750000
7982 [0x7f9b3ebd81a7]       SYS_link(0x7fffe3066eb0, 0x7fffe3066ee0, 3, 1)                                                         = -17
7982 [0x7f9b3ebdf757]       SYS_munmap(0x7f9b3f750000, 32, 3, 1)                                                                   = 0
7982 [0x7f9b3ebd82c7]       SYS_unlink(0x7fffe3066eb0, 32, 3, 1)                                                                   = 0
7982 [0x7f9b3de2de60]       SYS_close(3, 32, 3, 1)                                                                                 = 0
7982 [0x7f9b3de2e510]       SYS_open(0x7fffe3066ee0, 0x20002, 18, 1)                                                               = 3
7982 [0x7f9b3ebd63b4]       SYS_fstat(3, 0x7fffe3066e10, 0x7fffe3066e10, 1)                                                        = 0
7982 [0x7f9b3ebdbf5a]       SYS_brk(0, 0x7f9b3ee93640, 0, -4096)                                                                   = 0xdb5000
7982 [0x7f9b3ebdbf5a]       SYS_brk(0xdd6000, 0xdb5000, 0xdd6000, -4096)                                                           = 0xdd6000
7982 [0x7f9b3ebdf72a]       SYS_mmap(0, 32, 3, 1)                                                                                  = 0x7f9b3f750000
7982 [0x7f9b3de2de60]       SYS_close(3, 32, 0, 3)                                                                                 = 0
7982 [0x7f9b3ee9e7f0]     <... Hw_Semaphore_Init resumed> )                                                                        = 17
7982 [0x7f9b3ee9e800]     libnhal.so->Hw_Semaphore_Lock(0x7fffe3067000, 32, 0x7f9b3f750000, -1)                                    = 0
7982 [0x7f9b3ee9e918]     libnhal.so->Hw_Semaphore_Unlock(0x7fffe3067000, 2, 0x7f9b3f751000, 0)                                    = 0
7982 [0x7f9b3ee9e924]     libnhal.so->Hw_Semaphore_Release(0x7fffe3067000, 128, 0, 0 <unfinished ...>
7982 [0x7f9b3ebdf757]       SYS_munmap(0x7f9b3f750000, 32, 0, 1)                                                                   = 0
7982 [0x7f9b3ee9e924]     <... Hw_Semaphore_Release resumed> )                                                                     = 0
7982 [0x7f9b3ee9ff15]   <... Hal_Lookup_Hardware_Info resumed> )                                                                   = 0
7982 [0x7f9b3eea00e3]   libnhal.so->Mv9125_Set_Led_Mode(1, 1, 0, 3 <unfinished ...>
7982 [0x7f9b3d1f1937]     libgeneraldrv.so->PCI_Conf_Read(2, 0, 0, 36 <unfinished ...>
7982 [0x7f9b3d1ee823]       libgeneraldrv.so->Hw_Semaphore_Init(0x7fffe3066f40, 0x7f9b3d1f2000, 1, 0 <unfinished ...>
7982 [0x7f9b3ebd6405]         SYS_lstat(0x7fffe3066df0, 0x7fffe3066d00, 0x7fffe3066d00, 0)                                         = -2
7982 [0x7f9b3de2e510]         SYS_open(0x7fffe3066df0, 194, 600, 0)                                                                = 3
7982 [0x7f9b3de2dda0]         SYS_write(3, 0x7fffe3066e70, 32, 0)                                                                  = 32
7982 [0x7f9b3ebdf72a]         SYS_mmap(0, 32, 3, 1)                                                                                = 0x7f9b3f750000
7982 [0x7f9b3ebd81a7]         SYS_link(0x7fffe3066df0, 0x7fffe3066e20, 3, 1)                                                       = -17
7982 [0x7f9b3ebdf757]         SYS_munmap(0x7f9b3f750000, 32, 3, 1)                                                                 = 0
7982 [0x7f9b3ebd82c7]         SYS_unlink(0x7fffe3066df0, 32, 3, 1)                                                                 = 0
7982 [0x7f9b3de2de60]         SYS_close(3, 32, 3, 1)                                                                               = 0
7982 [0x7f9b3de2e510]         SYS_open(0x7fffe3066e20, 0x20002, 17, 1)                                                             = 3
7982 [0x7f9b3ebd63b4]         SYS_fstat(3, 0x7fffe3066d50, 0x7fffe3066d50, 1)                                                      = 0
7982 [0x7f9b3ebdf72a]         SYS_mmap(0, 32, 3, 1)                                                                                = 0x7f9b3f750000
7982 [0x7f9b3de2de60]         SYS_close(3, 32, 0, 1)                                                                               = 0
7982 [0x7f9b3d1ee823]       <... Hw_Semaphore_Init resumed> )                                                                      = 17
7982 [0x7f9b3d1ee833]       libgeneraldrv.so->Hw_Semaphore_Lock(0x7fffe3066f40, 32, 0x7f9b3f750000, -1)                            = 0
7982 [0x7f9b3ebe36b7]       SYS_ioperm(3320, 4, 1, 1)                                                                              = 0
7982 [0x7f9b3ebe36b7]       SYS_ioperm(3320, 4, 0, 1)                                                                              = 0
7982 [0x7f9b3ebe36b7]       SYS_ioperm(235, 1, 1, 1)                                                                               = 0
7982 [0x7f9b3ebe36b7]       SYS_ioperm(235, 1, 0, 1)                                                                               = 0
7982 [0x7f9b3ebe36b7]       SYS_ioperm(3324, 4, 1, 1)                                                                              = 0
7982 [0x7f9b3ebe36b7]       SYS_ioperm(3324, 4, 0, 1)                                                                              = 0
7982 [0x7f9b3ebe36b7]       SYS_ioperm(235, 1, 1, 1)                                                                               = 0
7982 [0x7f9b3ebe36b7]       SYS_ioperm(235, 1, 0, 1)                                                                               = 0
7982 [0x7f9b3ebe36b7]       SYS_ioperm(3320, 4, 1, 1)                                                                              = 0
7982 [0x7f9b3ebe36b7]       SYS_ioperm(3320, 4, 0, 1)                                                                              = 0
7982 [0x7f9b3ebe36b7]       SYS_ioperm(235, 1, 1, 1)                                                                               = 0
7982 [0x7f9b3ebe36b7]       SYS_ioperm(235, 1, 0, 1)                                                                               = 0
7982 [0x7f9b3d1ee97f]       libgeneraldrv.so->Hw_Semaphore_Unlock(0x7fffe3066f40, 1, 0, -1)                                        = 0
7982 [0x7f9b3d1ee98b]       libgeneraldrv.so->Hw_Semaphore_Release(0x7fffe3066f40, 128, 0, 0 <unfinished ...>
7982 [0x7f9b3ebdf757]         SYS_munmap(0x7f9b3f750000, 32, 0, 1)                                                                 = 0
7982 [0x7f9b3d1ee98b]       <... Hw_Semaphore_Release resumed> )                                                                   = 0
7982 [0x7f9b3d1f1937]     <... PCI_Conf_Read resumed> )                                                                            = 0
7982 [0x7f9b3d1f1959]     libgeneraldrv.so->Hw_Semaphore_Init(0x7fffe3066fb0, 0x7f9b3d1f238c, 1, 0x7f9b3ee93658 <unfinished ...>
7982 [0x7f9b3ebd6405]       SYS_lstat(0x7fffe3066e60, 0x7fffe3066d70, 0x7fffe3066d70, 0)                                           = -2
7982 [0x7f9b3de2e510]       SYS_open(0x7fffe3066e60, 194, 600, 0)                                                                  = 3
7982 [0x7f9b3de2dda0]       SYS_write(3, 0x7fffe3066ee0, 32, 0)                                                                    = 32
7982 [0x7f9b3ebdf72a]       SYS_mmap(0, 32, 3, 1)                                                                                  = 0x7f9b3f750000
7982 [0x7f9b3ebd81a7]       SYS_link(0x7fffe3066e60, 0x7fffe3066e90, 3, 1)                                                         = -17
7982 [0x7f9b3ebdf757]       SYS_munmap(0x7f9b3f750000, 32, 3, 1)                                                                   = 0
7982 [0x7f9b3ebd82c7]       SYS_unlink(0x7fffe3066e60, 32, 3, 1)                                                                   = 0
7982 [0x7f9b3de2de60]       SYS_close(3, 32, 3, 1)                                                                                 = 0
7982 [0x7f9b3de2e510]       SYS_open(0x7fffe3066e90, 0x20002, 20, 1)                                                               = 3
7982 [0x7f9b3ebd63b4]       SYS_fstat(3, 0x7fffe3066dc0, 0x7fffe3066dc0, 1)                                                        = 0
7982 [0x7f9b3ebdf72a]       SYS_mmap(0, 32, 3, 1)                                                                                  = 0x7f9b3f750000
7982 [0x7f9b3de2de60]       SYS_close(3, 32, 0, 1)                                                                                 = 0
7982 [0x7f9b3d1f1959]     <... Hw_Semaphore_Init resumed> )                                                                        = 17
7982 [0x7f9b3d1f1969]     libgeneraldrv.so->Hw_Semaphore_Lock(0x7fffe3066fb0, 32, 0x7f9b3f750000, -1)                              = 0
7982 [0x7f9b3ebd67e0]     SYS_open(0x7f9b3d1f23a1, 2, 1, 1)                                                                        = 3
7982 [0x7f9b3ebdf72a]     SYS_mmap(0, 60, 3, 1)                                                                                    = 0x7f9b3f74f000
7982 [0x7f9b3ebb3060]     SYS_nanosleep(0x7fffe3066f90, 0, 0, 1)                                                                   = 0
7982 [0x7f9b3ebb3060]     SYS_nanosleep(0x7fffe3066f90, 0, 0, 1)                                                                   = 0
7982 [0x7f9b3ebdf757]     SYS_munmap(0x7f9b3f74f000, 60, 0, 1)                                                                     = 0
7982 [0x7f9b3ebd7070]     SYS_close(3, 60, 0, 1)                                                                                   = 0
7982 [0x7f9b3ebb3060]     SYS_nanosleep(0x7fffe3066f90, 0, 0, 1)                                                                   = 0
7982 [0x7f9b3d1f1a1c]     libgeneraldrv.so->Hw_Semaphore_Unlock(0x7fffe3066fb0, 0, 0, -1)                                          = 0
7982 [0x7f9b3d1f1a28]     libgeneraldrv.so->Hw_Semaphore_Release(0x7fffe3066fb0, 128, 0, 0 <unfinished ...>
7982 [0x7f9b3ebdf757]       SYS_munmap(0x7f9b3f750000, 32, 0, 1)                                                                   = 0
7982 [0x7f9b3d1f1a28]     <... Hw_Semaphore_Release resumed> )                                                                     = 0
7982 [0x7f9b3d1f1acf]     libgeneraldrv.so->PCI_Conf_Read(2, 0, 0, 36 <unfinished ...>
7982 [0x7f9b3d1ee823]       libgeneraldrv.so->Hw_Semaphore_Init(0x7fffe3066f50, 0x7f9b3d1f2000, 1, 0 <unfinished ...>
7982 [0x7f9b3ebd6405]         SYS_lstat(0x7fffe3066e00, 0x7fffe3066d10, 0x7fffe3066d10, 0)                                         = -2
7982 [0x7f9b3de2e510]         SYS_open(0x7fffe3066e00, 194, 600, 0)                                                                = 3
7982 [0x7f9b3de2dda0]         SYS_write(3, 0x7fffe3066e80, 32, 0)                                                                  = 32
7982 [0x7f9b3ebdf72a]         SYS_mmap(0, 32, 3, 1)                                                                                = 0x7f9b3f750000
7982 [0x7f9b3ebd81a7]         SYS_link(0x7fffe3066e00, 0x7fffe3066e30, 3, 1)                                                       = -17
7982 [0x7f9b3ebdf757]         SYS_munmap(0x7f9b3f750000, 32, 3, 1)                                                                 = 0
7982 [0x7f9b3ebd82c7]         SYS_unlink(0x7fffe3066e00, 32, 3, 1)                                                                 = 0
7982 [0x7f9b3de2de60]         SYS_close(3, 32, 3, 1)                                                                               = 0
7982 [0x7f9b3de2e510]         SYS_open(0x7fffe3066e30, 0x20002, 17, 1)                                                             = 3
7982 [0x7f9b3ebd63b4]         SYS_fstat(3, 0x7fffe3066d60, 0x7fffe3066d60, 1)                                                      = 0
7982 [0x7f9b3ebdf72a]         SYS_mmap(0, 32, 3, 1)                                                                                = 0x7f9b3f750000
7982 [0x7f9b3de2de60]         SYS_close(3, 32, 0, 1)                                                                               = 0
7982 [0x7f9b3d1ee823]       <... Hw_Semaphore_Init resumed> )                                                                      = 17
7982 [0x7f9b3d1ee833]       libgeneraldrv.so->Hw_Semaphore_Lock(0x7fffe3066f50, 32, 0x7f9b3f750000, -1)                            = 0
7982 [0x7f9b3ebe36b7]       SYS_ioperm(3320, 4, 1, 1)                                                                              = 0
7982 [0x7f9b3ebe36b7]       SYS_ioperm(3320, 4, 0, 1)                                                                              = 0
7982 [0x7f9b3ebe36b7]       SYS_ioperm(235, 1, 1, 1)                                                                               = 0
7982 [0x7f9b3ebe36b7]       SYS_ioperm(235, 1, 0, 1)                                                                               = 0
7982 [0x7f9b3ebe36b7]       SYS_ioperm(3324, 4, 1, 1)                                                                              = 0
7982 [0x7f9b3ebe36b7]       SYS_ioperm(3324, 4, 0, 1)                                                                              = 0
7982 [0x7f9b3ebe36b7]       SYS_ioperm(235, 1, 1, 1)                                                                               = 0
7982 [0x7f9b3ebe36b7]       SYS_ioperm(235, 1, 0, 1)                                                                               = 0
7982 [0x7f9b3ebe36b7]       SYS_ioperm(3320, 4, 1, 1)                                                                              = 0
7982 [0x7f9b3ebe36b7]       SYS_ioperm(3320, 4, 0, 1)                                                                              = 0
7982 [0x7f9b3ebe36b7]       SYS_ioperm(235, 1, 1, 1)                                                                               = 0
7982 [0x7f9b3ebe36b7]       SYS_ioperm(235, 1, 0, 1)                                                                               = 0
7982 [0x7f9b3d1ee97f]       libgeneraldrv.so->Hw_Semaphore_Unlock(0x7fffe3066f50, 1, 0, -1)                                        = 0
7982 [0x7f9b3d1ee98b]       libgeneraldrv.so->Hw_Semaphore_Release(0x7fffe3066f50, 128, 0, 0 <unfinished ...>
7982 [0x7f9b3ebdf757]         SYS_munmap(0x7f9b3f750000, 32, 0, 1)                                                                 = 0
7982 [0x7f9b3d1ee98b]       <... Hw_Semaphore_Release resumed> )                                                                   = 0
7982 [0x7f9b3d1f1acf]     <... PCI_Conf_Read resumed> )                                                                            = 0
7982 [0x7f9b3d1f1af1]     libgeneraldrv.so->Hw_Semaphore_Init(0x7fffe3066fc0, 0x7f9b3d1f238c, 1, 0x7f9b3ee93658 <unfinished ...>
7982 [0x7f9b3ebd6405]       SYS_lstat(0x7fffe3066e70, 0x7fffe3066d80, 0x7fffe3066d80, 0)                                           = -2
7982 [0x7f9b3de2e510]       SYS_open(0x7fffe3066e70, 194, 600, 0)                                                                  = 3
7982 [0x7f9b3de2dda0]       SYS_write(3, 0x7fffe3066ef0, 32, 0)                                                                    = 32
7982 [0x7f9b3ebdf72a]       SYS_mmap(0, 32, 3, 1)                                                                                  = 0x7f9b3f750000
7982 [0x7f9b3ebd81a7]       SYS_link(0x7fffe3066e70, 0x7fffe3066ea0, 3, 1)                                                         = -17
7982 [0x7f9b3ebdf757]       SYS_munmap(0x7f9b3f750000, 32, 3, 1)                                                                   = 0
7982 [0x7f9b3ebd82c7]       SYS_unlink(0x7fffe3066e70, 32, 3, 1)                                                                   = 0
7982 [0x7f9b3de2de60]       SYS_close(3, 32, 3, 1)                                                                                 = 0
7982 [0x7f9b3de2e510]       SYS_open(0x7fffe3066ea0, 0x20002, 20, 1)                                                               = 3
7982 [0x7f9b3ebd63b4]       SYS_fstat(3, 0x7fffe3066dd0, 0x7fffe3066dd0, 1)                                                        = 0
7982 [0x7f9b3ebdf72a]       SYS_mmap(0, 32, 3, 1)                                                                                  = 0x7f9b3f750000
7982 [0x7f9b3de2de60]       SYS_close(3, 32, 0, 1)                                                                                 = 0
7982 [0x7f9b3d1f1af1]     <... Hw_Semaphore_Init resumed> )                                                                        = 17
7982 [0x7f9b3d1f1b01]     libgeneraldrv.so->Hw_Semaphore_Lock(0x7fffe3066fc0, 32, 0x7f9b3f750000, -1)                              = 0
7982 [0x7f9b3ebd67e0]     SYS_open(0x7f9b3d1f23a1, 2, 1, 1)                                                                        = 3
7982 [0x7f9b3ebdf72a]     SYS_mmap(0, 60, 3, 1)                                                                                    = 0x7f9b3f74f000
7982 [0x7f9b3ebb3060]     SYS_nanosleep(0x7fffe3066fa0, 0, 0, 1)                                                                   = 0
7982 [0x7f9b3ebb3060]     SYS_nanosleep(0x7fffe3066fa0, 0, 0, 1)                                                                   = 0
7982 [0x7f9b3ebdf757]     SYS_munmap(0x7f9b3f74f000, 60, 0, 1)                                                                     = 0
7982 [0x7f9b3ebd7070]     SYS_close(3, 60, 0, 1)                                                                                   = 0
7982 [0x7f9b3ebb3060]     SYS_nanosleep(0x7fffe3066fa0, 0, 0, 1)                                                                   = 0
7982 [0x7f9b3d1f1ba6]     libgeneraldrv.so->Hw_Semaphore_Unlock(0x7fffe3066fc0, 0, 0, -1)                                          = 0
7982 [0x7f9b3d1f1bb2]     libgeneraldrv.so->Hw_Semaphore_Release(0x7fffe3066fc0, 128, 0, 0 <unfinished ...>
7982 [0x7f9b3ebdf757]       SYS_munmap(0x7f9b3f750000, 32, 0, 1)                                                                   = 0
7982 [0x7f9b3d1f1bb2]     <... Hw_Semaphore_Release resumed> )                                                                     = 0
7982 [0x7f9b3eea00e3]   <... Mv9125_Set_Led_Mode resumed> )                                                                        = 0
7982 [0x400934] <... Hal_Led_Set_Hdd_Mode resumed> )                                                                               = 0
7982 [0x7f9b3f2e2f15] libnasman.so->Close_Share_Memory(char const*, void*)(0x7f9b3f32708e, 0x7f9b3f754000, 0x964f81fdbecad344, 4 <unfinished ...>
7982 [0x7f9b3f2e2b6e]   libnasman.so->Get_File_Size(char const*, long*)(0x7fffe3066ec0, 0x7fffe3066fe8, 0x7fffe3066ed5, 0 <unfinished ...>
7982 [0x7f9b3ebd6365]     SYS_stat(0x7fffe3066ec0, 0x7fffe3066e20, 0x7fffe3066e20, 1)                                              = 0
7982 [0x7f9b3f2e2b6e]   <... Get_File_Size(char const*, long*) resumed> )                                                          = 0
7982 [0x7f9b3ebdf757]   SYS_munmap(0x7f9b3f754000, 0x2788, 0x7fffe3066e20, 1)                                                      = 0
7982 [0x7f9b3f2e2f15] <... Close_Share_Memory(char const*, void*) resumed> )                                                       = 0
7982 [0x7f9b3f2e2f37] libnasman.so->Close_Share_Memory(char const*, void*)(0x7f9b3f3270a7, 0x7f9b3f753000, 0, -1 <unfinished ...>
7982 [0x7f9b3f2e2b6e]   libnasman.so->Get_File_Size(char const*, long*)(0x7fffe3066ec0, 0x7fffe3066fe8, 0x7fffe3066ed6, 0 <unfinished ...>
7982 [0x7f9b3ebd6365]     SYS_stat(0x7fffe3066ec0, 0x7fffe3066e20, 0x7fffe3066e20, 1)                                              = 0
7982 [0x7f9b3f2e2b6e]   <... Get_File_Size(char const*, long*) resumed> )                                                          = 0
7982 [0x7f9b3ebdf757]   SYS_munmap(0x7f9b3f753000, 3536, 0x7fffe3066e20, 1)                                                        = 0
7982 [0x7f9b3f2e2f37] <... Close_Share_Memory(char const*, void*) resumed> )                                                       = 0
7982 [0x7f9b3f2e2f59] libnasman.so->Close_Share_Memory(char const*, void*)(0x7f9b3f3270b5, 0x7f9b3f752000, 0, -1 <unfinished ...>
7982 [0x7f9b3f2e2b6e]   libnasman.so->Get_File_Size(char const*, long*)(0x7fffe3066ec0, 0x7fffe3066fe8, 0x7fffe3066ed6, 0 <unfinished ...>
7982 [0x7f9b3ebd6365]     SYS_stat(0x7fffe3066ec0, 0x7fffe3066e20, 0x7fffe3066e20, 1)                                              = 0
7982 [0x7f9b3f2e2b6e]   <... Get_File_Size(char const*, long*) resumed> )                                                          = 0
7982 [0x7f9b3ebdf757]   SYS_munmap(0x7f9b3f752000, 4080, 0x7fffe3066e20, 1)                                                        = 0
7982 [0x7f9b3f2e2f59] <... Close_Share_Memory(char const*, void*) resumed> )                                                       = 0
7982 [0x7f9b3eb30932] libgeneral.so->Trace_Mem_Destroy()(0x7f9b3e848d40, 0, 0x964f831b850ad344, 16)                                = 0
7982 [0x7f9b3ebb3468] SYS_exit_group(0, 60, 0, 0x7f9b3ee96a48 <no return ...>
7982 [0xffffffffffffffff] +++ exited (status 0) +++
