7938 [0x7febab2dd8aa] SYS_brk(0, 0x7febab2e0fa0, 0, 895)                                                                           = 0xf89000
7938 [0x7febab2de7e7] SYS_readlink(0x7fffb992eb77, 0x7fffb992cb60, 4096, 0x756e694c00000000)                                       = -2
7938 [0x7febab2de677] SYS_open(0x7febab2e21f3, 0, 0, 0x756e694c00000000)                                                           = 3
7938 [0x7febab2de7a7] SYS_chdir(0x7febab4e9ba8, 0, 0, 0x756e694c00000000)                                                          = -2
7938 [0x7febab2dd9d2] SYS_getcwd(0x7fffb992cb60, 4096, 0, 0x756e694c00000000)                                                      = 23
7938 [0x7febab2de7c7] SYS_fchdir(3, 4096, 0, 0x756e694c00000000)                                                                   = 0
7938 [0x7febab2de787] SYS_close(3, 4096, 0, 0x756e694c00000000)                                                                    = 0
7938 [0x7febab2de80a] SYS_mmap(0, 4096, 3, 34)                                                                                     = 0x7febab4e6000
7938 [0x7febab2de6d7] SYS_access(0x7febab2e4700, 4, 0x7febab4e9718, 0)                                                             = -2
7938 [0x7febab2de677] SYS_open(0x7febab2e2072, 0x80000, 1, 0)                                                                      = 3
7938 [0x7febab2de604] SYS_fstat(3, 0x7fffb992c340, 0x7fffb992c340, 0)                                                              = 0
7938 [0x7febab2de80a] SYS_mmap(0, 0x83b3, 1, 2)                                                                                    = 0x7febab4dd000
7938 [0x7febab2de787] SYS_close(3, 0x83b3, 1, 2)                                                                                   = 0
7938 [0x7febab2de677] SYS_open(0x7febab4e6640, 0x80000, 0, 56)                                                                     = 3
7938 [0x7febab2de697] SYS_read(3, 0x7fffb992c4c8, 832, 56)                                                                         = 832
7938 [0x7febab2de604] SYS_fstat(3, 0x7fffb992c3a0, 0x7fffb992c3a0, 16)                                                             = 0
7938 [0x7febab2de80a] SYS_mmap(0, 0x278960, 5, 2050)                                                                               = 0x7febab04e000
7938 [0x7febab2de857] SYS_mprotect(0x7febab0c4000, 0x200000, 0, 2050)                                                              = 0
7938 [0x7febab2de80a] SYS_mmap(0x7febab2c4000, 0x3000, 3, 2066)                                                                    = 0x7febab2c4000
7938 [0x7febab2de787] SYS_close(3, 16, 0x7febab2c43e0, 0x6ffffdff)                                                                 = 0
7938 [0x7febab2de677] SYS_open(0x7febab4e6b10, 0x80000, 0, 0x6ffffdff)                                                             = 3
7938 [0x7febab2de697] SYS_read(3, 0x7fffb992c498, 832, 0x6ffffdff)                                                                 = 832
7938 [0x7febab2de604] SYS_fstat(3, 0x7fffb992c370, 0x7fffb992c370, 16)                                                             = 0
7938 [0x7febab2de80a] SYS_mmap(0, 0x21bee0, 5, 2050)                                                                               = 0x7febaae32000
7938 [0x7febab2de857] SYS_mprotect(0x7febaae4d000, 0x200000, 0, 2050)                                                              = 0
7938 [0x7febab2de80a] SYS_mmap(0x7febab04d000, 4096, 3, 2066)                                                                      = 0x7febab04d000
7938 [0x7febab2de787] SYS_close(3, 16, 0x7febab04d208, 0x6ffffdff)                                                                 = 0
7938 [0x7febab2de677] SYS_open(0x7febab4e6fe0, 0x80000, 0, 0x6ffffdff)                                                             = 3
7938 [0x7febab2de697] SYS_read(3, 0x7fffb992c468, 832, 0x6ffffdff)                                                                 = 832
7938 [0x7febab2de604] SYS_fstat(3, 0x7fffb992c340, 0x7fffb992c340, 16)                                                             = 0
7938 [0x7febab2de80a] SYS_mmap(0, 4096, 3, 34)                                                                                     = 0x7febab4dc000
7938 [0x7febab2de80a] SYS_mmap(0, 0x209ad0, 5, 2050)                                                                               = 0x7febaac28000
7938 [0x7febab2de857] SYS_mprotect(0x7febaac32000, 0x1ff000, 0, 2050)                                                              = 0
7938 [0x7febab2de80a] SYS_mmap(0x7febaae31000, 4096, 3, 2066)                                                                      = 0x7febaae31000
7938 [0x7febab2de787] SYS_close(3, 16, 0x7febaae31690, 0x6ffffdff)                                                                 = 0
7938 [0x7febab2de677] SYS_open(0x7febab4dc4b8, 0x80000, 0, 0x6ffffdff)                                                             = 3
7938 [0x7febab2de697] SYS_read(3, 0x7fffb992c438, 832, 0x6ffffdff)                                                                 = 832
7938 [0x7febab2de604] SYS_fstat(3, 0x7fffb992c310, 0x7fffb992c310, 32)                                                             = 0
7938 [0x7febab2de80a] SYS_mmap(0, 0x39dc40, 5, 2050)                                                                               = 0x7febaa88a000
7938 [0x7febab2de857] SYS_mprotect(0x7febaaa1e000, 0x200000, 0, 2050)                                                              = 0
7938 [0x7febab2de80a] SYS_mmap(0x7febaac1e000, 0x6000, 3, 2066)                                                                    = 0x7febaac1e000
7938 [0x7febab2de80a] SYS_mmap(0x7febaac24000, 0x3c40, 3, 50)                                                                      = 0x7febaac24000
7938 [0x7febab2de787] SYS_close(3, 16, 0, 0x6ffffdff)                                                                              = 0
7938 [0x7febab2de677] SYS_open(0x7febab4dc988, 0x80000, 0, 0x6ffffdff)                                                             = 3
7938 [0x7febab2de697] SYS_read(3, 0x7fffb992c2e8, 832, 0x6ffffdff)                                                                 = 832
7938 [0x7febab2de604] SYS_fstat(3, 0x7fffb992c1c0, 0x7fffb992c1c0, 16)                                                             = 0
7938 [0x7febab2de80a] SYS_mmap(0, 0x2b09d0, 5, 2050)                                                                               = 0x7febaa5d9000
7938 [0x7febab2de857] SYS_mprotect(0x7febaa688000, 0x1ff000, 0, 2050)                                                              = 0
7938 [0x7febab2de80a] SYS_mmap(0x7febaa887000, 0x3000, 3, 2066)                                                                    = 0x7febaa887000
7938 [0x7febab2de787] SYS_close(3, 16, 0x7febaa8879a8, 0x6ffffdff)                                                                 = 0
7938 [0x7febab2de677] SYS_open(0x7febab4dce58, 0x80000, 0, 0x6ffffdff)                                                             = 3
7938 [0x7febab2de697] SYS_read(3, 0x7fffb992c2b8, 832, 0x6ffffdff)                                                                 = 832
7938 [0x7febab2de604] SYS_fstat(3, 0x7fffb992c190, 0x7fffb992c190, 16)                                                             = 0
7938 [0x7febab2de80a] SYS_mmap(0, 4096, 3, 34)                                                                                     = 0x7febab4db000
7938 [0x7febab2de80a] SYS_mmap(0, 0x294ee0, 5, 2050)                                                                               = 0x7febaa344000
7938 [0x7febab2de857] SYS_mprotect(0x7febaa3d6000, 0x1ff000, 0, 2050)                                                              = 0
7938 [0x7febab2de80a] SYS_mmap(0x7febaa5d5000, 0x3000, 3, 2066)                                                                    = 0x7febaa5d5000
7938 [0x7febab2de80a] SYS_mmap(0x7febaa5d8000, 3808, 3, 50)                                                                        = 0x7febaa5d8000
7938 [0x7febab2de787] SYS_close(3, 16, 0x7febaa5d5e30, 0x6ffffdff)                                                                 = 0
7938 [0x7febab2de677] SYS_open(0x7febab4db4b8, 0x80000, 0, 0x6ffffdff)                                                             = 3
7938 [0x7febab2de697] SYS_read(3, 0x7fffb992c288, 832, 0x6ffffdff)                                                                 = 832
7938 [0x7febab2de604] SYS_fstat(3, 0x7fffb992c160, 0x7fffb992c160, 16)                                                             = 0
7938 [0x7febab2de80a] SYS_mmap(0, 0x29d850, 5, 2050)                                                                               = 0x7febaa0a6000
7938 [0x7febab2de857] SYS_mprotect(0x7febaa13f000, 0x200000, 0, 2050)                                                              = 0
7938 [0x7febab2de80a] SYS_mmap(0x7febaa33f000, 0x3000, 3, 2066)                                                                    = 0x7febaa33f000
7938 [0x7febab2de80a] SYS_mmap(0x7febaa342000, 6224, 3, 50)                                                                        = 0x7febaa342000
7938 [0x7febab2de787] SYS_close(3, 16, 0x7febaa340cc8, 0x6ffffdff)                                                                 = 0
7938 [0x7febab2de677] SYS_open(0x7febab4db9a0, 0x80000, 0, 0x6ffffdff)                                                             = 3
7938 [0x7febab2de697] SYS_read(3, 0x7fffb992c258, 832, 0x6ffffdff)                                                                 = 832
7938 [0x7febab2de604] SYS_fstat(3, 0x7fffb992c130, 0x7fffb992c130, 16)                                                             = 0
7938 [0x7febab2de80a] SYS_mmap(0, 0x2dbbb0, 5, 2050)                                                                               = 0x7feba9dca000
7938 [0x7febab2de857] SYS_mprotect(0x7feba9e88000, 0x200000, 0, 2050)                                                              = 0
7938 [0x7febab2de80a] SYS_mmap(0x7febaa088000, 0xa000, 3, 2066)                                                                    = 0x7febaa088000
7938 [0x7febab2de80a] SYS_mmap(0x7febaa092000, 0x13bb0, 3, 50)                                                                     = 0x7febaa092000
7938 [0x7febab2de787] SYS_close(3, 16, 0x7febaa08e4d8, 0x6ffffdff)                                                                 = 0
7938 [0x7febab2de677] SYS_open(0x7febab4dbe70, 0x80000, 0, 0x6ffffdff)                                                             = 3
7938 [0x7febab2de697] SYS_read(3, 0x7fffb992c228, 832, 0x6ffffdff)                                                                 = 832
7938 [0x7febab2de604] SYS_fstat(3, 0x7fffb992c100, 0x7fffb992c100, 32)                                                             = 0
7938 [0x7febab2de80a] SYS_mmap(0, 4096, 3, 34)                                                                                     = 0x7febab4da000
7938 [0x7febab2de80a] SYS_mmap(0, 0x21c490, 5, 2050)                                                                               = 0x7feba9bad000
7938 [0x7febab2de857] SYS_mprotect(0x7feba9bc5000, 0x1ff000, 0, 2050)                                                              = 0
7938 [0x7febab2de80a] SYS_mmap(0x7feba9dc4000, 8192, 3, 2066)                                                                      = 0x7feba9dc4000
7938 [0x7febab2de80a] SYS_mmap(0x7feba9dc6000, 0x3490, 3, 50)                                                                      = 0x7feba9dc6000
7938 [0x7febab2de787] SYS_close(3, 16, 0, 0x6ffffdff)                                                                              = 0
7938 [0x7febab2de677] SYS_open(0x7febab4da4b8, 0x80000, 0, 0x6ffffdff)                                                             = 3
7938 [0x7febab2de697] SYS_read(3, 0x7fffb992c1f8, 832, 0x6ffffdff)                                                                 = 832
7938 [0x7febab2de604] SYS_fstat(3, 0x7fffb992c0d0, 0x7fffb992c0d0, 32)                                                             = 0
7938 [0x7febab2de80a] SYS_mmap(0, 0x207bc0, 5, 2050)                                                                               = 0x7feba99a5000
7938 [0x7febab2de857] SYS_mprotect(0x7feba99ac000, 0x1ff000, 0, 2050)                                                              = 0
7938 [0x7febab2de80a] SYS_mmap(0x7feba9bab000, 8192, 3, 2066)                                                                      = 0x7feba9bab000
7938 [0x7febab2de787] SYS_close(3, 16, 0, 0x6ffffdff)                                                                              = 0
7938 [0x7febab2de677] SYS_open(0x7febab4da988, 0x80000, 0, 0x6ffffdff)                                                             = 3
7938 [0x7febab2de697] SYS_read(3, 0x7fffb992c1c8, 832, 0x6ffffdff)                                                                 = 832
7938 [0x7febab2de604] SYS_fstat(3, 0x7fffb992c0a0, 0x7fffb992c0a0, 16)                                                             = 0
7938 [0x7febab2de80a] SYS_mmap(0, 0x202e20, 5, 2050)                                                                               = 0x7feba97a2000
7938 [0x7febab2de857] SYS_mprotect(0x7feba97a5000, 0x1ff000, 0, 2050)                                                              = 0
7938 [0x7febab2de80a] SYS_mmap(0x7feba99a4000, 4096, 3, 2066)                                                                      = 0x7feba99a4000
7938 [0x7febab2de787] SYS_close(3, 16, 0x7feba99a4c28, 0x6ffffdff)                                                                 = 0
7938 [0x7febab2de677] SYS_open(0x7febab4dae58, 0x80000, 0, 0x6ffffdff)                                                             = 3
7938 [0x7febab2de697] SYS_read(3, 0x7fffb992c198, 832, 0x6ffffdff)                                                                 = 832
7938 [0x7febab2de604] SYS_fstat(3, 0x7fffb992c070, 0x7fffb992c070, 16)                                                             = 0
7938 [0x7febab2de80a] SYS_mmap(0, 4096, 3, 34)                                                                                     = 0x7febab4d9000
7938 [0x7febab2de80a] SYS_mmap(0, 0x209850, 5, 2050)                                                                               = 0x7feba9598000
7938 [0x7febab2de857] SYS_mprotect(0x7feba95a2000, 0x1ff000, 0, 2050)                                                              = 0
7938 [0x7febab2de80a] SYS_mmap(0x7feba97a1000, 4096, 3, 2066)                                                                      = 0x7feba97a1000
7938 [0x7febab2de787] SYS_close(3, 16, 0x7feba97a1618, 0x6ffffdff)                                                                 = 0
7938 [0x7febab2de677] SYS_open(0x7febab4d94b8, 0x80000, 0, 0x6ffffdff)                                                             = 3
7938 [0x7febab2de697] SYS_read(3, 0x7fffb992c168, 832, 0x6ffffdff)                                                                 = 832
7938 [0x7febab2de604] SYS_fstat(3, 0x7fffb992c040, 0x7fffb992c040, 16)                                                             = 0
7938 [0x7febab2de80a] SYS_mmap(0, 0x210868, 5, 2050)                                                                               = 0x7feba9387000
7938 [0x7febab2de857] SYS_mprotect(0x7feba9398000, 0x1ff000, 0, 2050)                                                              = 0
7938 [0x7febab2de80a] SYS_mmap(0x7feba9597000, 4096, 3, 2066)                                                                      = 0x7feba9597000
7938 [0x7febab2de787] SYS_close(3, 16, 0x7feba9597408, 0x6ffffdff)                                                                 = 0
7938 [0x7febab2de677] SYS_open(0x7febab4d9a40, 0x80000, 0, 0x7febab4da9a0)                                                         = 3
7938 [0x7febab2de697] SYS_read(3, 0x7fffb992c008, 832, 0x7febab4da9a0)                                                             = 832
7938 [0x7febab2de604] SYS_fstat(3, 0x7fffb992bee0, 0x7fffb992bee0, 16)                                                             = 0
7938 [0x7febab2de80a] SYS_mmap(0, 0x2032c8, 5, 2050)                                                                               = 0x7feba9183000
7938 [0x7febab2de857] SYS_mprotect(0x7feba9186000, 0x200000, 0, 2050)                                                              = 0
7938 [0x7febab2de80a] SYS_mmap(0x7feba9386000, 4096, 3, 2066)                                                                      = 0x7feba9386000
7938 [0x7febab2de787] SYS_close(3, 16, 0x7feba9386188, 0x6ffffdff)                                                                 = 0
7938 [0x7febab2de677] SYS_open(0x7febab4d9f28, 0x80000, 0, 0x6ffffdff)                                                             = 3
7938 [0x7febab2de697] SYS_read(3, 0x7fffb992bfd8, 832, 0x6ffffdff)                                                                 = 832
7938 [0x7febab2de604] SYS_fstat(3, 0x7fffb992beb0, 0x7fffb992beb0, 16)                                                             = 0
7938 [0x7febab2de80a] SYS_mmap(0, 4096, 3, 34)                                                                                     = 0x7febab4d8000
7938 [0x7febab2de80a] SYS_mmap(0, 0x207820, 5, 2050)                                                                               = 0x7feba8f7b000
7938 [0x7febab2de857] SYS_mprotect(0x7feba8f82000, 0x200000, 0, 2050)                                                              = 0
7938 [0x7febab2de80a] SYS_mmap(0x7feba9182000, 4096, 3, 2066)                                                                      = 0x7feba9182000
7938 [0x7febab2de787] SYS_close(3, 16, 0x7feba9182188, 0x6ffffdff)                                                                 = 0
7938 [0x7febab2de677] SYS_open(0x7febab4d84c8, 0x80000, 0, 0x6ffffdff)                                                             = 3
7938 [0x7febab2de697] SYS_read(3, 0x7fffb992bfa8, 832, 0x6ffffdff)                                                                 = 832
7938 [0x7febab2de604] SYS_fstat(3, 0x7fffb992be80, 0x7fffb992be80, 16)                                                             = 0
7938 [0x7febab2de80a] SYS_mmap(0, 0x201f30, 5, 2050)                                                                               = 0x7feba8d79000
7938 [0x7febab2de857] SYS_mprotect(0x7feba8d7b000, 0x1ff000, 0, 2050)                                                              = 0
7938 [0x7febab2de80a] SYS_mmap(0x7feba8f7a000, 4096, 3, 2066)                                                                      = 0x7feba8f7a000
7938 [0x7febab2de787] SYS_close(3, 16, 0x7feba8f7ae18, 0x6ffffdff)                                                                 = 0
7938 [0x7febab2de677] SYS_open(0x7febab4d8a60, 0x80000, 0, 0x7febab4dc4d0)                                                         = 3
7938 [0x7febab2de697] SYS_read(3, 0x7fffb992bf78, 832, 0x7febab4dc4d0)                                                             = 832
7938 [0x7febab2de604] SYS_fstat(3, 0x7fffb992be50, 0x7fffb992be50, 16)                                                             = 0
7938 [0x7febab2de80a] SYS_mmap(0, 0x2022e8, 5, 2050)                                                                               = 0x7feba8b76000
7938 [0x7febab2de857] SYS_mprotect(0x7feba8b78000, 0x200000, 0, 2050)                                                              = 0
7938 [0x7febab2de80a] SYS_mmap(0x7feba8d78000, 4096, 3, 2066)                                                                      = 0x7feba8d78000
7938 [0x7febab2de787] SYS_close(3, 16, 0x7feba8d78198, 0x6ffffdff)                                                                 = 0
7938 [0x7febab2de677] SYS_open(0x7febab4d8f40, 0x80000, 0, 0x6ffffdff)                                                             = 3
7938 [0x7febab2de697] SYS_read(3, 0x7fffb992bf48, 832, 0x6ffffdff)                                                                 = 832
7938 [0x7febab2de604] SYS_fstat(3, 0x7fffb992be20, 0x7fffb992be20, 16)                                                             = 0
7938 [0x7febab2de80a] SYS_mmap(0, 4096, 3, 34)                                                                                     = 0x7febab4d7000
7938 [0x7febab2de80a] SYS_mmap(0, 0x201f30, 5, 2050)                                                                               = 0x7feba8974000
7938 [0x7febab2de857] SYS_mprotect(0x7feba8976000, 0x1ff000, 0, 2050)                                                              = 0
7938 [0x7febab2de80a] SYS_mmap(0x7feba8b75000, 4096, 3, 2066)                                                                      = 0x7feba8b75000
7938 [0x7febab2de787] SYS_close(3, 16, 0x7feba8b75e18, 0x6ffffdff)                                                                 = 0
7938 [0x7febab2de677] SYS_open(0x7febab4d74c0, 0x80000, 0, 0x6ffffdff)                                                             = 3
7938 [0x7febab2de697] SYS_read(3, 0x7fffb992bf18, 832, 0x6ffffdff)                                                                 = 832
7938 [0x7febab2de604] SYS_fstat(3, 0x7fffb992bdf0, 0x7fffb992bdf0, 16)                                                             = 0
7938 [0x7febab2de80a] SYS_mmap(0, 0x2038b8, 5, 2050)                                                                               = 0x7feba8770000
7938 [0x7febab2de857] SYS_mprotect(0x7feba8774000, 0x1ff000, 0, 2050)                                                              = 0
7938 [0x7febab2de80a] SYS_mmap(0x7feba8973000, 4096, 3, 2066)                                                                      = 0x7feba8973000
7938 [0x7febab2de787] SYS_close(3, 16, 0x7feba8973748, 0x6ffffdff)                                                                 = 0
7938 [0x7febab2de677] SYS_open(0x7febab4d7a60, 0x80000, 0, 0x7febab4da000)                                                         = 3
7938 [0x7febab2de697] SYS_read(3, 0x7fffb992beb8, 832, 0x7febab4da000)                                                             = 832
7938 [0x7febab2de604] SYS_fstat(3, 0x7fffb992bd90, 0x7fffb992bd90, 16)                                                             = 0
7938 [0x7febab2de80a] SYS_mmap(0, 0x210848, 5, 2050)                                                                               = 0x7feba855f000
7938 [0x7febab2de857] SYS_mprotect(0x7feba856f000, 0x1ff000, 0, 2050)                                                              = 0
7938 [0x7febab2de80a] SYS_mmap(0x7feba876e000, 8192, 3, 2066)                                                                      = 0x7feba876e000
7938 [0x7febab2de787] SYS_close(3, 16, 0x7feba876ed90, 0x6ffffdff)                                                                 = 0
7938 [0x7febab2de677] SYS_open(0x7febab4d7f48, 0x80000, 0, 0x6ffffdff)                                                             = 3
7938 [0x7febab2de697] SYS_read(3, 0x7fffb992be88, 832, 0x6ffffdff)                                                                 = 832
7938 [0x7febab2de604] SYS_fstat(3, 0x7fffb992bd60, 0x7fffb992bd60, 16)                                                             = 0
7938 [0x7febab2de80a] SYS_mmap(0, 4096, 3, 34)                                                                                     = 0x7febab4d6000
7938 [0x7febab2de80a] SYS_mmap(0, 0x20acf0, 5, 2050)                                                                               = 0x7feba8354000
7938 [0x7febab2de857] SYS_mprotect(0x7feba835f000, 0x1ff000, 0, 2050)                                                              = 0
7938 [0x7febab2de80a] SYS_mmap(0x7feba855e000, 4096, 3, 2066)                                                                      = 0x7feba855e000
7938 [0x7febab2de787] SYS_close(3, 16, 0x7feba855e750, 0x6ffffdff)                                                                 = 0
7938 [0x7febab2de677] SYS_open(0x7febab4d6560, 0x80000, 0, 0x7febab4da000)                                                         = 3
7938 [0x7febab2de697] SYS_read(3, 0x7fffb992be58, 832, 0x7febab4da000)                                                             = 832
7938 [0x7febab2de604] SYS_fstat(3, 0x7fffb992bd30, 0x7fffb992bd30, 32)                                                             = 0
7938 [0x7febab2de80a] SYS_mmap(0, 0x2361e0, 5, 2050)                                                                               = 0x7feba811d000
7938 [0x7febab2de857] SYS_mprotect(0x7feba8125000, 0x1ff000, 0, 2050)                                                              = 0
7938 [0x7febab2de80a] SYS_mmap(0x7feba8324000, 8192, 3, 2066)                                                                      = 0x7feba8324000
7938 [0x7febab2de80a] SYS_mmap(0x7feba8326000, 0x2d1e0, 3, 50)                                                                     = 0x7feba8326000
7938 [0x7febab2de787] SYS_close(3, 16, 0, 0x6ffffdff)                                                                              = 0
7938 [0x7febab2de677] SYS_open(0x7febab4d6a30, 0x80000, 0, 0x6ffffdff)                                                             = 3
7938 [0x7febab2de697] SYS_read(3, 0x7fffb992be28, 832, 0x6ffffdff)                                                                 = 832
7938 [0x7febab2de604] SYS_fstat(3, 0x7fffb992bd00, 0x7fffb992bd00, 16)                                                             = 0
7938 [0x7febab2de80a] SYS_mmap(0, 0x43fe88, 5, 2050)                                                                               = 0x7feba7cdd000
7938 [0x7febab2de857] SYS_mprotect(0x7feba7ef2000, 0x200000, 0, 2050)                                                              = 0
7938 [0x7febab2de80a] SYS_mmap(0x7feba80f2000, 0x27000, 3, 2066)                                                                   = 0x7feba80f2000
7938 [0x7febab2de80a] SYS_mmap(0x7feba8119000, 0x3e88, 3, 50)                                                                      = 0x7feba8119000
7938 [0x7febab2de857] SYS_mprotect(0x7fffb992d000, 4096, 0x1000007, 4)                                                             = 0
7938 [0x7febab2de787] SYS_close(3, 4096, 0x1000007, 4)                                                                             = 0
7938 [0x7febab2de677] SYS_open(0x7febab4d6fb0, 0x80000, 0, 0x7febab4d94d0)                                                         = 3
7938 [0x7febab2de697] SYS_read(3, 0x7fffb992bdf8, 832, 0x7febab4d94d0)                                                             = 832
7938 [0x7febab2de604] SYS_fstat(3, 0x7fffb992bcd0, 0x7fffb992bcd0, 16)                                                             = 0
7938 [0x7febab2de80a] SYS_mmap(0, 4096, 3, 34)                                                                                     = 0x7febab4d5000
7938 [0x7febab2de80a] SYS_mmap(0, 0x215730, 5, 2050)                                                                               = 0x7feba7ac7000
7938 [0x7febab2de857] SYS_mprotect(0x7feba7add000, 0x1ff000, 0, 2050)                                                              = 0
7938 [0x7febab2de80a] SYS_mmap(0x7feba7cdc000, 4096, 3, 2066)                                                                      = 0x7feba7cdc000
7938 [0x7febab2de787] SYS_close(3, 16, 0x7feba7cdc490, 0x6ffffdff)                                                                 = 0
7938 [0x7febab2de677] SYS_open(0x7febab4d54f0, 0x80000, 0, 0x6ffffdff)                                                             = 3
7938 [0x7febab2de697] SYS_read(3, 0x7fffb992bdc8, 832, 0x6ffffdff)                                                                 = 832
7938 [0x7febab2de604] SYS_fstat(3, 0x7fffb992bca0, 0x7fffb992bca0, 32)                                                             = 0
7938 [0x7febab2de80a] SYS_mmap(0, 0x2fd148, 5, 2050)                                                                               = 0x7feba77c9000
7938 [0x7febab2de857] SYS_mprotect(0x7feba78c6000, 0x1ff000, 0, 2050)                                                              = 0
7938 [0x7febab2de80a] SYS_mmap(0x7feba7ac5000, 8192, 3, 2066)                                                                      = 0x7feba7ac5000
7938 [0x7febab2de787] SYS_close(3, 16, 0, 0x6ffffdff)                                                                              = 0
7938 [0x7febab2de677] SYS_open(0x7fffb992bb90, 0x80000, 0, 0x36782f39325f3130)                                                     = -2
7938 [0x7febab2de5c5] SYS_stat(0x7fffb992bb90, 0x7fffb992bc70, 0x7fffb992bc70, 0x36782f39325f3130)                                 = -2
7938 [0x7febab2de677] SYS_open(0x7fffb992bb90, 0x80000, 0, 0x36782f39325f3130)                                                     = -2
7938 [0x7febab2de5c5] SYS_stat(0x7fffb992bb90, 0x7fffb992bc70, 0x7fffb992bc70, 0x36782f39325f3130)                                 = -2
7938 [0x7febab2de677] SYS_open(0x7fffb992bb90, 0x80000, 0, 0x36782f39325f3130)                                                     = -2
7938 [0x7febab2de5c5] SYS_stat(0x7fffb992bb90, 0x7fffb992bc70, 0x7fffb992bc70, 0x36782f39325f3130)                                 = -2
7938 [0x7febab2de677] SYS_open(0x7fffb992bb90, 0x80000, 0, 0x36782f39325f3130)                                                     = -2
7938 [0x7febab2de5c5] SYS_stat(0x7fffb992bb90, 0x7fffb992bc70, 0x7fffb992bc70, 0x36782f39325f3130)                                 = -2
7938 [0x7febab2de677] SYS_open(0x7febab4d5dd0, 0x80000, 0, 0x36782f39325f3130)                                                     = 3
7938 [0x7febab2de697] SYS_read(3, 0x7fffb992bd98, 832, 0x36782f39325f3130)                                                         = 832
7938 [0x7febab2de604] SYS_fstat(3, 0x7fffb992bc70, 0x7fffb992bc70, 16)                                                             = 0
7938 [0x7febab2de80a] SYS_mmap(0, 4096, 3, 34)                                                                                     = 0x7febab4d4000
7938 [0x7febab2de80a] SYS_mmap(0, 0x2f8980, 5, 2050)                                                                               = 0x7feba74d0000
7938 [0x7febab2de857] SYS_mprotect(0x7feba75c7000, 0x200000, 0, 2050)                                                              = 0
7938 [0x7febab2de80a] SYS_mmap(0x7feba77c7000, 8192, 3, 2066)                                                                      = 0x7feba77c7000
7938 [0x7febab2de787] SYS_close(3, 16, 0x7feba77c73a0, 0x6ffffdff)                                                                 = 0
7938 [0x7febab2de677] SYS_open(0x7febab4d44c8, 0x80000, 0, 0x6ffffdff)                                                             = 3
7938 [0x7febab2de697] SYS_read(3, 0x7fffb992bd68, 832, 0x6ffffdff)                                                                 = 832
7938 [0x7febab2de604] SYS_fstat(3, 0x7fffb992bc40, 0x7fffb992bc40, 16)                                                             = 0
7938 [0x7febab2de80a] SYS_mmap(0, 0x2fc9d8, 5, 2050)                                                                               = 0x7feba71d3000
7938 [0x7febab2de857] SYS_mprotect(0x7feba72ce000, 0x200000, 0, 2050)                                                              = 0
7938 [0x7febab2de80a] SYS_mmap(0x7feba74ce000, 8192, 3, 2066)                                                                      = 0x7feba74ce000
7938 [0x7febab2de787] SYS_close(3, 16, 0x7feba74cf828, 0x6ffffdff)                                                                 = 0
7938 [0x7febab2de677] SYS_open(0x7febab4d4998, 0x80000, 0, 0x6ffffdff)                                                             = 3
7938 [0x7febab2de697] SYS_read(3, 0x7fffb992bd38, 832, 0x6ffffdff)                                                                 = 832
7938 [0x7febab2de604] SYS_fstat(3, 0x7fffb992bc10, 0x7fffb992bc10, 16)                                                             = 0
7938 [0x7febab2de80a] SYS_mmap(0, 0x242830, 5, 2050)                                                                               = 0x7feba6f90000
7938 [0x7febab2de857] SYS_mprotect(0x7feba6fd3000, 0x1ff000, 0, 2050)                                                              = 0
7938 [0x7febab2de80a] SYS_mmap(0x7feba71d2000, 4096, 3, 2066)                                                                      = 0x7feba71d2000
7938 [0x7febab2de787] SYS_close(3, 16, 0x7feba71d2630, 0x6ffffdff)                                                                 = 0
7938 [0x7febab2de677] SYS_open(0x7febab4d4f70, 0x80000, 0, 0x7febab4db9b8)                                                         = 3
7938 [0x7febab2de697] SYS_read(3, 0x7fffb992bd08, 832, 0x7febab4db9b8)                                                             = 832
7938 [0x7febab2de604] SYS_fstat(3, 0x7fffb992bbe0, 0x7fffb992bbe0, 32)                                                             = 0
7938 [0x7febab2de80a] SYS_mmap(0, 4096, 3, 34)                                                                                     = 0x7febab4d3000
7938 [0x7febab2de80a] SYS_mmap(0, 0x203118, 5, 2050)                                                                               = 0x7feba6d8c000
7938 [0x7febab2de857] SYS_mprotect(0x7feba6d8e000, 0x200000, 0, 2050)                                                              = 0
7938 [0x7febab2de80a] SYS_mmap(0x7feba6f8e000, 8192, 3, 2066)                                                                      = 0x7feba6f8e000
7938 [0x7febab2de787] SYS_close(3, 16, 0x7feba6f8ef40, 0x6ffffdff)                                                                 = 0
7938 [0x7febab2de80a] SYS_mmap(0, 4096, 3, 34)                                                                                     = 0x7febab4d2000
7938 [0x7febab2de80a] SYS_mmap(0, 4096, 3, 34)                                                                                     = 0x7febab4d1000
7938 [0x7febab2de80a] SYS_mmap(0, 8192, 3, 34)                                                                                     = 0x7febab4cf000
7938 [0x7febab2c8044] SYS_arch_prctl(4098, 0x7febab4cf780, 0x7febab4d0080, 34)                                                     = 0
7938 [0x7febab2de857] SYS_mprotect(0x7febaac1e000, 0x4000, 1, 1)                                                                   = 0
7938 [0x7febab2de857] SYS_mprotect(0x7feba6f8e000, 4096, 1, 0x7feba6d8cc68)                                                        = 0
7938 [0x7febab2de857] SYS_mprotect(0x7feba9dc4000, 4096, 1, 0x7feba9bb2500)                                                        = 0
7938 [0x7febab2de857] SYS_mprotect(0x7feba7ac5000, 4096, 1, 1)                                                                     = 0
7938 [0x7febab2de857] SYS_mprotect(0x7feba8324000, 4096, 1, 0x7feba811da00)                                                        = 0
7938 [0x7febab2de857] SYS_mprotect(0x7febaa088000, 0x7000, 1, 0x7feba9e22810)                                                      = 0
7938 [0x7febab2de857] SYS_mprotect(0x7feba9bab000, 4096, 1, 0x7feba99a6d58)                                                        = 0
7938 [0x7febab2de857] SYS_mprotect(0x7febab4e7000, 4096, 1, 0)                                                                     = 0
7938 [0x7febab2de837] SYS_munmap(0x7febab4dd000, 0x83b3, 0x74400, 0)                                                               = 0
7938 [0x7feba9bb3e92] SYS_set_tid_address(0x7febab4cfa50, 0x7fffb992dcf8, 0x7febab4cf780, 0)                                       = 7938
7938 [0x7feba9bb3efa] SYS_set_robust_list(0x7febab4cfa60, 24, 0x7febab4cf780, 0)                                                   = 0
7938 [0x7feba9bbdcf5] SYS_rt_sigaction(32, 0x7fffb992da48, 0, 8)                                                                   = 0
7938 [0x7feba9bbdcf5] SYS_rt_sigaction(33, 0x7fffb992da48, 0, 8)                                                                   = 0
7938 [0x7feba9bb3fd6] SYS_rt_sigprocmask(1, 0x7fffb992db98, 0, 8)                                                                  = 0
7938 [0x7febaa96ab17] SYS_getrlimit(3, 0x7fffb992dc30, 63, 1)                                                                      = 0
7938 [0x7feba9bb3b95] SYS_futex(0x7febaa0927e0, 129, 0x7fffffff, 0)                                                                = 0
7938 [0x4008fd] ledctrl->Lookup_Nas_Info(_T_NAS_PROP_&)(0x7fffb992db40, 0x7fffb992eb94, 0, 0x7fffb992eb93 <unfinished ...>
7938 [0x7febab071d11]   libnasman.so->Open_Share_Memory(char const*, int, void*&, int&)(0x7febab0b608e, 0, 0x7fffb992db00, 0x7fffb992db0c <unfinished ...>
7938 [0x7febaa965557]     SYS_statfs(0x7feba9bc01e8, 0x7fffb992d8a0, 0x7feba9dc9310, 1)                                            = 0
7938 [0x7feba9bb3b95]     SYS_futex(0x7feba9dc9310, 129, 0x7fffffff, 0)                                                            = 0
7938 [0x7febaa9657e0]     SYS_open(0x7fffb992d9b0, 0xa0000, 484, 1)                                                                = 3
7938 [0x7febaa9653b4]     SYS_fstat(3, 0x7fffb992da40, 0x7fffb992da40, 1)                                                          = 0
7938 [0x7febaa96e72a]     SYS_mmap(0, 0x2788, 1, 1)                                                                                = 0x7febab4e3000
7938 [0x7febaa966070]     SYS_close(3, 0x2788, 1, 1)                                                                               = 0
7938 [0x7febab071d11]   <... Open_Share_Memory(char const*, int, void*&, int&) resumed> )                                          = 0
7938 [0x7febab071d4d]   libnasman.so->Open_Share_Memory(char const*, int, void*&, int&)(0x7febab0b60a7, 0, 0x7fffb992db00, 0x7fffb992db0c <unfinished ...>
7938 [0x7febaa9657e0]     SYS_open(0x7fffb992d9b0, 0xa0000, 484, 1)                                                                = 3
7938 [0x7febaa9653b4]     SYS_fstat(3, 0x7fffb992da40, 0x7fffb992da40, 1)                                                          = 0
7938 [0x7febaa96e72a]     SYS_mmap(0, 3536, 1, 1)                                                                                  = 0x7febab4e2000
7938 [0x7febaa966070]     SYS_close(3, 3536, 1, 1)                                                                                 = 0
7938 [0x7febab071d4d]   <... Open_Share_Memory(char const*, int, void*&, int&) resumed> )                                          = 0
7938 [0x7febab071d7f]   libnasman.so->Open_Share_Memory(char const*, int, void*&, int&)(0x7febab0b60b5, 0, 0x7fffb992db00, 0x7fffb992db0c <unfinished ...>
7938 [0x7febaa9657e0]     SYS_open(0x7fffb992d9b0, 0xa0000, 484, 1)                                                                = 3
7938 [0x7febaa9653b4]     SYS_fstat(3, 0x7fffb992da40, 0x7fffb992da40, 1)                                                          = 0
7938 [0x7febaa96e72a]     SYS_mmap(0, 4080, 1, 1)                                                                                  = 0x7febab4e1000
7938 [0x7febaa966070]     SYS_close(3, 4080, 1, 1)                                                                                 = 0
7938 [0x7febab071d7f]   <... Open_Share_Memory(char const*, int, void*&, int&) resumed> )                                          = 0
7938 [0x4008fd] <... Lookup_Nas_Info(_T_NAS_PROP_&) resumed> )                                                                     = 0
7938 [0x400934] ledctrl->Hal_Led_Set_Hdd_Mode(1, 7, 3, 0 <unfinished ...>
7938 [0x7febaac2ef15]   libnhal.so->Hal_Lookup_Hardware_Info(0x7fffb992da30, 7, 3, 0 <unfinished ...>
7938 [0x7febaa9657e0]     SYS_open(0x7fffb992d930, 0xa0002, 484, 1)                                                                = 3
7938 [0x7febaa96e72a]     SYS_mmap(0, 220, 3, 1)                                                                                   = 0x7febab4e0000
7938 [0x7febaa966070]     SYS_close(3, 220, 3, 1)                                                                                  = 0
7938 [0x7febaac2d7f0]     libnhal.so->Hw_Semaphore_Init(0x7fffb992d9e0, 0x7febaac30287, 1, -1 <unfinished ...>
7938 [0x7febaa965405]       SYS_lstat(0x7fffb992d890, 0x7fffb992d7a0, 0x7fffb992d7a0, 0)                                           = -2
7938 [0x7feba9bbd510]       SYS_open(0x7fffb992d890, 194, 600, 0)                                                                  = 3
7938 [0x7feba9bbcda0]       SYS_write(3, 0x7fffb992d910, 32, 0)                                                                    = 32
7938 [0x7febaa96e72a]       SYS_mmap(0, 32, 3, 1)                                                                                  = 0x7febab4df000
7938 [0x7febaa9671a7]       SYS_link(0x7fffb992d890, 0x7fffb992d8c0, 3, 1)                                                         = -17
7938 [0x7febaa96e757]       SYS_munmap(0x7febab4df000, 32, 3, 1)                                                                   = 0
7938 [0x7febaa9672c7]       SYS_unlink(0x7fffb992d890, 32, 3, 1)                                                                   = 0
7938 [0x7feba9bbce60]       SYS_close(3, 32, 3, 1)                                                                                 = 0
7938 [0x7feba9bbd510]       SYS_open(0x7fffb992d8c0, 0x20002, 18, 1)                                                               = 3
7938 [0x7febaa9653b4]       SYS_fstat(3, 0x7fffb992d7f0, 0x7fffb992d7f0, 1)                                                        = 0
7938 [0x7febaa96af5a]       SYS_brk(0, 0x7febaac22640, 0, -4096)                                                                   = 0xf89000
7938 [0x7febaa96af5a]       SYS_brk(0xfaa000, 0xf89000, 0xfaa000, -4096)                                                           = 0xfaa000
7938 [0x7febaa96e72a]       SYS_mmap(0, 32, 3, 1)                                                                                  = 0x7febab4df000
7938 [0x7feba9bbce60]       SYS_close(3, 32, 0, 3)                                                                                 = 0
7938 [0x7febaac2d7f0]     <... Hw_Semaphore_Init resumed> )                                                                        = 17
7938 [0x7febaac2d800]     libnhal.so->Hw_Semaphore_Lock(0x7fffb992d9e0, 32, 0x7febab4df000, -1)                                    = 0
7938 [0x7febaac2d918]     libnhal.so->Hw_Semaphore_Unlock(0x7fffb992d9e0, 2, 0x7febab4e0000, 0)                                    = 0
7938 [0x7febaac2d924]     libnhal.so->Hw_Semaphore_Release(0x7fffb992d9e0, 128, 0, 0 <unfinished ...>
7938 [0x7febaa96e757]       SYS_munmap(0x7febab4df000, 32, 0, 1)                                                                   = 0
7938 [0x7febaac2d924]     <... Hw_Semaphore_Release resumed> )                                                                     = 0
7938 [0x7febaac2ef15]   <... Hal_Lookup_Hardware_Info resumed> )                                                                   = 0
7938 [0x7febaac2f0e3]   libnhal.so->Mv9125_Set_Led_Mode(0, 1, 0, 3 <unfinished ...>
7938 [0x7feba8f80937]     libgeneraldrv.so->PCI_Conf_Read(1, 0, 0, 36 <unfinished ...>
7938 [0x7feba8f7d823]       libgeneraldrv.so->Hw_Semaphore_Init(0x7fffb992d920, 0x7feba8f81000, 1, 0 <unfinished ...>
7938 [0x7febaa965405]         SYS_lstat(0x7fffb992d7d0, 0x7fffb992d6e0, 0x7fffb992d6e0, 0)                                         = -2
7938 [0x7feba9bbd510]         SYS_open(0x7fffb992d7d0, 194, 600, 0)                                                                = 3
7938 [0x7feba9bbcda0]         SYS_write(3, 0x7fffb992d850, 32, 0)                                                                  = 32
7938 [0x7febaa96e72a]         SYS_mmap(0, 32, 3, 1)                                                                                = 0x7febab4df000
7938 [0x7febaa9671a7]         SYS_link(0x7fffb992d7d0, 0x7fffb992d800, 3, 1)                                                       = -17
7938 [0x7febaa96e757]         SYS_munmap(0x7febab4df000, 32, 3, 1)                                                                 = 0
7938 [0x7febaa9672c7]         SYS_unlink(0x7fffb992d7d0, 32, 3, 1)                                                                 = 0
7938 [0x7feba9bbce60]         SYS_close(3, 32, 3, 1)                                                                               = 0
7938 [0x7feba9bbd510]         SYS_open(0x7fffb992d800, 0x20002, 17, 1)                                                             = 3
7938 [0x7febaa9653b4]         SYS_fstat(3, 0x7fffb992d730, 0x7fffb992d730, 1)                                                      = 0
7938 [0x7febaa96e72a]         SYS_mmap(0, 32, 3, 1)                                                                                = 0x7febab4df000
7938 [0x7feba9bbce60]         SYS_close(3, 32, 0, 1)                                                                               = 0
7938 [0x7feba8f7d823]       <... Hw_Semaphore_Init resumed> )                                                                      = 17
7938 [0x7feba8f7d833]       libgeneraldrv.so->Hw_Semaphore_Lock(0x7fffb992d920, 32, 0x7febab4df000, -1)                            = 0
7938 [0x7febaa9726b7]       SYS_ioperm(3320, 4, 1, 1)                                                                              = 0
7938 [0x7febaa9726b7]       SYS_ioperm(3320, 4, 0, 1)                                                                              = 0
7938 [0x7febaa9726b7]       SYS_ioperm(235, 1, 1, 1)                                                                               = 0
7938 [0x7febaa9726b7]       SYS_ioperm(235, 1, 0, 1)                                                                               = 0
7938 [0x7febaa9726b7]       SYS_ioperm(3324, 4, 1, 1)                                                                              = 0
7938 [0x7febaa9726b7]       SYS_ioperm(3324, 4, 0, 1)                                                                              = 0
7938 [0x7febaa9726b7]       SYS_ioperm(235, 1, 1, 1)                                                                               = 0
7938 [0x7febaa9726b7]       SYS_ioperm(235, 1, 0, 1)                                                                               = 0
7938 [0x7febaa9726b7]       SYS_ioperm(3320, 4, 1, 1)                                                                              = 0
7938 [0x7febaa9726b7]       SYS_ioperm(3320, 4, 0, 1)                                                                              = 0
7938 [0x7febaa9726b7]       SYS_ioperm(235, 1, 1, 1)                                                                               = 0
7938 [0x7febaa9726b7]       SYS_ioperm(235, 1, 0, 1)                                                                               = 0
7938 [0x7feba8f7d97f]       libgeneraldrv.so->Hw_Semaphore_Unlock(0x7fffb992d920, 1, 0, -1)                                        = 0
7938 [0x7feba8f7d98b]       libgeneraldrv.so->Hw_Semaphore_Release(0x7fffb992d920, 128, 0, 0 <unfinished ...>
7938 [0x7febaa96e757]         SYS_munmap(0x7febab4df000, 32, 0, 1)                                                                 = 0
7938 [0x7feba8f7d98b]       <... Hw_Semaphore_Release resumed> )                                                                   = 0
7938 [0x7feba8f80937]     <... PCI_Conf_Read resumed> )                                                                            = 0
7938 [0x7feba8f80959]     libgeneraldrv.so->Hw_Semaphore_Init(0x7fffb992d990, 0x7feba8f8138c, 1, 0x7febaac22658 <unfinished ...>
7938 [0x7febaa965405]       SYS_lstat(0x7fffb992d840, 0x7fffb992d750, 0x7fffb992d750, 0)                                           = -2
7938 [0x7feba9bbd510]       SYS_open(0x7fffb992d840, 194, 600, 0)                                                                  = 3
7938 [0x7feba9bbcda0]       SYS_write(3, 0x7fffb992d8c0, 32, 0)                                                                    = 32
7938 [0x7febaa96e72a]       SYS_mmap(0, 32, 3, 1)                                                                                  = 0x7febab4df000
7938 [0x7febaa9671a7]       SYS_link(0x7fffb992d840, 0x7fffb992d870, 3, 1)                                                         = -17
7938 [0x7febaa96e757]       SYS_munmap(0x7febab4df000, 32, 3, 1)                                                                   = 0
7938 [0x7febaa9672c7]       SYS_unlink(0x7fffb992d840, 32, 3, 1)                                                                   = 0
7938 [0x7feba9bbce60]       SYS_close(3, 32, 3, 1)                                                                                 = 0
7938 [0x7feba9bbd510]       SYS_open(0x7fffb992d870, 0x20002, 20, 1)                                                               = 3
7938 [0x7febaa9653b4]       SYS_fstat(3, 0x7fffb992d7a0, 0x7fffb992d7a0, 1)                                                        = 0
7938 [0x7febaa96e72a]       SYS_mmap(0, 32, 3, 1)                                                                                  = 0x7febab4df000
7938 [0x7feba9bbce60]       SYS_close(3, 32, 0, 1)                                                                                 = 0
7938 [0x7feba8f80959]     <... Hw_Semaphore_Init resumed> )                                                                        = 17
7938 [0x7feba8f80969]     libgeneraldrv.so->Hw_Semaphore_Lock(0x7fffb992d990, 32, 0x7febab4df000, -1)                              = 0
7938 [0x7febaa9657e0]     SYS_open(0x7feba8f813a1, 2, 1, 1)                                                                        = 3
7938 [0x7febaa96e72a]     SYS_mmap(0, 60, 3, 1)                                                                                    = 0x7febab4de000
7938 [0x7febaa942060]     SYS_nanosleep(0x7fffb992d970, 0, 0, 1)                                                                   = 0
7938 [0x7febaa942060]     SYS_nanosleep(0x7fffb992d970, 0, 0, 1)                                                                   = 0
7938 [0x7febaa96e757]     SYS_munmap(0x7febab4de000, 60, 0, 1)                                                                     = 0
7938 [0x7febaa966070]     SYS_close(3, 60, 0, 1)                                                                                   = 0
7938 [0x7febaa942060]     SYS_nanosleep(0x7fffb992d970, 0, 0, 1)                                                                   = 0
7938 [0x7feba8f80a1c]     libgeneraldrv.so->Hw_Semaphore_Unlock(0x7fffb992d990, 0, 0, -1)                                          = 0
7938 [0x7feba8f80a28]     libgeneraldrv.so->Hw_Semaphore_Release(0x7fffb992d990, 128, 0, 0 <unfinished ...>
7938 [0x7febaa96e757]       SYS_munmap(0x7febab4df000, 32, 0, 1)                                                                   = 0
7938 [0x7feba8f80a28]     <... Hw_Semaphore_Release resumed> )                                                                     = 0
7938 [0x7feba8f80acf]     libgeneraldrv.so->PCI_Conf_Read(1, 0, 0, 36 <unfinished ...>
7938 [0x7feba8f7d823]       libgeneraldrv.so->Hw_Semaphore_Init(0x7fffb992d930, 0x7feba8f81000, 1, 0 <unfinished ...>
7938 [0x7febaa965405]         SYS_lstat(0x7fffb992d7e0, 0x7fffb992d6f0, 0x7fffb992d6f0, 0)                                         = -2
7938 [0x7feba9bbd510]         SYS_open(0x7fffb992d7e0, 194, 600, 0)                                                                = 3
7938 [0x7feba9bbcda0]         SYS_write(3, 0x7fffb992d860, 32, 0)                                                                  = 32
7938 [0x7febaa96e72a]         SYS_mmap(0, 32, 3, 1)                                                                                = 0x7febab4df000
7938 [0x7febaa9671a7]         SYS_link(0x7fffb992d7e0, 0x7fffb992d810, 3, 1)                                                       = -17
7938 [0x7febaa96e757]         SYS_munmap(0x7febab4df000, 32, 3, 1)                                                                 = 0
7938 [0x7febaa9672c7]         SYS_unlink(0x7fffb992d7e0, 32, 3, 1)                                                                 = 0
7938 [0x7feba9bbce60]         SYS_close(3, 32, 3, 1)                                                                               = 0
7938 [0x7feba9bbd510]         SYS_open(0x7fffb992d810, 0x20002, 17, 1)                                                             = 3
7938 [0x7febaa9653b4]         SYS_fstat(3, 0x7fffb992d740, 0x7fffb992d740, 1)                                                      = 0
7938 [0x7febaa96e72a]         SYS_mmap(0, 32, 3, 1)                                                                                = 0x7febab4df000
7938 [0x7feba9bbce60]         SYS_close(3, 32, 0, 1)                                                                               = 0
7938 [0x7feba8f7d823]       <... Hw_Semaphore_Init resumed> )                                                                      = 17
7938 [0x7feba8f7d833]       libgeneraldrv.so->Hw_Semaphore_Lock(0x7fffb992d930, 32, 0x7febab4df000, -1)                            = 0
7938 [0x7febaa9726b7]       SYS_ioperm(3320, 4, 1, 1)                                                                              = 0
7938 [0x7febaa9726b7]       SYS_ioperm(3320, 4, 0, 1)                                                                              = 0
7938 [0x7febaa9726b7]       SYS_ioperm(235, 1, 1, 1)                                                                               = 0
7938 [0x7febaa9726b7]       SYS_ioperm(235, 1, 0, 1)                                                                               = 0
7938 [0x7febaa9726b7]       SYS_ioperm(3324, 4, 1, 1)                                                                              = 0
7938 [0x7febaa9726b7]       SYS_ioperm(3324, 4, 0, 1)                                                                              = 0
7938 [0x7febaa9726b7]       SYS_ioperm(235, 1, 1, 1)                                                                               = 0
7938 [0x7febaa9726b7]       SYS_ioperm(235, 1, 0, 1)                                                                               = 0
7938 [0x7febaa9726b7]       SYS_ioperm(3320, 4, 1, 1)                                                                              = 0
7938 [0x7febaa9726b7]       SYS_ioperm(3320, 4, 0, 1)                                                                              = 0
7938 [0x7febaa9726b7]       SYS_ioperm(235, 1, 1, 1)                                                                               = 0
7938 [0x7febaa9726b7]       SYS_ioperm(235, 1, 0, 1)                                                                               = 0
7938 [0x7feba8f7d97f]       libgeneraldrv.so->Hw_Semaphore_Unlock(0x7fffb992d930, 1, 0, -1)                                        = 0
7938 [0x7feba8f7d98b]       libgeneraldrv.so->Hw_Semaphore_Release(0x7fffb992d930, 128, 0, 0 <unfinished ...>
7938 [0x7febaa96e757]         SYS_munmap(0x7febab4df000, 32, 0, 1)                                                                 = 0
7938 [0x7feba8f7d98b]       <... Hw_Semaphore_Release resumed> )                                                                   = 0
7938 [0x7feba8f80acf]     <... PCI_Conf_Read resumed> )                                                                            = 0
7938 [0x7feba8f80af1]     libgeneraldrv.so->Hw_Semaphore_Init(0x7fffb992d9a0, 0x7feba8f8138c, 1, 0x7febaac22658 <unfinished ...>
7938 [0x7febaa965405]       SYS_lstat(0x7fffb992d850, 0x7fffb992d760, 0x7fffb992d760, 0)                                           = -2
7938 [0x7feba9bbd510]       SYS_open(0x7fffb992d850, 194, 600, 0)                                                                  = 3
7938 [0x7feba9bbcda0]       SYS_write(3, 0x7fffb992d8d0, 32, 0)                                                                    = 32
7938 [0x7febaa96e72a]       SYS_mmap(0, 32, 3, 1)                                                                                  = 0x7febab4df000
7938 [0x7febaa9671a7]       SYS_link(0x7fffb992d850, 0x7fffb992d880, 3, 1)                                                         = -17
7938 [0x7febaa96e757]       SYS_munmap(0x7febab4df000, 32, 3, 1)                                                                   = 0
7938 [0x7febaa9672c7]       SYS_unlink(0x7fffb992d850, 32, 3, 1)                                                                   = 0
7938 [0x7feba9bbce60]       SYS_close(3, 32, 3, 1)                                                                                 = 0
7938 [0x7feba9bbd510]       SYS_open(0x7fffb992d880, 0x20002, 20, 1)                                                               = 3
7938 [0x7febaa9653b4]       SYS_fstat(3, 0x7fffb992d7b0, 0x7fffb992d7b0, 1)                                                        = 0
7938 [0x7febaa96e72a]       SYS_mmap(0, 32, 3, 1)                                                                                  = 0x7febab4df000
7938 [0x7feba9bbce60]       SYS_close(3, 32, 0, 1)                                                                                 = 0
7938 [0x7feba8f80af1]     <... Hw_Semaphore_Init resumed> )                                                                        = 17
7938 [0x7feba8f80b01]     libgeneraldrv.so->Hw_Semaphore_Lock(0x7fffb992d9a0, 32, 0x7febab4df000, -1)                              = 0
7938 [0x7febaa9657e0]     SYS_open(0x7feba8f813a1, 2, 1, 1)                                                                        = 3
7938 [0x7febaa96e72a]     SYS_mmap(0, 60, 3, 1)                                                                                    = 0x7febab4de000
7938 [0x7febaa942060]     SYS_nanosleep(0x7fffb992d980, 0, 0, 1)                                                                   = 0
7938 [0x7febaa942060]     SYS_nanosleep(0x7fffb992d980, 0, 0, 1)                                                                   = 0
7938 [0x7febaa96e757]     SYS_munmap(0x7febab4de000, 60, 0, 1)                                                                     = 0
7938 [0x7febaa966070]     SYS_close(3, 60, 0, 1)                                                                                   = 0
7938 [0x7febaa942060]     SYS_nanosleep(0x7fffb992d980, 0, 0, 1)                                                                   = 0
7938 [0x7feba8f80ba6]     libgeneraldrv.so->Hw_Semaphore_Unlock(0x7fffb992d9a0, 0, 0, -1)                                          = 0
7938 [0x7feba8f80bb2]     libgeneraldrv.so->Hw_Semaphore_Release(0x7fffb992d9a0, 128, 0, 0 <unfinished ...>
7938 [0x7febaa96e757]       SYS_munmap(0x7febab4df000, 32, 0, 1)                                                                   = 0
7938 [0x7feba8f80bb2]     <... Hw_Semaphore_Release resumed> )                                                                     = 0
7938 [0x7febaac2f0e3]   <... Mv9125_Set_Led_Mode resumed> )                                                                        = 0
7938 [0x400934] <... Hal_Led_Set_Hdd_Mode resumed> )                                                                               = 0
7938 [0x7febab071f15] libnasman.so->Close_Share_Memory(char const*, void*)(0x7febab0b608e, 0x7febab4e3000, 0x34799a734250393b, 4 <unfinished ...>
7938 [0x7febab071b6e]   libnasman.so->Get_File_Size(char const*, long*)(0x7fffb992d8a0, 0x7fffb992d9c8, 0x7fffb992d8b5, 0 <unfinished ...>
7938 [0x7febaa965365]     SYS_stat(0x7fffb992d8a0, 0x7fffb992d800, 0x7fffb992d800, 1)                                              = 0
7938 [0x7febab071b6e]   <... Get_File_Size(char const*, long*) resumed> )                                                          = 0
7938 [0x7febaa96e757]   SYS_munmap(0x7febab4e3000, 0x2788, 0x7fffb992d800, 1)                                                      = 0
7938 [0x7febab071f15] <... Close_Share_Memory(char const*, void*) resumed> )                                                       = 0
7938 [0x7febab071f37] libnasman.so->Close_Share_Memory(char const*, void*)(0x7febab0b60a7, 0x7febab4e2000, 0, -1 <unfinished ...>
7938 [0x7febab071b6e]   libnasman.so->Get_File_Size(char const*, long*)(0x7fffb992d8a0, 0x7fffb992d9c8, 0x7fffb992d8b6, 0 <unfinished ...>
7938 [0x7febaa965365]     SYS_stat(0x7fffb992d8a0, 0x7fffb992d800, 0x7fffb992d800, 1)                                              = 0
7938 [0x7febab071b6e]   <... Get_File_Size(char const*, long*) resumed> )                                                          = 0
7938 [0x7febaa96e757]   SYS_munmap(0x7febab4e2000, 3536, 0x7fffb992d800, 1)                                                        = 0
7938 [0x7febab071f37] <... Close_Share_Memory(char const*, void*) resumed> )                                                       = 0
7938 [0x7febab071f59] libnasman.so->Close_Share_Memory(char const*, void*)(0x7febab0b60b5, 0x7febab4e1000, 0, -1 <unfinished ...>
7938 [0x7febab071b6e]   libnasman.so->Get_File_Size(char const*, long*)(0x7fffb992d8a0, 0x7fffb992d9c8, 0x7fffb992d8b6, 0 <unfinished ...>
7938 [0x7febaa965365]     SYS_stat(0x7fffb992d8a0, 0x7fffb992d800, 0x7fffb992d800, 1)                                              = 0
7938 [0x7febab071b6e]   <... Get_File_Size(char const*, long*) resumed> )                                                          = 0
7938 [0x7febaa96e757]   SYS_munmap(0x7febab4e1000, 4080, 0x7fffb992d800, 1)                                                        = 0
7938 [0x7febab071f59] <... Close_Share_Memory(char const*, void*) resumed> )                                                       = 0
7938 [0x7febaa8bf932] libgeneral.so->Trace_Mem_Destroy()(0x7febaa5d7d40, 0, 0x347998113990393b, 16)                                = 0
7938 [0x7febaa942468] SYS_exit_group(0, 60, 0, 0x7febaac25a48 <no return ...>
7938 [0xffffffffffffffff] +++ exited (status 0) +++
