7928 [0x7f0b45c418aa] SYS_brk(0, 0x7f0b45c44fa0, 0, 895)                                                                           = 0x102f000
7928 [0x7f0b45c427e7] SYS_readlink(0x7fff99099b7a, 0x7fff99097420, 4096, 0x756e694c00000000)                                       = -2
7928 [0x7f0b45c42677] SYS_open(0x7f0b45c461f3, 0, 0, 0x756e694c00000000)                                                           = 3
7928 [0x7f0b45c427a7] SYS_chdir(0x7f0b45e4dba8, 0, 0, 0x756e694c00000000)                                                          = -2
7928 [0x7f0b45c419d2] SYS_getcwd(0x7fff99097420, 4096, 0, 0x756e694c00000000)                                                      = 23
7928 [0x7f0b45c427c7] SYS_fchdir(3, 4096, 0, 0x756e694c00000000)                                                                   = 0
7928 [0x7f0b45c42787] SYS_close(3, 4096, 0, 0x756e694c00000000)                                                                    = 0
7928 [0x7f0b45c4280a] SYS_mmap(0, 4096, 3, 34)                                                                                     = 0x7f0b45e4a000
7928 [0x7f0b45c426d7] SYS_access(0x7f0b45c48700, 4, 0x7f0b45e4d718, 0)                                                             = -2
7928 [0x7f0b45c42677] SYS_open(0x7f0b45c46072, 0x80000, 1, 0)                                                                      = 3
7928 [0x7f0b45c42604] SYS_fstat(3, 0x7fff99096c00, 0x7fff99096c00, 0)                                                              = 0
7928 [0x7f0b45c4280a] SYS_mmap(0, 0x83b3, 1, 2)                                                                                    = 0x7f0b45e41000
7928 [0x7f0b45c42787] SYS_close(3, 0x83b3, 1, 2)                                                                                   = 0
7928 [0x7f0b45c42677] SYS_open(0x7f0b45e4a640, 0x80000, 0, 56)                                                                     = 3
7928 [0x7f0b45c42697] SYS_read(3, 0x7fff99096d88, 832, 56)                                                                         = 832
7928 [0x7f0b45c42604] SYS_fstat(3, 0x7fff99096c60, 0x7fff99096c60, 16)                                                             = 0
7928 [0x7f0b45c4280a] SYS_mmap(0, 0x278960, 5, 2050)                                                                               = 0x7f0b459b2000
7928 [0x7f0b45c42857] SYS_mprotect(0x7f0b45a28000, 0x200000, 0, 2050)                                                              = 0
7928 [0x7f0b45c4280a] SYS_mmap(0x7f0b45c28000, 0x3000, 3, 2066)                                                                    = 0x7f0b45c28000
7928 [0x7f0b45c42787] SYS_close(3, 16, 0x7f0b45c283e0, 0x6ffffdff)                                                                 = 0
7928 [0x7f0b45c42677] SYS_open(0x7f0b45e4ab10, 0x80000, 0, 0x6ffffdff)                                                             = 3
7928 [0x7f0b45c42697] SYS_read(3, 0x7fff99096d58, 832, 0x6ffffdff)                                                                 = 832
7928 [0x7f0b45c42604] SYS_fstat(3, 0x7fff99096c30, 0x7fff99096c30, 16)                                                             = 0
7928 [0x7f0b45c4280a] SYS_mmap(0, 0x21bee0, 5, 2050)                                                                               = 0x7f0b45796000
7928 [0x7f0b45c42857] SYS_mprotect(0x7f0b457b1000, 0x200000, 0, 2050)                                                              = 0
7928 [0x7f0b45c4280a] SYS_mmap(0x7f0b459b1000, 4096, 3, 2066)                                                                      = 0x7f0b459b1000
7928 [0x7f0b45c42787] SYS_close(3, 16, 0x7f0b459b1208, 0x6ffffdff)                                                                 = 0
7928 [0x7f0b45c42677] SYS_open(0x7f0b45e4afe0, 0x80000, 0, 0x6ffffdff)                                                             = 3
7928 [0x7f0b45c42697] SYS_read(3, 0x7fff99096d28, 832, 0x6ffffdff)                                                                 = 832
7928 [0x7f0b45c42604] SYS_fstat(3, 0x7fff99096c00, 0x7fff99096c00, 16)                                                             = 0
7928 [0x7f0b45c4280a] SYS_mmap(0, 4096, 3, 34)                                                                                     = 0x7f0b45e40000
7928 [0x7f0b45c4280a] SYS_mmap(0, 0x209ad0, 5, 2050)                                                                               = 0x7f0b4558c000
7928 [0x7f0b45c42857] SYS_mprotect(0x7f0b45596000, 0x1ff000, 0, 2050)                                                              = 0
7928 [0x7f0b45c4280a] SYS_mmap(0x7f0b45795000, 4096, 3, 2066)                                                                      = 0x7f0b45795000
7928 [0x7f0b45c42787] SYS_close(3, 16, 0x7f0b45795690, 0x6ffffdff)                                                                 = 0
7928 [0x7f0b45c42677] SYS_open(0x7f0b45e404b8, 0x80000, 0, 0x6ffffdff)                                                             = 3
7928 [0x7f0b45c42697] SYS_read(3, 0x7fff99096cf8, 832, 0x6ffffdff)                                                                 = 832
7928 [0x7f0b45c42604] SYS_fstat(3, 0x7fff99096bd0, 0x7fff99096bd0, 32)                                                             = 0
7928 [0x7f0b45c4280a] SYS_mmap(0, 0x39dc40, 5, 2050)                                                                               = 0x7f0b451ee000
7928 [0x7f0b45c42857] SYS_mprotect(0x7f0b45382000, 0x200000, 0, 2050)                                                              = 0
7928 [0x7f0b45c4280a] SYS_mmap(0x7f0b45582000, 0x6000, 3, 2066)                                                                    = 0x7f0b45582000
7928 [0x7f0b45c4280a] SYS_mmap(0x7f0b45588000, 0x3c40, 3, 50)                                                                      = 0x7f0b45588000
7928 [0x7f0b45c42787] SYS_close(3, 16, 0, 0x6ffffdff)                                                                              = 0
7928 [0x7f0b45c42677] SYS_open(0x7f0b45e40988, 0x80000, 0, 0x6ffffdff)                                                             = 3
7928 [0x7f0b45c42697] SYS_read(3, 0x7fff99096ba8, 832, 0x6ffffdff)                                                                 = 832
7928 [0x7f0b45c42604] SYS_fstat(3, 0x7fff99096a80, 0x7fff99096a80, 16)                                                             = 0
7928 [0x7f0b45c4280a] SYS_mmap(0, 0x2b09d0, 5, 2050)                                                                               = 0x7f0b44f3d000
7928 [0x7f0b45c42857] SYS_mprotect(0x7f0b44fec000, 0x1ff000, 0, 2050)                                                              = 0
7928 [0x7f0b45c4280a] SYS_mmap(0x7f0b451eb000, 0x3000, 3, 2066)                                                                    = 0x7f0b451eb000
7928 [0x7f0b45c42787] SYS_close(3, 16, 0x7f0b451eb9a8, 0x6ffffdff)                                                                 = 0
7928 [0x7f0b45c42677] SYS_open(0x7f0b45e40e58, 0x80000, 0, 0x6ffffdff)                                                             = 3
7928 [0x7f0b45c42697] SYS_read(3, 0x7fff99096b78, 832, 0x6ffffdff)                                                                 = 832
7928 [0x7f0b45c42604] SYS_fstat(3, 0x7fff99096a50, 0x7fff99096a50, 16)                                                             = 0
7928 [0x7f0b45c4280a] SYS_mmap(0, 4096, 3, 34)                                                                                     = 0x7f0b45e3f000
7928 [0x7f0b45c4280a] SYS_mmap(0, 0x294ee0, 5, 2050)                                                                               = 0x7f0b44ca8000
7928 [0x7f0b45c42857] SYS_mprotect(0x7f0b44d3a000, 0x1ff000, 0, 2050)                                                              = 0
7928 [0x7f0b45c4280a] SYS_mmap(0x7f0b44f39000, 0x3000, 3, 2066)                                                                    = 0x7f0b44f39000
7928 [0x7f0b45c4280a] SYS_mmap(0x7f0b44f3c000, 3808, 3, 50)                                                                        = 0x7f0b44f3c000
7928 [0x7f0b45c42787] SYS_close(3, 16, 0x7f0b44f39e30, 0x6ffffdff)                                                                 = 0
7928 [0x7f0b45c42677] SYS_open(0x7f0b45e3f4b8, 0x80000, 0, 0x6ffffdff)                                                             = 3
7928 [0x7f0b45c42697] SYS_read(3, 0x7fff99096b48, 832, 0x6ffffdff)                                                                 = 832
7928 [0x7f0b45c42604] SYS_fstat(3, 0x7fff99096a20, 0x7fff99096a20, 16)                                                             = 0
7928 [0x7f0b45c4280a] SYS_mmap(0, 0x29d850, 5, 2050)                                                                               = 0x7f0b44a0a000
7928 [0x7f0b45c42857] SYS_mprotect(0x7f0b44aa3000, 0x200000, 0, 2050)                                                              = 0
7928 [0x7f0b45c4280a] SYS_mmap(0x7f0b44ca3000, 0x3000, 3, 2066)                                                                    = 0x7f0b44ca3000
7928 [0x7f0b45c4280a] SYS_mmap(0x7f0b44ca6000, 6224, 3, 50)                                                                        = 0x7f0b44ca6000
7928 [0x7f0b45c42787] SYS_close(3, 16, 0x7f0b44ca4cc8, 0x6ffffdff)                                                                 = 0
7928 [0x7f0b45c42677] SYS_open(0x7f0b45e3f9a0, 0x80000, 0, 0x6ffffdff)                                                             = 3
7928 [0x7f0b45c42697] SYS_read(3, 0x7fff99096b18, 832, 0x6ffffdff)                                                                 = 832
7928 [0x7f0b45c42604] SYS_fstat(3, 0x7fff990969f0, 0x7fff990969f0, 16)                                                             = 0
7928 [0x7f0b45c4280a] SYS_mmap(0, 0x2dbbb0, 5, 2050)                                                                               = 0x7f0b4472e000
7928 [0x7f0b45c42857] SYS_mprotect(0x7f0b447ec000, 0x200000, 0, 2050)                                                              = 0
7928 [0x7f0b45c4280a] SYS_mmap(0x7f0b449ec000, 0xa000, 3, 2066)                                                                    = 0x7f0b449ec000
7928 [0x7f0b45c4280a] SYS_mmap(0x7f0b449f6000, 0x13bb0, 3, 50)                                                                     = 0x7f0b449f6000
7928 [0x7f0b45c42787] SYS_close(3, 16, 0x7f0b449f24d8, 0x6ffffdff)                                                                 = 0
7928 [0x7f0b45c42677] SYS_open(0x7f0b45e3fe70, 0x80000, 0, 0x6ffffdff)                                                             = 3
7928 [0x7f0b45c42697] SYS_read(3, 0x7fff99096ae8, 832, 0x6ffffdff)                                                                 = 832
7928 [0x7f0b45c42604] SYS_fstat(3, 0x7fff990969c0, 0x7fff990969c0, 32)                                                             = 0
7928 [0x7f0b45c4280a] SYS_mmap(0, 4096, 3, 34)                                                                                     = 0x7f0b45e3e000
7928 [0x7f0b45c4280a] SYS_mmap(0, 0x21c490, 5, 2050)                                                                               = 0x7f0b44511000
7928 [0x7f0b45c42857] SYS_mprotect(0x7f0b44529000, 0x1ff000, 0, 2050)                                                              = 0
7928 [0x7f0b45c4280a] SYS_mmap(0x7f0b44728000, 8192, 3, 2066)                                                                      = 0x7f0b44728000
7928 [0x7f0b45c4280a] SYS_mmap(0x7f0b4472a000, 0x3490, 3, 50)                                                                      = 0x7f0b4472a000
7928 [0x7f0b45c42787] SYS_close(3, 16, 0, 0x6ffffdff)                                                                              = 0
7928 [0x7f0b45c42677] SYS_open(0x7f0b45e3e4b8, 0x80000, 0, 0x6ffffdff)                                                             = 3
7928 [0x7f0b45c42697] SYS_read(3, 0x7fff99096ab8, 832, 0x6ffffdff)                                                                 = 832
7928 [0x7f0b45c42604] SYS_fstat(3, 0x7fff99096990, 0x7fff99096990, 32)                                                             = 0
7928 [0x7f0b45c4280a] SYS_mmap(0, 0x207bc0, 5, 2050)                                                                               = 0x7f0b44309000
7928 [0x7f0b45c42857] SYS_mprotect(0x7f0b44310000, 0x1ff000, 0, 2050)                                                              = 0
7928 [0x7f0b45c4280a] SYS_mmap(0x7f0b4450f000, 8192, 3, 2066)                                                                      = 0x7f0b4450f000
7928 [0x7f0b45c42787] SYS_close(3, 16, 0, 0x6ffffdff)                                                                              = 0
7928 [0x7f0b45c42677] SYS_open(0x7f0b45e3e988, 0x80000, 0, 0x6ffffdff)                                                             = 3
7928 [0x7f0b45c42697] SYS_read(3, 0x7fff99096a88, 832, 0x6ffffdff)                                                                 = 832
7928 [0x7f0b45c42604] SYS_fstat(3, 0x7fff99096960, 0x7fff99096960, 16)                                                             = 0
7928 [0x7f0b45c4280a] SYS_mmap(0, 0x202e20, 5, 2050)                                                                               = 0x7f0b44106000
7928 [0x7f0b45c42857] SYS_mprotect(0x7f0b44109000, 0x1ff000, 0, 2050)                                                              = 0
7928 [0x7f0b45c4280a] SYS_mmap(0x7f0b44308000, 4096, 3, 2066)                                                                      = 0x7f0b44308000
7928 [0x7f0b45c42787] SYS_close(3, 16, 0x7f0b44308c28, 0x6ffffdff)                                                                 = 0
7928 [0x7f0b45c42677] SYS_open(0x7f0b45e3ee58, 0x80000, 0, 0x6ffffdff)                                                             = 3
7928 [0x7f0b45c42697] SYS_read(3, 0x7fff99096a58, 832, 0x6ffffdff)                                                                 = 832
7928 [0x7f0b45c42604] SYS_fstat(3, 0x7fff99096930, 0x7fff99096930, 16)                                                             = 0
7928 [0x7f0b45c4280a] SYS_mmap(0, 4096, 3, 34)                                                                                     = 0x7f0b45e3d000
7928 [0x7f0b45c4280a] SYS_mmap(0, 0x209850, 5, 2050)                                                                               = 0x7f0b43efc000
7928 [0x7f0b45c42857] SYS_mprotect(0x7f0b43f06000, 0x1ff000, 0, 2050)                                                              = 0
7928 [0x7f0b45c4280a] SYS_mmap(0x7f0b44105000, 4096, 3, 2066)                                                                      = 0x7f0b44105000
7928 [0x7f0b45c42787] SYS_close(3, 16, 0x7f0b44105618, 0x6ffffdff)                                                                 = 0
7928 [0x7f0b45c42677] SYS_open(0x7f0b45e3d4b8, 0x80000, 0, 0x6ffffdff)                                                             = 3
7928 [0x7f0b45c42697] SYS_read(3, 0x7fff99096a28, 832, 0x6ffffdff)                                                                 = 832
7928 [0x7f0b45c42604] SYS_fstat(3, 0x7fff99096900, 0x7fff99096900, 16)                                                             = 0
7928 [0x7f0b45c4280a] SYS_mmap(0, 0x210868, 5, 2050)                                                                               = 0x7f0b43ceb000
7928 [0x7f0b45c42857] SYS_mprotect(0x7f0b43cfc000, 0x1ff000, 0, 2050)                                                              = 0
7928 [0x7f0b45c4280a] SYS_mmap(0x7f0b43efb000, 4096, 3, 2066)                                                                      = 0x7f0b43efb000
7928 [0x7f0b45c42787] SYS_close(3, 16, 0x7f0b43efb408, 0x6ffffdff)                                                                 = 0
7928 [0x7f0b45c42677] SYS_open(0x7f0b45e3da40, 0x80000, 0, 0x7f0b45e3e9a0)                                                         = 3
7928 [0x7f0b45c42697] SYS_read(3, 0x7fff990968c8, 832, 0x7f0b45e3e9a0)                                                             = 832
7928 [0x7f0b45c42604] SYS_fstat(3, 0x7fff990967a0, 0x7fff990967a0, 16)                                                             = 0
7928 [0x7f0b45c4280a] SYS_mmap(0, 0x2032c8, 5, 2050)                                                                               = 0x7f0b43ae7000
7928 [0x7f0b45c42857] SYS_mprotect(0x7f0b43aea000, 0x200000, 0, 2050)                                                              = 0
7928 [0x7f0b45c4280a] SYS_mmap(0x7f0b43cea000, 4096, 3, 2066)                                                                      = 0x7f0b43cea000
7928 [0x7f0b45c42787] SYS_close(3, 16, 0x7f0b43cea188, 0x6ffffdff)                                                                 = 0
7928 [0x7f0b45c42677] SYS_open(0x7f0b45e3df28, 0x80000, 0, 0x6ffffdff)                                                             = 3
7928 [0x7f0b45c42697] SYS_read(3, 0x7fff99096898, 832, 0x6ffffdff)                                                                 = 832
7928 [0x7f0b45c42604] SYS_fstat(3, 0x7fff99096770, 0x7fff99096770, 16)                                                             = 0
7928 [0x7f0b45c4280a] SYS_mmap(0, 4096, 3, 34)                                                                                     = 0x7f0b45e3c000
7928 [0x7f0b45c4280a] SYS_mmap(0, 0x207820, 5, 2050)                                                                               = 0x7f0b438df000
7928 [0x7f0b45c42857] SYS_mprotect(0x7f0b438e6000, 0x200000, 0, 2050)                                                              = 0
7928 [0x7f0b45c4280a] SYS_mmap(0x7f0b43ae6000, 4096, 3, 2066)                                                                      = 0x7f0b43ae6000
7928 [0x7f0b45c42787] SYS_close(3, 16, 0x7f0b43ae6188, 0x6ffffdff)                                                                 = 0
7928 [0x7f0b45c42677] SYS_open(0x7f0b45e3c4c8, 0x80000, 0, 0x6ffffdff)                                                             = 3
7928 [0x7f0b45c42697] SYS_read(3, 0x7fff99096868, 832, 0x6ffffdff)                                                                 = 832
7928 [0x7f0b45c42604] SYS_fstat(3, 0x7fff99096740, 0x7fff99096740, 16)                                                             = 0
7928 [0x7f0b45c4280a] SYS_mmap(0, 0x201f30, 5, 2050)                                                                               = 0x7f0b436dd000
7928 [0x7f0b45c42857] SYS_mprotect(0x7f0b436df000, 0x1ff000, 0, 2050)                                                              = 0
7928 [0x7f0b45c4280a] SYS_mmap(0x7f0b438de000, 4096, 3, 2066)                                                                      = 0x7f0b438de000
7928 [0x7f0b45c42787] SYS_close(3, 16, 0x7f0b438dee18, 0x6ffffdff)                                                                 = 0
7928 [0x7f0b45c42677] SYS_open(0x7f0b45e3ca60, 0x80000, 0, 0x7f0b45e404d0)                                                         = 3
7928 [0x7f0b45c42697] SYS_read(3, 0x7fff99096838, 832, 0x7f0b45e404d0)                                                             = 832
7928 [0x7f0b45c42604] SYS_fstat(3, 0x7fff99096710, 0x7fff99096710, 16)                                                             = 0
7928 [0x7f0b45c4280a] SYS_mmap(0, 0x2022e8, 5, 2050)                                                                               = 0x7f0b434da000
7928 [0x7f0b45c42857] SYS_mprotect(0x7f0b434dc000, 0x200000, 0, 2050)                                                              = 0
7928 [0x7f0b45c4280a] SYS_mmap(0x7f0b436dc000, 4096, 3, 2066)                                                                      = 0x7f0b436dc000
7928 [0x7f0b45c42787] SYS_close(3, 16, 0x7f0b436dc198, 0x6ffffdff)                                                                 = 0
7928 [0x7f0b45c42677] SYS_open(0x7f0b45e3cf40, 0x80000, 0, 0x6ffffdff)                                                             = 3
7928 [0x7f0b45c42697] SYS_read(3, 0x7fff99096808, 832, 0x6ffffdff)                                                                 = 832
7928 [0x7f0b45c42604] SYS_fstat(3, 0x7fff990966e0, 0x7fff990966e0, 16)                                                             = 0
7928 [0x7f0b45c4280a] SYS_mmap(0, 4096, 3, 34)                                                                                     = 0x7f0b45e3b000
7928 [0x7f0b45c4280a] SYS_mmap(0, 0x201f30, 5, 2050)                                                                               = 0x7f0b432d8000
7928 [0x7f0b45c42857] SYS_mprotect(0x7f0b432da000, 0x1ff000, 0, 2050)                                                              = 0
7928 [0x7f0b45c4280a] SYS_mmap(0x7f0b434d9000, 4096, 3, 2066)                                                                      = 0x7f0b434d9000
7928 [0x7f0b45c42787] SYS_close(3, 16, 0x7f0b434d9e18, 0x6ffffdff)                                                                 = 0
7928 [0x7f0b45c42677] SYS_open(0x7f0b45e3b4c0, 0x80000, 0, 0x6ffffdff)                                                             = 3
7928 [0x7f0b45c42697] SYS_read(3, 0x7fff990967d8, 832, 0x6ffffdff)                                                                 = 832
7928 [0x7f0b45c42604] SYS_fstat(3, 0x7fff990966b0, 0x7fff990966b0, 16)                                                             = 0
7928 [0x7f0b45c4280a] SYS_mmap(0, 0x2038b8, 5, 2050)                                                                               = 0x7f0b430d4000
7928 [0x7f0b45c42857] SYS_mprotect(0x7f0b430d8000, 0x1ff000, 0, 2050)                                                              = 0
7928 [0x7f0b45c4280a] SYS_mmap(0x7f0b432d7000, 4096, 3, 2066)                                                                      = 0x7f0b432d7000
7928 [0x7f0b45c42787] SYS_close(3, 16, 0x7f0b432d7748, 0x6ffffdff)                                                                 = 0
7928 [0x7f0b45c42677] SYS_open(0x7f0b45e3ba60, 0x80000, 0, 0x7f0b45e3e000)                                                         = 3
7928 [0x7f0b45c42697] SYS_read(3, 0x7fff99096778, 832, 0x7f0b45e3e000)                                                             = 832
7928 [0x7f0b45c42604] SYS_fstat(3, 0x7fff99096650, 0x7fff99096650, 16)                                                             = 0
7928 [0x7f0b45c4280a] SYS_mmap(0, 0x210848, 5, 2050)                                                                               = 0x7f0b42ec3000
7928 [0x7f0b45c42857] SYS_mprotect(0x7f0b42ed3000, 0x1ff000, 0, 2050)                                                              = 0
7928 [0x7f0b45c4280a] SYS_mmap(0x7f0b430d2000, 8192, 3, 2066)                                                                      = 0x7f0b430d2000
7928 [0x7f0b45c42787] SYS_close(3, 16, 0x7f0b430d2d90, 0x6ffffdff)                                                                 = 0
7928 [0x7f0b45c42677] SYS_open(0x7f0b45e3bf48, 0x80000, 0, 0x6ffffdff)                                                             = 3
7928 [0x7f0b45c42697] SYS_read(3, 0x7fff99096748, 832, 0x6ffffdff)                                                                 = 832
7928 [0x7f0b45c42604] SYS_fstat(3, 0x7fff99096620, 0x7fff99096620, 16)                                                             = 0
7928 [0x7f0b45c4280a] SYS_mmap(0, 4096, 3, 34)                                                                                     = 0x7f0b45e3a000
7928 [0x7f0b45c4280a] SYS_mmap(0, 0x20acf0, 5, 2050)                                                                               = 0x7f0b42cb8000
7928 [0x7f0b45c42857] SYS_mprotect(0x7f0b42cc3000, 0x1ff000, 0, 2050)                                                              = 0
7928 [0x7f0b45c4280a] SYS_mmap(0x7f0b42ec2000, 4096, 3, 2066)                                                                      = 0x7f0b42ec2000
7928 [0x7f0b45c42787] SYS_close(3, 16, 0x7f0b42ec2750, 0x6ffffdff)                                                                 = 0
7928 [0x7f0b45c42677] SYS_open(0x7f0b45e3a560, 0x80000, 0, 0x7f0b45e3e000)                                                         = 3
7928 [0x7f0b45c42697] SYS_read(3, 0x7fff99096718, 832, 0x7f0b45e3e000)                                                             = 832
7928 [0x7f0b45c42604] SYS_fstat(3, 0x7fff990965f0, 0x7fff990965f0, 32)                                                             = 0
7928 [0x7f0b45c4280a] SYS_mmap(0, 0x2361e0, 5, 2050)                                                                               = 0x7f0b42a81000
7928 [0x7f0b45c42857] SYS_mprotect(0x7f0b42a89000, 0x1ff000, 0, 2050)                                                              = 0
7928 [0x7f0b45c4280a] SYS_mmap(0x7f0b42c88000, 8192, 3, 2066)                                                                      = 0x7f0b42c88000
7928 [0x7f0b45c4280a] SYS_mmap(0x7f0b42c8a000, 0x2d1e0, 3, 50)                                                                     = 0x7f0b42c8a000
7928 [0x7f0b45c42787] SYS_close(3, 16, 0, 0x6ffffdff)                                                                              = 0
7928 [0x7f0b45c42677] SYS_open(0x7f0b45e3aa30, 0x80000, 0, 0x6ffffdff)                                                             = 3
7928 [0x7f0b45c42697] SYS_read(3, 0x7fff990966e8, 832, 0x6ffffdff)                                                                 = 832
7928 [0x7f0b45c42604] SYS_fstat(3, 0x7fff990965c0, 0x7fff990965c0, 16)                                                             = 0
7928 [0x7f0b45c4280a] SYS_mmap(0, 0x43fe88, 5, 2050)                                                                               = 0x7f0b42641000
7928 [0x7f0b45c42857] SYS_mprotect(0x7f0b42856000, 0x200000, 0, 2050)                                                              = 0
7928 [0x7f0b45c4280a] SYS_mmap(0x7f0b42a56000, 0x27000, 3, 2066)                                                                   = 0x7f0b42a56000
7928 [0x7f0b45c4280a] SYS_mmap(0x7f0b42a7d000, 0x3e88, 3, 50)                                                                      = 0x7f0b42a7d000
7928 [0x7f0b45c42857] SYS_mprotect(0x7fff99098000, 4096, 0x1000007, 4)                                                             = 0
7928 [0x7f0b45c42787] SYS_close(3, 4096, 0x1000007, 4)                                                                             = 0
7928 [0x7f0b45c42677] SYS_open(0x7f0b45e3afb0, 0x80000, 0, 0x7f0b45e3d4d0)                                                         = 3
7928 [0x7f0b45c42697] SYS_read(3, 0x7fff990966b8, 832, 0x7f0b45e3d4d0)                                                             = 832
7928 [0x7f0b45c42604] SYS_fstat(3, 0x7fff99096590, 0x7fff99096590, 16)                                                             = 0
7928 [0x7f0b45c4280a] SYS_mmap(0, 4096, 3, 34)                                                                                     = 0x7f0b45e39000
7928 [0x7f0b45c4280a] SYS_mmap(0, 0x215730, 5, 2050)                                                                               = 0x7f0b4242b000
7928 [0x7f0b45c42857] SYS_mprotect(0x7f0b42441000, 0x1ff000, 0, 2050)                                                              = 0
7928 [0x7f0b45c4280a] SYS_mmap(0x7f0b42640000, 4096, 3, 2066)                                                                      = 0x7f0b42640000
7928 [0x7f0b45c42787] SYS_close(3, 16, 0x7f0b42640490, 0x6ffffdff)                                                                 = 0
7928 [0x7f0b45c42677] SYS_open(0x7f0b45e394f0, 0x80000, 0, 0x6ffffdff)                                                             = 3
7928 [0x7f0b45c42697] SYS_read(3, 0x7fff99096688, 832, 0x6ffffdff)                                                                 = 832
7928 [0x7f0b45c42604] SYS_fstat(3, 0x7fff99096560, 0x7fff99096560, 32)                                                             = 0
7928 [0x7f0b45c4280a] SYS_mmap(0, 0x2fd148, 5, 2050)                                                                               = 0x7f0b4212d000
7928 [0x7f0b45c42857] SYS_mprotect(0x7f0b4222a000, 0x1ff000, 0, 2050)                                                              = 0
7928 [0x7f0b45c4280a] SYS_mmap(0x7f0b42429000, 8192, 3, 2066)                                                                      = 0x7f0b42429000
7928 [0x7f0b45c42787] SYS_close(3, 16, 0, 0x6ffffdff)                                                                              = 0
7928 [0x7f0b45c42677] SYS_open(0x7fff99096450, 0x80000, 0, 0x36782f39325f3130)                                                     = -2
7928 [0x7f0b45c425c5] SYS_stat(0x7fff99096450, 0x7fff99096530, 0x7fff99096530, 0x36782f39325f3130)                                 = -2
7928 [0x7f0b45c42677] SYS_open(0x7fff99096450, 0x80000, 0, 0x36782f39325f3130)                                                     = -2
7928 [0x7f0b45c425c5] SYS_stat(0x7fff99096450, 0x7fff99096530, 0x7fff99096530, 0x36782f39325f3130)                                 = -2
7928 [0x7f0b45c42677] SYS_open(0x7fff99096450, 0x80000, 0, 0x36782f39325f3130)                                                     = -2
7928 [0x7f0b45c425c5] SYS_stat(0x7fff99096450, 0x7fff99096530, 0x7fff99096530, 0x36782f39325f3130)                                 = -2
7928 [0x7f0b45c42677] SYS_open(0x7fff99096450, 0x80000, 0, 0x36782f39325f3130)                                                     = -2
7928 [0x7f0b45c425c5] SYS_stat(0x7fff99096450, 0x7fff99096530, 0x7fff99096530, 0x36782f39325f3130)                                 = -2
7928 [0x7f0b45c42677] SYS_open(0x7f0b45e39dd0, 0x80000, 0, 0x36782f39325f3130)                                                     = 3
7928 [0x7f0b45c42697] SYS_read(3, 0x7fff99096658, 832, 0x36782f39325f3130)                                                         = 832
7928 [0x7f0b45c42604] SYS_fstat(3, 0x7fff99096530, 0x7fff99096530, 16)                                                             = 0
7928 [0x7f0b45c4280a] SYS_mmap(0, 4096, 3, 34)                                                                                     = 0x7f0b45e38000
7928 [0x7f0b45c4280a] SYS_mmap(0, 0x2f8980, 5, 2050)                                                                               = 0x7f0b41e34000
7928 [0x7f0b45c42857] SYS_mprotect(0x7f0b41f2b000, 0x200000, 0, 2050)                                                              = 0
7928 [0x7f0b45c4280a] SYS_mmap(0x7f0b4212b000, 8192, 3, 2066)                                                                      = 0x7f0b4212b000
7928 [0x7f0b45c42787] SYS_close(3, 16, 0x7f0b4212b3a0, 0x6ffffdff)                                                                 = 0
7928 [0x7f0b45c42677] SYS_open(0x7f0b45e384c8, 0x80000, 0, 0x6ffffdff)                                                             = 3
7928 [0x7f0b45c42697] SYS_read(3, 0x7fff99096628, 832, 0x6ffffdff)                                                                 = 832
7928 [0x7f0b45c42604] SYS_fstat(3, 0x7fff99096500, 0x7fff99096500, 16)                                                             = 0
7928 [0x7f0b45c4280a] SYS_mmap(0, 0x2fc9d8, 5, 2050)                                                                               = 0x7f0b41b37000
7928 [0x7f0b45c42857] SYS_mprotect(0x7f0b41c32000, 0x200000, 0, 2050)                                                              = 0
7928 [0x7f0b45c4280a] SYS_mmap(0x7f0b41e32000, 8192, 3, 2066)                                                                      = 0x7f0b41e32000
7928 [0x7f0b45c42787] SYS_close(3, 16, 0x7f0b41e33828, 0x6ffffdff)                                                                 = 0
7928 [0x7f0b45c42677] SYS_open(0x7f0b45e38998, 0x80000, 0, 0x6ffffdff)                                                             = 3
7928 [0x7f0b45c42697] SYS_read(3, 0x7fff990965f8, 832, 0x6ffffdff)                                                                 = 832
7928 [0x7f0b45c42604] SYS_fstat(3, 0x7fff990964d0, 0x7fff990964d0, 16)                                                             = 0
7928 [0x7f0b45c4280a] SYS_mmap(0, 0x242830, 5, 2050)                                                                               = 0x7f0b418f4000
7928 [0x7f0b45c42857] SYS_mprotect(0x7f0b41937000, 0x1ff000, 0, 2050)                                                              = 0
7928 [0x7f0b45c4280a] SYS_mmap(0x7f0b41b36000, 4096, 3, 2066)                                                                      = 0x7f0b41b36000
7928 [0x7f0b45c42787] SYS_close(3, 16, 0x7f0b41b36630, 0x6ffffdff)                                                                 = 0
7928 [0x7f0b45c42677] SYS_open(0x7f0b45e38f70, 0x80000, 0, 0x7f0b45e3f9b8)                                                         = 3
7928 [0x7f0b45c42697] SYS_read(3, 0x7fff990965c8, 832, 0x7f0b45e3f9b8)                                                             = 832
7928 [0x7f0b45c42604] SYS_fstat(3, 0x7fff990964a0, 0x7fff990964a0, 32)                                                             = 0
7928 [0x7f0b45c4280a] SYS_mmap(0, 4096, 3, 34)                                                                                     = 0x7f0b45e37000
7928 [0x7f0b45c4280a] SYS_mmap(0, 0x203118, 5, 2050)                                                                               = 0x7f0b416f0000
7928 [0x7f0b45c42857] SYS_mprotect(0x7f0b416f2000, 0x200000, 0, 2050)                                                              = 0
7928 [0x7f0b45c4280a] SYS_mmap(0x7f0b418f2000, 8192, 3, 2066)                                                                      = 0x7f0b418f2000
7928 [0x7f0b45c42787] SYS_close(3, 16, 0x7f0b418f2f40, 0x6ffffdff)                                                                 = 0
7928 [0x7f0b45c4280a] SYS_mmap(0, 4096, 3, 34)                                                                                     = 0x7f0b45e36000
7928 [0x7f0b45c4280a] SYS_mmap(0, 4096, 3, 34)                                                                                     = 0x7f0b45e35000
7928 [0x7f0b45c4280a] SYS_mmap(0, 8192, 3, 34)                                                                                     = 0x7f0b45e33000
7928 [0x7f0b45c2c044] SYS_arch_prctl(4098, 0x7f0b45e33780, 0x7f0b45e34080, 34)                                                     = 0
7928 [0x7f0b45c42857] SYS_mprotect(0x7f0b45582000, 0x4000, 1, 1)                                                                   = 0
7928 [0x7f0b45c42857] SYS_mprotect(0x7f0b418f2000, 4096, 1, 0x7f0b416f0c68)                                                        = 0
7928 [0x7f0b45c42857] SYS_mprotect(0x7f0b44728000, 4096, 1, 0x7f0b44516500)                                                        = 0
7928 [0x7f0b45c42857] SYS_mprotect(0x7f0b42429000, 4096, 1, 1)                                                                     = 0
7928 [0x7f0b45c42857] SYS_mprotect(0x7f0b42c88000, 4096, 1, 0x7f0b42a81a00)                                                        = 0
7928 [0x7f0b45c42857] SYS_mprotect(0x7f0b449ec000, 0x7000, 1, 0x7f0b44786810)                                                      = 0
7928 [0x7f0b45c42857] SYS_mprotect(0x7f0b4450f000, 4096, 1, 0x7f0b4430ad58)                                                        = 0
7928 [0x7f0b45c42857] SYS_mprotect(0x7f0b45e4b000, 4096, 1, 0)                                                                     = 0
7928 [0x7f0b45c42837] SYS_munmap(0x7f0b45e41000, 0x83b3, 0x74800, 0)                                                               = 0
7928 [0x7f0b44517e92] SYS_set_tid_address(0x7f0b45e33a50, 0x7fff990985b8, 0x7f0b45e33780, 0)                                       = 7928
7928 [0x7f0b44517efa] SYS_set_robust_list(0x7f0b45e33a60, 24, 0x7f0b45e33780, 0)                                                   = 0
7928 [0x7f0b44521cf5] SYS_rt_sigaction(32, 0x7fff99098308, 0, 8)                                                                   = 0
7928 [0x7f0b44521cf5] SYS_rt_sigaction(33, 0x7fff99098308, 0, 8)                                                                   = 0
7928 [0x7f0b44517fd6] SYS_rt_sigprocmask(1, 0x7fff99098458, 0, 8)                                                                  = 0
7928 [0x7f0b452ceb17] SYS_getrlimit(3, 0x7fff990984f0, 63, 1)                                                                      = 0
7928 [0x7f0b44517b95] SYS_futex(0x7f0b449f67e0, 129, 0x7fffffff, 0)                                                                = 0
7928 [0x4008fd] ledctrl->Lookup_Nas_Info(_T_NAS_PROP_&)(0x7fff99098400, 0x7fff99099b94, 0, 0x7fff99099b93 <unfinished ...>
7928 [0x7f0b459d5d11]   libnasman.so->Open_Share_Memory(char const*, int, void*&, int&)(0x7f0b45a1a08e, 0, 0x7fff990983c0, 0x7fff990983cc <unfinished ...>
7928 [0x7f0b452c9557]     SYS_statfs(0x7f0b445241e8, 0x7fff99098160, 0x7f0b4472d310, 1)                                            = 0
7928 [0x7f0b44517b95]     SYS_futex(0x7f0b4472d310, 129, 0x7fffffff, 0)                                                            = 0
7928 [0x7f0b452c97e0]     SYS_open(0x7fff99098270, 0xa0000, 484, 1)                                                                = 3
7928 [0x7f0b452c93b4]     SYS_fstat(3, 0x7fff99098300, 0x7fff99098300, 1)                                                          = 0
7928 [0x7f0b452d272a]     SYS_mmap(0, 0x2788, 1, 1)                                                                                = 0x7f0b45e47000
7928 [0x7f0b452ca070]     SYS_close(3, 0x2788, 1, 1)                                                                               = 0
7928 [0x7f0b459d5d11]   <... Open_Share_Memory(char const*, int, void*&, int&) resumed> )                                          = 0
7928 [0x7f0b459d5d4d]   libnasman.so->Open_Share_Memory(char const*, int, void*&, int&)(0x7f0b45a1a0a7, 0, 0x7fff990983c0, 0x7fff990983cc <unfinished ...>
7928 [0x7f0b452c97e0]     SYS_open(0x7fff99098270, 0xa0000, 484, 1)                                                                = 3
7928 [0x7f0b452c93b4]     SYS_fstat(3, 0x7fff99098300, 0x7fff99098300, 1)                                                          = 0
7928 [0x7f0b452d272a]     SYS_mmap(0, 3536, 1, 1)                                                                                  = 0x7f0b45e46000
7928 [0x7f0b452ca070]     SYS_close(3, 3536, 1, 1)                                                                                 = 0
7928 [0x7f0b459d5d4d]   <... Open_Share_Memory(char const*, int, void*&, int&) resumed> )                                          = 0
7928 [0x7f0b459d5d7f]   libnasman.so->Open_Share_Memory(char const*, int, void*&, int&)(0x7f0b45a1a0b5, 0, 0x7fff990983c0, 0x7fff990983cc <unfinished ...>
7928 [0x7f0b452c97e0]     SYS_open(0x7fff99098270, 0xa0000, 484, 1)                                                                = 3
7928 [0x7f0b452c93b4]     SYS_fstat(3, 0x7fff99098300, 0x7fff99098300, 1)                                                          = 0
7928 [0x7f0b452d272a]     SYS_mmap(0, 4080, 1, 1)                                                                                  = 0x7f0b45e45000
7928 [0x7f0b452ca070]     SYS_close(3, 4080, 1, 1)                                                                                 = 0
7928 [0x7f0b459d5d7f]   <... Open_Share_Memory(char const*, int, void*&, int&) resumed> )                                          = 0
7928 [0x4008fd] <... Lookup_Nas_Info(_T_NAS_PROP_&) resumed> )                                                                     = 0
7928 [0x400934] ledctrl->Hal_Led_Set_Hdd_Mode(0, 9, 0, 0 <unfinished ...>
7928 [0x7f0b45592f15]   libnhal.so->Hal_Lookup_Hardware_Info(0x7fff990982f0, 9, 0, 0 <unfinished ...>
7928 [0x7f0b452c97e0]     SYS_open(0x7fff990981f0, 0xa0002, 484, 1)                                                                = 3
7928 [0x7f0b452d272a]     SYS_mmap(0, 220, 3, 1)                                                                                   = 0x7f0b45e44000
7928 [0x7f0b452ca070]     SYS_close(3, 220, 3, 1)                                                                                  = 0
7928 [0x7f0b455917f0]     libnhal.so->Hw_Semaphore_Init(0x7fff990982a0, 0x7f0b45594287, 1, -1 <unfinished ...>
7928 [0x7f0b452c9405]       SYS_lstat(0x7fff99098150, 0x7fff99098060, 0x7fff99098060, 0)                                           = -2
7928 [0x7f0b44521510]       SYS_open(0x7fff99098150, 194, 600, 0)                                                                  = 3
7928 [0x7f0b44520da0]       SYS_write(3, 0x7fff990981d0, 32, 0)                                                                    = 32
7928 [0x7f0b452d272a]       SYS_mmap(0, 32, 3, 1)                                                                                  = 0x7f0b45e43000
7928 [0x7f0b452cb1a7]       SYS_link(0x7fff99098150, 0x7fff99098180, 3, 1)                                                         = -17
7928 [0x7f0b452d2757]       SYS_munmap(0x7f0b45e43000, 32, 3, 1)                                                                   = 0
7928 [0x7f0b452cb2c7]       SYS_unlink(0x7fff99098150, 32, 3, 1)                                                                   = 0
7928 [0x7f0b44520e60]       SYS_close(3, 32, 3, 1)                                                                                 = 0
7928 [0x7f0b44521510]       SYS_open(0x7fff99098180, 0x20002, 18, 1)                                                               = 3
7928 [0x7f0b452c93b4]       SYS_fstat(3, 0x7fff990980b0, 0x7fff990980b0, 1)                                                        = 0
7928 [0x7f0b452cef5a]       SYS_brk(0, 0x7f0b45586640, 0, -4096)                                                                   = 0x102f000
7928 [0x7f0b452cef5a]       SYS_brk(0x1050000, 0x102f000, 0x1050000, -4096)                                                        = 0x1050000
7928 [0x7f0b452d272a]       SYS_mmap(0, 32, 3, 1)                                                                                  = 0x7f0b45e43000
7928 [0x7f0b44520e60]       SYS_close(3, 32, 0, 3)                                                                                 = 0
7928 [0x7f0b455917f0]     <... Hw_Semaphore_Init resumed> )                                                                        = 17
7928 [0x7f0b45591800]     libnhal.so->Hw_Semaphore_Lock(0x7fff990982a0, 32, 0x7f0b45e43000, -1)                                    = 0
7928 [0x7f0b45591918]     libnhal.so->Hw_Semaphore_Unlock(0x7fff990982a0, 2, 0x7f0b45e44000, 0)                                    = 0
7928 [0x7f0b45591924]     libnhal.so->Hw_Semaphore_Release(0x7fff990982a0, 128, 0, 0 <unfinished ...>
7928 [0x7f0b452d2757]       SYS_munmap(0x7f0b45e43000, 32, 0, 1)                                                                   = 0
7928 [0x7f0b45591924]     <... Hw_Semaphore_Release resumed> )                                                                     = 0
7928 [0x7f0b45592f15]   <... Hal_Lookup_Hardware_Info resumed> )                                                                   = 0
7928 [0x400934] <... Hal_Led_Set_Hdd_Mode resumed> )                                                                               = 0xffffffea
7928 [0x7f0b459d5f15] libnasman.so->Close_Share_Memory(char const*, void*)(0x7f0b45a1a08e, 0x7f0b45e47000, 0x94de9237e1309afc, 4 <unfinished ...>
7928 [0x7f0b459d5b6e]   libnasman.so->Get_File_Size(char const*, long*)(0x7fff99098160, 0x7fff99098288, 0x7fff99098175, 0 <unfinished ...>
7928 [0x7f0b452c9365]     SYS_stat(0x7fff99098160, 0x7fff990980c0, 0x7fff990980c0, 1)                                              = 0
7928 [0x7f0b459d5b6e]   <... Get_File_Size(char const*, long*) resumed> )                                                          = 0
7928 [0x7f0b452d2757]   SYS_munmap(0x7f0b45e47000, 0x2788, 0x7fff990980c0, 1)                                                      = 0
7928 [0x7f0b459d5f15] <... Close_Share_Memory(char const*, void*) resumed> )                                                       = 0
7928 [0x7f0b459d5f37] libnasman.so->Close_Share_Memory(char const*, void*)(0x7f0b45a1a0a7, 0x7f0b45e46000, 0, -1 <unfinished ...>
7928 [0x7f0b459d5b6e]   libnasman.so->Get_File_Size(char const*, long*)(0x7fff99098160, 0x7fff99098288, 0x7fff99098176, 0 <unfinished ...>
7928 [0x7f0b452c9365]     SYS_stat(0x7fff99098160, 0x7fff990980c0, 0x7fff990980c0, 1)                                              = 0
7928 [0x7f0b459d5b6e]   <... Get_File_Size(char const*, long*) resumed> )                                                          = 0
7928 [0x7f0b452d2757]   SYS_munmap(0x7f0b45e46000, 3536, 0x7fff990980c0, 1)                                                        = 0
7928 [0x7f0b459d5f37] <... Close_Share_Memory(char const*, void*) resumed> )                                                       = 0
7928 [0x7f0b459d5f59] libnasman.so->Close_Share_Memory(char const*, void*)(0x7f0b45a1a0b5, 0x7f0b45e45000, 0, -1 <unfinished ...>
7928 [0x7f0b459d5b6e]   libnasman.so->Get_File_Size(char const*, long*)(0x7fff99098160, 0x7fff99098288, 0x7fff99098176, 0 <unfinished ...>
7928 [0x7f0b452c9365]     SYS_stat(0x7fff99098160, 0x7fff990980c0, 0x7fff990980c0, 1)                                              = 0
7928 [0x7f0b459d5b6e]   <... Get_File_Size(char const*, long*) resumed> )                                                          = 0
7928 [0x7f0b452d2757]   SYS_munmap(0x7f0b45e45000, 4080, 0x7fff990980c0, 1)                                                        = 0
7928 [0x7f0b459d5f59] <... Close_Share_Memory(char const*, void*) resumed> )                                                       = 0
7928 [0x7f0b45223932] libgeneral.so->Trace_Mem_Destroy()(0x7f0b44f3bd40, 0, 0x94de90959af09afc, 16)                                = 0
7928 [0x7f0b452a6468] SYS_exit_group(-22, 60, -22, 0x7f0b45589a48 <no return ...>
7928 [0xffffffffffffffff] +++ exited (status 234) +++
