7922 [0x7f6a373cb8aa] SYS_brk(0, 0x7f6a373cefa0, 0, 895)                                                                           = 0x1122000
7922 [0x7f6a373cc7e7] SYS_readlink(0x7fffaae72b7b, 0x7fffaae70c40, 4096, 0x756e694c00000000)                                       = -2
7922 [0x7f6a373cc677] SYS_open(0x7f6a373d01f3, 0, 0, 0x756e694c00000000)                                                           = 3
7922 [0x7f6a373cc7a7] SYS_chdir(0x7f6a375d7ba8, 0, 0, 0x756e694c00000000)                                                          = -2
7922 [0x7f6a373cb9d2] SYS_getcwd(0x7fffaae70c40, 4096, 0, 0x756e694c00000000)                                                      = 23
7922 [0x7f6a373cc7c7] SYS_fchdir(3, 4096, 0, 0x756e694c00000000)                                                                   = 0
7922 [0x7f6a373cc787] SYS_close(3, 4096, 0, 0x756e694c00000000)                                                                    = 0
7922 [0x7f6a373cc80a] SYS_mmap(0, 4096, 3, 34)                                                                                     = 0x7f6a375d4000
7922 [0x7f6a373cc6d7] SYS_access(0x7f6a373d2700, 4, 0x7f6a375d7718, 0)                                                             = -2
7922 [0x7f6a373cc677] SYS_open(0x7f6a373d0072, 0x80000, 1, 0)                                                                      = 3
7922 [0x7f6a373cc604] SYS_fstat(3, 0x7fffaae70420, 0x7fffaae70420, 0)                                                              = 0
7922 [0x7f6a373cc80a] SYS_mmap(0, 0x83b3, 1, 2)                                                                                    = 0x7f6a375cb000
7922 [0x7f6a373cc787] SYS_close(3, 0x83b3, 1, 2)                                                                                   = 0
7922 [0x7f6a373cc677] SYS_open(0x7f6a375d4640, 0x80000, 0, 56)                                                                     = 3
7922 [0x7f6a373cc697] SYS_read(3, 0x7fffaae705a8, 832, 56)                                                                         = 832
7922 [0x7f6a373cc604] SYS_fstat(3, 0x7fffaae70480, 0x7fffaae70480, 16)                                                             = 0
7922 [0x7f6a373cc80a] SYS_mmap(0, 0x278960, 5, 2050)                                                                               = 0x7f6a3713c000
7922 [0x7f6a373cc857] SYS_mprotect(0x7f6a371b2000, 0x200000, 0, 2050)                                                              = 0
7922 [0x7f6a373cc80a] SYS_mmap(0x7f6a373b2000, 0x3000, 3, 2066)                                                                    = 0x7f6a373b2000
7922 [0x7f6a373cc787] SYS_close(3, 16, 0x7f6a373b23e0, 0x6ffffdff)                                                                 = 0
7922 [0x7f6a373cc677] SYS_open(0x7f6a375d4b10, 0x80000, 0, 0x6ffffdff)                                                             = 3
7922 [0x7f6a373cc697] SYS_read(3, 0x7fffaae70578, 832, 0x6ffffdff)                                                                 = 832
7922 [0x7f6a373cc604] SYS_fstat(3, 0x7fffaae70450, 0x7fffaae70450, 16)                                                             = 0
7922 [0x7f6a373cc80a] SYS_mmap(0, 0x21bee0, 5, 2050)                                                                               = 0x7f6a36f20000
7922 [0x7f6a373cc857] SYS_mprotect(0x7f6a36f3b000, 0x200000, 0, 2050)                                                              = 0
7922 [0x7f6a373cc80a] SYS_mmap(0x7f6a3713b000, 4096, 3, 2066)                                                                      = 0x7f6a3713b000
7922 [0x7f6a373cc787] SYS_close(3, 16, 0x7f6a3713b208, 0x6ffffdff)                                                                 = 0
7922 [0x7f6a373cc677] SYS_open(0x7f6a375d4fe0, 0x80000, 0, 0x6ffffdff)                                                             = 3
7922 [0x7f6a373cc697] SYS_read(3, 0x7fffaae70548, 832, 0x6ffffdff)                                                                 = 832
7922 [0x7f6a373cc604] SYS_fstat(3, 0x7fffaae70420, 0x7fffaae70420, 16)                                                             = 0
7922 [0x7f6a373cc80a] SYS_mmap(0, 4096, 3, 34)                                                                                     = 0x7f6a375ca000
7922 [0x7f6a373cc80a] SYS_mmap(0, 0x209ad0, 5, 2050)                                                                               = 0x7f6a36d16000
7922 [0x7f6a373cc857] SYS_mprotect(0x7f6a36d20000, 0x1ff000, 0, 2050)                                                              = 0
7922 [0x7f6a373cc80a] SYS_mmap(0x7f6a36f1f000, 4096, 3, 2066)                                                                      = 0x7f6a36f1f000
7922 [0x7f6a373cc787] SYS_close(3, 16, 0x7f6a36f1f690, 0x6ffffdff)                                                                 = 0
7922 [0x7f6a373cc677] SYS_open(0x7f6a375ca4b8, 0x80000, 0, 0x6ffffdff)                                                             = 3
7922 [0x7f6a373cc697] SYS_read(3, 0x7fffaae70518, 832, 0x6ffffdff)                                                                 = 832
7922 [0x7f6a373cc604] SYS_fstat(3, 0x7fffaae703f0, 0x7fffaae703f0, 32)                                                             = 0
7922 [0x7f6a373cc80a] SYS_mmap(0, 0x39dc40, 5, 2050)                                                                               = 0x7f6a36978000
7922 [0x7f6a373cc857] SYS_mprotect(0x7f6a36b0c000, 0x200000, 0, 2050)                                                              = 0
7922 [0x7f6a373cc80a] SYS_mmap(0x7f6a36d0c000, 0x6000, 3, 2066)                                                                    = 0x7f6a36d0c000
7922 [0x7f6a373cc80a] SYS_mmap(0x7f6a36d12000, 0x3c40, 3, 50)                                                                      = 0x7f6a36d12000
7922 [0x7f6a373cc787] SYS_close(3, 16, 0, 0x6ffffdff)                                                                              = 0
7922 [0x7f6a373cc677] SYS_open(0x7f6a375ca988, 0x80000, 0, 0x6ffffdff)                                                             = 3
7922 [0x7f6a373cc697] SYS_read(3, 0x7fffaae703c8, 832, 0x6ffffdff)                                                                 = 832
7922 [0x7f6a373cc604] SYS_fstat(3, 0x7fffaae702a0, 0x7fffaae702a0, 16)                                                             = 0
7922 [0x7f6a373cc80a] SYS_mmap(0, 0x2b09d0, 5, 2050)                                                                               = 0x7f6a366c7000
7922 [0x7f6a373cc857] SYS_mprotect(0x7f6a36776000, 0x1ff000, 0, 2050)                                                              = 0
7922 [0x7f6a373cc80a] SYS_mmap(0x7f6a36975000, 0x3000, 3, 2066)                                                                    = 0x7f6a36975000
7922 [0x7f6a373cc787] SYS_close(3, 16, 0x7f6a369759a8, 0x6ffffdff)                                                                 = 0
7922 [0x7f6a373cc677] SYS_open(0x7f6a375cae58, 0x80000, 0, 0x6ffffdff)                                                             = 3
7922 [0x7f6a373cc697] SYS_read(3, 0x7fffaae70398, 832, 0x6ffffdff)                                                                 = 832
7922 [0x7f6a373cc604] SYS_fstat(3, 0x7fffaae70270, 0x7fffaae70270, 16)                                                             = 0
7922 [0x7f6a373cc80a] SYS_mmap(0, 4096, 3, 34)                                                                                     = 0x7f6a375c9000
7922 [0x7f6a373cc80a] SYS_mmap(0, 0x294ee0, 5, 2050)                                                                               = 0x7f6a36432000
7922 [0x7f6a373cc857] SYS_mprotect(0x7f6a364c4000, 0x1ff000, 0, 2050)                                                              = 0
7922 [0x7f6a373cc80a] SYS_mmap(0x7f6a366c3000, 0x3000, 3, 2066)                                                                    = 0x7f6a366c3000
7922 [0x7f6a373cc80a] SYS_mmap(0x7f6a366c6000, 3808, 3, 50)                                                                        = 0x7f6a366c6000
7922 [0x7f6a373cc787] SYS_close(3, 16, 0x7f6a366c3e30, 0x6ffffdff)                                                                 = 0
7922 [0x7f6a373cc677] SYS_open(0x7f6a375c94b8, 0x80000, 0, 0x6ffffdff)                                                             = 3
7922 [0x7f6a373cc697] SYS_read(3, 0x7fffaae70368, 832, 0x6ffffdff)                                                                 = 832
7922 [0x7f6a373cc604] SYS_fstat(3, 0x7fffaae70240, 0x7fffaae70240, 16)                                                             = 0
7922 [0x7f6a373cc80a] SYS_mmap(0, 0x29d850, 5, 2050)                                                                               = 0x7f6a36194000
7922 [0x7f6a373cc857] SYS_mprotect(0x7f6a3622d000, 0x200000, 0, 2050)                                                              = 0
7922 [0x7f6a373cc80a] SYS_mmap(0x7f6a3642d000, 0x3000, 3, 2066)                                                                    = 0x7f6a3642d000
7922 [0x7f6a373cc80a] SYS_mmap(0x7f6a36430000, 6224, 3, 50)                                                                        = 0x7f6a36430000
7922 [0x7f6a373cc787] SYS_close(3, 16, 0x7f6a3642ecc8, 0x6ffffdff)                                                                 = 0
7922 [0x7f6a373cc677] SYS_open(0x7f6a375c99a0, 0x80000, 0, 0x6ffffdff)                                                             = 3
7922 [0x7f6a373cc697] SYS_read(3, 0x7fffaae70338, 832, 0x6ffffdff)                                                                 = 832
7922 [0x7f6a373cc604] SYS_fstat(3, 0x7fffaae70210, 0x7fffaae70210, 16)                                                             = 0
7922 [0x7f6a373cc80a] SYS_mmap(0, 0x2dbbb0, 5, 2050)                                                                               = 0x7f6a35eb8000
7922 [0x7f6a373cc857] SYS_mprotect(0x7f6a35f76000, 0x200000, 0, 2050)                                                              = 0
7922 [0x7f6a373cc80a] SYS_mmap(0x7f6a36176000, 0xa000, 3, 2066)                                                                    = 0x7f6a36176000
7922 [0x7f6a373cc80a] SYS_mmap(0x7f6a36180000, 0x13bb0, 3, 50)                                                                     = 0x7f6a36180000
7922 [0x7f6a373cc787] SYS_close(3, 16, 0x7f6a3617c4d8, 0x6ffffdff)                                                                 = 0
7922 [0x7f6a373cc677] SYS_open(0x7f6a375c9e70, 0x80000, 0, 0x6ffffdff)                                                             = 3
7922 [0x7f6a373cc697] SYS_read(3, 0x7fffaae70308, 832, 0x6ffffdff)                                                                 = 832
7922 [0x7f6a373cc604] SYS_fstat(3, 0x7fffaae701e0, 0x7fffaae701e0, 32)                                                             = 0
7922 [0x7f6a373cc80a] SYS_mmap(0, 4096, 3, 34)                                                                                     = 0x7f6a375c8000
7922 [0x7f6a373cc80a] SYS_mmap(0, 0x21c490, 5, 2050)                                                                               = 0x7f6a35c9b000
7922 [0x7f6a373cc857] SYS_mprotect(0x7f6a35cb3000, 0x1ff000, 0, 2050)                                                              = 0
7922 [0x7f6a373cc80a] SYS_mmap(0x7f6a35eb2000, 8192, 3, 2066)                                                                      = 0x7f6a35eb2000
7922 [0x7f6a373cc80a] SYS_mmap(0x7f6a35eb4000, 0x3490, 3, 50)                                                                      = 0x7f6a35eb4000
7922 [0x7f6a373cc787] SYS_close(3, 16, 0, 0x6ffffdff)                                                                              = 0
7922 [0x7f6a373cc677] SYS_open(0x7f6a375c84b8, 0x80000, 0, 0x6ffffdff)                                                             = 3
7922 [0x7f6a373cc697] SYS_read(3, 0x7fffaae702d8, 832, 0x6ffffdff)                                                                 = 832
7922 [0x7f6a373cc604] SYS_fstat(3, 0x7fffaae701b0, 0x7fffaae701b0, 32)                                                             = 0
7922 [0x7f6a373cc80a] SYS_mmap(0, 0x207bc0, 5, 2050)                                                                               = 0x7f6a35a93000
7922 [0x7f6a373cc857] SYS_mprotect(0x7f6a35a9a000, 0x1ff000, 0, 2050)                                                              = 0
7922 [0x7f6a373cc80a] SYS_mmap(0x7f6a35c99000, 8192, 3, 2066)                                                                      = 0x7f6a35c99000
7922 [0x7f6a373cc787] SYS_close(3, 16, 0, 0x6ffffdff)                                                                              = 0
7922 [0x7f6a373cc677] SYS_open(0x7f6a375c8988, 0x80000, 0, 0x6ffffdff)                                                             = 3
7922 [0x7f6a373cc697] SYS_read(3, 0x7fffaae702a8, 832, 0x6ffffdff)                                                                 = 832
7922 [0x7f6a373cc604] SYS_fstat(3, 0x7fffaae70180, 0x7fffaae70180, 16)                                                             = 0
7922 [0x7f6a373cc80a] SYS_mmap(0, 0x202e20, 5, 2050)                                                                               = 0x7f6a35890000
7922 [0x7f6a373cc857] SYS_mprotect(0x7f6a35893000, 0x1ff000, 0, 2050)                                                              = 0
7922 [0x7f6a373cc80a] SYS_mmap(0x7f6a35a92000, 4096, 3, 2066)                                                                      = 0x7f6a35a92000
7922 [0x7f6a373cc787] SYS_close(3, 16, 0x7f6a35a92c28, 0x6ffffdff)                                                                 = 0
7922 [0x7f6a373cc677] SYS_open(0x7f6a375c8e58, 0x80000, 0, 0x6ffffdff)                                                             = 3
7922 [0x7f6a373cc697] SYS_read(3, 0x7fffaae70278, 832, 0x6ffffdff)                                                                 = 832
7922 [0x7f6a373cc604] SYS_fstat(3, 0x7fffaae70150, 0x7fffaae70150, 16)                                                             = 0
7922 [0x7f6a373cc80a] SYS_mmap(0, 4096, 3, 34)                                                                                     = 0x7f6a375c7000
7922 [0x7f6a373cc80a] SYS_mmap(0, 0x209850, 5, 2050)                                                                               = 0x7f6a35686000
7922 [0x7f6a373cc857] SYS_mprotect(0x7f6a35690000, 0x1ff000, 0, 2050)                                                              = 0
7922 [0x7f6a373cc80a] SYS_mmap(0x7f6a3588f000, 4096, 3, 2066)                                                                      = 0x7f6a3588f000
7922 [0x7f6a373cc787] SYS_close(3, 16, 0x7f6a3588f618, 0x6ffffdff)                                                                 = 0
7922 [0x7f6a373cc677] SYS_open(0x7f6a375c74b8, 0x80000, 0, 0x6ffffdff)                                                             = 3
7922 [0x7f6a373cc697] SYS_read(3, 0x7fffaae70248, 832, 0x6ffffdff)                                                                 = 832
7922 [0x7f6a373cc604] SYS_fstat(3, 0x7fffaae70120, 0x7fffaae70120, 16)                                                             = 0
7922 [0x7f6a373cc80a] SYS_mmap(0, 0x210868, 5, 2050)                                                                               = 0x7f6a35475000
7922 [0x7f6a373cc857] SYS_mprotect(0x7f6a35486000, 0x1ff000, 0, 2050)                                                              = 0
7922 [0x7f6a373cc80a] SYS_mmap(0x7f6a35685000, 4096, 3, 2066)                                                                      = 0x7f6a35685000
7922 [0x7f6a373cc787] SYS_close(3, 16, 0x7f6a35685408, 0x6ffffdff)                                                                 = 0
7922 [0x7f6a373cc677] SYS_open(0x7f6a375c7a40, 0x80000, 0, 0x7f6a375c89a0)                                                         = 3
7922 [0x7f6a373cc697] SYS_read(3, 0x7fffaae700e8, 832, 0x7f6a375c89a0)                                                             = 832
7922 [0x7f6a373cc604] SYS_fstat(3, 0x7fffaae6ffc0, 0x7fffaae6ffc0, 16)                                                             = 0
7922 [0x7f6a373cc80a] SYS_mmap(0, 0x2032c8, 5, 2050)                                                                               = 0x7f6a35271000
7922 [0x7f6a373cc857] SYS_mprotect(0x7f6a35274000, 0x200000, 0, 2050)                                                              = 0
7922 [0x7f6a373cc80a] SYS_mmap(0x7f6a35474000, 4096, 3, 2066)                                                                      = 0x7f6a35474000
7922 [0x7f6a373cc787] SYS_close(3, 16, 0x7f6a35474188, 0x6ffffdff)                                                                 = 0
7922 [0x7f6a373cc677] SYS_open(0x7f6a375c7f28, 0x80000, 0, 0x6ffffdff)                                                             = 3
7922 [0x7f6a373cc697] SYS_read(3, 0x7fffaae700b8, 832, 0x6ffffdff)                                                                 = 832
7922 [0x7f6a373cc604] SYS_fstat(3, 0x7fffaae6ff90, 0x7fffaae6ff90, 16)                                                             = 0
7922 [0x7f6a373cc80a] SYS_mmap(0, 4096, 3, 34)                                                                                     = 0x7f6a375c6000
7922 [0x7f6a373cc80a] SYS_mmap(0, 0x207820, 5, 2050)                                                                               = 0x7f6a35069000
7922 [0x7f6a373cc857] SYS_mprotect(0x7f6a35070000, 0x200000, 0, 2050)                                                              = 0
7922 [0x7f6a373cc80a] SYS_mmap(0x7f6a35270000, 4096, 3, 2066)                                                                      = 0x7f6a35270000
7922 [0x7f6a373cc787] SYS_close(3, 16, 0x7f6a35270188, 0x6ffffdff)                                                                 = 0
7922 [0x7f6a373cc677] SYS_open(0x7f6a375c64c8, 0x80000, 0, 0x6ffffdff)                                                             = 3
7922 [0x7f6a373cc697] SYS_read(3, 0x7fffaae70088, 832, 0x6ffffdff)                                                                 = 832
7922 [0x7f6a373cc604] SYS_fstat(3, 0x7fffaae6ff60, 0x7fffaae6ff60, 16)                                                             = 0
7922 [0x7f6a373cc80a] SYS_mmap(0, 0x201f30, 5, 2050)                                                                               = 0x7f6a34e67000
7922 [0x7f6a373cc857] SYS_mprotect(0x7f6a34e69000, 0x1ff000, 0, 2050)                                                              = 0
7922 [0x7f6a373cc80a] SYS_mmap(0x7f6a35068000, 4096, 3, 2066)                                                                      = 0x7f6a35068000
7922 [0x7f6a373cc787] SYS_close(3, 16, 0x7f6a35068e18, 0x6ffffdff)                                                                 = 0
7922 [0x7f6a373cc677] SYS_open(0x7f6a375c6a60, 0x80000, 0, 0x7f6a375ca4d0)                                                         = 3
7922 [0x7f6a373cc697] SYS_read(3, 0x7fffaae70058, 832, 0x7f6a375ca4d0)                                                             = 832
7922 [0x7f6a373cc604] SYS_fstat(3, 0x7fffaae6ff30, 0x7fffaae6ff30, 16)                                                             = 0
7922 [0x7f6a373cc80a] SYS_mmap(0, 0x2022e8, 5, 2050)                                                                               = 0x7f6a34c64000
7922 [0x7f6a373cc857] SYS_mprotect(0x7f6a34c66000, 0x200000, 0, 2050)                                                              = 0
7922 [0x7f6a373cc80a] SYS_mmap(0x7f6a34e66000, 4096, 3, 2066)                                                                      = 0x7f6a34e66000
7922 [0x7f6a373cc787] SYS_close(3, 16, 0x7f6a34e66198, 0x6ffffdff)                                                                 = 0
7922 [0x7f6a373cc677] SYS_open(0x7f6a375c6f40, 0x80000, 0, 0x6ffffdff)                                                             = 3
7922 [0x7f6a373cc697] SYS_read(3, 0x7fffaae70028, 832, 0x6ffffdff)                                                                 = 832
7922 [0x7f6a373cc604] SYS_fstat(3, 0x7fffaae6ff00, 0x7fffaae6ff00, 16)                                                             = 0
7922 [0x7f6a373cc80a] SYS_mmap(0, 4096, 3, 34)                                                                                     = 0x7f6a375c5000
7922 [0x7f6a373cc80a] SYS_mmap(0, 0x201f30, 5, 2050)                                                                               = 0x7f6a34a62000
7922 [0x7f6a373cc857] SYS_mprotect(0x7f6a34a64000, 0x1ff000, 0, 2050)                                                              = 0
7922 [0x7f6a373cc80a] SYS_mmap(0x7f6a34c63000, 4096, 3, 2066)                                                                      = 0x7f6a34c63000
7922 [0x7f6a373cc787] SYS_close(3, 16, 0x7f6a34c63e18, 0x6ffffdff)                                                                 = 0
7922 [0x7f6a373cc677] SYS_open(0x7f6a375c54c0, 0x80000, 0, 0x6ffffdff)                                                             = 3
7922 [0x7f6a373cc697] SYS_read(3, 0x7fffaae6fff8, 832, 0x6ffffdff)                                                                 = 832
7922 [0x7f6a373cc604] SYS_fstat(3, 0x7fffaae6fed0, 0x7fffaae6fed0, 16)                                                             = 0
7922 [0x7f6a373cc80a] SYS_mmap(0, 0x2038b8, 5, 2050)                                                                               = 0x7f6a3485e000
7922 [0x7f6a373cc857] SYS_mprotect(0x7f6a34862000, 0x1ff000, 0, 2050)                                                              = 0
7922 [0x7f6a373cc80a] SYS_mmap(0x7f6a34a61000, 4096, 3, 2066)                                                                      = 0x7f6a34a61000
7922 [0x7f6a373cc787] SYS_close(3, 16, 0x7f6a34a61748, 0x6ffffdff)                                                                 = 0
7922 [0x7f6a373cc677] SYS_open(0x7f6a375c5a60, 0x80000, 0, 0x7f6a375c8000)                                                         = 3
7922 [0x7f6a373cc697] SYS_read(3, 0x7fffaae6ff98, 832, 0x7f6a375c8000)                                                             = 832
7922 [0x7f6a373cc604] SYS_fstat(3, 0x7fffaae6fe70, 0x7fffaae6fe70, 16)                                                             = 0
7922 [0x7f6a373cc80a] SYS_mmap(0, 0x210848, 5, 2050)                                                                               = 0x7f6a3464d000
7922 [0x7f6a373cc857] SYS_mprotect(0x7f6a3465d000, 0x1ff000, 0, 2050)                                                              = 0
7922 [0x7f6a373cc80a] SYS_mmap(0x7f6a3485c000, 8192, 3, 2066)                                                                      = 0x7f6a3485c000
7922 [0x7f6a373cc787] SYS_close(3, 16, 0x7f6a3485cd90, 0x6ffffdff)                                                                 = 0
7922 [0x7f6a373cc677] SYS_open(0x7f6a375c5f48, 0x80000, 0, 0x6ffffdff)                                                             = 3
7922 [0x7f6a373cc697] SYS_read(3, 0x7fffaae6ff68, 832, 0x6ffffdff)                                                                 = 832
7922 [0x7f6a373cc604] SYS_fstat(3, 0x7fffaae6fe40, 0x7fffaae6fe40, 16)                                                             = 0
7922 [0x7f6a373cc80a] SYS_mmap(0, 4096, 3, 34)                                                                                     = 0x7f6a375c4000
7922 [0x7f6a373cc80a] SYS_mmap(0, 0x20acf0, 5, 2050)                                                                               = 0x7f6a34442000
7922 [0x7f6a373cc857] SYS_mprotect(0x7f6a3444d000, 0x1ff000, 0, 2050)                                                              = 0
7922 [0x7f6a373cc80a] SYS_mmap(0x7f6a3464c000, 4096, 3, 2066)                                                                      = 0x7f6a3464c000
7922 [0x7f6a373cc787] SYS_close(3, 16, 0x7f6a3464c750, 0x6ffffdff)                                                                 = 0
7922 [0x7f6a373cc677] SYS_open(0x7f6a375c4560, 0x80000, 0, 0x7f6a375c8000)                                                         = 3
7922 [0x7f6a373cc697] SYS_read(3, 0x7fffaae6ff38, 832, 0x7f6a375c8000)                                                             = 832
7922 [0x7f6a373cc604] SYS_fstat(3, 0x7fffaae6fe10, 0x7fffaae6fe10, 32)                                                             = 0
7922 [0x7f6a373cc80a] SYS_mmap(0, 0x2361e0, 5, 2050)                                                                               = 0x7f6a3420b000
7922 [0x7f6a373cc857] SYS_mprotect(0x7f6a34213000, 0x1ff000, 0, 2050)                                                              = 0
7922 [0x7f6a373cc80a] SYS_mmap(0x7f6a34412000, 8192, 3, 2066)                                                                      = 0x7f6a34412000
7922 [0x7f6a373cc80a] SYS_mmap(0x7f6a34414000, 0x2d1e0, 3, 50)                                                                     = 0x7f6a34414000
7922 [0x7f6a373cc787] SYS_close(3, 16, 0, 0x6ffffdff)                                                                              = 0
7922 [0x7f6a373cc677] SYS_open(0x7f6a375c4a30, 0x80000, 0, 0x6ffffdff)                                                             = 3
7922 [0x7f6a373cc697] SYS_read(3, 0x7fffaae6ff08, 832, 0x6ffffdff)                                                                 = 832
7922 [0x7f6a373cc604] SYS_fstat(3, 0x7fffaae6fde0, 0x7fffaae6fde0, 16)                                                             = 0
7922 [0x7f6a373cc80a] SYS_mmap(0, 0x43fe88, 5, 2050)                                                                               = 0x7f6a33dcb000
7922 [0x7f6a373cc857] SYS_mprotect(0x7f6a33fe0000, 0x200000, 0, 2050)                                                              = 0
7922 [0x7f6a373cc80a] SYS_mmap(0x7f6a341e0000, 0x27000, 3, 2066)                                                                   = 0x7f6a341e0000
7922 [0x7f6a373cc80a] SYS_mmap(0x7f6a34207000, 0x3e88, 3, 50)                                                                      = 0x7f6a34207000
7922 [0x7f6a373cc857] SYS_mprotect(0x7fffaae71000, 4096, 0x1000007, 4)                                                             = 0
7922 [0x7f6a373cc787] SYS_close(3, 4096, 0x1000007, 4)                                                                             = 0
7922 [0x7f6a373cc677] SYS_open(0x7f6a375c4fb0, 0x80000, 0, 0x7f6a375c74d0)                                                         = 3
7922 [0x7f6a373cc697] SYS_read(3, 0x7fffaae6fed8, 832, 0x7f6a375c74d0)                                                             = 832
7922 [0x7f6a373cc604] SYS_fstat(3, 0x7fffaae6fdb0, 0x7fffaae6fdb0, 16)                                                             = 0
7922 [0x7f6a373cc80a] SYS_mmap(0, 4096, 3, 34)                                                                                     = 0x7f6a375c3000
7922 [0x7f6a373cc80a] SYS_mmap(0, 0x215730, 5, 2050)                                                                               = 0x7f6a33bb5000
7922 [0x7f6a373cc857] SYS_mprotect(0x7f6a33bcb000, 0x1ff000, 0, 2050)                                                              = 0
7922 [0x7f6a373cc80a] SYS_mmap(0x7f6a33dca000, 4096, 3, 2066)                                                                      = 0x7f6a33dca000
7922 [0x7f6a373cc787] SYS_close(3, 16, 0x7f6a33dca490, 0x6ffffdff)                                                                 = 0
7922 [0x7f6a373cc677] SYS_open(0x7f6a375c34f0, 0x80000, 0, 0x6ffffdff)                                                             = 3
7922 [0x7f6a373cc697] SYS_read(3, 0x7fffaae6fea8, 832, 0x6ffffdff)                                                                 = 832
7922 [0x7f6a373cc604] SYS_fstat(3, 0x7fffaae6fd80, 0x7fffaae6fd80, 32)                                                             = 0
7922 [0x7f6a373cc80a] SYS_mmap(0, 0x2fd148, 5, 2050)                                                                               = 0x7f6a338b7000
7922 [0x7f6a373cc857] SYS_mprotect(0x7f6a339b4000, 0x1ff000, 0, 2050)                                                              = 0
7922 [0x7f6a373cc80a] SYS_mmap(0x7f6a33bb3000, 8192, 3, 2066)                                                                      = 0x7f6a33bb3000
7922 [0x7f6a373cc787] SYS_close(3, 16, 0, 0x6ffffdff)                                                                              = 0
7922 [0x7f6a373cc677] SYS_open(0x7fffaae6fc70, 0x80000, 0, 0x36782f39325f3130)                                                     = -2
7922 [0x7f6a373cc5c5] SYS_stat(0x7fffaae6fc70, 0x7fffaae6fd50, 0x7fffaae6fd50, 0x36782f39325f3130)                                 = -2
7922 [0x7f6a373cc677] SYS_open(0x7fffaae6fc70, 0x80000, 0, 0x36782f39325f3130)                                                     = -2
7922 [0x7f6a373cc5c5] SYS_stat(0x7fffaae6fc70, 0x7fffaae6fd50, 0x7fffaae6fd50, 0x36782f39325f3130)                                 = -2
7922 [0x7f6a373cc677] SYS_open(0x7fffaae6fc70, 0x80000, 0, 0x36782f39325f3130)                                                     = -2
7922 [0x7f6a373cc5c5] SYS_stat(0x7fffaae6fc70, 0x7fffaae6fd50, 0x7fffaae6fd50, 0x36782f39325f3130)                                 = -2
7922 [0x7f6a373cc677] SYS_open(0x7fffaae6fc70, 0x80000, 0, 0x36782f39325f3130)                                                     = -2
7922 [0x7f6a373cc5c5] SYS_stat(0x7fffaae6fc70, 0x7fffaae6fd50, 0x7fffaae6fd50, 0x36782f39325f3130)                                 = -2
7922 [0x7f6a373cc677] SYS_open(0x7f6a375c3dd0, 0x80000, 0, 0x36782f39325f3130)                                                     = 3
7922 [0x7f6a373cc697] SYS_read(3, 0x7fffaae6fe78, 832, 0x36782f39325f3130)                                                         = 832
7922 [0x7f6a373cc604] SYS_fstat(3, 0x7fffaae6fd50, 0x7fffaae6fd50, 16)                                                             = 0
7922 [0x7f6a373cc80a] SYS_mmap(0, 4096, 3, 34)                                                                                     = 0x7f6a375c2000
7922 [0x7f6a373cc80a] SYS_mmap(0, 0x2f8980, 5, 2050)                                                                               = 0x7f6a335be000
7922 [0x7f6a373cc857] SYS_mprotect(0x7f6a336b5000, 0x200000, 0, 2050)                                                              = 0
7922 [0x7f6a373cc80a] SYS_mmap(0x7f6a338b5000, 8192, 3, 2066)                                                                      = 0x7f6a338b5000
7922 [0x7f6a373cc787] SYS_close(3, 16, 0x7f6a338b53a0, 0x6ffffdff)                                                                 = 0
7922 [0x7f6a373cc677] SYS_open(0x7f6a375c24c8, 0x80000, 0, 0x6ffffdff)                                                             = 3
7922 [0x7f6a373cc697] SYS_read(3, 0x7fffaae6fe48, 832, 0x6ffffdff)                                                                 = 832
7922 [0x7f6a373cc604] SYS_fstat(3, 0x7fffaae6fd20, 0x7fffaae6fd20, 16)                                                             = 0
7922 [0x7f6a373cc80a] SYS_mmap(0, 0x2fc9d8, 5, 2050)                                                                               = 0x7f6a332c1000
7922 [0x7f6a373cc857] SYS_mprotect(0x7f6a333bc000, 0x200000, 0, 2050)                                                              = 0
7922 [0x7f6a373cc80a] SYS_mmap(0x7f6a335bc000, 8192, 3, 2066)                                                                      = 0x7f6a335bc000
7922 [0x7f6a373cc787] SYS_close(3, 16, 0x7f6a335bd828, 0x6ffffdff)                                                                 = 0
7922 [0x7f6a373cc677] SYS_open(0x7f6a375c2998, 0x80000, 0, 0x6ffffdff)                                                             = 3
7922 [0x7f6a373cc697] SYS_read(3, 0x7fffaae6fe18, 832, 0x6ffffdff)                                                                 = 832
7922 [0x7f6a373cc604] SYS_fstat(3, 0x7fffaae6fcf0, 0x7fffaae6fcf0, 16)                                                             = 0
7922 [0x7f6a373cc80a] SYS_mmap(0, 0x242830, 5, 2050)                                                                               = 0x7f6a3307e000
7922 [0x7f6a373cc857] SYS_mprotect(0x7f6a330c1000, 0x1ff000, 0, 2050)                                                              = 0
7922 [0x7f6a373cc80a] SYS_mmap(0x7f6a332c0000, 4096, 3, 2066)                                                                      = 0x7f6a332c0000
7922 [0x7f6a373cc787] SYS_close(3, 16, 0x7f6a332c0630, 0x6ffffdff)                                                                 = 0
7922 [0x7f6a373cc677] SYS_open(0x7f6a375c2f70, 0x80000, 0, 0x7f6a375c99b8)                                                         = 3
7922 [0x7f6a373cc697] SYS_read(3, 0x7fffaae6fde8, 832, 0x7f6a375c99b8)                                                             = 832
7922 [0x7f6a373cc604] SYS_fstat(3, 0x7fffaae6fcc0, 0x7fffaae6fcc0, 32)                                                             = 0
7922 [0x7f6a373cc80a] SYS_mmap(0, 4096, 3, 34)                                                                                     = 0x7f6a375c1000
7922 [0x7f6a373cc80a] SYS_mmap(0, 0x203118, 5, 2050)                                                                               = 0x7f6a32e7a000
7922 [0x7f6a373cc857] SYS_mprotect(0x7f6a32e7c000, 0x200000, 0, 2050)                                                              = 0
7922 [0x7f6a373cc80a] SYS_mmap(0x7f6a3307c000, 8192, 3, 2066)                                                                      = 0x7f6a3307c000
7922 [0x7f6a373cc787] SYS_close(3, 16, 0x7f6a3307cf40, 0x6ffffdff)                                                                 = 0
7922 [0x7f6a373cc80a] SYS_mmap(0, 4096, 3, 34)                                                                                     = 0x7f6a375c0000
7922 [0x7f6a373cc80a] SYS_mmap(0, 4096, 3, 34)                                                                                     = 0x7f6a375bf000
7922 [0x7f6a373cc80a] SYS_mmap(0, 8192, 3, 34)                                                                                     = 0x7f6a375bd000
7922 [0x7f6a373b6044] SYS_arch_prctl(4098, 0x7f6a375bd780, 0x7f6a375be080, 34)                                                     = 0
7922 [0x7f6a373cc857] SYS_mprotect(0x7f6a36d0c000, 0x4000, 1, 1)                                                                   = 0
7922 [0x7f6a373cc857] SYS_mprotect(0x7f6a3307c000, 4096, 1, 0x7f6a32e7ac68)                                                        = 0
7922 [0x7f6a373cc857] SYS_mprotect(0x7f6a35eb2000, 4096, 1, 0x7f6a35ca0500)                                                        = 0
7922 [0x7f6a373cc857] SYS_mprotect(0x7f6a33bb3000, 4096, 1, 1)                                                                     = 0
7922 [0x7f6a373cc857] SYS_mprotect(0x7f6a34412000, 4096, 1, 0x7f6a3420ba00)                                                        = 0
7922 [0x7f6a373cc857] SYS_mprotect(0x7f6a36176000, 0x7000, 1, 0x7f6a35f10810)                                                      = 0
7922 [0x7f6a373cc857] SYS_mprotect(0x7f6a35c99000, 4096, 1, 0x7f6a35a94d58)                                                        = 0
7922 [0x7f6a373cc857] SYS_mprotect(0x7f6a375d5000, 4096, 1, 0)                                                                     = 0
7922 [0x7f6a373cc837] SYS_munmap(0x7f6a375cb000, 0x83b3, 0x72f00, 0)                                                               = 0
7922 [0x7f6a35ca1e92] SYS_set_tid_address(0x7f6a375bda50, 0x7fffaae71dd8, 0x7f6a375bd780, 0)                                       = 7922
7922 [0x7f6a35ca1efa] SYS_set_robust_list(0x7f6a375bda60, 24, 0x7f6a375bd780, 0)                                                   = 0
7922 [0x7f6a35cabcf5] SYS_rt_sigaction(32, 0x7fffaae71b28, 0, 8)                                                                   = 0
7922 [0x7f6a35cabcf5] SYS_rt_sigaction(33, 0x7fffaae71b28, 0, 8)                                                                   = 0
7922 [0x7f6a35ca1fd6] SYS_rt_sigprocmask(1, 0x7fffaae71c78, 0, 8)                                                                  = 0
7922 [0x7f6a36a58b17] SYS_getrlimit(3, 0x7fffaae71d10, 63, 1)                                                                      = 0
7922 [0x7f6a35ca1b95] SYS_futex(0x7f6a361807e0, 129, 0x7fffffff, 0)                                                                = 0
7922 [0x4008fd] ledctrl->Lookup_Nas_Info(_T_NAS_PROP_&)(0x7fffaae71c20, 0x7fffaae72b94, 0, 0x7fffaae72b93 <unfinished ...>
7922 [0x7f6a3715fd11]   libnasman.so->Open_Share_Memory(char const*, int, void*&, int&)(0x7f6a371a408e, 0, 0x7fffaae71be0, 0x7fffaae71bec <unfinished ...>
7922 [0x7f6a36a53557]     SYS_statfs(0x7f6a35cae1e8, 0x7fffaae71980, 0x7f6a35eb7310, 1)                                            = 0
7922 [0x7f6a35ca1b95]     SYS_futex(0x7f6a35eb7310, 129, 0x7fffffff, 0)                                                            = 0
7922 [0x7f6a36a537e0]     SYS_open(0x7fffaae71a90, 0xa0000, 484, 1)                                                                = 3
7922 [0x7f6a36a533b4]     SYS_fstat(3, 0x7fffaae71b20, 0x7fffaae71b20, 1)                                                          = 0
7922 [0x7f6a36a5c72a]     SYS_mmap(0, 0x2788, 1, 1)                                                                                = 0x7f6a375d1000
7922 [0x7f6a36a54070]     SYS_close(3, 0x2788, 1, 1)                                                                               = 0
7922 [0x7f6a3715fd11]   <... Open_Share_Memory(char const*, int, void*&, int&) resumed> )                                          = 0
7922 [0x7f6a3715fd4d]   libnasman.so->Open_Share_Memory(char const*, int, void*&, int&)(0x7f6a371a40a7, 0, 0x7fffaae71be0, 0x7fffaae71bec <unfinished ...>
7922 [0x7f6a36a537e0]     SYS_open(0x7fffaae71a90, 0xa0000, 484, 1)                                                                = 3
7922 [0x7f6a36a533b4]     SYS_fstat(3, 0x7fffaae71b20, 0x7fffaae71b20, 1)                                                          = 0
7922 [0x7f6a36a5c72a]     SYS_mmap(0, 3536, 1, 1)                                                                                  = 0x7f6a375d0000
7922 [0x7f6a36a54070]     SYS_close(3, 3536, 1, 1)                                                                                 = 0
7922 [0x7f6a3715fd4d]   <... Open_Share_Memory(char const*, int, void*&, int&) resumed> )                                          = 0
7922 [0x7f6a3715fd7f]   libnasman.so->Open_Share_Memory(char const*, int, void*&, int&)(0x7f6a371a40b5, 0, 0x7fffaae71be0, 0x7fffaae71bec <unfinished ...>
7922 [0x7f6a36a537e0]     SYS_open(0x7fffaae71a90, 0xa0000, 484, 1)                                                                = 3
7922 [0x7f6a36a533b4]     SYS_fstat(3, 0x7fffaae71b20, 0x7fffaae71b20, 1)                                                          = 0
7922 [0x7f6a36a5c72a]     SYS_mmap(0, 4080, 1, 1)                                                                                  = 0x7f6a375cf000
7922 [0x7f6a36a54070]     SYS_close(3, 4080, 1, 1)                                                                                 = 0
7922 [0x7f6a3715fd7f]   <... Open_Share_Memory(char const*, int, void*&, int&) resumed> )                                          = 0
7922 [0x4008fd] <... Lookup_Nas_Info(_T_NAS_PROP_&) resumed> )                                                                     = 0
7922 [0x400934] ledctrl->Hal_Led_Set_Hdd_Mode(3, 7, 0, 0 <unfinished ...>
7922 [0x7f6a36d1cf15]   libnhal.so->Hal_Lookup_Hardware_Info(0x7fffaae71b10, 7, 0, 0 <unfinished ...>
7922 [0x7f6a36a537e0]     SYS_open(0x7fffaae71a10, 0xa0002, 484, 1)                                                                = 3
7922 [0x7f6a36a5c72a]     SYS_mmap(0, 220, 3, 1)                                                                                   = 0x7f6a375ce000
7922 [0x7f6a36a54070]     SYS_close(3, 220, 3, 1)                                                                                  = 0
7922 [0x7f6a36d1b7f0]     libnhal.so->Hw_Semaphore_Init(0x7fffaae71ac0, 0x7f6a36d1e287, 1, -1 <unfinished ...>
7922 [0x7f6a36a53405]       SYS_lstat(0x7fffaae71970, 0x7fffaae71880, 0x7fffaae71880, 0)                                           = -2
7922 [0x7f6a35cab510]       SYS_open(0x7fffaae71970, 194, 600, 0)                                                                  = 3
7922 [0x7f6a35caada0]       SYS_write(3, 0x7fffaae719f0, 32, 0)                                                                    = 32
7922 [0x7f6a36a5c72a]       SYS_mmap(0, 32, 3, 1)                                                                                  = 0x7f6a375cd000
7922 [0x7f6a36a551a7]       SYS_link(0x7fffaae71970, 0x7fffaae719a0, 3, 1)                                                         = -17
7922 [0x7f6a36a5c757]       SYS_munmap(0x7f6a375cd000, 32, 3, 1)                                                                   = 0
7922 [0x7f6a36a552c7]       SYS_unlink(0x7fffaae71970, 32, 3, 1)                                                                   = 0
7922 [0x7f6a35caae60]       SYS_close(3, 32, 3, 1)                                                                                 = 0
7922 [0x7f6a35cab510]       SYS_open(0x7fffaae719a0, 0x20002, 18, 1)                                                               = 3
7922 [0x7f6a36a533b4]       SYS_fstat(3, 0x7fffaae718d0, 0x7fffaae718d0, 1)                                                        = 0
7922 [0x7f6a36a58f5a]       SYS_brk(0, 0x7f6a36d10640, 0, -4096)                                                                   = 0x1122000
7922 [0x7f6a36a58f5a]       SYS_brk(0x1143000, 0x1122000, 0x1143000, -4096)                                                        = 0x1143000
7922 [0x7f6a36a5c72a]       SYS_mmap(0, 32, 3, 1)                                                                                  = 0x7f6a375cd000
7922 [0x7f6a35caae60]       SYS_close(3, 32, 0, 3)                                                                                 = 0
7922 [0x7f6a36d1b7f0]     <... Hw_Semaphore_Init resumed> )                                                                        = 17
7922 [0x7f6a36d1b800]     libnhal.so->Hw_Semaphore_Lock(0x7fffaae71ac0, 32, 0x7f6a375cd000, -1)                                    = 0
7922 [0x7f6a36d1b918]     libnhal.so->Hw_Semaphore_Unlock(0x7fffaae71ac0, 2, 0x7f6a375ce000, 0)                                    = 0
7922 [0x7f6a36d1b924]     libnhal.so->Hw_Semaphore_Release(0x7fffaae71ac0, 128, 0, 0 <unfinished ...>
7922 [0x7f6a36a5c757]       SYS_munmap(0x7f6a375cd000, 32, 0, 1)                                                                   = 0
7922 [0x7f6a36d1b924]     <... Hw_Semaphore_Release resumed> )                                                                     = 0
7922 [0x7f6a36d1cf15]   <... Hal_Lookup_Hardware_Info resumed> )                                                                   = 0
7922 [0x7f6a36d1d0e3]   libnhal.so->Mv9125_Set_Led_Mode(1, 1, 0, 0 <unfinished ...>
7922 [0x7f6a3506e6ff]     libgeneraldrv.so->PCI_Conf_Read(2, 0, 0, 36 <unfinished ...>
7922 [0x7f6a3506b823]       libgeneraldrv.so->Hw_Semaphore_Init(0x7fffaae719f0, 0x7f6a3506f000, 1, 0 <unfinished ...>
7922 [0x7f6a36a53405]         SYS_lstat(0x7fffaae718a0, 0x7fffaae717b0, 0x7fffaae717b0, 0)                                         = -2
7922 [0x7f6a35cab510]         SYS_open(0x7fffaae718a0, 194, 600, 0)                                                                = 3
7922 [0x7f6a35caada0]         SYS_write(3, 0x7fffaae71920, 32, 0)                                                                  = 32
7922 [0x7f6a36a5c72a]         SYS_mmap(0, 32, 3, 1)                                                                                = 0x7f6a375cd000
7922 [0x7f6a36a551a7]         SYS_link(0x7fffaae718a0, 0x7fffaae718d0, 3, 1)                                                       = -17
7922 [0x7f6a36a5c757]         SYS_munmap(0x7f6a375cd000, 32, 3, 1)                                                                 = 0
7922 [0x7f6a36a552c7]         SYS_unlink(0x7fffaae718a0, 32, 3, 1)                                                                 = 0
7922 [0x7f6a35caae60]         SYS_close(3, 32, 3, 1)                                                                               = 0
7922 [0x7f6a35cab510]         SYS_open(0x7fffaae718d0, 0x20002, 17, 1)                                                             = 3
7922 [0x7f6a36a533b4]         SYS_fstat(3, 0x7fffaae71800, 0x7fffaae71800, 1)                                                      = 0
7922 [0x7f6a36a5c72a]         SYS_mmap(0, 32, 3, 1)                                                                                = 0x7f6a375cd000
7922 [0x7f6a35caae60]         SYS_close(3, 32, 0, 1)                                                                               = 0
7922 [0x7f6a3506b823]       <... Hw_Semaphore_Init resumed> )                                                                      = 17
7922 [0x7f6a3506b833]       libgeneraldrv.so->Hw_Semaphore_Lock(0x7fffaae719f0, 32, 0x7f6a375cd000, -1)                            = 0
7922 [0x7f6a36a606b7]       SYS_ioperm(3320, 4, 1, 1)                                                                              = 0
7922 [0x7f6a36a606b7]       SYS_ioperm(3320, 4, 0, 1)                                                                              = 0
7922 [0x7f6a36a606b7]       SYS_ioperm(235, 1, 1, 1)                                                                               = 0
7922 [0x7f6a36a606b7]       SYS_ioperm(235, 1, 0, 1)                                                                               = 0
7922 [0x7f6a36a606b7]       SYS_ioperm(3324, 4, 1, 1)                                                                              = 0
7922 [0x7f6a36a606b7]       SYS_ioperm(3324, 4, 0, 1)                                                                              = 0
7922 [0x7f6a36a606b7]       SYS_ioperm(235, 1, 1, 1)                                                                               = 0
7922 [0x7f6a36a606b7]       SYS_ioperm(235, 1, 0, 1)                                                                               = 0
7922 [0x7f6a36a606b7]       SYS_ioperm(3320, 4, 1, 1)                                                                              = 0
7922 [0x7f6a36a606b7]       SYS_ioperm(3320, 4, 0, 1)                                                                              = 0
7922 [0x7f6a36a606b7]       SYS_ioperm(235, 1, 1, 1)                                                                               = 0
7922 [0x7f6a36a606b7]       SYS_ioperm(235, 1, 0, 1)                                                                               = 0
7922 [0x7f6a3506b97f]       libgeneraldrv.so->Hw_Semaphore_Unlock(0x7fffaae719f0, 1, 0, -1)                                        = 0
7922 [0x7f6a3506b98b]       libgeneraldrv.so->Hw_Semaphore_Release(0x7fffaae719f0, 128, 0, 0 <unfinished ...>
7922 [0x7f6a36a5c757]         SYS_munmap(0x7f6a375cd000, 32, 0, 1)                                                                 = 0
7922 [0x7f6a3506b98b]       <... Hw_Semaphore_Release resumed> )                                                                   = 0
7922 [0x7f6a3506e6ff]     <... PCI_Conf_Read resumed> )                                                                            = 0
7922 [0x7f6a3506e721]     libgeneraldrv.so->Hw_Semaphore_Init(0x7fffaae71a70, 0x7f6a3506f38c, 1, 0x7f6a36d10658 <unfinished ...>
7922 [0x7f6a36a53405]       SYS_lstat(0x7fffaae71910, 0x7fffaae71820, 0x7fffaae71820, 0)                                           = -2
7922 [0x7f6a35cab510]       SYS_open(0x7fffaae71910, 194, 600, 0)                                                                  = 3
7922 [0x7f6a35caada0]       SYS_write(3, 0x7fffaae71990, 32, 0)                                                                    = 32
7922 [0x7f6a36a5c72a]       SYS_mmap(0, 32, 3, 1)                                                                                  = 0x7f6a375cd000
7922 [0x7f6a36a551a7]       SYS_link(0x7fffaae71910, 0x7fffaae71940, 3, 1)                                                         = -17
7922 [0x7f6a36a5c757]       SYS_munmap(0x7f6a375cd000, 32, 3, 1)                                                                   = 0
7922 [0x7f6a36a552c7]       SYS_unlink(0x7fffaae71910, 32, 3, 1)                                                                   = 0
7922 [0x7f6a35caae60]       SYS_close(3, 32, 3, 1)                                                                                 = 0
7922 [0x7f6a35cab510]       SYS_open(0x7fffaae71940, 0x20002, 20, 1)                                                               = 3
7922 [0x7f6a36a533b4]       SYS_fstat(3, 0x7fffaae71870, 0x7fffaae71870, 1)                                                        = 0
7922 [0x7f6a36a5c72a]       SYS_mmap(0, 32, 3, 1)                                                                                  = 0x7f6a375cd000
7922 [0x7f6a35caae60]       SYS_close(3, 32, 0, 1)                                                                                 = 0
7922 [0x7f6a3506e721]     <... Hw_Semaphore_Init resumed> )                                                                        = 17
7922 [0x7f6a3506e731]     libgeneraldrv.so->Hw_Semaphore_Lock(0x7fffaae71a70, 32, 0x7f6a375cd000, -1)                              = 0
7922 [0x7f6a36a537e0]     SYS_open(0x7f6a3506f3a1, 2, 1, 1)                                                                        = 3
7922 [0x7f6a36a5c72a]     SYS_mmap(0, 60, 3, 1)                                                                                    = 0x7f6a375cc000
7922 [0x7f6a36a30060]     SYS_nanosleep(0x7fffaae71a40, 0, 0, 1)                                                                   = 0
7922 [0x7f6a36a30060]     SYS_nanosleep(0x7fffaae71a40, 0, 0, 1)                                                                   = 0
7922 [0x7f6a36a30060]     SYS_nanosleep(0x7fffaae71a40, 0, 0, 1)                                                                   = 0
7922 [0x7f6a36a30060]     SYS_nanosleep(0x7fffaae71a40, 0, 0, 1)                                                                   = 0
7922 [0x7f6a36a30060]     SYS_nanosleep(0x7fffaae71a40, 0, 0, 1)                                                                   = 0
7922 [0x7f6a36a30060]     SYS_nanosleep(0x7fffaae71a40, 0, 0, 1)                                                                   = 0
7922 [0x7f6a36a30060]     SYS_nanosleep(0x7fffaae71a40, 0, 0, 1)                                                                   = 0
7922 [0x7f6a36a30060]     SYS_nanosleep(0x7fffaae71a40, 0, 0, 1)                                                                   = 0
7922 [0x7f6a36a5c757]     SYS_munmap(0x7f6a375cc000, 60, 0, 1)                                                                     = 0
7922 [0x7f6a36a54070]     SYS_close(3, 60, 0, 1)                                                                                   = 0
7922 [0x7f6a36a30060]     SYS_nanosleep(0x7fffaae71a40, 0, 0, 1)                                                                   = 0
7922 [0x7f6a3506e87f]     libgeneraldrv.so->Hw_Semaphore_Unlock(0x7fffaae71a70, 0, 0, -1)                                          = 0
7922 [0x7f6a3506e88b]     libgeneraldrv.so->Hw_Semaphore_Release(0x7fffaae71a70, 128, 0, 0 <unfinished ...>
7922 [0x7f6a36a5c757]       SYS_munmap(0x7f6a375cd000, 32, 0, 1)                                                                   = 0
7922 [0x7f6a3506e88b]     <... Hw_Semaphore_Release resumed> )                                                                     = 0
7922 [0x7f6a36d1d0e3]   <... Mv9125_Set_Led_Mode resumed> )                                                                        = 0
7922 [0x400934] <... Hal_Led_Set_Hdd_Mode resumed> )                                                                               = 0
7922 [0x7f6a3715ff15] libnasman.so->Close_Share_Memory(char const*, void*)(0x7f6a371a408e, 0x7f6a375d1000, 0xfae978cc878dac79, 4 <unfinished ...>
7922 [0x7f6a3715fb6e]   libnasman.so->Get_File_Size(char const*, long*)(0x7fffaae71980, 0x7fffaae71aa8, 0x7fffaae71995, 0 <unfinished ...>
7922 [0x7f6a36a53365]     SYS_stat(0x7fffaae71980, 0x7fffaae718e0, 0x7fffaae718e0, 1)                                              = 0
7922 [0x7f6a3715fb6e]   <... Get_File_Size(char const*, long*) resumed> )                                                          = 0
7922 [0x7f6a36a5c757]   SYS_munmap(0x7f6a375d1000, 0x2788, 0x7fffaae718e0, 1)                                                      = 0
7922 [0x7f6a3715ff15] <... Close_Share_Memory(char const*, void*) resumed> )                                                       = 0
7922 [0x7f6a3715ff37] libnasman.so->Close_Share_Memory(char const*, void*)(0x7f6a371a40a7, 0x7f6a375d0000, 0, -1 <unfinished ...>
7922 [0x7f6a3715fb6e]   libnasman.so->Get_File_Size(char const*, long*)(0x7fffaae71980, 0x7fffaae71aa8, 0x7fffaae71996, 0 <unfinished ...>
7922 [0x7f6a36a53365]     SYS_stat(0x7fffaae71980, 0x7fffaae718e0, 0x7fffaae718e0, 1)                                              = 0
7922 [0x7f6a3715fb6e]   <... Get_File_Size(char const*, long*) resumed> )                                                          = 0
7922 [0x7f6a36a5c757]   SYS_munmap(0x7f6a375d0000, 3536, 0x7fffaae718e0, 1)                                                        = 0
7922 [0x7f6a3715ff37] <... Close_Share_Memory(char const*, void*) resumed> )                                                       = 0
7922 [0x7f6a3715ff59] libnasman.so->Close_Share_Memory(char const*, void*)(0x7f6a371a40b5, 0x7f6a375cf000, 0, -1 <unfinished ...>
7922 [0x7f6a3715fb6e]   libnasman.so->Get_File_Size(char const*, long*)(0x7fffaae71980, 0x7fffaae71aa8, 0x7fffaae71996, 0 <unfinished ...>
7922 [0x7f6a36a53365]     SYS_stat(0x7fffaae71980, 0x7fffaae718e0, 0x7fffaae718e0, 1)                                              = 0
7922 [0x7f6a3715fb6e]   <... Get_File_Size(char const*, long*) resumed> )                                                          = 0
7922 [0x7f6a36a5c757]   SYS_munmap(0x7f6a375cf000, 4080, 0x7fffaae718e0, 1)                                                        = 0
7922 [0x7f6a3715ff59] <... Close_Share_Memory(char const*, void*) resumed> )                                                       = 0
7922 [0x7f6a369ad932] libgeneral.so->Trace_Mem_Destroy()(0x7f6a366c5d40, 0, 0xfae97a6d7c4dac79, 16)                                = 0
7922 [0x7f6a36a30468] SYS_exit_group(0, 60, 0, 0x7f6a36d13a48 <no return ...>
7922 [0xffffffffffffffff] +++ exited (status 0) +++
