7916 [0x7f2ff175a8aa] SYS_brk(0, 0x7f2ff175dfa0, 0, 895)                                                                           = 0x14c5000
7916 [0x7f2ff175b7e7] SYS_readlink(0x7fffbe8feb7b, 0x7fffbe8fc630, 4096, 0x756e694c00000000)                                       = -2
7916 [0x7f2ff175b677] SYS_open(0x7f2ff175f1f3, 0, 0, 0x756e694c00000000)                                                           = 3
7916 [0x7f2ff175b7a7] SYS_chdir(0x7f2ff1966ba8, 0, 0, 0x756e694c00000000)                                                          = -2
7916 [0x7f2ff175a9d2] SYS_getcwd(0x7fffbe8fc630, 4096, 0, 0x756e694c00000000)                                                      = 23
7916 [0x7f2ff175b7c7] SYS_fchdir(3, 4096, 0, 0x756e694c00000000)                                                                   = 0
7916 [0x7f2ff175b787] SYS_close(3, 4096, 0, 0x756e694c00000000)                                                                    = 0
7916 [0x7f2ff175b80a] SYS_mmap(0, 4096, 3, 34)                                                                                     = 0x7f2ff1963000
7916 [0x7f2ff175b6d7] SYS_access(0x7f2ff1761700, 4, 0x7f2ff1966718, 0)                                                             = -2
7916 [0x7f2ff175b677] SYS_open(0x7f2ff175f072, 0x80000, 1, 0)                                                                      = 3
7916 [0x7f2ff175b604] SYS_fstat(3, 0x7fffbe8fbe10, 0x7fffbe8fbe10, 0)                                                              = 0
7916 [0x7f2ff175b80a] SYS_mmap(0, 0x83b3, 1, 2)                                                                                    = 0x7f2ff195a000
7916 [0x7f2ff175b787] SYS_close(3, 0x83b3, 1, 2)                                                                                   = 0
7916 [0x7f2ff175b677] SYS_open(0x7f2ff1963640, 0x80000, 0, 56)                                                                     = 3
7916 [0x7f2ff175b697] SYS_read(3, 0x7fffbe8fbf98, 832, 56)                                                                         = 832
7916 [0x7f2ff175b604] SYS_fstat(3, 0x7fffbe8fbe70, 0x7fffbe8fbe70, 16)                                                             = 0
7916 [0x7f2ff175b80a] SYS_mmap(0, 0x278960, 5, 2050)                                                                               = 0x7f2ff14cb000
7916 [0x7f2ff175b857] SYS_mprotect(0x7f2ff1541000, 0x200000, 0, 2050)                                                              = 0
7916 [0x7f2ff175b80a] SYS_mmap(0x7f2ff1741000, 0x3000, 3, 2066)                                                                    = 0x7f2ff1741000
7916 [0x7f2ff175b787] SYS_close(3, 16, 0x7f2ff17413e0, 0x6ffffdff)                                                                 = 0
7916 [0x7f2ff175b677] SYS_open(0x7f2ff1963b10, 0x80000, 0, 0x6ffffdff)                                                             = 3
7916 [0x7f2ff175b697] SYS_read(3, 0x7fffbe8fbf68, 832, 0x6ffffdff)                                                                 = 832
7916 [0x7f2ff175b604] SYS_fstat(3, 0x7fffbe8fbe40, 0x7fffbe8fbe40, 16)                                                             = 0
7916 [0x7f2ff175b80a] SYS_mmap(0, 0x21bee0, 5, 2050)                                                                               = 0x7f2ff12af000
7916 [0x7f2ff175b857] SYS_mprotect(0x7f2ff12ca000, 0x200000, 0, 2050)                                                              = 0
7916 [0x7f2ff175b80a] SYS_mmap(0x7f2ff14ca000, 4096, 3, 2066)                                                                      = 0x7f2ff14ca000
7916 [0x7f2ff175b787] SYS_close(3, 16, 0x7f2ff14ca208, 0x6ffffdff)                                                                 = 0
7916 [0x7f2ff175b677] SYS_open(0x7f2ff1963fe0, 0x80000, 0, 0x6ffffdff)                                                             = 3
7916 [0x7f2ff175b697] SYS_read(3, 0x7fffbe8fbf38, 832, 0x6ffffdff)                                                                 = 832
7916 [0x7f2ff175b604] SYS_fstat(3, 0x7fffbe8fbe10, 0x7fffbe8fbe10, 16)                                                             = 0
7916 [0x7f2ff175b80a] SYS_mmap(0, 4096, 3, 34)                                                                                     = 0x7f2ff1959000
7916 [0x7f2ff175b80a] SYS_mmap(0, 0x209ad0, 5, 2050)                                                                               = 0x7f2ff10a5000
7916 [0x7f2ff175b857] SYS_mprotect(0x7f2ff10af000, 0x1ff000, 0, 2050)                                                              = 0
7916 [0x7f2ff175b80a] SYS_mmap(0x7f2ff12ae000, 4096, 3, 2066)                                                                      = 0x7f2ff12ae000
7916 [0x7f2ff175b787] SYS_close(3, 16, 0x7f2ff12ae690, 0x6ffffdff)                                                                 = 0
7916 [0x7f2ff175b677] SYS_open(0x7f2ff19594b8, 0x80000, 0, 0x6ffffdff)                                                             = 3
7916 [0x7f2ff175b697] SYS_read(3, 0x7fffbe8fbf08, 832, 0x6ffffdff)                                                                 = 832
7916 [0x7f2ff175b604] SYS_fstat(3, 0x7fffbe8fbde0, 0x7fffbe8fbde0, 32)                                                             = 0
7916 [0x7f2ff175b80a] SYS_mmap(0, 0x39dc40, 5, 2050)                                                                               = 0x7f2ff0d07000
7916 [0x7f2ff175b857] SYS_mprotect(0x7f2ff0e9b000, 0x200000, 0, 2050)                                                              = 0
7916 [0x7f2ff175b80a] SYS_mmap(0x7f2ff109b000, 0x6000, 3, 2066)                                                                    = 0x7f2ff109b000
7916 [0x7f2ff175b80a] SYS_mmap(0x7f2ff10a1000, 0x3c40, 3, 50)                                                                      = 0x7f2ff10a1000
7916 [0x7f2ff175b787] SYS_close(3, 16, 0, 0x6ffffdff)                                                                              = 0
7916 [0x7f2ff175b677] SYS_open(0x7f2ff1959988, 0x80000, 0, 0x6ffffdff)                                                             = 3
7916 [0x7f2ff175b697] SYS_read(3, 0x7fffbe8fbdb8, 832, 0x6ffffdff)                                                                 = 832
7916 [0x7f2ff175b604] SYS_fstat(3, 0x7fffbe8fbc90, 0x7fffbe8fbc90, 16)                                                             = 0
7916 [0x7f2ff175b80a] SYS_mmap(0, 0x2b09d0, 5, 2050)                                                                               = 0x7f2ff0a56000
7916 [0x7f2ff175b857] SYS_mprotect(0x7f2ff0b05000, 0x1ff000, 0, 2050)                                                              = 0
7916 [0x7f2ff175b80a] SYS_mmap(0x7f2ff0d04000, 0x3000, 3, 2066)                                                                    = 0x7f2ff0d04000
7916 [0x7f2ff175b787] SYS_close(3, 16, 0x7f2ff0d049a8, 0x6ffffdff)                                                                 = 0
7916 [0x7f2ff175b677] SYS_open(0x7f2ff1959e58, 0x80000, 0, 0x6ffffdff)                                                             = 3
7916 [0x7f2ff175b697] SYS_read(3, 0x7fffbe8fbd88, 832, 0x6ffffdff)                                                                 = 832
7916 [0x7f2ff175b604] SYS_fstat(3, 0x7fffbe8fbc60, 0x7fffbe8fbc60, 16)                                                             = 0
7916 [0x7f2ff175b80a] SYS_mmap(0, 4096, 3, 34)                                                                                     = 0x7f2ff1958000
7916 [0x7f2ff175b80a] SYS_mmap(0, 0x294ee0, 5, 2050)                                                                               = 0x7f2ff07c1000
7916 [0x7f2ff175b857] SYS_mprotect(0x7f2ff0853000, 0x1ff000, 0, 2050)                                                              = 0
7916 [0x7f2ff175b80a] SYS_mmap(0x7f2ff0a52000, 0x3000, 3, 2066)                                                                    = 0x7f2ff0a52000
7916 [0x7f2ff175b80a] SYS_mmap(0x7f2ff0a55000, 3808, 3, 50)                                                                        = 0x7f2ff0a55000
7916 [0x7f2ff175b787] SYS_close(3, 16, 0x7f2ff0a52e30, 0x6ffffdff)                                                                 = 0
7916 [0x7f2ff175b677] SYS_open(0x7f2ff19584b8, 0x80000, 0, 0x6ffffdff)                                                             = 3
7916 [0x7f2ff175b697] SYS_read(3, 0x7fffbe8fbd58, 832, 0x6ffffdff)                                                                 = 832
7916 [0x7f2ff175b604] SYS_fstat(3, 0x7fffbe8fbc30, 0x7fffbe8fbc30, 16)                                                             = 0
7916 [0x7f2ff175b80a] SYS_mmap(0, 0x29d850, 5, 2050)                                                                               = 0x7f2ff0523000
7916 [0x7f2ff175b857] SYS_mprotect(0x7f2ff05bc000, 0x200000, 0, 2050)                                                              = 0
7916 [0x7f2ff175b80a] SYS_mmap(0x7f2ff07bc000, 0x3000, 3, 2066)                                                                    = 0x7f2ff07bc000
7916 [0x7f2ff175b80a] SYS_mmap(0x7f2ff07bf000, 6224, 3, 50)                                                                        = 0x7f2ff07bf000
7916 [0x7f2ff175b787] SYS_close(3, 16, 0x7f2ff07bdcc8, 0x6ffffdff)                                                                 = 0
7916 [0x7f2ff175b677] SYS_open(0x7f2ff19589a0, 0x80000, 0, 0x6ffffdff)                                                             = 3
7916 [0x7f2ff175b697] SYS_read(3, 0x7fffbe8fbd28, 832, 0x6ffffdff)                                                                 = 832
7916 [0x7f2ff175b604] SYS_fstat(3, 0x7fffbe8fbc00, 0x7fffbe8fbc00, 16)                                                             = 0
7916 [0x7f2ff175b80a] SYS_mmap(0, 0x2dbbb0, 5, 2050)                                                                               = 0x7f2ff0247000
7916 [0x7f2ff175b857] SYS_mprotect(0x7f2ff0305000, 0x200000, 0, 2050)                                                              = 0
7916 [0x7f2ff175b80a] SYS_mmap(0x7f2ff0505000, 0xa000, 3, 2066)                                                                    = 0x7f2ff0505000
7916 [0x7f2ff175b80a] SYS_mmap(0x7f2ff050f000, 0x13bb0, 3, 50)                                                                     = 0x7f2ff050f000
7916 [0x7f2ff175b787] SYS_close(3, 16, 0x7f2ff050b4d8, 0x6ffffdff)                                                                 = 0
7916 [0x7f2ff175b677] SYS_open(0x7f2ff1958e70, 0x80000, 0, 0x6ffffdff)                                                             = 3
7916 [0x7f2ff175b697] SYS_read(3, 0x7fffbe8fbcf8, 832, 0x6ffffdff)                                                                 = 832
7916 [0x7f2ff175b604] SYS_fstat(3, 0x7fffbe8fbbd0, 0x7fffbe8fbbd0, 32)                                                             = 0
7916 [0x7f2ff175b80a] SYS_mmap(0, 4096, 3, 34)                                                                                     = 0x7f2ff1957000
7916 [0x7f2ff175b80a] SYS_mmap(0, 0x21c490, 5, 2050)                                                                               = 0x7f2ff002a000
7916 [0x7f2ff175b857] SYS_mprotect(0x7f2ff0042000, 0x1ff000, 0, 2050)                                                              = 0
7916 [0x7f2ff175b80a] SYS_mmap(0x7f2ff0241000, 8192, 3, 2066)                                                                      = 0x7f2ff0241000
7916 [0x7f2ff175b80a] SYS_mmap(0x7f2ff0243000, 0x3490, 3, 50)                                                                      = 0x7f2ff0243000
7916 [0x7f2ff175b787] SYS_close(3, 16, 0, 0x6ffffdff)                                                                              = 0
7916 [0x7f2ff175b677] SYS_open(0x7f2ff19574b8, 0x80000, 0, 0x6ffffdff)                                                             = 3
7916 [0x7f2ff175b697] SYS_read(3, 0x7fffbe8fbcc8, 832, 0x6ffffdff)                                                                 = 832
7916 [0x7f2ff175b604] SYS_fstat(3, 0x7fffbe8fbba0, 0x7fffbe8fbba0, 32)                                                             = 0
7916 [0x7f2ff175b80a] SYS_mmap(0, 0x207bc0, 5, 2050)                                                                               = 0x7f2fefe22000
7916 [0x7f2ff175b857] SYS_mprotect(0x7f2fefe29000, 0x1ff000, 0, 2050)                                                              = 0
7916 [0x7f2ff175b80a] SYS_mmap(0x7f2ff0028000, 8192, 3, 2066)                                                                      = 0x7f2ff0028000
7916 [0x7f2ff175b787] SYS_close(3, 16, 0, 0x6ffffdff)                                                                              = 0
7916 [0x7f2ff175b677] SYS_open(0x7f2ff1957988, 0x80000, 0, 0x6ffffdff)                                                             = 3
7916 [0x7f2ff175b697] SYS_read(3, 0x7fffbe8fbc98, 832, 0x6ffffdff)                                                                 = 832
7916 [0x7f2ff175b604] SYS_fstat(3, 0x7fffbe8fbb70, 0x7fffbe8fbb70, 16)                                                             = 0
7916 [0x7f2ff175b80a] SYS_mmap(0, 0x202e20, 5, 2050)                                                                               = 0x7f2fefc1f000
7916 [0x7f2ff175b857] SYS_mprotect(0x7f2fefc22000, 0x1ff000, 0, 2050)                                                              = 0
7916 [0x7f2ff175b80a] SYS_mmap(0x7f2fefe21000, 4096, 3, 2066)                                                                      = 0x7f2fefe21000
7916 [0x7f2ff175b787] SYS_close(3, 16, 0x7f2fefe21c28, 0x6ffffdff)                                                                 = 0
7916 [0x7f2ff175b677] SYS_open(0x7f2ff1957e58, 0x80000, 0, 0x6ffffdff)                                                             = 3
7916 [0x7f2ff175b697] SYS_read(3, 0x7fffbe8fbc68, 832, 0x6ffffdff)                                                                 = 832
7916 [0x7f2ff175b604] SYS_fstat(3, 0x7fffbe8fbb40, 0x7fffbe8fbb40, 16)                                                             = 0
7916 [0x7f2ff175b80a] SYS_mmap(0, 4096, 3, 34)                                                                                     = 0x7f2ff1956000
7916 [0x7f2ff175b80a] SYS_mmap(0, 0x209850, 5, 2050)                                                                               = 0x7f2fefa15000
7916 [0x7f2ff175b857] SYS_mprotect(0x7f2fefa1f000, 0x1ff000, 0, 2050)                                                              = 0
7916 [0x7f2ff175b80a] SYS_mmap(0x7f2fefc1e000, 4096, 3, 2066)                                                                      = 0x7f2fefc1e000
7916 [0x7f2ff175b787] SYS_close(3, 16, 0x7f2fefc1e618, 0x6ffffdff)                                                                 = 0
7916 [0x7f2ff175b677] SYS_open(0x7f2ff19564b8, 0x80000, 0, 0x6ffffdff)                                                             = 3
7916 [0x7f2ff175b697] SYS_read(3, 0x7fffbe8fbc38, 832, 0x6ffffdff)                                                                 = 832
7916 [0x7f2ff175b604] SYS_fstat(3, 0x7fffbe8fbb10, 0x7fffbe8fbb10, 16)                                                             = 0
7916 [0x7f2ff175b80a] SYS_mmap(0, 0x210868, 5, 2050)                                                                               = 0x7f2fef804000
7916 [0x7f2ff175b857] SYS_mprotect(0x7f2fef815000, 0x1ff000, 0, 2050)                                                              = 0
7916 [0x7f2ff175b80a] SYS_mmap(0x7f2fefa14000, 4096, 3, 2066)                                                                      = 0x7f2fefa14000
7916 [0x7f2ff175b787] SYS_close(3, 16, 0x7f2fefa14408, 0x6ffffdff)                                                                 = 0
7916 [0x7f2ff175b677] SYS_open(0x7f2ff1956a40, 0x80000, 0, 0x7f2ff19579a0)                                                         = 3
7916 [0x7f2ff175b697] SYS_read(3, 0x7fffbe8fbad8, 832, 0x7f2ff19579a0)                                                             = 832
7916 [0x7f2ff175b604] SYS_fstat(3, 0x7fffbe8fb9b0, 0x7fffbe8fb9b0, 16)                                                             = 0
7916 [0x7f2ff175b80a] SYS_mmap(0, 0x2032c8, 5, 2050)                                                                               = 0x7f2fef600000
7916 [0x7f2ff175b857] SYS_mprotect(0x7f2fef603000, 0x200000, 0, 2050)                                                              = 0
7916 [0x7f2ff175b80a] SYS_mmap(0x7f2fef803000, 4096, 3, 2066)                                                                      = 0x7f2fef803000
7916 [0x7f2ff175b787] SYS_close(3, 16, 0x7f2fef803188, 0x6ffffdff)                                                                 = 0
7916 [0x7f2ff175b677] SYS_open(0x7f2ff1956f28, 0x80000, 0, 0x6ffffdff)                                                             = 3
7916 [0x7f2ff175b697] SYS_read(3, 0x7fffbe8fbaa8, 832, 0x6ffffdff)                                                                 = 832
7916 [0x7f2ff175b604] SYS_fstat(3, 0x7fffbe8fb980, 0x7fffbe8fb980, 16)                                                             = 0
7916 [0x7f2ff175b80a] SYS_mmap(0, 4096, 3, 34)                                                                                     = 0x7f2ff1955000
7916 [0x7f2ff175b80a] SYS_mmap(0, 0x207820, 5, 2050)                                                                               = 0x7f2fef3f8000
7916 [0x7f2ff175b857] SYS_mprotect(0x7f2fef3ff000, 0x200000, 0, 2050)                                                              = 0
7916 [0x7f2ff175b80a] SYS_mmap(0x7f2fef5ff000, 4096, 3, 2066)                                                                      = 0x7f2fef5ff000
7916 [0x7f2ff175b787] SYS_close(3, 16, 0x7f2fef5ff188, 0x6ffffdff)                                                                 = 0
7916 [0x7f2ff175b677] SYS_open(0x7f2ff19554c8, 0x80000, 0, 0x6ffffdff)                                                             = 3
7916 [0x7f2ff175b697] SYS_read(3, 0x7fffbe8fba78, 832, 0x6ffffdff)                                                                 = 832
7916 [0x7f2ff175b604] SYS_fstat(3, 0x7fffbe8fb950, 0x7fffbe8fb950, 16)                                                             = 0
7916 [0x7f2ff175b80a] SYS_mmap(0, 0x201f30, 5, 2050)                                                                               = 0x7f2fef1f6000
7916 [0x7f2ff175b857] SYS_mprotect(0x7f2fef1f8000, 0x1ff000, 0, 2050)                                                              = 0
7916 [0x7f2ff175b80a] SYS_mmap(0x7f2fef3f7000, 4096, 3, 2066)                                                                      = 0x7f2fef3f7000
7916 [0x7f2ff175b787] SYS_close(3, 16, 0x7f2fef3f7e18, 0x6ffffdff)                                                                 = 0
7916 [0x7f2ff175b677] SYS_open(0x7f2ff1955a60, 0x80000, 0, 0x7f2ff19594d0)                                                         = 3
7916 [0x7f2ff175b697] SYS_read(3, 0x7fffbe8fba48, 832, 0x7f2ff19594d0)                                                             = 832
7916 [0x7f2ff175b604] SYS_fstat(3, 0x7fffbe8fb920, 0x7fffbe8fb920, 16)                                                             = 0
7916 [0x7f2ff175b80a] SYS_mmap(0, 0x2022e8, 5, 2050)                                                                               = 0x7f2feeff3000
7916 [0x7f2ff175b857] SYS_mprotect(0x7f2feeff5000, 0x200000, 0, 2050)                                                              = 0
7916 [0x7f2ff175b80a] SYS_mmap(0x7f2fef1f5000, 4096, 3, 2066)                                                                      = 0x7f2fef1f5000
7916 [0x7f2ff175b787] SYS_close(3, 16, 0x7f2fef1f5198, 0x6ffffdff)                                                                 = 0
7916 [0x7f2ff175b677] SYS_open(0x7f2ff1955f40, 0x80000, 0, 0x6ffffdff)                                                             = 3
7916 [0x7f2ff175b697] SYS_read(3, 0x7fffbe8fba18, 832, 0x6ffffdff)                                                                 = 832
7916 [0x7f2ff175b604] SYS_fstat(3, 0x7fffbe8fb8f0, 0x7fffbe8fb8f0, 16)                                                             = 0
7916 [0x7f2ff175b80a] SYS_mmap(0, 4096, 3, 34)                                                                                     = 0x7f2ff1954000
7916 [0x7f2ff175b80a] SYS_mmap(0, 0x201f30, 5, 2050)                                                                               = 0x7f2feedf1000
7916 [0x7f2ff175b857] SYS_mprotect(0x7f2feedf3000, 0x1ff000, 0, 2050)                                                              = 0
7916 [0x7f2ff175b80a] SYS_mmap(0x7f2feeff2000, 4096, 3, 2066)                                                                      = 0x7f2feeff2000
7916 [0x7f2ff175b787] SYS_close(3, 16, 0x7f2feeff2e18, 0x6ffffdff)                                                                 = 0
7916 [0x7f2ff175b677] SYS_open(0x7f2ff19544c0, 0x80000, 0, 0x6ffffdff)                                                             = 3
7916 [0x7f2ff175b697] SYS_read(3, 0x7fffbe8fb9e8, 832, 0x6ffffdff)                                                                 = 832
7916 [0x7f2ff175b604] SYS_fstat(3, 0x7fffbe8fb8c0, 0x7fffbe8fb8c0, 16)                                                             = 0
7916 [0x7f2ff175b80a] SYS_mmap(0, 0x2038b8, 5, 2050)                                                                               = 0x7f2feebed000
7916 [0x7f2ff175b857] SYS_mprotect(0x7f2feebf1000, 0x1ff000, 0, 2050)                                                              = 0
7916 [0x7f2ff175b80a] SYS_mmap(0x7f2feedf0000, 4096, 3, 2066)                                                                      = 0x7f2feedf0000
7916 [0x7f2ff175b787] SYS_close(3, 16, 0x7f2feedf0748, 0x6ffffdff)                                                                 = 0
7916 [0x7f2ff175b677] SYS_open(0x7f2ff1954a60, 0x80000, 0, 0x7f2ff1957000)                                                         = 3
7916 [0x7f2ff175b697] SYS_read(3, 0x7fffbe8fb988, 832, 0x7f2ff1957000)                                                             = 832
7916 [0x7f2ff175b604] SYS_fstat(3, 0x7fffbe8fb860, 0x7fffbe8fb860, 16)                                                             = 0
7916 [0x7f2ff175b80a] SYS_mmap(0, 0x210848, 5, 2050)                                                                               = 0x7f2fee9dc000
7916 [0x7f2ff175b857] SYS_mprotect(0x7f2fee9ec000, 0x1ff000, 0, 2050)                                                              = 0
7916 [0x7f2ff175b80a] SYS_mmap(0x7f2feebeb000, 8192, 3, 2066)                                                                      = 0x7f2feebeb000
7916 [0x7f2ff175b787] SYS_close(3, 16, 0x7f2feebebd90, 0x6ffffdff)                                                                 = 0
7916 [0x7f2ff175b677] SYS_open(0x7f2ff1954f48, 0x80000, 0, 0x6ffffdff)                                                             = 3
7916 [0x7f2ff175b697] SYS_read(3, 0x7fffbe8fb958, 832, 0x6ffffdff)                                                                 = 832
7916 [0x7f2ff175b604] SYS_fstat(3, 0x7fffbe8fb830, 0x7fffbe8fb830, 16)                                                             = 0
7916 [0x7f2ff175b80a] SYS_mmap(0, 4096, 3, 34)                                                                                     = 0x7f2ff1953000
7916 [0x7f2ff175b80a] SYS_mmap(0, 0x20acf0, 5, 2050)                                                                               = 0x7f2fee7d1000
7916 [0x7f2ff175b857] SYS_mprotect(0x7f2fee7dc000, 0x1ff000, 0, 2050)                                                              = 0
7916 [0x7f2ff175b80a] SYS_mmap(0x7f2fee9db000, 4096, 3, 2066)                                                                      = 0x7f2fee9db000
7916 [0x7f2ff175b787] SYS_close(3, 16, 0x7f2fee9db750, 0x6ffffdff)                                                                 = 0
7916 [0x7f2ff175b677] SYS_open(0x7f2ff1953560, 0x80000, 0, 0x7f2ff1957000)                                                         = 3
7916 [0x7f2ff175b697] SYS_read(3, 0x7fffbe8fb928, 832, 0x7f2ff1957000)                                                             = 832
7916 [0x7f2ff175b604] SYS_fstat(3, 0x7fffbe8fb800, 0x7fffbe8fb800, 32)                                                             = 0
7916 [0x7f2ff175b80a] SYS_mmap(0, 0x2361e0, 5, 2050)                                                                               = 0x7f2fee59a000
7916 [0x7f2ff175b857] SYS_mprotect(0x7f2fee5a2000, 0x1ff000, 0, 2050)                                                              = 0
7916 [0x7f2ff175b80a] SYS_mmap(0x7f2fee7a1000, 8192, 3, 2066)                                                                      = 0x7f2fee7a1000
7916 [0x7f2ff175b80a] SYS_mmap(0x7f2fee7a3000, 0x2d1e0, 3, 50)                                                                     = 0x7f2fee7a3000
7916 [0x7f2ff175b787] SYS_close(3, 16, 0, 0x6ffffdff)                                                                              = 0
7916 [0x7f2ff175b677] SYS_open(0x7f2ff1953a30, 0x80000, 0, 0x6ffffdff)                                                             = 3
7916 [0x7f2ff175b697] SYS_read(3, 0x7fffbe8fb8f8, 832, 0x6ffffdff)                                                                 = 832
7916 [0x7f2ff175b604] SYS_fstat(3, 0x7fffbe8fb7d0, 0x7fffbe8fb7d0, 16)                                                             = 0
7916 [0x7f2ff175b80a] SYS_mmap(0, 0x43fe88, 5, 2050)                                                                               = 0x7f2fee15a000
7916 [0x7f2ff175b857] SYS_mprotect(0x7f2fee36f000, 0x200000, 0, 2050)                                                              = 0
7916 [0x7f2ff175b80a] SYS_mmap(0x7f2fee56f000, 0x27000, 3, 2066)                                                                   = 0x7f2fee56f000
7916 [0x7f2ff175b80a] SYS_mmap(0x7f2fee596000, 0x3e88, 3, 50)                                                                      = 0x7f2fee596000
7916 [0x7f2ff175b857] SYS_mprotect(0x7fffbe8fd000, 4096, 0x1000007, 4)                                                             = 0
7916 [0x7f2ff175b787] SYS_close(3, 4096, 0x1000007, 4)                                                                             = 0
7916 [0x7f2ff175b677] SYS_open(0x7f2ff1953fb0, 0x80000, 0, 0x7f2ff19564d0)                                                         = 3
7916 [0x7f2ff175b697] SYS_read(3, 0x7fffbe8fb8c8, 832, 0x7f2ff19564d0)                                                             = 832
7916 [0x7f2ff175b604] SYS_fstat(3, 0x7fffbe8fb7a0, 0x7fffbe8fb7a0, 16)                                                             = 0
7916 [0x7f2ff175b80a] SYS_mmap(0, 4096, 3, 34)                                                                                     = 0x7f2ff1952000
7916 [0x7f2ff175b80a] SYS_mmap(0, 0x215730, 5, 2050)                                                                               = 0x7f2fedf44000
7916 [0x7f2ff175b857] SYS_mprotect(0x7f2fedf5a000, 0x1ff000, 0, 2050)                                                              = 0
7916 [0x7f2ff175b80a] SYS_mmap(0x7f2fee159000, 4096, 3, 2066)                                                                      = 0x7f2fee159000
7916 [0x7f2ff175b787] SYS_close(3, 16, 0x7f2fee159490, 0x6ffffdff)                                                                 = 0
7916 [0x7f2ff175b677] SYS_open(0x7f2ff19524f0, 0x80000, 0, 0x6ffffdff)                                                             = 3
7916 [0x7f2ff175b697] SYS_read(3, 0x7fffbe8fb898, 832, 0x6ffffdff)                                                                 = 832
7916 [0x7f2ff175b604] SYS_fstat(3, 0x7fffbe8fb770, 0x7fffbe8fb770, 32)                                                             = 0
7916 [0x7f2ff175b80a] SYS_mmap(0, 0x2fd148, 5, 2050)                                                                               = 0x7f2fedc46000
7916 [0x7f2ff175b857] SYS_mprotect(0x7f2fedd43000, 0x1ff000, 0, 2050)                                                              = 0
7916 [0x7f2ff175b80a] SYS_mmap(0x7f2fedf42000, 8192, 3, 2066)                                                                      = 0x7f2fedf42000
7916 [0x7f2ff175b787] SYS_close(3, 16, 0, 0x6ffffdff)                                                                              = 0
7916 [0x7f2ff175b677] SYS_open(0x7fffbe8fb660, 0x80000, 0, 0x36782f39325f3130)                                                     = -2
7916 [0x7f2ff175b5c5] SYS_stat(0x7fffbe8fb660, 0x7fffbe8fb740, 0x7fffbe8fb740, 0x36782f39325f3130)                                 = -2
7916 [0x7f2ff175b677] SYS_open(0x7fffbe8fb660, 0x80000, 0, 0x36782f39325f3130)                                                     = -2
7916 [0x7f2ff175b5c5] SYS_stat(0x7fffbe8fb660, 0x7fffbe8fb740, 0x7fffbe8fb740, 0x36782f39325f3130)                                 = -2
7916 [0x7f2ff175b677] SYS_open(0x7fffbe8fb660, 0x80000, 0, 0x36782f39325f3130)                                                     = -2
7916 [0x7f2ff175b5c5] SYS_stat(0x7fffbe8fb660, 0x7fffbe8fb740, 0x7fffbe8fb740, 0x36782f39325f3130)                                 = -2
7916 [0x7f2ff175b677] SYS_open(0x7fffbe8fb660, 0x80000, 0, 0x36782f39325f3130)                                                     = -2
7916 [0x7f2ff175b5c5] SYS_stat(0x7fffbe8fb660, 0x7fffbe8fb740, 0x7fffbe8fb740, 0x36782f39325f3130)                                 = -2
7916 [0x7f2ff175b677] SYS_open(0x7f2ff1952dd0, 0x80000, 0, 0x36782f39325f3130)                                                     = 3
7916 [0x7f2ff175b697] SYS_read(3, 0x7fffbe8fb868, 832, 0x36782f39325f3130)                                                         = 832
7916 [0x7f2ff175b604] SYS_fstat(3, 0x7fffbe8fb740, 0x7fffbe8fb740, 16)                                                             = 0
7916 [0x7f2ff175b80a] SYS_mmap(0, 4096, 3, 34)                                                                                     = 0x7f2ff1951000
7916 [0x7f2ff175b80a] SYS_mmap(0, 0x2f8980, 5, 2050)                                                                               = 0x7f2fed94d000
7916 [0x7f2ff175b857] SYS_mprotect(0x7f2feda44000, 0x200000, 0, 2050)                                                              = 0
7916 [0x7f2ff175b80a] SYS_mmap(0x7f2fedc44000, 8192, 3, 2066)                                                                      = 0x7f2fedc44000
7916 [0x7f2ff175b787] SYS_close(3, 16, 0x7f2fedc443a0, 0x6ffffdff)                                                                 = 0
7916 [0x7f2ff175b677] SYS_open(0x7f2ff19514c8, 0x80000, 0, 0x6ffffdff)                                                             = 3
7916 [0x7f2ff175b697] SYS_read(3, 0x7fffbe8fb838, 832, 0x6ffffdff)                                                                 = 832
7916 [0x7f2ff175b604] SYS_fstat(3, 0x7fffbe8fb710, 0x7fffbe8fb710, 16)                                                             = 0
7916 [0x7f2ff175b80a] SYS_mmap(0, 0x2fc9d8, 5, 2050)                                                                               = 0x7f2fed650000
7916 [0x7f2ff175b857] SYS_mprotect(0x7f2fed74b000, 0x200000, 0, 2050)                                                              = 0
7916 [0x7f2ff175b80a] SYS_mmap(0x7f2fed94b000, 8192, 3, 2066)                                                                      = 0x7f2fed94b000
7916 [0x7f2ff175b787] SYS_close(3, 16, 0x7f2fed94c828, 0x6ffffdff)                                                                 = 0
7916 [0x7f2ff175b677] SYS_open(0x7f2ff1951998, 0x80000, 0, 0x6ffffdff)                                                             = 3
7916 [0x7f2ff175b697] SYS_read(3, 0x7fffbe8fb808, 832, 0x6ffffdff)                                                                 = 832
7916 [0x7f2ff175b604] SYS_fstat(3, 0x7fffbe8fb6e0, 0x7fffbe8fb6e0, 16)                                                             = 0
7916 [0x7f2ff175b80a] SYS_mmap(0, 0x242830, 5, 2050)                                                                               = 0x7f2fed40d000
7916 [0x7f2ff175b857] SYS_mprotect(0x7f2fed450000, 0x1ff000, 0, 2050)                                                              = 0
7916 [0x7f2ff175b80a] SYS_mmap(0x7f2fed64f000, 4096, 3, 2066)                                                                      = 0x7f2fed64f000
7916 [0x7f2ff175b787] SYS_close(3, 16, 0x7f2fed64f630, 0x6ffffdff)                                                                 = 0
7916 [0x7f2ff175b677] SYS_open(0x7f2ff1951f70, 0x80000, 0, 0x7f2ff19589b8)                                                         = 3
7916 [0x7f2ff175b697] SYS_read(3, 0x7fffbe8fb7d8, 832, 0x7f2ff19589b8)                                                             = 832
7916 [0x7f2ff175b604] SYS_fstat(3, 0x7fffbe8fb6b0, 0x7fffbe8fb6b0, 32)                                                             = 0
7916 [0x7f2ff175b80a] SYS_mmap(0, 4096, 3, 34)                                                                                     = 0x7f2ff1950000
7916 [0x7f2ff175b80a] SYS_mmap(0, 0x203118, 5, 2050)                                                                               = 0x7f2fed209000
7916 [0x7f2ff175b857] SYS_mprotect(0x7f2fed20b000, 0x200000, 0, 2050)                                                              = 0
7916 [0x7f2ff175b80a] SYS_mmap(0x7f2fed40b000, 8192, 3, 2066)                                                                      = 0x7f2fed40b000
7916 [0x7f2ff175b787] SYS_close(3, 16, 0x7f2fed40bf40, 0x6ffffdff)                                                                 = 0
7916 [0x7f2ff175b80a] SYS_mmap(0, 4096, 3, 34)                                                                                     = 0x7f2ff194f000
7916 [0x7f2ff175b80a] SYS_mmap(0, 4096, 3, 34)                                                                                     = 0x7f2ff194e000
7916 [0x7f2ff175b80a] SYS_mmap(0, 8192, 3, 34)                                                                                     = 0x7f2ff194c000
7916 [0x7f2ff1745044] SYS_arch_prctl(4098, 0x7f2ff194c780, 0x7f2ff194d080, 34)                                                     = 0
7916 [0x7f2ff175b857] SYS_mprotect(0x7f2ff109b000, 0x4000, 1, 1)                                                                   = 0
7916 [0x7f2ff175b857] SYS_mprotect(0x7f2fed40b000, 4096, 1, 0x7f2fed209c68)                                                        = 0
7916 [0x7f2ff175b857] SYS_mprotect(0x7f2ff0241000, 4096, 1, 0x7f2ff002f500)                                                        = 0
7916 [0x7f2ff175b857] SYS_mprotect(0x7f2fedf42000, 4096, 1, 1)                                                                     = 0
7916 [0x7f2ff175b857] SYS_mprotect(0x7f2fee7a1000, 4096, 1, 0x7f2fee59aa00)                                                        = 0
7916 [0x7f2ff175b857] SYS_mprotect(0x7f2ff0505000, 0x7000, 1, 0x7f2ff029f810)                                                      = 0
7916 [0x7f2ff175b857] SYS_mprotect(0x7f2ff0028000, 4096, 1, 0x7f2fefe23d58)                                                        = 0
7916 [0x7f2ff175b857] SYS_mprotect(0x7f2ff1964000, 4096, 1, 0)                                                                     = 0
7916 [0x7f2ff175b837] SYS_munmap(0x7f2ff195a000, 0x83b3, 0x72000, 0)                                                               = 0
7916 [0x7f2ff0030e92] SYS_set_tid_address(0x7f2ff194ca50, 0x7fffbe8fd7c8, 0x7f2ff194c780, 0)                                       = 7916
7916 [0x7f2ff0030efa] SYS_set_robust_list(0x7f2ff194ca60, 24, 0x7f2ff194c780, 0)                                                   = 0
7916 [0x7f2ff003acf5] SYS_rt_sigaction(32, 0x7fffbe8fd518, 0, 8)                                                                   = 0
7916 [0x7f2ff003acf5] SYS_rt_sigaction(33, 0x7fffbe8fd518, 0, 8)                                                                   = 0
7916 [0x7f2ff0030fd6] SYS_rt_sigprocmask(1, 0x7fffbe8fd668, 0, 8)                                                                  = 0
7916 [0x7f2ff0de7b17] SYS_getrlimit(3, 0x7fffbe8fd700, 63, 1)                                                                      = 0
7916 [0x7f2ff0030b95] SYS_futex(0x7f2ff050f7e0, 129, 0x7fffffff, 0)                                                                = 0
7916 [0x4008fd] ledctrl->Lookup_Nas_Info(_T_NAS_PROP_&)(0x7fffbe8fd610, 0x7fffbe8feb94, 0, 0x7fffbe8feb93 <unfinished ...>
7916 [0x7f2ff14eed11]   libnasman.so->Open_Share_Memory(char const*, int, void*&, int&)(0x7f2ff153308e, 0, 0x7fffbe8fd5d0, 0x7fffbe8fd5dc <unfinished ...>
7916 [0x7f2ff0de2557]     SYS_statfs(0x7f2ff003d1e8, 0x7fffbe8fd370, 0x7f2ff0246310, 1)                                            = 0
7916 [0x7f2ff0030b95]     SYS_futex(0x7f2ff0246310, 129, 0x7fffffff, 0)                                                            = 0
7916 [0x7f2ff0de27e0]     SYS_open(0x7fffbe8fd480, 0xa0000, 484, 1)                                                                = 3
7916 [0x7f2ff0de23b4]     SYS_fstat(3, 0x7fffbe8fd510, 0x7fffbe8fd510, 1)                                                          = 0
7916 [0x7f2ff0deb72a]     SYS_mmap(0, 0x2788, 1, 1)                                                                                = 0x7f2ff1960000
7916 [0x7f2ff0de3070]     SYS_close(3, 0x2788, 1, 1)                                                                               = 0
7916 [0x7f2ff14eed11]   <... Open_Share_Memory(char const*, int, void*&, int&) resumed> )                                          = 0
7916 [0x7f2ff14eed4d]   libnasman.so->Open_Share_Memory(char const*, int, void*&, int&)(0x7f2ff15330a7, 0, 0x7fffbe8fd5d0, 0x7fffbe8fd5dc <unfinished ...>
7916 [0x7f2ff0de27e0]     SYS_open(0x7fffbe8fd480, 0xa0000, 484, 1)                                                                = 3
7916 [0x7f2ff0de23b4]     SYS_fstat(3, 0x7fffbe8fd510, 0x7fffbe8fd510, 1)                                                          = 0
7916 [0x7f2ff0deb72a]     SYS_mmap(0, 3536, 1, 1)                                                                                  = 0x7f2ff195f000
7916 [0x7f2ff0de3070]     SYS_close(3, 3536, 1, 1)                                                                                 = 0
7916 [0x7f2ff14eed4d]   <... Open_Share_Memory(char const*, int, void*&, int&) resumed> )                                          = 0
7916 [0x7f2ff14eed7f]   libnasman.so->Open_Share_Memory(char const*, int, void*&, int&)(0x7f2ff15330b5, 0, 0x7fffbe8fd5d0, 0x7fffbe8fd5dc <unfinished ...>
7916 [0x7f2ff0de27e0]     SYS_open(0x7fffbe8fd480, 0xa0000, 484, 1)                                                                = 3
7916 [0x7f2ff0de23b4]     SYS_fstat(3, 0x7fffbe8fd510, 0x7fffbe8fd510, 1)                                                          = 0
7916 [0x7f2ff0deb72a]     SYS_mmap(0, 4080, 1, 1)                                                                                  = 0x7f2ff195e000
7916 [0x7f2ff0de3070]     SYS_close(3, 4080, 1, 1)                                                                                 = 0
7916 [0x7f2ff14eed7f]   <... Open_Share_Memory(char const*, int, void*&, int&) resumed> )                                          = 0
7916 [0x4008fd] <... Lookup_Nas_Info(_T_NAS_PROP_&) resumed> )                                                                     = 0
7916 [0x400934] ledctrl->Hal_Led_Set_Hdd_Mode(1, 7, 0, 0 <unfinished ...>
7916 [0x7f2ff10abf15]   libnhal.so->Hal_Lookup_Hardware_Info(0x7fffbe8fd500, 7, 0, 0 <unfinished ...>
7916 [0x7f2ff0de27e0]     SYS_open(0x7fffbe8fd400, 0xa0002, 484, 1)                                                                = 3
7916 [0x7f2ff0deb72a]     SYS_mmap(0, 220, 3, 1)                                                                                   = 0x7f2ff195d000
7916 [0x7f2ff0de3070]     SYS_close(3, 220, 3, 1)                                                                                  = 0
7916 [0x7f2ff10aa7f0]     libnhal.so->Hw_Semaphore_Init(0x7fffbe8fd4b0, 0x7f2ff10ad287, 1, -1 <unfinished ...>
7916 [0x7f2ff0de2405]       SYS_lstat(0x7fffbe8fd360, 0x7fffbe8fd270, 0x7fffbe8fd270, 0)                                           = -2
7916 [0x7f2ff003a510]       SYS_open(0x7fffbe8fd360, 194, 600, 0)                                                                  = 3
7916 [0x7f2ff0039da0]       SYS_write(3, 0x7fffbe8fd3e0, 32, 0)                                                                    = 32
7916 [0x7f2ff0deb72a]       SYS_mmap(0, 32, 3, 1)                                                                                  = 0x7f2ff195c000
7916 [0x7f2ff0de41a7]       SYS_link(0x7fffbe8fd360, 0x7fffbe8fd390, 3, 1)                                                         = -17
7916 [0x7f2ff0deb757]       SYS_munmap(0x7f2ff195c000, 32, 3, 1)                                                                   = 0
7916 [0x7f2ff0de42c7]       SYS_unlink(0x7fffbe8fd360, 32, 3, 1)                                                                   = 0
7916 [0x7f2ff0039e60]       SYS_close(3, 32, 3, 1)                                                                                 = 0
7916 [0x7f2ff003a510]       SYS_open(0x7fffbe8fd390, 0x20002, 18, 1)                                                               = 3
7916 [0x7f2ff0de23b4]       SYS_fstat(3, 0x7fffbe8fd2c0, 0x7fffbe8fd2c0, 1)                                                        = 0
7916 [0x7f2ff0de7f5a]       SYS_brk(0, 0x7f2ff109f640, 0, -4096)                                                                   = 0x14c5000
7916 [0x7f2ff0de7f5a]       SYS_brk(0x14e6000, 0x14c5000, 0x14e6000, -4096)                                                        = 0x14e6000
7916 [0x7f2ff0deb72a]       SYS_mmap(0, 32, 3, 1)                                                                                  = 0x7f2ff195c000
7916 [0x7f2ff0039e60]       SYS_close(3, 32, 0, 3)                                                                                 = 0
7916 [0x7f2ff10aa7f0]     <... Hw_Semaphore_Init resumed> )                                                                        = 17
7916 [0x7f2ff10aa800]     libnhal.so->Hw_Semaphore_Lock(0x7fffbe8fd4b0, 32, 0x7f2ff195c000, -1)                                    = 0
7916 [0x7f2ff10aa918]     libnhal.so->Hw_Semaphore_Unlock(0x7fffbe8fd4b0, 2, 0x7f2ff195d000, 0)                                    = 0
7916 [0x7f2ff10aa924]     libnhal.so->Hw_Semaphore_Release(0x7fffbe8fd4b0, 128, 0, 0 <unfinished ...>
7916 [0x7f2ff0deb757]       SYS_munmap(0x7f2ff195c000, 32, 0, 1)                                                                   = 0
7916 [0x7f2ff10aa924]     <... Hw_Semaphore_Release resumed> )                                                                     = 0
7916 [0x7f2ff10abf15]   <... Hal_Lookup_Hardware_Info resumed> )                                                                   = 0
7916 [0x7f2ff10ac0e3]   libnhal.so->Mv9125_Set_Led_Mode(0, 1, 0, 0 <unfinished ...>
7916 [0x7f2fef3fd6ff]     libgeneraldrv.so->PCI_Conf_Read(1, 0, 0, 36 <unfinished ...>
7916 [0x7f2fef3fa823]       libgeneraldrv.so->Hw_Semaphore_Init(0x7fffbe8fd3e0, 0x7f2fef3fe000, 1, 0 <unfinished ...>
7916 [0x7f2ff0de2405]         SYS_lstat(0x7fffbe8fd290, 0x7fffbe8fd1a0, 0x7fffbe8fd1a0, 0)                                         = -2
7916 [0x7f2ff003a510]         SYS_open(0x7fffbe8fd290, 194, 600, 0)                                                                = 3
7916 [0x7f2ff0039da0]         SYS_write(3, 0x7fffbe8fd310, 32, 0)                                                                  = 32
7916 [0x7f2ff0deb72a]         SYS_mmap(0, 32, 3, 1)                                                                                = 0x7f2ff195c000
7916 [0x7f2ff0de41a7]         SYS_link(0x7fffbe8fd290, 0x7fffbe8fd2c0, 3, 1)                                                       = -17
7916 [0x7f2ff0deb757]         SYS_munmap(0x7f2ff195c000, 32, 3, 1)                                                                 = 0
7916 [0x7f2ff0de42c7]         SYS_unlink(0x7fffbe8fd290, 32, 3, 1)                                                                 = 0
7916 [0x7f2ff0039e60]         SYS_close(3, 32, 3, 1)                                                                               = 0
7916 [0x7f2ff003a510]         SYS_open(0x7fffbe8fd2c0, 0x20002, 17, 1)                                                             = 3
7916 [0x7f2ff0de23b4]         SYS_fstat(3, 0x7fffbe8fd1f0, 0x7fffbe8fd1f0, 1)                                                      = 0
7916 [0x7f2ff0deb72a]         SYS_mmap(0, 32, 3, 1)                                                                                = 0x7f2ff195c000
7916 [0x7f2ff0039e60]         SYS_close(3, 32, 0, 1)                                                                               = 0
7916 [0x7f2fef3fa823]       <... Hw_Semaphore_Init resumed> )                                                                      = 17
7916 [0x7f2fef3fa833]       libgeneraldrv.so->Hw_Semaphore_Lock(0x7fffbe8fd3e0, 32, 0x7f2ff195c000, -1)                            = 0
7916 [0x7f2ff0def6b7]       SYS_ioperm(3320, 4, 1, 1)                                                                              = 0
7916 [0x7f2ff0def6b7]       SYS_ioperm(3320, 4, 0, 1)                                                                              = 0
7916 [0x7f2ff0def6b7]       SYS_ioperm(235, 1, 1, 1)                                                                               = 0
7916 [0x7f2ff0def6b7]       SYS_ioperm(235, 1, 0, 1)                                                                               = 0
7916 [0x7f2ff0def6b7]       SYS_ioperm(3324, 4, 1, 1)                                                                              = 0
7916 [0x7f2ff0def6b7]       SYS_ioperm(3324, 4, 0, 1)                                                                              = 0
7916 [0x7f2ff0def6b7]       SYS_ioperm(235, 1, 1, 1)                                                                               = 0
7916 [0x7f2ff0def6b7]       SYS_ioperm(235, 1, 0, 1)                                                                               = 0
7916 [0x7f2ff0def6b7]       SYS_ioperm(3320, 4, 1, 1)                                                                              = 0
7916 [0x7f2ff0def6b7]       SYS_ioperm(3320, 4, 0, 1)                                                                              = 0
7916 [0x7f2ff0def6b7]       SYS_ioperm(235, 1, 1, 1)                                                                               = 0
7916 [0x7f2ff0def6b7]       SYS_ioperm(235, 1, 0, 1)                                                                               = 0
7916 [0x7f2fef3fa97f]       libgeneraldrv.so->Hw_Semaphore_Unlock(0x7fffbe8fd3e0, 1, 0, -1)                                        = 0
7916 [0x7f2fef3fa98b]       libgeneraldrv.so->Hw_Semaphore_Release(0x7fffbe8fd3e0, 128, 0, 0 <unfinished ...>
7916 [0x7f2ff0deb757]         SYS_munmap(0x7f2ff195c000, 32, 0, 1)                                                                 = 0
7916 [0x7f2fef3fa98b]       <... Hw_Semaphore_Release resumed> )                                                                   = 0
7916 [0x7f2fef3fd6ff]     <... PCI_Conf_Read resumed> )                                                                            = 0
7916 [0x7f2fef3fd721]     libgeneraldrv.so->Hw_Semaphore_Init(0x7fffbe8fd460, 0x7f2fef3fe38c, 1, 0x7f2ff109f658 <unfinished ...>
7916 [0x7f2ff0de2405]       SYS_lstat(0x7fffbe8fd300, 0x7fffbe8fd210, 0x7fffbe8fd210, 0)                                           = -2
7916 [0x7f2ff003a510]       SYS_open(0x7fffbe8fd300, 194, 600, 0)                                                                  = 3
7916 [0x7f2ff0039da0]       SYS_write(3, 0x7fffbe8fd380, 32, 0)                                                                    = 32
7916 [0x7f2ff0deb72a]       SYS_mmap(0, 32, 3, 1)                                                                                  = 0x7f2ff195c000
7916 [0x7f2ff0de41a7]       SYS_link(0x7fffbe8fd300, 0x7fffbe8fd330, 3, 1)                                                         = -17
7916 [0x7f2ff0deb757]       SYS_munmap(0x7f2ff195c000, 32, 3, 1)                                                                   = 0
7916 [0x7f2ff0de42c7]       SYS_unlink(0x7fffbe8fd300, 32, 3, 1)                                                                   = 0
7916 [0x7f2ff0039e60]       SYS_close(3, 32, 3, 1)                                                                                 = 0
7916 [0x7f2ff003a510]       SYS_open(0x7fffbe8fd330, 0x20002, 20, 1)                                                               = 3
7916 [0x7f2ff0de23b4]       SYS_fstat(3, 0x7fffbe8fd260, 0x7fffbe8fd260, 1)                                                        = 0
7916 [0x7f2ff0deb72a]       SYS_mmap(0, 32, 3, 1)                                                                                  = 0x7f2ff195c000
7916 [0x7f2ff0039e60]       SYS_close(3, 32, 0, 1)                                                                                 = 0
7916 [0x7f2fef3fd721]     <... Hw_Semaphore_Init resumed> )                                                                        = 17
7916 [0x7f2fef3fd731]     libgeneraldrv.so->Hw_Semaphore_Lock(0x7fffbe8fd460, 32, 0x7f2ff195c000, -1)                              = 0
7916 [0x7f2ff0de27e0]     SYS_open(0x7f2fef3fe3a1, 2, 1, 1)                                                                        = 3
7916 [0x7f2ff0deb72a]     SYS_mmap(0, 60, 3, 1)                                                                                    = 0x7f2ff195b000
7916 [0x7f2ff0dbf060]     SYS_nanosleep(0x7fffbe8fd430, 0, 0, 1)                                                                   = 0
7916 [0x7f2ff0dbf060]     SYS_nanosleep(0x7fffbe8fd430, 0, 0, 1)                                                                   = 0
7916 [0x7f2ff0dbf060]     SYS_nanosleep(0x7fffbe8fd430, 0, 0, 1)                                                                   = 0
7916 [0x7f2ff0dbf060]     SYS_nanosleep(0x7fffbe8fd430, 0, 0, 1)                                                                   = 0
7916 [0x7f2ff0dbf060]     SYS_nanosleep(0x7fffbe8fd430, 0, 0, 1)                                                                   = 0
7916 [0x7f2ff0dbf060]     SYS_nanosleep(0x7fffbe8fd430, 0, 0, 1)                                                                   = 0
7916 [0x7f2ff0dbf060]     SYS_nanosleep(0x7fffbe8fd430, 0, 0, 1)                                                                   = 0
7916 [0x7f2ff0dbf060]     SYS_nanosleep(0x7fffbe8fd430, 0, 0, 1)                                                                   = 0
7916 [0x7f2ff0deb757]     SYS_munmap(0x7f2ff195b000, 60, 0, 1)                                                                     = 0
7916 [0x7f2ff0de3070]     SYS_close(3, 60, 0, 1)                                                                                   = 0
7916 [0x7f2ff0dbf060]     SYS_nanosleep(0x7fffbe8fd430, 0, 0, 1)                                                                   = 0
7916 [0x7f2fef3fd87f]     libgeneraldrv.so->Hw_Semaphore_Unlock(0x7fffbe8fd460, 0, 0, -1)                                          = 0
7916 [0x7f2fef3fd88b]     libgeneraldrv.so->Hw_Semaphore_Release(0x7fffbe8fd460, 128, 0, 0 <unfinished ...>
7916 [0x7f2ff0deb757]       SYS_munmap(0x7f2ff195c000, 32, 0, 1)                                                                   = 0
7916 [0x7f2fef3fd88b]     <... Hw_Semaphore_Release resumed> )                                                                     = 0
7916 [0x7f2ff10ac0e3]   <... Mv9125_Set_Led_Mode resumed> )                                                                        = 0
7916 [0x400934] <... Hal_Led_Set_Hdd_Mode resumed> )                                                                               = 0
7916 [0x7f2ff14eef15] libnasman.so->Close_Share_Memory(char const*, void*)(0x7f2ff153308e, 0x7f2ff1960000, 0xa0cfaa07b7a2b5e, 4 <unfinished ...>
7916 [0x7f2ff14eeb6e]   libnasman.so->Get_File_Size(char const*, long*)(0x7fffbe8fd370, 0x7fffbe8fd498, 0x7fffbe8fd385, 0 <unfinished ...>
7916 [0x7f2ff0de2365]     SYS_stat(0x7fffbe8fd370, 0x7fffbe8fd2d0, 0x7fffbe8fd2d0, 1)                                              = 0
7916 [0x7f2ff14eeb6e]   <... Get_File_Size(char const*, long*) resumed> )                                                          = 0
7916 [0x7f2ff0deb757]   SYS_munmap(0x7f2ff1960000, 0x2788, 0x7fffbe8fd2d0, 1)                                                      = 0
7916 [0x7f2ff14eef15] <... Close_Share_Memory(char const*, void*) resumed> )                                                       = 0
7916 [0x7f2ff14eef37] libnasman.so->Close_Share_Memory(char const*, void*)(0x7f2ff15330a7, 0x7f2ff195f000, 0, -1 <unfinished ...>
7916 [0x7f2ff14eeb6e]   libnasman.so->Get_File_Size(char const*, long*)(0x7fffbe8fd370, 0x7fffbe8fd498, 0x7fffbe8fd386, 0 <unfinished ...>
7916 [0x7f2ff0de2365]     SYS_stat(0x7fffbe8fd370, 0x7fffbe8fd2d0, 0x7fffbe8fd2d0, 1)                                              = 0
7916 [0x7f2ff14eeb6e]   <... Get_File_Size(char const*, long*) resumed> )                                                          = 0
7916 [0x7f2ff0deb757]   SYS_munmap(0x7f2ff195f000, 3536, 0x7fffbe8fd2d0, 1)                                                        = 0
7916 [0x7f2ff14eef37] <... Close_Share_Memory(char const*, void*) resumed> )                                                       = 0
7916 [0x7f2ff14eef59] libnasman.so->Close_Share_Memory(char const*, void*)(0x7f2ff15330b5, 0x7f2ff195e000, 0, -1 <unfinished ...>
7916 [0x7f2ff14eeb6e]   libnasman.so->Get_File_Size(char const*, long*)(0x7fffbe8fd370, 0x7fffbe8fd498, 0x7fffbe8fd386, 0 <unfinished ...>
7916 [0x7f2ff0de2365]     SYS_stat(0x7fffbe8fd370, 0x7fffbe8fd2d0, 0x7fffbe8fd2d0, 1)                                              = 0
7916 [0x7f2ff14eeb6e]   <... Get_File_Size(char const*, long*) resumed> )                                                          = 0
7916 [0x7f2ff0deb757]   SYS_munmap(0x7f2ff195e000, 4080, 0x7fffbe8fd2d0, 1)                                                        = 0
7916 [0x7f2ff14eef59] <... Close_Share_Memory(char const*, void*) resumed> )                                                       = 0
7916 [0x7f2ff0d3c932] libgeneral.so->Trace_Mem_Destroy()(0x7f2ff0a54d40, 0, 0xa0cf8c640ba2b5e, 16)                                 = 0
7916 [0x7f2ff0dbf468] SYS_exit_group(0, 60, 0, 0x7f2ff10a2a48 <no return ...>
7916 [0xffffffffffffffff] +++ exited (status 0) +++
