7954 [0x7f108ffdf8aa] SYS_brk(0, 0x7f108ffe2fa0, 0, 895)                                                                           = 0xe67000
7954 [0x7f108ffe07e7] SYS_readlink(0x7fff9eba8b78, 0x7fff9eba7330, 4096, 0x756e694c00000000)                                       = -2
7954 [0x7f108ffe0677] SYS_open(0x7f108ffe41f3, 0, 0, 0x756e694c00000000)                                                           = 3
7954 [0x7f108ffe07a7] SYS_chdir(0x7f10901ebba8, 0, 0, 0x756e694c00000000)                                                          = -2
7954 [0x7f108ffdf9d2] SYS_getcwd(0x7fff9eba7330, 4096, 0, 0x756e694c00000000)                                                      = 23
7954 [0x7f108ffe07c7] SYS_fchdir(3, 4096, 0, 0x756e694c00000000)                                                                   = 0
7954 [0x7f108ffe0787] SYS_close(3, 4096, 0, 0x756e694c00000000)                                                                    = 0
7954 [0x7f108ffe080a] SYS_mmap(0, 4096, 3, 34)                                                                                     = 0x7f10901e8000
7954 [0x7f108ffe06d7] SYS_access(0x7f108ffe6700, 4, 0x7f10901eb718, 0)                                                             = -2
7954 [0x7f108ffe0677] SYS_open(0x7f108ffe4072, 0x80000, 1, 0)                                                                      = 3
7954 [0x7f108ffe0604] SYS_fstat(3, 0x7fff9eba6b10, 0x7fff9eba6b10, 0)                                                              = 0
7954 [0x7f108ffe080a] SYS_mmap(0, 0x83b3, 1, 2)                                                                                    = 0x7f10901df000
7954 [0x7f108ffe0787] SYS_close(3, 0x83b3, 1, 2)                                                                                   = 0
7954 [0x7f108ffe0677] SYS_open(0x7f10901e8640, 0x80000, 0, 56)                                                                     = 3
7954 [0x7f108ffe0697] SYS_read(3, 0x7fff9eba6c98, 832, 56)                                                                         = 832
7954 [0x7f108ffe0604] SYS_fstat(3, 0x7fff9eba6b70, 0x7fff9eba6b70, 16)                                                             = 0
7954 [0x7f108ffe080a] SYS_mmap(0, 0x278960, 5, 2050)                                                                               = 0x7f108fd50000
7954 [0x7f108ffe0857] SYS_mprotect(0x7f108fdc6000, 0x200000, 0, 2050)                                                              = 0
7954 [0x7f108ffe080a] SYS_mmap(0x7f108ffc6000, 0x3000, 3, 2066)                                                                    = 0x7f108ffc6000
7954 [0x7f108ffe0787] SYS_close(3, 16, 0x7f108ffc63e0, 0x6ffffdff)                                                                 = 0
7954 [0x7f108ffe0677] SYS_open(0x7f10901e8b10, 0x80000, 0, 0x6ffffdff)                                                             = 3
7954 [0x7f108ffe0697] SYS_read(3, 0x7fff9eba6c68, 832, 0x6ffffdff)                                                                 = 832
7954 [0x7f108ffe0604] SYS_fstat(3, 0x7fff9eba6b40, 0x7fff9eba6b40, 16)                                                             = 0
7954 [0x7f108ffe080a] SYS_mmap(0, 0x21bee0, 5, 2050)                                                                               = 0x7f108fb34000
7954 [0x7f108ffe0857] SYS_mprotect(0x7f108fb4f000, 0x200000, 0, 2050)                                                              = 0
7954 [0x7f108ffe080a] SYS_mmap(0x7f108fd4f000, 4096, 3, 2066)                                                                      = 0x7f108fd4f000
7954 [0x7f108ffe0787] SYS_close(3, 16, 0x7f108fd4f208, 0x6ffffdff)                                                                 = 0
7954 [0x7f108ffe0677] SYS_open(0x7f10901e8fe0, 0x80000, 0, 0x6ffffdff)                                                             = 3
7954 [0x7f108ffe0697] SYS_read(3, 0x7fff9eba6c38, 832, 0x6ffffdff)                                                                 = 832
7954 [0x7f108ffe0604] SYS_fstat(3, 0x7fff9eba6b10, 0x7fff9eba6b10, 16)                                                             = 0
7954 [0x7f108ffe080a] SYS_mmap(0, 4096, 3, 34)                                                                                     = 0x7f10901de000
7954 [0x7f108ffe080a] SYS_mmap(0, 0x209ad0, 5, 2050)                                                                               = 0x7f108f92a000
7954 [0x7f108ffe0857] SYS_mprotect(0x7f108f934000, 0x1ff000, 0, 2050)                                                              = 0
7954 [0x7f108ffe080a] SYS_mmap(0x7f108fb33000, 4096, 3, 2066)                                                                      = 0x7f108fb33000
7954 [0x7f108ffe0787] SYS_close(3, 16, 0x7f108fb33690, 0x6ffffdff)                                                                 = 0
7954 [0x7f108ffe0677] SYS_open(0x7f10901de4b8, 0x80000, 0, 0x6ffffdff)                                                             = 3
7954 [0x7f108ffe0697] SYS_read(3, 0x7fff9eba6c08, 832, 0x6ffffdff)                                                                 = 832
7954 [0x7f108ffe0604] SYS_fstat(3, 0x7fff9eba6ae0, 0x7fff9eba6ae0, 32)                                                             = 0
7954 [0x7f108ffe080a] SYS_mmap(0, 0x39dc40, 5, 2050)                                                                               = 0x7f108f58c000
7954 [0x7f108ffe0857] SYS_mprotect(0x7f108f720000, 0x200000, 0, 2050)                                                              = 0
7954 [0x7f108ffe080a] SYS_mmap(0x7f108f920000, 0x6000, 3, 2066)                                                                    = 0x7f108f920000
7954 [0x7f108ffe080a] SYS_mmap(0x7f108f926000, 0x3c40, 3, 50)                                                                      = 0x7f108f926000
7954 [0x7f108ffe0787] SYS_close(3, 16, 0, 0x6ffffdff)                                                                              = 0
7954 [0x7f108ffe0677] SYS_open(0x7f10901de988, 0x80000, 0, 0x6ffffdff)                                                             = 3
7954 [0x7f108ffe0697] SYS_read(3, 0x7fff9eba6ab8, 832, 0x6ffffdff)                                                                 = 832
7954 [0x7f108ffe0604] SYS_fstat(3, 0x7fff9eba6990, 0x7fff9eba6990, 16)                                                             = 0
7954 [0x7f108ffe080a] SYS_mmap(0, 0x2b09d0, 5, 2050)                                                                               = 0x7f108f2db000
7954 [0x7f108ffe0857] SYS_mprotect(0x7f108f38a000, 0x1ff000, 0, 2050)                                                              = 0
7954 [0x7f108ffe080a] SYS_mmap(0x7f108f589000, 0x3000, 3, 2066)                                                                    = 0x7f108f589000
7954 [0x7f108ffe0787] SYS_close(3, 16, 0x7f108f5899a8, 0x6ffffdff)                                                                 = 0
7954 [0x7f108ffe0677] SYS_open(0x7f10901dee58, 0x80000, 0, 0x6ffffdff)                                                             = 3
7954 [0x7f108ffe0697] SYS_read(3, 0x7fff9eba6a88, 832, 0x6ffffdff)                                                                 = 832
7954 [0x7f108ffe0604] SYS_fstat(3, 0x7fff9eba6960, 0x7fff9eba6960, 16)                                                             = 0
7954 [0x7f108ffe080a] SYS_mmap(0, 4096, 3, 34)                                                                                     = 0x7f10901dd000
7954 [0x7f108ffe080a] SYS_mmap(0, 0x294ee0, 5, 2050)                                                                               = 0x7f108f046000
7954 [0x7f108ffe0857] SYS_mprotect(0x7f108f0d8000, 0x1ff000, 0, 2050)                                                              = 0
7954 [0x7f108ffe080a] SYS_mmap(0x7f108f2d7000, 0x3000, 3, 2066)                                                                    = 0x7f108f2d7000
7954 [0x7f108ffe080a] SYS_mmap(0x7f108f2da000, 3808, 3, 50)                                                                        = 0x7f108f2da000
7954 [0x7f108ffe0787] SYS_close(3, 16, 0x7f108f2d7e30, 0x6ffffdff)                                                                 = 0
7954 [0x7f108ffe0677] SYS_open(0x7f10901dd4b8, 0x80000, 0, 0x6ffffdff)                                                             = 3
7954 [0x7f108ffe0697] SYS_read(3, 0x7fff9eba6a58, 832, 0x6ffffdff)                                                                 = 832
7954 [0x7f108ffe0604] SYS_fstat(3, 0x7fff9eba6930, 0x7fff9eba6930, 16)                                                             = 0
7954 [0x7f108ffe080a] SYS_mmap(0, 0x29d850, 5, 2050)                                                                               = 0x7f108eda8000
7954 [0x7f108ffe0857] SYS_mprotect(0x7f108ee41000, 0x200000, 0, 2050)                                                              = 0
7954 [0x7f108ffe080a] SYS_mmap(0x7f108f041000, 0x3000, 3, 2066)                                                                    = 0x7f108f041000
7954 [0x7f108ffe080a] SYS_mmap(0x7f108f044000, 6224, 3, 50)                                                                        = 0x7f108f044000
7954 [0x7f108ffe0787] SYS_close(3, 16, 0x7f108f042cc8, 0x6ffffdff)                                                                 = 0
7954 [0x7f108ffe0677] SYS_open(0x7f10901dd9a0, 0x80000, 0, 0x6ffffdff)                                                             = 3
7954 [0x7f108ffe0697] SYS_read(3, 0x7fff9eba6a28, 832, 0x6ffffdff)                                                                 = 832
7954 [0x7f108ffe0604] SYS_fstat(3, 0x7fff9eba6900, 0x7fff9eba6900, 16)                                                             = 0
7954 [0x7f108ffe080a] SYS_mmap(0, 0x2dbbb0, 5, 2050)                                                                               = 0x7f108eacc000
7954 [0x7f108ffe0857] SYS_mprotect(0x7f108eb8a000, 0x200000, 0, 2050)                                                              = 0
7954 [0x7f108ffe080a] SYS_mmap(0x7f108ed8a000, 0xa000, 3, 2066)                                                                    = 0x7f108ed8a000
7954 [0x7f108ffe080a] SYS_mmap(0x7f108ed94000, 0x13bb0, 3, 50)                                                                     = 0x7f108ed94000
7954 [0x7f108ffe0787] SYS_close(3, 16, 0x7f108ed904d8, 0x6ffffdff)                                                                 = 0
7954 [0x7f108ffe0677] SYS_open(0x7f10901dde70, 0x80000, 0, 0x6ffffdff)                                                             = 3
7954 [0x7f108ffe0697] SYS_read(3, 0x7fff9eba69f8, 832, 0x6ffffdff)                                                                 = 832
7954 [0x7f108ffe0604] SYS_fstat(3, 0x7fff9eba68d0, 0x7fff9eba68d0, 32)                                                             = 0
7954 [0x7f108ffe080a] SYS_mmap(0, 4096, 3, 34)                                                                                     = 0x7f10901dc000
7954 [0x7f108ffe080a] SYS_mmap(0, 0x21c490, 5, 2050)                                                                               = 0x7f108e8af000
7954 [0x7f108ffe0857] SYS_mprotect(0x7f108e8c7000, 0x1ff000, 0, 2050)                                                              = 0
7954 [0x7f108ffe080a] SYS_mmap(0x7f108eac6000, 8192, 3, 2066)                                                                      = 0x7f108eac6000
7954 [0x7f108ffe080a] SYS_mmap(0x7f108eac8000, 0x3490, 3, 50)                                                                      = 0x7f108eac8000
7954 [0x7f108ffe0787] SYS_close(3, 16, 0, 0x6ffffdff)                                                                              = 0
7954 [0x7f108ffe0677] SYS_open(0x7f10901dc4b8, 0x80000, 0, 0x6ffffdff)                                                             = 3
7954 [0x7f108ffe0697] SYS_read(3, 0x7fff9eba69c8, 832, 0x6ffffdff)                                                                 = 832
7954 [0x7f108ffe0604] SYS_fstat(3, 0x7fff9eba68a0, 0x7fff9eba68a0, 32)                                                             = 0
7954 [0x7f108ffe080a] SYS_mmap(0, 0x207bc0, 5, 2050)                                                                               = 0x7f108e6a7000
7954 [0x7f108ffe0857] SYS_mprotect(0x7f108e6ae000, 0x1ff000, 0, 2050)                                                              = 0
7954 [0x7f108ffe080a] SYS_mmap(0x7f108e8ad000, 8192, 3, 2066)                                                                      = 0x7f108e8ad000
7954 [0x7f108ffe0787] SYS_close(3, 16, 0, 0x6ffffdff)                                                                              = 0
7954 [0x7f108ffe0677] SYS_open(0x7f10901dc988, 0x80000, 0, 0x6ffffdff)                                                             = 3
7954 [0x7f108ffe0697] SYS_read(3, 0x7fff9eba6998, 832, 0x6ffffdff)                                                                 = 832
7954 [0x7f108ffe0604] SYS_fstat(3, 0x7fff9eba6870, 0x7fff9eba6870, 16)                                                             = 0
7954 [0x7f108ffe080a] SYS_mmap(0, 0x202e20, 5, 2050)                                                                               = 0x7f108e4a4000
7954 [0x7f108ffe0857] SYS_mprotect(0x7f108e4a7000, 0x1ff000, 0, 2050)                                                              = 0
7954 [0x7f108ffe080a] SYS_mmap(0x7f108e6a6000, 4096, 3, 2066)                                                                      = 0x7f108e6a6000
7954 [0x7f108ffe0787] SYS_close(3, 16, 0x7f108e6a6c28, 0x6ffffdff)                                                                 = 0
7954 [0x7f108ffe0677] SYS_open(0x7f10901dce58, 0x80000, 0, 0x6ffffdff)                                                             = 3
7954 [0x7f108ffe0697] SYS_read(3, 0x7fff9eba6968, 832, 0x6ffffdff)                                                                 = 832
7954 [0x7f108ffe0604] SYS_fstat(3, 0x7fff9eba6840, 0x7fff9eba6840, 16)                                                             = 0
7954 [0x7f108ffe080a] SYS_mmap(0, 4096, 3, 34)                                                                                     = 0x7f10901db000
7954 [0x7f108ffe080a] SYS_mmap(0, 0x209850, 5, 2050)                                                                               = 0x7f108e29a000
7954 [0x7f108ffe0857] SYS_mprotect(0x7f108e2a4000, 0x1ff000, 0, 2050)                                                              = 0
7954 [0x7f108ffe080a] SYS_mmap(0x7f108e4a3000, 4096, 3, 2066)                                                                      = 0x7f108e4a3000
7954 [0x7f108ffe0787] SYS_close(3, 16, 0x7f108e4a3618, 0x6ffffdff)                                                                 = 0
7954 [0x7f108ffe0677] SYS_open(0x7f10901db4b8, 0x80000, 0, 0x6ffffdff)                                                             = 3
7954 [0x7f108ffe0697] SYS_read(3, 0x7fff9eba6938, 832, 0x6ffffdff)                                                                 = 832
7954 [0x7f108ffe0604] SYS_fstat(3, 0x7fff9eba6810, 0x7fff9eba6810, 16)                                                             = 0
7954 [0x7f108ffe080a] SYS_mmap(0, 0x210868, 5, 2050)                                                                               = 0x7f108e089000
7954 [0x7f108ffe0857] SYS_mprotect(0x7f108e09a000, 0x1ff000, 0, 2050)                                                              = 0
7954 [0x7f108ffe080a] SYS_mmap(0x7f108e299000, 4096, 3, 2066)                                                                      = 0x7f108e299000
7954 [0x7f108ffe0787] SYS_close(3, 16, 0x7f108e299408, 0x6ffffdff)                                                                 = 0
7954 [0x7f108ffe0677] SYS_open(0x7f10901dba40, 0x80000, 0, 0x7f10901dc9a0)                                                         = 3
7954 [0x7f108ffe0697] SYS_read(3, 0x7fff9eba67d8, 832, 0x7f10901dc9a0)                                                             = 832
7954 [0x7f108ffe0604] SYS_fstat(3, 0x7fff9eba66b0, 0x7fff9eba66b0, 16)                                                             = 0
7954 [0x7f108ffe080a] SYS_mmap(0, 0x2032c8, 5, 2050)                                                                               = 0x7f108de85000
7954 [0x7f108ffe0857] SYS_mprotect(0x7f108de88000, 0x200000, 0, 2050)                                                              = 0
7954 [0x7f108ffe080a] SYS_mmap(0x7f108e088000, 4096, 3, 2066)                                                                      = 0x7f108e088000
7954 [0x7f108ffe0787] SYS_close(3, 16, 0x7f108e088188, 0x6ffffdff)                                                                 = 0
7954 [0x7f108ffe0677] SYS_open(0x7f10901dbf28, 0x80000, 0, 0x6ffffdff)                                                             = 3
7954 [0x7f108ffe0697] SYS_read(3, 0x7fff9eba67a8, 832, 0x6ffffdff)                                                                 = 832
7954 [0x7f108ffe0604] SYS_fstat(3, 0x7fff9eba6680, 0x7fff9eba6680, 16)                                                             = 0
7954 [0x7f108ffe080a] SYS_mmap(0, 4096, 3, 34)                                                                                     = 0x7f10901da000
7954 [0x7f108ffe080a] SYS_mmap(0, 0x207820, 5, 2050)                                                                               = 0x7f108dc7d000
7954 [0x7f108ffe0857] SYS_mprotect(0x7f108dc84000, 0x200000, 0, 2050)                                                              = 0
7954 [0x7f108ffe080a] SYS_mmap(0x7f108de84000, 4096, 3, 2066)                                                                      = 0x7f108de84000
7954 [0x7f108ffe0787] SYS_close(3, 16, 0x7f108de84188, 0x6ffffdff)                                                                 = 0
7954 [0x7f108ffe0677] SYS_open(0x7f10901da4c8, 0x80000, 0, 0x6ffffdff)                                                             = 3
7954 [0x7f108ffe0697] SYS_read(3, 0x7fff9eba6778, 832, 0x6ffffdff)                                                                 = 832
7954 [0x7f108ffe0604] SYS_fstat(3, 0x7fff9eba6650, 0x7fff9eba6650, 16)                                                             = 0
7954 [0x7f108ffe080a] SYS_mmap(0, 0x201f30, 5, 2050)                                                                               = 0x7f108da7b000
7954 [0x7f108ffe0857] SYS_mprotect(0x7f108da7d000, 0x1ff000, 0, 2050)                                                              = 0
7954 [0x7f108ffe080a] SYS_mmap(0x7f108dc7c000, 4096, 3, 2066)                                                                      = 0x7f108dc7c000
7954 [0x7f108ffe0787] SYS_close(3, 16, 0x7f108dc7ce18, 0x6ffffdff)                                                                 = 0
7954 [0x7f108ffe0677] SYS_open(0x7f10901daa60, 0x80000, 0, 0x7f10901de4d0)                                                         = 3
7954 [0x7f108ffe0697] SYS_read(3, 0x7fff9eba6748, 832, 0x7f10901de4d0)                                                             = 832
7954 [0x7f108ffe0604] SYS_fstat(3, 0x7fff9eba6620, 0x7fff9eba6620, 16)                                                             = 0
7954 [0x7f108ffe080a] SYS_mmap(0, 0x2022e8, 5, 2050)                                                                               = 0x7f108d878000
7954 [0x7f108ffe0857] SYS_mprotect(0x7f108d87a000, 0x200000, 0, 2050)                                                              = 0
7954 [0x7f108ffe080a] SYS_mmap(0x7f108da7a000, 4096, 3, 2066)                                                                      = 0x7f108da7a000
7954 [0x7f108ffe0787] SYS_close(3, 16, 0x7f108da7a198, 0x6ffffdff)                                                                 = 0
7954 [0x7f108ffe0677] SYS_open(0x7f10901daf40, 0x80000, 0, 0x6ffffdff)                                                             = 3
7954 [0x7f108ffe0697] SYS_read(3, 0x7fff9eba6718, 832, 0x6ffffdff)                                                                 = 832
7954 [0x7f108ffe0604] SYS_fstat(3, 0x7fff9eba65f0, 0x7fff9eba65f0, 16)                                                             = 0
7954 [0x7f108ffe080a] SYS_mmap(0, 4096, 3, 34)                                                                                     = 0x7f10901d9000
7954 [0x7f108ffe080a] SYS_mmap(0, 0x201f30, 5, 2050)                                                                               = 0x7f108d676000
7954 [0x7f108ffe0857] SYS_mprotect(0x7f108d678000, 0x1ff000, 0, 2050)                                                              = 0
7954 [0x7f108ffe080a] SYS_mmap(0x7f108d877000, 4096, 3, 2066)                                                                      = 0x7f108d877000
7954 [0x7f108ffe0787] SYS_close(3, 16, 0x7f108d877e18, 0x6ffffdff)                                                                 = 0
7954 [0x7f108ffe0677] SYS_open(0x7f10901d94c0, 0x80000, 0, 0x6ffffdff)                                                             = 3
7954 [0x7f108ffe0697] SYS_read(3, 0x7fff9eba66e8, 832, 0x6ffffdff)                                                                 = 832
7954 [0x7f108ffe0604] SYS_fstat(3, 0x7fff9eba65c0, 0x7fff9eba65c0, 16)                                                             = 0
7954 [0x7f108ffe080a] SYS_mmap(0, 0x2038b8, 5, 2050)                                                                               = 0x7f108d472000
7954 [0x7f108ffe0857] SYS_mprotect(0x7f108d476000, 0x1ff000, 0, 2050)                                                              = 0
7954 [0x7f108ffe080a] SYS_mmap(0x7f108d675000, 4096, 3, 2066)                                                                      = 0x7f108d675000
7954 [0x7f108ffe0787] SYS_close(3, 16, 0x7f108d675748, 0x6ffffdff)                                                                 = 0
7954 [0x7f108ffe0677] SYS_open(0x7f10901d9a60, 0x80000, 0, 0x7f10901dc000)                                                         = 3
7954 [0x7f108ffe0697] SYS_read(3, 0x7fff9eba6688, 832, 0x7f10901dc000)                                                             = 832
7954 [0x7f108ffe0604] SYS_fstat(3, 0x7fff9eba6560, 0x7fff9eba6560, 16)                                                             = 0
7954 [0x7f108ffe080a] SYS_mmap(0, 0x210848, 5, 2050)                                                                               = 0x7f108d261000
7954 [0x7f108ffe0857] SYS_mprotect(0x7f108d271000, 0x1ff000, 0, 2050)                                                              = 0
7954 [0x7f108ffe080a] SYS_mmap(0x7f108d470000, 8192, 3, 2066)                                                                      = 0x7f108d470000
7954 [0x7f108ffe0787] SYS_close(3, 16, 0x7f108d470d90, 0x6ffffdff)                                                                 = 0
7954 [0x7f108ffe0677] SYS_open(0x7f10901d9f48, 0x80000, 0, 0x6ffffdff)                                                             = 3
7954 [0x7f108ffe0697] SYS_read(3, 0x7fff9eba6658, 832, 0x6ffffdff)                                                                 = 832
7954 [0x7f108ffe0604] SYS_fstat(3, 0x7fff9eba6530, 0x7fff9eba6530, 16)                                                             = 0
7954 [0x7f108ffe080a] SYS_mmap(0, 4096, 3, 34)                                                                                     = 0x7f10901d8000
7954 [0x7f108ffe080a] SYS_mmap(0, 0x20acf0, 5, 2050)                                                                               = 0x7f108d056000
7954 [0x7f108ffe0857] SYS_mprotect(0x7f108d061000, 0x1ff000, 0, 2050)                                                              = 0
7954 [0x7f108ffe080a] SYS_mmap(0x7f108d260000, 4096, 3, 2066)                                                                      = 0x7f108d260000
7954 [0x7f108ffe0787] SYS_close(3, 16, 0x7f108d260750, 0x6ffffdff)                                                                 = 0
7954 [0x7f108ffe0677] SYS_open(0x7f10901d8560, 0x80000, 0, 0x7f10901dc000)                                                         = 3
7954 [0x7f108ffe0697] SYS_read(3, 0x7fff9eba6628, 832, 0x7f10901dc000)                                                             = 832
7954 [0x7f108ffe0604] SYS_fstat(3, 0x7fff9eba6500, 0x7fff9eba6500, 32)                                                             = 0
7954 [0x7f108ffe080a] SYS_mmap(0, 0x2361e0, 5, 2050)                                                                               = 0x7f108ce1f000
7954 [0x7f108ffe0857] SYS_mprotect(0x7f108ce27000, 0x1ff000, 0, 2050)                                                              = 0
7954 [0x7f108ffe080a] SYS_mmap(0x7f108d026000, 8192, 3, 2066)                                                                      = 0x7f108d026000
7954 [0x7f108ffe080a] SYS_mmap(0x7f108d028000, 0x2d1e0, 3, 50)                                                                     = 0x7f108d028000
7954 [0x7f108ffe0787] SYS_close(3, 16, 0, 0x6ffffdff)                                                                              = 0
7954 [0x7f108ffe0677] SYS_open(0x7f10901d8a30, 0x80000, 0, 0x6ffffdff)                                                             = 3
7954 [0x7f108ffe0697] SYS_read(3, 0x7fff9eba65f8, 832, 0x6ffffdff)                                                                 = 832
7954 [0x7f108ffe0604] SYS_fstat(3, 0x7fff9eba64d0, 0x7fff9eba64d0, 16)                                                             = 0
7954 [0x7f108ffe080a] SYS_mmap(0, 0x43fe88, 5, 2050)                                                                               = 0x7f108c9df000
7954 [0x7f108ffe0857] SYS_mprotect(0x7f108cbf4000, 0x200000, 0, 2050)                                                              = 0
7954 [0x7f108ffe080a] SYS_mmap(0x7f108cdf4000, 0x27000, 3, 2066)                                                                   = 0x7f108cdf4000
7954 [0x7f108ffe080a] SYS_mmap(0x7f108ce1b000, 0x3e88, 3, 50)                                                                      = 0x7f108ce1b000
7954 [0x7f108ffe0857] SYS_mprotect(0x7fff9eba8000, 4096, 0x1000007, 4)                                                             = 0
7954 [0x7f108ffe0787] SYS_close(3, 4096, 0x1000007, 4)                                                                             = 0
7954 [0x7f108ffe0677] SYS_open(0x7f10901d8fb0, 0x80000, 0, 0x7f10901db4d0)                                                         = 3
7954 [0x7f108ffe0697] SYS_read(3, 0x7fff9eba65c8, 832, 0x7f10901db4d0)                                                             = 832
7954 [0x7f108ffe0604] SYS_fstat(3, 0x7fff9eba64a0, 0x7fff9eba64a0, 16)                                                             = 0
7954 [0x7f108ffe080a] SYS_mmap(0, 4096, 3, 34)                                                                                     = 0x7f10901d7000
7954 [0x7f108ffe080a] SYS_mmap(0, 0x215730, 5, 2050)                                                                               = 0x7f108c7c9000
7954 [0x7f108ffe0857] SYS_mprotect(0x7f108c7df000, 0x1ff000, 0, 2050)                                                              = 0
7954 [0x7f108ffe080a] SYS_mmap(0x7f108c9de000, 4096, 3, 2066)                                                                      = 0x7f108c9de000
7954 [0x7f108ffe0787] SYS_close(3, 16, 0x7f108c9de490, 0x6ffffdff)                                                                 = 0
7954 [0x7f108ffe0677] SYS_open(0x7f10901d74f0, 0x80000, 0, 0x6ffffdff)                                                             = 3
7954 [0x7f108ffe0697] SYS_read(3, 0x7fff9eba6598, 832, 0x6ffffdff)                                                                 = 832
7954 [0x7f108ffe0604] SYS_fstat(3, 0x7fff9eba6470, 0x7fff9eba6470, 32)                                                             = 0
7954 [0x7f108ffe080a] SYS_mmap(0, 0x2fd148, 5, 2050)                                                                               = 0x7f108c4cb000
7954 [0x7f108ffe0857] SYS_mprotect(0x7f108c5c8000, 0x1ff000, 0, 2050)                                                              = 0
7954 [0x7f108ffe080a] SYS_mmap(0x7f108c7c7000, 8192, 3, 2066)                                                                      = 0x7f108c7c7000
7954 [0x7f108ffe0787] SYS_close(3, 16, 0, 0x6ffffdff)                                                                              = 0
7954 [0x7f108ffe0677] SYS_open(0x7fff9eba6360, 0x80000, 0, 0x36782f39325f3130)                                                     = -2
7954 [0x7f108ffe05c5] SYS_stat(0x7fff9eba6360, 0x7fff9eba6440, 0x7fff9eba6440, 0x36782f39325f3130)                                 = -2
7954 [0x7f108ffe0677] SYS_open(0x7fff9eba6360, 0x80000, 0, 0x36782f39325f3130)                                                     = -2
7954 [0x7f108ffe05c5] SYS_stat(0x7fff9eba6360, 0x7fff9eba6440, 0x7fff9eba6440, 0x36782f39325f3130)                                 = -2
7954 [0x7f108ffe0677] SYS_open(0x7fff9eba6360, 0x80000, 0, 0x36782f39325f3130)                                                     = -2
7954 [0x7f108ffe05c5] SYS_stat(0x7fff9eba6360, 0x7fff9eba6440, 0x7fff9eba6440, 0x36782f39325f3130)                                 = -2
7954 [0x7f108ffe0677] SYS_open(0x7fff9eba6360, 0x80000, 0, 0x36782f39325f3130)                                                     = -2
7954 [0x7f108ffe05c5] SYS_stat(0x7fff9eba6360, 0x7fff9eba6440, 0x7fff9eba6440, 0x36782f39325f3130)                                 = -2
7954 [0x7f108ffe0677] SYS_open(0x7f10901d7dd0, 0x80000, 0, 0x36782f39325f3130)                                                     = 3
7954 [0x7f108ffe0697] SYS_read(3, 0x7fff9eba6568, 832, 0x36782f39325f3130)                                                         = 832
7954 [0x7f108ffe0604] SYS_fstat(3, 0x7fff9eba6440, 0x7fff9eba6440, 16)                                                             = 0
7954 [0x7f108ffe080a] SYS_mmap(0, 4096, 3, 34)                                                                                     = 0x7f10901d6000
7954 [0x7f108ffe080a] SYS_mmap(0, 0x2f8980, 5, 2050)                                                                               = 0x7f108c1d2000
7954 [0x7f108ffe0857] SYS_mprotect(0x7f108c2c9000, 0x200000, 0, 2050)                                                              = 0
7954 [0x7f108ffe080a] SYS_mmap(0x7f108c4c9000, 8192, 3, 2066)                                                                      = 0x7f108c4c9000
7954 [0x7f108ffe0787] SYS_close(3, 16, 0x7f108c4c93a0, 0x6ffffdff)                                                                 = 0
7954 [0x7f108ffe0677] SYS_open(0x7f10901d64c8, 0x80000, 0, 0x6ffffdff)                                                             = 3
7954 [0x7f108ffe0697] SYS_read(3, 0x7fff9eba6538, 832, 0x6ffffdff)                                                                 = 832
7954 [0x7f108ffe0604] SYS_fstat(3, 0x7fff9eba6410, 0x7fff9eba6410, 16)                                                             = 0
7954 [0x7f108ffe080a] SYS_mmap(0, 0x2fc9d8, 5, 2050)                                                                               = 0x7f108bed5000
7954 [0x7f108ffe0857] SYS_mprotect(0x7f108bfd0000, 0x200000, 0, 2050)                                                              = 0
7954 [0x7f108ffe080a] SYS_mmap(0x7f108c1d0000, 8192, 3, 2066)                                                                      = 0x7f108c1d0000
7954 [0x7f108ffe0787] SYS_close(3, 16, 0x7f108c1d1828, 0x6ffffdff)                                                                 = 0
7954 [0x7f108ffe0677] SYS_open(0x7f10901d6998, 0x80000, 0, 0x6ffffdff)                                                             = 3
7954 [0x7f108ffe0697] SYS_read(3, 0x7fff9eba6508, 832, 0x6ffffdff)                                                                 = 832
7954 [0x7f108ffe0604] SYS_fstat(3, 0x7fff9eba63e0, 0x7fff9eba63e0, 16)                                                             = 0
7954 [0x7f108ffe080a] SYS_mmap(0, 0x242830, 5, 2050)                                                                               = 0x7f108bc92000
7954 [0x7f108ffe0857] SYS_mprotect(0x7f108bcd5000, 0x1ff000, 0, 2050)                                                              = 0
7954 [0x7f108ffe080a] SYS_mmap(0x7f108bed4000, 4096, 3, 2066)                                                                      = 0x7f108bed4000
7954 [0x7f108ffe0787] SYS_close(3, 16, 0x7f108bed4630, 0x6ffffdff)                                                                 = 0
7954 [0x7f108ffe0677] SYS_open(0x7f10901d6f70, 0x80000, 0, 0x7f10901dd9b8)                                                         = 3
7954 [0x7f108ffe0697] SYS_read(3, 0x7fff9eba64d8, 832, 0x7f10901dd9b8)                                                             = 832
7954 [0x7f108ffe0604] SYS_fstat(3, 0x7fff9eba63b0, 0x7fff9eba63b0, 32)                                                             = 0
7954 [0x7f108ffe080a] SYS_mmap(0, 4096, 3, 34)                                                                                     = 0x7f10901d5000
7954 [0x7f108ffe080a] SYS_mmap(0, 0x203118, 5, 2050)                                                                               = 0x7f108ba8e000
7954 [0x7f108ffe0857] SYS_mprotect(0x7f108ba90000, 0x200000, 0, 2050)                                                              = 0
7954 [0x7f108ffe080a] SYS_mmap(0x7f108bc90000, 8192, 3, 2066)                                                                      = 0x7f108bc90000
7954 [0x7f108ffe0787] SYS_close(3, 16, 0x7f108bc90f40, 0x6ffffdff)                                                                 = 0
7954 [0x7f108ffe080a] SYS_mmap(0, 4096, 3, 34)                                                                                     = 0x7f10901d4000
7954 [0x7f108ffe080a] SYS_mmap(0, 4096, 3, 34)                                                                                     = 0x7f10901d3000
7954 [0x7f108ffe080a] SYS_mmap(0, 8192, 3, 34)                                                                                     = 0x7f10901d1000
7954 [0x7f108ffca044] SYS_arch_prctl(4098, 0x7f10901d1780, 0x7f10901d2080, 34)                                                     = 0
7954 [0x7f108ffe0857] SYS_mprotect(0x7f108f920000, 0x4000, 1, 1)                                                                   = 0
7954 [0x7f108ffe0857] SYS_mprotect(0x7f108bc90000, 4096, 1, 0x7f108ba8ec68)                                                        = 0
7954 [0x7f108ffe0857] SYS_mprotect(0x7f108eac6000, 4096, 1, 0x7f108e8b4500)                                                        = 0
7954 [0x7f108ffe0857] SYS_mprotect(0x7f108c7c7000, 4096, 1, 1)                                                                     = 0
7954 [0x7f108ffe0857] SYS_mprotect(0x7f108d026000, 4096, 1, 0x7f108ce1fa00)                                                        = 0
7954 [0x7f108ffe0857] SYS_mprotect(0x7f108ed8a000, 0x7000, 1, 0x7f108eb24810)                                                      = 0
7954 [0x7f108ffe0857] SYS_mprotect(0x7f108e8ad000, 4096, 1, 0x7f108e6a8d58)                                                        = 0
7954 [0x7f108ffe0857] SYS_mprotect(0x7f10901e9000, 4096, 1, 0)                                                                     = 0
7954 [0x7f108ffe0837] SYS_munmap(0x7f10901df000, 0x83b3, 0x70700, 0)                                                               = 0
7954 [0x7f108e8b5e92] SYS_set_tid_address(0x7f10901d1a50, 0x7fff9eba84c8, 0x7f10901d1780, 0)                                       = 7954
7954 [0x7f108e8b5efa] SYS_set_robust_list(0x7f10901d1a60, 24, 0x7f10901d1780, 0)                                                   = 0
7954 [0x7f108e8bfcf5] SYS_rt_sigaction(32, 0x7fff9eba8218, 0, 8)                                                                   = 0
7954 [0x7f108e8bfcf5] SYS_rt_sigaction(33, 0x7fff9eba8218, 0, 8)                                                                   = 0
7954 [0x7f108e8b5fd6] SYS_rt_sigprocmask(1, 0x7fff9eba8368, 0, 8)                                                                  = 0
7954 [0x7f108f66cb17] SYS_getrlimit(3, 0x7fff9eba8400, 63, 1)                                                                      = 0
7954 [0x7f108e8b5b95] SYS_futex(0x7f108ed947e0, 129, 0x7fffffff, 0)                                                                = 0
7954 [0x4008fd] ledctrl->Lookup_Nas_Info(_T_NAS_PROP_&)(0x7fff9eba8310, 0x7fff9eba8b94, 0, 0x7fff9eba8b93 <unfinished ...>
7954 [0x7f108fd73d11]   libnasman.so->Open_Share_Memory(char const*, int, void*&, int&)(0x7f108fdb808e, 0, 0x7fff9eba82d0, 0x7fff9eba82dc <unfinished ...>
7954 [0x7f108f667557]     SYS_statfs(0x7f108e8c21e8, 0x7fff9eba8070, 0x7f108eacb310, 1)                                            = 0
7954 [0x7f108e8b5b95]     SYS_futex(0x7f108eacb310, 129, 0x7fffffff, 0)                                                            = 0
7954 [0x7f108f6677e0]     SYS_open(0x7fff9eba8180, 0xa0000, 484, 1)                                                                = 3
7954 [0x7f108f6673b4]     SYS_fstat(3, 0x7fff9eba8210, 0x7fff9eba8210, 1)                                                          = 0
7954 [0x7f108f67072a]     SYS_mmap(0, 0x2788, 1, 1)                                                                                = 0x7f10901e5000
7954 [0x7f108f668070]     SYS_close(3, 0x2788, 1, 1)                                                                               = 0
7954 [0x7f108fd73d11]   <... Open_Share_Memory(char const*, int, void*&, int&) resumed> )                                          = 0
7954 [0x7f108fd73d4d]   libnasman.so->Open_Share_Memory(char const*, int, void*&, int&)(0x7f108fdb80a7, 0, 0x7fff9eba82d0, 0x7fff9eba82dc <unfinished ...>
7954 [0x7f108f6677e0]     SYS_open(0x7fff9eba8180, 0xa0000, 484, 1)                                                                = 3
7954 [0x7f108f6673b4]     SYS_fstat(3, 0x7fff9eba8210, 0x7fff9eba8210, 1)                                                          = 0
7954 [0x7f108f67072a]     SYS_mmap(0, 3536, 1, 1)                                                                                  = 0x7f10901e4000
7954 [0x7f108f668070]     SYS_close(3, 3536, 1, 1)                                                                                 = 0
7954 [0x7f108fd73d4d]   <... Open_Share_Memory(char const*, int, void*&, int&) resumed> )                                          = 0
7954 [0x7f108fd73d7f]   libnasman.so->Open_Share_Memory(char const*, int, void*&, int&)(0x7f108fdb80b5, 0, 0x7fff9eba82d0, 0x7fff9eba82dc <unfinished ...>
7954 [0x7f108f6677e0]     SYS_open(0x7fff9eba8180, 0xa0000, 484, 1)                                                                = 3
7954 [0x7f108f6673b4]     SYS_fstat(3, 0x7fff9eba8210, 0x7fff9eba8210, 1)                                                          = 0
7954 [0x7f108f67072a]     SYS_mmap(0, 4080, 1, 1)                                                                                  = 0x7f10901e3000
7954 [0x7f108f668070]     SYS_close(3, 4080, 1, 1)                                                                                 = 0
7954 [0x7f108fd73d7f]   <... Open_Share_Memory(char const*, int, void*&, int&) resumed> )                                          = 0
7954 [0x4008fd] <... Lookup_Nas_Info(_T_NAS_PROP_&) resumed> )                                                                     = 0
7954 [0x400934] ledctrl->Hal_Led_Set_Hdd_Mode(0, 7, 2, 0 <unfinished ...>
7954 [0x7f108f930f15]   libnhal.so->Hal_Lookup_Hardware_Info(0x7fff9eba8200, 7, 2, 0 <unfinished ...>
7954 [0x7f108f6677e0]     SYS_open(0x7fff9eba8100, 0xa0002, 484, 1)                                                                = 3
7954 [0x7f108f67072a]     SYS_mmap(0, 220, 3, 1)                                                                                   = 0x7f10901e2000
7954 [0x7f108f668070]     SYS_close(3, 220, 3, 1)                                                                                  = 0
7954 [0x7f108f92f7f0]     libnhal.so->Hw_Semaphore_Init(0x7fff9eba81b0, 0x7f108f932287, 1, -1 <unfinished ...>
7954 [0x7f108f667405]       SYS_lstat(0x7fff9eba8060, 0x7fff9eba7f70, 0x7fff9eba7f70, 0)                                           = -2
7954 [0x7f108e8bf510]       SYS_open(0x7fff9eba8060, 194, 600, 0)                                                                  = 3
7954 [0x7f108e8beda0]       SYS_write(3, 0x7fff9eba80e0, 32, 0)                                                                    = 32
7954 [0x7f108f67072a]       SYS_mmap(0, 32, 3, 1)                                                                                  = 0x7f10901e1000
7954 [0x7f108f6691a7]       SYS_link(0x7fff9eba8060, 0x7fff9eba8090, 3, 1)                                                         = -17
7954 [0x7f108f670757]       SYS_munmap(0x7f10901e1000, 32, 3, 1)                                                                   = 0
7954 [0x7f108f6692c7]       SYS_unlink(0x7fff9eba8060, 32, 3, 1)                                                                   = 0
7954 [0x7f108e8bee60]       SYS_close(3, 32, 3, 1)                                                                                 = 0
7954 [0x7f108e8bf510]       SYS_open(0x7fff9eba8090, 0x20002, 18, 1)                                                               = 3
7954 [0x7f108f6673b4]       SYS_fstat(3, 0x7fff9eba7fc0, 0x7fff9eba7fc0, 1)                                                        = 0
7954 [0x7f108f66cf5a]       SYS_brk(0, 0x7f108f924640, 0, -4096)                                                                   = 0xe67000
7954 [0x7f108f66cf5a]       SYS_brk(0xe88000, 0xe67000, 0xe88000, -4096)                                                           = 0xe88000
7954 [0x7f108f67072a]       SYS_mmap(0, 32, 3, 1)                                                                                  = 0x7f10901e1000
7954 [0x7f108e8bee60]       SYS_close(3, 32, 0, 3)                                                                                 = 0
7954 [0x7f108f92f7f0]     <... Hw_Semaphore_Init resumed> )                                                                        = 17
7954 [0x7f108f92f800]     libnhal.so->Hw_Semaphore_Lock(0x7fff9eba81b0, 32, 0x7f10901e1000, -1)                                    = 0
7954 [0x7f108f92f918]     libnhal.so->Hw_Semaphore_Unlock(0x7fff9eba81b0, 2, 0x7f10901e2000, 0)                                    = 0
7954 [0x7f108f92f924]     libnhal.so->Hw_Semaphore_Release(0x7fff9eba81b0, 128, 0, 0 <unfinished ...>
7954 [0x7f108f670757]       SYS_munmap(0x7f10901e1000, 32, 0, 1)                                                                   = 0
7954 [0x7f108f92f924]     <... Hw_Semaphore_Release resumed> )                                                                     = 0
7954 [0x7f108f930f15]   <... Hal_Lookup_Hardware_Info resumed> )                                                                   = 0
7954 [0x7f108f9310e3]   libnhal.so->Mv9125_Set_Led_Mode(0, 0, 0, 2 <unfinished ...>
7954 [0x7f108dc826ff]     libgeneraldrv.so->PCI_Conf_Read(1, 0, 0, 36 <unfinished ...>
7954 [0x7f108dc7f823]       libgeneraldrv.so->Hw_Semaphore_Init(0x7fff9eba80e0, 0x7f108dc83000, 1, 0 <unfinished ...>
7954 [0x7f108f667405]         SYS_lstat(0x7fff9eba7f90, 0x7fff9eba7ea0, 0x7fff9eba7ea0, 0)                                         = -2
7954 [0x7f108e8bf510]         SYS_open(0x7fff9eba7f90, 194, 600, 0)                                                                = 3
7954 [0x7f108e8beda0]         SYS_write(3, 0x7fff9eba8010, 32, 0)                                                                  = 32
7954 [0x7f108f67072a]         SYS_mmap(0, 32, 3, 1)                                                                                = 0x7f10901e1000
7954 [0x7f108f6691a7]         SYS_link(0x7fff9eba7f90, 0x7fff9eba7fc0, 3, 1)                                                       = -17
7954 [0x7f108f670757]         SYS_munmap(0x7f10901e1000, 32, 3, 1)                                                                 = 0
7954 [0x7f108f6692c7]         SYS_unlink(0x7fff9eba7f90, 32, 3, 1)                                                                 = 0
7954 [0x7f108e8bee60]         SYS_close(3, 32, 3, 1)                                                                               = 0
7954 [0x7f108e8bf510]         SYS_open(0x7fff9eba7fc0, 0x20002, 17, 1)                                                             = 3
7954 [0x7f108f6673b4]         SYS_fstat(3, 0x7fff9eba7ef0, 0x7fff9eba7ef0, 1)                                                      = 0
7954 [0x7f108f67072a]         SYS_mmap(0, 32, 3, 1)                                                                                = 0x7f10901e1000
7954 [0x7f108e8bee60]         SYS_close(3, 32, 0, 1)                                                                               = 0
7954 [0x7f108dc7f823]       <... Hw_Semaphore_Init resumed> )                                                                      = 17
7954 [0x7f108dc7f833]       libgeneraldrv.so->Hw_Semaphore_Lock(0x7fff9eba80e0, 32, 0x7f10901e1000, -1)                            = 0
7954 [0x7f108f6746b7]       SYS_ioperm(3320, 4, 1, 1)                                                                              = 0
7954 [0x7f108f6746b7]       SYS_ioperm(3320, 4, 0, 1)                                                                              = 0
7954 [0x7f108f6746b7]       SYS_ioperm(235, 1, 1, 1)                                                                               = 0
7954 [0x7f108f6746b7]       SYS_ioperm(235, 1, 0, 1)                                                                               = 0
7954 [0x7f108f6746b7]       SYS_ioperm(3324, 4, 1, 1)                                                                              = 0
7954 [0x7f108f6746b7]       SYS_ioperm(3324, 4, 0, 1)                                                                              = 0
7954 [0x7f108f6746b7]       SYS_ioperm(235, 1, 1, 1)                                                                               = 0
7954 [0x7f108f6746b7]       SYS_ioperm(235, 1, 0, 1)                                                                               = 0
7954 [0x7f108f6746b7]       SYS_ioperm(3320, 4, 1, 1)                                                                              = 0
7954 [0x7f108f6746b7]       SYS_ioperm(3320, 4, 0, 1)                                                                              = 0
7954 [0x7f108f6746b7]       SYS_ioperm(235, 1, 1, 1)                                                                               = 0
7954 [0x7f108f6746b7]       SYS_ioperm(235, 1, 0, 1)                                                                               = 0
7954 [0x7f108dc7f97f]       libgeneraldrv.so->Hw_Semaphore_Unlock(0x7fff9eba80e0, 1, 0, -1)                                        = 0
7954 [0x7f108dc7f98b]       libgeneraldrv.so->Hw_Semaphore_Release(0x7fff9eba80e0, 128, 0, 0 <unfinished ...>
7954 [0x7f108f670757]         SYS_munmap(0x7f10901e1000, 32, 0, 1)                                                                 = 0
7954 [0x7f108dc7f98b]       <... Hw_Semaphore_Release resumed> )                                                                   = 0
7954 [0x7f108dc826ff]     <... PCI_Conf_Read resumed> )                                                                            = 0
7954 [0x7f108dc82721]     libgeneraldrv.so->Hw_Semaphore_Init(0x7fff9eba8160, 0x7f108dc8338c, 1, 0x7f108f924658 <unfinished ...>
7954 [0x7f108f667405]       SYS_lstat(0x7fff9eba8000, 0x7fff9eba7f10, 0x7fff9eba7f10, 0)                                           = -2
7954 [0x7f108e8bf510]       SYS_open(0x7fff9eba8000, 194, 600, 0)                                                                  = 3
7954 [0x7f108e8beda0]       SYS_write(3, 0x7fff9eba8080, 32, 0)                                                                    = 32
7954 [0x7f108f67072a]       SYS_mmap(0, 32, 3, 1)                                                                                  = 0x7f10901e1000
7954 [0x7f108f6691a7]       SYS_link(0x7fff9eba8000, 0x7fff9eba8030, 3, 1)                                                         = -17
7954 [0x7f108f670757]       SYS_munmap(0x7f10901e1000, 32, 3, 1)                                                                   = 0
7954 [0x7f108f6692c7]       SYS_unlink(0x7fff9eba8000, 32, 3, 1)                                                                   = 0
7954 [0x7f108e8bee60]       SYS_close(3, 32, 3, 1)                                                                                 = 0
7954 [0x7f108e8bf510]       SYS_open(0x7fff9eba8030, 0x20002, 20, 1)                                                               = 3
7954 [0x7f108f6673b4]       SYS_fstat(3, 0x7fff9eba7f60, 0x7fff9eba7f60, 1)                                                        = 0
7954 [0x7f108f67072a]       SYS_mmap(0, 32, 3, 1)                                                                                  = 0x7f10901e1000
7954 [0x7f108e8bee60]       SYS_close(3, 32, 0, 1)                                                                                 = 0
7954 [0x7f108dc82721]     <... Hw_Semaphore_Init resumed> )                                                                        = 17
7954 [0x7f108dc82731]     libgeneraldrv.so->Hw_Semaphore_Lock(0x7fff9eba8160, 32, 0x7f10901e1000, -1)                              = 0
7954 [0x7f108f6677e0]     SYS_open(0x7f108dc833a1, 2, 1, 1)                                                                        = 3
7954 [0x7f108f67072a]     SYS_mmap(0, 60, 3, 1)                                                                                    = 0x7f10901e0000
7954 [0x7f108f644060]     SYS_nanosleep(0x7fff9eba8130, 0, 0, 1)                                                                   = 0
7954 [0x7f108f644060]     SYS_nanosleep(0x7fff9eba8130, 0, 0, 1)                                                                   = 0
7954 [0x7f108f644060]     SYS_nanosleep(0x7fff9eba8130, 0, 0, 1)                                                                   = 0
7954 [0x7f108f644060]     SYS_nanosleep(0x7fff9eba8130, 0, 0, 1)                                                                   = 0
7954 [0x7f108f644060]     SYS_nanosleep(0x7fff9eba8130, 0, 0, 1)                                                                   = 0
7954 [0x7f108f644060]     SYS_nanosleep(0x7fff9eba8130, 0, 0, 1)                                                                   = 0
7954 [0x7f108f644060]     SYS_nanosleep(0x7fff9eba8130, 0, 0, 1)                                                                   = 0
7954 [0x7f108f644060]     SYS_nanosleep(0x7fff9eba8130, 0, 0, 1)                                                                   = 0
7954 [0x7f108f670757]     SYS_munmap(0x7f10901e0000, 60, 0, 1)                                                                     = 0
7954 [0x7f108f668070]     SYS_close(3, 60, 0, 1)                                                                                   = 0
7954 [0x7f108f644060]     SYS_nanosleep(0x7fff9eba8130, 0, 0, 1)                                                                   = 0
7954 [0x7f108dc8287f]     libgeneraldrv.so->Hw_Semaphore_Unlock(0x7fff9eba8160, 0, 0, -1)                                          = 0
7954 [0x7f108dc8288b]     libgeneraldrv.so->Hw_Semaphore_Release(0x7fff9eba8160, 128, 0, 0 <unfinished ...>
7954 [0x7f108f670757]       SYS_munmap(0x7f10901e1000, 32, 0, 1)                                                                   = 0
7954 [0x7f108dc8288b]     <... Hw_Semaphore_Release resumed> )                                                                     = 0
7954 [0x7f108dc82acf]     libgeneraldrv.so->PCI_Conf_Read(1, 0, 0, 36 <unfinished ...>
7954 [0x7f108dc7f823]       libgeneraldrv.so->Hw_Semaphore_Init(0x7fff9eba8100, 0x7f108dc83000, 1, 0 <unfinished ...>
7954 [0x7f108f667405]         SYS_lstat(0x7fff9eba7fb0, 0x7fff9eba7ec0, 0x7fff9eba7ec0, 0)                                         = -2
7954 [0x7f108e8bf510]         SYS_open(0x7fff9eba7fb0, 194, 600, 0)                                                                = 3
7954 [0x7f108e8beda0]         SYS_write(3, 0x7fff9eba8030, 32, 0)                                                                  = 32
7954 [0x7f108f67072a]         SYS_mmap(0, 32, 3, 1)                                                                                = 0x7f10901e1000
7954 [0x7f108f6691a7]         SYS_link(0x7fff9eba7fb0, 0x7fff9eba7fe0, 3, 1)                                                       = -17
7954 [0x7f108f670757]         SYS_munmap(0x7f10901e1000, 32, 3, 1)                                                                 = 0
7954 [0x7f108f6692c7]         SYS_unlink(0x7fff9eba7fb0, 32, 3, 1)                                                                 = 0
7954 [0x7f108e8bee60]         SYS_close(3, 32, 3, 1)                                                                               = 0
7954 [0x7f108e8bf510]         SYS_open(0x7fff9eba7fe0, 0x20002, 17, 1)                                                             = 3
7954 [0x7f108f6673b4]         SYS_fstat(3, 0x7fff9eba7f10, 0x7fff9eba7f10, 1)                                                      = 0
7954 [0x7f108f67072a]         SYS_mmap(0, 32, 3, 1)                                                                                = 0x7f10901e1000
7954 [0x7f108e8bee60]         SYS_close(3, 32, 0, 1)                                                                               = 0
7954 [0x7f108dc7f823]       <... Hw_Semaphore_Init resumed> )                                                                      = 17
7954 [0x7f108dc7f833]       libgeneraldrv.so->Hw_Semaphore_Lock(0x7fff9eba8100, 32, 0x7f10901e1000, -1)                            = 0
7954 [0x7f108f6746b7]       SYS_ioperm(3320, 4, 1, 1)                                                                              = 0
7954 [0x7f108f6746b7]       SYS_ioperm(3320, 4, 0, 1)                                                                              = 0
7954 [0x7f108f6746b7]       SYS_ioperm(235, 1, 1, 1)                                                                               = 0
7954 [0x7f108f6746b7]       SYS_ioperm(235, 1, 0, 1)                                                                               = 0
7954 [0x7f108f6746b7]       SYS_ioperm(3324, 4, 1, 1)                                                                              = 0
7954 [0x7f108f6746b7]       SYS_ioperm(3324, 4, 0, 1)                                                                              = 0
7954 [0x7f108f6746b7]       SYS_ioperm(235, 1, 1, 1)                                                                               = 0
7954 [0x7f108f6746b7]       SYS_ioperm(235, 1, 0, 1)                                                                               = 0
7954 [0x7f108f6746b7]       SYS_ioperm(3320, 4, 1, 1)                                                                              = 0
7954 [0x7f108f6746b7]       SYS_ioperm(3320, 4, 0, 1)                                                                              = 0
7954 [0x7f108f6746b7]       SYS_ioperm(235, 1, 1, 1)                                                                               = 0
7954 [0x7f108f6746b7]       SYS_ioperm(235, 1, 0, 1)                                                                               = 0
7954 [0x7f108dc7f97f]       libgeneraldrv.so->Hw_Semaphore_Unlock(0x7fff9eba8100, 1, 0, -1)                                        = 0
7954 [0x7f108dc7f98b]       libgeneraldrv.so->Hw_Semaphore_Release(0x7fff9eba8100, 128, 0, 0 <unfinished ...>
7954 [0x7f108f670757]         SYS_munmap(0x7f10901e1000, 32, 0, 1)                                                                 = 0
7954 [0x7f108dc7f98b]       <... Hw_Semaphore_Release resumed> )                                                                   = 0
7954 [0x7f108dc82acf]     <... PCI_Conf_Read resumed> )                                                                            = 0
7954 [0x7f108dc82af1]     libgeneraldrv.so->Hw_Semaphore_Init(0x7fff9eba8170, 0x7f108dc8338c, 1, 0x7f108f924658 <unfinished ...>
7954 [0x7f108f667405]       SYS_lstat(0x7fff9eba8020, 0x7fff9eba7f30, 0x7fff9eba7f30, 0)                                           = -2
7954 [0x7f108e8bf510]       SYS_open(0x7fff9eba8020, 194, 600, 0)                                                                  = 3
7954 [0x7f108e8beda0]       SYS_write(3, 0x7fff9eba80a0, 32, 0)                                                                    = 32
7954 [0x7f108f67072a]       SYS_mmap(0, 32, 3, 1)                                                                                  = 0x7f10901e1000
7954 [0x7f108f6691a7]       SYS_link(0x7fff9eba8020, 0x7fff9eba8050, 3, 1)                                                         = -17
7954 [0x7f108f670757]       SYS_munmap(0x7f10901e1000, 32, 3, 1)                                                                   = 0
7954 [0x7f108f6692c7]       SYS_unlink(0x7fff9eba8020, 32, 3, 1)                                                                   = 0
7954 [0x7f108e8bee60]       SYS_close(3, 32, 3, 1)                                                                                 = 0
7954 [0x7f108e8bf510]       SYS_open(0x7fff9eba8050, 0x20002, 20, 1)                                                               = 3
7954 [0x7f108f6673b4]       SYS_fstat(3, 0x7fff9eba7f80, 0x7fff9eba7f80, 1)                                                        = 0
7954 [0x7f108f67072a]       SYS_mmap(0, 32, 3, 1)                                                                                  = 0x7f10901e1000
7954 [0x7f108e8bee60]       SYS_close(3, 32, 0, 1)                                                                                 = 0
7954 [0x7f108dc82af1]     <... Hw_Semaphore_Init resumed> )                                                                        = 17
7954 [0x7f108dc82b01]     libgeneraldrv.so->Hw_Semaphore_Lock(0x7fff9eba8170, 32, 0x7f10901e1000, -1)                              = 0
7954 [0x7f108f6677e0]     SYS_open(0x7f108dc833a1, 2, 1, 1)                                                                        = 3
7954 [0x7f108f67072a]     SYS_mmap(0, 60, 3, 1)                                                                                    = 0x7f10901e0000
7954 [0x7f108f644060]     SYS_nanosleep(0x7fff9eba8150, 0, 0, 1)                                                                   = 0
7954 [0x7f108f644060]     SYS_nanosleep(0x7fff9eba8150, 0, 0, 1)                                                                   = 0
7954 [0x7f108f670757]     SYS_munmap(0x7f10901e0000, 60, 0, 1)                                                                     = 0
7954 [0x7f108f668070]     SYS_close(3, 60, 0, 1)                                                                                   = 0
7954 [0x7f108f644060]     SYS_nanosleep(0x7fff9eba8150, 0, 0, 1)                                                                   = 0
7954 [0x7f108dc82ba6]     libgeneraldrv.so->Hw_Semaphore_Unlock(0x7fff9eba8170, 0, 0, -1)                                          = 0
7954 [0x7f108dc82bb2]     libgeneraldrv.so->Hw_Semaphore_Release(0x7fff9eba8170, 128, 0, 0 <unfinished ...>
7954 [0x7f108f670757]       SYS_munmap(0x7f10901e1000, 32, 0, 1)                                                                   = 0
7954 [0x7f108dc82bb2]     <... Hw_Semaphore_Release resumed> )                                                                     = 0
7954 [0x7f108f9310e3]   <... Mv9125_Set_Led_Mode resumed> )                                                                        = 0
7954 [0x400934] <... Hal_Led_Set_Hdd_Mode resumed> )                                                                               = 0
7954 [0x7f108fd73f15] libnasman.so->Close_Share_Memory(char const*, void*)(0x7f108fdb808e, 0x7f10901e5000, 0x9f64ea1d7c1caf6c, 4 <unfinished ...>
7954 [0x7f108fd73b6e]   libnasman.so->Get_File_Size(char const*, long*)(0x7fff9eba8070, 0x7fff9eba8198, 0x7fff9eba8085, 0 <unfinished ...>
7954 [0x7f108f667365]     SYS_stat(0x7fff9eba8070, 0x7fff9eba7fd0, 0x7fff9eba7fd0, 1)                                              = 0
7954 [0x7f108fd73b6e]   <... Get_File_Size(char const*, long*) resumed> )                                                          = 0
7954 [0x7f108f670757]   SYS_munmap(0x7f10901e5000, 0x2788, 0x7fff9eba7fd0, 1)                                                      = 0
7954 [0x7f108fd73f15] <... Close_Share_Memory(char const*, void*) resumed> )                                                       = 0
7954 [0x7f108fd73f37] libnasman.so->Close_Share_Memory(char const*, void*)(0x7f108fdb80a7, 0x7f10901e4000, 0, -1 <unfinished ...>
7954 [0x7f108fd73b6e]   libnasman.so->Get_File_Size(char const*, long*)(0x7fff9eba8070, 0x7fff9eba8198, 0x7fff9eba8086, 0 <unfinished ...>
7954 [0x7f108f667365]     SYS_stat(0x7fff9eba8070, 0x7fff9eba7fd0, 0x7fff9eba7fd0, 1)                                              = 0
7954 [0x7f108fd73b6e]   <... Get_File_Size(char const*, long*) resumed> )                                                          = 0
7954 [0x7f108f670757]   SYS_munmap(0x7f10901e4000, 3536, 0x7fff9eba7fd0, 1)                                                        = 0
7954 [0x7f108fd73f37] <... Close_Share_Memory(char const*, void*) resumed> )                                                       = 0
7954 [0x7f108fd73f59] libnasman.so->Close_Share_Memory(char const*, void*)(0x7f108fdb80b5, 0x7f10901e3000, 0, -1 <unfinished ...>
7954 [0x7f108fd73b6e]   libnasman.so->Get_File_Size(char const*, long*)(0x7fff9eba8070, 0x7fff9eba8198, 0x7fff9eba8086, 0 <unfinished ...>
7954 [0x7f108f667365]     SYS_stat(0x7fff9eba8070, 0x7fff9eba7fd0, 0x7fff9eba7fd0, 1)                                              = 0
7954 [0x7f108fd73b6e]   <... Get_File_Size(char const*, long*) resumed> )                                                          = 0
7954 [0x7f108f670757]   SYS_munmap(0x7f10901e3000, 4080, 0x7fff9eba7fd0, 1)                                                        = 0
7954 [0x7f108fd73f59] <... Close_Share_Memory(char const*, void*) resumed> )                                                       = 0
7954 [0x7f108f5c1932] libgeneral.so->Trace_Mem_Destroy()(0x7f108f2d9d40, 0, 0x9f64ebbf87dcaf6c, 16)                                = 0
7954 [0x7f108f644468] SYS_exit_group(0, 60, 0, 0x7f108f927a48 <no return ...>
7954 [0xffffffffffffffff] +++ exited (status 0) +++
