8039 [0x7f95d8dfc8aa] SYS_brk(0, 0x7f95d8dfffa0, 0, 895)                                                                           = 0x1a10000
8039 [0x7f95d8dfd7e7] SYS_readlink(0x7ffff6152b77, 0x7ffff61504e0, 4096, 0x756e694c00000000)                                       = -2
8039 [0x7f95d8dfd677] SYS_open(0x7f95d8e011f3, 0, 0, 0x756e694c00000000)                                                           = 3
8039 [0x7f95d8dfd7a7] SYS_chdir(0x7f95d9008ba8, 0, 0, 0x756e694c00000000)                                                          = -2
8039 [0x7f95d8dfc9d2] SYS_getcwd(0x7ffff61504e0, 4096, 0, 0x756e694c00000000)                                                      = 23
8039 [0x7f95d8dfd7c7] SYS_fchdir(3, 4096, 0, 0x756e694c00000000)                                                                   = 0
8039 [0x7f95d8dfd787] SYS_close(3, 4096, 0, 0x756e694c00000000)                                                                    = 0
8039 [0x7f95d8dfd80a] SYS_mmap(0, 4096, 3, 34)                                                                                     = 0x7f95d9005000
8039 [0x7f95d8dfd6d7] SYS_access(0x7f95d8e03700, 4, 0x7f95d9008718, 0)                                                             = -2
8039 [0x7f95d8dfd677] SYS_open(0x7f95d8e01072, 0x80000, 1, 0)                                                                      = 3
8039 [0x7f95d8dfd604] SYS_fstat(3, 0x7ffff614fcc0, 0x7ffff614fcc0, 0)                                                              = 0
8039 [0x7f95d8dfd80a] SYS_mmap(0, 0x83b3, 1, 2)                                                                                    = 0x7f95d8ffc000
8039 [0x7f95d8dfd787] SYS_close(3, 0x83b3, 1, 2)                                                                                   = 0
8039 [0x7f95d8dfd677] SYS_open(0x7f95d9005640, 0x80000, 0, 56)                                                                     = 3
8039 [0x7f95d8dfd697] SYS_read(3, 0x7ffff614fe48, 832, 56)                                                                         = 832
8039 [0x7f95d8dfd604] SYS_fstat(3, 0x7ffff614fd20, 0x7ffff614fd20, 16)                                                             = 0
8039 [0x7f95d8dfd80a] SYS_mmap(0, 0x278960, 5, 2050)                                                                               = 0x7f95d8b6d000
8039 [0x7f95d8dfd857] SYS_mprotect(0x7f95d8be3000, 0x200000, 0, 2050)                                                              = 0
8039 [0x7f95d8dfd80a] SYS_mmap(0x7f95d8de3000, 0x3000, 3, 2066)                                                                    = 0x7f95d8de3000
8039 [0x7f95d8dfd787] SYS_close(3, 16, 0x7f95d8de33e0, 0x6ffffdff)                                                                 = 0
8039 [0x7f95d8dfd677] SYS_open(0x7f95d9005b10, 0x80000, 0, 0x6ffffdff)                                                             = 3
8039 [0x7f95d8dfd697] SYS_read(3, 0x7ffff614fe18, 832, 0x6ffffdff)                                                                 = 832
8039 [0x7f95d8dfd604] SYS_fstat(3, 0x7ffff614fcf0, 0x7ffff614fcf0, 16)                                                             = 0
8039 [0x7f95d8dfd80a] SYS_mmap(0, 0x21bee0, 5, 2050)                                                                               = 0x7f95d8951000
8039 [0x7f95d8dfd857] SYS_mprotect(0x7f95d896c000, 0x200000, 0, 2050)                                                              = 0
8039 [0x7f95d8dfd80a] SYS_mmap(0x7f95d8b6c000, 4096, 3, 2066)                                                                      = 0x7f95d8b6c000
8039 [0x7f95d8dfd787] SYS_close(3, 16, 0x7f95d8b6c208, 0x6ffffdff)                                                                 = 0
8039 [0x7f95d8dfd677] SYS_open(0x7f95d9005fe0, 0x80000, 0, 0x6ffffdff)                                                             = 3
8039 [0x7f95d8dfd697] SYS_read(3, 0x7ffff614fde8, 832, 0x6ffffdff)                                                                 = 832
8039 [0x7f95d8dfd604] SYS_fstat(3, 0x7ffff614fcc0, 0x7ffff614fcc0, 16)                                                             = 0
8039 [0x7f95d8dfd80a] SYS_mmap(0, 4096, 3, 34)                                                                                     = 0x7f95d8ffb000
8039 [0x7f95d8dfd80a] SYS_mmap(0, 0x209ad0, 5, 2050)                                                                               = 0x7f95d8747000
8039 [0x7f95d8dfd857] SYS_mprotect(0x7f95d8751000, 0x1ff000, 0, 2050)                                                              = 0
8039 [0x7f95d8dfd80a] SYS_mmap(0x7f95d8950000, 4096, 3, 2066)                                                                      = 0x7f95d8950000
8039 [0x7f95d8dfd787] SYS_close(3, 16, 0x7f95d8950690, 0x6ffffdff)                                                                 = 0
8039 [0x7f95d8dfd677] SYS_open(0x7f95d8ffb4b8, 0x80000, 0, 0x6ffffdff)                                                             = 3
8039 [0x7f95d8dfd697] SYS_read(3, 0x7ffff614fdb8, 832, 0x6ffffdff)                                                                 = 832
8039 [0x7f95d8dfd604] SYS_fstat(3, 0x7ffff614fc90, 0x7ffff614fc90, 32)                                                             = 0
8039 [0x7f95d8dfd80a] SYS_mmap(0, 0x39dc40, 5, 2050)                                                                               = 0x7f95d83a9000
8039 [0x7f95d8dfd857] SYS_mprotect(0x7f95d853d000, 0x200000, 0, 2050)                                                              = 0
8039 [0x7f95d8dfd80a] SYS_mmap(0x7f95d873d000, 0x6000, 3, 2066)                                                                    = 0x7f95d873d000
8039 [0x7f95d8dfd80a] SYS_mmap(0x7f95d8743000, 0x3c40, 3, 50)                                                                      = 0x7f95d8743000
8039 [0x7f95d8dfd787] SYS_close(3, 16, 0, 0x6ffffdff)                                                                              = 0
8039 [0x7f95d8dfd677] SYS_open(0x7f95d8ffb988, 0x80000, 0, 0x6ffffdff)                                                             = 3
8039 [0x7f95d8dfd697] SYS_read(3, 0x7ffff614fc68, 832, 0x6ffffdff)                                                                 = 832
8039 [0x7f95d8dfd604] SYS_fstat(3, 0x7ffff614fb40, 0x7ffff614fb40, 16)                                                             = 0
8039 [0x7f95d8dfd80a] SYS_mmap(0, 0x2b09d0, 5, 2050)                                                                               = 0x7f95d80f8000
8039 [0x7f95d8dfd857] SYS_mprotect(0x7f95d81a7000, 0x1ff000, 0, 2050)                                                              = 0
8039 [0x7f95d8dfd80a] SYS_mmap(0x7f95d83a6000, 0x3000, 3, 2066)                                                                    = 0x7f95d83a6000
8039 [0x7f95d8dfd787] SYS_close(3, 16, 0x7f95d83a69a8, 0x6ffffdff)                                                                 = 0
8039 [0x7f95d8dfd677] SYS_open(0x7f95d8ffbe58, 0x80000, 0, 0x6ffffdff)                                                             = 3
8039 [0x7f95d8dfd697] SYS_read(3, 0x7ffff614fc38, 832, 0x6ffffdff)                                                                 = 832
8039 [0x7f95d8dfd604] SYS_fstat(3, 0x7ffff614fb10, 0x7ffff614fb10, 16)                                                             = 0
8039 [0x7f95d8dfd80a] SYS_mmap(0, 4096, 3, 34)                                                                                     = 0x7f95d8ffa000
8039 [0x7f95d8dfd80a] SYS_mmap(0, 0x294ee0, 5, 2050)                                                                               = 0x7f95d7e63000
8039 [0x7f95d8dfd857] SYS_mprotect(0x7f95d7ef5000, 0x1ff000, 0, 2050)                                                              = 0
8039 [0x7f95d8dfd80a] SYS_mmap(0x7f95d80f4000, 0x3000, 3, 2066)                                                                    = 0x7f95d80f4000
8039 [0x7f95d8dfd80a] SYS_mmap(0x7f95d80f7000, 3808, 3, 50)                                                                        = 0x7f95d80f7000
8039 [0x7f95d8dfd787] SYS_close(3, 16, 0x7f95d80f4e30, 0x6ffffdff)                                                                 = 0
8039 [0x7f95d8dfd677] SYS_open(0x7f95d8ffa4b8, 0x80000, 0, 0x6ffffdff)                                                             = 3
8039 [0x7f95d8dfd697] SYS_read(3, 0x7ffff614fc08, 832, 0x6ffffdff)                                                                 = 832
8039 [0x7f95d8dfd604] SYS_fstat(3, 0x7ffff614fae0, 0x7ffff614fae0, 16)                                                             = 0
8039 [0x7f95d8dfd80a] SYS_mmap(0, 0x29d850, 5, 2050)                                                                               = 0x7f95d7bc5000
8039 [0x7f95d8dfd857] SYS_mprotect(0x7f95d7c5e000, 0x200000, 0, 2050)                                                              = 0
8039 [0x7f95d8dfd80a] SYS_mmap(0x7f95d7e5e000, 0x3000, 3, 2066)                                                                    = 0x7f95d7e5e000
8039 [0x7f95d8dfd80a] SYS_mmap(0x7f95d7e61000, 6224, 3, 50)                                                                        = 0x7f95d7e61000
8039 [0x7f95d8dfd787] SYS_close(3, 16, 0x7f95d7e5fcc8, 0x6ffffdff)                                                                 = 0
8039 [0x7f95d8dfd677] SYS_open(0x7f95d8ffa9a0, 0x80000, 0, 0x6ffffdff)                                                             = 3
8039 [0x7f95d8dfd697] SYS_read(3, 0x7ffff614fbd8, 832, 0x6ffffdff)                                                                 = 832
8039 [0x7f95d8dfd604] SYS_fstat(3, 0x7ffff614fab0, 0x7ffff614fab0, 16)                                                             = 0
8039 [0x7f95d8dfd80a] SYS_mmap(0, 0x2dbbb0, 5, 2050)                                                                               = 0x7f95d78e9000
8039 [0x7f95d8dfd857] SYS_mprotect(0x7f95d79a7000, 0x200000, 0, 2050)                                                              = 0
8039 [0x7f95d8dfd80a] SYS_mmap(0x7f95d7ba7000, 0xa000, 3, 2066)                                                                    = 0x7f95d7ba7000
8039 [0x7f95d8dfd80a] SYS_mmap(0x7f95d7bb1000, 0x13bb0, 3, 50)                                                                     = 0x7f95d7bb1000
8039 [0x7f95d8dfd787] SYS_close(3, 16, 0x7f95d7bad4d8, 0x6ffffdff)                                                                 = 0
8039 [0x7f95d8dfd677] SYS_open(0x7f95d8ffae70, 0x80000, 0, 0x6ffffdff)                                                             = 3
8039 [0x7f95d8dfd697] SYS_read(3, 0x7ffff614fba8, 832, 0x6ffffdff)                                                                 = 832
8039 [0x7f95d8dfd604] SYS_fstat(3, 0x7ffff614fa80, 0x7ffff614fa80, 32)                                                             = 0
8039 [0x7f95d8dfd80a] SYS_mmap(0, 4096, 3, 34)                                                                                     = 0x7f95d8ff9000
8039 [0x7f95d8dfd80a] SYS_mmap(0, 0x21c490, 5, 2050)                                                                               = 0x7f95d76cc000
8039 [0x7f95d8dfd857] SYS_mprotect(0x7f95d76e4000, 0x1ff000, 0, 2050)                                                              = 0
8039 [0x7f95d8dfd80a] SYS_mmap(0x7f95d78e3000, 8192, 3, 2066)                                                                      = 0x7f95d78e3000
8039 [0x7f95d8dfd80a] SYS_mmap(0x7f95d78e5000, 0x3490, 3, 50)                                                                      = 0x7f95d78e5000
8039 [0x7f95d8dfd787] SYS_close(3, 16, 0, 0x6ffffdff)                                                                              = 0
8039 [0x7f95d8dfd677] SYS_open(0x7f95d8ff94b8, 0x80000, 0, 0x6ffffdff)                                                             = 3
8039 [0x7f95d8dfd697] SYS_read(3, 0x7ffff614fb78, 832, 0x6ffffdff)                                                                 = 832
8039 [0x7f95d8dfd604] SYS_fstat(3, 0x7ffff614fa50, 0x7ffff614fa50, 32)                                                             = 0
8039 [0x7f95d8dfd80a] SYS_mmap(0, 0x207bc0, 5, 2050)                                                                               = 0x7f95d74c4000
8039 [0x7f95d8dfd857] SYS_mprotect(0x7f95d74cb000, 0x1ff000, 0, 2050)                                                              = 0
8039 [0x7f95d8dfd80a] SYS_mmap(0x7f95d76ca000, 8192, 3, 2066)                                                                      = 0x7f95d76ca000
8039 [0x7f95d8dfd787] SYS_close(3, 16, 0, 0x6ffffdff)                                                                              = 0
8039 [0x7f95d8dfd677] SYS_open(0x7f95d8ff9988, 0x80000, 0, 0x6ffffdff)                                                             = 3
8039 [0x7f95d8dfd697] SYS_read(3, 0x7ffff614fb48, 832, 0x6ffffdff)                                                                 = 832
8039 [0x7f95d8dfd604] SYS_fstat(3, 0x7ffff614fa20, 0x7ffff614fa20, 16)                                                             = 0
8039 [0x7f95d8dfd80a] SYS_mmap(0, 0x202e20, 5, 2050)                                                                               = 0x7f95d72c1000
8039 [0x7f95d8dfd857] SYS_mprotect(0x7f95d72c4000, 0x1ff000, 0, 2050)                                                              = 0
8039 [0x7f95d8dfd80a] SYS_mmap(0x7f95d74c3000, 4096, 3, 2066)                                                                      = 0x7f95d74c3000
8039 [0x7f95d8dfd787] SYS_close(3, 16, 0x7f95d74c3c28, 0x6ffffdff)                                                                 = 0
8039 [0x7f95d8dfd677] SYS_open(0x7f95d8ff9e58, 0x80000, 0, 0x6ffffdff)                                                             = 3
8039 [0x7f95d8dfd697] SYS_read(3, 0x7ffff614fb18, 832, 0x6ffffdff)                                                                 = 832
8039 [0x7f95d8dfd604] SYS_fstat(3, 0x7ffff614f9f0, 0x7ffff614f9f0, 16)                                                             = 0
8039 [0x7f95d8dfd80a] SYS_mmap(0, 4096, 3, 34)                                                                                     = 0x7f95d8ff8000
8039 [0x7f95d8dfd80a] SYS_mmap(0, 0x209850, 5, 2050)                                                                               = 0x7f95d70b7000
8039 [0x7f95d8dfd857] SYS_mprotect(0x7f95d70c1000, 0x1ff000, 0, 2050)                                                              = 0
8039 [0x7f95d8dfd80a] SYS_mmap(0x7f95d72c0000, 4096, 3, 2066)                                                                      = 0x7f95d72c0000
8039 [0x7f95d8dfd787] SYS_close(3, 16, 0x7f95d72c0618, 0x6ffffdff)                                                                 = 0
8039 [0x7f95d8dfd677] SYS_open(0x7f95d8ff84b8, 0x80000, 0, 0x6ffffdff)                                                             = 3
8039 [0x7f95d8dfd697] SYS_read(3, 0x7ffff614fae8, 832, 0x6ffffdff)                                                                 = 832
8039 [0x7f95d8dfd604] SYS_fstat(3, 0x7ffff614f9c0, 0x7ffff614f9c0, 16)                                                             = 0
8039 [0x7f95d8dfd80a] SYS_mmap(0, 0x210868, 5, 2050)                                                                               = 0x7f95d6ea6000
8039 [0x7f95d8dfd857] SYS_mprotect(0x7f95d6eb7000, 0x1ff000, 0, 2050)                                                              = 0
8039 [0x7f95d8dfd80a] SYS_mmap(0x7f95d70b6000, 4096, 3, 2066)                                                                      = 0x7f95d70b6000
8039 [0x7f95d8dfd787] SYS_close(3, 16, 0x7f95d70b6408, 0x6ffffdff)                                                                 = 0
8039 [0x7f95d8dfd677] SYS_open(0x7f95d8ff8a40, 0x80000, 0, 0x7f95d8ff99a0)                                                         = 3
8039 [0x7f95d8dfd697] SYS_read(3, 0x7ffff614f988, 832, 0x7f95d8ff99a0)                                                             = 832
8039 [0x7f95d8dfd604] SYS_fstat(3, 0x7ffff614f860, 0x7ffff614f860, 16)                                                             = 0
8039 [0x7f95d8dfd80a] SYS_mmap(0, 0x2032c8, 5, 2050)                                                                               = 0x7f95d6ca2000
8039 [0x7f95d8dfd857] SYS_mprotect(0x7f95d6ca5000, 0x200000, 0, 2050)                                                              = 0
8039 [0x7f95d8dfd80a] SYS_mmap(0x7f95d6ea5000, 4096, 3, 2066)                                                                      = 0x7f95d6ea5000
8039 [0x7f95d8dfd787] SYS_close(3, 16, 0x7f95d6ea5188, 0x6ffffdff)                                                                 = 0
8039 [0x7f95d8dfd677] SYS_open(0x7f95d8ff8f28, 0x80000, 0, 0x6ffffdff)                                                             = 3
8039 [0x7f95d8dfd697] SYS_read(3, 0x7ffff614f958, 832, 0x6ffffdff)                                                                 = 832
8039 [0x7f95d8dfd604] SYS_fstat(3, 0x7ffff614f830, 0x7ffff614f830, 16)                                                             = 0
8039 [0x7f95d8dfd80a] SYS_mmap(0, 4096, 3, 34)                                                                                     = 0x7f95d8ff7000
8039 [0x7f95d8dfd80a] SYS_mmap(0, 0x207820, 5, 2050)                                                                               = 0x7f95d6a9a000
8039 [0x7f95d8dfd857] SYS_mprotect(0x7f95d6aa1000, 0x200000, 0, 2050)                                                              = 0
8039 [0x7f95d8dfd80a] SYS_mmap(0x7f95d6ca1000, 4096, 3, 2066)                                                                      = 0x7f95d6ca1000
8039 [0x7f95d8dfd787] SYS_close(3, 16, 0x7f95d6ca1188, 0x6ffffdff)                                                                 = 0
8039 [0x7f95d8dfd677] SYS_open(0x7f95d8ff74c8, 0x80000, 0, 0x6ffffdff)                                                             = 3
8039 [0x7f95d8dfd697] SYS_read(3, 0x7ffff614f928, 832, 0x6ffffdff)                                                                 = 832
8039 [0x7f95d8dfd604] SYS_fstat(3, 0x7ffff614f800, 0x7ffff614f800, 16)                                                             = 0
8039 [0x7f95d8dfd80a] SYS_mmap(0, 0x201f30, 5, 2050)                                                                               = 0x7f95d6898000
8039 [0x7f95d8dfd857] SYS_mprotect(0x7f95d689a000, 0x1ff000, 0, 2050)                                                              = 0
8039 [0x7f95d8dfd80a] SYS_mmap(0x7f95d6a99000, 4096, 3, 2066)                                                                      = 0x7f95d6a99000
8039 [0x7f95d8dfd787] SYS_close(3, 16, 0x7f95d6a99e18, 0x6ffffdff)                                                                 = 0
8039 [0x7f95d8dfd677] SYS_open(0x7f95d8ff7a60, 0x80000, 0, 0x7f95d8ffb4d0)                                                         = 3
8039 [0x7f95d8dfd697] SYS_read(3, 0x7ffff614f8f8, 832, 0x7f95d8ffb4d0)                                                             = 832
8039 [0x7f95d8dfd604] SYS_fstat(3, 0x7ffff614f7d0, 0x7ffff614f7d0, 16)                                                             = 0
8039 [0x7f95d8dfd80a] SYS_mmap(0, 0x2022e8, 5, 2050)                                                                               = 0x7f95d6695000
8039 [0x7f95d8dfd857] SYS_mprotect(0x7f95d6697000, 0x200000, 0, 2050)                                                              = 0
8039 [0x7f95d8dfd80a] SYS_mmap(0x7f95d6897000, 4096, 3, 2066)                                                                      = 0x7f95d6897000
8039 [0x7f95d8dfd787] SYS_close(3, 16, 0x7f95d6897198, 0x6ffffdff)                                                                 = 0
8039 [0x7f95d8dfd677] SYS_open(0x7f95d8ff7f40, 0x80000, 0, 0x6ffffdff)                                                             = 3
8039 [0x7f95d8dfd697] SYS_read(3, 0x7ffff614f8c8, 832, 0x6ffffdff)                                                                 = 832
8039 [0x7f95d8dfd604] SYS_fstat(3, 0x7ffff614f7a0, 0x7ffff614f7a0, 16)                                                             = 0
8039 [0x7f95d8dfd80a] SYS_mmap(0, 4096, 3, 34)                                                                                     = 0x7f95d8ff6000
8039 [0x7f95d8dfd80a] SYS_mmap(0, 0x201f30, 5, 2050)                                                                               = 0x7f95d6493000
8039 [0x7f95d8dfd857] SYS_mprotect(0x7f95d6495000, 0x1ff000, 0, 2050)                                                              = 0
8039 [0x7f95d8dfd80a] SYS_mmap(0x7f95d6694000, 4096, 3, 2066)                                                                      = 0x7f95d6694000
8039 [0x7f95d8dfd787] SYS_close(3, 16, 0x7f95d6694e18, 0x6ffffdff)                                                                 = 0
8039 [0x7f95d8dfd677] SYS_open(0x7f95d8ff64c0, 0x80000, 0, 0x6ffffdff)                                                             = 3
8039 [0x7f95d8dfd697] SYS_read(3, 0x7ffff614f898, 832, 0x6ffffdff)                                                                 = 832
8039 [0x7f95d8dfd604] SYS_fstat(3, 0x7ffff614f770, 0x7ffff614f770, 16)                                                             = 0
8039 [0x7f95d8dfd80a] SYS_mmap(0, 0x2038b8, 5, 2050)                                                                               = 0x7f95d628f000
8039 [0x7f95d8dfd857] SYS_mprotect(0x7f95d6293000, 0x1ff000, 0, 2050)                                                              = 0
8039 [0x7f95d8dfd80a] SYS_mmap(0x7f95d6492000, 4096, 3, 2066)                                                                      = 0x7f95d6492000
8039 [0x7f95d8dfd787] SYS_close(3, 16, 0x7f95d6492748, 0x6ffffdff)                                                                 = 0
8039 [0x7f95d8dfd677] SYS_open(0x7f95d8ff6a60, 0x80000, 0, 0x7f95d8ff9000)                                                         = 3
8039 [0x7f95d8dfd697] SYS_read(3, 0x7ffff614f838, 832, 0x7f95d8ff9000)                                                             = 832
8039 [0x7f95d8dfd604] SYS_fstat(3, 0x7ffff614f710, 0x7ffff614f710, 16)                                                             = 0
8039 [0x7f95d8dfd80a] SYS_mmap(0, 0x210848, 5, 2050)                                                                               = 0x7f95d607e000
8039 [0x7f95d8dfd857] SYS_mprotect(0x7f95d608e000, 0x1ff000, 0, 2050)                                                              = 0
8039 [0x7f95d8dfd80a] SYS_mmap(0x7f95d628d000, 8192, 3, 2066)                                                                      = 0x7f95d628d000
8039 [0x7f95d8dfd787] SYS_close(3, 16, 0x7f95d628dd90, 0x6ffffdff)                                                                 = 0
8039 [0x7f95d8dfd677] SYS_open(0x7f95d8ff6f48, 0x80000, 0, 0x6ffffdff)                                                             = 3
8039 [0x7f95d8dfd697] SYS_read(3, 0x7ffff614f808, 832, 0x6ffffdff)                                                                 = 832
8039 [0x7f95d8dfd604] SYS_fstat(3, 0x7ffff614f6e0, 0x7ffff614f6e0, 16)                                                             = 0
8039 [0x7f95d8dfd80a] SYS_mmap(0, 4096, 3, 34)                                                                                     = 0x7f95d8ff5000
8039 [0x7f95d8dfd80a] SYS_mmap(0, 0x20acf0, 5, 2050)                                                                               = 0x7f95d5e73000
8039 [0x7f95d8dfd857] SYS_mprotect(0x7f95d5e7e000, 0x1ff000, 0, 2050)                                                              = 0
8039 [0x7f95d8dfd80a] SYS_mmap(0x7f95d607d000, 4096, 3, 2066)                                                                      = 0x7f95d607d000
8039 [0x7f95d8dfd787] SYS_close(3, 16, 0x7f95d607d750, 0x6ffffdff)                                                                 = 0
8039 [0x7f95d8dfd677] SYS_open(0x7f95d8ff5560, 0x80000, 0, 0x7f95d8ff9000)                                                         = 3
8039 [0x7f95d8dfd697] SYS_read(3, 0x7ffff614f7d8, 832, 0x7f95d8ff9000)                                                             = 832
8039 [0x7f95d8dfd604] SYS_fstat(3, 0x7ffff614f6b0, 0x7ffff614f6b0, 32)                                                             = 0
8039 [0x7f95d8dfd80a] SYS_mmap(0, 0x2361e0, 5, 2050)                                                                               = 0x7f95d5c3c000
8039 [0x7f95d8dfd857] SYS_mprotect(0x7f95d5c44000, 0x1ff000, 0, 2050)                                                              = 0
8039 [0x7f95d8dfd80a] SYS_mmap(0x7f95d5e43000, 8192, 3, 2066)                                                                      = 0x7f95d5e43000
8039 [0x7f95d8dfd80a] SYS_mmap(0x7f95d5e45000, 0x2d1e0, 3, 50)                                                                     = 0x7f95d5e45000
8039 [0x7f95d8dfd787] SYS_close(3, 16, 0, 0x6ffffdff)                                                                              = 0
8039 [0x7f95d8dfd677] SYS_open(0x7f95d8ff5a30, 0x80000, 0, 0x6ffffdff)                                                             = 3
8039 [0x7f95d8dfd697] SYS_read(3, 0x7ffff614f7a8, 832, 0x6ffffdff)                                                                 = 832
8039 [0x7f95d8dfd604] SYS_fstat(3, 0x7ffff614f680, 0x7ffff614f680, 16)                                                             = 0
8039 [0x7f95d8dfd80a] SYS_mmap(0, 0x43fe88, 5, 2050)                                                                               = 0x7f95d57fc000
8039 [0x7f95d8dfd857] SYS_mprotect(0x7f95d5a11000, 0x200000, 0, 2050)                                                              = 0
8039 [0x7f95d8dfd80a] SYS_mmap(0x7f95d5c11000, 0x27000, 3, 2066)                                                                   = 0x7f95d5c11000
8039 [0x7f95d8dfd80a] SYS_mmap(0x7f95d5c38000, 0x3e88, 3, 50)                                                                      = 0x7f95d5c38000
8039 [0x7f95d8dfd857] SYS_mprotect(0x7ffff6151000, 4096, 0x1000007, 4)                                                             = 0
8039 [0x7f95d8dfd787] SYS_close(3, 4096, 0x1000007, 4)                                                                             = 0
8039 [0x7f95d8dfd677] SYS_open(0x7f95d8ff5fb0, 0x80000, 0, 0x7f95d8ff84d0)                                                         = 3
8039 [0x7f95d8dfd697] SYS_read(3, 0x7ffff614f778, 832, 0x7f95d8ff84d0)                                                             = 832
8039 [0x7f95d8dfd604] SYS_fstat(3, 0x7ffff614f650, 0x7ffff614f650, 16)                                                             = 0
8039 [0x7f95d8dfd80a] SYS_mmap(0, 4096, 3, 34)                                                                                     = 0x7f95d8ff4000
8039 [0x7f95d8dfd80a] SYS_mmap(0, 0x215730, 5, 2050)                                                                               = 0x7f95d55e6000
8039 [0x7f95d8dfd857] SYS_mprotect(0x7f95d55fc000, 0x1ff000, 0, 2050)                                                              = 0
8039 [0x7f95d8dfd80a] SYS_mmap(0x7f95d57fb000, 4096, 3, 2066)                                                                      = 0x7f95d57fb000
8039 [0x7f95d8dfd787] SYS_close(3, 16, 0x7f95d57fb490, 0x6ffffdff)                                                                 = 0
8039 [0x7f95d8dfd677] SYS_open(0x7f95d8ff44f0, 0x80000, 0, 0x6ffffdff)                                                             = 3
8039 [0x7f95d8dfd697] SYS_read(3, 0x7ffff614f748, 832, 0x6ffffdff)                                                                 = 832
8039 [0x7f95d8dfd604] SYS_fstat(3, 0x7ffff614f620, 0x7ffff614f620, 32)                                                             = 0
8039 [0x7f95d8dfd80a] SYS_mmap(0, 0x2fd148, 5, 2050)                                                                               = 0x7f95d52e8000
8039 [0x7f95d8dfd857] SYS_mprotect(0x7f95d53e5000, 0x1ff000, 0, 2050)                                                              = 0
8039 [0x7f95d8dfd80a] SYS_mmap(0x7f95d55e4000, 8192, 3, 2066)                                                                      = 0x7f95d55e4000
8039 [0x7f95d8dfd787] SYS_close(3, 16, 0, 0x6ffffdff)                                                                              = 0
8039 [0x7f95d8dfd677] SYS_open(0x7ffff614f510, 0x80000, 0, 0x36782f39325f3130)                                                     = -2
8039 [0x7f95d8dfd5c5] SYS_stat(0x7ffff614f510, 0x7ffff614f5f0, 0x7ffff614f5f0, 0x36782f39325f3130)                                 = -2
8039 [0x7f95d8dfd677] SYS_open(0x7ffff614f510, 0x80000, 0, 0x36782f39325f3130)                                                     = -2
8039 [0x7f95d8dfd5c5] SYS_stat(0x7ffff614f510, 0x7ffff614f5f0, 0x7ffff614f5f0, 0x36782f39325f3130)                                 = -2
8039 [0x7f95d8dfd677] SYS_open(0x7ffff614f510, 0x80000, 0, 0x36782f39325f3130)                                                     = -2
8039 [0x7f95d8dfd5c5] SYS_stat(0x7ffff614f510, 0x7ffff614f5f0, 0x7ffff614f5f0, 0x36782f39325f3130)                                 = -2
8039 [0x7f95d8dfd677] SYS_open(0x7ffff614f510, 0x80000, 0, 0x36782f39325f3130)                                                     = -2
8039 [0x7f95d8dfd5c5] SYS_stat(0x7ffff614f510, 0x7ffff614f5f0, 0x7ffff614f5f0, 0x36782f39325f3130)                                 = -2
8039 [0x7f95d8dfd677] SYS_open(0x7f95d8ff4dd0, 0x80000, 0, 0x36782f39325f3130)                                                     = 3
8039 [0x7f95d8dfd697] SYS_read(3, 0x7ffff614f718, 832, 0x36782f39325f3130)                                                         = 832
8039 [0x7f95d8dfd604] SYS_fstat(3, 0x7ffff614f5f0, 0x7ffff614f5f0, 16)                                                             = 0
8039 [0x7f95d8dfd80a] SYS_mmap(0, 4096, 3, 34)                                                                                     = 0x7f95d8ff3000
8039 [0x7f95d8dfd80a] SYS_mmap(0, 0x2f8980, 5, 2050)                                                                               = 0x7f95d4fef000
8039 [0x7f95d8dfd857] SYS_mprotect(0x7f95d50e6000, 0x200000, 0, 2050)                                                              = 0
8039 [0x7f95d8dfd80a] SYS_mmap(0x7f95d52e6000, 8192, 3, 2066)                                                                      = 0x7f95d52e6000
8039 [0x7f95d8dfd787] SYS_close(3, 16, 0x7f95d52e63a0, 0x6ffffdff)                                                                 = 0
8039 [0x7f95d8dfd677] SYS_open(0x7f95d8ff34c8, 0x80000, 0, 0x6ffffdff)                                                             = 3
8039 [0x7f95d8dfd697] SYS_read(3, 0x7ffff614f6e8, 832, 0x6ffffdff)                                                                 = 832
8039 [0x7f95d8dfd604] SYS_fstat(3, 0x7ffff614f5c0, 0x7ffff614f5c0, 16)                                                             = 0
8039 [0x7f95d8dfd80a] SYS_mmap(0, 0x2fc9d8, 5, 2050)                                                                               = 0x7f95d4cf2000
8039 [0x7f95d8dfd857] SYS_mprotect(0x7f95d4ded000, 0x200000, 0, 2050)                                                              = 0
8039 [0x7f95d8dfd80a] SYS_mmap(0x7f95d4fed000, 8192, 3, 2066)                                                                      = 0x7f95d4fed000
8039 [0x7f95d8dfd787] SYS_close(3, 16, 0x7f95d4fee828, 0x6ffffdff)                                                                 = 0
8039 [0x7f95d8dfd677] SYS_open(0x7f95d8ff3998, 0x80000, 0, 0x6ffffdff)                                                             = 3
8039 [0x7f95d8dfd697] SYS_read(3, 0x7ffff614f6b8, 832, 0x6ffffdff)                                                                 = 832
8039 [0x7f95d8dfd604] SYS_fstat(3, 0x7ffff614f590, 0x7ffff614f590, 16)                                                             = 0
8039 [0x7f95d8dfd80a] SYS_mmap(0, 0x242830, 5, 2050)                                                                               = 0x7f95d4aaf000
8039 [0x7f95d8dfd857] SYS_mprotect(0x7f95d4af2000, 0x1ff000, 0, 2050)                                                              = 0
8039 [0x7f95d8dfd80a] SYS_mmap(0x7f95d4cf1000, 4096, 3, 2066)                                                                      = 0x7f95d4cf1000
8039 [0x7f95d8dfd787] SYS_close(3, 16, 0x7f95d4cf1630, 0x6ffffdff)                                                                 = 0
8039 [0x7f95d8dfd677] SYS_open(0x7f95d8ff3f70, 0x80000, 0, 0x7f95d8ffa9b8)                                                         = 3
8039 [0x7f95d8dfd697] SYS_read(3, 0x7ffff614f688, 832, 0x7f95d8ffa9b8)                                                             = 832
8039 [0x7f95d8dfd604] SYS_fstat(3, 0x7ffff614f560, 0x7ffff614f560, 32)                                                             = 0
8039 [0x7f95d8dfd80a] SYS_mmap(0, 4096, 3, 34)                                                                                     = 0x7f95d8ff2000
8039 [0x7f95d8dfd80a] SYS_mmap(0, 0x203118, 5, 2050)                                                                               = 0x7f95d48ab000
8039 [0x7f95d8dfd857] SYS_mprotect(0x7f95d48ad000, 0x200000, 0, 2050)                                                              = 0
8039 [0x7f95d8dfd80a] SYS_mmap(0x7f95d4aad000, 8192, 3, 2066)                                                                      = 0x7f95d4aad000
8039 [0x7f95d8dfd787] SYS_close(3, 16, 0x7f95d4aadf40, 0x6ffffdff)                                                                 = 0
8039 [0x7f95d8dfd80a] SYS_mmap(0, 4096, 3, 34)                                                                                     = 0x7f95d8ff1000
8039 [0x7f95d8dfd80a] SYS_mmap(0, 4096, 3, 34)                                                                                     = 0x7f95d8ff0000
8039 [0x7f95d8dfd80a] SYS_mmap(0, 8192, 3, 34)                                                                                     = 0x7f95d8fee000
8039 [0x7f95d8de7044] SYS_arch_prctl(4098, 0x7f95d8fee780, 0x7f95d8fef080, 34)                                                     = 0
8039 [0x7f95d8dfd857] SYS_mprotect(0x7f95d873d000, 0x4000, 1, 1)                                                                   = 0
8039 [0x7f95d8dfd857] SYS_mprotect(0x7f95d4aad000, 4096, 1, 0x7f95d48abc68)                                                        = 0
8039 [0x7f95d8dfd857] SYS_mprotect(0x7f95d78e3000, 4096, 1, 0x7f95d76d1500)                                                        = 0
8039 [0x7f95d8dfd857] SYS_mprotect(0x7f95d55e4000, 4096, 1, 1)                                                                     = 0
8039 [0x7f95d8dfd857] SYS_mprotect(0x7f95d5e43000, 4096, 1, 0x7f95d5c3ca00)                                                        = 0
8039 [0x7f95d8dfd857] SYS_mprotect(0x7f95d7ba7000, 0x7000, 1, 0x7f95d7941810)                                                      = 0
8039 [0x7f95d8dfd857] SYS_mprotect(0x7f95d76ca000, 4096, 1, 0x7f95d74c5d58)                                                        = 0
8039 [0x7f95d8dfd857] SYS_mprotect(0x7f95d9006000, 4096, 1, 0)                                                                     = 0
8039 [0x7f95d8dfd837] SYS_munmap(0x7f95d8ffc000, 0x83b3, 0x79b00, 0)                                                               = 0
8039 [0x7f95d76d2e92] SYS_set_tid_address(0x7f95d8feea50, 0x7ffff6151678, 0x7f95d8fee780, 0)                                       = 8039
8039 [0x7f95d76d2efa] SYS_set_robust_list(0x7f95d8feea60, 24, 0x7f95d8fee780, 0)                                                   = 0
8039 [0x7f95d76dccf5] SYS_rt_sigaction(32, 0x7ffff61513c8, 0, 8)                                                                   = 0
8039 [0x7f95d76dccf5] SYS_rt_sigaction(33, 0x7ffff61513c8, 0, 8)                                                                   = 0
8039 [0x7f95d76d2fd6] SYS_rt_sigprocmask(1, 0x7ffff6151518, 0, 8)                                                                  = 0
8039 [0x7f95d8489b17] SYS_getrlimit(3, 0x7ffff61515b0, 63, 1)                                                                      = 0
8039 [0x7f95d76d2b95] SYS_futex(0x7f95d7bb17e0, 129, 0x7fffffff, 0)                                                                = 0
8039 [0x4008fd] ledctrl->Lookup_Nas_Info(_T_NAS_PROP_&)(0x7ffff61514c0, 0x7ffff6152b94, 0, 0x7ffff6152b93 <unfinished ...>
8039 [0x7f95d8b90d11]   libnasman.so->Open_Share_Memory(char const*, int, void*&, int&)(0x7f95d8bd508e, 0, 0x7ffff6151480, 0x7ffff615148c <unfinished ...>
8039 [0x7f95d8484557]     SYS_statfs(0x7f95d76df1e8, 0x7ffff6151220, 0x7f95d78e8310, 1)                                            = 0
8039 [0x7f95d76d2b95]     SYS_futex(0x7f95d78e8310, 129, 0x7fffffff, 0)                                                            = 0
8039 [0x7f95d84847e0]     SYS_open(0x7ffff6151330, 0xa0000, 484, 1)                                                                = 3
8039 [0x7f95d84843b4]     SYS_fstat(3, 0x7ffff61513c0, 0x7ffff61513c0, 1)                                                          = 0
8039 [0x7f95d848d72a]     SYS_mmap(0, 0x2788, 1, 1)                                                                                = 0x7f95d9002000
8039 [0x7f95d8485070]     SYS_close(3, 0x2788, 1, 1)                                                                               = 0
8039 [0x7f95d8b90d11]   <... Open_Share_Memory(char const*, int, void*&, int&) resumed> )                                          = 0
8039 [0x7f95d8b90d4d]   libnasman.so->Open_Share_Memory(char const*, int, void*&, int&)(0x7f95d8bd50a7, 0, 0x7ffff6151480, 0x7ffff615148c <unfinished ...>
8039 [0x7f95d84847e0]     SYS_open(0x7ffff6151330, 0xa0000, 484, 1)                                                                = 3
8039 [0x7f95d84843b4]     SYS_fstat(3, 0x7ffff61513c0, 0x7ffff61513c0, 1)                                                          = 0
8039 [0x7f95d848d72a]     SYS_mmap(0, 3536, 1, 1)                                                                                  = 0x7f95d9001000
8039 [0x7f95d8485070]     SYS_close(3, 3536, 1, 1)                                                                                 = 0
8039 [0x7f95d8b90d4d]   <... Open_Share_Memory(char const*, int, void*&, int&) resumed> )                                          = 0
8039 [0x7f95d8b90d7f]   libnasman.so->Open_Share_Memory(char const*, int, void*&, int&)(0x7f95d8bd50b5, 0, 0x7ffff6151480, 0x7ffff615148c <unfinished ...>
8039 [0x7f95d84847e0]     SYS_open(0x7ffff6151330, 0xa0000, 484, 1)                                                                = 3
8039 [0x7f95d84843b4]     SYS_fstat(3, 0x7ffff61513c0, 0x7ffff61513c0, 1)                                                          = 0
8039 [0x7f95d848d72a]     SYS_mmap(0, 4080, 1, 1)                                                                                  = 0x7f95d9000000
8039 [0x7f95d8485070]     SYS_close(3, 4080, 1, 1)                                                                                 = 0
8039 [0x7f95d8b90d7f]   <... Open_Share_Memory(char const*, int, void*&, int&) resumed> )                                          = 0
8039 [0x4008fd] <... Lookup_Nas_Info(_T_NAS_PROP_&) resumed> )                                                                     = 0
8039 [0x400934] ledctrl->Hal_Led_Set_Hdd_Mode(1, 9, 3, 0 <unfinished ...>
8039 [0x7f95d874df15]   libnhal.so->Hal_Lookup_Hardware_Info(0x7ffff61513b0, 9, 3, 0 <unfinished ...>
8039 [0x7f95d84847e0]     SYS_open(0x7ffff61512b0, 0xa0002, 484, 1)                                                                = 3
8039 [0x7f95d848d72a]     SYS_mmap(0, 220, 3, 1)                                                                                   = 0x7f95d8fff000
8039 [0x7f95d8485070]     SYS_close(3, 220, 3, 1)                                                                                  = 0
8039 [0x7f95d874c7f0]     libnhal.so->Hw_Semaphore_Init(0x7ffff6151360, 0x7f95d874f287, 1, -1 <unfinished ...>
8039 [0x7f95d8484405]       SYS_lstat(0x7ffff6151210, 0x7ffff6151120, 0x7ffff6151120, 0)                                           = -2
8039 [0x7f95d76dc510]       SYS_open(0x7ffff6151210, 194, 600, 0)                                                                  = 3
8039 [0x7f95d76dbda0]       SYS_write(3, 0x7ffff6151290, 32, 0)                                                                    = 32
8039 [0x7f95d848d72a]       SYS_mmap(0, 32, 3, 1)                                                                                  = 0x7f95d8ffe000
8039 [0x7f95d84861a7]       SYS_link(0x7ffff6151210, 0x7ffff6151240, 3, 1)                                                         = -17
8039 [0x7f95d848d757]       SYS_munmap(0x7f95d8ffe000, 32, 3, 1)                                                                   = 0
8039 [0x7f95d84862c7]       SYS_unlink(0x7ffff6151210, 32, 3, 1)                                                                   = 0
8039 [0x7f95d76dbe60]       SYS_close(3, 32, 3, 1)                                                                                 = 0
8039 [0x7f95d76dc510]       SYS_open(0x7ffff6151240, 0x20002, 18, 1)                                                               = 3
8039 [0x7f95d84843b4]       SYS_fstat(3, 0x7ffff6151170, 0x7ffff6151170, 1)                                                        = 0
8039 [0x7f95d8489f5a]       SYS_brk(0, 0x7f95d8741640, 0, -4096)                                                                   = 0x1a10000
8039 [0x7f95d8489f5a]       SYS_brk(0x1a31000, 0x1a10000, 0x1a31000, -4096)                                                        = 0x1a31000
8039 [0x7f95d848d72a]       SYS_mmap(0, 32, 3, 1)                                                                                  = 0x7f95d8ffe000
8039 [0x7f95d76dbe60]       SYS_close(3, 32, 0, 3)                                                                                 = 0
8039 [0x7f95d874c7f0]     <... Hw_Semaphore_Init resumed> )                                                                        = 17
8039 [0x7f95d874c800]     libnhal.so->Hw_Semaphore_Lock(0x7ffff6151360, 32, 0x7f95d8ffe000, -1)                                    = 0
8039 [0x7f95d874c918]     libnhal.so->Hw_Semaphore_Unlock(0x7ffff6151360, 2, 0x7f95d8fff000, 0)                                    = 0
8039 [0x7f95d874c924]     libnhal.so->Hw_Semaphore_Release(0x7ffff6151360, 128, 0, 0 <unfinished ...>
8039 [0x7f95d848d757]       SYS_munmap(0x7f95d8ffe000, 32, 0, 1)                                                                   = 0
8039 [0x7f95d874c924]     <... Hw_Semaphore_Release resumed> )                                                                     = 0
8039 [0x7f95d874df15]   <... Hal_Lookup_Hardware_Info resumed> )                                                                   = 0
8039 [0x400934] <... Hal_Led_Set_Hdd_Mode resumed> )                                                                               = 0xffffffea
8039 [0x7f95d8b90f15] libnasman.so->Close_Share_Memory(char const*, void*)(0x7f95d8bd508e, 0x7f95d9002000, 0x4a954b6f909a8e6c, 4 <unfinished ...>
8039 [0x7f95d8b90b6e]   libnasman.so->Get_File_Size(char const*, long*)(0x7ffff6151220, 0x7ffff6151348, 0x7ffff6151235, 0 <unfinished ...>
8039 [0x7f95d8484365]     SYS_stat(0x7ffff6151220, 0x7ffff6151180, 0x7ffff6151180, 1)                                              = 0
8039 [0x7f95d8b90b6e]   <... Get_File_Size(char const*, long*) resumed> )                                                          = 0
8039 [0x7f95d848d757]   SYS_munmap(0x7f95d9002000, 0x2788, 0x7ffff6151180, 1)                                                      = 0
8039 [0x7f95d8b90f15] <... Close_Share_Memory(char const*, void*) resumed> )                                                       = 0
8039 [0x7f95d8b90f37] libnasman.so->Close_Share_Memory(char const*, void*)(0x7f95d8bd50a7, 0x7f95d9001000, 0, -1 <unfinished ...>
8039 [0x7f95d8b90b6e]   libnasman.so->Get_File_Size(char const*, long*)(0x7ffff6151220, 0x7ffff6151348, 0x7ffff6151236, 0 <unfinished ...>
8039 [0x7f95d8484365]     SYS_stat(0x7ffff6151220, 0x7ffff6151180, 0x7ffff6151180, 1)                                              = 0
8039 [0x7f95d8b90b6e]   <... Get_File_Size(char const*, long*) resumed> )                                                          = 0
8039 [0x7f95d848d757]   SYS_munmap(0x7f95d9001000, 3536, 0x7ffff6151180, 1)                                                        = 0
8039 [0x7f95d8b90f37] <... Close_Share_Memory(char const*, void*) resumed> )                                                       = 0
8039 [0x7f95d8b90f59] libnasman.so->Close_Share_Memory(char const*, void*)(0x7f95d8bd50b5, 0x7f95d9000000, 0, -1 <unfinished ...>
8039 [0x7f95d8b90b6e]   libnasman.so->Get_File_Size(char const*, long*)(0x7ffff6151220, 0x7ffff6151348, 0x7ffff6151236, 0 <unfinished ...>
8039 [0x7f95d8484365]     SYS_stat(0x7ffff6151220, 0x7ffff6151180, 0x7ffff6151180, 1)                                              = 0
8039 [0x7f95d8b90b6e]   <... Get_File_Size(char const*, long*) resumed> )                                                          = 0
8039 [0x7f95d848d757]   SYS_munmap(0x7f95d9000000, 4080, 0x7ffff6151180, 1)                                                        = 0
8039 [0x7f95d8b90f59] <... Close_Share_Memory(char const*, void*) resumed> )                                                       = 0
8039 [0x7f95d83de932] libgeneral.so->Trace_Mem_Destroy()(0x7f95d80f6d40, 0, 0x4a9555cdab5a8e6c, 16)                                = 0
8039 [0x7f95d8461468] SYS_exit_group(-22, 60, -22, 0x7f95d8744a48 <no return ...>
8039 [0xffffffffffffffff] +++ exited (status 234) +++
