8011 [0x7ff96bc998aa] SYS_brk(0, 0x7ff96bc9cfa0, 0, 895)                                                                           = 0x187f000
8011 [0x7ff96bc9a7e7] SYS_readlink(0x7fffc1950b78, 0x7fffc194ede0, 4096, 0x756e694c00000000)                                       = -2
8011 [0x7ff96bc9a677] SYS_open(0x7ff96bc9e1f3, 0, 0, 0x756e694c00000000)                                                           = 3
8011 [0x7ff96bc9a7a7] SYS_chdir(0x7ff96bea5ba8, 0, 0, 0x756e694c00000000)                                                          = -2
8011 [0x7ff96bc999d2] SYS_getcwd(0x7fffc194ede0, 4096, 0, 0x756e694c00000000)                                                      = 23
8011 [0x7ff96bc9a7c7] SYS_fchdir(3, 4096, 0, 0x756e694c00000000)                                                                   = 0
8011 [0x7ff96bc9a787] SYS_close(3, 4096, 0, 0x756e694c00000000)                                                                    = 0
8011 [0x7ff96bc9a80a] SYS_mmap(0, 4096, 3, 34)                                                                                     = 0x7ff96bea2000
8011 [0x7ff96bc9a6d7] SYS_access(0x7ff96bca0700, 4, 0x7ff96bea5718, 0)                                                             = -2
8011 [0x7ff96bc9a677] SYS_open(0x7ff96bc9e072, 0x80000, 1, 0)                                                                      = 3
8011 [0x7ff96bc9a604] SYS_fstat(3, 0x7fffc194e5c0, 0x7fffc194e5c0, 0)                                                              = 0
8011 [0x7ff96bc9a80a] SYS_mmap(0, 0x83b3, 1, 2)                                                                                    = 0x7ff96be99000
8011 [0x7ff96bc9a787] SYS_close(3, 0x83b3, 1, 2)                                                                                   = 0
8011 [0x7ff96bc9a677] SYS_open(0x7ff96bea2640, 0x80000, 0, 56)                                                                     = 3
8011 [0x7ff96bc9a697] SYS_read(3, 0x7fffc194e748, 832, 56)                                                                         = 832
8011 [0x7ff96bc9a604] SYS_fstat(3, 0x7fffc194e620, 0x7fffc194e620, 16)                                                             = 0
8011 [0x7ff96bc9a80a] SYS_mmap(0, 0x278960, 5, 2050)                                                                               = 0x7ff96ba0a000
8011 [0x7ff96bc9a857] SYS_mprotect(0x7ff96ba80000, 0x200000, 0, 2050)                                                              = 0
8011 [0x7ff96bc9a80a] SYS_mmap(0x7ff96bc80000, 0x3000, 3, 2066)                                                                    = 0x7ff96bc80000
8011 [0x7ff96bc9a787] SYS_close(3, 16, 0x7ff96bc803e0, 0x6ffffdff)                                                                 = 0
8011 [0x7ff96bc9a677] SYS_open(0x7ff96bea2b10, 0x80000, 0, 0x6ffffdff)                                                             = 3
8011 [0x7ff96bc9a697] SYS_read(3, 0x7fffc194e718, 832, 0x6ffffdff)                                                                 = 832
8011 [0x7ff96bc9a604] SYS_fstat(3, 0x7fffc194e5f0, 0x7fffc194e5f0, 16)                                                             = 0
8011 [0x7ff96bc9a80a] SYS_mmap(0, 0x21bee0, 5, 2050)                                                                               = 0x7ff96b7ee000
8011 [0x7ff96bc9a857] SYS_mprotect(0x7ff96b809000, 0x200000, 0, 2050)                                                              = 0
8011 [0x7ff96bc9a80a] SYS_mmap(0x7ff96ba09000, 4096, 3, 2066)                                                                      = 0x7ff96ba09000
8011 [0x7ff96bc9a787] SYS_close(3, 16, 0x7ff96ba09208, 0x6ffffdff)                                                                 = 0
8011 [0x7ff96bc9a677] SYS_open(0x7ff96bea2fe0, 0x80000, 0, 0x6ffffdff)                                                             = 3
8011 [0x7ff96bc9a697] SYS_read(3, 0x7fffc194e6e8, 832, 0x6ffffdff)                                                                 = 832
8011 [0x7ff96bc9a604] SYS_fstat(3, 0x7fffc194e5c0, 0x7fffc194e5c0, 16)                                                             = 0
8011 [0x7ff96bc9a80a] SYS_mmap(0, 4096, 3, 34)                                                                                     = 0x7ff96be98000
8011 [0x7ff96bc9a80a] SYS_mmap(0, 0x209ad0, 5, 2050)                                                                               = 0x7ff96b5e4000
8011 [0x7ff96bc9a857] SYS_mprotect(0x7ff96b5ee000, 0x1ff000, 0, 2050)                                                              = 0
8011 [0x7ff96bc9a80a] SYS_mmap(0x7ff96b7ed000, 4096, 3, 2066)                                                                      = 0x7ff96b7ed000
8011 [0x7ff96bc9a787] SYS_close(3, 16, 0x7ff96b7ed690, 0x6ffffdff)                                                                 = 0
8011 [0x7ff96bc9a677] SYS_open(0x7ff96be984b8, 0x80000, 0, 0x6ffffdff)                                                             = 3
8011 [0x7ff96bc9a697] SYS_read(3, 0x7fffc194e6b8, 832, 0x6ffffdff)                                                                 = 832
8011 [0x7ff96bc9a604] SYS_fstat(3, 0x7fffc194e590, 0x7fffc194e590, 32)                                                             = 0
8011 [0x7ff96bc9a80a] SYS_mmap(0, 0x39dc40, 5, 2050)                                                                               = 0x7ff96b246000
8011 [0x7ff96bc9a857] SYS_mprotect(0x7ff96b3da000, 0x200000, 0, 2050)                                                              = 0
8011 [0x7ff96bc9a80a] SYS_mmap(0x7ff96b5da000, 0x6000, 3, 2066)                                                                    = 0x7ff96b5da000
8011 [0x7ff96bc9a80a] SYS_mmap(0x7ff96b5e0000, 0x3c40, 3, 50)                                                                      = 0x7ff96b5e0000
8011 [0x7ff96bc9a787] SYS_close(3, 16, 0, 0x6ffffdff)                                                                              = 0
8011 [0x7ff96bc9a677] SYS_open(0x7ff96be98988, 0x80000, 0, 0x6ffffdff)                                                             = 3
8011 [0x7ff96bc9a697] SYS_read(3, 0x7fffc194e568, 832, 0x6ffffdff)                                                                 = 832
8011 [0x7ff96bc9a604] SYS_fstat(3, 0x7fffc194e440, 0x7fffc194e440, 16)                                                             = 0
8011 [0x7ff96bc9a80a] SYS_mmap(0, 0x2b09d0, 5, 2050)                                                                               = 0x7ff96af95000
8011 [0x7ff96bc9a857] SYS_mprotect(0x7ff96b044000, 0x1ff000, 0, 2050)                                                              = 0
8011 [0x7ff96bc9a80a] SYS_mmap(0x7ff96b243000, 0x3000, 3, 2066)                                                                    = 0x7ff96b243000
8011 [0x7ff96bc9a787] SYS_close(3, 16, 0x7ff96b2439a8, 0x6ffffdff)                                                                 = 0
8011 [0x7ff96bc9a677] SYS_open(0x7ff96be98e58, 0x80000, 0, 0x6ffffdff)                                                             = 3
8011 [0x7ff96bc9a697] SYS_read(3, 0x7fffc194e538, 832, 0x6ffffdff)                                                                 = 832
8011 [0x7ff96bc9a604] SYS_fstat(3, 0x7fffc194e410, 0x7fffc194e410, 16)                                                             = 0
8011 [0x7ff96bc9a80a] SYS_mmap(0, 4096, 3, 34)                                                                                     = 0x7ff96be97000
8011 [0x7ff96bc9a80a] SYS_mmap(0, 0x294ee0, 5, 2050)                                                                               = 0x7ff96ad00000
8011 [0x7ff96bc9a857] SYS_mprotect(0x7ff96ad92000, 0x1ff000, 0, 2050)                                                              = 0
8011 [0x7ff96bc9a80a] SYS_mmap(0x7ff96af91000, 0x3000, 3, 2066)                                                                    = 0x7ff96af91000
8011 [0x7ff96bc9a80a] SYS_mmap(0x7ff96af94000, 3808, 3, 50)                                                                        = 0x7ff96af94000
8011 [0x7ff96bc9a787] SYS_close(3, 16, 0x7ff96af91e30, 0x6ffffdff)                                                                 = 0
8011 [0x7ff96bc9a677] SYS_open(0x7ff96be974b8, 0x80000, 0, 0x6ffffdff)                                                             = 3
8011 [0x7ff96bc9a697] SYS_read(3, 0x7fffc194e508, 832, 0x6ffffdff)                                                                 = 832
8011 [0x7ff96bc9a604] SYS_fstat(3, 0x7fffc194e3e0, 0x7fffc194e3e0, 16)                                                             = 0
8011 [0x7ff96bc9a80a] SYS_mmap(0, 0x29d850, 5, 2050)                                                                               = 0x7ff96aa62000
8011 [0x7ff96bc9a857] SYS_mprotect(0x7ff96aafb000, 0x200000, 0, 2050)                                                              = 0
8011 [0x7ff96bc9a80a] SYS_mmap(0x7ff96acfb000, 0x3000, 3, 2066)                                                                    = 0x7ff96acfb000
8011 [0x7ff96bc9a80a] SYS_mmap(0x7ff96acfe000, 6224, 3, 50)                                                                        = 0x7ff96acfe000
8011 [0x7ff96bc9a787] SYS_close(3, 16, 0x7ff96acfccc8, 0x6ffffdff)                                                                 = 0
8011 [0x7ff96bc9a677] SYS_open(0x7ff96be979a0, 0x80000, 0, 0x6ffffdff)                                                             = 3
8011 [0x7ff96bc9a697] SYS_read(3, 0x7fffc194e4d8, 832, 0x6ffffdff)                                                                 = 832
8011 [0x7ff96bc9a604] SYS_fstat(3, 0x7fffc194e3b0, 0x7fffc194e3b0, 16)                                                             = 0
8011 [0x7ff96bc9a80a] SYS_mmap(0, 0x2dbbb0, 5, 2050)                                                                               = 0x7ff96a786000
8011 [0x7ff96bc9a857] SYS_mprotect(0x7ff96a844000, 0x200000, 0, 2050)                                                              = 0
8011 [0x7ff96bc9a80a] SYS_mmap(0x7ff96aa44000, 0xa000, 3, 2066)                                                                    = 0x7ff96aa44000
8011 [0x7ff96bc9a80a] SYS_mmap(0x7ff96aa4e000, 0x13bb0, 3, 50)                                                                     = 0x7ff96aa4e000
8011 [0x7ff96bc9a787] SYS_close(3, 16, 0x7ff96aa4a4d8, 0x6ffffdff)                                                                 = 0
8011 [0x7ff96bc9a677] SYS_open(0x7ff96be97e70, 0x80000, 0, 0x6ffffdff)                                                             = 3
8011 [0x7ff96bc9a697] SYS_read(3, 0x7fffc194e4a8, 832, 0x6ffffdff)                                                                 = 832
8011 [0x7ff96bc9a604] SYS_fstat(3, 0x7fffc194e380, 0x7fffc194e380, 32)                                                             = 0
8011 [0x7ff96bc9a80a] SYS_mmap(0, 4096, 3, 34)                                                                                     = 0x7ff96be96000
8011 [0x7ff96bc9a80a] SYS_mmap(0, 0x21c490, 5, 2050)                                                                               = 0x7ff96a569000
8011 [0x7ff96bc9a857] SYS_mprotect(0x7ff96a581000, 0x1ff000, 0, 2050)                                                              = 0
8011 [0x7ff96bc9a80a] SYS_mmap(0x7ff96a780000, 8192, 3, 2066)                                                                      = 0x7ff96a780000
8011 [0x7ff96bc9a80a] SYS_mmap(0x7ff96a782000, 0x3490, 3, 50)                                                                      = 0x7ff96a782000
8011 [0x7ff96bc9a787] SYS_close(3, 16, 0, 0x6ffffdff)                                                                              = 0
8011 [0x7ff96bc9a677] SYS_open(0x7ff96be964b8, 0x80000, 0, 0x6ffffdff)                                                             = 3
8011 [0x7ff96bc9a697] SYS_read(3, 0x7fffc194e478, 832, 0x6ffffdff)                                                                 = 832
8011 [0x7ff96bc9a604] SYS_fstat(3, 0x7fffc194e350, 0x7fffc194e350, 32)                                                             = 0
8011 [0x7ff96bc9a80a] SYS_mmap(0, 0x207bc0, 5, 2050)                                                                               = 0x7ff96a361000
8011 [0x7ff96bc9a857] SYS_mprotect(0x7ff96a368000, 0x1ff000, 0, 2050)                                                              = 0
8011 [0x7ff96bc9a80a] SYS_mmap(0x7ff96a567000, 8192, 3, 2066)                                                                      = 0x7ff96a567000
8011 [0x7ff96bc9a787] SYS_close(3, 16, 0, 0x6ffffdff)                                                                              = 0
8011 [0x7ff96bc9a677] SYS_open(0x7ff96be96988, 0x80000, 0, 0x6ffffdff)                                                             = 3
8011 [0x7ff96bc9a697] SYS_read(3, 0x7fffc194e448, 832, 0x6ffffdff)                                                                 = 832
8011 [0x7ff96bc9a604] SYS_fstat(3, 0x7fffc194e320, 0x7fffc194e320, 16)                                                             = 0
8011 [0x7ff96bc9a80a] SYS_mmap(0, 0x202e20, 5, 2050)                                                                               = 0x7ff96a15e000
8011 [0x7ff96bc9a857] SYS_mprotect(0x7ff96a161000, 0x1ff000, 0, 2050)                                                              = 0
8011 [0x7ff96bc9a80a] SYS_mmap(0x7ff96a360000, 4096, 3, 2066)                                                                      = 0x7ff96a360000
8011 [0x7ff96bc9a787] SYS_close(3, 16, 0x7ff96a360c28, 0x6ffffdff)                                                                 = 0
8011 [0x7ff96bc9a677] SYS_open(0x7ff96be96e58, 0x80000, 0, 0x6ffffdff)                                                             = 3
8011 [0x7ff96bc9a697] SYS_read(3, 0x7fffc194e418, 832, 0x6ffffdff)                                                                 = 832
8011 [0x7ff96bc9a604] SYS_fstat(3, 0x7fffc194e2f0, 0x7fffc194e2f0, 16)                                                             = 0
8011 [0x7ff96bc9a80a] SYS_mmap(0, 4096, 3, 34)                                                                                     = 0x7ff96be95000
8011 [0x7ff96bc9a80a] SYS_mmap(0, 0x209850, 5, 2050)                                                                               = 0x7ff969f54000
8011 [0x7ff96bc9a857] SYS_mprotect(0x7ff969f5e000, 0x1ff000, 0, 2050)                                                              = 0
8011 [0x7ff96bc9a80a] SYS_mmap(0x7ff96a15d000, 4096, 3, 2066)                                                                      = 0x7ff96a15d000
8011 [0x7ff96bc9a787] SYS_close(3, 16, 0x7ff96a15d618, 0x6ffffdff)                                                                 = 0
8011 [0x7ff96bc9a677] SYS_open(0x7ff96be954b8, 0x80000, 0, 0x6ffffdff)                                                             = 3
8011 [0x7ff96bc9a697] SYS_read(3, 0x7fffc194e3e8, 832, 0x6ffffdff)                                                                 = 832
8011 [0x7ff96bc9a604] SYS_fstat(3, 0x7fffc194e2c0, 0x7fffc194e2c0, 16)                                                             = 0
8011 [0x7ff96bc9a80a] SYS_mmap(0, 0x210868, 5, 2050)                                                                               = 0x7ff969d43000
8011 [0x7ff96bc9a857] SYS_mprotect(0x7ff969d54000, 0x1ff000, 0, 2050)                                                              = 0
8011 [0x7ff96bc9a80a] SYS_mmap(0x7ff969f53000, 4096, 3, 2066)                                                                      = 0x7ff969f53000
8011 [0x7ff96bc9a787] SYS_close(3, 16, 0x7ff969f53408, 0x6ffffdff)                                                                 = 0
8011 [0x7ff96bc9a677] SYS_open(0x7ff96be95a40, 0x80000, 0, 0x7ff96be969a0)                                                         = 3
8011 [0x7ff96bc9a697] SYS_read(3, 0x7fffc194e288, 832, 0x7ff96be969a0)                                                             = 832
8011 [0x7ff96bc9a604] SYS_fstat(3, 0x7fffc194e160, 0x7fffc194e160, 16)                                                             = 0
8011 [0x7ff96bc9a80a] SYS_mmap(0, 0x2032c8, 5, 2050)                                                                               = 0x7ff969b3f000
8011 [0x7ff96bc9a857] SYS_mprotect(0x7ff969b42000, 0x200000, 0, 2050)                                                              = 0
8011 [0x7ff96bc9a80a] SYS_mmap(0x7ff969d42000, 4096, 3, 2066)                                                                      = 0x7ff969d42000
8011 [0x7ff96bc9a787] SYS_close(3, 16, 0x7ff969d42188, 0x6ffffdff)                                                                 = 0
8011 [0x7ff96bc9a677] SYS_open(0x7ff96be95f28, 0x80000, 0, 0x6ffffdff)                                                             = 3
8011 [0x7ff96bc9a697] SYS_read(3, 0x7fffc194e258, 832, 0x6ffffdff)                                                                 = 832
8011 [0x7ff96bc9a604] SYS_fstat(3, 0x7fffc194e130, 0x7fffc194e130, 16)                                                             = 0
8011 [0x7ff96bc9a80a] SYS_mmap(0, 4096, 3, 34)                                                                                     = 0x7ff96be94000
8011 [0x7ff96bc9a80a] SYS_mmap(0, 0x207820, 5, 2050)                                                                               = 0x7ff969937000
8011 [0x7ff96bc9a857] SYS_mprotect(0x7ff96993e000, 0x200000, 0, 2050)                                                              = 0
8011 [0x7ff96bc9a80a] SYS_mmap(0x7ff969b3e000, 4096, 3, 2066)                                                                      = 0x7ff969b3e000
8011 [0x7ff96bc9a787] SYS_close(3, 16, 0x7ff969b3e188, 0x6ffffdff)                                                                 = 0
8011 [0x7ff96bc9a677] SYS_open(0x7ff96be944c8, 0x80000, 0, 0x6ffffdff)                                                             = 3
8011 [0x7ff96bc9a697] SYS_read(3, 0x7fffc194e228, 832, 0x6ffffdff)                                                                 = 832
8011 [0x7ff96bc9a604] SYS_fstat(3, 0x7fffc194e100, 0x7fffc194e100, 16)                                                             = 0
8011 [0x7ff96bc9a80a] SYS_mmap(0, 0x201f30, 5, 2050)                                                                               = 0x7ff969735000
8011 [0x7ff96bc9a857] SYS_mprotect(0x7ff969737000, 0x1ff000, 0, 2050)                                                              = 0
8011 [0x7ff96bc9a80a] SYS_mmap(0x7ff969936000, 4096, 3, 2066)                                                                      = 0x7ff969936000
8011 [0x7ff96bc9a787] SYS_close(3, 16, 0x7ff969936e18, 0x6ffffdff)                                                                 = 0
8011 [0x7ff96bc9a677] SYS_open(0x7ff96be94a60, 0x80000, 0, 0x7ff96be984d0)                                                         = 3
8011 [0x7ff96bc9a697] SYS_read(3, 0x7fffc194e1f8, 832, 0x7ff96be984d0)                                                             = 832
8011 [0x7ff96bc9a604] SYS_fstat(3, 0x7fffc194e0d0, 0x7fffc194e0d0, 16)                                                             = 0
8011 [0x7ff96bc9a80a] SYS_mmap(0, 0x2022e8, 5, 2050)                                                                               = 0x7ff969532000
8011 [0x7ff96bc9a857] SYS_mprotect(0x7ff969534000, 0x200000, 0, 2050)                                                              = 0
8011 [0x7ff96bc9a80a] SYS_mmap(0x7ff969734000, 4096, 3, 2066)                                                                      = 0x7ff969734000
8011 [0x7ff96bc9a787] SYS_close(3, 16, 0x7ff969734198, 0x6ffffdff)                                                                 = 0
8011 [0x7ff96bc9a677] SYS_open(0x7ff96be94f40, 0x80000, 0, 0x6ffffdff)                                                             = 3
8011 [0x7ff96bc9a697] SYS_read(3, 0x7fffc194e1c8, 832, 0x6ffffdff)                                                                 = 832
8011 [0x7ff96bc9a604] SYS_fstat(3, 0x7fffc194e0a0, 0x7fffc194e0a0, 16)                                                             = 0
8011 [0x7ff96bc9a80a] SYS_mmap(0, 4096, 3, 34)                                                                                     = 0x7ff96be93000
8011 [0x7ff96bc9a80a] SYS_mmap(0, 0x201f30, 5, 2050)                                                                               = 0x7ff969330000
8011 [0x7ff96bc9a857] SYS_mprotect(0x7ff969332000, 0x1ff000, 0, 2050)                                                              = 0
8011 [0x7ff96bc9a80a] SYS_mmap(0x7ff969531000, 4096, 3, 2066)                                                                      = 0x7ff969531000
8011 [0x7ff96bc9a787] SYS_close(3, 16, 0x7ff969531e18, 0x6ffffdff)                                                                 = 0
8011 [0x7ff96bc9a677] SYS_open(0x7ff96be934c0, 0x80000, 0, 0x6ffffdff)                                                             = 3
8011 [0x7ff96bc9a697] SYS_read(3, 0x7fffc194e198, 832, 0x6ffffdff)                                                                 = 832
8011 [0x7ff96bc9a604] SYS_fstat(3, 0x7fffc194e070, 0x7fffc194e070, 16)                                                             = 0
8011 [0x7ff96bc9a80a] SYS_mmap(0, 0x2038b8, 5, 2050)                                                                               = 0x7ff96912c000
8011 [0x7ff96bc9a857] SYS_mprotect(0x7ff969130000, 0x1ff000, 0, 2050)                                                              = 0
8011 [0x7ff96bc9a80a] SYS_mmap(0x7ff96932f000, 4096, 3, 2066)                                                                      = 0x7ff96932f000
8011 [0x7ff96bc9a787] SYS_close(3, 16, 0x7ff96932f748, 0x6ffffdff)                                                                 = 0
8011 [0x7ff96bc9a677] SYS_open(0x7ff96be93a60, 0x80000, 0, 0x7ff96be96000)                                                         = 3
8011 [0x7ff96bc9a697] SYS_read(3, 0x7fffc194e138, 832, 0x7ff96be96000)                                                             = 832
8011 [0x7ff96bc9a604] SYS_fstat(3, 0x7fffc194e010, 0x7fffc194e010, 16)                                                             = 0
8011 [0x7ff96bc9a80a] SYS_mmap(0, 0x210848, 5, 2050)                                                                               = 0x7ff968f1b000
8011 [0x7ff96bc9a857] SYS_mprotect(0x7ff968f2b000, 0x1ff000, 0, 2050)                                                              = 0
8011 [0x7ff96bc9a80a] SYS_mmap(0x7ff96912a000, 8192, 3, 2066)                                                                      = 0x7ff96912a000
8011 [0x7ff96bc9a787] SYS_close(3, 16, 0x7ff96912ad90, 0x6ffffdff)                                                                 = 0
8011 [0x7ff96bc9a677] SYS_open(0x7ff96be93f48, 0x80000, 0, 0x6ffffdff)                                                             = 3
8011 [0x7ff96bc9a697] SYS_read(3, 0x7fffc194e108, 832, 0x6ffffdff)                                                                 = 832
8011 [0x7ff96bc9a604] SYS_fstat(3, 0x7fffc194dfe0, 0x7fffc194dfe0, 16)                                                             = 0
8011 [0x7ff96bc9a80a] SYS_mmap(0, 4096, 3, 34)                                                                                     = 0x7ff96be92000
8011 [0x7ff96bc9a80a] SYS_mmap(0, 0x20acf0, 5, 2050)                                                                               = 0x7ff968d10000
8011 [0x7ff96bc9a857] SYS_mprotect(0x7ff968d1b000, 0x1ff000, 0, 2050)                                                              = 0
8011 [0x7ff96bc9a80a] SYS_mmap(0x7ff968f1a000, 4096, 3, 2066)                                                                      = 0x7ff968f1a000
8011 [0x7ff96bc9a787] SYS_close(3, 16, 0x7ff968f1a750, 0x6ffffdff)                                                                 = 0
8011 [0x7ff96bc9a677] SYS_open(0x7ff96be92560, 0x80000, 0, 0x7ff96be96000)                                                         = 3
8011 [0x7ff96bc9a697] SYS_read(3, 0x7fffc194e0d8, 832, 0x7ff96be96000)                                                             = 832
8011 [0x7ff96bc9a604] SYS_fstat(3, 0x7fffc194dfb0, 0x7fffc194dfb0, 32)                                                             = 0
8011 [0x7ff96bc9a80a] SYS_mmap(0, 0x2361e0, 5, 2050)                                                                               = 0x7ff968ad9000
8011 [0x7ff96bc9a857] SYS_mprotect(0x7ff968ae1000, 0x1ff000, 0, 2050)                                                              = 0
8011 [0x7ff96bc9a80a] SYS_mmap(0x7ff968ce0000, 8192, 3, 2066)                                                                      = 0x7ff968ce0000
8011 [0x7ff96bc9a80a] SYS_mmap(0x7ff968ce2000, 0x2d1e0, 3, 50)                                                                     = 0x7ff968ce2000
8011 [0x7ff96bc9a787] SYS_close(3, 16, 0, 0x6ffffdff)                                                                              = 0
8011 [0x7ff96bc9a677] SYS_open(0x7ff96be92a30, 0x80000, 0, 0x6ffffdff)                                                             = 3
8011 [0x7ff96bc9a697] SYS_read(3, 0x7fffc194e0a8, 832, 0x6ffffdff)                                                                 = 832
8011 [0x7ff96bc9a604] SYS_fstat(3, 0x7fffc194df80, 0x7fffc194df80, 16)                                                             = 0
8011 [0x7ff96bc9a80a] SYS_mmap(0, 0x43fe88, 5, 2050)                                                                               = 0x7ff968699000
8011 [0x7ff96bc9a857] SYS_mprotect(0x7ff9688ae000, 0x200000, 0, 2050)                                                              = 0
8011 [0x7ff96bc9a80a] SYS_mmap(0x7ff968aae000, 0x27000, 3, 2066)                                                                   = 0x7ff968aae000
8011 [0x7ff96bc9a80a] SYS_mmap(0x7ff968ad5000, 0x3e88, 3, 50)                                                                      = 0x7ff968ad5000
8011 [0x7ff96bc9a857] SYS_mprotect(0x7fffc194f000, 4096, 0x1000007, 4)                                                             = 0
8011 [0x7ff96bc9a787] SYS_close(3, 4096, 0x1000007, 4)                                                                             = 0
8011 [0x7ff96bc9a677] SYS_open(0x7ff96be92fb0, 0x80000, 0, 0x7ff96be954d0)                                                         = 3
8011 [0x7ff96bc9a697] SYS_read(3, 0x7fffc194e078, 832, 0x7ff96be954d0)                                                             = 832
8011 [0x7ff96bc9a604] SYS_fstat(3, 0x7fffc194df50, 0x7fffc194df50, 16)                                                             = 0
8011 [0x7ff96bc9a80a] SYS_mmap(0, 4096, 3, 34)                                                                                     = 0x7ff96be91000
8011 [0x7ff96bc9a80a] SYS_mmap(0, 0x215730, 5, 2050)                                                                               = 0x7ff968483000
8011 [0x7ff96bc9a857] SYS_mprotect(0x7ff968499000, 0x1ff000, 0, 2050)                                                              = 0
8011 [0x7ff96bc9a80a] SYS_mmap(0x7ff968698000, 4096, 3, 2066)                                                                      = 0x7ff968698000
8011 [0x7ff96bc9a787] SYS_close(3, 16, 0x7ff968698490, 0x6ffffdff)                                                                 = 0
8011 [0x7ff96bc9a677] SYS_open(0x7ff96be914f0, 0x80000, 0, 0x6ffffdff)                                                             = 3
8011 [0x7ff96bc9a697] SYS_read(3, 0x7fffc194e048, 832, 0x6ffffdff)                                                                 = 832
8011 [0x7ff96bc9a604] SYS_fstat(3, 0x7fffc194df20, 0x7fffc194df20, 32)                                                             = 0
8011 [0x7ff96bc9a80a] SYS_mmap(0, 0x2fd148, 5, 2050)                                                                               = 0x7ff968185000
8011 [0x7ff96bc9a857] SYS_mprotect(0x7ff968282000, 0x1ff000, 0, 2050)                                                              = 0
8011 [0x7ff96bc9a80a] SYS_mmap(0x7ff968481000, 8192, 3, 2066)                                                                      = 0x7ff968481000
8011 [0x7ff96bc9a787] SYS_close(3, 16, 0, 0x6ffffdff)                                                                              = 0
8011 [0x7ff96bc9a677] SYS_open(0x7fffc194de10, 0x80000, 0, 0x36782f39325f3130)                                                     = -2
8011 [0x7ff96bc9a5c5] SYS_stat(0x7fffc194de10, 0x7fffc194def0, 0x7fffc194def0, 0x36782f39325f3130)                                 = -2
8011 [0x7ff96bc9a677] SYS_open(0x7fffc194de10, 0x80000, 0, 0x36782f39325f3130)                                                     = -2
8011 [0x7ff96bc9a5c5] SYS_stat(0x7fffc194de10, 0x7fffc194def0, 0x7fffc194def0, 0x36782f39325f3130)                                 = -2
8011 [0x7ff96bc9a677] SYS_open(0x7fffc194de10, 0x80000, 0, 0x36782f39325f3130)                                                     = -2
8011 [0x7ff96bc9a5c5] SYS_stat(0x7fffc194de10, 0x7fffc194def0, 0x7fffc194def0, 0x36782f39325f3130)                                 = -2
8011 [0x7ff96bc9a677] SYS_open(0x7fffc194de10, 0x80000, 0, 0x36782f39325f3130)                                                     = -2
8011 [0x7ff96bc9a5c5] SYS_stat(0x7fffc194de10, 0x7fffc194def0, 0x7fffc194def0, 0x36782f39325f3130)                                 = -2
8011 [0x7ff96bc9a677] SYS_open(0x7ff96be91dd0, 0x80000, 0, 0x36782f39325f3130)                                                     = 3
8011 [0x7ff96bc9a697] SYS_read(3, 0x7fffc194e018, 832, 0x36782f39325f3130)                                                         = 832
8011 [0x7ff96bc9a604] SYS_fstat(3, 0x7fffc194def0, 0x7fffc194def0, 16)                                                             = 0
8011 [0x7ff96bc9a80a] SYS_mmap(0, 4096, 3, 34)                                                                                     = 0x7ff96be90000
8011 [0x7ff96bc9a80a] SYS_mmap(0, 0x2f8980, 5, 2050)                                                                               = 0x7ff967e8c000
8011 [0x7ff96bc9a857] SYS_mprotect(0x7ff967f83000, 0x200000, 0, 2050)                                                              = 0
8011 [0x7ff96bc9a80a] SYS_mmap(0x7ff968183000, 8192, 3, 2066)                                                                      = 0x7ff968183000
8011 [0x7ff96bc9a787] SYS_close(3, 16, 0x7ff9681833a0, 0x6ffffdff)                                                                 = 0
8011 [0x7ff96bc9a677] SYS_open(0x7ff96be904c8, 0x80000, 0, 0x6ffffdff)                                                             = 3
8011 [0x7ff96bc9a697] SYS_read(3, 0x7fffc194dfe8, 832, 0x6ffffdff)                                                                 = 832
8011 [0x7ff96bc9a604] SYS_fstat(3, 0x7fffc194dec0, 0x7fffc194dec0, 16)                                                             = 0
8011 [0x7ff96bc9a80a] SYS_mmap(0, 0x2fc9d8, 5, 2050)                                                                               = 0x7ff967b8f000
8011 [0x7ff96bc9a857] SYS_mprotect(0x7ff967c8a000, 0x200000, 0, 2050)                                                              = 0
8011 [0x7ff96bc9a80a] SYS_mmap(0x7ff967e8a000, 8192, 3, 2066)                                                                      = 0x7ff967e8a000
8011 [0x7ff96bc9a787] SYS_close(3, 16, 0x7ff967e8b828, 0x6ffffdff)                                                                 = 0
8011 [0x7ff96bc9a677] SYS_open(0x7ff96be90998, 0x80000, 0, 0x6ffffdff)                                                             = 3
8011 [0x7ff96bc9a697] SYS_read(3, 0x7fffc194dfb8, 832, 0x6ffffdff)                                                                 = 832
8011 [0x7ff96bc9a604] SYS_fstat(3, 0x7fffc194de90, 0x7fffc194de90, 16)                                                             = 0
8011 [0x7ff96bc9a80a] SYS_mmap(0, 0x242830, 5, 2050)                                                                               = 0x7ff96794c000
8011 [0x7ff96bc9a857] SYS_mprotect(0x7ff96798f000, 0x1ff000, 0, 2050)                                                              = 0
8011 [0x7ff96bc9a80a] SYS_mmap(0x7ff967b8e000, 4096, 3, 2066)                                                                      = 0x7ff967b8e000
8011 [0x7ff96bc9a787] SYS_close(3, 16, 0x7ff967b8e630, 0x6ffffdff)                                                                 = 0
8011 [0x7ff96bc9a677] SYS_open(0x7ff96be90f70, 0x80000, 0, 0x7ff96be979b8)                                                         = 3
8011 [0x7ff96bc9a697] SYS_read(3, 0x7fffc194df88, 832, 0x7ff96be979b8)                                                             = 832
8011 [0x7ff96bc9a604] SYS_fstat(3, 0x7fffc194de60, 0x7fffc194de60, 32)                                                             = 0
8011 [0x7ff96bc9a80a] SYS_mmap(0, 4096, 3, 34)                                                                                     = 0x7ff96be8f000
8011 [0x7ff96bc9a80a] SYS_mmap(0, 0x203118, 5, 2050)                                                                               = 0x7ff967748000
8011 [0x7ff96bc9a857] SYS_mprotect(0x7ff96774a000, 0x200000, 0, 2050)                                                              = 0
8011 [0x7ff96bc9a80a] SYS_mmap(0x7ff96794a000, 8192, 3, 2066)                                                                      = 0x7ff96794a000
8011 [0x7ff96bc9a787] SYS_close(3, 16, 0x7ff96794af40, 0x6ffffdff)                                                                 = 0
8011 [0x7ff96bc9a80a] SYS_mmap(0, 4096, 3, 34)                                                                                     = 0x7ff96be8e000
8011 [0x7ff96bc9a80a] SYS_mmap(0, 4096, 3, 34)                                                                                     = 0x7ff96be8d000
8011 [0x7ff96bc9a80a] SYS_mmap(0, 8192, 3, 34)                                                                                     = 0x7ff96be8b000
8011 [0x7ff96bc84044] SYS_arch_prctl(4098, 0x7ff96be8b780, 0x7ff96be8c080, 34)                                                     = 0
8011 [0x7ff96bc9a857] SYS_mprotect(0x7ff96b5da000, 0x4000, 1, 1)                                                                   = 0
8011 [0x7ff96bc9a857] SYS_mprotect(0x7ff96794a000, 4096, 1, 0x7ff967748c68)                                                        = 0
8011 [0x7ff96bc9a857] SYS_mprotect(0x7ff96a780000, 4096, 1, 0x7ff96a56e500)                                                        = 0
8011 [0x7ff96bc9a857] SYS_mprotect(0x7ff968481000, 4096, 1, 1)                                                                     = 0
8011 [0x7ff96bc9a857] SYS_mprotect(0x7ff968ce0000, 4096, 1, 0x7ff968ad9a00)                                                        = 0
8011 [0x7ff96bc9a857] SYS_mprotect(0x7ff96aa44000, 0x7000, 1, 0x7ff96a7de810)                                                      = 0
8011 [0x7ff96bc9a857] SYS_mprotect(0x7ff96a567000, 4096, 1, 0x7ff96a362d58)                                                        = 0
8011 [0x7ff96bc9a857] SYS_mprotect(0x7ff96bea3000, 4096, 1, 0)                                                                     = 0
8011 [0x7ff96bc9a837] SYS_munmap(0x7ff96be99000, 0x83b3, 0x7d500, 0)                                                               = 0
8011 [0x7ff96a56fe92] SYS_set_tid_address(0x7ff96be8ba50, 0x7fffc194ff78, 0x7ff96be8b780, 0)                                       = 8011
8011 [0x7ff96a56fefa] SYS_set_robust_list(0x7ff96be8ba60, 24, 0x7ff96be8b780, 0)                                                   = 0
8011 [0x7ff96a579cf5] SYS_rt_sigaction(32, 0x7fffc194fcc8, 0, 8)                                                                   = 0
8011 [0x7ff96a579cf5] SYS_rt_sigaction(33, 0x7fffc194fcc8, 0, 8)                                                                   = 0
8011 [0x7ff96a56ffd6] SYS_rt_sigprocmask(1, 0x7fffc194fe18, 0, 8)                                                                  = 0
8011 [0x7ff96b326b17] SYS_getrlimit(3, 0x7fffc194feb0, 63, 1)                                                                      = 0
8011 [0x7ff96a56fb95] SYS_futex(0x7ff96aa4e7e0, 129, 0x7fffffff, 0)                                                                = 0
8011 [0x4008fd] ledctrl->Lookup_Nas_Info(_T_NAS_PROP_&)(0x7fffc194fdc0, 0x7fffc1950b94, 0, 0x7fffc1950b93 <unfinished ...>
8011 [0x7ff96ba2dd11]   libnasman.so->Open_Share_Memory(char const*, int, void*&, int&)(0x7ff96ba7208e, 0, 0x7fffc194fd80, 0x7fffc194fd8c <unfinished ...>
8011 [0x7ff96b321557]     SYS_statfs(0x7ff96a57c1e8, 0x7fffc194fb20, 0x7ff96a785310, 1)                                            = 0
8011 [0x7ff96a56fb95]     SYS_futex(0x7ff96a785310, 129, 0x7fffffff, 0)                                                            = 0
8011 [0x7ff96b3217e0]     SYS_open(0x7fffc194fc30, 0xa0000, 484, 1)                                                                = 3
8011 [0x7ff96b3213b4]     SYS_fstat(3, 0x7fffc194fcc0, 0x7fffc194fcc0, 1)                                                          = 0
8011 [0x7ff96b32a72a]     SYS_mmap(0, 0x2788, 1, 1)                                                                                = 0x7ff96be9f000
8011 [0x7ff96b322070]     SYS_close(3, 0x2788, 1, 1)                                                                               = 0
8011 [0x7ff96ba2dd11]   <... Open_Share_Memory(char const*, int, void*&, int&) resumed> )                                          = 0
8011 [0x7ff96ba2dd4d]   libnasman.so->Open_Share_Memory(char const*, int, void*&, int&)(0x7ff96ba720a7, 0, 0x7fffc194fd80, 0x7fffc194fd8c <unfinished ...>
8011 [0x7ff96b3217e0]     SYS_open(0x7fffc194fc30, 0xa0000, 484, 1)                                                                = 3
8011 [0x7ff96b3213b4]     SYS_fstat(3, 0x7fffc194fcc0, 0x7fffc194fcc0, 1)                                                          = 0
8011 [0x7ff96b32a72a]     SYS_mmap(0, 3536, 1, 1)                                                                                  = 0x7ff96be9e000
8011 [0x7ff96b322070]     SYS_close(3, 3536, 1, 1)                                                                                 = 0
8011 [0x7ff96ba2dd4d]   <... Open_Share_Memory(char const*, int, void*&, int&) resumed> )                                          = 0
8011 [0x7ff96ba2dd7f]   libnasman.so->Open_Share_Memory(char const*, int, void*&, int&)(0x7ff96ba720b5, 0, 0x7fffc194fd80, 0x7fffc194fd8c <unfinished ...>
8011 [0x7ff96b3217e0]     SYS_open(0x7fffc194fc30, 0xa0000, 484, 1)                                                                = 3
8011 [0x7ff96b3213b4]     SYS_fstat(3, 0x7fffc194fcc0, 0x7fffc194fcc0, 1)                                                          = 0
8011 [0x7ff96b32a72a]     SYS_mmap(0, 4080, 1, 1)                                                                                  = 0x7ff96be9d000
8011 [0x7ff96b322070]     SYS_close(3, 4080, 1, 1)                                                                                 = 0
8011 [0x7ff96ba2dd7f]   <... Open_Share_Memory(char const*, int, void*&, int&) resumed> )                                          = 0
8011 [0x4008fd] <... Lookup_Nas_Info(_T_NAS_PROP_&) resumed> )                                                                     = 0
8011 [0x400934] ledctrl->Hal_Led_Set_Hdd_Mode(2, 7, 3, 0 <unfinished ...>
8011 [0x7ff96b5eaf15]   libnhal.so->Hal_Lookup_Hardware_Info(0x7fffc194fcb0, 7, 3, 0 <unfinished ...>
8011 [0x7ff96b3217e0]     SYS_open(0x7fffc194fbb0, 0xa0002, 484, 1)                                                                = 3
8011 [0x7ff96b32a72a]     SYS_mmap(0, 220, 3, 1)                                                                                   = 0x7ff96be9c000
8011 [0x7ff96b322070]     SYS_close(3, 220, 3, 1)                                                                                  = 0
8011 [0x7ff96b5e97f0]     libnhal.so->Hw_Semaphore_Init(0x7fffc194fc60, 0x7ff96b5ec287, 1, -1 <unfinished ...>
8011 [0x7ff96b321405]       SYS_lstat(0x7fffc194fb10, 0x7fffc194fa20, 0x7fffc194fa20, 0)                                           = -2
8011 [0x7ff96a579510]       SYS_open(0x7fffc194fb10, 194, 600, 0)                                                                  = 3
8011 [0x7ff96a578da0]       SYS_write(3, 0x7fffc194fb90, 32, 0)                                                                    = 32
8011 [0x7ff96b32a72a]       SYS_mmap(0, 32, 3, 1)                                                                                  = 0x7ff96be9b000
8011 [0x7ff96b3231a7]       SYS_link(0x7fffc194fb10, 0x7fffc194fb40, 3, 1)                                                         = -17
8011 [0x7ff96b32a757]       SYS_munmap(0x7ff96be9b000, 32, 3, 1)                                                                   = 0
8011 [0x7ff96b3232c7]       SYS_unlink(0x7fffc194fb10, 32, 3, 1)                                                                   = 0
8011 [0x7ff96a578e60]       SYS_close(3, 32, 3, 1)                                                                                 = 0
8011 [0x7ff96a579510]       SYS_open(0x7fffc194fb40, 0x20002, 18, 1)                                                               = 3
8011 [0x7ff96b3213b4]       SYS_fstat(3, 0x7fffc194fa70, 0x7fffc194fa70, 1)                                                        = 0
8011 [0x7ff96b326f5a]       SYS_brk(0, 0x7ff96b5de640, 0, -4096)                                                                   = 0x187f000
8011 [0x7ff96b326f5a]       SYS_brk(0x18a0000, 0x187f000, 0x18a0000, -4096)                                                        = 0x18a0000
8011 [0x7ff96b32a72a]       SYS_mmap(0, 32, 3, 1)                                                                                  = 0x7ff96be9b000
8011 [0x7ff96a578e60]       SYS_close(3, 32, 0, 3)                                                                                 = 0
8011 [0x7ff96b5e97f0]     <... Hw_Semaphore_Init resumed> )                                                                        = 17
8011 [0x7ff96b5e9800]     libnhal.so->Hw_Semaphore_Lock(0x7fffc194fc60, 32, 0x7ff96be9b000, -1)                                    = 0
8011 [0x7ff96b5e9918]     libnhal.so->Hw_Semaphore_Unlock(0x7fffc194fc60, 2, 0x7ff96be9c000, 0)                                    = 0
8011 [0x7ff96b5e9924]     libnhal.so->Hw_Semaphore_Release(0x7fffc194fc60, 128, 0, 0 <unfinished ...>
8011 [0x7ff96b32a757]       SYS_munmap(0x7ff96be9b000, 32, 0, 1)                                                                   = 0
8011 [0x7ff96b5e9924]     <... Hw_Semaphore_Release resumed> )                                                                     = 0
8011 [0x7ff96b5eaf15]   <... Hal_Lookup_Hardware_Info resumed> )                                                                   = 0
8011 [0x7ff96b5eb0e3]   libnhal.so->Mv9125_Set_Led_Mode(1, 0, 0, 3 <unfinished ...>
8011 [0x7ff96993c937]     libgeneraldrv.so->PCI_Conf_Read(2, 0, 0, 36 <unfinished ...>
8011 [0x7ff969939823]       libgeneraldrv.so->Hw_Semaphore_Init(0x7fffc194fba0, 0x7ff96993d000, 1, 0 <unfinished ...>
8011 [0x7ff96b321405]         SYS_lstat(0x7fffc194fa50, 0x7fffc194f960, 0x7fffc194f960, 0)                                         = -2
8011 [0x7ff96a579510]         SYS_open(0x7fffc194fa50, 194, 600, 0)                                                                = 3
8011 [0x7ff96a578da0]         SYS_write(3, 0x7fffc194fad0, 32, 0)                                                                  = 32
8011 [0x7ff96b32a72a]         SYS_mmap(0, 32, 3, 1)                                                                                = 0x7ff96be9b000
8011 [0x7ff96b3231a7]         SYS_link(0x7fffc194fa50, 0x7fffc194fa80, 3, 1)                                                       = -17
8011 [0x7ff96b32a757]         SYS_munmap(0x7ff96be9b000, 32, 3, 1)                                                                 = 0
8011 [0x7ff96b3232c7]         SYS_unlink(0x7fffc194fa50, 32, 3, 1)                                                                 = 0
8011 [0x7ff96a578e60]         SYS_close(3, 32, 3, 1)                                                                               = 0
8011 [0x7ff96a579510]         SYS_open(0x7fffc194fa80, 0x20002, 17, 1)                                                             = 3
8011 [0x7ff96b3213b4]         SYS_fstat(3, 0x7fffc194f9b0, 0x7fffc194f9b0, 1)                                                      = 0
8011 [0x7ff96b32a72a]         SYS_mmap(0, 32, 3, 1)                                                                                = 0x7ff96be9b000
8011 [0x7ff96a578e60]         SYS_close(3, 32, 0, 1)                                                                               = 0
8011 [0x7ff969939823]       <... Hw_Semaphore_Init resumed> )                                                                      = 17
8011 [0x7ff969939833]       libgeneraldrv.so->Hw_Semaphore_Lock(0x7fffc194fba0, 32, 0x7ff96be9b000, -1)                            = 0
8011 [0x7ff96b32e6b7]       SYS_ioperm(3320, 4, 1, 1)                                                                              = 0
8011 [0x7ff96b32e6b7]       SYS_ioperm(3320, 4, 0, 1)                                                                              = 0
8011 [0x7ff96b32e6b7]       SYS_ioperm(235, 1, 1, 1)                                                                               = 0
8011 [0x7ff96b32e6b7]       SYS_ioperm(235, 1, 0, 1)                                                                               = 0
8011 [0x7ff96b32e6b7]       SYS_ioperm(3324, 4, 1, 1)                                                                              = 0
8011 [0x7ff96b32e6b7]       SYS_ioperm(3324, 4, 0, 1)                                                                              = 0
8011 [0x7ff96b32e6b7]       SYS_ioperm(235, 1, 1, 1)                                                                               = 0
8011 [0x7ff96b32e6b7]       SYS_ioperm(235, 1, 0, 1)                                                                               = 0
8011 [0x7ff96b32e6b7]       SYS_ioperm(3320, 4, 1, 1)                                                                              = 0
8011 [0x7ff96b32e6b7]       SYS_ioperm(3320, 4, 0, 1)                                                                              = 0
8011 [0x7ff96b32e6b7]       SYS_ioperm(235, 1, 1, 1)                                                                               = 0
8011 [0x7ff96b32e6b7]       SYS_ioperm(235, 1, 0, 1)                                                                               = 0
8011 [0x7ff96993997f]       libgeneraldrv.so->Hw_Semaphore_Unlock(0x7fffc194fba0, 1, 0, -1)                                        = 0
8011 [0x7ff96993998b]       libgeneraldrv.so->Hw_Semaphore_Release(0x7fffc194fba0, 128, 0, 0 <unfinished ...>
8011 [0x7ff96b32a757]         SYS_munmap(0x7ff96be9b000, 32, 0, 1)                                                                 = 0
8011 [0x7ff96993998b]       <... Hw_Semaphore_Release resumed> )                                                                   = 0
8011 [0x7ff96993c937]     <... PCI_Conf_Read resumed> )                                                                            = 0
8011 [0x7ff96993c959]     libgeneraldrv.so->Hw_Semaphore_Init(0x7fffc194fc10, 0x7ff96993d38c, 1, 0x7ff96b5de658 <unfinished ...>
8011 [0x7ff96b321405]       SYS_lstat(0x7fffc194fac0, 0x7fffc194f9d0, 0x7fffc194f9d0, 0)                                           = -2
8011 [0x7ff96a579510]       SYS_open(0x7fffc194fac0, 194, 600, 0)                                                                  = 3
8011 [0x7ff96a578da0]       SYS_write(3, 0x7fffc194fb40, 32, 0)                                                                    = 32
8011 [0x7ff96b32a72a]       SYS_mmap(0, 32, 3, 1)                                                                                  = 0x7ff96be9b000
8011 [0x7ff96b3231a7]       SYS_link(0x7fffc194fac0, 0x7fffc194faf0, 3, 1)                                                         = -17
8011 [0x7ff96b32a757]       SYS_munmap(0x7ff96be9b000, 32, 3, 1)                                                                   = 0
8011 [0x7ff96b3232c7]       SYS_unlink(0x7fffc194fac0, 32, 3, 1)                                                                   = 0
8011 [0x7ff96a578e60]       SYS_close(3, 32, 3, 1)                                                                                 = 0
8011 [0x7ff96a579510]       SYS_open(0x7fffc194faf0, 0x20002, 20, 1)                                                               = 3
8011 [0x7ff96b3213b4]       SYS_fstat(3, 0x7fffc194fa20, 0x7fffc194fa20, 1)                                                        = 0
8011 [0x7ff96b32a72a]       SYS_mmap(0, 32, 3, 1)                                                                                  = 0x7ff96be9b000
8011 [0x7ff96a578e60]       SYS_close(3, 32, 0, 1)                                                                                 = 0
8011 [0x7ff96993c959]     <... Hw_Semaphore_Init resumed> )                                                                        = 17
8011 [0x7ff96993c969]     libgeneraldrv.so->Hw_Semaphore_Lock(0x7fffc194fc10, 32, 0x7ff96be9b000, -1)                              = 0
8011 [0x7ff96b3217e0]     SYS_open(0x7ff96993d3a1, 2, 1, 1)                                                                        = 3
8011 [0x7ff96b32a72a]     SYS_mmap(0, 60, 3, 1)                                                                                    = 0x7ff96be9a000
8011 [0x7ff96b2fe060]     SYS_nanosleep(0x7fffc194fbf0, 0, 0, 1)                                                                   = 0
8011 [0x7ff96b2fe060]     SYS_nanosleep(0x7fffc194fbf0, 0, 0, 1)                                                                   = 0
8011 [0x7ff96b32a757]     SYS_munmap(0x7ff96be9a000, 60, 0, 1)                                                                     = 0
8011 [0x7ff96b322070]     SYS_close(3, 60, 0, 1)                                                                                   = 0
8011 [0x7ff96b2fe060]     SYS_nanosleep(0x7fffc194fbf0, 0, 0, 1)                                                                   = 0
8011 [0x7ff96993ca1c]     libgeneraldrv.so->Hw_Semaphore_Unlock(0x7fffc194fc10, 0, 0, -1)                                          = 0
8011 [0x7ff96993ca28]     libgeneraldrv.so->Hw_Semaphore_Release(0x7fffc194fc10, 128, 0, 0 <unfinished ...>
8011 [0x7ff96b32a757]       SYS_munmap(0x7ff96be9b000, 32, 0, 1)                                                                   = 0
8011 [0x7ff96993ca28]     <... Hw_Semaphore_Release resumed> )                                                                     = 0
8011 [0x7ff96993cacf]     libgeneraldrv.so->PCI_Conf_Read(2, 0, 0, 36 <unfinished ...>
8011 [0x7ff969939823]       libgeneraldrv.so->Hw_Semaphore_Init(0x7fffc194fbb0, 0x7ff96993d000, 1, 0 <unfinished ...>
8011 [0x7ff96b321405]         SYS_lstat(0x7fffc194fa60, 0x7fffc194f970, 0x7fffc194f970, 0)                                         = -2
8011 [0x7ff96a579510]         SYS_open(0x7fffc194fa60, 194, 600, 0)                                                                = 3
8011 [0x7ff96a578da0]         SYS_write(3, 0x7fffc194fae0, 32, 0)                                                                  = 32
8011 [0x7ff96b32a72a]         SYS_mmap(0, 32, 3, 1)                                                                                = 0x7ff96be9b000
8011 [0x7ff96b3231a7]         SYS_link(0x7fffc194fa60, 0x7fffc194fa90, 3, 1)                                                       = -17
8011 [0x7ff96b32a757]         SYS_munmap(0x7ff96be9b000, 32, 3, 1)                                                                 = 0
8011 [0x7ff96b3232c7]         SYS_unlink(0x7fffc194fa60, 32, 3, 1)                                                                 = 0
8011 [0x7ff96a578e60]         SYS_close(3, 32, 3, 1)                                                                               = 0
8011 [0x7ff96a579510]         SYS_open(0x7fffc194fa90, 0x20002, 17, 1)                                                             = 3
8011 [0x7ff96b3213b4]         SYS_fstat(3, 0x7fffc194f9c0, 0x7fffc194f9c0, 1)                                                      = 0
8011 [0x7ff96b32a72a]         SYS_mmap(0, 32, 3, 1)                                                                                = 0x7ff96be9b000
8011 [0x7ff96a578e60]         SYS_close(3, 32, 0, 1)                                                                               = 0
8011 [0x7ff969939823]       <... Hw_Semaphore_Init resumed> )                                                                      = 17
8011 [0x7ff969939833]       libgeneraldrv.so->Hw_Semaphore_Lock(0x7fffc194fbb0, 32, 0x7ff96be9b000, -1)                            = 0
8011 [0x7ff96b32e6b7]       SYS_ioperm(3320, 4, 1, 1)                                                                              = 0
8011 [0x7ff96b32e6b7]       SYS_ioperm(3320, 4, 0, 1)                                                                              = 0
8011 [0x7ff96b32e6b7]       SYS_ioperm(235, 1, 1, 1)                                                                               = 0
8011 [0x7ff96b32e6b7]       SYS_ioperm(235, 1, 0, 1)                                                                               = 0
8011 [0x7ff96b32e6b7]       SYS_ioperm(3324, 4, 1, 1)                                                                              = 0
8011 [0x7ff96b32e6b7]       SYS_ioperm(3324, 4, 0, 1)                                                                              = 0
8011 [0x7ff96b32e6b7]       SYS_ioperm(235, 1, 1, 1)                                                                               = 0
8011 [0x7ff96b32e6b7]       SYS_ioperm(235, 1, 0, 1)                                                                               = 0
8011 [0x7ff96b32e6b7]       SYS_ioperm(3320, 4, 1, 1)                                                                              = 0
8011 [0x7ff96b32e6b7]       SYS_ioperm(3320, 4, 0, 1)                                                                              = 0
8011 [0x7ff96b32e6b7]       SYS_ioperm(235, 1, 1, 1)                                                                               = 0
8011 [0x7ff96b32e6b7]       SYS_ioperm(235, 1, 0, 1)                                                                               = 0
8011 [0x7ff96993997f]       libgeneraldrv.so->Hw_Semaphore_Unlock(0x7fffc194fbb0, 1, 0, -1)                                        = 0
8011 [0x7ff96993998b]       libgeneraldrv.so->Hw_Semaphore_Release(0x7fffc194fbb0, 128, 0, 0 <unfinished ...>
8011 [0x7ff96b32a757]         SYS_munmap(0x7ff96be9b000, 32, 0, 1)                                                                 = 0
8011 [0x7ff96993998b]       <... Hw_Semaphore_Release resumed> )                                                                   = 0
8011 [0x7ff96993cacf]     <... PCI_Conf_Read resumed> )                                                                            = 0
8011 [0x7ff96993caf1]     libgeneraldrv.so->Hw_Semaphore_Init(0x7fffc194fc20, 0x7ff96993d38c, 1, 0x7ff96b5de658 <unfinished ...>
8011 [0x7ff96b321405]       SYS_lstat(0x7fffc194fad0, 0x7fffc194f9e0, 0x7fffc194f9e0, 0)                                           = -2
8011 [0x7ff96a579510]       SYS_open(0x7fffc194fad0, 194, 600, 0)                                                                  = 3
8011 [0x7ff96a578da0]       SYS_write(3, 0x7fffc194fb50, 32, 0)                                                                    = 32
8011 [0x7ff96b32a72a]       SYS_mmap(0, 32, 3, 1)                                                                                  = 0x7ff96be9b000
8011 [0x7ff96b3231a7]       SYS_link(0x7fffc194fad0, 0x7fffc194fb00, 3, 1)                                                         = -17
8011 [0x7ff96b32a757]       SYS_munmap(0x7ff96be9b000, 32, 3, 1)                                                                   = 0
8011 [0x7ff96b3232c7]       SYS_unlink(0x7fffc194fad0, 32, 3, 1)                                                                   = 0
8011 [0x7ff96a578e60]       SYS_close(3, 32, 3, 1)                                                                                 = 0
8011 [0x7ff96a579510]       SYS_open(0x7fffc194fb00, 0x20002, 20, 1)                                                               = 3
8011 [0x7ff96b3213b4]       SYS_fstat(3, 0x7fffc194fa30, 0x7fffc194fa30, 1)                                                        = 0
8011 [0x7ff96b32a72a]       SYS_mmap(0, 32, 3, 1)                                                                                  = 0x7ff96be9b000
8011 [0x7ff96a578e60]       SYS_close(3, 32, 0, 1)                                                                                 = 0
8011 [0x7ff96993caf1]     <... Hw_Semaphore_Init resumed> )                                                                        = 17
8011 [0x7ff96993cb01]     libgeneraldrv.so->Hw_Semaphore_Lock(0x7fffc194fc20, 32, 0x7ff96be9b000, -1)                              = 0
8011 [0x7ff96b3217e0]     SYS_open(0x7ff96993d3a1, 2, 1, 1)                                                                        = 3
8011 [0x7ff96b32a72a]     SYS_mmap(0, 60, 3, 1)                                                                                    = 0x7ff96be9a000
8011 [0x7ff96b2fe060]     SYS_nanosleep(0x7fffc194fc00, 0, 0, 1)                                                                   = 0
8011 [0x7ff96b2fe060]     SYS_nanosleep(0x7fffc194fc00, 0, 0, 1)                                                                   = 0
8011 [0x7ff96b32a757]     SYS_munmap(0x7ff96be9a000, 60, 0, 1)                                                                     = 0
8011 [0x7ff96b322070]     SYS_close(3, 60, 0, 1)                                                                                   = 0
8011 [0x7ff96b2fe060]     SYS_nanosleep(0x7fffc194fc00, 0, 0, 1)                                                                   = 0
8011 [0x7ff96993cba6]     libgeneraldrv.so->Hw_Semaphore_Unlock(0x7fffc194fc20, 0, 0, -1)                                          = 0
8011 [0x7ff96993cbb2]     libgeneraldrv.so->Hw_Semaphore_Release(0x7fffc194fc20, 128, 0, 0 <unfinished ...>
8011 [0x7ff96b32a757]       SYS_munmap(0x7ff96be9b000, 32, 0, 1)                                                                   = 0
8011 [0x7ff96993cbb2]     <... Hw_Semaphore_Release resumed> )                                                                     = 0
8011 [0x7ff96b5eb0e3]   <... Mv9125_Set_Led_Mode resumed> )                                                                        = 0
8011 [0x400934] <... Hal_Led_Set_Hdd_Mode resumed> )                                                                               = 0
8011 [0x7ff96ba2df15] libnasman.so->Close_Share_Memory(char const*, void*)(0x7ff96ba7208e, 0x7ff96be9f000, 0x737571e3464f11f, 4 <unfinished ...>
8011 [0x7ff96ba2db6e]   libnasman.so->Get_File_Size(char const*, long*)(0x7fffc194fb20, 0x7fffc194fc48, 0x7fffc194fb35, 0 <unfinished ...>
8011 [0x7ff96b321365]     SYS_stat(0x7fffc194fb20, 0x7fffc194fa80, 0x7fffc194fa80, 1)                                              = 0
8011 [0x7ff96ba2db6e]   <... Get_File_Size(char const*, long*) resumed> )                                                          = 0
8011 [0x7ff96b32a757]   SYS_munmap(0x7ff96be9f000, 0x2788, 0x7fffc194fa80, 1)                                                      = 0
8011 [0x7ff96ba2df15] <... Close_Share_Memory(char const*, void*) resumed> )                                                       = 0
8011 [0x7ff96ba2df37] libnasman.so->Close_Share_Memory(char const*, void*)(0x7ff96ba720a7, 0x7ff96be9e000, 0, -1 <unfinished ...>
8011 [0x7ff96ba2db6e]   libnasman.so->Get_File_Size(char const*, long*)(0x7fffc194fb20, 0x7fffc194fc48, 0x7fffc194fb36, 0 <unfinished ...>
8011 [0x7ff96b321365]     SYS_stat(0x7fffc194fb20, 0x7fffc194fa80, 0x7fffc194fa80, 1)                                              = 0
8011 [0x7ff96ba2db6e]   <... Get_File_Size(char const*, long*) resumed> )                                                          = 0
8011 [0x7ff96b32a757]   SYS_munmap(0x7ff96be9e000, 3536, 0x7fffc194fa80, 1)                                                        = 0
8011 [0x7ff96ba2df37] <... Close_Share_Memory(char const*, void*) resumed> )                                                       = 0
8011 [0x7ff96ba2df59] libnasman.so->Close_Share_Memory(char const*, void*)(0x7ff96ba720b5, 0x7ff96be9d000, 0, -1 <unfinished ...>
8011 [0x7ff96ba2db6e]   libnasman.so->Get_File_Size(char const*, long*)(0x7fffc194fb20, 0x7fffc194fc48, 0x7fffc194fb36, 0 <unfinished ...>
8011 [0x7ff96b321365]     SYS_stat(0x7fffc194fb20, 0x7fffc194fa80, 0x7fffc194fa80, 1)                                              = 0
8011 [0x7ff96ba2db6e]   <... Get_File_Size(char const*, long*) resumed> )                                                          = 0
8011 [0x7ff96b32a757]   SYS_munmap(0x7ff96be9d000, 4080, 0x7fffc194fa80, 1)                                                        = 0
8011 [0x7ff96ba2df59] <... Close_Share_Memory(char const*, void*) resumed> )                                                       = 0
8011 [0x7ff96b27b932] libgeneral.so->Trace_Mem_Destroy()(0x7ff96af93d40, 0, 0x73755f84fa4f11f, 16)                                 = 0
8011 [0x7ff96b2fe468] SYS_exit_group(0, 60, 0, 0x7ff96b5e1a48 <no return ...>
8011 [0xffffffffffffffff] +++ exited (status 0) +++
