8651 [0x7f0f7a4968aa] SYS_brk(0, 0x7f0f7a499fa0, 0, 895)                                                                           = 0xdff000
8651 [0x7f0f7a4977e7] SYS_readlink(0x7fffca983b81, 0x7fffca981510, 4096, 0x756e694c00000000)                                       = -2
8651 [0x7f0f7a497677] SYS_open(0x7f0f7a49b1f3, 0, 0, 0x756e694c00000000)                                                           = 3
8651 [0x7f0f7a4977a7] SYS_chdir(0x7f0f7a6a2ba8, 0, 0, 0x756e694c00000000)                                                          = -2
8651 [0x7f0f7a4969d2] SYS_getcwd(0x7fffca981510, 4096, 0, 0x756e694c00000000)                                                      = 23
8651 [0x7f0f7a4977c7] SYS_fchdir(3, 4096, 0, 0x756e694c00000000)                                                                   = 0
8651 [0x7f0f7a497787] SYS_close(3, 4096, 0, 0x756e694c00000000)                                                                    = 0
8651 [0x7f0f7a49780a] SYS_mmap(0, 4096, 3, 34)                                                                                     = 0x7f0f7a69f000
8651 [0x7f0f7a4976d7] SYS_access(0x7f0f7a49d700, 4, 0x7f0f7a6a2718, 0)                                                             = -2
8651 [0x7f0f7a497677] SYS_open(0x7f0f7a49b072, 0x80000, 1, 0)                                                                      = 3
8651 [0x7f0f7a497604] SYS_fstat(3, 0x7fffca980cf0, 0x7fffca980cf0, 0)                                                              = 0
8651 [0x7f0f7a49780a] SYS_mmap(0, 0x83b3, 1, 2)                                                                                    = 0x7f0f7a696000
8651 [0x7f0f7a497787] SYS_close(3, 0x83b3, 1, 2)                                                                                   = 0
8651 [0x7f0f7a497677] SYS_open(0x7f0f7a69f640, 0x80000, 0, 56)                                                                     = 3
8651 [0x7f0f7a497697] SYS_read(3, 0x7fffca980e78, 832, 56)                                                                         = 832
8651 [0x7f0f7a497604] SYS_fstat(3, 0x7fffca980d50, 0x7fffca980d50, 16)                                                             = 0
8651 [0x7f0f7a49780a] SYS_mmap(0, 0x278960, 5, 2050)                                                                               = 0x7f0f7a207000
8651 [0x7f0f7a497857] SYS_mprotect(0x7f0f7a27d000, 0x200000, 0, 2050)                                                              = 0
8651 [0x7f0f7a49780a] SYS_mmap(0x7f0f7a47d000, 0x3000, 3, 2066)                                                                    = 0x7f0f7a47d000
8651 [0x7f0f7a497787] SYS_close(3, 16, 0x7f0f7a47d3e0, 0x6ffffdff)                                                                 = 0
8651 [0x7f0f7a497677] SYS_open(0x7f0f7a69fb10, 0x80000, 0, 0x6ffffdff)                                                             = 3
8651 [0x7f0f7a497697] SYS_read(3, 0x7fffca980e48, 832, 0x6ffffdff)                                                                 = 832
8651 [0x7f0f7a497604] SYS_fstat(3, 0x7fffca980d20, 0x7fffca980d20, 16)                                                             = 0
8651 [0x7f0f7a49780a] SYS_mmap(0, 0x21bee0, 5, 2050)                                                                               = 0x7f0f79feb000
8651 [0x7f0f7a497857] SYS_mprotect(0x7f0f7a006000, 0x200000, 0, 2050)                                                              = 0
8651 [0x7f0f7a49780a] SYS_mmap(0x7f0f7a206000, 4096, 3, 2066)                                                                      = 0x7f0f7a206000
8651 [0x7f0f7a497787] SYS_close(3, 16, 0x7f0f7a206208, 0x6ffffdff)                                                                 = 0
8651 [0x7f0f7a497677] SYS_open(0x7f0f7a69ffe0, 0x80000, 0, 0x6ffffdff)                                                             = 3
8651 [0x7f0f7a497697] SYS_read(3, 0x7fffca980e18, 832, 0x6ffffdff)                                                                 = 832
8651 [0x7f0f7a497604] SYS_fstat(3, 0x7fffca980cf0, 0x7fffca980cf0, 16)                                                             = 0
8651 [0x7f0f7a49780a] SYS_mmap(0, 4096, 3, 34)                                                                                     = 0x7f0f7a695000
8651 [0x7f0f7a49780a] SYS_mmap(0, 0x209ad0, 5, 2050)                                                                               = 0x7f0f79de1000
8651 [0x7f0f7a497857] SYS_mprotect(0x7f0f79deb000, 0x1ff000, 0, 2050)                                                              = 0
8651 [0x7f0f7a49780a] SYS_mmap(0x7f0f79fea000, 4096, 3, 2066)                                                                      = 0x7f0f79fea000
8651 [0x7f0f7a497787] SYS_close(3, 16, 0x7f0f79fea690, 0x6ffffdff)                                                                 = 0
8651 [0x7f0f7a497677] SYS_open(0x7f0f7a6954b8, 0x80000, 0, 0x6ffffdff)                                                             = 3
8651 [0x7f0f7a497697] SYS_read(3, 0x7fffca980de8, 832, 0x6ffffdff)                                                                 = 832
8651 [0x7f0f7a497604] SYS_fstat(3, 0x7fffca980cc0, 0x7fffca980cc0, 32)                                                             = 0
8651 [0x7f0f7a49780a] SYS_mmap(0, 0x39dc40, 5, 2050)                                                                               = 0x7f0f79a43000
8651 [0x7f0f7a497857] SYS_mprotect(0x7f0f79bd7000, 0x200000, 0, 2050)                                                              = 0
8651 [0x7f0f7a49780a] SYS_mmap(0x7f0f79dd7000, 0x6000, 3, 2066)                                                                    = 0x7f0f79dd7000
8651 [0x7f0f7a49780a] SYS_mmap(0x7f0f79ddd000, 0x3c40, 3, 50)                                                                      = 0x7f0f79ddd000
8651 [0x7f0f7a497787] SYS_close(3, 16, 0, 0x6ffffdff)                                                                              = 0
8651 [0x7f0f7a497677] SYS_open(0x7f0f7a695988, 0x80000, 0, 0x6ffffdff)                                                             = 3
8651 [0x7f0f7a497697] SYS_read(3, 0x7fffca980c98, 832, 0x6ffffdff)                                                                 = 832
8651 [0x7f0f7a497604] SYS_fstat(3, 0x7fffca980b70, 0x7fffca980b70, 16)                                                             = 0
8651 [0x7f0f7a49780a] SYS_mmap(0, 0x2b09d0, 5, 2050)                                                                               = 0x7f0f79792000
8651 [0x7f0f7a497857] SYS_mprotect(0x7f0f79841000, 0x1ff000, 0, 2050)                                                              = 0
8651 [0x7f0f7a49780a] SYS_mmap(0x7f0f79a40000, 0x3000, 3, 2066)                                                                    = 0x7f0f79a40000
8651 [0x7f0f7a497787] SYS_close(3, 16, 0x7f0f79a409a8, 0x6ffffdff)                                                                 = 0
8651 [0x7f0f7a497677] SYS_open(0x7f0f7a695e58, 0x80000, 0, 0x6ffffdff)                                                             = 3
8651 [0x7f0f7a497697] SYS_read(3, 0x7fffca980c68, 832, 0x6ffffdff)                                                                 = 832
8651 [0x7f0f7a497604] SYS_fstat(3, 0x7fffca980b40, 0x7fffca980b40, 16)                                                             = 0
8651 [0x7f0f7a49780a] SYS_mmap(0, 4096, 3, 34)                                                                                     = 0x7f0f7a694000
8651 [0x7f0f7a49780a] SYS_mmap(0, 0x294ee0, 5, 2050)                                                                               = 0x7f0f794fd000
8651 [0x7f0f7a497857] SYS_mprotect(0x7f0f7958f000, 0x1ff000, 0, 2050)                                                              = 0
8651 [0x7f0f7a49780a] SYS_mmap(0x7f0f7978e000, 0x3000, 3, 2066)                                                                    = 0x7f0f7978e000
8651 [0x7f0f7a49780a] SYS_mmap(0x7f0f79791000, 3808, 3, 50)                                                                        = 0x7f0f79791000
8651 [0x7f0f7a497787] SYS_close(3, 16, 0x7f0f7978ee30, 0x6ffffdff)                                                                 = 0
8651 [0x7f0f7a497677] SYS_open(0x7f0f7a6944b8, 0x80000, 0, 0x6ffffdff)                                                             = 3
8651 [0x7f0f7a497697] SYS_read(3, 0x7fffca980c38, 832, 0x6ffffdff)                                                                 = 832
8651 [0x7f0f7a497604] SYS_fstat(3, 0x7fffca980b10, 0x7fffca980b10, 16)                                                             = 0
8651 [0x7f0f7a49780a] SYS_mmap(0, 0x29d850, 5, 2050)                                                                               = 0x7f0f7925f000
8651 [0x7f0f7a497857] SYS_mprotect(0x7f0f792f8000, 0x200000, 0, 2050)                                                              = 0
8651 [0x7f0f7a49780a] SYS_mmap(0x7f0f794f8000, 0x3000, 3, 2066)                                                                    = 0x7f0f794f8000
8651 [0x7f0f7a49780a] SYS_mmap(0x7f0f794fb000, 6224, 3, 50)                                                                        = 0x7f0f794fb000
8651 [0x7f0f7a497787] SYS_close(3, 16, 0x7f0f794f9cc8, 0x6ffffdff)                                                                 = 0
8651 [0x7f0f7a497677] SYS_open(0x7f0f7a6949a0, 0x80000, 0, 0x6ffffdff)                                                             = 3
8651 [0x7f0f7a497697] SYS_read(3, 0x7fffca980c08, 832, 0x6ffffdff)                                                                 = 832
8651 [0x7f0f7a497604] SYS_fstat(3, 0x7fffca980ae0, 0x7fffca980ae0, 16)                                                             = 0
8651 [0x7f0f7a49780a] SYS_mmap(0, 0x2dbbb0, 5, 2050)                                                                               = 0x7f0f78f83000
8651 [0x7f0f7a497857] SYS_mprotect(0x7f0f79041000, 0x200000, 0, 2050)                                                              = 0
8651 [0x7f0f7a49780a] SYS_mmap(0x7f0f79241000, 0xa000, 3, 2066)                                                                    = 0x7f0f79241000
8651 [0x7f0f7a49780a] SYS_mmap(0x7f0f7924b000, 0x13bb0, 3, 50)                                                                     = 0x7f0f7924b000
8651 [0x7f0f7a497787] SYS_close(3, 16, 0x7f0f792474d8, 0x6ffffdff)                                                                 = 0
8651 [0x7f0f7a497677] SYS_open(0x7f0f7a694e70, 0x80000, 0, 0x6ffffdff)                                                             = 3
8651 [0x7f0f7a497697] SYS_read(3, 0x7fffca980bd8, 832, 0x6ffffdff)                                                                 = 832
8651 [0x7f0f7a497604] SYS_fstat(3, 0x7fffca980ab0, 0x7fffca980ab0, 32)                                                             = 0
8651 [0x7f0f7a49780a] SYS_mmap(0, 4096, 3, 34)                                                                                     = 0x7f0f7a693000
8651 [0x7f0f7a49780a] SYS_mmap(0, 0x21c490, 5, 2050)                                                                               = 0x7f0f78d66000
8651 [0x7f0f7a497857] SYS_mprotect(0x7f0f78d7e000, 0x1ff000, 0, 2050)                                                              = 0
8651 [0x7f0f7a49780a] SYS_mmap(0x7f0f78f7d000, 8192, 3, 2066)                                                                      = 0x7f0f78f7d000
8651 [0x7f0f7a49780a] SYS_mmap(0x7f0f78f7f000, 0x3490, 3, 50)                                                                      = 0x7f0f78f7f000
8651 [0x7f0f7a497787] SYS_close(3, 16, 0, 0x6ffffdff)                                                                              = 0
8651 [0x7f0f7a497677] SYS_open(0x7f0f7a6934b8, 0x80000, 0, 0x6ffffdff)                                                             = 3
8651 [0x7f0f7a497697] SYS_read(3, 0x7fffca980ba8, 832, 0x6ffffdff)                                                                 = 832
8651 [0x7f0f7a497604] SYS_fstat(3, 0x7fffca980a80, 0x7fffca980a80, 32)                                                             = 0
8651 [0x7f0f7a49780a] SYS_mmap(0, 0x207bc0, 5, 2050)                                                                               = 0x7f0f78b5e000
8651 [0x7f0f7a497857] SYS_mprotect(0x7f0f78b65000, 0x1ff000, 0, 2050)                                                              = 0
8651 [0x7f0f7a49780a] SYS_mmap(0x7f0f78d64000, 8192, 3, 2066)                                                                      = 0x7f0f78d64000
8651 [0x7f0f7a497787] SYS_close(3, 16, 0, 0x6ffffdff)                                                                              = 0
8651 [0x7f0f7a497677] SYS_open(0x7f0f7a693988, 0x80000, 0, 0x6ffffdff)                                                             = 3
8651 [0x7f0f7a497697] SYS_read(3, 0x7fffca980b78, 832, 0x6ffffdff)                                                                 = 832
8651 [0x7f0f7a497604] SYS_fstat(3, 0x7fffca980a50, 0x7fffca980a50, 16)                                                             = 0
8651 [0x7f0f7a49780a] SYS_mmap(0, 0x202e20, 5, 2050)                                                                               = 0x7f0f7895b000
8651 [0x7f0f7a497857] SYS_mprotect(0x7f0f7895e000, 0x1ff000, 0, 2050)                                                              = 0
8651 [0x7f0f7a49780a] SYS_mmap(0x7f0f78b5d000, 4096, 3, 2066)                                                                      = 0x7f0f78b5d000
8651 [0x7f0f7a497787] SYS_close(3, 16, 0x7f0f78b5dc28, 0x6ffffdff)                                                                 = 0
8651 [0x7f0f7a497677] SYS_open(0x7f0f7a693e58, 0x80000, 0, 0x6ffffdff)                                                             = 3
8651 [0x7f0f7a497697] SYS_read(3, 0x7fffca980b48, 832, 0x6ffffdff)                                                                 = 832
8651 [0x7f0f7a497604] SYS_fstat(3, 0x7fffca980a20, 0x7fffca980a20, 16)                                                             = 0
8651 [0x7f0f7a49780a] SYS_mmap(0, 4096, 3, 34)                                                                                     = 0x7f0f7a692000
8651 [0x7f0f7a49780a] SYS_mmap(0, 0x209850, 5, 2050)                                                                               = 0x7f0f78751000
8651 [0x7f0f7a497857] SYS_mprotect(0x7f0f7875b000, 0x1ff000, 0, 2050)                                                              = 0
8651 [0x7f0f7a49780a] SYS_mmap(0x7f0f7895a000, 4096, 3, 2066)                                                                      = 0x7f0f7895a000
8651 [0x7f0f7a497787] SYS_close(3, 16, 0x7f0f7895a618, 0x6ffffdff)                                                                 = 0
8651 [0x7f0f7a497677] SYS_open(0x7f0f7a6924b8, 0x80000, 0, 0x6ffffdff)                                                             = 3
8651 [0x7f0f7a497697] SYS_read(3, 0x7fffca980b18, 832, 0x6ffffdff)                                                                 = 832
8651 [0x7f0f7a497604] SYS_fstat(3, 0x7fffca9809f0, 0x7fffca9809f0, 16)                                                             = 0
8651 [0x7f0f7a49780a] SYS_mmap(0, 0x210868, 5, 2050)                                                                               = 0x7f0f78540000
8651 [0x7f0f7a497857] SYS_mprotect(0x7f0f78551000, 0x1ff000, 0, 2050)                                                              = 0
8651 [0x7f0f7a49780a] SYS_mmap(0x7f0f78750000, 4096, 3, 2066)                                                                      = 0x7f0f78750000
8651 [0x7f0f7a497787] SYS_close(3, 16, 0x7f0f78750408, 0x6ffffdff)                                                                 = 0
8651 [0x7f0f7a497677] SYS_open(0x7f0f7a692a40, 0x80000, 0, 0x7f0f7a6939a0)                                                         = 3
8651 [0x7f0f7a497697] SYS_read(3, 0x7fffca9809b8, 832, 0x7f0f7a6939a0)                                                             = 832
8651 [0x7f0f7a497604] SYS_fstat(3, 0x7fffca980890, 0x7fffca980890, 16)                                                             = 0
8651 [0x7f0f7a49780a] SYS_mmap(0, 0x2032c8, 5, 2050)                                                                               = 0x7f0f7833c000
8651 [0x7f0f7a497857] SYS_mprotect(0x7f0f7833f000, 0x200000, 0, 2050)                                                              = 0
8651 [0x7f0f7a49780a] SYS_mmap(0x7f0f7853f000, 4096, 3, 2066)                                                                      = 0x7f0f7853f000
8651 [0x7f0f7a497787] SYS_close(3, 16, 0x7f0f7853f188, 0x6ffffdff)                                                                 = 0
8651 [0x7f0f7a497677] SYS_open(0x7f0f7a692f28, 0x80000, 0, 0x6ffffdff)                                                             = 3
8651 [0x7f0f7a497697] SYS_read(3, 0x7fffca980988, 832, 0x6ffffdff)                                                                 = 832
8651 [0x7f0f7a497604] SYS_fstat(3, 0x7fffca980860, 0x7fffca980860, 16)                                                             = 0
8651 [0x7f0f7a49780a] SYS_mmap(0, 4096, 3, 34)                                                                                     = 0x7f0f7a691000
8651 [0x7f0f7a49780a] SYS_mmap(0, 0x207820, 5, 2050)                                                                               = 0x7f0f78134000
8651 [0x7f0f7a497857] SYS_mprotect(0x7f0f7813b000, 0x200000, 0, 2050)                                                              = 0
8651 [0x7f0f7a49780a] SYS_mmap(0x7f0f7833b000, 4096, 3, 2066)                                                                      = 0x7f0f7833b000
8651 [0x7f0f7a497787] SYS_close(3, 16, 0x7f0f7833b188, 0x6ffffdff)                                                                 = 0
8651 [0x7f0f7a497677] SYS_open(0x7f0f7a6914c8, 0x80000, 0, 0x6ffffdff)                                                             = 3
8651 [0x7f0f7a497697] SYS_read(3, 0x7fffca980958, 832, 0x6ffffdff)                                                                 = 832
8651 [0x7f0f7a497604] SYS_fstat(3, 0x7fffca980830, 0x7fffca980830, 16)                                                             = 0
8651 [0x7f0f7a49780a] SYS_mmap(0, 0x201f30, 5, 2050)                                                                               = 0x7f0f77f32000
8651 [0x7f0f7a497857] SYS_mprotect(0x7f0f77f34000, 0x1ff000, 0, 2050)                                                              = 0
8651 [0x7f0f7a49780a] SYS_mmap(0x7f0f78133000, 4096, 3, 2066)                                                                      = 0x7f0f78133000
8651 [0x7f0f7a497787] SYS_close(3, 16, 0x7f0f78133e18, 0x6ffffdff)                                                                 = 0
8651 [0x7f0f7a497677] SYS_open(0x7f0f7a691a60, 0x80000, 0, 0x7f0f7a6954d0)                                                         = 3
8651 [0x7f0f7a497697] SYS_read(3, 0x7fffca980928, 832, 0x7f0f7a6954d0)                                                             = 832
8651 [0x7f0f7a497604] SYS_fstat(3, 0x7fffca980800, 0x7fffca980800, 16)                                                             = 0
8651 [0x7f0f7a49780a] SYS_mmap(0, 0x2022e8, 5, 2050)                                                                               = 0x7f0f77d2f000
8651 [0x7f0f7a497857] SYS_mprotect(0x7f0f77d31000, 0x200000, 0, 2050)                                                              = 0
8651 [0x7f0f7a49780a] SYS_mmap(0x7f0f77f31000, 4096, 3, 2066)                                                                      = 0x7f0f77f31000
8651 [0x7f0f7a497787] SYS_close(3, 16, 0x7f0f77f31198, 0x6ffffdff)                                                                 = 0
8651 [0x7f0f7a497677] SYS_open(0x7f0f7a691f40, 0x80000, 0, 0x6ffffdff)                                                             = 3
8651 [0x7f0f7a497697] SYS_read(3, 0x7fffca9808f8, 832, 0x6ffffdff)                                                                 = 832
8651 [0x7f0f7a497604] SYS_fstat(3, 0x7fffca9807d0, 0x7fffca9807d0, 16)                                                             = 0
8651 [0x7f0f7a49780a] SYS_mmap(0, 4096, 3, 34)                                                                                     = 0x7f0f7a690000
8651 [0x7f0f7a49780a] SYS_mmap(0, 0x201f30, 5, 2050)                                                                               = 0x7f0f77b2d000
8651 [0x7f0f7a497857] SYS_mprotect(0x7f0f77b2f000, 0x1ff000, 0, 2050)                                                              = 0
8651 [0x7f0f7a49780a] SYS_mmap(0x7f0f77d2e000, 4096, 3, 2066)                                                                      = 0x7f0f77d2e000
8651 [0x7f0f7a497787] SYS_close(3, 16, 0x7f0f77d2ee18, 0x6ffffdff)                                                                 = 0
8651 [0x7f0f7a497677] SYS_open(0x7f0f7a6904c0, 0x80000, 0, 0x6ffffdff)                                                             = 3
8651 [0x7f0f7a497697] SYS_read(3, 0x7fffca9808c8, 832, 0x6ffffdff)                                                                 = 832
8651 [0x7f0f7a497604] SYS_fstat(3, 0x7fffca9807a0, 0x7fffca9807a0, 16)                                                             = 0
8651 [0x7f0f7a49780a] SYS_mmap(0, 0x2038b8, 5, 2050)                                                                               = 0x7f0f77929000
8651 [0x7f0f7a497857] SYS_mprotect(0x7f0f7792d000, 0x1ff000, 0, 2050)                                                              = 0
8651 [0x7f0f7a49780a] SYS_mmap(0x7f0f77b2c000, 4096, 3, 2066)                                                                      = 0x7f0f77b2c000
8651 [0x7f0f7a497787] SYS_close(3, 16, 0x7f0f77b2c748, 0x6ffffdff)                                                                 = 0
8651 [0x7f0f7a497677] SYS_open(0x7f0f7a690a60, 0x80000, 0, 0x7f0f7a693000)                                                         = 3
8651 [0x7f0f7a497697] SYS_read(3, 0x7fffca980868, 832, 0x7f0f7a693000)                                                             = 832
8651 [0x7f0f7a497604] SYS_fstat(3, 0x7fffca980740, 0x7fffca980740, 16)                                                             = 0
8651 [0x7f0f7a49780a] SYS_mmap(0, 0x210848, 5, 2050)                                                                               = 0x7f0f77718000
8651 [0x7f0f7a497857] SYS_mprotect(0x7f0f77728000, 0x1ff000, 0, 2050)                                                              = 0
8651 [0x7f0f7a49780a] SYS_mmap(0x7f0f77927000, 8192, 3, 2066)                                                                      = 0x7f0f77927000
8651 [0x7f0f7a497787] SYS_close(3, 16, 0x7f0f77927d90, 0x6ffffdff)                                                                 = 0
8651 [0x7f0f7a497677] SYS_open(0x7f0f7a690f48, 0x80000, 0, 0x6ffffdff)                                                             = 3
8651 [0x7f0f7a497697] SYS_read(3, 0x7fffca980838, 832, 0x6ffffdff)                                                                 = 832
8651 [0x7f0f7a497604] SYS_fstat(3, 0x7fffca980710, 0x7fffca980710, 16)                                                             = 0
8651 [0x7f0f7a49780a] SYS_mmap(0, 4096, 3, 34)                                                                                     = 0x7f0f7a68f000
8651 [0x7f0f7a49780a] SYS_mmap(0, 0x20acf0, 5, 2050)                                                                               = 0x7f0f7750d000
8651 [0x7f0f7a497857] SYS_mprotect(0x7f0f77518000, 0x1ff000, 0, 2050)                                                              = 0
8651 [0x7f0f7a49780a] SYS_mmap(0x7f0f77717000, 4096, 3, 2066)                                                                      = 0x7f0f77717000
8651 [0x7f0f7a497787] SYS_close(3, 16, 0x7f0f77717750, 0x6ffffdff)                                                                 = 0
8651 [0x7f0f7a497677] SYS_open(0x7f0f7a68f560, 0x80000, 0, 0x7f0f7a693000)                                                         = 3
8651 [0x7f0f7a497697] SYS_read(3, 0x7fffca980808, 832, 0x7f0f7a693000)                                                             = 832
8651 [0x7f0f7a497604] SYS_fstat(3, 0x7fffca9806e0, 0x7fffca9806e0, 32)                                                             = 0
8651 [0x7f0f7a49780a] SYS_mmap(0, 0x2361e0, 5, 2050)                                                                               = 0x7f0f772d6000
8651 [0x7f0f7a497857] SYS_mprotect(0x7f0f772de000, 0x1ff000, 0, 2050)                                                              = 0
8651 [0x7f0f7a49780a] SYS_mmap(0x7f0f774dd000, 8192, 3, 2066)                                                                      = 0x7f0f774dd000
8651 [0x7f0f7a49780a] SYS_mmap(0x7f0f774df000, 0x2d1e0, 3, 50)                                                                     = 0x7f0f774df000
8651 [0x7f0f7a497787] SYS_close(3, 16, 0, 0x6ffffdff)                                                                              = 0
8651 [0x7f0f7a497677] SYS_open(0x7f0f7a68fa30, 0x80000, 0, 0x6ffffdff)                                                             = 3
8651 [0x7f0f7a497697] SYS_read(3, 0x7fffca9807d8, 832, 0x6ffffdff)                                                                 = 832
8651 [0x7f0f7a497604] SYS_fstat(3, 0x7fffca9806b0, 0x7fffca9806b0, 16)                                                             = 0
8651 [0x7f0f7a49780a] SYS_mmap(0, 0x43fe88, 5, 2050)                                                                               = 0x7f0f76e96000
8651 [0x7f0f7a497857] SYS_mprotect(0x7f0f770ab000, 0x200000, 0, 2050)                                                              = 0
8651 [0x7f0f7a49780a] SYS_mmap(0x7f0f772ab000, 0x27000, 3, 2066)                                                                   = 0x7f0f772ab000
8651 [0x7f0f7a49780a] SYS_mmap(0x7f0f772d2000, 0x3e88, 3, 50)                                                                      = 0x7f0f772d2000
8651 [0x7f0f7a497857] SYS_mprotect(0x7fffca982000, 4096, 0x1000007, 4)                                                             = 0
8651 [0x7f0f7a497787] SYS_close(3, 4096, 0x1000007, 4)                                                                             = 0
8651 [0x7f0f7a497677] SYS_open(0x7f0f7a68ffb0, 0x80000, 0, 0x7f0f7a6924d0)                                                         = 3
8651 [0x7f0f7a497697] SYS_read(3, 0x7fffca9807a8, 832, 0x7f0f7a6924d0)                                                             = 832
8651 [0x7f0f7a497604] SYS_fstat(3, 0x7fffca980680, 0x7fffca980680, 16)                                                             = 0
8651 [0x7f0f7a49780a] SYS_mmap(0, 4096, 3, 34)                                                                                     = 0x7f0f7a68e000
8651 [0x7f0f7a49780a] SYS_mmap(0, 0x215730, 5, 2050)                                                                               = 0x7f0f76c80000
8651 [0x7f0f7a497857] SYS_mprotect(0x7f0f76c96000, 0x1ff000, 0, 2050)                                                              = 0
8651 [0x7f0f7a49780a] SYS_mmap(0x7f0f76e95000, 4096, 3, 2066)                                                                      = 0x7f0f76e95000
8651 [0x7f0f7a497787] SYS_close(3, 16, 0x7f0f76e95490, 0x6ffffdff)                                                                 = 0
8651 [0x7f0f7a497677] SYS_open(0x7f0f7a68e4f0, 0x80000, 0, 0x6ffffdff)                                                             = 3
8651 [0x7f0f7a497697] SYS_read(3, 0x7fffca980778, 832, 0x6ffffdff)                                                                 = 832
8651 [0x7f0f7a497604] SYS_fstat(3, 0x7fffca980650, 0x7fffca980650, 32)                                                             = 0
8651 [0x7f0f7a49780a] SYS_mmap(0, 0x2fd148, 5, 2050)                                                                               = 0x7f0f76982000
8651 [0x7f0f7a497857] SYS_mprotect(0x7f0f76a7f000, 0x1ff000, 0, 2050)                                                              = 0
8651 [0x7f0f7a49780a] SYS_mmap(0x7f0f76c7e000, 8192, 3, 2066)                                                                      = 0x7f0f76c7e000
8651 [0x7f0f7a497787] SYS_close(3, 16, 0, 0x6ffffdff)                                                                              = 0
8651 [0x7f0f7a497677] SYS_open(0x7fffca980540, 0x80000, 0, 0x36782f39325f3130)                                                     = -2
8651 [0x7f0f7a4975c5] SYS_stat(0x7fffca980540, 0x7fffca980620, 0x7fffca980620, 0x36782f39325f3130)                                 = -2
8651 [0x7f0f7a497677] SYS_open(0x7fffca980540, 0x80000, 0, 0x36782f39325f3130)                                                     = -2
8651 [0x7f0f7a4975c5] SYS_stat(0x7fffca980540, 0x7fffca980620, 0x7fffca980620, 0x36782f39325f3130)                                 = -2
8651 [0x7f0f7a497677] SYS_open(0x7fffca980540, 0x80000, 0, 0x36782f39325f3130)                                                     = -2
8651 [0x7f0f7a4975c5] SYS_stat(0x7fffca980540, 0x7fffca980620, 0x7fffca980620, 0x36782f39325f3130)                                 = -2
8651 [0x7f0f7a497677] SYS_open(0x7fffca980540, 0x80000, 0, 0x36782f39325f3130)                                                     = -2
8651 [0x7f0f7a4975c5] SYS_stat(0x7fffca980540, 0x7fffca980620, 0x7fffca980620, 0x36782f39325f3130)                                 = -2
8651 [0x7f0f7a497677] SYS_open(0x7f0f7a68edd0, 0x80000, 0, 0x36782f39325f3130)                                                     = 3
8651 [0x7f0f7a497697] SYS_read(3, 0x7fffca980748, 832, 0x36782f39325f3130)                                                         = 832
8651 [0x7f0f7a497604] SYS_fstat(3, 0x7fffca980620, 0x7fffca980620, 16)                                                             = 0
8651 [0x7f0f7a49780a] SYS_mmap(0, 4096, 3, 34)                                                                                     = 0x7f0f7a68d000
8651 [0x7f0f7a49780a] SYS_mmap(0, 0x2f8980, 5, 2050)                                                                               = 0x7f0f76689000
8651 [0x7f0f7a497857] SYS_mprotect(0x7f0f76780000, 0x200000, 0, 2050)                                                              = 0
8651 [0x7f0f7a49780a] SYS_mmap(0x7f0f76980000, 8192, 3, 2066)                                                                      = 0x7f0f76980000
8651 [0x7f0f7a497787] SYS_close(3, 16, 0x7f0f769803a0, 0x6ffffdff)                                                                 = 0
8651 [0x7f0f7a497677] SYS_open(0x7f0f7a68d4c8, 0x80000, 0, 0x6ffffdff)                                                             = 3
8651 [0x7f0f7a497697] SYS_read(3, 0x7fffca980718, 832, 0x6ffffdff)                                                                 = 832
8651 [0x7f0f7a497604] SYS_fstat(3, 0x7fffca9805f0, 0x7fffca9805f0, 16)                                                             = 0
8651 [0x7f0f7a49780a] SYS_mmap(0, 0x2fc9d8, 5, 2050)                                                                               = 0x7f0f7638c000
8651 [0x7f0f7a497857] SYS_mprotect(0x7f0f76487000, 0x200000, 0, 2050)                                                              = 0
8651 [0x7f0f7a49780a] SYS_mmap(0x7f0f76687000, 8192, 3, 2066)                                                                      = 0x7f0f76687000
8651 [0x7f0f7a497787] SYS_close(3, 16, 0x7f0f76688828, 0x6ffffdff)                                                                 = 0
8651 [0x7f0f7a497677] SYS_open(0x7f0f7a68d998, 0x80000, 0, 0x6ffffdff)                                                             = 3
8651 [0x7f0f7a497697] SYS_read(3, 0x7fffca9806e8, 832, 0x6ffffdff)                                                                 = 832
8651 [0x7f0f7a497604] SYS_fstat(3, 0x7fffca9805c0, 0x7fffca9805c0, 16)                                                             = 0
8651 [0x7f0f7a49780a] SYS_mmap(0, 0x242830, 5, 2050)                                                                               = 0x7f0f76149000
8651 [0x7f0f7a497857] SYS_mprotect(0x7f0f7618c000, 0x1ff000, 0, 2050)                                                              = 0
8651 [0x7f0f7a49780a] SYS_mmap(0x7f0f7638b000, 4096, 3, 2066)                                                                      = 0x7f0f7638b000
8651 [0x7f0f7a497787] SYS_close(3, 16, 0x7f0f7638b630, 0x6ffffdff)                                                                 = 0
8651 [0x7f0f7a497677] SYS_open(0x7f0f7a68df70, 0x80000, 0, 0x7f0f7a6949b8)                                                         = 3
8651 [0x7f0f7a497697] SYS_read(3, 0x7fffca9806b8, 832, 0x7f0f7a6949b8)                                                             = 832
8651 [0x7f0f7a497604] SYS_fstat(3, 0x7fffca980590, 0x7fffca980590, 32)                                                             = 0
8651 [0x7f0f7a49780a] SYS_mmap(0, 4096, 3, 34)                                                                                     = 0x7f0f7a68c000
8651 [0x7f0f7a49780a] SYS_mmap(0, 0x203118, 5, 2050)                                                                               = 0x7f0f75f45000
8651 [0x7f0f7a497857] SYS_mprotect(0x7f0f75f47000, 0x200000, 0, 2050)                                                              = 0
8651 [0x7f0f7a49780a] SYS_mmap(0x7f0f76147000, 8192, 3, 2066)                                                                      = 0x7f0f76147000
8651 [0x7f0f7a497787] SYS_close(3, 16, 0x7f0f76147f40, 0x6ffffdff)                                                                 = 0
8651 [0x7f0f7a49780a] SYS_mmap(0, 4096, 3, 34)                                                                                     = 0x7f0f7a68b000
8651 [0x7f0f7a49780a] SYS_mmap(0, 4096, 3, 34)                                                                                     = 0x7f0f7a68a000
8651 [0x7f0f7a49780a] SYS_mmap(0, 8192, 3, 34)                                                                                     = 0x7f0f7a688000
8651 [0x7f0f7a481044] SYS_arch_prctl(4098, 0x7f0f7a688780, 0x7f0f7a689080, 34)                                                     = 0
8651 [0x7f0f7a497857] SYS_mprotect(0x7f0f79dd7000, 0x4000, 1, 1)                                                                   = 0
8651 [0x7f0f7a497857] SYS_mprotect(0x7f0f76147000, 4096, 1, 0x7f0f75f45c68)                                                        = 0
8651 [0x7f0f7a497857] SYS_mprotect(0x7f0f78f7d000, 4096, 1, 0x7f0f78d6b500)                                                        = 0
8651 [0x7f0f7a497857] SYS_mprotect(0x7f0f76c7e000, 4096, 1, 1)                                                                     = 0
8651 [0x7f0f7a497857] SYS_mprotect(0x7f0f774dd000, 4096, 1, 0x7f0f772d6a00)                                                        = 0
8651 [0x7f0f7a497857] SYS_mprotect(0x7f0f79241000, 0x7000, 1, 0x7f0f78fdb810)                                                      = 0
8651 [0x7f0f7a497857] SYS_mprotect(0x7f0f78d64000, 4096, 1, 0x7f0f78b5fd58)                                                        = 0
8651 [0x7f0f7a497857] SYS_mprotect(0x7f0f7a6a0000, 4096, 1, 0)                                                                     = 0
8651 [0x7f0f7a497837] SYS_munmap(0x7f0f7a696000, 0x83b3, 0x6da00, 0)                                                               = 0
8651 [0x7f0f78d6ce92] SYS_set_tid_address(0x7f0f7a688a50, 0x7fffca9826a8, 0x7f0f7a688780, 0)                                       = 8651
8651 [0x7f0f78d6cefa] SYS_set_robust_list(0x7f0f7a688a60, 24, 0x7f0f7a688780, 0)                                                   = 0
8651 [0x7f0f78d76cf5] SYS_rt_sigaction(32, 0x7fffca9823f8, 0, 8)                                                                   = 0
8651 [0x7f0f78d76cf5] SYS_rt_sigaction(33, 0x7fffca9823f8, 0, 8)                                                                   = 0
8651 [0x7f0f78d6cfd6] SYS_rt_sigprocmask(1, 0x7fffca982548, 0, 8)                                                                  = 0
8651 [0x7f0f79b23b17] SYS_getrlimit(3, 0x7fffca9825e0, 63, 1)                                                                      = 0
8651 [0x7f0f78d6cb95] SYS_futex(0x7f0f7924b7e0, 129, 0x7fffffff, 0)                                                                = 0
8651 [0x4009e1] ledctrl->Hal_Led_Set_Mode(4, 4, 0x7f0f79b91c60, 0 <unfinished ...>
8651 [0x7f0f79de7575]   libnhal.so->Hal_Lookup_Hardware_Info(0x7fffca9823d0, 4, 0x7f0f79b91c60, 0 <unfinished ...>
8651 [0x7f0f79b1e557]     SYS_statfs(0x7f0f78d791e8, 0x7fffca9821c0, 0x7f0f78f82310, 1)                                            = 0
8651 [0x7f0f78d6cb95]     SYS_futex(0x7f0f78f82310, 129, 0x7fffffff, 0)                                                            = 0
8651 [0x7f0f79b1e7e0]     SYS_open(0x7fffca9822d0, 0xa0002, 484, 1)                                                                = 3
8651 [0x7f0f79b2772a]     SYS_mmap(0, 220, 3, 1)                                                                                   = 0x7f0f7a69e000
8651 [0x7f0f79b1f070]     SYS_close(3, 220, 3, 1)                                                                                  = 0
8651 [0x7f0f79de67f0]     libnhal.so->Hw_Semaphore_Init(0x7fffca982380, 0x7f0f79de9287, 1, -1 <unfinished ...>
8651 [0x7f0f79b1e405]       SYS_lstat(0x7fffca982230, 0x7fffca982140, 0x7fffca982140, 0)                                           = -2
8651 [0x7f0f78d76510]       SYS_open(0x7fffca982230, 194, 600, 0)                                                                  = 3
8651 [0x7f0f78d75da0]       SYS_write(3, 0x7fffca9822b0, 32, 0)                                                                    = 32
8651 [0x7f0f79b2772a]       SYS_mmap(0, 32, 3, 1)                                                                                  = 0x7f0f7a69d000
8651 [0x7f0f79b201a7]       SYS_link(0x7fffca982230, 0x7fffca982260, 3, 1)                                                         = -17
8651 [0x7f0f79b27757]       SYS_munmap(0x7f0f7a69d000, 32, 3, 1)                                                                   = 0
8651 [0x7f0f79b202c7]       SYS_unlink(0x7fffca982230, 32, 3, 1)                                                                   = 0
8651 [0x7f0f78d75e60]       SYS_close(3, 32, 3, 1)                                                                                 = 0
8651 [0x7f0f78d76510]       SYS_open(0x7fffca982260, 0x20002, 18, 1)                                                               = 3
8651 [0x7f0f79b1e3b4]       SYS_fstat(3, 0x7fffca982190, 0x7fffca982190, 1)                                                        = 0
8651 [0x7f0f79b23f5a]       SYS_brk(0, 0x7f0f79ddb640, 0, -4096)                                                                   = 0xdff000
8651 [0x7f0f79b23f5a]       SYS_brk(0xe20000, 0xdff000, 0xe20000, -4096)                                                           = 0xe20000
8651 [0x7f0f79b2772a]       SYS_mmap(0, 32, 3, 1)                                                                                  = 0x7f0f7a69d000
8651 [0x7f0f78d75e60]       SYS_close(3, 32, 0, 3)                                                                                 = 0
8651 [0x7f0f79de67f0]     <... Hw_Semaphore_Init resumed> )                                                                        = 17
8651 [0x7f0f79de6800]     libnhal.so->Hw_Semaphore_Lock(0x7fffca982380, 32, 0x7f0f7a69d000, -1)                                    = 0
8651 [0x7f0f79de6918]     libnhal.so->Hw_Semaphore_Unlock(0x7fffca982380, 2, 0x7f0f7a69e000, 0)                                    = 0
8651 [0x7f0f79de6924]     libnhal.so->Hw_Semaphore_Release(0x7fffca982380, 128, 0, 0 <unfinished ...>
8651 [0x7f0f79b27757]       SYS_munmap(0x7f0f7a69d000, 32, 0, 1)                                                                   = 0
8651 [0x7f0f79de6924]     <... Hw_Semaphore_Release resumed> )                                                                     = 0
8651 [0x7f0f79de7575]   <... Hal_Lookup_Hardware_Info resumed> )                                                                   = 0
8651 [0x7f0f79de7bf1]   libnhal.so->It87_Set_Led_Blinking(0, 1, 2, -7216 <unfinished ...>
8651 [0x7f0f78137b6d]     libgeneraldrv.so->Hw_Semaphore_Init(0x7fffca982360, 0x7f0f7813a012, 1, 0 <unfinished ...>
8651 [0x7f0f79b1e405]       SYS_lstat(0x7fffca982200, 0x7fffca982110, 0x7fffca982110, 0)                                           = -2
8651 [0x7f0f78d76510]       SYS_open(0x7fffca982200, 194, 600, 0)                                                                  = 3
8651 [0x7f0f78d75da0]       SYS_write(3, 0x7fffca982280, 32, 0)                                                                    = 32
8651 [0x7f0f79b2772a]       SYS_mmap(0, 32, 3, 1)                                                                                  = 0x7f0f7a69d000
8651 [0x7f0f79b201a7]       SYS_link(0x7fffca982200, 0x7fffca982230, 3, 1)                                                         = -17
8651 [0x7f0f79b27757]       SYS_munmap(0x7f0f7a69d000, 32, 3, 1)                                                                   = 0
8651 [0x7f0f79b202c7]       SYS_unlink(0x7fffca982200, 32, 3, 1)                                                                   = 0
8651 [0x7f0f78d75e60]       SYS_close(3, 32, 3, 1)                                                                                 = 0
8651 [0x7f0f78d76510]       SYS_open(0x7fffca982230, 0x20002, 20, 1)                                                               = 3
8651 [0x7f0f79b1e3b4]       SYS_fstat(3, 0x7fffca982160, 0x7fffca982160, 1)                                                        = 0
8651 [0x7f0f79b2772a]       SYS_mmap(0, 32, 3, 1)                                                                                  = 0x7f0f7a69d000
8651 [0x7f0f78d75e60]       SYS_close(3, 32, 0, 1)                                                                                 = 0
8651 [0x7f0f78137b6d]     <... Hw_Semaphore_Init resumed> )                                                                        = 17
8651 [0x7f0f78137b7d]     libgeneraldrv.so->Hw_Semaphore_Lock(0x7fffca982360, 32, 0x7f0f7a69d000, -1)                              = 0
8651 [0x7f0f79b2b6b7]     SYS_ioperm(46, 1, 1, 1)                                                                                  = 0
8651 [0x7f0f79b2b6b7]     SYS_ioperm(46, 1, 0, 1)                                                                                  = 0
8651 [0x7f0f79b2b6b7]     SYS_ioperm(235, 1, 1, 1)                                                                                 = 0
8651 [0x7f0f79b2b6b7]     SYS_ioperm(235, 1, 0, 1)                                                                                 = 0
8651 [0x7f0f79b2b6b7]     SYS_ioperm(46, 1, 1, 1)                                                                                  = 0
8651 [0x7f0f79b2b6b7]     SYS_ioperm(46, 1, 0, 1)                                                                                  = 0
8651 [0x7f0f79b2b6b7]     SYS_ioperm(235, 1, 1, 1)                                                                                 = 0
8651 [0x7f0f79b2b6b7]     SYS_ioperm(235, 1, 0, 1)                                                                                 = 0
8651 [0x7f0f79b2b6b7]     SYS_ioperm(46, 1, 1, 1)                                                                                  = 0
8651 [0x7f0f79b2b6b7]     SYS_ioperm(46, 1, 0, 1)                                                                                  = 0
8651 [0x7f0f79b2b6b7]     SYS_ioperm(235, 1, 1, 1)                                                                                 = 0
8651 [0x7f0f79b2b6b7]     SYS_ioperm(235, 1, 0, 1)                                                                                 = 0
8651 [0x7f0f79b2b6b7]     SYS_ioperm(46, 1, 1, 1)                                                                                  = 0
8651 [0x7f0f79b2b6b7]     SYS_ioperm(46, 1, 0, 1)                                                                                  = 0
8651 [0x7f0f79b2b6b7]     SYS_ioperm(235, 1, 1, 1)                                                                                 = 0
8651 [0x7f0f79b2b6b7]     SYS_ioperm(235, 1, 0, 1)                                                                                 = 0
8651 [0x7f0f79b2b6b7]     SYS_ioperm(46, 1, 1, 1)                                                                                  = 0
8651 [0x7f0f79b2b6b7]     SYS_ioperm(46, 1, 0, 1)                                                                                  = 0
8651 [0x7f0f79b2b6b7]     SYS_ioperm(235, 1, 1, 1)                                                                                 = 0
8651 [0x7f0f79b2b6b7]     SYS_ioperm(235, 1, 0, 1)                                                                                 = 0
8651 [0x7f0f79b2b6b7]     SYS_ioperm(47, 1, 1, 1)                                                                                  = 0
8651 [0x7f0f79b2b6b7]     SYS_ioperm(47, 1, 0, 1)                                                                                  = 0
8651 [0x7f0f79b2b6b7]     SYS_ioperm(235, 1, 1, 1)                                                                                 = 0
8651 [0x7f0f79b2b6b7]     SYS_ioperm(235, 1, 0, 1)                                                                                 = 0
8651 [0x7f0f79b2b6b7]     SYS_ioperm(46, 1, 1, 1)                                                                                  = 0
8651 [0x7f0f79b2b6b7]     SYS_ioperm(46, 1, 0, 1)                                                                                  = 0
8651 [0x7f0f79b2b6b7]     SYS_ioperm(235, 1, 1, 1)                                                                                 = 0
8651 [0x7f0f79b2b6b7]     SYS_ioperm(235, 1, 0, 1)                                                                                 = 0
8651 [0x7f0f79b2b6b7]     SYS_ioperm(47, 1, 1, 1)                                                                                  = 0
8651 [0x7f0f79b2b6b7]     SYS_ioperm(47, 1, 0, 1)                                                                                  = 0
8651 [0x7f0f79b2b6b7]     SYS_ioperm(235, 1, 1, 1)                                                                                 = 0
8651 [0x7f0f79b2b6b7]     SYS_ioperm(235, 1, 0, 1)                                                                                 = 0
8651 [0x7f0f79b2b6b7]     SYS_ioperm(46, 1, 1, 1)                                                                                  = 0
8651 [0x7f0f79b2b6b7]     SYS_ioperm(46, 1, 0, 1)                                                                                  = 0
8651 [0x7f0f79b2b6b7]     SYS_ioperm(235, 1, 1, 1)                                                                                 = 0
8651 [0x7f0f79b2b6b7]     SYS_ioperm(235, 1, 0, 1)                                                                                 = 0
8651 [0x7f0f79b2b6b7]     SYS_ioperm(47, 1, 1, 1)                                                                                  = 0
8651 [0x7f0f79b2b6b7]     SYS_ioperm(47, 1, 0, 1)                                                                                  = 0
8651 [0x7f0f79b2b6b7]     SYS_ioperm(235, 1, 1, 1)                                                                                 = 0
8651 [0x7f0f79b2b6b7]     SYS_ioperm(235, 1, 0, 1)                                                                                 = 0
8651 [0x7f0f79b2b6b7]     SYS_ioperm(46, 1, 1, 1)                                                                                  = 0
8651 [0x7f0f79b2b6b7]     SYS_ioperm(46, 1, 0, 1)                                                                                  = 0
8651 [0x7f0f79b2b6b7]     SYS_ioperm(235, 1, 1, 1)                                                                                 = 0
8651 [0x7f0f79b2b6b7]     SYS_ioperm(235, 1, 0, 1)                                                                                 = 0
8651 [0x7f0f79b2b6b7]     SYS_ioperm(47, 1, 1, 1)                                                                                  = 0
8651 [0x7f0f79b2b6b7]     SYS_ioperm(47, 1, 0, 1)                                                                                  = 0
8651 [0x7f0f79b2b6b7]     SYS_ioperm(235, 1, 1, 1)                                                                                 = 0
8651 [0x7f0f79b2b6b7]     SYS_ioperm(235, 1, 0, 1)                                                                                 = 0
8651 [0x7f0f79b2b6b7]     SYS_ioperm(1733, 1, 1, 1)                                                                                = 0
8651 [0x7f0f79b2b6b7]     SYS_ioperm(1733, 1, 0, 1)                                                                                = 0
8651 [0x7f0f79b2b6b7]     SYS_ioperm(235, 1, 1, 1)                                                                                 = 0
8651 [0x7f0f79b2b6b7]     SYS_ioperm(235, 1, 0, 1)                                                                                 = 0
8651 [0x7f0f79b2b6b7]     SYS_ioperm(1734, 1, 1, 1)                                                                                = 0
8651 [0x7f0f79b2b6b7]     SYS_ioperm(1734, 1, 0, 1)                                                                                = 0
8651 [0x7f0f79b2b6b7]     SYS_ioperm(235, 1, 1, 1)                                                                                 = 0
8651 [0x7f0f79b2b6b7]     SYS_ioperm(235, 1, 0, 1)                                                                                 = 0
8651 [0x7f0f79b2b6b7]     SYS_ioperm(1733, 1, 1, 1)                                                                                = 0
8651 [0x7f0f79b2b6b7]     SYS_ioperm(1733, 1, 0, 1)                                                                                = 0
8651 [0x7f0f79b2b6b7]     SYS_ioperm(235, 1, 1, 1)                                                                                 = 0
8651 [0x7f0f79b2b6b7]     SYS_ioperm(235, 1, 0, 1)                                                                                 = 0
8651 [0x7f0f79b2b6b7]     SYS_ioperm(1734, 1, 1, 1)                                                                                = 0
8651 [0x7f0f79b2b6b7]     SYS_ioperm(1734, 1, 0, 1)                                                                                = 0
8651 [0x7f0f79b2b6b7]     SYS_ioperm(235, 1, 1, 1)                                                                                 = 0
8651 [0x7f0f79b2b6b7]     SYS_ioperm(235, 1, 0, 1)                                                                                 = 0
8651 [0x7f0f79b2b6b7]     SYS_ioperm(46, 1, 1, 1)                                                                                  = 0
8651 [0x7f0f79b2b6b7]     SYS_ioperm(46, 1, 0, 1)                                                                                  = 0
8651 [0x7f0f79b2b6b7]     SYS_ioperm(235, 1, 1, 1)                                                                                 = 0
8651 [0x7f0f79b2b6b7]     SYS_ioperm(235, 1, 0, 1)                                                                                 = 0
8651 [0x7f0f79b2b6b7]     SYS_ioperm(46, 1, 1, 1)                                                                                  = 0
8651 [0x7f0f79b2b6b7]     SYS_ioperm(46, 1, 0, 1)                                                                                  = 0
8651 [0x7f0f79b2b6b7]     SYS_ioperm(235, 1, 1, 1)                                                                                 = 0
8651 [0x7f0f79b2b6b7]     SYS_ioperm(235, 1, 0, 1)                                                                                 = 0
8651 [0x7f0f79b2b6b7]     SYS_ioperm(46, 1, 1, 1)                                                                                  = 0
8651 [0x7f0f79b2b6b7]     SYS_ioperm(46, 1, 0, 1)                                                                                  = 0
8651 [0x7f0f79b2b6b7]     SYS_ioperm(235, 1, 1, 1)                                                                                 = 0
8651 [0x7f0f79b2b6b7]     SYS_ioperm(235, 1, 0, 1)                                                                                 = 0
8651 [0x7f0f79b2b6b7]     SYS_ioperm(46, 1, 1, 1)                                                                                  = 0
8651 [0x7f0f79b2b6b7]     SYS_ioperm(46, 1, 0, 1)                                                                                  = 0
8651 [0x7f0f79b2b6b7]     SYS_ioperm(235, 1, 1, 1)                                                                                 = 0
8651 [0x7f0f79b2b6b7]     SYS_ioperm(235, 1, 0, 1)                                                                                 = 0
8651 [0x7f0f79b2b6b7]     SYS_ioperm(46, 1, 1, 1)                                                                                  = 0
8651 [0x7f0f79b2b6b7]     SYS_ioperm(46, 1, 0, 1)                                                                                  = 0
8651 [0x7f0f79b2b6b7]     SYS_ioperm(235, 1, 1, 1)                                                                                 = 0
8651 [0x7f0f79b2b6b7]     SYS_ioperm(235, 1, 0, 1)                                                                                 = 0
8651 [0x7f0f79b2b6b7]     SYS_ioperm(47, 1, 1, 1)                                                                                  = 0
8651 [0x7f0f79b2b6b7]     SYS_ioperm(47, 1, 0, 1)                                                                                  = 0
8651 [0x7f0f79b2b6b7]     SYS_ioperm(235, 1, 1, 1)                                                                                 = 0
8651 [0x7f0f79b2b6b7]     SYS_ioperm(235, 1, 0, 1)                                                                                 = 0
8651 [0x7f0f79b2b6b7]     SYS_ioperm(46, 1, 1, 1)                                                                                  = 0
8651 [0x7f0f79b2b6b7]     SYS_ioperm(46, 1, 0, 1)                                                                                  = 0
8651 [0x7f0f79b2b6b7]     SYS_ioperm(235, 1, 1, 1)                                                                                 = 0
8651 [0x7f0f79b2b6b7]     SYS_ioperm(235, 1, 0, 1)                                                                                 = 0
8651 [0x7f0f79b2b6b7]     SYS_ioperm(47, 1, 1, 1)                                                                                  = 0
8651 [0x7f0f79b2b6b7]     SYS_ioperm(47, 1, 0, 1)                                                                                  = 0
8651 [0x7f0f79b2b6b7]     SYS_ioperm(235, 1, 1, 1)                                                                                 = 0
8651 [0x7f0f79b2b6b7]     SYS_ioperm(235, 1, 0, 1)                                                                                 = 0
8651 [0x7f0f79b2b6b7]     SYS_ioperm(46, 1, 1, 1)                                                                                  = 0
8651 [0x7f0f79b2b6b7]     SYS_ioperm(46, 1, 0, 1)                                                                                  = 0
8651 [0x7f0f79b2b6b7]     SYS_ioperm(235, 1, 1, 1)                                                                                 = 0
8651 [0x7f0f79b2b6b7]     SYS_ioperm(235, 1, 0, 1)                                                                                 = 0
8651 [0x7f0f79b2b6b7]     SYS_ioperm(47, 1, 1, 1)                                                                                  = 0
8651 [0x7f0f79b2b6b7]     SYS_ioperm(47, 1, 0, 1)                                                                                  = 0
8651 [0x7f0f79b2b6b7]     SYS_ioperm(235, 1, 1, 1)                                                                                 = 0
8651 [0x7f0f79b2b6b7]     SYS_ioperm(235, 1, 0, 1)                                                                                 = 0
8651 [0x7f0f79b2b6b7]     SYS_ioperm(46, 1, 1, 1)                                                                                  = 0
8651 [0x7f0f79b2b6b7]     SYS_ioperm(46, 1, 0, 1)                                                                                  = 0
8651 [0x7f0f79b2b6b7]     SYS_ioperm(235, 1, 1, 1)                                                                                 = 0
8651 [0x7f0f79b2b6b7]     SYS_ioperm(235, 1, 0, 1)                                                                                 = 0
8651 [0x7f0f79b2b6b7]     SYS_ioperm(47, 1, 1, 1)                                                                                  = 0
8651 [0x7f0f79b2b6b7]     SYS_ioperm(47, 1, 0, 1)                                                                                  = 0
8651 [0x7f0f79b2b6b7]     SYS_ioperm(235, 1, 1, 1)                                                                                 = 0
8651 [0x7f0f79b2b6b7]     SYS_ioperm(235, 1, 0, 1)                                                                                 = 0
8651 [0x7f0f79b2b6b7]     SYS_ioperm(46, 1, 1, 1)                                                                                  = 0
8651 [0x7f0f79b2b6b7]     SYS_ioperm(46, 1, 0, 1)                                                                                  = 0
8651 [0x7f0f79b2b6b7]     SYS_ioperm(235, 1, 1, 1)                                                                                 = 0
8651 [0x7f0f79b2b6b7]     SYS_ioperm(235, 1, 0, 1)                                                                                 = 0
8651 [0x7f0f79b2b6b7]     SYS_ioperm(47, 1, 1, 1)                                                                                  = 0
8651 [0x7f0f79b2b6b7]     SYS_ioperm(47, 1, 0, 1)                                                                                  = 0
8651 [0x7f0f79b2b6b7]     SYS_ioperm(235, 1, 1, 1)                                                                                 = 0
8651 [0x7f0f79b2b6b7]     SYS_ioperm(235, 1, 0, 1)                                                                                 = 0
8651 [0x7f0f79b2b6b7]     SYS_ioperm(46, 1, 1, 1)                                                                                  = 0
8651 [0x7f0f79b2b6b7]     SYS_ioperm(46, 1, 0, 1)                                                                                  = 0
8651 [0x7f0f79b2b6b7]     SYS_ioperm(235, 1, 1, 1)                                                                                 = 0
8651 [0x7f0f79b2b6b7]     SYS_ioperm(235, 1, 0, 1)                                                                                 = 0
8651 [0x7f0f79b2b6b7]     SYS_ioperm(47, 1, 1, 1)                                                                                  = 0
8651 [0x7f0f79b2b6b7]     SYS_ioperm(47, 1, 0, 1)                                                                                  = 0
8651 [0x7f0f79b2b6b7]     SYS_ioperm(235, 1, 1, 1)                                                                                 = 0
8651 [0x7f0f79b2b6b7]     SYS_ioperm(235, 1, 0, 1)                                                                                 = 0
8651 [0x7f0f79b2b6b7]     SYS_ioperm(46, 1, 1, 1)                                                                                  = 0
8651 [0x7f0f79b2b6b7]     SYS_ioperm(46, 1, 0, 1)                                                                                  = 0
8651 [0x7f0f79b2b6b7]     SYS_ioperm(235, 1, 1, 1)                                                                                 = 0
8651 [0x7f0f79b2b6b7]     SYS_ioperm(235, 1, 0, 1)                                                                                 = 0
8651 [0x7f0f79b2b6b7]     SYS_ioperm(47, 1, 1, 1)                                                                                  = 0
8651 [0x7f0f79b2b6b7]     SYS_ioperm(47, 1, 0, 1)                                                                                  = 0
8651 [0x7f0f79b2b6b7]     SYS_ioperm(235, 1, 1, 1)                                                                                 = 0
8651 [0x7f0f79b2b6b7]     SYS_ioperm(235, 1, 0, 1)                                                                                 = 0
8651 [0x7f0f79b2b6b7]     SYS_ioperm(46, 1, 1, 1)                                                                                  = 0
8651 [0x7f0f79b2b6b7]     SYS_ioperm(46, 1, 0, 1)                                                                                  = 0
8651 [0x7f0f79b2b6b7]     SYS_ioperm(235, 1, 1, 1)                                                                                 = 0
8651 [0x7f0f79b2b6b7]     SYS_ioperm(235, 1, 0, 1)                                                                                 = 0
8651 [0x7f0f79b2b6b7]     SYS_ioperm(47, 1, 1, 1)                                                                                  = 0
8651 [0x7f0f79b2b6b7]     SYS_ioperm(47, 1, 0, 1)                                                                                  = 0
8651 [0x7f0f79b2b6b7]     SYS_ioperm(235, 1, 1, 1)                                                                                 = 0
8651 [0x7f0f79b2b6b7]     SYS_ioperm(235, 1, 0, 1)                                                                                 = 0
8651 [0x7f0f79b2b6b7]     SYS_ioperm(46, 1, 1, 1)                                                                                  = 0
8651 [0x7f0f79b2b6b7]     SYS_ioperm(46, 1, 0, 1)                                                                                  = 0
8651 [0x7f0f79b2b6b7]     SYS_ioperm(235, 1, 1, 1)                                                                                 = 0
8651 [0x7f0f79b2b6b7]     SYS_ioperm(235, 1, 0, 1)                                                                                 = 0
8651 [0x7f0f79b2b6b7]     SYS_ioperm(47, 1, 1, 1)                                                                                  = 0
8651 [0x7f0f79b2b6b7]     SYS_ioperm(47, 1, 0, 1)                                                                                  = 0
8651 [0x7f0f79b2b6b7]     SYS_ioperm(235, 1, 1, 1)                                                                                 = 0
8651 [0x7f0f79b2b6b7]     SYS_ioperm(235, 1, 0, 1)                                                                                 = 0
8651 [0x7f0f79b2b6b7]     SYS_ioperm(46, 1, 1, 1)                                                                                  = 0
8651 [0x7f0f79b2b6b7]     SYS_ioperm(46, 1, 0, 1)                                                                                  = 0
8651 [0x7f0f79b2b6b7]     SYS_ioperm(235, 1, 1, 1)                                                                                 = 0
8651 [0x7f0f79b2b6b7]     SYS_ioperm(235, 1, 0, 1)                                                                                 = 0
8651 [0x7f0f79b2b6b7]     SYS_ioperm(47, 1, 1, 1)                                                                                  = 0
8651 [0x7f0f79b2b6b7]     SYS_ioperm(47, 1, 0, 1)                                                                                  = 0
8651 [0x7f0f79b2b6b7]     SYS_ioperm(235, 1, 1, 1)                                                                                 = 0
8651 [0x7f0f79b2b6b7]     SYS_ioperm(235, 1, 0, 1)                                                                                 = 0
8651 [0x7f0f79b2b6b7]     SYS_ioperm(46, 1, 1, 1)                                                                                  = 0
8651 [0x7f0f79b2b6b7]     SYS_ioperm(46, 1, 0, 1)                                                                                  = 0
8651 [0x7f0f79b2b6b7]     SYS_ioperm(235, 1, 1, 1)                                                                                 = 0
8651 [0x7f0f79b2b6b7]     SYS_ioperm(235, 1, 0, 1)                                                                                 = 0
8651 [0x7f0f79b2b6b7]     SYS_ioperm(47, 1, 1, 1)                                                                                  = 0
8651 [0x7f0f79b2b6b7]     SYS_ioperm(47, 1, 0, 1)                                                                                  = 0
8651 [0x7f0f79b2b6b7]     SYS_ioperm(235, 1, 1, 1)                                                                                 = 0
8651 [0x7f0f79b2b6b7]     SYS_ioperm(235, 1, 0, 1)                                                                                 = 0
8651 [0x7f0f78137c6b]     libgeneraldrv.so->Hw_Semaphore_Unlock(0x7fffca982360, 1, 0, -1)                                          = 0
8651 [0x7f0f78137c77]     libgeneraldrv.so->Hw_Semaphore_Release(0x7fffca982360, 128, 0, 0 <unfinished ...>
8651 [0x7f0f79b27757]       SYS_munmap(0x7f0f7a69d000, 32, 0, 1)                                                                   = 0
8651 [0x7f0f78137c77]     <... Hw_Semaphore_Release resumed> )                                                                     = 0
8651 [0x7f0f79de7bf1]   <... It87_Set_Led_Blinking resumed> )                                                                      = 0
8651 [0x4009e1] <... Hal_Led_Set_Mode resumed> )                                                                                   = 0
8651 [0x7f0f79a78932] libgeneral.so->Trace_Mem_Destroy()(0x7f0f79790d40, 0, 0xdc63fe2ebfe5d818, 16)                                = 0
8651 [0x7f0f79afb468] SYS_exit_group(0, 60, 0, 0x7f0f79ddea48 <unfinished ...>
8651 [0xffffffffffffffff] +++ exited (status 0) +++
